number,values_0,values_1,datetime_start,datetime_complete,duration,params_c_val,params_input_force,params_k_between_val,params_k_wall_val,params_m_val,params_ridge_alpha,user_attrs_duration_sec,system_attrs_NSGAIISampler:generation,state
1336,29.893352892345387,14.175762612204037,2026-10-06 01:17:17.592951,2026-10-06 01:20:31.918681,0 days 00:03:14.325730,0.14472486883161542,3.42961079489487,78.91305021174706,12.025559114678314,0.009569508337727876,2.328670127015952e-06,194.32563595613465,11,COMPLETE
1337,21.571497630263547,4.891982463412867,2026-10-06 01:17:17.867832,2026-10-06 01:20:28.242890,0 days 00:03:10.375058,0.14472486883161542,46.774203669468385,78.91305021174706,18.49957504695779,0.009569508337727876,2.328670127015952e-06,190.37495177192613,11,COMPLETE
1338,30.54832587005786,1.5647512691033596,2026-10-06 01:17:17.885824,2026-10-06 01:20:29.410648,0 days 00:03:11.524824,0.14472486883161542,31.72561735156506,78.91305021174706,1.8190863578544005,0.01478582612116327,2.328670127015952e-06,191.5247366130352,11,COMPLETE
1339,1.8534212655320623,1.1692969773773423,2026-10-06 01:17:17.925664,2026-10-06 01:20:32.518006,0 days 00:03:14.592342,0.14472486883161542,32.133571428288036,82.11028867024922,1.5797898196189912,0.00806029658632184,3.2097287400481534e-06,194.59225216787308,11,COMPLETE
1340,30.33678780534828,1.2188634856327636,2026-10-06 01:17:18.457103,2026-10-06 01:20:32.140369,0 days 00:03:13.683266,0.02483731508260126,3.42961079489487,78.91305021174706,1.8190863578544005,0.009569508337727876,2.328670127015952e-06,193.68317790795118,11,COMPLETE
1341,15.867308646343002,8.2435246980666,2026-10-06 01:17:18.473661,2026-10-06 01:20:31.584060,0 days 00:03:13.110399,0.6928088531272182,6.28879905307643,78.91305021174706,12.025559114678314,0.016205446913400444,0.008055490421454732,193.11032709712163,11,COMPLETE
1342,26.752469121792966,5.376393643875341,2026-10-06 01:17:18.643678,2026-10-06 01:20:35.350999,0 days 00:03:16.707321,0.7140817093335052,1.8054001832365776,78.91305021174706,12.025559114678314,0.05550864512324408,2.328670127015952e-06,196.70722546614707,11,COMPLETE
1343,1.2507361131207513,1.2656610684047822,2026-10-06 01:17:18.740675,2026-10-06 01:20:31.432148,0 days 00:03:12.691473,0.013347402415498944,48.147926180602234,99.00751447520854,1.7658496078448727,0.01478582612116327,0.0004045387004489123,192.69137067580596,11,COMPLETE
1344,31.445372342935343,16.504664224757644,2026-10-06 01:17:18.924848,2026-10-06 01:20:31.031679,0 days 00:03:12.106831,0.14472486883161542,1.8054001832365776,78.91305021174706,12.025559114678314,0.009569508337727876,2.328670127015952e-06,192.10672755306587,11,COMPLETE
1345,1.985826823591654,1.1708106875172253,2026-10-06 01:17:19.040961,2026-10-06 01:20:30.806747,0 days 00:03:11.765786,0.14472486883161542,46.65115833455933,78.91305021174706,1.8190863578544005,0.007906043308199452,0.00010160998520747449,191.76569104054943,11,COMPLETE
1346,30.24677223918379,16.95454237805794,2026-10-06 01:17:19.675853,2026-10-06 01:20:34.852524,0 days 00:03:15.176671,0.14472486883161542,3.42961079489487,78.91305021174706,18.49957504695779,0.009569508337727876,2.328670127015952e-06,195.17657671496272,11,COMPLETE
1347,12.966544294787841,1.6154367813299488,2026-10-06 01:17:19.691660,2026-10-06 01:20:31.653279,0 days 00:03:11.961619,0.6707519252569772,32.133571428288036,78.91305021174706,16.108266438048474,0.016205446913400444,7.662699979582533,191.9615442189388,11,COMPLETE
1348,19.75843231576752,1.4138682596614651,2026-10-06 01:17:19.695652,2026-10-06 01:20:32.784793,0 days 00:03:13.089141,0.03026418156514838,3.42961079489487,37.53806166381771,72.11032835897271,0.009569508337727876,2.328670127015952e-06,193.08906609704718,11,COMPLETE
1349,30.30895016839578,5.876139598973356,2026-10-06 01:17:19.703656,2026-10-06 01:20:31.296614,0 days 00:03:11.592958,0.14472486883161542,3.42961079489487,55.64953757068711,18.49957504695779,0.024790630872431413,2.328670127015952e-06,191.59286089101806,11,COMPLETE
1350,30.797891108341247,1.4178044708394293,2026-10-06 01:17:19.906674,2026-10-06 01:20:31.908030,0 days 00:03:12.001356,0.14472486883161542,46.65115833455933,99.00751447520854,2.0489784059322336,0.016205446913400444,0.007690928916612578,192.00125630293041,11,COMPLETE
1351,2.4716393024567895,1.2861558092890641,2026-10-06 01:17:20.208511,2026-10-06 01:20:31.536504,0 days 00:03:11.327993,0.08220856673033629,48.147926180602234,1.9948239804596835,12.025559114678314,0.01478582612116327,2.328670127015952e-06,191.3279107697308,11,COMPLETE
1352,31.36700928383657,1.8626179676046921,2026-10-06 01:17:20.428875,2026-10-06 01:20:32.342808,0 days 00:03:11.913933,0.14472486883161542,46.774203669468385,78.91305021174706,1.3798280184278788,0.009569508337727876,2.328670127015952e-06,191.91386197926477,11,COMPLETE
1353,1.515999969292833,1.1985976216013094,2026-10-06 01:17:20.432646,2026-10-06 01:20:30.533579,0 days 00:03:10.100933,0.08220856673033629,6.28879905307643,99.00751447520854,1.7658496078448727,0.009569508337727876,2.328670127015952e-06,190.10083472775295,11,COMPLETE
1354,2.523396748444691,1.52252775340261,2026-10-06 01:17:20.436641,2026-10-06 01:20:36.342722,0 days 00:03:15.906081,0.14472486883161542,47.82438902427401,3.2988325311355675,12.025559114678314,0.009590142710421577,2.328670127015952e-06,195.9060011031106,11,COMPLETE
1355,13.850928918099942,1.2421832445270056,2026-10-06 01:17:20.440645,2026-10-06 01:20:37.633864,0 days 00:03:17.193219,0.011174904341795503,3.42961079489487,85.7034102631403,18.49957504695779,0.009569508337727876,2.328670127015952e-06,197.19311773311347,11,COMPLETE
1356,29.25719860468235,7.5320632302927155,2026-10-06 01:17:20.444641,2026-10-06 01:20:32.047640,0 days 00:03:11.602999,0.05802988233017793,3.42961079489487,78.91305021174706,57.429854875521244,0.009569508337727876,1.0463658045685553e-06,191.60291356872767,11,COMPLETE
1357,25.45199839518586,1.6168480657252362,2026-10-06 01:17:20.448639,2026-10-06 01:20:35.039514,0 days 00:03:14.590875,0.06744081683908011,3.42961079489487,78.91305021174706,13.171044053711157,0.009406258884274878,0.0004045387004489123,194.5907877748832,11,COMPLETE
1358,16.94718484602238,1.218702422542382,2026-10-06 01:17:20.804687,2026-10-06 01:20:34.308605,0 days 00:03:13.503918,0.14472486883161542,3.42961079489487,78.91305021174706,1.7658496078448727,0.009546215020437168,8.543799825679123,193.50384413357824,11,COMPLETE
1359,29.668171251983267,12.504123555424343,2026-10-06 01:17:20.814884,2026-10-06 01:20:33.167004,0 days 00:03:12.352120,0.14472486883161542,3.42961079489487,78.91305021174706,18.49957504695779,0.009569508337727876,0.0009482221502550213,192.35203523701057,11,COMPLETE
1360,22.257881989662117,5.373768699443751,2026-10-06 01:17:20.921661,2026-10-06 01:20:35.588311,0 days 00:03:14.666650,0.41952372072545585,3.42961079489487,78.91305021174706,2.0489784059322336,0.016205446913400444,0.0009482221502550213,194.66655331104994,11,COMPLETE
1361,26.77956799586313,11.109602188882999,2026-10-06 01:17:20.961654,2026-10-06 01:20:34.602108,0 days 00:03:13.640454,0.14472486883161542,3.42961079489487,78.91305021174706,33.705587852946245,0.010056608772144645,0.06672101812662193,193.6403768681921,11,COMPLETE
1362,30.7514347145734,2.4631132336296218,2026-10-06 01:17:21.840964,2026-10-06 01:20:32.689108,0 days 00:03:10.848144,0.14472486883161542,32.133571428288036,78.91305021174706,2.0489784059322336,0.009569508337727876,2.328670127015952e-06,190.8480647308752,11,COMPLETE
1363,,,2026-10-06 01:17:21.844648,2026-10-06 01:17:23.526717,0 days 00:00:01.682069,0.14472486883161542,3.42961079489487,89.61123200940895,72.11032835897271,0.009406258884274878,,,11,PRUNED
1364,19.92659660780017,6.1317746999885205,2026-10-06 01:17:21.848642,2026-10-06 01:20:30.605191,0 days 00:03:08.756549,0.48967816666395225,46.65115833455933,99.00751447520854,18.49957504695779,0.01478582612116327,0.00026285855894701214,188.75645679514855,11,COMPLETE
1365,29.34811057682498,9.303732575884947,2026-10-06 01:17:21.852648,2026-10-06 01:20:30.821333,0 days 00:03:08.968685,0.06765962024711793,3.42961079489487,78.91305021174706,59.99097499270886,0.009569508337727876,2.328670127015952e-06,188.96859127702191,11,COMPLETE
1366,4.822481710657613,1.1673107703579155,2026-10-06 01:17:21.856636,2026-10-06 01:20:32.876806,0 days 00:03:11.020170,0.6040198049165227,6.28879905307643,1.1775727710350392,18.49957504695779,0.07016653871468967,2.1490495030324776e-06,191.0201046951115,11,COMPLETE
1367,,,2026-10-06 01:17:21.860637,2026-10-06 01:17:23.806725,0 days 00:00:01.946088,0.14472486883161542,3.42961079489487,78.91305021174706,24.266778521521623,0.0010159786678033392,,,11,PRUNED
1368,23.035904530332946,6.871368594591521,2026-10-06 01:17:21.864631,2026-10-06 01:20:35.050303,0 days 00:03:13.185672,0.48967816666395225,3.42961079489487,78.91305021174706,2.0489784059322336,0.016205446913400444,0.00010160998520747449,193.18559239571914,11,COMPLETE
1369,30.24677223918379,16.95454237805794,2026-10-06 01:17:21.868660,2026-10-06 01:20:32.612973,0 days 00:03:10.744313,0.14472486883161542,3.42961079489487,78.91305021174706,18.49957504695779,0.009569508337727876,2.328670127015952e-06,190.74423821922392,11,COMPLETE
1370,,,2026-10-06 01:17:21.872636,2026-10-06 01:17:23.937385,0 days 00:00:02.064749,0.5555069055943938,3.42961079489487,78.91305021174706,18.808973665165144,0.0012288298905335322,,,11,PRUNED
1371,29.893352892345387,14.175762612204037,2026-10-06 01:17:21.876641,2026-10-06 01:20:32.754501,0 days 00:03:10.877860,0.14472486883161542,3.42961079489487,78.91305021174706,12.025559114678314,0.009569508337727876,2.328670127015952e-06,190.87778670340776,11,COMPLETE
1372,17.154395000140404,13.25985741881992,2026-10-06 01:17:21.880634,2026-10-06 01:20:32.847736,0 days 00:03:10.967102,0.48967816666395225,8.592867126109049,78.91305021174706,18.49957504695779,0.009569508337727876,0.006260411130540241,190.9670315561816,11,COMPLETE
1373,30.72311065319679,1.5107770957158504,2026-10-06 01:17:21.884643,2026-10-06 01:20:32.869825,0 days 00:03:10.985182,0.14472486883161542,3.42961079489487,78.91305021174706,1.3362527091291736,0.009569508337727876,9.391865709026338e-06,190.98511416418478,11,COMPLETE
1374,3.9102066704876166,1.354700141696806,2026-10-06 01:17:21.888642,2026-10-06 01:20:32.455027,0 days 00:03:10.566385,0.14472486883161542,2.9223383739551085,1.6120448712403632,12.025559114678314,0.009569508337727876,2.328670127015952e-06,190.5663029276766,11,COMPLETE
1375,4.408274916909209,1.4035519309134785,2026-10-06 01:17:21.892639,2026-10-06 01:20:38.796199,0 days 00:03:16.903560,0.6040198049165227,6.28879905307643,1.0307128898085616,18.49957504695779,0.009569508337727876,2.328670127015952e-06,196.9034590101801,11,COMPLETE
1376,29.785133660098733,17.360541335299303,2026-10-06 01:17:21.896647,2026-10-06 01:20:32.068694,0 days 00:03:10.172047,0.14472486883161542,3.42961079489487,89.61123200940895,18.49957504695779,0.009596121382849983,2.328670127015952e-06,190.17196470219642,11,COMPLETE
1377,22.69259773546579,2.259720360991307,2026-10-06 01:17:21.900636,2026-10-06 01:20:34.294542,0 days 00:03:12.393906,0.16177110021459462,17.004978875582324,78.91305021174706,19.125359377444983,0.009951566666266742,2.328670127015952e-06,192.3938304898329,11,COMPLETE
1378,28.17329702270345,1.3496457406580096,2026-10-06 01:17:21.904640,2026-10-06 01:20:34.356381,0 days 00:03:12.451741,0.14472486883161542,4.931077752310868,78.91305021174706,1.7658496078448727,0.009590142710421577,0.06672101812662193,192.4516723412089,11,COMPLETE
1379,15.68343031378949,5.05143268251348,2026-10-06 01:17:21.908637,2026-10-06 01:20:34.111506,0 days 00:03:12.202869,0.14472486883161542,3.42961079489487,31.507649192583326,12.025559114678314,0.009569508337727876,2.9740777316490505,192.20279367780313,11,COMPLETE
1380,30.007308050120066,3.010765646985471,2026-10-06 01:17:21.912637,2026-10-06 01:20:37.335077,0 days 00:03:15.422440,0.14472486883161542,3.42961079489487,78.91305021174706,3.632596542858034,0.009569508337727876,2.328670127015952e-06,195.4223551331088,11,COMPLETE
1381,,,2026-10-06 01:17:21.916641,2026-10-06 01:17:23.532672,0 days 00:00:01.616031,0.14472486883161542,3.42961079489487,78.91305021174706,18.49957504695779,0.002322863637595616,,,11,PRUNED
1382,17.797851910142864,2.1387824458138014,2026-10-06 01:17:21.977664,2026-10-06 01:20:37.423514,0 days 00:03:15.445850,0.14472486883161542,41.23948685969462,68.2709621704498,28.521004463161855,0.01427743591148304,0.00013571136337649982,195.44576466502622,11,COMPLETE
1383,30.215589236217266,15.855136308191822,2026-10-06 01:17:21.985820,2026-10-06 01:20:34.545354,0 days 00:03:12.559534,0.14472486883161542,3.42961079489487,78.91305021174706,14.65876567237549,0.009569508337727876,2.328670127015952e-06,192.55945964809507,11,COMPLETE
1384,21.828160631013425,24.49252304052604,2026-10-06 01:17:21.989638,2026-10-06 01:20:36.553198,0 days 00:03:14.563560,0.6040198049165227,3.42961079489487,78.91305021174706,18.49957504695779,0.009569508337727876,2.328670127015952e-06,194.56347467005253,11,COMPLETE
1385,26.63771841923027,1.4408161569543538,2026-10-06 01:17:21.997639,2026-10-06 01:20:37.298087,0 days 00:03:15.300448,0.14472486883161542,3.42961079489487,78.91305021174706,18.49957504695779,0.08543412518266685,2.328670127015952e-06,195.3003514711745,11,COMPLETE
1386,10.915736002375684,1.3531302282053699,2026-10-06 01:17:22.745694,2026-10-06 01:20:33.507568,0 days 00:03:10.761874,0.14472486883161542,24.901738031815217,99.00751447520854,99.95472971379168,0.01478582612116327,3.2097287400481534e-06,190.7617762121372,11,COMPLETE
1387,16.543093134137763,9.267872117990317,2026-10-06 01:17:23.051696,2026-10-06 01:20:29.374610,0 days 00:03:06.322914,0.5555069055943938,42.1646491267724,78.91305021174706,18.49957504695779,0.009569508337727876,0.00010160998520747449,186.32265125587583,11,COMPLETE
1388,5.04014982643557,1.8082360258691543,2026-10-06 01:17:23.855695,2026-10-06 01:20:34.326010,0 days 00:03:10.470315,0.14472486883161542,3.42961079489487,4.48004521667432,12.025559114678314,0.010356241700286189,2.328670127015952e-06,190.47023875871673,11,COMPLETE
1389,29.84760314919157,16.598373631008545,2026-10-06 01:17:23.863830,2026-10-06 01:20:35.607492,0 days 00:03:11.743662,0.14472486883161542,3.42961079489487,68.2709621704498,18.49957504695779,0.009569508337727876,2.328670127015952e-06,191.74358557583764,11,COMPLETE
1390,27.716502151365567,8.564472971684967,2026-10-06 01:17:23.867649,2026-10-06 01:20:35.134542,0 days 00:03:11.266893,0.5555069055943938,3.42961079489487,78.91305021174706,18.49957504695779,0.04281119486594157,2.328670127015952e-06,191.26681025326252,11,COMPLETE
1391,30.46635377938629,1.3569851877988286,2026-10-06 01:17:24.030060,2026-10-06 01:20:32.307928,0 days 00:03:08.277868,0.14472486883161542,3.42961079489487,78.91305021174706,1.7658496078448727,0.009569508337727876,0.00013571136337649982,188.27778890775517,11,COMPLETE
1392,20.906358520691985,17.11584708898149,2026-10-06 01:17:24.045811,2026-10-06 01:20:34.144230,0 days 00:03:10.098419,0.48967816666395225,3.42961079489487,78.91305021174706,18.808973665165144,0.009569508337727876,0.00010160998520747449,190.09834242705256,11,COMPLETE
1393,21.418049395803546,29.170500515265847,2026-10-06 01:17:24.051647,2026-10-06 01:20:36.606949,0 days 00:03:12.555302,0.6040198049165227,6.28879905307643,78.91305021174706,18.49957504695779,0.009569508337727876,2.328670127015952e-06,192.5552184456028,11,COMPLETE
1394,23.96746190895231,1.1874351037544657,2026-10-06 01:17:25.229690,2026-10-06 01:20:35.386093,0 days 00:03:10.156403,0.14472486883161542,15.683579342474294,78.91305021174706,12.025559114678314,0.07397844204237945,2.328670127015952e-06,190.1563231558539,11,COMPLETE
1395,20.309823834384055,1.7403508005033639,2026-10-06 01:17:25.700843,2026-10-06 01:20:38.568512,0 days 00:03:12.867669,0.5555069055943938,19.178540864441477,89.61123200940895,12.025559114678314,0.01478582612116327,2.328670127015952e-06,192.86757044587284,11,COMPLETE
1396,28.104261133965327,16.409399844812015,2026-10-06 01:19:47.923734,2026-10-06 01:23:04.495748,0 days 00:03:16.572014,0.14472486883161542,1.8054001832365776,33.48731182528338,18.49957504695779,0.009569508337727876,2.328670127015952e-06,196.57191176665947,11,COMPLETE
1397,16.322154386646694,1.4324149092011216,2026-10-06 01:20:25.964059,2026-10-06 01:23:42.609751,0 days 00:03:16.645692,0.5555069055943938,46.65115833455933,78.91305021174706,1.7658496078448727,0.01478582612116327,1.4902391795583967,196.64560087909922,11,COMPLETE
1398,30.506354083015434,1.3574870602165383,2026-10-06 01:20:26.945712,2026-10-06 01:23:39.164536,0 days 00:03:12.218824,0.14472486883161542,3.42961079489487,78.91305021174706,1.8190863578544005,0.009569508337727876,0.00010160998520747449,192.21871722396463,11,COMPLETE
1399,21.571497630263547,4.891982463412867,2026-10-06 01:20:28.560673,2026-10-06 01:23:41.456567,0 days 00:03:12.895894,0.14472486883161542,46.774203669468385,78.91305021174706,18.49957504695779,0.009569508337727876,2.328670127015952e-06,192.8957903799601,11,COMPLETE
1400,25.602973802053093,3.1355048839774153,2026-10-06 01:20:28.598675,2026-10-06 01:23:43.143505,0 days 00:03:14.544830,0.14472486883161542,19.836600960624345,78.91305021174706,12.025559114678314,0.009569508337727876,2.328670127015952e-06,194.5447442382574,11,COMPLETE
1401,30.46635377938629,1.3569851877988286,2026-10-06 01:20:29.241412,2026-10-06 01:23:42.095009,0 days 00:03:12.853597,0.14472486883161542,3.42961079489487,78.91305021174706,1.7658496078448727,0.009569508337727876,0.00013571136337649982,192.8534876559861,11,COMPLETE
1402,28.88690123858644,8.421304696185729,2026-10-06 01:20:29.638229,2026-10-06 01:23:42.890839,0 days 00:03:13.252610,0.0902361208819254,3.42961079489487,78.91305021174706,18.49957504695779,0.009569508337727876,2.328670127015952e-06,193.25250794598833,11,COMPLETE
1403,31.03032255327624,2.173085517020027,2026-10-06 01:20:29.639777,2026-10-06 01:23:43.861734,0 days 00:03:14.221957,0.14472486883161542,45.741044518014796,78.91305021174706,1.8190863578544005,0.009569508337727876,2.328670127015952e-06,194.2218636907637,11,COMPLETE
1404,2.184565149006132,1.1888681403808392,2026-10-06 01:20:29.782050,2026-10-06 01:23:42.332508,0 days 00:03:12.550458,0.14472486883161542,14.109399368994152,1.369316887896953,18.49957504695779,0.03737240228985332,2.328670127015952e-06,192.5503525394015,11,COMPLETE
1405,15.88055851320566,1.2767073526164607,2026-10-06 01:20:30.388683,2026-10-06 01:23:41.670017,0 days 00:03:11.281334,0.14472486883161542,3.42961079489487,89.61123200940895,1.5797898196189912,0.019114863018666786,28.578201119161452,191.28124571964145,11,COMPLETE
1406,27.01276894916635,8.990623555556711,2026-10-06 01:20:30.807211,2026-10-06 01:23:44.863466,0 days 00:03:14.056255,0.46750728663213986,3.42961079489487,99.00751447520854,1.7658496078448727,0.01478582612116327,9.391865709026338e-06,194.0561540769413,11,COMPLETE
1407,30.25009438181498,16.88651255151307,2026-10-06 01:20:30.856829,2026-10-06 01:23:42.918066,0 days 00:03:12.061237,0.14472486883161542,3.42961079489487,78.91305021174706,18.49957504695779,0.009569508337727876,9.391865709026338e-06,192.06115089729428,11,COMPLETE
1408,23.541684840567086,1.298703473250436,2026-10-06 01:20:30.864663,2026-10-06 01:23:45.401784,0 days 00:03:14.537121,0.09814421495137729,8.987478920641044,78.91305021174706,18.49957504695779,0.009569508337727876,0.0009482221502550213,194.53702760161832,11,COMPLETE
1409,,,2026-10-06 01:20:31.480681,2026-10-06 01:20:32.207678,0 days 00:00:00.726997,0.6040198049165227,6.28879905307643,68.2709621704498,1.8190863578544005,0.0032427932644459915,,,11,PRUNED
1410,1.4312199412655269,1.2782962192457354,2026-10-06 01:20:31.627669,2026-10-06 01:23:45.314663,0 days 00:03:13.686994,0.6040198049165227,6.28879905307643,1.5626848186134088,1.8190863578544005,0.01478582612116327,2.328670127015952e-06,193.6868916223757,11,COMPLETE
1411,24.293559357814893,25.182782593238816,2026-10-06 01:20:31.668668,2026-10-06 01:23:47.786056,0 days 00:03:16.117388,0.48967816666395225,3.42961079489487,78.91305021174706,18.49957504695779,0.009569508337727876,2.328670127015952e-06,196.1173012140207,11,COMPLETE
1412,31.445372342935343,16.504664224757644,2026-10-06 01:20:31.713110,2026-10-06 01:23:40.045723,0 days 00:03:08.332613,0.14472486883161542,1.8054001832365776,78.91305021174706,12.025559114678314,0.009569508337727876,2.328670127015952e-06,188.33250775421038,11,COMPLETE
1413,24.606107013468193,1.3620418673088657,2026-10-06 01:20:32.361272,2026-10-06 01:23:46.872884,0 days 00:03:14.511612,0.14472486883161542,3.42961079489487,78.91305021174706,4.34536553109702,0.009569508337727876,0.2021473751096295,194.51154121011496,11,COMPLETE
1414,1.4136646840437872,1.2797665020041178,2026-10-06 01:20:32.447827,2026-10-06 01:23:46.853751,0 days 00:03:14.405924,0.08220856673033629,48.147926180602234,78.91305021174706,18.49957504695779,0.009569508337727876,0.0004045387004489123,194.40584781300277,11,COMPLETE
1415,23.85546407093439,1.5327820097521798,2026-10-06 01:20:32.466670,2026-10-06 01:23:50.388511,0 days 00:03:17.921841,0.14472486883161542,6.405282693199156,78.91305021174706,18.49957504695779,0.009569508337727876,2.328670127015952e-06,197.9217497589998,11,COMPLETE
1416,22.69820911960163,1.9611570610192353,2026-10-06 01:20:32.482668,2026-10-06 01:23:49.603407,0 days 00:03:17.120739,0.13389965096373757,45.22223917291318,89.61123200940895,18.808973665165144,0.01478582612116327,9.391865709026338e-06,197.1206520930864,11,COMPLETE
1417,,,2026-10-06 01:20:32.495668,2026-10-06 01:20:34.344686,0 days 00:00:01.849018,0.6707519252569772,46.103202713211246,78.91305021174706,57.429854875521244,0.0039340523419753625,,,11,PRUNED
1418,21.720917306351655,4.80439658783409,2026-10-06 01:20:32.518314,2026-10-06 01:23:52.754350,0 days 00:03:20.236036,0.14472486883161542,41.314151168077224,78.91305021174706,18.49957504695779,0.009569508337727876,2.328670127015952e-06,200.23593827802688,11,COMPLETE
