number,values_0,values_1,datetime_start,datetime_complete,duration,params_c_val,params_input_force,params_k_between_val,params_k_wall_val,params_m_val,params_ridge_alpha,user_attrs_duration_sec,system_attrs_NSGAIISampler:generation,state
3403,23.9315903105114,24.868391822402085,2026-10-06 02:53:45.260133,2026-10-06 02:56:56.626544,0 days 00:03:11.366411,0.48967816666395225,1.8054001832365776,78.91305021174706,53.19831855856638,0.009569508337727876,2.328670127015952e-06,191.3662960906513,28,COMPLETE
3404,31.069866828774348,18.642804006703685,2026-10-06 02:53:45.449810,2026-10-06 02:56:58.417129,0 days 00:03:12.967319,0.14472486883161542,1.8054001832365776,78.91305021174706,12.025559114678314,0.008698017554316196,2.328670127015952e-06,192.96723456587642,28,COMPLETE
3405,28.68348723100886,23.27375759293587,2026-10-06 02:53:46.380690,2026-10-06 02:56:58.557492,0 days 00:03:12.176802,0.32628396390523695,1.8054001832365776,78.91305021174706,40.2862337213893,0.009569508337727876,2.328670127015952e-06,192.17671858426183,28,COMPLETE
3406,30.610682668197676,20.885615837109384,2026-10-06 02:53:46.650671,2026-10-06 02:56:58.228531,0 days 00:03:11.577860,0.22031827582514427,2.5826334477054016,78.91305021174706,12.025559114678314,0.009569508337727876,2.328670127015952e-06,191.57774703018367,28,COMPLETE
3407,14.82711748453703,1.2611608894565167,2026-10-06 02:53:46.654641,2026-10-06 02:56:58.746383,0 days 00:03:12.091742,0.22031827582514427,2.5826334477054016,78.91305021174706,40.2862337213893,0.008604892091109975,2.328670127015952e-06,192.09165849722922,28,COMPLETE
3408,,,2026-10-06 02:53:46.810803,2026-10-06 02:53:47.522673,0 days 00:00:00.711870,0.14472486883161542,1.8054001832365776,78.91305021174706,18.49957504695779,0.004812512186854637,,,28,PRUNED
3409,16.31843291620263,3.611134204570523,2026-10-06 02:53:47.022789,2026-10-06 02:57:00.800523,0 days 00:03:13.777734,0.22031827582514427,1.8054001832365776,78.91305021174706,40.2862337213893,0.009569508337727876,1.3974113221361741,193.77762561803684,28,COMPLETE
3410,6.378848811549494,1.3898261824590188,2026-10-06 02:53:47.364676,2026-10-06 02:56:56.841875,0 days 00:03:09.477199,0.17534157142392734,10.110265846811856,7.5019658788802195,12.025559114678314,0.008698017554316196,2.328670127015952e-06,189.47708176402375,28,COMPLETE
3411,31.001219460577705,20.546874726373222,2026-10-06 02:53:47.409663,2026-10-06 02:56:58.814832,0 days 00:03:11.405169,0.17534157142392734,1.8054001832365776,78.91305021174706,12.025559114678314,0.008698017554316196,2.328670127015952e-06,191.40507713845,28,COMPLETE
3412,30.61451667631481,4.659710221941899,2026-10-06 02:53:47.534659,2026-10-06 02:57:03.731360,0 days 00:03:16.196701,0.14472486883161542,3.42961079489487,78.91305021174706,50.443544857989494,0.03463343903868386,2.328670127015952e-06,196.1966053931974,28,COMPLETE
3413,21.19507947495114,1.9113666340224356,2026-10-06 02:53:47.569659,2026-10-06 02:57:05.156561,0 days 00:03:17.586902,0.14472486883161542,6.28879905307643,78.91305021174706,20.171321954905455,0.009569508337727876,2.328670127015952e-06,197.58677042881027,28,COMPLETE
3414,,,2026-10-06 02:53:47.577909,2026-10-06 02:53:48.010792,0 days 00:00:00.432883,0.14472486883161542,2.5826334477054016,98.68886886812106,18.49957504695779,0.009569508337727876,,,28,PRUNED
3415,31.445372342935343,16.504664224757644,2026-10-06 02:53:47.585636,2026-10-06 02:56:58.952876,0 days 00:03:11.367240,0.14472486883161542,1.8054001832365776,78.91305021174706,12.025559114678314,0.009569508337727876,2.328670127015952e-06,191.36716109793633,28,COMPLETE
3416,30.43082778397857,22.201395914186243,2026-10-06 02:53:47.589633,2026-10-06 02:57:01.050178,0 days 00:03:13.460545,0.22031827582514427,2.5826334477054016,78.91305021174706,18.49957504695779,0.009569508337727876,2.328670127015952e-06,193.46045342087746,28,COMPLETE
3417,6.979886994631134,1.68216024045141,2026-10-06 02:53:47.597631,2026-10-06 02:57:01.438510,0 days 00:03:13.840879,0.48967816666395225,28.170349527486334,42.1594261833944,53.19831855856638,0.009569508337727876,1.0222831367383009e-05,193.8407870461233,28,COMPLETE
3418,24.26949939663899,23.302687094967634,2026-10-06 02:53:47.601639,2026-10-06 02:56:56.632524,0 days 00:03:09.030885,0.48967816666395225,1.8054001832365776,78.91305021174706,40.2862337213893,0.009569508337727876,2.328670127015952e-06,189.0307894339785,28,COMPLETE
3419,30.18039688718535,19.668522670145265,2026-10-06 02:53:48.092680,2026-10-06 02:57:00.631086,0 days 00:03:12.538406,0.14472486883161542,1.8054001832365776,78.91305021174706,40.29115295108787,0.008698017554316196,2.328670127015952e-06,192.53831615298986,28,COMPLETE
3420,16.275250588261372,2.594381277874454,2026-10-06 02:53:48.295976,2026-10-06 02:56:58.313665,0 days 00:03:10.017689,0.22031827582514427,2.5826334477054016,78.91305021174706,18.49957504695779,0.009569508337727876,3.1511545403976355,190.01760191004723,28,COMPLETE
3421,29.690116803598634,23.760558698073368,2026-10-06 02:53:48.299650,2026-10-06 02:56:58.922945,0 days 00:03:10.623295,0.22031827582514427,1.8054001832365776,78.91305021174706,69.46472546452799,0.009569508337727876,2.328670127015952e-06,190.62320907087997,28,COMPLETE
3422,17.361697781199425,2.9607968057589655,2026-10-06 02:53:48.303630,2026-10-06 02:57:03.846517,0 days 00:03:15.542887,0.48967816666395225,1.8054001832365776,78.91305021174706,4.949274479107639,0.009569508337727876,0.005302144868322934,195.54278937308118,28,COMPLETE
3423,22.85989769437041,26.863535025087565,2026-10-06 02:53:48.329778,2026-10-06 02:56:59.019211,0 days 00:03:10.689433,0.48967816666395225,6.28879905307643,78.91305021174706,18.49957504695779,0.009569508337727876,1.0222831367383009e-05,190.68935225112364,28,COMPLETE
3424,19.146794174239602,7.4692143393081105,2026-10-06 02:53:48.542814,2026-10-06 02:57:02.882809,0 days 00:03:14.339995,0.48967816666395225,36.16033026019996,78.91305021174706,12.025559114678314,0.009569508337727876,1.0222831367383009e-05,194.33991380780935,28,COMPLETE
3425,29.344658012274856,19.196998433782582,2026-10-06 02:53:48.746694,2026-10-06 02:57:02.425503,0 days 00:03:13.678809,0.14472486883161542,2.5826334477054016,78.91305021174706,89.28263597047332,0.009569508337727876,2.328670127015952e-06,193.67871483275667,28,COMPLETE
3426,31.65176046948331,14.543706619925944,2026-10-06 02:53:48.750646,2026-10-06 02:56:58.309112,0 days 00:03:09.558466,0.22031827582514427,1.8054001832365776,78.91305021174706,4.949274479107639,0.009569508337727876,2.328670127015952e-06,189.55837040301412,28,COMPLETE
3427,29.21357809593224,16.31843241874594,2026-10-06 02:53:48.772091,2026-10-06 02:57:01.497047,0 days 00:03:12.724956,0.3401090828369047,3.42961079489487,78.91305021174706,4.949274479107639,0.009569508337727876,2.328670127015952e-06,192.7248740354553,28,COMPLETE
3428,30.45114636910007,19.11504769681806,2026-10-06 02:53:49.491451,2026-10-06 02:57:05.048752,0 days 00:03:15.557301,0.14472486883161542,1.8054001832365776,77.66643899149567,53.19831855856638,0.009569508337727876,1.943351775611158e-06,195.55676492629573,28,COMPLETE
3429,30.49428782441172,10.461088793921865,2026-10-06 02:53:49.629907,2026-10-06 02:57:04.499062,0 days 00:03:14.869155,0.14472486883161542,2.5826334477054016,78.91305021174706,3.673752561307743,0.009569508337727876,2.328670127015952e-06,194.86905345600098,28,COMPLETE
3430,4.8066328842299155,1.226219088620133,2026-10-06 02:53:49.633638,2026-10-06 02:57:03.882108,0 days 00:03:14.248470,0.14472486883161542,13.922716869502137,3.7369569644239067,12.025559114678314,0.04266934387528365,2.328670127015952e-06,194.24838141119108,28,COMPLETE
3431,32.041437532534815,14.626088721426392,2026-10-06 02:53:49.636636,2026-10-06 02:57:01.509624,0 days 00:03:11.872988,0.14472486883161542,1.0100598856645617,78.91305021174706,18.49957504695779,0.009569508337727876,2.328670127015952e-06,191.8729123910889,28,COMPLETE
3432,24.410557103378636,1.2437316693838656,2026-10-06 02:53:49.640628,2026-10-06 02:56:57.396233,0 days 00:03:07.755605,0.01897066224590415,1.8054001832365776,78.91305021174706,12.025559114678314,0.008698017554316196,2.008391701317382e-06,187.7555034593679,28,COMPLETE
3433,31.682805295232832,14.280704758208122,2026-10-06 02:53:49.644633,2026-10-06 02:57:00.641700,0 days 00:03:10.997067,0.22031827582514427,1.8054001832365776,78.91305021174706,4.631002005084291,0.009569508337727876,2.328670127015952e-06,190.99698690790683,28,COMPLETE
3434,30.75763326456805,8.200408861955331,2026-10-06 02:53:49.648632,2026-10-06 02:57:04.267219,0 days 00:03:14.618587,0.06291205029415657,1.8054001832365776,78.91305021174706,12.025559114678314,0.008698017554316196,2.328670127015952e-06,194.61849867505953,28,COMPLETE
3435,32.105448248610195,13.77246817701386,2026-10-06 02:53:49.652635,2026-10-06 02:56:58.393543,0 days 00:03:08.740908,0.14472486883161542,1.8054001832365776,78.91305021174706,4.949274479107639,0.009569508337727876,2.328670127015952e-06,188.74082822026685,28,COMPLETE
3436,23.76336562729592,30.76681939186564,2026-10-06 02:53:49.656626,2026-10-06 02:57:03.070620,0 days 00:03:13.413994,0.48967816666395225,3.42961079489487,78.91305021174706,40.2862337213893,0.009569508337727876,1.4671267453130232e-06,193.4139157589525,28,COMPLETE
3437,,,2026-10-06 02:53:49.660632,2026-10-06 02:53:50.964724,0 days 00:00:01.304092,0.22031827582514427,1.8054001832365776,78.91305021174706,40.2862337213893,0.00641330925932053,,,28,PRUNED
3438,30.24849609065519,17.139923319838516,2026-10-06 02:53:49.664637,2026-10-06 02:57:04.716801,0 days 00:03:15.052164,0.12721047926591894,2.5826334477054016,78.91305021174706,40.2862337213893,0.009569508337727876,2.8934344001115196e-05,195.05207363981754,28,COMPLETE
3439,29.54482823353892,16.073972882392127,2026-10-06 02:53:49.668634,2026-10-06 02:57:01.091993,0 days 00:03:11.423359,0.14472486883161542,3.42961079489487,78.91305021174706,12.025559114678314,0.008698017554316196,1.943351775611158e-06,191.42327257525176,28,COMPLETE
3440,31.62605267685125,17.04516925763458,2026-10-06 02:53:49.719653,2026-10-06 02:57:02.214041,0 days 00:03:12.494388,0.17534157142392734,1.8054001832365776,78.91305021174706,4.949274479107639,0.008698017554316196,2.328670127015952e-06,192.49429153790697,28,COMPLETE
3441,22.181048954817534,1.5065289892324183,2026-10-06 02:53:50.367688,2026-10-06 02:57:06.857627,0 days 00:03:16.489939,0.48480307501533615,48.46267505670533,78.91305021174706,12.303481343464334,0.05113159695112615,0.01469727475593948,196.4898200267926,28,COMPLETE
3442,25.5092785895202,15.314458749701705,2026-10-06 02:53:50.881899,2026-10-06 02:57:04.738682,0 days 00:03:13.856783,0.48480307501533615,3.42961079489487,78.91305021174706,4.949274479107639,0.009569508337727876,2.328670127015952e-06,193.8566938629374,28,COMPLETE
3443,30.588866922314093,12.498742043187143,2026-10-06 02:53:50.884662,2026-10-06 02:57:00.624686,0 days 00:03:09.740024,0.14472486883161542,2.5826334477054016,78.91305021174706,12.025559114678314,0.012868009752879321,2.328670127015952e-06,189.73992230882868,28,COMPLETE
3444,31.141014884601084,16.60275495840135,2026-10-06 02:53:50.888628,2026-10-06 02:57:01.587076,0 days 00:03:10.698448,0.22031827582514427,2.5826334477054016,78.91305021174706,4.949274479107639,0.009569508337727876,2.328670127015952e-06,190.69836990721524,28,COMPLETE
3445,29.506630145867376,8.955757845374213,2026-10-06 02:53:50.892629,2026-10-06 02:57:00.329000,0 days 00:03:09.436371,0.22031827582514427,3.42961079489487,78.91305021174706,2.950147875519095,0.009569508337727876,2.328670127015952e-06,189.43626618385315,28,COMPLETE
3446,30.307714350547563,22.904199665561656,2026-10-06 02:53:50.896632,2026-10-06 02:57:05.993969,0 days 00:03:15.097337,0.22031827582514427,1.8054001832365776,78.91305021174706,40.2862337213893,0.009569508337727876,2.328670127015952e-06,195.09724735002965,28,COMPLETE
3447,25.499192608569935,1.4682819724797984,2026-10-06 02:53:50.900627,2026-10-06 02:56:58.746614,0 days 00:03:07.845987,0.14472486883161542,6.736223675127784,78.91305021174706,12.025559114678314,0.008698017554316196,1.943351775611158e-06,187.8459416492842,28,COMPLETE
3448,30.61673265559375,18.87683444729395,2026-10-06 02:53:50.904637,2026-10-06 02:57:04.857488,0 days 00:03:13.952851,0.14472486883161542,1.8054001832365776,78.91305021174706,40.2862337213893,0.009569508337727876,2.328670127015952e-06,193.9527652761899,28,COMPLETE
3449,29.937523532746518,23.61346696601351,2026-10-06 02:53:51.000832,2026-10-06 02:57:04.649188,0 days 00:03:13.648356,0.22031827582514427,2.5826334477054016,78.91305021174706,35.397938808104236,0.009569508337727876,2.328670127015952e-06,193.6482661170885,28,COMPLETE
3450,29.415695146216922,1.2336072907082543,2026-10-06 02:53:51.004639,2026-10-06 02:57:07.236550,0 days 00:03:16.231911,0.14472486883161542,10.65836571947316,78.91305021174706,4.949274479107639,0.03463343903868386,2.328670127015952e-06,196.23179534403607,28,COMPLETE
3451,1.512465151572218,1.8135648963928868,2026-10-06 02:53:51.008630,2026-10-06 02:57:02.110338,0 days 00:03:11.101708,0.17534157142392734,29.032939828076362,2.245797569214871,18.49957504695779,0.011031837329468634,2.328670127015952e-06,191.10161241795868,28,COMPLETE
3452,6.27146952356735,2.3760915440413415,2026-10-06 02:53:51.012627,2026-10-06 02:57:02.869696,0 days 00:03:11.857069,0.1412232414760969,3.42961079489487,5.560742399916147,12.025559114678314,0.009569508337727876,2.328670127015952e-06,191.85570069402456,28,COMPLETE
3453,31.93711958247069,7.702718630427174,2026-10-06 02:53:51.016628,2026-10-06 02:57:01.358037,0 days 00:03:10.341409,0.14472486883161542,1.8054001832365776,97.61982090990813,6.182683349256731,0.017104947017758547,2.328670127015952e-06,190.3413234371692,28,COMPLETE
3454,29.601566649262573,9.741919920018583,2026-10-06 02:53:51.624692,2026-10-06 02:57:02.806102,0 days 00:03:11.181410,0.3401090828369047,3.42961079489487,78.91305021174706,18.49957504695779,0.03310967208575282,1.4421105123685975e-06,191.18131439294666,28,COMPLETE
3455,16.121667415681376,18.685184398927234,2026-10-06 02:53:52.213859,2026-10-06 02:57:03.008037,0 days 00:03:10.794178,0.3401090828369047,3.42961079489487,17.186068584971697,18.49957504695779,0.009569508337727876,2.328670127015952e-06,190.79408254893497,29,COMPLETE
3456,30.524266702910815,20.99583339635432,2026-10-06 02:53:52.217645,2026-10-06 02:57:01.109433,0 days 00:03:08.891788,0.17534157142392734,1.8054001832365776,78.91305021174706,40.2862337213893,0.009569508337727876,2.328670127015952e-06,188.89169934438542,29,COMPLETE
3457,25.803260505687273,3.370066632536222,2026-10-06 02:53:52.231654,2026-10-06 02:57:03.254780,0 days 00:03:11.023126,0.22031827582514427,1.8054001832365776,78.91305021174706,40.2862337213893,0.008698017554316196,2.328670127015952e-06,191.02303608087823,29,COMPLETE
3458,29.937523532746518,23.61346696601351,2026-10-06 02:53:52.988690,2026-10-06 02:57:05.515558,0 days 00:03:12.526868,0.22031827582514427,2.5826334477054016,78.91305021174706,35.397938808104236,0.009569508337727876,2.328670127015952e-06,192.52677183505148,29,COMPLETE
3459,31.09151750426404,15.496010572402568,2026-10-06 02:53:53.321680,2026-10-06 02:57:03.020476,0 days 00:03:09.698796,0.22031827582514427,1.0100598856645617,78.91305021174706,18.49957504695779,0.009569508337727876,2.328670127015952e-06,189.69871366303414,29,COMPLETE
3460,32.105448248610195,13.77246817701386,2026-10-06 02:53:53.577079,2026-10-06 02:57:03.917372,0 days 00:03:10.340293,0.14472486883161542,1.8054001832365776,78.91305021174706,4.949274479107639,0.009569508337727876,2.328670127015952e-06,190.34020351897925,29,COMPLETE
3461,31.65176046948331,14.543706619925944,2026-10-06 02:54:20.922811,2026-10-06 02:57:30.613378,0 days 00:03:09.690567,0.22031827582514427,1.8054001832365776,78.91305021174706,4.949274479107639,0.009569508337727876,2.328670127015952e-06,189.69044848997146,29,COMPLETE
3462,21.89857746727468,1.2599312835557432,2026-10-06 02:55:36.988710,2026-10-06 02:58:51.816613,0 days 00:03:14.827903,0.14472486883161542,20.728701677904123,15.842494335243615,1.7855721743201338,0.042734061570836764,2.328670127015952e-06,194.82778617087752,29,COMPLETE
3463,30.775732267304583,20.30297797784019,2026-10-06 02:56:56.296698,2026-10-06 03:00:11.965162,0 days 00:03:15.668464,0.22031827582514427,1.8054001832365776,78.91305021174706,18.49957504695779,0.009569508337727876,2.328670127015952e-06,195.66834820900112,29,COMPLETE
3464,29.25430070576196,1.4788026207134535,2026-10-06 02:56:56.874813,2026-10-06 03:00:09.477787,0 days 00:03:12.602974,0.14472486883161542,2.5826334477054016,78.91305021174706,4.949274479107639,0.06162168884351309,2.328670127015952e-06,192.60286600189283,29,COMPLETE
3465,30.004151916639312,22.422537970457935,2026-10-06 02:56:56.927859,2026-10-06 03:00:11.825858,0 days 00:03:14.897999,0.22031827582514427,3.42961079489487,78.91305021174706,18.49957504695779,0.009569508337727876,2.328670127015952e-06,194.8978783879429,29,COMPLETE
3466,13.442215921956313,3.0743697703827872,2026-10-06 02:56:56.931652,2026-10-06 03:00:07.429186,0 days 00:03:10.497534,0.14472486883161542,33.92190053933563,29.7586766187644,18.81759050518774,0.009569508337727876,2.328670127015952e-06,190.49740900285542,29,COMPLETE
3467,29.138263506803185,5.4270515871642635,2026-10-06 02:56:56.996840,2026-10-06 03:00:07.841965,0 days 00:03:10.845125,0.48480307501533615,3.42961079489487,78.91305021174706,46.431764750098004,0.07401316429504434,2.328670127015952e-06,190.8450082228519,29,COMPLETE
3468,19.546277138399866,8.397399395020892,2026-10-06 02:56:57.406915,2026-10-06 03:00:09.366530,0 days 00:03:11.959615,0.48967816666395225,3.42961079489487,78.91305021174706,91.23324949216932,0.009569508337727876,1.4671267453130232e-06,191.95950784580782,29,COMPLETE
3469,2.4737101093698386,1.1845557467664332,2026-10-06 02:56:57.611877,2026-10-06 03:00:11.568048,0 days 00:03:13.956171,0.024717484507964495,6.28879905307643,4.154840454530163,53.19831855856638,0.009569508337727876,0.7084588875540552,193.95607589092106,29,COMPLETE
3470,29.929779728818545,14.528002211448008,2026-10-06 02:56:58.251686,2026-10-06 03:00:08.534861,0 days 00:03:10.283175,0.17534157142392734,3.42961079489487,78.91305021174706,7.704673657496365,0.009569508337727876,2.328670127015952e-06,190.2830524528399,29,COMPLETE
3471,30.61673265559375,18.87683444729395,2026-10-06 02:56:58.553679,2026-10-06 03:00:11.532326,0 days 00:03:12.978647,0.14472486883161542,1.8054001832365776,78.91305021174706,40.2862337213893,0.009569508337727876,2.328670127015952e-06,192.97855694638565,29,COMPLETE
3472,32.04598411423736,15.419411774086326,2026-10-06 02:56:58.590805,2026-10-06 03:00:10.397449,0 days 00:03:11.806644,0.14472486883161542,1.0100598856645617,78.91305021174706,18.49957504695779,0.009569508337727876,1.4671267453130232e-06,191.8065276518464,29,COMPLETE
3473,30.307714350547563,22.904199665561656,2026-10-06 02:56:58.650657,2026-10-06 03:00:15.115414,0 days 00:03:16.464757,0.22031827582514427,1.8054001832365776,78.91305021174706,40.2862337213893,0.009569508337727876,2.328670127015952e-06,196.46466101473197,29,COMPLETE
3474,23.066202119149562,7.383807867627451,2026-10-06 02:56:58.754817,2026-10-06 03:00:12.824770,0 days 00:03:14.069953,0.3664417217894633,37.19376757974735,78.91305021174706,7.054548666200229,0.009569508337727876,1.0222831367383009e-05,194.06986012589186,29,COMPLETE
3475,11.365257573619422,5.851768219679094,2026-10-06 02:56:58.822814,2026-10-06 03:00:13.691485,0 days 00:03:14.868671,0.22031827582514427,3.42961079489487,4.302673529329263,18.49957504695779,0.009569508337727876,2.328670127015952e-06,194.86859330907464,29,COMPLETE
3476,9.131821069803069,2.064901714475931,2026-10-06 02:56:58.901770,2026-10-06 03:00:10.977662,0 days 00:03:12.075892,0.22031827582514427,35.265682450121666,31.918427999949234,40.29115295108787,0.015149003909678216,2.328670127015952e-06,192.0757932192646,29,COMPLETE
3477,24.770948921452295,2.0472258992764427,2026-10-06 02:56:58.930660,2026-10-06 03:00:11.526768,0 days 00:03:12.596108,0.10629643638631275,22.14982626147881,78.91305021174706,12.025559114678314,0.009569508337727876,2.433021042580355,192.59601449081674,29,COMPLETE
3478,25.34606291249516,24.996927872209433,2026-10-06 02:56:58.968653,2026-10-06 03:00:17.007999,0 days 00:03:18.039346,0.22031827582514427,6.28879905307643,78.91305021174706,72.31440654324913,0.009569508337727876,2.328670127015952e-06,198.03924037422985,29,COMPLETE
3479,32.269866730076856,12.23242965890586,2026-10-06 02:56:59.073229,2026-10-06 03:00:14.512605,0 days 00:03:15.439376,0.14472486883161542,1.8054001832365776,78.91305021174706,3.1960868442529304,0.009569508337727876,2.328670127015952e-06,195.4392755436711,29,COMPLETE
3480,16.858616282235012,1.3793720576441875,2026-10-06 02:56:59.076637,2026-10-06 03:00:09.190174,0 days 00:03:10.113537,0.052015589492951236,30.974856438427505,78.91305021174706,4.949274479107639,0.008698017554316196,2.328670127015952e-06,190.11341613112018,29,COMPLETE
3481,28.623107886958916,1.272557934184989,2026-10-06 02:56:59.244685,2026-10-06 03:00:16.832481,0 days 00:03:17.587796,0.14472486883161542,6.28879905307643,78.91305021174706,6.182683349256731,0.017104947017758547,1.0222831367383009e-05,197.58770627016202,29,COMPLETE
3482,23.30903851078997,31.547359901446438,2026-10-06 02:56:59.461683,2026-10-06 03:00:10.014693,0 days 00:03:10.553010,0.48967816666395225,3.42961079489487,78.91305021174706,53.19831855856638,0.009569508337727876,2.328670127015952e-06,190.55289686704054,29,COMPLETE
3483,31.77314134703355,13.529120248514879,2026-10-06 02:56:59.465644,2026-10-06 03:00:12.808046,0 days 00:03:13.342402,0.14472486883161542,1.8054001832365776,71.58520604961373,4.949274479107639,0.009569508337727876,2.328670127015952e-06,193.34230390843004,29,COMPLETE
3484,29.78694992327802,22.989289596406547,2026-10-06 02:56:59.864694,2026-10-06 03:00:12.251497,0 days 00:03:12.386803,0.17534157142392734,1.8054001832365776,78.91305021174706,40.2862337213893,0.008698017554316196,2.328670127015952e-06,192.38670923514292,29,COMPLETE
