number,values_0,values_1,datetime_start,datetime_complete,duration,params_c_val,params_input_force,params_k_between_val,params_k_wall_val,params_m_val,params_ridge_alpha,user_attrs_duration_sec,system_attrs_NSGAIISampler:generation,state
839,12.623246272454347,1.0623152514180876,2026-10-06 00:51:39.712682,2026-10-06 00:54:48.576378,0 days 00:03:08.863696,0.026957304825591197,30.4361881968835,75.08545011892379,8.04634876394084,0.031170084675433928,1.6374091613134125e-05,188.8636155310087,6,COMPLETE
840,31.324825712016057,1.227916042904372,2026-10-06 00:51:39.821685,2026-10-06 00:54:52.722990,0 days 00:03:12.901305,0.14472486883161542,46.774203669468385,78.91305021174706,1.7658496078448727,0.024790630872431413,0.001754171270788285,192.9012182080187,6,COMPLETE
841,28.42479561069113,2.4261381484321887,2026-10-06 00:51:39.852676,2026-10-06 00:54:53.897374,0 days 00:03:14.044698,0.14472486883161542,3.42961079489487,54.6602172125733,3.7504775608803835,0.009569508337727876,2.328670127015952e-06,194.04459185013548,6,COMPLETE
842,29.228244125305345,3.018326994119198,2026-10-06 00:51:39.936676,2026-10-06 00:54:49.110511,0 days 00:03:09.173835,0.14472486883161542,48.147926180602234,77.51383454227101,4.243265729109047,0.009596121382849983,0.0004646845328641408,189.17375841597095,6,COMPLETE
843,30.65871692619483,1.4255079768489938,2026-10-06 00:51:40.486715,2026-10-06 00:54:51.175248,0 days 00:03:10.688533,0.14472486883161542,11.914101316739547,78.91305021174706,2.397828196524546,0.018324378019643817,2.328670127015952e-06,190.68845233181491,6,COMPLETE
844,16.101360795952907,1.5856080825195493,2026-10-06 00:51:40.518663,2026-10-06 00:54:52.349562,0 days 00:03:11.830899,0.8201989004498863,30.4361881968835,75.08545011892379,1.7658496078448727,0.011005204287205276,0.001754171270788285,191.83080971427262,6,COMPLETE
845,29.979939339931736,1.2452252647562172,2026-10-06 00:51:40.596679,2026-10-06 00:54:49.210503,0 days 00:03:08.613824,0.04451256952257735,5.163106132123858,46.546095502334126,1.8190863578544005,0.01478582612116327,0.0002119529307262873,188.61375020211563,6,COMPLETE
846,28.882255468018087,1.2590344008726728,2026-10-06 00:51:41.652693,2026-10-06 00:54:53.036151,0 days 00:03:11.383458,0.1912088840068961,32.133571428288036,83.63462158426863,1.7658496078448727,0.06824977174552374,0.007690928916612578,191.38336694100872,6,COMPLETE
847,26.840627503343864,3.855426125349613,2026-10-06 00:51:42.483686,2026-10-06 00:54:51.898994,0 days 00:03:09.415308,0.14472486883161542,48.147926180602234,77.51383454227101,7.8342206444348275,0.009596121382849983,0.007690928916612578,189.41522914310917,6,COMPLETE
848,16.431424610491998,6.837524769550813,2026-10-06 00:51:43.019704,2026-10-06 00:54:53.465750,0 days 00:03:10.446046,0.8260375030611535,3.42961079489487,78.91305021174706,7.746949202276626,0.01478582612116327,0.00026285855894701214,190.44595454633236,6,COMPLETE
849,25.74473768942702,1.3223137486170553,2026-10-06 00:54:03.569738,2026-10-06 00:57:15.078996,0 days 00:03:11.509258,0.5555069055943938,30.4361881968835,77.51383454227101,7.8342206444348275,0.08461574859897514,1.6374091613134125e-05,191.50915828114375,6,COMPLETE
850,17.822711497782073,11.152226565312901,2026-10-06 00:54:42.090729,2026-10-06 00:57:57.521349,0 days 00:03:15.430620,0.5206349751021522,1.6561528973969994,32.233952817229785,11.364619091105583,0.01478582612116327,3.3976165743800303e-06,195.4305207389407,6,COMPLETE
851,30.222528623680365,1.4421763662957188,2026-10-06 00:54:44.844683,2026-10-06 00:57:59.405834,0 days 00:03:14.561151,0.1912088840068961,8.987478920641044,83.63462158426863,1.7658496078448727,0.016205446913400444,1.6374091613134125e-05,194.56106757419184,7,COMPLETE
852,29.893352892345387,14.175762612204037,2026-10-06 00:54:45.067692,2026-10-06 00:57:59.139707,0 days 00:03:14.072015,0.14472486883161542,3.42961079489487,78.91305021174706,12.025559114678314,0.009569508337727876,2.328670127015952e-06,194.07191607588902,7,COMPLETE
853,,,2026-10-06 00:54:45.127921,2026-10-06 00:54:46.138482,0 days 00:00:01.010561,0.14472486883161542,15.859677991775037,75.08545011892379,3.323181860316004,0.002693313087942259,,,7,PRUNED
854,2.7504778849581575,1.327449349133793,2026-10-06 00:54:45.591680,2026-10-06 00:58:01.784337,0 days 00:03:16.192657,0.14472486883161542,47.6679955194229,4.921011323295632,57.73719368737327,0.009590142710421577,0.001754171270788285,196.19255871791393,7,COMPLETE
855,1.8415477029310563,1.1743034817846463,2026-10-06 00:54:46.165687,2026-10-06 00:57:58.312601,0 days 00:03:12.146914,0.2880553685721488,32.133571428288036,89.61123200940895,4.243265729109047,0.009596121382849983,0.001754171270788285,192.14683087402955,7,COMPLETE
856,22.45094327982468,1.3438262903538296,2026-10-06 00:54:46.313175,2026-10-06 00:57:57.973576,0 days 00:03:11.660401,0.14472486883161542,32.133571428288036,83.63462158426863,1.3952232429901594,0.013593181580386379,61.53395333568532,191.66029443219304,7,COMPLETE
857,28.750741169335946,1.4488599715608697,2026-10-06 00:54:46.340683,2026-10-06 00:57:57.431844,0 days 00:03:11.091161,0.14472486883161542,4.261788934244302,78.91305021174706,3.7504775608803835,0.01478582612116327,0.00010160998520747449,191.09105735179037,7,COMPLETE
858,26.90091624468095,1.251695893564601,2026-10-06 00:54:46.342682,2026-10-06 00:57:58.300658,0 days 00:03:11.957976,0.14472486883161542,11.914101316739547,78.91305021174706,4.895103288469407,0.028979044069793045,0.4415005071597254,191.9578920691274,7,COMPLETE
859,29.701388726726055,1.4566759086465093,2026-10-06 00:54:46.733699,2026-10-06 00:58:00.569456,0 days 00:03:13.835757,0.14472486883161542,46.65115833455933,78.91305021174706,1.8190863578544005,0.01478582612116327,0.06672101812662193,193.83566918130964,7,COMPLETE
860,15.236343670243722,20.036716990311195,2026-10-06 00:54:46.825884,2026-10-06 00:57:55.990561,0 days 00:03:09.164677,0.6040198049165227,6.28879905307643,32.233952817229785,18.49957504695779,0.009569508337727876,2.328670127015952e-06,189.16457546595484,7,COMPLETE
861,29.606439132343656,12.424302264719865,2026-10-06 00:54:47.192676,2026-10-06 00:58:03.762900,0 days 00:03:16.570224,0.14472486883161542,3.42961079489487,77.51383454227101,18.49957504695779,0.009569508337727876,0.0009482221502550213,196.57013207115233,7,COMPLETE
862,27.569099248003624,1.5914773917475102,2026-10-06 00:54:47.306671,2026-10-06 00:58:02.980137,0 days 00:03:15.673466,0.14472486883161542,8.987478920641044,78.91305021174706,7.746949202276626,0.009569508337727876,0.00026285855894701214,195.67338517913595,7,COMPLETE
863,29.734762666323014,1.3289041829803994,2026-10-06 00:54:47.747686,2026-10-06 00:58:00.852068,0 days 00:03:13.104382,0.2880553685721488,32.133571428288036,83.63462158426863,1.7658496078448727,0.03187752373000055,0.0004888384787132523,193.10430743405595,7,COMPLETE
864,29.59875010801694,2.9794421060149374,2026-10-06 00:54:47.979845,2026-10-06 00:58:01.857123,0 days 00:03:13.877278,0.14472486883161542,44.31142725884908,78.91305021174706,3.7504775608803835,0.009569508337727876,0.001754171270788285,193.8771972390823,7,COMPLETE
865,,,2026-10-06 00:54:48.003855,2026-10-06 00:54:48.744701,0 days 00:00:00.740846,0.14472486883161542,27.294563095785854,89.61123200940895,3.7504775608803835,0.0015767011041207138,,,7,PRUNED
866,20.548064575734777,1.8757923761441129,2026-10-06 00:54:48.007652,2026-10-06 00:58:04.908620,0 days 00:03:16.900968,0.13263017868898783,5.474145896347496,75.08545011892379,57.88175275830488,0.04419331415425232,3.507933330744222,196.90088398614898,7,COMPLETE
867,,,2026-10-06 00:54:48.011656,2026-10-06 00:54:49.112815,0 days 00:00:01.101159,0.14472486883161542,39.33831014397166,78.91305021174706,1.3952232429901594,0.001042168811749899,,,7,PRUNED
868,,,2026-10-06 00:54:48.051666,2026-10-06 00:54:49.044698,0 days 00:00:00.993032,0.14472486883161542,10.92219799527441,78.91305021174706,1.8190863578544005,0.0021239863416450985,,,7,PRUNED
869,,,2026-10-06 00:54:48.055643,2026-10-06 00:54:49.185677,0 days 00:00:01.130034,0.2289702449143247,20.213335196982104,89.61123200940895,1.7658496078448727,0.002740958830636387,,,7,PRUNED
870,16.023157427777747,1.4731460987553595,2026-10-06 00:54:48.280862,2026-10-06 00:58:00.137253,0 days 00:03:11.856391,0.7708554034196982,46.65115833455933,78.91305021174706,1.8190863578544005,0.01478582612116327,0.06672101812662193,191.85630269814283,7,COMPLETE
871,18.631894574923503,9.117664371754472,2026-10-06 00:54:48.284648,2026-10-06 00:58:00.243387,0 days 00:03:11.958739,0.5555069055943938,48.147926180602234,77.51383454227101,10.975948848508372,0.009596121382849983,3.3976165743800303e-06,191.9586515482515,7,COMPLETE
872,29.04531441850703,1.3008030984381462,2026-10-06 00:54:48.288643,2026-10-06 00:58:01.785759,0 days 00:03:13.497116,0.1338864078069938,5.163106132123858,83.63462158426863,2.0489784059322336,0.016205446913400444,0.004038586316950702,193.4970383848995,7,COMPLETE
873,22.366064165867986,2.5540033913435853,2026-10-06 00:54:48.445681,2026-10-06 00:58:03.264753,0 days 00:03:14.819072,0.2880553685721488,46.774203669468385,89.61123200940895,18.49957504695779,0.02318738415953621,0.001754171270788285,194.81901947269216,7,COMPLETE
874,16.268015082509113,8.186936300651915,2026-10-06 00:54:48.630675,2026-10-06 00:58:02.397346,0 days 00:03:13.766671,0.877151423556579,3.42961079489487,78.91305021174706,8.570034232131624,0.009569508337727876,0.0004570884671566928,193.76657403307036,7,COMPLETE
875,28.06544668239776,1.2467561696268936,2026-10-06 00:54:49.136673,2026-10-06 00:57:58.273564,0 days 00:03:09.136891,0.04451256952257735,5.163106132123858,46.546095502334126,4.028237788798006,0.01478582612116327,0.0002119529307262873,189.1367900678888,7,COMPLETE
876,29.060404030620482,1.2809488284560926,2026-10-06 00:54:49.204681,2026-10-06 00:58:06.409870,0 days 00:03:17.205189,0.1338864078069938,17.194388739613117,82.11028867024922,1.928465299477958,0.05008864272074093,0.06672101812662193,197.2050913530402,7,COMPLETE
877,0.9502109200983722,1.1294703802563744,2026-10-06 00:54:49.214873,2026-10-06 00:58:04.100125,0 days 00:03:14.885252,0.011389134181351266,30.4361881968835,77.51383454227101,12.47923984228546,0.009596121382849983,2.328670127015952e-06,194.8851802139543,7,COMPLETE
878,1.4880282808230323,1.2581808259658993,2026-10-06 00:54:49.218642,2026-10-06 00:58:01.822990,0 days 00:03:12.604348,0.032011241391721734,46.65115833455933,78.91305021174706,2.5112873538143776,0.01478582612116327,0.06672101812662193,192.60427014809102,7,COMPLETE
879,20.96867038418895,2.535118162463691,2026-10-06 00:54:49.222654,2026-10-06 00:58:01.290095,0 days 00:03:12.067441,0.2880553685721488,46.774203669468385,34.08958612263361,1.7658496078448727,0.009596121382849983,0.001754171270788285,192.06736183306202,7,COMPLETE
880,22.483748642047022,2.5494875044366223,2026-10-06 00:54:49.226658,2026-10-06 00:58:01.136570,0 days 00:03:11.909912,0.48967816666395225,46.774203669468385,83.63462158426863,4.243265729109047,0.016205446913400444,0.004613362329399862,191.90984084503725,7,COMPLETE
881,29.317051768863518,1.9893910476175392,2026-10-06 00:54:49.260006,2026-10-06 00:58:01.793280,0 days 00:03:12.533274,0.1912088840068961,8.987478920641044,77.51383454227101,3.7504775608803835,0.009569508337727876,2.328670127015952e-06,192.53319379501045,7,COMPLETE
882,23.676857260632186,1.646296065990373,2026-10-06 00:54:49.317762,2026-10-06 00:58:04.052281,0 days 00:03:14.734519,0.4687049076771751,32.133571428288036,83.63462158426863,2.0489784059322336,0.016205446913400444,0.004038586316950702,194.7344415159896,7,COMPLETE
883,15.777651127923372,1.7666461801800204,2026-10-06 00:54:49.412696,2026-10-06 00:58:00.339532,0 days 00:03:10.926836,0.48967816666395225,46.28176036293573,78.91305021174706,4.243265729109047,0.016205446913400444,15.732829444906274,190.92675819806755,7,COMPLETE
884,17.18346346040127,11.995265787155112,2026-10-06 00:54:49.547694,2026-10-06 00:58:01.816188,0 days 00:03:12.268494,0.48967816666395225,48.04286199246971,78.91305021174706,18.49957504695779,0.009569508337727876,2.328670127015952e-06,192.26841353392228,7,COMPLETE
885,27.848237145803903,12.16492891313267,2026-10-06 00:54:49.719698,2026-10-06 00:58:04.250393,0 days 00:03:14.530695,0.48967816666395225,3.42961079489487,89.61123200940895,18.49957504695779,0.0272863075382553,3.2097287400481534e-06,194.53061196999624,7,COMPLETE
886,25.383880568995814,2.1704026050058016,2026-10-06 00:54:49.892705,2026-10-06 00:58:03.498178,0 days 00:03:13.605473,0.2880553685721488,30.4361881968835,83.63462158426863,1.7658496078448727,0.009596121382849983,0.26114908229133527,193.60538708418608,7,COMPLETE
887,26.150899844927284,6.1599328397507715,2026-10-06 00:54:50.030834,2026-10-06 00:58:03.266609,0 days 00:03:13.235775,0.14472486883161542,3.42961079489487,78.91305021174706,7.8342206444348275,0.009596121382849983,0.007690928916612578,193.2356930100359,7,COMPLETE
888,20.904885327373545,1.6882597658242477,2026-10-06 00:54:50.182621,2026-10-06 00:58:03.687179,0 days 00:03:13.504558,0.10758379969340308,32.133571428288036,83.63462158426863,24.45012069081238,0.013593181580386379,0.007690928916612578,193.50448315730318,7,COMPLETE
889,23.99367187380988,6.271549698682326,2026-10-06 00:54:50.222992,2026-10-06 00:58:03.264508,0 days 00:03:13.041516,0.2880553685721488,30.4361881968835,77.51383454227101,8.570034232131624,0.009596121382849983,0.001754171270788285,193.0414220658131,7,COMPLETE
890,10.830758293035888,4.627821322457579,2026-10-06 00:54:50.226658,2026-10-06 00:58:03.834413,0 days 00:03:13.607755,0.5555069055943938,46.774203669468385,34.08958612263361,18.49957504695779,0.009596121382849983,0.001754171270788285,193.60767143033445,7,COMPLETE
891,9.846731197347175,8.030928434308999,2026-10-06 00:54:50.230641,2026-10-06 00:57:58.041919,0 days 00:03:07.811278,0.5555069055943938,5.163106132123858,14.719249146245843,69.59849767866419,0.01478582612116327,0.001754171270788285,187.81117506185547,7,COMPLETE
892,23.742727911406725,1.6274230407232555,2026-10-06 00:54:50.235844,2026-10-06 00:58:00.114804,0 days 00:03:09.878960,0.48967816666395225,32.133571428288036,89.61123200940895,2.0489784059322336,0.016205446913400444,0.004038586316950702,189.87886043218896,7,COMPLETE
893,28.915376783452295,2.4454349961685313,2026-10-06 00:54:50.598700,2026-10-06 00:58:00.397520,0 days 00:03:09.798820,0.2880553685721488,32.133571428288036,83.63462158426863,1.7658496078448727,0.009596121382849983,0.001754171270788285,189.79873594129458,7,COMPLETE
894,30.072835969879087,1.2961738651684525,2026-10-06 00:54:50.967677,2026-10-06 00:58:02.334571,0 days 00:03:11.366894,0.08220856673033629,3.42961079489487,78.91305021174706,3.7504775608803835,0.009569508337727876,2.328670127015952e-06,191.36679713102058,7,COMPLETE
895,29.554569797421113,1.7396746815632889,2026-10-06 00:54:51.154834,2026-10-06 00:58:00.637159,0 days 00:03:09.482325,0.14472486883161542,28.032158470446657,78.91305021174706,3.323181860316004,0.01478582612116327,1.5833547229919072e-06,189.48225209722295,7,COMPLETE
896,5.078893313931792,1.0752733206446716,2026-10-06 00:54:51.158654,2026-10-06 00:58:03.527494,0 days 00:03:12.368840,0.1338864078069938,15.859677991775037,1.6363037952524935,1.928465299477958,0.01478582612116327,1.5833547229919072e-06,192.36875796690583,7,COMPLETE
897,31.372689009304406,1.779207192874089,2026-10-06 00:54:51.162646,2026-10-06 00:58:05.238349,0 days 00:03:14.075703,0.14472486883161542,48.147926180602234,77.51383454227101,1.3952232429901594,0.009596121382849983,0.007690928916612578,194.0756234577857,7,COMPLETE
898,8.012147482252349,6.053015779063715,2026-10-06 00:54:51.304819,2026-10-06 00:58:04.785177,0 days 00:03:13.480358,0.48967816666395225,3.42961079489487,5.917621192906481,18.49957504695779,0.009569508337727876,0.001754171270788285,193.48027339810506,7,COMPLETE
899,24.497200450401543,3.1480421920681563,2026-10-06 00:54:51.345711,2026-10-06 00:58:03.885064,0 days 00:03:12.539353,0.48967816666395225,44.45946578995179,89.61123200940895,4.243265729109047,0.016205446913400444,3.3976165743800303e-06,192.53928303578869,7,COMPLETE
900,27.743784908516194,1.7729454900553208,2026-10-06 00:54:51.425128,2026-10-06 00:58:00.454055,0 days 00:03:09.028927,0.16177110021459462,30.4361881968835,54.6602172125733,3.7504775608803835,0.016205446913400444,1.6374091613134125e-05,189.02884957706556,7,COMPLETE
901,1.609403629812769,1.2021684514442315,2026-10-06 00:54:51.906676,2026-10-06 00:58:01.055233,0 days 00:03:09.148557,0.04594259462398602,48.147926180602234,77.51383454227101,12.025559114678314,0.009569508337727876,2.328670127015952e-06,189.14847934106365,7,COMPLETE
902,23.522593676374576,2.2157205799232083,2026-10-06 00:54:52.188863,2026-10-06 00:58:03.042105,0 days 00:03:10.853242,0.48967816666395225,46.774203669468385,83.63462158426863,1.7658496078448727,0.009596121382849983,0.004038586316950702,190.85317069012672,7,COMPLETE
903,30.445861786383478,1.580150754672136,2026-10-06 00:54:52.192652,2026-10-06 00:58:06.778876,0 days 00:03:14.586224,0.14472486883161542,37.14142443246463,82.11028867024922,2.0489784059322336,0.01478582612116327,6.686667878604076e-05,194.5861398470588,7,COMPLETE
904,24.9171897592774,2.0278380472405084,2026-10-06 00:54:52.196645,2026-10-06 00:58:06.735440,0 days 00:03:14.538795,0.48967816666395225,48.04286199246971,77.51383454227101,2.0489784059322336,0.016205446913400444,2.328670127015952e-06,194.53871010942385,7,COMPLETE
905,8.653223353366815,7.207473889667658,2026-10-06 00:54:52.200643,2026-10-06 00:58:05.340119,0 days 00:03:13.139476,0.5555069055943938,16.016182563426263,46.546095502334126,69.59849767866419,0.009569508337727876,1.5774092637654098,193.13939747214317,7,COMPLETE
906,15.640647195258301,1.2895417812569945,2026-10-06 00:54:52.221667,2026-10-06 00:58:05.055552,0 days 00:03:12.833885,0.6707519252569772,20.796966093272456,14.719249146245843,1.7658496078448727,0.03979988842570775,3.3976165743800303e-06,192.83368276664987,7,COMPLETE
907,8.875179994454484,7.647736328101537,2026-10-06 00:54:52.225655,2026-10-06 00:58:01.795883,0 days 00:03:09.570228,0.6707519252569772,5.163106132123858,14.719249146245843,69.59849767866419,0.01478582612116327,0.001754171270788285,189.57015209598467,7,COMPLETE
908,22.84958904403109,2.021729412614745,2026-10-06 00:54:52.548691,2026-10-06 00:58:00.961223,0 days 00:03:08.412532,0.48967816666395225,30.4361881968835,89.61123200940895,4.243265729109047,0.016205446913400444,0.004038586316950702,188.41245721513405,7,COMPLETE
909,16.10162041979793,11.381744233815803,2026-10-06 00:54:52.585960,2026-10-06 00:58:01.668322,0 days 00:03:09.082362,0.5555069055943938,48.147926180602234,78.91305021174706,20.396326259533513,0.009569508337727876,3.3976165743800303e-06,189.08226481219754,7,COMPLETE
910,7.989427734028122,1.2401367536419396,2026-10-06 00:54:53.402865,2026-10-06 00:58:07.193198,0 days 00:03:13.790333,0.13263017868898783,3.42961079489487,4.3204125029416,18.49957504695779,0.0272863075382553,5.071280161362485e-06,193.79024181468412,7,COMPLETE
911,25.832050171444955,1.2135157545223294,2026-10-06 00:54:53.406662,2026-10-06 00:58:07.120198,0 days 00:03:13.713536,0.06705992514139743,5.163106132123858,46.546095502334126,1.8190863578544005,0.01478582612116327,2.6036227943234063,193.71344080986455,7,COMPLETE
912,30.399261087957278,1.530491676947008,2026-10-06 00:54:53.602538,2026-10-06 00:58:05.348626,0 days 00:03:11.746088,0.14472486883161542,32.133571428288036,78.91305021174706,1.7658496078448727,0.01478582612116327,0.001754171270788285,191.74601986724883,7,COMPLETE
913,29.89553247995932,1.2288481522222132,2026-10-06 00:54:53.605653,2026-10-06 00:58:04.321954,0 days 00:03:10.716301,0.040981159106628195,5.163106132123858,78.91305021174706,2.8542431691370616,0.01478582612116327,0.0002119529307262873,190.71622878406197,7,COMPLETE
914,30.487538697659442,1.2824722115618234,2026-10-06 00:54:54.264859,2026-10-06 00:58:04.134076,0 days 00:03:09.869217,0.14472486883161542,46.65115833455933,78.91305021174706,1.8190863578544005,0.0232326269081286,0.06672101812662193,189.86914432886988,7,COMPLETE
915,2.352683771448153,1.1092005926695325,2026-10-06 00:54:54.268657,2026-10-06 00:58:04.939578,0 days 00:03:10.670921,0.5555069055943938,49.648469117372436,1.4217039855292688,20.234191645601783,0.024790630872431413,0.00010160998520747449,190.6708460780792,7,COMPLETE
916,28.363508969366496,1.4027692988904619,2026-10-06 00:54:54.272649,2026-10-06 00:58:03.017994,0 days 00:03:08.745345,0.14472486883161542,8.987478920641044,83.63462158426863,1.8190863578544005,0.01478582612116327,0.06672101812662193,188.74527345690876,7,COMPLETE
917,16.1568266302898,1.4222212215980634,2026-10-06 00:54:54.308667,2026-10-06 00:58:05.142702,0 days 00:03:10.834035,0.8910132472184225,3.42961079489487,89.61123200940895,2.0489784059322336,0.0272863075382553,0.001754171270788285,190.8339510038495,7,COMPLETE
918,0.08817159699476647,1.1925165133948286,2026-10-06 00:57:15.148684,2026-10-06 01:00:26.659529,0 days 00:03:11.510845,0.5555069055943938,1.6561528973969994,89.61123200940895,18.49957504695779,0.009590142710421577,0.00010160998520747449,191.5107400668785,7,COMPLETE
919,8.74337884170073,2.9643246635741978,2026-10-06 00:57:56.293734,2026-10-06 01:01:12.468927,0 days 00:03:16.175193,0.5555069055943938,3.42961079489487,9.565336588485366,18.49957504695779,0.0272863075382553,0.1757751972165161,196.1750978147611,7,COMPLETE
920,19.540761894669348,1.8529855050997677,2026-10-06 00:57:57.500698,2026-10-06 01:01:12.564478,0 days 00:03:15.063780,0.5555069055943938,32.133571428288036,89.61123200940895,18.49957504695779,0.0272863075382553,8.204141616848257e-05,195.06370678078383,7,COMPLETE
921,21.511548325836294,4.723156442806327,2026-10-06 00:57:57.612797,2026-10-06 01:01:06.024738,0 days 00:03:08.411941,0.14472486883161542,48.147926180602234,77.51383454227101,18.49957504695779,0.009569508337727876,2.328670127015952e-06,188.41181879490614,7,COMPLETE
