number,values_0,values_1,datetime_start,datetime_complete,duration,params_c_val,params_input_force,params_k_between_val,params_k_wall_val,params_m_val,params_ridge_alpha,user_attrs_duration_sec,system_attrs_NSGAIISampler:generation,state
5718,21.71126505167497,34.64589212283317,2026-10-06 04:39:51.897852,2026-10-06 04:43:09.718609,0 days 00:03:17.820757,0.48967816666395225,6.28879905307643,78.91305021174706,53.19831855856638,0.009569508337727876,2.328670127015952e-06,197.8206352200359,47,COMPLETE
5719,6.398442178920563,1.1525257400584992,2026-10-06 04:39:51.901650,2026-10-06 04:43:00.963511,0 days 00:03:09.061861,0.01438824102582074,4.95477336878759,78.91305021174706,53.19831855856638,0.009569508337727876,1.4671267453130232e-06,189.06176217086613,47,COMPLETE
5720,31.64327102609817,3.82076357478961,2026-10-06 04:39:51.905626,2026-10-06 04:43:05.987780,0 days 00:03:14.082154,0.14472486883161542,2.5826334477054016,69.88299339188262,12.025559114678314,0.03463343903868386,1.2446212784745538e-06,194.08205082826316,47,COMPLETE
5721,30.014707890677983,12.037422770521413,2026-10-06 04:39:51.919649,2026-10-06 04:43:02.802472,0 days 00:03:10.882823,0.19189241237051688,1.8054001832365776,78.91305021174706,4.949274479107639,0.008698017554316196,0.0015261679609116455,190.88271860498935,47,COMPLETE
5722,1.7823416260091238,1.3516578958418952,2026-10-06 04:39:51.923627,2026-10-06 04:43:03.144593,0 days 00:03:11.220966,0.14472486883161542,48.64028969246917,1.5720868546732996,18.49957504695779,0.009569508337727876,1.2446212784745538e-06,191.22085062088445,47,COMPLETE
5723,31.68285135732367,11.492950223431773,2026-10-06 04:39:52.787682,2026-10-06 04:43:08.061167,0 days 00:03:15.273485,0.18472274745078338,1.8054001832365776,78.91305021174706,2.0203658051097024,0.009569508337727876,2.328670127015952e-06,195.27337141428143,47,COMPLETE
5724,16.50768287850422,1.2993216322413488,2026-10-06 04:39:52.802651,2026-10-06 04:43:02.944302,0 days 00:03:10.141651,0.17534157142392734,1.8054001832365776,78.91305021174706,6.182683349256731,0.008698017554316196,6.605002773310114,190.14154488500208,47,COMPLETE
5725,23.431903985326166,18.72092225572117,2026-10-06 04:39:52.830656,2026-10-06 04:43:05.901528,0 days 00:03:13.070872,0.19189241237051688,1.8054001832365776,22.831403057318752,12.025559114678314,0.008698017554316196,1.4671267453130232e-06,193.07075721304864,47,COMPLETE
5726,28.063097757437777,3.513592352292161,2026-10-06 04:39:52.838633,2026-10-06 04:43:02.244424,0 days 00:03:09.405791,0.14472486883161542,47.10006171160821,78.91305021174706,5.952968767364275,0.009569508337727876,2.108934163128921e-06,189.40566457388923,47,COMPLETE
5727,22.526586724295935,4.53090803228681,2026-10-06 04:39:52.842643,2026-10-06 04:43:01.665518,0 days 00:03:08.822875,0.14472486883161542,35.706583022417966,78.91305021174706,17.444176692293013,0.009569508337727876,1.2446212784745538e-06,188.82277790317312,47,COMPLETE
5728,1.6999785472174918,1.204087605508764,2026-10-06 04:39:52.846626,2026-10-06 04:43:08.656333,0 days 00:03:15.809707,0.419007027175139,17.807948277375594,78.91305021174706,7.704673657496365,0.008698017554316196,1.0746247031029727e-06,195.80959375714883,47,COMPLETE
5729,25.903614692646357,6.9341779011699956,2026-10-06 04:39:52.858642,2026-10-06 04:43:06.580728,0 days 00:03:13.722086,0.24846955986018307,49.37977755492473,78.91305021174706,6.182683349256731,0.009569508337727876,1.4671267453130232e-06,193.7219711029902,47,COMPLETE
5730,24.87197571829993,3.4857448262272603,2026-10-06 04:39:52.994845,2026-10-06 04:43:05.137202,0 days 00:03:12.142357,0.19189241237051688,18.617715680660407,78.91305021174706,12.025559114678314,0.009569508337727876,1.4671267453130232e-06,192.14223110536113,47,COMPLETE
5731,15.26925201368843,1.319243827920559,2026-10-06 04:39:53.012651,2026-10-06 04:43:02.805234,0 days 00:03:09.792583,0.19189241237051688,1.8054001832365776,78.91305021174706,18.49957504695779,0.008698017554316196,26.61513824219065,189.79248338378966,47,COMPLETE
5732,,,2026-10-06 04:39:53.897682,2026-10-06 04:39:55.037746,0 days 00:00:01.140064,0.14472486883161542,1.0100598856645617,78.91305021174706,12.025559114678314,0.001741524747740565,,,48,PRUNED
5733,,,2026-10-06 04:39:54.144672,2026-10-06 04:39:54.646759,0 days 00:00:00.502087,0.14472486883161542,12.697855820740564,78.91305021174706,54.96573458303931,0.008698017554316196,,,48,PRUNED
5734,29.8663264487135,1.9256769168226926,2026-10-06 04:39:54.568870,2026-10-06 04:43:08.463396,0 days 00:03:13.894526,0.02083305113394616,1.0100598856645617,78.91305021174706,61.24010811745183,0.008698017554316196,2.4668189790717303e-06,193.8944224207662,48,COMPLETE
5735,28.525878046078855,10.511346301796827,2026-10-06 04:39:54.572644,2026-10-06 04:43:05.980382,0 days 00:03:11.407738,0.22031827582514427,1.0100598856645617,46.25532652792122,2.5931783094816834,0.009569508337727876,2.328670127015952e-06,191.40763157280162,48,COMPLETE
5736,33.15072549952123,3.438517429646824,2026-10-06 04:39:54.576627,2026-10-06 04:43:06.700147,0 days 00:03:12.123520,0.14472486883161542,1.0100598856645617,78.91305021174706,12.025559114678314,0.03463343903868386,1.2446212784745538e-06,192.12340072076768,48,COMPLETE
5737,19.30187920085303,25.491893277749906,2026-10-06 04:39:54.580626,2026-10-06 04:43:07.496579,0 days 00:03:12.915953,0.48967816666395225,3.42961079489487,52.391749571639245,53.19831855856638,0.009569508337727876,1.4671267453130232e-06,192.9158645318821,48,COMPLETE
5738,14.645613839242728,1.272689689315536,2026-10-06 04:39:54.584626,2026-10-06 04:43:08.061276,0 days 00:03:13.476650,0.19189241237051688,1.8054001832365776,78.91305021174706,18.49957504695779,0.008698017554316196,66.59207972190943,193.47659957129508,48,COMPLETE
5739,28.80892443431004,25.599017529133974,2026-10-06 04:39:54.661232,2026-10-06 04:43:03.499080,0 days 00:03:08.837848,0.2918907020150273,4.014839763781616,78.91305021174706,18.49957504695779,0.009569508337727876,1.2446212784745538e-06,188.83771766675636,48,COMPLETE
5740,29.6105927979834,13.952784841424915,2026-10-06 04:39:55.427684,2026-10-06 04:43:02.728094,0 days 00:03:07.300410,0.17534157142392734,1.8054001832365776,78.91305021174706,35.397938808104236,0.009569508337727876,0.0003393751382465676,187.30029659206048,48,COMPLETE
5741,29.021657446567758,23.273503816932248,2026-10-06 04:39:55.514817,2026-10-06 04:43:07.301463,0 days 00:03:11.786646,0.22031827582514427,1.8054001832365776,78.91305021174706,35.397938808104236,0.008698017554316196,1.0746247031029727e-06,191.78653898881748,48,COMPLETE
5742,29.21184574786297,22.24880174395815,2026-10-06 04:39:55.578655,2026-10-06 04:43:04.953726,0 days 00:03:09.375071,0.18472274745078338,3.42961079489487,78.91305021174706,53.19831855856638,0.009569508337727876,1.4671267453130232e-06,189.3749533900991,48,COMPLETE
5743,31.23918357851415,7.459424583901531,2026-10-06 04:39:55.583638,2026-10-06 04:43:01.781682,0 days 00:03:06.198044,0.17534157142392734,1.8054001832365776,78.91305021174706,1.051123518286922,0.009569508337727876,2.328670127015952e-06,186.19791466696188,48,COMPLETE
5744,13.496429313841404,1.7935501509847742,2026-10-06 04:39:55.777690,2026-10-06 04:43:07.496676,0 days 00:03:11.718986,0.18472274745078338,13.492762640456224,78.91305021174706,18.49957504695779,0.008698017554316196,87.49440381292986,191.71892925258726,48,COMPLETE
5745,14.395364828961721,3.236882046001254,2026-10-06 04:39:56.365690,2026-10-06 04:43:04.617253,0 days 00:03:08.251563,0.3401090828369047,23.49913862305128,80.97346391189345,34.364172694853856,0.009569508337727876,0.0006818552661543942,188.25145777966827,48,COMPLETE
5746,31.48887631456332,10.864178896154765,2026-10-06 04:39:56.875861,2026-10-06 04:43:08.366630,0 days 00:03:11.490769,0.18472274745078338,1.8054001832365776,78.91305021174706,1.5334520495555175,0.009569508337727876,2.328670127015952e-06,191.4906672379002,48,COMPLETE
5747,31.001219460577705,20.546874726373222,2026-10-06 04:39:56.879651,2026-10-06 04:43:09.600524,0 days 00:03:12.720873,0.17534157142392734,1.8054001832365776,78.91305021174706,12.025559114678314,0.008698017554316196,2.328670127015952e-06,192.72076664492488,48,COMPLETE
5748,30.997628600142395,14.745940965070043,2026-10-06 04:39:57.414670,2026-10-06 04:43:08.160586,0 days 00:03:10.745916,0.18472274745078338,1.8054001832365776,78.91305021174706,12.025559114678314,0.011769296843616465,2.328670127015952e-06,190.7458213190548,48,COMPLETE
5749,25.432292353501005,8.026139955636003,2026-10-06 04:39:58.180697,2026-10-06 04:43:07.856764,0 days 00:03:09.676067,0.18790156005873337,35.677686971911655,78.91305021174706,7.887915108236473,0.008698017554316196,1.4671267453130232e-06,189.67593023041263,48,COMPLETE
5750,0.08403144568157854,1.2115744571808515,2026-10-06 04:39:59.096712,2026-10-06 04:43:07.011503,0 days 00:03:07.914791,0.2918907020150273,1.0100598856645617,78.91305021174706,7.704673657496365,0.008427389680790343,1.4671267453130232e-06,187.91468985425308,48,COMPLETE
5751,18.184554651305113,1.4356062197923136,2026-10-06 04:40:24.196712,2026-10-06 04:43:37.670685,0 days 00:03:13.473973,0.35349415915446786,8.602595788059867,78.91305021174706,6.182683349256731,0.009569508337727876,0.0579267962715972,193.4738294458948,48,COMPLETE
5752,22.557089548132463,1.5534558663018014,2026-10-06 04:40:28.716683,2026-10-06 04:43:45.735259,0 days 00:03:17.018576,0.14472486883161542,1.0100598856645617,78.91305021174706,4.949274479107639,0.008698017554316196,0.07737770565427808,197.01844107266515,48,COMPLETE
5753,31.16996980023949,5.957426083484891,2026-10-06 04:41:02.085691,2026-10-06 04:44:12.791564,0 days 00:03:10.705873,0.05801657960055615,1.8054001832365776,78.91305021174706,8.858210845255327,0.009569508337727876,1.4671267453130232e-06,190.70574063202366,48,COMPLETE
5754,32.1839863441959,13.782547563191086,2026-10-06 04:41:05.639035,2026-10-06 04:44:18.674166,0 days 00:03:13.035131,0.17534157142392734,1.0100598856645617,78.91305021174706,6.182683349256731,0.008698017554316196,2.328670127015952e-06,193.03499181987718,48,COMPLETE
5755,15.477056606489649,1.3128588699193346,2026-10-06 04:41:08.300838,2026-10-06 04:44:20.261297,0 days 00:03:11.960459,0.35349415915446786,1.0100598856645617,78.91305021174706,24.89349094954411,0.01752039299321247,0.3597636822836345,191.96033554710448,48,COMPLETE
5756,22.88471015186933,21.11607625529372,2026-10-06 04:41:46.429991,2026-10-06 04:45:02.224800,0 days 00:03:15.794809,0.22031827582514427,2.5826334477054016,31.489606892323522,45.605935248059524,0.009569508337727876,2.328670127015952e-06,195.79468437004834,48,COMPLETE
5757,21.52058770648653,32.590519045181125,2026-10-06 04:42:59.386860,2026-10-06 04:46:11.015516,0 days 00:03:11.628656,0.48967816666395225,6.28879905307643,78.91305021174706,53.19831855856638,0.009569508337727876,2.034279476217532e-05,191.62851427402347,48,COMPLETE
5758,25.081650599172356,2.2464384512113047,2026-10-06 04:43:00.189010,2026-10-06 04:46:13.226637,0 days 00:03:13.037627,0.17534157142392734,11.56054295933478,78.91305021174706,10.111387187896547,0.008698017554316196,1.4671267453130232e-06,193.03751115733758,48,COMPLETE
5759,16.06673215908025,10.245203713860857,2026-10-06 04:43:00.436840,2026-10-06 04:46:14.465680,0 days 00:03:14.028840,0.3401090828369047,3.42961079489487,78.91305021174706,53.19831855856638,0.009569508337727876,0.9399566835391685,194.0287031373009,48,COMPLETE
5760,29.974115908362755,21.963421401863677,2026-10-06 04:43:00.738823,2026-10-06 04:46:12.525943,0 days 00:03:11.787120,0.18472274745078338,2.5826334477054016,78.91305021174706,45.605935248059524,0.009569508337727876,2.328670127015952e-06,191.78697598399594,48,COMPLETE
5761,30.739764586610526,1.301064667059677,2026-10-06 04:43:00.882851,2026-10-06 04:46:10.846342,0 days 00:03:09.963491,0.14472486883161542,46.84775338022445,78.91305021174706,2.5931783094816834,0.024634876742957466,1.4671267453130232e-06,189.96335553610697,48,COMPLETE
5762,17.805918271657294,11.822184624281274,2026-10-06 04:43:01.136171,2026-10-06 04:46:13.519620,0 days 00:03:12.383449,0.17534157142392734,6.28879905307643,78.91305021174706,53.19831855856638,0.009569508337727876,2.8418008351992654,192.38331993017346,48,COMPLETE
5763,33.085456367001754,2.980766006496294,2026-10-06 04:43:01.598865,2026-10-06 04:46:15.864151,0 days 00:03:14.265286,0.14472486883161542,1.0100598856645617,78.91305021174706,7.704673657496365,0.03463343903868386,1.2446212784745538e-06,194.2651825598441,48,COMPLETE
5764,31.795706530011877,5.9958010295940385,2026-10-06 04:43:01.602655,2026-10-06 04:46:12.785099,0 days 00:03:11.182444,0.06441798531902292,1.0100598856645617,40.79377911739683,4.949274479107639,0.009569508337727876,2.111229077206401e-05,191.18231337470934,48,COMPLETE
5765,24.838572425106808,31.251432408156305,2026-10-06 04:43:01.606629,2026-10-06 04:46:13.896027,0 days 00:03:12.289398,0.35349415915446786,4.95477336878759,80.97346391189345,53.19831855856638,0.009569508337727876,1.4671267453130232e-06,192.28929291898385,48,COMPLETE
5766,31.62605267685125,17.04516925763458,2026-10-06 04:43:01.610628,2026-10-06 04:46:16.167690,0 days 00:03:14.557062,0.17534157142392734,1.8054001832365776,78.91305021174706,4.949274479107639,0.008698017554316196,2.328670127015952e-06,194.5569582390599,48,COMPLETE
5767,31.409277671438257,1.8249322159794952,2026-10-06 04:43:01.813851,2026-10-06 04:46:16.073499,0 days 00:03:14.259648,0.06441798531902292,1.0100598856645617,78.91305021174706,12.025559114678314,0.026498921280216452,0.0001035282343701878,194.25953465886414,48,COMPLETE
5768,29.863157472604417,23.502180775141603,2026-10-06 04:43:01.817645,2026-10-06 04:46:20.354966,0 days 00:03:18.537321,0.2094679520271134,2.2210957333653845,78.91305021174706,53.19831855856638,0.009569508337727876,1.4671267453130232e-06,198.5371992182918,48,COMPLETE
5769,,,2026-10-06 04:43:01.821627,2026-10-06 04:43:02.665902,0 days 00:00:00.844275,0.17534157142392734,20.10055551282091,78.91305021174706,6.182683349256731,0.003907582045859409,,,48,PRUNED
5770,31.05456490580937,19.980222863897055,2026-10-06 04:43:02.292687,2026-10-06 04:46:13.758538,0 days 00:03:11.465851,0.19189241237051688,1.8054001832365776,78.91305021174706,18.49957504695779,0.00978505718405828,1.4671267453130232e-06,191.4657310480252,48,COMPLETE
5771,32.35139511033228,14.074195075963036,2026-10-06 04:43:02.349721,2026-10-06 04:46:13.930772,0 days 00:03:11.581051,0.14472486883161542,1.0100598856645617,78.91305021174706,12.025559114678314,0.009569508337727876,1.2446212784745538e-06,191.58098293282092,48,COMPLETE
5772,0.09506267037508453,1.2368326670694074,2026-10-06 04:43:03.000001,2026-10-06 04:46:17.115740,0 days 00:03:14.115739,0.4038412226404573,1.8054001832365776,78.91305021174706,18.49957504695779,0.008698017554316196,1.4671267453130232e-06,194.11562477471307,48,COMPLETE
5773,32.42094431665409,13.60333540474426,2026-10-06 04:43:03.003650,2026-10-06 04:46:16.402525,0 days 00:03:13.398875,0.1269892283627391,1.0100598856645617,69.16329565667773,8.858210845255327,0.008698017554316196,1.4671267453130232e-06,193.39875198388472,48,COMPLETE
5774,32.35139511033228,14.074195075963036,2026-10-06 04:43:03.007627,2026-10-06 04:46:15.365824,0 days 00:03:12.358197,0.14472486883161542,1.0100598856645617,78.91305021174706,12.025559114678314,0.009569508337727876,1.2446212784745538e-06,192.3581016403623,48,COMPLETE
5775,30.086562699237483,17.911395021385644,2026-10-06 04:43:03.011622,2026-10-06 04:46:16.090245,0 days 00:03:13.078623,0.2918907020150273,3.42961079489487,78.91305021174706,4.949274479107639,0.009569508337727876,1.4671267453130232e-06,193.07852642098442,48,COMPLETE
5776,29.757068540536856,1.8734069900241481,2026-10-06 04:43:03.015631,2026-10-06 04:46:19.193548,0 days 00:03:16.177917,0.14472486883161542,1.8054001832365776,78.91305021174706,12.025559114678314,0.06088550324487047,1.2446212784745538e-06,196.17779950983822,48,COMPLETE
5777,8.679352450988876,1.2629619751665548,2026-10-06 04:43:03.019634,2026-10-06 04:46:14.301024,0 days 00:03:11.281390,0.011355416027558265,1.0100598856645617,2.398957668319993,2.552186506230116,0.009569508337727876,2.328670127015952e-06,191.281284741126,48,COMPLETE
5778,27.256062338381618,1.6477305402081308,2026-10-06 04:43:03.023623,2026-10-06 04:46:16.193522,0 days 00:03:13.169899,0.17534157142392734,6.28879905307643,78.91305021174706,8.858210845255327,0.009569508337727876,1.4671267453130232e-06,193.1698019769974,48,COMPLETE
5779,30.28195644733615,20.508231387782583,2026-10-06 04:43:03.027637,2026-10-06 04:46:15.226397,0 days 00:03:12.198760,0.2680662921881964,3.42961079489487,80.97346391189345,7.301662474251041,0.00978505718405828,1.4671267453130232e-06,192.19862943235785,48,COMPLETE
5780,31.188495162804088,19.53826096916751,2026-10-06 04:43:03.031628,2026-10-06 04:46:17.762899,0 days 00:03:14.731271,0.17534157142392734,1.8054001832365776,78.91305021174706,8.858210845255327,0.008698017554316196,2.328670127015952e-06,194.73114442406222,48,COMPLETE
5781,3.6142350306138953,0.9239264148147648,2026-10-06 04:43:03.730209,2026-10-06 04:46:15.657117,0 days 00:03:11.926908,0.5284496290782341,28.301083911902605,5.019968766877958,18.49957504695779,0.008698017554316196,1.4671267453130232e-06,191.92679389286786,48,COMPLETE
5782,28.811476203990356,2.836277126064014,2026-10-06 04:43:03.733629,2026-10-06 04:46:14.336200,0 days 00:03:10.602571,0.2918907020150273,29.47167423782433,78.91305021174706,1.8789475609888533,0.009569508337727876,2.108934163128921e-06,190.60246823634952,48,COMPLETE
5783,22.440075778444577,1.5587921912178206,2026-10-06 04:43:03.737630,2026-10-06 04:46:18.283962,0 days 00:03:14.546332,0.18472274745078338,11.542658479192278,78.91305021174706,17.9448204766585,0.009569508337727876,2.328670127015952e-06,194.54624104266986,48,COMPLETE
5784,31.221789317513263,17.95435603332266,2026-10-06 04:43:04.128683,2026-10-06 04:46:19.200090,0 days 00:03:15.071407,0.237336311708625,1.8054001832365776,78.91305021174706,6.182683349256731,0.008698017554316196,2.328670127015952e-06,195.07128822803497,48,COMPLETE
5785,31.953964982597835,15.717190788056003,2026-10-06 04:43:04.542856,2026-10-06 04:46:18.087640,0 days 00:03:13.544784,0.14472486883161542,1.0100598856645617,78.91305021174706,12.025559114678314,0.008698017554316196,2.328670127015952e-06,193.54468043101951,48,COMPLETE
5786,27.32962524351724,28.234560075518814,2026-10-06 04:43:04.546651,2026-10-06 04:46:18.092030,0 days 00:03:13.545379,0.2918907020150273,3.42961079489487,80.97346391189345,54.580679069967104,0.009569508337727876,1.4671267453130232e-06,193.54527860088274,48,COMPLETE
5787,13.398756669574357,4.5831081586796465,2026-10-06 04:43:04.608698,2026-10-06 04:46:14.365501,0 days 00:03:09.756803,0.17534157142392734,1.0100598856645617,2.5909593725140194,12.025559114678314,0.009739638625346348,1.4671267453130232e-06,189.75669786380604,48,COMPLETE
5788,3.9783052220211004,1.7258335371667384,2026-10-06 04:43:04.674665,2026-10-06 04:46:18.297722,0 days 00:03:13.623057,0.18472274745078338,1.2273889317730493,1.2602398076402759,16.966954115393197,0.008698017554316196,12.27296552059758,193.62297327117994,48,COMPLETE
5789,20.63245810493553,5.667748287455644,2026-10-06 04:43:04.777657,2026-10-06 04:46:17.934044,0 days 00:03:13.156387,0.18472274745078338,1.8054001832365776,78.91305021174706,16.966954115393197,0.012325676469711763,0.09204502297701868,193.15627627586946,48,COMPLETE
5790,13.789275998997033,1.900228712652385,2026-10-06 04:43:05.224858,2026-10-06 04:46:13.930584,0 days 00:03:08.705726,0.14472486883161542,1.0100598856645617,1.4450952610041634,1.1058817888286452,0.009569508337727876,1.4671267453130232e-06,188.705619122833,48,COMPLETE
5791,29.135925541354897,22.74810615552975,2026-10-06 04:43:05.228642,2026-10-06 04:46:20.739375,0 days 00:03:15.510733,0.19189241237051688,3.42961079489487,78.91305021174706,53.19831855856638,0.009569508337727876,1.0746247031029727e-06,195.51060370309278,48,COMPLETE
5792,17.847240879850496,1.6988357013791124,2026-10-06 04:43:05.287776,2026-10-06 04:46:17.362501,0 days 00:03:12.074725,0.18472274745078338,1.0100598856645617,78.91305021174706,16.966954115393197,0.008698017554316196,0.3253551501326335,192.07460399204865,48,COMPLETE
5793,14.082393632538972,6.670077502314829,2026-10-06 04:43:05.303643,2026-10-06 04:46:17.963326,0 days 00:03:12.659683,0.22031827582514427,44.202987615854106,78.91305021174706,45.605935248059524,0.009569508337727876,2.328670127015952e-06,192.6595785128884,48,COMPLETE
5794,31.514240561960357,16.801588481212125,2026-10-06 04:43:06.075679,2026-10-06 04:46:18.838857,0 days 00:03:12.763178,0.17534157142392734,1.8054001832365776,78.91305021174706,8.858210845255327,0.009569508337727876,2.328670127015952e-06,192.76305993599817,48,COMPLETE
5795,20.59780024003903,5.416000750546733,2026-10-06 04:43:06.128787,2026-10-06 04:46:19.449511,0 days 00:03:13.320724,0.2680662921881964,26.323923170226056,78.91305021174706,18.49957504695779,0.00978505718405828,1.4671267453130232e-06,193.3206110280007,48,COMPLETE
5796,31.386691007537685,13.901138268243159,2026-10-06 04:43:06.132643,2026-10-06 04:46:18.074375,0 days 00:03:11.941732,0.19189241237051688,1.8054001832365776,78.91305021174706,2.145433497711602,0.008698017554316196,1.4671267453130232e-06,191.94162130588666,48,COMPLETE
5797,26.86219480844097,28.827939185552975,2026-10-06 04:43:06.136639,2026-10-06 04:46:17.210146,0 days 00:03:11.073507,0.35349415915446786,2.5826334477054016,78.91305021174706,53.19831855856638,0.009569508337727876,1.4671267453130232e-06,191.07341487472877,48,COMPLETE
5798,28.805770976725228,25.53946894524344,2026-10-06 04:43:06.140627,2026-10-06 04:46:18.149572,0 days 00:03:12.008945,0.2918907020150273,4.014839763781616,78.91305021174706,18.49957504695779,0.009569508337727876,1.4671267453130232e-06,192.00885243760422,48,COMPLETE
5799,28.805770976725228,25.53946894524344,2026-10-06 04:43:06.967690,2026-10-06 04:46:17.192703,0 days 00:03:10.225013,0.2918907020150273,4.014839763781616,78.91305021174706,18.49957504695779,0.009569508337727876,1.4671267453130232e-06,190.22490852931514,48,COMPLETE
