number,values_0,values_1,datetime_start,datetime_complete,duration,params_c_val,params_input_force,params_k_between_val,params_k_wall_val,params_m_val,params_ridge_alpha,user_attrs_duration_sec,system_attrs_NSGAIISampler:generation,state
5305,27.056947504494918,1.8853066653356407,2026-10-06 04:20:36.716847,2026-10-06 04:23:50.137280,0 days 00:03:13.420433,0.17534157142392734,8.266548288420948,78.91305021174706,7.14008749932051,0.008698017554316196,2.328670127015952e-06,193.42034253198653,44,COMPLETE
5306,17.547128424050918,6.311705264610673,2026-10-06 04:20:36.720647,2026-10-06 04:23:49.339919,0 days 00:03:12.619272,0.14472486883161542,1.0100598856645617,4.972616082507945,12.025559114678314,0.009569508337727876,1.4671267453130232e-06,192.6191767891869,44,COMPLETE
5307,,,2026-10-06 04:20:36.724631,2026-10-06 04:20:37.281466,0 days 00:00:00.556835,0.14472486883161542,1.8054001832365776,78.91305021174706,18.49957504695779,0.0027360887933578384,,,44,PRUNED
5308,24.646197232081768,19.283216845975726,2026-10-06 04:20:37.214851,2026-10-06 04:23:50.021388,0 days 00:03:12.806537,0.18472274745078338,1.8054001832365776,27.27303837301574,18.49957504695779,0.008698017554316196,2.108934163128921e-06,192.80643878132105,44,COMPLETE
5309,29.366422828860806,24.21048627811867,2026-10-06 04:20:37.218642,2026-10-06 04:23:45.595805,0 days 00:03:08.377163,0.22031827582514427,3.42961079489487,88.28843689561934,18.49957504695779,0.009569508337727876,2.328670127015952e-06,188.3770601619035,44,COMPLETE
5310,,,2026-10-06 04:20:37.273790,2026-10-06 04:20:37.720697,0 days 00:00:00.446907,0.13913483887059105,1.0100598856645617,78.91305021174706,2.5931783094816834,0.00343881261241505,,,44,PRUNED
5311,31.047114689906294,19.740847475155828,2026-10-06 04:20:37.277640,2026-10-06 04:23:47.465367,0 days 00:03:10.187727,0.17534157142392734,1.8054001832365776,78.91305021174706,18.49957504695779,0.009569508337727876,1.4671267453130232e-06,190.18760983087122,44,COMPLETE
5312,31.82632862020902,16.1371655868811,2026-10-06 04:20:37.281834,2026-10-06 04:23:48.103261,0 days 00:03:10.821427,0.17534157142392734,1.8054001832365776,78.91305021174706,6.182683349256731,0.009569508337727876,1.4671267453130232e-06,190.82133243000135,44,COMPLETE
5313,12.015007009035697,3.317710935235282,2026-10-06 04:20:37.303650,2026-10-06 04:23:46.665940,0 days 00:03:09.362290,0.17534157142392734,48.70513125626347,20.006324151711635,12.025559114678314,0.008698017554316196,2.328670127015952e-06,189.36219219118357,44,COMPLETE
5314,29.6080351892835,12.7824132823637,2026-10-06 04:20:38.164868,2026-10-06 04:23:48.073702,0 days 00:03:09.908834,0.22031827582514427,1.8054001832365776,78.91305021174706,7.520329456908176,0.009569508337727876,0.00019552849967568794,189.9087304812856,44,COMPLETE
5315,27.957752438378485,21.39118670797525,2026-10-06 04:20:38.168644,2026-10-06 04:23:51.658593,0 days 00:03:13.489949,0.17534157142392734,3.42961079489487,78.91305021174706,94.28299028536739,0.009569508337727876,2.328670127015952e-06,193.48984062206,44,COMPLETE
5316,,,2026-10-06 04:20:38.172630,2026-10-06 04:20:38.470904,0 days 00:00:00.298274,0.22031827582514427,1.8054001832365776,78.91305021174706,18.49957504695779,0.003122336608836357,,,44,PRUNED
5317,12.132776646855133,1.3594914164864167,2026-10-06 04:20:38.228256,2026-10-06 04:23:54.822020,0 days 00:03:16.593764,0.4678116841946786,35.847119922353876,78.91305021174706,53.19831855856638,0.03463343903868386,1.2446212784745538e-06,196.5936291492544,44,COMPLETE
5318,23.52609800112578,1.8300171067798772,2026-10-06 04:20:38.362653,2026-10-06 04:23:51.478515,0 days 00:03:13.115862,0.06441798531902292,24.40215162033498,78.91305021174706,12.025559114678314,0.008698017554316196,0.006379487349411629,193.1157595301047,44,COMPLETE
5319,,,2026-10-06 04:20:38.730686,2026-10-06 04:20:39.528709,0 days 00:00:00.798023,0.19189241237051688,1.0100598856645617,78.91305021174706,18.49957504695779,0.002301816925611136,,,44,PRUNED
5320,30.764207014142585,21.952187599357497,2026-10-06 04:20:38.742647,2026-10-06 04:23:50.726531,0 days 00:03:11.983884,0.18472274745078338,1.8054001832365776,78.91305021174706,16.966954115393197,0.008698017554316196,2.328670127015952e-06,191.9837931683287,44,COMPLETE
5321,32.33967170751282,3.2463634181671654,2026-10-06 04:20:38.758644,2026-10-06 04:23:49.210622,0 days 00:03:10.451978,0.06441798531902292,1.0100598856645617,78.91305021174706,1.0503187792113122,0.009569508337727876,2.328670127015952e-06,190.45186834968626,44,COMPLETE
5322,26.34311934886072,29.843593222978207,2026-10-06 04:20:38.994679,2026-10-06 04:23:47.238455,0 days 00:03:08.243776,0.3401090828369047,3.42961079489487,78.91305021174706,53.19831855856638,0.009569508337727876,1.4671267453130232e-06,188.2436592131853,44,COMPLETE
5323,28.332250100128164,2.131464991406581,2026-10-06 04:20:39.083834,2026-10-06 04:23:49.822741,0 days 00:03:10.738907,0.17534157142392734,3.42961079489487,78.91305021174706,3.0804319084612333,0.009569508337727876,1.4671267453130232e-06,190.73880085116252,44,COMPLETE
5324,31.702584236835463,16.70739500234437,2026-10-06 04:20:39.132304,2026-10-06 04:23:47.604903,0 days 00:03:08.472599,0.17534157142392734,1.8054001832365776,78.91305021174706,7.14008749932051,0.009569508337727876,1.4671267453130232e-06,188.4724754523486,44,COMPLETE
5325,28.805770976725228,25.53946894524344,2026-10-06 04:20:39.135641,2026-10-06 04:23:50.543544,0 days 00:03:11.407903,0.2918907020150273,4.014839763781616,78.91305021174706,18.49957504695779,0.009569508337727876,1.4671267453130232e-06,191.40777760604396,44,COMPLETE
5326,26.68717190037932,29.592385372827405,2026-10-06 04:20:39.832686,2026-10-06 04:23:50.914394,0 days 00:03:11.081708,0.3401090828369047,3.42961079489487,80.97346391189345,46.431764750098004,0.009569508337727876,2.328670127015952e-06,191.08158142492175,44,COMPLETE
5327,31.81029123072502,14.132438221346234,2026-10-06 04:20:39.872673,2026-10-06 04:23:51.722209,0 days 00:03:11.849536,0.12186470831252749,1.8054001832365776,78.91305021174706,7.704673657496365,0.009569508337727876,1.0746247031029727e-06,191.8494320930913,44,COMPLETE
5328,2.506628328683294,1.2293062069020948,2026-10-06 04:20:39.916811,2026-10-06 04:23:50.684328,0 days 00:03:10.767517,0.02202505719049409,1.8054001832365776,1.0739850525070271,6.182683349256731,0.009569508337727876,1.2446212784745538e-06,190.76741742016748,44,COMPLETE
5329,30.961005254600998,20.612982797267883,2026-10-06 04:20:39.920635,2026-10-06 04:23:49.263509,0 days 00:03:09.342874,0.19189241237051688,1.8054001832365776,78.91305021174706,18.49957504695779,0.009569508337727876,1.2446212784745538e-06,189.34277957072482,44,COMPLETE
5330,31.286150582621154,19.147175336584986,2026-10-06 04:20:40.641687,2026-10-06 04:23:51.430609,0 days 00:03:10.788922,0.17534157142392734,1.8054001832365776,78.91305021174706,7.704673657496365,0.008698017554316196,2.108934163128921e-06,190.78881689487025,44,COMPLETE
5331,15.192017871845042,1.2661877854498873,2026-10-06 04:20:40.904844,2026-10-06 04:23:52.798454,0 days 00:03:11.893610,0.17534157142392734,1.0100598856645617,69.33707937619111,6.182683349256731,0.03784323776934592,12.879309910391596,191.89349744608626,44,COMPLETE
5332,22.541640798571734,1.9694895005704816,2026-10-06 04:20:41.361701,2026-10-06 04:23:50.635774,0 days 00:03:09.274073,0.14472486883161542,12.101556810707075,78.91305021174706,16.966954115393197,0.008698017554316196,2.328670127015952e-06,189.27396606421098,44,COMPLETE
5333,30.93566168680822,21.685335779995146,2026-10-06 04:20:41.769707,2026-10-06 04:23:49.461091,0 days 00:03:07.691384,0.19189241237051688,1.8054001832365776,78.91305021174706,12.025559114678314,0.008698017554316196,1.4671267453130232e-06,187.69128726003692,44,COMPLETE
5334,32.72069338695389,10.000163690789297,2026-10-06 04:20:42.543581,2026-10-06 04:23:51.252178,0 days 00:03:08.708597,0.14472486883161542,1.0100598856645617,78.91305021174706,2.5931783094816834,0.009569508337727876,2.328670127015952e-06,188.70847260020673,44,COMPLETE
5335,29.575094120529723,11.48438750197982,2026-10-06 04:21:08.941703,2026-10-06 04:24:23.395546,0 days 00:03:14.453843,0.08064596872721977,3.42961079489487,78.91305021174706,53.19831855856638,0.009569508337727876,1.4671267453130232e-06,194.453699267935,44,COMPLETE
5336,11.788047914928736,7.464841110835641,2026-10-06 04:21:18.240848,2026-10-06 04:24:28.641024,0 days 00:03:10.400176,0.3401090828369047,40.63754973071824,80.97346391189345,53.19831855856638,0.009569508337727876,2.328670127015952e-06,190.39950762921944,44,COMPLETE
5337,28.672962300421194,5.922786040721151,2026-10-06 04:21:45.438770,2026-10-06 04:24:57.900363,0 days 00:03:12.461593,0.14472486883161542,1.0100598856645617,31.464248845663093,88.12111282410991,0.020633708330598584,2.328670127015952e-06,192.46145743317902,44,COMPLETE
5338,0.5660743976131241,1.1801218351871359,2026-10-06 04:21:50.101175,2026-10-06 04:25:03.159524,0 days 00:03:13.058349,0.22031827582514427,1.8054001832365776,78.91305021174706,2.7001178740312684,0.007718631707553761,1.0746247031029727e-06,193.05822843126953,44,COMPLETE
5339,23.01014656034318,13.202894575099831,2026-10-06 04:21:50.919808,2026-10-06 04:25:02.804781,0 days 00:03:11.884973,0.33845063319730834,1.0100598856645617,42.995010272294316,7.704673657496365,0.009569508337727876,2.108934163128921e-06,191.88484498206526,44,COMPLETE
5340,,,2026-10-06 04:22:30.680677,2026-10-06 04:22:31.782711,0 days 00:00:01.102034,0.2918907020150273,3.42961079489487,78.91305021174706,15.382666136782571,0.0013896232425008011,,,44,PRUNED
5341,19.92267131957474,8.37595025802483,2026-10-06 04:22:32.075703,2026-10-06 04:25:43.424510,0 days 00:03:11.348807,0.19189241237051688,37.834216879691,78.91305021174706,18.49957504695779,0.008698017554316196,1.4671267453130232e-06,191.3486702409573,44,COMPLETE
5342,29.535630477563455,24.78256169930743,2026-10-06 04:23:43.873687,2026-10-06 04:26:53.683158,0 days 00:03:09.809471,0.2918907020150273,3.42961079489487,80.97346391189345,15.382666136782571,0.009569508337727876,1.4671267453130232e-06,189.80934154288843,44,COMPLETE
5343,30.513625104242287,21.452534451854365,2026-10-06 04:23:43.877645,2026-10-06 04:26:56.961725,0 days 00:03:13.084080,0.18472274745078338,1.8054001832365776,78.91305021174706,38.52680789958333,0.009569508337727876,2.328670127015952e-06,193.08395938714966,44,COMPLETE
5344,32.28022269008473,14.079872998578233,2026-10-06 04:23:44.649025,2026-10-06 04:26:57.667016,0 days 00:03:13.017991,0.11816812965117938,1.0100598856645617,78.91305021174706,18.49957504695779,0.009569508337727876,1.4671267453130232e-06,193.01788329612464,44,COMPLETE
5345,13.54796749409067,3.736323921628296,2026-10-06 04:23:44.672661,2026-10-06 04:26:57.806521,0 days 00:03:13.133860,0.17534157142392734,31.546446577655697,78.91305021174706,53.19831855856638,0.009569508337727876,2.108934163128921e-06,193.13373202597722,44,COMPLETE
5346,32.247667483605646,13.625349914263687,2026-10-06 04:23:44.984828,2026-10-06 04:27:00.320787,0 days 00:03:15.335959,0.19189241237051688,1.0100598856645617,78.91305021174706,7.704673657496365,0.009569508337727876,1.2446212784745538e-06,195.33585774619132,44,COMPLETE
5347,12.946531850142241,5.626986999517865,2026-10-06 04:23:44.988646,2026-10-06 04:26:59.521260,0 days 00:03:14.532614,0.3401090828369047,32.34533467897937,78.91305021174706,45.605935248059524,0.009569508337727876,2.328670127015952e-06,194.53251012787223,44,COMPLETE
5348,27.787214245844588,3.217650509616656,2026-10-06 04:23:45.313702,2026-10-06 04:26:56.933977,0 days 00:03:11.620275,0.14472486883161542,43.52296517101524,69.33707937619111,4.949274479107639,0.009569508337727876,1.4671267453130232e-06,191.62015047576278,44,COMPLETE
5349,22.186759834810694,33.721516667137735,2026-10-06 04:23:46.100684,2026-10-06 04:27:02.090503,0 days 00:03:15.989819,0.48967816666395225,6.28879905307643,78.91305021174706,38.52680789958333,0.009569508337727876,2.328670127015952e-06,195.98972270498052,44,COMPLETE
5350,32.24380110493551,5.673788619282595,2026-10-06 04:23:46.133797,2026-10-06 04:26:55.647799,0 days 00:03:09.514002,0.06441798531902292,1.0100598856645617,78.91305021174706,12.025559114678314,0.008698017554316196,0.0001416302981603254,189.51389166526496,44,COMPLETE
5351,31.423268208681225,18.242228767227743,2026-10-06 04:23:46.161645,2026-10-06 04:26:55.646562,0 days 00:03:09.484917,0.19189241237051688,1.8054001832365776,78.91305021174706,6.182683349256731,0.008698017554316196,2.328670127015952e-06,189.48478712979704,44,COMPLETE
5352,31.001219460577705,20.546874726373222,2026-10-06 04:23:46.620824,2026-10-06 04:27:00.132231,0 days 00:03:13.511407,0.17534157142392734,1.8054001832365776,78.91305021174706,12.025559114678314,0.008698017554316196,2.328670127015952e-06,193.51129475887865,44,COMPLETE
5353,,,2026-10-06 04:23:46.677219,2026-10-06 04:23:47.764751,0 days 00:00:01.087532,0.48967816666395225,1.8054001832365776,78.91305021174706,8.173082590741226,0.0022875575477978327,,,44,PRUNED
5354,31.82724772126328,16.61762320121985,2026-10-06 04:23:46.708798,2026-10-06 04:26:59.327470,0 days 00:03:12.618672,0.17534157142392734,1.8054001832365776,78.91305021174706,6.182683349256731,0.009569508337727876,1.0746247031029727e-06,192.61854835413396,44,COMPLETE
5355,3.4881953481836776,1.3572378641185725,2026-10-06 04:23:46.744653,2026-10-06 04:26:54.230114,0 days 00:03:07.485461,0.22031827582514427,17.181743233678713,6.765769617482265,35.397938808104236,0.009569508337727876,1.0746247031029727e-06,187.48533065291122,44,COMPLETE
5356,17.419120623848084,1.2483153426540712,2026-10-06 04:23:46.876673,2026-10-06 04:26:59.751942,0 days 00:03:12.875269,0.2918907020150273,1.0100598856645617,80.97346391189345,18.49957504695779,0.03463343903868386,0.1444709331184862,192.87516165012494,44,COMPLETE
5357,24.37369572360296,1.7938976111221887,2026-10-06 04:23:48.024175,2026-10-06 04:27:01.141210,0 days 00:03:13.117035,0.11816812965117938,5.987739525594485,78.91305021174706,18.49957504695779,0.008698017554316196,1.4671267453130232e-06,193.11693933000788,44,COMPLETE
5358,17.16078789978805,8.85523239483092,2026-10-06 04:23:48.154674,2026-10-06 04:27:04.033041,0 days 00:03:15.878367,0.7348924002394603,6.28879905307643,78.91305021174706,53.19831855856638,0.009569508337727876,2.108934163128921e-06,195.8782547977753,44,COMPLETE
5359,32.38589251764321,13.209498560052605,2026-10-06 04:23:48.163069,2026-10-06 04:27:00.254748,0 days 00:03:12.091679,0.17534157142392734,1.0100598856645617,78.91305021174706,7.704673657496365,0.009569508337727876,1.4671267453130232e-06,192.09158230107278,44,COMPLETE
5360,,,2026-10-06 04:23:48.166637,2026-10-06 04:23:49.102778,0 days 00:00:00.936141,0.3401090828369047,3.42961079489487,80.97346391189345,53.19831855856638,0.00860730058185103,,,44,PRUNED
5361,26.156854633223794,18.268072176771405,2026-10-06 04:23:48.174629,2026-10-06 04:27:00.165741,0 days 00:03:11.991112,0.14472486883161542,6.28879905307643,78.91305021174706,75.76848094210958,0.009569508337727876,1.2446212784745538e-06,191.99101266870275,44,COMPLETE
5362,,,2026-10-06 04:23:48.228661,2026-10-06 04:23:49.370706,0 days 00:00:01.142045,0.19189241237051688,1.8054001832365776,78.91305021174706,12.025559114678314,0.0015745125266727305,,,44,PRUNED
5363,31.420976554025934,17.626347437680785,2026-10-06 04:23:48.232634,2026-10-06 04:26:57.858123,0 days 00:03:09.625489,0.22031827582514427,1.8054001832365776,78.91305021174706,7.197017681130831,0.009569508337727876,1.0746247031029727e-06,189.62537314509973,44,COMPLETE
5364,12.24829609700463,10.552261007825736,2026-10-06 04:23:48.236626,2026-10-06 04:27:01.979940,0 days 00:03:13.743314,0.3401090828369047,49.51325500590008,69.33707937619111,45.605935248059524,0.008698017554316196,2.328670127015952e-06,193.74323176313192,44,COMPLETE
5365,32.11760058887374,14.20578059475552,2026-10-06 04:23:48.244634,2026-10-06 04:26:59.402923,0 days 00:03:11.158289,0.17534157142392734,1.0100598856645617,78.91305021174706,7.14008749932051,0.008698017554316196,2.328670127015952e-06,191.15818977402523,44,COMPLETE
5366,25.572847410801526,1.1932523131135557,2026-10-06 04:23:48.472445,2026-10-06 04:26:57.512532,0 days 00:03:09.040087,0.14472486883161542,8.030102552134323,69.33707937619111,12.025559114678314,0.03463343903868386,1.2446212784745538e-06,189.03995292494074,44,COMPLETE
5367,8.187016669245928,3.305826349593989,2026-10-06 04:23:48.619690,2026-10-06 04:27:03.689196,0 days 00:03:15.069506,0.22031827582514427,15.305167518087794,11.973005113361735,11.836090407971627,0.0029356174629885995,2.328670127015952e-06,195.0693852705881,44,COMPLETE
5368,30.055866918814075,16.05217039731074,2026-10-06 04:23:48.689676,2026-10-06 04:27:01.825746,0 days 00:03:13.136070,0.2918907020150273,1.0100598856645617,78.91305021174706,18.49957504695779,0.009569508337727876,1.4671267453130232e-06,193.13597533805296,44,COMPLETE
5369,30.748633635853157,21.7672893085043,2026-10-06 04:23:48.879865,2026-10-06 04:27:00.974000,0 days 00:03:12.094135,0.17534157142392734,1.8054001832365776,78.91305021174706,18.49957504695779,0.008698017554316196,1.4671267453130232e-06,192.0940249930136,44,COMPLETE
5370,15.55477042386158,4.238425768853665,2026-10-06 04:23:48.883646,2026-10-06 04:27:02.938533,0 days 00:03:14.054887,0.14472486883161542,1.0100598856645617,2.8863274087771975,4.2781259783778465,0.008698017554316196,1.2446212784745538e-06,194.05477411486208,44,COMPLETE
5371,29.8184770876492,14.307585550387452,2026-10-06 04:23:48.887626,2026-10-06 04:27:01.939719,0 days 00:03:13.052093,0.14472486883161542,3.42961079489487,80.97346391189345,12.025559114678314,0.009569508337727876,2.328670127015952e-06,193.0520094819367,44,COMPLETE
5372,31.625914134544434,17.865616924453356,2026-10-06 04:23:48.914646,2026-10-06 04:27:03.617706,0 days 00:03:14.703060,0.17534157142392734,1.8054001832365776,78.91305021174706,4.949274479107639,0.008698017554316196,1.4671267453130232e-06,194.70295591233298,44,COMPLETE
5373,32.18544006340003,13.901957915152222,2026-10-06 04:23:49.246859,2026-10-06 04:26:59.763307,0 days 00:03:10.516448,0.14472486883161542,1.0100598856645617,78.91305021174706,7.704673657496365,0.008698017554316196,2.328670127015952e-06,190.51634527696297,45,COMPLETE
5374,0.16397837144865995,1.2409512587076867,2026-10-06 04:23:49.355818,2026-10-06 04:27:02.012522,0 days 00:03:12.656704,0.17534157142392734,1.8054001832365776,94.51202928848208,6.182683349256731,0.009569508337727876,1.2446212784745538e-06,192.6566174896434,45,COMPLETE
5375,26.873620338045367,1.6854158611349188,2026-10-06 04:23:49.437923,2026-10-06 04:27:05.807716,0 days 00:03:16.369793,0.12186470831252749,4.95477336878759,78.91305021174706,53.19831855856638,0.0658182276335084,2.108934163128921e-06,196.36965755792335,45,COMPLETE
5376,31.397937485178556,19.178834184303415,2026-10-06 04:23:49.476654,2026-10-06 04:27:00.671171,0 days 00:03:11.194517,0.20188838799170525,1.8054001832365776,78.91305021174706,6.182683349256731,0.008698017554316196,1.4671267453130232e-06,191.19439114723355,45,COMPLETE
5377,21.71126505167497,34.64589212283317,2026-10-06 04:23:49.879851,2026-10-06 04:27:03.215502,0 days 00:03:13.335651,0.48967816666395225,6.28879905307643,78.91305021174706,53.19831855856638,0.009569508337727876,2.328670127015952e-06,193.33556148968637,45,COMPLETE
5378,31.087323524460516,15.516349171572204,2026-10-06 04:23:49.883643,2026-10-06 04:27:01.990048,0 days 00:03:12.106405,0.11180896940881033,1.8054001832365776,78.91305021174706,12.025559114678314,0.008698017554316196,1.4671267453130232e-06,192.10632345173508,45,COMPLETE
5379,25.884609651714367,7.2058119086525325,2026-10-06 04:23:49.983929,2026-10-06 04:27:03.323330,0 days 00:03:13.339401,0.17534157142392734,32.895990296220894,78.91305021174706,7.704673657496365,0.008698017554316196,2.108934163128921e-06,193.3393134418875,45,COMPLETE
5380,29.13594211156258,22.74737528851892,2026-10-06 04:23:50.025643,2026-10-06 04:27:01.182422,0 days 00:03:11.156779,0.19189241237051688,3.42961079489487,78.91305021174706,53.19831855856638,0.009569508337727876,1.2446212784745538e-06,191.15669059101492,45,COMPLETE
5381,26.216100706512208,1.9544931342578533,2026-10-06 04:23:50.079652,2026-10-06 04:27:03.596532,0 days 00:03:13.516880,0.17534157142392734,1.0100598856645617,78.91305021174706,53.19831855856638,0.008698017554316196,1.4671267453130232e-06,193.51676482427865,45,COMPLETE
5382,7.5571261749996435,4.2565495643407445,2026-10-06 04:23:50.087800,2026-10-06 04:26:59.234334,0 days 00:03:09.146534,0.22031827582514427,2.5826334477054016,1.1689403958229527,45.605935248059524,0.009569508337727876,2.328670127015952e-06,189.14642152935266,45,COMPLETE
5383,3.680857366249289,1.9637698232196916,2026-10-06 04:23:50.161657,2026-10-06 04:27:00.341055,0 days 00:03:10.179398,0.2918907020150273,8.643109100600102,1.2795249753128677,53.19831855856638,0.009569508337727876,1.4671267453130232e-06,190.1793155176565,45,COMPLETE
5384,31.409377607926057,16.97355332282362,2026-10-06 04:23:50.559851,2026-10-06 04:27:03.258469,0 days 00:03:12.698618,0.22031827582514427,1.8054001832365776,78.91305021174706,7.14008749932051,0.009569508337727876,1.4671267453130232e-06,192.69851711485535,45,COMPLETE
5385,,,2026-10-06 04:23:50.563644,2026-10-06 04:23:51.767672,0 days 00:00:01.204028,0.19189241237051688,49.47082187696351,78.91305021174706,40.29115295108787,0.008698017554316196,,,45,PRUNED
5386,22.246044607305596,6.229194354675657,2026-10-06 04:23:50.713662,2026-10-06 04:27:04.745699,0 days 00:03:14.032037,0.17534157142392734,40.61910807741268,78.91305021174706,16.966954115393197,0.009569508337727876,2.328670127015952e-06,194.0319091239944,45,COMPLETE
5387,32.157368431470296,12.326357009026319,2026-10-06 04:23:51.034682,2026-10-06 04:27:03.145997,0 days 00:03:12.111315,0.14472486883161542,1.8054001832365776,78.91305021174706,2.5931783094816834,0.009569508337727876,1.2446212784745538e-06,192.1111885807477,45,COMPLETE
