number,values_0,values_1,datetime_start,datetime_complete,duration,params_c_val,params_input_force,params_k_between_val,params_k_wall_val,params_m_val,params_ridge_alpha,user_attrs_duration_sec,system_attrs_NSGAIISampler:generation,state
3733,30.43082778397857,22.201395914186243,2026-10-06 03:06:45.462638,2026-10-06 03:09:55.764540,0 days 00:03:10.301902,0.22031827582514427,2.5826334477054016,78.91305021174706,18.49957504695779,0.009569508337727876,2.328670127015952e-06,190.30180855933577,31,COMPLETE
3734,,,2026-10-06 03:06:48.553692,2026-10-06 03:06:49.700825,0 days 00:00:01.147133,0.48967816666395225,1.8054001832365776,78.91305021174706,53.19831855856638,0.008698017554316196,,,31,PRUNED
3735,31.21739880737406,17.916876999048192,2026-10-06 03:06:49.942345,2026-10-06 03:09:57.168406,0 days 00:03:07.226061,0.14472486883161542,1.0100598856645617,78.91305021174706,40.2862337213893,0.009569508337727876,1.4671267453130232e-06,187.22594257816672,31,COMPLETE
3736,29.20134140006782,24.07413972830791,2026-10-06 03:07:15.136689,2026-10-06 03:10:26.459088,0 days 00:03:11.322399,0.22031827582514427,3.42961079489487,78.91305021174706,40.2862337213893,0.009569508337727876,2.328670127015952e-06,191.32227037567645,31,COMPLETE
3737,30.70511859465459,22.162786820890595,2026-10-06 03:08:25.294702,2026-10-06 03:11:38.832571,0 days 00:03:13.537869,0.18472274745078338,1.8054001832365776,78.91305021174706,18.49957504695779,0.008698017554316196,2.328670127015952e-06,193.53773793717846,31,COMPLETE
3738,30.775732267304583,20.30297797784019,2026-10-06 03:08:38.954842,2026-10-06 03:11:49.117612,0 days 00:03:10.162770,0.22031827582514427,1.8054001832365776,78.91305021174706,18.49957504695779,0.009569508337727876,2.328670127015952e-06,190.1626522326842,31,COMPLETE
3739,19.2145215837509,4.502377536602272,2026-10-06 03:09:47.688679,2026-10-06 03:13:04.010706,0 days 00:03:16.322027,0.3569447112081484,1.8054001832365776,11.904981190458036,12.025559114678314,0.028042292356690313,2.328670127015952e-06,196.32190784998238,31,COMPLETE
3740,10.910109927395833,2.805947751185496,2026-10-06 03:09:47.763771,2026-10-06 03:13:01.030141,0 days 00:03:13.266370,0.17534157142392734,1.8054001832365776,2.5144323474411174,3.488682360092393,0.009569508337727876,0.0037552466123491534,193.26624762825668,31,COMPLETE
3741,10.892890559072583,2.3281627594117316,2026-10-06 03:09:48.198688,2026-10-06 03:13:03.533757,0 days 00:03:15.335069,0.48967816666395225,21.470211260717665,78.91305021174706,53.19831855856638,0.009569508337727876,2.328670127015952e-06,195.3349604276009,31,COMPLETE
3742,27.374919469868342,4.726466871433374,2026-10-06 03:09:48.362708,2026-10-06 03:13:02.148550,0 days 00:03:13.785842,0.17534157142392734,45.58837319883415,78.91305021174706,6.182683349256731,0.009569508337727876,2.328670127015952e-06,193.7857120637782,31,COMPLETE
3743,29.46891328034148,21.364857372010277,2026-10-06 03:09:48.912705,2026-10-06 03:13:04.189778,0 days 00:03:15.277073,0.17534157142392734,3.42961079489487,78.91305021174706,46.431764750098004,0.009569508337727876,2.328670127015952e-06,195.27697966480628,31,COMPLETE
3744,16.653510902740425,5.803571798589338,2026-10-06 03:09:49.622007,2026-10-06 03:13:04.052469,0 days 00:03:14.430462,0.14472486883161542,1.8054001832365776,5.069209281002582,7.704673657496365,0.009569508337727876,2.328670127015952e-06,194.43039629701525,31,COMPLETE
3745,17.47403656485037,21.131082970102813,2026-10-06 03:09:49.641771,2026-10-06 03:13:02.806143,0 days 00:03:13.164372,0.48967816666395225,10.82299596049844,78.91305021174706,35.397938808104236,0.009569508337727876,0.002502069886454293,193.16426541889086,31,COMPLETE
3746,31.6326156548546,16.256556589563694,2026-10-06 03:09:49.768938,2026-10-06 03:13:04.057388,0 days 00:03:14.288450,0.17534157142392734,1.8054001832365776,78.91305021174706,7.704673657496365,0.009569508337727876,2.328670127015952e-06,194.28836555825546,31,COMPLETE
3747,30.453329112373233,15.445219547423171,2026-10-06 03:09:49.772659,2026-10-06 03:13:08.681520,0 days 00:03:18.908861,0.22031827582514427,1.8054001832365776,78.91305021174706,12.025559114678314,0.011652192727891544,2.328670127015952e-06,198.90874844091013,31,COMPLETE
3748,16.214485039255038,1.4395894128806677,2026-10-06 03:09:50.537679,2026-10-06 03:13:02.159870,0 days 00:03:11.622191,0.19189241237051688,1.8054001832365776,78.91305021174706,12.025559114678314,0.008698017554316196,6.089393695579645,191.62208462087438,31,COMPLETE
3749,26.208601765851103,27.035937042437507,2026-10-06 03:09:50.541637,2026-10-06 03:13:05.398898,0 days 00:03:14.857261,0.4025062352324576,2.5826334477054016,78.91305021174706,40.2862337213893,0.009569508337727876,2.328670127015952e-06,194.8571738540195,31,COMPLETE
3750,31.176387087500075,12.488457112243752,2026-10-06 03:09:50.804671,2026-10-06 03:13:03.349640,0 days 00:03:12.544969,0.17534157142392734,1.8054001832365776,78.91305021174706,6.182683349256731,0.008698017554316196,0.00017105791943465372,192.5448494660668,31,COMPLETE
3751,15.519042464437879,1.3100087671352854,2026-10-06 03:09:50.905830,2026-10-06 03:13:03.253887,0 days 00:03:12.348057,0.17534157142392734,1.8054001832365776,78.91305021174706,12.025559114678314,0.008698017554316196,24.682010360080323,192.34794584009796,31,COMPLETE
3752,30.318462132673965,22.69155310128095,2026-10-06 03:09:51.079777,2026-10-06 03:13:02.770513,0 days 00:03:11.690736,0.22031827582514427,2.5826334477054016,78.91305021174706,22.313710691733014,0.009569508337727876,2.328670127015952e-06,191.69064029399306,31,COMPLETE
3753,15.316360145163216,6.547925352989208,2026-10-06 03:09:51.359664,2026-10-06 03:13:04.048949,0 days 00:03:12.689285,0.22031827582514427,37.13353650448256,78.91305021174706,40.29115295108787,0.009569508337727876,2.328670127015952e-06,192.68919025594369,31,COMPLETE
3754,24.19933038216398,31.10157003712793,2026-10-06 03:09:51.573661,2026-10-06 03:13:03.361512,0 days 00:03:11.787851,0.37589526561223985,6.28879905307643,78.91305021174706,35.397938808104236,0.009569508337727876,1.4671267453130232e-06,191.787750326097,31,COMPLETE
3755,,,2026-10-06 03:09:51.594772,2026-10-06 03:09:52.272687,0 days 00:00:00.677915,0.17534157142392734,1.8054001832365776,78.91305021174706,90.86709037705113,0.008698017554316196,,,31,PRUNED
3756,26.73575121352848,13.329406429973558,2026-10-06 03:09:51.988675,2026-10-06 03:13:03.066413,0 days 00:03:11.077738,0.17757890818825858,3.42961079489487,78.91305021174706,46.431764750098004,0.009569508337727876,0.022410460652519185,191.07763789314777,31,COMPLETE
3757,30.614250371349527,19.966575274170157,2026-10-06 03:09:52.294859,2026-10-06 03:13:03.892537,0 days 00:03:11.597678,0.17534157142392734,2.5826334477054016,78.91305021174706,18.49957504695779,0.009569508337727876,2.328670127015952e-06,191.5974988779053,31,COMPLETE
3758,16.754625990627865,21.829788839243662,2026-10-06 03:09:52.298640,2026-10-06 03:13:02.831406,0 days 00:03:10.532766,0.48967816666395225,4.014839763781616,31.461998389858646,18.49957504695779,0.009569508337727876,1.4671267453130232e-06,190.53267459431663,31,COMPLETE
3759,22.473354249566587,1.2573433021873746,2026-10-06 03:09:52.304093,2026-10-06 03:13:05.835331,0 days 00:03:13.531238,0.011663935098823021,1.8054001832365776,78.91305021174706,3.1960868442529304,0.009569508337727876,3.3751850275062876,193.531153047923,31,COMPLETE
3760,30.676969600631757,18.396726713141923,2026-10-06 03:09:52.454956,2026-10-06 03:13:04.014521,0 days 00:03:11.559565,0.22031827582514427,1.0100598856645617,78.91305021174706,40.2862337213893,0.009569508337727876,2.328670127015952e-06,191.5594601049088,31,COMPLETE
3761,,,2026-10-06 03:09:52.468775,2026-10-06 03:09:53.314354,0 days 00:00:00.845579,0.17534157142392734,1.8054001832365776,78.91305021174706,6.182683349256731,0.004484094411598108,,,31,PRUNED
3762,26.882033273058557,9.573854172757995,2026-10-06 03:09:52.487643,2026-10-06 03:13:04.731557,0 days 00:03:12.243914,0.14472486883161542,3.42961079489487,78.91305021174706,8.278436785542596,0.009569508337727876,2.328670127015952e-06,192.24382346495986,31,COMPLETE
3763,29.341461239811412,23.49158811385523,2026-10-06 03:09:52.491629,2026-10-06 03:13:06.297111,0 days 00:03:13.805482,0.22031827582514427,3.42961079489487,78.91305021174706,35.397938808104236,0.009569508337727876,1.3177707306775135e-05,193.80538297398016,31,COMPLETE
3764,25.20274786091949,14.31539820483735,2026-10-06 03:09:52.836681,2026-10-06 03:13:02.545226,0 days 00:03:09.708545,0.48967816666395225,1.8054001832365776,78.91305021174706,6.182683349256731,0.009569508337727876,1.4671267453130232e-06,189.70844440720975,31,COMPLETE
3765,,,2026-10-06 03:09:52.853095,2026-10-06 03:09:53.641732,0 days 00:00:00.788637,0.22031827582514427,5.359159681241057,78.91305021174706,40.2862337213893,0.002374742549497524,,,31,PRUNED
3766,20.235536142750256,7.507957792402172,2026-10-06 03:09:53.147853,2026-10-06 03:13:09.488312,0 days 00:03:16.340459,0.17534157142392734,37.26173481269044,78.91305021174706,18.49957504695779,0.008698017554316196,1.4671267453130232e-06,196.34033694397658,31,COMPLETE
3767,32.19502342501307,3.4443760505103134,2026-10-06 03:09:53.151653,2026-10-06 03:13:06.528696,0 days 00:03:13.377043,0.14472486883161542,1.8054001832365776,78.91305021174706,4.949274479107639,0.027889744093478865,2.328670127015952e-06,193.3769466811791,31,COMPLETE
3768,23.923134684652478,30.077903063020933,2026-10-06 03:09:53.447692,2026-10-06 03:13:05.326832,0 days 00:03:11.879140,0.48967816666395225,3.42961079489487,78.91305021174706,35.397938808104236,0.009569508337727876,1.4671267453130232e-06,191.8790344367735,31,COMPLETE
3769,22.383636482765475,3.527538417363737,2026-10-06 03:09:53.528664,2026-10-06 03:13:02.814822,0 days 00:03:09.286158,0.3401090828369047,2.5826334477054016,78.91305021174706,1.0568258366531333,0.009569508337727876,0.0013362314345408389,189.28606197610497,31,COMPLETE
3770,12.73334453336613,4.284072984491403,2026-10-06 03:09:53.532640,2026-10-06 03:13:02.755036,0 days 00:03:09.222396,0.48967816666395225,30.60295188237376,78.91305021174706,35.397938808104236,0.009569508337727876,0.013993079791300923,189.22228089161217,31,COMPLETE
3771,31.842348745195494,13.994680769981844,2026-10-06 03:09:53.635678,2026-10-06 03:13:08.936540,0 days 00:03:15.300862,0.19189241237051688,1.0100598856645617,78.91305021174706,12.025559114678314,0.009569508337727876,2.328670127015952e-06,195.3007667902857,31,COMPLETE
3772,30.17260733673957,21.50739692719003,2026-10-06 03:09:53.665986,2026-10-06 03:13:05.387636,0 days 00:03:11.721650,0.17534157142392734,1.8054001832365776,78.91305021174706,64.28214455026402,0.009569508337727876,2.328670127015952e-06,191.7213458986953,31,COMPLETE
3773,29.785581157290164,9.667711268725796,2026-10-06 03:09:53.669654,2026-10-06 03:13:08.090166,0 days 00:03:14.420512,0.06496489424686913,2.5826334477054016,78.91305021174706,65.29196198226448,0.009569508337727876,2.328670127015952e-06,194.42040666937828,31,COMPLETE
3774,15.870824252095275,11.38749347757065,2026-10-06 03:09:53.673632,2026-10-06 03:13:04.205487,0 days 00:03:10.531855,0.48967816666395225,3.42961079489487,78.91305021174706,53.19831855856638,0.009569508337727876,0.11196200468369791,190.53178182896227,31,COMPLETE
3775,23.351371001925195,7.83958778551994,2026-10-06 03:09:53.677629,2026-10-06 03:13:04.576345,0 days 00:03:10.898716,0.22031827582514427,43.145688130102805,78.91305021174706,12.025559114678314,0.009569508337727876,2.328670127015952e-06,190.89862967608497,31,COMPLETE
3776,20.54311446865588,1.4217597040375645,2026-10-06 03:09:53.681637,2026-10-06 03:13:06.376329,0 days 00:03:12.694692,0.17534157142392734,7.7251571509202765,36.92911141085293,7.704673657496365,0.009569508337727876,2.328670127015952e-06,192.6945961881429,31,COMPLETE
3777,30.750237126456305,21.608701079063692,2026-10-06 03:09:53.685626,2026-10-06 03:13:03.049816,0 days 00:03:09.364190,0.17534157142392734,1.8054001832365776,78.91305021174706,18.49957504695779,0.008698017554316196,2.328670127015952e-06,189.36408038204536,31,COMPLETE
3778,15.869575801642963,1.7738359095217733,2026-10-06 03:09:53.716477,2026-10-06 03:13:05.918887,0 days 00:03:12.202410,0.22031827582514427,24.548773635149097,78.91305021174706,40.2862337213893,0.012863169516677956,0.0010279699085979392,192.20233407290652,31,COMPLETE
3779,,,2026-10-06 03:09:54.214842,2026-10-06 03:09:55.209692,0 days 00:00:00.994850,0.22031827582514427,2.5826334477054016,78.91305021174706,40.2862337213893,0.004969980219369514,,,31,PRUNED
3780,29.720394910016694,20.92732340676863,2026-10-06 03:09:54.218645,2026-10-06 03:13:07.245518,0 days 00:03:13.026873,0.17534157142392734,3.42961079489487,78.91305021174706,35.397938808104236,0.009569508337727876,2.328670127015952e-06,193.02677953941748,31,COMPLETE
3781,12.21125549346424,7.33775124123971,2026-10-06 03:09:54.595680,2026-10-06 03:13:05.738222,0 days 00:03:11.142542,0.22031827582514427,3.42961079489487,5.308735930939272,40.29115295108787,0.009569508337727876,2.328670127015952e-06,191.1424517603591,31,COMPLETE
3782,31.65176046948331,14.543706619925944,2026-10-06 03:09:54.852694,2026-10-06 03:13:05.922485,0 days 00:03:11.069791,0.22031827582514427,1.8054001832365776,78.91305021174706,4.949274479107639,0.009569508337727876,2.328670127015952e-06,191.0697031901218,31,COMPLETE
3783,31.6326156548546,16.256556589563694,2026-10-06 03:09:55.048745,2026-10-06 03:13:03.420126,0 days 00:03:08.371381,0.17534157142392734,1.8054001832365776,78.91305021174706,7.704673657496365,0.009569508337727876,2.328670127015952e-06,188.37127474229783,31,COMPLETE
3784,28.108967645251766,6.975577963194895,2026-10-06 03:09:55.052642,2026-10-06 03:13:10.977222,0 days 00:03:15.924580,0.08467485734358579,2.1791169040055087,29.829431155165608,8.616315395135032,0.009569508337727876,2.328670127015952e-06,195.92446614289656,31,COMPLETE
3785,14.725698876929988,15.5000710930239,2026-10-06 03:09:55.056630,2026-10-06 03:13:10.346993,0 days 00:03:15.290363,0.8409553550602418,3.42961079489487,39.78138895879842,40.29115295108787,0.009569508337727876,2.328670127015952e-06,195.29025782411918,31,COMPLETE
3786,32.16554520863435,5.506764360309834,2026-10-06 03:09:55.091661,2026-10-06 03:13:06.081684,0 days 00:03:10.990023,0.17534157142392734,1.8054001832365776,78.91305021174706,18.49957504695779,0.030964685610056327,2.328670127015952e-06,190.98991851694882,31,COMPLETE
3787,18.218621761952484,15.392158187355115,2026-10-06 03:09:55.450681,2026-10-06 03:13:09.640115,0 days 00:03:14.189434,0.48967816666395225,1.8054001832365776,78.91305021174706,40.2862337213893,0.009569508337727876,0.00020931785465774363,194.18934369971976,31,COMPLETE
3788,16.435862342757325,1.6481875225752334,2026-10-06 03:09:55.733863,2026-10-06 03:13:08.516532,0 days 00:03:12.782669,0.22031827582514427,19.335592445358074,78.91305021174706,35.397938808104236,0.011963805464363514,2.328670127015952e-06,192.78255061106756,31,COMPLETE
3789,30.695666802095,20.990859384502162,2026-10-06 03:09:55.737642,2026-10-06 03:13:09.385353,0 days 00:03:13.647711,0.22031827582514427,1.8054001832365776,78.91305021174706,21.80233020444157,0.009569508337727876,2.328670127015952e-06,193.64759815111756,31,COMPLETE
3790,30.386349421417457,22.593238599952127,2026-10-06 03:09:56.064694,2026-10-06 03:13:08.875127,0 days 00:03:12.810433,0.22031827582514427,1.8054001832365776,78.91305021174706,35.397938808104236,0.009569508337727876,2.328670127015952e-06,192.81033216696233,31,COMPLETE
3791,23.59976541855615,2.28482645072673,2026-10-06 03:09:56.329846,2026-10-06 03:13:08.592061,0 days 00:03:12.262215,0.17534157142392734,1.8054001832365776,78.91305021174706,53.19831855856638,0.008698017554316196,1.0311105174472536e-06,192.26150827342644,31,COMPLETE
3792,15.685437564539011,11.111681684765466,2026-10-06 03:09:56.358651,2026-10-06 03:13:08.757448,0 days 00:03:12.398797,0.40130419691890307,4.014839763781616,78.91305021174706,65.1401858733084,0.009569508337727876,0.9230460963244697,192.39869933528826,31,COMPLETE
3793,23.923134684652478,30.077903063020933,2026-10-06 03:09:56.366644,2026-10-06 03:13:10.440629,0 days 00:03:14.073985,0.48967816666395225,3.42961079489487,78.91305021174706,35.397938808104236,0.009569508337727876,1.4671267453130232e-06,194.07389690820128,31,COMPLETE
3794,30.53569584174337,19.05342620532667,2026-10-06 03:09:56.468526,2026-10-06 03:13:06.607343,0 days 00:03:10.138817,0.14472486883161542,1.8054001832365776,78.91305021174706,45.605935248059524,0.009569508337727876,1.0650365882748267e-06,190.13873043796048,31,COMPLETE
3795,32.311058262891756,8.84643109155051,2026-10-06 03:09:56.796704,2026-10-06 03:13:08.050369,0 days 00:03:11.253665,0.14472486883161542,1.0100598856645617,78.91305021174706,1.1216626590726437,0.009569508337727876,2.328670127015952e-06,191.25354744307697,31,COMPLETE
3796,21.210640741370334,1.3834301502220854,2026-10-06 03:09:56.857543,2026-10-06 03:13:09.629124,0 days 00:03:12.771581,0.14472486883161542,40.155912062536,78.91305021174706,23.007643259664256,0.03463343903868386,2.328670127015952e-06,192.77148627629504,31,COMPLETE
3797,30.768239769494766,20.375895296346872,2026-10-06 03:09:57.460692,2026-10-06 03:13:10.834669,0 days 00:03:13.373977,0.22031827582514427,1.8054001832365776,78.91305021174706,18.81759050518774,0.009569508337727876,2.328670127015952e-06,193.3738697678782,31,COMPLETE
3798,32.105448248610195,13.77246817701386,2026-10-06 03:09:57.543814,2026-10-06 03:13:09.653631,0 days 00:03:12.109817,0.14472486883161542,1.8054001832365776,78.91305021174706,4.949274479107639,0.009569508337727876,2.328670127015952e-06,192.10973191587254,31,COMPLETE
3799,30.307547394067758,17.394274992582034,2026-10-06 03:09:57.621651,2026-10-06 03:13:07.702997,0 days 00:03:10.081346,0.12975632807660847,2.5826334477054016,78.91305021174706,35.397938808104236,0.009569508337727876,2.328670127015952e-06,190.08125555003062,31,COMPLETE
3800,30.831907299129973,19.72169264684124,2026-10-06 03:09:57.668668,2026-10-06 03:13:10.381322,0 days 00:03:12.712654,0.22031827582514427,1.8054001832365776,78.91305021174706,16.170701658219137,0.009569508337727876,2.328670127015952e-06,192.71255596913397,31,COMPLETE
3801,19.980579501253096,2.0872251812224434,2026-10-06 03:09:58.119859,2026-10-06 03:13:05.468162,0 days 00:03:07.348303,0.044915354446361494,3.42961079489487,78.91305021174706,35.397938808104236,0.009569508337727876,2.328670127015952e-06,187.3482065629214,31,COMPLETE
3802,29.6858842297164,21.804174767071707,2026-10-06 03:09:58.123652,2026-10-06 03:13:11.774404,0 days 00:03:13.650752,0.22031827582514427,2.5826334477054016,78.91305021174706,40.2862337213893,0.009569508337727876,2.5365937944077327e-05,193.65063461102545,31,COMPLETE
3803,31.052987127487448,13.464680248596975,2026-10-06 03:09:58.157659,2026-10-06 03:13:09.569094,0 days 00:03:11.411435,0.14472486883161542,2.5826334477054016,78.91305021174706,4.949274479107639,0.009569508337727876,2.328670127015952e-06,191.41133937006816,31,COMPLETE
3804,30.599878401777847,4.682107414039109,2026-10-06 03:10:26.679720,2026-10-06 03:13:38.727736,0 days 00:03:12.048016,0.14472486883161542,3.42961079489487,78.91305021174706,53.19831855856638,0.03463343903868386,2.328670127015952e-06,192.04788851179183,31,COMPLETE
3805,22.96818869046692,32.370490556156085,2026-10-06 03:11:38.833059,2026-10-06 03:14:50.415039,0 days 00:03:11.581980,0.48480307501533615,5.16571242866198,78.91305021174706,35.397938808104236,0.009569508337727876,2.328670127015952e-06,191.58187089907005,31,COMPLETE
3806,16.963824439429523,4.771992765656954,2026-10-06 03:11:49.347664,2026-10-06 03:15:03.724160,0 days 00:03:14.376496,0.17534157142392734,31.716268364009277,78.91305021174706,35.397938808104236,0.009569508337727876,2.328670127015952e-06,194.37638961616904,31,COMPLETE
3807,16.350564245016233,10.587311018397747,2026-10-06 03:13:01.331690,2026-10-06 03:16:13.274210,0 days 00:03:11.942520,0.22031827582514427,1.8054001832365776,9.431013429652982,40.2862337213893,0.009569508337727876,2.328670127015952e-06,191.94239221001044,31,COMPLETE
3808,15.351756493242533,1.584047840765745,2026-10-06 03:13:02.331684,2026-10-06 03:16:18.653765,0 days 00:03:16.322081,0.17534157142392734,3.42961079489487,78.91305021174706,12.59754045148586,0.009569508337727876,61.54732468604203,196.32198609225452,32,COMPLETE
3809,21.750549682570135,13.431490331124436,2026-10-06 03:13:02.368547,2026-10-06 03:16:14.049947,0 days 00:03:11.681400,0.15850604255210712,1.8054001832365776,16.593259691385633,35.397938808104236,0.009569508337727876,2.328670127015952e-06,191.68127362802625,32,COMPLETE
3810,23.375232136126392,32.287505094854964,2026-10-06 03:13:02.766804,2026-10-06 03:16:18.867134,0 days 00:03:16.100330,0.48967816666395225,3.42961079489487,78.91305021174706,53.19831855856638,0.009569508337727876,1.4671267453130232e-06,196.10023097414523,32,COMPLETE
3811,9.05664218471708,10.574400027370785,2026-10-06 03:13:02.923850,2026-10-06 03:16:17.234340,0 days 00:03:14.310490,0.48967816666395225,6.28879905307643,6.513310379120904,40.2862337213893,0.009569508337727876,2.328670127015952e-06,194.31040034163743,32,COMPLETE
3812,25.458186196175017,19.03320891668733,2026-10-06 03:13:02.927648,2026-10-06 03:16:14.486903,0 days 00:03:11.559255,0.48480307501533615,3.42961079489487,78.91305021174706,46.431764750098004,0.019916567471131928,2.328670127015952e-06,191.5591550199315,32,COMPLETE
3813,23.951461361905153,29.20529149626848,2026-10-06 03:13:02.933051,2026-10-06 03:16:17.898482,0 days 00:03:14.965431,0.48480307501533615,3.42961079489487,78.91305021174706,35.397938808104236,0.009569508337727876,2.328670127015952e-06,194.96535403002053,32,COMPLETE
3814,31.09917970466477,10.58833316126889,2026-10-06 03:13:02.988867,2026-10-06 03:16:18.357850,0 days 00:03:15.368983,0.22031827582514427,1.8054001832365776,78.91305021174706,1.2039696209145945,0.009569508337727876,2.328670127015952e-06,195.36888064304367,32,COMPLETE
