number,values_0,values_1,datetime_start,datetime_complete,duration,params_c_val,params_input_force,params_k_between_val,params_k_wall_val,params_m_val,params_ridge_alpha,user_attrs_duration_sec,system_attrs_NSGAIISampler:generation,state
672,30.44347408329881,1.8545716883631636,2026-10-06 00:45:10.196690,2026-10-06 00:48:24.297479,0 days 00:03:14.100789,0.16177110021459462,46.774203669468385,75.08545011892379,1.7658496078448727,0.011005204287205276,1.6374091613134125e-05,194.1007060711272,5,COMPLETE
673,27.169584181656205,1.6459058412849414,2026-10-06 00:45:10.348676,2026-10-06 00:48:21.883399,0 days 00:03:11.534723,0.1338864078069938,17.194388739613117,43.71771146580346,1.928465299477958,0.011005204287205276,0.06672101812662193,191.53465135674924,5,COMPLETE
674,13.71780337222304,5.661989039845366,2026-10-06 00:45:10.465313,2026-10-06 00:48:24.746088,0 days 00:03:14.280775,0.5206349751021522,1.6561528973969994,32.233952817229785,11.364619091105583,0.009596121382849983,0.001754171270788285,194.28068335913122,5,COMPLETE
675,,,2026-10-06 00:45:10.566127,2026-10-06 00:45:11.255706,0 days 00:00:00.689579,0.10888801914801638,1.5573262639386043,83.63462158426863,1.3952232429901594,0.0036499921651855075,,,5,PRUNED
676,29.40384501944302,1.487513248534667,2026-10-06 00:45:10.569657,2026-10-06 00:48:24.460685,0 days 00:03:13.891028,0.1338864078069938,28.331478571112285,82.11028867024922,1.928465299477958,0.014507822678708626,0.06672101812662193,193.89096579514444,5,COMPLETE
677,24.305803243639197,6.625566296943751,2026-10-06 00:45:10.573644,2026-10-06 00:48:28.671602,0 days 00:03:18.097958,0.5886596266876252,7.5769429977027825,94.37666406459638,3.323181860316004,0.014507822678708626,5.071280161362485e-06,198.09789533587173,5,COMPLETE
678,14.590372793253966,1.4477467612778598,2026-10-06 00:45:10.577646,2026-10-06 00:48:24.173216,0 days 00:03:13.595570,0.6040198049165227,42.2707199463251,85.7034102631403,7.746949202276626,0.024790630872431413,53.21255476046986,193.59549766080454,5,COMPLETE
679,,,2026-10-06 00:45:10.714706,2026-10-06 00:45:11.690019,0 days 00:00:00.975313,0.14472486883161542,43.407640233812806,89.61123200940895,8.570034232131624,0.0030611952112761806,,,5,PRUNED
680,27.81383328597251,1.3639744924165997,2026-10-06 00:45:10.933696,2026-10-06 00:48:22.312113,0 days 00:03:11.378417,0.14472486883161542,46.774203669468385,34.08958612263361,1.7658496078448727,0.016205446913400444,0.001754171270788285,191.37833728874102,5,COMPLETE
681,3.5875752412946014,1.1719607024861365,2026-10-06 00:45:10.993845,2026-10-06 00:48:17.772868,0 days 00:03:06.779023,0.03545789005484321,3.42961079489487,1.0482404210463863,4.895103288469407,0.018324378019643817,2.328670127015952e-06,186.7789283366874,5,COMPLETE
682,,,2026-10-06 00:45:11.030803,2026-10-06 00:45:11.687730,0 days 00:00:00.656927,0.14472486883161542,3.42961079489487,54.6602172125733,18.49957504695779,0.0015767011041207138,,,5,PRUNED
683,6.086448067812344,1.2158873748791117,2026-10-06 00:45:11.436697,2026-10-06 00:48:21.966484,0 days 00:03:10.529787,0.13263017868898783,15.859677991775037,37.451348362540784,78.88385550712609,0.01478582612116327,5.071280161362485e-06,190.52970249718055,5,COMPLETE
684,14.320601463144522,2.0996610499897037,2026-10-06 00:45:11.814795,2026-10-06 00:48:25.019156,0 days 00:03:13.204361,0.6040198049165227,42.2707199463251,54.6602172125733,19.560678901050697,0.0272863075382553,0.007690928916612578,193.20426717912778,5,COMPLETE
685,12.278369431258165,1.458586391386651,2026-10-06 00:45:11.818664,2026-10-06 00:48:27.202770,0 days 00:03:15.384106,0.8260375030611535,17.881724302242965,32.233952817229785,5.534390982625277,0.023371264037735383,0.007690928916612578,195.38402218418196,5,COMPLETE
686,,,2026-10-06 00:45:11.903681,2026-10-06 00:45:12.334648,0 days 00:00:00.430967,0.5555069055943938,3.42961079489487,89.61123200940895,18.49957504695779,0.0016985544936232776,,,5,PRUNED
687,,,2026-10-06 00:45:11.967683,2026-10-06 00:45:13.040859,0 days 00:00:01.073176,0.10888801914801638,8.806707112240797,89.61123200940895,51.120005170110176,0.0015767011041207138,,,5,PRUNED
688,13.732297463909347,2.13430420024955,2026-10-06 00:45:12.193685,2026-10-06 00:48:23.364156,0 days 00:03:11.170471,0.6040198049165227,42.2707199463251,89.61123200940895,31.15363597844494,0.0015767011041207138,4.186531797867048e-06,191.1703802831471,5,COMPLETE
689,12.459007109231974,3.8218593459523653,2026-10-06 00:45:12.274677,2026-10-06 00:48:24.853799,0 days 00:03:12.579122,0.5555069055943938,41.25202022698372,34.08958612263361,10.55137025643824,0.009596121382849983,0.001754171270788285,192.5786966769956,5,COMPLETE
690,23.85722712320299,1.8410630494874574,2026-10-06 00:45:12.282655,2026-10-06 00:48:26.917551,0 days 00:03:14.634896,0.5555069055943938,41.25202022698372,78.91305021174706,1.8190863578544005,0.01478582612116327,2.328670127015952e-06,194.63480893708766,5,COMPLETE
691,25.28675951678618,1.5829949914118349,2026-10-06 00:45:12.320352,2026-10-06 00:48:26.587447,0 days 00:03:14.267095,0.6040198049165227,30.4361881968835,85.7034102631403,2.5122488726661794,0.024790630872431413,4.186531797867048e-06,194.26701762899756,5,COMPLETE
692,28.810047141160265,1.3776158533305112,2026-10-06 00:45:12.383992,2026-10-06 00:48:25.673889,0 days 00:03:13.289897,0.14472486883161542,3.42961079489487,37.451348362540784,2.0489784059322336,0.016205446913400444,2.328670127015952e-06,193.28981820121408,5,COMPLETE
693,15.04194373109129,1.6719688082766089,2026-10-06 00:45:12.387654,2026-10-06 00:48:26.145188,0 days 00:03:13.757534,0.14472486883161542,18.918894228609993,31.25109846959102,18.49957504695779,0.013593181580386379,2.328670127015952e-06,193.75745068490505,5,COMPLETE
694,3.9919948142824153,1.5678785884647253,2026-10-06 00:45:12.411659,2026-10-06 00:48:22.061837,0 days 00:03:09.650178,0.5206349751021522,20.213335196982104,7.099519619717996,21.71950500774893,0.0015767011041207138,1.972106799105486e-05,189.65010563936085,5,COMPLETE
695,28.915376783452295,2.4454349961685313,2026-10-06 00:45:12.415645,2026-10-06 00:48:20.816843,0 days 00:03:08.401198,0.2880553685721488,32.133571428288036,83.63462158426863,1.7658496078448727,0.009596121382849983,0.001754171270788285,188.40111564006656,5,COMPLETE
696,,,2026-10-06 00:45:12.466668,2026-10-06 00:45:12.740585,0 days 00:00:00.273917,0.14472486883161542,45.741044518014796,54.6602172125733,3.7504775608803835,0.0018420657551211361,,,5,PRUNED
697,12.96873764767443,1.6250258668390734,2026-10-06 00:45:12.888849,2026-10-06 00:48:25.429992,0 days 00:03:12.541143,0.8666294842903027,15.859677991775037,37.451348362540784,5.741783289090052,0.013593181580386379,0.00010160998520747449,192.54105831403285,5,COMPLETE
698,21.946414893618353,16.104844245365978,2026-10-06 00:45:12.892661,2026-10-06 00:48:25.022381,0 days 00:03:12.129720,0.8260375030611535,8.987478920641044,85.7034102631403,12.994635247316747,0.024790630872431413,1.504853492244309e-06,192.1296369493939,5,COMPLETE
699,24.49496956917575,1.9795283036138283,2026-10-06 00:45:12.896657,2026-10-06 00:48:21.784888,0 days 00:03:08.888231,0.1338864078069938,30.4361881968835,37.451348362540784,4.760392434772372,0.013159166502838673,1.6374091613134125e-05,188.88814178062603,5,COMPLETE
700,6.372446862374562,2.9036923806600665,2026-10-06 00:45:13.296703,2026-10-06 00:48:23.809491,0 days 00:03:10.512788,0.10888801914801638,20.213335196982104,7.099519619717996,15.757610117299281,0.0036499921651855075,1.972106799105486e-05,190.512705787085,5,COMPLETE
701,2.479679050737735,1.2130709574444776,2026-10-06 00:45:13.418699,2026-10-06 00:48:24.098369,0 days 00:03:10.679670,0.6040198049165227,42.2707199463251,85.7034102631403,5.534390982625277,0.009596121382849983,5.935622838922671e-05,190.67958293017,5,COMPLETE
702,26.103927197309808,3.2720442021186096,2026-10-06 00:45:13.868687,2026-10-06 00:48:23.759119,0 days 00:03:09.890432,0.16177110021459462,30.4361881968835,75.08545011892379,8.04634876394084,0.011005204287205276,0.009860984725215969,189.89035138487816,5,COMPLETE
703,27.268135869210234,2.23427825474048,2026-10-06 00:45:14.012677,2026-10-06 00:48:28.529781,0 days 00:03:14.517104,0.14472486883161542,32.133571428288036,89.61123200940895,8.570034232131624,0.013593181580386379,0.004038586316950702,194.5170168466866,5,COMPLETE
704,10.987448185229221,1.616795606203108,2026-10-06 00:45:14.037666,2026-10-06 00:48:26.705390,0 days 00:03:12.667724,0.5206349751021522,24.32008103568039,32.233952817229785,18.49957504695779,0.019879594723156993,0.00010160998520747449,192.66764367604628,5,COMPLETE
705,3.261480547519542,1.1802968319699974,2026-10-06 00:45:14.051848,2026-10-06 00:48:25.835992,0 days 00:03:11.784144,0.48967816666395225,27.13570031291397,1.3434347464722742,13.768868687313633,0.03269297011301695,0.004038586316950702,191.78407252393663,5,COMPLETE
706,16.337978801384686,2.3630708510338887,2026-10-06 00:45:14.055649,2026-10-06 00:48:23.983229,0 days 00:03:09.927580,0.14472486883161542,20.213335196982104,32.233952817229785,11.364619091105583,0.009569508337727876,1.2715266505389644,189.92750340513885,5,COMPLETE
707,28.882255468018087,1.2590344008726728,2026-10-06 00:45:14.120471,2026-10-06 00:48:27.307917,0 days 00:03:13.187446,0.1912088840068961,32.133571428288036,83.63462158426863,1.7658496078448727,0.06824977174552374,0.007690928916612578,193.18735908623785,5,COMPLETE
708,25.83028766846702,1.3597295617743563,2026-10-06 00:45:14.127657,2026-10-06 00:48:24.423599,0 days 00:03:10.295942,0.14472486883161542,5.163106132123858,75.08545011892379,3.323181860316004,0.01478582612116327,0.16721330995186812,190.29587022494525,5,COMPLETE
709,24.471019993237565,1.1404399014412818,2026-10-06 00:45:14.143665,2026-10-06 00:48:24.441317,0 days 00:03:10.297652,0.04451256952257735,5.163106132123858,47.48948196913391,10.392708964295926,0.01478582612116327,0.0002119529307262873,190.29758241493255,5,COMPLETE
710,20.96443449196772,1.3348474425010752,2026-10-06 00:45:15.047701,2026-10-06 00:48:26.763896,0 days 00:03:11.716195,0.14472486883161542,8.597165561536935,32.233952817229785,7.746949202276626,0.01478582612116327,2.328670127015952e-06,191.71611428586766,5,COMPLETE
711,1.740994786567643,1.2330281395716278,2026-10-06 00:45:15.120683,2026-10-06 00:48:28.671491,0 days 00:03:13.550808,0.014883661956922027,15.859677991775037,2.4271336495378413,1.928465299477958,0.05008864272074093,4.982450618333186,193.55072737298906,5,COMPLETE
712,12.168163154751385,5.282285232036808,2026-10-06 00:45:15.132659,2026-10-06 00:48:21.852484,0 days 00:03:06.719825,0.8260375030611535,8.987478920641044,32.233952817229785,7.746949202276626,0.01478582612116327,0.004038586316950702,186.71975093474612,5,COMPLETE
713,15.314098210182237,1.8365591084992858,2026-10-06 00:47:38.832777,2026-10-06 00:50:52.587587,0 days 00:03:13.754810,0.5555069055943938,48.04286199246971,34.08958612263361,10.55137025643824,0.03389943614184064,2.328670127015952e-06,193.75470401113853,5,COMPLETE
714,7.304492529950124,1.2864957276089526,2026-10-06 00:48:16.104865,2026-10-06 00:51:31.046787,0 days 00:03:14.941922,0.9386339063498375,43.67020940958001,3.098372261509384,1.8190863578544005,0.03389943614184064,2.328670127015952e-06,194.94181949226186,5,COMPLETE
715,1.7141599794072069,1.2128870466020314,2026-10-06 00:48:18.122722,2026-10-06 00:51:34.947876,0 days 00:03:16.825154,0.48967816666395225,32.133571428288036,89.61123200940895,8.570034232131624,0.00894214952781411,2.328670127015952e-06,196.82506039738655,5,COMPLETE
716,16.10840511155566,2.483679172259427,2026-10-06 00:48:18.618758,2026-10-06 00:51:31.488207,0 days 00:03:12.869449,0.8260375030611535,48.04286199246971,89.61123200940895,7.746949202276626,0.01478582612116327,0.00868056028477306,192.86934849619865,5,COMPLETE
717,25.332787039546965,1.5520519003475786,2026-10-06 00:48:19.124693,2026-10-06 00:51:32.565281,0 days 00:03:13.440588,0.14472486883161542,20.213335196982104,54.6602172125733,7.882731093911324,0.018324378019643817,0.0005024391102558689,193.4404758992605,5,COMPLETE
718,19.668303939443803,7.669413891428672,2026-10-06 00:48:19.370712,2026-10-06 00:51:33.298236,0 days 00:03:13.927524,0.5555069055943938,48.147926180602234,77.51383454227101,7.8342206444348275,0.009596121382849983,3.3976165743800303e-06,193.9274212741293,5,COMPLETE
719,17.833926206733846,3.5931639161062865,2026-10-06 00:48:20.023874,2026-10-06 00:51:32.925745,0 days 00:03:12.901871,0.5886596266876252,48.21469805334717,83.63462158426863,15.114418815853902,0.019266008719295187,0.007690928916612578,192.9017902300693,5,COMPLETE
720,24.67499692134505,1.1928266916533052,2026-10-06 00:48:20.027656,2026-10-06 00:51:33.991150,0 days 00:03:13.963494,0.04451256952257735,5.163106132123858,89.61123200940895,8.570034232131624,0.03389943614184064,0.0002119529307262873,193.96341728931293,5,COMPLETE
721,28.37329608657065,1.2839521060156571,2026-10-06 00:48:20.216153,2026-10-06 00:51:32.793498,0 days 00:03:12.577345,0.04451256952257735,5.163106132123858,46.546095502334126,1.8190863578544005,0.023371264037735383,0.0002119529307262873,192.57724147988483,5,COMPLETE
722,3.310789515345064,1.1225018171693504,2026-10-06 00:48:20.316689,2026-10-06 00:51:37.771491,0 days 00:03:17.454802,0.5555069055943938,32.133571428288036,3.6361909652308175,18.49957504695779,0.0015767011041207138,0.00010160998520747449,197.45472037838772,5,COMPLETE
723,20.07844031377168,2.099843950779941,2026-10-06 00:48:20.435963,2026-10-06 00:51:33.510086,0 days 00:03:13.074123,0.14472486883161542,41.05672263868492,34.08958612263361,8.570034232131624,0.013593181580386379,0.001754171270788285,193.07403072714806,5,COMPLETE
724,11.94445586066325,4.668397213725699,2026-10-06 00:48:20.792681,2026-10-06 00:51:31.679016,0 days 00:03:10.886335,0.13263017868898783,20.213335196982104,7.099519619717996,3.323181860316004,0.0036499921651855075,0.004271994227944581,190.88623269693926,5,COMPLETE
725,13.934432898525142,1.926430863154956,2026-10-06 00:48:20.936686,2026-10-06 00:51:35.033962,0 days 00:03:14.097276,0.14472486883161542,26.937564512018064,83.63462158426863,60.10165155286273,0.011005204287205276,0.007690928916612578,194.09718708181754,5,COMPLETE
726,28.915376783452295,2.4454349961685313,2026-10-06 00:48:21.199903,2026-10-06 00:51:33.936216,0 days 00:03:12.736313,0.2880553685721488,32.133571428288036,83.63462158426863,1.7658496078448727,0.009596121382849983,0.001754171270788285,192.73623275198042,5,COMPLETE
727,29.942019099153743,1.227230462588194,2026-10-06 00:48:21.356971,2026-10-06 00:51:32.840722,0 days 00:03:11.483751,0.1912088840068961,32.133571428288036,82.11028867024922,1.928465299477958,0.05008864272074093,0.007690928916612578,191.48366187885404,5,COMPLETE
728,23.81940870554531,13.909966421716488,2026-10-06 00:48:21.360672,2026-10-06 00:51:37.562587,0 days 00:03:16.201915,0.48967816666395225,3.42961079489487,89.61123200940895,18.49957504695779,0.016205446913400444,0.00010160998520747449,196.20182509114966,5,COMPLETE
729,28.80532427283645,1.2914754216617819,2026-10-06 00:48:21.555721,2026-10-06 00:51:35.360375,0 days 00:03:13.804654,0.10888801914801638,20.213335196982104,54.6602172125733,3.7504775608803835,0.0272863075382553,0.001754171270788285,193.80457175103948,5,COMPLETE
730,28.236792744458718,1.8075919270880245,2026-10-06 00:48:21.642971,2026-10-06 00:51:32.804225,0 days 00:03:11.161254,0.2880553685721488,32.133571428288036,83.63462158426863,2.0489784059322336,0.016205446913400444,0.0009227692340024264,191.16116745211184,6,COMPLETE
731,15.509971345807191,3.7609325524198542,2026-10-06 00:48:21.872599,2026-10-06 00:51:39.465770,0 days 00:03:17.593171,0.8882319236316917,8.987478920641044,89.61123200940895,4.243265729109047,0.016205446913400444,0.004038586316950702,197.59308373508975,6,COMPLETE
732,,,2026-10-06 00:48:22.018683,2026-10-06 00:48:22.601684,0 days 00:00:00.583001,0.011494124829906416,32.133571428288036,83.63462158426863,3.7504775608803835,0.007314133032941529,,,6,PRUNED
733,16.889304477841943,7.1414996969343765,2026-10-06 00:48:22.153161,2026-10-06 00:51:35.492481,0 days 00:03:13.339320,0.5555069055943938,8.909445422946398,82.11028867024922,18.49957504695779,0.026606284328135367,0.06672101812662193,193.33924798388034,6,COMPLETE
734,29.084670242973488,1.8602717728618021,2026-10-06 00:48:22.156667,2026-10-06 00:51:38.708675,0 days 00:03:16.552008,0.16177110021459462,30.4361881968835,77.51383454227101,4.243265729109047,0.016205446913400444,1.6374091613134125e-05,196.55191705096513,6,COMPLETE
735,,,2026-10-06 00:48:22.160640,2026-10-06 00:48:22.822426,0 days 00:00:00.661786,0.01782345163772083,3.42961079489487,95.04129134789966,18.49957504695779,0.009569508337727876,,,6,PRUNED
736,1.797084270510591,1.2135899857647834,2026-10-06 00:48:22.419687,2026-10-06 00:51:33.533216,0 days 00:03:11.113529,0.48967816666395225,23.599327588622575,89.61123200940895,4.243265729109047,0.009823800096804558,0.001754171270788285,191.11344394413754,6,COMPLETE
737,4.321607744805981,1.3948499239101233,2026-10-06 00:48:22.427656,2026-10-06 00:51:33.332449,0 days 00:03:10.904793,0.14472486883161542,32.133571428288036,14.719249146245843,69.59849767866419,0.013593181580386379,0.00010160998520747449,190.9047038271092,6,COMPLETE
738,3.496314584776054,1.142679918528955,2026-10-06 00:48:22.605681,2026-10-06 00:51:37.987669,0 days 00:03:15.381988,0.10496047018714484,6.383768362550262,1.819573757019597,4.243265729109047,0.0957073635029625,0.004038586316950702,195.38190933410078,6,COMPLETE
739,15.236343670243722,20.036716990311195,2026-10-06 00:48:22.670189,2026-10-06 00:51:39.426764,0 days 00:03:16.756575,0.6040198049165227,6.28879905307643,32.233952817229785,18.49957504695779,0.009569508337727876,2.328670127015952e-06,196.75649524806067,6,COMPLETE
740,16.338413250345788,8.826881222070522,2026-10-06 00:48:22.740678,2026-10-06 00:51:36.463039,0 days 00:03:13.722361,0.8260375030611535,8.987478920641044,76.48396426212726,7.746949202276626,0.01478582612116327,0.00026285855894701214,193.7222856571898,6,COMPLETE
741,30.722318903908196,1.494812996946779,2026-10-06 00:48:22.978689,2026-10-06 00:51:33.756477,0 days 00:03:10.777788,0.14472486883161542,32.133571428288036,82.11028867024922,2.0489784059322336,0.016205446913400444,0.0004888384787132523,190.7777094799094,6,COMPLETE
742,15.594871350532117,13.787820690043462,2026-10-06 00:48:23.094048,2026-10-06 00:51:35.516554,0 days 00:03:12.422506,0.6707519252569772,5.163106132123858,46.546095502334126,69.59849767866419,0.01478582612116327,0.0002119529307262873,192.42232555989176,6,COMPLETE
743,,,2026-10-06 00:48:23.097661,2026-10-06 00:48:23.610692,0 days 00:00:00.513031,0.16177110021459462,46.65115833455933,23.50425902954754,4.243265729109047,0.0010608340828950642,,,6,PRUNED
744,15.597637918672381,7.386739263493904,2026-10-06 00:48:23.101646,2026-10-06 00:51:37.252633,0 days 00:03:14.150987,0.6707519252569772,1.6561528973969994,24.336135440112013,7.882731093911324,0.018324378019643817,3.3976165743800303e-06,194.15089522581547,6,COMPLETE
745,22.00290391843594,2.41721198704799,2026-10-06 00:48:23.592688,2026-10-06 00:51:34.172279,0 days 00:03:10.579591,0.5327776819464233,30.4361881968835,75.08545011892379,4.243265729109047,0.01478582612116327,1.6374091613134125e-05,190.57949606887996,6,COMPLETE
746,24.41088919976121,4.400425874711925,2026-10-06 00:48:23.610977,2026-10-06 00:51:36.483510,0 days 00:03:12.872533,0.14472486883161542,48.147926180602234,77.51383454227101,12.025559114678314,0.009569508337727876,0.007690928916612578,192.87246419116855,6,COMPLETE
747,18.772630361816987,16.94887480350886,2026-10-06 00:48:23.948684,2026-10-06 00:51:35.865186,0 days 00:03:11.916502,0.5555069055943938,3.42961079489487,78.91305021174706,18.49957504695779,0.009569508337727876,0.00010160998520747449,191.91641834471375,6,COMPLETE
748,22.375478994334852,1.4532426710049553,2026-10-06 00:48:24.485750,2026-10-06 00:51:37.747494,0 days 00:03:13.261744,0.14472486883161542,48.147926180602234,77.51383454227101,18.49957504695779,0.024790630872431413,0.00010160998520747449,193.26166594214737,6,COMPLETE
749,28.910294424777373,1.561907145001528,2026-10-06 00:48:24.489664,2026-10-06 00:51:38.724225,0 days 00:03:14.234561,0.14472486883161542,28.950021532106973,78.91305021174706,4.895103288469407,0.018324378019643817,0.001754171270788285,194.23448075028136,6,COMPLETE
750,17.9397695009458,2.889981547962146,2026-10-06 00:48:24.493643,2026-10-06 00:51:35.933203,0 days 00:03:11.439560,0.8260375030611535,46.774203669468385,89.61123200940895,7.746949202276626,0.01478582612116327,0.00026285855894701214,191.43951769685373,6,COMPLETE
751,21.511548325836294,4.723156442806327,2026-10-06 00:48:24.497643,2026-10-06 00:51:39.844370,0 days 00:03:15.346727,0.14472486883161542,48.147926180602234,77.51383454227101,18.49957504695779,0.009569508337727876,2.328670127015952e-06,195.34663870418444,6,COMPLETE
752,12.450828603311525,1.5280737718460156,2026-10-06 00:48:24.569680,2026-10-06 00:51:36.588491,0 days 00:03:12.018811,0.1338864078069938,5.163106132123858,17.092244351334706,7.746949202276626,0.0039642398430429875,0.00026285855894701214,192.01873307302594,6,COMPLETE
753,22.543033845313072,2.5628872178418547,2026-10-06 00:48:24.573652,2026-10-06 00:51:39.616760,0 days 00:03:15.043108,0.48967816666395225,46.774203669468385,83.63462158426863,4.243265729109047,0.016205446913400444,0.004038586316950702,195.04303355887532,6,COMPLETE
754,27.47776449329647,2.721600712920466,2026-10-06 00:48:24.577650,2026-10-06 00:51:37.291488,0 days 00:03:12.713838,0.14472486883161542,20.213335196982104,54.6602172125733,3.7504775608803835,0.009569508337727876,2.328670127015952e-06,192.71376301487908,6,COMPLETE
755,15.541959913907354,8.886672249967026,2026-10-06 00:48:24.692691,2026-10-06 00:51:35.660505,0 days 00:03:10.967814,0.8260375030611535,8.987478920641044,77.51383454227101,7.746949202276626,0.009569508337727876,0.0023393955058451346,190.96772095467895,6,COMPLETE
