number,values_0,values_1,datetime_start,datetime_complete,duration,params_c_val,params_input_force,params_k_between_val,params_k_wall_val,params_m_val,params_ridge_alpha,user_attrs_duration_sec,system_attrs_NSGAIISampler:generation,state
7042,10.759640097242563,1.279535159380498,2026-10-06 05:40:53.292798,2026-10-06 05:44:02.192192,0 days 00:03:08.899394,0.48967816666395225,3.42961079489487,78.91305021174706,8.858210845255327,0.009569508337727876,98.36773518040383,188.89926751609892,58,COMPLETE
7043,30.659221497187723,22.80057748061564,2026-10-06 05:40:53.430881,2026-10-06 05:44:05.004317,0 days 00:03:11.573436,0.19189241237051688,1.8054001832365776,78.91305021174706,18.49957504695779,0.008698017554316196,1.4671267453130232e-06,191.57330198027194,58,COMPLETE
7044,21.47629468063031,1.0915566445261429,2026-10-06 05:40:53.639870,2026-10-06 05:44:07.380752,0 days 00:03:13.740882,0.02235444287158718,5.855321808824737,80.97346391189345,15.382666136782571,0.009569508337727876,1.0746247031029727e-06,193.74079256271943,58,COMPLETE
7045,30.931103762185614,18.56858504055378,2026-10-06 05:40:53.815692,2026-10-06 05:44:07.377665,0 days 00:03:13.561973,0.14472486883161542,1.0100598856645617,78.91305021174706,53.19831855856638,0.009569508337727876,1.4671267453130232e-06,193.5618691132404,58,COMPLETE
7046,31.953517529900097,16.538724957378236,2026-10-06 05:40:54.083691,2026-10-06 05:44:06.274582,0 days 00:03:12.190891,0.14472486883161542,1.0100598856645617,78.91305021174706,12.025559114678314,0.008698017554316196,1.4671267453130232e-06,192.1907491441816,58,COMPLETE
7047,9.26006963011817,2.51849934943448,2026-10-06 05:40:54.124699,2026-10-06 05:44:05.277029,0 days 00:03:11.152330,0.14472486883161542,3.42961079489487,3.1018041737239668,45.605935248059524,0.009569508337727876,1.4671267453130232e-06,191.1522302669473,58,COMPLETE
7048,30.23477631648427,14.007969309958034,2026-10-06 05:40:54.235051,2026-10-06 05:44:04.568897,0 days 00:03:10.333846,0.11816812965117938,3.42961079489487,78.91305021174706,18.49957504695779,0.009569508337727876,1.4671267453130232e-06,190.33373054023832,58,COMPLETE
7049,31.797278028885337,17.23442484121371,2026-10-06 05:40:54.420692,2026-10-06 05:44:08.453610,0 days 00:03:14.032918,0.17534157142392734,1.0100598856645617,78.91305021174706,12.025559114678314,0.008698017554316196,1.4671267453130232e-06,194.0328116333112,58,COMPLETE
7050,29.247358905558286,12.966563542438744,2026-10-06 05:40:54.565694,2026-10-06 05:44:06.591554,0 days 00:03:12.025860,0.3401090828369047,3.42961079489487,78.91305021174706,2.409691504364398,0.009569508337727876,1.4671267453130232e-06,192.0257508973591,58,COMPLETE
7051,10.344026668026457,4.9174396284289905,2026-10-06 05:40:55.273584,2026-10-06 05:44:08.290690,0 days 00:03:13.017106,0.18472274745078338,1.8054001832365776,2.5983556309935723,16.966954115393197,0.008698017554316196,9.276149498101161e-05,193.01697756396607,58,COMPLETE
7052,24.128531348475843,26.067406513780192,2026-10-06 05:40:55.317664,2026-10-06 05:44:06.327971,0 days 00:03:11.010307,0.419007027175139,3.42961079489487,78.91305021174706,53.19831855856638,0.009569508337727876,2.9329787435233236e-05,191.01016798475757,58,COMPLETE
7053,30.382388393004913,24.28438583683693,2026-10-06 05:40:55.321651,2026-10-06 05:44:11.274898,0 days 00:03:15.953247,0.22586482827825394,1.8054001832365776,78.91305021174706,16.966954115393197,0.008698017554316196,1.2446212784745538e-06,195.95311454311013,58,COMPLETE
7054,16.28214595705272,17.697465478718588,2026-10-06 05:40:55.367905,2026-10-06 05:44:09.865346,0 days 00:03:14.497441,0.48967816666395225,6.28879905307643,78.91305021174706,46.431764750098004,0.009569508337727876,0.007868507829765595,194.49734080024064,58,COMPLETE
7055,30.01701282477786,6.299161477342142,2026-10-06 05:40:55.371637,2026-10-06 05:44:08.372562,0 days 00:03:13.000925,0.05697475189463145,1.8054001832365776,78.91305021174706,53.19831855856638,0.008698017554316196,0.00397462447285334,193.00081517826766,58,COMPLETE
7056,26.31342956261927,1.6036403613900805,2026-10-06 05:40:55.929873,2026-10-06 05:44:07.049241,0 days 00:03:11.119368,0.18472274745078338,6.28879905307643,78.91305021174706,12.025559114678314,0.009569508337727876,2.328670127015952e-06,191.11924274498597,58,COMPLETE
7057,30.726898033001635,4.941219144849841,2026-10-06 05:40:55.985823,2026-10-06 05:44:10.287049,0 days 00:03:14.301226,0.3401090828369047,1.0100598856645617,78.91305021174706,31.5703590071656,0.049205268949536154,1.4671267453130232e-06,194.30111812707037,58,COMPLETE
7058,4.591057567499627,1.3097296516317676,2026-10-06 05:40:56.226681,2026-10-06 05:44:08.081655,0 days 00:03:11.854974,0.419007027175139,1.0100598856645617,5.592953370406478,3.6329465500082856,0.009569508337727876,6.962167741723809,191.85486202687025,58,COMPLETE
7059,32.042316291176625,3.4791489664752726,2026-10-06 05:40:56.234646,2026-10-06 05:44:07.892577,0 days 00:03:11.657931,0.23031451671444528,1.0100598856645617,78.91305021174706,7.704673657496365,0.04237354701066096,1.2446212784745538e-06,191.6578332139179,58,COMPLETE
7060,4.878696672245994,1.5031827379489706,2026-10-06 05:40:56.250643,2026-10-06 05:44:08.983653,0 days 00:03:12.733010,0.14472486883161542,15.718747450241823,3.6892046876812588,11.633674115816481,0.008698017554316196,1.4671267453130232e-06,192.73290028888732,58,COMPLETE
7061,5.790172275571182,1.8705626867514817,2026-10-06 05:40:56.458689,2026-10-06 05:44:08.552944,0 days 00:03:12.094255,0.8082815674624025,1.0100598856645617,1.2659753545375694,7.704673657496365,0.009569508337727876,2.108934163128921e-06,192.0941565851681,58,COMPLETE
7062,20.004082579064804,4.517076413039311,2026-10-06 05:40:56.840682,2026-10-06 05:44:07.799799,0 days 00:03:10.959117,0.134407121693098,27.432723052630095,78.91305021174706,21.63910276826749,0.008698017554316196,1.54960617812222e-06,190.9589953161776,59,COMPLETE
7063,32.28022269008473,14.079872998578233,2026-10-06 05:40:57.141861,2026-10-06 05:44:06.452530,0 days 00:03:09.310669,0.11816812965117938,1.0100598856645617,78.91305021174706,18.49957504695779,0.009569508337727876,1.4671267453130232e-06,189.31055130902678,59,COMPLETE
7064,29.267360530905773,24.880212147594516,2026-10-06 05:40:57.145635,2026-10-06 05:44:07.154738,0 days 00:03:10.009103,0.2918907020150273,3.42961079489487,78.91305021174706,18.49957504695779,0.009724530797665321,1.4671267453130232e-06,190.00897864997387,59,COMPLETE
7065,30.534054924946496,7.853928802139312,2026-10-06 05:40:57.149630,2026-10-06 05:44:09.278800,0 days 00:03:12.129170,0.057877284102422745,1.8054001832365776,80.97346391189345,18.49957504695779,0.008698017554316196,1.4671267453130232e-06,192.1290737427771,59,COMPLETE
7066,32.10595010851622,12.91587442924622,2026-10-06 05:40:57.215659,2026-10-06 05:44:07.388787,0 days 00:03:10.173128,0.09563142659737969,1.0100598856645617,78.91305021174706,12.025559114678314,0.008698017554316196,1.4671267453130232e-06,190.1730377287604,59,COMPLETE
7067,32.52562539760663,12.389553118372469,2026-10-06 05:40:57.541674,2026-10-06 05:44:08.487263,0 days 00:03:10.945589,0.12186470831252749,1.0100598856645617,78.91305021174706,12.025559114678314,0.009569508337727876,2.108934163128921e-06,190.94549261312932,59,COMPLETE
7068,28.090230451700087,3.3032060883805063,2026-10-06 05:40:57.711671,2026-10-06 05:44:09.698348,0 days 00:03:11.986677,0.8139461583835917,3.42961079489487,78.91305021174706,7.704673657496365,0.08669188107570021,1.4671267453130232e-06,191.9865343659185,59,COMPLETE
7069,4.5889025092730735,1.296182345152399,2026-10-06 05:40:58.003695,2026-10-06 05:44:11.019624,0 days 00:03:13.015929,0.19189241237051688,17.427038961656,3.2860850104816013,12.025559114678314,0.008698017554316196,1.4671267453130232e-06,193.0158013170585,59,COMPLETE
7070,21.33048477787808,19.110378612491793,2026-10-06 05:40:58.008038,2026-10-06 05:44:11.117386,0 days 00:03:13.109348,0.419007027175139,3.42961079489487,78.91305021174706,53.19831855856638,0.009569508337727876,0.0003853725947836392,193.10922220582142,59,COMPLETE
7071,31.24465647848237,20.199382297058122,2026-10-06 05:40:58.152817,2026-10-06 05:44:08.519306,0 days 00:03:10.366489,0.17534157142392734,1.5672840075322876,78.91305021174706,11.286119700737487,0.008698017554316196,1.4671267453130232e-06,190.36639426508918,59,COMPLETE
7072,32.62024718008092,4.405228254831329,2026-10-06 05:40:58.156636,2026-10-06 05:44:08.371373,0 days 00:03:10.214737,0.19189241237051688,1.0100598856645617,78.91305021174706,12.025559114678314,0.03463343903868386,1.4671267453130232e-06,190.21461117640138,59,COMPLETE
7073,24.23513516390488,19.836635581608686,2026-10-06 05:40:58.160632,2026-10-06 05:44:08.702860,0 days 00:03:10.542228,0.48967816666395225,6.28879905307643,78.91305021174706,7.132628294247364,0.009569508337727876,2.328670127015952e-06,190.54213220486417,59,COMPLETE
7074,0.11336149253445234,1.193580204798251,2026-10-06 05:40:59.087673,2026-10-06 05:44:08.036210,0 days 00:03:08.948537,0.48967816666395225,1.8054001832365776,78.91305021174706,12.025559114678314,0.008698017554316196,1.6159005571671277e-05,188.94841756578535,59,COMPLETE
7075,27.63755458559954,25.272248038568833,2026-10-06 05:40:59.132671,2026-10-06 05:44:08.566292,0 days 00:03:09.433621,0.35349415915446786,4.95477336878759,80.97346391189345,12.025559114678314,0.009569508337727876,1.4671267453130232e-06,189.43353268690407,59,COMPLETE
7076,31.953517529900097,16.538724957378236,2026-10-06 05:40:59.853695,2026-10-06 05:44:07.573900,0 days 00:03:07.720205,0.14472486883161542,1.0100598856645617,78.91305021174706,12.025559114678314,0.008698017554316196,1.4671267453130232e-06,187.7200658582151,59,COMPLETE
7077,1.5640893724859308,1.1972427443104936,2026-10-06 05:40:59.861642,2026-10-06 05:44:08.771272,0 days 00:03:08.909630,0.2918907020150273,15.699836539838694,91.90566901015933,7.831880363891651,0.009569508337727876,1.0837899328538103e-06,188.90951614407822,59,COMPLETE
7078,22.761002175346874,1.7400326330853526,2026-10-06 05:41:00.984693,2026-10-06 05:44:11.619337,0 days 00:03:10.634644,0.14472486883161542,3.42961079489487,80.97346391189345,5.930600397994987,0.030628109680001264,1.4671267453130232e-06,190.63450946006924,59,COMPLETE
7079,22.23635474666314,4.417142893521726,2026-10-06 05:41:01.852344,2026-10-06 05:44:11.462887,0 days 00:03:09.610543,0.14472486883161542,33.60993452566435,78.91305021174706,18.49957504695779,0.009569508337727876,1.4671267453130232e-06,189.61040724813938,59,COMPLETE
7080,20.735414274590138,1.409550457410289,2026-10-06 05:41:26.953898,2026-10-06 05:44:38.117611,0 days 00:03:11.163713,0.17534157142392734,1.0100598856645617,21.397180400850118,12.025559114678314,0.08741365492113799,2.328670127015952e-06,191.1635605650954,59,COMPLETE
7081,29.300582956439733,1.5503134813541466,2026-10-06 05:41:30.262955,2026-10-06 05:44:45.186859,0 days 00:03:14.923904,0.06441798531902292,19.04486455065622,78.91305021174706,5.34298889518897,0.009569508337727876,1.54960617812222e-06,194.92376665212214,59,COMPLETE
7082,,,2026-10-06 05:42:09.339676,2026-10-06 05:42:10.277769,0 days 00:00:00.938093,0.3401090828369047,3.42961079489487,78.91305021174706,53.19831855856638,0.008698017554316196,,,59,PRUNED
7083,31.513386800382193,18.457858106230912,2026-10-06 05:42:10.804864,2026-10-06 05:45:25.533896,0 days 00:03:14.729032,0.14472486883161542,1.0100598856645617,78.91305021174706,21.63910276826749,0.008698017554316196,1.4671267453130232e-06,194.72889209492132,59,COMPLETE
7084,23.72729269643557,26.101711976552824,2026-10-06 05:42:10.993699,2026-10-06 05:45:25.296625,0 days 00:03:14.302926,0.48967816666395225,6.28879905307643,78.91305021174706,12.025559114678314,0.009569508337727876,1.4671267453130232e-06,194.3027810221538,59,COMPLETE
7085,31.05481632891203,6.067946225865264,2026-10-06 05:42:11.128688,2026-10-06 05:45:20.822799,0 days 00:03:09.694111,0.14472486883161542,1.0100598856645617,78.91305021174706,2.1277947120478102,0.009569508337727876,0.000504688969687817,189.6939648319967,59,COMPLETE
7086,21.393944880397715,16.223689860902475,2026-10-06 05:42:49.159681,2026-10-06 05:46:03.927731,0 days 00:03:14.768050,0.3401090828369047,3.42961079489487,80.97346391189345,53.19831855856638,0.009569508337727876,0.003893563891961529,194.76790907187387,59,COMPLETE
7087,15.885943411944615,8.981294375587016,2026-10-06 05:43:47.310474,2026-10-06 05:46:49.316561,0 days 00:03:02.006087,0.35349415915446786,1.0100598856645617,13.585159716426903,4.643153959451283,0.008698017554316196,1.4671267453130232e-06,182.0059413597919,59,COMPLETE
7088,23.077428923234482,11.27153359786306,2026-10-06 05:44:01.800696,2026-10-06 05:47:16.813414,0 days 00:03:15.012718,0.5753561303199751,2.5826334477054016,78.91305021174706,2.5931783094816834,0.009569508337727876,1.4671267453130232e-06,195.01259722700343,59,COMPLETE
7089,33.06639186511464,4.907105218115252,2026-10-06 05:44:01.804625,2026-10-06 05:47:13.722571,0 days 00:03:11.917946,0.047559182674670304,1.0100598856645617,78.91305021174706,8.858210845255327,0.009569508337727876,1.4671267453130232e-06,191.9176969700493,59,COMPLETE
7090,29.102248272336208,23.157936822132065,2026-10-06 05:44:02.271700,2026-10-06 05:47:18.100701,0 days 00:03:15.829001,0.2918907020150273,1.8054001832365776,78.91305021174706,16.966954115393197,0.008698017554316196,2.328670127015952e-06,195.82887811213732,59,COMPLETE
7091,31.81736572001331,18.161477735830818,2026-10-06 05:44:02.614890,2026-10-06 05:47:19.700424,0 days 00:03:17.085534,0.17534157142392734,1.0100598856645617,80.97346391189345,12.025559114678314,0.008698017554316196,1.4671267453130232e-06,197.08542748494074,59,COMPLETE
7092,20.139041998628592,16.800884149967445,2026-10-06 05:44:02.827690,2026-10-06 05:47:16.169589,0 days 00:03:13.341899,0.19189241237051688,4.014839763781616,22.925599952495602,46.431764750098004,0.009569508337727876,1.4671267453130232e-06,193.34176421072334,59,COMPLETE
7093,5.4704114557012264,1.3166981570039464,2026-10-06 05:44:02.943879,2026-10-06 05:47:15.802939,0 days 00:03:12.859060,0.419007027175139,32.363233740091204,2.384062358984682,6.759177230839776,0.009569508337727876,4.640959581618613e-05,192.8589106569998,59,COMPLETE
7094,21.174254701399704,20.1724145071956,2026-10-06 05:44:03.002678,2026-10-06 05:47:15.264843,0 days 00:03:12.262165,0.6806619751740526,6.28879905307643,78.91305021174706,6.8423379475656585,0.009569508337727876,1.4671267453130232e-06,192.26202890789136,59,COMPLETE
7095,31.797278028885337,17.23442484121371,2026-10-06 05:44:03.319711,2026-10-06 05:47:13.975202,0 days 00:03:10.655491,0.17534157142392734,1.0100598856645617,78.91305021174706,12.025559114678314,0.008698017554316196,1.4671267453130232e-06,190.65534750791267,59,COMPLETE
7096,30.77612088688419,16.81773778524898,2026-10-06 05:44:03.476821,2026-10-06 05:47:18.351395,0 days 00:03:14.874574,0.14472486883161542,2.5826334477054016,78.91305021174706,12.025559114678314,0.009569508337727876,1.2446212784745538e-06,194.87443174840882,59,COMPLETE
7097,25.956204591587408,25.093084204428465,2026-10-06 05:44:03.480645,2026-10-06 05:47:17.343649,0 days 00:03:13.863004,0.419007027175139,1.8054001832365776,78.91305021174706,53.19831855856638,0.009569508337727876,2.328670127015952e-06,193.86286697583273,59,COMPLETE
7098,20.855936608875748,4.409134588149541,2026-10-06 05:44:03.541334,2026-10-06 05:47:18.713292,0 days 00:03:15.171958,0.19189241237051688,19.175236456537803,78.91305021174706,18.49957504695779,0.008698017554316196,1.4671267453130232e-06,195.17182365898043,59,COMPLETE
7099,32.48259139436124,13.107878440976481,2026-10-06 05:44:04.336834,2026-10-06 05:47:20.979989,0 days 00:03:16.643155,0.14472486883161542,1.0100598856645617,78.91305021174706,12.025559114678314,0.010066673683367812,1.4671267453130232e-06,196.64305105200037,59,COMPLETE
7100,31.263884506956373,20.119745731409488,2026-10-06 05:44:05.052928,2026-10-06 05:47:19.037653,0 days 00:03:13.984725,0.18472274745078338,1.8054001832365776,78.91305021174706,7.704673657496365,0.008698017554316196,1.2446212784745538e-06,193.98460103804246,59,COMPLETE
7101,32.10977551580986,12.354468368461745,2026-10-06 05:44:05.216845,2026-10-06 05:47:18.936423,0 days 00:03:13.719578,0.14472486883161542,1.0100598856645617,78.91305021174706,8.858210845255327,0.008698017554316196,8.960173671477673e-06,193.71946515655145,59,COMPLETE
7102,14.889979286297091,1.3850925265878427,2026-10-06 05:44:05.257662,2026-10-06 05:47:20.346151,0 days 00:03:15.088489,0.18472274745078338,3.42961079489487,78.91305021174706,53.19831855856638,0.008698017554316196,1.4671267453130232e-06,195.08838058961555,59,COMPLETE
7103,15.319195971354748,4.72867985938223,2026-10-06 05:44:05.406901,2026-10-06 05:47:16.124563,0 days 00:03:10.717662,0.35349415915446786,2.5826334477054016,78.91305021174706,53.19831855856638,0.009569508337727876,2.2669428137637424,190.7175264870748,59,COMPLETE
7104,17.537379743261482,16.811965881662307,2026-10-06 05:44:05.730692,2026-10-06 05:47:19.309519,0 days 00:03:13.578827,0.12186470831252749,1.0100598856645617,6.857637916727345,9.034107647570229,0.0042854188120857875,2.108934163128921e-06,193.57870640605688,59,COMPLETE
7105,30.5249131692074,23.098241552317965,2026-10-06 05:44:05.868701,2026-10-06 05:47:20.055429,0 days 00:03:14.186728,0.19189241237051688,1.8054001832365776,78.91305021174706,21.63910276826749,0.008698017554316196,1.54960617812222e-06,194.18657157430425,59,COMPLETE
7106,25.43936892412848,29.485527904707073,2026-10-06 05:44:06.484688,2026-10-06 05:47:16.452568,0 days 00:03:09.967880,0.419007027175139,2.5826334477054016,78.91305021174706,53.19831855856638,0.009569508337727876,1.4671267453130232e-06,189.9677436989732,59,COMPLETE
7107,29.78706051009512,18.3409841351736,2026-10-06 05:44:06.574809,2026-10-06 05:47:18.677871,0 days 00:03:12.103062,0.14472486883161542,3.42961079489487,78.91305021174706,53.19831855856638,0.010066673683367812,1.4671267453130232e-06,192.1029237699695,59,COMPLETE
7108,29.317120549378398,25.42483361588202,2026-10-06 05:44:06.616788,2026-10-06 05:47:19.648495,0 days 00:03:13.031707,0.2918907020150273,3.42961079489487,80.97346391189345,18.49957504695779,0.009569508337727876,1.4671267453130232e-06,193.03160856571048,59,COMPLETE
7109,31.646554368680476,18.07204007927074,2026-10-06 05:44:06.972691,2026-10-06 05:47:22.295358,0 days 00:03:15.322667,0.14472486883161542,1.0100598856645617,78.91305021174706,18.49957504695779,0.008698017554316196,1.4671267453130232e-06,195.32252179505304,59,COMPLETE
7110,12.738285730950164,4.468810201342275,2026-10-06 05:44:07.257704,2026-10-06 05:47:20.760339,0 days 00:03:13.502635,0.3401090828369047,28.766092091228394,80.97346391189345,45.605935248059524,0.009569508337727876,1.4671267453130232e-06,193.502509099897,59,COMPLETE
7111,15.559807442160633,1.3012911476863538,2026-10-06 05:44:07.270675,2026-10-06 05:47:20.853475,0 days 00:03:13.582800,0.03985441060057233,1.0100598856645617,25.04178565649563,46.431764750098004,0.009569508337727876,29.51714026934089,193.58270123135298,59,COMPLETE
7112,0.06967029775883209,1.185549507759375,2026-10-06 05:44:07.335285,2026-10-06 05:47:20.418806,0 days 00:03:13.083521,0.7785418991894284,1.0100598856645617,78.91305021174706,12.025559114678314,0.008698017554316196,2.328670127015952e-06,193.0834337780252,59,COMPLETE
7113,,,2026-10-06 05:44:07.424771,2026-10-06 05:44:07.721701,0 days 00:00:00.296930,0.19189241237051688,1.8054001832365776,78.91305021174706,21.63910276826749,0.005375574017893185,,,59,PRUNED
7114,,,2026-10-06 05:44:07.815560,2026-10-06 05:44:08.575696,0 days 00:00:00.760136,0.04532286018799276,38.61903688781197,78.91305021174706,53.19831855856638,0.009569508337727876,,,59,PRUNED
7115,30.662506744930845,1.609433080246981,2026-10-06 05:44:08.400559,2026-10-06 05:47:21.263935,0 days 00:03:12.863376,0.09636936785374155,6.28879905307643,78.91305021174706,2.5931783094816834,0.009569508337727876,1.0746247031029727e-06,192.86326950183138,59,COMPLETE
7116,23.14903777443656,30.00242499837254,2026-10-06 05:44:08.404547,2026-10-06 05:47:20.922986,0 days 00:03:12.518439,0.48967816666395225,6.28879905307643,78.91305021174706,18.49957504695779,0.009569508337727876,1.4671267453130232e-06,192.51834469102323,59,COMPLETE
7117,29.03326695999083,2.0113021049648823,2026-10-06 05:44:08.408535,2026-10-06 05:47:19.239758,0 days 00:03:10.831223,0.034705765651409676,1.0100598856645617,78.91305021174706,2.5931783094816834,0.009569508337727876,1.54960617812222e-06,190.8311134101823,59,COMPLETE
7118,19.019130041313893,1.26504721206612,2026-10-06 05:44:08.412548,2026-10-06 05:47:20.410834,0 days 00:03:11.998286,0.01035328343035076,2.5826334477054016,78.91305021174706,12.025559114678314,0.009569508337727876,0.0056877875440142275,191.9981932528317,59,COMPLETE
7119,29.782525764944086,23.392551262127345,2026-10-06 05:44:08.416538,2026-10-06 05:47:17.656901,0 days 00:03:09.240363,0.2840251370560748,3.42961079489487,78.91305021174706,12.025559114678314,0.009569508337727876,1.4671267453130232e-06,189.24024905078113,59,COMPLETE
7120,28.705751926117227,21.220510447630932,2026-10-06 05:44:08.420539,2026-10-06 05:47:22.544336,0 days 00:03:14.123797,0.35349415915446786,1.0100598856645617,80.97346391189345,53.19831855856638,0.009569508337727876,1.2446212784745538e-06,194.12366294302046,59,COMPLETE
7121,,,2026-10-06 05:44:08.424538,2026-10-06 05:44:09.238938,0 days 00:00:00.814400,0.5363027151559505,6.28879905307643,80.97346391189345,53.19831855856638,0.008698017554316196,,,59,PRUNED
7122,,,2026-10-06 05:44:08.428538,2026-10-06 05:44:10.198709,0 days 00:00:01.770171,0.06441798531902292,37.629388380036495,78.91305021174706,53.19831855856638,0.009569508337727876,,,59,PRUNED
7123,14.511551346623722,2.100350428500429,2026-10-06 05:44:08.432533,2026-10-06 05:47:17.976577,0 days 00:03:09.544044,0.3401090828369047,2.5826334477054016,78.91305021174706,53.19831855856638,0.009569508337727876,10.03743471629371,189.54378185002133,59,COMPLETE
