number,values_0,values_1,datetime_start,datetime_complete,duration,params_c_val,params_input_force,params_k_between_val,params_k_wall_val,params_m_val,params_ridge_alpha,user_attrs_duration_sec,system_attrs_NSGAIISampler:generation,state
5139,,,2026-10-06 04:14:07.943836,2026-10-06 04:14:08.554755,0 days 00:00:00.610919,0.14472486883161542,1.8054001832365776,98.55779755806988,7.704673657496365,0.009569508337727876,,,43,PRUNED
5140,29.64685770017008,14.763765776472887,2026-10-06 04:14:08.077790,2026-10-06 04:17:20.157016,0 days 00:03:12.079226,0.105299114079344,3.42961079489487,80.97346391189345,46.431764750098004,0.009569508337727876,2.328670127015952e-06,192.07912700809538,43,COMPLETE
5141,,,2026-10-06 04:14:08.618579,2026-10-06 04:14:09.792813,0 days 00:00:01.174234,0.35349415915446786,1.8054001832365776,78.91305021174706,53.19831855856638,0.008698017554316196,,,43,PRUNED
5142,26.522684711511317,16.538848905123604,2026-10-06 04:14:08.622549,2026-10-06 04:17:24.468239,0 days 00:03:15.845690,0.17534157142392734,1.8054001832365776,29.319061633646097,12.025559114678314,0.009569508337727876,2.328670127015952e-06,195.84558529313654,43,COMPLETE
5143,29.32021293601098,20.046229820270057,2026-10-06 04:14:08.703946,2026-10-06 04:17:19.348569,0 days 00:03:10.644623,0.3401090828369047,3.42961079489487,80.97346391189345,7.704673657496365,0.009569508337727876,2.108934163128921e-06,190.644520805683,43,COMPLETE
5144,19.863864862586613,10.460577438399238,2026-10-06 04:14:08.755645,2026-10-06 04:17:23.386565,0 days 00:03:14.630920,0.2680662921881964,46.001114364141344,78.91305021174706,18.49957504695779,0.009569508337727876,2.328670127015952e-06,194.63072683522478,43,COMPLETE
5145,32.58296902202029,11.912310480463777,2026-10-06 04:14:08.759630,2026-10-06 04:17:20.875055,0 days 00:03:12.115425,0.14472486883161542,1.0100598856645617,78.91305021174706,7.704673657496365,0.009569508337727876,2.328670127015952e-06,192.11532156309113,43,COMPLETE
5146,30.93566168680822,21.685335779995146,2026-10-06 04:14:09.412857,2026-10-06 04:17:19.050955,0 days 00:03:09.638098,0.19189241237051688,1.8054001832365776,78.91305021174706,12.025559114678314,0.008698017554316196,1.4671267453130232e-06,189.6379637448117,43,COMPLETE
5147,24.392469584084193,13.638262491698853,2026-10-06 04:14:09.416640,2026-10-06 04:17:25.993537,0 days 00:03:16.576897,0.48967816666395225,6.28879905307643,78.91305021174706,5.0769955996377165,0.009569508337727876,1.4671267453130232e-06,196.5767772179097,43,COMPLETE
5148,31.82632862020902,16.1371655868811,2026-10-06 04:14:09.747117,2026-10-06 04:17:25.353335,0 days 00:03:15.606218,0.17534157142392734,1.8054001832365776,78.91305021174706,6.182683349256731,0.009569508337727876,1.4671267453130232e-06,195.60612475080416,43,COMPLETE
5149,31.194625214478425,19.28196013376421,2026-10-06 04:14:09.840655,2026-10-06 04:17:23.759829,0 days 00:03:13.919174,0.19189241237051688,1.8054001832365776,78.91305021174706,12.025559114678314,0.009569508337727876,1.2446212784745538e-06,193.9190817293711,43,COMPLETE
5150,23.375232136126392,32.287505094854964,2026-10-06 04:14:09.972863,2026-10-06 04:17:23.629298,0 days 00:03:13.656435,0.48967816666395225,3.42961079489487,78.91305021174706,53.19831855856638,0.009569508337727876,1.4671267453130232e-06,193.6563147250563,43,COMPLETE
5151,29.317120549378398,25.42483361588202,2026-10-06 04:14:09.976649,2026-10-06 04:17:26.157371,0 days 00:03:16.180722,0.2918907020150273,3.42961079489487,80.97346391189345,18.49957504695779,0.009569508337727876,1.4671267453130232e-06,196.1805880148895,43,COMPLETE
5152,27.44439974985025,22.746530814510457,2026-10-06 04:14:09.980627,2026-10-06 04:17:20.538898,0 days 00:03:10.558271,0.17534157142392734,1.8054001832365776,45.65362348898815,46.431764750098004,0.007857126276235443,2.328670127015952e-06,190.55817168205976,43,COMPLETE
5153,21.90806904644463,1.4743792566642466,2026-10-06 04:14:09.984626,2026-10-06 04:17:24.299973,0 days 00:03:14.315347,0.48967816666395225,24.74730591100489,97.66008027286546,16.78941718725493,0.03463343903868386,1.4671267453130232e-06,194.31525724520907,43,COMPLETE
5154,31.457370751386872,16.406671883594576,2026-10-06 04:14:09.988628,2026-10-06 04:17:22.505962,0 days 00:03:12.517334,0.17534157142392734,1.8054001832365776,69.33707937619111,6.182683349256731,0.008698017554316196,2.328670127015952e-06,192.5172412302345,43,COMPLETE
5155,,,2026-10-06 04:14:09.992628,2026-10-06 04:14:11.181723,0 days 00:00:01.189095,0.14472486883161542,5.95885307566129,78.91305021174706,40.29115295108787,0.001007068345122065,,,43,PRUNED
5156,28.17220731647395,12.63847605015228,2026-10-06 04:14:09.996629,2026-10-06 04:17:20.979059,0 days 00:03:10.982430,0.22031827582514427,1.0100598856645617,78.91305021174706,18.49957504695779,0.009569508337727876,0.00040352176128270886,190.98234607419,43,COMPLETE
5157,32.35139511033228,14.074195075963036,2026-10-06 04:14:10.668879,2026-10-06 04:17:22.617073,0 days 00:03:11.948194,0.14472486883161542,1.0100598856645617,78.91305021174706,12.025559114678314,0.009569508337727876,1.2446212784745538e-06,191.9481045617722,43,COMPLETE
5158,14.00231139730335,2.0322276615526147,2026-10-06 04:14:10.672644,2026-10-06 04:17:23.651610,0 days 00:03:12.978966,0.06441798531902292,1.8054001832365776,3.8034757700098494,48.12205095641534,0.008698017554316196,2.328670127015952e-06,192.97885306505486,43,COMPLETE
5159,21.70924289128815,2.3942459091020583,2026-10-06 04:14:10.676627,2026-10-06 04:17:21.081045,0 days 00:03:10.404418,0.11816812965117938,47.58574208057726,78.91305021174706,18.49957504695779,0.011072534350632884,2.328670127015952e-06,190.40432559791952,43,COMPLETE
5160,30.69629007666797,1.2684344906233458,2026-10-06 04:14:10.680625,2026-10-06 04:17:22.424056,0 days 00:03:11.743431,0.03870569989390948,1.8054001832365776,78.91305021174706,1.001953978175756,0.008698017554316196,1.4671267453130232e-06,191.7433249130845,43,COMPLETE
5161,16.347653097508672,1.2757088022095866,2026-10-06 04:14:10.684625,2026-10-06 04:17:25.309697,0 days 00:03:14.625072,0.11816812965117938,1.0100598856645617,78.91305021174706,12.025559114678314,0.008698017554316196,8.723247276798018,194.6249689310789,43,COMPLETE
5162,26.520094942631395,5.61229739632799,2026-10-06 04:14:10.688627,2026-10-06 04:17:25.017387,0 days 00:03:14.328760,0.19189241237051688,43.04761030653506,78.91305021174706,7.14008749932051,0.009569508337727876,2.328670127015952e-06,194.3286471599713,43,COMPLETE
5163,32.5851454632067,12.028599541068763,2026-10-06 04:14:10.692636,2026-10-06 04:17:24.396643,0 days 00:03:13.704007,0.14472486883161542,1.0100598856645617,78.91305021174706,7.704673657496365,0.009569508337727876,2.108934163128921e-06,193.70391585025936,43,COMPLETE
5164,31.342636246855413,18.69315893146779,2026-10-06 04:14:11.112701,2026-10-06 04:17:25.089173,0 days 00:03:13.976472,0.17534157142392734,1.8054001832365776,78.91305021174706,7.14008749932051,0.008698017554316196,2.328670127015952e-06,193.97635496594012,43,COMPLETE
5165,0.7050166788591425,1.1776081848289692,2026-10-06 04:14:11.182021,2026-10-06 04:17:22.589806,0 days 00:03:11.407785,0.6898695372595377,8.126331810345643,78.91305021174706,18.49957504695779,0.008698017554316196,2.328670127015952e-06,191.40769255394116,43,COMPLETE
5166,24.234865081474062,19.851506843545234,2026-10-06 04:14:11.406872,2026-10-06 04:17:21.167273,0 days 00:03:09.760401,0.48967816666395225,6.28879905307643,78.91305021174706,7.14008749932051,0.009569508337727876,2.328670127015952e-06,189.76029204204679,43,COMPLETE
5167,24.775268597863466,22.30007459151846,2026-10-06 04:14:12.103896,2026-10-06 04:17:19.807510,0 days 00:03:07.703614,0.48967816666395225,2.3183825863587852,78.91305021174706,18.49957504695779,0.009569508337727876,1.4671267453130232e-06,187.70351357292384,43,COMPLETE
5168,,,2026-10-06 04:14:12.107647,2026-10-06 04:14:13.270731,0 days 00:00:01.163084,0.014379365499387783,6.28879905307643,78.91305021174706,18.49957504695779,0.0011891320589495187,,,43,PRUNED
5169,27.378561527387472,4.725728797228233,2026-10-06 04:14:12.111633,2026-10-06 04:17:25.409508,0 days 00:03:13.297875,0.17534157142392734,45.34629950198291,78.91305021174706,6.182683349256731,0.009569508337727876,0.0006625924337839097,193.29778302414343,43,COMPLETE
5170,14.384411267541314,1.2772336378609526,2026-10-06 04:14:12.115627,2026-10-06 04:17:23.326236,0 days 00:03:11.210609,0.18472274745078338,1.8054001832365776,53.8782539212114,4.949274479107639,0.008698017554316196,48.4328478974118,191.2105132052675,43,COMPLETE
5171,,,2026-10-06 04:14:12.122644,2026-10-06 04:14:14.771769,0 days 00:00:02.649125,0.17534157142392734,1.0100598856645617,42.436017713611534,4.949274479107639,0.002369356956736995,,,43,PRUNED
5172,,,2026-10-06 04:14:12.126629,2026-10-06 04:14:13.463716,0 days 00:00:01.337087,0.11816812965117938,3.851393118178278,95.34471717510895,3.4291729175822705,0.008698017554316196,,,43,PRUNED
5173,32.71046796064979,11.142078618947037,2026-10-06 04:14:12.130632,2026-10-06 04:17:20.956588,0 days 00:03:08.825956,0.12186470831252749,1.0100598856645617,78.91305021174706,7.704673657496365,0.009569508337727876,2.108934163128921e-06,188.82586767198518,43,COMPLETE
5174,,,2026-10-06 04:14:12.134626,2026-10-06 04:14:14.094778,0 days 00:00:01.960152,0.22031827582514427,2.5826334477054016,78.91305021174706,16.834157916687932,0.0015413145240988754,,,43,PRUNED
5175,,,2026-10-06 04:14:12.138634,2026-10-06 04:14:12.507370,0 days 00:00:00.368736,0.19189241237051688,1.8054001832365776,78.91305021174706,18.49957504695779,0.00529179144154058,,,43,PRUNED
5176,30.775732267304583,20.30297797784019,2026-10-06 04:14:12.215674,2026-10-06 04:17:25.660821,0 days 00:03:13.445147,0.22031827582514427,1.8054001832365776,78.91305021174706,18.49957504695779,0.009569508337727876,2.328670127015952e-06,193.44503623060882,43,COMPLETE
5177,33.15072549952123,3.438517429646824,2026-10-06 04:14:12.291910,2026-10-06 04:17:25.148076,0 days 00:03:12.856166,0.14472486883161542,1.0100598856645617,78.91305021174706,12.025559114678314,0.03463343903868386,1.2446212784745538e-06,192.85605955682695,43,COMPLETE
5178,23.925084182401577,19.92349126515315,2026-10-06 04:14:12.365212,2026-10-06 04:17:22.553513,0 days 00:03:10.188301,0.48967816666395225,1.0100598856645617,78.91305021174706,53.19831855856638,0.009569508337727876,1.4671267453130232e-06,190.18820461584255,43,COMPLETE
5179,32.085632161460765,12.122453831282867,2026-10-06 04:14:12.567706,2026-10-06 04:17:21.391603,0 days 00:03:08.823897,0.19189241237051688,1.0100598856645617,78.91305021174706,2.5931783094816834,0.008698017554316196,2.328670127015952e-06,188.82380449865013,43,COMPLETE
5180,28.361814820789203,2.290673408608479,2026-10-06 04:14:13.100717,2026-10-06 04:17:22.444022,0 days 00:03:09.343305,0.17534157142392734,4.919702028870817,78.91305021174706,7.381713485138155,0.009569508337727876,2.328670127015952e-06,189.34319817088544,43,COMPLETE
5181,30.961005254600998,20.612982797267883,2026-10-06 04:14:13.108649,2026-10-06 04:17:24.251152,0 days 00:03:11.142503,0.19189241237051688,1.8054001832365776,78.91305021174706,18.49957504695779,0.009569508337727876,1.2446212784745538e-06,191.14240474719554,43,COMPLETE
5182,31.324491841759606,18.592061090179374,2026-10-06 04:14:13.116637,2026-10-06 04:17:26.599482,0 days 00:03:13.482845,0.19189241237051688,1.0100598856645617,78.91305021174706,18.49957504695779,0.008698017554316196,2.328670127015952e-06,193.4827379686758,43,COMPLETE
5183,20.558098055221713,23.398825015114816,2026-10-06 04:14:13.120636,2026-10-06 04:17:25.357234,0 days 00:03:12.236598,0.6359774866480042,1.8054001832365776,78.91305021174706,40.29115295108787,0.009569508337727876,1.0746247031029727e-06,192.23651125608012,43,COMPLETE
5184,31.305028208035207,19.757611201721605,2026-10-06 04:14:13.479683,2026-10-06 04:17:21.312083,0 days 00:03:07.832400,0.19189241237051688,1.8054001832365776,78.91305021174706,7.14008749932051,0.008698017554316196,1.4671267453130232e-06,187.8323010308668,43,COMPLETE
5185,21.09748090216083,1.3736625346660178,2026-10-06 04:14:13.562842,2026-10-06 04:17:26.283954,0 days 00:03:12.721112,0.14472486883161542,47.554329999397645,31.663025905520954,7.14008749932051,0.03463343903868386,2.328670127015952e-06,192.72100076684728,43,COMPLETE
5186,12.963725961205778,6.158571632338643,2026-10-06 04:14:13.566643,2026-10-06 04:17:26.001513,0 days 00:03:12.434870,0.3401090828369047,33.22730412465902,80.97346391189345,45.605935248059524,0.009569508337727876,2.328670127015952e-06,192.43476973706856,43,COMPLETE
5187,15.743230396520008,1.2728663364053259,2026-10-06 04:14:13.570637,2026-10-06 04:17:26.024115,0 days 00:03:12.453478,0.17534157142392734,1.8054001832365776,78.91305021174706,7.14008749932051,0.008698017554316196,21.27757081843508,192.45338087622076,43,COMPLETE
5188,26.643159745560535,5.045060342825441,2026-10-06 04:14:13.572632,2026-10-06 04:17:21.717338,0 days 00:03:08.144706,0.17534157142392734,35.77187026429913,78.91305021174706,7.704673657496365,0.009569508337727876,2.108934163128921e-06,188.14460256695747,43,COMPLETE
5189,20.89472923668729,10.132991913160541,2026-10-06 04:14:13.631646,2026-10-06 04:17:24.788297,0 days 00:03:11.156651,0.2918907020150273,39.32847289342096,80.97346391189345,15.382666136782571,0.009569508337727876,1.4671267453130232e-06,191.1565407072194,43,COMPLETE
5190,15.28922397266625,1.4060983102782645,2026-10-06 04:14:13.769697,2026-10-06 04:17:24.278391,0 days 00:03:10.508694,0.419007027175139,13.08991176791892,78.91305021174706,7.704673657496365,0.009569508337727876,4.312297204621603,190.5085882456042,43,COMPLETE
5191,30.931103762185614,18.56858504055378,2026-10-06 04:14:14.237698,2026-10-06 04:17:27.051544,0 days 00:03:12.813846,0.14472486883161542,1.0100598856645617,78.91305021174706,53.19831855856638,0.009569508337727876,1.4671267453130232e-06,192.81371467001736,43,COMPLETE
5192,21.597525232375453,1.4514234898874,2026-10-06 04:14:14.836698,2026-10-06 04:17:25.922201,0 days 00:03:11.085503,0.22031827582514427,1.8054001832365776,78.91305021174706,46.431764750098004,0.008698017554316196,2.328670127015952e-06,191.08537342818454,43,COMPLETE
5193,22.475488715735235,1.1117990402548499,2026-10-06 04:14:14.840642,2026-10-06 04:17:21.991094,0 days 00:03:07.150452,0.01038672614530388,1.8054001832365776,78.91305021174706,6.182683349256731,0.008698017554316196,2.328670127015952e-06,187.15035256417468,43,COMPLETE
5194,32.35139511033228,14.074195075963036,2026-10-06 04:14:14.971663,2026-10-06 04:17:23.721326,0 days 00:03:08.749663,0.14472486883161542,1.0100598856645617,78.91305021174706,12.025559114678314,0.009569508337727876,1.2446212784745538e-06,188.74957363912836,43,COMPLETE
5195,32.041437532534815,14.626088721426392,2026-10-06 04:14:17.108688,2026-10-06 04:17:27.863878,0 days 00:03:10.755190,0.14472486883161542,1.0100598856645617,78.91305021174706,18.49957504695779,0.009569508337727876,2.328670127015952e-06,190.75506707001477,43,COMPLETE
5196,32.312624541608706,12.782098865038794,2026-10-06 04:14:46.436818,2026-10-06 04:17:58.842200,0 days 00:03:12.405382,0.17534157142392734,1.0100598856645617,78.91305021174706,4.090920197978352,0.008698017554316196,2.328670127015952e-06,192.4052642728202,43,COMPLETE
5197,8.954016039510076,2.6213470609744802,2026-10-06 04:14:50.088846,2026-10-06 04:18:00.951322,0 days 00:03:10.862476,0.22031827582514427,26.464808372342997,16.173217391215903,18.49957504695779,0.009569508337727876,1.2446212784745538e-06,190.86234633391723,43,COMPLETE
5198,27.53760365680598,1.364119816935887,2026-10-06 04:15:22.256795,2026-10-06 04:18:33.996544,0 days 00:03:11.739749,0.04597865456515237,12.695362335176968,78.91305021174706,6.182683349256731,0.008698017554316196,0.03619199501731825,191.73962199641392,43,COMPLETE
5199,26.68904085759545,29.780780674540424,2026-10-06 04:15:29.011836,2026-10-06 04:18:41.223535,0 days 00:03:12.211699,0.3401090828369047,3.42961079489487,80.97346391189345,46.431764750098004,0.009569508337727876,1.4671267453130232e-06,192.21157697588205,43,COMPLETE
5200,32.43339509916068,13.226978465156787,2026-10-06 04:16:04.364858,2026-10-06 04:19:16.734303,0 days 00:03:12.369445,0.17534157142392734,1.0100598856645617,78.91305021174706,7.14008749932051,0.009569508337727876,1.2446212784745538e-06,192.3693172982894,43,COMPLETE
5201,21.71126505167497,34.64589212283317,2026-10-06 04:17:17.015891,2026-10-06 04:20:29.501088,0 days 00:03:12.485197,0.48967816666395225,6.28879905307643,78.91305021174706,53.19831855856638,0.009569508337727876,2.328670127015952e-06,192.48509010486305,43,COMPLETE
5202,29.848712870998646,18.75571300959982,2026-10-06 04:17:18.168678,2026-10-06 04:20:29.276618,0 days 00:03:11.107940,0.17534157142392734,4.014839763781616,78.91305021174706,18.49957504695779,0.009569508337727876,5.678087274094818e-06,191.1078024781309,43,COMPLETE
5203,20.25554918248003,4.987722193465754,2026-10-06 04:17:18.300808,2026-10-06 04:20:32.465434,0 days 00:03:14.164626,0.6464266391928368,1.4111320246784538,80.97346391189345,30.494259061637184,0.009569508337727876,2.328670127015952e-06,194.16448222799227,43,COMPLETE
5204,31.973618616151533,13.520386648677672,2026-10-06 04:17:18.942202,2026-10-06 04:20:30.965714,0 days 00:03:12.023512,0.22031827582514427,1.0100598856645617,83.2951672765041,7.14008749932051,0.009569508337727876,2.328670127015952e-06,192.02338057663292,43,COMPLETE
5205,31.53762501825911,10.262183156404244,2026-10-06 04:17:19.306690,2026-10-06 04:20:33.912374,0 days 00:03:14.605684,0.17534157142392734,1.8054001832365776,78.91305021174706,7.704673657496365,0.015768539955811563,2.328670127015952e-06,194.6055630282499,43,COMPLETE
5206,,,2026-10-06 04:17:19.623859,2026-10-06 04:17:20.073749,0 days 00:00:00.449890,0.17534157142392734,1.0100598856645617,78.91305021174706,12.025559114678314,0.001343330627679203,,,43,PRUNED
5207,,,2026-10-06 04:17:19.631650,2026-10-06 04:17:19.971857,0 days 00:00:00.340207,0.3401090828369047,3.42961079489487,80.97346391189345,45.48353195410443,0.001154077570609208,,,43,PRUNED
5208,,,2026-10-06 04:17:19.694168,2026-10-06 04:17:20.163688,0 days 00:00:00.469520,0.19189241237051688,3.42961079489487,80.97346391189345,45.605935248059524,0.008698017554316196,,,43,PRUNED
5209,33.09828494015174,5.057366828621903,2026-10-06 04:17:19.823667,2026-10-06 04:20:33.729527,0 days 00:03:13.905860,0.14472486883161542,1.0100598856645617,84.28732699167794,16.07676328859589,0.025994878478171574,1.2446212784745538e-06,193.9057465926744,43,COMPLETE
5210,15.873726474811727,1.3859999451514446,2026-10-06 04:17:20.074194,2026-10-06 04:20:32.850515,0 days 00:03:12.776321,0.17534157142392734,1.8054001832365776,78.91305021174706,18.49957504695779,0.009569508337727876,10.433781999815055,192.7762186662294,43,COMPLETE
5211,28.435020856202964,1.4426217461072108,2026-10-06 04:17:20.132655,2026-10-06 04:20:32.506112,0 days 00:03:12.373457,0.06441798531902292,12.830372498763351,78.91305021174706,6.98411915398864,0.009569508337727876,1.4671267453130232e-06,192.3733547721058,43,COMPLETE
5212,9.913085530738973,1.2507300663284902,2026-10-06 04:17:20.239649,2026-10-06 04:20:32.520009,0 days 00:03:12.280360,0.14472486883161542,3.42961079489487,4.903138989149071,1.5694486910559284,0.009569508337727876,9.480528572885778,192.28026195708662,43,COMPLETE
5213,31.685691004991032,16.099396401448082,2026-10-06 04:17:20.300927,2026-10-06 04:20:32.863676,0 days 00:03:12.562749,0.22031827582514427,1.8054001832365776,78.91305021174706,5.2774297910496175,0.009569508337727876,1.0746247031029727e-06,192.5626484141685,43,COMPLETE
5214,11.068883525076641,9.25762786741398,2026-10-06 04:17:20.417934,2026-10-06 04:20:33.924807,0 days 00:03:13.506873,0.48967816666395225,48.81763447996948,78.91305021174706,53.19831855856638,0.009569508337727876,1.4671267453130232e-06,193.5067644668743,43,COMPLETE
5215,28.722062219021257,14.521016518699312,2026-10-06 04:17:20.679083,2026-10-06 04:20:35.902826,0 days 00:03:15.223743,0.35349415915446786,1.0100598856645617,78.91305021174706,12.025559114678314,0.009569508337727876,2.9156875330914705e-06,195.22364395670593,43,COMPLETE
5216,6.105965927281322,1.3087708605357424,2026-10-06 04:17:20.964931,2026-10-06 04:20:31.383112,0 days 00:03:10.418181,0.5063900546892015,1.8054001832365776,13.22215553798318,4.949274479107639,0.009569508337727876,3.907698986039081,190.41806911118329,43,COMPLETE
5217,24.74404544170021,31.745085450193116,2026-10-06 04:17:21.240678,2026-10-06 04:20:35.163159,0 days 00:03:13.922481,0.419007027175139,3.42961079489487,78.91305021174706,53.19831855856638,0.009569508337727876,1.0746247031029727e-06,193.92235735896975,43,COMPLETE
5218,32.79561212074735,3.2790880269789735,2026-10-06 04:17:21.335665,2026-10-06 04:20:33.901044,0 days 00:03:12.565379,0.17534157142392734,1.0100598856645617,78.91305021174706,6.182683349256731,0.03463343903868386,1.2446212784745538e-06,192.565252260305,43,COMPLETE
5219,31.069582485874854,18.659551580749053,2026-10-06 04:17:21.339633,2026-10-06 04:20:37.369013,0 days 00:03:16.029380,0.14493952128957402,1.8054001832365776,78.91305021174706,12.025559114678314,0.008698017554316196,2.328670127015952e-06,196.0292940242216,43,COMPLETE
5220,31.439884062307545,9.893875241601291,2026-10-06 04:17:21.355629,2026-10-06 04:20:38.487356,0 days 00:03:17.131727,0.17534157142392734,1.0100598856645617,78.91305021174706,16.966954115393197,0.01569055942662984,2.328670127015952e-06,197.1316223773174,43,COMPLETE
5221,31.82632862020902,16.1371655868811,2026-10-06 04:17:21.594680,2026-10-06 04:20:36.154227,0 days 00:03:14.559547,0.17534157142392734,1.8054001832365776,78.91305021174706,6.182683349256731,0.009569508337727876,1.4671267453130232e-06,194.5594308078289,43,COMPLETE
5222,3.3647807272145145,1.4436381250705592,2026-10-06 04:17:21.740676,2026-10-06 04:20:41.579442,0 days 00:03:19.838766,0.17534157142392734,31.024011129631944,3.8580653190949015,7.14008749932051,0.008698017554316196,2.328670127015952e-06,199.8386249030009,43,COMPLETE
