number,values_0,values_1,datetime_start,datetime_complete,duration,params_c_val,params_input_force,params_k_between_val,params_k_wall_val,params_m_val,params_ridge_alpha,user_attrs_duration_sec,system_attrs_NSGAIISampler:generation,state
7535,29.007036310098385,20.80883563264803,2026-10-06 06:03:24.907645,2026-10-06 06:06:36.647194,0 days 00:03:11.739549,0.3401090828369047,1.0100598856645617,80.97346391189345,53.19831855856638,0.009569508337727876,1.4671267453130232e-06,191.73945360817015,63,COMPLETE
7536,18.60305335015768,1.2208031967834934,2026-10-06 06:03:24.911640,2026-10-06 06:06:38.842370,0 days 00:03:13.930730,0.11194591567467382,38.29871336120234,78.91305021174706,28.575222789320406,0.02457955859952241,1.0746247031029727e-06,193.93060742830858,63,COMPLETE
7537,24.74404544170021,31.745085450193116,2026-10-06 06:03:24.915637,2026-10-06 06:06:38.150041,0 days 00:03:13.234404,0.419007027175139,3.42961079489487,78.91305021174706,53.19831855856638,0.009569508337727876,1.0746247031029727e-06,193.2342757480219,63,COMPLETE
7538,,,2026-10-06 06:03:25.758695,2026-10-06 06:03:26.516750,0 days 00:00:00.758055,0.14472486883161542,1.0100598856645617,78.91305021174706,53.19831855856638,0.003744398248201761,,,63,PRUNED
7539,29.10032474684288,26.014991485448654,2026-10-06 06:03:25.911819,2026-10-06 06:06:35.811066,0 days 00:03:09.899247,0.2918907020150273,3.42961079489487,80.97346391189345,21.63910276826749,0.009569508337727876,1.2446212784745538e-06,189.89910645782948,63,COMPLETE
7540,29.30039102366022,12.584729313245814,2026-10-06 06:03:26.305406,2026-10-06 06:06:38.695589,0 days 00:03:12.390183,0.11816812965117938,1.0100598856645617,30.360474121302467,12.025559114678314,0.009569508337727876,1.4671267453130232e-06,192.39006759412587,63,COMPLETE
7541,15.072013618793452,7.2188595439032754,2026-10-06 06:03:26.352201,2026-10-06 06:06:36.138731,0 days 00:03:09.786530,0.19189241237051688,1.8054001832365776,4.880076956759571,18.49957504695779,0.009569508337727876,1.4671267453130232e-06,189.7864171359688,63,COMPLETE
7542,32.229306442474616,5.324356976905483,2026-10-06 06:03:26.396674,2026-10-06 06:06:37.055925,0 days 00:03:10.659251,0.22031827582514427,1.0100598856645617,78.91305021174706,18.49957504695779,0.03463343903868386,1.2446212784745538e-06,190.65912059275433,63,COMPLETE
7543,25.899398445049677,1.4841138038306714,2026-10-06 06:03:26.400663,2026-10-06 06:06:37.264388,0 days 00:03:10.863725,0.17534157142392734,6.28879905307643,78.91305021174706,12.025559114678314,0.009569508337727876,1.0746247031029727e-06,190.86361249815673,63,COMPLETE
7544,32.28022269008473,14.079872998578233,2026-10-06 06:03:26.453659,2026-10-06 06:06:39.500945,0 days 00:03:13.047286,0.11816812965117938,1.0100598856645617,78.91305021174706,18.49957504695779,0.009569508337727876,1.4671267453130232e-06,193.04715424077585,63,COMPLETE
7545,0.9591999258070242,1.1611743074271414,2026-10-06 06:03:26.517167,2026-10-06 06:06:38.830013,0 days 00:03:12.312846,0.012478333691290902,48.6749035282826,78.91305021174706,21.63910276826749,0.009569508337727876,1.54960617812222e-06,192.3127191257663,63,COMPLETE
7546,23.95976456519145,6.301482837656297,2026-10-06 06:03:26.547777,2026-10-06 06:06:40.092135,0 days 00:03:13.544358,0.14472486883161542,31.89203874496517,78.91305021174706,12.025559114678314,0.008698017554316196,1.4671267453130232e-06,193.54423368396237,63,COMPLETE
7547,16.273677618412712,2.603504733710885,2026-10-06 06:03:27.549684,2026-10-06 06:06:38.312272,0 days 00:03:10.762588,0.48967816666395225,6.1592656584889385,78.91305021174706,2.4707280474138655,0.009569508337727876,0.0498563800329595,190.76245942758396,63,COMPLETE
7548,27.658834927938216,10.176195463817406,2026-10-06 06:03:27.829868,2026-10-06 06:06:39.246897,0 days 00:03:11.417029,0.419007027175139,3.42961079489487,80.97346391189345,1.6666184035569755,0.009569508337727876,1.0746247031029727e-06,191.41690086899325,63,COMPLETE
7549,,,2026-10-06 06:03:28.136551,2026-10-06 06:03:29.266720,0 days 00:00:01.130169,0.06406233569515829,1.0100598856645617,78.91305021174706,18.49957504695779,0.0013131174674105236,,,63,PRUNED
7550,26.065374202955685,30.33321855857649,2026-10-06 06:03:28.235582,2026-10-06 06:06:41.336612,0 days 00:03:13.101030,0.35349415915446786,3.42961079489487,78.91305021174706,53.19831855856638,0.009569508337727876,1.0837899328538103e-06,193.10089175216854,63,COMPLETE
7551,26.75869881636275,1.3392812972325412,2026-10-06 06:03:28.247642,2026-10-06 06:06:38.842482,0 days 00:03:10.594840,0.14472486883161542,1.0100598856645617,78.91305021174706,21.63910276826749,0.09562352524780075,1.4671267453130232e-06,190.59477587696165,63,COMPLETE
7552,,,2026-10-06 06:03:28.408707,2026-10-06 06:03:29.757744,0 days 00:00:01.349037,0.48967816666395225,1.0100598856645617,78.91305021174706,14.593741567400247,0.0017713716353789924,,,63,PRUNED
7553,13.910587116759995,1.5678637633857513,2026-10-06 06:03:28.412543,2026-10-06 06:06:37.234534,0 days 00:03:08.821991,0.12186470831252749,18.7315998515524,78.91305021174706,53.19831855856638,0.009569508337727876,2.108934163128921e-06,188.82187008485198,63,COMPLETE
7554,29.863652010276546,15.061033509999106,2026-10-06 06:03:28.508673,2026-10-06 06:06:38.162558,0 days 00:03:09.653885,0.3401090828369047,1.0100598856645617,80.97346391189345,12.025559114678314,0.009569508337727876,1.4671267453130232e-06,189.65376224694774,63,COMPLETE
7555,22.55907189825147,8.437622123709941,2026-10-06 06:03:29.693590,2026-10-06 06:06:43.325769,0 days 00:03:13.632179,0.19189241237051688,49.49176905255208,78.91305021174706,12.025559114678314,0.008698017554316196,1.5952163247444047,193.63205156009644,63,COMPLETE
7556,20.83168640093635,4.004658577384384,2026-10-06 06:03:29.829588,2026-10-06 06:06:38.710629,0 days 00:03:08.881041,0.19189241237051688,18.30107508383428,78.91305021174706,18.49957504695779,0.008698017554316196,1.54960617812222e-06,188.88094580825418,63,COMPLETE
7557,17.726217410779196,9.997402834904083,2026-10-06 06:03:29.833530,2026-10-06 06:06:37.258441,0 days 00:03:07.424911,0.17534157142392734,1.0100598856645617,7.1669353233955535,11.286119700737487,0.008698017554316196,1.4671267453130232e-06,187.42479455284774,63,COMPLETE
7558,29.886382019170856,24.078016950679935,2026-10-06 06:03:29.837537,2026-10-06 06:06:39.342683,0 days 00:03:09.505146,0.2918907020150273,2.5826334477054016,80.97346391189345,18.49957504695779,0.009569508337727876,1.4671267453130232e-06,189.5050586401485,63,COMPLETE
7559,14.992057059696794,10.488356847480635,2026-10-06 06:03:29.841531,2026-10-06 06:06:38.709586,0 days 00:03:08.868055,0.19189241237051688,3.42961079489487,8.639064842037754,15.285991207003194,0.008698017554316196,1.54960617812222e-06,188.86795866070315,63,COMPLETE
7560,32.757415560359576,5.1628212811758125,2026-10-06 06:03:30.441847,2026-10-06 06:06:40.197541,0 days 00:03:09.755694,0.14472486883161542,1.0100598856645617,78.91305021174706,8.858210845255327,0.023068683058947947,1.4671267453130232e-06,189.75556483399123,63,COMPLETE
7561,31.90130547023967,15.816493264089338,2026-10-06 06:03:57.970690,2026-10-06 06:07:10.799457,0 days 00:03:12.828767,0.14910127527113842,1.0100598856645617,80.97346391189345,18.49957504695779,0.009569508337727876,1.4671267453130232e-06,192.82861099299043,63,COMPLETE
7562,,,2026-10-06 06:04:02.278848,2026-10-06 06:04:03.627718,0 days 00:00:01.348870,0.2918907020150273,33.4459416818454,80.97346391189345,53.19831855856638,0.00576064634751943,,,63,PRUNED
7563,5.546827594289907,3.6852773441127065,2026-10-06 06:04:03.695416,2026-10-06 06:07:13.426954,0 days 00:03:09.731538,0.3401090828369047,6.28879905307643,2.84115559386206,53.19831855856638,0.009569508337727876,1.4671267453130232e-06,189.73140152310953,63,COMPLETE
7564,19.418629162508868,5.391286611688533,2026-10-06 06:04:36.993841,2026-10-06 06:07:51.421566,0 days 00:03:14.427725,0.14472486883161542,6.28879905307643,78.91305021174706,53.19831855856638,0.008698017554316196,1.0746247031029727e-06,194.42757262894884,63,COMPLETE
7565,22.972593229162705,9.022238508577086,2026-10-06 06:04:40.851697,2026-10-06 06:07:53.435368,0 days 00:03:12.583671,0.18472274745078338,42.34496008436649,78.91305021174706,12.025559114678314,0.008698017554316196,2.328670127015952e-06,192.58352704066783,63,COMPLETE
7566,29.776485668733716,11.769487235761959,2026-10-06 06:04:44.150844,2026-10-06 06:07:53.143623,0 days 00:03:08.992779,0.14472486883161542,1.0100598856645617,78.91305021174706,53.19831855856638,0.009569508337727876,0.0004268624664487583,188.99263497488573,63,COMPLETE
7567,27.822208597240866,1.3289588873418832,2026-10-06 06:05:21.250691,2026-10-06 06:08:33.160695,0 days 00:03:11.910004,0.0208900230349608,1.8054001832365776,78.91305021174706,18.49957504695779,0.009569508337727876,2.108934163128921e-06,191.90986981522292,63,COMPLETE
7568,31.602306787556266,1.8691165670123366,2026-10-06 06:05:53.772806,2026-10-06 06:09:06.222578,0 days 00:03:12.449772,0.14472486883161542,1.0100598856645617,80.97346391189345,7.704673657496365,0.04566971150073581,1.850325618062163e-05,192.44962125830352,63,COMPLETE
7569,30.850633892026025,19.85817672086185,2026-10-06 06:06:29.555698,2026-10-06 06:09:44.469157,0 days 00:03:14.913459,0.18813836914829157,1.0100598856645617,78.91305021174706,45.605935248059524,0.009569508337727876,1.4671267453130232e-06,194.9133118870668,63,COMPLETE
7570,31.829211053523654,17.290580280171852,2026-10-06 06:06:30.226027,2026-10-06 06:09:43.825156,0 days 00:03:13.599129,0.14472486883161542,1.0100598856645617,78.91305021174706,14.593741567400247,0.008698017554316196,1.4671267453130232e-06,193.59901412483305,63,COMPLETE
7571,,,2026-10-06 06:06:31.700694,2026-10-06 06:06:33.040757,0 days 00:00:01.340063,0.13649433953046394,1.0100598856645617,78.91305021174706,12.025559114678314,0.00610884632574215,,,63,PRUNED
7572,23.91054220361292,5.980537902224026,2026-10-06 06:06:32.816684,2026-10-06 06:09:47.358307,0 days 00:03:14.541623,0.17636804243108756,22.901306339883664,78.91305021174706,12.025559114678314,0.008698017554316196,1.4671267453130232e-06,194.54148479364812,63,COMPLETE
7573,30.868493766433676,20.87396399925677,2026-10-06 06:06:33.060697,2026-10-06 06:09:43.400858,0 days 00:03:10.340161,0.19189241237051688,1.8054001832365776,78.91305021174706,21.63910276826749,0.009569508337727876,1.54960617812222e-06,190.34001720231026,63,COMPLETE
7574,31.751165543674723,6.289636114920342,2026-10-06 06:06:33.179986,2026-10-06 06:09:43.185189,0 days 00:03:10.005203,0.045127741595514186,1.0100598856645617,78.91305021174706,21.63910276826749,0.008698017554316196,1.54960617812222e-06,190.00505270063877,63,COMPLETE
7575,31.457381659684295,19.57890745649239,2026-10-06 06:06:33.224660,2026-10-06 06:09:45.022511,0 days 00:03:11.797851,0.17534157142392734,1.0100598856645617,78.91305021174706,18.49957504695779,0.008698017554316196,1.2446212784745538e-06,191.79763586074114,63,COMPLETE
7576,16.312101119196523,4.997446873477356,2026-10-06 06:06:33.269794,2026-10-06 06:09:47.425583,0 days 00:03:14.155789,0.14472486883161542,1.0100598856645617,3.5759534865681784,11.286119700737487,0.009569508337727876,1.4671267453130232e-06,194.15564826224,63,COMPLETE
7577,28.8651994480988,10.704076610975365,2026-10-06 06:06:33.474647,2026-10-06 06:09:43.794168,0 days 00:03:10.319521,0.2918907020150273,4.014839763781616,78.91305021174706,2.161741739200719,0.008698017554316196,1.4671267453130232e-06,190.31940247211605,63,COMPLETE
7578,29.252094762856835,24.288626629174303,2026-10-06 06:06:33.839852,2026-10-06 06:09:48.289506,0 days 00:03:14.449654,0.2918907020150273,1.8054001832365776,78.91305021174706,46.431764750098004,0.009569508337727876,2.127442818105995e-06,194.44952775677666,63,COMPLETE
7579,4.41999059684306,1.2284607130542469,2026-10-06 06:06:33.931833,2026-10-06 06:09:45.892206,0 days 00:03:11.960373,0.010286556711104443,4.014839763781616,15.613919514247373,31.168310832506982,0.009569508337727876,1.0837899328538103e-06,191.96023146621883,63,COMPLETE
7580,15.072759130470818,1.248557107871547,2026-10-06 06:06:34.112740,2026-10-06 06:09:45.010250,0 days 00:03:10.897510,0.17534157142392734,1.0100598856645617,78.91305021174706,18.49957504695779,0.009569508337727876,15.589092142005855,190.8973827608861,63,COMPLETE
7581,30.21537822721252,15.750902748178785,2026-10-06 06:06:34.425686,2026-10-06 06:09:47.220538,0 days 00:03:12.794852,0.14472486883161542,3.42961079489487,78.91305021174706,14.593741567400247,0.009569508337727876,6.966421348572605e-06,192.7947061411105,63,COMPLETE
7582,0.06705122440652882,1.2317113689583739,2026-10-06 06:06:34.672853,2026-10-06 06:09:48.540443,0 days 00:03:13.867590,0.5675049850097056,1.0100598856645617,78.91305021174706,18.49957504695779,0.008698017554316196,0.006295483074587269,193.86747898207977,63,COMPLETE
7583,26.82627165691694,28.852809870409423,2026-10-06 06:06:34.693950,2026-10-06 06:09:47.925703,0 days 00:03:13.231753,0.3551404889359342,2.5826334477054016,78.91305021174706,53.19831855856638,0.009569508337727876,1.4671267453130232e-06,193.23160596797243,63,COMPLETE
7584,19.711924787348043,9.317816998379817,2026-10-06 06:06:34.787799,2026-10-06 06:09:48.643996,0 days 00:03:13.856197,0.19189241237051688,1.8054001832365776,78.91305021174706,18.49957504695779,0.008698017554316196,0.17680585250711917,193.85608452605084,63,COMPLETE
7585,30.044688373473527,21.130685488789915,2026-10-06 06:06:35.324670,2026-10-06 06:09:49.413009,0 days 00:03:14.088339,0.19189241237051688,3.42961079489487,78.91305021174706,21.63910276826749,0.009569508337727876,1.54960617812222e-06,194.08820974687114,63,COMPLETE
7586,1.8291350404362674,1.2205073278109324,2026-10-06 06:06:36.151356,2026-10-06 06:09:43.402878,0 days 00:03:07.251522,0.2918907020150273,33.8714738717794,80.97346391189345,12.025559114678314,0.008698017554316196,1.2446212784745538e-06,187.25139762694016,63,COMPLETE
7587,18.660847053165103,1.4178336286195559,2026-10-06 06:06:36.201680,2026-10-06 06:09:50.297200,0 days 00:03:14.095520,0.14472486883161542,1.0100598856645617,78.91305021174706,14.593741567400247,0.009569508337727876,0.40416988968221373,194.09539228584617,63,COMPLETE
7588,31.743886349263988,16.073785728958136,2026-10-06 06:06:36.267538,2026-10-06 06:09:50.640088,0 days 00:03:14.372550,0.17534157142392734,1.0100598856645617,78.91305021174706,18.49957504695779,0.009569508337727876,1.4671267453130232e-06,194.37241933867335,63,COMPLETE
7589,22.711190743496076,1.213040822383048,2026-10-06 06:06:36.344657,2026-10-06 06:09:49.773001,0 days 00:03:13.428344,0.06441798531902292,26.95370069714168,78.91305021174706,12.025559114678314,0.03463343903868386,2.328670127015952e-06,193.4282423458062,63,COMPLETE
7590,29.604509669798784,8.593584009033975,2026-10-06 06:06:36.380648,2026-10-06 06:09:51.180344,0 days 00:03:14.799696,0.14472486883161542,1.0100598856645617,78.91305021174706,11.286119700737487,0.010066673683367812,0.002395861116495095,194.79957787506282,63,COMPLETE
7591,,,2026-10-06 06:06:36.408644,2026-10-06 06:06:37.287411,0 days 00:00:00.878767,0.3401090828369047,45.36737152449048,78.91305021174706,53.19831855856638,0.0016833328219340315,,,63,PRUNED
7592,29.228523696536122,13.409590319045636,2026-10-06 06:06:36.460655,2026-10-06 06:09:49.087044,0 days 00:03:12.626389,0.35349415915446786,1.0100598856645617,78.91305021174706,7.704673657496365,0.010066673683367812,1.4671267453130232e-06,192.6262642010115,63,COMPLETE
7593,28.53096575736577,11.53667432982991,2026-10-06 06:06:36.494786,2026-10-06 06:09:49.227538,0 days 00:03:12.732752,0.3401090828369047,3.42961079489487,80.97346391189345,79.05847286506388,0.032151288276427464,1.4671267453130232e-06,192.73262941185385,63,COMPLETE
7594,28.771755933187784,19.885786016870618,2026-10-06 06:06:36.718854,2026-10-06 06:09:50.648553,0 days 00:03:13.929699,0.3401090828369047,1.0100598856645617,78.91305021174706,53.19831855856638,0.009569508337727876,1.4671267453130232e-06,193.92958052596077,63,COMPLETE
7595,32.41368210499115,13.797702986110085,2026-10-06 06:06:37.396538,2026-10-06 06:09:51.446074,0 days 00:03:14.049536,0.13649433953046394,1.0100598856645617,78.91305021174706,12.025559114678314,0.009569508337727876,1.2446212784745538e-06,194.04940747702494,63,COMPLETE
7596,0.06541453384915061,1.2173507399111092,2026-10-06 06:06:37.400524,2026-10-06 06:09:50.448730,0 days 00:03:13.048206,0.2918907020150273,1.0100598856645617,80.97346391189345,18.49957504695779,0.008698017554316196,1.4671267453130232e-06,193.04810001002625,63,COMPLETE
7597,,,2026-10-06 06:06:37.497594,2026-10-06 06:06:37.804813,0 days 00:00:00.307219,0.48967816666395225,1.0100598856645617,78.91305021174706,11.286119700737487,0.002491650848342967,,,63,PRUNED
7598,31.99195436143961,16.28152456733111,2026-10-06 06:06:37.501946,2026-10-06 06:09:50.364906,0 days 00:03:12.862960,0.14472486883161542,1.0100598856645617,78.91305021174706,11.286119700737487,0.008698017554316196,1.4671267453130232e-06,192.86283670319244,63,COMPLETE
7599,4.92769445474529,1.1646363816499476,2026-10-06 06:06:37.505541,2026-10-06 06:09:52.273383,0 days 00:03:14.767842,0.14472486883161542,3.42961079489487,2.7677768158907434,12.025559114678314,0.03463343903868386,1.2446212784745538e-06,194.7677180399187,63,COMPLETE
7600,31.457381659684295,19.57890745649239,2026-10-06 06:06:37.507974,2026-10-06 06:09:48.532187,0 days 00:03:11.024213,0.17534157142392734,1.0100598856645617,78.91305021174706,18.49957504695779,0.008698017554316196,1.2446212784745538e-06,191.02410807739943,63,COMPLETE
7601,6.949246366074378,2.394527457803183,2026-10-06 06:06:37.511538,2026-10-06 06:09:52.807357,0 days 00:03:15.295819,0.14472486883161542,1.8054001832365776,1.5010698339276045,12.025559114678314,0.008698017554316196,0.10212876835149795,195.29569576121867,63,COMPLETE
7602,28.40091584693864,19.89721180735204,2026-10-06 06:06:37.980598,2026-10-06 06:09:50.442082,0 days 00:03:12.461484,0.35349415915446786,1.0100598856645617,78.91305021174706,53.19831855856638,0.009569508337727876,1.4671267453130232e-06,192.46136464178562,63,COMPLETE
7603,29.4587365425697,17.974934643459484,2026-10-06 06:06:37.984731,2026-10-06 06:09:49.831572,0 days 00:03:11.846841,0.3401090828369047,1.8054001832365776,78.91305021174706,12.025559114678314,0.009569508337727876,1.4671267453130232e-06,191.84674151428044,63,COMPLETE
7604,29.105509722264337,20.610495787740067,2026-10-06 06:06:37.988538,2026-10-06 06:09:53.657959,0 days 00:03:15.669421,0.3401090828369047,1.8054001832365776,78.91305021174706,21.63910276826749,0.009569508337727876,1.54960617812222e-06,195.66927095223218,63,COMPLETE
7605,23.61197599351987,2.7134456202904733,2026-10-06 06:06:37.992531,2026-10-06 06:09:50.404063,0 days 00:03:12.411532,0.17534157142392734,14.865960605677365,65.14949043292874,12.025559114678314,0.008698017554316196,2.328670127015952e-06,192.41141866706312,63,COMPLETE
7606,7.703090564347507,1.135296840177615,2026-10-06 06:06:38.568075,2026-10-06 06:09:49.423332,0 days 00:03:10.855257,0.013335460990446217,3.42961079489487,78.91305021174706,53.19831855856638,0.009569508337727876,1.2446212784745538e-06,190.85513331508264,63,COMPLETE
7607,28.765890975067414,17.42380394518519,2026-10-06 06:06:39.318560,2026-10-06 06:09:49.924821,0 days 00:03:10.606261,0.35349415915446786,1.0100598856645617,78.91305021174706,30.44029473195265,0.009569508337727876,1.4671267453130232e-06,190.60615810658783,63,COMPLETE
7608,32.178950726667594,6.607081713093419,2026-10-06 06:06:39.322824,2026-10-06 06:09:49.211207,0 days 00:03:09.888383,0.06441798531902292,1.0100598856645617,40.73301497152758,3.8192856674673585,0.009569508337727876,1.4671267453130232e-06,189.8882580366917,63,COMPLETE
7609,28.053132289645493,1.6582630997187415,2026-10-06 06:06:39.326006,2026-10-06 06:09:52.434264,0 days 00:03:13.108258,0.419007027175139,6.28879905307643,78.91305021174706,2.607851996619147,0.04026241320863827,1.0746247031029727e-06,193.10814612871036,63,COMPLETE
7610,15.035663478272852,11.371469893831893,2026-10-06 06:06:39.328116,2026-10-06 06:09:50.794800,0 days 00:03:11.466684,0.3401090828369047,2.5826334477054016,9.214457725184296,8.858210845255327,0.009569508337727876,1.4671267453130232e-06,191.46659628674388,63,COMPLETE
7611,,,2026-10-06 06:06:39.330204,2026-10-06 06:06:41.398767,0 days 00:00:02.068563,0.14472486883161542,1.0100598856645617,78.91305021174706,12.025559114678314,0.003968623410100375,,,63,PRUNED
7612,28.586895118561575,26.129990595903553,2026-10-06 06:06:39.332221,2026-10-06 06:09:49.557512,0 days 00:03:10.225291,0.33233127837206944,3.42961079489487,80.97346391189345,18.49957504695779,0.009569508337727876,1.4671267453130232e-06,190.22520312014967,63,COMPLETE
7613,32.18584629166196,15.057484446981274,2026-10-06 06:06:39.334168,2026-10-06 06:09:51.850132,0 days 00:03:12.515964,0.14472486883161542,1.0100598856645617,78.91305021174706,7.704673657496365,0.008698017554316196,1.2446212784745538e-06,192.51584775792435,63,COMPLETE
7614,23.81355763417919,1.703890368394351,2026-10-06 06:06:39.346543,2026-10-06 06:09:52.937821,0 days 00:03:13.591278,0.06441798531902292,1.0100598856645617,78.91305021174706,8.510607914496259,0.008698017554316196,0.5118791109473533,193.59116844972596,63,COMPLETE
7615,3.8864717260789363,1.2510237023495343,2026-10-06 06:06:39.350548,2026-10-06 06:09:49.456862,0 days 00:03:10.106314,0.17534157142392734,3.42961079489487,1.8806200069803711,1.2901452268134186,0.008698017554316196,1.4671267453130232e-06,190.10620646784082,63,COMPLETE
7616,0.11160543262544856,1.2118045880476551,2026-10-06 06:06:39.352685,2026-10-06 06:09:53.489945,0 days 00:03:14.137260,0.505116679222312,1.8054001832365776,78.91305021174706,16.966954115393197,0.008698017554316196,2.328670127015952e-06,194.13712188508362,63,COMPLETE
7617,,,2026-10-06 06:06:39.354615,2026-10-06 06:06:42.272788,0 days 00:00:02.918173,0.35349415915446786,4.95477336878759,80.97346391189345,12.025559114678314,0.001196382772263917,,,63,PRUNED
