number,values_0,values_1,datetime_start,datetime_complete,duration,params_c_val,params_input_force,params_k_between_val,params_k_wall_val,params_m_val,params_ridge_alpha,user_attrs_duration_sec,system_attrs_NSGAIISampler:generation,state
6461,21.715190066602556,1.2902253071347962,2026-10-06 05:15:08.286161,2026-10-06 05:18:18.920484,0 days 00:03:10.634323,0.0102922235208783,1.0100598856645617,78.91305021174706,7.704673657496365,0.008698017554316196,0.0001683781216696112,190.6342067332007,54,COMPLETE
6462,0.1679383154692091,1.1659410419409924,2026-10-06 05:15:08.290641,2026-10-06 05:18:21.085322,0 days 00:03:12.794681,0.48967816666395225,1.0100598856645617,78.91305021174706,3.2203868493523644,0.008698017554316196,2.328670127015952e-06,192.79456191184,54,COMPLETE
6463,33.043969690002235,6.882049603636826,2026-10-06 05:15:09.080837,2026-10-06 05:18:19.758269,0 days 00:03:10.677432,0.06441798531902292,1.0100598856645617,78.91305021174706,8.858210845255327,0.009569508337727876,2.328670127015952e-06,190.67729070782661,54,COMPLETE
6464,29.615883140111897,23.28383969490429,2026-10-06 05:15:09.302671,2026-10-06 05:18:23.671203,0 days 00:03:14.368532,0.2918907020150273,1.8054001832365776,78.91305021174706,12.025559114678314,0.008698017554316196,1.4671267453130232e-06,194.36838901601732,54,COMPLETE
6465,29.116371844887702,10.647241533043566,2026-10-06 05:15:09.350770,2026-10-06 05:18:20.984642,0 days 00:03:11.633872,0.3401090828369047,1.0100598856645617,78.91305021174706,2.024973088544625,0.009569508337727876,1.2446212784745538e-06,191.63375588366762,54,COMPLETE
6466,27.73291611275705,9.871126574501417,2026-10-06 05:15:09.483521,2026-10-06 05:18:24.423948,0 days 00:03:14.940427,0.48967816666395225,6.28879905307643,78.91305021174706,12.025559114678314,0.03463343903868386,2.328670127015952e-06,194.94028624380007,54,COMPLETE
6467,,,2026-10-06 05:15:09.711174,2026-10-06 05:15:11.694736,0 days 00:00:01.983562,0.19189241237051688,23.96782053328963,78.91305021174706,53.19831855856638,0.008698017554316196,,,54,PRUNED
6468,32.58360883805724,3.573179150649124,2026-10-06 05:15:10.196703,2026-10-06 05:18:21.528772,0 days 00:03:11.332069,0.1269892283627391,1.0100598856645617,78.91305021174706,79.1074186443951,0.03507851686486292,1.4671267453130232e-06,191.33194611873478,54,COMPLETE
6469,32.28022269008473,14.079872998578233,2026-10-06 05:15:10.249661,2026-10-06 05:18:23.368337,0 days 00:03:13.118676,0.11816812965117938,1.0100598856645617,78.91305021174706,18.49957504695779,0.009569508337727876,1.4671267453130232e-06,193.11855622008443,54,COMPLETE
6470,23.843432857193484,7.15097740660754,2026-10-06 05:15:10.406865,2026-10-06 05:18:25.073838,0 days 00:03:14.666973,0.48967816666395225,1.0100598856645617,78.91305021174706,1.362485085541284,0.009569508337727876,1.4671267453130232e-06,194.66687353514135,54,COMPLETE
6471,28.80892443431004,25.599017529133974,2026-10-06 05:15:10.410642,2026-10-06 05:18:24.577001,0 days 00:03:14.166359,0.2918907020150273,4.014839763781616,78.91305021174706,18.49957504695779,0.009569508337727876,1.2446212784745538e-06,194.1662253034301,54,COMPLETE
6472,15.94532158142911,4.88388674647562,2026-10-06 05:15:10.414635,2026-10-06 05:18:19.371751,0 days 00:03:08.957116,0.18472274745078338,49.989290975074766,32.348925741260565,12.025559114678314,0.008698017554316196,1.4671267453130232e-06,188.95698705594987,54,COMPLETE
6473,31.89174464902381,16.022005737532933,2026-10-06 05:15:10.418634,2026-10-06 05:18:24.752767,0 days 00:03:14.334133,0.14472486883161542,1.0100598856645617,78.91305021174706,21.63910276826749,0.009569508337727876,1.4671267453130232e-06,194.33404840668663,54,COMPLETE
6474,31.001219460577705,20.546874726373222,2026-10-06 05:15:10.466793,2026-10-06 05:18:25.179613,0 days 00:03:14.712820,0.17534157142392734,1.8054001832365776,78.91305021174706,12.025559114678314,0.008698017554316196,2.328670127015952e-06,194.71269938116893,54,COMPLETE
6475,32.12837574140283,8.44205011498223,2026-10-06 05:15:10.568799,2026-10-06 05:18:23.788943,0 days 00:03:13.220144,0.14472486883161542,1.0100598856645617,78.91305021174706,53.19831855856638,0.019391087700254397,1.2446212784745538e-06,193.2200338486582,54,COMPLETE
6476,22.94182783311573,1.2749684559329792,2026-10-06 05:15:10.597666,2026-10-06 05:18:24.778499,0 days 00:03:14.180833,0.14472486883161542,19.593834773654045,59.77741662862077,12.025559114678314,0.06402161001290778,1.2446212784745538e-06,194.18074204493314,54,COMPLETE
6477,,,2026-10-06 05:15:10.693662,2026-10-06 05:15:11.002757,0 days 00:00:00.309095,0.14472486883161542,1.8054001832365776,78.91305021174706,6.426494513005143,0.001154521934667081,,,54,PRUNED
6478,16.434875456991943,1.2625514267235793,2026-10-06 05:15:10.762655,2026-10-06 05:18:25.528562,0 days 00:03:14.765907,0.14472486883161542,1.0100598856645617,78.91305021174706,8.858210845255327,0.008698017554316196,4.83839748198466,194.7657601311803,54,COMPLETE
6479,32.167377381304014,14.589383346535257,2026-10-06 05:15:10.832998,2026-10-06 05:18:23.280080,0 days 00:03:12.447082,0.1269892283627391,1.0100598856645617,78.91305021174706,8.858210845255327,0.008698017554316196,1.4671267453130232e-06,192.44696289114654,54,COMPLETE
6480,1.4458877844250995,1.210661135921602,2026-10-06 05:15:11.202841,2026-10-06 05:18:24.243191,0 days 00:03:13.040350,0.034456300733417364,33.68246861621352,69.16329565667773,8.858210845255327,0.008698017554316196,1.4671267453130232e-06,193.04023694619536,54,COMPLETE
6481,30.601549552186462,4.691306954185455,2026-10-06 05:15:11.306214,2026-10-06 05:18:26.063451,0 days 00:03:14.757237,0.14472486883161542,3.42961079489487,78.91305021174706,53.19831855856638,0.03463343903868386,1.2446212784745538e-06,194.75711164809763,54,COMPLETE
6482,13.923792955419364,1.3132715235202739,2026-10-06 05:15:12.476103,2026-10-06 05:18:24.615850,0 days 00:03:12.139747,0.018173831973811023,18.734432832353832,78.91305021174706,11.028875388279546,0.014417393001279024,1.2446212784745538e-06,192.13963253609836,54,COMPLETE
6483,21.720070665554605,34.845461388335025,2026-10-06 05:15:12.547399,2026-10-06 05:18:24.298179,0 days 00:03:11.750780,0.48967816666395225,6.28879905307643,78.91305021174706,53.19831855856638,0.009569508337727876,1.0746247031029727e-06,191.75066214520484,54,COMPLETE
6484,28.40091584693864,19.89721180735204,2026-10-06 05:15:12.633671,2026-10-06 05:18:24.744383,0 days 00:03:12.110712,0.35349415915446786,1.0100598856645617,78.91305021174706,53.19831855856638,0.009569508337727876,1.4671267453130232e-06,192.1106196762994,54,COMPLETE
6485,29.465129655593863,20.053474775046435,2026-10-06 05:15:12.712784,2026-10-06 05:18:29.030062,0 days 00:03:16.317278,0.19189241237051688,1.8054001832365776,59.150112222733775,18.49957504695779,0.008698017554316196,2.328670127015952e-06,196.317132035736,54,COMPLETE
6486,,,2026-10-06 05:15:12.716646,2026-10-06 05:15:14.194712,0 days 00:00:01.478066,0.021578676917323847,1.0100598856645617,69.16329565667773,12.025559114678314,0.0010007426602027854,,,54,PRUNED
6487,32.641062377970044,12.004440313811996,2026-10-06 05:15:12.720631,2026-10-06 05:18:26.245989,0 days 00:03:13.525358,0.14472486883161542,1.0100598856645617,78.91305021174706,7.704673657496365,0.010066673683367812,1.4671267453130232e-06,193.52525357017294,54,COMPLETE
6488,,,2026-10-06 05:15:12.724623,2026-10-06 05:15:13.948747,0 days 00:00:01.224124,0.14472486883161542,1.0100598856645617,78.91305021174706,18.49957504695779,0.007949680989812802,,,54,PRUNED
6489,27.240709572932396,22.696912805731493,2026-10-06 05:15:12.742800,2026-10-06 05:18:26.874838,0 days 00:03:14.132038,0.2918907020150273,3.42961079489487,78.91305021174706,18.49957504695779,0.008698017554316196,1.4671267453130232e-06,194.1319348346442,54,COMPLETE
6490,27.154117193326318,28.6012811009366,2026-10-06 05:15:12.746629,2026-10-06 05:18:24.231533,0 days 00:03:11.484904,0.3401090828369047,2.5826334477054016,78.91305021174706,53.19831855856638,0.009569508337727876,1.4671267453130232e-06,191.48478863900527,54,COMPLETE
6491,21.71126505167497,34.64589212283317,2026-10-06 05:15:12.754626,2026-10-06 05:18:24.626547,0 days 00:03:11.871921,0.48967816666395225,6.28879905307643,78.91305021174706,53.19831855856638,0.009569508337727876,2.328670127015952e-06,191.87181921768934,54,COMPLETE
6492,,,2026-10-06 05:15:12.780646,2026-10-06 05:15:13.611732,0 days 00:00:00.831086,0.18472274745078338,1.8054001832365776,78.91305021174706,53.19831855856638,0.0016231174775432984,,,54,PRUNED
6493,26.255827913222124,5.821826553137355,2026-10-06 05:15:12.838453,2026-10-06 05:18:24.223958,0 days 00:03:11.385505,0.17534157142392734,23.528324217976873,78.91305021174706,7.704673657496365,0.008698017554316196,2.328670127015952e-06,191.38537520123646,54,COMPLETE
6494,21.831539375873934,1.2116506999595802,2026-10-06 05:15:13.405752,2026-10-06 05:18:24.760465,0 days 00:03:11.354713,0.06441798531902292,1.0100598856645617,78.91305021174706,12.025559114678314,0.0855257117587144,2.328670127015952e-06,191.3546223770827,54,COMPLETE
6495,31.206671287485733,2.54562474321881,2026-10-06 05:15:13.481819,2026-10-06 05:18:24.037539,0 days 00:03:10.555720,0.022601188729188624,1.0100598856645617,78.91305021174706,18.49957504695779,0.008698017554316196,1.4671267453130232e-06,190.5556164267473,54,COMPLETE
6496,32.00868012965345,15.816082889212076,2026-10-06 05:15:13.493632,2026-10-06 05:18:24.596055,0 days 00:03:11.102423,0.17534157142392734,1.0100598856645617,78.91305021174706,8.858210845255327,0.008698017554316196,1.4671267453130232e-06,191.1023071371019,54,COMPLETE
6497,24.979293714350842,3.266876771768433,2026-10-06 05:15:14.048591,2026-10-06 05:18:28.712526,0 days 00:03:14.663935,0.48967816666395225,6.28879905307643,48.804467061010456,53.19831855856638,0.0897891452895367,2.328670127015952e-06,194.66382089210674,54,COMPLETE
6498,32.00868012965345,15.816082889212076,2026-10-06 05:15:14.164683,2026-10-06 05:18:24.787071,0 days 00:03:10.622388,0.17534157142392734,1.0100598856645617,78.91305021174706,8.858210845255327,0.008698017554316196,1.4671267453130232e-06,190.6222991142422,54,COMPLETE
6499,29.65389183415033,19.094607663193205,2026-10-06 05:15:14.372890,2026-10-06 05:18:24.243286,0 days 00:03:09.870396,0.14472486883161542,3.42961079489487,78.91305021174706,21.63910276826749,0.008698017554316196,1.4671267453130232e-06,189.87034087395296,54,COMPLETE
6500,25.668796442705677,8.355759226486756,2026-10-06 05:15:14.376638,2026-10-06 05:18:26.060728,0 days 00:03:11.684090,0.19189241237051688,44.106919826115806,78.91305021174706,7.14008749932051,0.008698017554316196,1.4671267453130232e-06,191.6839726739563,54,COMPLETE
6501,28.6036518097461,12.349203296241617,2026-10-06 05:15:14.380631,2026-10-06 05:18:23.492302,0 days 00:03:09.111671,0.1269892283627391,1.0100598856645617,24.626696856233785,8.858210845255327,0.009569508337727876,1.2446212784745538e-06,189.11154727917165,54,COMPLETE
6502,28.709954974302207,4.607189499519965,2026-10-06 05:15:14.384627,2026-10-06 05:18:25.606757,0 days 00:03:11.222130,0.0468655920837192,3.42961079489487,78.91305021174706,53.19831855856638,0.009569508337727876,1.0746247031029727e-06,191.22203423688188,54,COMPLETE
6503,30.413925894916837,17.32413685529649,2026-10-06 05:15:14.388629,2026-10-06 05:18:23.706200,0 days 00:03:09.317571,0.14472486883161542,3.113350207212467,78.91305021174706,18.49957504695779,0.009569508337727876,2.328670127015952e-06,189.31746371742338,54,COMPLETE
6504,,,2026-10-06 05:15:14.392630,2026-10-06 05:15:15.139746,0 days 00:00:00.747116,0.17534157142392734,11.03356698959835,80.97346391189345,70.81560567773874,0.002952019567537633,,,54,PRUNED
6505,7.8645256684807405,1.3192769993888476,2026-10-06 05:15:14.396628,2026-10-06 05:18:26.570502,0 days 00:03:12.173874,0.6676305624691365,1.8054001832365776,78.91305021174706,53.19831855856638,0.07142028486326622,51.48042890279283,192.17376485932618,54,COMPLETE
6506,,,2026-10-06 05:15:14.400630,2026-10-06 05:15:15.186718,0 days 00:00:00.786088,0.48967816666395225,1.0100598856645617,78.91305021174706,53.19831855856638,0.0020587294298186655,,,54,PRUNED
6507,0.07780588462670635,1.2452387837736503,2026-10-06 05:15:14.404632,2026-10-06 05:18:23.678889,0 days 00:03:09.274257,0.1269892283627391,1.0100598856645617,69.16329565667773,8.858210845255327,0.007111788121583573,1.4671267453130232e-06,189.27414536802098,54,COMPLETE
6508,24.533321742731694,5.4935742759500314,2026-10-06 05:15:14.451853,2026-10-06 05:18:27.193597,0 days 00:03:12.741744,0.27443394712980373,24.672477194060004,78.91305021174706,8.858210845255327,0.009569508337727876,2.328670127015952e-06,192.74160591326654,54,COMPLETE
6509,14.59334176860435,1.2367206299610212,2026-10-06 05:15:14.926493,2026-10-06 05:18:25.741504,0 days 00:03:10.815011,0.3401090828369047,1.0100598856645617,78.91305021174706,8.858210845255327,0.009569508337727876,3.227772890539333,190.81491164816543,54,COMPLETE
6510,,,2026-10-06 05:15:15.892696,2026-10-06 05:15:16.354729,0 days 00:00:00.462033,0.3401090828369047,3.42961079489487,78.91305021174706,16.966954115393197,0.00523518789930308,,,54,PRUNED
6511,,,2026-10-06 05:15:15.956843,2026-10-06 05:15:17.382836,0 days 00:00:01.425993,0.6777912871830317,1.8054001832365776,78.91305021174706,78.19655945821363,0.008698017554316196,,,54,PRUNED
6512,31.187564704759602,20.059948025582262,2026-10-06 05:15:15.960637,2026-10-06 05:18:23.258309,0 days 00:03:07.297672,0.17534157142392734,1.8054001832365776,78.91305021174706,8.858210845255327,0.008698017554316196,1.4671267453130232e-06,187.29754302091897,54,COMPLETE
6513,10.282463064301787,4.141525530668641,2026-10-06 05:15:15.964627,2026-10-06 05:18:27.497164,0 days 00:03:11.532537,0.48967816666395225,33.03587581795379,78.91305021174706,53.19831855856638,0.009569508337727876,1.4671267453130232e-06,191.53242355585098,54,COMPLETE
6514,21.93049028536483,34.36319757696404,2026-10-06 05:15:15.968624,2026-10-06 05:18:25.394521,0 days 00:03:09.425897,0.48967816666395225,6.28879905307643,78.91305021174706,46.431764750098004,0.009569508337727876,2.328670127015952e-06,189.42579426290467,54,COMPLETE
6515,32.547625040034376,12.490597020158335,2026-10-06 05:15:15.972626,2026-10-06 05:18:31.548554,0 days 00:03:15.575928,0.12186470831252749,1.181978698775699,78.91305021174706,7.704673657496365,0.009569508337727876,1.4671267453130232e-06,195.57579843793064,54,COMPLETE
6516,9.574293115904124,2.0655504255418937,2026-10-06 05:15:15.976626,2026-10-06 05:18:24.799423,0 days 00:03:08.822797,0.05500345327062073,13.316286308281214,6.369864732559228,7.14008749932051,0.004235049420405565,2.328670127015952e-06,188.82271541794762,54,COMPLETE
6517,31.691172134260512,8.406427160852019,2026-10-06 05:15:16.757854,2026-10-06 05:18:25.052069,0 days 00:03:08.294215,0.19189241237051688,1.8054001832365776,78.91305021174706,15.299334738334576,0.023002469189102655,1.54960617812222e-06,188.29409988597035,54,COMPLETE
6518,31.17674845846532,14.672920986850146,2026-10-06 05:15:16.761634,2026-10-06 05:18:26.226671,0 days 00:03:09.465037,0.14472486883161542,1.8054001832365776,78.91305021174706,17.444176692293013,0.011502177760315558,1.54960617812222e-06,189.46490428037941,54,COMPLETE
6519,25.98450827658503,5.068507735963809,2026-10-06 05:15:16.847809,2026-10-06 05:18:25.737404,0 days 00:03:08.889595,0.19189241237051688,19.10105086690924,78.91305021174706,7.748108278429203,0.008698017554316196,1.4671267453130232e-06,188.88947207992896,54,COMPLETE
6520,31.305028208035207,19.757611201721605,2026-10-06 05:15:17.284707,2026-10-06 05:18:26.773676,0 days 00:03:09.488969,0.19189241237051688,1.8054001832365776,78.91305021174706,7.14008749932051,0.008698017554316196,1.4671267453130232e-06,189.48882450675592,54,COMPLETE
6521,,,2026-10-06 05:15:17.517819,2026-10-06 05:15:18.832776,0 days 00:00:01.314957,0.06441798531902292,1.0100598856645617,78.91305021174706,12.025559114678314,0.0016548912915318671,,,54,PRUNED
6522,14.779300748502717,13.930337908904121,2026-10-06 05:15:19.068697,2026-10-06 05:18:28.221268,0 days 00:03:09.152571,0.2918907020150273,3.42961079489487,10.081490928586504,18.49957504695779,0.009569508337727876,1.4671267453130232e-06,189.1524335355498,54,COMPLETE
6523,12.664769660533128,1.9060926435884094,2026-10-06 05:15:42.175832,2026-10-06 05:18:46.718185,0 days 00:03:04.542353,0.09303755586321666,43.46070119667543,78.91305021174706,18.49957504695779,0.009569508337727876,1.0746247031029727e-06,184.54222051473334,54,COMPLETE
6524,32.35027318958379,13.8032431904302,2026-10-06 05:15:46.560692,2026-10-06 05:18:55.968594,0 days 00:03:09.407902,0.14472486883161542,1.0100598856645617,78.91305021174706,12.025559114678314,0.009569508337727876,1.4671267453130232e-06,189.40775177627802,54,COMPLETE
6525,23.895604238788064,1.3671089538845673,2026-10-06 05:15:47.452691,2026-10-06 05:19:06.047531,0 days 00:03:18.594840,0.35349415915446786,20.89905412759633,78.91305021174706,12.025559114678314,0.03463343903868386,1.4671267453130232e-06,198.59471173305064,54,COMPLETE
6526,30.196079462775835,19.581567510519996,2026-10-06 05:16:24.893886,2026-10-06 05:19:36.719282,0 days 00:03:11.825396,0.17534157142392734,3.42961079489487,78.91305021174706,18.49957504695779,0.009569508337727876,1.4671267453130232e-06,191.8252496616915,54,COMPLETE
6527,26.390729391804882,5.864092401793268,2026-10-06 05:16:25.564700,2026-10-06 05:19:44.299341,0 days 00:03:18.734641,0.14472486883161542,34.17103682031938,78.91305021174706,7.704673657496365,0.008698017554316196,1.4671267453130232e-06,198.73450774280354,54,COMPLETE
6528,31.953517529900097,16.538724957378236,2026-10-06 05:16:26.620906,2026-10-06 05:19:38.034561,0 days 00:03:11.413655,0.14472486883161542,1.0100598856645617,78.91305021174706,12.025559114678314,0.008698017554316196,1.4671267453130232e-06,191.4135098992847,54,COMPLETE
6529,30.35984747207384,5.263459366573336,2026-10-06 05:17:06.880699,2026-10-06 05:20:19.752484,0 days 00:03:12.871785,0.042813199759766316,1.8054001832365776,78.91305021174706,16.966954115393197,0.008698017554316196,2.328670127015952e-06,192.87164479075,54,COMPLETE
6530,25.11427903030268,9.719282071702091,2026-10-06 05:18:18.031721,2026-10-06 05:21:34.256560,0 days 00:03:16.224839,0.09463773086870245,1.0100598856645617,11.115697978990353,12.025559114678314,0.008698017554316196,1.4671267453130232e-06,196.2246938222088,54,COMPLETE
6531,32.730561456815295,10.228367687304644,2026-10-06 05:18:19.055865,2026-10-06 05:21:31.455557,0 days 00:03:12.399692,0.14472486883161542,1.0100598856645617,78.91305021174706,2.5931783094816834,0.009569508337727876,1.4671267453130232e-06,192.39955037692562,54,COMPLETE
6532,0.09429757770110765,1.223201470898692,2026-10-06 05:18:19.059646,2026-10-06 05:21:28.721763,0 days 00:03:09.662117,0.8518202135224238,1.0100598856645617,78.91305021174706,7.704673657496365,0.008698017554316196,1.4671267453130232e-06,189.66198064293712,54,COMPLETE
6533,30.046091774607454,10.864135837889389,2026-10-06 05:18:19.362705,2026-10-06 05:21:32.685364,0 days 00:03:13.322659,0.14472486883161542,3.42961079489487,80.97346391189345,45.605935248059524,0.01784994000223929,1.4671267453130232e-06,193.3225270821713,54,COMPLETE
6534,30.929915947819616,18.659095817006534,2026-10-06 05:18:19.924089,2026-10-06 05:21:34.260546,0 days 00:03:14.336457,0.14472486883161542,1.0100598856645617,78.91305021174706,53.19831855856638,0.009569508337727876,1.2446212784745538e-06,194.33632463496178,54,COMPLETE
6535,30.966274518732984,21.48914655542916,2026-10-06 05:18:19.964670,2026-10-06 05:21:33.972292,0 days 00:03:14.007622,0.18472274745078338,1.8054001832365776,78.91305021174706,12.025559114678314,0.008698017554316196,1.2446212784745538e-06,194.00751321483403,54,COMPLETE
6536,30.54684924471502,11.769468098992778,2026-10-06 05:18:20.770852,2026-10-06 05:21:32.825343,0 days 00:03:12.054491,0.2918907020150273,1.0100598856645617,80.97346391189345,2.5931783094816834,0.009569508337727876,1.4671267453130232e-06,192.05434768320993,54,COMPLETE
6537,24.11603123922522,20.88346309282105,2026-10-06 05:18:21.211054,2026-10-06 05:21:37.128152,0 days 00:03:15.917098,0.22031827582514427,1.8054001832365776,30.55646686111815,18.49957504695779,0.008698017554316196,1.4671267453130232e-06,195.91698849992827,54,COMPLETE
6538,10.477949027794349,3.128983852058653,2026-10-06 05:18:21.265863,2026-10-06 05:21:32.626445,0 days 00:03:11.360582,0.48967816666395225,26.977463154691335,78.91305021174706,53.19831855856638,0.009569508337727876,2.328670127015952e-06,191.3604365629144,54,COMPLETE
6539,30.748633635853157,21.7672893085043,2026-10-06 05:18:21.323669,2026-10-06 05:21:33.593989,0 days 00:03:12.270320,0.17534157142392734,1.8054001832365776,78.91305021174706,18.49957504695779,0.008698017554316196,1.4671267453130232e-06,192.27017844794318,54,COMPLETE
6540,23.425846831189727,19.033490214666216,2026-10-06 05:18:21.668681,2026-10-06 05:21:38.616141,0 days 00:03:16.947460,0.48967816666395225,1.0100598856645617,78.91305021174706,53.19831855856638,0.009569508337727876,2.328670127015952e-06,196.9473484880291,54,COMPLETE
6541,26.256914900969782,22.830867661643563,2026-10-06 05:18:23.408680,2026-10-06 05:21:40.323358,0 days 00:03:16.914678,0.35349415915446786,4.95477336878759,69.16329565667773,8.858210845255327,0.008698017554316196,1.4671267453130232e-06,196.91457284986973,54,COMPLETE
6542,,,2026-10-06 05:18:23.425473,2026-10-06 05:18:23.704758,0 days 00:00:00.279285,0.22031827582514427,1.0100598856645617,78.91305021174706,79.06011621851871,0.008698017554316196,,,54,PRUNED
6543,17.23320268487924,1.3838416458328462,2026-10-06 05:18:23.733677,2026-10-06 05:21:36.348554,0 days 00:03:12.614877,0.2918907020150273,1.0100598856645617,78.91305021174706,7.704673657496365,0.008698017554316196,0.05422813582843382,192.61474372912198,54,COMPLETE
6544,1.6804060692506,1.205699636655737,2026-10-06 05:18:23.820834,2026-10-06 05:21:39.084521,0 days 00:03:15.263687,0.8102516500676559,43.33278680014685,78.91305021174706,16.966954115393197,0.008698017554316196,1.4671267453130232e-06,195.26357684098184,54,COMPLETE
