number,values_0,values_1,datetime_start,datetime_complete,duration,params_c_val,params_input_force,params_k_between_val,params_k_wall_val,params_m_val,params_ridge_alpha,user_attrs_duration_sec,system_attrs_NSGAIISampler:generation,state
253,14.412689606142584,5.015472331122611,2026-10-06 00:25:49.881705,2026-10-06 00:29:04.884510,0 days 00:03:15.002805,0.5206349751021522,1.8619069911135584,32.233952817229785,5.534390982625277,0.011005204287205276,0.0010074763694376573,195.00270681316033,2,COMPLETE
254,3.7656247936660447,2.2678628903719757,2026-10-06 00:25:50.051901,2026-10-06 00:29:04.976190,0 days 00:03:14.924289,0.6040198049165227,42.2707199463251,14.719249146245843,60.96767805562881,0.0036480215798860415,0.0002119529307262873,194.92421225691214,2,COMPLETE
255,4.7003510933165105,1.293635835667549,2026-10-06 00:25:50.055658,2026-10-06 00:29:02.753636,0 days 00:03:12.697978,0.05005144061496009,30.4361881968835,24.404966548562996,44.26503842109319,0.01478582612116327,2.328670127015952e-06,192.69789633573964,2,COMPLETE
256,17.71443528381456,1.9583315528587755,2026-10-06 00:25:50.216696,2026-10-06 00:29:03.047539,0 days 00:03:12.830843,0.5555069055943938,18.703247673417344,89.61123200940895,8.570034232131624,0.0015767011041207138,0.00010160998520747449,192.8307546931319,2,COMPLETE
257,3.2020771378544888,1.206283742412487,2026-10-06 00:25:50.256690,2026-10-06 00:29:00.896207,0 days 00:03:10.639517,0.1713359383921567,23.170431497793686,1.6874860115008719,6.001952994051053,0.06824977174552374,1.3657327408019606,190.639442644082,2,COMPLETE
258,11.325295761001659,2.9485639935784347,2026-10-06 00:25:50.297669,2026-10-06 00:29:01.948143,0 days 00:03:11.650474,0.8260375030611535,8.987478920641044,32.233952817229785,2.765920773009866,0.009394328025581626,0.00026285855894701214,191.65040134917945,2,COMPLETE
259,,,2026-10-06 00:25:50.424687,2026-10-06 00:25:51.334625,0 days 00:00:00.909938,0.9642161066468002,22.058471956432985,31.25109846959102,1.3952232429901594,0.0022317672804941856,,,2,PRUNED
260,4.703875575078567,1.1981171597656863,2026-10-06 00:25:50.502674,2026-10-06 00:29:04.127525,0 days 00:03:13.624851,0.02862763109125612,2.5945475165527263,5.9762956979810085,4.53867284213042,0.0833401108079926,0.0051803688067366856,193.62477541528642,2,COMPLETE
261,27.97468078478638,1.4351354853297256,2026-10-06 00:25:50.614692,2026-10-06 00:29:02.125528,0 days 00:03:11.510836,0.1338864078069938,15.859677991775037,37.451348362540784,2.0489784059322336,0.016205446913400444,0.004038586316950702,191.5107576767914,2,COMPLETE
262,14.793629509129758,1.8518449099449033,2026-10-06 00:25:50.622670,2026-10-06 00:29:04.225497,0 days 00:03:13.602827,0.5555069055943938,46.774203669468385,29.294270272946573,1.9806728822218551,0.009596121382849983,0.001754171270788285,193.60274803405628,2,COMPLETE
263,4.86936231322096,1.9544198236937618,2026-10-06 00:25:50.744688,2026-10-06 00:29:06.025503,0 days 00:03:15.280815,0.14472486883161542,45.741044518014796,8.956156527797425,3.7504775608803835,0.0036499921651855075,1.972106799105486e-05,195.28073662286624,2,COMPLETE
264,15.367382298569794,1.2237462387139955,2026-10-06 00:25:50.749220,2026-10-06 00:29:07.022883,0 days 00:03:16.273663,0.10440188217839405,5.163106132123858,75.08545011892379,5.534390982625277,0.025433894102651768,60.28758797529368,196.2735804496333,2,COMPLETE
265,2.7834552675975335,1.25063817558837,2026-10-06 00:25:50.841688,2026-10-06 00:29:02.079939,0 days 00:03:11.238251,0.4571847416983729,18.9307098550292,5.224742778168688,22.43969985918882,0.0036480215798860415,4.496789805494079e-05,191.23816653573886,2,COMPLETE
266,9.695746494865116,2.9891300135189844,2026-10-06 00:25:50.869683,2026-10-06 00:29:01.879397,0 days 00:03:11.009714,0.6040198049165227,30.4361881968835,19.821111074492425,7.746949202276626,0.0034975155683449255,2.328670127015952e-06,191.00963341025636,2,COMPLETE
267,13.175292335139483,1.9906223247216954,2026-10-06 00:25:51.001712,2026-10-06 00:29:04.377794,0 days 00:03:13.376082,0.4959367378662905,27.13570031291397,24.336135440112013,7.882731093911324,0.018324378019643817,0.0005024391102558689,193.37599840806797,2,COMPLETE
268,15.492581428984314,1.1774122864814027,2026-10-06 00:25:51.401849,2026-10-06 00:29:06.219995,0 days 00:03:14.818146,0.10363965125276584,13.621530083311335,13.041405172378479,1.7658496078448727,0.08013421744402743,3.842518736637926e-05,194.81806749105453,2,COMPLETE
269,1.5597041126147153,1.368225430261067,2026-10-06 00:25:51.405686,2026-10-06 00:29:04.418253,0 days 00:03:13.012567,0.6884638935565228,8.987478920641044,3.3898967045651704,5.234236490545744,0.06905614673146593,3.4352887454749903e-06,193.01249000569806,2,COMPLETE
270,15.656923644521338,1.9809056992256637,2026-10-06 00:25:51.668117,2026-10-06 00:29:02.165546,0 days 00:03:10.497429,0.48967816666395225,5.163106132123858,14.719249146245843,1.8190863578544005,0.03389943614184064,2.328670127015952e-06,190.49735285388306,2,COMPLETE
271,13.549881276038136,1.6955372455320505,2026-10-06 00:25:51.987707,2026-10-06 00:29:03.898024,0 days 00:03:11.910317,0.6040198049165227,30.4361881968835,24.404966548562996,7.82709496809967,0.024790630872431413,1.6374091613134125e-05,191.9102396760136,2,COMPLETE
272,7.977096812004153,4.314028926828367,2026-10-06 00:25:52.063700,2026-10-06 00:29:01.223379,0 days 00:03:09.159679,0.5886596266876252,7.5769429977027825,16.375056145446308,18.49957504695779,0.014507822678708626,2.1616060509632624,189.15957597317174,2,COMPLETE
273,15.358453994293816,1.2268743646400477,2026-10-06 00:25:52.111057,2026-10-06 00:29:07.538705,0 days 00:03:15.427648,0.1912088840068961,15.233572470730422,83.63462158426863,51.58149976376962,0.024249565188203284,0.007690928916612578,195.4275486827828,2,COMPLETE
274,13.426375227535683,1.295750478936435,2026-10-06 00:25:52.114677,2026-10-06 00:29:02.834799,0 days 00:03:10.720122,0.16177110021459462,1.8619069911135584,25.716453893307285,5.534390982625277,0.011005204287205276,60.28758797529368,190.7200439600274,2,COMPLETE
275,2.397268376715788,1.4026837961321659,2026-10-06 00:25:52.158292,2026-10-06 00:29:05.840351,0 days 00:03:13.682059,0.14472486883161542,45.741044518014796,2.6083213694575367,40.9960733027228,0.013593181580386379,7.502092623438249,193.6819743430242,2,COMPLETE
276,10.906485799094792,1.2605447245404355,2026-10-06 00:25:52.201291,2026-10-06 00:29:04.474255,0 days 00:03:12.272964,0.4305853516618083,1.8619069911135584,75.08545011892379,3.7504775608803835,0.024249565188203284,60.28758797529368,192.27289666375145,2,COMPLETE
277,3.5120748626693254,1.3373914459781706,2026-10-06 00:25:52.477392,2026-10-06 00:29:02.888313,0 days 00:03:10.410921,0.7386229444586175,48.21469805334717,1.8538969201628852,1.7658496078448727,0.020865430030389993,9.416696432043285,190.41084252204746,2,COMPLETE
278,2.8953229784529873,1.04209220311681,2026-10-06 00:25:52.480662,2026-10-06 00:29:00.266331,0 days 00:03:07.785669,0.05005144061496009,43.112612532615174,24.404966548562996,35.1185931408229,0.07761302859611365,4.2062981036209255,187.7855927720666,2,COMPLETE
279,8.141418621524574,2.6179521088127062,2026-10-06 00:25:52.723693,2026-10-06 00:29:03.917778,0 days 00:03:11.194085,0.04451256952257735,5.163106132123858,1.867395442251624,2.5122488726661794,0.0015767011041207138,0.0002119529307262873,191.19401121186092,2,COMPLETE
280,10.367354312444998,1.346980423003026,2026-10-06 00:25:52.849039,2026-10-06 00:29:00.786680,0 days 00:03:07.937641,0.6188401160190078,15.859677991775037,37.451348362540784,10.36246557689139,0.02107155614769349,9.416696432043285,187.937551649753,2,COMPLETE
281,1.8019665568008296,2.099311539637472,2026-10-06 00:25:53.557680,2026-10-06 00:29:05.346315,0 days 00:03:11.788635,0.16177110021459462,48.21469805334717,3.7974012840683553,5.534390982625277,0.0021869538993636224,0.0005024391102558689,191.78856749692932,2,COMPLETE
282,2.9647913165818434,2.472412715170085,2026-10-06 00:25:53.645673,2026-10-06 00:29:06.983473,0 days 00:03:13.337800,0.06448199424049653,36.16797628127971,1.867395442251624,7.82709496809967,0.0015767011041207138,4.2062981036209255,193.33772430336103,2,COMPLETE
283,7.952795611003634,1.4702575661089332,2026-10-06 00:25:53.774087,2026-10-06 00:29:05.024937,0 days 00:03:11.250850,0.46275218399026974,45.741044518014796,5.923325039614763,1.3952232429901594,0.013593181580386379,2.1616060509632624,191.25077372882515,2,COMPLETE
284,15.02641153483891,2.5658720604603777,2026-10-06 00:25:53.829669,2026-10-06 00:29:04.406518,0 days 00:03:10.576849,0.5555069055943938,46.774203669468385,54.6602172125733,19.560678901050697,0.0272863075382553,0.001754171270788285,190.57676328904927,2,COMPLETE
285,8.535947601506441,1.1857708134112972,2026-10-06 00:25:53.850670,2026-10-06 00:29:03.678491,0 days 00:03:09.827821,0.14441067646934783,1.8107938605585203,1.3096869447737685,4.240619679914907,0.031936670180545836,9.606000786549846e-06,189.82774275867268,2,COMPLETE
286,12.209388251006596,1.2482490714844592,2026-10-06 00:25:54.780856,2026-10-06 00:29:04.469104,0 days 00:03:09.688248,0.6040198049165227,48.21469805334717,14.719249146245843,5.534390982625277,0.08180687566195993,6.548796866245772,189.68817540584132,2,COMPLETE
287,16.3080936400644,1.1865676154869236,2026-10-06 00:25:54.784658,2026-10-06 00:29:04.440699,0 days 00:03:09.656041,0.16177110021459462,48.21469805334717,23.968477323527853,5.534390982625277,0.04690319758315672,60.28758797529368,189.65596952522174,2,COMPLETE
288,3.9940236565019624,2.7193589825186084,2026-10-06 00:25:55.992691,2026-10-06 00:29:04.014462,0 days 00:03:08.021771,0.4571847416983729,23.170431497793686,1.1092055093231412,22.43969985918882,0.0036480215798860415,4.496789805494079e-05,188.02170148584992,2,COMPLETE
289,10.1949357155522,2.1135387536905483,2026-10-06 00:25:58.079705,2026-10-06 00:29:10.526514,0 days 00:03:12.446809,0.5555069055943938,39.01541877617215,14.719249146245843,7.746949202276626,0.01478582612116327,0.001754171270788285,192.4467135258019,2,COMPLETE
290,3.257069763680252,2.3671554926860012,2026-10-06 00:28:51.263714,2026-10-06 00:31:57.225611,0 days 00:03:05.961897,0.4571847416983729,23.170431497793686,1.1092055093231412,22.43969985918882,0.0013674293535711243,0.0002119529307262873,185.9618040053174,2,COMPLETE
291,11.015260585060751,1.193618180044008,2026-10-06 00:28:56.554992,2026-10-06 00:32:08.494643,0 days 00:03:11.939651,0.10363965125276584,33.308074374235474,13.041405172378479,3.4646072937976244,0.08013421744402743,23.72107470075799,191.9395590526983,2,COMPLETE
292,12.459007109231974,3.8218593459523653,2026-10-06 00:28:57.274706,2026-10-06 00:32:12.985322,0 days 00:03:15.710616,0.5555069055943938,41.25202022698372,34.08958612263361,10.55137025643824,0.009596121382849983,0.001754171270788285,195.71053813397884,2,COMPLETE
293,30.619180390059135,1.4981030462933087,2026-10-06 00:28:57.845055,2026-10-06 00:32:12.920094,0 days 00:03:15.075039,0.14472486883161542,45.741044518014796,78.91305021174706,1.8190863578544005,0.01478582612116327,2.328670127015952e-06,195.07496094098315,2,COMPLETE
294,13.635358940789299,1.2373166465287457,2026-10-06 00:28:57.880700,2026-10-06 00:32:16.245723,0 days 00:03:18.365023,0.5206349751021522,22.058471956432985,17.27325201263315,1.5513199850635038,0.05928153267461189,9.416696432043285,198.3649198678322,2,COMPLETE
295,,,2026-10-06 00:28:58.734191,2026-10-06 00:28:59.523207,0 days 00:00:00.789016,0.6188401160190078,48.21469805334717,17.27325201263315,35.593995171810676,0.0011064624592892558,,,2,PRUNED
296,8.49332792170536,2.312792758859809,2026-10-06 00:28:59.055861,2026-10-06 00:32:13.210200,0 days 00:03:14.154339,0.6707519252569772,46.647252582729806,77.51383454227101,69.59849767866419,0.013593181580386379,3.3976165743800303e-06,194.15425040619448,2,COMPLETE
297,10.395195948474711,1.5652449036853482,2026-10-06 00:28:59.587805,2026-10-06 00:32:14.117021,0 days 00:03:14.529216,0.9222042430472607,33.308074374235474,24.50519146354879,6.165021442629419,0.010747984261336834,0.0013861537444713598,194.52913609193638,2,COMPLETE
298,,,2026-10-06 00:29:00.202679,2026-10-06 00:29:00.862680,0 days 00:00:00.660001,0.04451256952257735,15.859677991775037,46.546095502334126,16.73745867120417,0.0015737665158087465,,,2,PRUNED
299,4.9054398581971785,1.3123850298664648,2026-10-06 00:29:00.275163,2026-10-06 00:32:14.072364,0 days 00:03:13.797201,0.5206349751021522,22.058471956432985,32.233952817229785,78.83704969719115,0.05928153267461189,0.0002119529307262873,193.79712095391005,2,COMPLETE
300,7.2270741020629,1.2671369257506595,2026-10-06 00:29:00.501668,2026-10-06 00:32:13.125446,0 days 00:03:12.623778,0.5886596266876252,28.715101235632567,5.923325039614763,7.768783341952489,0.03252063363543087,1.0792627112324709e-06,192.62368264375255,2,COMPLETE
301,12.197357356592857,20.51130560514944,2026-10-06 00:29:00.609675,2026-10-06 00:32:16.954110,0 days 00:03:16.344435,0.4959367378662905,8.987478920641044,24.336135440112013,24.83464837158403,0.0036499921651855075,3.4352887454749903e-06,196.3443371867761,2,COMPLETE
302,28.316448619375713,1.72827249687198,2026-10-06 00:29:00.959968,2026-10-06 00:32:16.281747,0 days 00:03:15.321779,0.16177110021459462,5.163106132123858,75.08545011892379,5.534390982625277,0.01478582612116327,2.328670127015952e-06,195.32170152291656,2,COMPLETE
303,9.527471743147958,1.2003744832677865,2026-10-06 00:29:00.971662,2026-10-06 00:32:13.727969,0 days 00:03:12.756307,0.5206349751021522,30.4361881968835,4.053016063884594,2.765920773009866,0.05928153267461189,0.0010074763694376573,192.75623722514138,2,COMPLETE
304,7.39242067301341,1.7558071738281829,2026-10-06 00:29:01.060344,2026-10-06 00:32:10.773526,0 days 00:03:09.713182,0.6040198049165227,38.62014749600437,31.25109846959102,33.873157355561396,0.01478582612116327,0.6720511302179899,189.7130816061981,2,COMPLETE
305,28.236845769571772,2.539158314305894,2026-10-06 00:29:01.235689,2026-10-06 00:32:14.393309,0 days 00:03:13.157620,0.16177110021459462,16.46379943229858,75.08545011892379,5.534390982625277,0.011005204287205276,1.972106799105486e-05,193.15753705613315,2,COMPLETE
306,5.78310615552482,1.5030128525730835,2026-10-06 00:29:01.302691,2026-10-06 00:32:18.238106,0 days 00:03:16.935415,0.4305853516618083,15.859677991775037,6.433856196331227,10.36246557689139,0.012997280093347946,0.0011061405799333039,196.935321635101,2,COMPLETE
307,15.393188762332022,1.2150641651997434,2026-10-06 00:29:01.314852,2026-10-06 00:32:11.121552,0 days 00:03:09.806700,0.1713359383921567,28.093447053989586,10.078092501957375,1.9436578789742032,0.05928153267461189,0.0002119529307262873,189.80660009477288,2,COMPLETE
308,3.307455912228942,2.3207022009907763,2026-10-06 00:29:01.318661,2026-10-06 00:32:17.869127,0 days 00:03:16.550466,0.1713359383921567,43.620661490888956,3.630420016898594,1.9436578789742032,0.0036480215798860415,0.017428622857301852,196.5503881070763,2,COMPLETE
309,6.266417538936174,1.2219804206292975,2026-10-06 00:29:01.512684,2026-10-06 00:32:13.724515,0 days 00:03:12.211831,0.1713359383921567,23.170431497793686,5.224742778168688,10.36246557689139,0.05928153267461189,0.0002119529307262873,192.2116400739178,2,COMPLETE
310,14.807718709968972,1.2477405995025386,2026-10-06 00:29:01.671688,2026-10-06 00:32:15.282806,0 days 00:03:13.611118,0.16177110021459462,1.8619069911135584,75.08545011892379,6.739540301448907,0.0672023389668611,60.28758797529368,193.61104020709172,2,COMPLETE
311,8.930087288187377,5.86762495652317,2026-10-06 00:29:01.987691,2026-10-06 00:32:17.450699,0 days 00:03:15.463008,0.4702890052582907,5.163106132123858,7.099519619717996,5.534390982625277,0.0036499921651855075,1.972106799105486e-05,195.4629294797778,2,COMPLETE
312,16.733781397051256,1.241405272431604,2026-10-06 00:29:02.031486,2026-10-06 00:32:17.218107,0 days 00:03:15.186621,0.5206349751021522,22.058471956432985,32.233952817229785,10.36246557689139,0.08308187053090792,0.0010074763694376573,195.18653530906886,2,COMPLETE
313,4.852397619360351,1.3128498853674637,2026-10-06 00:29:02.039545,2026-10-06 00:32:16.603730,0 days 00:03:14.564185,0.6188401160190078,22.39794894565121,17.27325201263315,33.873157355561396,0.013593181580386379,0.6720511302179899,194.5641105538234,2,COMPLETE
314,2.278450011489226,1.1690186812813732,2026-10-06 00:29:02.281683,2026-10-06 00:32:16.335501,0 days 00:03:14.053818,0.5206349751021522,30.15990641073274,32.233952817229785,2.765920773009866,0.0020352750630642496,0.250445678806926,194.05373530415818,2,COMPLETE
315,19.811246909298646,1.5992361680728364,2026-10-06 00:29:02.532845,2026-10-06 00:32:16.193457,0 days 00:03:13.660612,0.12420771410919251,49.347764753392106,37.451348362540784,10.36246557689139,0.016205446913400444,5.531733091815851e-06,193.66051472490653,2,COMPLETE
316,10.802350300311272,3.971474378430191,2026-10-06 00:29:02.536661,2026-10-06 00:32:17.550302,0 days 00:03:15.013641,0.5361100042557659,5.163106132123858,14.89278255275465,1.8190863578544005,0.0036499921651855075,1.972106799105486e-05,195.01356001012027,2,COMPLETE
317,3.8458704588638026,1.1412927986731836,2026-10-06 00:29:02.854857,2026-10-06 00:32:13.099715,0 days 00:03:10.244858,0.5886596266876252,28.83495986102647,5.923325039614763,20.099492537877246,0.03252063363543087,0.022772302660463845,190.24476268980652,2,COMPLETE
318,29.338410285932277,11.56132529294188,2026-10-06 00:29:02.927967,2026-10-06 00:32:14.555289,0 days 00:03:11.627322,0.12420771410919251,1.8619069911135584,37.451348362540784,10.36246557689139,0.011005204287205276,5.531733091815851e-06,191.62723688269034,2,COMPLETE
319,,,2026-10-06 00:29:02.960670,2026-10-06 00:29:03.154720,0 days 00:00:00.194050,0.16177110021459462,48.21469805334717,75.08545011892379,5.534390982625277,0.002305930483664806,,,2,PRUNED
320,11.58116802007099,1.197250043945413,2026-10-06 00:29:03.115940,2026-10-06 00:32:18.618516,0 days 00:03:15.502576,0.02735477818132491,39.644578046551594,77.51383454227101,1.317161884323402,0.0833401108079926,3.82702743427546e-06,195.50247383117676,2,COMPLETE
321,8.942372467650435,1.56305573664366,2026-10-06 00:29:03.148692,2026-10-06 00:32:15.246125,0 days 00:03:12.097433,0.6188401160190078,48.21469805334717,17.27325201263315,13.482727961781265,0.03389943614184064,9.416696432043285,192.09735490800813,2,COMPLETE
322,20.373323981155334,1.1867393869478482,2026-10-06 00:29:03.235847,2026-10-06 00:32:16.611485,0 days 00:03:13.375638,0.6188401160190078,11.914101316739547,24.336135440112013,1.0833672540763994,0.06905614673146593,0.0005024391102558689,193.37556403502822,2,COMPLETE
323,1.4161159958384464,1.3135517836498865,2026-10-06 00:29:03.239656,2026-10-06 00:32:12.648566,0 days 00:03:09.408910,0.03502742554094747,9.259654832397613,1.1092055093231412,22.43969985918882,0.0013674293535711243,0.15858145340988014,189.40881614899263,2,COMPLETE
324,2.8448704780751273,1.181268559435541,2026-10-06 00:29:03.408701,2026-10-06 00:32:14.565222,0 days 00:03:11.156521,0.013325405082885489,28.560924004137437,3.0391544081707016,3.528688709174988,0.018324378019643817,0.000617184287939886,191.15643873391673,2,COMPLETE
325,1.5418831200812098,1.2520326148099172,2026-10-06 00:29:03.821844,2026-10-06 00:32:15.423845,0 days 00:03:11.602001,0.05005144061496009,30.4361881968835,1.3096869447737685,10.236833088168279,0.030091272867373106,9.606000786549846e-06,191.60192683897913,2,COMPLETE
326,,,2026-10-06 00:29:03.825654,2026-10-06 00:29:04.315683,0 days 00:00:00.490029,0.01979374426028846,46.647252582729806,77.51383454227101,19.560678901050697,0.0017800756011647277,,,2,PRUNED
327,2.718693963344905,1.2221967293497857,2026-10-06 00:29:03.898465,2026-10-06 00:32:16.884503,0 days 00:03:12.986038,0.010727984629760217,8.987478920641044,5.224742778168688,23.553206408268526,0.0036499921651855075,0.0009587396715938797,192.9859527410008,2,COMPLETE
328,2.717342902779346,1.21892110298362,2026-10-06 00:29:04.378103,2026-10-06 00:32:20.692637,0 days 00:03:16.314534,0.02711095531676674,33.2296579823795,3.2005488053267315,7.746949202276626,0.01478582612116327,0.0002119529307262873,196.31445478089154,2,COMPLETE
329,7.621253243855305,1.2776575607700897,2026-10-06 00:29:04.392844,2026-10-06 00:32:18.373488,0 days 00:03:13.980644,0.6884638935565228,11.914101316739547,7.503878447618833,5.534390982625277,0.06905614673146593,0.0005024391102558689,193.9805699312128,2,COMPLETE
330,3.020426767771659,1.3639616871579503,2026-10-06 00:29:04.396654,2026-10-06 00:32:16.367239,0 days 00:03:11.970585,0.3405936062685717,28.715101235632567,1.1274216380215312,11.194004639663856,0.005185214608675789,1.0792627112324709e-06,191.97050295444205,2,COMPLETE
331,14.667865375108795,2.5384742062061467,2026-10-06 00:29:04.400662,2026-10-06 00:32:19.031342,0 days 00:03:14.630680,0.48967816666395225,5.163106132123858,14.719249146245843,1.007791261599052,0.01478582612116327,1.093765553878121e-05,194.63060711603612,2,COMPLETE
332,21.37244379079288,1.5345153143121457,2026-10-06 00:29:04.424142,2026-10-06 00:32:14.464209,0 days 00:03:10.040067,0.12420771410919251,15.859677991775037,37.451348362540784,10.36246557689139,0.016205446913400444,5.531733091815851e-06,190.03998991614208,2,COMPLETE
333,19.202217400100395,1.2038915417527642,2026-10-06 00:29:04.448671,2026-10-06 00:32:18.309719,0 days 00:03:13.861048,0.21371909596186367,49.82410412352555,37.451348362540784,10.36246557689139,0.05928153267461189,3.4352887454749903e-06,193.86096854927018,2,COMPLETE
334,3.021675424112396,1.390927888458533,2026-10-06 00:29:04.481658,2026-10-06 00:32:21.673529,0 days 00:03:17.191871,0.4571847416983729,41.25202022698372,1.1092055093231412,10.236833088168279,0.031936670180545836,0.0030518060970325185,197.19178963685408,2,COMPLETE
335,8.483470115765465,1.2765740805793193,2026-10-06 00:29:04.892678,2026-10-06 00:32:19.204477,0 days 00:03:14.311799,0.03502742554094747,15.177603097437203,6.847319413860616,3.528688709174988,0.018324378019643817,0.14271763050821695,194.3117275252007,2,COMPLETE
