number,values_0,values_1,datetime_start,datetime_complete,duration,params_c_val,params_input_force,params_k_between_val,params_k_wall_val,params_m_val,params_ridge_alpha,user_attrs_duration_sec,system_attrs_NSGAIISampler:generation,state
2990,24.218652960891138,6.085014536723099,2026-10-06 02:34:27.450756,2026-10-06 02:37:42.972687,0 days 00:03:15.521931,0.17534157142392734,47.32789186868897,78.91305021174706,12.025559114678314,0.009569508337727876,2.328670127015952e-06,195.52184488298371,25,COMPLETE
2991,3.670184374278688,1.3098980576640629,2026-10-06 02:34:27.453154,2026-10-06 02:37:41.909268,0 days 00:03:14.456114,0.05155735622316598,44.0650801613964,1.4905253788222932,5.941647637436791,0.009569508337727876,2.328670127015952e-06,194.4560341341421,25,COMPLETE
2992,11.21952916717913,1.4009054178301923,2026-10-06 02:34:27.497649,2026-10-06 02:37:39.287632,0 days 00:03:11.789983,0.48480307501533615,3.42961079489487,78.91305021174706,46.431764750098004,0.009569508337727876,65.5504620435549,191.78987327869982,25,COMPLETE
2993,30.676969600631757,18.396726713141923,2026-10-06 02:34:27.909685,2026-10-06 02:37:41.345778,0 days 00:03:13.436093,0.22031827582514427,1.0100598856645617,78.91305021174706,40.2862337213893,0.009569508337727876,2.328670127015952e-06,193.43598834890872,25,COMPLETE
2994,31.069866828774348,18.642804006703685,2026-10-06 02:34:28.432954,2026-10-06 02:37:43.037372,0 days 00:03:14.604418,0.14472486883161542,1.8054001832365776,78.91305021174706,12.025559114678314,0.008698017554316196,2.328670127015952e-06,194.60433143237606,25,COMPLETE
2995,29.358492184673413,22.46111129799002,2026-10-06 02:34:28.436647,2026-10-06 02:37:42.862654,0 days 00:03:14.426007,0.1912437107176475,3.42961079489487,78.91305021174706,45.605935248059524,0.009569508337727876,2.328670127015952e-06,194.42590436618775,25,COMPLETE
2996,31.61789234006431,16.234849438418628,2026-10-06 02:34:28.440643,2026-10-06 02:37:41.782583,0 days 00:03:13.341940,0.14472486883161542,1.8054001832365776,78.91305021174706,4.949274479107639,0.008698017554316196,2.328670127015952e-06,193.34186307387426,25,COMPLETE
2997,16.010540882655732,2.5930104654077555,2026-10-06 02:34:28.444637,2026-10-06 02:37:45.148923,0 days 00:03:16.704286,0.8027376777649193,27.327091596073604,78.91305021174706,12.025559114678314,0.009569508337727876,2.328670127015952e-06,196.70419751806185,25,COMPLETE
2998,15.68933275259694,5.804201259552896,2026-10-06 02:34:28.645683,2026-10-06 02:37:42.888206,0 days 00:03:14.242523,0.15233643991025508,1.8054001832365776,4.814465290716069,21.552109710641485,0.009569508337727876,2.328670127015952e-06,194.24243372818455,25,COMPLETE
2999,32.07908822964473,9.789091761471067,2026-10-06 02:34:28.852679,2026-10-06 02:37:42.278731,0 days 00:03:13.426052,0.09182262935279197,1.8054001832365776,78.91305021174706,4.949274479107639,0.009569508337727876,2.328670127015952e-06,193.42596842674538,25,COMPLETE
3000,,,2026-10-06 02:34:28.910686,2026-10-06 02:34:30.232723,0 days 00:00:01.322037,0.22031827582514427,3.42961079489487,78.91305021174706,40.29115295108787,0.005351796927978701,,,25,PRUNED
3001,31.465073244656914,16.978952378682635,2026-10-06 02:34:29.169668,2026-10-06 02:37:40.664518,0 days 00:03:11.494850,0.14472486883161542,1.8054001832365776,78.91305021174706,6.182683349256731,0.008698017554316196,2.328670127015952e-06,191.49474540306255,25,COMPLETE
3002,24.768350625268432,1.3313011111598716,2026-10-06 02:34:29.187730,2026-10-06 02:37:41.152932,0 days 00:03:11.965202,0.1912437107176475,1.8054001832365776,78.91305021174706,8.12919983985662,0.03463343903868386,0.07624134320127438,191.96511283516884,25,COMPLETE
3003,19.141065827418704,13.18338967652234,2026-10-06 02:34:29.190525,2026-10-06 02:37:41.080347,0 days 00:03:11.889822,0.1912437107176475,1.8054001832365776,11.728516332867638,18.49957504695779,0.009569508337727876,2.328670127015952e-06,191.88972427370027,25,COMPLETE
3004,9.861716868587783,4.011446295231075,2026-10-06 02:34:29.314653,2026-10-06 02:37:46.574825,0 days 00:03:17.260172,0.22031827582514427,2.5826334477054016,2.3207417985888656,12.025559114678314,0.009569508337727876,2.328670127015952e-06,197.260075786151,25,COMPLETE
3005,25.861012105657558,9.458903013520278,2026-10-06 02:34:29.346653,2026-10-06 02:37:43.446927,0 days 00:03:14.100274,0.4564631511869688,1.8054001832365776,78.91305021174706,1.5399547061373307,0.009569508337727876,2.328670127015952e-06,194.1001939252019,25,COMPLETE
3006,13.016346507556184,1.3279743687854655,2026-10-06 02:34:29.350633,2026-10-06 02:37:44.237664,0 days 00:03:14.887031,0.14472486883161542,1.8054001832365776,22.878800151785462,6.967854344015412,0.008698017554316196,76.86678622668187,194.88693656912073,25,COMPLETE
3007,29.878565235492818,13.158023973359718,2026-10-06 02:34:29.811687,2026-10-06 02:37:46.055226,0 days 00:03:16.243539,0.09878347004071558,3.42961079489487,78.91305021174706,33.30687987697177,0.009569508337727876,2.328670127015952e-06,196.24343155091628,25,COMPLETE
3008,28.948206382274783,5.254877058024206,2026-10-06 02:34:29.868671,2026-10-06 02:37:42.231662,0 days 00:03:12.362991,0.059226366756946223,1.8054001832365776,78.91305021174706,35.397938808104236,0.009569508337727876,0.08417974741353623,192.36290082288906,25,COMPLETE
3009,31.65176046948331,14.543706619925944,2026-10-06 02:34:29.921920,2026-10-06 02:37:43.339902,0 days 00:03:13.417982,0.22031827582514427,1.8054001832365776,78.91305021174706,4.949274479107639,0.009569508337727876,2.328670127015952e-06,193.41788867022842,25,COMPLETE
3010,31.058494576748092,18.688083566493344,2026-10-06 02:34:29.989948,2026-10-06 02:37:43.374579,0 days 00:03:13.384631,0.14472486883161542,1.8054001832365776,78.91305021174706,12.303481343464334,0.008698017554316196,2.328670127015952e-06,193.38454540912062,25,COMPLETE
3011,31.99753294212412,14.469989622292536,2026-10-06 02:34:30.040653,2026-10-06 02:37:41.598318,0 days 00:03:11.557665,0.17534157142392734,1.8054001832365776,78.91305021174706,4.949274479107639,0.009569508337727876,2.328670127015952e-06,191.5575583949685,25,COMPLETE
3012,24.754886857379624,1.8442945401348179,2026-10-06 02:34:30.258670,2026-10-06 02:37:43.687977,0 days 00:03:13.429307,0.45305622601825485,8.834477727436731,78.91305021174706,3.3466676742788395,0.009569508337727876,2.328670127015952e-06,193.42922386713326,25,COMPLETE
3013,,,2026-10-06 02:34:30.531695,2026-10-06 02:34:31.805726,0 days 00:00:01.274031,0.01989243298243116,1.8054001832365776,78.91305021174706,4.949274479107639,0.002199964538151067,,,25,PRUNED
3014,31.074460498189797,15.63859337309457,2026-10-06 02:34:31.035682,2026-10-06 02:37:44.132223,0 days 00:03:13.096541,0.14472486883161542,1.8054001832365776,78.91305021174706,12.025559114678314,0.008698017554316196,2.935967242983122e-05,193.096428910736,25,COMPLETE
3015,31.99753294212412,14.469989622292536,2026-10-06 02:34:31.076673,2026-10-06 02:37:43.676512,0 days 00:03:12.599839,0.17534157142392734,1.8054001832365776,78.91305021174706,4.949274479107639,0.009569508337727876,2.328670127015952e-06,192.59975799825042,25,COMPLETE
3016,29.58742575100136,16.27703713431881,2026-10-06 02:34:31.080645,2026-10-06 02:37:42.264665,0 days 00:03:11.184020,0.14472486883161542,3.42961079489487,78.91305021174706,12.303481343464334,0.008698017554316196,2.328670127015952e-06,191.183941307012,25,COMPLETE
3017,23.80818370165271,19.150180220588222,2026-10-06 02:34:31.088645,2026-10-06 02:37:43.695972,0 days 00:03:12.607327,0.3401090828369047,1.8054001832365776,50.87841162481437,18.49957504695779,0.008698017554316196,2.328670127015952e-06,192.60725493589416,25,COMPLETE
3018,31.586650153965348,16.46750197400499,2026-10-06 02:34:31.203820,2026-10-06 02:37:43.633922,0 days 00:03:12.430102,0.17534157142392734,1.8054001832365776,78.91305021174706,8.12919983985662,0.009569508337727876,2.328670127015952e-06,192.43002094188705,25,COMPLETE
3019,16.605287494835885,1.7054035340512508,2026-10-06 02:34:31.236964,2026-10-06 02:37:45.903986,0 days 00:03:14.667022,0.15233643991025508,1.8054001832365776,78.91305021174706,21.552109710641485,0.009569508337727876,5.114639867585181,194.66692449105904,25,COMPLETE
3020,32.041437532534815,14.626088721426392,2026-10-06 02:34:31.277654,2026-10-06 02:37:44.906988,0 days 00:03:13.629334,0.14472486883161542,1.0100598856645617,78.91305021174706,18.49957504695779,0.009569508337727876,2.328670127015952e-06,193.62923941994086,25,COMPLETE
3021,1.4915556967786965,2.0921453584810115,2026-10-06 02:34:31.641688,2026-10-06 02:37:43.503944,0 days 00:03:11.862256,0.1912437107176475,49.68490187460251,1.5564998423324388,8.12919983985662,0.002013702582883416,2.328670127015952e-06,191.86216840334237,25,COMPLETE
3022,17.73045619751681,13.827034290278071,2026-10-06 02:34:31.726663,2026-10-06 02:37:47.920258,0 days 00:03:16.193595,0.8277688095607948,1.8054001832365776,78.91305021174706,12.303481343464334,0.009569508337727876,2.328670127015952e-06,196.19347992632538,25,COMPLETE
3023,0.779075168938412,1.1817218974559842,2026-10-06 02:34:31.900675,2026-10-06 02:37:45.261690,0 days 00:03:13.361015,0.016353581409538347,48.56271535050338,78.91305021174706,35.397938808104236,0.009569508337727876,1.4671267453130232e-06,193.36092429002747,25,COMPLETE
3024,,,2026-10-06 02:34:32.323695,2026-10-06 02:34:32.500628,0 days 00:00:00.176933,0.17534157142392734,1.8054001832365776,21.857576230476987,7.7443498468640675,0.0020989794325350676,,,25,PRUNED
3025,4.046237275803309,1.2696240664223146,2026-10-06 02:34:32.605859,2026-10-06 02:37:38.484753,0 days 00:03:05.878894,0.010844955795294662,15.333344633986272,78.91305021174706,12.025559114678314,0.009569508337727876,2.328670127015952e-06,185.87877827091143,25,COMPLETE
3026,24.199527855694633,5.156645453620217,2026-10-06 02:34:32.609649,2026-10-06 02:37:40.853654,0 days 00:03:08.244005,0.1912437107176475,27.664582401116405,75.36920991789789,12.025559114678314,0.009569508337727876,2.328670127015952e-06,188.24389756005257,25,COMPLETE
3027,11.022989592293701,2.2278891071756144,2026-10-06 02:34:32.613632,2026-10-06 02:37:42.149130,0 days 00:03:09.535498,0.14472486883161542,1.8054001832365776,1.7502075724812667,4.949274479107639,0.009569508337727876,2.328670127015952e-06,189.53540578112006,25,COMPLETE
3028,31.432599470405062,16.56663998574626,2026-10-06 02:34:32.677658,2026-10-06 02:37:43.882077,0 days 00:03:11.204419,0.14472486883161542,1.8054001832365776,78.91305021174706,12.303481343464334,0.009569508337727876,2.328670127015952e-06,191.2043361561373,25,COMPLETE
3029,25.510601252427936,6.74163683622608,2026-10-06 02:34:32.681806,2026-10-06 02:37:46.156277,0 days 00:03:13.474471,0.22031827582514427,39.616319904969,78.91305021174706,8.12919983985662,0.009569508337727876,2.328670127015952e-06,193.47437784727663,25,COMPLETE
3030,27.96127553134046,15.442289392421403,2026-10-06 02:34:32.685637,2026-10-06 02:37:43.828531,0 days 00:03:11.142894,0.3401090828369047,3.42961079489487,78.91305021174706,8.12919983985662,0.009569508337727876,2.7825964719507765e-05,191.14281361736357,25,COMPLETE
3031,27.8150095923859,11.9719559401618,2026-10-06 02:34:32.689634,2026-10-06 02:37:48.988526,0 days 00:03:16.298892,0.14472486883161542,3.42961079489487,78.91305021174706,40.29115295108787,0.009569508337727876,0.02900576990399216,196.29878929210827,25,COMPLETE
3032,30.054007101241474,5.525380546582827,2026-10-06 02:34:32.693643,2026-10-06 02:37:45.146812,0 days 00:03:12.453169,0.3401090828369047,3.42961079489487,78.91305021174706,12.303481343464334,0.04683042041155763,2.328670127015952e-06,192.4530808548443,25,COMPLETE
3033,10.980166880787957,2.5587161935594387,2026-10-06 02:34:33.329697,2026-10-06 02:37:41.771504,0 days 00:03:08.441807,0.14472486883161542,1.8054001832365776,1.7196864770734646,8.12919983985662,0.009569508337727876,2.328670127015952e-06,188.44172408711165,25,COMPLETE
3034,31.45379482479829,18.073841720567764,2026-10-06 02:34:33.333646,2026-10-06 02:37:43.064969,0 days 00:03:09.731323,0.17534157142392734,1.8054001832365776,78.91305021174706,6.182683349256731,0.008698017554316196,2.328670127015952e-06,189.73124164622277,25,COMPLETE
3035,31.058494576748092,18.688083566493344,2026-10-06 02:34:33.337640,2026-10-06 02:37:41.508571,0 days 00:03:08.170931,0.14472486883161542,1.8054001832365776,78.91305021174706,12.303481343464334,0.008698017554316196,2.328670127015952e-06,188.1708444361575,25,COMPLETE
3036,29.058123461325856,1.2849351621096772,2026-10-06 02:34:33.341634,2026-10-06 02:37:43.433285,0 days 00:03:10.091651,0.14472486883161542,30.252278886585003,78.91305021174706,4.949274479107639,0.03463343903868386,0.01019874032377372,190.09157325467095,25,COMPLETE
3037,30.703067468502013,1.653499919391873,2026-10-06 02:34:33.590671,2026-10-06 02:37:41.889760,0 days 00:03:08.299089,0.08692796114160131,1.8054001832365776,78.91305021174706,1.7536873139493263,0.009569508337727876,2.328670127015952e-06,188.2989985779859,25,COMPLETE
3038,31.943293876119185,14.530248461774908,2026-10-06 02:34:33.773679,2026-10-06 02:37:45.406587,0 days 00:03:11.632908,0.14472486883161542,1.8054001832365776,78.91305021174706,6.182683349256731,0.009569508337727876,2.328670127015952e-06,191.6328109628521,25,COMPLETE
3039,29.840367163409205,1.698590472687685,2026-10-06 02:34:34.070875,2026-10-06 02:37:49.117373,0 days 00:03:15.046498,0.14472486883161542,6.28879905307643,78.91305021174706,3.5232309089019,0.009569508337727876,2.328670127015952e-06,195.0463905222714,25,COMPLETE
3040,32.10172869828026,12.499648872343428,2026-10-06 02:34:34.168699,2026-10-06 02:37:46.463492,0 days 00:03:12.294793,0.14472486883161542,1.8054001832365776,78.91305021174706,4.949274479107639,0.009569508337727876,5.815432500268061e-06,192.29470954369754,25,COMPLETE
3041,31.47262834896221,15.46116083977524,2026-10-06 02:34:34.232677,2026-10-06 02:37:48.800804,0 days 00:03:14.568127,0.22205778097265844,1.8054001832365776,78.91305021174706,6.182683349256731,0.009569508337727876,2.328670127015952e-06,194.56802746467292,25,COMPLETE
3042,30.82494196424007,18.518874528421623,2026-10-06 02:34:34.264649,2026-10-06 02:37:47.123127,0 days 00:03:12.858478,0.14472486883161542,1.8054001832365776,78.91305021174706,29.264201111476286,0.009569508337727876,2.328670127015952e-06,192.8583805859089,25,COMPLETE
3043,32.13953797816458,2.9516474438057014,2026-10-06 02:34:34.284658,2026-10-06 02:37:44.286642,0 days 00:03:10.001984,0.14472486883161542,1.8054001832365776,78.91305021174706,12.303481343464334,0.04192625998356319,2.328670127015952e-06,190.00189065001905,25,COMPLETE
3044,,,2026-10-06 02:34:35.028700,2026-10-06 02:34:36.168737,0 days 00:00:01.140037,0.17534157142392734,1.8054001832365776,78.91305021174706,93.57249762613989,0.001089770486645765,,,25,PRUNED
3045,23.602784765036876,25.52027819525115,2026-10-06 02:34:36.405693,2026-10-06 02:37:41.125115,0 days 00:03:04.719422,0.48480307501533615,6.56968274079292,78.91305021174706,12.303481343464334,0.009569508337727876,2.328670127015952e-06,184.71932461904362,25,COMPLETE
3046,18.231745076234436,3.1887047294697157,2026-10-06 02:34:36.409649,2026-10-06 02:37:51.301763,0 days 00:03:14.892114,0.22031827582514427,1.8054001832365776,78.91305021174706,12.025559114678314,0.009569508337727876,0.21614730714162322,194.89200315484777,25,COMPLETE
3047,9.156898620569812,2.483988747241468,2026-10-06 02:34:39.569327,2026-10-06 02:37:48.033370,0 days 00:03:08.464043,0.8260346737643047,33.934304387447604,78.91305021174706,30.533273121368023,0.009569508337727876,2.328670127015952e-06,188.46394872199744,25,COMPLETE
3048,32.105448248610195,13.77246817701386,2026-10-06 02:35:02.332699,2026-10-06 02:38:16.145421,0 days 00:03:13.812722,0.14472486883161542,1.8054001832365776,78.91305021174706,4.949274479107639,0.009569508337727876,2.328670127015952e-06,193.8125932281837,25,COMPLETE
3049,30.84299478988092,19.34529345806946,2026-10-06 02:36:22.128795,2026-10-06 02:39:30.922171,0 days 00:03:08.793376,0.14472486883161542,1.8054001832365776,78.91305021174706,18.07720084408796,0.008698017554316196,2.328670127015952e-06,188.79326253617182,25,COMPLETE
3050,,,2026-10-06 02:37:37.773955,2026-10-06 02:37:38.680751,0 days 00:00:00.906796,0.14472486883161542,1.8054001832365776,78.91305021174706,73.56197754393794,0.008698017554316196,,,25,PRUNED
3051,,,2026-10-06 02:37:38.055670,2026-10-06 02:37:38.887926,0 days 00:00:00.832256,0.021243727412596766,1.8054001832365776,78.91305021174706,46.431764750098004,0.0031601186899991754,,,25,PRUNED
3052,32.0505572454284,13.748078549618164,2026-10-06 02:37:38.579818,2026-10-06 02:40:55.838222,0 days 00:03:17.258404,0.17534157142392734,1.0100598856645617,78.91305021174706,12.025559114678314,0.009569508337727876,2.328670127015952e-06,197.2583026890643,25,COMPLETE
3053,6.148239601544889,1.260525041955332,2026-10-06 02:37:38.948696,2026-10-06 02:40:51.092702,0 days 00:03:12.144006,0.17534157142392734,44.92997741456084,9.348527777602568,12.025559114678314,0.036847752206554764,2.328670127015952e-06,192.14389787474647,25,COMPLETE
3054,27.988374700359593,1.5264029501036718,2026-10-06 02:37:39.077811,2026-10-06 02:40:55.485810,0 days 00:03:16.407999,0.14472486883161542,6.079285220745063,78.91305021174706,6.182683349256731,0.008698017554316196,2.328670127015952e-06,196.40790841681883,25,COMPLETE
3055,15.345232891069676,1.3505300737086523,2026-10-06 02:37:39.556992,2026-10-06 02:40:53.353231,0 days 00:03:13.796239,0.22031827582514427,2.5826334477054016,78.91305021174706,12.025559114678314,0.009569508337727876,26.785063398881807,193.79612171975896,25,COMPLETE
3056,4.7593913343086065,1.7823115379774936,2026-10-06 02:37:39.660575,2026-10-06 02:40:49.680537,0 days 00:03:10.019962,0.46239440083823186,1.8054001832365776,1.7918330656266543,6.182683349256731,0.008698017554316196,0.25550121400445985,190.01985109597445,25,COMPLETE
3057,30.779317941864594,16.741796353476065,2026-10-06 02:37:40.368699,2026-10-06 02:40:54.237937,0 days 00:03:13.869238,0.14472486883161542,2.5826334477054016,78.91305021174706,12.025559114678314,0.009569508337727876,2.328670127015952e-06,193.86912417737767,25,COMPLETE
3058,28.25994622660489,25.07992649618613,2026-10-06 02:37:40.874857,2026-10-06 02:40:55.769514,0 days 00:03:14.894657,0.3401090828369047,3.42961079489487,78.91305021174706,18.49957504695779,0.009569508337727876,2.328670127015952e-06,194.89455328090116,25,COMPLETE
3059,30.104021717200975,7.519941678270616,2026-10-06 02:37:40.955665,2026-10-06 02:40:56.424812,0 days 00:03:15.469147,0.3401090828369047,1.8054001832365776,78.91305021174706,18.49957504695779,0.03463343903868386,2.328670127015952e-06,195.4690481359139,25,COMPLETE
3060,30.307635797311967,22.90447954045313,2026-10-06 02:37:41.288708,2026-10-06 02:40:55.125313,0 days 00:03:13.836605,0.22031827582514427,1.8054001832365776,78.91305021174706,40.29115295108787,0.009569508337727876,2.328670127015952e-06,193.8365152659826,25,COMPLETE
3061,13.164999216952271,2.7179510884585385,2026-10-06 02:37:41.524671,2026-10-06 02:40:59.847654,0 days 00:03:18.322983,0.14472486883161542,25.89703646631656,21.122350703745685,12.303481343464334,0.009569508337727876,0.7270910762964344,198.32287965994328,25,COMPLETE
3062,32.105448248610195,13.77246817701386,2026-10-06 02:37:41.696859,2026-10-06 02:40:53.857391,0 days 00:03:12.160532,0.14472486883161542,1.8054001832365776,78.91305021174706,4.949274479107639,0.009569508337727876,2.328670127015952e-06,192.1604505861178,25,COMPLETE
3063,31.445372342935343,16.504664224757644,2026-10-06 02:37:41.763665,2026-10-06 02:40:55.042405,0 days 00:03:13.278740,0.14472486883161542,1.8054001832365776,78.91305021174706,12.025559114678314,0.009569508337727876,2.328670127015952e-06,193.27865380467847,25,COMPLETE
3064,5.587713159328741,2.701089175526992,2026-10-06 02:37:41.767651,2026-10-06 02:40:52.504547,0 days 00:03:10.736896,0.21855781006633349,3.42961079489487,1.281900765280114,40.2862337213893,0.009569508337727876,2.328670127015952e-06,190.7367755677551,25,COMPLETE
3065,19.939516288056137,10.71462358018766,2026-10-06 02:37:41.775990,2026-10-06 02:40:54.704026,0 days 00:03:12.928036,0.17534157142392734,1.8054001832365776,10.451032521896538,4.949274479107639,0.009569508337727876,2.328670127015952e-06,192.92795450985432,25,COMPLETE
3066,15.812867102754542,1.249177472412998,2026-10-06 02:37:41.924790,2026-10-06 02:40:54.502381,0 days 00:03:12.577591,0.14472486883161542,1.8054001832365776,78.91305021174706,4.949274479107639,0.008698017554316196,36.74214183086899,192.577502977103,25,COMPLETE
3067,31.71579488291813,15.215707705522485,2026-10-06 02:37:42.091708,2026-10-06 02:40:54.646704,0 days 00:03:12.554996,0.17534157142392734,1.0100598856645617,78.91305021174706,18.49957504695779,0.009569508337727876,2.328670127015952e-06,192.55490234866738,25,COMPLETE
3068,27.300376569741793,5.811135939419238,2026-10-06 02:37:42.103659,2026-10-06 02:40:56.481605,0 days 00:03:14.377946,0.6186877426177436,1.8054001832365776,78.91305021174706,6.967854344015412,0.04132078134249686,2.328670127015952e-06,194.37786282692105,25,COMPLETE
3069,32.105448248610195,13.77246817701386,2026-10-06 02:37:42.184832,2026-10-06 02:41:01.021545,0 days 00:03:18.836713,0.14472486883161542,1.8054001832365776,78.91305021174706,4.949274479107639,0.009569508337727876,2.328670127015952e-06,198.83658988121897,25,COMPLETE
3070,20.992973318701186,1.4633339423741076,2026-10-06 02:37:42.188642,2026-10-06 02:40:59.259858,0 days 00:03:17.071216,0.14472486883161542,1.8054001832365776,78.91305021174706,12.303481343464334,0.020892372486468427,0.3967562191614604,197.07112211780623,25,COMPLETE
3071,31.249495364613118,16.679613252405744,2026-10-06 02:37:42.192640,2026-10-06 02:40:57.558114,0 days 00:03:15.365474,0.22031827582514427,1.8054001832365776,78.91305021174706,8.12919983985662,0.009569508337727876,2.328670127015952e-06,195.36537796910852,25,COMPLETE
3072,23.554762332891993,1.1879095941523046,2026-10-06 02:37:42.196631,2026-10-06 02:40:53.468106,0 days 00:03:11.271475,0.011805298677608487,1.8054001832365776,78.91305021174706,6.182683349256731,0.008698017554316196,2.328670127015952e-06,191.2713818741031,25,COMPLETE
