number,values_0,values_1,datetime_start,datetime_complete,duration,params_c_val,params_input_force,params_k_between_val,params_k_wall_val,params_m_val,params_ridge_alpha,user_attrs_duration_sec,system_attrs_NSGAIISampler:generation,state
2908,29.126659435842107,16.125205831264807,2026-10-06 02:28:08.836641,2026-10-06 02:31:18.737354,0 days 00:03:09.900713,0.14472486883161542,1.8054001832365776,40.959398953897576,12.303481343464334,0.009569508337727876,2.328670127015952e-06,189.9006201690063,24,COMPLETE
2909,31.38443843561735,17.33415709815406,2026-10-06 02:28:09.668689,2026-10-06 02:31:18.968905,0 days 00:03:09.300216,0.14472486883161542,1.8054001832365776,78.91305021174706,6.967854344015412,0.008698017554316196,2.328670127015952e-06,189.3001276482828,24,COMPLETE
2910,31.488651241640884,16.678654166865694,2026-10-06 02:28:09.700943,2026-10-06 02:31:22.334245,0 days 00:03:12.633302,0.1912437107176475,1.8054001832365776,78.91305021174706,8.12919983985662,0.009569508337727876,2.328670127015952e-06,192.6331978761591,24,COMPLETE
2911,17.092522350772114,12.011764044704167,2026-10-06 02:28:10.609690,2026-10-06 02:31:18.518938,0 days 00:03:07.909248,0.2537871941753988,6.28879905307643,78.91305021174706,27.821597027495464,0.009569508337727876,1.0887152317318534,187.90914852777496,24,COMPLETE
2912,32.529727102536,3.5455340384637077,2026-10-06 02:28:12.715696,2026-10-06 02:31:21.681050,0 days 00:03:08.965354,0.17534157142392734,1.8054001832365776,78.91305021174706,8.12919983985662,0.036847752206554764,2.328670127015952e-06,188.96525609726086,24,COMPLETE
2913,20.89311979557436,4.462050483764051,2026-10-06 02:28:35.068060,2026-10-06 02:31:51.471534,0 days 00:03:16.403474,0.14472486883161542,42.85546563454156,53.195088900660295,12.303481343464334,0.008698017554316196,0.0003617562409041733,196.4033650867641,24,COMPLETE
2914,28.972133782027242,1.390541083974836,2026-10-06 02:29:52.964698,2026-10-06 02:33:08.539462,0 days 00:03:15.574764,0.17534157142392734,3.42961079489487,54.67862903869292,1.5374859761383741,0.020584785387729697,8.004450577878079e-05,195.57464967574924,24,COMPLETE
2915,27.989192981475515,2.831809588701458,2026-10-06 02:31:11.153715,2026-10-06 02:34:23.053319,0 days 00:03:11.899604,0.3401090828369047,6.594916232347316,78.91305021174706,28.521004463161855,0.08707387208853647,2.619577012541532e-05,191.89948684023693,24,COMPLETE
2916,31.17393447578298,2.9889044035406354,2026-10-06 02:31:13.667677,2026-10-06 02:34:25.633537,0 days 00:03:11.965860,0.1912437107176475,1.8054001832365776,78.91305021174706,18.49957504695779,0.05604411640145318,2.328670127015952e-06,191.96575213503093,24,COMPLETE
2917,30.988506302122346,20.61340066516339,2026-10-06 02:31:13.683653,2026-10-06 02:34:28.341355,0 days 00:03:14.657702,0.17534157142392734,1.8054001832365776,78.91305021174706,12.303481343464334,0.008698017554316196,2.328670127015952e-06,194.65761328395456,24,COMPLETE
2918,19.574852719371915,9.580482230487076,2026-10-06 02:31:13.823694,2026-10-06 02:34:27.207694,0 days 00:03:13.384000,0.2537871941753988,35.7520588809922,78.91305021174706,16.067365689848184,0.008698017554316196,2.328670127015952e-06,193.38388445694,24,COMPLETE
2919,7.2346406888496375,2.248156118082958,2026-10-06 02:31:14.629698,2026-10-06 02:34:29.128201,0 days 00:03:14.498503,0.9780294187330587,1.8054001832365776,6.776404910334486,4.949274479107639,0.008546212590754537,0.00029398736786807243,194.49840968009084,24,COMPLETE
2920,25.591064506802542,18.94743394161588,2026-10-06 02:31:14.944678,2026-10-06 02:34:26.774221,0 days 00:03:11.829543,0.48480307501533615,3.42961079489487,78.91305021174706,35.397938808104236,0.018907607990523878,2.328670127015952e-06,191.82944365404546,24,COMPLETE
2921,30.300025029639226,21.604750517277676,2026-10-06 02:31:15.328792,2026-10-06 02:34:26.279057,0 days 00:03:10.950265,0.17958655134255117,1.8054001832365776,78.91305021174706,54.31140553354297,0.009569508337727876,2.328670127015952e-06,190.9501540060155,24,COMPLETE
2922,29.58742575100136,16.27703713431881,2026-10-06 02:31:15.486007,2026-10-06 02:34:25.304650,0 days 00:03:09.818643,0.14472486883161542,3.42961079489487,78.91305021174706,12.303481343464334,0.008698017554316196,2.328670127015952e-06,189.81852976977825,24,COMPLETE
2923,,,2026-10-06 02:31:15.497647,2026-10-06 02:31:16.273698,0 days 00:00:00.776051,0.48480307501533615,3.42961079489487,78.91305021174706,4.495563391934262,0.003428628272452756,,,24,PRUNED
2924,11.063814090739712,4.719032824985158,2026-10-06 02:31:15.501644,2026-10-06 02:34:27.999908,0 days 00:03:12.498264,0.22031827582514427,2.5826334477054016,2.920264640844346,12.025559114678314,0.009569508337727876,2.328670127015952e-06,192.49817307898775,24,COMPLETE
2925,,,2026-10-06 02:31:15.505641,2026-10-06 02:31:16.507715,0 days 00:00:01.002074,0.14472486883161542,1.8054001832365776,78.91305021174706,83.62996632521731,0.005909150239302765,,,24,PRUNED
2926,15.001223354927685,1.285492470664956,2026-10-06 02:31:15.509636,2026-10-06 02:34:33.329206,0 days 00:03:17.819570,0.17534157142392734,1.8054001832365776,78.91305021174706,27.821597027495464,0.009569508337727876,38.669049641829595,197.81947499513626,24,COMPLETE
2927,29.577065660001495,1.3476144798925302,2026-10-06 02:31:15.513636,2026-10-06 02:34:25.556107,0 days 00:03:10.042471,0.056749841042245,10.37043979420744,78.91305021174706,4.949274479107639,0.009569508337727876,2.328670127015952e-06,190.0423625158146,24,COMPLETE
2928,21.144290335947613,1.2243437022095687,2026-10-06 02:31:15.883700,2026-10-06 02:34:29.745903,0 days 00:03:13.862203,0.013401161963849885,1.8054001832365776,78.91305021174706,12.025559114678314,0.009569508337727876,2.328670127015952e-06,193.862103424035,24,COMPLETE
2929,32.105448248610195,13.77246817701386,2026-10-06 02:31:15.916675,2026-10-06 02:34:26.533373,0 days 00:03:10.616698,0.14472486883161542,1.8054001832365776,78.91305021174706,4.949274479107639,0.009569508337727876,2.328670127015952e-06,190.61658483510837,24,COMPLETE
2930,31.849111001993993,11.666780573109257,2026-10-06 02:31:16.508333,2026-10-06 02:34:27.782363,0 days 00:03:11.274030,0.17534157142392734,1.8054001832365776,78.91305021174706,2.2299102639976778,0.009569508337727876,2.328670127015952e-06,191.27392259100452,24,COMPLETE
2931,23.819585711453247,29.22456855687482,2026-10-06 02:31:16.511648,2026-10-06 02:34:26.768202,0 days 00:03:10.256554,0.490763893739909,3.42961079489487,78.91305021174706,35.397938808104236,0.009569508337727876,2.328670127015952e-06,190.25644727004692,24,COMPLETE
2932,31.021687087784176,17.766118506196126,2026-10-06 02:31:16.515630,2026-10-06 02:34:28.890513,0 days 00:03:12.374883,0.17534157142392734,1.8054001832365776,78.91305021174706,18.49957504695779,0.009569508337727876,7.268142421566828e-06,192.3747917660512,24,COMPLETE
2933,31.943293876119185,14.530248461774908,2026-10-06 02:31:16.519625,2026-10-06 02:34:28.794774,0 days 00:03:12.275149,0.14472486883161542,1.8054001832365776,78.91305021174706,6.182683349256731,0.009569508337727876,2.328670127015952e-06,192.27504858421162,24,COMPLETE
2934,6.153667060016426,4.469310199779217,2026-10-06 02:31:16.523634,2026-10-06 02:34:31.884671,0 days 00:03:15.361037,0.711741164836753,1.0100598856645617,2.7167356668821663,40.29115295108787,0.009569508337727876,2.328670127015952e-06,195.36095616361126,24,COMPLETE
2935,28.25994622660489,25.07992649618613,2026-10-06 02:31:16.527639,2026-10-06 02:34:27.283377,0 days 00:03:10.755738,0.3401090828369047,3.42961079489487,78.91305021174706,18.49957504695779,0.009569508337727876,2.328670127015952e-06,190.7556405570358,24,COMPLETE
2936,28.5178198593381,4.524275856044245,2026-10-06 02:31:16.531625,2026-10-06 02:34:29.209048,0 days 00:03:12.677423,0.22031827582514427,41.38513357097041,78.91305021174706,3.6330167480663236,0.009569508337727876,2.328670127015952e-06,192.6773507311009,24,COMPLETE
2937,23.94379764005585,23.665528092280567,2026-10-06 02:31:16.535632,2026-10-06 02:34:27.858225,0 days 00:03:11.322593,0.48480307501533615,6.28879905307643,78.91305021174706,10.172221541427232,0.009569508337727876,2.328670127015952e-06,191.32251033512875,24,COMPLETE
2938,1.466298806615559,1.2215013341541758,2026-10-06 02:31:16.543810,2026-10-06 02:34:33.493525,0 days 00:03:16.949715,0.0613295906722987,38.02793496048404,78.91305021174706,18.49957504695779,0.008698017554316196,2.328670127015952e-06,196.9496094393544,24,COMPLETE
2939,23.29863683254377,1.3775121043295515,2026-10-06 02:31:16.547639,2026-10-06 02:34:32.820455,0 days 00:03:16.272816,0.07730065747389728,3.42961079489487,78.91305021174706,12.025559114678314,0.008698017554316196,2.328670127015952e-06,196.27270233817399,24,COMPLETE
2940,29.215493377367363,2.6068216858483733,2026-10-06 02:31:16.551631,2026-10-06 02:34:32.669399,0 days 00:03:16.117768,0.14472486883161542,2.5826334477054016,78.91305021174706,40.2862337213893,0.04635547409275762,0.0020368821089076414,196.11768995784223,24,COMPLETE
2941,21.42568890068096,1.1780143688356224,2026-10-06 02:31:16.555635,2026-10-06 02:34:27.046127,0 days 00:03:10.490492,0.013307345972001429,1.8054001832365776,78.91305021174706,12.303481343464334,0.008698017554316196,2.328670127015952e-06,190.49038478871807,24,COMPLETE
2942,31.72086399713438,15.384440345995756,2026-10-06 02:31:17.107686,2026-10-06 02:34:33.318511,0 days 00:03:16.210825,0.14472486883161542,1.8054001832365776,78.91305021174706,8.12919983985662,0.009569508337727876,2.328670127015952e-06,196.2107324441895,24,COMPLETE
2943,30.307635797311967,22.90447954045313,2026-10-06 02:31:17.419866,2026-10-06 02:34:28.976597,0 days 00:03:11.556731,0.22031827582514427,1.8054001832365776,78.91305021174706,40.29115295108787,0.009569508337727876,2.328670127015952e-06,191.5566404289566,24,COMPLETE
2944,32.10218030072252,14.584906730037398,2026-10-06 02:31:17.901383,2026-10-06 02:34:29.342485,0 days 00:03:11.441102,0.14472486883161542,1.8054001832365776,78.91305021174706,4.949274479107639,0.009569508337727876,1.2268632821999473e-06,191.44102155882865,24,COMPLETE
2945,24.55298546554207,1.2221621896383201,2026-10-06 02:31:17.904647,2026-10-06 02:34:31.562097,0 days 00:03:13.657450,0.027485198237472173,3.42961079489487,78.91305021174706,12.025559114678314,0.009569508337727876,2.328670127015952e-06,193.65734635526314,24,COMPLETE
2946,27.05521496841982,22.379774748728025,2026-10-06 02:31:17.908633,2026-10-06 02:34:31.337174,0 days 00:03:13.428541,0.3401090828369047,3.42961079489487,78.91305021174706,28.521004463161855,0.009569508337727876,2.619577012541532e-05,193.4284652620554,24,COMPLETE
2947,21.294120514002145,25.830375644329393,2026-10-06 02:31:17.912632,2026-10-06 02:34:30.843594,0 days 00:03:12.930962,0.6040198049165227,6.28879905307643,78.91305021174706,27.821597027495464,0.012297975702530953,2.328670127015952e-06,192.93086065724492,24,COMPLETE
2948,16.463220011074448,2.06254221468229,2026-10-06 02:31:17.916626,2026-10-06 02:34:27.076360,0 days 00:03:09.159734,0.22031827582514427,2.5826334477054016,78.91305021174706,12.303481343464334,0.009569508337727876,2.769181342343723,189.1596449110657,24,COMPLETE
2949,32.56942197735749,3.093559112859814,2026-10-06 02:31:17.944519,2026-10-06 02:34:31.811116,0 days 00:03:13.866597,0.14472486883161542,1.8054001832365776,78.91305021174706,4.949274479107639,0.030280924935272326,2.328670127015952e-06,193.8665142050013,24,COMPLETE
2950,31.999685078730145,12.80065629054575,2026-10-06 02:31:18.052783,2026-10-06 02:34:27.847244,0 days 00:03:09.794461,0.1912437107176475,1.8054001832365776,78.91305021174706,3.101699059712236,0.009569508337727876,2.328670127015952e-06,189.79436657577753,24,COMPLETE
2951,26.90794903354224,1.2535251980180977,2026-10-06 02:31:18.056634,2026-10-06 02:34:29.932245,0 days 00:03:11.875611,0.14472486883161542,38.80434274286566,78.91305021174706,4.949274479107639,0.06027581073701818,2.328670127015952e-06,191.8755384190008,24,COMPLETE
2952,25.162566666045905,3.89710720862739,2026-10-06 02:31:18.177654,2026-10-06 02:34:34.399861,0 days 00:03:16.222207,0.6040198049165227,11.647319799994497,78.91305021174706,27.821597027495464,0.07963108210144747,2.7350034847266356e-05,196.22210207162425,24,COMPLETE
2953,23.609092125035243,30.717570668870582,2026-10-06 02:31:18.317695,2026-10-06 02:34:28.597298,0 days 00:03:10.279603,0.48480307501533615,3.42961079489487,78.91305021174706,46.431764750098004,0.009569508337727876,2.328670127015952e-06,190.27948956284672,24,COMPLETE
2954,11.28322057716971,6.298755012941511,2026-10-06 02:31:18.519255,2026-10-06 02:34:30.247280,0 days 00:03:11.728025,0.22031827582514427,3.42961079489487,4.306030417021279,35.397938808104236,0.009569508337727876,1.4671267453130232e-06,191.72794175893068,24,COMPLETE
2955,31.36406598959521,13.19166564990307,2026-10-06 02:31:18.763852,2026-10-06 02:34:31.227349,0 days 00:03:12.463497,0.14472486883161542,1.8054001832365776,78.91305021174706,12.303481343464334,0.009569508337727876,2.7488752775922758e-05,192.46341012977064,24,COMPLETE
2956,3.211606703719069,1.1820158668147847,2026-10-06 02:31:18.767649,2026-10-06 02:34:29.926560,0 days 00:03:11.158911,0.017241825307716296,2.5826334477054016,5.935467185395053,12.025559114678314,0.044038997401903125,2.328670127015952e-06,191.1588329919614,24,COMPLETE
2957,25.508922344405516,1.6520594935310233,2026-10-06 02:31:19.011682,2026-10-06 02:34:30.266488,0 days 00:03:11.254806,0.14472486883161542,31.088697535582554,78.91305021174706,12.303481343464334,0.017464870455137144,2.328670127015952e-06,191.25472807139158,24,COMPLETE
2958,,,2026-10-06 02:31:19.108660,2026-10-06 02:31:20.489712,0 days 00:00:01.381052,0.17534157142392734,2.5826334477054016,78.91305021174706,43.83611182981669,0.002869244525687479,,,24,PRUNED
2959,24.171916567896766,27.96627269443611,2026-10-06 02:31:19.116646,2026-10-06 02:34:30.964347,0 days 00:03:11.847701,0.48480307501533615,3.42961079489487,78.91305021174706,28.521004463161855,0.009569508337727876,2.328670127015952e-06,191.84760872088373,24,COMPLETE
2960,29.817651462460645,23.809340668352807,2026-10-06 02:31:19.150826,2026-10-06 02:34:29.921365,0 days 00:03:10.770539,0.22031827582514427,2.5826334477054016,78.91305021174706,40.2862337213893,0.009569508337727876,2.328670127015952e-06,190.77045310521498,24,COMPLETE
2961,31.058494576748092,18.688083566493344,2026-10-06 02:31:19.154634,2026-10-06 02:34:29.229196,0 days 00:03:10.074562,0.14472486883161542,1.8054001832365776,78.91305021174706,12.303481343464334,0.008698017554316196,2.328670127015952e-06,190.07448890572414,24,COMPLETE
2962,31.058494576748092,18.688083566493344,2026-10-06 02:31:19.593693,2026-10-06 02:34:32.556511,0 days 00:03:12.962818,0.14472486883161542,1.8054001832365776,78.91305021174706,12.303481343464334,0.008698017554316196,2.328670127015952e-06,192.96272106096148,24,COMPLETE
2963,7.0902703551446224,7.189196482077223,2026-10-06 02:31:19.976686,2026-10-06 02:34:33.427638,0 days 00:03:13.450952,0.22031827582514427,1.8054001832365776,1.3782314120402672,40.29115295108787,0.00409184476091462,2.328670127015952e-06,193.4506280561909,24,COMPLETE
2964,13.8949903097257,11.135819130077252,2026-10-06 02:31:20.556863,2026-10-06 02:34:32.646817,0 days 00:03:12.089954,0.3401090828369047,49.92787908339596,78.91305021174706,40.2862337213893,0.009569508337727876,2.619577012541532e-05,192.08986331801862,24,COMPLETE
2965,26.240813102337068,27.294888910541072,2026-10-06 02:31:20.560647,2026-10-06 02:34:33.196531,0 days 00:03:12.635884,0.3401090828369047,3.42961079489487,78.91305021174706,53.19831855856638,0.009569508337727876,1.7326170679545993e-05,192.63577516423538,24,COMPLETE
2966,28.20094380020535,4.645014303402412,2026-10-06 02:31:20.564627,2026-10-06 02:34:30.573342,0 days 00:03:10.008715,0.1912437107176475,32.22567419732537,78.91305021174706,4.949274479107639,0.009569508337727876,2.328670127015952e-06,190.00861884187907,24,COMPLETE
2967,30.24677223918379,16.95454237805794,2026-10-06 02:31:20.568642,2026-10-06 02:34:29.001007,0 days 00:03:08.432365,0.14472486883161542,3.42961079489487,78.91305021174706,18.49957504695779,0.009569508337727876,2.328670127015952e-06,188.43228425318375,24,COMPLETE
2968,31.27002313991941,18.023612014349627,2026-10-06 02:31:20.572635,2026-10-06 02:34:33.490153,0 days 00:03:12.917518,0.17534157142392734,1.8054001832365776,78.91305021174706,12.303481343464334,0.009569508337727876,2.328670127015952e-06,192.91740564024076,24,COMPLETE
2969,32.19309687273888,3.9207101441185443,2026-10-06 02:31:20.628253,2026-10-06 02:34:30.890514,0 days 00:03:10.262261,0.14472486883161542,1.8054001832365776,78.91305021174706,6.182683349256731,0.027920282876626793,1.3410621056495367e-06,190.2621717210859,24,COMPLETE
2970,24.143437823029934,1.969683976588913,2026-10-06 02:31:20.971694,2026-10-06 02:34:31.306850,0 days 00:03:10.335156,0.2537871941753988,8.41287359163143,78.91305021174706,12.025559114678314,0.009569508337727876,2.328670127015952e-06,190.3350688451901,24,COMPLETE
2971,31.04746378780257,19.38239824177877,2026-10-06 02:31:21.419789,2026-10-06 02:34:32.454628,0 days 00:03:11.034839,0.17534157142392734,1.8054001832365776,78.91305021174706,18.49957504695779,0.009569508337727876,2.328670127015952e-06,191.03474047686905,24,COMPLETE
2972,13.813296107868126,20.19077627176926,2026-10-06 02:31:21.437757,2026-10-06 02:34:33.275603,0 days 00:03:11.837846,0.2537871941753988,3.42961079489487,10.418572634872708,28.521004463161855,0.004675585935458078,2.328670127015952e-06,191.83775394689292,24,COMPLETE
2973,31.45379482479829,18.073841720567764,2026-10-06 02:31:21.667688,2026-10-06 02:34:28.848644,0 days 00:03:07.180956,0.17534157142392734,1.8054001832365776,78.91305021174706,6.182683349256731,0.008698017554316196,2.328670127015952e-06,187.18085334822536,24,COMPLETE
2974,32.64963528080244,11.076199255096153,2026-10-06 02:31:21.848700,2026-10-06 02:34:33.262452,0 days 00:03:11.413752,0.14472486883161542,1.0100598856645617,80.1080330023169,4.949274479107639,0.009569508337727876,2.328670127015952e-06,191.4136517457664,24,COMPLETE
2975,31.5136224146164,18.225585795869637,2026-10-06 02:31:21.956686,2026-10-06 02:34:33.984528,0 days 00:03:12.027842,0.14472486883161542,1.8054001832365776,78.91305021174706,4.949274479107639,0.008311015958268326,2.328670127015952e-06,192.02773217996582,24,COMPLETE
2976,32.197469471475664,6.521812314868502,2026-10-06 02:31:21.968644,2026-10-06 02:34:36.175346,0 days 00:03:14.206702,0.14472486883161542,1.8054001832365776,78.91305021174706,12.303481343464334,0.022575202757781018,2.328670127015952e-06,194.2066051242873,24,COMPLETE
2977,19.2860496951703,1.5710906596128273,2026-10-06 02:31:22.504843,2026-10-06 02:34:39.140956,0 days 00:03:16.636113,0.14472486883161542,14.148267756493944,78.91305021174706,28.521004463161855,0.009569508337727876,2.328670127015952e-06,196.6359972273931,24,COMPLETE
2978,31.276530225076858,6.435787241633647,2026-10-06 02:31:23.176696,2026-10-06 02:34:33.586877,0 days 00:03:10.410181,0.22031827582514427,1.8054001832365776,78.91305021174706,40.2862337213893,0.03529111288056781,2.328670127015952e-06,190.41007727012038,25,COMPLETE
2979,8.91466811338174,1.2934848115517086,2026-10-06 02:31:24.308698,2026-10-06 02:34:31.283039,0 days 00:03:06.974341,0.48480307501533615,1.8054001832365776,78.91305021174706,46.431764750098004,0.009569508337727876,76.0616193814202,186.97425814997405,25,COMPLETE
2980,3.221157591634731,1.318592294769328,2026-10-06 02:31:51.487701,2026-10-06 02:35:01.864543,0 days 00:03:10.376842,0.14472486883161542,3.42961079489487,2.9903030154601957,4.949274479107639,0.009569508337727876,2.328670127015952e-06,190.37672735191882,25,COMPLETE
2981,31.385800481190692,17.454206207775513,2026-10-06 02:33:08.963701,2026-10-06 02:36:22.065269,0 days 00:03:13.101568,0.14472486883161542,1.8054001832365776,78.91305021174706,6.967854344015412,0.008653665356973182,2.328670127015952e-06,193.10145699372515,25,COMPLETE
2982,26.127898858130425,5.691678114089726,2026-10-06 02:34:23.148701,2026-10-06 02:37:37.705566,0 days 00:03:14.556865,0.1912437107176475,36.242382983948815,78.91305021174706,8.12919983985662,0.009569508337727876,2.328670127015952e-06,194.55674508493394,25,COMPLETE
2983,31.882525034567106,7.24232185016793,2026-10-06 02:34:25.568679,2026-10-06 02:37:41.672962,0 days 00:03:16.104283,0.17534157142392734,1.8054001832365776,78.91305021174706,3.7263946165320143,0.017331602015656585,3.3216792547475674e-06,196.10418964503333,25,COMPLETE
2984,31.068938485580343,18.704842207171886,2026-10-06 02:34:25.709844,2026-10-06 02:37:41.411601,0 days 00:03:15.701757,0.14472486883161542,1.8054001832365776,78.91305021174706,12.025559114678314,0.008698017554316196,1.943351775611158e-06,195.70165602024645,25,COMPLETE
2985,29.64910930311487,18.84787078936951,2026-10-06 02:34:25.984699,2026-10-06 02:37:39.034031,0 days 00:03:13.049332,0.14472486883161542,3.42961079489487,78.91305021174706,45.605935248059524,0.009569508337727876,2.328670127015952e-06,193.04921779036522,25,COMPLETE
2986,20.28625752418145,11.195541892329883,2026-10-06 02:34:26.440704,2026-10-06 02:37:41.441610,0 days 00:03:15.000906,0.14472486883161542,1.8054001832365776,10.060874827557432,6.182683349256731,0.008698017554316196,2.328670127015952e-06,195.00080759078264,25,COMPLETE
2987,26.91879399755307,11.098577007386066,2026-10-06 02:34:26.858307,2026-10-06 02:37:42.308685,0 days 00:03:15.450378,0.17534157142392734,3.42961079489487,78.91305021174706,12.025559114678314,0.009569508337727876,0.0306827058021291,195.4502913588658,25,COMPLETE
2988,18.37510302537237,17.246438441659194,2026-10-06 02:34:27.445088,2026-10-06 02:37:40.173047,0 days 00:03:12.727959,0.27476479677328414,1.8054001832365776,17.42040354693056,12.303481343464334,0.008698017554316196,2.328670127015952e-06,192.72784421220422,25,COMPLETE
2989,30.610682668197676,20.885615837109384,2026-10-06 02:34:27.448069,2026-10-06 02:37:37.894058,0 days 00:03:10.445989,0.22031827582514427,2.5826334477054016,78.91305021174706,12.025559114678314,0.009569508337727876,2.328670127015952e-06,190.44588876795024,25,COMPLETE
