number,values_0,values_1,datetime_start,datetime_complete,duration,params_c_val,params_input_force,params_k_between_val,params_k_wall_val,params_m_val,params_ridge_alpha,user_attrs_duration_sec,system_attrs_NSGAIISampler:generation,state
1502,14.311950006816721,1.3269956468735353,2026-10-06 01:23:46.914643,2026-10-06 01:27:01.865151,0 days 00:03:14.950508,0.14331700650147775,10.936638861828497,78.91305021174706,18.49957504695779,0.009569508337727876,68.37549750011833,194.95042986795306,12,COMPLETE
1503,30.732669335233652,3.0925681776891114,2026-10-06 01:23:46.922641,2026-10-06 01:26:58.366939,0 days 00:03:11.444298,0.14472486883161542,3.42961079489487,81.61520925600657,18.49957504695779,0.04281119486594157,2.328670127015952e-06,191.4442228297703,12,COMPLETE
1504,30.882024817613605,2.385894092104306,2026-10-06 01:23:46.930655,2026-10-06 01:26:56.457779,0 days 00:03:09.527124,0.14472486883161542,26.876756965242663,78.91305021174706,1.8190863578544005,0.009569508337727876,2.328670127015952e-06,189.52704265667126,12,COMPLETE
1505,30.24677223918379,16.95454237805794,2026-10-06 01:23:47.060889,2026-10-06 01:27:02.147397,0 days 00:03:15.086508,0.14472486883161542,3.42961079489487,78.91305021174706,18.49957504695779,0.009569508337727876,2.328670127015952e-06,195.0864047696814,12,COMPLETE
1506,31.618289422359226,8.528654967181255,2026-10-06 01:23:48.086116,2026-10-06 01:26:58.751117,0 days 00:03:10.665001,0.14472486883161542,1.8054001832365776,78.91305021174706,1.3798280184278788,0.009579885383091472,2.328670127015952e-06,190.6649223640561,12,COMPLETE
1507,29.893352892345387,14.175762612204037,2026-10-06 01:23:48.089654,2026-10-06 01:27:00.162900,0 days 00:03:12.073246,0.14472486883161542,3.42961079489487,78.91305021174706,12.025559114678314,0.009569508337727876,2.328670127015952e-06,192.07316452963278,12,COMPLETE
1508,15.382324905776873,3.4278647038595604,2026-10-06 01:23:48.093636,2026-10-06 01:27:00.068507,0 days 00:03:11.974871,0.48967816666395225,3.42961079489487,78.91305021174706,18.808973665165144,0.009590142710421577,0.8050291096018096,191.9747897372581,12,COMPLETE
1509,27.206234239366257,1.6346945693959662,2026-10-06 01:23:48.097637,2026-10-06 01:27:00.715917,0 days 00:03:12.618280,0.14472486883161542,24.435143963094866,78.91305021174706,1.3798280184278788,0.009569508337727876,5.304714539600306,192.61820541275665,12,COMPLETE
1510,1.3620600480143819,1.1743210241897162,2026-10-06 01:23:48.101639,2026-10-06 01:27:02.485512,0 days 00:03:14.383873,0.03503550904403261,32.133571428288036,78.91305021174706,2.0489784059322336,0.009590142710421577,0.007690928916612578,194.38378343405202,12,COMPLETE
1511,10.678797295257851,4.164395722517392,2026-10-06 01:23:48.105643,2026-10-06 01:26:56.938584,0 days 00:03:08.832941,0.6040198049165227,44.89388023149267,32.233952817229785,18.49957504695779,0.009569508337727876,2.328670127015952e-06,188.83286832319573,12,COMPLETE
1512,30.168159072208415,21.8828779407005,2026-10-06 01:23:48.117651,2026-10-06 01:26:59.873230,0 days 00:03:11.755579,0.23576486994737136,3.42961079489487,78.91305021174706,12.025559114678314,0.009569508337727876,2.328670127015952e-06,191.7554975450039,12,COMPLETE
1513,31.614148712596783,8.53916325879115,2026-10-06 01:23:48.125631,2026-10-06 01:27:00.676083,0 days 00:03:12.550452,0.14472486883161542,1.8054001832365776,78.91305021174706,1.3798280184278788,0.009569508337727876,2.328670127015952e-06,192.55037255678326,12,COMPLETE
1514,12.300191179138437,1.1823801463507913,2026-10-06 01:23:48.129641,2026-10-06 01:26:59.533725,0 days 00:03:11.404084,0.028168557052226168,3.42961079489487,78.91305021174706,1.3798280184278788,0.08919687572109199,2.328670127015952e-06,191.40400183806196,12,COMPLETE
1515,25.05339649588014,18.858226405459924,2026-10-06 01:23:48.250671,2026-10-06 01:27:01.768801,0 days 00:03:13.518130,0.48967816666395225,3.42961079489487,78.91305021174706,18.49957504695779,0.01369254575706992,2.328670127015952e-06,193.51805429300293,12,COMPLETE
1516,31.210384382689046,17.60718244445571,2026-10-06 01:23:48.798697,2026-10-06 01:26:58.377013,0 days 00:03:09.578316,0.14472486883161542,1.8054001832365776,78.91305021174706,18.49957504695779,0.009569508337727876,2.328670127015952e-06,189.57823922438547,12,COMPLETE
1517,,,2026-10-06 01:23:48.984696,2026-10-06 01:23:49.511712,0 days 00:00:00.527016,0.058482407592726,46.774203669468385,78.91305021174706,57.429854875521244,0.009569508337727876,,,12,PRUNED
1518,23.65766173556338,4.729527726338844,2026-10-06 01:23:49.201704,2026-10-06 01:27:00.958497,0 days 00:03:11.756793,0.14472486883161542,46.774203669468385,78.91305021174706,13.731614866116542,0.009569508337727876,2.328670127015952e-06,191.75670736003667,12,COMPLETE
1519,23.231601522222213,1.3394974098831542,2026-10-06 01:23:49.311678,2026-10-06 01:26:59.541269,0 days 00:03:10.229591,0.14472486883161542,8.59737632954264,78.91305021174706,18.808973665165144,0.009569508337727876,0.00010160998520747449,190.22950869705528,12,COMPLETE
1520,9.967235163446587,1.9955265061036367,2026-10-06 01:23:49.356839,2026-10-06 01:27:01.607371,0 days 00:03:12.250532,0.14472486883161542,46.774203669468385,17.892732915690747,3.658703517566946,0.008735204750731472,2.328670127015952e-06,192.25044753681868,12,COMPLETE
1521,27.115105822413046,6.808890488644383,2026-10-06 01:23:49.360652,2026-10-06 01:27:02.673511,0 days 00:03:13.312859,0.14472486883161542,3.42961079489487,32.233952817229785,18.49957504695779,0.01902673190562571,2.7976314591728994e-05,193.31276506371796,12,COMPLETE
1522,25.4022660269759,14.561848710890827,2026-10-06 01:23:49.499681,2026-10-06 01:27:03.621812,0 days 00:03:14.122131,0.48967816666395225,3.42961079489487,78.91305021174706,4.359933882178726,0.009569508337727876,2.328670127015952e-06,194.1220185328275,12,COMPLETE
1523,16.092383869796862,10.53193440626028,2026-10-06 01:23:49.780839,2026-10-06 01:26:56.828333,0 days 00:03:07.047494,0.6040198049165227,48.61559826643018,78.91305021174706,18.49957504695779,0.009569508337727876,2.328670127015952e-06,187.04741636803374,12,COMPLETE
1524,21.595339000002568,4.843688666525078,2026-10-06 01:23:49.784651,2026-10-06 01:26:59.525578,0 days 00:03:09.740927,0.14472486883161542,46.65115833455933,78.91305021174706,18.49957504695779,0.009590142710421577,2.328670127015952e-06,189.74082910409197,12,COMPLETE
1525,25.589584809515763,1.222181011812685,2026-10-06 01:23:49.788640,2026-10-06 01:26:59.603496,0 days 00:03:09.814856,0.03100206473910364,3.42961079489487,78.91305021174706,12.025559114678314,0.009569508337727876,1.009609252813031e-06,189.81477231997997,12,COMPLETE
1526,21.87107514415812,18.63426598020735,2026-10-06 01:23:49.820659,2026-10-06 01:27:00.577504,0 days 00:03:10.756845,0.48967816666395225,3.42961079489487,81.61520925600657,18.808973665165144,0.009569508337727876,0.00010160998520747449,190.75675691990182,12,COMPLETE
1527,30.578602467169,2.46873714031972,2026-10-06 01:23:50.627832,2026-10-06 01:27:01.745295,0 days 00:03:11.117463,0.1821616349934381,46.65115833455933,78.91305021174706,1.8190863578544005,0.009569508337727876,2.328670127015952e-06,191.1173771470785,12,COMPLETE
1528,15.2861335619446,15.111327125437644,2026-10-06 01:23:50.867819,2026-10-06 01:26:59.623069,0 days 00:03:08.755250,0.6707519252569772,3.42961079489487,32.233952817229785,15.809387578337494,0.009569508337727876,2.328670127015952e-06,188.75517400493845,12,COMPLETE
1529,20.09690260812621,1.300377886781788,2026-10-06 01:23:51.462847,2026-10-06 01:27:04.147777,0 days 00:03:12.684930,0.14472486883161542,33.611936501178576,55.64953757068711,18.49957504695779,0.032894693858211733,9.391865709026338e-06,192.6848326670006,12,COMPLETE
1530,20.706566417171963,33.594782230536914,2026-10-06 01:23:52.107689,2026-10-06 01:26:59.254844,0 days 00:03:07.147155,0.6040198049165227,5.930729009483662,78.91305021174706,40.817175490213614,0.009569508337727876,2.328670127015952e-06,187.14706391375512,12,COMPLETE
1531,29.893352892345387,14.175762612204037,2026-10-06 01:23:53.148704,2026-10-06 01:27:01.683221,0 days 00:03:08.534517,0.14472486883161542,3.42961079489487,78.91305021174706,12.025559114678314,0.009569508337727876,2.328670127015952e-06,188.53442862723023,12,COMPLETE
1532,31.048190820008028,2.155296639842377,2026-10-06 01:23:53.612694,2026-10-06 01:27:02.625517,0 days 00:03:09.012823,0.14472486883161542,46.65115833455933,78.91305021174706,1.8190863578544005,0.009590142710421577,0.00010160998520747449,189.01272535976022,12,COMPLETE
1533,28.810032521593108,2.2336588861380795,2026-10-06 01:26:14.115820,2026-10-06 01:29:20.702953,0 days 00:03:06.587133,0.14472486883161542,3.42961079489487,55.64953757068711,3.0310748893673245,0.009569508337727876,2.328670127015952e-06,186.5870252191089,12,COMPLETE
1534,3.193034544173132,1.2306555142343507,2026-10-06 01:26:52.722714,2026-10-06 01:30:07.802195,0 days 00:03:15.079481,0.14472486883161542,46.65115833455933,2.2378810549142885,1.7658496078448727,0.02075627033219302,2.328670127015952e-06,195.0793769909069,12,COMPLETE
1535,6.308763730045028,1.845121548860114,2026-10-06 01:26:53.828701,2026-10-06 01:30:09.141614,0 days 00:03:15.312913,0.6040198049165227,6.28879905307643,2.027295411878346,12.025559114678314,0.009569508337727876,2.328670127015952e-06,195.31281301099807,12,COMPLETE
1536,28.94759191196635,16.34177634973239,2026-10-06 01:26:55.464687,2026-10-06 01:30:06.928525,0 days 00:03:11.463838,0.16177110021459462,3.42961079489487,78.91305021174706,72.11032835897271,0.011005204287205276,0.0004045387004489123,191.46373751200736,12,COMPLETE
1537,21.293915571547775,13.9240226552248,2026-10-06 01:26:55.515681,2026-10-06 01:30:05.778530,0 days 00:03:10.262849,0.5555069055943938,8.987478920641044,89.61123200940895,18.49957504695779,0.01478582612116327,0.0002466080529093851,190.26274561462924,12,COMPLETE
1538,24.305421077400876,24.964474126663454,2026-10-06 01:26:55.760707,2026-10-06 01:30:10.681891,0 days 00:03:14.921184,0.48967816666395225,3.42961079489487,78.91305021174706,17.94790057133242,0.009569508337727876,2.328670127015952e-06,194.92109273793176,12,COMPLETE
1539,30.05889761506674,17.776000502747817,2026-10-06 01:26:55.828681,2026-10-06 01:30:07.007807,0 days 00:03:11.179126,0.14472486883161542,3.42961079489487,78.91305021174706,25.710068415228466,0.009569508337727876,9.391865709026338e-06,191.1790395467542,12,COMPLETE
1540,18.653396242376566,20.666014894809347,2026-10-06 01:26:56.087691,2026-10-06 01:30:06.848602,0 days 00:03:10.760911,0.6040198049165227,6.28879905307643,78.91305021174706,18.49957504695779,0.009569508337727876,0.00010160998520747449,190.76080561988056,12,COMPLETE
1541,30.506918035250898,1.4969296078589829,2026-10-06 01:26:56.245907,2026-10-06 01:30:12.122344,0 days 00:03:15.876437,0.14472486883161542,3.42961079489487,81.61520925600657,1.676791749064084,0.009569508337727876,2.328670127015952e-06,195.87634639209136,12,COMPLETE
1542,17.041456546907924,1.8473746752012352,2026-10-06 01:26:56.497944,2026-10-06 01:30:06.236894,0 days 00:03:09.738950,0.05387239731225765,3.42961079489487,22.52003830803812,33.705587852946245,0.009406258884274878,2.328670127015952e-06,189.7388472049497,12,COMPLETE
1543,30.666049675909335,1.4889300222739466,2026-10-06 01:26:56.620946,2026-10-06 01:30:11.342493,0 days 00:03:14.721547,0.14472486883161542,46.65115833455933,78.91305021174706,1.7658496078448727,0.01478582612116327,2.328670127015952e-06,194.7214606530033,12,COMPLETE
1544,28.487907041272138,7.450205153110761,2026-10-06 01:26:57.005106,2026-10-06 01:30:10.651944,0 days 00:03:13.646838,0.14472486883161542,3.42961079489487,99.00751447520854,18.49957504695779,0.01478582612116327,0.007690928916612578,193.64674872392789,12,COMPLETE
1545,30.25266027105094,16.99201974476254,2026-10-06 01:26:57.172789,2026-10-06 01:30:09.092060,0 days 00:03:11.919271,0.14472486883161542,3.42961079489487,78.68221933380718,18.808973665165144,0.009569508337727876,2.328670127015952e-06,191.91916818916798,12,COMPLETE
1546,3.441019653966837,1.4215997230434905,2026-10-06 01:26:57.201670,2026-10-06 01:30:11.883495,0 days 00:03:14.681825,0.14472486883161542,19.78243115357566,1.108020837101151,3.7504775608803835,0.009569508337727876,0.00041188881268473614,194.681746723596,12,COMPLETE
1547,24.655956435281134,4.465617091171667,2026-10-06 01:26:57.222660,2026-10-06 01:30:13.556498,0 days 00:03:16.333838,0.14472486883161542,43.13092343439953,78.91305021174706,12.025559114678314,0.009569508337727876,2.328670127015952e-06,196.3337422781624,12,COMPLETE
1548,20.46810977490873,6.7984571328146535,2026-10-06 01:26:57.250660,2026-10-06 01:30:06.970839,0 days 00:03:09.720179,0.6707519252569772,3.42961079489487,32.233952817229785,36.133994223221556,0.0486967961588076,3.3976165743800303e-06,189.72008646465838,12,COMPLETE
1549,31.445372342935343,16.504664224757644,2026-10-06 01:26:57.411680,2026-10-06 01:30:11.754250,0 days 00:03:14.342570,0.14472486883161542,1.8054001832365776,78.91305021174706,12.025559114678314,0.009569508337727876,2.328670127015952e-06,194.34247490391135,12,COMPLETE
1550,21.566865928233277,5.880775708314912,2026-10-06 01:26:57.741702,2026-10-06 01:30:11.045430,0 days 00:03:13.303728,0.6040198049165227,6.28879905307643,34.89924157369412,18.49957504695779,0.05289451299404441,2.328670127015952e-06,193.30362539179623,12,COMPLETE
1551,31.213423293521135,16.405499223684007,2026-10-06 01:26:57.839841,2026-10-06 01:30:11.286750,0 days 00:03:13.446909,0.14472486883161542,1.8054001832365776,78.91305021174706,18.49957504695779,0.009569508337727876,9.391865709026338e-06,193.44682012777776,12,COMPLETE
1552,31.80745145264631,10.635669175727354,2026-10-06 01:26:58.083851,2026-10-06 01:30:09.819407,0 days 00:03:11.735556,0.14472486883161542,1.8054001832365776,78.91305021174706,1.8190863578544005,0.009569508337727876,2.328670127015952e-06,191.73546083271503,13,COMPLETE
1553,23.726071539757665,1.53461262678716,2026-10-06 01:26:58.087644,2026-10-06 01:30:10.293730,0 days 00:03:12.206086,0.14472486883161542,6.28879905307643,78.91305021174706,18.49957504695779,0.009569508337727876,9.391865709026338e-06,192.2059971545823,13,COMPLETE
1554,26.532889601071645,18.986747044694837,2026-10-06 01:26:58.091639,2026-10-06 01:30:06.272067,0 days 00:03:08.180428,0.42937345114127523,1.8054001832365776,78.91305021174706,18.49957504695779,0.009569508337727876,2.328670127015952e-06,188.18033338384703,13,COMPLETE
1555,23.46256435925131,14.49584401667699,2026-10-06 01:26:58.145668,2026-10-06 01:30:08.012545,0 days 00:03:09.866877,0.14472486883161542,3.42961079489487,25.105379512137556,18.49957504695779,0.009569508337727876,2.328670127015952e-06,189.86677175574005,13,COMPLETE
1556,29.785133660098733,17.360541335299303,2026-10-06 01:26:58.577682,2026-10-06 01:30:08.419314,0 days 00:03:09.841632,0.14472486883161542,3.42961079489487,89.61123200940895,18.49957504695779,0.009596121382849983,2.328670127015952e-06,189.8415289502591,13,COMPLETE
1557,28.286809112571127,8.852908898663218,2026-10-06 01:26:58.956852,2026-10-06 01:30:12.441145,0 days 00:03:13.484293,0.14472486883161542,3.42961079489487,78.91305021174706,12.025559114678314,0.009569508337727876,0.009789722260022801,193.48421892523766,13,COMPLETE
1558,30.655762082375723,2.5181259564507394,2026-10-06 01:26:58.960653,2026-10-06 01:30:11.501346,0 days 00:03:12.540693,0.14472486883161542,32.133571428288036,78.91305021174706,2.0489784059322336,0.009406258884274878,2.328670127015952e-06,192.54060348821804,13,COMPLETE
1559,30.138545448853087,17.251604686711293,2026-10-06 01:26:58.964644,2026-10-06 01:30:12.275248,0 days 00:03:13.310604,0.14472486883161542,3.42961079489487,78.91305021174706,18.49957504695779,0.009406258884274878,2.328670127015952e-06,193.31053489306942,13,COMPLETE
1560,,,2026-10-06 01:26:58.968641,2026-10-06 01:27:00.021700,0 days 00:00:01.053059,0.02792952693532744,6.351718416893375,99.00751447520854,9.059612265351541,0.009569508337727876,,,13,PRUNED
1561,30.24677223918379,16.95454237805794,2026-10-06 01:26:58.972635,2026-10-06 01:30:15.162980,0 days 00:03:16.190345,0.14472486883161542,3.42961079489487,78.91305021174706,18.49957504695779,0.009569508337727876,2.328670127015952e-06,196.1902373926714,13,COMPLETE
1562,16.107399008874477,22.4898531284091,2026-10-06 01:26:59.021875,2026-10-06 01:30:12.072808,0 days 00:03:13.050933,0.48967816666395225,6.28879905307643,32.233952817229785,18.49957504695779,0.009569508337727876,2.328670127015952e-06,193.05086022801697,13,COMPLETE
1563,23.478603581099378,25.80020674904861,2026-10-06 01:26:59.040903,2026-10-06 01:30:08.691810,0 days 00:03:09.650907,0.48480307501533615,3.42961079489487,78.91305021174706,33.705587852946245,0.009569508337727876,9.391865709026338e-06,189.6508081681095,13,COMPLETE
1564,16.06555652363256,10.561662989519252,2026-10-06 01:26:59.044637,2026-10-06 01:30:11.593008,0 days 00:03:12.548371,0.5843557232265807,1.8054001832365776,32.233952817229785,7.160684029559553,0.009569508337727876,2.328670127015952e-06,192.5482963169925,13,COMPLETE
1565,21.418049395803546,29.170500515265847,2026-10-06 01:26:59.051654,2026-10-06 01:30:13.766362,0 days 00:03:14.714708,0.6040198049165227,6.28879905307643,78.91305021174706,18.49957504695779,0.009569508337727876,2.328670127015952e-06,194.71463268063962,13,COMPLETE
1566,27.73931181646025,1.58118731851618,2026-10-06 01:27:00.104893,2026-10-06 01:30:16.658038,0 days 00:03:16.553145,0.01738980611595118,1.8054001832365776,78.91305021174706,72.11032835897271,0.009406258884274878,1.5606175276090193e-06,196.553039225284,13,COMPLETE
1567,24.357016359551185,1.4063013506985187,2026-10-06 01:27:00.108648,2026-10-06 01:30:12.399818,0 days 00:03:12.291170,0.14472486883161542,28.779315577886173,89.61123200940895,18.49957504695779,0.024790630872431413,0.00010160998520747449,192.29109161393717,13,COMPLETE
1568,1.3925895025873758,1.228907513238436,2026-10-06 01:27:00.112634,2026-10-06 01:30:12.270649,0 days 00:03:12.158015,0.020808801485489373,3.42961079489487,1.7622778740561682,56.012729495603935,0.009569508337727876,9.391865709026338e-06,192.1579404217191,13,COMPLETE
1569,19.447016561190694,9.589239133353392,2026-10-06 01:27:00.116645,2026-10-06 01:30:11.505476,0 days 00:03:11.388831,0.6707519252569772,3.42961079489487,78.91305021174706,57.429854875521244,0.009569508337727876,2.328670127015952e-06,191.38876201305538,13,COMPLETE
1570,30.24677223918379,16.95454237805794,2026-10-06 01:27:00.120640,2026-10-06 01:30:14.703580,0 days 00:03:14.582940,0.14472486883161542,3.42961079489487,78.91305021174706,18.49957504695779,0.009569508337727876,2.328670127015952e-06,194.58286292478442,13,COMPLETE
1571,1.4254403724202405,1.2324464698431683,2026-10-06 01:27:00.124638,2026-10-06 01:30:11.786890,0 days 00:03:11.662252,0.05059039801088646,40.09470522982972,78.91305021174706,18.49957504695779,0.009569508337727876,0.021972574109269533,191.66216677520424,13,COMPLETE
1572,12.475679334370719,2.4285039655523772,2026-10-06 01:27:00.128638,2026-10-06 01:30:11.761615,0 days 00:03:11.632977,0.14472486883161542,1.8054001832365776,2.9969953438287487,1.7658496078448727,0.009569508337727876,2.328670127015952e-06,191.63290150975809,13,COMPLETE
1573,22.70606407653151,1.4174230757609163,2026-10-06 01:27:00.132637,2026-10-06 01:30:13.483755,0 days 00:03:13.351118,0.14472486883161542,10.196513112396183,81.61520925600657,18.49957504695779,0.009406258884274878,0.00024637875250850874,193.35102918511257,13,COMPLETE
1574,24.464035686385422,26.18847698701406,2026-10-06 01:27:00.218653,2026-10-06 01:30:11.174285,0 days 00:03:10.955632,0.48967816666395225,3.42961079489487,78.91305021174706,18.49957504695779,0.009569508337727876,1.4671267453130232e-06,190.95554465800524,13,COMPLETE
1575,,,2026-10-06 01:27:00.222644,2026-10-06 01:27:00.628620,0 days 00:00:00.405976,0.14472486883161542,22.021370613299187,78.91305021174706,18.808973665165144,0.0012152444850970312,,,13,PRUNED
1576,30.672312918756965,1.4851060252671666,2026-10-06 01:27:00.226644,2026-10-06 01:30:15.372305,0 days 00:03:15.145661,0.14472486883161542,48.147926180602234,78.91305021174706,1.7658496078448727,0.01478582612116327,2.328670127015952e-06,195.14556792471558,13,COMPLETE
1577,12.230994288392832,1.461849699679941,2026-10-06 01:27:00.280662,2026-10-06 01:30:13.277011,0 days 00:03:12.996349,0.14472486883161542,41.372608192861875,15.80057339684379,1.3798280184278788,0.009569508337727876,2.328670127015952e-06,192.99626442883164,13,COMPLETE
1578,13.404487848881406,3.7006918652210827,2026-10-06 01:27:00.341969,2026-10-06 01:30:13.181504,0 days 00:03:12.839535,0.14472486883161542,1.8054001832365776,2.6401588050750626,12.025559114678314,0.009569508337727876,2.328670127015952e-06,192.83944862289354,13,COMPLETE
1579,29.04247588417964,19.46457345890843,2026-10-06 01:27:00.345652,2026-10-06 01:30:13.452719,0 days 00:03:13.107067,0.14472486883161542,3.42961079489487,78.91305021174706,74.8471701750583,0.009569508337727876,2.328670127015952e-06,193.10697905579582,13,COMPLETE
1580,28.671057443716723,10.91883582758651,2026-10-06 01:27:01.246868,2026-10-06 01:30:12.940225,0 days 00:03:11.693357,0.14472486883161542,3.42961079489487,78.91305021174706,18.49957504695779,0.009569508337727876,0.010435096312308082,191.69327008211985,13,COMPLETE
1581,30.706111490561135,1.663344998906462,2026-10-06 01:27:01.250662,2026-10-06 01:30:16.525244,0 days 00:03:15.274582,0.14472486883161542,6.28879905307643,78.91305021174706,1.7658496078448727,0.009569508337727876,2.328670127015952e-06,195.27448500692844,13,COMPLETE
1582,4.371362230263036,1.6350874232232024,2026-10-06 01:27:01.254648,2026-10-06 01:30:12.872516,0 days 00:03:11.617868,0.14472486883161542,3.42961079489487,3.019949771050169,18.49957504695779,0.009569508337727876,2.328670127015952e-06,191.61776861269027,13,COMPLETE
1583,31.58580748285168,1.2943912188684914,2026-10-06 01:27:01.258641,2026-10-06 01:30:13.710029,0 days 00:03:12.451388,0.08220856673033629,48.147926180602234,99.00751447520854,1.3798280184278788,0.01478582612116327,2.328670127015952e-06,192.45131110213697,13,COMPLETE
