number,values_0,values_1,datetime_start,datetime_complete,duration,params_c_val,params_input_force,params_k_between_val,params_k_wall_val,params_m_val,params_ridge_alpha,user_attrs_duration_sec,system_attrs_NSGAIISampler:generation,state
4312,31.532413348186385,15.638733024331719,2026-10-06 03:35:34.868639,2026-10-06 03:38:48.542512,0 days 00:03:13.673873,0.22031827582514427,1.8054001832365776,78.91305021174706,3.8809051438657463,0.008698017554316196,2.328670127015952e-06,193.6737804589793,36,COMPLETE
4313,30.996149031850628,19.737775781663963,2026-10-06 03:35:34.872633,2026-10-06 03:38:49.662550,0 days 00:03:14.789917,0.18472274745078338,1.8054001832365776,78.91305021174706,18.49957504695779,0.009569508337727876,2.328670127015952e-06,194.7897924860008,36,COMPLETE
4314,20.921511235580304,18.855190524521532,2026-10-06 03:35:35.157848,2026-10-06 03:38:49.299795,0 days 00:03:14.141947,0.22031827582514427,3.42961079489487,23.013345603160527,12.025559114678314,0.009569508337727876,1.4671267453130232e-06,194.14185262890533,36,COMPLETE
4315,31.783932691476686,7.390397191452972,2026-10-06 03:35:35.161647,2026-10-06 03:38:44.760882,0 days 00:03:09.599235,0.05028373223744395,1.0100598856645617,78.91305021174706,46.431764750098004,0.009569508337727876,2.328670127015952e-06,189.5991115178913,36,COMPLETE
4316,27.747312281508652,8.907850107905167,2026-10-06 03:35:35.165629,2026-10-06 03:38:50.875258,0 days 00:03:15.709629,0.17534157142392734,3.42961079489487,78.91305021174706,4.949274479107639,0.009569508337727876,1.4671267453130232e-06,195.70952514605597,36,COMPLETE
4317,23.68859030515693,31.744668985076792,2026-10-06 03:35:35.474696,2026-10-06 03:38:49.204340,0 days 00:03:13.729644,0.48480307501533615,3.42961079489487,78.91305021174706,46.431764750098004,0.009569508337727876,1.2446212784745538e-06,193.72954596579075,36,COMPLETE
4318,31.75188602957464,2.3595286035863703,2026-10-06 03:35:36.073699,2026-10-06 03:38:46.388557,0 days 00:03:10.314858,0.17534157142392734,1.8054001832365776,78.91305021174706,7.704673657496365,0.04832731381267636,2.328670127015952e-06,190.314650952816,36,COMPLETE
4319,25.9682521762912,3.8831789805107357,2026-10-06 03:35:36.077664,2026-10-06 03:38:47.336076,0 days 00:03:11.258412,0.19189241237051688,1.8054001832365776,78.91305021174706,46.431764750098004,0.008698017554316196,2.328670127015952e-06,191.25831549381837,36,COMPLETE
4320,30.669473181112828,6.048761694701548,2026-10-06 03:35:36.163838,2026-10-06 03:38:50.483521,0 days 00:03:14.319683,0.05582351896708211,2.5826334477054016,78.91305021174706,18.49957504695779,0.009569508337727876,2.328670127015952e-06,194.31957801198587,36,COMPLETE
4321,27.519798715523184,3.8770162110649253,2026-10-06 03:35:36.167649,2026-10-06 03:38:48.372074,0 days 00:03:12.204425,0.04592922126294015,3.42961079489487,78.91305021174706,46.431764750098004,0.009569508337727876,1.4671267453130232e-06,192.2043373999186,36,COMPLETE
4322,16.340736403808254,1.1938030195797698,2026-10-06 03:35:36.390666,2026-10-06 03:38:49.433603,0 days 00:03:13.042937,0.01369578115685082,1.8054001832365776,14.121593869499351,7.704673657496365,0.0036147973237823294,2.328670127015952e-06,193.04282835312188,36,COMPLETE
4323,29.464954927763777,24.205569876239316,2026-10-06 03:35:36.394645,2026-10-06 03:38:51.862174,0 days 00:03:15.467529,0.22031827582514427,2.5826334477054016,78.91305021174706,53.19831855856638,0.009569508337727876,2.328670127015952e-06,195.46741662779823,36,COMPLETE
4324,1.1585657991467084,1.2456849184801173,2026-10-06 03:35:36.578673,2026-10-06 03:38:50.844724,0 days 00:03:14.266051,0.02741876245678565,35.53821807116383,78.91305021174706,18.49957504695779,0.009569508337727876,2.328670127015952e-06,194.26593686500564,36,COMPLETE
4325,14.962998439667947,4.447775857780562,2026-10-06 03:35:36.671659,2026-10-06 03:38:50.451903,0 days 00:03:13.780244,0.17534157142392734,3.42961079489487,21.504643940383012,4.949274479107639,0.009569508337727876,2.328670127015952e-06,193.78013185597956,36,COMPLETE
4326,8.863312344437523,1.2937415398518284,2026-10-06 03:35:36.691843,2026-10-06 03:38:49.320489,0 days 00:03:12.628646,0.48480307501533615,1.8054001832365776,78.91305021174706,35.397938808104236,0.009569508337727876,80.31118442844247,192.62856617895886,36,COMPLETE
4327,20.77582567810796,6.235473069222872,2026-10-06 03:35:36.695640,2026-10-06 03:38:55.695576,0 days 00:03:18.999936,0.17534157142392734,25.060049394089127,78.91305021174706,18.49957504695779,0.008698017554316196,2.328670127015952e-06,198.99979662895203,36,COMPLETE
4328,30.552736431579667,18.991793454357122,2026-10-06 03:35:36.699629,2026-10-06 03:38:46.683742,0 days 00:03:09.984113,0.14472486883161542,1.8054001832365776,78.91305021174706,44.62340696791473,0.009569508337727876,2.328670127015952e-06,189.98401215299964,36,COMPLETE
4329,21.96372365223902,1.365572739682551,2026-10-06 03:35:36.703628,2026-10-06 03:38:49.527236,0 days 00:03:12.823608,0.029905083600735412,1.8054001832365776,78.91305021174706,12.025559114678314,0.01296960340483976,2.328670127015952e-06,192.82352327322587,36,COMPLETE
4330,16.47491521803055,8.1057584890628,2026-10-06 03:35:36.707627,2026-10-06 03:38:49.116789,0 days 00:03:12.409162,0.172513679039459,1.8054001832365776,6.414508114534049,18.49957504695779,0.009569508337727876,1.7121913912931224e-06,192.40907930396497,36,COMPLETE
4331,24.678308549560324,12.942068074505901,2026-10-06 03:35:36.773652,2026-10-06 03:38:41.911603,0 days 00:03:05.137951,0.11624192624428466,1.8054001832365776,16.29730462169781,12.025559114678314,0.008698017554316196,2.328670127015952e-06,185.13783016288653,36,COMPLETE
4332,31.6326156548546,16.256556589563694,2026-10-06 03:35:36.777633,2026-10-06 03:38:50.565576,0 days 00:03:13.787943,0.17534157142392734,1.8054001832365776,78.91305021174706,7.704673657496365,0.009569508337727876,2.328670127015952e-06,193.78784584300593,36,COMPLETE
4333,32.7416597638423,10.338653085388948,2026-10-06 03:35:36.979696,2026-10-06 03:38:51.370355,0 days 00:03:14.390659,0.14472486883161542,1.0100598856645617,78.91305021174706,3.199264479118435,0.009569508337727876,2.328670127015952e-06,194.39055373799056,36,COMPLETE
4334,29.833790960312,18.41161089048945,2026-10-06 03:35:37.227119,2026-10-06 03:38:47.722874,0 days 00:03:10.495755,0.14472486883161542,3.42961079489487,78.91305021174706,35.397938808104236,0.009569508337727876,2.328670127015952e-06,190.49566206010059,36,COMPLETE
4335,28.398089345979677,1.9407038256019615,2026-10-06 03:35:37.237653,2026-10-06 03:38:49.304791,0 days 00:03:12.067138,0.17534157142392734,3.42961079489487,78.91305021174706,18.49957504695779,0.07514514392841268,2.328670127015952e-06,192.0670562889427,36,COMPLETE
4336,31.825136261159592,15.024739206556301,2026-10-06 03:35:37.873893,2026-10-06 03:38:51.008058,0 days 00:03:13.134165,0.17534157142392734,1.8054001832365776,78.91305021174706,4.910886308194398,0.009300715536568218,2.328670127015952e-06,193.13407797319815,36,COMPLETE
4337,31.342636246855413,18.69315893146779,2026-10-06 03:35:37.877641,2026-10-06 03:38:50.931755,0 days 00:03:13.054114,0.17534157142392734,1.8054001832365776,78.91305021174706,7.14008749932051,0.008698017554316196,2.328670127015952e-06,193.05403069313616,36,COMPLETE
4338,10.13773008830537,11.540861203728626,2026-10-06 03:35:37.881651,2026-10-06 03:38:53.784314,0 days 00:03:15.902663,0.48480307501533615,3.42961079489487,7.268881689923521,45.605935248059524,0.009569508337727876,2.328670127015952e-06,195.9025633400306,36,COMPLETE
4339,,,2026-10-06 03:35:37.885631,2026-10-06 03:35:39.527704,0 days 00:00:01.642073,0.22031827582514427,3.42961079489487,78.91305021174706,38.52680789958333,0.0016196578940240746,,,36,PRUNED
4340,31.28628188906389,19.00327719323779,2026-10-06 03:35:37.889632,2026-10-06 03:38:48.546391,0 days 00:03:10.656759,0.17534157142392734,1.8054001832365776,78.91305021174706,7.704673657496365,0.008698017554316196,2.328670127015952e-06,190.6566813038662,36,COMPLETE
4341,30.935633493751475,21.183231084813062,2026-10-06 03:35:37.893634,2026-10-06 03:38:51.016096,0 days 00:03:13.122462,0.19189241237051688,1.8054001832365776,78.91305021174706,12.025559114678314,0.008698017554316196,2.328670127015952e-06,193.12238661991432,36,COMPLETE
4342,14.842163242070715,1.5731846672588143,2026-10-06 03:35:37.897630,2026-10-06 03:38:48.721998,0 days 00:03:10.824368,0.17534157142392734,6.28879905307643,78.91305021174706,53.19831855856638,0.008698017554316196,2.328670127015952e-06,190.82427720399573,36,COMPLETE
4343,21.659919421949148,9.678584518593038,2026-10-06 03:35:37.901628,2026-10-06 03:38:44.939152,0 days 00:03:07.037524,0.14472486883161542,1.0100598856645617,9.282294637731903,7.704673657496365,0.009569508337727876,2.328670127015952e-06,187.0374280572869,36,COMPLETE
4344,32.0852531951116,14.414472754352309,2026-10-06 03:35:37.905627,2026-10-06 03:38:50.710132,0 days 00:03:12.804505,0.17534157142392734,1.0100598856645617,78.91305021174706,12.025559114678314,0.009569508337727876,1.4671267453130232e-06,192.80440999520943,36,COMPLETE
4345,26.30547514190868,2.0904761796090168,2026-10-06 03:35:37.908647,2026-10-06 03:38:50.903250,0 days 00:03:12.994603,0.19189241237051688,6.28879905307643,78.91305021174706,12.025559114678314,0.009569508337727876,2.328670127015952e-06,192.99451684532687,36,COMPLETE
4346,30.23671539891876,21.222502877068077,2026-10-06 03:35:38.252689,2026-10-06 03:38:51.272936,0 days 00:03:13.020247,0.22031827582514427,3.42961079489487,78.91305021174706,12.025559114678314,0.009569508337727876,2.328670127015952e-06,193.02014727285132,36,COMPLETE
4347,30.750237126456305,21.608701079063692,2026-10-06 03:35:38.997476,2026-10-06 03:38:52.518506,0 days 00:03:13.521030,0.17534157142392734,1.8054001832365776,78.91305021174706,18.49957504695779,0.008698017554316196,2.328670127015952e-06,193.52089317515492,36,COMPLETE
4348,30.764207014142585,21.952187599357497,2026-10-06 03:35:39.092677,2026-10-06 03:38:49.100839,0 days 00:03:10.008162,0.18472274745078338,1.8054001832365776,78.91305021174706,16.966954115393197,0.008698017554316196,2.328670127015952e-06,190.00807119114324,36,COMPLETE
4349,13.505176357872575,6.406612999817082,2026-10-06 03:35:39.116697,2026-10-06 03:38:51.766302,0 days 00:03:12.649605,0.22031827582514427,3.42961079489487,22.56664379594257,35.397938808104236,0.009569508337727876,2.193792357803731,192.6495076008141,36,COMPLETE
4350,1.5806629842229074,1.252731359537254,2026-10-06 03:35:39.176817,2026-10-06 03:38:49.796755,0 days 00:03:10.619938,0.48967816666395225,38.280705236373535,78.91305021174706,35.397938808104236,0.008698017554316196,1.4671267453130232e-06,190.61981975194067,36,COMPLETE
4351,28.19609555722034,13.523690409083866,2026-10-06 03:35:39.180641,2026-10-06 03:38:51.964031,0 days 00:03:12.783390,0.22031827582514427,1.8054001832365776,78.91305021174706,18.49957504695779,0.009627241677080142,0.0009216941369690932,192.78329216782004,36,COMPLETE
4352,33.0352025262344,3.333128490547258,2026-10-06 03:35:39.184623,2026-10-06 03:38:50.498739,0 days 00:03:11.314116,0.14472486883161542,1.0100598856645617,78.91305021174706,12.025559114678314,0.03463343903868386,2.328670127015952e-06,191.31402282835916,36,COMPLETE
4353,32.72069338695389,10.000163690789297,2026-10-06 03:35:39.623695,2026-10-06 03:38:48.612132,0 days 00:03:08.988437,0.14472486883161542,1.0100598856645617,78.91305021174706,2.5931783094816834,0.009569508337727876,2.328670127015952e-06,188.98833371512592,36,COMPLETE
4354,31.12334617033589,10.677578273809313,2026-10-06 03:35:39.869690,2026-10-06 03:38:49.884518,0 days 00:03:10.014828,0.22031827582514427,1.8054001832365776,78.91305021174706,1.2678419046350882,0.009569508337727876,2.328670127015952e-06,190.01472820807248,36,COMPLETE
4355,26.664882424736646,29.192111616555056,2026-10-06 03:35:40.469835,2026-10-06 03:38:52.188543,0 days 00:03:11.718708,0.3401090828369047,3.42961079489487,78.91305021174706,45.605935248059524,0.009569508337727876,2.328670127015952e-06,191.71858129790053,36,COMPLETE
4356,,,2026-10-06 03:35:40.776427,2026-10-06 03:35:41.149740,0 days 00:00:00.373313,0.01452036795410996,38.84255407516886,78.91305021174706,4.418476569120427,0.002073162625407223,,,36,PRUNED
4357,4.351642360423975,1.3503726652843677,2026-10-06 03:35:40.787830,2026-10-06 03:38:51.974013,0 days 00:03:11.186183,0.19189241237051688,4.014839763781616,5.990908890306368,4.899808635135166,0.008698017554316196,1.4671267453130232e-06,191.186093328055,36,COMPLETE
4358,30.935633493751475,21.183231084813062,2026-10-06 03:35:41.430681,2026-10-06 03:38:50.033356,0 days 00:03:08.602675,0.19189241237051688,1.8054001832365776,78.91305021174706,12.025559114678314,0.008698017554316196,2.328670127015952e-06,188.60256848903373,36,COMPLETE
4359,6.960797905141012,1.256496041807553,2026-10-06 03:36:11.433691,2026-10-06 03:39:21.941563,0 days 00:03:10.507872,0.14472486883161542,28.542516598584122,19.43043478449355,38.52680789958333,0.026427787512551537,1.4671267453130232e-06,190.5077405590564,36,COMPLETE
4360,30.869241396261828,21.184415424035247,2026-10-06 03:36:14.993687,2026-10-06 03:39:28.217974,0 days 00:03:13.224287,0.17534157142392734,1.8054001832365776,78.91305021174706,15.255814407142267,0.008698017554316196,2.328670127015952e-06,193.22417070390657,36,COMPLETE
4361,31.047114689906294,19.740847475155828,2026-10-06 03:37:22.302845,2026-10-06 03:40:28.391758,0 days 00:03:06.088913,0.17534157142392734,1.8054001832365776,78.91305021174706,18.49957504695779,0.009569508337727876,1.4671267453130232e-06,186.0887923859991,36,COMPLETE
4362,31.071871122041728,18.518951715592003,2026-10-06 03:37:28.933745,2026-10-06 03:40:47.397460,0 days 00:03:18.463715,0.14315639440676015,1.8054001832365776,78.91305021174706,12.025559114678314,0.008698017554316196,2.328670127015952e-06,198.46358999982476,36,COMPLETE
4363,31.28628188906389,19.00327719323779,2026-10-06 03:38:42.342712,2026-10-06 03:41:58.800140,0 days 00:03:16.457428,0.17534157142392734,1.8054001832365776,78.91305021174706,7.704673657496365,0.008698017554316196,2.328670127015952e-06,196.45730586210266,36,COMPLETE
4364,21.28102014385869,2.2085172420035706,2026-10-06 03:38:42.389954,2026-10-06 03:41:59.684551,0 days 00:03:17.294597,0.22031827582514427,15.661597901271177,78.91305021174706,18.49957504695779,0.009569508337727876,1.4671267453130232e-06,197.29452387383208,36,COMPLETE
4365,30.93640339017967,13.13956750022086,2026-10-06 03:38:43.236709,2026-10-06 03:41:59.684187,0 days 00:03:16.447478,0.22031827582514427,1.8054001832365776,78.91305021174706,6.182683349256731,0.01190835256681563,2.328670127015952e-06,196.44736880483106,36,COMPLETE
4366,22.526700136051794,1.3704058207408436,2026-10-06 03:38:43.767886,2026-10-06 03:41:55.445187,0 days 00:03:11.677301,0.17534157142392734,47.34969649558228,78.91305021174706,18.49957504695779,0.04099552394163113,2.328670127015952e-06,191.67716640699655,36,COMPLETE
4367,28.667711003852514,3.5624594429176852,2026-10-06 03:38:43.880678,2026-10-06 03:41:58.070657,0 days 00:03:14.189979,0.036142080547810235,2.5826334477054016,78.91305021174706,40.2862337213893,0.009569508337727876,2.328670127015952e-06,194.1898597702384,36,COMPLETE
4368,29.25794291667207,24.013318290303676,2026-10-06 03:38:44.865700,2026-10-06 03:42:00.620446,0 days 00:03:15.754746,0.22031827582514427,3.42961079489487,78.91305021174706,38.52680789958333,0.009569508337727876,1.4671267453130232e-06,195.75461237318814,36,COMPLETE
4369,31.75144261314598,14.047838433235892,2026-10-06 03:38:44.912801,2026-10-06 03:41:58.904512,0 days 00:03:13.991711,0.19189241237051688,1.0100598856645617,69.33707937619111,7.14008749932051,0.008698017554316196,1.4671267453130232e-06,193.99160660104826,36,COMPLETE
4370,24.206884869568047,2.3014868881404036,2026-10-06 03:38:45.316568,2026-10-06 03:41:58.969469,0 days 00:03:13.652901,0.14472486883161542,1.8054001832365776,13.512977223061926,12.025559114678314,0.03463343903868386,2.328670127015952e-06,193.65279359323904,36,COMPLETE
4371,31.632643705638184,16.25976570002954,2026-10-06 03:38:45.902583,2026-10-06 03:41:58.811303,0 days 00:03:12.908720,0.17534157142392734,1.8054001832365776,78.91305021174706,7.704673657496365,0.009569508337727876,2.3242423218213605e-06,192.90861356491223,36,COMPLETE
4372,,,2026-10-06 03:38:45.930652,2026-10-06 03:38:46.774725,0 days 00:00:00.844073,0.17534157142392734,1.8054001832365776,78.91305021174706,18.49957504695779,0.0017038054477898602,,,36,PRUNED
4373,,,2026-10-06 03:38:45.934641,2026-10-06 03:38:47.205587,0 days 00:00:01.270946,0.6911173174275693,39.131367755146215,78.91305021174706,53.19831855856638,0.008698017554316196,,,36,PRUNED
4374,23.843616354287924,29.221194533953742,2026-10-06 03:38:45.965647,2026-10-06 03:41:56.561807,0 days 00:03:10.596160,0.48967816666395225,3.42961079489487,78.91305021174706,35.397938808104236,0.009569508337727876,2.328670127015952e-06,190.59603362716734,36,COMPLETE
4375,30.327256540934883,22.279231070045096,2026-10-06 03:38:46.860021,2026-10-06 03:42:02.352069,0 days 00:03:15.492048,0.17534157142392734,1.8054001832365776,78.91305021174706,30.01267556835111,0.008698017554316196,2.328670127015952e-06,195.49194431398064,36,COMPLETE
4376,21.61168016179071,5.038969078574791,2026-10-06 03:38:46.875776,2026-10-06 03:41:57.213177,0 days 00:03:10.337401,0.19189241237051688,1.8054001832365776,78.91305021174706,12.025559114678314,0.013046631088422111,0.05916748780740378,190.33727698819712,36,COMPLETE
4377,32.003704281998765,15.21089546682513,2026-10-06 03:38:46.879643,2026-10-06 03:41:59.062039,0 days 00:03:12.182396,0.17534157142392734,1.8054001832365776,78.91305021174706,4.949274479107639,0.009569508337727876,1.4671267453130232e-06,192.1822803528048,36,COMPLETE
4378,17.350473958049474,1.3460344739052612,2026-10-06 03:38:47.079960,2026-10-06 03:42:00.373486,0 days 00:03:13.293526,0.22031827582514427,1.8054001832365776,78.91305021174706,18.49957504695779,0.022913973294358344,0.6973421959530589,193.2934120646678,36,COMPLETE
4379,29.855545961493352,2.870969322254573,2026-10-06 03:38:47.262685,2026-10-06 03:41:58.469370,0 days 00:03:11.206685,0.17534157142392734,1.8054001832365776,78.91305021174706,12.025559114678314,0.03463343903868386,0.004781790225670256,191.20658284286037,36,COMPLETE
4380,24.346155724395537,22.50874364732824,2026-10-06 03:38:47.612851,2026-10-06 03:41:57.405652,0 days 00:03:09.792801,0.48967816666395225,1.8054001832365776,78.91305021174706,35.397938808104236,0.009569508337727876,2.328670127015952e-06,189.79267657594755,36,COMPLETE
4381,30.526416394762652,3.324506136908094,2026-10-06 03:38:47.616651,2026-10-06 03:42:00.028781,0 days 00:03:12.412130,0.14472486883161542,1.0100598856645617,78.91305021174706,1.72513129282728,0.009569508337727876,0.0012998974184714321,192.41203846875578,36,COMPLETE
4382,29.649256546444587,14.880201670369663,2026-10-06 03:38:47.620628,2026-10-06 03:42:01.457855,0 days 00:03:13.837227,0.11264927430844741,3.42961079489487,78.91305021174706,18.49957504695779,0.008698017554316196,2.328670127015952e-06,193.83711044071242,36,COMPLETE
4383,3.949100836976739,1.231997012924675,2026-10-06 03:38:47.800287,2026-10-06 03:42:02.160940,0 days 00:03:14.360653,0.014981652987430927,1.8054001832365776,4.968829515348343,18.49957504695779,0.008698017554316196,2.328670127015952e-06,194.36053683282807,36,COMPLETE
4384,32.08792112405164,15.244047927391668,2026-10-06 03:38:48.352049,2026-10-06 03:42:03.461381,0 days 00:03:15.109332,0.17534157142392734,1.0100598856645617,78.91305021174706,7.704673657496365,0.008698017554316196,1.4671267453130232e-06,195.10921237710863,36,COMPLETE
4385,23.507753781631216,30.738236895855454,2026-10-06 03:38:48.485804,2026-10-06 03:41:58.153766,0 days 00:03:09.667962,0.48967816666395225,3.42961079489487,78.91305021174706,46.431764750098004,0.009569508337727876,2.328670127015952e-06,189.66784939402714,36,COMPLETE
4386,31.636066950214303,16.8143387402296,2026-10-06 03:38:48.493648,2026-10-06 03:42:00.885250,0 days 00:03:12.391602,0.17534157142392734,1.8054001832365776,78.91305021174706,7.704673657496365,0.009569508337727876,1.6534883494056302e-06,192.39150737971067,36,COMPLETE
4387,32.35027318958379,13.8032431904302,2026-10-06 03:38:48.558797,2026-10-06 03:42:01.755516,0 days 00:03:13.196719,0.14472486883161542,1.0100598856645617,78.91305021174706,12.025559114678314,0.009569508337727876,1.4671267453130232e-06,193.19661709992215,36,COMPLETE
4388,27.014293109574304,3.9066672790867734,2026-10-06 03:38:48.615668,2026-10-06 03:42:02.180165,0 days 00:03:13.564497,0.14472486883161542,41.91095820163248,78.91305021174706,7.704673657496365,0.009569508337727876,2.328670127015952e-06,193.56439499091357,36,COMPLETE
4389,22.86163167651706,9.327774239580776,2026-10-06 03:38:48.798656,2026-10-06 03:42:04.328383,0 days 00:03:15.529727,0.19189241237051688,39.69869024559046,78.91305021174706,12.025559114678314,0.008698017554316196,2.328670127015952e-06,195.52961345901713,36,COMPLETE
4390,19.900631278617173,20.69613810904416,2026-10-06 03:38:49.084843,2026-10-06 03:42:05.837842,0 days 00:03:16.752999,0.677551425856352,2.5826334477054016,78.91305021174706,18.49957504695779,0.009569508337727876,2.328670127015952e-06,196.75286676967517,36,COMPLETE
4391,16.320906120613323,14.417133088266713,2026-10-06 03:38:49.088645,2026-10-06 03:41:59.146584,0 days 00:03:10.057939,0.22031827582514427,5.494513194586277,18.8495547524997,35.397938808104236,0.009569508337727876,2.328670127015952e-06,190.05772422999144,36,COMPLETE
4392,29.80283551783281,16.681912902753393,2026-10-06 03:38:49.484866,2026-10-06 03:42:01.226577,0 days 00:03:11.741711,0.2918907020150273,1.0100598856645617,78.91305021174706,28.518942421672573,0.009569508337727876,2.328670127015952e-06,191.74151301104575,36,COMPLETE
4393,32.21938771638326,5.767448141191679,2026-10-06 03:38:49.488641,2026-10-06 03:42:01.133548,0 days 00:03:11.644907,0.045906177832303996,1.0100598856645617,41.43652680267294,12.025559114678314,0.009569508337727876,1.4671267453130232e-06,191.64481272315606,36,COMPLETE
