number,values_0,values_1,datetime_start,datetime_complete,duration,params_c_val,params_input_force,params_k_between_val,params_k_wall_val,params_m_val,params_ridge_alpha,user_attrs_duration_sec,system_attrs_NSGAIISampler:generation,state
5966,20.198559192800083,4.9517925723264655,2026-10-06 04:51:26.647698,2026-10-06 04:54:37.592610,0 days 00:03:10.944912,0.2918907020150273,7.5845844952877775,80.97346391189345,15.382666136782571,0.009569508337727876,1.4671267453130232e-06,190.94478002330288,49,COMPLETE
5967,29.97876947846252,7.84518346455016,2026-10-06 04:52:37.856727,2026-10-06 04:55:50.660204,0 days 00:03:12.803477,0.2680662921881964,3.42961079489487,78.91305021174706,1.5183983297367551,0.00978505718405828,1.4671267453130232e-06,192.80333867063746,49,COMPLETE
5968,18.04872838791588,3.7903996701645504,2026-10-06 04:52:37.860639,2026-10-06 04:55:48.522092,0 days 00:03:10.661453,0.419007027175139,46.67167611833493,78.91305021174706,4.949274479107639,0.009569508337727876,0.6056174251418245,190.66131668863818,49,COMPLETE
5969,30.20831942329003,5.065597780194634,2026-10-06 04:52:38.778683,2026-10-06 04:55:50.445176,0 days 00:03:11.666493,0.09854991248925353,1.8054001832365776,78.91305021174706,2.677047145436782,0.008698017554316196,0.006502981467331564,191.66635469719768,49,COMPLETE
5970,32.05345211043497,15.038790020262976,2026-10-06 04:52:38.782932,2026-10-06 04:55:49.743573,0 days 00:03:10.960641,0.19189241237051688,1.0100598856645617,78.91305021174706,7.14008749932051,0.008698017554316196,1.4671267453130232e-06,190.9605062897317,49,COMPLETE
5971,23.450889434989843,1.2510859463039394,2026-10-06 04:52:38.786628,2026-10-06 04:55:52.212861,0 days 00:03:13.426233,0.043410066986280964,3.42961079489487,78.91305021174706,18.49957504695779,0.009569508337727876,2.108934163128921e-06,193.42611590679735,49,COMPLETE
5972,27.674595489172383,21.348960641851097,2026-10-06 04:52:39.242846,2026-10-06 04:55:48.459420,0 days 00:03:09.216574,0.17534157142392734,3.42961079489487,78.91305021174706,46.431764750098004,0.008698017554316196,2.328670127015952e-06,189.21643186127767,49,COMPLETE
5973,11.551539089918382,5.6845268652790315,2026-10-06 04:52:39.333674,2026-10-06 04:55:51.814094,0 days 00:03:12.480420,0.419007027175139,1.3138939129390894,4.4842188675536585,7.704673657496365,0.009569508337727876,1.0746247031029727e-06,192.48031596420333,50,COMPLETE
5974,25.747778979370118,6.389377065936437,2026-10-06 04:52:39.396777,2026-10-06 04:55:49.380570,0 days 00:03:09.983793,0.18472274745078338,30.30603997338523,78.91305021174706,7.704673657496365,0.008698017554316196,0.09428813353174736,189.98365731397644,50,COMPLETE
5975,26.311456225394103,3.4956347806741315,2026-10-06 04:52:39.576678,2026-10-06 04:55:54.106340,0 days 00:03:14.529662,0.1269892283627391,22.47768964579557,69.16329565667773,8.858210845255327,0.008698017554316196,1.4671267453130232e-06,194.52955135982484,50,COMPLETE
5976,,,2026-10-06 04:52:40.132866,2026-10-06 04:52:41.691747,0 days 00:00:01.558881,0.48967816666395225,1.8054001832365776,78.91305021174706,53.19831855856638,0.008698017554316196,,,50,PRUNED
5977,22.9009285600578,3.022449289996869,2026-10-06 04:52:40.136652,2026-10-06 04:55:53.667412,0 days 00:03:13.530760,0.419007027175139,18.21595855253414,78.91305021174706,6.6638766454445,0.009569508337727876,1.0746247031029727e-06,193.53064732300118,50,COMPLETE
5978,30.39557602880248,23.02021450051084,2026-10-06 04:52:40.140628,2026-10-06 04:55:56.211954,0 days 00:03:16.071326,0.22031827582514427,1.8054001832365776,78.91305021174706,35.397938808104236,0.009569508337727876,1.4671267453130232e-06,196.07122762687504,50,COMPLETE
5979,7.808516974182323,1.1780262077315293,2026-10-06 04:52:40.144626,2026-10-06 04:55:57.726759,0 days 00:03:17.582133,0.016052850001376805,1.8054001832365776,7.096189247731729,53.19831855856638,0.009569508337727876,1.4671267453130232e-06,197.58207800798118,50,COMPLETE
5980,31.953517529900097,16.538724957378236,2026-10-06 04:52:40.148630,2026-10-06 04:55:54.736514,0 days 00:03:14.587884,0.14472486883161542,1.0100598856645617,78.91305021174706,12.025559114678314,0.008698017554316196,1.4671267453130232e-06,194.5877917832695,50,COMPLETE
5981,,,2026-10-06 04:52:40.152631,2026-10-06 04:52:40.971675,0 days 00:00:00.819044,0.2918907020150273,19.91773796144153,78.91305021174706,53.19831855856638,0.0027247831874281842,,,50,PRUNED
5982,30.33466973731719,13.550574586778101,2026-10-06 04:52:40.286809,2026-10-06 04:55:58.647133,0 days 00:03:18.360324,0.20705457850306194,1.8054001832365776,78.91305021174706,8.858210845255327,0.008698017554316196,0.00043126010386918207,198.36019042599946,50,COMPLETE
5983,30.74142538253154,22.166134222934545,2026-10-06 04:52:40.348947,2026-10-06 04:55:52.271293,0 days 00:03:11.922346,0.18895959097737963,1.8054001832365776,78.91305021174706,16.966954115393197,0.008698017554316196,2.328670127015952e-06,191.92225208785385,50,COMPLETE
5984,15.00708753032058,16.786012495732027,2026-10-06 04:52:40.774702,2026-10-06 04:55:52.226029,0 days 00:03:11.451327,0.3426226439314306,1.8054001832365776,16.272941719312644,7.704673657496365,0.0010206529316018516,2.108934163128921e-06,191.45121571188793,50,COMPLETE
5985,32.43117398771521,12.375391054827489,2026-10-06 04:52:40.794660,2026-10-06 04:55:52.576306,0 days 00:03:11.781646,0.1269892283627391,1.0100598856645617,80.97346391189345,4.084693350510305,0.008698017554316196,1.4671267453130232e-06,191.78154151374474,50,COMPLETE
5986,18.57268497348064,1.2764254773258943,2026-10-06 04:52:41.997073,2026-10-06 04:55:54.802285,0 days 00:03:12.805212,0.17534157142392734,1.8054001832365776,78.91305021174706,12.025559114678314,0.06704060381599178,1.2250503867954,192.8051188653335,50,COMPLETE
5987,29.620747962257646,2.6041810771612366,2026-10-06 04:52:42.000635,2026-10-06 04:55:56.088533,0 days 00:03:14.087898,0.14472486883161542,4.014839763781616,78.91305021174706,4.014778461891881,0.009569508337727876,1.4671267453130232e-06,194.08778080390766,50,COMPLETE
5988,23.375232136126392,32.287505094854964,2026-10-06 04:52:42.004631,2026-10-06 04:55:57.052968,0 days 00:03:15.048337,0.48967816666395225,3.42961079489487,78.91305021174706,53.19831855856638,0.009569508337727876,1.4671267453130232e-06,195.04821136407554,50,COMPLETE
5989,23.375232136126392,32.287505094854964,2026-10-06 04:52:42.008637,2026-10-06 04:55:55.003508,0 days 00:03:12.994871,0.48967816666395225,3.42961079489487,78.91305021174706,53.19831855856638,0.009569508337727876,1.4671267453130232e-06,192.9947697678581,50,COMPLETE
5990,31.456717598968332,19.299129196000486,2026-10-06 04:52:42.012626,2026-10-06 04:55:54.661161,0 days 00:03:12.648535,0.17534157142392734,1.0100598856645617,78.91305021174706,18.49957504695779,0.008698017554316196,1.4671267453130232e-06,192.64842933788896,50,COMPLETE
5991,23.375232136126392,32.287505094854964,2026-10-06 04:52:42.092867,2026-10-06 04:55:55.328694,0 days 00:03:13.235827,0.48967816666395225,3.42961079489487,78.91305021174706,53.19831855856638,0.009569508337727876,1.4671267453130232e-06,193.23571758484468,50,COMPLETE
5992,21.632106939121673,4.910097223426644,2026-10-06 04:52:42.132767,2026-10-06 04:55:53.575761,0 days 00:03:11.442994,0.18472274745078338,20.380541338098904,78.91305021174706,16.966954115393197,0.008698017554316196,1.4671267453130232e-06,191.4428894878365,50,COMPLETE
5993,31.22840993014458,16.642972731320945,2026-10-06 04:52:42.151639,2026-10-06 04:55:55.965882,0 days 00:03:13.814243,0.1269892283627391,1.8054001832365776,78.91305021174706,8.858210845255327,0.008698017554316196,1.4671267453130232e-06,193.81413140706718,50,COMPLETE
5994,29.317120549378398,25.42483361588202,2026-10-06 04:52:42.293686,2026-10-06 04:55:53.756031,0 days 00:03:11.462345,0.2918907020150273,3.42961079489487,80.97346391189345,18.49957504695779,0.009569508337727876,1.4671267453130232e-06,191.4622285743244,50,COMPLETE
5995,33.15072549952123,3.438517429646824,2026-10-06 04:52:42.701910,2026-10-06 04:55:53.440273,0 days 00:03:10.738363,0.14472486883161542,1.0100598856645617,78.91305021174706,12.025559114678314,0.03463343903868386,1.2446212784745538e-06,190.7382308570668,50,COMPLETE
5996,30.146350793318454,22.107692617806467,2026-10-06 04:52:42.705653,2026-10-06 04:55:55.038075,0 days 00:03:12.332422,0.2707675391636128,3.42961079489487,80.97346391189345,8.858210845255327,0.009569508337727876,1.4671267453130232e-06,192.33231694530696,50,COMPLETE
5997,18.566124264001534,1.2644648983473463,2026-10-06 04:52:42.728787,2026-10-06 04:55:56.136324,0 days 00:03:13.407537,0.14472486883161542,1.0100598856645617,78.91305021174706,7.704673657496365,0.019258967453148496,0.4433793653021678,193.40742981992662,50,COMPLETE
5998,32.42094431665409,13.60333540474426,2026-10-06 04:52:42.838198,2026-10-06 04:55:52.092229,0 days 00:03:09.254031,0.1269892283627391,1.0100598856645617,69.16329565667773,8.858210845255327,0.008698017554316196,1.4671267453130232e-06,189.25392215978354,50,COMPLETE
5999,23.392055032774604,32.51910524480121,2026-10-06 04:52:42.899660,2026-10-06 04:55:53.857099,0 days 00:03:10.957439,0.48967816666395225,3.42961079489487,78.91305021174706,53.19831855856638,0.009569508337727876,1.2446212784745538e-06,190.9573226487264,50,COMPLETE
6000,32.305284948285994,13.538157114800313,2026-10-06 04:52:43.030697,2026-10-06 04:55:55.810711,0 days 00:03:12.780014,0.17534157142392734,1.0100598856645617,78.91305021174706,8.858210845255327,0.009569508337727876,1.4671267453130232e-06,192.3291928539984,50,COMPLETE
6001,26.79330921196158,6.01773990910168,2026-10-06 04:52:43.489660,2026-10-06 04:55:56.251704,0 days 00:03:12.762044,0.19189241237051688,24.619643913577686,78.91305021174706,6.182683349256731,0.008698017554316196,2.328670127015952e-06,192.76193587994203,50,COMPLETE
6002,14.969519575702424,1.2893692514078725,2026-10-06 04:52:43.695875,2026-10-06 04:55:54.793510,0 days 00:03:11.097635,0.19189241237051688,1.8054001832365776,78.91305021174706,18.49957504695779,0.008698017554316196,43.061829128499944,191.0975401760079,50,COMPLETE
6003,17.350253530878078,4.444867131128519,2026-10-06 04:52:43.699645,2026-10-06 04:55:52.955679,0 days 00:03:09.256034,0.48967816666395225,1.8054001832365776,13.228202060912368,33.03381785999066,0.03573422178624088,2.328670127015952e-06,189.25591062474996,50,COMPLETE
6004,24.880286052678017,27.536529310134053,2026-10-06 04:52:43.703628,2026-10-06 04:55:56.106597,0 days 00:03:12.402969,0.2918907020150273,6.28879905307643,78.91305021174706,53.19831855856638,0.009569508337727876,0.00018266738933971058,192.4028654829599,50,COMPLETE
6005,30.93566168680822,21.685335779995146,2026-10-06 04:52:43.707629,2026-10-06 04:55:55.287224,0 days 00:03:11.579595,0.19189241237051688,1.8054001832365776,78.91305021174706,12.025559114678314,0.008698017554316196,1.4671267453130232e-06,191.57947455113754,50,COMPLETE
6006,31.173101973832832,19.129905790654902,2026-10-06 04:52:43.711633,2026-10-06 04:55:56.356024,0 days 00:03:12.644391,0.19524032064090313,1.8054001832365776,78.91305021174706,12.025559114678314,0.009569508337727876,1.4671267453130232e-06,192.644306298811,50,COMPLETE
6007,22.65938914436856,4.584764925490171,2026-10-06 04:52:43.715626,2026-10-06 04:55:56.360514,0 days 00:03:12.644888,0.19189241237051688,45.78399421371651,78.91305021174706,15.382666136782571,0.011238689518918977,1.4671267453130232e-06,192.6448038611561,50,COMPLETE
6008,19.659935283666876,10.549092898211027,2026-10-06 04:52:45.174870,2026-10-06 04:55:58.588420,0 days 00:03:13.413550,0.419007027175139,3.42961079489487,78.91305021174706,99.60141204678591,0.009569508337727876,1.0746247031029727e-06,193.41341042192653,50,COMPLETE
6009,31.03919886758332,1.520108304640068,2026-10-06 04:52:45.178642,2026-10-06 04:55:55.912101,0 days 00:03:10.733459,0.06441798531902292,1.8054001832365776,78.91305021174706,1.9443398287486113,0.009569508337727876,2.328670127015952e-06,190.73333185864612,50,COMPLETE
6010,14.821868770312028,5.72661548312658,2026-10-06 04:52:45.182630,2026-10-06 04:56:00.089381,0 days 00:03:14.906751,0.14472486883161542,3.42961079489487,14.530227909467238,53.19831855856638,0.009569508337727876,0.190685116847901,194.9066430637613,50,COMPLETE
6011,30.538921202666995,1.2115839127231458,2026-10-06 04:52:45.186627,2026-10-06 04:55:55.307248,0 days 00:03:10.120621,0.020209452295074218,1.0100598856645617,78.91305021174706,1.0342731202742503,0.009569508337727876,0.014647688100969555,190.12050795787945,50,COMPLETE
6012,24.375437592788987,12.969063211258092,2026-10-06 04:52:45.190623,2026-10-06 04:55:51.488040,0 days 00:03:06.297417,0.48967816666395225,6.28879905307643,78.91305021174706,4.673668766196772,0.009569508337727876,1.4671267453130232e-06,186.29372388217598,50,COMPLETE
6013,27.0605832049694,3.0385030765807595,2026-10-06 04:52:45.390691,2026-10-06 04:55:55.407826,0 days 00:03:10.017135,0.16306065910252818,1.0100598856645617,78.91305021174706,53.19831855856638,0.008698017554316196,1.4671267453130232e-06,190.01702744467184,50,COMPLETE
6014,32.59177512524228,12.725674326329756,2026-10-06 04:52:45.599674,2026-10-06 04:55:57.672273,0 days 00:03:12.072599,0.14472486883161542,1.0100598856645617,78.91305021174706,7.704673657496365,0.009569508337727876,1.2446212784745538e-06,192.0724831679836,50,COMPLETE
6015,19.086386060713536,9.27896048583237,2026-10-06 04:52:45.619651,2026-10-06 04:55:54.530945,0 days 00:03:08.911294,0.48967816666395225,42.496235098399346,78.91305021174706,12.025559114678314,0.009569508337727876,1.4671267453130232e-06,188.91117811808363,50,COMPLETE
6016,,,2026-10-06 04:52:45.901864,2026-10-06 04:52:46.273677,0 days 00:00:00.371813,0.22031827582514427,1.8054001832365776,78.91305021174706,74.64188712672605,0.0011805145524421716,,,50,PRUNED
6017,18.03793522703092,18.85039968139584,2026-10-06 04:52:45.905644,2026-10-06 04:55:56.506206,0 days 00:03:10.600562,0.25283349801447436,4.95477336878759,22.92382216894671,53.19831855856638,0.009569508337727876,1.4671267453130232e-06,190.60047038225457,50,COMPLETE
6018,27.37685647539301,13.322635907025827,2026-10-06 04:52:45.908641,2026-10-06 04:55:57.726648,0 days 00:03:11.818007,0.12186470831252749,1.8054001832365776,23.176754279718573,7.704673657496365,0.008698017554316196,2.328670127015952e-06,191.8179008597508,50,COMPLETE
6019,,,2026-10-06 04:52:45.912625,2026-10-06 04:52:46.082772,0 days 00:00:00.170147,0.14472486883161542,16.23859984739854,78.91305021174706,53.19831855856638,0.008698017554316196,,,50,PRUNED
6020,16.39672919721625,4.610541754386271,2026-10-06 04:52:46.187683,2026-10-06 04:55:57.926871,0 days 00:03:11.739188,0.48967816666395225,6.28879905307643,78.91305021174706,5.055959256048346,0.009569508337727876,0.08691910296607747,191.73907605791464,50,COMPLETE
6021,26.52325247466672,15.270695925577657,2026-10-06 04:52:46.519857,2026-10-06 04:55:56.042033,0 days 00:03:09.522176,0.17534157142392734,1.0100598856645617,26.95503048152718,12.025559114678314,0.008698017554316196,1.2446212784745538e-06,189.52205001423135,50,COMPLETE
6022,31.800743597723233,17.876198599150282,2026-10-06 04:52:46.523650,2026-10-06 04:56:00.785427,0 days 00:03:14.261777,0.17534157142392734,1.0100598856645617,78.91305021174706,12.025559114678314,0.008698017554316196,1.0746247031029727e-06,194.26164062926546,50,COMPLETE
6023,31.424428102548156,19.10870204218995,2026-10-06 04:52:46.527631,2026-10-06 04:55:57.858497,0 days 00:03:11.330866,0.19189241237051688,1.8054001832365776,78.91305021174706,6.182683349256731,0.008698017554316196,1.4671267453130232e-06,191.33075564028695,50,COMPLETE
6024,19.721887455934525,10.73338978282933,2026-10-06 04:52:46.641660,2026-10-06 04:55:55.366576,0 days 00:03:08.724916,0.2918907020150273,41.33631844781499,80.97346391189345,18.49957504695779,0.009569508337727876,2.328670127015952e-06,188.72480366192758,50,COMPLETE
6025,15.3503210294005,6.405765005220613,2026-10-06 04:52:46.803695,2026-10-06 04:56:00.081139,0 days 00:03:13.277444,0.23206126945221336,1.8054001832365776,5.6154077008635515,1.9146195508570472,0.008698017554316196,2.328670127015952e-06,193.27732349094003,50,COMPLETE
6026,29.227211955608205,25.208468645736318,2026-10-06 04:52:47.360686,2026-10-06 04:55:58.148529,0 days 00:03:10.787843,0.2918907020150273,3.42961079489487,78.91305021174706,18.49957504695779,0.009569508337727876,1.4671267453130232e-06,190.78772665560246,50,COMPLETE
6027,21.598145711149975,16.14041841901526,2026-10-06 04:52:47.387797,2026-10-06 04:55:59.495012,0 days 00:03:12.107215,0.19189241237051688,1.8054001832365776,19.38076487615495,34.58774084402709,0.009569508337727876,1.4671267453130232e-06,192.10709159169346,50,COMPLETE
6028,32.38589251764321,13.209498560052605,2026-10-06 04:52:50.077682,2026-10-06 04:55:58.793133,0 days 00:03:08.715451,0.17534157142392734,1.0100598856645617,78.91305021174706,7.704673657496365,0.009569508337727876,1.4671267453130232e-06,188.71534511400387,50,COMPLETE
6029,32.354919433154194,12.72532875446576,2026-10-06 04:53:14.389722,2026-10-06 04:56:30.062879,0 days 00:03:15.673157,0.17456866945959007,1.0100598856645617,78.91305021174706,7.704673657496365,0.009569508337727876,2.328670127015952e-06,195.67301882710308,50,COMPLETE
6030,20.526974136273985,2.067290351043603,2026-10-06 04:53:23.507674,2026-10-06 04:56:34.314076,0 days 00:03:10.806402,0.2207118919693481,3.42961079489487,78.91305021174706,45.605935248059524,0.008698017554316196,2.328670127015952e-06,190.8062682747841,50,COMPLETE
6031,7.919228266575563,1.1740006377983985,2026-10-06 04:53:45.245694,2026-10-06 04:56:50.603363,0 days 00:03:05.357669,0.22031827582514427,9.401250804447514,10.793705888023814,12.025559114678314,0.03463343903868386,2.328670127015952e-06,185.35753873409703,50,COMPLETE
6032,31.93363538886903,15.919961647292826,2026-10-06 04:53:56.591677,2026-10-06 04:57:10.612364,0 days 00:03:14.020687,0.14472486883161542,1.0100598856645617,80.97346391189345,18.49957504695779,0.009569508337727876,1.2446212784745538e-06,194.02054988080636,50,COMPLETE
6033,23.87399493571425,10.26691385308028,2026-10-06 04:54:01.396866,2026-10-06 04:57:12.079821,0 days 00:03:10.682955,0.22031827582514427,43.789947012288586,78.91305021174706,8.858210845255327,0.008698017554316196,1.0746247031029727e-06,190.68247328978032,50,COMPLETE
6034,26.7654526718954,22.35733747987168,2026-10-06 04:54:37.785274,2026-10-06 04:57:48.838670,0 days 00:03:11.053396,0.2918907020150273,4.014839763781616,78.91305021174706,18.49957504695779,0.008698017554316196,1.2446212784745538e-06,191.05326207214966,50,COMPLETE
6035,31.187564704759602,20.059948025582262,2026-10-06 04:55:48.616701,2026-10-06 04:59:02.228016,0 days 00:03:13.611315,0.17534157142392734,1.8054001832365776,78.91305021174706,8.858210845255327,0.008698017554316196,1.4671267453130232e-06,193.61117249913514,50,COMPLETE
6036,32.683081289887646,4.009680455312585,2026-10-06 04:55:48.946724,2026-10-06 04:59:02.443929,0 days 00:03:13.497205,0.19189241237051688,1.0100598856645617,82.45696982995315,8.858210845255327,0.03490032032127345,1.4671267453130232e-06,193.497062810231,50,COMPLETE
6037,23.25622491961831,9.976713987058798,2026-10-06 04:55:49.381035,2026-10-06 04:59:03.440637,0 days 00:03:14.059602,0.1269892283627391,1.0100598856645617,15.489755248635594,53.19831855856638,0.009569508337727876,1.4671267453130232e-06,194.0593436229974,50,COMPLETE
6038,18.333821981213074,13.201174219577602,2026-10-06 04:55:50.268826,2026-10-06 04:59:02.997311,0 days 00:03:12.728485,0.18472274745078338,1.8054001832365776,9.950004790669409,12.025559114678314,0.008698017554316196,2.328670127015952e-06,192.72835271479562,50,COMPLETE
6039,,,2026-10-06 04:55:50.831700,2026-10-06 04:55:51.511749,0 days 00:00:00.680049,0.19189241237051688,1.8054001832365776,78.91305021174706,35.397938808104236,0.0038652131162971674,,,50,PRUNED
6040,31.252871285735086,17.27795865379676,2026-10-06 04:55:50.876791,2026-10-06 04:59:03.229992,0 days 00:03:12.353201,0.1269892283627391,1.0100598856645617,78.91305021174706,35.397938808104236,0.008698017554316196,1.0746247031029727e-06,192.35306763416156,50,COMPLETE
6041,20.54613186124961,10.955254222465193,2026-10-06 04:55:51.646819,2026-10-06 04:59:04.161197,0 days 00:03:12.514378,0.1269892283627391,1.8054001832365776,9.923797317482741,12.025559114678314,0.008698017554316196,2.328670127015952e-06,192.5142592312768,50,COMPLETE
6042,28.960137346916234,26.842851125499116,2026-10-06 04:55:51.864659,2026-10-06 04:59:06.832511,0 days 00:03:14.967852,0.2680662921881964,2.5826334477054016,78.91305021174706,18.49957504695779,0.008698017554316196,2.328670127015952e-06,194.96775166410953,50,COMPLETE
6043,25.805625277026287,1.2962273704142881,2026-10-06 04:55:52.059989,2026-10-06 04:59:07.041281,0 days 00:03:14.981292,0.06441798531902292,25.75588505046951,78.91305021174706,7.704673657496365,0.030567513774753727,2.328670127015952e-06,194.98119540931657,50,COMPLETE
6044,25.632286504224293,25.264496916734597,2026-10-06 04:55:52.226478,2026-10-06 04:59:04.379494,0 days 00:03:12.153016,0.419007027175139,3.42961079489487,78.91305021174706,53.19831855856638,0.013256038748580525,1.0746247031029727e-06,192.15288053173572,50,COMPLETE
6045,22.677964087988645,19.36092446524807,2026-10-06 04:55:52.292788,2026-10-06 04:59:06.641258,0 days 00:03:14.348470,0.20188838799170525,1.8054001832365776,22.645845092713532,6.182683349256731,0.006578747457058146,1.4671267453130232e-06,194.34836222883314,50,COMPLETE
6046,28.48490835144809,14.59238941121068,2026-10-06 04:55:52.488686,2026-10-06 04:59:08.176274,0 days 00:03:15.687588,0.18472274745078338,3.42961079489487,78.91305021174706,6.2207797596123,0.009569508337727876,1.4671267453130232e-06,195.6874652467668,50,COMPLETE
6047,32.46954239500149,12.530870436493975,2026-10-06 04:55:52.520651,2026-10-06 04:59:08.015067,0 days 00:03:15.494416,0.16210577482406835,1.0100598856645617,78.91305021174706,7.704673657496365,0.009569508337727876,2.108934163128921e-06,195.4942921269685,50,COMPLETE
