number,values_0,values_1,datetime_start,datetime_complete,duration,params_c_val,params_input_force,params_k_between_val,params_k_wall_val,params_m_val,params_ridge_alpha,user_attrs_duration_sec,system_attrs_NSGAIISampler:generation,state
4891,31.44146055501214,16.80136018507174,2026-10-06 04:01:20.486642,2026-10-06 04:04:33.760300,0 days 00:03:13.273658,0.14472486883161542,1.8054001832365776,78.91305021174706,12.025559114678314,0.009569508337727876,1.4671267453130232e-06,193.27355653326958,41,COMPLETE
4892,29.937129413485525,13.79906951422387,2026-10-06 04:01:20.522964,2026-10-06 04:04:33.287010,0 days 00:03:12.764046,0.22031827582514427,2.5826334477054016,65.21441472156368,3.5922251382623163,0.009569508337727876,2.328670127015952e-06,192.763965271879,41,COMPLETE
4893,24.385186791936043,30.75431133816084,2026-10-06 04:01:20.548715,2026-10-06 04:04:33.857412,0 days 00:03:13.308697,0.3401090828369047,6.28879905307643,80.97346391189345,46.431764750098004,0.009569508337727876,2.328670127015952e-06,193.30859855003655,41,COMPLETE
4894,,,2026-10-06 04:01:20.585835,2026-10-06 04:01:21.638324,0 days 00:00:01.052489,0.14472486883161542,42.624735291191264,69.33707937619111,5.197829747598487,0.002444457150817914,,,41,PRUNED
4895,30.64333376600494,20.673178374389902,2026-10-06 04:01:20.652651,2026-10-06 04:04:32.313132,0 days 00:03:11.660481,0.19189241237051688,2.674418683713773,78.91305021174706,7.14008749932051,0.008698017554316196,2.328670127015952e-06,191.660387319047,41,COMPLETE
4896,31.82632862020902,16.1371655868811,2026-10-06 04:01:20.656630,2026-10-06 04:04:31.331201,0 days 00:03:10.674571,0.17534157142392734,1.8054001832365776,78.91305021174706,6.182683349256731,0.009569508337727876,1.4671267453130232e-06,190.67446904676035,41,COMPLETE
4897,29.535630477563455,24.78256169930743,2026-10-06 04:01:20.868684,2026-10-06 04:04:33.565762,0 days 00:03:12.697078,0.2918907020150273,3.42961079489487,80.97346391189345,15.382666136782571,0.009569508337727876,1.4671267453130232e-06,192.69696460710838,41,COMPLETE
4898,6.765397831506869,6.69942480756882,2026-10-06 04:01:21.267683,2026-10-06 04:04:32.631705,0 days 00:03:11.364022,0.48480307501533615,3.42961079489487,2.4977728129792753,46.431764750098004,0.0013868506135458372,1.0127264191949552e-05,191.36391011672094,41,COMPLETE
4899,31.28628188906389,19.00327719323779,2026-10-06 04:01:21.480687,2026-10-06 04:04:32.339992,0 days 00:03:10.859305,0.17534157142392734,1.8054001832365776,78.91305021174706,7.704673657496365,0.008698017554316196,2.328670127015952e-06,190.85920741176233,41,COMPLETE
4900,23.72729269643557,26.101711976552824,2026-10-06 04:01:21.771680,2026-10-06 04:04:33.245303,0 days 00:03:11.473623,0.48967816666395225,6.28879905307643,78.91305021174706,12.025559114678314,0.009569508337727876,1.4671267453130232e-06,191.4735306906514,41,COMPLETE
4901,9.420557750154543,1.2876035080848962,2026-10-06 04:01:22.050093,2026-10-06 04:04:32.534039,0 days 00:03:10.483946,0.48480307501533615,1.0100598856645617,78.91305021174706,9.645669501962768,0.009569508337727876,23.090009066744216,190.48384207300842,41,COMPLETE
4902,30.961005254600998,20.612982797267883,2026-10-06 04:01:22.120676,2026-10-06 04:04:33.855161,0 days 00:03:11.734485,0.19189241237051688,1.8054001832365776,78.91305021174706,18.49957504695779,0.009569508337727876,1.2446212784745538e-06,191.73436984000728,41,COMPLETE
4903,6.19680263083268,1.151462830330885,2026-10-06 04:01:22.548869,2026-10-06 04:04:36.112167,0 days 00:03:13.563298,0.010764236013730078,3.42961079489487,78.91305021174706,46.431764750098004,0.009569508337727876,2.328670127015952e-06,193.56316974991933,41,COMPLETE
4904,30.925912948734368,1.4464245909829947,2026-10-06 04:01:22.552643,2026-10-06 04:04:34.208495,0 days 00:03:11.655852,0.038679864322452,1.0100598856645617,78.91305021174706,1.2158795416970993,0.009569508337727876,2.328670127015952e-06,191.65576196275651,41,COMPLETE
4905,21.138252692323043,17.482840606389406,2026-10-06 04:01:22.556632,2026-10-06 04:04:34.179509,0 days 00:03:11.622877,0.19189241237051688,1.8054001832365776,18.146092943695113,23.9773241616074,0.008698017554316196,2.328670127015952e-06,191.62278623785824,41,COMPLETE
4906,31.342636246855413,18.69315893146779,2026-10-06 04:01:22.560631,2026-10-06 04:04:34.658359,0 days 00:03:12.097728,0.17534157142392734,1.8054001832365776,78.91305021174706,7.14008749932051,0.008698017554316196,2.328670127015952e-06,192.09764268668368,41,COMPLETE
4907,24.353176659223422,1.8174056553596558,2026-10-06 04:01:22.564627,2026-10-06 04:04:33.277707,0 days 00:03:10.713080,0.17534157142392734,10.215586822253426,78.91305021174706,12.025559114678314,0.008698017554316196,2.328670127015952e-06,190.71299539133906,41,COMPLETE
4908,29.682011176707398,23.99347379690055,2026-10-06 04:01:22.604643,2026-10-06 04:04:36.635194,0 days 00:03:14.030551,0.22031827582514427,2.5826334477054016,78.91305021174706,45.605935248059524,0.009569508337727876,2.328670127015952e-06,194.03042350709438,41,COMPLETE
4909,27.772946221833042,1.492385536859773,2026-10-06 04:01:22.740827,2026-10-06 04:04:32.395145,0 days 00:03:09.654318,0.17534157142392734,6.28879905307643,78.91305021174706,6.182683349256731,0.008698017554316196,2.328670127015952e-06,189.65421358775347,41,COMPLETE
4910,16.911636243966484,1.8730630601819558,2026-10-06 04:01:22.748642,2026-10-06 04:04:31.533502,0 days 00:03:08.784860,0.17534157142392734,1.8054001832365776,78.91305021174706,18.49957504695779,0.009569508337727876,2.2368911246081042,188.78477013204247,41,COMPLETE
4911,30.935633493751475,21.183231084813062,2026-10-06 04:01:23.912856,2026-10-06 04:04:34.641009,0 days 00:03:10.728153,0.19189241237051688,1.8054001832365776,78.91305021174706,12.025559114678314,0.008698017554316196,2.328670127015952e-06,190.72805557819083,41,COMPLETE
4912,,,2026-10-06 04:01:24.100843,2026-10-06 04:01:24.886734,0 days 00:00:00.785891,0.48967816666395225,6.28879905307643,78.91305021174706,11.946021567676175,0.0015050272443345853,,,41,PRUNED
4913,,,2026-10-06 04:01:24.564696,2026-10-06 04:01:25.430772,0 days 00:00:00.866076,0.3344269052510032,1.8054001832365776,78.91305021174706,18.49957504695779,0.0037743401764213673,,,41,PRUNED
4914,31.041066994316726,19.4424809458482,2026-10-06 04:01:25.148689,2026-10-06 04:04:33.646151,0 days 00:03:08.497462,0.18472274745078338,1.8054001832365776,78.91305021174706,16.966954115393197,0.009569508337727876,2.328670127015952e-06,188.49734667968005,41,COMPLETE
4915,14.011927948455394,1.236380570710308,2026-10-06 04:01:25.584694,2026-10-06 04:04:36.332783,0 days 00:03:10.748089,0.043298513022895176,6.28879905307643,80.97346391189345,53.19831855856638,0.009569508337727876,2.328670127015952e-06,190.74796529393643,41,COMPLETE
4916,31.45379482479829,18.073841720567764,2026-10-06 04:01:53.410681,2026-10-06 04:05:06.502353,0 days 00:03:13.091672,0.17534157142392734,1.8054001832365776,78.91305021174706,6.182683349256731,0.008698017554316196,2.328670127015952e-06,193.0915478831157,41,COMPLETE
4917,,,2026-10-06 04:01:57.965660,2026-10-06 04:01:58.315261,0 days 00:00:00.349601,0.14472486883161542,1.0100598856645617,78.91305021174706,18.49957504695779,0.004404117389897426,,,41,PRUNED
4918,,,2026-10-06 04:01:58.753698,2026-10-06 04:01:59.550762,0 days 00:00:00.797064,0.17534157142392734,1.8054001832365776,78.91305021174706,18.49957504695779,0.00694240710937777,,,41,PRUNED
4919,30.39822195450689,23.21785380276433,2026-10-06 04:01:59.922835,2026-10-06 04:05:08.777609,0 days 00:03:08.854774,0.22031827582514427,1.8054001832365776,78.91305021174706,35.397938808104236,0.009569508337727876,1.0746247031029727e-06,188.85464832512662,41,COMPLETE
4920,29.285396724365864,13.592700233326767,2026-10-06 04:02:30.762856,2026-10-06 04:05:42.334423,0 days 00:03:11.571567,0.3498416987858113,1.0100598856645617,78.91305021174706,7.704673657496365,0.009569508337727876,2.328670127015952e-06,191.57143529877067,41,COMPLETE
4921,12.35836447395967,5.077079323492125,2026-10-06 04:02:37.052669,2026-10-06 04:05:49.876423,0 days 00:03:12.823754,0.18472274745078338,1.8054001832365776,2.8789941657363296,18.49957504695779,0.009569508337727876,1.4671267453130232e-06,192.82363670226187,41,COMPLETE
4922,17.667413736615377,1.2798409256867296,2026-10-06 04:03:14.539940,2026-10-06 04:06:28.399413,0 days 00:03:13.859473,0.17534157142392734,2.8736641227508257,78.91305021174706,12.025559114678314,0.03463343903868386,3.1537416531684683,193.85934745986015,41,COMPLETE
4923,0.09146109013227444,1.169006583622246,2026-10-06 04:04:26.804714,2026-10-06 04:07:40.178195,0 days 00:03:13.373481,0.4425692955842999,1.8054001832365776,78.91305021174706,18.49957504695779,0.008698017554316196,2.8291379300858104,193.3733504298143,41,COMPLETE
4924,31.99753294212412,14.469989622292536,2026-10-06 04:04:26.926867,2026-10-06 04:07:37.869434,0 days 00:03:10.942567,0.17534157142392734,1.8054001832365776,78.91305021174706,4.949274479107639,0.009569508337727876,2.328670127015952e-06,190.9424272007309,41,COMPLETE
4925,32.79561212074735,3.2790880269789735,2026-10-06 04:04:27.016689,2026-10-06 04:07:40.239504,0 days 00:03:13.222815,0.17534157142392734,1.0100598856645617,78.91305021174706,6.182683349256731,0.03463343903868386,1.2446212784745538e-06,193.2227147370577,41,COMPLETE
4926,31.45379482479829,18.073841720567764,2026-10-06 04:04:27.453746,2026-10-06 04:07:42.732806,0 days 00:03:15.279060,0.17534157142392734,1.8054001832365776,78.91305021174706,6.182683349256731,0.008698017554316196,2.328670127015952e-06,195.27895860094577,41,COMPLETE
4927,30.391873604219334,22.8245018332988,2026-10-06 04:04:27.457461,2026-10-06 04:07:39.691590,0 days 00:03:12.234129,0.18472274745078338,1.8054001832365776,78.91305021174706,26.24489873044927,0.008698017554316196,2.328670127015952e-06,192.23400507774204,41,COMPLETE
4928,31.613661954016514,16.929561001183473,2026-10-06 04:04:28.220876,2026-10-06 04:07:42.193391,0 days 00:03:13.972515,0.14472486883161542,1.8054001832365776,78.91305021174706,4.949274479107639,0.008698017554316196,1.2446212784745538e-06,193.9723875960335,41,COMPLETE
4929,27.72760046391486,13.347610068311369,2026-10-06 04:04:28.224647,2026-10-06 04:07:40.227438,0 days 00:03:12.002791,0.39243051513058846,1.0100598856645617,78.91305021174706,7.14008749932051,0.009569508337727876,2.328670127015952e-06,192.00268440740183,41,COMPLETE
4930,32.28022269008473,14.079872998578233,2026-10-06 04:04:28.228629,2026-10-06 04:07:41.786986,0 days 00:03:13.558357,0.11816812965117938,1.0100598856645617,78.91305021174706,18.49957504695779,0.009569508337727876,1.4671267453130232e-06,193.55826954497024,41,COMPLETE
4931,30.150803995185118,19.159792650300954,2026-10-06 04:04:28.232635,2026-10-06 04:07:41.458546,0 days 00:03:13.225911,0.22031827582514427,1.8054001832365776,80.97346391189345,40.2862337213893,0.009569508337727876,2.522978795315106e-05,193.22574189398438,41,COMPLETE
4932,24.3462131769697,21.882702059766316,2026-10-06 04:04:28.629679,2026-10-06 04:07:44.570363,0 days 00:03:15.940684,0.48967816666395225,3.42961079489487,75.47452351183212,12.025559114678314,0.009569508337727876,1.2446212784745538e-06,195.9405617620796,41,COMPLETE
4933,8.709609445225885,2.6198462125730533,2026-10-06 04:04:28.817681,2026-10-06 04:07:41.734526,0 days 00:03:12.916845,0.20413614297547691,3.42961079489487,2.3752081212116263,46.431764750098004,0.013566659963288073,1.2446212784745538e-06,192.91673761839047,41,COMPLETE
4934,27.692688024791106,13.73049453417768,2026-10-06 04:04:29.108699,2026-10-06 04:07:39.275592,0 days 00:03:10.166893,0.22031827582514427,2.5826334477054016,78.91305021174706,18.49957504695779,0.009569508337727876,0.0024808104065950484,190.16676161298528,41,COMPLETE
4935,18.25558594614746,1.2257178707472836,2026-10-06 04:04:29.764685,2026-10-06 04:07:44.350938,0 days 00:03:14.586253,0.17534157142392734,1.8054001832365776,78.91305021174706,1.101873799818579,0.008698017554316196,0.6561904027539782,194.58616493782029,41,COMPLETE
4936,26.555480073109322,12.498751909938111,2026-10-06 04:04:29.860114,2026-10-06 04:07:44.333979,0 days 00:03:14.473865,0.17534157142392734,1.0100598856645617,24.27583575577445,7.14008749932051,0.009569508337727876,1.4671267453130232e-06,194.47377291787416,41,COMPLETE
4937,31.936415503616455,12.666282321680944,2026-10-06 04:04:30.111657,2026-10-06 04:07:44.273892,0 days 00:03:14.162235,0.14472486883161542,1.8054001832365776,73.0013645663375,2.5931783094816834,0.008698017554316196,2.328670127015952e-06,194.16213693097234,41,COMPLETE
4938,23.400002483553532,1.2615277473803252,2026-10-06 04:04:30.304700,2026-10-06 04:07:41.131048,0 days 00:03:10.826348,0.06441798531902292,2.460560334153197,78.91305021174706,18.49957504695779,0.0695646779688008,2.328670127015952e-06,190.8262298218906,41,COMPLETE
4939,30.659221497187723,22.80057748061564,2026-10-06 04:04:30.530667,2026-10-06 04:07:42.968545,0 days 00:03:12.437878,0.19189241237051688,1.8054001832365776,78.91305021174706,18.49957504695779,0.008698017554316196,1.4671267453130232e-06,192.43775526806712,41,COMPLETE
4940,29.54622418740371,1.459614066199714,2026-10-06 04:04:30.572899,2026-10-06 04:07:41.361604,0 days 00:03:10.788705,0.17534157142392734,1.8054001832365776,78.91305021174706,6.182683349256731,0.0768292977077206,2.328670127015952e-06,190.78860443690792,41,COMPLETE
4941,25.48666552471575,9.439882101566155,2026-10-06 04:04:30.850672,2026-10-06 04:07:41.783393,0 days 00:03:10.932721,0.48967816666395225,3.42961079489487,78.91305021174706,1.4351538921892046,0.009569508337727876,1.4671267453130232e-06,190.93261692719534,41,COMPLETE
4942,30.931103762185614,18.56858504055378,2026-10-06 04:04:30.882651,2026-10-06 04:07:43.177309,0 days 00:03:12.294658,0.14472486883161542,1.0100598856645617,78.91305021174706,53.19831855856638,0.009569508337727876,1.4671267453130232e-06,192.2945297760889,41,COMPLETE
4943,30.61814468222646,1.5598971018172105,2026-10-06 04:04:31.418689,2026-10-06 04:07:42.689461,0 days 00:03:11.270772,0.016244811632887973,1.0100598856645617,78.91305021174706,12.025559114678314,0.009569508337727876,1.4671267453130232e-06,191.27067204890773,41,COMPLETE
4944,32.09362789436545,14.682751292518983,2026-10-06 04:04:31.533799,2026-10-06 04:07:43.236576,0 days 00:03:11.702777,0.17534157142392734,1.0100598856645617,78.91305021174706,12.025559114678314,0.009569508337727876,1.2446212784745538e-06,191.70255826506764,41,COMPLETE
4945,14.787324211225286,1.283148617971348,2026-10-06 04:04:31.964848,2026-10-06 04:07:42.592511,0 days 00:03:10.627663,0.17534157142392734,1.8054001832365776,10.358755516803521,6.182683349256731,0.09428372944941843,2.328670127015952e-06,190.62756489869207,41,COMPLETE
4946,21.71126505167497,34.64589212283317,2026-10-06 04:04:32.060686,2026-10-06 04:07:43.973560,0 days 00:03:11.912874,0.48967816666395225,6.28879905307643,78.91305021174706,53.19831855856638,0.009569508337727876,2.328670127015952e-06,191.91277688229457,41,COMPLETE
4947,9.157134173103547,9.589355371288272,2026-10-06 04:04:32.100659,2026-10-06 04:07:43.759379,0 days 00:03:11.658720,0.17534157142392734,1.0100598856645617,1.958287862502633,7.14008749932051,0.0015552683237610408,2.328670127015952e-06,191.65861886600032,41,COMPLETE
4948,32.354978145422834,8.018597679855716,2026-10-06 04:04:32.122656,2026-10-06 04:07:44.251634,0 days 00:03:12.128978,0.14472486883161542,1.0100598856645617,78.91305021174706,18.49957504695779,0.01735860074650201,2.8294551216568265e-06,192.12887869542465,41,COMPLETE
4949,28.443316584898923,14.408119374603883,2026-10-06 04:04:32.274679,2026-10-06 04:07:45.517424,0 days 00:03:13.242745,0.17534157142392734,1.8054001832365776,37.63740303474294,4.949274479107639,0.008698017554316196,2.328670127015952e-06,193.24262044485658,41,COMPLETE
4950,24.366286116334855,19.66257679228438,2026-10-06 04:04:32.713882,2026-10-06 04:07:44.744537,0 days 00:03:12.030655,0.48480307501533615,1.0100598856645617,78.91305021174706,46.431764750098004,0.009569508337727876,1.2446212784745538e-06,192.0305532910861,41,COMPLETE
4951,32.041437532534815,14.626088721426392,2026-10-06 04:04:32.717635,2026-10-06 04:07:45.017758,0 days 00:03:12.300123,0.14472486883161542,1.0100598856645617,78.91305021174706,18.49957504695779,0.009569508337727876,2.328670127015952e-06,192.30000879010186,41,COMPLETE
4952,30.812654365062777,19.924953330603923,2026-10-06 04:04:32.721628,2026-10-06 04:07:52.795483,0 days 00:03:20.073855,0.22031827582514427,1.8054001832365776,78.91305021174706,16.946559757153207,0.009569508337727876,2.328670127015952e-06,200.0737109100446,41,COMPLETE
4953,19.06057617342984,2.3193772129419665,2026-10-06 04:04:32.725637,2026-10-06 04:07:44.489383,0 days 00:03:11.763746,0.9659801074455017,1.0100598856645617,78.91305021174706,2.5931783094816834,0.03195614685429942,2.328670127015952e-06,191.76365379383788,41,COMPLETE
4954,28.658491920107515,17.888139294057154,2026-10-06 04:04:32.729627,2026-10-06 04:07:46.278974,0 days 00:03:13.549347,0.17534157142392734,3.42961079489487,78.91305021174706,35.397938808104236,0.008698017554316196,0.002751389835158378,193.54926547501236,41,COMPLETE
4955,32.72069338695389,10.000163690789297,2026-10-06 04:04:32.733630,2026-10-06 04:07:46.251302,0 days 00:03:13.517672,0.14472486883161542,1.0100598856645617,78.91305021174706,2.5931783094816834,0.009569508337727876,2.328670127015952e-06,193.51758382935077,41,COMPLETE
4956,17.76138615524824,11.727546381569123,2026-10-06 04:04:33.190697,2026-10-06 04:07:43.536573,0 days 00:03:10.345876,0.17534157142392734,1.8054001832365776,8.780477052899327,18.49957504695779,0.008698017554316196,1.4671267453130232e-06,190.34563109325245,41,COMPLETE
4957,29.52048957179059,9.381466783047287,2026-10-06 04:04:33.230962,2026-10-06 04:07:48.674828,0 days 00:03:15.443866,0.22031827582514427,3.42961079489487,78.91305021174706,2.93658357673507,0.009569508337727876,1.4671267453130232e-06,195.4437630106695,41,COMPLETE
4958,32.16091695595543,13.84633000180404,2026-10-06 04:04:33.281656,2026-10-06 04:07:41.837790,0 days 00:03:08.556134,0.17534157142392734,1.8054001832365776,78.91305021174706,3.573975380809977,0.009569508337727876,1.4671267453130232e-06,188.55604493618011,41,COMPLETE
4959,31.28628188906389,19.00327719323779,2026-10-06 04:04:33.302809,2026-10-06 04:07:41.812079,0 days 00:03:08.509270,0.17534157142392734,1.8054001832365776,78.91305021174706,7.704673657496365,0.008698017554316196,2.328670127015952e-06,188.5091841649264,41,COMPLETE
4960,18.86713571734358,12.06661396633629,2026-10-06 04:04:33.306636,2026-10-06 04:07:44.875392,0 days 00:03:11.568756,0.17534157142392734,1.8054001832365776,9.552852487794617,7.14008749932051,0.008698017554316196,1.4671267453130232e-06,191.56867452897131,41,COMPLETE
4961,31.82632862020902,16.1371655868811,2026-10-06 04:04:33.310630,2026-10-06 04:07:44.287146,0 days 00:03:10.976516,0.17534157142392734,1.8054001832365776,78.91305021174706,6.182683349256731,0.009569508337727876,1.4671267453130232e-06,190.9764266749844,41,COMPLETE
4962,,,2026-10-06 04:04:33.314629,2026-10-06 04:04:34.050622,0 days 00:00:00.735993,0.35349415915446786,1.8054001832365776,78.91305021174706,53.19831855856638,0.008698017554316196,,,41,PRUNED
4963,16.04028091456818,1.178256863270133,2026-10-06 04:04:33.326631,2026-10-06 04:07:44.486350,0 days 00:03:11.159719,0.010043516174720888,3.42961079489487,20.66214942337345,4.275737886852608,0.009569508337727876,14.048459513311407,191.159613491036,41,COMPLETE
4964,4.038644173067275,1.5474428671336582,2026-10-06 04:04:33.661676,2026-10-06 04:07:46.305436,0 days 00:03:12.643760,0.14472486883161542,25.800071481490413,2.785987147973415,18.49957504695779,0.009569508337727876,80.07026405407845,192.64366557495669,41,COMPLETE
4965,30.957850901395993,7.31433646508268,2026-10-06 04:04:34.179816,2026-10-06 04:07:48.846837,0 days 00:03:14.667021,0.22031827582514427,2.5826334477054016,78.91305021174706,38.52680789958333,0.03463343903868386,1.2446212784745538e-06,194.66691249096766,41,COMPLETE
4966,32.042942473321276,14.79915405855096,2026-10-06 04:04:34.208782,2026-10-06 04:07:46.285187,0 days 00:03:12.076405,0.14472486883161542,1.0100598856645617,78.91305021174706,18.49957504695779,0.009569508337727876,2.108934163128921e-06,192.0763246160932,41,COMPLETE
4967,20.17798938845694,13.29091335410679,2026-10-06 04:04:34.216806,2026-10-06 04:07:48.045044,0 days 00:03:13.828238,0.17534157142392734,1.8054001832365776,12.139606929253272,12.504321454733395,0.009569508337727876,2.108934163128921e-06,193.8281249171123,41,COMPLETE
4968,31.211560725471696,19.934388063538496,2026-10-06 04:04:34.220639,2026-10-06 04:07:48.892787,0 days 00:03:14.672148,0.18472274745078338,1.2441264242258299,78.91305021174706,16.966954115393197,0.008698017554316196,2.328670127015952e-06,194.67204294912517,41,COMPLETE
4969,17.318970561347918,1.1611470111680589,2026-10-06 04:04:34.508692,2026-10-06 04:07:45.963878,0 days 00:03:11.455186,0.05227287248948504,3.42961079489487,80.97346391189345,46.431764750098004,0.096391145062121,2.328670127015952e-06,191.4550554328598,41,COMPLETE
4970,32.943718155366795,4.918428754632049,2026-10-06 04:04:34.524665,2026-10-06 04:07:47.965485,0 days 00:03:13.440820,0.06441798531902292,1.0100598856645617,78.91305021174706,2.5931783094816834,0.009569508337727876,2.328670127015952e-06,193.44069012301043,41,COMPLETE
4971,24.88939018965201,13.793624335923935,2026-10-06 04:04:34.540634,2026-10-06 04:07:44.755575,0 days 00:03:10.214941,0.48480307501533615,1.8054001832365776,78.91305021174706,5.94391437239187,0.009569508337727876,2.328670127015952e-06,190.2148511139676,41,COMPLETE
4972,32.04598411423736,15.419411774086326,2026-10-06 04:04:34.578648,2026-10-06 04:07:44.338896,0 days 00:03:09.760248,0.14472486883161542,1.0100598856645617,78.91305021174706,18.49957504695779,0.009569508337727876,1.4671267453130232e-06,189.760165956337,41,COMPLETE
4973,28.48904364357104,22.837297107317358,2026-10-06 04:04:34.662648,2026-10-06 04:07:45.990524,0 days 00:03:11.327876,0.17534157142392734,3.42961079489487,78.91305021174706,38.52680789958333,0.008698017554316196,2.328670127015952e-06,191.32776992721483,41,COMPLETE
