number,values_0,values_1,datetime_start,datetime_complete,duration,params_c_val,params_input_force,params_k_between_val,params_k_wall_val,params_m_val,params_ridge_alpha,user_attrs_duration_sec,system_attrs_NSGAIISampler:generation,state
5056,30.03850317911418,23.292977187481625,2026-10-06 04:09:41.554688,2026-10-06 04:12:52.700219,0 days 00:03:11.145531,0.2918907020150273,2.5826334477054016,80.97346391189345,15.382666136782571,0.009569508337727876,1.4671267453130232e-06,191.14540081471205,42,COMPLETE
5057,24.464035686385422,26.18847698701406,2026-10-06 04:10:50.272703,2026-10-06 04:14:03.857914,0 days 00:03:13.585211,0.48967816666395225,3.42961079489487,78.91305021174706,18.49957504695779,0.009569508337727876,1.4671267453130232e-06,193.58507400006056,42,COMPLETE
5058,32.261058419803554,14.228764154474103,2026-10-06 04:10:51.217701,2026-10-06 04:14:05.801957,0 days 00:03:14.584256,0.12042012856440677,1.0100598856645617,78.91305021174706,18.49957504695779,0.009569508337727876,1.4671267453130232e-06,194.5841265921481,42,COMPLETE
5059,31.48683595291331,9.032726661059876,2026-10-06 04:10:51.844087,2026-10-06 04:14:05.561889,0 days 00:03:13.717802,0.06764942585811427,1.8054001832365776,78.91305021174706,18.49957504695779,0.009569508337727876,1.4671267453130232e-06,193.71766904974356,42,COMPLETE
5060,32.041437532534815,14.626088721426392,2026-10-06 04:10:51.851660,2026-10-06 04:14:06.536574,0 days 00:03:14.684914,0.14472486883161542,1.0100598856645617,78.91305021174706,18.49957504695779,0.009569508337727876,2.328670127015952e-06,194.6847921530716,42,COMPLETE
5061,31.591371599429987,10.711018442590976,2026-10-06 04:10:52.721699,2026-10-06 04:14:05.173553,0 days 00:03:12.451854,0.17534157142392734,1.8054001832365776,78.91305021174706,7.14008749932051,0.015365013462755163,1.4671267453130232e-06,192.45171478996053,42,COMPLETE
5062,30.34463475912137,1.2567899426714613,2026-10-06 04:10:53.167828,2026-10-06 04:14:03.505387,0 days 00:03:10.337559,0.022371308232848462,1.0100598856645617,78.91305021174706,1.8595260298536735,0.009569508337727876,2.328670127015952e-06,190.3374262796715,42,COMPLETE
5063,31.10938935153049,18.661864537917417,2026-10-06 04:10:53.395689,2026-10-06 04:14:10.540096,0 days 00:03:17.144407,0.17534157142392734,1.0100598856645617,78.91305021174706,34.78933512391936,0.009569508337727876,1.4671267453130232e-06,197.14427833305672,42,COMPLETE
5064,31.70768427556762,5.781450646519018,2026-10-06 04:10:54.064704,2026-10-06 04:14:06.549553,0 days 00:03:12.484849,0.19189241237051688,1.8054001832365776,78.91305021174706,8.670749246801421,0.026776261075463124,2.328670127015952e-06,192.48471025237814,42,COMPLETE
5065,32.28524680622071,13.508724345230107,2026-10-06 04:10:54.432976,2026-10-06 04:14:10.712813,0 days 00:03:16.279837,0.11816812965117938,1.0100598856645617,78.91305021174706,18.49957504695779,0.009569508337727876,2.328670127015952e-06,196.27973882155493,42,COMPLETE
5066,29.211915514639486,22.245705052467866,2026-10-06 04:10:54.448784,2026-10-06 04:14:09.033291,0 days 00:03:14.584507,0.18472274745078338,3.42961079489487,78.91305021174706,53.19831855856638,0.009569508337727876,2.328670127015952e-06,194.58438084926456,42,COMPLETE
5067,28.40091584693864,19.89721180735204,2026-10-06 04:10:54.968171,2026-10-06 04:14:06.445218,0 days 00:03:11.477047,0.35349415915446786,1.0100598856645617,78.91305021174706,53.19831855856638,0.009569508337727876,1.4671267453130232e-06,191.47691564587876,42,COMPLETE
5068,27.43543217855456,4.642101782276795,2026-10-06 04:10:54.971555,2026-10-06 04:14:10.435859,0 days 00:03:15.464304,0.17534157142392734,37.90807670844049,78.91305021174706,6.182683349256731,0.009569508337727876,0.01176676231328412,195.464194371365,42,COMPLETE
5069,0.10323436864494995,1.2190396508355583,2026-10-06 04:10:55.124906,2026-10-06 04:14:08.683628,0 days 00:03:13.558722,0.48967816666395225,1.0100598856645617,78.91305021174706,4.949274479107639,0.008698017554316196,2.328670127015952e-06,193.55862800590694,42,COMPLETE
5070,29.421103744086672,2.298287942253789,2026-10-06 04:10:55.268708,2026-10-06 04:14:08.049542,0 days 00:03:12.780834,0.027485154422771964,1.8054001832365776,78.91305021174706,18.49957504695779,0.008698017554316196,1.4671267453130232e-06,192.78071657987311,42,COMPLETE
5071,23.375232136126392,32.287505094854964,2026-10-06 04:10:55.300819,2026-10-06 04:14:12.287192,0 days 00:03:16.986373,0.48967816666395225,3.42961079489487,78.91305021174706,53.19831855856638,0.009569508337727876,1.4671267453130232e-06,196.9862565412186,42,COMPLETE
5072,32.04598411423736,15.419411774086326,2026-10-06 04:10:55.711674,2026-10-06 04:14:09.844500,0 days 00:03:14.132826,0.14472486883161542,1.0100598856645617,78.91305021174706,18.49957504695779,0.009569508337727876,1.4671267453130232e-06,194.13273784378543,42,COMPLETE
5073,26.442924965585878,5.1574478851606385,2026-10-06 04:10:56.201682,2026-10-06 04:14:09.702572,0 days 00:03:13.500890,0.17534157142392734,43.22871113869142,78.91305021174706,7.736119570303303,0.009569508337727876,1.2446212784745538e-06,193.50079347984865,42,COMPLETE
5074,11.623823872109691,7.100724345560322,2026-10-06 04:10:56.387845,2026-10-06 04:14:11.622037,0 days 00:03:15.234192,0.33359848080892557,1.8054001832365776,4.110833352049789,12.025559114678314,0.009569508337727876,2.328670127015952e-06,195.23409320181236,42,COMPLETE
5075,32.317573581173825,13.20391233507132,2026-10-06 04:10:56.426650,2026-10-06 04:14:11.580537,0 days 00:03:15.153887,0.14472486883161542,1.0100598856645617,78.91305021174706,4.949274479107639,0.008698017554316196,1.4671267453130232e-06,195.15376883000135,42,COMPLETE
5076,28.071969435157417,1.3173952643341322,2026-10-06 04:10:56.430639,2026-10-06 04:14:08.629393,0 days 00:03:12.198754,0.19189241237051688,1.0100598856645617,90.12025544014779,18.49957504695779,0.009569508337727876,2.328670127015952e-06,192.19866311503574,42,COMPLETE
5077,16.44224996472176,1.2607197784173414,2026-10-06 04:10:56.596689,2026-10-06 04:14:10.059099,0 days 00:03:13.462410,0.14472486883161542,1.0100598856645617,62.45148362403052,4.949274479107639,0.009569508337727876,2.221681549481862,193.46232652384788,42,COMPLETE
5078,24.391911238957043,27.998498316369663,2026-10-06 04:10:56.617884,2026-10-06 04:14:12.688476,0 days 00:03:16.070592,0.3401090828369047,3.42961079489487,60.82956212125516,45.605935248059524,0.009569508337727876,1.4671267453130232e-06,196.07047213381156,42,COMPLETE
5079,33.06413822261091,2.894066365459814,2026-10-06 04:10:56.761680,2026-10-06 04:14:11.288113,0 days 00:03:14.526433,0.14472486883161542,1.0100598856645617,78.91305021174706,7.14008749932051,0.03463343903868386,1.2446212784745538e-06,194.52634408976883,42,COMPLETE
5080,,,2026-10-06 04:10:56.789661,2026-10-06 04:10:57.282690,0 days 00:00:00.493029,0.17534157142392734,1.0100598856645617,78.91305021174706,18.49957504695779,0.004476158050174635,,,42,PRUNED
5081,,,2026-10-06 04:10:56.797648,2026-10-06 04:10:58.787702,0 days 00:00:01.990054,0.22031827582514427,1.0100598856645617,78.91305021174706,35.397938808104236,0.0054332627035624135,,,42,PRUNED
5082,31.953964982597835,15.717190788056003,2026-10-06 04:10:56.931679,2026-10-06 04:14:09.039967,0 days 00:03:12.108288,0.14472486883161542,1.0100598856645617,78.91305021174706,12.025559114678314,0.008698017554316196,2.328670127015952e-06,192.10817390214652,42,COMPLETE
5083,32.72069338695389,10.000163690789297,2026-10-06 04:10:57.313389,2026-10-06 04:14:09.855711,0 days 00:03:12.542322,0.14472486883161542,1.0100598856645617,78.91305021174706,2.5931783094816834,0.009569508337727876,2.328670127015952e-06,192.54223686037585,42,COMPLETE
5084,24.638260512195032,4.471778919064625,2026-10-06 04:10:57.316653,2026-10-06 04:14:10.176193,0 days 00:03:12.859540,0.14472486883161542,43.55321326951052,78.91305021174706,12.025559114678314,0.009569508337727876,1.4671267453130232e-06,192.85942800110206,42,COMPLETE
5085,10.97457245853369,5.122743978580035,2026-10-06 04:10:57.375686,2026-10-06 04:14:07.723585,0 days 00:03:10.347899,0.5293830283327665,2.5826334477054016,5.177003042206773,6.182683349256731,0.009569508337727876,2.328670127015952e-06,190.3477835333906,42,COMPLETE
5086,25.109220962951067,9.906114804953727,2026-10-06 04:10:57.406649,2026-10-06 04:14:07.879775,0 days 00:03:10.473126,0.3401090828369047,1.8054001832365776,78.91305021174706,45.605935248059524,0.022276625378651382,0.0004377385420958644,190.4730161256157,42,COMPLETE
5087,,,2026-10-06 04:10:57.510654,2026-10-06 04:10:58.528734,0 days 00:00:01.018080,0.19189241237051688,3.42961079489487,78.91305021174706,7.14008749932051,0.005556897090340485,,,42,PRUNED
5088,2.9998446372282053,2.925117064872653,2026-10-06 04:10:57.625869,2026-10-06 04:14:05.735513,0 days 00:03:08.109644,0.7677640263474793,18.735397712135786,27.067148557804735,46.431764750098004,0.012242198659097559,1.4671267453130232e-06,188.10954143758863,42,COMPLETE
5089,20.802283275596753,4.243293944815585,2026-10-06 04:10:57.764681,2026-10-06 04:14:11.934350,0 days 00:03:14.169669,0.06441798531902292,2.5826334477054016,12.01440964434033,45.605935248059524,0.009569508337727876,2.328670127015952e-06,194.16954743303359,42,COMPLETE
5090,27.747688452785205,27.492021238119694,2026-10-06 04:10:57.972938,2026-10-06 04:14:11.275671,0 days 00:03:13.302733,0.3401090828369047,2.5826334477054016,80.97346391189345,40.29115295108787,0.009569508337727876,2.328670127015952e-06,193.30264464300126,42,COMPLETE
5091,30.933702157996528,18.217454258895053,2026-10-06 04:10:58.017664,2026-10-06 04:14:10.053281,0 days 00:03:12.035617,0.14472486883161542,1.0100598856645617,78.91305021174706,53.19831855856638,0.009569508337727876,2.328670127015952e-06,192.03552635433152,42,COMPLETE
5092,31.046490546211476,19.833103993992136,2026-10-06 04:10:58.045813,2026-10-06 04:14:09.746807,0 days 00:03:11.700994,0.17534157142392734,1.8054001832365776,78.91305021174706,18.49957504695779,0.009569508337727876,1.2446212784745538e-06,191.70089659420773,42,COMPLETE
5093,28.89717688980017,23.77326497933692,2026-10-06 04:10:58.048530,2026-10-06 04:14:06.455247,0 days 00:03:08.406717,0.22031827582514427,1.8054001832365776,78.91305021174706,98.81192459603392,0.009569508337727876,1.4671267453130232e-06,188.40660966513678,42,COMPLETE
5094,0.16436394405543697,1.2040689698522056,2026-10-06 04:10:58.051629,2026-10-06 04:14:09.825731,0 days 00:03:11.774102,0.17534157142392734,1.8054001832365776,78.91305021174706,7.14008749932051,0.008260831422419092,2.328670127015952e-06,191.7740184753202,42,COMPLETE
5095,30.659221497187723,22.80057748061564,2026-10-06 04:10:58.510855,2026-10-06 04:14:12.087852,0 days 00:03:13.576997,0.19189241237051688,1.8054001832365776,78.91305021174706,18.49957504695779,0.008698017554316196,1.4671267453130232e-06,193.57688818126917,42,COMPLETE
5096,33.15072549952123,3.438517429646824,2026-10-06 04:10:58.940687,2026-10-06 04:14:11.784939,0 days 00:03:12.844252,0.14472486883161542,1.0100598856645617,78.91305021174706,12.025559114678314,0.03463343903868386,1.2446212784745538e-06,192.84412884293124,42,COMPLETE
5097,17.190436639695456,9.909886518326552,2026-10-06 04:10:58.948647,2026-10-06 04:14:13.292977,0 days 00:03:14.344330,0.48967816666395225,41.32680481311085,78.91305021174706,18.49957504695779,0.009569508337727876,1.4671267453130232e-06,194.34423440461978,42,COMPLETE
5098,31.091430243059513,18.3373371403493,2026-10-06 04:10:58.965221,2026-10-06 04:14:09.488992,0 days 00:03:10.523771,0.14472486883161542,1.0100598856645617,78.91305021174706,45.605935248059524,0.009569508337727876,1.2446212784745538e-06,190.5236819847487,42,COMPLETE
5099,28.04266259620016,1.6965104212219382,2026-10-06 04:10:58.968657,2026-10-06 04:14:09.460547,0 days 00:03:10.491890,0.17534157142392734,1.8054001832365776,78.91305021174706,38.52680789958333,0.08821239725211948,2.328670127015952e-06,190.49169526807964,42,COMPLETE
5100,6.099204535378883,3.25792706817392,2026-10-06 04:10:59.000643,2026-10-06 04:14:13.063539,0 days 00:03:14.062896,0.48967816666395225,3.2823367918213773,2.0622801414444654,7.704673657496365,0.0017704288288782246,0.0001772214394694392,194.06278093578294,42,COMPLETE
5101,25.436090116006305,2.91003157430291,2026-10-06 04:10:59.016637,2026-10-06 04:14:11.588511,0 days 00:03:12.571874,0.14472486883161542,3.42961079489487,78.91305021174706,45.605935248059524,0.03463343903868386,0.2739063880215026,192.57177757797763,42,COMPLETE
5102,30.33560342768226,22.800234690554696,2026-10-06 04:10:59.064656,2026-10-06 04:14:08.323136,0 days 00:03:09.258480,0.22031827582514427,1.8054001832365776,78.91305021174706,38.52680789958333,0.009569508337727876,2.328670127015952e-06,189.2583603770472,42,COMPLETE
5103,20.645024083736054,1.1797234252756077,2026-10-06 04:10:59.110547,2026-10-06 04:14:13.169493,0 days 00:03:14.058946,0.012718151610107357,1.8054001832365776,78.91305021174706,12.655982325188482,0.009569508337727876,1.4671267453130232e-06,194.05884510558099,42,COMPLETE
5104,17.978087466962982,1.342374481772409,2026-10-06 04:10:59.188674,2026-10-06 04:14:11.238846,0 days 00:03:12.050172,0.19189241237051688,1.8054001832365776,78.91305021174706,11.937383447118899,0.01938490112187016,0.6296625517904176,192.050086368341,42,COMPLETE
5105,30.368186019675164,23.74150886625968,2026-10-06 04:10:59.666701,2026-10-06 04:14:11.224466,0 days 00:03:11.557765,0.22031827582514427,1.8054001832365776,78.91305021174706,18.49957504695779,0.008698017554316196,2.328670127015952e-06,191.5576688190922,42,COMPLETE
5106,24.381908791416375,1.2094048027499742,2026-10-06 04:10:59.716825,2026-10-06 04:14:14.154902,0 days 00:03:14.438077,0.01687410800303128,1.8054001832365776,78.91305021174706,7.14008749932051,0.008698017554316196,4.8572007468818754e-06,194.43794854311273,42,COMPLETE
5107,31.78963927679527,16.27189181174433,2026-10-06 04:10:59.816717,2026-10-06 04:14:12.282200,0 days 00:03:12.465483,0.17534157142392734,1.0100598856645617,78.91305021174706,12.025559114678314,0.008698017554316196,2.328670127015952e-06,192.4653712240979,42,COMPLETE
5108,,,2026-10-06 04:11:00.100713,2026-10-06 04:11:00.542723,0 days 00:00:00.442010,0.22031827582514427,2.5826334477054016,78.91305021174706,18.49957504695779,0.002921726433334868,,,42,PRUNED
5109,31.154199777286674,19.194205450796346,2026-10-06 04:11:00.294689,2026-10-06 04:14:12.020178,0 days 00:03:11.725489,0.17534157142392734,1.8054001832365776,78.91305021174706,15.112037135272068,0.009569508337727876,1.4671267453130232e-06,191.72538455715403,42,COMPLETE
5110,31.45379482479829,18.073841720567764,2026-10-06 04:11:00.614695,2026-10-06 04:14:10.727899,0 days 00:03:10.113204,0.17534157142392734,1.8054001832365776,78.91305021174706,6.182683349256731,0.008698017554316196,2.328670127015952e-06,190.11311398399994,42,COMPLETE
5111,32.96733945243934,6.2890551229918765,2026-10-06 04:11:00.668841,2026-10-06 04:14:10.610976,0 days 00:03:09.942135,0.07551725272118867,1.0100598856645617,78.91305021174706,2.7560367597045388,0.009569508337727876,1.4671267453130232e-06,189.94201888376847,42,COMPLETE
5112,,,2026-10-06 04:11:00.672635,2026-10-06 04:11:00.863752,0 days 00:00:00.191117,0.48480307501533615,1.0100598856645617,78.91305021174706,12.025559114678314,0.003359926640681755,,,42,PRUNED
5113,21.785205436892763,34.755641803798085,2026-10-06 04:11:00.676629,2026-10-06 04:14:12.305735,0 days 00:03:11.629106,0.48480307501533615,6.28879905307643,78.91305021174706,53.19831855856638,0.009569508337727876,1.2446212784745538e-06,191.62901524733752,42,COMPLETE
5114,30.93566168680822,21.685335779995146,2026-10-06 04:11:01.091837,2026-10-06 04:14:10.289972,0 days 00:03:09.198135,0.19189241237051688,1.8054001832365776,78.91305021174706,12.025559114678314,0.008698017554316196,1.4671267453130232e-06,189.1980238542892,42,COMPLETE
5115,26.850343944879086,6.732515536813311,2026-10-06 04:11:01.569845,2026-10-06 04:14:10.006188,0 days 00:03:08.436343,0.17534157142392734,35.12817184378886,78.91305021174706,6.182683349256731,0.008698017554316196,2.328670127015952e-06,188.4362503993325,42,COMPLETE
5116,,,2026-10-06 04:11:01.573645,2026-10-06 04:11:02.706770,0 days 00:00:01.133125,0.015517100874807503,23.133591553288852,78.91305021174706,77.48224928517679,0.008698017554316196,,,42,PRUNED
5117,11.225779829049348,5.8168518250122325,2026-10-06 04:11:02.175689,2026-10-06 04:14:12.364923,0 days 00:03:10.189234,0.43907699121733706,1.8054001832365776,4.755694195906714,7.14008749932051,0.008698017554316196,2.328670127015952e-06,190.189135115128,42,COMPLETE
5118,23.47834195700374,14.130920647070782,2026-10-06 04:11:02.684691,2026-10-06 04:14:13.514089,0 days 00:03:10.829398,0.48967816666395225,1.0100598856645617,78.91305021174706,12.025559114678314,0.009569508337727876,2.328670127015952e-06,190.82929502194747,42,COMPLETE
5119,12.739603794963294,4.03329214925813,2026-10-06 04:11:02.758853,2026-10-06 04:14:09.816716,0 days 00:03:07.057863,0.17534157142392734,1.8054001832365776,2.487260137553725,4.949274479107639,0.008210683163372715,2.328670127015952e-06,187.05776991788298,42,COMPLETE
5120,31.257583512643798,18.909521115020777,2026-10-06 04:11:03.340191,2026-10-06 04:14:16.868001,0 days 00:03:13.527810,0.18067068501891428,1.8054001832365776,78.91305021174706,12.025559114678314,0.009569508337727876,1.2446212784745538e-06,193.52768210088834,42,COMPLETE
5121,31.694139043296406,16.217831299937504,2026-10-06 04:11:03.961699,2026-10-06 04:14:12.585179,0 days 00:03:08.623480,0.19189241237051688,1.8054001832365776,78.91305021174706,4.161443449793415,0.008698017554316196,2.328670127015952e-06,188.6233784398064,42,COMPLETE
5122,,,2026-10-06 04:11:32.649813,2026-10-06 04:11:33.891750,0 days 00:00:01.241937,0.48480307501533615,3.42961079489487,78.91305021174706,3.625776485971471,0.006753708424992463,,,42,PRUNED
5123,32.228599801969175,11.878919342827691,2026-10-06 04:11:34.169027,2026-10-06 04:14:46.341690,0 days 00:03:12.172663,0.17534157142392734,1.0100598856645617,78.91305021174706,2.5931783094816834,0.008698017554316196,2.328670127015952e-06,192.17253287509084,42,COMPLETE
5124,29.91689544940881,13.975333079180196,2026-10-06 04:11:36.584825,2026-10-06 04:14:49.817423,0 days 00:03:13.232598,0.14472486883161542,1.0100598856645617,46.90841903936587,12.025559114678314,0.009569508337727876,1.4671267453130232e-06,193.2324731638655,42,COMPLETE
5125,31.319311339064296,17.61202977603979,2026-10-06 04:12:08.164565,2026-10-06 04:15:22.072453,0 days 00:03:13.907888,0.14472486883161542,1.8054001832365776,78.91305021174706,7.704673657496365,0.008698017554316196,2.328670127015952e-06,193.9077518810518,42,COMPLETE
5126,29.861713652396514,23.84487530392336,2026-10-06 04:12:13.877688,2026-10-06 04:15:27.455060,0 days 00:03:13.577372,0.22031827582514427,2.5826334477054016,78.91305021174706,38.52680789958333,0.009569508337727876,1.0746247031029727e-06,193.57725237868726,42,COMPLETE
5127,17.37077829318867,18.361007915444276,2026-10-06 04:12:52.932695,2026-10-06 04:16:03.998609,0 days 00:03:11.065914,0.48967816666395225,1.8054001832365776,39.16132656328454,53.19831855856638,0.009569508337727876,1.4671267453130232e-06,191.06577784381807,42,COMPLETE
5128,31.6439381073614,16.077208721067613,2026-10-06 04:14:03.861683,2026-10-06 04:17:18.084252,0 days 00:03:14.222569,0.18472274745078338,1.8054001832365776,78.91305021174706,7.14008749932051,0.009569508337727876,2.328670127015952e-06,194.2224424108863,42,COMPLETE
5129,31.70306075701027,16.95447804751287,2026-10-06 04:14:04.080736,2026-10-06 04:17:17.015417,0 days 00:03:12.934681,0.17534157142392734,1.8054001832365776,78.91305021174706,7.14008749932051,0.009569508337727876,1.2446212784745538e-06,192.93453628616408,42,COMPLETE
5130,33.15072549952123,3.438517429646824,2026-10-06 04:14:05.597679,2026-10-06 04:17:18.714851,0 days 00:03:13.117172,0.14472486883161542,1.0100598856645617,78.91305021174706,12.025559114678314,0.03463343903868386,1.2446212784745538e-06,193.1170625500381,43,COMPLETE
5131,24.678916842511615,1.244505411156621,2026-10-06 04:14:05.731697,2026-10-06 04:17:21.987626,0 days 00:03:16.255929,0.011983269868282414,6.28879905307643,78.91305021174706,2.8654299817241706,0.009569508337727876,2.328670127015952e-06,196.25580892292783,43,COMPLETE
5132,20.897649349149837,1.2292773284919227,2026-10-06 04:14:05.743660,2026-10-06 04:17:18.006529,0 days 00:03:12.262869,0.012506400463830622,1.7880780965318093,78.91305021174706,12.025559114678314,0.009569508337727876,1.2446212784745538e-06,192.26273891469464,43,COMPLETE
5133,32.041437532534815,14.626088721426392,2026-10-06 04:14:05.892831,2026-10-06 04:17:19.388721,0 days 00:03:13.495890,0.14472486883161542,1.0100598856645617,78.91305021174706,18.49957504695779,0.009569508337727876,2.328670127015952e-06,193.4957839497365,43,COMPLETE
5134,32.186041181369504,14.750184566046366,2026-10-06 04:14:06.641702,2026-10-06 04:17:23.370354,0 days 00:03:16.728652,0.14472486883161542,1.0100598856645617,78.91305021174706,7.704673657496365,0.008698017554316196,1.4671267453130232e-06,196.72854593303055,43,COMPLETE
5135,25.25095646526296,1.2633734573111575,2026-10-06 04:14:06.963358,2026-10-06 04:17:23.302634,0 days 00:03:16.339276,0.14472486883161542,20.502278374806945,78.91305021174706,12.025559114678314,0.05649819013406208,1.2446212784745538e-06,196.33916585007682,43,COMPLETE
5136,27.983371488539508,7.24597385000917,2026-10-06 04:14:06.966647,2026-10-06 04:17:19.900644,0 days 00:03:12.933997,0.17534157142392734,1.8054001832365776,78.91305021174706,48.675485410891916,0.008698017554316196,2.328670127015952e-06,192.93389492528513,43,COMPLETE
5137,,,2026-10-06 04:14:06.970094,2026-10-06 04:14:07.326885,0 days 00:00:00.356791,0.18472274745078338,1.8054001832365776,78.91305021174706,16.966954115393197,0.001982730749944734,,,43,PRUNED
5138,26.679823557691584,2.185140543703172,2026-10-06 04:14:07.422768,2026-10-06 04:17:19.066546,0 days 00:03:11.643778,0.3401090828369047,1.8054001832365776,78.91305021174706,12.025559114678314,0.008698017554316196,1.4671267453130232e-06,191.64365713484585,43,COMPLETE
