number,values_0,values_1,datetime_start,datetime_complete,duration,params_c_val,params_input_force,params_k_between_val,params_k_wall_val,params_m_val,params_ridge_alpha,user_attrs_duration_sec,system_attrs_NSGAIISampler:generation,state
4643,31.74612813523786,4.274795697303635,2026-10-06 03:50:01.236697,2026-10-06 03:52:58.832524,0 days 00:02:57.595827,0.14472486883161542,2.5826334477054016,78.91305021174706,18.49957504695779,0.03463343903868386,2.328670127015952e-06,177.59570334898308,38,COMPLETE
4644,15.839100124817364,1.3116839936836526,2026-10-06 03:50:20.296680,2026-10-06 03:53:35.176547,0 days 00:03:14.879867,0.17534157142392734,1.0100598856645617,78.91305021174706,29.221822558165368,0.008698017554316196,4.226914068959186,194.87972920993343,38,COMPLETE
4645,26.671379481738843,29.539869652893206,2026-10-06 03:51:34.736730,2026-10-06 03:54:49.044629,0 days 00:03:14.307899,0.3401090828369047,3.42961079489487,78.91305021174706,45.605935248059524,0.009569508337727876,1.2446212784745538e-06,194.30776390107349,38,COMPLETE
4646,20.32983350285093,8.464913564968992,2026-10-06 03:51:35.398706,2026-10-06 03:54:50.402641,0 days 00:03:15.003935,0.18472274745078338,49.21306093903187,78.91305021174706,16.966954115393197,0.008698017554316196,2.328670127015952e-06,195.0038302023895,38,COMPLETE
4647,32.29813908332433,11.678739741252897,2026-10-06 03:51:35.858815,2026-10-06 03:54:51.138625,0 days 00:03:15.279810,0.14472486883161542,1.0100598856645617,69.33707937619111,4.949274479107639,0.009569508337727876,1.4671267453130232e-06,195.2797017819248,38,COMPLETE
4648,0.4677601134752941,1.1805228100328935,2026-10-06 03:51:36.200571,2026-10-06 03:54:50.820755,0 days 00:03:14.620184,0.013712029606670154,38.959547910566364,78.91305021174706,35.397938808104236,0.009569508337727876,2.328670127015952e-06,194.62006555497646,38,COMPLETE
4649,,,2026-10-06 03:51:36.259978,2026-10-06 03:51:37.275958,0 days 00:00:01.015980,0.045071649797411184,1.0100598856645617,78.91305021174706,46.431764750098004,0.0019410500940485202,,,38,PRUNED
4650,31.62605267685125,17.04516925763458,2026-10-06 03:51:36.338675,2026-10-06 03:54:50.468693,0 days 00:03:14.130018,0.17534157142392734,1.8054001832365776,78.91305021174706,4.949274479107639,0.008698017554316196,2.328670127015952e-06,194.12991676758975,38,COMPLETE
4651,30.055866918814075,16.05217039731074,2026-10-06 03:51:36.729704,2026-10-06 03:54:49.725805,0 days 00:03:12.996101,0.2918907020150273,1.0100598856645617,78.91305021174706,18.49957504695779,0.009569508337727876,1.4671267453130232e-06,192.99596837488934,39,COMPLETE
4652,,,2026-10-06 03:51:37.012699,2026-10-06 03:51:37.933764,0 days 00:00:00.921065,0.17534157142392734,1.8054001832365776,78.91305021174706,12.025559114678314,0.007147348304670888,,,39,PRUNED
4653,,,2026-10-06 03:51:37.303465,2026-10-06 03:51:38.056761,0 days 00:00:00.753296,0.3401090828369047,1.8054001832365776,78.91305021174706,45.605935248059524,0.008698017554316196,,,39,PRUNED
4654,29.011860025792373,11.798186117556181,2026-10-06 03:51:37.433701,2026-10-06 03:54:51.614827,0 days 00:03:14.181126,0.19189241237051688,1.8054001832365776,78.91305021174706,7.704673657496365,0.009569508337727876,0.0015528329550561994,194.1810204242356,39,COMPLETE
4655,,,2026-10-06 03:51:37.576847,2026-10-06 03:51:38.222721,0 days 00:00:00.645874,0.22031827582514427,2.5826334477054016,78.91305021174706,40.29115295108787,0.0012295854806187707,,,39,PRUNED
4656,21.507736379819413,1.4354069753321308,2026-10-06 03:51:37.804692,2026-10-06 03:54:50.977735,0 days 00:03:13.173043,0.22031827582514427,1.8054001832365776,78.91305021174706,46.431764750098004,0.008698017554316196,0.0022772238625178892,193.1729248999618,39,COMPLETE
4657,30.80041468455038,21.11950142722363,2026-10-06 03:51:37.811663,2026-10-06 03:54:51.577355,0 days 00:03:13.765692,0.22031827582514427,1.8054001832365776,78.91305021174706,18.49957504695779,0.009569508337727876,1.4671267453130232e-06,193.765573667828,39,COMPLETE
4658,32.80456760389605,2.7706111338171735,2026-10-06 03:51:38.081712,2026-10-06 03:54:52.203149,0 days 00:03:14.121437,0.14472486883161542,1.0100598856645617,78.91305021174706,12.025559114678314,0.04080644750822826,1.4671267453130232e-06,194.12129842489958,39,COMPLETE
4659,30.935633493751475,21.183231084813062,2026-10-06 03:51:38.672812,2026-10-06 03:54:52.793229,0 days 00:03:14.120417,0.19189241237051688,1.8054001832365776,78.91305021174706,12.025559114678314,0.008698017554316196,2.328670127015952e-06,194.12031247094274,39,COMPLETE
4660,29.09294716564157,16.535571891603187,2026-10-06 03:51:38.676640,2026-10-06 03:54:52.894121,0 days 00:03:14.217481,0.17534157142392734,1.8054001832365776,50.24151107088888,7.704673657496365,0.008698017554316196,2.328670127015952e-06,194.2173739229329,39,COMPLETE
4661,29.55244231048194,11.178349993913148,2026-10-06 03:51:38.680633,2026-10-06 03:54:49.958531,0 days 00:03:11.277898,0.2918907020150273,4.014839763781616,78.91305021174706,4.369652836258947,0.009569508337727876,2.328670127015952e-06,191.27767799422145,39,COMPLETE
4662,12.238991837099068,1.1692753820169457,2026-10-06 03:51:38.684639,2026-10-06 03:54:49.081994,0 days 00:03:10.397355,0.015575552275873988,1.8054001832365776,80.97346391189345,40.2862337213893,0.03782753838840633,0.00038851053737383906,190.3972644712776,39,COMPLETE
4663,24.239089249018853,6.077296340674527,2026-10-06 03:51:38.980898,2026-10-06 03:54:51.080503,0 days 00:03:12.099605,0.17534157142392734,46.451000004201475,78.91305021174706,12.025559114678314,0.009569508337727876,1.4671267453130232e-06,192.09950333600864,39,COMPLETE
4664,4.354416825508474,1.2643713392219145,2026-10-06 03:51:39.186676,2026-10-06 03:54:51.940451,0 days 00:03:12.753775,0.04514031614633416,6.28879905307643,1.1528021936518817,5.208888560400872,0.008698017554316196,0.5662367006899582,192.75365944113582,39,COMPLETE
4665,31.047802675323943,5.730472689370124,2026-10-06 03:51:39.353809,2026-10-06 03:54:50.240511,0 days 00:03:10.886702,0.17534157142392734,3.42961079489487,78.91305021174706,18.49957504695779,0.031697618358357035,1.4671267453130232e-06,190.88656941382214,39,COMPLETE
4666,29.857710920729073,15.583293174620607,2026-10-06 03:51:39.768852,2026-10-06 03:54:54.412507,0 days 00:03:14.643655,0.2918907020150273,1.0100598856645617,78.91305021174706,18.49957504695779,0.009569508337727876,2.328670127015952e-06,194.6435554861091,39,COMPLETE
4667,30.935633493751475,21.183231084813062,2026-10-06 03:51:39.868680,2026-10-06 03:54:51.251525,0 days 00:03:11.382845,0.19189241237051688,1.8054001832365776,78.91305021174706,12.025559114678314,0.008698017554316196,2.328670127015952e-06,191.38273924263194,39,COMPLETE
4668,33.15072549952123,3.438517429646824,2026-10-06 03:51:39.872639,2026-10-06 03:54:55.330865,0 days 00:03:15.458226,0.14472486883161542,1.0100598856645617,78.91305021174706,12.025559114678314,0.03463343903868386,1.2446212784745538e-06,195.4581255922094,39,COMPLETE
4669,,,2026-10-06 03:51:39.904786,2026-10-06 03:51:40.607711,0 days 00:00:00.702925,0.48480307501533615,3.42961079489487,78.91305021174706,7.14008749932051,0.0017108862075368826,,,39,PRUNED
4670,30.69242880259842,18.740988646413435,2026-10-06 03:51:39.925638,2026-10-06 03:54:52.905507,0 days 00:03:12.979869,0.14472486883161542,1.8054001832365776,78.91305021174706,35.397938808104236,0.009569508337727876,2.328670127015952e-06,192.9797779386863,39,COMPLETE
4671,30.889892837892795,5.555131221745834,2026-10-06 03:51:39.929637,2026-10-06 03:54:52.627219,0 days 00:03:12.697582,0.3169363683752459,1.8054001832365776,78.91305021174706,7.704673657496365,0.03633034745220786,2.328670127015952e-06,192.69746677903458,39,COMPLETE
4672,29.46615946082548,21.01890562626173,2026-10-06 03:51:39.933628,2026-10-06 03:54:49.908525,0 days 00:03:09.974897,0.19189241237051688,3.42961079489487,78.91305021174706,53.19831855856638,0.010763517372518929,1.4671267453130232e-06,189.9748012763448,39,COMPLETE
4673,12.598989721641074,1.5395547866105983,2026-10-06 03:51:40.337133,2026-10-06 03:54:52.421534,0 days 00:03:12.084401,0.9478887656711562,23.84794588244273,78.91305021174706,18.49957504695779,0.009569508337727876,1.4671267453130232e-06,192.0842834818177,39,COMPLETE
4674,31.751419508980938,11.184527924004062,2026-10-06 03:51:40.432808,2026-10-06 03:54:55.105515,0 days 00:03:14.672707,0.14472486883161542,1.8054001832365776,78.91305021174706,1.9415890936720406,0.009569508337727876,1.4671267453130232e-06,194.672597783152,39,COMPLETE
4675,18.768841402867103,1.2591957399922298,2026-10-06 03:51:40.655685,2026-10-06 03:54:56.432519,0 days 00:03:15.776834,0.14472486883161542,1.0100598856645617,78.91305021174706,7.704673657496365,0.009569508337727876,0.40452353190232737,195.7767268200405,39,COMPLETE
4676,14.986032162251263,1.4105261344221667,2026-10-06 03:51:40.692658,2026-10-06 03:54:52.704523,0 days 00:03:12.011865,0.18472274745078338,2.5826334477054016,78.91305021174706,18.49957504695779,0.008698017554316196,79.9107231353082,192.01176102319732,39,COMPLETE
4677,0.8223568443090391,1.197979415330813,2026-10-06 03:51:41.112837,2026-10-06 03:54:56.164325,0 days 00:03:15.051488,0.012007111962777641,6.28879905307643,1.165301098409015,53.19831855856638,0.02242020252597958,2.328670127015952e-06,195.05138724436983,39,COMPLETE
4678,30.70511859465459,22.162786820890595,2026-10-06 03:51:41.122661,2026-10-06 03:54:52.033219,0 days 00:03:10.910558,0.18472274745078338,1.8054001832365776,78.91305021174706,18.49957504695779,0.008698017554316196,2.328670127015952e-06,190.9104626351036,39,COMPLETE
4679,20.424446801511305,1.6065219296677893,2026-10-06 03:51:41.126641,2026-10-06 03:54:54.454615,0 days 00:03:13.327974,0.046364001295863086,4.014839763781616,78.91305021174706,35.397938808104236,0.009569508337727876,2.328670127015952e-06,193.3278844440356,39,COMPLETE
4680,29.468876954925697,21.36560245210909,2026-10-06 03:51:41.315694,2026-10-06 03:54:53.106633,0 days 00:03:11.790939,0.17534157142392734,3.42961079489487,78.91305021174706,46.431764750098004,0.009569508337727876,2.108934163128921e-06,191.79082216974348,39,COMPLETE
4681,30.70511859465459,22.162786820890595,2026-10-06 03:51:41.486684,2026-10-06 03:54:50.621850,0 days 00:03:09.135166,0.18472274745078338,1.8054001832365776,78.91305021174706,18.49957504695779,0.008698017554316196,2.328670127015952e-06,189.13507230998948,39,COMPLETE
4682,30.11215800004239,20.425666249866687,2026-10-06 03:51:42.014271,2026-10-06 03:54:54.884114,0 days 00:03:12.869843,0.21041595616842879,3.744890419874342,78.91305021174706,12.025559114678314,0.009569508337727876,1.2446212784745538e-06,192.86973298806697,39,COMPLETE
4683,26.72501259487052,29.5435104560262,2026-10-06 03:51:42.017653,2026-10-06 03:54:54.183043,0 days 00:03:12.165390,0.3401090828369047,3.42961079489487,80.97346391189345,45.605935248059524,0.009569508337727876,2.328670127015952e-06,192.16527564218268,39,COMPLETE
4684,,,2026-10-06 03:51:42.021629,2026-10-06 03:51:43.214710,0 days 00:00:01.193081,0.48967816666395225,9.699964079547728,78.91305021174706,35.397938808104236,0.0017014732724395163,,,39,PRUNED
4685,23.375232136126392,32.287505094854964,2026-10-06 03:51:42.025623,2026-10-06 03:54:51.857311,0 days 00:03:09.831688,0.48967816666395225,3.42961079489487,78.91305021174706,53.19831855856638,0.009569508337727876,1.4671267453130232e-06,189.83157737506554,39,COMPLETE
4686,31.28628188906389,19.00327719323779,2026-10-06 03:51:42.155694,2026-10-06 03:54:51.067336,0 days 00:03:08.911642,0.17534157142392734,1.8054001832365776,78.91305021174706,7.704673657496365,0.008698017554316196,2.328670127015952e-06,188.91153572080657,39,COMPLETE
4687,30.391430409107528,18.562677812485397,2026-10-06 03:51:42.222679,2026-10-06 03:54:53.406357,0 days 00:03:11.183678,0.17534157142392734,1.8054001832365776,62.773581808913086,12.025559114678314,0.008698017554316196,2.328670127015952e-06,191.18356829322875,39,COMPLETE
4688,,,2026-10-06 03:51:42.285673,2026-10-06 03:51:43.152740,0 days 00:00:00.867067,0.014097992960280676,1.8054001832365776,93.2420471860372,35.397938808104236,0.009569508337727876,,,39,PRUNED
4689,17.99127998993579,11.871201226332193,2026-10-06 03:51:42.787863,2026-10-06 03:54:56.099592,0 days 00:03:13.311729,0.7188631933515314,1.0100598856645617,78.91305021174706,12.025559114678314,0.009569508337727876,2.328670127015952e-06,193.31163364369422,39,COMPLETE
4690,30.998237268919336,20.18588820357027,2026-10-06 03:51:42.791642,2026-10-06 03:54:57.345511,0 days 00:03:14.553869,0.18472274745078338,1.8054001832365776,78.91305021174706,18.49957504695779,0.009569508337727876,1.4671267453130232e-06,194.55376814771444,39,COMPLETE
4691,28.63222541591828,12.064670093993584,2026-10-06 03:51:42.806648,2026-10-06 03:54:54.319129,0 days 00:03:11.512481,0.18472274745078338,1.8054001832365776,78.91305021174706,7.704673657496365,0.008698017554316196,0.005921793836139625,191.51237039500847,39,COMPLETE
4692,32.58296902202029,11.912310480463777,2026-10-06 03:51:42.810632,2026-10-06 03:54:57.998453,0 days 00:03:15.187821,0.14472486883161542,1.0100598856645617,78.91305021174706,7.704673657496365,0.009569508337727876,2.328670127015952e-06,195.18769736913964,39,COMPLETE
4693,15.500994196268778,1.2474707927561322,2026-10-06 03:51:42.814635,2026-10-06 03:54:56.750315,0 days 00:03:13.935680,0.17534157142392734,1.0100598856645617,78.91305021174706,12.025559114678314,0.009569508337727876,10.259986428418822,193.93558720033616,39,COMPLETE
4694,,,2026-10-06 03:51:43.069693,2026-10-06 03:51:43.984751,0 days 00:00:00.915058,0.14472486883161542,1.0100598856645617,78.91305021174706,7.704673657496365,0.0022280950878702855,,,39,PRUNED
4695,30.93566168680822,21.685335779995146,2026-10-06 03:51:43.215004,2026-10-06 03:54:55.160301,0 days 00:03:11.945297,0.19189241237051688,1.8054001832365776,78.91305021174706,12.025559114678314,0.008698017554316196,1.4671267453130232e-06,191.94519972102717,39,COMPLETE
4696,26.641223084353385,22.929627361036353,2026-10-06 03:51:43.236676,2026-10-06 03:54:55.251340,0 days 00:03:12.014664,0.22031827582514427,6.28879905307643,78.91305021174706,40.29115295108787,0.009569508337727876,2.328670127015952e-06,192.01456752372906,39,COMPLETE
4697,24.480224705638296,16.16021151710015,2026-10-06 03:51:43.540691,2026-10-06 03:54:56.963216,0 days 00:03:13.422525,0.48480307501533615,1.0100598856645617,78.91305021174706,18.49957504695779,0.009569508337727876,1.0212197560849019e-06,193.42242576368153,39,COMPLETE
4698,13.487207429454662,7.585411408334904,2026-10-06 03:51:43.585265,2026-10-06 03:54:56.202757,0 days 00:03:12.617492,0.20697825734456235,3.42961079489487,6.3060634971015945,46.431764750098004,0.009569508337727876,1.4671267453130232e-06,192.61739351507276,39,COMPLETE
4699,17.535812172581192,28.517582449026683,2026-10-06 03:51:43.588636,2026-10-06 03:54:57.404661,0 days 00:03:13.816025,0.6361041117683478,12.964757613738888,78.91305021174706,35.397938808104236,0.009569508337727876,2.328670127015952e-06,193.81592912832275,39,COMPLETE
4700,31.702584236835463,16.70739500234437,2026-10-06 03:51:43.592627,2026-10-06 03:54:56.094416,0 days 00:03:12.501789,0.17534157142392734,1.8054001832365776,78.91305021174706,7.14008749932051,0.009569508337727876,1.4671267453130232e-06,192.5016848477535,39,COMPLETE
4701,31.893024219421882,12.37207855621201,2026-10-06 03:51:43.629651,2026-10-06 03:54:55.072424,0 days 00:03:11.442773,0.08514608467657932,1.0100598856645617,78.91305021174706,18.49957504695779,0.008698017554316196,1.4671267453130232e-06,191.44264835724607,39,COMPLETE
4702,7.8838245383852605,3.3971343970871843,2026-10-06 03:51:44.376683,2026-10-06 03:54:52.065551,0 days 00:03:07.688868,0.19189241237051688,3.42961079489487,1.9826230415391295,53.19831855856638,0.009569508337727876,2.328670127015952e-06,187.68877554498613,39,COMPLETE
4703,24.291695845565183,24.238642519932316,2026-10-06 03:51:44.384810,2026-10-06 03:54:54.324537,0 days 00:03:09.939727,0.48480307501533615,3.42961079489487,78.91305021174706,46.431764750098004,0.012798161645722336,1.4671267453130232e-06,189.93962279101834,39,COMPLETE
4704,32.67180830286457,3.021173259517,2026-10-06 03:51:44.388629,2026-10-06 03:54:56.337373,0 days 00:03:11.948744,0.14472486883161542,1.8054001832365776,78.91305021174706,6.182683349256731,0.03463343903868386,1.2446212784745538e-06,191.94865798810497,39,COMPLETE
4705,30.24622031076324,16.9615629153741,2026-10-06 03:51:44.494692,2026-10-06 03:54:57.535325,0 days 00:03:13.040633,0.14472486883161542,3.42961079489487,78.91305021174706,18.49957504695779,0.009569508337727876,1.4671267453130232e-06,193.04052740801126,39,COMPLETE
4706,30.764207014142585,21.952187599357497,2026-10-06 03:51:45.251687,2026-10-06 03:54:57.451666,0 days 00:03:12.199979,0.18472274745078338,1.8054001832365776,78.91305021174706,16.966954115393197,0.008698017554316196,2.328670127015952e-06,192.1998875848949,39,COMPLETE
4707,23.68859030515693,31.744668985076792,2026-10-06 03:51:45.259652,2026-10-06 03:54:52.640742,0 days 00:03:07.381090,0.48480307501533615,3.42961079489487,78.91305021174706,46.431764750098004,0.009569508337727876,1.2446212784745538e-06,187.3809808283113,39,COMPLETE
4708,31.6326156548546,16.256556589563694,2026-10-06 03:51:46.468682,2026-10-06 03:54:58.229754,0 days 00:03:11.761072,0.17534157142392734,1.8054001832365776,78.91305021174706,7.704673657496365,0.009569508337727876,2.328670127015952e-06,191.76097473828122,39,COMPLETE
4709,,,2026-10-06 03:51:46.476645,2026-10-06 03:51:47.034746,0 days 00:00:00.558101,0.14472486883161542,1.0100598856645617,78.91305021174706,12.025559114678314,0.002642245001368822,,,39,PRUNED
4710,31.44146055501214,16.80136018507174,2026-10-06 03:51:46.523659,2026-10-06 03:54:57.277051,0 days 00:03:10.753392,0.14472486883161542,1.8054001832365776,78.91305021174706,12.025559114678314,0.009569508337727876,1.4671267453130232e-06,190.75328474817798,39,COMPLETE
4711,26.309908208587352,1.3988307815057173,2026-10-06 03:51:47.192698,2026-10-06 03:54:58.768534,0 days 00:03:11.575836,0.17534157142392734,4.335881455696945,78.91305021174706,18.49957504695779,0.09346408582989815,2.328670127015952e-06,191.5757189951837,39,COMPLETE
4712,,,2026-10-06 03:51:47.224657,2026-10-06 03:51:48.242762,0 days 00:00:01.018105,0.48967816666395225,1.8054001832365776,78.91305021174706,53.19831855856638,0.008698017554316196,,,39,PRUNED
4713,30.5657238713789,1.924578539205518,2026-10-06 03:51:48.476692,2026-10-06 03:54:58.996527,0 days 00:03:10.519835,0.22031827582514427,27.197970940982763,78.91305021174706,1.0676621652454727,0.009569508337727876,6.125835904828846e-05,190.51972242584452,39,COMPLETE
4714,29.156883010738746,10.22245960611088,2026-10-06 03:52:09.828705,2026-10-06 03:55:25.289781,0 days 00:03:15.461076,0.3401090828369047,3.42961079489487,78.91305021174706,45.605935248059524,0.035641988343502504,2.328670127015952e-06,195.46094262041152,39,COMPLETE
4715,30.43711893221332,21.247774378950655,2026-10-06 03:52:14.604803,2026-10-06 03:55:29.336327,0 days 00:03:14.731524,0.17534157142392734,1.8054001832365776,78.91305021174706,46.431764750098004,0.009569508337727876,1.4671267453130232e-06,194.73140004696324,39,COMPLETE
4716,15.355731567416242,9.784446880846936,2026-10-06 03:52:55.945841,2026-10-06 03:56:13.392633,0 days 00:03:17.446792,0.204397895474241,1.8054001832365776,6.232611694375245,18.49957504695779,0.008698017554316196,2.328670127015952e-06,197.4466622956097,39,COMPLETE
4717,32.3994932070211,3.5231950495977586,2026-10-06 03:52:59.029677,2026-10-06 03:56:06.564189,0 days 00:03:07.534512,0.19189241237051688,1.8054001832365776,78.91305021174706,7.14008749932051,0.0375460200675771,2.328670127015952e-06,187.53438237588853,39,COMPLETE
4718,23.53182568296257,30.634624242291792,2026-10-06 03:53:35.584994,2026-10-06 03:56:51.928555,0 days 00:03:16.343561,0.48967816666395225,3.42961079489487,78.91305021174706,45.605935248059524,0.009569508337727876,2.328670127015952e-06,196.34342744015157,39,COMPLETE
4719,16.40297881151394,1.57577923276238,2026-10-06 03:54:49.078159,2026-10-06 03:58:01.000988,0 days 00:03:11.922829,0.22031827582514427,13.360105075142904,78.91305021174706,35.397938808104236,0.009569508337727876,1.4671267453130232e-06,191.92268702713773,39,COMPLETE
4720,10.13241583914861,5.697850800941953,2026-10-06 03:54:49.086582,2026-10-06 03:58:04.376197,0 days 00:03:15.289615,0.22031827582514427,1.8054001832365776,2.9725156408433078,35.397938808104236,0.009569508337727876,1.1189776640594125e-05,195.28949257126078,39,COMPLETE
4721,31.136457023663194,17.26583434974886,2026-10-06 03:54:49.864706,2026-10-06 03:58:01.385509,0 days 00:03:11.520803,0.21349244226319614,1.8054001832365776,78.91305021174706,7.704673657496365,0.008698017554316196,6.186066243113348e-06,191.52066813316196,39,COMPLETE
4722,0.07796151685840635,1.2110460916307955,2026-10-06 03:54:49.990939,2026-10-06 03:58:01.774018,0 days 00:03:11.783079,0.48967816666395225,1.8054001832365776,78.91305021174706,35.397938808104236,0.008698017554316196,1.4671267453130232e-06,191.78296321025118,39,COMPLETE
4723,6.944991076171239,1.5345986126827968,2026-10-06 03:54:50.284701,2026-10-06 03:58:02.695892,0 days 00:03:12.411191,0.48967816666395225,1.0100598856645617,5.000726279529421,2.906148228606857,0.009569508337727876,0.01823241623459383,192.4110877867788,39,COMPLETE
4724,32.04598411423736,15.419411774086326,2026-10-06 03:54:50.372905,2026-10-06 03:58:03.728583,0 days 00:03:13.355678,0.14472486883161542,1.0100598856645617,78.91305021174706,18.49957504695779,0.009569508337727876,1.4671267453130232e-06,193.35543910926208,39,COMPLETE
4725,24.511687031779267,4.719258930522466,2026-10-06 03:54:50.544661,2026-10-06 03:58:02.706547,0 days 00:03:12.161886,0.19824347555942734,29.466849418213574,78.91305021174706,12.025559114678314,0.010438059657000221,1.4671267453130232e-06,192.16179576097056,39,COMPLETE
4726,31.452886422804426,18.80082637624935,2026-10-06 03:54:50.997678,2026-10-06 03:58:03.371538,0 days 00:03:12.373860,0.17534157142392734,1.8054001832365776,78.91305021174706,6.182683349256731,0.008698017554316196,1.4671267453130232e-06,192.37367180921137,39,COMPLETE
