number,values_0,values_1,datetime_start,datetime_complete,duration,params_c_val,params_input_force,params_k_between_val,params_k_wall_val,params_m_val,params_ridge_alpha,user_attrs_duration_sec,system_attrs_NSGAIISampler:generation,state
3981,29.228490776518594,2.769085262837475,2026-10-06 03:19:31.313635,2026-10-06 03:22:46.408537,0 days 00:03:15.094902,0.48967816666395225,3.42961079489487,78.91305021174706,12.025559114678314,0.09167058223588537,3.892953766860471e-06,195.09479229804128,33,COMPLETE
3982,13.005404260448955,15.588955296394259,2026-10-06 03:19:31.726711,2026-10-06 03:22:40.074455,0 days 00:03:08.347744,0.48967816666395225,3.42961079489487,14.42143114161174,53.19831855856638,0.009569508337727876,1.4671267453130232e-06,188.34762579901144,33,COMPLETE
3983,17.86291679710395,12.469720155889132,2026-10-06 03:19:31.807819,2026-10-06 03:22:43.361567,0 days 00:03:11.553748,0.18472274745078338,1.8054001832365776,12.06917741658454,40.29115295108787,0.008698017554316196,2.328670127015952e-06,191.55354566220194,33,COMPLETE
3984,30.90006300069897,18.49652092665827,2026-10-06 03:19:32.735686,2026-10-06 03:22:44.904800,0 days 00:03:12.169114,0.17534157142392734,2.5826334477054016,78.91305021174706,4.949274479107639,0.008698017554316196,2.328670127015952e-06,192.1690294491127,33,COMPLETE
3985,32.35027318958379,13.8032431904302,2026-10-06 03:19:32.890697,2026-10-06 03:22:46.182602,0 days 00:03:13.291905,0.14472486883161542,1.0100598856645617,78.91305021174706,12.025559114678314,0.009569508337727876,1.4671267453130232e-06,193.2917881719768,33,COMPLETE
3986,27.925839781192458,25.073238238105436,2026-10-06 03:19:32.914657,2026-10-06 03:22:45.036922,0 days 00:03:12.122265,0.3552250422630773,3.42961079489487,78.91305021174706,18.49957504695779,0.009569508337727876,2.328670127015952e-06,192.1221763691865,33,COMPLETE
3987,28.838063803599688,6.937974758215919,2026-10-06 03:19:32.918645,2026-10-06 03:22:44.637332,0 days 00:03:11.718687,0.48480307501533615,3.42961079489487,78.91305021174706,21.50867966823195,0.05224610943229254,2.328670127015952e-06,191.71860220609233,33,COMPLETE
3988,29.450004395042264,1.395374215570489,2026-10-06 03:19:33.084690,2026-10-06 03:22:45.539491,0 days 00:03:12.454801,0.05385215859640624,1.2234575693788114,78.91305021174706,7.704673657496365,0.03815954386062186,2.328670127015952e-06,192.45469528762624,33,COMPLETE
3989,25.36755438192879,30.709091684909275,2026-10-06 03:19:33.157833,2026-10-06 03:22:45.176590,0 days 00:03:12.018757,0.4003439355605391,3.42961079489487,78.91305021174706,46.431764750098004,0.009569508337727876,1.4671267453130232e-06,192.0186707386747,33,COMPLETE
3990,31.453263229589652,18.423576041188877,2026-10-06 03:19:33.161649,2026-10-06 03:22:45.047437,0 days 00:03:11.885788,0.17534157142392734,1.0100598856645617,78.91305021174706,18.49957504695779,0.008698017554316196,2.328670127015952e-06,191.8857042393647,33,COMPLETE
3991,15.862235984536435,12.248489178542457,2026-10-06 03:19:33.197647,2026-10-06 03:22:44.399944,0 days 00:03:11.202297,0.22031827582514427,3.42961079489487,11.728703211216015,40.29115295108787,0.009569508337727876,2.328670127015952e-06,191.20218282798305,33,COMPLETE
3992,,,2026-10-06 03:19:33.334679,2026-10-06 03:19:33.927576,0 days 00:00:00.592897,0.48967816666395225,22.63636434897007,78.91305021174706,53.19831855856638,0.008698017554316196,,,33,PRUNED
3993,28.705054822077052,22.71921147463435,2026-10-06 03:19:33.461676,2026-10-06 03:22:42.056548,0 days 00:03:08.594872,0.17534157142392734,3.42961079489487,78.91305021174706,35.397938808104236,0.008698017554316196,2.328670127015952e-06,188.59477074397728,33,COMPLETE
3994,19.38568212996813,23.88475687817622,2026-10-06 03:19:33.579675,2026-10-06 03:22:43.930728,0 days 00:03:10.351053,0.3401090828369047,3.42961079489487,33.01703285471141,45.605935248059524,0.009569508337727876,2.328670127015952e-06,190.35095287999138,33,COMPLETE
3995,26.044112181482472,1.1642121284960667,2026-10-06 03:19:33.900695,2026-10-06 03:22:43.797167,0 days 00:03:09.896472,0.015778684756431616,1.8054001832365776,78.91305021174706,4.949274479107639,0.008698017554316196,2.328670127015952e-06,189.8963818908669,33,COMPLETE
3996,1.1956557382908877,1.2507082335078954,2026-10-06 03:19:33.939830,2026-10-06 03:22:47.829324,0 days 00:03:13.889494,0.014359226989134475,6.28879905307643,1.0677929849846086,40.29115295108787,0.009569508337727876,2.328670127015952e-06,193.88938640384004,33,COMPLETE
3997,29.7866124046027,22.989725754485754,2026-10-06 03:19:33.943641,2026-10-06 03:22:45.075499,0 days 00:03:11.131858,0.17534157142392734,1.8054001832365776,78.91305021174706,40.29115295108787,0.008698017554316196,2.328670127015952e-06,191.13177055073902,33,COMPLETE
3998,29.93643125938585,23.455282055565362,2026-10-06 03:19:33.969296,2026-10-06 03:22:44.900757,0 days 00:03:10.931461,0.18472274745078338,1.8054001832365776,78.91305021174706,35.397938808104236,0.008698017554316196,2.328670127015952e-06,190.93138219462708,33,COMPLETE
3999,29.817651462460645,23.809340668352807,2026-10-06 03:19:34.422691,2026-10-06 03:22:43.172246,0 days 00:03:08.749555,0.22031827582514427,2.5826334477054016,78.91305021174706,40.2862337213893,0.009569508337727876,2.328670127015952e-06,188.74945503100753,33,COMPLETE
4000,22.566978143858627,30.211686047200814,2026-10-06 03:19:34.571663,2026-10-06 03:22:45.526163,0 days 00:03:10.954500,0.5555455440171165,3.42961079489487,78.91305021174706,35.397938808104236,0.009569508337727876,1.4671267453130232e-06,190.95433324901387,33,COMPLETE
4001,4.32652872212022,1.3529358351438512,2026-10-06 03:19:34.853681,2026-10-06 03:22:45.000344,0 days 00:03:10.146663,0.058519214895737644,38.251936520834654,11.336506042280279,18.49957504695779,0.008698017554316196,2.328670127015952e-06,190.14656564733014,33,COMPLETE
4002,,,2026-10-06 03:19:34.868674,2026-10-06 03:19:35.040721,0 days 00:00:00.172047,0.3401090828369047,3.42961079489487,89.2132698082295,53.19831855856638,0.009569508337727876,,,33,PRUNED
4003,6.239442394388282,5.772544312781337,2026-10-06 03:19:35.308681,2026-10-06 03:22:44.456148,0 days 00:03:09.147467,0.48967816666395225,6.28879905307643,2.6810157855078716,53.19831855856638,0.009569508337727876,2.328670127015952e-06,189.1473606643267,33,COMPLETE
4004,24.595126521939605,6.014540584205873,2026-10-06 03:19:35.312642,2026-10-06 03:22:45.154358,0 days 00:03:09.841716,0.17534157142392734,4.014839763781616,78.91305021174706,6.182683349256731,0.009569508337727876,2.328670127015952e-06,189.84162449417636,33,COMPLETE
4005,16.336197441415536,3.0712687394307663,2026-10-06 03:19:35.316635,2026-10-06 03:22:44.569572,0 days 00:03:09.252937,0.22031827582514427,1.8054001832365776,78.91305021174706,35.397938808104236,0.009569508337727876,1.444800240648785,189.25284999143332,33,COMPLETE
4006,5.942876754151022,1.277214555392717,2026-10-06 03:19:35.320623,2026-10-06 03:22:46.839448,0 days 00:03:11.518825,0.17534157142392734,1.8054001832365776,1.0947148581408788,18.49957504695779,0.06375495045707769,1.4671267453130232e-06,191.51873319689184,33,COMPLETE
4007,2.4825040975515225,1.204758237786872,2026-10-06 03:19:35.324632,2026-10-06 03:22:46.923316,0 days 00:03:11.598684,0.22031827582514427,48.1926882793871,1.7520947865152416,18.49957504695779,0.04164261560854121,2.328670127015952e-06,191.59859314886853,33,COMPLETE
4008,22.942283217763702,1.5998035375220705,2026-10-06 03:19:35.328785,2026-10-06 03:22:51.153672,0 days 00:03:15.824887,0.22031827582514427,3.42961079489487,78.91305021174706,18.49957504695779,0.05063123755270601,0.30606877339648575,195.82477255910635,33,COMPLETE
4009,,,2026-10-06 03:19:35.332629,2026-10-06 03:19:35.994724,0 days 00:00:00.662095,0.14472486883161542,1.8054001832365776,78.91305021174706,12.025559114678314,0.0015245370115115307,,,33,PRUNED
4010,32.73285602307689,3.769559947926541,2026-10-06 03:19:35.378656,2026-10-06 03:22:46.641709,0 days 00:03:11.263053,0.14472486883161542,1.8054001832365776,78.91305021174706,12.025559114678314,0.03463343903868386,2.328670127015952e-06,191.26295886794105,33,COMPLETE
4011,20.536946607920818,16.22124196301494,2026-10-06 03:19:36.198283,2026-10-06 03:22:47.708533,0 days 00:03:11.510250,0.22031827582514427,1.7061466877386717,20.408613313387846,40.2862337213893,0.009569508337727876,2.328670127015952e-06,191.51013186993077,33,COMPLETE
4012,31.839747795208456,5.897869343469253,2026-10-06 03:19:36.889692,2026-10-06 03:22:44.854497,0 days 00:03:07.964805,0.17534157142392734,1.8054001832365776,78.91305021174706,12.025559114678314,0.026990319889915997,2.328670127015952e-06,187.96471346123144,33,COMPLETE
4013,26.98254563746633,13.03068877768933,2026-10-06 03:19:38.795698,2026-10-06 03:22:47.468152,0 days 00:03:08.672454,0.17534157142392734,3.42961079489487,78.91305021174706,35.397938808104236,0.009569508337727876,0.02281842379108621,188.67234140401706,33,COMPLETE
4014,24.088845918751865,26.619857674284447,2026-10-06 03:20:05.544817,2026-10-06 03:23:17.314921,0 days 00:03:11.770104,0.48967816666395225,4.014839763781616,78.91305021174706,18.49957504695779,0.009569508337727876,2.328670127015952e-06,191.76995930215344,33,COMPLETE
4015,8.30663638803695,1.297780111110138,2026-10-06 03:21:23.424851,2026-10-06 03:24:33.818135,0 days 00:03:10.393284,0.17534157142392734,1.8054001832365776,3.987655663986707,1.2924034483688331,0.008698017554316196,6.820077852492754,190.3931603510864,33,COMPLETE
4016,9.42168233468042,1.4937103318147171,2026-10-06 03:21:27.673671,2026-10-06 03:24:41.667533,0 days 00:03:13.993862,0.22031827582514427,2.5826334477054016,2.9273532639624245,18.49957504695779,0.04498405593403244,0.030710710701690645,193.99374970095232,33,COMPLETE
4017,16.082891007000107,11.188202761766888,2026-10-06 03:22:38.210831,2026-10-06 03:25:52.772734,0 days 00:03:14.561903,0.48480307501533615,3.42961079489487,78.91305021174706,38.52680789958333,0.009569508337727876,0.06207129698564336,194.5617975774221,33,COMPLETE
4018,,,2026-10-06 03:22:38.935616,2026-10-06 03:22:40.180049,0 days 00:00:01.244433,0.48967816666395225,3.42961079489487,78.91305021174706,2.2856044996978806,0.003036484007458723,,,33,PRUNED
4019,23.11317957836212,2.937859929499283,2026-10-06 03:22:39.380684,2026-10-06 03:25:53.479512,0 days 00:03:14.098828,0.043064875595116896,3.42961079489487,78.91305021174706,40.29115295108787,0.009569508337727876,2.328670127015952e-06,194.09870396601036,33,COMPLETE
4020,21.956770514334735,10.971649294020958,2026-10-06 03:22:39.696707,2026-10-06 03:25:51.377871,0 days 00:03:11.681164,0.17534157142392734,1.8054001832365776,34.50047509724148,7.704673657496365,0.008698017554316196,0.003664574518765718,191.68104100506753,33,COMPLETE
4021,29.359660421725966,23.84819293902906,2026-10-06 03:22:40.180356,2026-10-06 03:25:53.494022,0 days 00:03:13.313666,0.22031827582514427,3.42961079489487,78.91305021174706,35.397938808104236,0.009569508337727876,2.328670127015952e-06,193.3135632360354,33,COMPLETE
4022,12.987094191539445,3.8309100955294917,2026-10-06 03:22:40.230744,2026-10-06 03:25:53.327393,0 days 00:03:13.096649,0.17534157142392734,1.8054001832365776,2.547139960246143,4.949274479107639,0.008698017554316196,2.328670127015952e-06,193.09655320970342,33,COMPLETE
4023,30.004151916639312,22.422537970457935,2026-10-06 03:22:40.233980,2026-10-06 03:25:53.742999,0 days 00:03:13.509019,0.22031827582514427,3.42961079489487,78.91305021174706,18.49957504695779,0.009569508337727876,2.328670127015952e-06,193.508925518021,33,COMPLETE
4024,16.3257183434843,1.3356915432020888,2026-10-06 03:22:40.307536,2026-10-06 03:25:54.957334,0 days 00:03:14.649798,0.5550368141264687,7.171455224801025,78.91305021174706,7.704673657496365,0.06136320510146105,1.138754247187231,194.64968015812337,33,COMPLETE
4025,27.268883200383794,1.6742538405793104,2026-10-06 03:22:40.335657,2026-10-06 03:25:52.961383,0 days 00:03:12.625726,0.17534157142392734,9.181631340548163,78.91305021174706,7.704673657496365,0.009569508337727876,2.328670127015952e-06,192.62560634501278,33,COMPLETE
4026,27.42780153139455,4.741252543826368,2026-10-06 03:22:40.952928,2026-10-06 03:25:53.255729,0 days 00:03:12.302801,0.17534157142392734,41.923028160041035,78.91305021174706,6.182683349256731,0.009569508337727876,2.328670127015952e-06,192.30270374985412,33,COMPLETE
4027,12.078053328395246,1.8241715097580176,2026-10-06 03:22:41.163717,2026-10-06 03:25:55.850527,0 days 00:03:14.686810,0.4177336729727653,18.9693513351537,48.062786315102706,12.025559114678314,0.006632964278695036,25.855989696562908,194.68669040035456,33,COMPLETE
4028,30.90006300069897,18.49652092665827,2026-10-06 03:22:41.444717,2026-10-06 03:25:56.139940,0 days 00:03:14.695223,0.17534157142392734,2.5826334477054016,78.91305021174706,4.949274479107639,0.008698017554316196,2.328670127015952e-06,194.69512487901375,33,COMPLETE
4029,4.3484965952720875,1.3744790275660383,2026-10-06 03:22:41.645803,2026-10-06 03:25:57.236802,0 days 00:03:15.590999,0.038263921323563016,3.42961079489487,7.9373335702037515,35.397938808104236,0.009569508337727876,2.328670127015952e-06,195.59089734312147,33,COMPLETE
4030,11.574609878854586,4.898824162514265,2026-10-06 03:22:41.914706,2026-10-06 03:25:52.696873,0 days 00:03:10.782167,0.48480307501533615,2.5826334477054016,5.264812349168134,4.083405855496918,0.009569508337727876,2.328670127015952e-06,190.78203516593203,33,COMPLETE
4031,17.872650920401004,3.496719208132768,2026-10-06 03:22:42.068835,2026-10-06 03:25:54.300273,0 days 00:03:12.231438,0.950730292325747,2.5826334477054016,78.91305021174706,40.2862337213893,0.009569508337727876,2.328670127015952e-06,192.2313362439163,33,COMPLETE
4032,29.947121475005282,21.02788760829484,2026-10-06 03:22:42.100299,2026-10-06 03:25:53.982095,0 days 00:03:11.881796,0.18472274745078338,1.8054001832365776,78.91305021174706,35.397938808104236,0.008698017554316196,4.5515837138825214e-05,191.8816991550848,33,COMPLETE
4033,29.571334803835356,15.587668677467281,2026-10-06 03:22:42.516790,2026-10-06 03:25:55.412810,0 days 00:03:12.896020,0.22031827582514427,2.5826334477054016,78.91305021174706,38.52680789958333,0.01696595799571137,2.328670127015952e-06,192.89592412207276,33,COMPLETE
4034,22.33612615904896,8.080975760501243,2026-10-06 03:22:42.859824,2026-10-06 03:25:56.935047,0 days 00:03:14.075223,0.48967816666395225,3.42961079489487,78.91305021174706,1.442770540683523,0.009569508337727876,3.5978562199738755e-05,194.07512774178758,33,COMPLETE
4035,31.56874890420366,18.36687587346296,2026-10-06 03:22:42.863641,2026-10-06 03:25:53.005491,0 days 00:03:10.141850,0.17534157142392734,1.5595909624666202,80.00350391861976,7.704673657496365,0.008698017554316196,2.328670127015952e-06,190.14166211895645,33,COMPLETE
4036,23.795443846703535,29.92208365638804,2026-10-06 03:22:43.267192,2026-10-06 03:25:55.548938,0 days 00:03:12.281746,0.48480307501533615,3.42961079489487,78.91305021174706,40.29115295108787,0.009569508337727876,2.328670127015952e-06,192.28166720690206,33,COMPLETE
4037,30.09886815339295,1.2756947320564835,2026-10-06 03:22:43.792545,2026-10-06 03:25:55.506907,0 days 00:03:11.714362,0.22031827582514427,45.821754993842866,78.91305021174706,1.0844508669092594,0.06173784177487276,2.328670127015952e-06,191.7142716529779,33,COMPLETE
4038,11.368259548527757,14.951882305888084,2026-10-06 03:22:43.849552,2026-10-06 03:25:55.092056,0 days 00:03:11.242504,0.4780571122982614,15.13960497413892,78.91305021174706,63.3381710124682,0.009569508337727876,1.4671267453130232e-06,191.2424121098593,33,COMPLETE
4039,29.453132477071172,16.46234468973808,2026-10-06 03:22:43.852816,2026-10-06 03:25:55.220517,0 days 00:03:11.367701,0.17534157142392734,3.42961079489487,78.91305021174706,7.704673657496365,0.008698017554316196,2.328670127015952e-06,191.36751734372228,33,COMPLETE
4040,29.35481517386082,2.555995048342856,2026-10-06 03:22:43.855618,2026-10-06 03:25:57.169289,0 days 00:03:13.313671,0.17534157142392734,1.8054001832365776,50.129933923827956,18.49957504695779,0.05412656385885988,2.328670127015952e-06,193.31359266396612,33,COMPLETE
4041,0.23348681136505345,1.1808680461640795,2026-10-06 03:22:43.858132,2026-10-06 03:25:55.880616,0 days 00:03:12.022484,0.48480307501533615,3.42961079489487,78.91305021174706,18.49957504695779,0.008698017554316196,2.328670127015952e-06,192.02238345192745,33,COMPLETE
4042,5.273107305435524,2.797758433629081,2026-10-06 03:22:43.862635,2026-10-06 03:25:59.212513,0 days 00:03:15.349878,0.22031827582514427,6.28879905307643,6.151964780771404,38.52680789958333,0.009569508337727876,0.0031599075129090802,195.34978889022022,33,COMPLETE
4043,13.045388479399175,3.8368128429096764,2026-10-06 03:22:43.866634,2026-10-06 03:25:58.824505,0 days 00:03:14.957871,0.14472486883161542,1.8054001832365776,2.6747165097404397,18.49957504695779,0.009569508337727876,2.328670127015952e-06,194.95777626615018,33,COMPLETE
4044,10.228531525537587,1.1814856852372324,2026-10-06 03:22:43.974273,2026-10-06 03:25:58.650814,0 days 00:03:14.676541,0.013319013310749715,3.42961079489487,78.91305021174706,35.397938808104236,0.009569508337727876,2.328670127015952e-06,194.67644617101178,33,COMPLETE
4045,29.023693692975154,23.181390379296882,2026-10-06 03:22:44.561683,2026-10-06 03:25:55.143411,0 days 00:03:10.581728,0.22031827582514427,1.8054001832365776,78.91305021174706,35.397938808104236,0.008698017554316196,2.328670127015952e-06,190.58163544908166,33,COMPLETE
4046,24.402023701750444,1.2464387076615244,2026-10-06 03:22:44.604944,2026-10-06 03:26:00.573165,0 days 00:03:15.968221,0.04179643552030265,4.014839763781616,78.91305021174706,18.49957504695779,0.009569508337727876,2.328670127015952e-06,195.9680997710675,33,COMPLETE
4047,12.283042639802837,4.946687563406025,2026-10-06 03:22:44.676813,2026-10-06 03:26:00.008833,0 days 00:03:15.332020,0.17534157142392734,1.8054001832365776,2.638797118764652,12.025559114678314,0.008698017554316196,2.328670127015952e-06,195.3319215248339,33,COMPLETE
4048,30.614250371349527,19.966575274170157,2026-10-06 03:22:44.842686,2026-10-06 03:25:57.731586,0 days 00:03:12.888900,0.17534157142392734,2.5826334477054016,78.91305021174706,18.49957504695779,0.009569508337727876,2.328670127015952e-06,192.88880725204945,33,COMPLETE
4049,26.012845928083557,7.151842304098317,2026-10-06 03:22:44.924654,2026-10-06 03:25:57.144758,0 days 00:03:12.220104,0.19189241237051688,29.707290844849318,78.91305021174706,7.14008749932051,0.008698017554316196,2.328670127015952e-06,192.2200135467574,34,COMPLETE
4050,,,2026-10-06 03:22:45.343896,2026-10-06 03:22:45.890753,0 days 00:00:00.546857,0.22031827582514427,3.42961079489487,78.91305021174706,35.397938808104236,0.0012619994284356261,,,34,PRUNED
4051,17.924249649153424,11.35811047743679,2026-10-06 03:22:45.347643,2026-10-06 03:25:57.245574,0 days 00:03:11.897931,0.22031827582514427,1.8054001832365776,9.82230083748259,6.182683349256731,0.009569508337727876,1.4671267453130232e-06,191.8978512370959,34,COMPLETE
4052,24.695748476486475,14.510152702618946,2026-10-06 03:22:45.351629,2026-10-06 03:26:00.353067,0 days 00:03:15.001438,0.48967816666395225,1.8054001832365776,78.91305021174706,7.14008749932051,0.009569508337727876,2.328670127015952e-06,195.0013579116203,34,COMPLETE
4053,13.975742803656264,2.459306776306614,2026-10-06 03:22:45.355638,2026-10-06 03:25:57.308700,0 days 00:03:11.953062,0.0916245627254566,1.8054001832365776,3.5670928143909393,4.949274479107639,0.009569508337727876,2.328670127015952e-06,191.95297950226814,34,COMPLETE
4054,30.395972573693438,19.369629962705577,2026-10-06 03:22:45.359624,2026-10-06 03:25:59.571193,0 days 00:03:14.211569,0.22031827582514427,3.42961079489487,78.91305021174706,7.704673657496365,0.009569508337727876,2.328670127015952e-06,194.21149646816775,34,COMPLETE
4055,24.834317248916953,4.099885023699885,2026-10-06 03:22:45.363631,2026-10-06 03:25:57.026497,0 days 00:03:11.662866,0.19189241237051688,21.54212819565004,78.91305021174706,12.025559114678314,0.009569508337727876,2.328670127015952e-06,191.662788819056,34,COMPLETE
4056,29.407503796652584,1.190466820446981,2026-10-06 03:22:45.367638,2026-10-06 03:25:56.791140,0 days 00:03:11.423502,0.01706742049184296,1.8054001832365776,78.91305021174706,1.1947126191403397,0.008698017554316196,2.328670127015952e-06,191.42340792622417,34,COMPLETE
4057,16.599949709738656,1.6518271659153623,2026-10-06 03:22:45.371634,2026-10-06 03:25:55.216514,0 days 00:03:09.844880,0.22031827582514427,14.355633116291902,78.91305021174706,35.397938808104236,0.009569508337727876,2.328670127015952e-06,189.84478735318407,34,COMPLETE
4058,20.90679807910424,13.380939396399947,2026-10-06 03:22:45.375636,2026-10-06 03:25:59.562345,0 days 00:03:14.186709,0.22031827582514427,3.42961079489487,78.91305021174706,40.2862337213893,0.009569508337727876,0.08333504096420918,194.18662932608277,34,COMPLETE
4059,30.996149031850628,19.737775781663963,2026-10-06 03:22:45.379628,2026-10-06 03:25:56.954500,0 days 00:03:11.574872,0.18472274745078338,1.8054001832365776,78.91305021174706,18.49957504695779,0.009569508337727876,2.328670127015952e-06,191.5747905150056,34,COMPLETE
4060,29.216813003385464,20.967786570911407,2026-10-06 03:22:45.383637,2026-10-06 03:25:59.414421,0 days 00:03:14.030784,0.17534157142392734,4.014839763781616,78.91305021174706,18.49957504695779,0.008698017554316196,2.5844495311859665e-05,194.0306936427951,34,COMPLETE
4061,15.658504495892752,1.4037460479184685,2026-10-06 03:22:45.387627,2026-10-06 03:25:58.687831,0 days 00:03:13.300204,0.14330490766941362,1.8054001832365776,78.91305021174706,18.49957504695779,0.008698017554316196,27.24870456457713,193.3001197958365,34,COMPLETE
4062,30.5271311638971,19.361517532575004,2026-10-06 03:22:45.408908,2026-10-06 03:25:55.531685,0 days 00:03:10.122777,0.14912629534034638,1.8054001832365776,78.91305021174706,45.605935248059524,0.009569508337727876,2.328670127015952e-06,190.12269800715148,34,COMPLETE
