number,values_0,values_1,datetime_start,datetime_complete,duration,params_c_val,params_input_force,params_k_between_val,params_k_wall_val,params_m_val,params_ridge_alpha,user_attrs_duration_sec,system_attrs_NSGAIISampler:generation,state
1915,,,2026-10-06 01:43:04.887670,2026-10-06 01:43:05.195674,0 days 00:00:00.308004,0.14472486883161542,11.050890002176425,78.91305021174706,1.7658496078448727,0.0032295590583322894,,,16,PRUNED
1916,29.98273984366067,18.038103512436695,2026-10-06 01:43:04.896411,2026-10-06 01:46:18.454254,0 days 00:03:13.557843,0.14472486883161542,3.42961079489487,78.91305021174706,28.521004463161855,0.009569508337727876,2.328670127015952e-06,193.557770348154,16,COMPLETE
1917,28.34940440152703,23.252904766387285,2026-10-06 01:43:05.088678,2026-10-06 01:46:19.158519,0 days 00:03:14.069841,0.3401090828369047,1.8054001832365776,78.91305021174706,40.2862337213893,0.009569508337727876,2.328670127015952e-06,194.0697556543164,16,COMPLETE
1918,30.446736069123364,13.600885857863421,2026-10-06 01:43:05.677692,2026-10-06 01:46:19.371493,0 days 00:03:13.693801,0.14472486883161542,1.8054001832365776,78.91305021174706,47.77760718136664,0.014219108739749426,2.328670127015952e-06,193.69371469179168,16,COMPLETE
1919,,,2026-10-06 01:43:05.864894,2026-10-06 01:43:06.738726,0 days 00:00:00.873832,0.48967816666395225,1.8054001832365776,78.91305021174706,12.025559114678314,0.004489633031070374,,,16,PRUNED
1920,30.865150035351167,10.688855927573375,2026-10-06 01:43:05.868645,2026-10-06 01:46:16.208976,0 days 00:03:10.340331,0.14472486883161542,2.5826334477054016,78.91305021174706,18.49957504695779,0.016643359905050385,2.328670127015952e-06,190.340250573121,16,COMPLETE
1921,24.75378471040171,6.59567749749484,2026-10-06 01:43:05.872640,2026-10-06 01:46:16.042540,0 days 00:03:10.169900,0.12014132825757128,3.42961079489487,78.91305021174706,12.025559114678314,0.009569508337727876,0.004811951455584016,190.16982200695202,16,COMPLETE
1922,30.753141483420375,1.2383661049251495,2026-10-06 01:43:05.876629,2026-10-06 01:46:16.300706,0 days 00:03:10.424077,0.03620656395473689,1.8054001832365776,78.91305021174706,1.7658496078448727,0.009569508337727876,2.328670127015952e-06,190.4240100281313,16,COMPLETE
1923,21.29328521053045,1.1250635222978098,2026-10-06 01:43:05.880639,2026-10-06 01:46:16.460735,0 days 00:03:10.580096,0.013519689353729613,1.8054001832365776,82.58189857525764,12.303481343464334,0.009569508337727876,2.328670127015952e-06,190.58002365007997,16,COMPLETE
1924,30.040987714813504,1.7293504968315456,2026-10-06 01:43:05.884630,2026-10-06 01:46:18.170495,0 days 00:03:12.285865,0.14472486883161542,6.28879905307643,78.91305021174706,3.12446152905272,0.009569508337727876,2.328670127015952e-06,192.28578779986128,16,COMPLETE
1925,21.994944427449262,19.8730809662843,2026-10-06 01:43:05.888640,2026-10-06 01:46:18.049585,0 days 00:03:12.160945,0.6040198049165227,6.28879905307643,78.91305021174706,12.025559114678314,0.01192589372129387,2.328670127015952e-06,192.16087590670213,16,COMPLETE
1926,21.418049395803546,29.170500515265847,2026-10-06 01:43:05.892633,2026-10-06 01:46:18.219854,0 days 00:03:12.327221,0.6040198049165227,6.28879905307643,78.91305021174706,18.49957504695779,0.009569508337727876,2.328670127015952e-06,192.32714859908447,16,COMPLETE
1927,31.210384382689046,17.60718244445571,2026-10-06 01:43:05.896633,2026-10-06 01:46:17.725353,0 days 00:03:11.828720,0.14472486883161542,1.8054001832365776,78.91305021174706,18.49957504695779,0.009569508337727876,2.328670127015952e-06,191.8286474198103,16,COMPLETE
1928,30.82541249585376,16.789474745577493,2026-10-06 01:43:05.900636,2026-10-06 01:46:18.668024,0 days 00:03:12.767388,0.14472486883161542,2.5175414705174086,78.91305021174706,12.025559114678314,0.009569508337727876,2.328670127015952e-06,192.76731535606086,16,COMPLETE
1929,31.46293272733331,8.029899153979196,2026-10-06 01:43:05.904630,2026-10-06 01:46:18.567188,0 days 00:03:12.662558,0.06117368424531319,1.8054001832365776,78.91305021174706,18.49957504695779,0.009569508337727876,2.328670127015952e-06,192.66248207259923,16,COMPLETE
1930,30.244291062711483,16.939050115442,2026-10-06 01:43:05.959648,2026-10-06 01:46:20.323971,0 days 00:03:14.364323,0.14472486883161542,3.42961079489487,78.91305021174706,18.808973665165144,0.009569508337727876,9.391865709026338e-06,194.36423206701875,16,COMPLETE
1931,31.210384382689046,17.60718244445571,2026-10-06 01:43:06.795868,2026-10-06 01:46:16.352481,0 days 00:03:09.556613,0.14472486883161542,1.8054001832365776,78.91305021174706,18.49957504695779,0.009569508337727876,2.328670127015952e-06,189.55653890408576,16,COMPLETE
1932,19.68268326789387,1.8767479695351559,2026-10-06 01:43:06.799646,2026-10-06 01:46:19.053074,0 days 00:03:12.253428,0.14472486883161542,17.579235230569726,78.91305021174706,28.521004463161855,0.009569508337727876,2.328670127015952e-06,192.25334296980873,16,COMPLETE
1933,15.16637906786477,16.634152311220337,2026-10-06 01:43:06.803642,2026-10-06 01:46:18.224869,0 days 00:03:11.421227,0.48967816666395225,3.42961079489487,18.62821265258304,18.49957504695779,0.009569508337727876,2.328670127015952e-06,191.42115737404674,16,COMPLETE
1934,4.969491913462683,1.5921788627511284,2026-10-06 01:43:06.807646,2026-10-06 01:46:18.285456,0 days 00:03:11.477810,0.14472486883161542,42.89254922245675,6.911392731092498,1.8190863578544005,0.009569508337727876,10.665033461968264,191.4777344786562,16,COMPLETE
1935,23.663889992782153,25.418176057937153,2026-10-06 01:43:06.811638,2026-10-06 01:46:17.973708,0 days 00:03:11.162070,0.48967816666395225,6.28879905307643,78.91305021174706,12.025559114678314,0.009569508337727876,2.328670127015952e-06,191.161993003916,16,COMPLETE
1936,1.4963926172432784,1.2546818007053293,2026-10-06 01:43:06.917675,2026-10-06 01:46:16.592167,0 days 00:03:09.674492,0.08068082966358482,3.42961079489487,1.1912998922123295,18.49957504695779,0.009569508337727876,2.328670127015952e-06,189.67440451588482,16,COMPLETE
1937,30.009701226062987,17.512410052642476,2026-10-06 01:43:06.996305,2026-10-06 01:46:17.927480,0 days 00:03:10.931175,0.14472486883161542,3.42961079489487,85.90500464168423,18.49957504695779,0.009569508337727876,2.328670127015952e-06,190.93109272187576,16,COMPLETE
1938,17.69547565377947,5.536416045995949,2026-10-06 01:43:07.875837,2026-10-06 01:46:15.794055,0 days 00:03:07.918218,0.12014132825757128,1.8054001832365776,5.372163490210319,12.303481343464334,0.009569508337727876,2.328670127015952e-06,187.91811878280714,16,COMPLETE
1939,31.210384382689046,17.60718244445571,2026-10-06 01:43:08.108843,2026-10-06 01:46:19.818500,0 days 00:03:11.709657,0.14472486883161542,1.8054001832365776,78.91305021174706,18.49957504695779,0.009569508337727876,2.328670127015952e-06,191.7095744716935,16,COMPLETE
1940,,,2026-10-06 01:43:08.365705,2026-10-06 01:43:09.134717,0 days 00:00:00.769012,0.14472486883161542,1.8054001832365776,78.91305021174706,33.705587852946245,0.0016577392421931137,,,16,PRUNED
1941,23.873095954091593,6.872540677012729,2026-10-06 01:43:08.675693,2026-10-06 01:46:15.903475,0 days 00:03:07.227782,0.07964528498849091,1.8054001832365776,78.91305021174706,47.77760718136664,0.009569508337727876,0.49040093778643945,187.2276942958124,16,COMPLETE
1942,24.197576768936507,9.890555027429757,2026-10-06 01:43:08.784685,2026-10-06 01:46:17.496469,0 days 00:03:08.711784,0.48480307501533615,3.42961079489487,78.91305021174706,1.7511804237971127,0.009569508337727876,9.391865709026338e-06,188.7116894382052,16,COMPLETE
1943,6.122579668934678,2.466677868244047,2026-10-06 01:43:09.272683,2026-10-06 01:46:20.035174,0 days 00:03:10.762491,0.6040198049165227,6.28879905307643,2.207648087520128,18.49957504695779,0.009569508337727876,2.328670127015952e-06,190.76240709796548,16,COMPLETE
1944,6.418608273004135,1.8738448488174857,2026-10-06 01:43:09.332234,2026-10-06 01:46:18.044787,0 days 00:03:08.712553,0.14472486883161542,3.42961079489487,2.535587476116084,28.521004463161855,0.009569508337727876,2.328670127015952e-06,188.71247912896797,16,COMPLETE
1945,,,2026-10-06 01:43:10.140696,2026-10-06 01:43:11.222744,0 days 00:00:01.082048,0.8033669546415871,3.42961079489487,78.91305021174706,18.49957504695779,0.005554937017941875,,,16,PRUNED
1946,,,2026-10-06 01:43:11.518698,2026-10-06 01:43:12.652723,0 days 00:00:01.134025,0.14472486883161542,1.8054001832365776,78.91305021174706,12.025559114678314,0.004109766160939421,,,16,PRUNED
1947,8.041659334613815,1.54542904330228,2026-10-06 01:43:12.908687,2026-10-06 01:46:21.583779,0 days 00:03:08.675092,0.3320018215288991,16.442360237751085,3.6530302233886696,2.4821582187648223,0.0040105848801090405,2.328670127015952e-06,188.6749994470738,16,COMPLETE
1948,31.563891700162106,14.56744526470626,2026-10-06 01:44:56.029710,2026-10-06 01:48:08.214103,0 days 00:03:12.184393,0.12014132825757128,1.8054001832365776,78.91305021174706,11.893393556982886,0.009569508337727876,2.328670127015952e-06,192.18427780177444,16,COMPLETE
1949,30.731308721815672,10.832857771402738,2026-10-06 01:46:08.970728,2026-10-06 01:49:23.966593,0 days 00:03:14.995865,0.08392608303142386,2.5826334477054016,78.91305021174706,18.49957504695779,0.009569508337727876,2.328670127015952e-06,194.99574905401096,16,COMPLETE
1950,31.210384382689046,17.60718244445571,2026-10-06 01:46:11.607703,2026-10-06 01:49:28.080242,0 days 00:03:16.472539,0.14472486883161542,1.8054001832365776,78.91305021174706,18.49957504695779,0.009569508337727876,2.328670127015952e-06,196.47245255997404,16,COMPLETE
1951,30.35869113239089,17.209624950296813,2026-10-06 01:46:12.460767,2026-10-06 01:49:25.993343,0 days 00:03:13.532576,0.14472486883161542,3.22118970963561,78.91305021174706,18.49957504695779,0.009569508337727876,2.787065974905425e-06,193.53247444983572,16,COMPLETE
1952,14.78477576728805,4.468860960196189,2026-10-06 01:46:13.044823,2026-10-06 01:49:28.657192,0 days 00:03:15.612369,0.9217991826947247,1.8054001832365776,53.759472028055306,1.7658496078448727,0.008698017554316196,2.328670127015952e-06,195.6122766919434,16,COMPLETE
1953,22.06570492239081,21.002271996298365,2026-10-06 01:46:13.048558,2026-10-06 01:49:26.509508,0 days 00:03:13.460950,0.6040198049165227,3.42961079489487,78.91305021174706,12.025559114678314,0.009569508337727876,2.328670127015952e-06,193.4608642430976,16,COMPLETE
1954,21.828160631013425,24.49252304052604,2026-10-06 01:46:13.343680,2026-10-06 01:49:25.294544,0 days 00:03:11.950864,0.6040198049165227,3.42961079489487,78.91305021174706,18.49957504695779,0.009569508337727876,2.328670127015952e-06,191.9507551798597,16,COMPLETE
1955,12.497735129199494,1.8895364685870535,2026-10-06 01:46:13.500497,2026-10-06 01:49:26.165515,0 days 00:03:12.665018,0.057807340713587785,1.8054001832365776,3.882507471753644,12.303481343464334,0.009569508337727876,2.328670127015952e-06,192.664921190124,16,COMPLETE
1956,23.478603581099378,25.80020674904861,2026-10-06 01:46:13.555667,2026-10-06 01:49:27.756343,0 days 00:03:14.200676,0.48480307501533615,3.42961079489487,78.91305021174706,33.705587852946245,0.009569508337727876,9.391865709026338e-06,194.2005738778971,16,COMPLETE
1957,8.453456169800893,5.7943096075207015,2026-10-06 01:46:13.636678,2026-10-06 01:49:26.055547,0 days 00:03:12.418869,0.6040198049165227,1.8054001832365776,4.880715861977777,12.025559114678314,0.0022232372582849406,2.328670127015952e-06,192.41868289979175,16,COMPLETE
1958,29.25769417682249,2.0618073385615787,2026-10-06 01:46:14.117692,2026-10-06 01:49:26.723568,0 days 00:03:12.605876,0.14472486883161542,3.42961079489487,78.91305021174706,12.025559114678314,0.05053443488221139,2.328670127015952e-06,192.60577719286084,16,COMPLETE
1959,22.527530560191696,11.43478597215747,2026-10-06 01:46:14.877692,2026-10-06 01:49:25.957638,0 days 00:03:11.079946,0.5804379238023668,2.5826334477054016,78.91305021174706,2.989503326678527,0.009569508337727876,2.328670127015952e-06,191.079837677069,16,COMPLETE
1960,18.90211080247654,7.601201039505624,2026-10-06 01:46:14.929677,2026-10-06 01:49:28.308814,0 days 00:03:13.379137,0.48967816666395225,3.42961079489487,78.91305021174706,91.52415691675964,0.009569508337727876,0.00024637875250850874,193.37904456816614,16,COMPLETE
1961,15.3146597477601,1.2680767478363713,2026-10-06 01:46:15.292689,2026-10-06 01:49:28.079168,0 days 00:03:12.786479,0.14472486883161542,1.8054001832365776,78.91305021174706,12.025559114678314,0.009569508337727876,67.41692123962599,192.78639229899272,16,COMPLETE
1962,23.270822715479984,1.35829055189621,2026-10-06 01:46:15.772692,2026-10-06 01:49:30.074741,0 days 00:03:14.302049,0.14472486883161542,7.7988590190752145,78.91305021174706,18.49957504695779,0.009569508337727876,2.328670127015952e-06,194.30195291992277,16,COMPLETE
1963,8.149210260894723,6.447421663997603,2026-10-06 01:46:16.152679,2026-10-06 01:49:28.373650,0 days 00:03:12.220971,0.6040198049165227,6.28879905307643,6.236846690521326,12.025559114678314,0.0039170204070426914,2.328670127015952e-06,192.22089167824015,16,COMPLETE
1964,21.418049395803546,29.170500515265847,2026-10-06 01:46:16.184667,2026-10-06 01:49:27.272737,0 days 00:03:11.088070,0.6040198049165227,6.28879905307643,78.91305021174706,18.49957504695779,0.009569508337727876,2.328670127015952e-06,191.08796755224466,16,COMPLETE
1965,30.60140737032479,1.367542848481742,2026-10-06 01:46:16.264660,2026-10-06 01:49:31.204344,0 days 00:03:14.939684,0.12931903263059724,3.42961079489487,78.91305021174706,1.7658496078448727,0.009569508337727876,9.391865709026338e-06,194.9395999768749,16,COMPLETE
1966,31.33637986742483,4.649058179986729,2026-10-06 01:46:16.328656,2026-10-06 01:49:29.027199,0 days 00:03:12.698543,0.14472486883161542,1.8054001832365776,53.759472028055306,1.7658496078448727,0.015815865835820595,2.328670127015952e-06,192.69846710329875,16,COMPLETE
1967,29.526302569286123,20.945495795588872,2026-10-06 01:46:16.385963,2026-10-06 01:49:28.142492,0 days 00:03:11.756529,0.16365378364484973,2.5826334477054016,78.91305021174706,74.8471701750583,0.009569508337727876,2.328670127015952e-06,191.7564522488974,16,COMPLETE
1968,30.86827773190405,2.7277391448999486,2026-10-06 01:46:16.485663,2026-10-06 01:49:31.416602,0 days 00:03:14.930939,0.14472486883161542,2.5826334477054016,78.91305021174706,1.6274731407232546,0.009569508337727876,2.328670127015952e-06,194.93083769921213,16,COMPLETE
1969,22.16406281774491,1.202335887742351,2026-10-06 01:46:16.515837,2026-10-06 01:49:26.490300,0 days 00:03:09.974463,0.013830361796887208,1.8054001832365776,78.91305021174706,18.49957504695779,0.009569508337727876,2.328670127015952e-06,189.97437027096748,16,COMPLETE
1970,27.631421154185496,1.1819655515691403,2026-10-06 01:46:16.560075,2026-10-06 01:49:26.904748,0 days 00:03:10.344673,0.056370681219845176,3.42961079489487,78.91305021174706,12.025559114678314,0.009569508337727876,2.328670127015952e-06,190.34457537299022,16,COMPLETE
1971,6.69249989254817,2.2303193153034773,2026-10-06 01:46:16.802703,2026-10-06 01:49:31.046722,0 days 00:03:14.244019,0.6040198049165227,6.28879905307643,2.457243025266545,12.025559114678314,0.009569508337727876,2.328670127015952e-06,194.24394069425762,16,COMPLETE
1972,24.65153353536489,1.3335022482032197,2026-10-06 01:46:16.978848,2026-10-06 01:49:30.735870,0 days 00:03:13.757022,0.14472486883161542,27.985396628066045,78.91305021174706,16.01801703339855,0.034116418079808475,2.328670127015952e-06,193.75692623388022,16,COMPLETE
1973,30.24752626172114,16.94356408470721,2026-10-06 01:46:17.003695,2026-10-06 01:49:27.304729,0 days 00:03:10.301034,0.14472486883161542,3.42961079489487,78.91305021174706,18.49957504695779,0.009569508337727876,3.604367102888168e-06,190.300941422116,16,COMPLETE
1974,31.59961466047836,15.842566080504184,2026-10-06 01:46:17.229566,2026-10-06 01:49:29.998575,0 days 00:03:12.769009,0.14472486883161542,1.8054001832365776,78.91305021174706,9.500772177000478,0.009569508337727876,2.328670127015952e-06,192.76891259476542,16,COMPLETE
1975,30.94358748929152,2.278770273417516,2026-10-06 01:46:17.388682,2026-10-06 01:49:30.002494,0 days 00:03:12.613812,0.14472486883161542,35.634484587809034,78.91305021174706,1.8190863578544005,0.009569508337727876,2.328670127015952e-06,192.6137241362594,16,COMPLETE
1976,29.98273984366067,18.038103512436695,2026-10-06 01:46:17.470887,2026-10-06 01:49:35.748535,0 days 00:03:18.277648,0.14472486883161542,3.42961079489487,78.91305021174706,28.521004463161855,0.009569508337727876,2.328670127015952e-06,198.27753668930382,16,COMPLETE
1977,29.772930384347166,1.7438920100219846,2026-10-06 01:46:17.587677,2026-10-06 01:49:28.938101,0 days 00:03:11.350424,0.14472486883161542,3.22118970963561,78.91305021174706,3.6300674480320727,0.011217072267916588,2.787065974905425e-06,191.3503202199936,16,COMPLETE
1978,30.273690259983074,18.496617728685088,2026-10-06 01:46:17.649680,2026-10-06 01:49:34.906354,0 days 00:03:17.256674,0.14472486883161542,2.7865252403128076,78.91305021174706,30.442476122484525,0.009569508337727876,2.328670127015952e-06,197.25657384702936,16,COMPLETE
1979,24.293559357814893,25.182782593238816,2026-10-06 01:46:17.697663,2026-10-06 01:49:27.673678,0 days 00:03:09.976015,0.48967816666395225,3.42961079489487,78.91305021174706,18.49957504695779,0.009569508337727876,2.328670127015952e-06,189.9759125020355,16,COMPLETE
1980,,,2026-10-06 01:46:17.868687,2026-10-06 01:46:19.623134,0 days 00:00:01.754447,0.14472486883161542,1.8054001832365776,78.91305021174706,18.49957504695779,0.0027361828719116347,,,16,PRUNED
1981,,,2026-10-06 01:46:18.316898,2026-10-06 01:46:19.742726,0 days 00:00:01.425828,0.14472486883161542,33.07759466105922,78.91305021174706,18.49957504695779,0.0011463196233875786,,,16,PRUNED
1982,24.584298322942782,10.208842711681482,2026-10-06 01:46:18.371815,2026-10-06 01:49:31.762028,0 days 00:03:13.390213,0.14472486883161542,3.42961079489487,78.91305021174706,18.49957504695779,0.009569508337727876,0.22732167044476517,193.39012416591868,16,COMPLETE
1983,22.59416578075066,2.9084954554939104,2026-10-06 01:46:18.385665,2026-10-06 01:49:29.224796,0 days 00:03:10.839131,0.14472486883161542,1.8054001832365776,10.805437116337249,18.49957504695779,0.024874398798106327,2.328670127015952e-06,190.83903086697683,16,COMPLETE
1984,,,2026-10-06 01:46:18.454690,2026-10-06 01:46:20.281748,0 days 00:00:01.827058,0.14472486883161542,1.8054001832365776,78.91305021174706,12.025559114678314,0.004546261854201098,,,16,PRUNED
1985,28.51872938801737,1.4656770551157277,2026-10-06 01:46:18.458645,2026-10-06 01:49:34.488677,0 days 00:03:16.030032,0.14472486883161542,1.8054001832365776,78.91305021174706,12.025559114678314,0.07937213071324456,2.328670127015952e-06,196.02994928881526,16,COMPLETE
1986,,,2026-10-06 01:46:18.482644,2026-10-06 01:46:19.270677,0 days 00:00:00.788033,0.14472486883161542,3.42961079489487,78.91305021174706,18.49957504695779,0.0036158407438513455,,,16,PRUNED
1987,26.612106827654816,20.059837490943025,2026-10-06 01:46:18.514650,2026-10-06 01:49:35.021901,0 days 00:03:16.507251,0.42937345114127523,3.42961079489487,78.91305021174706,8.575793982604408,0.009406258884274878,2.328670127015952e-06,196.50714656664059,16,COMPLETE
1988,,,2026-10-06 01:46:18.539659,2026-10-06 01:46:19.070675,0 days 00:00:00.531016,0.2830035310454432,3.42961079489487,78.91305021174706,18.49957504695779,0.0012152444850970312,,,16,PRUNED
1989,12.240193635602246,2.436796800741905,2026-10-06 01:46:18.552650,2026-10-06 01:49:31.041147,0 days 00:03:12.488497,0.14472486883161542,1.8054001832365776,2.898762930384087,1.8190863578544005,0.009569508337727876,2.328670127015952e-06,192.488421194721,16,COMPLETE
1990,,,2026-10-06 01:46:18.644670,2026-10-06 01:46:19.782371,0 days 00:00:01.137701,0.14472486883161542,1.8054001832365776,78.91305021174706,1.8190863578544005,0.003596042361881599,,,16,PRUNED
1991,,,2026-10-06 01:46:18.687783,2026-10-06 01:46:18.941680,0 days 00:00:00.253897,0.14472486883161542,1.8054001832365776,78.91305021174706,12.025559114678314,0.0039388849738770755,,,16,PRUNED
1992,12.48120145632829,9.799109753113658,2026-10-06 01:46:18.699643,2026-10-06 01:49:33.889157,0 days 00:03:15.189514,0.5804379238023668,1.8054001832365776,12.00449947869849,18.49957504695779,0.009569508337727876,2.328670127015952e-06,195.18943912675604,16,COMPLETE
1993,31.058494576748092,18.688083566493344,2026-10-06 01:46:19.026357,2026-10-06 01:49:28.071137,0 days 00:03:09.044780,0.14472486883161542,1.8054001832365776,78.91305021174706,12.303481343464334,0.008698017554316196,2.328670127015952e-06,189.04468339309096,16,COMPLETE
1994,21.137668084808684,5.568932845405689,2026-10-06 01:46:19.153661,2026-10-06 01:49:31.547387,0 days 00:03:12.393726,0.14472486883161542,28.478992882523894,78.91305021174706,18.49957504695779,0.008698017554316196,2.328670127015952e-06,192.39363935077563,16,COMPLETE
1995,1.3125713390459757,1.153735190707128,2026-10-06 01:46:19.174658,2026-10-06 01:49:30.936938,0 days 00:03:11.762280,0.0326482777380747,46.65584899663488,78.91305021174706,18.49957504695779,0.009569508337727876,2.328670127015952e-06,191.76219047000632,16,COMPLETE
1996,24.396911584044403,21.215665384988757,2026-10-06 01:46:19.256671,2026-10-06 01:49:30.993610,0 days 00:03:11.736939,0.4896406076381031,1.8054001832365776,78.91305021174706,28.521004463161855,0.009569508337727876,2.328670127015952e-06,191.73685767827556,16,COMPLETE
1997,7.584033643243487,1.6737041449384782,2026-10-06 01:46:19.355662,2026-10-06 01:49:32.235220,0 days 00:03:12.879558,0.14472486883161542,39.09091013321203,11.190960002321702,1.7658496078448727,0.009569508337727876,10.120719773180523,192.87947386689484,16,COMPLETE
1998,21.808048734944474,25.25432126447999,2026-10-06 01:46:19.802692,2026-10-06 01:49:31.949846,0 days 00:03:12.147154,0.6040198049165227,6.28879905307643,78.91305021174706,12.025559114678314,0.009569508337727876,2.328670127015952e-06,192.14706028206274,16,COMPLETE
