number,values_0,values_1,datetime_start,datetime_complete,duration,params_c_val,params_input_force,params_k_between_val,params_k_wall_val,params_m_val,params_ridge_alpha,user_attrs_duration_sec,system_attrs_NSGAIISampler:generation,state
6378,26.367573345910007,1.4531722337416144,2026-10-06 05:09:18.886698,2026-10-06 05:12:31.607579,0 days 00:03:12.720881,0.14472486883161542,6.443849557985307,78.91305021174706,12.025559114678314,0.009569508337727876,1.2446212784745538e-06,192.72073241416365,53,COMPLETE
6379,29.500813155672354,18.98568750361597,2026-10-06 05:09:25.952682,2026-10-06 05:12:36.199009,0 days 00:03:10.246327,0.14472486883161542,3.42961079489487,78.91305021174706,53.19831855856638,0.009569508337727876,5.267396943643056e-05,190.24619071977213,53,COMPLETE
6380,30.325465977871865,14.229355773218826,2026-10-06 05:10:01.671106,2026-10-06 05:13:11.301854,0 days 00:03:09.630748,0.14472486883161542,1.0100598856645617,53.912333285639036,12.025559114678314,0.008698017554316196,2.328670127015952e-06,189.6306076226756,53,COMPLETE
6381,28.550865502874966,13.001237147721042,2026-10-06 05:10:06.236691,2026-10-06 05:13:14.874857,0 days 00:03:08.638166,0.19189241237051688,1.8054001832365776,78.91305021174706,12.025559114678314,0.008698017554316196,0.004744241720117163,188.63803281029686,53,COMPLETE
6382,17.94062239680256,2.817616511026076,2026-10-06 05:10:42.797714,2026-10-06 05:13:52.673362,0 days 00:03:09.875648,0.18895959097737963,6.28879905307643,78.91305021174706,16.966954115393197,0.009569508337727876,2.328670127015952e-06,189.87551691615954,53,COMPLETE
6383,29.73766810564506,8.432117084347336,2026-10-06 05:11:53.722684,2026-10-06 05:15:06.116539,0 days 00:03:12.393855,0.35349415915446786,3.42961079489487,78.91305021174706,12.025559114678314,0.03463343903868386,1.2446212784745538e-06,192.3936361912638,53,COMPLETE
6384,30.950715188055607,10.191379737922212,2026-10-06 05:11:54.791507,2026-10-06 05:15:08.093484,0 days 00:03:13.301977,0.14472486883161542,1.0100598856645617,78.91305021174706,12.025559114678314,0.009569508337727876,0.0003167769690595468,193.30184352304786,53,COMPLETE
6385,29.81162679856778,23.247751442049935,2026-10-06 05:11:55.083760,2026-10-06 05:15:04.486212,0 days 00:03:09.402452,0.22031827582514427,3.42961079489487,80.97346391189345,23.798527756545578,0.009569508337727876,1.4671267453130232e-06,189.4023044393398,53,COMPLETE
6386,20.614019400801308,2.951879020049354,2026-10-06 05:11:55.375698,2026-10-06 05:15:10.690121,0 days 00:03:15.314423,0.11816812965117938,46.72396312301184,69.16329565667773,8.858210845255327,0.008698017554316196,1.4671267453130232e-06,195.31429759506136,53,COMPLETE
6387,32.962044116443394,3.7014399829364644,2026-10-06 05:11:55.642688,2026-10-06 05:15:07.620341,0 days 00:03:11.977653,0.14449328272497317,1.0100598856645617,78.91305021174706,18.49957504695779,0.03463343903868386,1.4671267453130232e-06,191.977512053214,53,COMPLETE
6388,,,2026-10-06 05:11:55.699661,2026-10-06 05:11:57.190688,0 days 00:00:01.491027,0.35349415915446786,2.5826334477054016,78.91305021174706,1.5081706885226966,0.002273629646776229,,,53,PRUNED
6389,31.797278028885337,17.23442484121371,2026-10-06 05:11:55.904659,2026-10-06 05:15:07.352839,0 days 00:03:11.448180,0.17534157142392734,1.0100598856645617,78.91305021174706,12.025559114678314,0.008698017554316196,1.4671267453130232e-06,191.44804765097797,53,COMPLETE
6390,26.035471020087964,2.7918600177327026,2026-10-06 05:11:56.412821,2026-10-06 05:15:15.364630,0 days 00:03:18.951809,0.18472274745078338,28.86611910989533,78.91305021174706,8.858210845255327,0.013690384157757191,2.328670127015952e-06,198.95166976936162,53,COMPLETE
6391,30.48910192139325,2.3394008161918096,2026-10-06 05:11:56.416641,2026-10-06 05:15:07.446532,0 days 00:03:11.029891,0.17534157142392734,1.8054001832365776,78.91305021174706,16.966954115393197,0.061202973082752986,2.328670127015952e-06,191.029767901171,53,COMPLETE
6392,29.12287811047966,1.2873138255578018,2026-10-06 05:11:56.528665,2026-10-06 05:15:09.842335,0 days 00:03:13.313670,0.06420377126813696,2.5826334477054016,78.91305021174706,6.460236656700908,0.009569508337727876,1.4671267453130232e-06,193.31355424132198,53,COMPLETE
6393,30.717753596046833,15.674534818677508,2026-10-06 05:11:56.695862,2026-10-06 05:15:12.838027,0 days 00:03:16.142165,0.1269892283627391,1.0100598856645617,69.16329565667773,58.16455205527957,0.008698017554316196,1.8434930811705582e-05,196.14207179984078,53,COMPLETE
6394,10.41602541784214,1.6841548067243322,2026-10-06 05:11:56.699643,2026-10-06 05:15:12.699347,0 days 00:03:15.999704,0.3401090828369047,3.42961079489487,78.91305021174706,24.18444484898805,0.008698017554316196,2.328670127015952e-06,195.99960741586983,53,COMPLETE
6395,29.878269949433736,6.477563226169142,2026-10-06 05:11:56.754124,2026-10-06 05:15:08.076655,0 days 00:03:11.322531,0.04872125868740498,2.5826334477054016,78.91305021174706,53.19831855856638,0.009569508337727876,1.4671267453130232e-06,191.32224703207612,53,COMPLETE
6396,,,2026-10-06 05:11:56.810411,2026-10-06 05:11:57.170714,0 days 00:00:00.360303,0.48967816666395225,6.28879905307643,78.91305021174706,53.19831855856638,0.0024910603891924597,,,53,PRUNED
6397,28.947153817691923,16.820689439577528,2026-10-06 05:11:56.999707,2026-10-06 05:15:11.194537,0 days 00:03:14.194830,0.2918907020150273,3.42961079489487,70.43612265844455,4.974711987488839,0.009569508337727876,1.4671267453130232e-06,194.19470039894804,53,COMPLETE
6398,8.042949950243766,7.112846022536578,2026-10-06 05:11:57.148687,2026-10-06 05:15:10.050155,0 days 00:03:12.901468,0.35349415915446786,2.5826334477054016,2.4437034356663974,53.19831855856638,0.009569508337727876,1.4671267453130232e-06,192.90134744998068,53,COMPLETE
6399,24.333789734229036,19.31799413514966,2026-10-06 05:11:57.603877,2026-10-06 05:15:10.005826,0 days 00:03:12.401949,0.18895959097737963,3.42961079489487,31.98494550412536,16.966954115393197,0.009569508337727876,1.4671267453130232e-06,192.4018173548393,53,COMPLETE
6400,,,2026-10-06 05:11:57.626963,2026-10-06 05:11:58.166728,0 days 00:00:00.539765,0.2918907020150273,3.42961079489487,80.97346391189345,15.382666136782571,0.006007975362044788,,,53,PRUNED
6401,,,2026-10-06 05:11:57.630649,2026-10-06 05:11:58.514697,0 days 00:00:00.884048,0.14472486883161542,1.0100598856645617,78.91305021174706,12.025559114678314,0.0018085471106798249,,,53,PRUNED
6402,,,2026-10-06 05:11:57.634636,2026-10-06 05:11:58.480710,0 days 00:00:00.846074,0.14472486883161542,1.0100598856645617,78.91305021174706,12.025559114678314,0.0034154034174195295,,,53,PRUNED
6403,16.12612900307907,1.2100469137021634,2026-10-06 05:11:57.638629,2026-10-06 05:15:10.774580,0 days 00:03:13.135951,0.03741638569685121,6.301437072759304,78.91305021174706,35.397938808104236,0.009569508337727876,1.2446212784745538e-06,193.13575366465375,53,COMPLETE
6404,0.07631252088992195,1.2251338484968608,2026-10-06 05:11:57.642632,2026-10-06 05:15:14.109685,0 days 00:03:16.467053,0.8101000139654222,1.0100598856645617,78.91305021174706,12.025559114678314,0.008698017554316196,1.4671267453130232e-06,196.46694633970037,53,COMPLETE
6405,21.103922232314243,1.2765228826010884,2026-10-06 05:11:57.646631,2026-10-06 05:15:11.659683,0 days 00:03:14.013052,0.015049004647407176,1.8054001832365776,78.91305021174706,28.163860772311256,0.008698017554316196,2.328670127015952e-06,194.01294405572116,53,COMPLETE
6406,29.555557329858278,22.051398646521573,2026-10-06 05:11:57.659755,2026-10-06 05:15:12.056808,0 days 00:03:14.397053,0.2918907020150273,4.014839763781616,78.91305021174706,8.858210845255327,0.009569508337727876,1.4671267453130232e-06,194.39694125391543,53,COMPLETE
6407,30.01564111472545,19.19188923032916,2026-10-06 05:11:57.724695,2026-10-06 05:15:10.394535,0 days 00:03:12.669840,0.14472486883161542,2.5826334477054016,78.91305021174706,53.19831855856638,0.009569508337727876,1.2446212784745538e-06,192.6697354898788,53,COMPLETE
6408,,,2026-10-06 05:11:58.063702,2026-10-06 05:11:59.690758,0 days 00:00:01.627056,0.018246622517030932,3.42961079489487,78.91305021174706,53.19831855856638,0.005216366471755653,,,53,PRUNED
6409,29.30763658714403,23.430206934306558,2026-10-06 05:11:58.745476,2026-10-06 05:15:12.663606,0 days 00:03:13.918130,0.19189241237051688,3.42961079489487,78.91305021174706,22.14895547799347,0.008698017554316196,1.4671267453130232e-06,193.91803114162758,53,COMPLETE
6410,23.974910649928443,17.731673828007935,2026-10-06 05:11:58.754648,2026-10-06 05:15:13.895519,0 days 00:03:15.140871,0.19189241237051688,1.8054001832365776,23.200706134204502,8.858210845255327,0.008698017554316196,1.4671267453130232e-06,195.1407600552775,53,COMPLETE
6411,0.0738162499149841,1.190885365238785,2026-10-06 05:11:58.758637,2026-10-06 05:15:09.844007,0 days 00:03:11.085370,0.7153871730088748,1.8054001832365776,78.91305021174706,35.397938808104236,0.008698017554316196,1.0746247031029727e-06,191.0852663507685,53,COMPLETE
6412,24.838572425106808,31.251432408156305,2026-10-06 05:11:58.762630,2026-10-06 05:15:16.796346,0 days 00:03:18.033716,0.35349415915446786,4.95477336878759,80.97346391189345,53.19831855856638,0.009569508337727876,1.4671267453130232e-06,198.03360393177718,53,COMPLETE
6413,26.195444710402153,28.850907864306436,2026-10-06 05:11:58.766631,2026-10-06 05:15:09.318519,0 days 00:03:10.551888,0.2918907020150273,3.42961079489487,80.97346391189345,79.80443105794555,0.009569508337727876,1.4671267453130232e-06,190.5517870588228,53,COMPLETE
6414,32.45107919062387,9.277811358895427,2026-10-06 05:11:58.900689,2026-10-06 05:15:12.601505,0 days 00:03:13.700816,0.14472486883161542,1.0100598856645617,78.91305021174706,1.3591507973866694,0.009569508337727876,1.2446212784745538e-06,193.70071659004316,53,COMPLETE
6415,25.23194726707603,1.2337335484555183,2026-10-06 05:11:58.916647,2026-10-06 05:15:09.234938,0 days 00:03:10.318291,0.014605450076645212,1.8054001832365776,78.91305021174706,5.942183843056245,0.009569508337727876,2.328670127015952e-06,190.31818298297003,53,COMPLETE
6416,25.780705740491708,1.4513911673833397,2026-10-06 05:11:58.924635,2026-10-06 05:15:09.483187,0 days 00:03:10.558552,0.14472486883161542,13.322356667958667,78.91305021174706,12.025559114678314,0.013599751287901102,1.2446212784745538e-06,190.55841945298016,53,COMPLETE
6417,20.267017531441493,4.3740611708909425,2026-10-06 05:11:59.280686,2026-10-06 05:15:13.541377,0 days 00:03:14.260691,0.14472486883161542,22.34591201676297,78.91305021174706,21.63910276826749,0.008698017554316196,1.4671267453130232e-06,194.26058917399496,53,COMPLETE
6418,12.701372060901722,1.256211451922721,2026-10-06 05:11:59.375830,2026-10-06 05:15:09.091015,0 days 00:03:09.715185,0.19189241237051688,6.28879905307643,78.91305021174706,53.19831855856638,0.008698017554316196,1.54960617812222e-06,189.71507940301672,53,COMPLETE
6419,,,2026-10-06 05:11:59.896680,2026-10-06 05:13:17.330743,0 days 00:01:17.434063,0.18472274745078338,1.8054001832365776,78.91305021174706,75.47745339240682,0.008698017554316196,2.328670127015952e-06,,53,PRUNED
6420,30.882538907729327,19.255293001236748,2026-10-06 05:11:59.957830,2026-10-06 05:15:15.494562,0 days 00:03:15.536732,0.14472486883161542,1.8054001832365776,78.91305021174706,16.966954115393197,0.008698017554316196,2.328670127015952e-06,195.53659119596705,53,COMPLETE
6421,24.71620247189038,27.26638493799973,2026-10-06 05:11:59.961643,2026-10-06 05:15:12.593660,0 days 00:03:12.632017,0.48967816666395225,3.42961079489487,80.97346391189345,18.49957504695779,0.009569508337727876,1.4671267453130232e-06,192.6319151869975,53,COMPLETE
6422,31.892091524055406,14.500107603919062,2026-10-06 05:11:59.965633,2026-10-06 05:15:09.060139,0 days 00:03:09.094506,0.17534157142392734,1.0100598856645617,69.16329565667773,8.858210845255327,0.008698017554316196,1.4671267453130232e-06,189.09439038019627,53,COMPLETE
6423,20.79457682072549,20.36135621453387,2026-10-06 05:12:00.098024,2026-10-06 05:15:13.802547,0 days 00:03:13.704523,0.419007027175139,3.42961079489487,39.74121639815748,46.431764750098004,0.015042603539767522,1.4671267453130232e-06,193.70438382867724,53,COMPLETE
6424,17.299642835285173,10.465294506708512,2026-10-06 05:12:00.567043,2026-10-06 05:15:11.396170,0 days 00:03:10.829127,0.9210404334612253,1.8054001832365776,78.91305021174706,7.704673657496365,0.009569508337727876,2.108934163128921e-06,190.82901346171275,53,COMPLETE
6425,32.46981249378981,3.6971862024771376,2026-10-06 05:12:00.724708,2026-10-06 05:15:15.669790,0 days 00:03:14.945082,0.1269892283627391,1.8054001832365776,69.16329565667773,7.14008749932051,0.028410786806887824,1.4671267453130232e-06,194.9449609578587,53,COMPLETE
6426,11.564041776980963,5.486112926627259,2026-10-06 05:12:00.920845,2026-10-06 05:15:10.324202,0 days 00:03:09.403357,0.19189241237051688,1.0100598856645617,2.4412513915006944,18.49957504695779,0.008698017554316196,1.4671267453130232e-06,189.40325253130868,53,COMPLETE
6427,31.334573317960814,19.3758987211777,2026-10-06 05:12:00.924646,2026-10-06 05:15:10.091849,0 days 00:03:09.167203,0.17534157142392734,1.8054001832365776,78.91305021174706,7.207485112040558,0.008698017554316196,1.4671267453130232e-06,189.16708050016314,53,COMPLETE
6428,32.61866541234816,10.39779380565967,2026-10-06 05:12:01.463848,2026-10-06 05:15:13.292543,0 days 00:03:11.828695,0.14472486883161542,1.0100598856645617,80.97346391189345,2.827063252544005,0.009569508337727876,1.4671267453130232e-06,191.8285666089505,53,COMPLETE
6429,13.511236280799736,3.942549477098127,2026-10-06 05:12:01.957839,2026-10-06 05:15:11.610907,0 days 00:03:09.653068,0.2918907020150273,3.42961079489487,78.91305021174706,46.537809511448,0.008698017554316196,1.4671267453130232e-06,189.65293560223654,53,COMPLETE
6430,30.367451321189673,24.222920488790106,2026-10-06 05:12:01.961631,2026-10-06 05:15:10.388461,0 days 00:03:08.426830,0.22031827582514427,1.8054001832365776,78.91305021174706,18.49957504695779,0.008698017554316196,1.4671267453130232e-06,188.42671867506579,53,COMPLETE
6431,7.144695427134495,7.538145514134905,2026-10-06 05:12:01.965626,2026-10-06 05:15:16.502906,0 days 00:03:14.537280,0.48967816666395225,6.28879905307643,3.5448745096812138,53.19831855856638,0.009569508337727876,2.328670127015952e-06,194.53716008085757,53,COMPLETE
6432,11.54733339212206,10.736478414423686,2026-10-06 05:12:01.969625,2026-10-06 05:15:14.062141,0 days 00:03:12.092516,0.3401090828369047,3.42961079489487,6.931715696207321,45.605935248059524,0.010286188672385722,2.328670127015952e-06,192.09241932304576,53,COMPLETE
6433,30.967065556858632,20.939477473851216,2026-10-06 05:12:02.075961,2026-10-06 05:15:08.918600,0 days 00:03:06.842639,0.18472274745078338,1.8054001832365776,78.91305021174706,12.025559114678314,0.008698017554316196,2.328670127015952e-06,186.8424030840397,53,COMPLETE
6434,23.594851122604645,1.212677273719975,2026-10-06 05:12:02.087640,2026-10-06 05:15:14.272658,0 days 00:03:12.185018,0.022998290071850582,12.980772404859824,78.91305021174706,7.704673657496365,0.009569508337727876,2.108934163128921e-06,192.18491749512032,53,COMPLETE
6435,26.38232668942033,30.041282604477853,2026-10-06 05:12:02.184680,2026-10-06 05:15:12.249142,0 days 00:03:10.064462,0.3401090828369047,3.42961079489487,80.97346391189345,53.19831855856638,0.009569508337727876,1.618123570630984e-06,190.06433825520799,53,COMPLETE
6436,12.151428507236627,2.5998558324352974,2026-10-06 05:12:02.590688,2026-10-06 05:15:15.671600,0 days 00:03:13.080912,0.1269892283627391,1.0100598856645617,1.2805918223641028,7.704673657496365,0.009569508337727876,1.2446212784745538e-06,193.08080631121993,53,COMPLETE
6437,27.36201299508058,24.81628149588645,2026-10-06 05:12:02.616651,2026-10-06 05:15:13.450164,0 days 00:03:10.833513,0.22031827582514427,4.95477336878759,80.97346391189345,53.19831855856638,0.009569508337727876,1.0746247031029727e-06,190.83340638689697,53,COMPLETE
6438,23.164142034510583,13.439680067011889,2026-10-06 05:12:02.673656,2026-10-06 05:15:15.495904,0 days 00:03:12.822248,0.2918907020150273,4.014839763781616,78.91305021174706,11.839889492826071,0.009569508337727876,0.008414879202572131,192.82213505543768,53,COMPLETE
6439,29.907425453987372,16.594552055411107,2026-10-06 05:12:03.035069,2026-10-06 05:15:16.889452,0 days 00:03:13.854383,0.14432970822279975,3.42961079489487,69.16329565667773,18.49957504695779,0.009569508337727876,1.4671267453130232e-06,193.85426695924252,53,COMPLETE
6440,9.021685908718101,9.747278282536788,2026-10-06 05:12:03.209702,2026-10-06 05:15:13.405431,0 days 00:03:10.195729,0.419007027175139,3.42961079489487,4.51112323309587,53.19831855856638,0.009569508337727876,1.4671267453130232e-06,190.19560124585405,53,COMPLETE
6441,29.02255565739451,23.896787403128464,2026-10-06 05:12:03.312663,2026-10-06 05:15:10.103309,0 days 00:03:06.790646,0.3401090828369047,3.42961079489487,80.97346391189345,12.025559114678314,0.009569508337727876,1.4671267453130232e-06,186.79053108440712,53,COMPLETE
6442,23.940799537836256,25.12666152080193,2026-10-06 05:12:03.378671,2026-10-06 05:15:11.626537,0 days 00:03:08.247866,0.48967816666395225,4.95477336878759,78.91305021174706,53.19831855856638,0.016488179618103022,1.4671267453130232e-06,188.24774470180273,53,COMPLETE
6443,32.38648888495076,13.804704925394923,2026-10-06 05:12:03.406668,2026-10-06 05:15:14.263748,0 days 00:03:10.857080,0.1269892283627391,1.0100598856645617,69.16329565667773,9.482180025329619,0.008698017554316196,1.4671267453130232e-06,190.85696948086843,53,COMPLETE
6444,,,2026-10-06 05:12:03.428683,2026-10-06 05:12:04.302760,0 days 00:00:00.874077,0.03975181125937978,1.0100598856645617,78.91305021174706,12.025559114678314,0.0014381391712815533,,,53,PRUNED
6445,,,2026-10-06 05:12:04.454684,2026-10-06 05:12:05.154733,0 days 00:00:00.700049,0.1269892283627391,1.0100598856645617,78.91305021174706,1.5726971715499811,0.0017635606782462109,,,53,PRUNED
6446,0.31753936070249894,1.221129703602077,2026-10-06 05:12:04.458644,2026-10-06 05:15:13.880121,0 days 00:03:09.421477,0.3401090828369047,3.42961079489487,80.97346391189345,12.025559114678314,0.008698017554316196,69.88189301911395,189.42135179089382,53,COMPLETE
6447,32.54121947488755,11.114243100318943,2026-10-06 05:12:04.462624,2026-10-06 05:15:11.840533,0 days 00:03:07.377909,0.14472486883161542,1.0100598856645617,78.91305021174706,7.704673657496365,0.009569508337727876,5.469315822162173e-06,187.37779807299376,53,COMPLETE
6448,30.868074242524,21.028763894087323,2026-10-06 05:12:05.185692,2026-10-06 05:15:12.803116,0 days 00:03:07.617424,0.18472274745078338,1.8054001832365776,78.91305021174706,14.312783060456843,0.008698017554316196,3.600952891334186e-06,187.61732641607523,53,COMPLETE
6449,16.945682833190595,10.107395155459555,2026-10-06 05:12:29.850703,2026-10-06 05:15:41.793842,0 days 00:03:11.943139,0.48967816666395225,6.28879905307643,78.91305021174706,8.858210845255327,0.009569508337727876,0.018002514891706192,191.943005239591,53,COMPLETE
6450,20.87170549823016,17.24034760312483,2026-10-06 05:12:31.728710,2026-10-06 05:15:46.530629,0 days 00:03:14.801919,0.19189241237051688,1.8054001832365776,16.672895059861425,21.394312483179274,0.008698017554316196,1.54960617812222e-06,194.80177640728652,53,COMPLETE
6451,26.064795611719298,30.28387229659759,2026-10-06 05:12:36.712694,2026-10-06 05:15:47.287888,0 days 00:03:10.575194,0.35349415915446786,3.42961079489487,78.91305021174706,53.19831855856638,0.009569508337727876,1.2446212784745538e-06,190.57505549816415,53,COMPLETE
6452,24.191829367893007,1.594701487491231,2026-10-06 05:13:11.436715,2026-10-06 05:16:24.612023,0 days 00:03:13.175308,0.14472486883161542,6.105478190085073,78.91305021174706,16.966954115393197,0.009569508337727876,1.2446212784745538e-06,193.17516595404595,53,COMPLETE
6453,18.14333392290926,7.858096359218882,2026-10-06 05:13:14.894670,2026-10-06 05:16:26.409887,0 days 00:03:11.515217,0.18472274745078338,48.78017899580236,69.16329565667773,23.754430246270907,0.008698017554316196,1.4671267453130232e-06,191.5150798340328,53,COMPLETE
6454,14.122623146376649,6.411695894702437,2026-10-06 05:13:17.485696,2026-10-06 05:16:25.221231,0 days 00:03:07.735535,0.38556856023151576,6.28879905307643,78.91305021174706,53.19831855856638,0.009569508337727876,34.73434032963359,187.73539213929325,53,COMPLETE
6455,28.52584550306754,12.876828174984329,2026-10-06 05:13:52.814696,2026-10-06 05:17:06.548970,0 days 00:03:13.734274,0.14472486883161542,1.0100598856645617,29.758408594819098,7.704673657496365,0.008698017554316196,2.328670127015952e-06,193.734148922842,53,COMPLETE
6456,32.69023042777287,11.582991778799114,2026-10-06 05:15:04.623692,2026-10-06 05:18:20.252147,0 days 00:03:15.628455,0.0995782664030929,1.0100598856645617,78.91305021174706,12.025559114678314,0.009569508337727876,1.2446212784745538e-06,195.62832594290376,53,COMPLETE
6457,30.748633635853157,21.7672893085043,2026-10-06 05:15:06.376802,2026-10-06 05:18:17.569599,0 days 00:03:11.192797,0.17534157142392734,1.8054001832365776,78.91305021174706,18.49957504695779,0.008698017554316196,1.4671267453130232e-06,191.19264533696696,53,COMPLETE
6458,21.871279782497624,14.74790430699021,2026-10-06 05:15:07.474784,2026-10-06 05:18:21.190895,0 days 00:03:13.716111,0.419007027175139,1.8054001832365776,78.91305021174706,18.49957504695779,0.009569508337727876,0.00011457705098983506,193.71599160367623,54,COMPLETE
6459,31.243956781554704,20.081659948293826,2026-10-06 05:15:07.515653,2026-10-06 05:18:18.873567,0 days 00:03:11.357914,0.19189241237051688,1.8054001832365776,78.91305021174706,7.704673657496365,0.008698017554316196,1.4671267453130232e-06,191.35778449336067,54,COMPLETE
6460,29.140691393708305,16.006056516129075,2026-10-06 05:15:07.859963,2026-10-06 05:18:18.915276,0 days 00:03:11.055313,0.2918907020150273,1.0100598856645617,69.16329565667773,15.382666136782571,0.008698017554316196,1.4671267453130232e-06,191.05518332403153,54,COMPLETE
