number,values_0,values_1,datetime_start,datetime_complete,duration,params_c_val,params_input_force,params_k_between_val,params_k_wall_val,params_m_val,params_ridge_alpha,user_attrs_duration_sec,system_attrs_NSGAIISampler:generation,state
6710,30.088085567940944,14.077007154046933,2026-10-06 05:24:51.503849,2026-10-06 05:28:01.735248,0 days 00:03:10.231399,0.11816812965117938,3.42961079489487,80.97346391189345,18.49957504695779,0.009569508337727876,1.4671267453130232e-06,190.23129312088713,56,COMPLETE
6711,28.14840431917874,25.709829682102527,2026-10-06 05:24:51.507629,2026-10-06 05:28:04.755582,0 days 00:03:13.247953,0.2918907020150273,4.95477336878759,82.44184549645114,18.49957504695779,0.009569508337727876,1.4671267453130232e-06,193.24784696288407,56,COMPLETE
6712,29.65389183415033,19.094607663193205,2026-10-06 05:24:51.915684,2026-10-06 05:28:04.743718,0 days 00:03:12.828034,0.14472486883161542,3.42961079489487,78.91305021174706,21.63910276826749,0.008698017554316196,1.4671267453130232e-06,192.82791723310947,56,COMPLETE
6713,26.064795611719298,30.28387229659759,2026-10-06 05:24:52.019679,2026-10-06 05:28:02.124134,0 days 00:03:10.104455,0.35349415915446786,3.42961079489487,78.91305021174706,53.19831855856638,0.009569508337727876,1.2446212784745538e-06,190.10431238776073,56,COMPLETE
6714,1.8952806816884464,1.1856809933454087,2026-10-06 05:24:52.253813,2026-10-06 05:28:03.763864,0 days 00:03:11.510051,0.1269892283627391,24.33535937025121,1.0030203140741332,8.858210845255327,0.008698017554316196,1.4671267453130232e-06,191.50993692083284,56,COMPLETE
6715,32.047787572250556,13.711989436550708,2026-10-06 05:24:53.108685,2026-10-06 05:28:02.775490,0 days 00:03:09.666805,0.17534157142392734,1.0100598856645617,78.91305021174706,12.025559114678314,0.009569508337727876,2.394944344756068e-06,189.66671846527606,56,COMPLETE
6716,27.77174853615325,1.6437641657053517,2026-10-06 05:24:53.137653,2026-10-06 05:28:05.431893,0 days 00:03:12.294240,0.1269892283627391,3.42961079489487,69.16329565667773,15.382666136782571,0.04797209557722526,0.0652785924788731,192.29411857528612,56,COMPLETE
6717,30.143072830189443,17.094880810343433,2026-10-06 05:24:53.141650,2026-10-06 05:28:02.975641,0 days 00:03:09.833991,0.14472486883161542,3.42961079489487,80.97346391189345,18.49957504695779,0.009569508337727876,1.4671267453130232e-06,189.83390328288078,56,COMPLETE
6718,31.075634286926935,18.253781952572005,2026-10-06 05:24:53.153638,2026-10-06 05:28:04.122894,0 days 00:03:10.969256,0.139903518686602,1.8054001832365776,78.91305021174706,12.025559114678314,0.008698017554316196,2.328670127015952e-06,190.96916572004557,56,COMPLETE
6719,31.45379417221783,18.09236872921044,2026-10-06 05:24:53.157637,2026-10-06 05:28:06.256686,0 days 00:03:13.099049,0.18472274745078338,1.0100598856645617,78.91305021174706,16.966954115393197,0.008698017554316196,2.328670127015952e-06,193.09892901824787,56,COMPLETE
6720,30.39822195450689,23.21785380276433,2026-10-06 05:24:53.165644,2026-10-06 05:28:02.355187,0 days 00:03:09.189543,0.22031827582514427,1.8054001832365776,78.91305021174706,35.397938808104236,0.009569508337727876,1.0746247031029727e-06,189.1894292589277,56,COMPLETE
6721,28.117954849004814,1.2813107689346999,2026-10-06 05:24:53.178153,2026-10-06 05:28:03.826938,0 days 00:03:10.648785,0.19189241237051688,12.984482080756976,78.91305021174706,7.704673657496365,0.03463343903868386,1.4671267453130232e-06,190.64868198800832,56,COMPLETE
6722,26.20766568632471,26.950569128894674,2026-10-06 05:24:53.535682,2026-10-06 05:28:06.430517,0 days 00:03:12.894835,0.419007027175139,3.42961079489487,78.91305021174706,21.63910276826749,0.009569508337727876,1.4671267453130232e-06,192.89472814369947,56,COMPLETE
6723,24.06345349867296,23.82526031738622,2026-10-06 05:24:53.595654,2026-10-06 05:28:02.700335,0 days 00:03:09.104681,0.48967816666395225,6.28879905307643,78.91305021174706,46.431764750098004,0.018873922091533067,2.328670127015952e-06,189.10457242000848,56,COMPLETE
6724,24.743413590041705,31.61599415203662,2026-10-06 05:24:54.276861,2026-10-06 05:28:05.754526,0 days 00:03:11.477665,0.4188935207352556,3.42961079489487,78.91305021174706,53.19831855856638,0.009569508337727876,1.2446212784745538e-06,191.47755344305187,56,COMPLETE
6725,23.97487298894429,1.2731270088637858,2026-10-06 05:24:54.398682,2026-10-06 05:28:05.494339,0 days 00:03:11.095657,0.013851900035561434,1.8054001832365776,78.91305021174706,53.19831855856638,0.009569508337727876,1.0746247031029727e-06,191.0955341309309,56,COMPLETE
6726,33.15072549952123,3.438517429646824,2026-10-06 05:24:54.417802,2026-10-06 05:28:07.819966,0 days 00:03:13.402164,0.14472486883161542,1.0100598856645617,78.91305021174706,12.025559114678314,0.03463343903868386,1.2446212784745538e-06,193.40204134676605,56,COMPLETE
6727,20.759488638456165,2.4432120088758404,2026-10-06 05:24:55.274694,2026-10-06 05:28:05.726917,0 days 00:03:10.452223,0.06441798531902292,4.014839763781616,78.91305021174706,33.2498698009841,0.009569508337727876,2.328670127015952e-06,190.45210456801578,56,COMPLETE
6728,30.46747460063683,1.9642709986371192,2026-10-06 05:24:57.451707,2026-10-06 05:28:00.700741,0 days 00:03:03.249034,0.19189241237051688,3.42961079489487,80.97346391189345,1.5049443591569642,0.009569508337727876,1.4671267453130232e-06,183.24892274476588,56,COMPLETE
6729,31.872208362973346,3.3440401281802172,2026-10-06 05:25:05.611696,2026-10-06 05:28:04.535490,0 days 00:02:58.923794,0.0325520472611029,1.0100598856645617,78.91305021174706,11.286119700737487,0.008698017554316196,1.2446212784745538e-06,178.9236510680057,56,COMPLETE
6730,13.55311428640297,1.160002156552755,2026-10-06 05:25:22.572728,2026-10-06 05:28:34.991813,0 days 00:03:12.419085,0.01353133150987645,4.014839763781616,78.91305021174706,18.49957504695779,0.009569508337727876,27.743203198085343,192.4189342581667,56,COMPLETE
6731,32.016788086033294,15.657483192319932,2026-10-06 05:25:29.694684,2026-10-06 05:28:42.533134,0 days 00:03:12.838450,0.1269892283627391,1.0100598856645617,78.91305021174706,12.025559114678314,0.008698017554316196,1.4671267453130232e-06,192.83831238374114,56,COMPLETE
6732,0.1091797869136401,1.1837922828800584,2026-10-06 05:26:04.428693,2026-10-06 05:29:19.238371,0 days 00:03:14.809678,0.419007027175139,1.8054001832365776,78.91305021174706,16.966954115393197,0.008698017554316196,6.386575181767047e-05,194.80955380620435,56,COMPLETE
6733,31.001219460577705,20.546874726373222,2026-10-06 05:26:06.950805,2026-10-06 05:29:19.224629,0 days 00:03:12.273824,0.17534157142392734,1.8054001832365776,78.91305021174706,12.025559114678314,0.008698017554316196,2.328670127015952e-06,192.27369468379766,56,COMPLETE
6734,,,2026-10-06 05:26:08.618692,2026-10-06 05:26:09.561756,0 days 00:00:00.943064,0.14472486883161542,5.941190137497654,78.91305021174706,18.49957504695779,0.002816349335222869,,,56,PRUNED
6735,29.116023320824677,7.057604448019219,2026-10-06 05:26:09.876700,2026-10-06 05:29:19.589741,0 days 00:03:09.713041,0.06441798531902292,4.014839763781616,73.0497804431389,50.727054421828136,0.009569508337727876,1.2446212784745538e-06,189.71291167102754,56,COMPLETE
6736,30.368186019675164,23.74150886625968,2026-10-06 05:26:45.911691,2026-10-06 05:29:57.538262,0 days 00:03:11.626571,0.22031827582514427,1.8054001832365776,78.91305021174706,18.49957504695779,0.008698017554316196,2.328670127015952e-06,191.6264437730424,56,COMPLETE
6737,28.231700714620228,8.07049095887404,2026-10-06 05:27:57.173362,2026-10-06 05:31:09.528651,0 days 00:03:12.355289,0.35349415915446786,6.28879905307643,78.91305021174706,53.19831855856638,0.04548009334947368,2.328670127015952e-06,192.3551541841589,56,COMPLETE
6738,11.91270873611861,8.912167257395462,2026-10-06 05:27:57.448696,2026-10-06 05:31:08.770121,0 days 00:03:11.321425,0.35349415915446786,46.88625648917901,78.91305021174706,53.19831855856638,0.009569508337727876,1.4671267453130232e-06,191.32127316715196,56,COMPLETE
6739,14.68829058284542,1.2452173434307343,2026-10-06 05:27:57.757707,2026-10-06 05:31:12.317861,0 days 00:03:14.560154,0.19189241237051688,1.0100598856645617,78.91305021174706,8.858210845255327,0.008698017554316196,28.264205289891695,194.56002195365727,56,COMPLETE
6740,14.426917215173765,1.3033036767560051,2026-10-06 05:27:58.124889,2026-10-06 05:31:11.280855,0 days 00:03:13.155966,0.12186470831252749,1.0100598856645617,7.688146037402564,7.704673657496365,0.01747211378378806,1.9379821462919715,193.15585864521563,56,COMPLETE
6741,29.03854505383658,20.747140916697056,2026-10-06 05:27:58.495693,2026-10-06 05:31:10.768560,0 days 00:03:12.272867,0.2918907020150273,3.42961079489487,78.91305021174706,15.382666136782571,0.009569508337727876,1.2450329553239938e-05,192.27272304007784,56,COMPLETE
6742,24.382234084207234,25.1177130614344,2026-10-06 05:27:58.499634,2026-10-06 05:31:10.252581,0 days 00:03:11.752947,0.48967816666395225,1.8054001832365776,78.91305021174706,46.431764750098004,0.009569508337727876,1.54960617812222e-06,191.75279604876414,56,COMPLETE
6743,29.53568592373489,14.664778244192801,2026-10-06 05:27:58.986459,2026-10-06 05:31:09.688540,0 days 00:03:10.702081,0.19189241237051688,3.42961079489487,80.97346391189345,45.605935248059524,0.017083039534159582,1.4671267453130232e-06,190.42814205866307,56,COMPLETE
6744,32.268085174426844,13.01191444942172,2026-10-06 05:27:59.080672,2026-10-06 05:31:13.568208,0 days 00:03:14.487536,0.17534157142392734,1.0100598856645617,78.91305021174706,8.858210845255327,0.009569508337727876,2.328670127015952e-06,194.48741989489645,56,COMPLETE
6745,16.021922084838966,1.2389834645361504,2026-10-06 05:27:59.185661,2026-10-06 05:31:12.242794,0 days 00:03:13.057133,0.1269892283627391,1.0100598856645617,78.91305021174706,7.704673657496365,0.009569508337727876,15.993877644456575,193.0569971310906,56,COMPLETE
6746,23.45204302241398,18.50204727276714,2026-10-06 05:27:59.501692,2026-10-06 05:31:13.971189,0 days 00:03:14.469497,0.48967816666395225,1.0100598856645617,78.91305021174706,46.431764750098004,0.009569508337727876,2.328670127015952e-06,194.46940781082958,56,COMPLETE
6747,20.545323736349367,1.7752546606639716,2026-10-06 05:28:00.024690,2026-10-06 05:31:14.913496,0 days 00:03:14.888806,0.22031827582514427,3.42961079489487,80.97346391189345,18.49957504695779,0.008698017554316196,2.328670127015952e-06,194.88867620704696,56,COMPLETE
6748,,,2026-10-06 05:28:00.596980,2026-10-06 05:28:01.260875,0 days 00:00:00.663895,0.12186470831252749,1.0100598856645617,78.91305021174706,2.3033310097436166,0.002566917703054934,,,56,PRUNED
6749,26.171002673065306,26.79607700676077,2026-10-06 05:28:00.746904,2026-10-06 05:31:13.995151,0 days 00:03:13.248247,0.419007027175139,1.8054001832365776,78.91305021174706,53.19831855856638,0.009569508337727876,1.0746247031029727e-06,193.2481606239453,56,COMPLETE
6750,28.366463781483805,1.457133664803011,2026-10-06 05:28:00.843668,2026-10-06 05:31:14.735704,0 days 00:03:13.892036,0.06441798531902292,3.42961079489487,78.91305021174706,8.858210845255327,0.009569508337727876,2.328670127015952e-06,193.89192215399817,56,COMPLETE
6751,30.14303633448504,19.76690603266302,2026-10-06 05:28:01.264674,2026-10-06 05:31:14.993405,0 days 00:03:13.728731,0.17534157142392734,3.42961079489487,80.97346391189345,18.49957504695779,0.009569508337727876,1.4671267453130232e-06,193.72862778697163,56,COMPLETE
6752,32.424023089042706,2.4430025916506977,2026-10-06 05:28:01.324678,2026-10-06 05:31:14.946496,0 days 00:03:13.621818,0.14472486883161542,1.0100598856645617,78.91305021174706,8.858210845255327,0.041934808471002685,1.4671267453130232e-06,193.6217141058296,56,COMPLETE
6753,30.00056715419823,9.426684095046474,2026-10-06 05:28:01.492806,2026-10-06 05:31:16.668167,0 days 00:03:15.175361,0.06441798531902292,2.5826334477054016,78.91305021174706,53.19831855856638,0.009569508337727876,1.4671267453130232e-06,195.17525062710047,56,COMPLETE
6754,32.0852531951116,14.414472754352309,2026-10-06 05:28:01.496638,2026-10-06 05:31:14.943581,0 days 00:03:13.446943,0.17534157142392734,1.0100598856645617,78.91305021174706,12.025559114678314,0.009569508337727876,1.4671267453130232e-06,193.44683409435675,56,COMPLETE
6755,31.22015051898152,18.61837211804359,2026-10-06 05:28:01.842677,2026-10-06 05:31:18.622564,0 days 00:03:16.779887,0.20363108447537995,1.0100598856645617,78.91305021174706,18.49957504695779,0.008698017554316196,2.328670127015952e-06,196.77974239829928,56,COMPLETE
6756,,,2026-10-06 05:28:01.892824,2026-10-06 05:28:02.506739,0 days 00:00:00.613915,0.3401090828369047,2.5826334477054016,78.91305021174706,53.19831855856638,0.003084785262939711,,,56,PRUNED
6757,32.35746176177654,10.784196418964955,2026-10-06 05:28:01.896636,2026-10-06 05:31:13.912164,0 days 00:03:12.015528,0.1269892283627391,1.0100598856645617,78.91305021174706,2.5931783094816834,0.008698017554316196,1.4671267453130232e-06,192.01543947588652,56,COMPLETE
6758,27.728464783924892,21.204514368840126,2026-10-06 05:28:01.900627,2026-10-06 05:31:13.225143,0 days 00:03:11.324516,0.17534157142392734,3.42961079489487,78.91305021174706,99.71391412876365,0.009569508337727876,1.4671267453130232e-06,191.3243886800483,56,COMPLETE
6759,27.69391423948294,1.7094583466722058,2026-10-06 05:28:01.904628,2026-10-06 05:31:14.964825,0 days 00:03:13.060197,0.35349415915446786,1.0100598856645617,78.91305021174706,7.704673657496365,0.008698017554316196,1.4671267453130232e-06,193.06010777084157,56,COMPLETE
6760,28.88969059166926,25.760763699122833,2026-10-06 05:28:01.970649,2026-10-06 05:31:13.959123,0 days 00:03:11.988474,0.2918907020150273,4.014839763781616,80.97346391189345,18.49957504695779,0.009569508337727876,1.2446212784745538e-06,191.98838955396786,56,COMPLETE
6761,17.361075453588207,1.3142295370224506,2026-10-06 05:28:02.253687,2026-10-06 05:31:14.963683,0 days 00:03:12.709996,0.14472486883161542,1.0100598856645617,78.91305021174706,17.444176692293013,0.009569508337727876,1.2677717349041926,192.70989431999624,56,COMPLETE
6762,25.854534691639106,1.5438600579910202,2026-10-06 05:28:02.711873,2026-10-06 05:31:15.041969,0 days 00:03:12.330096,0.18472274745078338,6.28879905307643,78.91305021174706,12.025559114678314,0.009569508337727876,0.0008801084171460241,192.32999826408923,56,COMPLETE
6763,31.73875380798031,3.09882990326925,2026-10-06 05:28:02.715640,2026-10-06 05:31:15.000597,0 days 00:03:12.284957,0.030925350085348528,1.0100598856645617,80.97346391189345,11.286119700737487,0.008698017554316196,1.4671267453130232e-06,192.28486582962796,56,COMPLETE
6764,11.048014799270481,4.78172190754856,2026-10-06 05:28:02.719645,2026-10-06 05:31:15.044106,0 days 00:03:12.324461,0.19189241237051688,1.0100598856645617,2.0190910803165645,12.025559114678314,0.008698017554316196,3.2614854299034534e-06,192.32437500590459,56,COMPLETE
6765,29.535630477563455,24.78256169930743,2026-10-06 05:28:02.723626,2026-10-06 05:31:14.759139,0 days 00:03:12.035513,0.2918907020150273,3.42961079489487,80.97346391189345,15.382666136782571,0.009569508337727876,1.4671267453130232e-06,192.0354156321846,56,COMPLETE
6766,30.703594176633658,22.372813104115426,2026-10-06 05:28:02.728636,2026-10-06 05:31:14.329107,0 days 00:03:11.600471,0.18472274745078338,1.8054001832365776,78.91305021174706,18.49957504695779,0.008698017554316196,1.4671267453130232e-06,191.60034996597096,56,COMPLETE
6767,23.1620174345063,1.583467326117142,2026-10-06 05:28:02.833654,2026-10-06 05:31:15.529662,0 days 00:03:12.696008,0.3401090828369047,1.8054001832365776,78.91305021174706,18.49957504695779,0.008698017554316196,1.4671267453130232e-06,192.69590188376606,56,COMPLETE
6768,30.74116137335173,2.600571164665717,2026-10-06 05:28:02.918819,2026-10-06 05:31:13.739252,0 days 00:03:10.820433,0.17534157142392734,1.0100598856645617,78.91305021174706,47.834379025659096,0.06185888065187757,1.4671267453130232e-06,190.82032880932093,56,COMPLETE
6769,30.93566168680822,21.685335779995146,2026-10-06 05:28:02.922633,2026-10-06 05:31:19.636566,0 days 00:03:16.713933,0.19189241237051688,1.8054001832365776,78.91305021174706,12.025559114678314,0.008698017554316196,1.4671267453130232e-06,196.7137778508477,56,COMPLETE
6770,17.83407458744457,6.8383988449831,2026-10-06 05:28:02.926629,2026-10-06 05:31:16.435053,0 days 00:03:13.508424,0.7812678727297847,4.95477336878759,78.91305021174706,53.19831855856638,0.009569508337727876,1.4671267453130232e-06,193.50828613806516,56,COMPLETE
6771,30.93570415054372,21.634575860816348,2026-10-06 05:28:02.933167,2026-10-06 05:31:15.074431,0 days 00:03:12.141264,0.19189241237051688,1.8054001832365776,78.91305021174706,12.025559114678314,0.008698017554316196,1.54960617812222e-06,192.14116766303778,56,COMPLETE
6772,11.033425882862721,5.104963050789887,2026-10-06 05:28:02.948638,2026-10-06 05:31:16.519527,0 days 00:03:13.570889,0.419007027175139,34.24518791168793,78.91305021174706,53.19831855856638,0.009569508337727876,1.0746247031029727e-06,193.57078540092334,56,COMPLETE
6773,32.54618223918012,9.317654927850755,2026-10-06 05:28:02.952924,2026-10-06 05:31:18.145581,0 days 00:03:15.192657,0.14472486883161542,1.0100598856645617,78.91305021174706,1.6236088670979691,0.009569508337727876,2.328670127015952e-06,195.19138436298817,56,COMPLETE
6774,16.333746592677564,1.3073101730416488,2026-10-06 05:28:03.177698,2026-10-06 05:31:17.108970,0 days 00:03:13.931272,0.17534157142392734,1.8054001832365776,78.91305021174706,57.411504387473094,0.008698017554316196,1.4671267453130232e-06,193.93067891616374,56,COMPLETE
6775,22.994750928789596,7.882522011377679,2026-10-06 05:28:03.727691,2026-10-06 05:31:16.956299,0 days 00:03:13.228608,0.14472486883161542,1.0100598856645617,9.385393876948497,2.5931783094816834,0.009569508337727876,1.4671267453130232e-06,193.22849714010954,56,COMPLETE
6776,16.51526086911979,9.863426413507385,2026-10-06 05:28:03.972873,2026-10-06 05:31:15.990750,0 days 00:03:12.017877,0.22031827582514427,1.8054001832365776,7.624593552271705,7.704673657496365,0.009569508337727876,1.4671267453130232e-06,192.01776053803042,56,COMPLETE
6777,32.903017535412594,7.714057000518013,2026-10-06 05:28:03.981258,2026-10-06 05:31:16.969095,0 days 00:03:12.987837,0.09463773086870245,1.0100598856645617,78.91305021174706,2.638324228193052,0.009569508337727876,1.4368343148725622e-06,192.98773434804752,56,COMPLETE
6778,16.948363116326785,1.901963302375586,2026-10-06 05:28:04.085677,2026-10-06 05:31:13.787548,0 days 00:03:09.701871,0.14472486883161542,24.574543745359154,21.369991833979444,2.5931783094816834,0.009569508337727876,7.098711518896259,189.70165127003565,56,COMPLETE
6779,27.343870699669377,9.110033348283528,2026-10-06 05:28:04.117655,2026-10-06 05:31:17.026555,0 days 00:03:12.908900,0.1269892283627391,3.42961079489487,80.97346391189345,8.858210845255327,0.008698017554316196,1.4671267453130232e-06,192.90880012931302,56,COMPLETE
6780,27.691748835865546,25.959358125593905,2026-10-06 05:28:04.307827,2026-10-06 05:31:14.740021,0 days 00:03:10.432194,0.35349415915446786,1.8054001832365776,78.91305021174706,53.19831855856638,0.009569508337727876,1.4671267453130232e-06,190.4320920999162,56,COMPLETE
6781,2.105096217218009,1.2448901057745587,2026-10-06 05:28:04.596694,2026-10-06 05:31:15.988614,0 days 00:03:11.391920,0.37934387876701164,49.666009649301174,78.91305021174706,8.858210845255327,0.008698017554316196,1.4671267453130232e-06,191.39178666705266,56,COMPLETE
6782,30.311680446932563,1.9471515336302296,2026-10-06 05:28:04.633833,2026-10-06 05:31:17.610645,0 days 00:03:12.976812,0.14472486883161542,8.423651089510916,78.91305021174706,2.5931783094816834,0.009569508337727876,1.2446212784745538e-06,192.97649815492332,56,COMPLETE
6783,,,2026-10-06 05:28:04.637636,2026-10-06 05:28:05.878688,0 days 00:00:01.241052,0.35349415915446786,1.8054001832365776,78.91305021174706,35.397938808104236,0.002216625384397295,,,56,PRUNED
6784,23.24624307205306,1.1679227143297282,2026-10-06 05:28:04.641630,2026-10-06 05:31:14.950498,0 days 00:03:10.308868,0.14472486883161542,21.74487888631662,78.91305021174706,7.704673657496365,0.0944497773030848,4.413821116300688e-05,190.30877931788564,56,COMPLETE
6785,16.907507846499108,1.2601638025979962,2026-10-06 05:28:04.714692,2026-10-06 05:31:10.514553,0 days 00:03:05.799861,0.06441798531902292,18.950205436925792,78.91305021174706,18.49957504695779,0.046723846126480784,57.18163376730557,185.79973404714838,56,COMPLETE
6786,31.09126007342274,9.529172475198456,2026-10-06 05:28:05.068706,2026-10-06 05:31:13.877450,0 days 00:03:08.808744,0.14472486883161542,1.0100598856645617,78.91305021174706,7.704673657496365,0.010066673683367812,0.00022714082220569692,188.8086260240525,56,COMPLETE
6787,9.800352422662703,3.293024259248694,2026-10-06 05:28:05.072647,2026-10-06 05:31:15.454923,0 days 00:03:10.382276,0.419007027175139,28.320833090258585,69.16329565667773,52.161226709860685,0.008698017554316196,1.0746247031029727e-06,190.3821799531579,56,COMPLETE
6788,32.730561456815295,10.228367687304644,2026-10-06 05:28:05.084630,2026-10-06 05:31:15.004235,0 days 00:03:09.919605,0.14472486883161542,1.0100598856645617,78.91305021174706,2.5931783094816834,0.009569508337727876,1.4671267453130232e-06,189.91951645212248,56,COMPLETE
6789,16.431333919660844,1.2115059202192837,2026-10-06 05:28:05.502689,2026-10-06 05:31:19.171917,0 days 00:03:13.669228,0.029153141329370715,13.114223910841527,23.585801451222952,8.858210845255327,0.009569508337727876,2.328670127015952e-06,193.66911852685735,56,COMPLETE
6790,,,2026-10-06 05:28:06.166877,2026-10-06 05:28:07.766746,0 days 00:00:01.599869,0.5838393373802455,3.1466960376177817,80.97346391189345,1.1418302102780087,0.002479223166309946,,,56,PRUNED
6791,32.76294241821663,11.085923419754529,2026-10-06 05:28:06.308674,2026-10-06 05:31:20.186887,0 days 00:03:13.878213,0.11151388224056284,1.0100598856645617,78.91305021174706,7.704673657496365,0.009569508337727876,1.4671267453130232e-06,193.8780753700994,56,COMPLETE
