number,values_0,values_1,datetime_start,datetime_complete,duration,params_c_val,params_input_force,params_k_between_val,params_k_wall_val,params_m_val,params_ridge_alpha,user_attrs_duration_sec,system_attrs_NSGAIISampler:generation,state
756,22.77656864187842,7.170265296277902,2026-10-06 00:48:24.796351,2026-10-06 00:51:34.436546,0 days 00:03:09.640195,0.7708554034196982,5.163106132123858,75.08545011892379,3.323181860316004,0.0272863075382553,5.071280161362485e-06,189.64011936215684,6,COMPLETE
757,21.202542132926553,1.0792712474712107,2026-10-06 00:48:25.067692,2026-10-06 00:51:33.770011,0 days 00:03:08.702319,0.010916319707540062,1.8619069911135584,77.51383454227101,6.743114155712573,0.011005204287205276,0.007690928916612578,188.70224433206022,6,COMPLETE
758,29.63746685700072,1.8726096659063827,2026-10-06 00:48:25.252701,2026-10-06 00:51:37.271904,0 days 00:03:12.019203,0.2880553685721488,30.4361881968835,99.00751447520854,1.7658496078448727,0.01478582612116327,0.00026285855894701214,192.019117242191,6,COMPLETE
759,28.403356367747733,1.801085710487033,2026-10-06 00:48:25.402880,2026-10-06 00:51:35.933111,0 days 00:03:10.530231,0.16177110021459462,30.4361881968835,75.08545011892379,4.243265729109047,0.016205446913400444,0.007690928916612578,190.53015214996412,6,COMPLETE
760,28.060403321383653,1.2563017929389693,2026-10-06 00:48:25.406668,2026-10-06 00:51:37.703542,0 days 00:03:12.296874,0.07050638531186203,5.163106132123858,89.61123200940895,6.4760887432211796,0.016205446913400444,0.0002119529307262873,192.29678983800113,6,COMPLETE
761,18.08506570341481,6.004277891049934,2026-10-06 00:48:25.410648,2026-10-06 00:51:36.140113,0 days 00:03:10.729465,0.5555069055943938,6.120372064024221,89.61123200940895,1.7658496078448727,0.0015767011041207138,0.00010160998520747449,190.7293799747713,6,COMPLETE
762,3.6821013173867003,1.4431390715806285,2026-10-06 00:48:25.414650,2026-10-06 00:51:39.271582,0 days 00:03:13.856932,0.5555069055943938,48.147926180602234,2.5578925619263737,3.22076360140666,0.009590142710421577,3.3976165743800303e-06,193.85684965597466,6,COMPLETE
763,20.90200369373453,17.05109663874209,2026-10-06 00:48:25.418650,2026-10-06 00:51:35.312045,0 days 00:03:09.893395,0.48967816666395225,3.42961079489487,78.91305021174706,18.49957504695779,0.009569508337727876,0.00010160998520747449,189.89331521419808,6,COMPLETE
764,20.157860088195825,8.825435421505132,2026-10-06 00:48:25.433645,2026-10-06 00:51:38.994346,0 days 00:03:13.560701,0.48967816666395225,48.04286199246971,77.51383454227101,8.570034232131624,0.009596121382849983,2.328670127015952e-06,193.56062226183712,6,COMPLETE
765,22.297201571255663,2.0746105567198945,2026-10-06 00:48:25.851849,2026-10-06 00:51:35.732671,0 days 00:03:09.880822,0.48967816666395225,32.133571428288036,83.63462158426863,4.243265729109047,0.016205446913400444,0.004038586316950702,189.88074228493497,6,COMPLETE
766,29.33294549905124,1.4678245774572842,2026-10-06 00:48:25.855664,2026-10-06 00:51:38.046013,0 days 00:03:12.190349,0.1912088840068961,8.987478920641044,83.63462158426863,1.7658496078448727,0.01478582612116327,0.00028181267832783275,192.19027365278453,6,COMPLETE
767,4.7509296600164275,1.2638751214624606,2026-10-06 00:48:25.997682,2026-10-06 00:51:35.265724,0 days 00:03:09.268042,0.14472486883161542,3.42961079489487,3.1632880566578057,3.323181860316004,0.016205446913400444,1.5833547229919072e-06,189.26795632811263,6,COMPLETE
768,11.6734458484755,1.8764810066670323,2026-10-06 00:48:26.551144,2026-10-06 00:51:38.941497,0 days 00:03:12.390353,0.5555069055943938,11.97946019110593,32.233952817229785,11.364619091105583,0.01478582612116327,0.00010160998520747449,192.3902673209086,6,COMPLETE
769,17.82379192449207,3.563649839566438,2026-10-06 00:48:26.791848,2026-10-06 00:51:37.454441,0 days 00:03:10.662593,0.6040198049165227,42.2707199463251,85.7034102631403,18.49957504695779,0.019631708670757534,2.328670127015952e-06,190.66250823624432,6,COMPLETE
770,15.935124744486274,3.0928978877453117,2026-10-06 00:48:26.795657,2026-10-06 00:51:40.145579,0 days 00:03:13.349922,0.5555069055943938,46.774203669468385,34.08958612263361,3.3352267338529136,0.009596121382849983,3.3976165743800303e-06,193.34983425587416,6,COMPLETE
771,,,2026-10-06 00:48:26.859664,2026-10-06 00:48:27.012685,0 days 00:00:00.153021,0.1338864078069938,17.194388739613117,82.11028867024922,1.928465299477958,0.005371887388577991,,,6,PRUNED
772,4.489727798235593,1.245913133157253,2026-10-06 00:48:27.189688,2026-10-06 00:51:38.781737,0 days 00:03:11.592049,0.01800883013381267,32.133571428288036,83.63462158426863,2.088372282332711,0.024790630872431413,0.00010160998520747449,191.59196854801849,6,COMPLETE
773,12.835131183716218,1.6806411538309116,2026-10-06 00:48:27.254674,2026-10-06 00:51:39.035528,0 days 00:03:11.780854,0.14472486883161542,27.92720704384071,12.933899149764954,8.198819224544517,0.01478582612116327,0.001754171270788285,191.78077958989888,6,COMPLETE
774,3.060889738318944,1.1793238851519723,2026-10-06 00:48:27.380669,2026-10-06 00:51:37.057398,0 days 00:03:09.676729,0.02178836717207008,15.859677991775037,4.138891464599013,3.323181860316004,0.01478582612116327,4.186531797867048e-06,189.67662949068472,6,COMPLETE
775,16.013381052896698,8.612677648893289,2026-10-06 00:48:27.384649,2026-10-06 00:51:42.278066,0 days 00:03:14.893417,0.5206349751021522,1.5894118270835063,19.526145687851944,7.882731093911324,0.01478582612116327,2.328670127015952e-06,194.89332745596766,6,COMPLETE
776,25.06284702725809,10.105357862883473,2026-10-06 00:48:27.392652,2026-10-06 00:51:42.721868,0 days 00:03:15.329216,0.14472486883161542,1.6561528973969994,32.233952817229785,11.364619091105583,0.009590142710421577,0.001754171270788285,195.32911858009174,6,COMPLETE
777,4.290526509896204,1.170843072059938,2026-10-06 00:48:27.396645,2026-10-06 00:51:39.568260,0 days 00:03:12.171615,0.5555069055943938,30.4361881968835,6.090369345209179,18.49957504695779,0.009596121382849983,0.001754171270788285,192.1715390048921,6,COMPLETE
778,14.486662891286965,7.153133148274339,2026-10-06 00:48:28.912688,2026-10-06 00:51:35.412607,0 days 00:03:06.499919,0.5555069055943938,3.1490777896577518,32.233952817229785,8.570034232131624,0.013593181580386379,0.001754171270788285,186.49968776712194,6,COMPLETE
779,27.545618519839753,1.7464989760200025,2026-10-06 00:48:28.916665,2026-10-06 00:51:41.318933,0 days 00:03:12.402268,0.2880553685721488,30.4361881968835,75.08545011892379,1.7658496078448727,0.01478582612116327,0.0026118973311770096,192.40218002721667,6,COMPLETE
780,19.495974750598602,1.962968828218016,2026-10-06 00:48:29.157698,2026-10-06 00:51:38.074890,0 days 00:03:08.917192,0.12089822525784594,6.28879905307643,32.233952817229785,7.8342206444348275,0.0039642398430429875,0.00026285855894701214,188.91711756587029,6,COMPLETE
781,29.701388726726055,1.4566759086465093,2026-10-06 00:50:52.797697,2026-10-06 00:54:03.316943,0 days 00:03:10.519246,0.14472486883161542,46.65115833455933,78.91305021174706,1.8190863578544005,0.01478582612116327,0.06672101812662193,190.519141075667,6,COMPLETE
782,15.479181363955552,6.907298256792547,2026-10-06 00:51:31.070691,2026-10-06 00:54:46.525697,0 days 00:03:15.455006,0.5206349751021522,8.987478920641044,49.66832316587052,23.37235623966798,0.026606284328135367,0.06672101812662193,195.45490784104913,6,COMPLETE
783,29.955076258187177,3.1526458303132054,2026-10-06 00:51:31.778784,2026-10-06 00:54:44.727881,0 days 00:03:12.949097,0.14472486883161542,3.42961079489487,78.91305021174706,3.7504775608803835,0.009569508337727876,2.328670127015952e-06,192.9490070240572,6,COMPLETE
784,7.906877953389687,2.756156872313008,2026-10-06 00:51:31.820681,2026-10-06 00:54:45.043651,0 days 00:03:13.222970,0.48967816666395225,1.5894118270835063,4.240091119787133,7.746949202276626,0.016205446913400444,0.004038586316950702,193.22286368301138,6,COMPLETE
785,18.11434330340641,1.30475215927,2026-10-06 00:51:32.945794,2026-10-06 00:54:45.787434,0 days 00:03:12.841640,0.07291756787229094,46.647252582729806,77.51383454227101,19.560678901050697,0.023371264037735383,0.007690928916612578,192.84155537886545,6,COMPLETE
786,29.24177550520293,1.5980351412831995,2026-10-06 00:51:33.016703,2026-10-06 00:54:49.927907,0 days 00:03:16.911204,0.1338864078069938,46.774203669468385,89.61123200940895,4.243265729109047,0.016205446913400444,0.004038586316950702,196.91111009381711,6,COMPLETE
787,,,2026-10-06 00:51:33.116691,2026-10-06 00:51:33.815824,0 days 00:00:00.699133,0.5555069055943938,8.987478920641044,77.51383454227101,14.513384115220283,0.0017190796076535081,,,6,PRUNED
788,20.263983435315623,9.059335550372282,2026-10-06 00:51:33.306819,2026-10-06 00:54:44.644732,0 days 00:03:11.337913,0.48967816666395225,48.04286199246971,78.91305021174706,8.570034232131624,0.009569508337727876,2.328670127015952e-06,191.3378123617731,6,COMPLETE
789,15.590078391367323,1.5908513255421015,2026-10-06 00:51:33.521675,2026-10-06 00:54:48.244499,0 days 00:03:14.722824,0.5555069055943938,20.213335196982104,77.51383454227101,18.49957504695779,0.01478582612116327,0.00010160998520747449,194.722745642066,6,COMPLETE
790,12.69074120625675,2.4114578121489427,2026-10-06 00:51:33.625308,2026-10-06 00:54:49.967169,0 days 00:03:16.341861,0.5206349751021522,8.987478920641044,32.233952817229785,11.364619091105583,0.037375786062267026,0.001754171270788285,196.3417671150528,6,COMPLETE
791,10.622447352413658,6.36679678764757,2026-10-06 00:51:33.684687,2026-10-06 00:54:42.036321,0 days 00:03:08.351634,0.2768822386686866,30.4361881968835,10.246923414869102,4.243265729109047,0.0021434634917575058,1.6374091613134125e-05,188.3515240442939,6,COMPLETE
792,29.915658082252655,1.7903246645238104,2026-10-06 00:51:33.692661,2026-10-06 00:54:45.758593,0 days 00:03:12.065932,0.13263017868898783,3.42961079489487,89.61123200940895,3.323181860316004,0.01478582612116327,5.071280161362485e-06,192.06583358393982,6,COMPLETE
793,4.325207691975589,1.6610614091392013,2026-10-06 00:51:33.859809,2026-10-06 00:54:48.031485,0 days 00:03:14.171676,0.48967816666395225,48.04286199246971,3.9952188147424788,7.332085098638249,0.009569508337727876,2.328670127015952e-06,194.17159934109077,6,COMPLETE
794,7.641011654346585,1.2260977845899008,2026-10-06 00:51:33.871662,2026-10-06 00:54:47.871487,0 days 00:03:13.999825,0.2880553685721488,32.133571428288036,3.9321144971753483,3.7504775608803835,0.02490887086067962,0.001754171270788285,193.9997474886477,6,COMPLETE
795,1.7823892793958855,1.155025682861357,2026-10-06 00:51:33.875804,2026-10-06 00:54:46.100361,0 days 00:03:12.224557,0.14472486883161542,32.133571428288036,89.61123200940895,8.570034232131624,0.009057668062654907,0.00010160998520747449,192.2244725250639,6,COMPLETE
796,4.273714032646111,2.3815761773568136,2026-10-06 00:51:33.955653,2026-10-06 00:54:48.165200,0 days 00:03:14.209547,0.5555069055943938,1.6561528973969994,1.078568148999005,48.72535681142062,0.009596121382849983,0.001754171270788285,194.20946728996933,6,COMPLETE
797,10.659312490228077,1.199657118618775,2026-10-06 00:51:34.291700,2026-10-06 00:54:46.013279,0 days 00:03:11.721579,0.014410066537059688,3.42961079489487,89.61123200940895,33.88486301629227,0.01478582612116327,0.00010160998520747449,191.72148567531258,6,COMPLETE
798,30.85440435217742,1.3966241234455525,2026-10-06 00:51:34.417686,2026-10-06 00:54:47.932289,0 days 00:03:13.514603,0.14472486883161542,11.914101316739547,78.91305021174706,2.0489784059322336,0.018324378019643817,2.328670127015952e-06,193.5145287020132,6,COMPLETE
799,29.009677374635903,1.4231003578516441,2026-10-06 00:51:34.500690,2026-10-06 00:54:48.085305,0 days 00:03:13.584615,0.2880553685721488,15.859677991775037,75.08545011892379,3.323181860316004,0.02490887086067962,1.5833547229919072e-06,193.584535443224,6,COMPLETE
800,16.2227477984756,1.62991840957326,2026-10-06 00:51:34.925809,2026-10-06 00:54:52.165154,0 days 00:03:17.239345,0.6047524216288912,46.774203669468385,32.233952817229785,1.7658496078448727,0.01478582612116327,0.00026285855894701214,197.2392490641214,6,COMPLETE
801,,,2026-10-06 00:51:35.131972,2026-10-06 00:51:35.946714,0 days 00:00:00.814742,0.48967816666395225,3.42961079489487,89.61123200940895,8.570034232131624,0.001840617596895828,,,6,PRUNED
802,,,2026-10-06 00:51:35.360815,2026-10-06 00:51:36.320713,0 days 00:00:00.959898,0.5555069055943938,3.42961079489487,89.61123200940895,18.49957504695779,0.0020836902808118525,,,6,PRUNED
803,27.00198558724914,4.316509709621771,2026-10-06 00:51:35.496668,2026-10-06 00:54:47.828050,0 days 00:03:12.331382,0.14472486883161542,48.147926180602234,82.11028867024922,7.8342206444348275,0.009596121382849983,0.007690928916612578,192.3312974991277,6,COMPLETE
804,28.923367843565877,1.2989781573298587,2026-10-06 00:51:35.580668,2026-10-06 00:54:47.563197,0 days 00:03:11.982529,0.15450535743508093,5.163106132123858,46.546095502334126,1.7658496078448727,0.02490887086067962,0.0002119529307262873,191.98245299281552,6,COMPLETE
805,18.77869130956395,1.7828551523815828,2026-10-06 00:51:35.584653,2026-10-06 00:54:51.667506,0 days 00:03:16.082853,0.14472486883161542,6.28879905307643,32.233952817229785,7.746949202276626,0.003984333486594241,0.00026285855894701214,196.08276924025267,6,COMPLETE
806,29.009964735404225,4.235530428539883,2026-10-06 00:51:35.588645,2026-10-06 00:54:47.740183,0 days 00:03:12.151538,0.14472486883161542,46.774203669468385,89.61123200940895,4.243265729109047,0.009569508337727876,2.328670127015952e-06,192.15146724320948,6,COMPLETE
807,1.7061827353981194,1.2103070917752905,2026-10-06 00:51:35.916867,2026-10-06 00:54:48.623265,0 days 00:03:12.706398,0.7448411422374193,48.04286199246971,89.61123200940895,18.49957504695779,0.009569508337727876,2.328670127015952e-06,192.7063200143166,6,COMPLETE
808,19.214827060592008,2.2488195279306944,2026-10-06 00:51:35.940886,2026-10-06 00:54:49.017641,0 days 00:03:13.076755,0.9222042430472607,46.647252582729806,89.61123200940895,8.570034232131624,0.0272863075382553,3.3976165743800303e-06,193.07667132513598,6,COMPLETE
809,26.516149193245134,1.3584231693914108,2026-10-06 00:51:35.970680,2026-10-06 00:54:51.056687,0 days 00:03:15.086007,0.14472486883161542,3.5710657940245225,28.890089310933437,1.928465299477958,0.011005204287205276,1.6374091613134125e-05,195.0859300349839,6,COMPLETE
810,20.03947878020235,5.276334713771152,2026-10-06 00:51:36.025676,2026-10-06 00:54:51.125723,0 days 00:03:15.100047,0.48967816666395225,6.383768362550262,89.61123200940895,4.243265729109047,0.016205446913400444,0.004038586316950702,195.09997264109552,6,COMPLETE
811,18.193892423461683,4.393207351661996,2026-10-06 00:51:36.037801,2026-10-06 00:54:50.707925,0 days 00:03:14.670124,0.1338864078069938,5.163106132123858,17.6265180145026,69.59849767866419,0.016205446913400444,3.3976165743800303e-06,194.6700279773213,6,COMPLETE
812,16.35608495139046,1.3127769212393472,2026-10-06 00:51:36.536864,2026-10-06 00:54:49.598939,0 days 00:03:13.062075,0.16177110021459462,8.987478920641044,75.08545011892379,18.49957504695779,0.01478582612116327,4.812309216458807,193.0619897339493,6,COMPLETE
813,28.696897386656826,1.5793386121986484,2026-10-06 00:51:36.540656,2026-10-06 00:54:47.653255,0 days 00:03:11.112599,0.16177110021459462,6.846349243726395,75.08545011892379,1.7658496078448727,0.009596121382849983,0.011377321664048137,191.11252293083817,6,COMPLETE
814,18.135499556705515,1.2379481213811299,2026-10-06 00:51:36.544652,2026-10-06 00:54:47.184917,0 days 00:03:10.640265,0.6040198049165227,42.2707199463251,33.07717039174013,7.746949202276626,0.0971191245479242,4.186531797867048e-06,190.64019091799855,6,COMPLETE
815,25.946880829615246,1.5923977567438494,2026-10-06 00:51:36.548640,2026-10-06 00:54:49.317453,0 days 00:03:12.768813,0.12692438934577532,15.602338841295056,32.233952817229785,3.5646101716204064,0.01478582612116327,3.3976165743800303e-06,192.76872562989593,6,COMPLETE
816,21.34735412461398,2.43657033437777,2026-10-06 00:51:36.552639,2026-10-06 00:54:45.563614,0 days 00:03:09.010975,0.5555069055943938,26.395267805560355,89.61123200940895,8.450588189278504,0.01478582612116327,0.00010160998520747449,189.0108814779669,6,COMPLETE
817,18.60120957931982,9.32276374797099,2026-10-06 00:51:36.602817,2026-10-06 00:54:50.182305,0 days 00:03:13.579488,0.5206349751021522,5.163106132123858,46.546095502334126,7.882731093911324,0.018324378019643817,0.0002119529307262873,193.57941166963428,6,COMPLETE
818,14.560361754821969,1.8967002533370314,2026-10-06 00:51:36.606646,2026-10-06 00:54:48.952715,0 days 00:03:12.346069,0.9222042430472607,46.647252582729806,83.63462158426863,18.716649741893107,0.0272863075382553,0.007690928916612578,192.34598537860438,6,COMPLETE
819,1.6314662322476086,1.2388010371606388,2026-10-06 00:51:36.738179,2026-10-06 00:54:47.505308,0 days 00:03:10.767129,0.04451256952257735,45.741044518014796,1.1797423486295753,15.343750409696511,0.01478582612116327,2.328670127015952e-06,190.76704706577584,6,COMPLETE
820,22.2426562960723,1.9670390745418627,2026-10-06 00:51:37.157425,2026-10-06 00:54:51.424800,0 days 00:03:14.267375,0.5555069055943938,8.987478920641044,83.63462158426863,1.4282679591931107,0.013593181580386379,0.00010160998520747449,194.2672947482206,6,COMPLETE
821,30.907787288622984,1.8049696433654723,2026-10-06 00:51:37.442153,2026-10-06 00:54:53.128098,0 days 00:03:15.685945,0.14472486883161542,17.81972917929338,83.63462158426863,1.3952232429901594,0.009569508337727876,0.00234607430673759,195.68584647634998,6,COMPLETE
822,13.654405958535659,1.2613634685923438,2026-10-06 00:51:37.445666,2026-10-06 00:54:51.221689,0 days 00:03:13.776023,0.14472486883161542,3.42961079489487,7.167385873605854,1.7658496078448727,0.009590142710421577,0.00010160998520747449,193.77594600897282,6,COMPLETE
823,30.70431138794669,1.4325153093447605,2026-10-06 00:51:37.648678,2026-10-06 00:54:47.253544,0 days 00:03:09.604866,0.1338864078069938,46.4082686081997,89.61123200940895,2.0489784059322336,0.016205446913400444,0.004038586316950702,189.6047907047905,6,COMPLETE
824,17.231598406504794,2.4688194987919516,2026-10-06 00:51:37.652817,2026-10-06 00:54:48.797854,0 days 00:03:11.145037,0.5555069055943938,3.42961079489487,83.63462158426863,18.49957504695779,0.009596121382849983,0.001754171270788285,191.14496228890494,6,COMPLETE
825,20.90982358294999,2.055173084411767,2026-10-06 00:51:38.024835,2026-10-06 00:54:51.991593,0 days 00:03:13.966758,0.2880553685721488,32.133571428288036,32.233952817229785,1.7658496078448727,0.011005204287205276,0.001754171270788285,193.96668373327702,6,COMPLETE
826,3.797280007517138,1.1705071753923595,2026-10-06 00:51:38.028665,2026-10-06 00:54:51.860111,0 days 00:03:13.831446,0.019556427224330517,20.213335196982104,77.51383454227101,46.21727525157618,0.024790630872431413,2.328670127015952e-06,193.8313660142012,6,COMPLETE
827,13.219856503502331,1.517145480765588,2026-10-06 00:51:38.032655,2026-10-06 00:54:47.959812,0 days 00:03:09.927157,0.6040198049165227,18.35773256007505,32.233952817229785,7.746949202276626,0.01478582612116327,0.00026285855894701214,189.92708644643426,6,COMPLETE
828,14.336216507570487,1.9564603972721457,2026-10-06 00:51:38.128673,2026-10-06 00:54:51.998657,0 days 00:03:13.869984,0.9222042430472607,46.647252582729806,78.91305021174706,19.560678901050697,0.0272863075382553,0.003702559801598737,193.86991733592004,6,COMPLETE
829,13.408567802501613,6.810661021667353,2026-10-06 00:51:38.446694,2026-10-06 00:54:53.602224,0 days 00:03:15.155530,0.8260375030611535,8.987478920641044,32.233952817229785,7.746949202276626,0.01478582612116327,0.00018311133422614474,195.15544441062957,6,COMPLETE
830,1.2710688889241453,1.2856755596787723,2026-10-06 00:51:38.583694,2026-10-06 00:54:51.812911,0 days 00:03:13.229217,0.1912088840068961,44.20219892014888,1.2154192324642565,1.8190863578544005,0.08006993478807953,0.0005092955102774852,193.22913029324263,6,COMPLETE
831,7.004318279114541,1.5649538932041163,2026-10-06 00:51:38.747673,2026-10-06 00:54:49.179904,0 days 00:03:10.432231,0.482742310686125,32.133571428288036,33.73648862293572,42.60444472050166,0.013593181580386379,2.328670127015952e-06,190.43215434299782,6,COMPLETE
832,1.1372510250519896,1.1852549327142141,2026-10-06 00:51:38.866679,2026-10-06 00:54:50.923293,0 days 00:03:12.056614,0.04658185666993511,47.19999359469556,89.61123200940895,4.243265729109047,0.01478582612116327,1.5833547229919072e-06,192.0565183130093,6,COMPLETE
833,26.840627503343864,3.855426125349613,2026-10-06 00:51:39.201123,2026-10-06 00:54:47.034062,0 days 00:03:07.832939,0.14472486883161542,48.147926180602234,77.51383454227101,7.8342206444348275,0.009596121382849983,0.007690928916612578,187.83285721484572,6,COMPLETE
834,2.3811074257797324,1.2177059917334427,2026-10-06 00:51:39.291847,2026-10-06 00:54:51.014411,0 days 00:03:11.722564,0.017148704263139674,11.914101316739547,1.3180480810771042,1.9191023333478108,0.018324378019643817,2.328670127015952e-06,191.72248098719865,6,COMPLETE
835,18.116712322267606,2.6771000372635427,2026-10-06 00:51:39.295662,2026-10-06 00:54:54.089384,0 days 00:03:14.793722,0.5555069055943938,29.02379257160583,89.61123200940895,18.49957504695779,0.01478582612116327,0.00010160998520747449,194.7936204802245,6,COMPLETE
836,,,2026-10-06 00:51:39.299644,2026-10-06 00:51:39.879703,0 days 00:00:00.580059,0.13263017868898783,11.914101316739547,75.08545011892379,3.323181860316004,0.00351472939745955,,,6,PRUNED
837,30.687265463682905,2.2743979060815707,2026-10-06 00:51:39.305663,2026-10-06 00:54:49.034843,0 days 00:03:09.729180,0.14472486883161542,20.213335196982104,83.63462158426863,1.7658496078448727,0.009596121382849983,2.328670127015952e-06,189.72910634614527,6,COMPLETE
838,22.306669454694497,1.9767361692690273,2026-10-06 00:51:39.572675,2026-10-06 00:54:53.147481,0 days 00:03:13.574806,0.14472486883161542,33.55832517262439,75.08545011892379,18.49957504695779,0.01478582612116327,1.5833547229919072e-06,193.5747362812981,6,COMPLETE
