number,values_0,values_1,datetime_start,datetime_complete,duration,params_c_val,params_input_force,params_k_between_val,params_k_wall_val,params_m_val,params_ridge_alpha,user_attrs_duration_sec,system_attrs_NSGAIISampler:generation,state
7289,,,2026-10-06 05:51:46.318187,2026-10-06 05:51:47.145745,0 days 00:00:00.827558,0.2918907020150273,4.014839763781616,80.97346391189345,3.2966668625681104,0.007141204976506785,,,60,PRUNED
7290,30.827350524824602,4.880523662357961,2026-10-06 05:51:47.162048,2026-10-06 05:54:58.020810,0 days 00:03:10.858762,0.2918907020150273,2.5826334477054016,78.91305021174706,2.3465742715663924,0.02994396310572824,1.4671267453130232e-06,190.85861329408363,60,COMPLETE
7291,24.215992349528477,1.288520024925667,2026-10-06 05:51:47.715839,2026-10-06 05:55:03.352882,0 days 00:03:15.637043,0.17534157142392734,24.41300201775692,78.91305021174706,7.906192418978342,0.047746348196899255,7.259178771880592,195.63690065778792,60,COMPLETE
7292,32.458995853941886,9.245255019963723,2026-10-06 05:51:51.750686,2026-10-06 05:55:03.565356,0 days 00:03:11.814670,0.14472486883161542,1.0100598856645617,78.91305021174706,1.380166889537216,0.009569508337727876,1.4671267453130232e-06,191.81454446306452,60,COMPLETE
7293,14.932530471691308,2.4676328659173423,2026-10-06 05:52:31.541837,2026-10-06 05:55:42.178670,0 days 00:03:10.636833,0.9763410183890803,3.42961079489487,78.91305021174706,53.19831855856638,0.009569508337727876,1.4671267453130232e-06,190.63669576589018,60,COMPLETE
7294,32.00260835528864,15.245357481601024,2026-10-06 05:53:03.525064,2026-10-06 05:56:17.504671,0 days 00:03:13.979607,0.1320862812493285,1.0100598856645617,78.91305021174706,12.025559114678314,0.008698017554316196,2.328670127015952e-06,193.9794677370228,60,COMPLETE
7295,32.63523209502516,11.087158906916999,2026-10-06 05:53:38.698987,2026-10-06 05:56:51.835637,0 days 00:03:13.136650,0.14472486883161542,1.0100598856645617,69.16329565667773,2.5931783094816834,0.008698017554316196,1.4671267453130232e-06,193.1365018109791,60,COMPLETE
7296,29.201719164740844,18.892945068491258,2026-10-06 05:53:39.886695,2026-10-06 05:56:50.409565,0 days 00:03:10.522870,0.35349415915446786,2.5826334477054016,78.91305021174706,8.858210845255327,0.009569508337727876,1.4671267453130232e-06,190.52271830290556,60,COMPLETE
7297,32.35027318958379,13.8032431904302,2026-10-06 05:53:40.289707,2026-10-06 05:56:54.236927,0 days 00:03:13.947220,0.14472486883161542,1.0100598856645617,78.91305021174706,12.025559114678314,0.009569508337727876,1.4671267453130232e-06,193.94706554012373,60,COMPLETE
7298,26.239213359380113,12.471985777634377,2026-10-06 05:53:42.023707,2026-10-06 05:56:58.741992,0 days 00:03:16.718285,0.17534157142392734,1.0100598856645617,77.813467898064,53.19831855856638,0.008698017554316196,0.006614942170512306,196.7181810173206,61,COMPLETE
7299,28.928752234606538,3.470865044713709,2026-10-06 05:53:42.068845,2026-10-06 05:56:55.926797,0 days 00:03:13.857952,0.14472486883161542,37.27456700547669,80.97346391189345,4.729717319578986,0.009569508337727876,1.4671267453130232e-06,193.85782308597118,61,COMPLETE
7300,32.08795035157283,3.235801926401063,2026-10-06 05:53:42.082672,2026-10-06 05:56:53.569566,0 days 00:03:11.486894,0.14472486883161542,1.8054001832365776,78.91305021174706,12.025559114678314,0.03463343903868386,4.2234703485667623e-05,191.486755810678,61,COMPLETE
7301,19.512825638331588,10.967149174036832,2026-10-06 05:53:42.148669,2026-10-06 05:56:54.565427,0 days 00:03:12.416758,0.2918907020150273,45.478539729975324,78.91305021174706,18.49957504695779,0.009569508337727876,1.4671267453130232e-06,192.41661508521065,61,COMPLETE
7302,0.20229548814970855,1.1862300368095116,2026-10-06 05:53:42.308661,2026-10-06 05:56:55.888784,0 days 00:03:13.580123,0.2918907020150273,4.014839763781616,80.97346391189345,18.49957504695779,0.008698017554316196,1.0837899328538103e-06,193.57999258022755,61,COMPLETE
7303,32.35139511033228,14.074195075963036,2026-10-06 05:53:42.827913,2026-10-06 05:56:55.821222,0 days 00:03:12.993309,0.14472486883161542,1.0100598856645617,78.91305021174706,12.025559114678314,0.009569508337727876,1.2446212784745538e-06,192.99315762287006,61,COMPLETE
7304,22.172180564817904,10.525575875422197,2026-10-06 05:53:43.416941,2026-10-06 05:56:55.449927,0 days 00:03:12.032986,0.41329455983645796,2.5826334477054016,45.29225630595564,2.3459355418011327,0.009569508337727876,1.4671267453130232e-06,192.0328406440094,61,COMPLETE
7305,32.2637141708121,3.6941203365171678,2026-10-06 05:53:43.880696,2026-10-06 05:56:58.813631,0 days 00:03:14.932935,0.14472486883161542,1.0100598856645617,63.10542381981793,18.49957504695779,0.034862634957713357,1.4671267453130232e-06,194.93283489812165,61,COMPLETE
7306,26.016162052259382,5.247990104212211,2026-10-06 05:53:44.004672,2026-10-06 05:56:56.909853,0 days 00:03:12.905181,0.14472486883161542,24.614908478045013,78.91305021174706,8.858210845255327,0.008698017554316196,1.4671267453130232e-06,192.90505042485893,61,COMPLETE
7307,4.968955423199697,1.2452986648746118,2026-10-06 05:53:44.202688,2026-10-06 05:56:57.316558,0 days 00:03:13.113870,0.02206461600192589,3.42961079489487,14.50576840276225,53.19831855856638,0.009569508337727876,1.2446212784745538e-06,193.1136414599605,61,COMPLETE
7308,24.4938545882875,1.185311522846069,2026-10-06 05:53:44.420710,2026-10-06 05:56:56.389580,0 days 00:03:11.968870,0.010310379230191664,2.149288886386864,80.97346391189345,3.577325132101028,0.009569508337727876,1.4671267453130232e-06,191.9685980733484,61,COMPLETE
7309,0.7652022075718568,1.1654115634557098,2026-10-06 05:53:44.624869,2026-10-06 05:56:57.572254,0 days 00:03:12.947385,0.48967816666395225,6.28879905307643,78.91305021174706,11.286119700737487,0.008698017554316196,1.4671267453130232e-06,192.94724415801466,61,COMPLETE
7310,23.84060446724352,2.3760751738932058,2026-10-06 05:53:44.711714,2026-10-06 05:56:57.871393,0 days 00:03:13.159679,0.18472274745078338,12.56583350873336,78.91305021174706,12.025559114678314,0.008698017554316196,2.328670127015952e-06,193.15958026703447,61,COMPLETE
7311,32.31953160686699,3.3114810488614643,2026-10-06 05:53:44.777656,2026-10-06 05:57:00.061856,0 days 00:03:15.284200,0.03260346302877602,1.0100598856645617,80.97346391189345,12.025559114678314,0.009569508337727876,1.4671267453130232e-06,195.2840611790307,61,COMPLETE
7312,28.564642701790422,5.484053229378369,2026-10-06 05:53:44.816652,2026-10-06 05:56:57.301067,0 days 00:03:12.484415,0.14472486883161542,1.0100598856645617,85.40252650864474,8.858210845255327,0.010066673683367812,0.008881165420682862,192.4842972960323,61,COMPLETE
7313,27.154117193326318,28.6012811009366,2026-10-06 05:53:44.976804,2026-10-06 05:56:57.051027,0 days 00:03:12.074223,0.3401090828369047,2.5826334477054016,78.91305021174706,53.19831855856638,0.009569508337727876,1.4671267453130232e-06,192.0741047631018,61,COMPLETE
7314,20.874735979146,2.4102863256901985,2026-10-06 05:53:45.225849,2026-10-06 05:57:02.033088,0 days 00:03:16.807239,0.047559182674670304,1.0100598856645617,78.91305021174706,53.19831855856638,0.009569508337727876,1.8052563057956807,196.80712645221502,61,COMPLETE
7315,,,2026-10-06 05:53:45.232947,2026-10-06 05:53:46.418733,0 days 00:00:01.185786,0.1480502102430825,3.42961079489487,78.91305021174706,23.703405322103407,0.00573785816904684,,,61,PRUNED
7316,31.6194723342203,13.360271429001525,2026-10-06 05:53:45.237731,2026-10-06 05:57:00.589527,0 days 00:03:15.351796,0.10928747236033816,1.8054001832365776,78.91305021174706,3.7833708897015157,0.008698017554316196,1.2446212784745538e-06,195.35167595604435,61,COMPLETE
7317,7.9531208768594555,4.763048689604581,2026-10-06 05:53:45.241646,2026-10-06 05:56:58.792866,0 days 00:03:13.551220,0.3834414958283667,1.0100598856645617,1.7072177771650583,18.49957504695779,0.009569508337727876,1.4671267453130232e-06,193.5511298328638,61,COMPLETE
7318,26.72680254821991,29.720818468354945,2026-10-06 05:53:45.245633,2026-10-06 05:56:59.737516,0 days 00:03:14.491883,0.3401090828369047,3.42961079489487,80.97346391189345,45.605935248059524,0.009569508337727876,1.54960617812222e-06,194.49176127603278,61,COMPLETE
7319,26.726967209969153,29.739490208842422,2026-10-06 05:53:45.249632,2026-10-06 05:56:58.213145,0 days 00:03:12.963513,0.3401090828369047,3.42961079489487,80.97346391189345,45.605935248059524,0.009569508337727876,1.4671267453130232e-06,192.96340824617073,61,COMPLETE
7320,25.127940495406186,26.66634834089751,2026-10-06 05:53:45.252640,2026-10-06 05:56:56.657348,0 days 00:03:11.404708,0.2918907020150273,3.42961079489487,80.97346391189345,94.65037864894694,0.009569508337727876,1.4671267453130232e-06,191.4046172760427,61,COMPLETE
7321,5.0426735010265205,1.2391071726212992,2026-10-06 05:53:45.527063,2026-10-06 05:56:58.153100,0 days 00:03:12.626037,0.18472274745078338,3.42961079489487,1.9810497367300544,2.6629176124921443,0.008698017554316196,2.328670127015952e-06,192.62591992225498,61,COMPLETE
7322,7.457492295967818,9.008953328313908,2026-10-06 05:53:45.775685,2026-10-06 05:57:03.090736,0 days 00:03:17.315051,0.35349415915446786,11.242035248354487,26.499610816190124,53.19831855856638,0.009569508337727876,1.2446212784745538e-06,197.31492239516228,61,COMPLETE
7323,16.692656080305643,15.190684362913302,2026-10-06 05:53:46.152673,2026-10-06 05:56:58.721973,0 days 00:03:12.569300,0.9050055112804031,1.8054001832365776,78.91305021174706,18.49957504695779,0.002850463564717644,1.4671267453130232e-06,192.56920358818024,61,COMPLETE
7324,21.874388990919634,15.059493870379699,2026-10-06 05:53:46.528680,2026-10-06 05:56:58.216928,0 days 00:03:11.688248,0.48967816666395225,3.42961079489487,80.97346391189345,53.19831855856638,0.009569508337727876,1.2446212784745538e-06,191.6881421119906,61,COMPLETE
7325,6.360044158092245,1.3578476454713773,2026-10-06 05:53:46.532787,2026-10-06 05:56:56.312063,0 days 00:03:09.779276,0.12186470831252749,1.0100598856645617,1.0561260700800916,1.3508462635382503,0.009569508337727876,8.483053318700636,189.77915548393503,61,COMPLETE
7326,32.30788282112592,10.708961750956817,2026-10-06 05:53:46.536631,2026-10-06 05:57:00.473358,0 days 00:03:13.936727,0.14472486883161542,1.0100598856645617,78.91305021174706,7.704673657496365,0.01167816098626714,1.2446212784745538e-06,193.93660972826183,61,COMPLETE
7327,0.8173306566967338,1.1151852058596021,2026-10-06 05:53:46.540627,2026-10-06 05:56:57.989548,0 days 00:03:11.448921,0.01298651172693979,35.43136473908522,30.56379113416431,12.025559114678314,0.03463343903868386,1.2446212784745538e-06,191.44882702967152,61,COMPLETE
7328,,,2026-10-06 05:53:46.544627,2026-10-06 05:53:47.684734,0 days 00:00:01.140107,0.2918907020150273,1.8054001832365776,78.91305021174706,94.28649705320187,0.008698017554316196,,,61,PRUNED
7329,31.075617056423766,17.933220575556543,2026-10-06 05:53:46.548621,2026-10-06 05:56:57.725976,0 days 00:03:11.177355,0.14472486883161542,1.0100598856645617,78.91305021174706,46.431764750098004,0.009569508337727876,2.127442818105995e-06,191.1772353281267,61,COMPLETE
7330,24.906928415070418,1.4285465193676474,2026-10-06 05:53:46.552621,2026-10-06 05:56:58.997867,0 days 00:03:12.445246,0.044189749440887716,2.5826334477054016,78.91305021174706,13.08713740364913,0.009569508337727876,1.4671267453130232e-06,192.44512053392828,61,COMPLETE
7331,,,2026-10-06 05:53:46.556622,2026-10-06 05:53:47.574751,0 days 00:00:01.018129,0.14472486883161542,4.014839763781616,80.97346391189345,18.49957504695779,0.004972173402647297,,,61,PRUNED
7332,28.620244203438233,22.214755159104968,2026-10-06 05:53:46.654858,2026-10-06 05:56:56.498301,0 days 00:03:09.843443,0.2918907020150273,1.8054001832365776,78.91305021174706,18.49957504695779,0.008698017554316196,1.4671267453130232e-06,189.84334646724164,61,COMPLETE
7333,18.94714472564747,8.347491452696218,2026-10-06 05:53:46.658640,2026-10-06 05:57:04.529702,0 days 00:03:17.871062,0.35349415915446786,32.58845930142226,80.97346391189345,18.49957504695779,0.009569508337727876,1.2446212784745538e-06,197.8709222599864,61,COMPLETE
7334,9.91160128295068,1.15368338792402,2026-10-06 05:53:46.662634,2026-10-06 05:56:57.398539,0 days 00:03:10.735905,0.012066810487113942,1.8054001832365776,78.91305021174706,18.49957504695779,0.03783674864906073,1.4671267453130232e-06,190.73578446125612,61,COMPLETE
7335,32.04598411423736,15.419411774086326,2026-10-06 05:53:46.666632,2026-10-06 05:56:57.101460,0 days 00:03:10.434828,0.14472486883161542,1.0100598856645617,78.91305021174706,18.49957504695779,0.009569508337727876,1.4671267453130232e-06,190.43473642179742,61,COMPLETE
7336,31.23545751554564,19.21878622300421,2026-10-06 05:53:46.670629,2026-10-06 05:57:00.688110,0 days 00:03:14.017481,0.18472274745078338,1.8054001832365776,78.91305021174706,12.025559114678314,0.009569508337727876,1.0746247031029727e-06,194.017363704741,61,COMPLETE
7337,26.86219480844097,28.827939185552975,2026-10-06 05:53:46.674628,2026-10-06 05:56:58.108297,0 days 00:03:11.433669,0.35349415915446786,2.5826334477054016,78.91305021174706,53.19831855856638,0.009569508337727876,1.4671267453130232e-06,191.43354963930324,61,COMPLETE
7338,28.210024873042453,27.5477917235449,2026-10-06 05:53:47.023819,2026-10-06 05:56:56.632334,0 days 00:03:09.608515,0.2918907020150273,2.5826334477054016,80.97346391189345,53.19831855856638,0.009569508337727876,1.4671267453130232e-06,189.6084129740484,61,COMPLETE
7339,17.829618499705827,1.384728978417631,2026-10-06 05:53:47.156682,2026-10-06 05:56:58.678533,0 days 00:03:11.521851,0.046064696793874135,24.49619766985754,78.91305021174706,11.286119700737487,0.008698017554316196,1.4671267453130232e-06,191.52172368206084,61,COMPLETE
7340,22.764533622233014,20.883194103887128,2026-10-06 05:53:47.913878,2026-10-06 05:56:57.839508,0 days 00:03:09.925630,0.43368204163510027,3.42961079489487,59.21519600530888,12.025559114678314,0.009569508337727876,1.4671267453130232e-06,189.92553251888603,61,COMPLETE
7341,32.186041181369504,14.750184566046366,2026-10-06 05:53:47.922366,2026-10-06 05:57:02.088152,0 days 00:03:14.165786,0.14472486883161542,1.0100598856645617,78.91305021174706,7.704673657496365,0.008698017554316196,1.4671267453130232e-06,194.16567264590412,61,COMPLETE
7342,,,2026-10-06 05:53:47.960659,2026-10-06 05:53:48.326770,0 days 00:00:00.366111,0.419007027175139,3.42961079489487,80.97346391189345,15.382666136782571,0.0063835116993652885,,,61,PRUNED
7343,29.53877174884238,24.91000045876269,2026-10-06 05:53:47.964638,2026-10-06 05:56:57.940614,0 days 00:03:09.975976,0.2918907020150273,3.42961079489487,80.97346391189345,15.382666136782571,0.009569508337727876,1.2446212784745538e-06,189.97588066617027,61,COMPLETE
7344,21.407893859894052,6.415970138619301,2026-10-06 05:53:47.970356,2026-10-06 05:56:58.232335,0 days 00:03:10.261979,0.5676630223149798,1.0100598856645617,78.91305021174706,1.4765220915889177,0.009569508337727876,1.4671267453130232e-06,190.26188075263053,61,COMPLETE
7345,33.04421794603839,6.810422244860947,2026-10-06 05:53:47.981653,2026-10-06 05:57:02.681052,0 days 00:03:14.699399,0.06441798531902292,1.0100598856645617,78.91305021174706,8.510607914496259,0.009569508337727876,2.328670127015952e-06,194.6992837479338,61,COMPLETE
7346,10.760307561878601,6.52455228809775,2026-10-06 05:53:48.384697,2026-10-06 05:57:00.402078,0 days 00:03:12.017381,0.2918907020150273,1.0100598856645617,3.4996417834731846,18.49957504695779,0.009569508337727876,2.5662995957280212e-06,192.01723290095106,61,COMPLETE
7347,16.607107153481945,3.924360324319475,2026-10-06 05:53:49.032687,2026-10-06 05:57:01.578489,0 days 00:03:12.545802,0.19189241237051688,32.7102595331547,49.1431095253886,11.286119700737487,0.008698017554316196,3.8997659059378766,192.54566118493676,61,COMPLETE
7348,20.884721959107267,1.6925003360299349,2026-10-06 05:53:49.316053,2026-10-06 05:56:57.412283,0 days 00:03:08.096230,0.19189241237051688,9.07257511097337,78.91305021174706,21.63910276826749,0.008698017554316196,2.328670127015952e-06,188.09611212089658,61,COMPLETE
7349,19.70285895802541,3.291401680469128,2026-10-06 05:53:49.601685,2026-10-06 05:57:01.329608,0 days 00:03:11.727923,0.1320862812493285,49.19331036138526,78.91305021174706,12.025559114678314,0.009569508337727876,0.19110703236722174,191.72781511582434,61,COMPLETE
7350,,,2026-10-06 05:53:50.067683,2026-10-06 05:53:50.948106,0 days 00:00:00.880423,0.2918907020150273,4.014839763781616,78.91305021174706,21.426925338206402,0.007812560589139945,,,61,PRUNED
7351,26.86219480844097,28.827939185552975,2026-10-06 05:53:50.232692,2026-10-06 05:56:59.165933,0 days 00:03:08.933241,0.35349415915446786,2.5826334477054016,78.91305021174706,53.19831855856638,0.009569508337727876,1.4671267453130232e-06,188.93310301704332,61,COMPLETE
7352,23.23457674887223,14.279324172595938,2026-10-06 05:53:50.719695,2026-10-06 05:56:56.217774,0 days 00:03:05.498079,0.3401090828369047,1.0100598856645617,80.97346391189345,53.19831855856638,0.009569508337727876,0.00018527283920993074,185.4979332429357,61,COMPLETE
7353,28.445193249681985,6.003608848036543,2026-10-06 05:53:51.440885,2026-10-06 05:57:03.119528,0 days 00:03:11.678643,0.586548548390255,2.5826334477054016,78.91305021174706,21.63910276826749,0.06041047695655174,1.4671267453130232e-06,191.6785261379555,61,COMPLETE
7354,31.646554368680476,18.07204007927074,2026-10-06 05:53:51.693707,2026-10-06 05:57:01.080554,0 days 00:03:09.386847,0.14472486883161542,1.0100598856645617,78.91305021174706,18.49957504695779,0.008698017554316196,1.4671267453130232e-06,189.38671809388325,61,COMPLETE
7355,,,2026-10-06 05:53:51.836690,2026-10-06 05:53:52.038780,0 days 00:00:00.202090,0.17534157142392734,1.8054001832365776,78.91305021174706,18.49957504695779,0.0068337820751030376,,,61,PRUNED
7356,31.215898366718797,10.982979145195603,2026-10-06 05:53:52.152693,2026-10-06 05:57:03.627582,0 days 00:03:11.474889,0.22031827582514427,1.8054001832365776,78.91305021174706,1.3716033317979692,0.009569508337727876,1.4671267453130232e-06,191.47478162962943,61,COMPLETE
7357,24.055310747731447,30.925124533419215,2026-10-06 05:53:52.593696,2026-10-06 05:57:02.979220,0 days 00:03:10.385524,0.3401090828369047,6.28879905307643,78.91305021174706,53.19831855856638,0.009569508337727876,1.0746247031029727e-06,190.3853959753178,61,COMPLETE
7358,31.750416971596728,16.395043513591503,2026-10-06 05:54:18.192690,2026-10-06 05:57:29.778778,0 days 00:03:11.586088,0.17534157142392734,1.0100598856645617,78.91305021174706,18.49957504695779,0.009569508337727876,1.2446212784745538e-06,191.58593531697989,61,COMPLETE
7359,22.51206008048517,17.407759444879716,2026-10-06 05:54:27.598702,2026-10-06 05:57:35.316549,0 days 00:03:07.717847,0.35349415915446786,3.42961079489487,78.91305021174706,53.19831855856638,0.009569508337727876,0.0010326924870881278,187.71771420817822,61,COMPLETE
7360,17.732875142354054,1.2402474169650322,2026-10-06 05:54:58.771850,2026-10-06 05:58:11.975361,0 days 00:03:13.203511,0.029862522100784373,32.27777986340213,80.97346391189345,1.1775372199956953,0.05814818364655026,1.4671267453130232e-06,193.20336469169706,61,COMPLETE
7361,,,2026-10-06 05:55:03.406690,2026-10-06 05:55:04.426763,0 days 00:00:01.020073,0.09121631670765853,29.53860797222969,78.91305021174706,53.19831855856638,0.009569508337727876,,,61,PRUNED
7362,32.71046796064979,11.142078618947037,2026-10-06 05:55:03.905714,2026-10-06 05:58:12.421660,0 days 00:03:08.515946,0.12186470831252749,1.0100598856645617,78.91305021174706,7.704673657496365,0.009569508337727876,2.108934163128921e-06,188.5157991447486,61,COMPLETE
7363,32.389702616354484,13.589817443100307,2026-10-06 05:55:04.987858,2026-10-06 05:58:14.833587,0 days 00:03:09.845729,0.14472486883161542,1.0100598856645617,78.91305021174706,11.286119700737487,0.009569508337727876,1.4671267453130232e-06,189.84558261418715,61,COMPLETE
7364,23.526233950179225,7.713657644452449,2026-10-06 05:55:42.291961,2026-10-06 05:58:55.715690,0 days 00:03:13.423729,0.17534157142392734,30.43042350462566,78.91305021174706,12.025559114678314,0.008698017554316196,1.4671267453130232e-06,193.42359147872776,61,COMPLETE
7365,26.064795611719298,30.28387229659759,2026-10-06 05:56:17.584687,2026-10-06 05:59:26.012567,0 days 00:03:08.427880,0.35349415915446786,3.42961079489487,78.91305021174706,53.19831855856638,0.009569508337727876,1.2446212784745538e-06,188.42773828841746,61,COMPLETE
7366,30.20917163650166,2.8272872276754257,2026-10-06 05:56:50.471714,2026-10-06 06:00:04.565584,0 days 00:03:14.093870,0.18472274745078338,24.097688258959558,78.91305021174706,1.6602047475861634,0.008698017554316196,1.2446212784745538e-06,194.09371676575392,61,COMPLETE
7367,31.099313491539995,18.667211050330547,2026-10-06 05:56:52.107718,2026-10-06 06:00:07.335294,0 days 00:03:15.227576,0.14472486883161542,1.8054001832365776,78.91305021174706,11.286119700737487,0.008698017554316196,1.4671267453130232e-06,195.22744025290012,61,COMPLETE
7368,26.941628786058214,4.108986660257375,2026-10-06 05:56:53.720688,2026-10-06 06:00:09.388393,0 days 00:03:15.667705,0.12186470831252749,22.89098756730362,78.91305021174706,7.704673657496365,0.008698017554316196,1.54960617812222e-06,195.66758409375325,61,COMPLETE
7369,23.71362082735476,19.8834790231152,2026-10-06 05:56:54.332688,2026-10-06 06:00:06.867066,0 days 00:03:12.534378,0.49602620287158106,1.0100598856645617,78.91305021174706,53.19831855856638,0.009569508337727876,1.4671267453130232e-06,192.53427063161507,61,COMPLETE
7370,32.38062580471547,2.01957575843781,2026-10-06 05:56:54.605694,2026-10-06 06:00:08.442022,0 days 00:03:13.836328,0.11816812965117938,1.0100598856645617,78.91305021174706,1.4064006125010402,0.025981929708521066,1.4671267453130232e-06,193.83618133794516,61,COMPLETE
7371,33.043969690002235,6.882049603636826,2026-10-06 05:56:55.545685,2026-10-06 06:00:05.586534,0 days 00:03:10.040849,0.06441798531902292,1.0100598856645617,78.91305021174706,8.858210845255327,0.009569508337727876,2.328670127015952e-06,190.0407207547687,61,COMPLETE
