number,values_0,values_1,datetime_start,datetime_complete,duration,params_c_val,params_input_force,params_k_between_val,params_k_wall_val,params_m_val,params_ridge_alpha,user_attrs_duration_sec,system_attrs_NSGAIISampler:generation,state
1419,19.127526742002516,10.288940638510804,2026-10-06 01:20:32.572664,2026-10-06 01:23:46.581014,0 days 00:03:14.008350,0.6707519252569772,3.42961079489487,78.91305021174706,57.429854875521244,0.009590142710421577,3.3976165743800303e-06,194.00827080523595,11,COMPLETE
1420,30.24677223918379,16.95454237805794,2026-10-06 01:20:32.600653,2026-10-06 01:23:44.902370,0 days 00:03:12.301717,0.14472486883161542,3.42961079489487,78.91305021174706,18.49957504695779,0.009569508337727876,2.328670127015952e-06,192.30162522708997,11,COMPLETE
1421,31.595220093743944,1.739273428170896,2026-10-06 01:20:32.616655,2026-10-06 01:23:41.932872,0 days 00:03:09.316217,0.12014132825757128,41.372608192861875,78.91305021174706,1.3798280184278788,0.009569508337727876,2.328670127015952e-06,189.31612092908472,11,COMPLETE
1422,27.466215628087536,11.999295128433248,2026-10-06 01:20:32.628647,2026-10-06 01:23:47.918923,0 days 00:03:15.290276,0.48967816666395225,3.42961079489487,78.91305021174706,51.740518212765004,0.03657051619306208,2.328670127015952e-06,195.29020345769823,11,COMPLETE
1423,,,2026-10-06 01:20:32.632644,2026-10-06 01:20:34.446689,0 days 00:00:01.814045,0.14472486883161542,41.32663834107051,99.00751447520854,28.521004463161855,0.009569508337727876,,,11,PRUNED
1424,28.960155871368624,1.5523985315038349,2026-10-06 01:20:32.636639,2026-10-06 01:23:45.354518,0 days 00:03:12.717879,0.14472486883161542,21.318650827098544,78.91305021174706,1.7658496078448727,0.013254579355068399,0.06672101812662193,192.71779073029757,11,COMPLETE
1425,17.973091823351428,5.361575221435342,2026-10-06 01:20:32.665647,2026-10-06 01:23:47.471782,0 days 00:03:14.806135,0.6040198049165227,32.924215085216815,78.91305021174706,12.025559114678314,0.009569508337727876,2.328670127015952e-06,194.8060550931841,11,COMPLETE
1426,30.6467296702687,1.522946583759996,2026-10-06 01:20:32.724972,2026-10-06 01:23:53.288664,0 days 00:03:20.563692,0.14472486883161542,39.748137722149195,82.11028867024922,1.7658496078448727,0.01478582612116327,0.0004888384787132523,200.56356393080205,11,COMPLETE
1427,25.33199110016277,1.2187168505031074,2026-10-06 01:20:32.732648,2026-10-06 01:23:43.284252,0 days 00:03:10.551604,0.14472486883161542,8.987478920641044,78.91305021174706,12.025559114678314,0.04635562766609949,2.328670127015952e-06,190.55152714904398,11,COMPLETE
1428,1.3935253933595884,1.1919608814881046,2026-10-06 01:20:32.937677,2026-10-06 01:23:47.283499,0 days 00:03:14.345822,0.010849659997246425,46.65115833455933,78.91305021174706,1.7658496078448727,0.009590142710421577,0.0008591138545169395,194.34573577716947,11,COMPLETE
1429,12.096424106538326,1.4800882478755164,2026-10-06 01:20:33.097108,2026-10-06 01:23:46.829581,0 days 00:03:13.732473,0.14472486883161542,6.28879905307643,32.233952817229785,18.49957504695779,0.009569508337727876,2.328670127015952e-06,193.73239053972065,11,COMPLETE
1430,16.132495651315377,15.075623681160756,2026-10-06 01:20:33.104669,2026-10-06 01:23:46.421639,0 days 00:03:13.316970,0.6707519252569772,3.42961079489487,43.89098517285899,12.025559114678314,0.009569508337727876,2.328670127015952e-06,193.31687880307436,11,COMPLETE
1431,3.817624505727649,1.2730821973258224,2026-10-06 01:20:33.507886,2026-10-06 01:23:45.747629,0 days 00:03:12.239743,0.14472486883161542,8.087421071639683,4.533033504756981,18.808973665165144,0.009569508337727876,7.268204144545004e-05,192.23966967500746,11,COMPLETE
1432,14.477913556731062,1.2295898781230465,2026-10-06 01:20:33.691990,2026-10-06 01:23:48.863706,0 days 00:03:15.171716,0.14472486883161542,1.8054001832365776,99.00751447520854,18.49957504695779,0.05391279568281258,92.33521312379627,195.1716225668788,11,COMPLETE
1433,30.87827856101673,1.416430560461055,2026-10-06 01:20:33.739690,2026-10-06 01:23:49.136494,0 days 00:03:15.396804,0.12391532076386172,48.147926180602234,78.91305021174706,1.7658496078448727,0.01478582612116327,2.328670127015952e-06,195.3967149448581,11,COMPLETE
1434,31.05620093962055,2.1312594307332144,2026-10-06 01:20:33.767670,2026-10-06 01:23:44.135563,0 days 00:03:10.367893,0.14472486883161542,46.774203669468385,78.91305021174706,1.8190863578544005,0.009590142710421577,0.0020991458081853894,190.367800405249,11,COMPLETE
1435,13.312531999272545,6.150028866949206,2026-10-06 01:20:34.368867,2026-10-06 01:23:46.329422,0 days 00:03:11.960555,0.14472486883161542,3.42961079489487,10.886573665330156,12.025559114678314,0.009406258884274878,2.328670127015952e-06,191.96046230383217,12,COMPLETE
1436,30.876676821507687,2.2676366566823956,2026-10-06 01:20:34.372643,2026-10-06 01:23:50.736268,0 days 00:03:16.363625,0.14472486883161542,47.32580802949924,78.91305021174706,2.0489784059322336,0.009569508337727876,0.00013571136337649982,196.36353340791538,12,COMPLETE
1437,17.21213128499316,16.77248100439757,2026-10-06 01:20:34.376646,2026-10-06 01:23:45.508961,0 days 00:03:11.132315,0.6200861913218851,3.42961079489487,78.91305021174706,18.808973665165144,0.009569508337727876,0.00010160998520747449,191.13223929191008,12,COMPLETE
1438,17.406408184009116,3.893796908257362,2026-10-06 01:20:34.402844,2026-10-06 01:23:47.356003,0 days 00:03:12.953159,0.14472486883161542,43.30923647640585,68.2709621704498,28.521004463161855,0.009569508337727876,2.328670127015952e-06,192.9530808441341,12,COMPLETE
1439,30.167868849571683,1.359838163684126,2026-10-06 01:20:34.459570,2026-10-06 01:23:47.710494,0 days 00:03:13.250924,0.14472486883161542,3.42961079489487,78.91305021174706,1.7658496078448727,0.009406258884274878,0.0004045387004489123,193.25083972420543,12,COMPLETE
1440,17.762710737208568,7.407605270626549,2026-10-06 01:20:34.462639,2026-10-06 01:23:43.339997,0 days 00:03:08.877358,0.14472486883161542,1.8054001832365776,6.715679650668215,18.49957504695779,0.009590142710421577,2.328670127015952e-06,188.8772771549411,12,COMPLETE
1441,29.98307436827149,1.2615695023447833,2026-10-06 01:20:34.466637,2026-10-06 01:23:42.102509,0 days 00:03:07.635872,0.14472486883161542,24.770650362264895,78.91305021174706,1.7658496078448727,0.02835028674913827,0.03426109217494696,187.63579095480964,12,COMPLETE
1442,29.226307557477337,2.725235035408442,2026-10-06 01:20:34.470631,2026-10-06 01:23:45.107070,0 days 00:03:10.636439,0.14472486883161542,3.42961079489487,78.91305021174706,18.49957504695779,0.03695495099093698,0.007690928916612578,190.6363485478796,12,COMPLETE
1443,29.955076258187177,3.1526458303132054,2026-10-06 01:20:34.582675,2026-10-06 01:23:49.630152,0 days 00:03:15.047477,0.14472486883161542,3.42961079489487,78.91305021174706,3.7504775608803835,0.009569508337727876,2.328670127015952e-06,195.04739680187777,12,COMPLETE
1444,17.87031391148271,1.5690778525064504,2026-10-06 01:20:34.733700,2026-10-06 01:23:45.963794,0 days 00:03:11.230094,0.14472486883161542,3.42961079489487,16.11473351600175,3.7504775608803835,0.009569508337727876,3.997393182032269e-05,191.22999191377312,12,COMPLETE
1445,20.135742381507242,1.865577465071667,2026-10-06 01:20:35.064683,2026-10-06 01:23:46.834558,0 days 00:03:11.769875,0.14472486883161542,46.774203669468385,24.397567573502307,1.7658496078448727,0.009569508337727876,2.328670127015952e-06,191.7698044399731,12,COMPLETE
1446,30.683707191576623,2.4983251983308694,2026-10-06 01:20:35.146682,2026-10-06 01:23:48.080897,0 days 00:03:12.934215,0.14472486883161542,32.133571428288036,78.36180162487625,2.0489784059322336,0.009406258884274878,0.0004045387004489123,192.9341408261098,12,COMPLETE
1447,25.073004210475723,1.5495896172902595,2026-10-06 01:20:35.150662,2026-10-06 01:23:48.202001,0 days 00:03:13.051339,0.11814464667144803,46.774203669468385,78.91305021174706,1.7658496078448727,0.009590142710421577,0.06672101812662193,193.05127166816965,12,COMPLETE
1448,16.288368807693175,1.3929476288697908,2026-10-06 01:20:35.653860,2026-10-06 01:23:41.564491,0 days 00:03:05.910631,0.5555069055943938,8.987478920641044,78.91305021174706,1.7658496078448727,0.009590142710421577,0.06672101812662193,185.91053956281394,12,COMPLETE
1449,20.765533322395612,1.2552840046699572,2026-10-06 01:20:35.657648,2026-10-06 01:23:46.750646,0 days 00:03:11.092998,0.14472486883161542,12.102216468769228,55.64953757068711,18.49957504695779,0.024790630872431413,2.328670127015952e-06,191.09291485883296,12,COMPLETE
1450,30.24677223918379,16.95454237805794,2026-10-06 01:20:35.681667,2026-10-06 01:23:47.147013,0 days 00:03:11.465346,0.14472486883161542,3.42961079489487,78.91305021174706,18.49957504695779,0.009569508337727876,2.328670127015952e-06,191.46526190964505,12,COMPLETE
1451,31.015292701998202,2.195358409034198,2026-10-06 01:20:35.697668,2026-10-06 01:23:48.193500,0 days 00:03:12.495832,0.14472486883161542,39.23414467865504,78.91305021174706,1.7658496078448727,0.009569508337727876,0.0004045387004489123,192.4957504561171,12,COMPLETE
1452,16.224283280010383,1.32802378156209,2026-10-06 01:20:36.588895,2026-10-06 01:23:47.994477,0 days 00:03:11.405582,0.12014132825757128,6.28879905307643,5.480569682332916,1.3798280184278788,0.009569508337727876,2.328670127015952e-06,191.40551163395867,12,COMPLETE
1453,20.85546257821424,25.803554596619364,2026-10-06 01:20:36.592645,2026-10-06 01:23:43.743185,0 days 00:03:07.150540,0.42937345114127523,3.42961079489487,78.91305021174706,18.49957504695779,0.0012152444850970312,2.328670127015952e-06,187.1504367897287,12,COMPLETE
1454,30.24677223918379,16.95454237805794,2026-10-06 01:20:36.638818,2026-10-06 01:23:47.892916,0 days 00:03:11.254098,0.14472486883161542,3.42961079489487,78.91305021174706,18.49957504695779,0.009569508337727876,2.328670127015952e-06,191.25401646876708,12,COMPLETE
1455,24.07370500898142,1.271299350047077,2026-10-06 01:20:36.653845,2026-10-06 01:23:47.990835,0 days 00:03:11.336990,0.05077032758017502,3.42961079489487,78.91305021174706,18.49957504695779,0.009569508337727876,2.328670127015952e-06,191.3369141058065,12,COMPLETE
1456,30.241796410455095,16.994027325144184,2026-10-06 01:20:36.657652,2026-10-06 01:23:48.199422,0 days 00:03:11.541770,0.14472486883161542,3.42961079489487,78.91305021174706,18.808973665165144,0.009569508337727876,3.604367102888168e-06,191.5416944171302,12,COMPLETE
1457,,,2026-10-06 01:20:37.468840,2026-10-06 01:20:38.266721,0 days 00:00:00.797881,0.48950896914928205,46.65115833455933,78.91305021174706,1.8190863578544005,0.0067875013157933034,,,12,PRUNED
1458,28.068775055657945,1.8936904735997266,2026-10-06 01:20:37.472657,2026-10-06 01:23:48.016128,0 days 00:03:10.543471,0.14472486883161542,46.65115833455933,51.93649967487964,1.7658496078448727,0.009590142710421577,0.06672101812662193,190.54339820565656,12,COMPLETE
1459,1.537814380153479,1.1998125394018186,2026-10-06 01:20:37.657677,2026-10-06 01:23:47.013180,0 days 00:03:09.355503,0.08220856673033629,48.147926180602234,78.91305021174706,12.025559114678314,0.009569508337727876,0.0004045387004489123,189.35542090097442,12,COMPLETE
1460,18.821944173352563,10.796991897045197,2026-10-06 01:20:38.228861,2026-10-06 01:23:49.505285,0 days 00:03:11.276424,0.14472486883161542,3.42961079489487,14.044854487028022,18.49957504695779,0.009569508337727876,2.328670127015952e-06,191.27633801288903,12,COMPLETE
1461,28.560396201508347,2.0609193710582163,2026-10-06 01:20:38.323832,2026-10-06 01:23:44.945241,0 days 00:03:06.621409,0.14472486883161542,8.987478920641044,89.61123200940895,5.45385997213838,0.009590142710421577,0.00010160998520747449,186.6213175454177,12,COMPLETE
1462,7.062632199418454,3.4453990981344185,2026-10-06 01:20:38.853692,2026-10-06 01:23:50.901305,0 days 00:03:12.047613,0.48967816666395225,37.412196933109115,78.91305021174706,92.83971983125491,0.009569508337727876,2.328670127015952e-06,192.04752857005224,12,COMPLETE
1463,,,2026-10-06 01:20:39.349698,2026-10-06 01:20:40.552741,0 days 00:00:01.203043,0.14472486883161542,3.42961079489487,78.91305021174706,12.025559114678314,0.0010168578222266413,,,12,PRUNED
1464,28.81012332694135,1.3165272802781696,2026-10-06 01:20:40.783689,2026-10-06 01:23:51.653814,0 days 00:03:10.870125,0.14472486883161542,3.42961079489487,78.91305021174706,2.0489784059322336,0.009569508337727876,0.007690928916612578,190.87002313835546,12,COMPLETE
1465,28.89946832643337,19.286373755209112,2026-10-06 01:23:04.864750,2026-10-06 01:26:14.008541,0 days 00:03:09.143791,0.14472486883161542,3.42961079489487,78.91305021174706,72.11032835897271,0.009406258884274878,0.00024637875250850874,189.1436786041595,12,COMPLETE
1466,31.76543899438097,8.772167191538978,2026-10-06 01:23:39.373898,2026-10-06 01:26:55.316712,0 days 00:03:15.942814,0.14472486883161542,1.8054001832365776,78.91305021174706,1.7658496078448727,0.009569508337727876,2.328670127015952e-06,195.94271847000346,12,COMPLETE
1467,2.176922953630412,2.0899922748226363,2026-10-06 01:23:40.164706,2026-10-06 01:26:55.236358,0 days 00:03:15.071652,0.14472486883161542,3.42961079489487,1.8089393679424903,12.025559114678314,0.002844973707556129,2.328670127015952e-06,195.07154951011762,12,COMPLETE
1468,31.056843785027166,1.9805756018758722,2026-10-06 01:23:41.707683,2026-10-06 01:26:55.607100,0 days 00:03:13.899417,0.14472486883161542,13.305346264428227,78.91305021174706,1.3798280184278788,0.009569508337727876,2.328670127015952e-06,193.89930920721963,12,COMPLETE
1469,31.078982312564865,2.1288365846995854,2026-10-06 01:23:41.709845,2026-10-06 01:26:58.997105,0 days 00:03:17.287260,0.14472486883161542,46.774203669468385,78.91305021174706,1.7658496078448727,0.009569508337727876,2.328670127015952e-06,197.2871729908511,12,COMPLETE
1470,30.75716815043257,1.8779532969796702,2026-10-06 01:23:41.755650,2026-10-06 01:26:52.469913,0 days 00:03:10.714263,0.14472486883161542,46.65115833455933,78.91305021174706,1.7658496078448727,0.009590142710421577,0.06672101812662193,190.71415754500777,12,COMPLETE
1471,17.162112506359637,8.410248786070039,2026-10-06 01:23:42.340850,2026-10-06 01:26:56.461969,0 days 00:03:14.121119,0.6707519252569772,49.17977522464741,78.91305021174706,12.025559114678314,0.009569508337727876,3.3976165743800303e-06,194.1210433728993,12,COMPLETE
1472,15.788661485969197,2.240316134571012,2026-10-06 01:23:42.344652,2026-10-06 01:26:58.208034,0 days 00:03:15.863382,0.14472486883161542,3.42961079489487,78.91305021174706,18.49957504695779,0.009569508337727876,35.72350046807024,195.86330111790448,12,COMPLETE
1473,30.533888732833077,1.95411577362998,2026-10-06 01:23:42.356650,2026-10-06 01:26:56.767155,0 days 00:03:14.410505,0.16177110021459462,17.004978875582324,78.91305021174706,1.7658496078448727,0.011005204287205276,0.00013571136337649982,194.41041980031878,12,COMPLETE
1474,31.20530069872546,9.817297189600628,2026-10-06 01:23:42.511959,2026-10-06 01:26:57.815634,0 days 00:03:15.303675,0.14472486883161542,1.8054001832365776,78.91305021174706,1.3798280184278788,0.008698017554316196,2.328670127015952e-06,195.30359203834087,12,COMPLETE
1475,16.070261762820177,5.11903524115571,2026-10-06 01:23:42.673696,2026-10-06 01:26:55.808489,0 days 00:03:13.134793,0.8594847224934326,3.42961079489487,78.91305021174706,1.7658496078448727,0.009569508337727876,0.00010160998520747449,193.1347088040784,12,COMPLETE
1476,22.1027827078016,1.2884708526402666,2026-10-06 01:23:42.995718,2026-10-06 01:26:55.796533,0 days 00:03:12.800815,0.027545464127168108,32.133571428288036,78.91305021174706,2.0489784059322336,0.0356073323400414,2.328670127015952e-06,192.80061970464885,12,COMPLETE
1477,,,2026-10-06 01:23:43.171836,2026-10-06 01:23:44.138450,0 days 00:00:00.966614,0.6707519252569772,2.7973390563518286,2.8454483264174346,18.49957504695779,0.0011694992663863462,,,12,PRUNED
1478,2.356668051941182,1.1366387196534284,2026-10-06 01:23:43.260674,2026-10-06 01:26:56.608511,0 days 00:03:13.347837,0.14472486883161542,48.35050188880728,1.539645228213023,1.7658496078448727,0.01478582612116327,0.007690928916612578,193.34774044156075,12,COMPLETE
1479,15.895372160564865,18.63063934109988,2026-10-06 01:23:43.392785,2026-10-06 01:26:56.632579,0 days 00:03:13.239794,0.48967816666395225,3.42961079489487,24.874748817912106,18.49957504695779,0.009569508337727876,2.328670127015952e-06,193.23958788393065,12,COMPLETE
1480,31.210384382689046,17.60718244445571,2026-10-06 01:23:43.852695,2026-10-06 01:26:58.912615,0 days 00:03:15.059920,0.14472486883161542,1.8054001832365776,78.91305021174706,18.49957504695779,0.009569508337727876,2.328670127015952e-06,195.05983129004017,12,COMPLETE
1481,,,2026-10-06 01:23:43.882172,2026-10-06 01:23:44.662976,0 days 00:00:00.780804,0.2067939899188396,11.287658395638632,78.91305021174706,18.49957504695779,0.0028080125466874977,,,12,PRUNED
1482,26.988930839617108,4.366443960627599,2026-10-06 01:23:43.934666,2026-10-06 01:26:53.526527,0 days 00:03:09.591861,0.17995785561803868,3.42961079489487,78.91305021174706,3.7504775608803835,0.009569508337727876,2.328670127015952e-06,189.5917609371245,12,COMPLETE
1483,12.4004519326435,1.2742597002345835,2026-10-06 01:23:44.218829,2026-10-06 01:26:59.003707,0 days 00:03:14.784878,0.012356263844375775,3.42961079489487,78.91305021174706,18.49957504695779,0.009406258884274878,38.360581484760935,194.784801451955,12,COMPLETE
1484,16.433163301223374,2.0813051640303453,2026-10-06 01:23:44.694689,2026-10-06 01:26:56.083220,0 days 00:03:11.388531,0.14472486883161542,3.42961079489487,8.398534347695863,18.49957504695779,0.024790630872431413,0.0003505170438069139,191.38842649105936,12,COMPLETE
1485,29.18487851055115,9.64798707206054,2026-10-06 01:23:44.738677,2026-10-06 01:26:57.889091,0 days 00:03:13.150414,0.14472486883161542,3.42961079489487,78.91305021174706,12.025559114678314,0.009569508337727876,0.0011384314514340994,193.15033207600936,12,COMPLETE
1486,25.360660831456986,10.612034348763641,2026-10-06 01:23:45.076691,2026-10-06 01:26:57.746491,0 days 00:03:12.669800,0.48967816666395225,3.42961079489487,78.91305021174706,1.7969133792086747,0.009569508337727876,2.328670127015952e-06,192.66971988184378,12,COMPLETE
1487,28.838873308603517,1.2863238472646508,2026-10-06 01:23:45.241359,2026-10-06 01:26:57.641897,0 days 00:03:12.400538,0.03187897857293897,1.8054001832365776,78.91305021174706,6.172223726051235,0.009569508337727876,2.328670127015952e-06,192.40044943615794,12,COMPLETE
1488,30.758904040127838,1.8826587081492163,2026-10-06 01:23:45.521119,2026-10-06 01:27:00.371890,0 days 00:03:14.850771,0.14472486883161542,46.65115833455933,78.91305021174706,1.7658496078448727,0.009569508337727876,0.06672101812662193,194.85069377999753,12,COMPLETE
1489,31.614148712596783,8.53916325879115,2026-10-06 01:23:45.624848,2026-10-06 01:26:59.001477,0 days 00:03:13.376629,0.14472486883161542,1.8054001832365776,78.91305021174706,1.3798280184278788,0.009569508337727876,2.328670127015952e-06,193.37655697669834,12,COMPLETE
1490,,,2026-10-06 01:23:45.726829,2026-10-06 01:23:46.435699,0 days 00:00:00.708870,0.29647820895573374,3.42961079489487,99.00751447520854,5.998876756593566,0.0036868601485022744,,,12,PRUNED
1491,30.621332196695978,1.4064364234067241,2026-10-06 01:23:45.730647,2026-10-06 01:26:59.040443,0 days 00:03:13.309796,0.14472486883161542,3.42961079489487,78.91305021174706,1.7658496078448727,0.009569508337727876,3.3976165743800303e-06,193.30971915787086,12,COMPLETE
1492,22.1300265939902,1.3367012585025857,2026-10-06 01:23:45.747929,2026-10-06 01:27:01.119047,0 days 00:03:15.371118,0.14472486883161542,46.65115833455933,78.91305021174706,18.49957504695779,0.037830044002550786,0.06672101812662193,195.37102752318606,12,COMPLETE
1493,20.28208968903971,7.901404772492379,2026-10-06 01:23:45.789647,2026-10-06 01:26:58.468804,0 days 00:03:12.679157,0.27514991418790946,32.133571428288036,78.91305021174706,18.49957504695779,0.009569508337727876,2.328670127015952e-06,192.67908284114674,12,COMPLETE
1494,30.20321423925339,15.80152214800802,2026-10-06 01:23:46.121686,2026-10-06 01:27:00.324291,0 days 00:03:14.202605,0.14472486883161542,3.42961079489487,78.91305021174706,18.808973665165144,0.009569508337727876,0.00010160998520747449,194.20252307271585,12,COMPLETE
1495,1.9238983294665555,1.2165796077902171,2026-10-06 01:23:46.287688,2026-10-06 01:26:58.728535,0 days 00:03:12.440847,0.14472486883161542,46.774203669468385,99.00751447520854,1.7658496078448727,0.009569508337727876,0.0004045387004489123,192.44075910001993,12,COMPLETE
1496,30.24677223918379,16.95454237805794,2026-10-06 01:23:46.451678,2026-10-06 01:27:03.053837,0 days 00:03:16.602159,0.14472486883161542,3.42961079489487,78.91305021174706,18.49957504695779,0.009569508337727876,2.328670127015952e-06,196.60206504911184,12,COMPLETE
1497,31.009592685792352,1.4149480067919407,2026-10-06 01:23:46.880861,2026-10-06 01:26:59.307498,0 days 00:03:12.426637,0.14472486883161542,48.147926180602234,99.00751447520854,1.9315869865513369,0.01837789097344558,0.0004045387004489123,192.4265525569208,12,COMPLETE
1498,30.24677223918379,16.95454237805794,2026-10-06 01:23:46.884646,2026-10-06 01:26:57.487780,0 days 00:03:10.603134,0.14472486883161542,3.42961079489487,78.91305021174706,18.49957504695779,0.009569508337727876,2.328670127015952e-06,190.60305253369734,12,COMPLETE
1499,16.799442129042884,8.80849791731483,2026-10-06 01:23:46.888653,2026-10-06 01:26:57.973260,0 days 00:03:11.084607,0.14472486883161542,3.42961079489487,16.981622710209503,12.025559114678314,0.009569508337727876,2.328670127015952e-06,191.08453187765554,12,COMPLETE
1500,23.56854922814548,2.1185918482773145,2026-10-06 01:23:46.906647,2026-10-06 01:26:57.146255,0 days 00:03:10.239608,0.14472486883161542,45.71328226925948,99.00751447520854,18.49957504695779,0.01478582612116327,0.0004045387004489123,190.2395183937624,12,COMPLETE
1501,3.136366150382785,1.2513691518874823,2026-10-06 01:23:46.910646,2026-10-06 01:27:00.330343,0 days 00:03:13.419697,0.14472486883161542,48.147926180602234,1.103835340488476,1.7658496078448727,0.009569508337727876,2.328670127015952e-06,193.4196277433075,12,COMPLETE
