number,values_0,values_1,datetime_start,datetime_complete,duration,params_c_val,params_input_force,params_k_between_val,params_k_wall_val,params_m_val,params_ridge_alpha,user_attrs_duration_sec,system_attrs_NSGAIISampler:generation,state
1087,29.60383833215449,17.724152801774874,2026-10-06 01:04:28.627068,2026-10-06 01:07:43.553626,0 days 00:03:14.926558,0.14472486883161542,3.42961079489487,68.2709621704498,28.521004463161855,0.009569508337727876,2.328670127015952e-06,194.92647954216227,9,COMPLETE
1088,25.23785239680145,1.832655727457163,2026-10-06 01:04:28.657913,2026-10-06 01:07:42.291641,0 days 00:03:13.633728,0.14472486883161542,23.89216639950453,78.91305021174706,12.025559114678314,0.01478582612116327,0.0002119529307262873,193.63365536509082,9,COMPLETE
1089,,,2026-10-06 01:04:28.661648,2026-10-06 01:04:29.590679,0 days 00:00:00.929031,0.41952372072545585,3.42961079489487,78.91305021174706,3.2350253702287715,0.0010477618693550102,,,9,PRUNED
1090,19.577053775950425,15.889303028190943,2026-10-06 01:04:28.680314,2026-10-06 01:07:38.942301,0 days 00:03:10.261987,0.48967816666395225,3.42961079489487,78.91305021174706,18.49957504695779,0.009569508337727876,0.00026285855894701214,190.26190244499594,9,COMPLETE
1091,28.318719388096504,1.2174403288102995,2026-10-06 01:04:28.688650,2026-10-06 01:07:43.842430,0 days 00:03:15.153780,0.2880553685721488,20.213335196982104,83.63462158426863,1.7658496078448727,0.09866380093969852,2.328670127015952e-06,195.15368457557634,9,COMPLETE
1092,14.678050648471288,1.2097498765316121,2026-10-06 01:04:28.692658,2026-10-06 01:07:39.390524,0 days 00:03:10.697866,0.012245348270317143,3.42961079489487,78.91305021174706,18.49957504695779,0.01478582612116327,2.328670127015952e-06,190.69777233200148,9,COMPLETE
1093,14.839620964237762,5.258063238691527,2026-10-06 01:04:29.220702,2026-10-06 01:07:43.458512,0 days 00:03:14.237810,0.17287988570077903,5.163106132123858,14.719249146245843,69.59849767866419,0.01478582612116327,0.007690928916612578,194.23771007498726,9,COMPLETE
1094,12.471995871107598,6.241866059479176,2026-10-06 01:04:29.604979,2026-10-06 01:07:41.758597,0 days 00:03:12.153618,0.6040198049165227,6.28879905307643,32.233952817229785,7.8342206444348275,0.009596121382849983,0.017673615253211237,192.1535359802656,9,COMPLETE
1095,22.321262095072534,6.300939010914249,2026-10-06 01:04:29.685679,2026-10-06 01:07:46.168665,0 days 00:03:16.482986,0.1338864078069938,4.565106463465744,77.51383454227101,18.49957504695779,0.009569508337727876,0.0009482221502550213,196.48288582498208,9,COMPLETE
1096,25.46879404542755,1.393532797603997,2026-10-06 01:04:29.884686,2026-10-06 01:07:40.093887,0 days 00:03:10.209201,0.12217494869443475,30.4361881968835,78.91305021174706,1.7658496078448727,0.01478582612116327,31.031538616819116,190.20912024891004,9,COMPLETE
1097,20.226847972279252,15.155761578803366,2026-10-06 01:04:29.956882,2026-10-06 01:07:40.908236,0 days 00:03:10.951354,0.41952372072545585,3.42961079489487,78.91305021174706,18.49957504695779,0.009569508337727876,0.0009482221502550213,190.9512802748941,9,COMPLETE
1098,,,2026-10-06 01:04:29.960649,2026-10-06 01:04:30.885716,0 days 00:00:00.925067,0.5555069055943938,3.42961079489487,78.91305021174706,1.8190863578544005,0.0032006733137762327,,,9,PRUNED
1099,29.529108520535242,3.2749250839853112,2026-10-06 01:04:29.964642,2026-10-06 01:07:39.528493,0 days 00:03:09.563851,0.14472486883161542,28.1007340438596,83.63462158426863,3.7504775608803835,0.009596121382849983,3.870050256678385e-06,189.56376946577802,9,COMPLETE
1100,18.619000844902438,1.7096048020637558,2026-10-06 01:04:29.968644,2026-10-06 01:07:42.546793,0 days 00:03:12.578149,0.14472486883161542,30.939045814541988,15.808476938240446,3.7504775608803835,0.01478582612116327,0.0029190926595294786,192.57807868439704,9,COMPLETE
1101,30.282562041055133,1.4781704930465975,2026-10-06 01:04:29.972640,2026-10-06 01:07:42.566655,0 days 00:03:12.594015,0.14472486883161542,46.65115833455933,78.91305021174706,1.8190863578544005,0.01478582612116327,0.007690928916612578,192.5939492471516,9,COMPLETE
1102,27.786298757731874,1.2056522310065378,2026-10-06 01:04:29.976642,2026-10-06 01:07:43.054073,0 days 00:03:13.077431,0.030080410556892468,20.213335196982104,77.51383454227101,1.8190863578544005,0.0232326269081286,0.06672101812662193,193.07734767207876,9,COMPLETE
1103,26.538675916328714,13.573409907953838,2026-10-06 01:04:29.980644,2026-10-06 01:07:38.532075,0 days 00:03:08.551431,0.5555069055943938,3.42961079489487,85.7034102631403,18.49957504695779,0.024790630872431413,2.328670127015952e-06,188.55132631398737,9,COMPLETE
1104,6.361719986520891,1.9918406689303896,2026-10-06 01:04:29.984640,2026-10-06 01:07:40.891184,0 days 00:03:10.906544,0.9659603596857635,3.42961079489487,4.448732634415658,3.7504775608803835,0.009569508337727876,0.001754171270788285,190.90647307084873,9,COMPLETE
1105,29.778588364753187,18.605733872635337,2026-10-06 01:04:30.766695,2026-10-06 01:07:44.891511,0 days 00:03:14.124816,0.14472486883161542,3.42961079489487,78.91305021174706,33.705587852946245,0.009406258884274878,9.391865709026338e-06,194.12473544012755,9,COMPLETE
1106,21.741654818284907,1.7770064958850786,2026-10-06 01:04:31.136677,2026-10-06 01:07:43.486373,0 days 00:03:12.349696,0.12343921118130471,44.46746171961365,78.91305021174706,18.49957504695779,0.01478582612116327,3.221464501361173e-06,192.34961132192984,9,COMPLETE
1107,7.860428122336093,2.555839142259373,2026-10-06 01:04:31.148670,2026-10-06 01:07:44.822390,0 days 00:03:13.673720,0.18766479357036162,6.28879905307643,32.233952817229785,18.49957504695779,0.009569508337727876,2.328670127015952e-06,193.67364070098847,9,COMPLETE
1108,14.777852430289864,1.2663495973789187,2026-10-06 01:04:31.156645,2026-10-06 01:07:45.070479,0 days 00:03:13.913834,0.48967816666395225,8.987478920641044,78.91305021174706,5.350363932788648,0.009569508337727876,4.40423012846899,193.91172709222883,9,COMPLETE
1109,31.078982312564865,2.1288365846995854,2026-10-06 01:04:31.180673,2026-10-06 01:07:46.852374,0 days 00:03:15.671701,0.14472486883161542,46.774203669468385,78.91305021174706,1.7658496078448727,0.009569508337727876,2.328670127015952e-06,195.67159767309204,9,COMPLETE
1110,30.323415546864346,1.2933274701554052,2026-10-06 01:04:31.204659,2026-10-06 01:07:42.947232,0 days 00:03:11.742573,0.14472486883161542,3.42961079489487,78.91305021174706,2.0489784059322336,0.016205446913400444,2.328670127015952e-06,191.74248837819323,9,COMPLETE
1111,19.369215372877285,12.501151593648501,2026-10-06 01:04:31.243626,2026-10-06 01:07:44.750719,0 days 00:03:13.507093,0.5555069055943938,8.987478920641044,83.63462158426863,18.49957504695779,0.01478582612116327,0.0008966254827331043,193.50701387086883,9,COMPLETE
1112,14.085506147490099,6.077573354916467,2026-10-06 01:04:31.490685,2026-10-06 01:07:41.928093,0 days 00:03:10.437408,0.48967816666395225,1.6561528973969994,32.233952817229785,11.364619091105583,0.009590142710421577,0.001754171270788285,190.43732298910618,9,COMPLETE
1113,9.94802318422634,1.453106480456516,2026-10-06 01:04:31.868701,2026-10-06 01:07:43.170623,0 days 00:03:11.301922,0.6707519252569772,46.774203669468385,78.91305021174706,69.59849767866419,0.04081670550880532,1.7201586451773604e-05,191.3018406862393,9,COMPLETE
1114,28.767963186505785,1.319012647161923,2026-10-06 01:04:31.944139,2026-10-06 01:07:43.599716,0 days 00:03:11.655577,0.14472486883161542,3.42961079489487,77.51383454227101,1.7658496078448727,0.01478582612116327,0.0009482221502550213,191.65549973398447,9,COMPLETE
1115,12.178616202607936,1.5673872502831445,2026-10-06 01:04:32.236841,2026-10-06 01:07:44.098041,0 days 00:03:11.861200,0.14472486883161542,1.6561528973969994,3.260658389343855,11.364619091105583,0.03392343672858665,0.001754171270788285,191.86111897602677,9,COMPLETE
1116,26.86246736449211,4.776968949150919,2026-10-06 01:04:32.240653,2026-10-06 01:07:45.088475,0 days 00:03:12.847822,0.5555069055943938,3.42961079489487,78.91305021174706,18.49957504695779,0.06280228565726971,0.00010160998520747449,192.8477452029474,9,COMPLETE
1117,3.912416907068688,1.888867759745122,2026-10-06 01:04:32.680845,2026-10-06 01:07:42.505848,0 days 00:03:09.825003,0.14472486883161542,43.33046234766454,2.6066870567948914,2.0489784059322336,0.009569508337727876,0.007690928916612578,189.82492002518848,9,COMPLETE
1118,24.977135668616835,4.181317946997475,2026-10-06 01:04:33.279689,2026-10-06 01:07:40.731858,0 days 00:03:07.452169,0.14472486883161542,32.133571428288036,78.91305021174706,12.025559114678314,0.009569508337727876,2.328670127015952e-06,187.45209560496733,9,COMPLETE
1119,31.445372342935343,16.504664224757644,2026-10-06 01:04:33.283666,2026-10-06 01:07:42.463040,0 days 00:03:09.179374,0.14472486883161542,1.8054001832365776,78.91305021174706,12.025559114678314,0.009569508337727876,2.328670127015952e-06,189.1792937242426,9,COMPLETE
1120,6.750740062628464,4.148386717878724,2026-10-06 01:04:34.128677,2026-10-06 01:07:43.679802,0 days 00:03:09.551125,0.48967816666395225,3.42961079489487,2.2171378289736308,18.49957504695779,0.009569508337727876,0.00010160998520747449,189.55104511324316,9,COMPLETE
1121,18.76650383551219,17.023311435997446,2026-10-06 01:06:58.456681,2026-10-06 01:10:05.106304,0 days 00:03:06.649623,0.5555069055943938,3.42961079489487,78.91305021174706,18.808973665165144,0.009569508337727876,0.00010160998520747449,186.6495241462253,9,COMPLETE
1122,1.2749838136585878,1.2028532480529923,2026-10-06 01:07:33.844705,2026-10-06 01:10:48.126483,0 days 00:03:14.281778,0.012155598260806297,48.147926180602234,77.51383454227101,7.8342206444348275,0.009569508337727876,0.007690928916612578,194.28166824299842,9,COMPLETE
1123,,,2026-10-06 01:07:35.269024,2026-10-06 01:07:36.118736,0 days 00:00:00.849712,0.14472486883161542,13.357424274802728,78.91305021174706,1.8190863578544005,0.0012234978642960339,,,9,PRUNED
1124,18.449092336969542,1.368214912160738,2026-10-06 01:07:35.751704,2026-10-06 01:10:49.604641,0 days 00:03:13.852937,0.14472486883161542,8.987478920641044,89.61123200940895,18.49957504695779,0.009569508337727876,4.515380757259051,193.85285113099962,9,COMPLETE
1125,,,2026-10-06 01:07:36.396813,2026-10-06 01:07:37.488703,0 days 00:00:01.091890,0.04446431518461481,46.65115833455933,46.546095502334126,23.95569067060939,0.001231880042960696,,,9,PRUNED
1126,20.674273781688154,1.6911263483480554,2026-10-06 01:07:36.827901,2026-10-06 01:10:51.066539,0 days 00:03:14.238638,0.3402712159540042,8.258554990460674,78.91305021174706,12.025559114678314,0.009569508337727876,2.328670127015952e-06,194.23854869464412,9,COMPLETE
1127,30.09560000840146,1.447143509540884,2026-10-06 01:07:36.855675,2026-10-06 01:10:53.244256,0 days 00:03:16.388581,0.14472486883161542,37.30650627834148,83.63462158426863,1.3952232429901594,0.013593181580386379,0.04394033466058781,196.38847735477611,9,COMPLETE
1128,,,2026-10-06 01:07:37.154709,2026-10-06 01:07:37.881039,0 days 00:00:00.726330,0.6040198049165227,3.42961079489487,78.91305021174706,18.49957504695779,0.0012768602805065458,,,9,PRUNED
1129,30.58175276525259,1.5232393498227168,2026-10-06 01:07:37.328105,2026-10-06 01:10:51.817491,0 days 00:03:14.489386,0.14472486883161542,37.698889849335174,78.91305021174706,1.8190863578544005,0.01478582612116327,2.328670127015952e-06,194.4893040577881,9,COMPLETE
1130,26.06779137302825,1.2144835278498656,2026-10-06 01:07:37.467011,2026-10-06 01:10:50.751678,0 days 00:03:13.284667,0.014552932416230853,3.42961079489487,78.91305021174706,3.7504775608803835,0.009569508337727876,3.221147366863028e-05,193.2845676811412,9,COMPLETE
1131,,,2026-10-06 01:07:37.726719,2026-10-06 01:07:38.612743,0 days 00:00:00.886024,0.14472486883161542,3.42961079489487,78.91305021174706,69.59849767866419,0.0061134691724469125,,,9,PRUNED
1132,6.341962697822208,3.29873346958202,2026-10-06 01:07:38.040692,2026-10-06 01:10:50.971598,0 days 00:03:12.930906,0.48967816666395225,3.42961079489487,1.1798525402858058,18.49957504695779,0.009569508337727876,7.158626163088802e-06,192.93080036202446,9,COMPLETE
1133,,,2026-10-06 01:07:38.712835,2026-10-06 01:07:39.554652,0 days 00:00:00.841817,0.13720368644695,3.42961079489487,15.567510024882411,18.49957504695779,0.0015767011041207138,,,9,PRUNED
1134,3.9541072247892664,1.7341615443132836,2026-10-06 01:07:38.764829,2026-10-06 01:10:52.310192,0 days 00:03:13.545363,0.14472486883161542,46.65115833455933,3.102358416112049,1.8190863578544005,0.009569508337727876,2.328670127015952e-06,193.5452791126445,9,COMPLETE
1135,29.700521543919063,2.4572203431758948,2026-10-06 01:07:38.851840,2026-10-06 01:10:53.451668,0 days 00:03:14.599828,0.14472486883161542,3.42961079489487,78.91305021174706,12.025559114678314,0.035577012271910895,0.0009482221502550213,194.5997449485585,9,COMPLETE
1136,30.60746207876366,1.430425766339284,2026-10-06 01:07:39.004665,2026-10-06 01:10:54.554819,0 days 00:03:15.550154,0.11276991923970396,32.133571428288036,89.61123200940895,2.0489784059322336,0.016205446913400444,0.007690928916612578,195.55007043899968,9,COMPLETE
1137,26.9146934650985,3.9492833726491274,2026-10-06 01:07:39.126693,2026-10-06 01:10:52.531277,0 days 00:03:13.404584,0.14472486883161542,45.741044518014796,78.91305021174706,7.8342206444348275,0.009596121382849983,2.328670127015952e-06,193.40450015617535,9,COMPLETE
1138,31.038825937905347,2.162082341767011,2026-10-06 01:07:39.415019,2026-10-06 01:10:50.691610,0 days 00:03:11.276591,0.14472486883161542,46.65115833455933,78.91305021174706,1.8190863578544005,0.009569508337727876,2.328670127015952e-06,191.27649222919717,9,COMPLETE
1139,31.42653371226397,1.2488708268948046,2026-10-06 01:07:39.504678,2026-10-06 01:10:50.558713,0 days 00:03:11.054035,0.08220856673033629,48.147926180602234,99.00751447520854,1.7658496078448727,0.01478582612116327,0.0004045387004489123,191.05393234780058,9,COMPLETE
1140,26.01833577037499,1.372443830672103,2026-10-06 01:07:39.574818,2026-10-06 01:10:52.704501,0 days 00:03:13.129683,0.14472486883161542,45.741044518014796,26.8407504807827,1.8190863578544005,0.016205446913400444,0.0004888384787132523,193.1295939143747,9,COMPLETE
1141,26.948786189206203,1.3165611600624496,2026-10-06 01:07:39.578660,2026-10-06 01:10:55.283336,0 days 00:03:15.704676,0.05882869641430975,17.004978875582324,78.91305021174706,8.352944486415916,0.011005204287205276,2.328670127015952e-06,195.70458626467735,9,COMPLETE
1142,30.75716815043257,1.8779532969796702,2026-10-06 01:07:39.582640,2026-10-06 01:10:50.246523,0 days 00:03:10.663883,0.14472486883161542,46.65115833455933,78.91305021174706,1.7658496078448727,0.009590142710421577,0.06672101812662193,190.66378394607455,9,COMPLETE
1143,21.042616970642833,7.936010631747653,2026-10-06 01:07:39.623659,2026-10-06 01:10:51.003837,0 days 00:03:11.380178,0.20565879689319846,44.5743867378724,78.91305021174706,18.49957504695779,0.009569508337727876,2.328670127015952e-06,191.3800927917473,9,COMPLETE
1144,25.62239004561379,1.4190399387312365,2026-10-06 01:07:40.213690,2026-10-06 01:10:55.181684,0 days 00:03:14.967994,0.14472486883161542,8.987478920641044,78.91305021174706,12.025559114678314,0.009569508337727876,2.328670127015952e-06,194.96790873492137,9,COMPLETE
1145,10.565274194290907,4.683040087894244,2026-10-06 01:07:40.253666,2026-10-06 01:10:53.729873,0 days 00:03:13.476207,0.6040198049165227,49.79222111273609,32.233952817229785,18.49957504695779,0.009569508337727876,0.00010160998520747449,193.47612975165248,9,COMPLETE
1146,29.94913687040988,9.829899401633579,2026-10-06 01:07:40.281672,2026-10-06 01:10:54.396511,0 days 00:03:14.114839,0.14472486883161542,3.42961079489487,83.63462158426863,18.49957504695779,0.016205446913400444,1.6374091613134125e-05,194.1147448029369,9,COMPLETE
1147,21.633014133855777,1.2290019857471037,2026-10-06 01:07:40.664005,2026-10-06 01:10:51.871441,0 days 00:03:11.207436,0.14472486883161542,3.42961079489487,32.233952817229785,3.7504775608803835,0.06581274055872058,7.516500136682689e-05,191.20735513418913,9,COMPLETE
1148,6.607828912988536,1.2356561201385272,2026-10-06 01:07:40.908548,2026-10-06 01:10:52.041318,0 days 00:03:11.132770,0.011157787087547012,49.75867860979346,4.26081401498896,1.7658496078448727,0.004267527630459238,0.001754171270788285,191.13268616003916,9,COMPLETE
1149,30.632468946332402,2.293961343883849,2026-10-06 01:07:40.939659,2026-10-06 01:10:51.506647,0 days 00:03:10.566988,0.14472486883161542,32.133571428288036,82.11028867024922,2.0489784059322336,0.009569508337727876,0.007690928916612578,190.56671146629378,9,COMPLETE
1150,3.4870883932913683,1.7982090606830181,2026-10-06 01:07:40.943642,2026-10-06 01:10:52.525862,0 days 00:03:11.582220,0.14472486883161542,45.43294842823352,2.9444960874171318,8.69587454050497,0.009569508337727876,0.001754171270788285,191.58213849691674,9,COMPLETE
1151,29.604250275195362,3.1649641273936098,2026-10-06 01:07:41.038762,2026-10-06 01:10:53.950457,0 days 00:03:12.911695,0.14472486883161542,31.594529111457145,78.91305021174706,3.7504775608803835,0.009569508337727876,2.328670127015952e-06,192.9116142289713,9,COMPLETE
1152,22.93579918470637,1.6184741215668506,2026-10-06 01:07:41.268224,2026-10-06 01:10:53.499298,0 days 00:03:12.231074,0.5555069055943938,32.133571428288036,82.11028867024922,2.0489784059322336,0.016205446913400444,0.0004888384787132523,192.23099638195708,9,COMPLETE
1153,11.166692853990883,3.236312395911546,2026-10-06 01:07:41.525344,2026-10-06 01:10:52.697082,0 days 00:03:11.171738,0.6040198049165227,45.741044518014796,32.233952817229785,18.49957504695779,0.01478582612116327,1.0331614775490677e-05,191.17163601797074,9,COMPLETE
1154,20.70625474776309,2.1986437403200947,2026-10-06 01:07:41.605871,2026-10-06 01:10:55.325125,0 days 00:03:13.719254,0.7115569651660298,32.133571428288036,78.91305021174706,2.0489784059322336,0.009569508337727876,2.328670127015952e-06,193.71917865797877,9,COMPLETE
1155,31.126089088302177,17.45179076333603,2026-10-06 01:07:41.609657,2026-10-06 01:10:52.472086,0 days 00:03:10.862429,0.21599116114917932,1.6561528973969994,78.91305021174706,11.364619091105583,0.009569508337727876,2.328670127015952e-06,190.8623411427252,9,COMPLETE
1156,28.29803128370417,1.8126734071905068,2026-10-06 01:07:41.613645,2026-10-06 01:10:56.843751,0 days 00:03:15.230106,0.2880553685721488,30.4361881968835,78.91305021174706,1.7658496078448727,0.01478582612116327,0.00026285855894701214,195.23000088101253,9,COMPLETE
1157,29.92028904899242,18.202392913070355,2026-10-06 01:07:41.621658,2026-10-06 01:10:53.321130,0 days 00:03:11.699472,0.14472486883161542,3.42961079489487,78.91305021174706,31.161299631103518,0.009569508337727876,2.328670127015952e-06,191.69939751410857,9,COMPLETE
1158,11.395260243514567,1.6857687799917322,2026-10-06 01:07:41.625649,2026-10-06 01:10:52.371927,0 days 00:03:10.746278,0.5555069055943938,23.284053798166997,39.67273259740075,18.49957504695779,0.01478582612116327,0.0004888384787132523,190.74619546812028,9,COMPLETE
1159,29.746543364919432,4.302346098975466,2026-10-06 01:07:42.323878,2026-10-06 01:10:55.745658,0 days 00:03:13.421780,0.48967816666395225,3.42961079489487,83.63462158426863,7.852366222455273,0.0586054867704739,2.328670127015952e-06,193.42170576984063,9,COMPLETE
1160,15.091009999980898,1.4798865620336323,2026-10-06 01:07:42.327660,2026-10-06 01:10:56.284623,0 days 00:03:13.956963,0.6040198049165227,32.333682024417456,32.233952817229785,1.8190863578544005,0.0232326269081286,0.06672101812662193,193.9568676049821,9,COMPLETE
1161,15.653403968678523,7.02117301512011,2026-10-06 01:07:42.331646,2026-10-06 01:10:55.740379,0 days 00:03:13.408733,0.6040198049165227,3.42961079489487,14.91916797682956,18.49957504695779,0.0272863075382553,2.328670127015952e-06,193.4086483051069,9,COMPLETE
1162,15.236343670243722,20.036716990311195,2026-10-06 01:07:42.335646,2026-10-06 01:10:55.083135,0 days 00:03:12.747489,0.6040198049165227,6.28879905307643,32.233952817229785,18.49957504695779,0.009569508337727876,2.328670127015952e-06,192.74740399699658,9,COMPLETE
1163,19.703098329639907,2.928020834728145,2026-10-06 01:07:42.339644,2026-10-06 01:10:52.248467,0 days 00:03:09.908823,0.6040198049165227,7.785061460061084,82.11028867024922,2.0489784059322336,0.016205446913400444,0.0004888384787132523,189.90867138421163,9,COMPLETE
1164,30.072835969879087,1.2961738651684525,2026-10-06 01:07:42.410664,2026-10-06 01:10:52.773199,0 days 00:03:10.362535,0.08220856673033629,3.42961079489487,78.91305021174706,3.7504775608803835,0.009569508337727876,2.328670127015952e-06,190.36245322786272,9,COMPLETE
1165,,,2026-10-06 01:07:42.463351,2026-10-06 01:07:42.823711,0 days 00:00:00.360360,0.14472486883161542,28.1007340438596,78.91305021174706,1.0910866678025724,0.0013889589219693971,,,9,PRUNED
1166,22.590541279647365,4.018937094943438,2026-10-06 01:07:42.547193,2026-10-06 01:10:55.501382,0 days 00:03:12.954189,0.14472486883161542,28.1007340438596,78.91305021174706,18.49957504695779,0.009569508337727876,2.328670127015952e-06,192.95409755501896,9,COMPLETE
1167,29.86290006048521,1.554571591284396,2026-10-06 01:07:42.637021,2026-10-06 01:10:53.508860,0 days 00:03:10.871839,0.16177110021459462,32.133571428288036,78.91305021174706,2.0489784059322336,0.016205446913400444,0.007690928916612578,190.8717697733082,9,COMPLETE
1168,4.154183473710124,1.4201130691966544,2026-10-06 01:07:42.640653,2026-10-06 01:10:59.375265,0 days 00:03:16.734612,0.6040198049165227,41.94944443933294,3.9533397696364188,18.49957504695779,0.009590142710421577,21.369032669553363,196.73451056005433,9,COMPLETE
1169,20.26974158873695,20.393967744430377,2026-10-06 01:07:42.672660,2026-10-06 01:10:52.014831,0 days 00:03:09.342171,0.6707519252569772,3.42961079489487,78.91305021174706,57.429854875521244,0.01478582612116327,3.3976165743800303e-06,189.34207195136696,9,COMPLETE
1170,31.26317317082772,1.2691354938972301,2026-10-06 01:07:42.872128,2026-10-06 01:10:58.521413,0 days 00:03:15.649285,0.14472486883161542,40.88805064457688,78.91305021174706,2.0489784059322336,0.031980284360384394,0.00014638566775463096,195.64919334370643,9,COMPLETE
