number,values_0,values_1,datetime_start,datetime_complete,duration,params_c_val,params_input_force,params_k_between_val,params_k_wall_val,params_m_val,params_ridge_alpha,user_attrs_duration_sec,system_attrs_NSGAIISampler:generation,state
4394,24.69088200879388,23.67500346306876,2026-10-06 03:38:49.492637,2026-10-06 03:42:02.026523,0 days 00:03:12.533886,0.48967816666395225,1.8054001832365776,78.91305021174706,35.397938808104236,0.009569508337727876,1.4671267453130232e-06,192.53378782980144,36,COMPLETE
4395,9.575297047024293,7.351239352261588,2026-10-06 03:38:49.496629,2026-10-06 03:42:00.212303,0 days 00:03:10.715674,0.38723976193930737,1.8054001832365776,3.3791624779535705,18.49957504695779,0.008698017554316196,2.328670127015952e-06,190.71557083772495,36,COMPLETE
4396,31.21885204496575,17.406505747068124,2026-10-06 03:38:49.500627,2026-10-06 03:42:04.666812,0 days 00:03:15.166185,0.14472486883161542,1.0100598856645617,78.91305021174706,40.2862337213893,0.009569508337727876,2.328670127015952e-06,195.16609133500606,36,COMPLETE
4397,19.948509352727328,7.659436098140095,2026-10-06 03:38:49.504625,2026-10-06 03:42:04.149538,0 days 00:03:14.644913,0.17534157142392734,44.72193781851525,78.91305021174706,18.49957504695779,0.008698017554316196,2.328670127015952e-06,194.64480831613764,36,COMPLETE
4398,29.918691486886804,3.3659119852240638,2026-10-06 03:38:50.048575,2026-10-06 03:42:01.082510,0 days 00:03:11.033935,0.030830920241171338,1.8054001832365776,65.62628327002362,35.397938808104236,0.009569508337727876,2.328670127015952e-06,191.03382471995428,36,COMPLETE
4399,1.2080628371177655,1.234634378754631,2026-10-06 03:38:50.092863,2026-10-06 03:42:01.744259,0 days 00:03:11.651396,0.03153039917425327,33.94944025666087,1.234458753877316,18.49957504695779,0.03706202400070734,2.328670127015952e-06,191.6512805549428,36,COMPLETE
4400,,,2026-10-06 03:38:50.096639,2026-10-06 03:38:50.850734,0 days 00:00:00.754095,0.14472486883161542,1.8054001832365776,78.91305021174706,12.025559114678314,0.006886034605226713,,,36,PRUNED
4401,27.156586949402236,28.18480416059168,2026-10-06 03:38:50.100640,2026-10-06 03:42:03.829125,0 days 00:03:13.728485,0.2918907020150273,4.014839763781616,78.91305021174706,46.431764750098004,0.009569508337727876,1.4671267453130232e-06,193.72839730232954,36,COMPLETE
4402,28.18111193982753,24.038212583326118,2026-10-06 03:38:50.104628,2026-10-06 03:42:00.401090,0 days 00:03:10.296462,0.3401090828369047,1.8054001832365776,78.91305021174706,45.605935248059524,0.009569508337727876,2.328670127015952e-06,190.29636328900233,36,COMPLETE
4403,11.492659389100783,4.54442830494458,2026-10-06 03:38:50.164646,2026-10-06 03:41:59.302617,0 days 00:03:09.137971,0.18472274745078338,1.8054001832365776,10.870985553511058,18.49957504695779,0.008698017554316196,1.319473753693073,189.137886706274,36,COMPLETE
4404,22.51111884803051,28.681370736303982,2026-10-06 03:38:50.910991,2026-10-06 03:42:02.976868,0 days 00:03:12.065877,0.48967816666395225,3.42961079489487,71.30352778074091,53.19831855856638,0.009569508337727876,1.4671267453130232e-06,192.065753006842,36,COMPLETE
4405,26.05466258476455,7.35820418517101,2026-10-06 03:38:50.914652,2026-10-06 03:42:00.763510,0 days 00:03:09.848858,0.18472274745078338,33.26004092569865,78.91305021174706,7.14008749932051,0.008698017554316196,2.328670127015952e-06,189.84875524789095,36,COMPLETE
4406,32.317573581173825,13.20391233507132,2026-10-06 03:38:50.918628,2026-10-06 03:42:04.679867,0 days 00:03:13.761239,0.14472486883161542,1.0100598856645617,78.91305021174706,4.949274479107639,0.008698017554316196,1.4671267453130232e-06,193.76114789862186,36,COMPLETE
4407,30.996149031850628,19.737775781663963,2026-10-06 03:38:50.922629,2026-10-06 03:42:03.963282,0 days 00:03:13.040653,0.18472274745078338,1.8054001832365776,78.91305021174706,18.49957504695779,0.009569508337727876,2.328670127015952e-06,193.04055906878784,36,COMPLETE
4408,,,2026-10-06 03:38:51.086671,2026-10-06 03:40:07.969769,0 days 00:01:16.883098,0.17534157142392734,1.8054001832365776,78.91305021174706,72.01385208019262,0.008698017554316196,2.328670127015952e-06,,37,PRUNED
4409,25.8755966343368,1.3068539653067242,2026-10-06 03:38:51.095216,2026-10-06 03:42:02.993848,0 days 00:03:11.898632,0.48967816666395225,44.01988506921049,78.91305021174706,7.704673657496365,0.08127296650407939,1.4671267453130232e-06,191.89853228302673,37,COMPLETE
4410,,,2026-10-06 03:38:51.098644,2026-10-06 03:38:51.574745,0 days 00:00:00.476101,0.14472486883161542,1.0100598856645617,78.91305021174706,6.182683349256731,0.005398387569009079,,,37,PRUNED
4411,4.00940852863314,1.2764997823200543,2026-10-06 03:38:51.102636,2026-10-06 03:42:02.279103,0 days 00:03:11.176467,0.03076524029101271,14.330687516752121,5.7486573277054855,18.49957504695779,0.009569508337727876,2.328670127015952e-06,191.17636940814555,37,COMPLETE
4412,18.97272598595775,1.2096529498702915,2026-10-06 03:38:51.288656,2026-10-06 03:42:00.841589,0 days 00:03:09.552933,0.018970440249217034,3.42961079489487,78.91305021174706,16.966954115393197,0.008698017554316196,1.4671267453130232e-06,189.5528414743021,37,COMPLETE
4413,25.2437080261287,6.22952899334582,2026-10-06 03:38:51.514703,2026-10-06 03:42:01.322995,0 days 00:03:09.808292,0.3185079647138091,45.72242745442512,78.91305021174706,3.340607021247373,0.008698017554316196,2.328670127015952e-06,189.80819832580164,37,COMPLETE
4414,26.929137870329377,4.690921337198341,2026-10-06 03:38:51.715705,2026-10-06 03:42:00.942163,0 days 00:03:09.226458,0.17534157142392734,27.723165342603348,78.91305021174706,7.704673657496365,0.009569508337727876,2.328670127015952e-06,189.2263622977771,37,COMPLETE
4415,23.951461361905153,29.20529149626848,2026-10-06 03:38:51.769661,2026-10-06 03:42:03.788224,0 days 00:03:12.018563,0.48480307501533615,3.42961079489487,78.91305021174706,35.397938808104236,0.009569508337727876,2.328670127015952e-06,192.01845588395372,37,COMPLETE
4416,7.323013864863794,4.388660431042762,2026-10-06 03:38:51.952848,2026-10-06 03:42:05.164346,0 days 00:03:13.211498,0.22031827582514427,2.5826334477054016,1.2245157482694453,86.21081464870748,0.009569508337727876,2.328670127015952e-06,193.2113929982297,37,COMPLETE
4417,32.04598411423736,15.419411774086326,2026-10-06 03:38:52.011661,2026-10-06 03:42:00.790364,0 days 00:03:08.778703,0.14472486883161542,1.0100598856645617,78.91305021174706,18.49957504695779,0.009569508337727876,1.4671267453130232e-06,188.7786119868979,37,COMPLETE
4418,31.04746378780257,19.38239824177877,2026-10-06 03:38:52.216685,2026-10-06 03:42:05.004336,0 days 00:03:12.787651,0.17534157142392734,1.8054001832365776,78.91305021174706,18.49957504695779,0.009569508337727876,2.328670127015952e-06,192.78753582807258,37,COMPLETE
4419,21.952043819929965,19.206405654635837,2026-10-06 03:38:52.240660,2026-10-06 03:42:01.134935,0 days 00:03:08.894275,0.5684664543697604,1.8054001832365776,78.91305021174706,20.129803382611357,0.009569508337727876,2.328670127015952e-06,188.89418578287587,37,COMPLETE
4420,32.73285602307689,3.769559947926541,2026-10-06 03:38:52.292660,2026-10-06 03:42:03.474549,0 days 00:03:11.181889,0.14472486883161542,1.8054001832365776,78.91305021174706,12.025559114678314,0.03463343903868386,2.328670127015952e-06,191.1817835541442,37,COMPLETE
4421,,,2026-10-06 03:38:53.012708,2026-10-06 03:38:53.666729,0 days 00:00:00.654021,0.19189241237051688,18.169601997013114,78.91305021174706,7.14008749932051,0.004869074078987863,,,37,PRUNED
4422,32.50057298623229,4.105675681850929,2026-10-06 03:38:53.016654,2026-10-06 03:42:01.094514,0 days 00:03:08.077860,0.14472486883161542,1.8054001832365776,78.91305021174706,18.49957504695779,0.03463343903868386,2.328670127015952e-06,188.07775889802724,37,COMPLETE
4423,26.77371089148295,6.2115638505197825,2026-10-06 03:38:53.079652,2026-10-06 03:42:06.750007,0 days 00:03:13.670355,0.14472486883161542,1.0100598856645617,78.91305021174706,12.025559114678314,0.009569508337727876,0.014040274813205116,193.67025347286835,37,COMPLETE
4424,17.661372255549054,2.0534361010825033,2026-10-06 03:38:53.112640,2026-10-06 03:42:04.640079,0 days 00:03:11.527439,0.14472486883161542,1.8054001832365776,78.91305021174706,12.025559114678314,0.008698017554316196,2.4678427701941508,191.52733910409734,37,COMPLETE
4425,1.5300703863764127,1.202051238564198,2026-10-06 03:38:53.839953,2026-10-06 03:42:02.385424,0 days 00:03:08.545471,0.22031827582514427,42.9644967916153,78.91305021174706,1.0926764296472022,0.00841201780976416,2.328670127015952e-06,188.5453722011298,37,COMPLETE
4426,25.510551380782058,1.6039840665084766,2026-10-06 03:38:54.080675,2026-10-06 03:42:06.363536,0 days 00:03:12.282861,0.033980533507073876,1.8054001832365776,78.91305021174706,7.704673657496365,0.008698017554316196,2.328670127015952e-06,192.28274360578507,37,COMPLETE
4427,31.993025024197614,14.598319762835704,2026-10-06 03:38:55.904687,2026-10-06 03:42:06.531395,0 days 00:03:10.626708,0.19189241237051688,1.0100598856645617,78.91305021174706,7.704673657496365,0.008698017554316196,2.328670127015952e-06,190.62661092495546,37,COMPLETE
4428,33.125811189206814,3.4086597897152684,2026-10-06 03:39:22.228693,2026-10-06 03:42:34.962100,0 days 00:03:12.733407,0.14472486883161542,1.0100598856645617,78.91305021174706,12.025559114678314,0.03463343903868386,1.4671267453130232e-06,192.73327736416832,37,COMPLETE
4429,22.08821336802839,21.107161302860764,2026-10-06 03:39:28.258844,2026-10-06 03:42:41.192943,0 days 00:03:12.934099,0.22031827582514427,3.42961079489487,31.89635385794225,38.52680789958333,0.009569508337727876,9.864237770490802e-06,192.93344205711037,37,COMPLETE
4430,29.644624419659873,14.452899866956368,2026-10-06 03:40:08.623710,2026-10-06 03:43:20.949610,0 days 00:03:12.325900,0.3401090828369047,1.8054001832365776,78.91305021174706,6.182683349256731,0.009569508337727876,2.328670127015952e-06,192.32578068692237,37,COMPLETE
4431,15.230728180977886,5.335968349066915,2026-10-06 03:40:28.538694,2026-10-06 03:43:35.234960,0 days 00:03:06.696266,0.48967816666395225,3.42961079489487,78.91305021174706,35.397938808104236,0.009569508337727876,1.111077895539232,186.69613905111328,37,COMPLETE
4432,30.92699499459095,18.91966348834831,2026-10-06 03:40:47.767686,2026-10-06 03:43:58.179701,0 days 00:03:10.412015,0.19189241237051688,1.8054001832365776,78.91305021174706,12.025559114678314,0.008698017554316196,8.489290539569235e-06,190.41189118521288,37,COMPLETE
4433,29.46891328034148,21.364857372010277,2026-10-06 03:41:55.500558,2026-10-06 03:45:11.035437,0 days 00:03:15.534879,0.17534157142392734,3.42961079489487,78.91305021174706,46.431764750098004,0.009569508337727876,2.328670127015952e-06,195.5347604821436,37,COMPLETE
4434,31.6326156548546,16.256556589563694,2026-10-06 03:41:56.812749,2026-10-06 03:45:11.185357,0 days 00:03:14.372608,0.17534157142392734,1.8054001832365776,78.91305021174706,7.704673657496365,0.009569508337727876,2.328670127015952e-06,194.37250293092802,37,COMPLETE
4435,19.266002413908808,16.912594526126227,2026-10-06 03:41:57.498693,2026-10-06 03:45:11.572249,0 days 00:03:14.073556,0.22031827582514427,1.8054001832365776,15.339873289919247,18.49957504695779,0.008698017554316196,2.328670127015952e-06,194.07343567488715,37,COMPLETE
4436,16.461129110230964,1.3202717637708776,2026-10-06 03:41:57.651707,2026-10-06 03:45:12.555530,0 days 00:03:14.903823,0.14472486883161542,1.0100598856645617,78.91305021174706,35.397938808104236,0.009899787751486184,2.4208292123269484,194.90371085796505,37,COMPLETE
4437,,,2026-10-06 03:41:58.360827,2026-10-06 03:42:00.096751,0 days 00:00:01.735924,0.17534157142392734,47.70529528639663,78.91305021174706,40.2862337213893,0.008698017554316196,,,37,PRUNED
4438,29.726835355987028,19.848776750655993,2026-10-06 03:41:58.433803,2026-10-06 03:45:09.903278,0 days 00:03:11.469475,0.1597571792773666,3.42961079489487,78.91305021174706,38.52680789958333,0.009569508337727876,2.328670127015952e-06,191.46934967581183,37,COMPLETE
4439,30.469667646050283,11.99420875168962,2026-10-06 03:41:58.864677,2026-10-06 03:45:13.780338,0 days 00:03:14.915661,0.17534157142392734,1.0100598856645617,78.91305021174706,11.287855694052745,0.008698017554316196,0.0006765109118297587,194.9155635870993,37,COMPLETE
4440,31.32821666437068,15.39271544425659,2026-10-06 03:41:58.981821,2026-10-06 03:45:14.056246,0 days 00:03:15.074425,0.24522885714659168,1.0100598856645617,69.33707937619111,6.182683349256731,0.007698672242743083,1.4671267453130232e-06,195.0743354326114,37,COMPLETE
4441,16.25028433589312,1.8681747813959766,2026-10-06 03:41:58.985641,2026-10-06 03:45:13.414513,0 days 00:03:14.428872,0.17534157142392734,17.974289423970234,78.91305021174706,38.52680789958333,0.009569508337727876,1.4671267453130232e-06,194.42876854306087,37,COMPLETE
4442,29.93643125938585,23.455282055565362,2026-10-06 03:41:59.244693,2026-10-06 03:45:09.415158,0 days 00:03:10.170465,0.18472274745078338,1.8054001832365776,78.91305021174706,35.397938808104236,0.008698017554316196,2.328670127015952e-06,190.17033956805244,37,COMPLETE
4443,29.359660421725966,23.84819293902906,2026-10-06 03:41:59.284820,2026-10-06 03:45:10.917410,0 days 00:03:11.632590,0.22031827582514427,3.42961079489487,78.91305021174706,35.397938808104236,0.009569508337727876,2.328670127015952e-06,191.63246599491686,37,COMPLETE
4444,13.658807352115181,11.054118912279199,2026-10-06 03:41:59.288642,2026-10-06 03:45:13.516513,0 days 00:03:14.227871,0.48967816666395225,46.17849018186172,78.91305021174706,35.397938808104236,0.009569508337727876,1.4671267453130232e-06,194.22777548013255,37,COMPLETE
4445,16.934545480433407,1.2956182903542859,2026-10-06 03:41:59.901845,2026-10-06 03:45:16.641639,0 days 00:03:16.739794,0.14472486883161542,1.0100598856645617,78.91305021174706,18.49957504695779,0.009569508337727876,1.973123636183061,196.73969318158925,37,COMPLETE
4446,13.984630697240913,20.06612550788865,2026-10-06 03:41:59.905639,2026-10-06 03:45:11.216557,0 days 00:03:11.310918,0.48967816666395225,13.944000931490294,78.91305021174706,53.19831855856638,0.009569508337727876,2.328670127015952e-06,191.3108201539144,37,COMPLETE
4447,28.705054822077052,22.71921147463435,2026-10-06 03:41:59.909632,2026-10-06 03:45:11.718524,0 days 00:03:11.808892,0.17534157142392734,3.42961079489487,78.91305021174706,35.397938808104236,0.008698017554316196,2.328670127015952e-06,191.80879488401115,37,COMPLETE
4448,,,2026-10-06 03:42:00.091054,2026-10-06 03:42:00.765897,0 days 00:00:00.674843,0.18472274745078338,1.8054001832365776,78.91305021174706,18.49957504695779,0.0010738218813933,,,37,PRUNED
4449,20.746491629552583,6.4532781570955065,2026-10-06 03:42:00.108910,2026-10-06 03:45:12.251065,0 days 00:03:12.142155,0.17534157142392734,25.677595545310997,78.91305021174706,18.49957504695779,0.008698017554316196,2.328670127015952e-06,192.14203210081905,37,COMPLETE
4450,11.862715018658525,3.874709352212102,2026-10-06 03:42:00.112632,2026-10-06 03:45:10.741305,0 days 00:03:10.628673,0.17534157142392734,1.8054001832365776,3.058363320307055,6.182683349256731,0.009569508337727876,0.0010767256035064058,190.628577564843,37,COMPLETE
4451,31.473208279973687,2.852484833749611,2026-10-06 03:42:00.454664,2026-10-06 03:45:12.700241,0 days 00:03:12.245577,0.17534157142392734,1.8054001832365776,78.91305021174706,16.966954115393197,0.05161827822140979,2.328670127015952e-06,192.24547838699073,37,COMPLETE
4452,,,2026-10-06 03:42:00.747827,2026-10-06 03:42:01.570697,0 days 00:00:00.822870,0.17534157142392734,1.8054001832365776,78.91305021174706,12.025559114678314,0.00260651580319742,,,37,PRUNED
4453,30.79868866440156,15.419157719800761,2026-10-06 03:42:01.143270,2026-10-06 03:45:16.573974,0 days 00:03:15.430704,0.10888538177085885,1.8054001832365776,78.91305021174706,35.397938808104236,0.009569508337727876,2.328670127015952e-06,195.4306181720458,37,COMPLETE
4454,31.143768903493047,5.4649435815984,2026-10-06 03:42:01.146662,2026-10-06 03:45:11.366343,0 days 00:03:10.219681,0.22031827582514427,1.0100598856645617,78.91305021174706,79.2982752505286,0.03463343903868386,2.328670127015952e-06,190.21958946203813,37,COMPLETE
4455,19.47391343384098,1.3629048991757071,2026-10-06 03:42:01.150642,2026-10-06 03:45:17.948473,0 days 00:03:16.797831,0.0271180508292316,3.42961079489487,78.91305021174706,53.19831855856638,0.009569508337727876,2.328670127015952e-06,196.7977322959341,37,COMPLETE
4456,15.99337071785682,6.369721921479557,2026-10-06 03:42:01.154628,2026-10-06 03:45:16.835535,0 days 00:03:15.680907,0.17534157142392734,1.0100598856645617,4.3752713625215955,14.465349540501837,0.009569508337727876,1.4671267453130232e-06,195.68080851295963,37,COMPLETE
4457,30.18011810689934,11.379398860412987,2026-10-06 03:42:01.158644,2026-10-06 03:45:13.897579,0 days 00:03:12.738935,0.17534157142392734,1.8054001832365776,78.91305021174706,6.182683349256731,0.009569508337727876,0.0004570228741783851,192.73885124875233,37,COMPLETE
4458,24.24033023411913,1.2466228957645031,2026-10-06 03:42:01.162634,2026-10-06 03:45:09.697354,0 days 00:03:08.534720,0.01605726787621424,1.8054001832365776,78.91305021174706,12.025559114678314,0.009569508337727876,2.328670127015952e-06,188.53459585877135,37,COMPLETE
4459,31.45379482479829,18.073841720567764,2026-10-06 03:42:01.166632,2026-10-06 03:45:14.797919,0 days 00:03:13.631287,0.17534157142392734,1.8054001832365776,78.91305021174706,6.182683349256731,0.008698017554316196,2.328670127015952e-06,193.63118827389553,37,COMPLETE
4460,15.573499089386738,3.089065016584203,2026-10-06 03:42:01.170628,2026-10-06 03:45:12.630165,0 days 00:03:11.459537,0.14472486883161542,49.197427399350794,28.43165499885305,12.025559114678314,0.009569508337727876,1.4671267453130232e-06,191.45945410244167,37,COMPLETE
4461,29.64897586010621,18.849004385736063,2026-10-06 03:42:01.276651,2026-10-06 03:45:18.235050,0 days 00:03:16.958399,0.14472486883161542,3.42961079489487,78.91305021174706,45.605935248059524,0.009569508337727876,1.4671267453130232e-06,196.95831003086641,37,COMPLETE
4462,33.15072549952123,3.438517429646824,2026-10-06 03:42:01.288649,2026-10-06 03:45:14.197525,0 days 00:03:12.908876,0.14472486883161542,1.0100598856645617,78.91305021174706,12.025559114678314,0.03463343903868386,1.2446212784745538e-06,192.9087742450647,37,COMPLETE
4463,2.4284950054781618,1.2538816256995755,2026-10-06 03:42:01.292646,2026-10-06 03:45:18.327054,0 days 00:03:17.034408,0.17534157142392734,46.20266341664342,4.835123307472527,75.66202978693057,0.008698017554316196,1.7159546016440008e-05,197.0343098710291,37,COMPLETE
4464,15.924980551468641,2.1458023960295907,2026-10-06 03:42:01.296631,2026-10-06 03:45:15.871015,0 days 00:03:14.574384,0.22031827582514427,1.8054001832365776,78.91305021174706,35.397938808104236,0.009569508337727876,2.770075738761438,194.5742827700451,37,COMPLETE
4465,30.750237126456305,21.608701079063692,2026-10-06 03:42:01.472682,2026-10-06 03:45:14.514157,0 days 00:03:13.041475,0.17534157142392734,1.8054001832365776,78.91305021174706,18.49957504695779,0.008698017554316196,2.328670127015952e-06,193.04135423479602,37,COMPLETE
4466,23.951461361905153,29.20529149626848,2026-10-06 03:42:01.560665,2026-10-06 03:45:16.569284,0 days 00:03:15.008619,0.48480307501533615,3.42961079489487,78.91305021174706,35.397938808104236,0.009569508337727876,2.328670127015952e-06,195.00852569006383,37,COMPLETE
4467,28.805770976725228,25.53946894524344,2026-10-06 03:42:02.389874,2026-10-06 03:45:14.685460,0 days 00:03:12.295586,0.2918907020150273,4.014839763781616,78.91305021174706,18.49957504695779,0.009569508337727876,1.4671267453130232e-06,192.2954894839786,37,COMPLETE
4468,27.878080556886637,13.868961135150617,2026-10-06 03:42:02.393644,2026-10-06 03:45:13.392814,0 days 00:03:10.999170,0.17534157142392734,3.42961079489487,78.91305021174706,45.605935248059524,0.009569508337727876,0.008660430001243506,190.99905152712017,37,COMPLETE
4469,27.22855361311671,9.531258298577558,2026-10-06 03:42:02.397633,2026-10-06 03:45:16.025496,0 days 00:03:13.627863,0.14472486883161542,3.42961079489487,78.91305021174706,7.704673657496365,0.009569508337727876,2.328670127015952e-06,193.62774480180815,37,COMPLETE
4470,25.04883152317661,3.529858627696738,2026-10-06 03:42:02.401630,2026-10-06 03:45:14.196521,0 days 00:03:11.794891,0.14472486883161542,3.42961079489487,69.33707937619111,4.949274479107639,0.008698017554316196,2.328670127015952e-06,191.7947887298651,37,COMPLETE
4471,28.18111193982753,24.038212583326118,2026-10-06 03:42:02.405626,2026-10-06 03:45:16.366517,0 days 00:03:13.960891,0.3401090828369047,1.8054001832365776,78.91305021174706,45.605935248059524,0.009569508337727876,2.328670127015952e-06,193.9607912977226,37,COMPLETE
4472,31.62598868848403,15.703548356732083,2026-10-06 03:42:02.409637,2026-10-06 03:45:13.513151,0 days 00:03:11.103514,0.17534157142392734,1.8054001832365776,78.91305021174706,7.704673657496365,0.009569508337727876,3.2148388185887062e-06,191.10342269483954,37,COMPLETE
4473,16.881415457882817,1.67078744367185,2026-10-06 03:42:02.413630,2026-10-06 03:45:14.081922,0 days 00:03:11.668292,0.03013154916468663,1.8054001832365776,6.7902525437641605,35.397938808104236,0.008698017554316196,2.328670127015952e-06,191.6682178056799,37,COMPLETE
4474,29.817651462460645,23.809340668352807,2026-10-06 03:42:02.445646,2026-10-06 03:45:12.992725,0 days 00:03:10.547079,0.22031827582514427,2.5826334477054016,78.91305021174706,40.2862337213893,0.009569508337727876,2.328670127015952e-06,190.54699245421216,37,COMPLETE
4475,23.388367480085055,17.975239462469375,2026-10-06 03:42:02.457659,2026-10-06 03:45:12.617682,0 days 00:03:10.160023,0.17534157142392734,1.8054001832365776,21.529459221462997,14.613689400426075,0.008698017554316196,2.328670127015952e-06,190.15993250906467,37,COMPLETE
4476,8.561540401322418,1.215579818249704,2026-10-06 03:42:03.056690,2026-10-06 03:45:15.352388,0 days 00:03:12.295698,0.020581188628271917,26.141692141021576,78.91305021174706,12.025559114678314,0.03463343903868386,0.18997575637157807,192.29064209200442,37,COMPLETE
