number,values_0,values_1,datetime_start,datetime_complete,duration,params_c_val,params_input_force,params_k_between_val,params_k_wall_val,params_m_val,params_ridge_alpha,user_attrs_duration_sec,system_attrs_NSGAIISampler:generation,state
4974,20.144883017123895,9.261744142297399,2026-10-06 04:04:35.264856,2026-10-06 04:07:46.083576,0 days 00:03:10.818720,0.22031827582514427,33.01139001946583,78.91305021174706,16.966954115393197,0.008698017554316196,2.328670127015952e-06,190.81861441629007,41,COMPLETE
4975,14.221457678410165,1.2591719200249079,2026-10-06 04:04:35.268659,2026-10-06 04:07:44.775338,0 days 00:03:09.506679,0.22031827582514427,1.8054001832365776,78.91305021174706,32.25331301252639,0.009569508337727876,49.76738173425302,189.50658395700157,41,COMPLETE
4976,30.368186019675164,23.74150886625968,2026-10-06 04:04:35.417692,2026-10-06 04:07:45.979072,0 days 00:03:10.561380,0.22031827582514427,1.8054001832365776,78.91305021174706,18.49957504695779,0.008698017554316196,2.328670127015952e-06,190.56126489443704,41,COMPLETE
4977,26.971037426915455,11.876464766374042,2026-10-06 04:04:35.540683,2026-10-06 04:07:43.958971,0 days 00:03:08.418288,0.48967816666395225,3.42961079489487,78.91305021174706,6.182683349256731,0.018301859097258632,1.4671267453130232e-06,188.41818557865918,41,COMPLETE
4978,6.86051880236172,2.5187562942348487,2026-10-06 04:04:35.788700,2026-10-06 04:07:44.237877,0 days 00:03:08.449177,0.17534157142392734,1.8054001832365776,1.0471064778021735,12.025559114678314,0.008698017554316196,0.0016535475277641883,188.44906107708812,41,COMPLETE
4979,31.808700531670354,15.521548702308252,2026-10-06 04:04:36.388681,2026-10-06 04:07:43.733530,0 days 00:03:07.344849,0.14472486883161542,1.8054001832365776,69.33707937619111,4.949274479107639,0.008698017554316196,1.4671267453130232e-06,187.34473949298263,41,COMPLETE
4980,30.704514189026668,20.64566973786829,2026-10-06 04:04:36.452652,2026-10-06 04:07:48.111977,0 days 00:03:11.659325,0.19189241237051688,2.5826334477054016,78.91305021174706,7.14008749932051,0.008698017554316196,2.328670127015952e-06,191.65922376932576,41,COMPLETE
4981,24.42975879889726,28.494468728175192,2026-10-06 04:04:37.140692,2026-10-06 04:07:48.117363,0 days 00:03:10.976671,0.48480307501533615,2.5826334477054016,78.91305021174706,40.29115295108787,0.009569508337727876,1.2446212784745538e-06,190.9765736120753,41,COMPLETE
4982,23.50693405235109,6.121166263967003,2026-10-06 04:04:37.684849,2026-10-06 04:07:46.178200,0 days 00:03:08.493351,0.3401090828369047,28.936643156893897,78.91305021174706,7.704673657496365,0.009569508337727876,2.328670127015952e-06,188.493248435203,41,COMPLETE
4983,31.09151750426404,15.496010572402568,2026-10-06 04:05:06.620674,2026-10-06 04:08:15.739070,0 days 00:03:09.118396,0.22031827582514427,1.0100598856645617,78.91305021174706,18.49957504695779,0.009569508337727876,2.328670127015952e-06,189.11826039105654,41,COMPLETE
4984,27.25329726742641,4.229973047915243,2026-10-06 04:05:09.285286,2026-10-06 04:08:23.493000,0 days 00:03:14.207714,0.19189241237051688,21.61386264269197,78.91305021174706,7.14008749932051,0.009569508337727876,2.328670127015952e-06,194.20759237371385,41,COMPLETE
4985,33.039633996324746,6.64085523359787,2026-10-06 04:05:42.449686,2026-10-06 04:08:55.462543,0 days 00:03:13.012857,0.06441798531902292,1.0100598856645617,78.91305021174706,7.704673657496365,0.009569508337727876,2.328670127015952e-06,193.0127288470976,41,COMPLETE
4986,21.71126505167497,34.64589212283317,2026-10-06 04:05:50.304727,2026-10-06 04:08:59.087984,0 days 00:03:08.783257,0.48967816666395225,6.28879905307643,78.91305021174706,53.19831855856638,0.009569508337727876,2.328670127015952e-06,188.78314258204773,41,COMPLETE
4987,30.933702157996528,18.217454258895053,2026-10-06 04:06:28.766852,2026-10-06 04:09:41.478959,0 days 00:03:12.712107,0.14472486883161542,1.0100598856645617,78.91305021174706,53.19831855856638,0.009569508337727876,2.328670127015952e-06,192.71197869908065,41,COMPLETE
4988,31.62605267685125,17.04516925763458,2026-10-06 04:07:38.206702,2026-10-06 04:10:55.015509,0 days 00:03:16.808807,0.17534157142392734,1.8054001832365776,78.91305021174706,4.949274479107639,0.008698017554316196,2.328670127015952e-06,196.80870211822912,41,COMPLETE
4989,21.71126505167497,34.64589212283317,2026-10-06 04:07:39.297712,2026-10-06 04:10:54.401041,0 days 00:03:15.103329,0.48967816666395225,6.28879905307643,78.91305021174706,53.19831855856638,0.009569508337727876,2.328670127015952e-06,195.10320672485977,41,COMPLETE
4990,33.15072549952123,3.438517429646824,2026-10-06 04:07:39.757682,2026-10-06 04:10:51.369333,0 days 00:03:11.611651,0.14472486883161542,1.0100598856645617,78.91305021174706,12.025559114678314,0.03463343903868386,1.2446212784745538e-06,191.61152029410005,41,COMPLETE
4991,29.468721984074058,21.36844208728977,2026-10-06 04:07:40.193694,2026-10-06 04:10:53.599957,0 days 00:03:13.406263,0.17534157142392734,3.42961079489487,78.91305021174706,46.431764750098004,0.009569508337727876,1.2446212784745538e-06,193.4061478152871,41,COMPLETE
4992,7.450208426328176,2.643594047292633,2026-10-06 04:07:40.664676,2026-10-06 04:10:50.120344,0 days 00:03:09.455668,0.17534157142392734,1.8054001832365776,1.9413650727856857,1.0157625390623453,0.0033015088392451607,2.328670127015952e-06,189.45553892524913,41,COMPLETE
4993,16.31691668485599,1.262324944025228,2026-10-06 04:07:40.924683,2026-10-06 04:10:51.693211,0 days 00:03:10.768528,0.17534157142392734,1.8054001832365776,78.91305021174706,4.949274479107639,0.008698017554316196,9.459466532919254,190.76839605206624,41,COMPLETE
4994,20.23393090112474,9.637423592855107,2026-10-06 04:07:41.296829,2026-10-06 04:10:57.743543,0 days 00:03:16.446714,0.2491321645729735,43.97159878310692,78.91305021174706,18.49957504695779,0.009569508337727876,1.2446212784745538e-06,196.4465858237818,41,COMPLETE
4995,,,2026-10-06 04:07:41.798665,2026-10-06 04:07:42.426761,0 days 00:00:00.628096,0.22031827582514427,3.42961079489487,80.97346391189345,16.966954115393197,0.005114840777584273,,,41,PRUNED
4996,22.77624837046968,8.141909009003085,2026-10-06 04:07:41.815648,2026-10-06 04:10:52.579722,0 days 00:03:10.764074,0.22031827582514427,26.72217386562135,78.91305021174706,12.025559114678314,0.008698017554316196,2.328670127015952e-06,190.76395452208817,41,COMPLETE
4997,31.18411844024279,18.310510729046133,2026-10-06 04:07:41.890773,2026-10-06 04:10:56.323247,0 days 00:03:14.432474,0.19189241237051688,1.8054001832365776,78.91305021174706,12.025559114678314,0.009569508337727876,2.328670127015952e-06,194.43238392984495,41,COMPLETE
4998,31.09151750426404,15.496010572402568,2026-10-06 04:07:41.902767,2026-10-06 04:10:54.948107,0 days 00:03:13.045340,0.22031827582514427,1.0100598856645617,78.91305021174706,18.49957504695779,0.009569508337727876,2.328670127015952e-06,193.0452133640647,41,COMPLETE
4999,25.202852801499862,4.064655277156783,2026-10-06 04:07:41.906636,2026-10-06 04:10:58.494798,0 days 00:03:16.588162,0.21349244226319614,6.28879905307643,78.91305021174706,11.981762661824835,0.008698017554316196,2.328670127015952e-06,196.58805997902527,41,COMPLETE
5000,31.28628188906389,19.00327719323779,2026-10-06 04:07:41.951431,2026-10-06 04:10:55.172191,0 days 00:03:13.220760,0.17534157142392734,1.8054001832365776,78.91305021174706,7.704673657496365,0.008698017554316196,2.328670127015952e-06,192.3396743098274,41,COMPLETE
5001,24.270950983724482,24.126301403085883,2026-10-06 04:07:41.959638,2026-10-06 04:10:53.193328,0 days 00:03:11.233690,0.48480307501533615,1.8054001832365776,78.91305021174706,46.431764750098004,0.009569508337727876,2.328670127015952e-06,191.2335873390548,41,COMPLETE
5002,17.756919068932334,1.2912608903338216,2026-10-06 04:07:42.556685,2026-10-06 04:10:50.684557,0 days 00:03:08.127872,0.05099304870071902,4.95477336878759,78.91305021174706,53.19831855856638,0.015690423266301736,1.4671267453130232e-06,188.12774710869417,41,COMPLETE
5003,30.70511859465459,22.162786820890595,2026-10-06 04:07:42.668659,2026-10-06 04:11:00.188802,0 days 00:03:17.520143,0.18472274745078338,1.8054001832365776,78.91305021174706,18.49957504695779,0.008698017554316196,2.328670127015952e-06,197.52001953683794,41,COMPLETE
5004,27.49878777500273,3.7338373711932746,2026-10-06 04:07:42.828681,2026-10-06 04:10:52.927539,0 days 00:03:10.098858,0.18472274745078338,1.8054001832365776,78.91305021174706,1.7560004779863927,0.008698017554316196,0.012327212703302308,190.09872364299372,41,COMPLETE
5005,30.764207014142585,21.952187599357497,2026-10-06 04:07:43.021690,2026-10-06 04:10:56.347845,0 days 00:03:13.326155,0.18472274745078338,1.8054001832365776,78.91305021174706,16.966954115393197,0.008698017554316196,2.328670127015952e-06,193.32606046274304,41,COMPLETE
5006,21.71126505167497,34.64589212283317,2026-10-06 04:07:43.339695,2026-10-06 04:10:55.537337,0 days 00:03:12.197642,0.48967816666395225,6.28879905307643,78.91305021174706,53.19831855856638,0.009569508337727876,2.328670127015952e-06,192.19752365583554,42,COMPLETE
5007,31.702584236835463,16.70739500234437,2026-10-06 04:07:43.767860,2026-10-06 04:10:56.827345,0 days 00:03:13.059485,0.17534157142392734,1.8054001832365776,78.91305021174706,7.14008749932051,0.009569508337727876,1.4671267453130232e-06,193.05938845919445,42,COMPLETE
5008,26.382555189555752,30.06434253239196,2026-10-06 04:07:43.771643,2026-10-06 04:10:56.742940,0 days 00:03:12.971297,0.3401090828369047,3.42961079489487,80.97346391189345,53.19831855856638,0.009569508337727876,1.4671267453130232e-06,192.97119234409183,42,COMPLETE
5009,29.405532287047702,1.3980160317055064,2026-10-06 04:07:43.775628,2026-10-06 04:10:58.325877,0 days 00:03:14.550249,0.018790026938729183,1.0100598856645617,78.91305021174706,4.949274479107639,0.008698017554316196,1.4671267453130232e-06,194.55012556817383,42,COMPLETE
5010,,,2026-10-06 04:07:43.779631,2026-10-06 04:07:44.695760,0 days 00:00:00.916129,0.17534157142392734,1.8054001832365776,78.91305021174706,6.182683349256731,0.0010427743421938496,,,42,PRUNED
5011,14.336137243370526,1.5839853420717946,2026-10-06 04:07:43.886652,2026-10-06 04:11:01.973142,0 days 00:03:18.086490,0.19189241237051688,12.664435241347244,78.91305021174706,53.19831855856638,0.009569508337727876,1.4671267453130232e-06,198.08635036181659,42,COMPLETE
5012,15.069131914198309,1.9421609607928672,2026-10-06 04:07:44.287456,2026-10-06 04:10:59.229109,0 days 00:03:14.941653,0.14472486883161542,16.504759543360635,34.36341664748346,18.49957504695779,0.009569508337727876,1.4671267453130232e-06,194.94156384887174,42,COMPLETE
5013,29.40030002314712,19.54835754712138,2026-10-06 04:07:44.298644,2026-10-06 04:10:58.733486,0 days 00:03:14.434842,0.3401090828369047,1.8054001832365776,80.97346391189345,18.49957504695779,0.009569508337727876,2.328670127015952e-06,194.43474912596866,42,COMPLETE
5014,13.18074453101525,1.2808790232126306,2026-10-06 04:07:44.775862,2026-10-06 04:10:57.312223,0 days 00:03:12.536361,0.2610018329707597,3.42961079489487,78.91305021174706,45.605935248059524,0.008698017554316196,2.328670127015952e-06,192.5362661438994,42,COMPLETE
5015,30.74154339158136,20.647310613383286,2026-10-06 04:07:44.779638,2026-10-06 04:10:57.042451,0 days 00:03:12.262813,0.17534157142392734,1.8054001832365776,78.91305021174706,28.08147238768578,0.009569508337727876,1.4671267453130232e-06,192.26270625088364,42,COMPLETE
5016,30.671050632651223,11.883015369289328,2026-10-06 04:07:44.783629,2026-10-06 04:10:56.319863,0 days 00:03:11.536234,0.07850524954876995,1.8054001832365776,78.91305021174706,45.605935248059524,0.009569508337727876,1.4671267453130232e-06,191.53614654485136,42,COMPLETE
5017,31.600870502031125,18.026010912336382,2026-10-06 04:07:44.787642,2026-10-06 04:10:56.722422,0 days 00:03:11.934780,0.19189241237051688,1.8054001832365776,78.91305021174706,4.949274479107639,0.008698017554316196,1.4671267453130232e-06,191.93465683376417,42,COMPLETE
5018,29.525146260716088,24.803835229633087,2026-10-06 04:07:44.791631,2026-10-06 04:11:01.136380,0 days 00:03:16.344749,0.2680662921881964,1.8054001832365776,78.91305021174706,18.49957504695779,0.008698017554316196,2.328670127015952e-06,196.3446518140845,42,COMPLETE
5019,18.91876740321218,1.955047184666991,2026-10-06 04:07:44.795627,2026-10-06 04:10:58.826380,0 days 00:03:14.030753,0.17534157142392734,1.8054001832365776,8.203495208911457,12.025559114678314,0.03613642929107636,1.4671267453130232e-06,194.03066835785285,42,COMPLETE
5020,29.233844218560183,22.94513116322814,2026-10-06 04:07:44.799632,2026-10-06 04:10:59.810522,0 days 00:03:15.010890,0.17534157142392734,2.5826334477054016,78.91305021174706,38.52680789958333,0.008698017554316196,2.328670127015952e-06,195.01079358393326,42,COMPLETE
5021,30.717456369073112,17.864561441519417,2026-10-06 04:07:44.803632,2026-10-06 04:10:56.040382,0 days 00:03:11.236750,0.22031827582514427,1.0100598856645617,78.91305021174706,35.397938808104236,0.009569508337727876,2.328670127015952e-06,191.23664260702208,42,COMPLETE
5022,8.956458644909919,11.39756985803189,2026-10-06 04:07:44.807627,2026-10-06 04:10:58.482307,0 days 00:03:13.674680,0.3401090828369047,3.42961079489487,5.551321209018331,13.664242958399546,0.002429227421724071,8.8508598721345e-06,193.67457727715373,42,COMPLETE
5023,15.974763607282677,1.2645538804256131,2026-10-06 04:07:44.811628,2026-10-06 04:10:59.816419,0 days 00:03:15.004791,0.050331080077173955,1.8054001832365776,78.91305021174706,7.704673657496365,0.017026654935860884,94.65619080992059,195.00469745788723,42,COMPLETE
5024,26.165303044754836,29.958860139523036,2026-10-06 04:07:44.815634,2026-10-06 04:10:56.730058,0 days 00:03:11.914424,0.3401090828369047,4.014839763781616,78.91305021174706,45.605935248059524,0.009569508337727876,1.4671267453130232e-06,191.9143204218708,42,COMPLETE
5025,23.87531430230642,11.62092245718568,2026-10-06 04:07:44.864649,2026-10-06 04:10:54.196119,0 days 00:03:09.331470,0.17534157142392734,1.8054001832365776,78.91305021174706,18.49957504695779,0.008698017554316196,0.05330862818124917,189.33137296000496,42,COMPLETE
5026,24.74404544170021,31.745085450193116,2026-10-06 04:07:44.868632,2026-10-06 04:10:57.440249,0 days 00:03:12.571617,0.419007027175139,3.42961079489487,78.91305021174706,53.19831855856638,0.009569508337727876,1.0746247031029727e-06,192.57152710994706,42,COMPLETE
5027,30.307635797311967,22.90447954045313,2026-10-06 04:07:45.679697,2026-10-06 04:11:03.694841,0 days 00:03:18.015144,0.22031827582514427,1.8054001832365776,78.91305021174706,40.29115295108787,0.009569508337727876,2.328670127015952e-06,198.01500424323604,42,COMPLETE
5028,31.702584236835463,16.70739500234437,2026-10-06 04:07:46.125682,2026-10-06 04:10:57.366975,0 days 00:03:11.241293,0.17534157142392734,1.8054001832365776,78.91305021174706,7.14008749932051,0.009569508337727876,1.4671267453130232e-06,191.2411881829612,42,COMPLETE
5029,17.705131122539946,6.599269196037296,2026-10-06 04:07:46.209868,2026-10-06 04:10:56.300530,0 days 00:03:10.090662,0.17534157142392734,1.0100598856645617,69.33707937619111,55.966396611853796,0.008698017554316196,0.15331660201643754,190.0905624255538,42,COMPLETE
5030,25.242701855137785,1.1350392163127052,2026-10-06 04:07:46.213641,2026-10-06 04:10:59.221720,0 days 00:03:13.008079,0.0160836321333354,3.42961079489487,78.91305021174706,7.14008749932051,0.009569508337727876,1.4671267453130232e-06,193.00797919603065,42,COMPLETE
5031,22.28716292292691,17.11832927736166,2026-10-06 04:07:46.217631,2026-10-06 04:10:57.625552,0 days 00:03:11.407921,0.19189241237051688,1.8054001832365776,19.46455700206549,18.49957504695779,0.009569508337727876,1.4671267453130232e-06,191.40781174367294,42,COMPLETE
5032,30.522865913179885,21.093979842875473,2026-10-06 04:07:46.221626,2026-10-06 04:10:57.260798,0 days 00:03:11.039172,0.17534157142392734,1.8054001832365776,78.91305021174706,40.29115295108787,0.009569508337727876,1.4671267453130232e-06,191.03874707501382,42,COMPLETE
5033,28.4936321027837,4.17220256883602,2026-10-06 04:07:46.225630,2026-10-06 04:11:02.600953,0 days 00:03:16.375323,0.17534157142392734,27.63377146112326,78.91305021174706,5.003028185176125,0.009569508337727876,2.328670127015952e-06,196.37520083412528,42,COMPLETE
5034,,,2026-10-06 04:07:46.229631,2026-10-06 04:07:47.508700,0 days 00:00:01.279069,0.018679341690164955,3.42961079489487,78.91305021174706,46.431764750098004,0.006935467422604322,,,42,PRUNED
5035,,,2026-10-06 04:07:46.279395,2026-10-06 04:07:46.645705,0 days 00:00:00.366310,0.17534157142392734,1.8054001832365776,78.91305021174706,20.01121225766599,0.0016061409788830118,,,42,PRUNED
5036,27.69399682118393,4.5932857860444525,2026-10-06 04:07:46.292643,2026-10-06 04:10:54.077220,0 days 00:03:07.784577,0.17534157142392734,30.945552333664835,78.91305021174706,6.182683349256731,0.009569508337727876,1.2446212784745538e-06,187.78447868907824,42,COMPLETE
5037,,,2026-10-06 04:07:46.300645,2026-10-06 04:07:46.943850,0 days 00:00:00.643205,0.012961288196112381,6.28879905307643,80.92924164865587,53.19831855856638,0.009569508337727876,,,42,PRUNED
5038,31.45379482479829,18.073841720567764,2026-10-06 04:07:46.321653,2026-10-06 04:10:56.423015,0 days 00:03:10.101362,0.17534157142392734,1.8054001832365776,78.91305021174706,6.182683349256731,0.008698017554316196,2.328670127015952e-06,190.10128181194887,42,COMPLETE
5039,31.797278028885337,17.23442484121371,2026-10-06 04:07:46.329634,2026-10-06 04:10:54.722587,0 days 00:03:08.392953,0.17534157142392734,1.0100598856645617,78.91305021174706,12.025559114678314,0.008698017554316196,1.4671267453130232e-06,188.39284596126527,42,COMPLETE
5040,19.35329238464137,12.454953769421158,2026-10-06 04:07:46.717849,2026-10-06 04:10:56.873371,0 days 00:03:10.155522,0.17534157142392734,1.8054001832365776,10.319739485428338,6.182683349256731,0.008698017554316196,1.4671267453130232e-06,190.1554224556312,42,COMPLETE
5041,25.5158931908277,1.3982332504493882,2026-10-06 04:07:47.027704,2026-10-06 04:10:58.848282,0 days 00:03:11.820578,0.015159716760718573,1.8054001832365776,78.91305021174706,53.19831855856638,0.009569508337727876,1.4671267453130232e-06,191.8204781319946,42,COMPLETE
5042,18.472300650239383,7.663784485316077,2026-10-06 04:07:47.313690,2026-10-06 04:10:58.627359,0 days 00:03:11.313669,0.48967816666395225,13.2765374510972,78.91305021174706,53.19831855856638,0.04025133689845158,2.328670127015952e-06,191.3135748403147,42,COMPLETE
5043,30.93566168680822,21.685335779995146,2026-10-06 04:07:48.129677,2026-10-06 04:10:56.489205,0 days 00:03:08.359528,0.19189241237051688,1.8054001832365776,78.91305021174706,12.025559114678314,0.008698017554316196,1.4671267453130232e-06,188.35943845519796,42,COMPLETE
5044,29.601644040067583,9.92459022624532,2026-10-06 04:07:48.141796,2026-10-06 04:10:56.051996,0 days 00:03:07.910200,0.07304589959775797,3.42961079489487,78.91305021174706,46.431764750098004,0.009569508337727876,2.328670127015952e-06,187.91010197484866,42,COMPLETE
5045,30.897954636136667,1.8605307377019702,2026-10-06 04:07:48.231660,2026-10-06 04:10:56.335294,0 days 00:03:08.103634,0.17534157142392734,1.8054001832365776,78.91305021174706,6.182683349256731,0.051169214690762806,3.261849036700862e-05,188.10354214673862,42,COMPLETE
5046,9.332462998496274,4.50594742373933,2026-10-06 04:07:48.424683,2026-10-06 04:10:58.822343,0 days 00:03:10.397660,0.20454514180480995,3.42961079489487,5.552811432450417,15.382666136782571,0.009569508337727876,0.22646582788742564,190.39756655693054,42,COMPLETE
5047,26.75365611038178,20.624470497879276,2026-10-06 04:07:48.731163,2026-10-06 04:10:58.599137,0 days 00:03:09.867974,0.17534157142392734,6.28879905307643,78.91305021174706,53.19831855856638,0.009569508337727876,2.328670127015952e-06,189.8678815299645,42,COMPLETE
5048,30.741785095923444,13.96733683781177,2026-10-06 04:07:49.228849,2026-10-06 04:10:56.418940,0 days 00:03:07.190091,0.11816812965117938,2.5826334477054016,78.91305021174706,18.49957504695779,0.009569508337727876,6.676864918387961e-05,187.1899970700033,42,COMPLETE
5049,31.284621544300705,17.94211592853864,2026-10-06 04:07:49.232652,2026-10-06 04:11:01.166981,0 days 00:03:11.934329,0.17534157142392734,1.8054001832365776,78.91305021174706,12.025559114678314,0.009569508337727876,2.328670127015952e-06,191.9342309301719,42,COMPLETE
5050,25.810320728987666,17.865906684606838,2026-10-06 04:07:49.260632,2026-10-06 04:10:58.593812,0 days 00:03:09.333180,0.17534157142392734,1.8054001832365776,27.83063967023962,12.025559114678314,0.008698017554316196,2.328670127015952e-06,189.33308121422306,42,COMPLETE
5051,31.82632862020902,16.1371655868811,2026-10-06 04:07:52.841701,2026-10-06 04:11:03.051711,0 days 00:03:10.210010,0.17534157142392734,1.8054001832365776,78.91305021174706,6.182683349256731,0.009569508337727876,1.4671267453130232e-06,190.20988213084638,42,COMPLETE
5052,0.6852380804811828,1.1917810937472981,2026-10-06 04:08:15.746706,2026-10-06 04:11:32.367087,0 days 00:03:16.620381,0.48967816666395225,6.28879905307643,97.4802773123713,12.025559114678314,0.009569508337727876,1.2446212784745538e-06,196.6202481817454,42,COMPLETE
5053,7.698301820877022,4.177965887994044,2026-10-06 04:08:24.430165,2026-10-06 04:11:36.154974,0 days 00:03:11.724809,0.17534157142392734,1.8054001832365776,1.0788333341148293,6.182683349256731,0.004110772772700735,2.328670127015952e-06,191.7246828530915,42,COMPLETE
5054,31.342636246855413,18.69315893146779,2026-10-06 04:08:55.908821,2026-10-06 04:12:07.463367,0 days 00:03:11.554546,0.17534157142392734,1.8054001832365776,78.91305021174706,7.14008749932051,0.008698017554316196,2.328670127015952e-06,191.5544161759317,42,COMPLETE
5055,31.808700531670354,15.521548702308252,2026-10-06 04:08:59.124703,2026-10-06 04:12:13.818117,0 days 00:03:14.693414,0.14472486883161542,1.8054001832365776,69.33707937619111,4.949274479107639,0.008698017554316196,1.4671267453130232e-06,194.69329264527187,42,COMPLETE
