number,values_0,values_1,datetime_start,datetime_complete,duration,params_c_val,params_input_force,params_k_between_val,params_k_wall_val,params_m_val,params_ridge_alpha,user_attrs_duration_sec,system_attrs_NSGAIISampler:generation,state
1584,23.663889992782153,25.418176057937153,2026-10-06 01:27:01.262634,2026-10-06 01:30:12.235427,0 days 00:03:10.972793,0.48967816666395225,6.28879905307643,78.91305021174706,12.025559114678314,0.009569508337727876,2.328670127015952e-06,190.97271165810525,13,COMPLETE
1585,18.097046239091608,2.471824543352482,2026-10-06 01:27:01.266640,2026-10-06 01:30:12.238501,0 days 00:03:10.971861,0.14472486883161542,21.719728774605727,78.91305021174706,33.705587852946245,0.009406258884274878,0.13308797305683764,190.97179164597765,13,COMPLETE
1586,30.680770425399015,2.4592024817480844,2026-10-06 01:27:01.270642,2026-10-06 01:30:13.097509,0 days 00:03:11.826867,0.14472486883161542,41.372608192861875,78.91305021174706,2.2436005044054586,0.009569508337727876,2.328670127015952e-06,191.8267773007974,13,COMPLETE
1587,4.028316779151135,1.5472200352128398,2026-10-06 01:27:01.714682,2026-10-06 01:30:14.042432,0 days 00:03:12.327750,0.14472486883161542,26.876756965242663,15.116386816294384,72.56288476939915,0.009569508337727876,2.328670127015952e-06,192.32765188487247,13,COMPLETE
1588,29.953031378615385,13.70765986377334,2026-10-06 01:27:02.253859,2026-10-06 01:30:16.235071,0 days 00:03:13.981212,0.14472486883161542,3.42961079489487,78.91305021174706,18.49957504695779,0.009569508337727876,0.0004045387004489123,193.98112874571234,13,COMPLETE
1589,23.09175049894429,1.5633305823747827,2026-10-06 01:27:02.257647,2026-10-06 01:30:16.260160,0 days 00:03:14.002513,0.5555069055943938,20.187803632990086,89.61123200940895,1.7658496078448727,0.01478582612116327,0.0004045387004489123,194.00243058614433,13,COMPLETE
1590,,,2026-10-06 01:27:02.261643,2026-10-06 01:27:02.884725,0 days 00:00:00.623082,0.14472486883161542,1.8054001832365776,78.91305021174706,18.808973665165144,0.001470799728446103,,,13,PRUNED
1591,29.893352892345387,14.175762612204037,2026-10-06 01:27:02.265647,2026-10-06 01:30:14.815634,0 days 00:03:12.549987,0.14472486883161542,3.42961079489487,78.91305021174706,12.025559114678314,0.009569508337727876,2.328670127015952e-06,192.54990487219766,13,COMPLETE
1592,22.870531750251807,22.034617478058692,2026-10-06 01:27:03.038688,2026-10-06 01:30:17.071094,0 days 00:03:14.032406,0.23049395818257642,3.42961079489487,32.233952817229785,18.49957504695779,0.009569508337727876,2.328670127015952e-06,194.0323097286746,13,COMPLETE
1593,,,2026-10-06 01:27:03.042827,2026-10-06 01:27:04.073727,0 days 00:00:01.030900,0.08220856673033629,3.42961079489487,99.00751447520854,18.49957504695779,0.009569508337727876,,,13,PRUNED
1594,29.222822655991518,1.1979924281557706,2026-10-06 01:27:03.046643,2026-10-06 01:30:11.826500,0 days 00:03:08.779857,0.14472486883161542,7.8604392084733945,78.91305021174706,5.534386105949672,0.03560383881774649,2.328670127015952e-06,188.7797786849551,13,COMPLETE
1595,25.815507096601436,6.141236683523797,2026-10-06 01:27:03.048891,2026-10-06 01:30:11.525483,0 days 00:03:08.476592,0.14472486883161542,46.774203669468385,78.91305021174706,8.366811514814687,0.008698017554316196,2.328670127015952e-06,188.47651951387525,13,COMPLETE
1596,,,2026-10-06 01:27:03.057657,2026-10-06 01:27:03.246628,0 days 00:00:00.188971,0.14472486883161542,3.42961079489487,68.2709621704498,34.64383746306601,0.0017780376528708818,,,13,PRUNED
1597,29.22997554001173,3.09266845132259,2026-10-06 01:27:03.188917,2026-10-06 01:30:12.504644,0 days 00:03:09.315727,0.14472486883161542,46.774203669468385,78.91305021174706,4.255297803734423,0.009569508337727876,2.328670127015952e-06,189.31563951494172,13,COMPLETE
1598,17.263152760389993,9.096302354950836,2026-10-06 01:27:03.649895,2026-10-06 01:30:12.015280,0 days 00:03:08.365385,0.42937345114127523,3.42961079489487,24.874748817912106,2.026292899821332,0.009569508337727876,2.328670127015952e-06,188.3653021529317,13,COMPLETE
1599,24.957260849589783,4.23849373300648,2026-10-06 01:27:04.167684,2026-10-06 01:30:17.371167,0 days 00:03:13.203483,0.14472486883161542,33.20849741448666,78.91305021174706,12.025559114678314,0.009569508337727876,0.00010160998520747449,193.20338585507125,13,COMPLETE
1600,24.293559357814893,25.182782593238816,2026-10-06 01:27:04.236675,2026-10-06 01:30:13.122328,0 days 00:03:08.885653,0.48967816666395225,3.42961079489487,78.91305021174706,18.49957504695779,0.009569508337727876,2.328670127015952e-06,188.88556786905974,13,COMPLETE
1601,28.632751417274243,16.256022846781107,2026-10-06 01:27:04.248651,2026-10-06 01:30:14.677316,0 days 00:03:10.428665,0.14472486883161542,3.42961079489487,55.64953757068711,18.808973665165144,0.009569508337727876,9.391865709026338e-06,190.42857855604962,13,COMPLETE
1602,6.8461596370445665,1.2317842962211802,2026-10-06 01:29:20.726693,2026-10-06 01:32:28.097544,0 days 00:03:07.370851,0.04504785355612742,29.01670902309115,14.502035161803018,1.3798280184278788,0.008698017554316196,2.328670127015952e-06,187.37073998572305,13,COMPLETE
1603,30.24677223918379,16.95454237805794,2026-10-06 01:30:05.794691,2026-10-06 01:33:19.162398,0 days 00:03:13.367707,0.14472486883161542,3.42961079489487,78.91305021174706,18.49957504695779,0.009569508337727876,2.328670127015952e-06,193.36759486980736,13,COMPLETE
1604,23.48343996775619,21.947055993949412,2026-10-06 01:30:06.856849,2026-10-06 01:33:19.752917,0 days 00:03:12.896068,0.48967816666395225,3.42961079489487,78.91305021174706,18.49957504695779,0.009569508337727876,8.892083516903842e-06,192.895966633223,13,COMPLETE
1605,14.083692389151249,4.470611379473359,2026-10-06 01:30:06.860650,2026-10-06 01:33:20.590409,0 days 00:03:13.729759,0.48967816666395225,3.42961079489487,78.91305021174706,73.82428077642368,0.009569508337727876,7.248348979670382,193.7296606330201,13,COMPLETE
1606,30.60943667508976,1.4098784284475974,2026-10-06 01:30:06.928974,2026-10-06 01:33:22.572000,0 days 00:03:15.643026,0.14472486883161542,3.42961079489487,78.91305021174706,1.8190863578544005,0.009569508337727876,2.328670127015952e-06,195.6429464770481,13,COMPLETE
1607,1.8788861568002708,1.2334694338747616,2026-10-06 01:30:06.932663,2026-10-06 01:33:20.201324,0 days 00:03:13.268661,0.03687700346598437,3.42961079489487,1.229013074307688,18.49957504695779,0.009569508337727876,2.328670127015952e-06,193.26855527609587,13,COMPLETE
1608,30.23901835634112,14.255490379709332,2026-10-06 01:30:07.031826,2026-10-06 01:33:17.910615,0 days 00:03:10.878789,0.12014132825757128,3.42961079489487,78.91305021174706,18.49957504695779,0.009569508337727876,2.328670127015952e-06,190.87866200786084,13,COMPLETE
1609,,,2026-10-06 01:30:07.438830,2026-10-06 01:30:08.249750,0 days 00:00:00.810920,0.48967816666395225,3.42961079489487,78.91305021174706,18.808973665165144,0.0012152444850970312,,,13,PRUNED
1610,31.015292701998202,2.195358409034198,2026-10-06 01:30:08.068879,2026-10-06 01:33:25.155521,0 days 00:03:17.086642,0.14472486883161542,39.23414467865504,78.91305021174706,1.7658496078448727,0.009569508337727876,0.0004045387004489123,197.0865333848633,13,COMPLETE
1611,26.858128521638257,1.1593054050644418,2026-10-06 01:30:08.072670,2026-10-06 01:33:21.540278,0 days 00:03:13.467608,0.14472486883161542,44.96282769276925,78.91305021174706,1.3798280184278788,0.0865904224873372,0.00010160998520747449,193.46750623499975,13,COMPLETE
1612,14.863141766233436,5.008809345159808,2026-10-06 01:30:08.317722,2026-10-06 01:33:20.085245,0 days 00:03:11.767523,0.6707519252569772,3.42961079489487,23.180950922028657,1.286558703196595,0.01478582612116327,3.3976165743800303e-06,191.76741653727368,13,COMPLETE
1613,9.052193286605542,1.6756131802021832,2026-10-06 01:30:08.435685,2026-10-06 01:33:22.014908,0 days 00:03:13.579223,0.14472486883161542,1.8054001832365776,1.9285323934715815,1.1253140273515374,0.009569508337727876,2.328670127015952e-06,193.5791295170784,13,COMPLETE
1614,15.720042981427412,9.392193119827887,2026-10-06 01:30:08.879691,2026-10-06 01:33:24.729681,0 days 00:03:15.849990,0.42937345114127523,32.133571428288036,78.91305021174706,18.49957504695779,0.0012152444850970312,2.328670127015952e-06,195.8499377667904,13,COMPLETE
1615,8.222739178727405,2.839600012330024,2026-10-06 01:30:09.241683,2026-10-06 01:33:21.034807,0 days 00:03:11.793124,0.14472486883161542,3.42961079489487,4.647402546497899,18.49957504695779,0.009569508337727876,5.388508481932266e-06,191.79301457013935,13,COMPLETE
1616,14.256615317391288,10.275294104974607,2026-10-06 01:30:09.604710,2026-10-06 01:33:24.043297,0 days 00:03:14.438587,0.8309882276483681,3.42961079489487,55.64953757068711,72.11032835897271,0.009406258884274878,0.0004045387004489123,194.43850355502218,13,COMPLETE
1617,30.698246958870794,1.5488481445687543,2026-10-06 01:30:09.839668,2026-10-06 01:33:24.908779,0 days 00:03:15.069111,0.14472486883161542,3.42961079489487,78.91305021174706,1.3798280184278788,0.009569508337727876,2.328670127015952e-06,195.06902060192078,13,COMPLETE
1618,23.72634535349082,1.5349875388440513,2026-10-06 01:30:10.490687,2026-10-06 01:33:22.261876,0 days 00:03:11.771189,0.14472486883161542,6.28879905307643,78.91305021174706,18.49957504695779,0.009569508337727876,2.328670127015952e-06,191.77110348967835,13,COMPLETE
1619,16.84848572831349,11.777775893505682,2026-10-06 01:30:10.682311,2026-10-06 01:33:20.279475,0 days 00:03:09.597164,0.5555069055943938,6.28879905307643,89.61123200940895,18.49957504695779,0.01478582612116327,0.010838248091417932,189.597063341178,13,COMPLETE
1620,16.793588982935034,20.38823523670829,2026-10-06 01:30:11.143692,2026-10-06 01:33:22.492245,0 days 00:03:11.348553,0.48967816666395225,3.42961079489487,32.233952817229785,18.49957504695779,0.009569508337727876,2.328670127015952e-06,191.34846342075616,13,COMPLETE
1621,12.18335519160809,10.174118456364033,2026-10-06 01:30:11.342796,2026-10-06 01:33:24.118352,0 days 00:03:12.775556,0.48967816666395225,3.42961079489487,12.379042556462952,18.808973665165144,0.009569508337727876,0.00010160998520747449,192.77548158774152,13,COMPLETE
1622,30.64888545512232,9.156048117722463,2026-10-06 01:30:11.371825,2026-10-06 01:33:22.173701,0 days 00:03:10.801876,0.14472486883161542,3.42961079489487,78.91305021174706,18.49957504695779,0.018045217688811694,2.328670127015952e-06,190.8017733427696,13,COMPLETE
1623,29.53810060298477,1.3303033548485406,2026-10-06 01:30:11.375647,2026-10-06 01:33:21.269232,0 days 00:03:09.893585,0.14472486883161542,3.42961079489487,78.91305021174706,1.7658496078448727,0.009590142710421577,0.001754171270788285,189.8934883303009,13,COMPLETE
1624,29.729671126519456,16.55106638732705,2026-10-06 01:30:11.509656,2026-10-06 01:33:24.704909,0 days 00:03:13.195253,0.14472486883161542,3.42961079489487,66.0164631540314,18.49957504695779,0.009569508337727876,2.328670127015952e-06,193.19517016317695,13,COMPLETE
1625,30.582901810050192,18.121401110261676,2026-10-06 01:30:11.769684,2026-10-06 01:33:23.543998,0 days 00:03:11.774314,0.14472486883161542,1.8054001832365776,68.2709621704498,28.521004463161855,0.009569508337727876,2.328670127015952e-06,191.77423590468243,13,COMPLETE
1626,32.17714873568277,11.604832907734489,2026-10-06 01:30:12.314900,2026-10-06 01:33:25.964604,0 days 00:03:13.649704,0.14472486883161542,1.8054001832365776,78.91305021174706,2.6364171885030396,0.009569508337727876,2.328670127015952e-06,193.6496203476563,13,COMPLETE
1627,6.213986392803044,2.0819899771404033,2026-10-06 01:30:12.318647,2026-10-06 01:33:28.522358,0 days 00:03:16.203711,0.14472486883161542,39.23414467865504,30.807779039970022,72.11032835897271,0.009406258884274878,0.0004045387004489123,196.2036137972027,13,COMPLETE
1628,30.30895016839578,5.876139598973356,2026-10-06 01:30:12.322639,2026-10-06 01:33:23.147640,0 days 00:03:10.825001,0.14472486883161542,3.42961079489487,55.64953757068711,18.49957504695779,0.024790630872431413,2.328670127015952e-06,190.82492577983066,13,COMPLETE
1629,30.499778189101853,1.2408065742145906,2026-10-06 01:30:12.326632,2026-10-06 01:33:23.953474,0 days 00:03:11.626842,0.05457144324557363,1.8054001832365776,78.91305021174706,1.3798280184278788,0.008698017554316196,2.328670127015952e-06,191.62677773693576,13,COMPLETE
1630,12.177521525414964,7.508873157530266,2026-10-06 01:30:12.330639,2026-10-06 01:33:24.729533,0 days 00:03:12.398894,0.5555069055943938,1.8054001832365776,15.578939752906738,12.025559114678314,0.009569508337727876,0.00010160998520747449,192.39870408084244,13,COMPLETE
1631,19.644726154202285,1.181719993448505,2026-10-06 01:30:12.334636,2026-10-06 01:33:23.388982,0 days 00:03:11.054346,0.014612667461250223,1.8054001832365776,78.91305021174706,18.49957504695779,0.009569508337727876,2.328670127015952e-06,191.05426565464586,13,COMPLETE
1632,30.016989278456805,6.498578781244226,2026-10-06 01:30:12.338633,2026-10-06 01:33:25.646956,0 days 00:03:13.308323,0.14472486883161542,3.42961079489487,55.64953757068711,30.467240862562548,0.024790630872431413,2.328670127015952e-06,193.3082423089072,13,COMPLETE
1633,24.293559357814893,25.182782593238816,2026-10-06 01:30:12.342635,2026-10-06 01:33:25.902571,0 days 00:03:13.559936,0.48967816666395225,3.42961079489487,78.91305021174706,18.49957504695779,0.009569508337727876,2.328670127015952e-06,193.55984400212765,13,COMPLETE
1634,17.648692418142396,8.869629589983036,2026-10-06 01:30:12.346645,2026-10-06 01:33:26.714260,0 days 00:03:14.367615,0.14472486883161542,1.8054001832365776,9.819030220220622,18.49957504695779,0.009569508337727876,0.00023811055895110245,194.3675392731093,13,COMPLETE
1635,17.614819622036023,3.0354607758622283,2026-10-06 01:30:12.350634,2026-10-06 01:33:24.500703,0 days 00:03:12.150069,0.14472486883161542,27.039953451217045,89.61123200940895,18.49957504695779,0.009596121382849983,2.328670127015952e-06,192.14999685902148,13,COMPLETE
1636,29.809978395113482,14.261644844151213,2026-10-06 01:30:12.370654,2026-10-06 01:33:22.778399,0 days 00:03:10.407745,0.14472486883161542,3.42961079489487,78.91305021174706,11.744382003709704,0.009406258884274878,2.328670127015952e-06,190.4076632913202,13,COMPLETE
1637,24.15848182253824,1.3424699333615462,2026-10-06 01:30:12.374640,2026-10-06 01:33:21.330506,0 days 00:03:08.955866,0.08220856673033629,39.987799375171186,99.00751447520854,12.025559114678314,0.01478582612116327,8.387112147792248,188.9557918519713,13,COMPLETE
1638,19.69293255774968,1.5229495914062086,2026-10-06 01:30:12.378646,2026-10-06 01:33:24.721421,0 days 00:03:12.342775,0.14472486883161542,44.65656635783152,55.64953757068711,18.49957504695779,0.024790630872431413,2.328670127015952e-06,192.34270183276385,13,COMPLETE
1639,27.692146257155134,1.1890174458572043,2026-10-06 01:30:12.896688,2026-10-06 01:33:28.558683,0 days 00:03:15.661995,0.016681230521760012,3.42961079489487,78.91305021174706,3.7504775608803835,0.009406258884274878,2.328670127015952e-06,195.6619022381492,13,COMPLETE
1640,12.096424106538326,1.4800882478755164,2026-10-06 01:30:12.900649,2026-10-06 01:33:24.310882,0 days 00:03:11.410233,0.14472486883161542,6.28879905307643,32.233952817229785,18.49957504695779,0.009569508337727876,2.328670127015952e-06,191.41015454288572,13,COMPLETE
1641,30.72359756943714,1.8366447342718055,2026-10-06 01:30:12.904645,2026-10-06 01:33:23.928037,0 days 00:03:11.023392,0.14472486883161542,8.202039967721634,78.91305021174706,1.8190863578544005,0.009569508337727876,2.328670127015952e-06,191.02271900093183,13,COMPLETE
1642,31.445372342935343,16.504664224757644,2026-10-06 01:30:13.197683,2026-10-06 01:33:25.492779,0 days 00:03:12.295096,0.14472486883161542,1.8054001832365776,78.91305021174706,12.025559114678314,0.009569508337727876,2.328670127015952e-06,192.29500708263367,13,COMPLETE
1643,24.084357073447002,24.16283207552413,2026-10-06 01:30:13.599871,2026-10-06 01:33:24.939300,0 days 00:03:11.339429,0.48967816666395225,3.42961079489487,78.91305021174706,18.49957504695779,0.009569508337727876,3.604367102888168e-06,191.3393520079553,13,COMPLETE
1644,29.955076258187177,3.1526458303132054,2026-10-06 01:30:13.603651,2026-10-06 01:33:24.244800,0 days 00:03:10.641149,0.14472486883161542,3.42961079489487,78.91305021174706,3.7504775608803835,0.009569508337727876,2.328670127015952e-06,190.64107003016397,13,COMPLETE
1645,16.895730338265523,5.593120979155207,2026-10-06 01:30:13.607643,2026-10-06 01:33:20.788363,0 days 00:03:07.180720,0.8488330829049591,1.8054001832365776,78.91305021174706,1.3798280184278788,0.009569508337727876,2.328670127015952e-06,187.1806173948571,13,COMPLETE
1646,20.654446014433223,1.1890392239913565,2026-10-06 01:30:13.611634,2026-10-06 01:33:26.804615,0 days 00:03:13.192981,0.022749703360356324,3.42961079489487,78.91305021174706,18.808973665165144,0.009569508337727876,5.173392576300939e-05,193.19290438620374,13,COMPLETE
1647,29.10319187241449,19.440610109023325,2026-10-06 01:30:13.615634,2026-10-06 01:33:26.608499,0 days 00:03:12.992865,0.14472486883161542,3.42961079489487,78.91305021174706,72.11032835897271,0.009569508337727876,9.391865709026338e-06,192.99278786033392,13,COMPLETE
1648,28.892927248452065,19.084147465728325,2026-10-06 01:30:13.619635,2026-10-06 01:33:27.617872,0 days 00:03:13.998237,0.14472486883161542,3.42961079489487,78.91305021174706,72.11032835897271,0.009406258884274878,0.0004045387004489123,193.99815698200837,13,COMPLETE
1649,30.504119937227408,2.6957317916353123,2026-10-06 01:30:13.623635,2026-10-06 01:33:22.788486,0 days 00:03:09.164851,0.16835118357010875,32.133571428288036,78.91305021174706,2.0489784059322336,0.009569508337727876,0.0004045387004489123,189.16477803792804,13,COMPLETE
1650,,,2026-10-06 01:30:13.627647,2026-10-06 01:30:14.770723,0 days 00:00:01.143076,0.48967816666395225,4.080133836835492,78.91305021174706,72.11032835897271,0.0018114376597233705,,,13,PRUNED
1651,10.315555299003794,1.3070572466589394,2026-10-06 01:30:13.639643,2026-10-06 01:33:29.192942,0 days 00:03:15.553299,0.14472486883161542,3.42961079489487,3.4911077690610273,1.3771073005433363,0.009569508337727876,2.328670127015952e-06,195.553216913715,13,COMPLETE
1652,25.999594506997415,25.07433803081172,2026-10-06 01:30:13.740814,2026-10-06 01:33:23.950032,0 days 00:03:10.209218,0.42937345114127523,3.42961079489487,78.91305021174706,18.49957504695779,0.009569508337727876,2.328670127015952e-06,190.20914320088923,13,COMPLETE
1653,21.418049395803546,29.170500515265847,2026-10-06 01:30:14.042757,2026-10-06 01:33:30.012999,0 days 00:03:15.970242,0.6040198049165227,6.28879905307643,78.91305021174706,18.49957504695779,0.009569508337727876,2.328670127015952e-06,195.97013320913538,13,COMPLETE
1654,28.89946832643337,19.286373755209112,2026-10-06 01:30:14.632853,2026-10-06 01:33:23.113686,0 days 00:03:08.480833,0.14472486883161542,3.42961079489487,78.91305021174706,72.11032835897271,0.009406258884274878,0.00024637875250850874,188.480750977993,13,COMPLETE
1655,1.3366757555908064,1.1672896755740496,2026-10-06 01:30:14.636652,2026-10-06 01:33:25.216512,0 days 00:03:10.579860,0.015592246559983139,32.133571428288036,54.09032442535568,1.530012120326219,0.009596121382849983,2.328670127015952e-06,190.57977066608146,13,COMPLETE
1656,23.353831303691386,25.796598332819134,2026-10-06 01:30:14.921685,2026-10-06 01:33:27.971694,0 days 00:03:13.050009,0.48967816666395225,3.42961079489487,78.91305021174706,33.705587852946245,0.009569508337727876,9.391865709026338e-06,193.0499266879633,13,COMPLETE
1657,30.685857813764994,1.5427915763443616,2026-10-06 01:30:14.925652,2026-10-06 01:33:27.778099,0 days 00:03:12.852447,0.14472486883161542,3.42961079489487,78.91305021174706,1.4136800181211793,0.009569508337727876,2.328670127015952e-06,192.85236674826592,13,COMPLETE
1658,13.664522542259274,6.369479340597819,2026-10-06 01:30:14.929640,2026-10-06 01:33:25.954262,0 days 00:03:11.024622,0.48967816666395225,3.42961079489487,15.243285476700523,2.979840430887951,0.009569508337727876,0.00010160998520747449,191.0245337570086,13,COMPLETE
1659,23.66411101225558,1.532930344575795,2026-10-06 01:30:14.933632,2026-10-06 01:33:25.903873,0 days 00:03:10.970241,0.14472486883161542,6.28879905307643,78.91305021174706,18.49957504695779,0.009590142710421577,2.0430613784675455e-05,190.97015906171873,13,COMPLETE
1660,29.091456252519713,19.132774873964813,2026-10-06 01:30:15.737687,2026-10-06 01:33:24.677220,0 days 00:03:08.939533,0.14472486883161542,3.42961079489487,78.91305021174706,72.11032835897271,0.009569508337727876,0.00024637875250850874,188.93944333633408,13,COMPLETE
1661,,,2026-10-06 01:30:16.063831,2026-10-06 01:30:16.884729,0 days 00:00:00.820898,0.14472486883161542,3.42961079489487,78.91305021174706,1.7658496078448727,0.0012152444850970312,,,13,PRUNED
1662,30.841826740569008,17.21536804005822,2026-10-06 01:30:16.479551,2026-10-06 01:33:27.765091,0 days 00:03:11.285540,0.14472486883161542,1.8054001832365776,68.97952491848326,18.49957504695779,0.009569508337727876,2.328670127015952e-06,191.28545481478795,13,COMPLETE
1663,27.755015826837063,25.21833578833166,2026-10-06 01:30:16.560690,2026-10-06 01:33:26.197350,0 days 00:03:09.636660,0.26746766486884094,3.42961079489487,68.2709621704498,28.521004463161855,0.009569508337727876,2.328670127015952e-06,189.63657370302826,13,COMPLETE
1664,22.1186241716761,1.2211555299028671,2026-10-06 01:30:16.826676,2026-10-06 01:33:26.087477,0 days 00:03:09.260801,0.02747333029658724,3.42961079489487,78.91305021174706,18.49957504695779,0.009569508337727876,2.328670127015952e-06,189.26070214621723,13,COMPLETE
1665,30.113268268494743,1.7488715228352087,2026-10-06 01:30:16.830650,2026-10-06 01:33:25.756105,0 days 00:03:08.925455,0.14472486883161542,41.372608192861875,58.63154270429279,1.3798280184278788,0.009569508337727876,2.328670127015952e-06,188.92537345504388,13,COMPLETE
1666,30.3974326385116,1.5067366379333182,2026-10-06 01:30:17.026696,2026-10-06 01:33:28.213747,0 days 00:03:11.187051,0.14472486883161542,6.28879905307643,78.91305021174706,1.7658496078448727,0.012523137563051921,2.328670127015952e-06,191.18696468370035,13,COMPLETE
