number,values_0,values_1,datetime_start,datetime_complete,duration,params_c_val,params_input_force,params_k_between_val,params_k_wall_val,params_m_val,params_ridge_alpha,user_attrs_duration_sec,system_attrs_NSGAIISampler:generation,state
1999,23.998304981661477,1.725320279945122,2026-10-06 01:46:19.911676,2026-10-06 01:49:29.406082,0 days 00:03:09.494406,0.14472486883161542,12.7813275871661,78.91305021174706,16.01801703339855,0.009569508337727876,2.328670127015952e-06,189.4943195739761,16,COMPLETE
2000,30.138545448853087,17.251604686711293,2026-10-06 01:46:19.984676,2026-10-06 01:49:32.728142,0 days 00:03:12.743466,0.14472486883161542,3.42961079489487,78.91305021174706,18.49957504695779,0.009406258884274878,2.328670127015952e-06,192.7433154010214,16,COMPLETE
2001,21.300570029260463,1.4294337433940734,2026-10-06 01:46:20.020667,2026-10-06 01:49:32.943723,0 days 00:03:12.923056,0.6040198049165227,1.8054001832365776,17.678005827458893,1.8190863578544005,0.09056763698503704,2.328670127015952e-06,192.92295325081795,16,COMPLETE
2002,25.74209161636727,2.232780246145944,2026-10-06 01:46:20.100693,2026-10-06 01:49:31.028339,0 days 00:03:10.927646,0.14472486883161542,14.614994096872621,78.91305021174706,12.025559114678314,0.009569508337727876,2.328670127015952e-06,190.92756308615208,16,COMPLETE
2003,,,2026-10-06 01:46:20.145736,2026-10-06 01:46:21.321742,0 days 00:00:01.176006,0.14472486883161542,23.362303104815695,78.91305021174706,12.025559114678314,0.0014588399026160166,,,16,PRUNED
2004,21.51264960763684,4.9427645055270695,2026-10-06 01:46:20.271701,2026-10-06 01:49:30.409361,0 days 00:03:10.137660,0.14472486883161542,49.05305096861049,78.91305021174706,18.49957504695779,0.009569508337727876,0.00016458849474218604,190.13756998395547,16,COMPLETE
2005,31.02438712447949,19.554410655001867,2026-10-06 01:46:20.347690,2026-10-06 01:49:32.436137,0 days 00:03:12.088447,0.17958655134255117,1.8054001832365776,78.91305021174706,18.49957504695779,0.009569508337727876,2.328670127015952e-06,192.08835875801742,16,COMPLETE
2006,22.56932671404381,13.225712653280983,2026-10-06 01:46:20.528686,2026-10-06 01:49:29.840498,0 days 00:03:09.311812,0.14472486883161542,1.8054001832365776,15.423890060605514,18.49957504695779,0.009569508337727876,2.328670127015952e-06,189.31172048300505,16,COMPLETE
2007,22.969647897367036,1.2554997752230217,2026-10-06 01:46:20.540667,2026-10-06 01:49:32.004867,0 days 00:03:11.464200,0.06333707392450427,6.28879905307643,78.91305021174706,18.49957504695779,0.027611768567523884,1.1270711704332518e-05,191.46411286201328,16,COMPLETE
2008,30.25631807342977,16.361231425770708,2026-10-06 01:46:20.845184,2026-10-06 01:49:33.068775,0 days 00:03:12.223591,0.14472486883161542,3.42961079489487,78.91305021174706,16.01801703339855,0.009569508337727876,2.328670127015952e-06,192.2235087552108,16,COMPLETE
2009,21.437599386241516,2.418326641293649,2026-10-06 01:46:20.884667,2026-10-06 01:49:33.881618,0 days 00:03:12.996951,0.07237963634006156,1.8054001832365776,78.91305021174706,12.025559114678314,0.009569508337727876,2.2450784167003475,192.99686157191172,16,COMPLETE
2010,6.72571373351322,1.4590869088892893,2026-10-06 01:46:20.892640,2026-10-06 01:49:31.133792,0 days 00:03:10.241152,0.6040198049165227,1.8054001832365776,1.2448190437406117,1.3209840256939676,0.009569508337727876,2.328670127015952e-06,190.24106929916888,16,COMPLETE
2011,28.25994622660489,25.07992649618613,2026-10-06 01:46:21.008694,2026-10-06 01:49:36.162786,0 days 00:03:15.154092,0.3401090828369047,3.42961079489487,78.91305021174706,18.49957504695779,0.009569508337727876,2.328670127015952e-06,195.15399644291028,16,COMPLETE
2012,30.69163280195367,17.684483138732958,2026-10-06 01:46:21.028660,2026-10-06 01:49:28.985893,0 days 00:03:07.957233,0.14472486883161542,2.5826334477054016,78.91305021174706,18.49957504695779,0.009569508337727876,2.328670127015952e-06,187.95714375609532,16,COMPLETE
2013,5.742891053946286,1.8467982767901296,2026-10-06 01:46:21.079843,2026-10-06 01:49:30.775827,0 days 00:03:09.695984,0.12014132825757128,1.8054001832365776,1.2889291895633928,66.73004560382458,0.009569508337727876,0.12949326585597815,189.6959008257836,16,COMPLETE
2014,17.22657589925656,7.3376567171896285,2026-10-06 01:46:21.083646,2026-10-06 01:49:32.128492,0 days 00:03:11.044846,0.2537871941753988,46.267951721020545,57.73929959211342,18.49957504695779,0.009569508337727876,2.328670127015952e-06,191.04476770292968,16,COMPLETE
2015,31.80745145264631,10.635669175727354,2026-10-06 01:46:21.087640,2026-10-06 01:49:34.512792,0 days 00:03:13.425152,0.14472486883161542,1.8054001832365776,78.91305021174706,1.8190863578544005,0.009569508337727876,2.328670127015952e-06,193.4250735398382,16,COMPLETE
2016,29.86805956061189,18.313281534662583,2026-10-06 01:46:21.091636,2026-10-06 01:49:28.770588,0 days 00:03:07.678952,0.14472486883161542,3.42961079489487,78.91305021174706,33.705587852946245,0.009569508337727876,9.391865709026338e-06,187.67887274362147,16,COMPLETE
2017,23.824989328473414,1.6281667047566084,2026-10-06 01:46:21.095634,2026-10-06 01:49:32.035814,0 days 00:03:10.940180,0.14472486883161542,6.28879905307643,78.91305021174706,18.020734196293525,0.009569508337727876,2.328670127015952e-06,190.9401032552123,16,COMPLETE
2018,22.390770910602406,28.90289503828217,2026-10-06 01:46:22.232849,2026-10-06 01:49:29.421895,0 days 00:03:07.189046,0.48967816666395225,7.7988590190752145,78.91305021174706,18.49957504695779,0.009569508337727876,2.328670127015952e-06,187.18896276922897,16,COMPLETE
2019,30.25631807342977,16.361231425770708,2026-10-06 01:46:22.236656,2026-10-06 01:49:33.290505,0 days 00:03:11.053849,0.14472486883161542,3.42961079489487,78.91305021174706,16.01801703339855,0.009569508337727876,2.328670127015952e-06,191.05376277910545,16,COMPLETE
2020,21.85421790684497,1.5388930303011383,2026-10-06 01:48:08.241683,2026-10-06 01:51:20.906827,0 days 00:03:12.665144,0.6040198049165227,44.99102241975042,78.91305021174706,12.025559114678314,0.05236593363835375,2.328670127015952e-06,192.665041803848,16,COMPLETE
2021,20.64129884857747,14.722137740287975,2026-10-06 01:49:24.049391,2026-10-06 01:52:34.777560,0 days 00:03:10.728169,0.563713792644678,1.8054001832365776,78.91305021174706,12.025559114678314,0.009569508337727876,9.391865709026338e-06,190.72804775368422,16,COMPLETE
2022,31.437788912431678,16.54131554988437,2026-10-06 01:49:25.310685,2026-10-06 01:52:36.569421,0 days 00:03:11.258736,0.14472486883161542,1.8054001832365776,78.91305021174706,12.188910735172861,0.009569508337727876,2.328670127015952e-06,191.25862160976976,16,COMPLETE
2023,,,2026-10-06 01:49:25.973708,2026-10-06 01:49:26.454772,0 days 00:00:00.481064,0.14472486883161542,1.8054001832365776,78.91305021174706,12.025559114678314,0.0014002631869186573,,,16,PRUNED
2024,21.418049395803546,29.170500515265847,2026-10-06 01:49:26.025948,2026-10-06 01:52:38.914947,0 days 00:03:12.888999,0.6040198049165227,6.28879905307643,78.91305021174706,18.49957504695779,0.009569508337727876,2.328670127015952e-06,192.88888805592433,16,COMPLETE
2025,24.24006904528632,18.88442425096601,2026-10-06 01:49:26.292775,2026-10-06 01:52:39.627516,0 days 00:03:13.334741,0.48967816666395225,1.8054001832365776,78.91305021174706,18.49957504695779,0.009569508337727876,2.328670127015952e-06,193.33464473299682,16,COMPLETE
2026,21.808048734944474,25.25432126447999,2026-10-06 01:49:26.301670,2026-10-06 01:52:39.686054,0 days 00:03:13.384384,0.6040198049165227,6.28879905307643,78.91305021174706,12.025559114678314,0.009569508337727876,2.328670127015952e-06,193.38426979770884,16,COMPLETE
2027,23.605233713274693,20.030637466200943,2026-10-06 01:49:26.664696,2026-10-06 01:52:37.637481,0 days 00:03:10.972785,0.48967816666395225,3.42961079489487,72.4355609529253,12.025559114678314,0.009569508337727876,2.328670127015952e-06,190.97267147991806,16,COMPLETE
2028,28.395832952770377,4.3849185163269375,2026-10-06 01:49:26.747808,2026-10-06 01:52:38.559486,0 days 00:03:11.811678,0.09120075002526551,3.42961079489487,78.91305021174706,18.49957504695779,0.017627978590286267,2.328670127015952e-06,191.81158141279593,16,COMPLETE
2029,30.001821098262987,14.005062685370373,2026-10-06 01:49:26.847678,2026-10-06 01:52:44.065554,0 days 00:03:17.217876,0.10769208082502378,3.42961079489487,78.91305021174706,28.521004463161855,0.009569508337727876,1.4671267453130232e-06,197.21778584690765,16,COMPLETE
2030,19.94563421551661,10.020625114552479,2026-10-06 01:49:27.136700,2026-10-06 01:52:42.512845,0 days 00:03:15.376145,0.2677984816298146,42.93133991615355,78.91305021174706,18.49957504695779,0.009569508337727876,9.391865709026338e-06,195.37604699190706,16,COMPLETE
2031,30.24677223918379,16.95454237805794,2026-10-06 01:49:27.356848,2026-10-06 01:52:37.570155,0 days 00:03:10.213307,0.14472486883161542,3.42961079489487,78.91305021174706,18.49957504695779,0.009569508337727876,2.328670127015952e-06,190.21319867298007,16,COMPLETE
2032,27.84452409627367,7.779950170250305,2026-10-06 01:49:27.373956,2026-10-06 01:52:39.549005,0 days 00:03:12.175049,0.09198301764319697,3.42961079489487,78.91305021174706,34.75508766732465,0.009569508337727876,0.15619636002017287,192.1749567259103,16,COMPLETE
2033,18.41816409223431,2.493461829573324,2026-10-06 01:49:27.447800,2026-10-06 01:52:40.528939,0 days 00:03:13.081139,0.8079112683870517,26.544876322072124,78.91305021174706,4.949274479107639,0.009569508337727876,2.328670127015952e-06,193.08104661712423,16,COMPLETE
2034,31.240590382853334,10.67615448509198,2026-10-06 01:49:28.080548,2026-10-06 01:52:38.288392,0 days 00:03:10.207844,0.207930411951604,1.8054001832365776,78.91305021174706,1.2857906481514498,0.009569508337727876,2.328670127015952e-06,190.20774879679084,17,COMPLETE
2035,24.24006904528632,18.88442425096601,2026-10-06 01:49:28.091666,2026-10-06 01:52:44.600943,0 days 00:03:16.509277,0.48967816666395225,1.8054001832365776,78.91305021174706,18.49957504695779,0.009569508337727876,2.328670127015952e-06,196.5091845728457,17,COMPLETE
2036,31.284621544300705,17.94211592853864,2026-10-06 01:49:28.124819,2026-10-06 01:52:41.466197,0 days 00:03:13.341378,0.17534157142392734,1.8054001832365776,78.91305021174706,12.025559114678314,0.009569508337727876,2.328670127015952e-06,193.3412964879535,17,COMPLETE
2037,31.445372342935343,16.504664224757644,2026-10-06 01:49:28.223930,2026-10-06 01:52:44.640501,0 days 00:03:16.416571,0.14472486883161542,1.8054001832365776,78.91305021174706,12.025559114678314,0.009569508337727876,2.328670127015952e-06,196.41648310795426,17,COMPLETE
2038,11.66794268016729,2.9554200312560193,2026-10-06 01:49:28.591690,2026-10-06 01:52:38.979923,0 days 00:03:10.388233,0.6040198049165227,34.298672660726574,78.91305021174706,28.521004463161855,0.009569508337727876,5.06057154374306,190.38813274726272,17,COMPLETE
2039,,,2026-10-06 01:49:28.692819,2026-10-06 01:49:29.578705,0 days 00:00:00.885886,0.0110127005537001,1.8054001832365776,78.91305021174706,12.025559114678314,0.001029094398906375,,,17,PRUNED
2040,24.92932496256723,11.107834047749936,2026-10-06 01:49:28.733672,2026-10-06 01:52:38.275511,0 days 00:03:09.541839,0.17958655134255117,1.8054001832365776,78.91305021174706,18.49957504695779,0.009569508337727876,0.023088973379297818,189.5417218389921,17,COMPLETE
2041,31.445372342935343,16.504664224757644,2026-10-06 01:49:28.938426,2026-10-06 01:52:42.239673,0 days 00:03:13.301247,0.14472486883161542,1.8054001832365776,78.91305021174706,12.025559114678314,0.009569508337727876,2.328670127015952e-06,193.30116810277104,17,COMPLETE
2042,30.24677223918379,16.95454237805794,2026-10-06 01:49:28.964655,2026-10-06 01:52:40.736507,0 days 00:03:11.771852,0.14472486883161542,3.42961079489487,78.91305021174706,18.49957504695779,0.009569508337727876,2.328670127015952e-06,191.77175868907943,17,COMPLETE
2043,28.66036003777851,8.304508448991351,2026-10-06 01:49:29.449866,2026-10-06 01:52:44.767502,0 days 00:03:15.317636,0.14472486883161542,1.8054001832365776,78.91305021174706,18.49957504695779,0.014064752496992032,0.0035525501799298304,195.31755018793046,17,COMPLETE
2044,21.369387179679045,7.811523438908323,2026-10-06 01:49:29.453652,2026-10-06 01:52:41.328364,0 days 00:03:11.874712,0.6040198049165227,1.8054001832365776,78.91305021174706,68.4576578030597,0.009569508337727876,2.328670127015952e-06,191.87462537223473,17,COMPLETE
2045,29.862852692678604,12.679051785767028,2026-10-06 01:49:29.457644,2026-10-06 01:52:45.048374,0 days 00:03:15.590730,0.09531312142944362,3.42961079489487,78.91305021174706,33.705587852946245,0.009569508337727876,9.391865709026338e-06,195.5906657516025,17,COMPLETE
2046,23.952280412482605,8.911180330787715,2026-10-06 01:49:29.461637,2026-10-06 01:52:42.172841,0 days 00:03:12.711204,0.48480307501533615,3.42961079489487,78.91305021174706,1.465885646181593,0.009569508337727876,9.751594936226262e-06,192.71112493006513,17,COMPLETE
2047,24.171916567896766,27.96627269443611,2026-10-06 01:49:29.484661,2026-10-06 01:52:46.034707,0 days 00:03:16.550046,0.48480307501533615,3.42961079489487,78.91305021174706,28.521004463161855,0.009569508337727876,2.328670127015952e-06,196.54994603898376,17,COMPLETE
2048,24.293559357814893,25.182782593238816,2026-10-06 01:49:29.488652,2026-10-06 01:52:42.503966,0 days 00:03:13.015314,0.48967816666395225,3.42961079489487,78.91305021174706,18.49957504695779,0.009569508337727876,2.328670127015952e-06,193.01521329721436,17,COMPLETE
2049,21.251007555972453,18.69468075745778,2026-10-06 01:49:29.535646,2026-10-06 01:52:45.173789,0 days 00:03:15.638143,0.5964751199901861,1.8054001832365776,78.91305021174706,18.49957504695779,0.009569508337727876,2.328670127015952e-06,195.63806815585122,17,COMPLETE
2050,24.87947441052746,19.847032788322874,2026-10-06 01:49:29.594806,2026-10-06 01:52:41.060863,0 days 00:03:11.466057,0.48967816666395225,3.42961079489487,78.91305021174706,9.486221307285298,0.009569508337727876,2.328670127015952e-06,191.46597425919026,17,COMPLETE
2051,8.37181611388272,5.829562731567453,2026-10-06 01:49:30.209032,2026-10-06 01:52:46.038472,0 days 00:03:15.829440,0.48967816666395225,3.42961079489487,2.882944862751664,18.49957504695779,0.009569508337727876,2.328670127015952e-06,195.8293723273091,17,COMPLETE
2052,31.432875879719564,7.35288392656101,2026-10-06 01:49:30.212655,2026-10-06 01:52:44.060681,0 days 00:03:13.848026,0.05689352794610183,1.8054001832365776,78.91305021174706,18.49957504695779,0.009569508337727876,2.328670127015952e-06,193.84793654922396,17,COMPLETE
2053,23.854640386111278,1.3932525414706785,2026-10-06 01:49:30.216638,2026-10-06 01:52:46.167068,0 days 00:03:15.950430,0.08109885587659539,12.755797304762025,78.91305021174706,18.49957504695779,0.009569508337727876,2.328670127015952e-06,195.9503316427581,17,COMPLETE
2054,13.688094244584363,1.3373322636742666,2026-10-06 01:49:30.220635,2026-10-06 01:52:43.534497,0 days 00:03:13.313862,0.3401090828369047,1.8054001832365776,57.209408558748706,18.49957504695779,0.009569508337727876,4.327194079493884,193.31377908494323,17,COMPLETE
2055,30.69163280195367,17.684483138732958,2026-10-06 01:49:30.788838,2026-10-06 01:52:43.151292,0 days 00:03:12.362454,0.14472486883161542,2.5826334477054016,78.91305021174706,18.49957504695779,0.009569508337727876,2.328670127015952e-06,192.3623606399633,17,COMPLETE
2056,21.71126505167497,34.64589212283317,2026-10-06 01:49:31.009948,2026-10-06 01:52:45.415263,0 days 00:03:14.405315,0.48967816666395225,6.28879905307643,78.91305021174706,53.19831855856638,0.009569508337727876,2.328670127015952e-06,194.40524530876428,17,COMPLETE
2057,27.868964369330264,18.4978424878716,2026-10-06 01:49:31.018808,2026-10-06 01:52:45.354528,0 days 00:03:14.335720,0.3895288379213899,3.42961079489487,78.91305021174706,7.448411641565712,0.009569508337727876,2.328670127015952e-06,194.33564719557762,17,COMPLETE
2058,26.890035829309955,1.3819092662631007,2026-10-06 01:49:31.063824,2026-10-06 01:52:43.612635,0 days 00:03:12.548811,0.14472486883161542,1.8054001832365776,78.91305021174706,18.49957504695779,0.091021212925092,2.328670127015952e-06,192.54873315477744,17,COMPLETE
2059,2.346964706236586,1.262955584410882,2026-10-06 01:49:31.067644,2026-10-06 01:52:44.163693,0 days 00:03:13.096049,0.0906528026535884,19.485350552148,1.5844329387367186,3.362579187490091,0.011217072267916588,2.328670127015952e-06,193.09596984414384,17,COMPLETE
2060,30.51016996922536,18.790412013427563,2026-10-06 01:49:31.071639,2026-10-06 01:52:45.370477,0 days 00:03:14.298838,0.14472486883161542,1.8054001832365776,78.91305021174706,47.77760718136664,0.009569508337727876,9.391865709026338e-06,194.29877281887457,17,COMPLETE
2061,21.41432225996558,18.678897758235863,2026-10-06 01:49:31.318674,2026-10-06 01:52:44.843299,0 days 00:03:13.524625,0.2537871941753988,1.8054001832365776,24.59543794233817,19.670634567523273,0.009569508337727876,2.328670127015952e-06,193.52454344695434,17,COMPLETE
2062,21.330986535599322,10.338164268157104,2026-10-06 01:49:31.831686,2026-10-06 01:52:45.256924,0 days 00:03:13.425238,0.6040198049165227,1.8054001832365776,78.91305021174706,3.2609578156469996,0.009569508337727876,2.328670127015952e-06,193.42516443692148,17,COMPLETE
2063,,,2026-10-06 01:49:32.197878,2026-10-06 01:49:33.270704,0 days 00:00:01.072826,0.14472486883161542,1.8054001832365776,78.91305021174706,12.303481343464334,0.007460043418275122,,,17,PRUNED
2064,26.075654243923964,2.424773571748952,2026-10-06 01:49:32.201644,2026-10-06 01:52:43.131329,0 days 00:03:10.929685,0.42937345114127523,6.28879905307643,78.91305021174706,2.131036963730549,0.009569508337727876,2.328670127015952e-06,190.92957514431328,17,COMPLETE
2065,19.955741740780788,22.275210949266995,2026-10-06 01:49:32.205643,2026-10-06 01:52:38.527114,0 days 00:03:06.321471,0.48967816666395225,3.42961079489487,54.74924029762657,18.49957504695779,0.008698017554316196,2.328670127015952e-06,186.32136898022145,17,COMPLETE
2066,3.9526780352037485,1.5041796921259516,2026-10-06 01:49:32.209642,2026-10-06 01:52:42.660364,0 days 00:03:10.450722,0.14472486883161542,32.324165035204125,4.739490279640997,18.49957504695779,0.009569508337727876,2.328670127015952e-06,190.45064062671736,17,COMPLETE
2067,,,2026-10-06 01:49:32.213637,2026-10-06 01:49:33.066690,0 days 00:00:00.853053,0.48967816666395225,3.42961079489487,78.91305021174706,18.49957504695779,0.007629810203935058,,,17,PRUNED
2068,24.925498528067997,2.3796154472092175,2026-10-06 01:49:32.249856,2026-10-06 01:52:43.819611,0 days 00:03:11.569755,0.2537871941753988,19.62925100599146,43.13329255907438,1.8190863578544005,0.009569508337727876,2.328670127015952e-06,191.56966559402645,17,COMPLETE
2069,,,2026-10-06 01:49:32.253811,2026-10-06 01:49:33.464695,0 days 00:00:01.210884,0.2537871941753988,3.42961079489487,78.91305021174706,12.025559114678314,0.0012095276085663015,,,17,PRUNED
2070,16.33505356220574,1.246344859003264,2026-10-06 01:49:32.257639,2026-10-06 01:52:43.355541,0 days 00:03:11.097902,0.0713662327422851,1.8054001832365776,46.77949600270834,12.025559114678314,0.06398788661278569,4.88531554257544,191.0978197916411,17,COMPLETE
2071,21.788039011158506,25.466614943851805,2026-10-06 01:49:32.261638,2026-10-06 01:52:46.179770,0 days 00:03:13.918132,0.6040198049165227,6.28879905307643,78.91305021174706,12.303481343464334,0.009569508337727876,2.328670127015952e-06,193.91805398697034,17,COMPLETE
2072,22.237432231616896,19.858990390389675,2026-10-06 01:49:32.269636,2026-10-06 01:52:41.996517,0 days 00:03:09.726881,0.6040198049165227,6.28879905307643,78.91305021174706,6.914952433883611,0.009569508337727876,2.328670127015952e-06,189.7267377609387,17,COMPLETE
2073,12.502838818114842,2.6730787858465352,2026-10-06 01:49:33.306690,2026-10-06 01:52:47.050504,0 days 00:03:13.743814,0.12014132825757128,1.8054001832365776,2.177094233560557,12.303481343464334,0.009569508337727876,2.328670127015952e-06,193.74371818220243,17,COMPLETE
2074,,,2026-10-06 01:49:33.310652,2026-10-06 01:49:33.887679,0 days 00:00:00.577027,0.08140144121640149,1.8054001832365776,78.91305021174706,18.49957504695779,0.0028565708146596445,,,17,PRUNED
2075,24.464035686385422,26.18847698701406,2026-10-06 01:49:33.352654,2026-10-06 01:52:41.021834,0 days 00:03:07.669180,0.48967816666395225,3.42961079489487,78.91305021174706,18.49957504695779,0.009569508337727876,1.4671267453130232e-06,187.6690919767134,17,COMPLETE
2076,31.210384382689046,17.60718244445571,2026-10-06 01:49:33.356646,2026-10-06 01:52:41.405570,0 days 00:03:08.048924,0.14472486883161542,1.8054001832365776,78.91305021174706,18.49957504695779,0.009569508337727876,2.328670127015952e-06,188.04884668719023,17,COMPLETE
2077,30.610682668197676,20.885615837109384,2026-10-06 01:49:33.384654,2026-10-06 01:52:45.212002,0 days 00:03:11.827348,0.22031827582514427,2.5826334477054016,78.91305021174706,12.025559114678314,0.009569508337727876,2.328670127015952e-06,191.8272718368098,17,COMPLETE
2078,31.210384382689046,17.60718244445571,2026-10-06 01:49:33.484818,2026-10-06 01:52:45.879504,0 days 00:03:12.394686,0.14472486883161542,1.8054001832365776,78.91305021174706,18.49957504695779,0.009569508337727876,2.328670127015952e-06,192.39459600206465,17,COMPLETE
2079,23.211764165678268,1.2820963319448695,2026-10-06 01:49:33.909681,2026-10-06 01:52:43.997195,0 days 00:03:10.087514,0.14472486883161542,8.566378100614532,78.91305021174706,18.49957504695779,0.009569508337727876,2.328670127015952e-06,190.08742991508916,17,COMPLETE
2080,24.6303448895203,21.779562079556165,2026-10-06 01:49:34.059687,2026-10-06 01:52:47.798303,0 days 00:03:13.738616,0.48967816666395225,3.42961079489487,78.91305021174706,12.025559114678314,0.009569508337727876,2.328670127015952e-06,193.73852223111317,17,COMPLETE
2081,1.3912991124494967,1.1833765406766585,2026-10-06 01:49:34.367858,2026-10-06 01:52:45.194145,0 days 00:03:10.826287,0.014036653778527133,21.687937562013094,2.0802364012209744,18.49957504695779,0.009569508337727876,0.029516051946130367,190.82621058216318,17,COMPLETE
