number,values_0,values_1,datetime_start,datetime_complete,duration,params_c_val,params_input_force,params_k_between_val,params_k_wall_val,params_m_val,params_ridge_alpha,user_attrs_duration_sec,system_attrs_NSGAIISampler:generation,state
5388,29.299235674191465,21.566344510662642,2026-10-06 04:23:51.336681,2026-10-06 04:27:01.896642,0 days 00:03:10.559961,0.17534157142392734,3.42961079489487,78.91305021174706,53.19831855856638,0.009569508337727876,2.108934163128921e-06,190.55986999114975,45,COMPLETE
5389,11.262159676023149,2.8763182420803584,2026-10-06 04:23:51.344640,2026-10-06 04:27:03.760209,0 days 00:03:12.415569,0.17534157142392734,1.8054001832365776,1.8264427004815085,6.182683349256731,0.009569508337727876,1.4671267453130232e-06,192.4154578531161,45,COMPLETE
5390,14.842163242070715,1.5731846672588143,2026-10-06 04:23:51.804884,2026-10-06 04:27:04.345271,0 days 00:03:12.540387,0.17534157142392734,6.28879905307643,78.91305021174706,53.19831855856638,0.008698017554316196,2.328670127015952e-06,192.54026361741126,45,COMPLETE
5391,32.18544006340003,13.901957915152222,2026-10-06 04:23:51.808648,2026-10-06 04:27:00.952268,0 days 00:03:09.143620,0.14472486883161542,1.0100598856645617,78.91305021174706,7.704673657496365,0.008698017554316196,2.328670127015952e-06,189.14350953465328,45,COMPLETE
5392,30.19589230134171,19.585416370200374,2026-10-06 04:23:51.812638,2026-10-06 04:27:04.218870,0 days 00:03:12.406232,0.17534157142392734,3.42961079489487,78.91305021174706,18.49957504695779,0.009569508337727876,1.2446212784745538e-06,192.40614919085056,45,COMPLETE
5393,9.324707956279463,2.2330240332456937,2026-10-06 04:23:51.816629,2026-10-06 04:26:58.110434,0 days 00:03:06.293805,0.17534157142392734,1.8054001832365776,1.2470864167922453,6.182683349256731,0.009569508337727876,2.328670127015952e-06,186.29371443204582,45,COMPLETE
5394,29.165072491943995,13.6021789726833,2026-10-06 04:23:51.820629,2026-10-06 04:27:01.526898,0 days 00:03:09.706269,0.36118069479004933,2.5826334477054016,78.91305021174706,3.345598787797223,0.009569508337727876,1.4671267453130232e-06,189.70616234606132,45,COMPLETE
5395,13.417325882630967,1.31435340555482,2026-10-06 04:23:51.824633,2026-10-06 04:27:03.319204,0 days 00:03:11.494571,0.054397430674262635,6.28879905307643,78.91305021174706,53.19831855856638,0.008698017554316196,2.328670127015952e-06,191.49448176380247,45,COMPLETE
5396,32.28524680622071,13.508724345230107,2026-10-06 04:23:51.836635,2026-10-06 04:26:59.181162,0 days 00:03:07.344527,0.11816812965117938,1.0100598856645617,78.91305021174706,18.49957504695779,0.009569508337727876,2.328670127015952e-06,187.34440770186484,45,COMPLETE
5397,27.120083188648103,2.6235584195850055,2026-10-06 04:23:51.844642,2026-10-06 04:27:07.362254,0 days 00:03:15.517612,0.19189241237051688,37.938458838514094,78.91305021174706,5.972762007874098,0.01457996761177762,2.328670127015952e-06,195.51748980628327,45,COMPLETE
5398,30.147764179701188,21.14389196233961,2026-10-06 04:23:51.848630,2026-10-06 04:27:04.088560,0 days 00:03:12.239930,0.17534157142392734,2.5826334477054016,78.91305021174706,38.52680789958333,0.009569508337727876,2.328670127015952e-06,192.23983237612993,45,COMPLETE
5399,15.799675458858507,4.49674199610475,2026-10-06 04:23:51.852628,2026-10-06 04:26:57.659242,0 days 00:03:05.806614,0.19189241237051688,27.05005637082406,78.91305021174706,31.448502350684066,0.008698017554316196,0.010337147479658994,185.80648674210533,45,COMPLETE
5400,30.967065556858632,20.939477473851216,2026-10-06 04:23:52.777850,2026-10-06 04:27:03.561211,0 days 00:03:10.783361,0.18472274745078338,1.8054001832365776,78.91305021174706,12.025559114678314,0.008698017554316196,2.328670127015952e-06,190.78323915414512,45,COMPLETE
5401,,,2026-10-06 04:23:52.826668,2026-10-06 04:23:53.360770,0 days 00:00:00.534102,0.22031827582514427,1.8054001832365776,78.91305021174706,53.19831855856638,0.00783279008894077,,,45,PRUNED
5402,14.243417018943026,1.5441531212006012,2026-10-06 04:23:52.900810,2026-10-06 04:27:02.849128,0 days 00:03:09.948318,0.3401090828369047,18.114227670643523,78.91305021174706,8.158376012080693,0.008698017554316196,0.04924368847981639,189.94819863326848,45,COMPLETE
5403,32.38195627834006,7.659475104572946,2026-10-06 04:23:53.571849,2026-10-06 04:27:01.671588,0 days 00:03:08.099739,0.14472486883161542,1.0100598856645617,78.91305021174706,45.605935248059524,0.020552418515354266,1.4671267453130232e-06,188.09951231302693,45,COMPLETE
5404,31.187564704759602,20.059948025582262,2026-10-06 04:23:55.300700,2026-10-06 04:27:04.185704,0 days 00:03:08.885004,0.17534157142392734,1.8054001832365776,78.91305021174706,8.858210845255327,0.008698017554316196,1.4671267453130232e-06,188.8849062169902,45,COMPLETE
5405,12.281727098820316,1.1234833456494906,2026-10-06 04:24:23.796687,2026-10-06 04:27:32.503797,0 days 00:03:08.707110,0.01136239405924394,1.8054001832365776,78.91305021174706,4.949274479107639,0.034067795951090434,1.4671267453130232e-06,188.70697622699663,45,COMPLETE
5406,30.365564546395667,19.170721154416828,2026-10-06 04:24:28.999710,2026-10-06 04:27:38.115329,0 days 00:03:09.115619,0.18472274745078338,1.8054001832365776,66.98268391670301,16.966954115393197,0.009569508337727876,1.4671267453130232e-06,189.11549454787746,45,COMPLETE
5407,30.13549674665232,19.025467733841346,2026-10-06 04:24:58.611204,2026-10-06 04:28:12.671693,0 days 00:03:14.060489,0.14472486883161542,2.5826334477054016,78.91305021174706,45.605935248059524,0.009569508337727876,1.4671267453130232e-06,194.06036225613207,45,COMPLETE
5408,9.932428137804939,1.2813569706882846,2026-10-06 04:25:02.968690,2026-10-06 04:28:11.550556,0 days 00:03:08.581866,0.4608549821242304,1.0100598856645617,1.4100244043752217,2.5931783094816834,0.03463343903868386,1.2446212784745538e-06,188.58173430291936,45,COMPLETE
5409,30.123136838133412,16.247573876327046,2026-10-06 04:25:03.792691,2026-10-06 04:28:15.502201,0 days 00:03:11.709510,0.2918907020150273,1.0100598856645617,78.91305021174706,18.49957504695779,0.009569508337727876,1.2446212784745538e-06,191.7093807728961,45,COMPLETE
5410,24.880654570101324,14.731502758994202,2026-10-06 04:25:43.542675,2026-10-06 04:28:59.963596,0 days 00:03:16.420921,0.14472486883161542,2.5826334477054016,29.952759892995722,40.29115295108787,0.009569508337727876,0.00010804677327343773,196.42079040966928,45,COMPLETE
5411,29.227211955608205,25.208468645736318,2026-10-06 04:26:53.735413,2026-10-06 04:30:11.137507,0 days 00:03:17.402094,0.2918907020150273,3.42961079489487,78.91305021174706,18.49957504695779,0.009569508337727876,1.4671267453130232e-06,197.40198288904503,45,COMPLETE
5412,31.438813026550207,18.19756834522252,2026-10-06 04:26:54.390248,2026-10-06 04:30:06.204716,0 days 00:03:11.814468,0.18472274745078338,1.8054001832365776,78.91305021174706,6.182683349256731,0.008698017554316196,2.328670127015952e-06,191.8143294369802,45,COMPLETE
5413,28.693318494328093,3.6256422820178664,2026-10-06 04:26:55.716836,2026-10-06 04:30:12.026643,0 days 00:03:16.309807,0.0401135414301312,1.8054001832365776,78.91305021174706,12.025559114678314,0.008698017554316196,2.328670127015952e-06,196.30967017821968,45,COMPLETE
5414,30.961005254600998,20.612982797267883,2026-10-06 04:26:55.744694,2026-10-06 04:30:11.260712,0 days 00:03:15.516018,0.19189241237051688,1.8054001832365776,78.91305021174706,18.49957504695779,0.009569508337727876,1.2446212784745538e-06,195.51591905904934,45,COMPLETE
5415,15.893325501627421,1.6488398647527018,2026-10-06 04:26:56.997842,2026-10-06 04:30:11.493305,0 days 00:03:14.495463,0.22031827582514427,34.792618469305175,78.91305021174706,46.431764750098004,0.02115531588688512,2.328670127015952e-06,194.49534385092556,45,COMPLETE
5416,27.481695177486095,3.963619918160597,2026-10-06 04:26:57.025661,2026-10-06 04:30:08.101561,0 days 00:03:11.075900,0.17534157142392734,21.52952538254641,78.91305021174706,7.14008749932051,0.009569508337727876,2.328670127015952e-06,191.07576927309856,45,COMPLETE
5417,6.871599980959135,5.613045934856243,2026-10-06 04:26:57.929685,2026-10-06 04:30:10.169345,0 days 00:03:12.239660,0.3401090828369047,3.42961079489487,1.2692672493182804,53.19831855856638,0.009569508337727876,1.4671267453130232e-06,192.23954959912226,45,COMPLETE
5418,19.791794327358808,1.2572858352312344,2026-10-06 04:26:58.064022,2026-10-06 04:30:12.747763,0 days 00:03:14.683741,0.14092438085084527,1.0100598856645617,78.91305021174706,7.704673657496365,0.08017863502086651,0.3539302811718645,194.6836229399778,45,COMPLETE
5419,32.58296902202029,11.912310480463777,2026-10-06 04:26:58.067647,2026-10-06 04:30:12.140585,0 days 00:03:14.072938,0.14472486883161542,1.0100598856645617,78.91305021174706,7.704673657496365,0.009569508337727876,2.328670127015952e-06,194.07284345896915,45,COMPLETE
5420,,,2026-10-06 04:26:58.083653,2026-10-06 04:26:58.745705,0 days 00:00:00.662052,0.05098179200390202,17.285336093728898,78.91305021174706,18.49957504695779,0.005341390260045163,,,45,PRUNED
5421,32.05054698132172,8.236700255338327,2026-10-06 04:26:58.087642,2026-10-06 04:30:08.849047,0 days 00:03:10.761405,0.19189241237051688,1.8054001832365776,78.91305021174706,6.182683349256731,0.01936184683006957,1.2446212784745538e-06,190.76128318579867,45,COMPLETE
5422,31.82632862020902,16.1371655868811,2026-10-06 04:26:58.118783,2026-10-06 04:30:12.238526,0 days 00:03:14.119743,0.17534157142392734,1.8054001832365776,78.91305021174706,6.182683349256731,0.009569508337727876,1.4671267453130232e-06,194.11964194569737,45,COMPLETE
5423,24.28300040171171,6.2423249141201245,2026-10-06 04:26:58.840690,2026-10-06 04:30:12.743177,0 days 00:03:13.902487,0.2918907020150273,23.800490544777265,78.91305021174706,6.182683349256731,0.008698017554316196,1.4671267453130232e-06,193.90235296078026,45,COMPLETE
5424,30.29124277266549,16.428914466268598,2026-10-06 04:26:59.383688,2026-10-06 04:30:13.137344,0 days 00:03:13.753656,0.22031827582514427,1.8054001832365776,78.91305021174706,18.49957504695779,0.008698017554316196,9.786726983542256e-05,193.75355638284236,45,COMPLETE
5425,20.5306673741667,4.813685111794888,2026-10-06 04:26:59.428936,2026-10-06 04:30:11.475075,0 days 00:03:12.046139,0.8901527629145959,1.0100598856645617,78.91305021174706,4.949274479107639,0.030322671456080783,1.2446212784745538e-06,192.04600998712704,45,COMPLETE
5426,21.30160324702963,5.922548361235854,2026-10-06 04:26:59.601137,2026-10-06 04:30:12.267418,0 days 00:03:12.666281,0.17534157142392734,46.438382117567606,58.254894432778684,12.025559114678314,0.008698017554316196,1.2446212784745538e-06,192.66617051605135,45,COMPLETE
5427,20.97523412639739,1.2044838467076877,2026-10-06 04:26:59.660657,2026-10-06 04:30:09.281363,0 days 00:03:09.620706,0.010675983305571415,1.0100598856645617,78.91305021174706,12.025559114678314,0.009569508337727876,1.2446212784745538e-06,189.62058981927112,45,COMPLETE
5428,0.7241276855723172,1.1865080389174958,2026-10-06 04:26:59.876677,2026-10-06 04:30:12.386910,0 days 00:03:12.510233,0.19189241237051688,1.8054001832365776,14.596971792093512,1.0171034434472332,0.0012185830275254117,1.4671267453130232e-06,192.51012708991766,45,COMPLETE
5429,29.227211955608205,25.208468645736318,2026-10-06 04:27:00.197849,2026-10-06 04:30:10.082638,0 days 00:03:09.884789,0.2918907020150273,3.42961079489487,78.91305021174706,18.49957504695779,0.009569508337727876,1.4671267453130232e-06,189.8845279966481,45,COMPLETE
5430,,,2026-10-06 04:27:00.284660,2026-10-06 04:27:00.876717,0 days 00:00:00.592057,0.48967816666395225,4.014839763781616,78.91305021174706,18.49957504695779,0.006107589690871444,,,45,PRUNED
5431,28.493550162117923,1.167164297565243,2026-10-06 04:27:00.288642,2026-10-06 04:30:16.174488,0 days 00:03:15.885846,0.03173470735405773,2.5826334477054016,78.91305021174706,4.949274479107639,0.009569508337727876,2.328670127015952e-06,195.8857370452024,45,COMPLETE
5432,19.26469676490106,1.1744740854462026,2026-10-06 04:27:00.336651,2026-10-06 04:30:13.165889,0 days 00:03:12.829238,0.012245340432295264,1.8054001832365776,78.91305021174706,18.49957504695779,0.008698017554316196,1.2446212784745538e-06,192.82914688810706,45,COMPLETE
5433,29.538797890596516,2.384600825858735,2026-10-06 04:27:00.373976,2026-10-06 04:30:13.920367,0 days 00:03:13.546391,0.027929050883336127,1.8054001832365776,78.91305021174706,18.49957504695779,0.008698017554316196,1.4671267453130232e-06,193.54629778116941,45,COMPLETE
5434,21.71126505167497,34.64589212283317,2026-10-06 04:27:00.443672,2026-10-06 04:30:14.952526,0 days 00:03:14.508854,0.48967816666395225,6.28879905307643,78.91305021174706,53.19831855856638,0.009569508337727876,2.328670127015952e-06,194.5087408060208,45,COMPLETE
5435,31.041066994316726,19.4424809458482,2026-10-06 04:27:00.451649,2026-10-06 04:30:14.279842,0 days 00:03:13.828193,0.18472274745078338,1.8054001832365776,78.91305021174706,16.966954115393197,0.009569508337727876,2.328670127015952e-06,193.82808822998777,45,COMPLETE
5436,32.367529673858805,4.615245474171438,2026-10-06 04:27:00.989681,2026-10-06 04:30:13.744541,0 days 00:03:12.754860,0.14472486883161542,1.8054001832365776,77.25542179109885,6.182683349256731,0.02471456036592686,1.4671267453130232e-06,192.7547337329015,45,COMPLETE
5437,0.09412628274975658,1.1675896985872463,2026-10-06 04:27:01.091827,2026-10-06 04:30:12.573267,0 days 00:03:11.481440,0.6658065921393543,1.0100598856645617,78.91305021174706,7.704673657496365,0.008698017554316196,1.4671267453130232e-06,191.4813391319476,45,COMPLETE
5438,15.24904625799515,1.1508092594705084,2026-10-06 04:27:01.099643,2026-10-06 04:30:12.991678,0 days 00:03:11.892035,0.011966800603918736,1.8054001832365776,78.91305021174706,12.025559114678314,0.008698017554316196,16.10255527754984,191.89190727612004,45,COMPLETE
5439,17.6237834205889,1.2289264682963517,2026-10-06 04:27:01.341729,2026-10-06 04:30:11.137742,0 days 00:03:09.796013,0.07864839397556805,1.0100598856645617,78.91305021174706,7.704673657496365,0.009569508337727876,7.8522376070589175,189.79595525981858,45,COMPLETE
5440,,,2026-10-06 04:27:01.745385,2026-10-06 04:27:02.601356,0 days 00:00:00.855971,0.48967816666395225,3.42961079489487,78.91305021174706,53.19831855856638,0.008698017554316196,,,45,PRUNED
5441,30.620760907956072,22.829514530023527,2026-10-06 04:27:01.748635,2026-10-06 04:30:13.938127,0 days 00:03:12.189492,0.19189241237051688,1.8054001832365776,80.97346391189345,12.025559114678314,0.008698017554316196,1.4671267453130232e-06,192.18940324801952,45,COMPLETE
5442,26.822373442598547,23.307266004579493,2026-10-06 04:27:01.752636,2026-10-06 04:30:17.520523,0 days 00:03:15.767887,0.419007027175139,3.42961079489487,78.91305021174706,12.025559114678314,0.009569508337727876,1.2446212784745538e-06,195.76778563996777,45,COMPLETE
5443,0.47626544951479727,1.200135537798364,2026-10-06 04:27:01.865647,2026-10-06 04:30:16.196206,0 days 00:03:14.330559,0.14472486883161542,48.24298195908894,78.91305021174706,45.605935248059524,0.009569508337727876,4.53756706549221e-06,194.33046421129256,45,COMPLETE
5444,0.06852034813189653,1.1891122696185255,2026-10-06 04:27:01.887595,2026-10-06 04:30:17.410242,0 days 00:03:15.522647,0.48133515343860556,1.8054001832365776,78.91305021174706,38.52680789958333,0.008698017554316196,2.328670127015952e-06,195.52255432587117,45,COMPLETE
5445,30.826775634455167,19.43079936779744,2026-10-06 04:27:01.943780,2026-10-06 04:30:13.942996,0 days 00:03:11.999216,0.14472486883161542,1.8054001832365776,78.91305021174706,18.49957504695779,0.008698017554316196,1.4671267453130232e-06,191.99913884093985,45,COMPLETE
5446,29.50117104373995,19.066505191659303,2026-10-06 04:27:02.062675,2026-10-06 04:30:13.326074,0 days 00:03:11.263399,0.14472486883161542,3.42961079489487,78.91305021174706,53.19831855856638,0.009569508337727876,2.108934163128921e-06,191.26330547779799,45,COMPLETE
5447,12.990938467046178,5.961538629127829,2026-10-06 04:27:02.070640,2026-10-06 04:30:14.267307,0 days 00:03:12.196667,0.17534157142392734,3.42961079489487,5.843516398620711,18.49957504695779,0.009569508337727876,1.4671267453130232e-06,192.1965468111448,45,COMPLETE
5448,30.76930310546907,12.164135416038656,2026-10-06 04:27:02.303686,2026-10-06 04:30:13.352192,0 days 00:03:11.048506,0.19189241237051688,1.8054001832365776,78.91305021174706,12.025559114678314,0.01515722301142915,2.328670127015952e-06,191.04840890597552,45,COMPLETE
5449,18.997561583755136,6.7169839191911525,2026-10-06 04:27:02.307648,2026-10-06 04:30:14.270517,0 days 00:03:11.962869,0.1004409096550774,3.42961079489487,13.563400514678715,53.19831855856638,0.009569508337727876,2.328670127015952e-06,191.96276302682236,45,COMPLETE
5450,30.33353899206755,21.386450583755853,2026-10-06 04:27:02.481839,2026-10-06 04:30:16.453498,0 days 00:03:13.971659,0.17534157142392734,1.8054001832365776,78.91305021174706,53.19831855856638,0.009569508337727876,1.4671267453130232e-06,193.9715421036817,45,COMPLETE
5451,32.09362789436545,14.682751292518983,2026-10-06 04:27:03.180854,2026-10-06 04:30:11.015157,0 days 00:03:07.834303,0.17534157142392734,1.0100598856645617,78.91305021174706,12.025559114678314,0.009569508337727876,1.2446212784745538e-06,187.83417498832569,45,COMPLETE
5452,23.925084182401577,19.92349126515315,2026-10-06 04:27:03.184642,2026-10-06 04:30:13.259350,0 days 00:03:10.074708,0.48967816666395225,1.0100598856645617,78.91305021174706,53.19831855856638,0.009569508337727876,1.4671267453130232e-06,190.07461374858394,45,COMPLETE
5453,29.054358573249385,19.017953746002476,2026-10-06 04:27:03.188631,2026-10-06 04:30:13.848659,0 days 00:03:10.660028,0.3401090828369047,1.0100598856645617,80.97346391189345,46.431764750098004,0.009569508337727876,2.328670127015952e-06,190.65991646191105,45,COMPLETE
5454,32.03281992176556,14.543281017138023,2026-10-06 04:27:03.203644,2026-10-06 04:30:14.909235,0 days 00:03:11.705591,0.18472274745078338,1.0100598856645617,78.91305021174706,7.704673657496365,0.008698017554316196,2.328670127015952e-06,191.7054826207459,45,COMPLETE
5455,17.03710395984824,19.188407732353753,2026-10-06 04:27:03.219776,2026-10-06 04:30:16.688257,0 days 00:03:13.468481,0.35349415915446786,2.5826334477054016,21.753710691680705,40.29115295108787,0.009569508337727876,1.223561971768834e-06,193.46837094798684,45,COMPLETE
5456,23.14903777443656,30.00242499837254,2026-10-06 04:27:04.100880,2026-10-06 04:30:13.231261,0 days 00:03:09.130381,0.48967816666395225,6.28879905307643,78.91305021174706,18.49957504695779,0.009569508337727876,1.4671267453130232e-06,189.13028006860986,45,COMPLETE
5457,15.882307005079605,1.2894249823886108,2026-10-06 04:27:04.104648,2026-10-06 04:30:19.634517,0 days 00:03:15.529869,0.17534157142392734,1.0100598856645617,27.36781023235116,1.165872357299853,0.009569508337727876,0.41257658713420836,195.52975567011163,45,COMPLETE
5458,22.617258803257542,1.5559437236019522,2026-10-06 04:27:04.108649,2026-10-06 04:30:15.082898,0 days 00:03:10.974249,0.17534157142392734,8.894193281611418,78.91305021174706,16.966954115393197,0.008698017554316196,2.328670127015952e-06,190.9741440648213,45,COMPLETE
5459,30.214655136343374,18.872721043492987,2026-10-06 04:27:04.112634,2026-10-06 04:30:14.172333,0 days 00:03:10.059699,0.14472486883161542,2.5826334477054016,78.91305021174706,40.29115295108787,0.009569508337727876,2.328670127015952e-06,190.0595814199187,45,COMPLETE
5460,31.598359415628767,17.106202737833854,2026-10-06 04:27:04.116635,2026-10-06 04:30:15.877994,0 days 00:03:11.761359,0.19189241237051688,1.8054001832365776,78.91305021174706,4.949274479107639,0.008698017554316196,2.328670127015952e-06,191.76126079494134,45,COMPLETE
5461,30.961005254600998,20.612982797267883,2026-10-06 04:27:04.120625,2026-10-06 04:30:15.853031,0 days 00:03:11.732406,0.19189241237051688,1.8054001832365776,78.91305021174706,18.49957504695779,0.009569508337727876,1.2446212784745538e-06,191.73225367581472,45,COMPLETE
5462,0.2609774709352909,1.2409043106883852,2026-10-06 04:27:04.124631,2026-10-06 04:30:13.320824,0 days 00:03:09.196193,0.3401090828369047,1.8054001832365776,80.97346391189345,4.949274479107639,0.008698017554316196,2.328670127015952e-06,189.19609856233,45,COMPLETE
5463,32.37077910064026,11.404891099229104,2026-10-06 04:27:04.128630,2026-10-06 04:30:16.718386,0 days 00:03:12.589756,0.19189241237051688,1.0100598856645617,78.91305021174706,2.5931783094816834,0.009569508337727876,1.2446212784745538e-06,192.58966679032892,45,COMPLETE
5464,3.5065759718874263,1.2769770661353452,2026-10-06 04:27:04.250653,2026-10-06 04:30:11.779221,0 days 00:03:07.528568,0.027101607353076422,34.97702669945681,5.709393552384247,6.182683349256731,0.008698017554316196,0.089790943311464,187.52846179204062,45,COMPLETE
5465,27.346269770481268,3.1063799836937447,2026-10-06 04:27:04.254634,2026-10-06 04:30:21.378606,0 days 00:03:17.123972,0.14472486883161542,13.326253631592825,78.91305021174706,7.115111420380585,0.008698017554316196,1.4671267453130232e-06,197.1238460256718,45,COMPLETE
5466,18.394524338548734,1.426382460124723,2026-10-06 04:27:04.278631,2026-10-06 04:30:13.946331,0 days 00:03:09.667700,0.19189241237051688,1.0100598856645617,78.91305021174706,12.025559114678314,0.009569508337727876,0.1542451015688338,189.66762262117118,45,COMPLETE
5467,27.860116703088075,18.899916315859063,2026-10-06 04:27:04.528702,2026-10-06 04:30:15.305573,0 days 00:03:10.776871,0.3401090828369047,3.42961079489487,80.97346391189345,15.382666136782571,0.009569508337727876,3.42721794405979e-05,190.7767668487504,45,COMPLETE
5468,30.70511859465459,22.162786820890595,2026-10-06 04:27:05.234853,2026-10-06 04:30:14.003831,0 days 00:03:08.768978,0.18472274745078338,1.8054001832365776,78.91305021174706,18.49957504695779,0.008698017554316196,2.328670127015952e-06,188.7688851482235,45,COMPLETE
5469,,,2026-10-06 04:27:05.238648,2026-10-06 04:27:05.774746,0 days 00:00:00.536098,0.14472486883161542,3.42961079489487,69.33707937619111,4.949274479107639,0.0033428533741547664,,,45,PRUNED
