number,values_0,values_1,datetime_start,datetime_complete,duration,params_c_val,params_input_force,params_k_between_val,params_k_wall_val,params_m_val,params_ridge_alpha,user_attrs_duration_sec,system_attrs_NSGAIISampler:generation,state
1171,25.12386660060656,9.97146827293995,2026-10-06 01:07:43.304689,2026-10-06 01:10:57.701796,0 days 00:03:14.397107,0.48967816666395225,3.42961079489487,78.91305021174706,18.49957504695779,0.0272863075382553,0.00010160998520747449,194.39702258305624,9,COMPLETE
1172,27.162523045605706,1.2261316201386427,2026-10-06 01:07:44.116904,2026-10-06 01:10:55.959691,0 days 00:03:11.842787,0.013170190521055773,3.42961079489487,78.91305021174706,1.8190863578544005,0.009569508337727876,2.328670127015952e-06,191.8427068963647,9,COMPLETE
1173,29.85054622074353,1.4141474131679228,2026-10-06 01:07:44.120653,2026-10-06 01:10:51.717354,0 days 00:03:07.596701,0.16177110021459462,5.423823043653459,78.91305021174706,1.7658496078448727,0.011005204287205276,0.00013571136337649982,187.5966069130227,9,COMPLETE
1174,24.21513275555352,1.672742681828359,2026-10-06 01:07:44.124649,2026-10-06 01:10:57.696471,0 days 00:03:13.571822,0.08364959805681325,3.42961079489487,78.91305021174706,11.466833404855134,0.01478582612116327,2.328670127015952e-06,193.57173001393676,9,COMPLETE
1175,29.279398639965883,1.7770046421209935,2026-10-06 01:07:44.128646,2026-10-06 01:10:57.493559,0 days 00:03:13.364913,0.14472486883161542,28.1007340438596,78.91305021174706,3.7504775608803835,0.01478582612116327,2.328670127015952e-06,193.3647038131021,9,COMPLETE
1176,30.949697509736488,2.295189787760126,2026-10-06 01:07:44.132644,2026-10-06 01:10:53.817084,0 days 00:03:09.684440,0.14472486883161542,30.4361881968835,78.91305021174706,1.7658496078448727,0.009569508337727876,0.00026285855894701214,189.6843649111688,9,COMPLETE
1177,15.272692870520434,6.618999225044081,2026-10-06 01:07:44.136647,2026-10-06 01:10:56.438049,0 days 00:03:12.301402,0.14472486883161542,3.42961079489487,20.6583041433688,18.49957504695779,0.009569508337727876,1.6107064801329016,192.30131642194465,9,COMPLETE
1178,,,2026-10-06 01:07:44.140637,2026-10-06 01:07:45.002701,0 days 00:00:00.862064,0.48967816666395225,48.147926180602234,78.91305021174706,2.8336490044636853,0.0017773417015733324,,,9,PRUNED
1179,27.246663407747963,8.699271518137301,2026-10-06 01:07:44.144651,2026-10-06 01:10:53.055395,0 days 00:03:08.910744,0.10889331389138927,1.6561528973969994,32.233952817229785,11.364619091105583,0.009590142710421577,0.001754171270788285,188.910660140682,9,COMPLETE
1180,4.93016388482252,1.5308402144007267,2026-10-06 01:07:44.148649,2026-10-06 01:10:58.218265,0 days 00:03:14.069616,0.14472486883161542,19.589785491416368,1.8714247398541282,1.8190863578544005,0.009569508337727876,0.06672101812662193,194.06953782821074,9,COMPLETE
1181,7.769479895690526,1.2812740381717915,2026-10-06 01:07:44.152640,2026-10-06 01:10:58.024991,0 days 00:03:13.872351,0.6040198049165227,32.133571428288036,83.63462158426863,1.7658496078448727,0.009569508337727876,2.328670127015952e-06,193.87227892223746,9,COMPLETE
1182,23.557269787045648,2.0771211905224813,2026-10-06 01:07:44.156640,2026-10-06 01:10:53.740067,0 days 00:03:09.583427,0.14472486883161542,48.147926180602234,99.00751447520854,18.49957504695779,0.01478582612116327,0.007690928916612578,189.58335959119722,9,COMPLETE
1183,29.688786970178295,3.041074136560151,2026-10-06 01:07:44.196655,2026-10-06 01:10:58.351497,0 days 00:03:14.154842,0.14472486883161542,20.213335196982104,77.51383454227101,3.7504775608803835,0.009569508337727876,2.328670127015952e-06,194.15476269228384,9,COMPLETE
1184,17.790284696775252,12.657157153492726,2026-10-06 01:07:45.048766,2026-10-06 01:10:57.887252,0 days 00:03:12.838486,0.5555069055943938,1.59425020744427,78.91305021174706,18.49957504695779,0.009569508337727876,0.00010160998520747449,192.8384137726389,9,COMPLETE
1185,27.162546258541294,1.8387631244081755,2026-10-06 01:07:45.052659,2026-10-06 01:10:54.925743,0 days 00:03:09.873084,0.14472486883161542,32.133571428288036,77.51383454227101,7.8342206444348275,0.016205446913400444,0.0004888384787132523,189.87271390482783,9,COMPLETE
1186,14.993464054375735,1.8707204342922885,2026-10-06 01:07:45.056642,2026-10-06 01:10:54.701441,0 days 00:03:09.644799,0.68088550918518,17.004978875582324,78.91305021174706,18.49957504695779,0.011005204287205276,0.00013571136337649982,189.64471773197874,9,COMPLETE
1187,21.726504373994157,1.2390764854109988,2026-10-06 01:07:45.178682,2026-10-06 01:10:57.830639,0 days 00:03:12.651957,0.014664090648465921,6.28879905307643,32.233952817229785,2.0489784059322336,0.016205446913400444,2.328670127015952e-06,192.65187218924984,9,COMPLETE
1188,22.884280403581595,4.598487782475551,2026-10-06 01:07:45.868720,2026-10-06 01:10:57.871516,0 days 00:03:12.002796,0.14472486883161542,46.774203669468385,77.51383454227101,15.34054799610614,0.009590142710421577,0.001754171270788285,192.00271575059742,9,COMPLETE
1189,6.351590226036942,1.7674734528654876,2026-10-06 01:07:45.872653,2026-10-06 01:10:53.747170,0 days 00:03:07.874517,0.6040198049165227,12.86020715519507,32.233952817229785,18.49957504695779,0.009569508337727876,0.0009482221502550213,187.87444610800594,9,COMPLETE
1190,10.746861195001213,1.698133943281357,2026-10-06 01:07:46.272700,2026-10-06 01:10:59.380282,0 days 00:03:13.107582,0.14472486883161542,48.147926180602234,19.765985265972063,12.025559114678314,0.01478582612116327,2.328670127015952e-06,193.10750392405316,9,COMPLETE
1191,28.81012332694135,1.3165272802781696,2026-10-06 01:07:47.107688,2026-10-06 01:10:55.661709,0 days 00:03:08.554021,0.14472486883161542,3.42961079489487,78.91305021174706,2.0489784059322336,0.009569508337727876,0.007690928916612578,188.5539261638187,9,COMPLETE
1192,26.792660744708645,4.362356497329736,2026-10-06 01:10:05.523733,2026-10-06 01:13:20.072176,0 days 00:03:14.548443,0.14472486883161542,3.42961079489487,61.61489397714072,18.49957504695779,0.0232326269081286,0.06672101812662193,194.54833096498623,9,COMPLETE
1193,29.551543474443132,1.40901481837808,2026-10-06 01:10:48.476891,2026-10-06 01:14:04.314560,0 days 00:03:15.837669,0.14472486883161542,3.2710301290916046,78.91305021174706,1.7658496078448727,0.009590142710421577,0.001754171270788285,195.83757775090635,9,COMPLETE
1194,29.674487940571634,1.6038774962213485,2026-10-06 01:10:49.679677,2026-10-06 01:14:04.789486,0 days 00:03:15.109809,0.1338864078069938,32.133571428288036,83.63462158426863,3.7504775608803835,0.016205446913400444,2.328670127015952e-06,195.10972454119474,9,COMPLETE
1195,20.063762922175084,2.5640529983470914,2026-10-06 01:10:50.267695,2026-10-06 01:14:02.443761,0 days 00:03:12.176066,0.04682279412895331,1.6561528973969994,6.104257978694515,18.49957504695779,0.009590142710421577,3.2097287400481534e-06,192.17595689976588,9,COMPLETE
1196,29.687887209770054,17.433084453911846,2026-10-06 01:10:50.764175,2026-10-06 01:14:06.103463,0 days 00:03:15.339288,0.14472486883161542,3.42961079489487,89.61123200940895,18.49957504695779,0.009569508337727876,3.2097287400481534e-06,195.33919659536332,9,COMPLETE
1197,15.35443919930916,1.314222688631256,2026-10-06 01:10:50.780963,2026-10-06 01:14:02.883499,0 days 00:03:12.102536,0.08220856673033629,3.42961079489487,32.233952817229785,3.7504775608803835,0.009569508337727876,27.28071674594925,192.10244471393526,9,COMPLETE
1198,29.74289819449915,1.8480924981756937,2026-10-06 01:10:50.813841,2026-10-06 01:14:02.529009,0 days 00:03:11.715168,0.14472486883161542,3.42961079489487,89.61123200940895,3.99582738797952,0.009596121382849983,3.2097287400481534e-06,191.7150634881109,9,COMPLETE
1199,,,2026-10-06 01:10:51.370708,2026-10-06 01:10:52.251033,0 days 00:00:00.880325,0.16177110021459462,32.133571428288036,45.40822175255802,1.7658496078448727,0.0014410138306487994,,,9,PRUNED
1200,29.6423423210236,2.344932143821758,2026-10-06 01:10:51.420693,2026-10-06 01:14:10.476522,0 days 00:03:19.055829,0.14472486883161542,3.42961079489487,78.91305021174706,3.6517934989776477,0.009596121382849983,0.00031752446227484857,199.05572474608198,9,COMPLETE
1201,30.6932870210035,4.463008631208059,2026-10-06 01:10:51.655843,2026-10-06 01:14:04.623522,0 days 00:03:12.967679,0.14472486883161542,3.42961079489487,78.91305021174706,27.65206775331613,0.03391184453555018,2.328670127015952e-06,192.9675723616965,9,COMPLETE
1202,30.848768627842627,1.407218491913657,2026-10-06 01:10:51.828680,2026-10-06 01:14:04.664503,0 days 00:03:12.835823,0.14472486883161542,48.147926180602234,77.5963442934305,1.7658496078448727,0.016205446913400444,0.004038586316950702,192.83574760286137,9,COMPLETE
1203,29.082387410916272,1.3421576978373573,2026-10-06 01:10:52.168967,2026-10-06 01:14:04.685906,0 days 00:03:12.516939,0.14472486883161542,3.42961079489487,78.91305021174706,1.2816706887888358,0.009569508337727876,0.007690928916612578,192.51686016842723,10,COMPLETE
1204,29.655174975759415,10.827429485812086,2026-10-06 01:10:52.172659,2026-10-06 01:14:03.582188,0 days 00:03:11.409529,0.08900520915411039,3.42961079489487,68.2709621704498,28.521004463161855,0.009569508337727876,2.328670127015952e-06,191.4094324070029,10,COMPLETE
1205,6.483396040287725,1.4619793029038672,2026-10-06 01:10:52.176642,2026-10-06 01:14:04.086189,0 days 00:03:11.909547,0.1939045235759075,6.28879905307643,32.233952817229785,18.49957504695779,0.020424024217894052,2.328670127015952e-06,191.90946444682777,10,COMPLETE
1206,29.893352892345387,14.175762612204037,2026-10-06 01:10:52.180645,2026-10-06 01:14:08.741454,0 days 00:03:16.560809,0.14472486883161542,3.42961079489487,78.91305021174706,12.025559114678314,0.009569508337727876,2.328670127015952e-06,196.56072121066973,10,COMPLETE
1207,29.128645561776608,1.2121536063107192,2026-10-06 01:10:52.184642,2026-10-06 01:14:03.464161,0 days 00:03:11.279519,0.030623687245008947,32.133571428288036,82.11028867024922,2.0489784059322336,0.016205446913400444,0.0004888384787132523,191.27941676601768,10,COMPLETE
1208,5.548861443017319,1.3280560896993316,2026-10-06 01:10:52.325829,2026-10-06 01:14:04.077144,0 days 00:03:11.751315,0.108387922108368,17.004978875582324,2.2223221061365863,1.7658496078448727,0.011005204287205276,0.00013571136337649982,191.75122734718025,10,COMPLETE
1209,31.04750159515737,2.0791118434109626,2026-10-06 01:10:52.424685,2026-10-06 01:14:06.398091,0 days 00:03:13.973406,0.14472486883161542,46.65115833455933,78.91305021174706,1.8190863578544005,0.009590142710421577,0.007690928916612578,193.97331490693614,10,COMPLETE
1210,,,2026-10-06 01:10:52.542854,2026-10-06 01:10:53.190721,0 days 00:00:00.647867,0.30469615486961976,3.42961079489487,78.91305021174706,18.49957504695779,0.005056984457265482,,,10,PRUNED
1211,29.893352892345387,14.175762612204037,2026-10-06 01:10:53.046702,2026-10-06 01:14:07.670030,0 days 00:03:14.623328,0.14472486883161542,3.42961079489487,78.91305021174706,12.025559114678314,0.009569508337727876,2.328670127015952e-06,194.62324359780177,10,COMPLETE
1212,20.906358520691985,17.11584708898149,2026-10-06 01:10:53.573971,2026-10-06 01:14:07.158317,0 days 00:03:13.584346,0.48967816666395225,3.42961079489487,78.91305021174706,18.808973665165144,0.009569508337727876,0.00010160998520747449,193.58426107186824,10,COMPLETE
1213,29.583902593304515,2.9473698311441585,2026-10-06 01:10:53.681198,2026-10-06 01:14:04.693615,0 days 00:03:11.012417,0.14472486883161542,44.31142725884908,77.51383454227101,3.7504775608803835,0.009569508337727876,0.001754171270788285,191.01234561111778,10,COMPLETE
1214,30.24677223918379,16.95454237805794,2026-10-06 01:10:53.684645,2026-10-06 01:14:10.163151,0 days 00:03:16.478506,0.14472486883161542,3.42961079489487,78.91305021174706,18.49957504695779,0.009569508337727876,2.328670127015952e-06,196.47841371782124,10,COMPLETE
1215,29.303593152605238,4.046099748944444,2026-10-06 01:10:53.688644,2026-10-06 01:14:09.466213,0 days 00:03:15.777569,0.14472486883161542,3.42961079489487,78.91305021174706,18.49957504695779,0.0272863075382553,0.0009482221502550213,195.77749215904623,10,COMPLETE
1216,30.650404486137823,1.3121160802385028,2026-10-06 01:10:53.692645,2026-10-06 01:14:08.335968,0 days 00:03:14.643323,0.14472486883161542,3.42961079489487,89.61123200940895,1.5797898196189912,0.019114863018666786,3.2097287400481534e-06,194.6432433789596,10,COMPLETE
1217,13.18136699022735,5.431646358912435,2026-10-06 01:10:53.696641,2026-10-06 01:14:08.181161,0 days 00:03:14.484520,0.5555069055943938,46.65115833455933,43.36888753639556,11.499422621283625,0.0015767011041207138,0.00010160998520747449,194.48443716811016,10,COMPLETE
1218,2.454362294263462,1.311260467838655,2026-10-06 01:10:53.700661,2026-10-06 01:14:07.722488,0 days 00:03:14.021827,0.14472486883161542,48.147926180602234,1.364383746582079,12.025559114678314,0.01478582612116327,0.2595561769059008,194.0217557400465,10,COMPLETE
1219,18.996395800783144,1.3289062243743028,2026-10-06 01:10:53.704634,2026-10-06 01:14:05.535497,0 days 00:03:11.830863,0.14472486883161542,6.28879905307643,78.91305021174706,12.025559114678314,0.009569508337727876,2.599582800463337,191.83078230870888,10,COMPLETE
1220,20.32019768500021,1.9619487895946783,2026-10-06 01:10:53.708640,2026-10-06 01:14:02.807496,0 days 00:03:09.098856,0.48967816666395225,48.147926180602234,78.91305021174706,1.7658496078448727,0.0013449379027890387,0.00026285855894701214,189.0987548660487,10,COMPLETE
1221,21.755407713621025,4.79256488437239,2026-10-06 01:10:53.712637,2026-10-06 01:14:09.000940,0 days 00:03:15.288303,0.14472486883161542,40.33020555559243,78.91305021174706,18.49957504695779,0.009569508337727876,0.0009482221502550213,195.28823061520234,10,COMPLETE
1222,22.72431640981641,1.6066550247374627,2026-10-06 01:10:53.716644,2026-10-06 01:14:08.163009,0 days 00:03:14.446365,0.14472486883161542,12.51756396622285,78.91305021174706,18.49957504695779,0.009569508337727876,2.328670127015952e-06,194.44627489894629,10,COMPLETE
1223,30.26321687890559,1.858104201554755,2026-10-06 01:10:53.720637,2026-10-06 01:14:04.959388,0 days 00:03:11.238751,0.14472486883161542,8.087421071639683,68.2709621704498,1.8190863578544005,0.009569508337727876,4.1802682719085015e-06,191.23866000585258,10,COMPLETE
1224,17.127547188249398,3.6933564489688866,2026-10-06 01:10:53.724640,2026-10-06 01:14:07.713092,0 days 00:03:13.988452,0.48967816666395225,24.72701998992688,78.91305021174706,18.49957504695779,0.009569508337727876,2.328670127015952e-06,193.98837979789823,10,COMPLETE
1225,26.997797331993308,6.120384391133531,2026-10-06 01:10:53.880839,2026-10-06 01:14:08.532792,0 days 00:03:14.651953,0.6040198049165227,1.1146801935182622,78.91305021174706,12.025559114678314,0.04358587975641263,2.328670127015952e-06,194.65186495613307,10,COMPLETE
1226,31.06029618674836,1.448325298190919,2026-10-06 01:10:53.884645,2026-10-06 01:14:08.379266,0 days 00:03:14.494621,0.14472486883161542,46.65115833455933,99.00751447520854,1.7658496078448727,0.01478582612116327,0.007690928916612578,194.49454766977578,10,COMPLETE
1227,16.473930207237196,4.54231661581847,2026-10-06 01:10:54.396837,2026-10-06 01:14:10.067944,0 days 00:03:15.671107,0.14472486883161542,44.82433075950499,78.91305021174706,33.705587852946245,0.009569508337727876,0.0016747478331141329,195.671001882758,10,COMPLETE
1228,,,2026-10-06 01:10:54.408827,2026-10-06 01:10:55.090650,0 days 00:00:00.681823,0.7084726642299108,44.31142725884908,78.91305021174706,3.7504775608803835,0.004148614303073119,,,10,PRUNED
1229,22.123465468466165,1.7202730348113957,2026-10-06 01:10:54.631681,2026-10-06 01:14:04.093706,0 days 00:03:09.462025,0.6707519252569772,37.698889849335174,78.91305021174706,1.8190863578544005,0.01478582612116327,2.328670127015952e-06,189.46194335306063,10,COMPLETE
1230,30.22058836273044,1.7131100855579313,2026-10-06 01:10:55.201856,2026-10-06 01:14:09.410530,0 days 00:03:14.208674,0.10273846057659936,7.871598166428248,78.91305021174706,3.323181860316004,0.009569508337727876,0.00010160998520747449,194.20847343374044,10,COMPLETE
1231,30.244291062711483,16.939050115442,2026-10-06 01:10:55.205656,2026-10-06 01:14:07.656363,0 days 00:03:12.450707,0.14472486883161542,3.42961079489487,78.91305021174706,18.808973665165144,0.009569508337727876,9.391865709026338e-06,192.45062298094854,10,COMPLETE
1232,31.595220093743944,1.739273428170896,2026-10-06 01:10:55.209656,2026-10-06 01:14:08.340052,0 days 00:03:13.130396,0.12014132825757128,41.372608192861875,78.91305021174706,1.3798280184278788,0.009569508337727876,2.328670127015952e-06,193.13031899183989,10,COMPLETE
1233,9.060920126006232,1.433949969279023,2026-10-06 01:10:55.213638,2026-10-06 01:14:04.072553,0 days 00:03:08.858915,0.5219532360136186,18.235158984620796,32.233952817229785,18.49957504695779,0.009569508337727876,2.328670127015952e-06,188.85881772032008,10,COMPLETE
1234,30.732669335233652,3.0925681776891114,2026-10-06 01:10:55.217643,2026-10-06 01:14:06.437867,0 days 00:03:11.220224,0.14472486883161542,3.42961079489487,81.61520925600657,18.49957504695779,0.04281119486594157,2.328670127015952e-06,191.2201425973326,10,COMPLETE
1235,12.584750200214481,1.8267661007871767,2026-10-06 01:10:55.340942,2026-10-06 01:14:05.166144,0 days 00:03:09.825202,0.14472486883161542,20.213335196982104,6.657386847537265,3.7504775608803835,0.009569508337727876,0.00010160998520747449,189.8251086929813,10,COMPLETE
1236,29.905386824749776,1.3564915709388352,2026-10-06 01:10:55.780694,2026-10-06 01:14:08.636657,0 days 00:03:12.855963,0.14472486883161542,15.859677991775037,75.08545011892379,1.1505931094375066,0.01478582612116327,0.007690928916612578,192.85588065022603,10,COMPLETE
1237,14.625436127021114,11.96044786242367,2026-10-06 01:10:55.788671,2026-10-06 01:14:06.798517,0 days 00:03:11.009846,0.5555069055943938,3.42961079489487,26.642887093562198,18.49957504695779,0.009569508337727876,0.00010160998520747449,191.0097452881746,10,COMPLETE
1238,1.473821657707227,1.127105550752883,2026-10-06 01:10:55.873666,2026-10-06 01:14:10.609196,0 days 00:03:14.735530,0.015353457254670851,46.774203669468385,84.18874570594305,1.7658496078448727,0.009590142710421577,0.001754171270788285,194.73545523313805,10,COMPLETE
1239,30.078994451954184,1.4419055080006817,2026-10-06 01:10:55.877647,2026-10-06 01:14:08.536925,0 days 00:03:12.659278,0.16177110021459462,6.274743774441415,78.91305021174706,1.7658496078448727,0.011005204287205276,0.00010160998520747449,192.6592014580965,10,COMPLETE
1240,29.605817391872954,3.168372232090382,2026-10-06 01:10:55.881637,2026-10-06 01:14:04.264317,0 days 00:03:08.382680,0.14472486883161542,30.699380093668903,78.91305021174706,3.7504775608803835,0.009569508337727876,2.328670127015952e-06,188.38258513482288,10,COMPLETE
1241,11.544902002554943,1.336105799822972,2026-10-06 01:10:55.919850,2026-10-06 01:14:07.935829,0 days 00:03:12.015979,0.14472486883161542,15.859677991775037,59.85067925037242,51.2582823446993,0.011723417960928927,1.5833547229919072e-06,192.01590047264472,10,COMPLETE
1242,,,2026-10-06 01:10:56.159364,2026-10-06 01:10:56.610788,0 days 00:00:00.451424,0.14472486883161542,32.133571428288036,82.11028867024922,72.49324351104558,0.009569508337727876,,,10,PRUNED
1243,29.572040063762103,2.8845530918802793,2026-10-06 01:10:57.023871,2026-10-06 01:14:08.959106,0 days 00:03:11.935235,0.14472486883161542,46.774203669468385,77.51383454227101,3.7504775608803835,0.009569508337727876,0.006989403585013501,191.93515822198242,10,COMPLETE
1244,23.440171074316392,1.5587930867382411,2026-10-06 01:10:57.027657,2026-10-06 01:14:05.396272,0 days 00:03:08.368615,0.14472486883161542,6.28879905307643,77.51383454227101,18.49957504695779,0.009569508337727876,0.0009482221502550213,188.368528095074,10,COMPLETE
1245,21.69047200843989,1.3711791580749058,2026-10-06 01:10:57.073372,2026-10-06 01:14:07.290608,0 days 00:03:10.217236,0.08220856673033629,48.147926180602234,99.00751447520854,18.49957504695779,0.01478582612116327,0.0009482221502550213,190.21715335687622,10,COMPLETE
1246,15.351533411085246,1.7662867048655406,2026-10-06 01:10:57.076646,2026-10-06 01:14:11.720321,0 days 00:03:14.643675,0.14472486883161542,3.42961079489487,78.91305021174706,18.49957504695779,0.009569508337727876,91.72732888764354,194.6435698280111,10,COMPLETE
1247,,,2026-10-06 01:10:57.513686,2026-10-06 01:10:58.357708,0 days 00:00:00.844022,0.14472486883161542,46.65115833455933,78.91305021174706,88.93921837438613,0.0010699131515286278,,,10,PRUNED
1248,30.24677223918379,16.95454237805794,2026-10-06 01:10:57.660694,2026-10-06 01:14:11.319947,0 days 00:03:13.659253,0.14472486883161542,3.42961079489487,78.91305021174706,18.49957504695779,0.009569508337727876,2.328670127015952e-06,193.6591645218432,10,COMPLETE
1249,31.210384382689046,17.60718244445571,2026-10-06 01:10:57.811682,2026-10-06 01:14:10.987267,0 days 00:03:13.175585,0.14472486883161542,1.8054001832365776,78.91305021174706,18.49957504695779,0.009569508337727876,2.328670127015952e-06,193.17548187915236,10,COMPLETE
1250,17.8895339501103,1.978922576576109,2026-10-06 01:10:58.074684,2026-10-06 01:14:10.439511,0 days 00:03:12.364827,0.6040198049165227,16.535256361073113,78.91305021174706,12.025559114678314,0.009569508337727876,2.328670127015952e-06,192.36474485415965,10,COMPLETE
1251,1.3038053495270665,1.1583109868327084,2026-10-06 01:10:58.159679,2026-10-06 01:14:07.802558,0 days 00:03:09.642879,0.01691134399083685,46.71374319264961,83.63462158426863,3.7504775608803835,0.009596121382849983,0.001754171270788285,189.64280140027404,10,COMPLETE
1252,30.131032288217916,1.2713003770338478,2026-10-06 01:10:58.183671,2026-10-06 01:14:10.077754,0 days 00:03:11.894083,0.14472486883161542,46.65115833455933,78.91305021174706,1.7658496078448727,0.04701777394393705,0.06672101812662193,191.89400007156655,10,COMPLETE
1253,21.52326071055644,1.2730789219132472,2026-10-06 01:10:58.207660,2026-10-06 01:14:07.337787,0 days 00:03:09.130127,0.14472486883161542,6.28879905307643,78.91305021174706,18.49957504695779,0.013593181580386379,0.007690928916612578,189.13004888314754,10,COMPLETE
