number,values_0,values_1,datetime_start,datetime_complete,duration,params_c_val,params_input_force,params_k_between_val,params_k_wall_val,params_m_val,params_ridge_alpha,user_attrs_duration_sec,system_attrs_NSGAIISampler:generation,state
588,23.31213864955341,1.3065885449257906,2026-10-06 00:41:55.313862,2026-10-06 00:45:09.963257,0 days 00:03:14.649395,0.1338864078069938,15.859677991775037,37.451348362540784,8.570034232131624,0.03389943614184064,0.004038586316950702,194.64932202873752,4,COMPLETE
589,30.601747820554625,3.920996826347602,2026-10-06 00:41:55.317663,2026-10-06 00:45:09.976545,0 days 00:03:14.658882,0.14472486883161542,2.108569671879042,49.25535346743179,1.3952232429901594,0.01478582612116327,2.328670127015952e-06,194.65881092008203,4,COMPLETE
590,2.354508235046835,1.1547817109121892,2026-10-06 00:41:55.321656,2026-10-06 00:45:06.513154,0 days 00:03:11.191498,0.16177110021459462,30.4361881968835,1.2121925696225926,19.560678901050697,0.0272863075382553,1.6374091613134125e-05,191.1914174691774,4,COMPLETE
591,10.525171368619342,1.7079578989128126,2026-10-06 00:41:55.560680,2026-10-06 00:45:07.144213,0 days 00:03:11.583533,0.03729526360229289,7.5769429977027825,16.375056145446308,18.49957504695779,0.003353991024044544,2.1616060509632624,191.58344506006688,4,COMPLETE
592,10.779618914986056,1.1977441664541235,2026-10-06 00:41:55.576680,2026-10-06 00:45:10.772501,0 days 00:03:15.195821,0.1713359383921567,5.163106132123858,5.224742778168688,1.9436578789742032,0.0635030455162963,0.0002119529307262873,195.19572120718658,4,COMPLETE
593,15.433407885798752,14.302729115470157,2026-10-06 00:41:55.692861,2026-10-06 00:45:08.974479,0 days 00:03:13.281618,0.9222042430472607,16.953574571943278,77.51383454227101,42.7195163538193,0.024790630872431413,0.000276893152373895,193.28153808275238,4,COMPLETE
594,14.520496036633407,1.3554848638612542,2026-10-06 00:41:55.900863,2026-10-06 00:45:06.044505,0 days 00:03:10.143642,0.1713359383921567,5.163106132123858,14.719249146245843,1.8190863578544005,0.01478582612116327,5.382552616652609,190.14354897104204,4,COMPLETE
595,3.1800333009370823,1.2675607332660417,2026-10-06 00:41:55.904655,2026-10-06 00:45:07.724742,0 days 00:03:11.820087,0.1338864078069938,33.17624551934574,2.026993051131085,2.0489784059322336,0.016205446913400444,2.328670127015952e-06,191.82000596402213,4,COMPLETE
596,21.483846388952646,2.1107523831074197,2026-10-06 00:41:55.908652,2026-10-06 00:45:07.720110,0 days 00:03:11.811458,0.6040198049165227,46.774203669468385,85.7034102631403,7.746949202276626,0.0272863075382553,0.001754171270788285,191.8113689403981,4,COMPLETE
597,10.872271258327629,1.2723435660229865,2026-10-06 00:41:55.993191,2026-10-06 00:45:06.117410,0 days 00:03:10.124219,0.09091258036553126,3.42961079489487,2.7953209645105117,1.7595409051400013,0.009569508337727876,2.328670127015952e-06,190.12411351501942,4,COMPLETE
598,2.1003997757479396,1.2514731113902624,2026-10-06 00:41:56.108678,2026-10-06 00:45:08.877498,0 days 00:03:12.768820,0.13214255584119383,15.859677991775037,1.0487739187469198,10.55137025643824,0.010155544878742024,4.139905809006424e-05,192.76872795075178,4,COMPLETE
599,14.18113304275804,11.748307080413364,2026-10-06 00:41:56.474022,2026-10-06 00:45:10.942421,0 days 00:03:14.468399,0.5886596266876252,5.163106132123858,14.719249146245843,18.49957504695779,0.01478582612116327,3.3976165743800303e-06,194.4682973450981,4,COMPLETE
600,13.896234545871096,1.3719476481196176,2026-10-06 00:41:56.787590,2026-10-06 00:45:06.501581,0 days 00:03:09.713991,0.48967816666395225,7.230038746036794,14.719249146245843,1.8190863578544005,0.01478582612116327,2.328670127015952e-06,189.71388853807002,4,COMPLETE
601,2.8189300242246733,1.4181190266324704,2026-10-06 00:41:57.152562,2026-10-06 00:45:13.704190,0 days 00:03:16.551628,0.1912088840068961,48.21469805334717,7.099519619717996,1.87066908355611,0.0036499921651855075,1.972106799105486e-05,196.55153811816126,4,COMPLETE
602,18.095471635806256,2.739339805462323,2026-10-06 00:41:57.156547,2026-10-06 00:45:12.514877,0 days 00:03:15.358330,0.5206349751021522,46.647252582729806,77.51383454227101,19.560678901050697,0.0272863075382553,3.3976165743800303e-06,195.3582477918826,4,COMPLETE
603,13.633997107444277,1.468357069497971,2026-10-06 00:41:57.230572,2026-10-06 00:45:09.831747,0 days 00:03:12.601175,0.48967816666395225,15.859677991775037,37.451348362540784,8.570034232131624,0.016205446913400444,0.004038586316950702,192.6010977961123,4,COMPLETE
604,28.965107354093636,1.2642114773395217,2026-10-06 00:41:57.631579,2026-10-06 00:45:11.237884,0 days 00:03:13.606305,0.1912088840068961,32.133571428288036,83.63462158426863,1.7658496078448727,0.06824977174552374,2.328670127015952e-06,193.6062257522717,4,COMPLETE
605,29.022042874130115,1.882083918905586,2026-10-06 00:41:57.910547,2026-10-06 00:45:09.198305,0 days 00:03:11.287758,0.16177110021459462,30.4361881968835,75.08545011892379,4.243265729109047,0.016205446913400444,1.6374091613134125e-05,191.28768152790144,5,COMPLETE
606,,,2026-10-06 00:41:57.914546,2026-10-06 00:41:58.215648,0 days 00:00:00.301102,0.9414551939127502,3.42961079489487,15.471089870186534,7.746949202276626,0.0015767011041207138,,,5,PRUNED
607,15.583579879971719,1.2464614715928222,2026-10-06 00:41:58.084843,2026-10-06 00:45:09.107161,0 days 00:03:11.022318,0.5886596266876252,7.5769429977027825,83.63462158426863,1.409562707810519,0.009596121382849983,2.1616060509632624,191.02223907830194,5,COMPLETE
608,27.443677000836516,1.2923764026022817,2026-10-06 00:41:58.088558,2026-10-06 00:45:12.332302,0 days 00:03:14.243744,0.13263017868898783,5.163106132123858,54.6602172125733,3.7504775608803835,0.01478582612116327,0.001754171270788285,194.2428195271641,5,COMPLETE
609,9.416184762899627,7.853483170125092,2026-10-06 00:41:58.132928,2026-10-06 00:45:14.541583,0 days 00:03:16.408655,0.5555069055943938,3.42961079489487,7.167385873605854,18.49957504695779,0.0015767011041207138,0.00010160998520747449,196.408545630984,5,COMPLETE
610,16.368663616858232,1.3278387262962563,2026-10-06 00:41:58.301556,2026-10-06 00:45:06.759580,0 days 00:03:08.458024,0.6040198049165227,43.22669628608542,85.7034102631403,1.8190863578544005,0.024790630872431413,4.948715975818386,188.4579352568835,5,COMPLETE
611,15.384650452040143,4.383029430692715,2026-10-06 00:41:58.593535,2026-10-06 00:45:12.843127,0 days 00:03:14.249592,0.5555069055943938,1.6561528973969994,32.233952817229785,11.364619091105583,0.0272863075382553,0.001754171270788285,194.2495111580938,5,COMPLETE
612,11.685861099727015,3.8743977902023152,2026-10-06 00:41:58.596559,2026-10-06 00:45:12.750200,0 days 00:03:14.153641,0.6040198049165227,8.987478920641044,32.233952817229785,7.746949202276626,0.010155544878742024,0.001754171270788285,194.15356645686552,5,COMPLETE
613,12.636297447239016,5.473999806830468,2026-10-06 00:41:58.640518,2026-10-06 00:45:10.428061,0 days 00:03:11.787543,0.8260375030611535,1.5894118270835063,14.719249146245843,7.746949202276626,0.01478582612116327,2.328670127015952e-06,191.78746905503795,5,COMPLETE
614,13.4112420612433,2.4894576278670506,2026-10-06 00:41:58.767895,2026-10-06 00:45:11.801500,0 days 00:03:13.033605,0.5206349751021522,42.2707199463251,32.233952817229785,5.534390982625277,0.011005204287205276,0.1261820665830281,193.0335259111598,5,COMPLETE
615,21.37709781224969,1.1562682658524643,2026-10-06 00:41:58.948689,2026-10-06 00:45:10.258536,0 days 00:03:11.309847,0.1912088840068961,29.189148985857315,37.451348362540784,5.534390982625277,0.08613655945543547,0.004038586316950702,191.3097646869719,5,COMPLETE
616,6.972897959640963,1.3145123765459497,2026-10-06 00:41:58.956654,2026-10-06 00:45:12.876915,0 days 00:03:13.920261,0.8260375030611535,4.932347009339714,32.233952817229785,7.746949202276626,0.01478582612116327,9.287167469610381,193.9201822821051,5,COMPLETE
617,2.035637187590013,1.233091269147288,2026-10-06 00:41:58.964648,2026-10-06 00:45:10.274474,0 days 00:03:11.309826,0.5555069055943938,19.495728809496992,2.014833743152453,7.8342206444348275,0.009596121382849983,3.3976165743800303e-06,191.3097636620514,5,COMPLETE
618,,,2026-10-06 00:41:58.968657,2026-10-06 00:41:59.557699,0 days 00:00:00.589042,0.10888801914801638,46.774203669468385,54.6602172125733,19.560678901050697,0.001508074444218374,,,5,PRUNED
619,21.92614982221777,15.1139793857642,2026-10-06 00:41:59.035672,2026-10-06 00:45:11.332039,0 days 00:03:12.296367,0.5555069055943938,8.987478920641044,89.61123200940895,18.49957504695779,0.01478582612116327,0.00010160998520747449,192.29629541235045,5,COMPLETE
620,15.403474767934298,6.244904822934853,2026-10-06 00:41:59.039652,2026-10-06 00:45:12.250906,0 days 00:03:13.211254,0.5206349751021522,1.6561528973969994,24.336135440112013,7.882731093911324,0.018324378019643817,0.00018311133422614474,193.21117817191407,5,COMPLETE
621,16.14832141509643,1.9198279458112504,2026-10-06 00:41:59.092678,2026-10-06 00:45:12.215548,0 days 00:03:13.122870,0.14472486883161542,43.59010474238086,31.25109846959102,11.750692148076062,0.01478582612116327,7.502092623438249,193.12278736010194,5,COMPLETE
622,,,2026-10-06 00:41:59.940875,2026-10-06 00:42:00.182728,0 days 00:00:00.241853,0.6707519252569772,5.163106132123858,83.63462158426863,69.59849767866419,0.009596121382849983,,,5,PRUNED
623,13.175292335139483,1.9906223247216954,2026-10-06 00:41:59.944665,2026-10-06 00:45:14.156615,0 days 00:03:14.211950,0.4959367378662905,27.13570031291397,24.336135440112013,7.882731093911324,0.018324378019643817,0.0005024391102558689,194.21186932967976,5,COMPLETE
624,29.039864841372907,1.3217107675136608,2026-10-06 00:41:59.989056,2026-10-06 00:45:14.717496,0 days 00:03:14.728440,0.2880553685721488,32.133571428288036,83.63462158426863,1.7658496078448727,0.02490887086067962,0.001754171270788285,194.7283473093994,5,COMPLETE
625,21.38239122955408,7.9487284859430325,2026-10-06 00:41:59.992665,2026-10-06 00:45:11.577802,0 days 00:03:11.585137,0.48967816666395225,3.42961079489487,78.91305021174706,4.243265729109047,0.016205446913400444,0.0004646845328641408,191.58505982905626,5,COMPLETE
626,20.799484675523875,1.9953252982182055,2026-10-06 00:41:59.996664,2026-10-06 00:45:09.708087,0 days 00:03:09.711423,0.6040198049165227,30.4361881968835,75.08545011892379,8.04634876394084,0.024790630872431413,1.6374091613134125e-05,189.71134345885366,5,COMPLETE
627,20.256490749230437,9.17841453850209,2026-10-06 00:42:00.000647,2026-10-06 00:45:14.019230,0 days 00:03:14.018583,0.5555069055943938,3.42961079489487,89.61123200940895,18.49957504695779,0.0272863075382553,0.001754171270788285,194.01851330697536,5,COMPLETE
628,,,2026-10-06 00:42:00.004652,2026-10-06 00:42:01.039261,0 days 00:00:01.034609,0.2880553685721488,1.6561528973969994,34.08958612263361,2.553250570159153,0.0015767011041207138,,,5,PRUNED
629,20.03947878020235,5.276334713771152,2026-10-06 00:42:00.444858,2026-10-06 00:45:12.178006,0 days 00:03:11.733148,0.48967816666395225,6.383768362550262,89.61123200940895,4.243265729109047,0.016205446913400444,0.004038586316950702,191.7330632111989,5,COMPLETE
630,26.46711864141031,1.734791171472449,2026-10-06 00:42:00.576699,2026-10-06 00:45:08.286815,0 days 00:03:07.710116,0.14472486883161542,3.912022730243557,54.6602172125733,3.7504775608803835,0.009569508337727876,0.001754171270788285,187.7100307759829,5,COMPLETE
631,24.293559357814893,25.182782593238816,2026-10-06 00:42:00.864706,2026-10-06 00:45:12.928490,0 days 00:03:12.063784,0.48967816666395225,3.42961079489487,78.91305021174706,18.49957504695779,0.009569508337727876,2.328670127015952e-06,192.0637090317905,5,COMPLETE
632,31.094995668784073,2.102759124340862,2026-10-06 00:42:01.268697,2026-10-06 00:45:14.001124,0 days 00:03:12.732427,0.14472486883161542,46.774203669468385,78.91305021174706,1.7658496078448727,0.009590142710421577,0.001754171270788285,192.73234863113612,5,COMPLETE
633,11.598627847106368,1.13839468159931,2026-10-06 00:42:01.406664,2026-10-06 00:45:11.314795,0 days 00:03:09.908131,0.02488280088560742,8.987478920641044,83.63462158426863,7.746949202276626,0.06824977174552374,0.00026285855894701214,189.90805090405047,5,COMPLETE
634,13.312324402844373,1.9737729663730157,2026-10-06 00:42:01.414685,2026-10-06 00:45:14.022176,0 days 00:03:12.607491,0.9222042430472607,48.21469805334717,77.51383454227101,19.560678901050697,0.023371264037735383,0.02930043033605336,192.6074232379906,5,COMPLETE
635,14.2849327501662,12.336720492217939,2026-10-06 00:42:01.462820,2026-10-06 00:45:13.555442,0 days 00:03:12.092622,0.6040198049165227,6.28879905307643,32.233952817229785,7.746949202276626,0.0039642398430429875,0.00026285855894701214,192.0925377458334,5,COMPLETE
636,20.990870273063802,1.9864548663890798,2026-10-06 00:42:01.474675,2026-10-06 00:45:10.266392,0 days 00:03:08.791717,0.16177110021459462,30.4361881968835,75.08545011892379,18.49957504695779,0.014507822678708626,2.1616060509632624,188.79164794599637,5,COMPLETE
637,23.913687781655486,11.289090454312046,2026-10-06 00:42:01.489833,2026-10-06 00:45:09.355356,0 days 00:03:07.865523,0.5555069055943938,3.42961079489487,85.7034102631403,18.49957504695779,0.024790630872431413,0.00010160998520747449,187.86544538801536,5,COMPLETE
638,,,2026-10-06 00:42:02.573712,2026-10-06 00:42:03.328720,0 days 00:00:00.755008,0.14472486883161542,22.749820297264588,89.61123200940895,4.243265729109047,0.004897707224578459,,,5,PRUNED
639,20.77835823340181,2.2114072579367248,2026-10-06 00:42:02.940719,2026-10-06 00:45:12.320039,0 days 00:03:09.379320,0.2880553685721488,30.4361881968835,34.08958612263361,1.7658496078448727,0.009596121382849983,0.001754171270788285,189.37924470705912,5,COMPLETE
640,20.556297352247697,2.1417591381903485,2026-10-06 00:42:03.454690,2026-10-06 00:45:11.503606,0 days 00:03:08.048916,0.14472486883161542,32.133571428288036,32.233952817229785,7.746949202276626,0.013593181580386379,0.00010160998520747449,188.04883849993348,5,COMPLETE
641,29.688786970178295,3.041074136560151,2026-10-06 00:44:28.406697,2026-10-06 00:47:38.753553,0 days 00:03:10.346856,0.14472486883161542,20.213335196982104,77.51383454227101,3.7504775608803835,0.009569508337727876,2.328670127015952e-06,190.34674770897254,5,COMPLETE
642,24.438687427176983,1.6314285529049912,2026-10-06 00:45:04.494718,2026-10-06 00:48:19.712967,0 days 00:03:15.218249,0.14472486883161542,47.635191644836304,31.25109846959102,3.323181860316004,0.01478582612116327,0.007690928916612578,195.21815653610975,5,COMPLETE
643,16.009445172315942,3.2133496881592105,2026-10-06 00:45:05.136706,2026-10-06 00:48:18.835208,0 days 00:03:13.698502,0.5206349751021522,8.987478920641044,49.66832316587052,11.364619091105583,0.037375786062267026,0.00018311133422614474,193.69839825714007,5,COMPLETE
644,5.32785828344438,1.3578783963094867,2026-10-06 00:45:05.576840,2026-10-06 00:48:20.944989,0 days 00:03:15.368149,0.6040198049165227,27.13570031291397,3.2050641560718227,7.882731093911324,0.024790630872431413,4.186531797867048e-06,195.36806013900787,5,COMPLETE
645,15.870113908793872,3.665567682328486,2026-10-06 00:45:06.355684,2026-10-06 00:48:21.563316,0 days 00:03:15.207632,0.1338864078069938,5.163106132123858,14.719249146245843,69.59849767866419,0.016205446913400444,0.004038586316950702,195.20753667596728,5,COMPLETE
646,27.29885589886742,1.3592343466894892,2026-10-06 00:45:06.536681,2026-10-06 00:48:22.208763,0 days 00:03:15.672082,0.14472486883161542,45.741044518014796,89.61123200940895,8.570034232131624,0.03389943614184064,2.328670127015952e-06,195.67200350994244,5,COMPLETE
647,29.797610938717526,1.7489084302286966,2026-10-06 00:45:06.564672,2026-10-06 00:48:15.746492,0 days 00:03:09.181820,0.14472486883161542,15.859677991775037,75.08545011892379,3.323181860316004,0.01478582612116327,1.5833547229919072e-06,189.18171245092526,5,COMPLETE
648,29.04017734035014,2.8296695189628207,2026-10-06 00:45:06.727695,2026-10-06 00:48:22.855298,0 days 00:03:16.127603,0.2880553685721488,32.133571428288036,83.63462158426863,1.7658496078448727,0.009596121382849983,1.005326069292054e-06,196.12750500207767,5,COMPLETE
649,26.318064842586363,1.2830138571983554,2026-10-06 00:45:07.232639,2026-10-06 00:48:18.590142,0 days 00:03:11.357503,0.14472486883161542,6.451808654970961,89.61123200940895,8.570034232131624,0.013593181580386379,0.007690928916612578,191.35741672618315,5,COMPLETE
650,26.639294683263604,1.3908583000532821,2026-10-06 00:45:07.235661,2026-10-06 00:48:23.093581,0 days 00:03:15.857920,0.14472486883161542,46.647252582729806,77.51383454227101,8.188004789566511,0.02574821404895076,3.3976165743800303e-06,195.8578434237279,5,COMPLETE
651,12.922204732508101,1.6471413516703017,2026-10-06 00:45:07.239655,2026-10-06 00:48:23.512169,0 days 00:03:16.272514,0.6040198049165227,42.2707199463251,14.719249146245843,2.5122488726661794,0.01478582612116327,4.186531797867048e-06,196.27242487994954,5,COMPLETE
652,30.5689858031982,1.4262885360604844,2026-10-06 00:45:07.293760,2026-10-06 00:48:20.616983,0 days 00:03:13.323223,0.1338864078069938,32.133571428288036,83.63462158426863,2.0489784059322336,0.016205446913400444,0.004038586316950702,193.32312625693157,5,COMPLETE
653,26.840627503343864,3.855426125349613,2026-10-06 00:45:07.297669,2026-10-06 00:48:19.012182,0 days 00:03:11.714513,0.14472486883161542,48.147926180602234,77.51383454227101,7.8342206444348275,0.009596121382849983,0.007690928916612578,191.71440841490403,5,COMPLETE
654,4.278520900670868,1.5330254019306175,2026-10-06 00:45:07.413941,2026-10-06 00:48:24.459142,0 days 00:03:17.045201,0.597649826172845,42.2707199463251,4.464875581691576,20.71812046062478,0.005991501268114924,1.5153696698126027,197.04511781875044,5,COMPLETE
655,27.62112716794507,1.197713574014338,2026-10-06 00:45:07.417672,2026-10-06 00:48:19.679046,0 days 00:03:12.261374,0.14472486883161542,25.677567546663102,78.91305021174706,2.5122488726661794,0.06824977174552374,4.186531797867048e-06,192.26127400714904,5,COMPLETE
656,10.451895834044741,1.3640822893095208,2026-10-06 00:45:07.512817,2026-10-06 00:48:21.369467,0 days 00:03:13.856650,0.5555069055943938,42.2707199463251,6.184196269348587,2.5122488726661794,0.024790630872431413,0.001754171270788285,193.85655929520726,5,COMPLETE
657,,,2026-10-06 00:45:07.714701,2026-10-06 00:45:08.138624,0 days 00:00:00.423923,0.10888801914801638,20.213335196982104,26.082694220148117,3.7504775608803835,0.0013844620922265536,,,5,PRUNED
658,15.64231862364968,1.1974674028804377,2026-10-06 00:45:08.306857,2026-10-06 00:48:22.113483,0 days 00:03:13.806626,0.02919074501105664,25.39051027480993,78.91305021174706,16.64204496634695,0.01119321644108001,0.004038586316950702,193.80655453307554,5,COMPLETE
659,17.141832702822224,1.9031966660945308,2026-10-06 00:45:08.310650,2026-10-06 00:48:22.719068,0 days 00:03:14.408418,0.5555069055943938,15.859677991775037,37.451348362540784,2.0489784059322336,0.009596121382849983,1.7222979392299477e-06,194.40834039309993,5,COMPLETE
660,14.950666858322421,3.300705813846346,2026-10-06 00:45:08.516691,2026-10-06 00:48:19.282349,0 days 00:03:10.765658,0.5555069055943938,5.163106132123858,34.08958612263361,1.8190863578544005,0.01478582612116327,0.001754171270788285,190.76555260503665,5,COMPLETE
661,,,2026-10-06 00:45:08.524673,2026-10-06 00:45:09.188512,0 days 00:00:00.663839,0.5555069055943938,15.859677991775037,37.451348362540784,2.0489784059322336,0.001379337515971859,,,5,PRUNED
662,18.246438934106912,3.108662569705402,2026-10-06 00:45:08.613684,2026-10-06 00:48:25.829475,0 days 00:03:17.215791,0.16431956417198512,20.213335196982104,34.08958612263361,10.55137025643824,0.009596121382849983,0.001754171270788285,197.21569947898388,5,COMPLETE
663,22.02680569387958,5.834907014098967,2026-10-06 00:45:08.916680,2026-10-06 00:48:24.796044,0 days 00:03:15.879364,0.48967816666395225,48.04286199246971,89.61123200940895,8.570034232131624,0.013593181580386379,2.328670127015952e-06,195.8792771557346,5,COMPLETE
664,25.34872406691243,1.2419726801505058,2026-10-06 00:45:08.932813,2026-10-06 00:48:19.557411,0 days 00:03:10.624598,0.04451256952257735,5.163106132123858,14.719249146245843,1.8190863578544005,0.01478582612116327,2.328670127015952e-06,190.62449610978365,5,COMPLETE
665,29.804688707589047,1.9230156032934882,2026-10-06 00:45:08.998820,2026-10-06 00:48:21.872157,0 days 00:03:12.873337,0.14472486883161542,3.42961079489487,75.08545011892379,3.323181860316004,0.01478582612116327,2.328670127015952e-06,192.8732666661963,5,COMPLETE
666,4.140526031976696,1.188854799864528,2026-10-06 00:45:09.122822,2026-10-06 00:48:23.080107,0 days 00:03:13.957285,0.04451256952257735,48.147926180602234,26.44558715028518,7.8342206444348275,0.01478582612116327,0.0002119529307262873,193.95720470091328,5,COMPLETE
667,27.987413951438914,1.4511291494970562,2026-10-06 00:45:09.126662,2026-10-06 00:48:21.575088,0 days 00:03:12.448426,0.1338864078069938,46.774203669468385,37.451348362540784,2.0489784059322336,0.016205446913400444,0.0010074763694376573,192.44834164902568,5,COMPLETE
668,16.124397667763333,1.2927217026929418,2026-10-06 00:45:09.268679,2026-10-06 00:48:20.700272,0 days 00:03:11.431593,0.5206349751021522,47.635191644836304,32.233952817229785,11.364619091105583,0.07844599476408329,0.00018311133422614474,191.43149850796908,5,COMPLETE
669,9.865172395877952,4.829048702820769,2026-10-06 00:45:09.687841,2026-10-06 00:48:19.828527,0 days 00:03:10.140686,0.10888801914801638,1.5168188662149933,7.099519619717996,11.750692148076062,0.0036499921651855075,7.502092623438249,190.1405950812623,5,COMPLETE
670,5.833109457949852,1.1970860967747168,2026-10-06 00:45:09.691661,2026-10-06 00:48:26.327139,0 days 00:03:16.635478,0.1912088840068961,7.5769429977027825,3.1138579782319313,5.534390982625277,0.023371264037735383,2.1616060509632624,196.6353881629184,5,COMPLETE
671,30.24357656658688,1.2318748328003681,2026-10-06 00:45:09.790823,2026-10-06 00:48:21.175457,0 days 00:03:11.384634,0.14472486883161542,46.65115833455933,82.11028867024922,1.928465299477958,0.026606284328135367,0.06672101812662193,191.3845348288305,5,COMPLETE
