number,values_0,values_1,datetime_start,datetime_complete,duration,params_c_val,params_input_force,params_k_between_val,params_k_wall_val,params_m_val,params_ridge_alpha,user_attrs_duration_sec,system_attrs_NSGAIISampler:generation,state
169,2.1189471520612235,1.6184671621517994,2026-10-06 00:22:35.640864,2026-10-06 00:25:47.693349,0 days 00:03:12.052485,0.4571847416983729,18.9307098550292,1.867395442251624,22.43969985918882,0.001706403545512726,0.017768718965543908,192.05241594696417,1,COMPLETE
170,1.7990643924162193,1.5101658195484844,2026-10-06 00:22:35.684887,2026-10-06 00:25:51.650269,0 days 00:03:15.965382,0.1713359383921567,45.041386892710946,3.2005488053267315,25.143428634577997,0.01310226071782111,0.0005024391102558689,195.96528543299064,1,COMPLETE
171,3.4807848743157357,1.2528613936028687,2026-10-06 00:22:35.688658,2026-10-06 00:25:49.116181,0 days 00:03:13.427523,0.14048411428206908,38.21962699923496,4.777403167506996,16.861798149884216,0.018697464163305758,2.39775756147057e-06,193.42745797522366,1,COMPLETE
172,2.7230675414813263,1.4183535593902261,2026-10-06 00:22:35.731728,2026-10-06 00:25:49.410475,0 days 00:03:13.678747,0.14441067646934783,30.426953399183287,1.3096869447737685,10.236833088168279,0.010661061343167412,0.004038586316950702,193.67867429181933,1,COMPLETE
173,3.94665906747892,2.324535400019103,2026-10-06 00:22:35.778683,2026-10-06 00:25:50.490766,0 days 00:03:14.712083,0.05809227916278431,21.97703313754176,3.4699592651714117,1.6718279156566496,0.001234643059301413,6.171156049752928e-05,194.7120006531477,1,COMPLETE
174,10.386607779136828,1.3483100081507575,2026-10-06 00:22:35.852813,2026-10-06 00:25:49.492585,0 days 00:03:13.639772,0.4305853516618083,20.213335196982104,6.433856196331227,3.7504775608803835,0.024249565188203284,1.972106799105486e-05,193.63969858922064,1,COMPLETE
175,,,2026-10-06 00:22:35.991821,2026-10-06 00:22:36.309723,0 days 00:00:00.317902,0.16177110021459462,40.697587640269944,75.08545011892379,8.703200671644508,0.0021024601773162277,,,1,PRUNED
176,2.0915362336190797,1.2904248365144393,2026-10-06 00:22:36.080892,2026-10-06 00:25:49.377861,0 days 00:03:13.296969,0.07246237046629336,34.24573674852171,1.3096869447737685,10.236833088168279,0.018415725478743438,9.606000786549846e-06,193.29688696889207,1,COMPLETE
177,3.1988565660292965,3.070514877878691,2026-10-06 00:22:36.227685,2026-10-06 00:25:49.113948,0 days 00:03:12.886263,0.16177110021459462,48.21469805334717,3.7974012840683553,5.534390982625277,0.0021869538993636224,60.28758797529368,192.88618783978745,1,COMPLETE
178,11.704749494811189,3.3613595880481126,2026-10-06 00:22:36.394700,2026-10-06 00:25:47.211752,0 days 00:03:10.817052,0.1713359383921567,23.170431497793686,5.224742778168688,1.9436578789742032,0.0036480215798860415,0.0002119529307262873,190.816986606922,1,COMPLETE
179,3.6231361025569284,1.239297762459517,2026-10-06 00:22:36.661697,2026-10-06 00:25:49.426291,0 days 00:03:12.764594,0.03866131828739288,30.94274569884605,14.719249146245843,32.765895257679695,0.01478582612116327,1.062185079566549e-06,192.76453089294955,1,COMPLETE
180,8.06341167454286,1.4285292990484364,2026-10-06 00:22:36.724683,2026-10-06 00:25:48.911451,0 days 00:03:12.186768,0.6188401160190078,48.21469805334717,17.27325201263315,1.0833672540763994,0.0025850788580339132,9.416696432043285,192.18666721321642,1,COMPLETE
181,3.8736850464068793,1.3414591661121749,2026-10-06 00:22:36.767867,2026-10-06 00:25:48.160390,0 days 00:03:11.392523,0.48967816666395225,27.439299712901963,1.0882154872071723,1.8190863578544005,0.01478582612116327,71.06923140491963,191.39245023624972,1,COMPLETE
182,2.859042091338568,1.214295208057707,2026-10-06 00:22:36.819692,2026-10-06 00:25:53.544059,0 days 00:03:16.724367,0.016114983630624236,43.69954413505011,21.920450431626552,4.628275662494837,0.0035385003424894196,1.096718467484267e-05,196.72428376367316,1,COMPLETE
183,29.27242544796356,1.231866522520763,2026-10-06 00:22:36.963685,2026-10-06 00:25:51.152715,0 days 00:03:14.189030,0.10888801914801638,33.308074374235474,65.01465130798236,3.7504775608803835,0.03243408371569496,1.972106799105486e-05,194.18894265405834,1,COMPLETE
184,3.3038228938095395,2.168815519887782,2026-10-06 00:22:37.038672,2026-10-06 00:25:54.776511,0 days 00:03:17.737839,0.4571847416983729,18.9307098550292,1.1092055093231412,22.43969985918882,0.0013674293535711243,4.496789805494079e-05,197.7377443597652,1,COMPLETE
185,24.831169173969283,1.364437813942271,2026-10-06 00:22:37.126701,2026-10-06 00:25:49.889963,0 days 00:03:12.763262,0.16177110021459462,30.4361881968835,75.08545011892379,7.82709496809967,0.030091272867373106,4.2062981036209255,192.76265977462754,1,COMPLETE
186,3.0932687309995424,1.1940186340177938,2026-10-06 00:22:37.219362,2026-10-06 00:25:52.179111,0 days 00:03:14.959749,0.026152965027850868,23.672938934310228,1.2211815987182468,2.2173270636183195,0.012859806408913417,0.00016572818044818233,194.95965785626322,1,COMPLETE
187,27.521213956905278,1.2428509840114654,2026-10-06 00:22:37.479684,2026-10-06 00:25:51.707485,0 days 00:03:14.227801,0.10888801914801638,42.2707199463251,85.7034102631403,7.746949202276626,0.024790630872431413,4.186531797867048e-06,194.22773123113438,1,COMPLETE
188,3.625093240266466,1.6157596442755167,2026-10-06 00:22:37.572684,2026-10-06 00:25:54.468253,0 days 00:03:16.895569,0.05453551070609078,33.138047946347484,4.025460123149788,9.37375829503531,0.005651189888617871,0.47573095548034894,196.89547603903338,1,COMPLETE
189,5.569991904078249,1.2604412997516747,2026-10-06 00:22:37.628699,2026-10-06 00:25:48.951489,0 days 00:03:11.322790,0.029712907435494942,14.010719398814759,43.912202460250086,68.06746093018157,0.011439074675887726,0.2556414358271955,191.3227077596821,1,COMPLETE
190,8.85491201625652,1.2712351014683894,2026-10-06 00:22:37.806801,2026-10-06 00:25:53.282798,0 days 00:03:15.475997,0.48967816666395225,23.170431497793686,3.2005488053267315,1.4213770620500688,0.08681471039301973,0.0012740505165158293,195.47592656500638,1,COMPLETE
191,2.990513417150964,1.2080192508771086,2026-10-06 00:22:38.076682,2026-10-06 00:25:51.536957,0 days 00:03:13.460275,0.07246237046629336,44.7325440930094,5.923325039614763,18.49957504695779,0.03252063363543087,0.15956568144982092,193.46018850430846,1,COMPLETE
192,7.618703553521392,1.3262766530976502,2026-10-06 00:22:38.120454,2026-10-06 00:25:51.721626,0 days 00:03:13.601172,0.6040198049165227,44.7325440930094,5.923325039614763,7.746949202276626,0.03252063363543087,4.186531797867048e-06,193.6011006180197,1,COMPLETE
193,3.242748267694906,1.225518190497863,2026-10-06 00:22:38.123660,2026-10-06 00:25:46.570411,0 days 00:03:08.446751,0.011382437131058435,15.859677991775037,34.53905769351809,14.500931465013503,0.0272863075382553,3.3976165743800303e-06,188.4466745434329,1,COMPLETE
194,3.267166154733437,1.2661324275832422,2026-10-06 00:22:38.124665,2026-10-06 00:25:48.136018,0 days 00:03:10.011353,0.012157644750023797,20.213335196982104,7.099519619717996,2.8241192263537553,0.0036499921651855075,1.972106799105486e-05,190.01127512194216,1,COMPLETE
195,15.46065070490852,2.2387230745575946,2026-10-06 00:22:38.266696,2026-10-06 00:25:48.058941,0 days 00:03:09.792245,0.9222042430472607,46.647252582729806,77.51383454227101,19.560678901050697,0.0272863075382553,3.3976165743800303e-06,189.79215602297336,1,COMPLETE
196,2.0675371005799676,1.3081013506926313,2026-10-06 00:22:38.325682,2026-10-06 00:25:48.982958,0 days 00:03:10.657276,0.03502742554094747,33.138047946347484,4.8211974942113205,35.1185931408229,0.007490812124004079,0.47573095548034894,190.65719860093668,1,COMPLETE
197,2.852907110289437,1.4268088866355981,2026-10-06 00:22:38.340697,2026-10-06 00:25:47.199574,0 days 00:03:08.858877,0.6789352277656767,48.21469805334717,1.5756892409205032,8.703200671644508,0.0031633327897085755,9.416696432043285,188.8566508279182,1,COMPLETE
198,2.650170084598243,1.1577828471356,2026-10-06 00:22:38.348663,2026-10-06 00:25:49.586695,0 days 00:03:11.238032,0.019616476646240003,41.44909298087506,5.224742778168688,10.692604218363025,0.016205446913400444,5.531733091815851e-06,191.23796568159014,1,COMPLETE
199,21.669171910405744,1.3441115938415171,2026-10-06 00:22:38.364660,2026-10-06 00:25:48.993641,0 days 00:03:10.628981,0.5206349751021522,22.058471956432985,32.233952817229785,2.765920773009866,0.05928153267461189,0.0010074763694376573,190.62891375506297,1,COMPLETE
200,3.1448337384266933,1.774150684671898,2026-10-06 00:22:38.724802,2026-10-06 00:25:50.736275,0 days 00:03:12.011473,0.20340547040497436,18.9307098550292,1.1092055093231412,22.43969985918882,0.004251956498327011,90.12050246622765,192.01138863619417,1,COMPLETE
201,4.1874902644640635,1.403589163787164,2026-10-06 00:22:38.796856,2026-10-06 00:25:50.725308,0 days 00:03:11.928452,0.05809227916278431,13.718377456891261,2.461034847993623,14.761980432732647,0.0031633327897085755,6.171683497201868,191.92836187873036,1,COMPLETE
202,7.169050912626465,1.8504197782417526,2026-10-06 00:22:38.838685,2026-10-06 00:25:48.156870,0 days 00:03:09.318185,0.10888801914801638,8.987478920641044,3.3898967045651704,5.234236490545744,0.0036499921651855075,3.4352887454749903e-06,189.31811099871993,1,COMPLETE
203,16.358159805593477,1.5332322708892798,2026-10-06 00:22:38.893683,2026-10-06 00:25:51.613706,0 days 00:03:12.720023,0.5206349751021522,18.9307098550292,32.233952817229785,2.765920773009866,0.0013674293535711243,0.00026285855894701214,192.7199303372763,1,COMPLETE
204,1.8461432308743972,1.0972344376493617,2026-10-06 00:22:38.964692,2026-10-06 00:25:49.428950,0 days 00:03:10.464258,0.03502742554094747,43.90830166389397,49.766819720670625,4.628275662494837,0.007854509996266426,1.096718467484267e-05,190.46418969519436,1,COMPLETE
205,5.406631748794365,1.152637060173336,2026-10-06 00:22:39.343854,2026-10-06 00:25:53.613502,0 days 00:03:14.269648,0.3684658266169754,41.3746967090956,5.923325039614763,18.49957504695779,0.03252063363543087,0.0201570474379313,194.26957410387695,1,COMPLETE
206,,,2026-10-06 00:22:39.347662,2026-10-06 00:22:39.862842,0 days 00:00:00.515180,0.029712907435494942,32.133571428288036,83.63462158426863,1.7658496078448727,0.004831437685241842,,,1,PRUNED
207,,,2026-10-06 00:22:39.548696,2026-10-06 00:22:40.327744,0 days 00:00:00.779048,0.07246237046629336,23.170431497793686,27.891145758614602,83.25780573065838,0.0036480215798860415,,,1,PRUNED
208,14.883496223727505,1.3037981616075716,2026-10-06 00:22:40.071832,2026-10-06 00:25:52.394511,0 days 00:03:12.322679,0.16177110021459462,1.8619069911135584,75.08545011892379,10.357810444682436,0.048940592347990454,60.28758797529368,192.32258464815095,1,COMPLETE
209,2.330893961685829,1.9446439516365133,2026-10-06 00:22:40.104689,2026-10-06 00:25:49.928223,0 days 00:03:09.823534,0.9527908222383527,27.660781591843353,3.258367549638034,51.86987362693466,0.0035385003424894196,4.776480973967709,189.82344602700323,1,COMPLETE
210,0.8410022293327882,1.240262449352041,2026-10-06 00:22:40.453843,2026-10-06 00:25:53.717769,0 days 00:03:13.263926,0.6188401160190078,32.133571428288036,83.63462158426863,1.7658496078448727,0.001940176135431853,0.017693420053207544,193.26383554190397,1,COMPLETE
211,13.697084681095154,1.202698673096761,2026-10-06 00:22:40.542932,2026-10-06 00:25:49.555427,0 days 00:03:09.012495,0.10363965125276584,24.006400878505207,13.041405172378479,2.7572314808943332,0.08013421744402743,2.39775756147057e-06,189.01241429895163,1,COMPLETE
212,14.356349733854383,1.3945760218785643,2026-10-06 00:22:40.546665,2026-10-06 00:25:52.468501,0 days 00:03:11.921836,0.14472486883161542,12.431591341770027,31.25109846959102,18.405743265937417,0.013593181580386379,1.1651256511426257e-05,191.92174795782194,1,COMPLETE
213,3.290575737935014,1.4949415501318923,2026-10-06 00:22:40.785692,2026-10-06 00:25:48.915487,0 days 00:03:08.129795,0.1338864078069938,30.426953399183287,2.4956843115415497,2.0489784059322336,0.010747984261336834,0.0013861537444713598,188.12971482472494,1,COMPLETE
214,9.556587222606279,1.2632611701751852,2026-10-06 00:22:41.272689,2026-10-06 00:25:57.885756,0 days 00:03:16.613067,0.05453551070609078,22.058471956432985,8.783981497710927,2.765920773009866,0.05203175313572983,0.47573095548034894,196.6129722483456,1,COMPLETE
215,1.3440659006398925,1.2133588233940933,2026-10-06 00:22:41.590691,2026-10-06 00:25:53.413956,0 days 00:03:11.823265,0.010429233434232561,42.2707199463251,34.08958612263361,10.55137025643824,0.009596121382849983,0.00027322282188758804,191.82318618288264,1,COMPLETE
216,5.149658976146625,1.2469676470450348,2026-10-06 00:22:42.120701,2026-10-06 00:25:49.584935,0 days 00:03:07.464234,0.019616476646240003,38.21962699923496,4.777403167506996,1.9436578789742032,0.0037948115918676395,2.3001430853119717e-06,187.4641631306149,1,COMPLETE
217,23.045887947539043,1.2216611281261438,2026-10-06 00:22:42.172704,2026-10-06 00:25:55.492755,0 days 00:03:13.320051,0.018598739290935765,1.332361517734752,85.7034102631403,1.9806728822218551,0.024790630872431413,4.186531797867048e-06,193.31995509611443,1,COMPLETE
218,22.107508082257553,1.205849171878218,2026-10-06 00:25:42.644717,2026-10-06 00:28:51.029029,0 days 00:03:08.384312,0.14472486883161542,45.741044518014796,31.25109846959102,2.5122488726661794,0.0779105635020006,0.017768718965543908,188.38421527296305,1,COMPLETE
219,4.0805751512474675,1.2701905171525394,2026-10-06 00:25:43.430727,2026-10-06 00:28:56.554526,0 days 00:03:13.123799,0.5886596266876252,20.975579114151426,5.923325039614763,19.560678901050697,0.03252063363543087,2.1616060509632624,193.12369928089902,1,COMPLETE
220,,,2026-10-06 00:25:44.048669,2026-10-06 00:25:45.198699,0 days 00:00:01.150030,0.1912088840068961,48.21469805334717,83.63462158426863,21.07561197268455,0.001940176135431853,,,1,PRUNED
221,5.202340398771936,1.1922514718831245,2026-10-06 00:25:45.340676,2026-10-06 00:29:01.020628,0 days 00:03:15.679952,0.012500338977076936,32.133571428288036,5.224742778168688,1.7658496078448727,0.0037948115918676395,1.062185079566549e-06,195.67986597772688,1,COMPLETE
222,,,2026-10-06 00:25:45.456044,2026-10-06 00:25:46.126741,0 days 00:00:00.670697,0.019616476646240003,41.44909298087506,43.912202460250086,68.06746093018157,0.0037948115918676395,,,1,PRUNED
223,2.7809226833399197,1.1418523541809678,2026-10-06 00:25:45.856850,2026-10-06 00:28:58.859980,0 days 00:03:13.003130,0.03502742554094747,9.259654832397613,1.3096869447737685,10.236833088168279,0.009141336189140988,0.14271763050821695,193.00303128082305,1,COMPLETE
224,22.427711189587303,4.152929926009884,2026-10-06 00:25:45.902694,2026-10-06 00:28:57.122384,0 days 00:03:11.219690,0.10888801914801638,20.213335196982104,17.27325201263315,1.0833672540763994,0.0036499921651855075,1.5142532839589181e-05,191.21959436498582,1,COMPLETE
225,3.5858314157108127,1.5765984588301665,2026-10-06 00:25:46.298693,2026-10-06 00:29:00.800511,0 days 00:03:14.501818,0.02862763109125612,13.718377456891261,1.9509311623761583,8.703200671644508,0.0031633327897085755,4.77364867214484e-05,194.501732384786,1,COMPLETE
226,,,2026-10-06 00:25:46.517982,2026-10-06 00:25:47.073640,0 days 00:00:00.555658,0.763434331011857,18.703247673417344,1.867395442251624,1.9866246632863458,0.0015767011041207138,,,1,PRUNED
227,1.7146575774726418,1.2266933738296735,2026-10-06 00:25:46.600235,2026-10-06 00:29:01.895151,0 days 00:03:15.294916,0.08100675739328246,42.10385962274754,3.3443028078575168,65.62356174239315,0.04971062451720456,0.000617184287939886,195.2948389109224,1,COMPLETE
228,,,2026-10-06 00:25:46.913337,2026-10-06 00:25:47.454715,0 days 00:00:00.541378,0.4305853516618083,21.696541962381758,37.451348362540784,80.88383221658174,0.0020323108057210522,,,1,PRUNED
229,8.494179005351997,1.2999622422588233,2026-10-06 00:25:46.920677,2026-10-06 00:29:00.740225,0 days 00:03:13.819548,0.5886596266876252,48.21469805334717,5.923325039614763,1.0833672540763994,0.02643811631879203,9.416696432043285,193.8194530941546,1,COMPLETE
230,22.708346362668642,1.3225313592494778,2026-10-06 00:25:47.303674,2026-10-06 00:29:02.659833,0 days 00:03:15.356159,0.024301815710448284,1.332361517734752,6.847319413860616,1.0833672540763994,0.001940176135431853,0.022772302660463845,195.35607522260398,1,COMPLETE
231,5.481823388131471,1.474526843500372,2026-10-06 00:25:47.494894,2026-10-06 00:29:05.066307,0 days 00:03:17.571413,0.10888801914801638,44.7325440930094,15.882227250820858,3.7504775608803835,0.0036499921651855075,1.972106799105486e-05,197.57133138831705,1,COMPLETE
232,7.822342095032754,1.5896368951531423,2026-10-06 00:25:47.506680,2026-10-06 00:29:02.450123,0 days 00:03:14.943443,0.3405936062685717,28.715101235632567,3.0367302368487663,2.0489784059322336,0.005185214608675789,0.004038586316950702,194.9433585307561,1,COMPLETE
233,4.251903404426118,1.2581235390837788,2026-10-06 00:25:47.577679,2026-10-06 00:29:00.928172,0 days 00:03:13.350493,0.41073698646175005,23.170431497793686,39.43360314614352,5.164867093898933,0.004653363200451579,2.3515747823446808e-05,193.35041922703385,1,COMPLETE
234,2.531499561780778,1.1841706846911304,2026-10-06 00:25:47.701676,2026-10-06 00:29:00.170517,0 days 00:03:12.468841,0.05809227916278431,8.935157866992359,2.461034847993623,14.761980432732647,0.061378023330623754,6.171683497201868,192.46875170897692,1,COMPLETE
235,3.049668639750942,1.5336226737852385,2026-10-06 00:25:47.752841,2026-10-06 00:28:57.477144,0 days 00:03:09.724303,0.08587620866707585,23.170431497793686,12.21672853257471,57.62161886380282,0.0036480215798860415,0.0002119529307262873,189.72421117685735,1,COMPLETE
236,21.944565209992096,1.3500448923963906,2026-10-06 00:25:47.808902,2026-10-06 00:28:58.657528,0 days 00:03:10.848626,0.5206349751021522,22.058471956432985,32.233952817229785,2.765920773009866,0.05928153267461189,0.00026285855894701214,190.84852981194854,1,COMPLETE
237,20.069731228503873,1.2192763220314078,2026-10-06 00:25:48.143681,2026-10-06 00:28:57.607518,0 days 00:03:09.463837,0.3405936062685717,22.058471956432985,32.233952817229785,7.768783341952489,0.05928153267461189,0.00026285855894701214,189.463736445643,1,COMPLETE
238,27.927057912260217,1.3482853170072793,2026-10-06 00:25:48.286825,2026-10-06 00:29:05.234998,0 days 00:03:16.948173,0.5206349751021522,42.2707199463251,85.7034102631403,2.765920773009866,0.05928153267461189,0.00026285855894701214,196.94810196431354,1,COMPLETE
239,11.559562070126358,3.716071251436831,2026-10-06 00:25:48.298680,2026-10-06 00:29:03.564537,0 days 00:03:15.265857,0.3405936062685717,41.3746967090956,10.058043233221854,3.400572217033949,0.005185214608675789,1.0792627112324709e-06,195.26576642598957,1,COMPLETE
240,9.195417448526992,1.5475066734312248,2026-10-06 00:25:48.342839,2026-10-06 00:29:02.636087,0 days 00:03:14.293248,0.447357659286304,27.439299712901963,17.27325201263315,1.0833672540763994,0.001940176135431853,9.416696432043285,194.29316841531545,1,COMPLETE
241,,,2026-10-06 00:25:48.378672,2026-10-06 00:25:49.231396,0 days 00:00:00.852724,0.36119115061696017,15.177603097437203,83.63462158426863,1.7658496078448727,0.0013678697537156616,,,1,PRUNED
242,13.755421661624803,1.8233980555153593,2026-10-06 00:25:48.469147,2026-10-06 00:29:05.324782,0 days 00:03:16.855635,0.5206349751021522,22.058471956432985,32.233952817229785,8.4598639352725,0.01478582612116327,0.00026285855894701214,196.85554161015898,1,COMPLETE
243,1.7302873129525218,1.2591985703474273,2026-10-06 00:25:48.629700,2026-10-06 00:29:00.305128,0 days 00:03:11.675428,0.013890562495002357,46.774203669468385,34.08958612263361,10.55137025643824,0.009596121382849983,0.001754171270788285,191.6753483233042,1,COMPLETE
244,8.97367996113997,2.1276918246568313,2026-10-06 00:25:48.831824,2026-10-06 00:29:03.986021,0 days 00:03:15.154197,0.16177110021459462,1.8619069911135584,1.867395442251624,5.534390982625277,0.011005204287205276,0.017768718965543908,195.15412314003333,1,COMPLETE
245,5.951984863691442,1.2085462062552303,2026-10-06 00:25:49.292863,2026-10-06 00:29:03.831349,0 days 00:03:14.538486,0.03502742554094747,22.058471956432985,32.233952817229785,16.29176146983001,0.05928153267461189,0.14271763050821695,194.53841265197843,1,COMPLETE
246,5.224595536150174,1.489298110839318,2026-10-06 00:25:49.336288,2026-10-06 00:29:03.760344,0 days 00:03:14.424056,0.019616476646240003,41.44909298087506,5.224742778168688,1.9436578789742032,0.001900068254421895,1.062185079566549e-06,194.42398100718856,1,COMPLETE
247,,,2026-10-06 00:25:49.348173,2026-10-06 00:25:49.972245,0 days 00:00:00.624072,0.4571847416983729,18.9307098550292,83.63462158426863,1.7658496078448727,0.0013674293535711243,,,1,PRUNED
248,30.530631942415035,1.4778558133769626,2026-10-06 00:25:49.492888,2026-10-06 00:29:04.423852,0 days 00:03:14.930964,0.14472486883161542,32.133571428288036,83.63462158426863,1.3952232429901594,0.013593181580386379,0.007690928916612578,194.93090217001736,2,COMPLETE
249,16.197346576562023,1.2080976058466728,2026-10-06 00:25:49.496658,2026-10-06 00:29:01.461521,0 days 00:03:11.964863,0.018598739290935765,1.332361517734752,6.847319413860616,1.9806728822218551,0.018324378019643817,0.022772302660463845,191.9647734342143,2,COMPLETE
250,23.63767471927624,1.3942066567559148,2026-10-06 00:25:49.586992,2026-10-06 00:29:04.136672,0 days 00:03:14.549680,0.14472486883161542,45.741044518014796,31.25109846959102,1.3952232429901594,0.013593181580386379,7.502092623438249,194.54961463902146,2,COMPLETE
251,,,2026-10-06 00:25:49.606664,2026-10-06 00:25:49.969952,0 days 00:00:00.363288,0.4571847416983729,18.9307098550292,6.433856196331227,22.43969985918882,0.0010450748508878894,,,2,PRUNED
252,12.64257762534407,3.3927469868841964,2026-10-06 00:25:49.750694,2026-10-06 00:29:00.183149,0 days 00:03:10.432455,0.48967816666395225,5.163106132123858,14.719249146245843,1.8190863578544005,0.01478582612116327,2.328670127015952e-06,190.43236668594182,2,COMPLETE
