number,values_0,values_1,datetime_start,datetime_complete,duration,params_c_val,params_input_force,params_k_between_val,params_k_wall_val,params_m_val,params_ridge_alpha,user_attrs_duration_sec,system_attrs_NSGAIISampler:generation,state
1749,23.546687736430123,1.2137554673664763,2026-10-06 01:36:35.148706,2026-10-06 01:39:46.808529,0 days 00:03:11.659823,0.036075303912001096,3.42961079489487,78.91305021174706,18.49957504695779,0.009569508337727876,1.5829331717558377e-05,191.65972823882475,14,COMPLETE
1750,30.16783012349062,1.7930961370655965,2026-10-06 01:36:35.152540,2026-10-06 01:39:47.284577,0 days 00:03:12.132037,0.14472486883161542,3.42961079489487,83.1840248806631,2.663315215660424,0.009569508337727876,2.328670127015952e-06,192.13193646399304,14,COMPLETE
1751,30.72287638525841,18.689773364947836,2026-10-06 01:36:35.156543,2026-10-06 01:39:50.418347,0 days 00:03:15.261804,0.14472486883161542,1.8054001832365776,78.91305021174706,33.705587852946245,0.009569508337727876,2.328670127015952e-06,195.26173088187352,14,COMPLETE
1752,23.17958764894514,1.2376622842620768,2026-10-06 01:36:35.308663,2026-10-06 01:39:49.200959,0 days 00:03:13.892296,0.029830229183904433,3.42961079489487,78.91305021174706,18.808973665165144,0.009569508337727876,3.604367102888168e-06,193.89220016030595,14,COMPLETE
1753,22.260086481804997,4.2875819788245195,2026-10-06 01:36:35.539271,2026-10-06 01:39:48.896526,0 days 00:03:13.357255,0.14472486883161542,31.939678182547283,78.91305021174706,18.808973665165144,0.009569508337727876,2.328670127015952e-06,193.35706394305453,14,COMPLETE
1754,26.15817331782455,8.68850617009805,2026-10-06 01:36:35.670686,2026-10-06 01:39:50.830508,0 days 00:03:15.159822,0.14472486883161542,3.42961079489487,68.2709621704498,7.625376839211419,0.009569508337727876,2.328670127015952e-06,195.1597278965637,14,COMPLETE
1755,22.534312861533824,14.019709989204738,2026-10-06 01:36:36.104694,2026-10-06 01:39:49.507148,0 days 00:03:13.402454,0.14472486883161542,3.42961079489487,22.39917425990829,18.49957504695779,0.009569508337727876,2.328670127015952e-06,193.4023522408679,14,COMPLETE
1756,29.922790755694926,14.120048871956685,2026-10-06 01:36:36.456950,2026-10-06 01:39:52.762102,0 days 00:03:16.305152,0.14472486883161542,3.42961079489487,78.91305021174706,18.49957504695779,0.009406258884274878,0.0004045387004489123,196.30506333801895,14,COMPLETE
1757,,,2026-10-06 01:36:36.577171,2026-10-06 01:36:37.142640,0 days 00:00:00.565469,0.48967816666395225,41.372608192861875,78.91305021174706,18.49957504695779,0.0020468752454782437,,,14,PRUNED
1758,26.4429127864913,1.3242923308395318,2026-10-06 01:36:36.653804,2026-10-06 01:39:50.009485,0 days 00:03:13.355681,0.14472486883161542,6.28879905307643,81.61520925600657,12.025559114678314,0.009569508337727876,2.328670127015952e-06,193.3556080488488,14,COMPLETE
1759,26.52821845722742,13.462970709137823,2026-10-06 01:36:36.693815,2026-10-06 01:39:51.223411,0 days 00:03:14.529596,0.14472486883161542,3.42961079489487,39.1359812847927,18.49957504695779,0.009569508337727876,0.00024637875250850874,194.5295094139874,14,COMPLETE
1760,8.733448499632653,1.1696816991126022,2026-10-06 01:36:36.740794,2026-10-06 01:39:45.344347,0 days 00:03:08.603553,0.01677491425596709,3.42961079489487,78.91305021174706,74.8471701750583,0.009569508337727876,2.328670127015952e-06,188.60344487195835,14,COMPLETE
1761,13.180405681693944,4.184518944256338,2026-10-06 01:36:37.372300,2026-10-06 01:39:52.014236,0 days 00:03:14.641936,0.23049395818257642,31.21687679022324,32.233952817229785,18.49957504695779,0.009569508337727876,7.84595622700498e-05,194.64185812324286,14,COMPLETE
1762,,,2026-10-06 01:36:37.375650,2026-10-06 01:36:38.025355,0 days 00:00:00.649705,0.48967816666395225,29.633701534114362,78.91305021174706,12.025559114678314,0.005795660814490578,,,14,PRUNED
1763,28.482000333212927,1.7339427866479857,2026-10-06 01:36:37.383648,2026-10-06 01:39:53.541181,0 days 00:03:16.157533,0.14472486883161542,3.42961079489487,78.91305021174706,12.025559114678314,0.05516075211672438,0.00012352726484015348,196.15745053812861,14,COMPLETE
1764,20.15224815642275,4.256138960095082,2026-10-06 01:36:38.100680,2026-10-06 01:39:51.558083,0 days 00:03:13.457403,0.14472486883161542,3.42961079489487,15.475417458409284,74.8471701750583,0.017901211374304168,2.328670127015952e-06,193.45731489686295,14,COMPLETE
1765,20.60208322929928,33.872610379082246,2026-10-06 01:36:38.121665,2026-10-06 01:39:51.917287,0 days 00:03:13.795622,0.6040198049165227,6.28879905307643,78.91305021174706,40.619102714190326,0.009569508337727876,2.328670127015952e-06,193.79552774410695,14,COMPLETE
1766,25.781384222026894,1.2218328316786473,2026-10-06 01:36:38.140828,2026-10-06 01:39:53.553898,0 days 00:03:15.413070,0.14472486883161542,3.42961079489487,78.91305021174706,1.3798280184278788,0.0219077906580869,0.22554550004839782,195.41300171194598,14,COMPLETE
1767,12.455144916797718,1.3799915484840088,2026-10-06 01:36:38.144640,2026-10-06 01:39:50.237292,0 days 00:03:12.092652,0.14472486883161542,14.598289965132476,3.393326213339037,1.533601702764163,0.009569508337727876,3.604367102888168e-06,192.09256247524172,14,COMPLETE
1768,,,2026-10-06 01:36:38.148639,2026-10-06 01:36:39.766672,0 days 00:00:01.618033,0.14472486883161542,3.42961079489487,78.91305021174706,18.49957504695779,0.002154672740000546,,,14,PRUNED
1769,25.733744846346063,14.813751428173244,2026-10-06 01:36:38.163376,2026-10-06 01:39:49.937184,0 days 00:03:11.773808,0.5310459359755798,6.28879905307643,78.91305021174706,12.025559114678314,0.02200672453383624,2.328670127015952e-06,191.77373382169753,14,COMPLETE
1770,30.24677223918379,16.95454237805794,2026-10-06 01:36:38.186155,2026-10-06 01:39:55.448522,0 days 00:03:17.262367,0.14472486883161542,3.42961079489487,78.91305021174706,18.49957504695779,0.009569508337727876,2.328670127015952e-06,197.26227127108723,14,COMPLETE
1771,31.210384382689046,17.60718244445571,2026-10-06 01:36:38.193642,2026-10-06 01:39:52.072519,0 days 00:03:13.878877,0.14472486883161542,1.8054001832365776,78.91305021174706,18.49957504695779,0.009569508337727876,2.328670127015952e-06,193.8786936942488,14,COMPLETE
1772,30.173435260088404,16.970842357455602,2026-10-06 01:36:38.372682,2026-10-06 01:39:51.063528,0 days 00:03:12.690846,0.14472486883161542,3.42961079489487,81.61520925600657,18.808973665165144,0.009676977604362794,3.428823774021121e-06,192.6906468430534,14,COMPLETE
1773,,,2026-10-06 01:36:38.391654,2026-10-06 01:36:39.544718,0 days 00:00:01.153064,0.14472486883161542,1.8054001832365776,78.91305021174706,18.49957504695779,0.0022062955423643458,,,14,PRUNED
1774,24.464035686385422,26.18847698701406,2026-10-06 01:36:38.399810,2026-10-06 01:39:53.325483,0 days 00:03:14.925673,0.48967816666395225,3.42961079489487,78.91305021174706,18.49957504695779,0.009569508337727876,1.4671267453130232e-06,194.92560313409194,14,COMPLETE
1775,29.86805956061189,18.313281534662583,2026-10-06 01:36:38.449669,2026-10-06 01:39:55.299960,0 days 00:03:16.850291,0.14472486883161542,3.42961079489487,78.91305021174706,33.705587852946245,0.009569508337727876,9.391865709026338e-06,196.85020678909495,14,COMPLETE
1776,23.36279439640868,27.13477464089015,2026-10-06 01:36:38.545696,2026-10-06 01:39:52.206610,0 days 00:03:13.660914,0.48480307501533615,3.8766466072010615,78.91305021174706,33.705587852946245,0.009569508337727876,9.391865709026338e-06,193.66083974624053,14,COMPLETE
1777,31.180007399513414,1.547595883976399,2026-10-06 01:36:38.666682,2026-10-06 01:39:49.369225,0 days 00:03:10.702543,0.12014132825757128,41.372608192861875,78.95303370113454,1.3798280184278788,0.009569508337727876,0.15449851220697067,190.70244275592268,14,COMPLETE
1778,30.6603152593235,1.453303648124349,2026-10-06 01:36:38.723663,2026-10-06 01:39:52.980518,0 days 00:03:14.256855,0.14472486883161542,3.42961079489487,89.61123200940895,2.8140814587963727,0.024790630872431413,2.328670127015952e-06,194.25676993606612,14,COMPLETE
1779,25.679230698738763,15.615260909312934,2026-10-06 01:36:38.859868,2026-10-06 01:39:50.362960,0 days 00:03:11.503092,0.14472486883161542,3.42961079489487,32.233952817229785,18.808973665165144,0.009569508337727876,2.328670127015952e-06,191.50301756616682,14,COMPLETE
1780,31.80682363633677,15.064690803295361,2026-10-06 01:36:38.863643,2026-10-06 01:39:53.062553,0 days 00:03:14.198910,0.14472486883161542,1.8054001832365776,78.91305021174706,7.316273752215181,0.009569508337727876,2.328670127015952e-06,194.19883118383586,14,COMPLETE
1781,32.237559048166695,12.647974919608394,2026-10-06 01:36:38.867649,2026-10-06 01:39:51.918349,0 days 00:03:13.050700,0.14472486883161542,1.8054001832365776,78.91305021174706,3.8483641924743814,0.009569508337727876,2.761456785990436e-06,193.05062585230917,14,COMPLETE
1782,31.614148712596783,8.53916325879115,2026-10-06 01:36:38.871636,2026-10-06 01:39:49.916517,0 days 00:03:11.044881,0.14472486883161542,1.8054001832365776,78.91305021174706,1.3798280184278788,0.009569508337727876,2.328670127015952e-06,191.0447232038714,14,COMPLETE
1783,24.740133297937447,4.220314576567465,2026-10-06 01:36:39.079298,2026-10-06 01:39:49.273997,0 days 00:03:10.194699,0.049292057096418845,1.8054001832365776,11.020921610674245,18.49957504695779,0.009569508337727876,0.00024637875250850874,190.19461283506826,14,COMPLETE
1784,21.767210345216416,1.2314213128534128,2026-10-06 01:36:39.456702,2026-10-06 01:39:52.581376,0 days 00:03:13.124674,0.02977973642878575,6.28879905307643,78.91305021174706,18.49957504695779,0.009569508337727876,2.328670127015952e-06,193.1245853449218,14,COMPLETE
1785,22.896485167440343,1.2508210169083567,2026-10-06 01:36:39.668690,2026-10-06 01:39:51.421080,0 days 00:03:11.752390,0.0286558629252582,3.42961079489487,78.91305021174706,18.49957504695779,0.009569508337727876,2.328670127015952e-06,191.75229871226475,14,COMPLETE
1786,28.747717796438064,16.439931192408697,2026-10-06 01:36:39.763011,2026-10-06 01:39:50.383693,0 days 00:03:10.620682,0.14472486883161542,3.42961079489487,55.64953757068711,18.808973665165144,0.009569508337727876,3.604367102888168e-06,190.62060826364905,14,COMPLETE
1787,11.865338310270662,2.590924543118171,2026-10-06 01:36:39.807846,2026-10-06 01:39:47.385164,0 days 00:03:07.577318,0.14472486883161542,1.8054001832365776,8.07559769151973,2.379793813378132,0.00524861656597558,1.7479791274677847,187.5772334258072,14,COMPLETE
1788,30.264198192760443,16.90872778007453,2026-10-06 01:36:39.811642,2026-10-06 01:39:53.507761,0 days 00:03:13.696119,0.14472486883161542,3.42961079489487,78.91305021174706,18.49957504695779,0.009596121382849983,2.328670127015952e-06,193.6960385069251,14,COMPLETE
1789,16.10706459525111,8.299655304472461,2026-10-06 01:36:39.815642,2026-10-06 01:39:48.554274,0 days 00:03:08.738632,0.6040198049165227,41.372608192861875,78.91305021174706,18.49957504695779,0.009569508337727876,2.328670127015952e-06,188.73854998964816,14,COMPLETE
1790,0.41435680408186837,1.2140562970254687,2026-10-06 01:36:39.819632,2026-10-06 01:39:53.342293,0 days 00:03:13.522661,0.42937345114127523,1.8054001832365776,97.92721906345149,3.5505519444310156,0.009569508337727876,2.328670127015952e-06,193.5225922819227,14,COMPLETE
1791,26.09863551965268,13.684961535180358,2026-10-06 01:36:39.823630,2026-10-06 01:39:51.759314,0 days 00:03:11.935684,0.11155940871407549,6.28879905307643,78.91305021174706,72.11032835897271,0.009569508337727876,0.00024637875250850874,191.93558987695724,14,COMPLETE
1792,,,2026-10-06 01:36:40.099681,2026-10-06 01:36:40.943429,0 days 00:00:00.843748,0.013409561697990792,41.83367281714028,78.91305021174706,72.11032835897271,0.009406258884274878,,,15,PRUNED
1793,31.210384382689046,17.60718244445571,2026-10-06 01:36:40.876000,2026-10-06 01:39:53.281756,0 days 00:03:12.405756,0.14472486883161542,1.8054001832365776,78.91305021174706,18.49957504695779,0.009569508337727876,2.328670127015952e-06,192.40566952014342,15,COMPLETE
1794,30.24677223918379,16.95454237805794,2026-10-06 01:36:41.088681,2026-10-06 01:39:50.530938,0 days 00:03:09.442257,0.14472486883161542,3.42961079489487,78.91305021174706,18.49957504695779,0.009569508337727876,2.328670127015952e-06,189.4421751559712,15,COMPLETE
1795,2.238543100987914,1.2166824246025412,2026-10-06 01:36:41.108657,2026-10-06 01:39:54.934120,0 days 00:03:13.825463,0.017288464727088348,6.28879905307643,1.7413819594269642,18.49957504695779,0.009569508337727876,2.328670127015952e-06,193.8253703364171,15,COMPLETE
1796,28.25994622660489,25.07992649618613,2026-10-06 01:36:41.120647,2026-10-06 01:39:53.579287,0 days 00:03:12.458640,0.3401090828369047,3.42961079489487,78.91305021174706,18.49957504695779,0.009569508337727876,2.328670127015952e-06,192.45856809057295,15,COMPLETE
1797,27.72959639800515,7.252897835891668,2026-10-06 01:36:41.164654,2026-10-06 01:39:53.476203,0 days 00:03:12.311549,0.14472486883161542,3.42961079489487,78.91305021174706,7.116169480611746,0.009406258884274878,2.328670127015952e-06,192.3114731661044,15,COMPLETE
1798,21.269160475005844,29.69906153080861,2026-10-06 01:36:41.172644,2026-10-06 01:39:50.341829,0 days 00:03:09.169185,0.5804379238023668,7.7988590190752145,78.91305021174706,18.49957504695779,0.009569508337727876,2.328670127015952e-06,189.16911100503057,15,COMPLETE
1799,30.25631807342977,16.361231425770708,2026-10-06 01:36:41.217660,2026-10-06 01:39:53.097845,0 days 00:03:11.880185,0.14472486883161542,3.42961079489487,78.91305021174706,16.01801703339855,0.009569508337727876,2.328670127015952e-06,191.88010958395898,15,COMPLETE
1800,20.950813952089508,1.2225759393497697,2026-10-06 01:36:41.283645,2026-10-06 01:39:52.982653,0 days 00:03:11.699008,0.14472486883161542,2.5826334477054016,12.586173680130187,1.2160480535928153,0.03967761725388498,2.328670127015952e-06,191.698936058674,15,COMPLETE
1801,15.532601198397796,5.2712273422537566,2026-10-06 01:36:41.287652,2026-10-06 01:39:51.442197,0 days 00:03:10.154545,0.6275836511734763,1.8054001832365776,32.62923504152282,1.3798280184278788,0.009569508337727876,2.328670127015952e-06,190.15446487208828,15,COMPLETE
1802,28.596484074495937,10.877769693570254,2026-10-06 01:36:41.885697,2026-10-06 01:39:52.477889,0 days 00:03:10.592192,0.14472486883161542,3.42961079489487,78.91305021174706,18.49957504695779,0.009569508337727876,0.01226532682164377,190.59208025829867,15,COMPLETE
1803,27.15756887866032,9.320429469842258,2026-10-06 01:36:42.368701,2026-10-06 01:39:50.553945,0 days 00:03:08.185244,0.14101891780416687,3.42961079489487,78.91305021174706,8.000648641379005,0.009406258884274878,2.328670127015952e-06,188.18516717106104,15,COMPLETE
1804,19.848851113476453,9.948998393316918,2026-10-06 01:36:42.719975,2026-10-06 01:39:50.303310,0 days 00:03:07.583335,0.14472486883161542,1.8054001832365776,9.211734423312349,12.303481343464334,0.009569508337727876,2.328670127015952e-06,187.583253481891,15,COMPLETE
1805,21.446955167580803,1.1640469091740588,2026-10-06 01:36:42.727664,2026-10-06 01:39:53.417831,0 days 00:03:10.690167,0.18856382800273366,14.508984095831615,78.91305021174706,18.49957504695779,0.09711737657425926,2.328670127015952e-06,190.69008729886264,15,COMPLETE
1806,4.4970047365126735,1.6190516941858486,2026-10-06 01:36:43.532843,2026-10-06 01:39:54.081672,0 days 00:03:10.548829,0.14472486883161542,31.808809312367725,18.28872320420189,74.8471701750583,0.009569508337727876,2.328670127015952e-06,190.54874045588076,15,COMPLETE
1807,,,2026-10-06 01:38:30.725157,2026-10-06 01:38:31.189701,0 days 00:00:00.464544,0.14472486883161542,3.42961079489487,78.91305021174706,18.49957504695779,0.0012152444850970312,,,15,PRUNED
1808,30.707503327890443,1.5063563097073398,2026-10-06 01:38:31.229833,2026-10-06 01:41:40.120519,0 days 00:03:08.890686,0.14472486883161542,3.42961079489487,78.91305021174706,1.3741289904580063,0.009569508337727876,9.391865709026338e-06,188.89051482686773,15,COMPLETE
1809,30.24622031076324,16.9615629153741,2026-10-06 01:39:44.458698,2026-10-06 01:42:56.196493,0 days 00:03:11.737795,0.14472486883161542,3.42961079489487,78.91305021174706,18.49957504695779,0.009569508337727876,1.4671267453130232e-06,191.737687303219,15,COMPLETE
1810,16.279073920107784,1.347678275057583,2026-10-06 01:39:45.623879,2026-10-06 01:43:01.273120,0 days 00:03:15.649241,0.14472486883161542,1.8054001832365776,78.91305021174706,12.025559114678314,0.009569508337727876,12.957377839023309,195.64913853863254,15,COMPLETE
1811,22.30573014292448,1.256625372326072,2026-10-06 01:39:45.784693,2026-10-06 01:42:59.503818,0 days 00:03:13.719125,0.14472486883161542,41.266130285332764,78.91305021174706,18.49957504695779,0.04866989715891091,2.328670127015952e-06,193.71902670059353,15,COMPLETE
1812,30.24677223918379,16.95454237805794,2026-10-06 01:39:46.555725,2026-10-06 01:42:59.013669,0 days 00:03:12.457944,0.14472486883161542,3.42961079489487,78.91305021174706,18.49957504695779,0.009569508337727876,2.328670127015952e-06,192.45783738512546,15,COMPLETE
1813,31.80745145264631,10.635669175727354,2026-10-06 01:39:46.828795,2026-10-06 01:42:59.311625,0 days 00:03:12.482830,0.14472486883161542,1.8054001832365776,78.91305021174706,1.8190863578544005,0.009569508337727876,2.328670127015952e-06,192.48273217631504,15,COMPLETE
1814,30.241064406700833,17.004598413872177,2026-10-06 01:39:47.440688,2026-10-06 01:43:01.546500,0 days 00:03:14.105812,0.14472486883161542,3.42961079489487,78.91305021174706,18.808973665165144,0.009569508337727876,2.328670127015952e-06,194.1057246569544,15,COMPLETE
1815,31.559469989373135,14.592619012912436,2026-10-06 01:39:47.452662,2026-10-06 01:42:58.781243,0 days 00:03:11.328581,0.12014132825757128,1.8054001832365776,78.91305021174706,12.025559114678314,0.009569508337727876,2.328670127015952e-06,191.32847145805135,15,COMPLETE
1816,20.824005215978026,14.413082315312133,2026-10-06 01:39:47.674677,2026-10-06 01:43:04.768512,0 days 00:03:17.093835,0.42937345114127523,1.8054001832365776,78.91305021174706,18.49957504695779,0.009569508337727876,0.00015962486163615476,197.0937392236665,15,COMPLETE
1817,29.68051062557509,17.004098662182486,2026-10-06 01:39:47.898673,2026-10-06 01:42:59.825011,0 days 00:03:11.926338,0.14472486883161542,1.8054001832365776,54.52721013617047,18.49957504695779,0.009569508337727876,2.328670127015952e-06,191.9262430560775,15,COMPLETE
1818,29.898241494739683,14.004842441817424,2026-10-06 01:39:48.236687,2026-10-06 01:43:00.004040,0 days 00:03:11.767353,0.14472486883161542,3.42961079489487,78.91305021174706,12.025559114678314,0.009569508337727876,9.391865709026338e-06,191.7672523050569,15,COMPLETE
1819,30.24677223918379,16.95454237805794,2026-10-06 01:39:48.428687,2026-10-06 01:43:00.113259,0 days 00:03:11.684572,0.14472486883161542,3.42961079489487,78.91305021174706,18.49957504695779,0.009569508337727876,2.328670127015952e-06,191.68446708004922,15,COMPLETE
1820,,,2026-10-06 01:39:48.562675,2026-10-06 01:39:49.528707,0 days 00:00:00.966032,0.14472486883161542,1.8054001832365776,78.91305021174706,1.8190863578544005,0.001881549056885312,,,15,PRUNED
1821,30.35869113239089,17.209624950296813,2026-10-06 01:39:49.151701,2026-10-06 01:42:59.258536,0 days 00:03:10.106835,0.14472486883161542,3.22118970963561,78.91305021174706,18.49957504695779,0.009569508337727876,2.787065974905425e-06,190.10672702500597,15,COMPLETE
1822,23.723265255104327,1.1976341053197779,2026-10-06 01:39:49.274428,2026-10-06 01:43:05.028069,0 days 00:03:15.753641,0.013980122133757817,1.8054001832365776,78.91305021174706,18.49957504695779,0.009569508337727876,2.328670127015952e-06,195.75356138311327,15,COMPLETE
1823,16.69585310081674,5.154051359986123,2026-10-06 01:39:49.481067,2026-10-06 01:43:04.883736,0 days 00:03:15.402669,0.9722407138789736,3.42961079489487,78.91305021174706,18.49957504695779,0.009569508337727876,2.328670127015952e-06,195.40258676186204,15,COMPLETE
1824,23.318844080056742,1.1578630059592525,2026-10-06 01:39:49.483411,2026-10-06 01:43:02.489801,0 days 00:03:13.006390,0.03134626684603831,3.42961079489487,78.91305021174706,18.49957504695779,0.009406258884274878,9.391865709026338e-06,193.00630566803738,15,COMPLETE
1825,22.207192412246048,2.0543200919046356,2026-10-06 01:39:49.637815,2026-10-06 01:42:59.108319,0 days 00:03:09.470504,0.14472486883161542,18.312530248334905,78.91305021174706,18.49957504695779,0.009569508337727876,0.6643579250687544,189.4703961778432,15,COMPLETE
1826,20.23713118144342,8.791449706270837,2026-10-06 01:39:49.641638,2026-10-06 01:43:04.569692,0 days 00:03:14.928054,0.14472486883161542,3.42961079489487,78.91305021174706,18.808973665165144,0.009569508337727876,1.0879292927355138,194.92669858876616,15,COMPLETE
1827,29.98273984366067,18.038103512436695,2026-10-06 01:39:50.029923,2026-10-06 01:43:01.924893,0 days 00:03:11.894970,0.14472486883161542,3.42961079489487,78.91305021174706,28.521004463161855,0.009569508337727876,2.328670127015952e-06,191.8948877779767,15,COMPLETE
1828,29.0203450776206,2.205000873329823,2026-10-06 01:39:50.292695,2026-10-06 01:43:05.125465,0 days 00:03:14.832770,0.14472486883161542,3.42961079489487,78.91305021174706,18.808973665165144,0.05799827957097123,2.328670127015952e-06,194.8326937467791,15,COMPLETE
1829,30.24677223918379,16.95454237805794,2026-10-06 01:39:50.318977,2026-10-06 01:43:08.235165,0 days 00:03:17.916188,0.14472486883161542,3.42961079489487,78.91305021174706,18.49957504695779,0.009569508337727876,2.328670127015952e-06,197.91540584899485,15,COMPLETE
1830,26.160158691215194,1.3340778968710663,2026-10-06 01:39:50.374654,2026-10-06 01:43:03.798189,0 days 00:03:13.423535,0.07978363918274481,8.66318386990644,78.91305021174706,12.025559114678314,0.009569508337727876,2.328670127015952e-06,193.42344943294302,15,COMPLETE
1831,25.799890359243896,12.074348367887534,2026-10-06 01:39:50.463297,2026-10-06 01:43:05.922101,0 days 00:03:15.458804,0.48967816666395225,3.42961079489487,78.91305021174706,2.3877694148705935,0.009569508337727876,1.4671267453130232e-06,195.45871844282374,15,COMPLETE
