number,values_0,values_1,datetime_start,datetime_complete,duration,params_c_val,params_input_force,params_k_between_val,params_k_wall_val,params_m_val,params_ridge_alpha,user_attrs_duration_sec,system_attrs_NSGAIISampler:generation,state
6213,29.403595901837015,23.989316258977485,2026-10-06 05:02:22.251301,2026-10-06 05:05:34.921787,0 days 00:03:12.670486,0.2918907020150273,3.42961079489487,78.91305021174706,15.382666136782571,0.009569508337727876,2.328670127015952e-06,192.67036750959232,51,COMPLETE
6214,13.358540829285701,3.0929079506022243,2026-10-06 05:02:22.401304,2026-10-06 05:05:33.231510,0 days 00:03:10.830206,0.2671747835319118,24.136988729020775,80.97346391189345,46.431764750098004,0.009569508337727876,2.328670127015952e-06,190.83010009489954,51,COMPLETE
6215,27.82045143360407,9.317350162308376,2026-10-06 05:02:22.652691,2026-10-06 05:05:35.561006,0 days 00:03:12.908315,0.19189241237051688,1.8054001832365776,32.237045640607136,1.5725478948249658,0.008698017554316196,1.4671267453130232e-06,192.90820652106777,52,COMPLETE
6216,8.29055019344591,4.233811087352691,2026-10-06 05:02:22.833518,2026-10-06 05:05:36.642277,0 days 00:03:13.808759,0.6844950160201795,44.9082459184901,78.91305021174706,53.19831855856638,0.009569508337727876,1.2446212784745538e-06,193.80865496909246,52,COMPLETE
6217,30.659221497187723,22.80057748061564,2026-10-06 05:02:23.069677,2026-10-06 05:05:32.116589,0 days 00:03:09.046912,0.19189241237051688,1.8054001832365776,78.91305021174706,18.49957504695779,0.008698017554316196,1.4671267453130232e-06,189.04680354101583,52,COMPLETE
6218,31.743886349263988,16.073785728958136,2026-10-06 05:02:23.348832,2026-10-06 05:05:32.267252,0 days 00:03:08.918420,0.17534157142392734,1.0100598856645617,78.91305021174706,18.49957504695779,0.009569508337727876,1.4671267453130232e-06,188.91832563793287,52,COMPLETE
6219,29.923459146152425,2.814493001991063,2026-10-06 05:02:23.352648,2026-10-06 05:05:33.069578,0 days 00:03:09.716930,0.14472486883161542,14.087168305051232,78.91305021174706,2.5931783094816834,0.008698017554316196,1.4671267453130232e-06,189.7168341530487,52,COMPLETE
6220,10.435755815262672,1.418289146149311,2026-10-06 05:02:23.452658,2026-10-06 05:05:38.546681,0 days 00:03:15.094023,0.2680662921881964,1.8054001832365776,78.91305021174706,59.2911885436782,0.008698017554316196,0.009579566370034645,195.09389458876103,52,COMPLETE
6221,15.120733589721812,6.411674576599081,2026-10-06 05:02:23.598691,2026-10-06 05:05:34.721884,0 days 00:03:11.123193,0.419007027175139,3.42961079489487,78.91305021174706,53.19831855856638,0.009569508337727876,2.380943977925127,191.1230773148127,52,COMPLETE
6222,26.68904085759545,29.780780674540424,2026-10-06 05:02:23.736853,2026-10-06 05:05:37.519213,0 days 00:03:13.782360,0.3401090828369047,3.42961079489487,80.97346391189345,46.431764750098004,0.009569508337727876,1.4671267453130232e-06,193.7822527452372,52,COMPLETE
6223,14.286829427514215,1.2425849782288854,2026-10-06 05:02:23.744635,2026-10-06 05:05:32.576850,0 days 00:03:08.832215,0.27945449741493195,1.0100598856645617,78.91305021174706,18.49957504695779,0.009569508337727876,9.307175355356652,188.83211357379332,52,COMPLETE
6224,29.299284835222988,19.8447948618148,2026-10-06 05:02:24.152842,2026-10-06 05:05:36.459506,0 days 00:03:12.306664,0.3401090828369047,3.42961079489487,80.97346391189345,7.704673657496365,0.009569508337727876,2.328670127015952e-06,192.30656708031893,52,COMPLETE
6225,30.099880356284313,7.559917035780564,2026-10-06 05:02:24.603852,2026-10-06 05:05:36.769984,0 days 00:03:12.166132,0.09463773086870245,1.0100598856645617,23.098754911928935,2.5931783094816834,0.009569508337727876,1.4671267453130232e-06,192.16600553272292,52,COMPLETE
6226,28.868642290775266,19.873656069577507,2026-10-06 05:02:24.607636,2026-10-06 05:05:38.014628,0 days 00:03:13.406992,0.357107655882868,1.8054001832365776,78.91305021174706,18.49957504695779,0.009569508337727876,1.4671267453130232e-06,193.4068692130968,52,COMPLETE
6227,30.788406188460264,14.547136622185477,2026-10-06 05:02:24.611629,2026-10-06 05:05:32.991196,0 days 00:03:08.379567,0.19189241237051688,1.8054001832365776,78.91305021174706,12.025559114678314,0.008698017554316196,0.00010811691624167115,188.37947126105428,52,COMPLETE
6228,8.484724720731297,1.7145359528663606,2026-10-06 05:02:25.137851,2026-10-06 05:05:38.188524,0 days 00:03:13.050673,0.09463773086870245,3.42961079489487,10.03575529793174,12.025559114678314,0.009569508337727876,2.328670127015952e-06,193.05054387822747,52,COMPLETE
6229,,,2026-10-06 05:02:25.141642,2026-10-06 05:02:25.638729,0 days 00:00:00.497087,0.07620287578859972,1.0100598856645617,78.91305021174706,1.8003592071625032,0.002373132743993256,,,52,PRUNED
6230,10.392666108387363,3.8532939695514985,2026-10-06 05:02:25.145625,2026-10-06 05:05:37.337439,0 days 00:03:12.191814,0.6226620343082304,44.49987205792627,30.877534162969248,18.49957504695779,0.009569508337727876,1.4671267453130232e-06,192.19168211193755,52,COMPLETE
6231,26.063914971599512,30.2155219007695,2026-10-06 05:02:25.390687,2026-10-06 05:05:34.768517,0 days 00:03:09.377830,0.35349415915446786,3.42961079489487,78.91305021174706,53.19831855856638,0.009569508337727876,1.4671267453130232e-06,189.37771587492898,52,COMPLETE
6232,24.610034912641343,8.911303496399253,2026-10-06 05:02:25.912868,2026-10-06 05:05:36.402842,0 days 00:03:10.489974,0.19189241237051688,40.94990106964694,78.91305021174706,8.858210845255327,0.008698017554316196,2.328670127015952e-06,190.48985409503803,52,COMPLETE
6233,26.68717190037932,29.592385372827405,2026-10-06 05:02:25.916643,2026-10-06 05:05:36.379005,0 days 00:03:10.462362,0.3401090828369047,3.42961079489487,80.97346391189345,46.431764750098004,0.009569508337727876,2.328670127015952e-06,190.46224207710475,52,COMPLETE
6234,26.86219480844097,28.827939185552975,2026-10-06 05:02:26.868701,2026-10-06 05:05:38.431760,0 days 00:03:11.563059,0.35349415915446786,2.5826334477054016,78.91305021174706,53.19831855856638,0.009569508337727876,1.4671267453130232e-06,191.56292763585225,52,COMPLETE
6235,30.49672692369354,1.41409160553343,2026-10-06 05:02:26.908654,2026-10-06 05:05:34.994291,0 days 00:03:08.085637,0.14472486883161542,3.42961079489487,80.97346391189345,1.9939917273393235,0.009569508337727876,2.3568687263683137e-06,188.0855372529477,52,COMPLETE
6236,31.797278028885337,17.23442484121371,2026-10-06 05:02:27.637691,2026-10-06 05:05:36.535079,0 days 00:03:08.897388,0.17534157142392734,1.0100598856645617,78.91305021174706,12.025559114678314,0.008698017554316196,1.4671267453130232e-06,188.89728942979127,52,COMPLETE
6237,26.68717190037932,29.592385372827405,2026-10-06 05:02:49.577702,2026-10-06 05:06:02.466517,0 days 00:03:12.888815,0.3401090828369047,3.42961079489487,80.97346391189345,46.431764750098004,0.009569508337727876,2.328670127015952e-06,192.88866340136155,52,COMPLETE
6238,21.908435103317274,1.326082323851897,2026-10-06 05:02:57.853201,2026-10-06 05:06:06.999796,0 days 00:03:09.146595,0.035318744868052886,3.42961079489487,80.97346391189345,21.60023840554683,0.008698017554316196,7.96459005721538e-06,189.1464537968859,52,COMPLETE
6239,24.17707168989561,3.857613187646642,2026-10-06 05:02:58.800680,2026-10-06 05:06:15.534086,0 days 00:03:16.733406,0.17534157142392734,16.528621535563303,78.91305021174706,12.025559114678314,0.008698017554316196,1.4671267453130232e-06,196.73327625310048,52,COMPLETE
6240,30.35446104673587,19.393085041383266,2026-10-06 05:03:34.857828,2026-10-06 05:06:45.623855,0 days 00:03:10.766027,0.2513721260822018,3.42961079489487,78.91305021174706,5.646982355918111,0.009569508337727876,1.0746247031029727e-06,190.7658818908967,52,COMPLETE
6241,17.27324167241387,29.679139055326775,2026-10-06 05:03:37.233696,2026-10-06 05:06:50.780804,0 days 00:03:13.547108,0.06441798531902292,1.0100598856645617,6.2862037664124975,8.858210845255327,0.0012632585692214672,2.328670127015952e-06,193.54697796190158,52,COMPLETE
6242,3.183424185766909,1.307908081049017,2026-10-06 05:04:15.401683,2026-10-06 05:07:27.872080,0 days 00:03:12.470397,0.9363558627993627,1.0100598856645617,1.462386128148902,16.966954115393197,0.009569508337727876,0.04744575732399694,192.4702707482502,52,COMPLETE
6243,21.47558416221451,5.224467436924568,2026-10-06 05:05:28.656850,2026-10-06 05:08:43.827991,0 days 00:03:15.171141,0.14472486883161542,49.73991485844291,80.97346391189345,18.49957504695779,0.009569508337727876,1.4671267453130232e-06,195.171039192006,52,COMPLETE
6244,,,2026-10-06 05:05:28.852706,2026-10-06 05:05:29.622723,0 days 00:00:00.770017,0.41041316825944496,3.42961079489487,80.97346391189345,45.605935248059524,0.008698017554316196,,,52,PRUNED
6245,11.809392627794134,1.2858716963364076,2026-10-06 05:05:29.046710,2026-10-06 05:08:45.386643,0 days 00:03:16.339933,0.48967816666395225,1.8054001832365776,78.91305021174706,18.49957504695779,0.009569508337727876,14.309515640257167,196.3395908009261,52,COMPLETE
6246,7.613023565991442,1.4465888740225183,2026-10-06 05:05:29.463709,2026-10-06 05:08:46.566708,0 days 00:03:17.102999,0.7771200761856452,27.12832119202282,78.91305021174706,53.19831855856638,0.009569508337727876,1.4671267453130232e-06,197.10287124617025,52,COMPLETE
6247,0.08145525259178563,1.1839919720408814,2026-10-06 05:05:29.579685,2026-10-06 05:08:39.919366,0 days 00:03:10.339681,0.35349415915446786,1.0100598856645617,80.97346391189345,12.025559114678314,0.008698017554316196,1.4671267453130232e-06,190.33955111913383,52,COMPLETE
6248,26.62802414928648,29.249936469016518,2026-10-06 05:05:29.873690,2026-10-06 05:08:43.505065,0 days 00:03:13.631375,0.3401090828369047,3.42961079489487,78.91305021174706,46.431764750098004,0.009569508337727876,2.328670127015952e-06,193.63124182913452,52,COMPLETE
6249,21.335402487700158,3.332320072356009,2026-10-06 05:05:30.641860,2026-10-06 05:08:45.646923,0 days 00:03:15.005063,0.1269892283627391,45.83749490375554,42.48300536560199,8.858210845255327,0.008698017554316196,1.4671267453130232e-06,195.00496750790626,52,COMPLETE
6250,25.982076261152873,3.7392803107790864,2026-10-06 05:05:30.645641,2026-10-06 05:08:43.530668,0 days 00:03:12.885027,0.1269892283627391,30.513617477031485,69.16329565667773,8.858210845255327,0.008698017554316196,1.4671267453130232e-06,192.88491057232022,52,COMPLETE
6251,29.317120549378398,25.42483361588202,2026-10-06 05:05:30.649640,2026-10-06 05:08:42.453413,0 days 00:03:11.803773,0.2918907020150273,3.42961079489487,80.97346391189345,18.49957504695779,0.009569508337727876,1.4671267453130232e-06,191.80365307303146,52,COMPLETE
6252,31.54536005004864,14.757105015394,2026-10-06 05:05:30.674647,2026-10-06 05:08:46.449179,0 days 00:03:15.774532,0.19189241237051688,1.8054001832365776,78.91305021174706,2.596115608939198,0.008698017554316196,1.4671267453130232e-06,195.77439855970442,52,COMPLETE
6253,26.168901006387706,17.90378794745155,2026-10-06 05:05:30.678627,2026-10-06 05:08:42.845698,0 days 00:03:12.167071,0.35349415915446786,1.0100598856645617,67.53098900079267,53.19831855856638,0.009569508337727876,1.4671267453130232e-06,192.166949915234,52,COMPLETE
6254,,,2026-10-06 05:05:30.682629,2026-10-06 05:05:31.086894,0 days 00:00:00.404265,0.18472274745078338,1.8054001832365776,80.97346391189345,15.382666136782571,0.0015918041209470454,,,52,PRUNED
6255,27.533490887661117,17.97221195450004,2026-10-06 05:05:31.407203,2026-10-06 05:08:44.331889,0 days 00:03:12.924686,0.35349415915446786,2.5826334477054016,69.16329565667773,8.858210845255327,0.009569508337727876,1.4671267453130232e-06,192.92454456398264,52,COMPLETE
6256,30.242210736789605,16.153766354567885,2026-10-06 05:05:31.547667,2026-10-06 05:08:44.733920,0 days 00:03:13.186253,0.14472486883161542,3.42961079489487,78.91305021174706,15.382666136782571,0.009569508337727876,1.4671267453130232e-06,193.1861562160775,52,COMPLETE
6257,26.68717190037932,29.592385372827405,2026-10-06 05:05:31.637931,2026-10-06 05:08:43.846653,0 days 00:03:12.208722,0.3401090828369047,3.42961079489487,80.97346391189345,46.431764750098004,0.009569508337727876,2.328670127015952e-06,192.2086288970895,52,COMPLETE
6258,1.5157475711743058,1.2006143737144375,2026-10-06 05:05:31.677646,2026-10-06 05:08:46.028777,0 days 00:03:14.351131,0.04431987981974227,40.763463248062166,78.91305021174706,15.382666136782571,0.009569508337727876,1.4671267453130232e-06,194.35104004712775,52,COMPLETE
6259,31.187564704759602,20.059948025582262,2026-10-06 05:05:31.697651,2026-10-06 05:08:46.279544,0 days 00:03:14.581893,0.17534157142392734,1.8054001832365776,78.91305021174706,8.858210845255327,0.008698017554316196,1.4671267453130232e-06,194.58176703285426,52,COMPLETE
6260,30.93566168680822,21.685335779995146,2026-10-06 05:05:32.228681,2026-10-06 05:08:43.380584,0 days 00:03:11.151903,0.19189241237051688,1.8054001832365776,78.91305021174706,12.025559114678314,0.008698017554316196,1.4671267453130232e-06,191.15177566790953,52,COMPLETE
6261,30.93570415054372,21.634575860816348,2026-10-06 05:05:32.241097,2026-10-06 05:08:43.632262,0 days 00:03:11.391165,0.19189241237051688,1.8054001832365776,78.91305021174706,12.025559114678314,0.008698017554316196,1.54960617812222e-06,191.39105954021215,52,COMPLETE
6262,31.513386800382193,18.457858106230912,2026-10-06 05:05:32.918548,2026-10-06 05:08:44.538007,0 days 00:03:11.619459,0.14472486883161542,1.0100598856645617,78.91305021174706,21.63910276826749,0.008698017554316196,1.4671267453130232e-06,191.6193477702327,52,COMPLETE
6263,15.368710643969226,1.2906837181794089,2026-10-06 05:05:32.922544,2026-10-06 05:08:43.971158,0 days 00:03:11.048614,0.12186470831252749,1.8054001832365776,78.91305021174706,18.49957504695779,0.009569508337727876,74.77051267908871,191.04852657206357,52,COMPLETE
6264,23.098519361459992,2.106184231815789,2026-10-06 05:05:32.926534,2026-10-06 05:08:46.785512,0 days 00:03:13.858978,0.04729755050879142,1.8054001832365776,78.91305021174706,7.14008749932051,0.008698017554316196,0.026964857525166232,193.85887415800244,52,COMPLETE
6265,25.37345763954535,20.939772126081344,2026-10-06 05:05:33.023627,2026-10-06 05:08:43.929379,0 days 00:03:10.905752,0.48967816666395225,6.28879905307643,78.91305021174706,22.30357618562505,0.01955799770907091,1.2446212784745538e-06,190.9056656737812,52,COMPLETE
6266,,,2026-10-06 05:05:33.027543,2026-10-06 05:05:34.466766,0 days 00:00:01.439223,0.19189241237051688,32.45659236615108,78.91305021174706,90.6201410991477,0.001174521863853174,,,52,PRUNED
6267,18.39746037552996,7.878547434677596,2026-10-06 05:05:33.031693,2026-10-06 05:08:47.306291,0 days 00:03:14.274598,0.2680662921881964,32.417525484650895,78.91305021174706,18.49957504695779,0.008698017554316196,2.328670127015952e-06,194.2744838828221,52,COMPLETE
6268,32.30714278838974,10.312069733402685,2026-10-06 05:05:33.035636,2026-10-06 05:08:45.894359,0 days 00:03:12.858723,0.14472486883161542,1.0100598856645617,78.91305021174706,2.4879210002111307,0.008698017554316196,1.0209708608027566e-05,192.85859301220626,52,COMPLETE
6269,0.08799748569614685,1.1911948815934683,2026-10-06 05:05:33.039631,2026-10-06 05:08:44.825464,0 days 00:03:11.785833,0.7838738603326152,1.0100598856645617,78.91305021174706,12.025559114678314,0.007678097152322908,1.4671267453130232e-06,191.78572165314108,52,COMPLETE
6270,,,2026-10-06 05:05:33.321691,2026-10-06 05:05:34.309711,0 days 00:00:00.988020,0.3401090828369047,1.0100598856645617,78.91305021174706,3.1628289457556797,0.0011547664201739304,,,52,PRUNED
6271,18.12221549869762,1.2617559239173688,2026-10-06 05:05:33.656693,2026-10-06 05:08:46.259499,0 days 00:03:12.602806,0.06441798531902292,6.28879905307643,78.91305021174706,53.19831855856638,0.009569508337727876,2.328670127015952e-06,192.60266115888953,52,COMPLETE
6272,,,2026-10-06 05:05:33.676826,2026-10-06 05:05:34.271733,0 days 00:00:00.594907,0.3401090828369047,3.42961079489487,80.97346391189345,74.52369691238394,0.005482844223393809,,,52,PRUNED
6273,20.034471824922534,1.3932349810678981,2026-10-06 05:05:33.680633,2026-10-06 05:08:45.910279,0 days 00:03:12.229646,0.35349415915446786,1.8054001832365776,78.91305021174706,18.49957504695779,0.008698017554316196,2.328670127015952e-06,192.2295315391384,52,COMPLETE
6274,18.891187074220937,1.8441622867734238,2026-10-06 05:05:33.684630,2026-10-06 05:08:45.437580,0 days 00:03:11.752950,0.17534157142392734,3.42961079489487,78.91305021174706,53.19831855856638,0.008698017554316196,1.4671267453130232e-06,191.75271508004516,52,COMPLETE
6275,4.129702914820316,1.173045755373555,2026-10-06 05:05:34.232411,2026-10-06 05:08:42.392851,0 days 00:03:08.160440,0.19189241237051688,18.51299591097809,3.676661804812487,18.49957504695779,0.008698017554316196,2.328670127015952e-06,188.16030060639605,52,COMPLETE
6276,19.73075513882005,8.439445362268469,2026-10-06 05:05:34.248669,2026-10-06 05:08:48.863722,0 days 00:03:14.615053,0.19189241237051688,42.661814430086245,78.91305021174706,18.49957504695779,0.008698017554316196,0.00010561228084417552,194.6149188913405,52,COMPLETE
6277,30.64479537187002,18.079985940459036,2026-10-06 05:05:34.929880,2026-10-06 05:08:45.572187,0 days 00:03:10.642307,0.19189241237051688,1.8054001832365776,78.91305021174706,18.49957504695779,0.008698017554316196,3.533481974259134e-05,190.6421827832237,52,COMPLETE
6278,,,2026-10-06 05:05:34.933645,2026-10-06 05:05:35.165897,0 days 00:00:00.232252,0.35349415915446786,2.5826334477054016,78.91305021174706,53.19831855856638,0.008698017554316196,,,52,PRUNED
6279,0.5507150329161176,1.2163210567362084,2026-10-06 05:05:34.937628,2026-10-06 05:08:46.741053,0 days 00:03:11.803425,0.48967816666395225,6.28879905307643,78.91305021174706,18.49957504695779,0.008698017554316196,2.328670127015952e-06,191.80332233011723,52,COMPLETE
6280,32.59044372596893,12.495178219011843,2026-10-06 05:05:34.941637,2026-10-06 05:08:47.259345,0 days 00:03:12.317708,0.14472486883161542,1.0100598856645617,78.91305021174706,7.704673657496365,0.009569508337727876,1.4671267453130232e-06,192.31757797440514,52,COMPLETE
6281,,,2026-10-06 05:05:34.945643,2026-10-06 05:05:36.139708,0 days 00:00:01.194065,0.012611080441119927,3.42961079489487,80.97346391189345,46.431764750098004,0.008698017554316196,,,52,PRUNED
6282,23.375232136126392,32.287505094854964,2026-10-06 05:05:34.957640,2026-10-06 05:08:49.790783,0 days 00:03:14.833143,0.48967816666395225,3.42961079489487,78.91305021174706,53.19831855856638,0.009569508337727876,1.4671267453130232e-06,194.83300248114392,52,COMPLETE
6283,23.865759026256022,2.766571395684594,2026-10-06 05:05:34.961631,2026-10-06 05:08:48.479197,0 days 00:03:13.517566,0.17534157142392734,15.366083239472347,78.91305021174706,12.025559114678314,0.008698017554316196,0.19010588212883706,193.51745153265074,52,COMPLETE
6284,17.890305654620896,13.89510341838661,2026-10-06 05:05:34.965631,2026-10-06 05:08:49.063433,0 days 00:03:14.097802,0.2918907020150273,1.0100598856645617,16.70840044244965,18.49957504695779,0.009569508337727876,1.4671267453130232e-06,194.09769146190956,52,COMPLETE
6285,26.86283502818633,6.457433389622469,2026-10-06 05:05:35.589873,2026-10-06 05:08:47.843096,0 days 00:03:12.253223,0.14472486883161542,3.42961079489487,78.91305021174706,7.704673657496365,0.009569508337727876,0.0009476607211228989,192.2530957357958,52,COMPLETE
6286,21.384651428321718,12.471846672789964,2026-10-06 05:05:35.593643,2026-10-06 05:08:49.012536,0 days 00:03:13.418893,0.35349415915446786,4.95477336878759,80.97346391189345,8.858210845255327,0.009569508337727876,0.006689819222329264,193.41877527767792,52,COMPLETE
6287,23.227577368550975,30.285774643661412,2026-10-06 05:05:35.597637,2026-10-06 05:08:46.837411,0 days 00:03:11.239774,0.48967816666395225,6.28879905307643,80.97346391189345,18.49957504695779,0.009569508337727876,2.328670127015952e-06,191.23968000290915,52,COMPLETE
6288,31.305028208035207,19.757611201721605,2026-10-06 05:05:35.601633,2026-10-06 05:08:44.695823,0 days 00:03:09.094190,0.19189241237051688,1.8054001832365776,78.91305021174706,7.14008749932051,0.008698017554316196,1.4671267453130232e-06,189.09409828623757,52,COMPLETE
6289,11.465371623563257,18.900160989205066,2026-10-06 05:05:35.605628,2026-10-06 05:08:49.071689,0 days 00:03:13.466061,0.3401090828369047,3.42961079489487,11.998563805267516,46.431764750098004,0.0031920491731868422,2.328670127015952e-06,193.46595805697143,52,COMPLETE
6290,32.12115231231735,2.0914493981697335,2026-10-06 05:05:35.609631,2026-10-06 05:08:46.560056,0 days 00:03:10.950425,0.025790567988651633,1.0100598856645617,78.91305021174706,7.704673657496365,0.009569508337727876,2.5664409972716576e-05,190.95030821627006,52,COMPLETE
6291,32.167377381304014,14.589383346535257,2026-10-06 05:05:35.746910,2026-10-06 05:08:45.995660,0 days 00:03:10.248750,0.1269892283627391,1.0100598856645617,78.91305021174706,8.858210845255327,0.008698017554316196,1.4671267453130232e-06,190.24864472588524,52,COMPLETE
6292,30.80576639453752,21.42943738659139,2026-10-06 05:05:36.403164,2026-10-06 05:08:46.855655,0 days 00:03:10.452491,0.17534157142392734,1.8054001832365776,78.91305021174706,16.966954115393197,0.008698017554316196,2.328670127015952e-06,190.4524063016288,52,COMPLETE
6293,29.317120549378398,25.42483361588202,2026-10-06 05:05:36.448600,2026-10-06 05:08:48.388817,0 days 00:03:11.940217,0.2918907020150273,3.42961079489487,80.97346391189345,18.49957504695779,0.009569508337727876,1.4671267453130232e-06,191.94009225675836,52,COMPLETE
6294,,,2026-10-06 05:05:36.577677,2026-10-06 05:05:37.420720,0 days 00:00:00.843043,0.22031827582514427,13.690715958290003,78.91305021174706,18.49957504695779,0.005801342179266342,,,52,PRUNED
6295,31.55020259348118,12.665454489118295,2026-10-06 05:05:36.645801,2026-10-06 05:08:45.422134,0 days 00:03:08.776333,0.22031827582514427,1.8054001832365776,78.91305021174706,2.5931783094816834,0.009569508337727876,1.4671267453130232e-06,188.77621950488538,52,COMPLETE
