number,values_0,values_1,datetime_start,datetime_complete,duration,params_c_val,params_input_force,params_k_between_val,params_k_wall_val,params_m_val,params_ridge_alpha,user_attrs_duration_sec,system_attrs_NSGAIISampler:generation,state
2493,21.815379709763015,33.19368285313563,2026-10-06 02:08:52.127682,2026-10-06 02:12:03.591933,0 days 00:03:11.464251,0.48967816666395225,6.28879905307643,78.91305021174706,47.77760718136664,0.009569508337727876,9.391865709026338e-06,191.46414369810373,20,COMPLETE
2494,31.078846759532887,13.198160974219281,2026-10-06 02:08:52.405688,2026-10-06 02:12:04.542102,0 days 00:03:12.136414,0.09603179509109963,1.8054001832365776,78.91305021174706,27.32371346963878,0.009569508337727876,2.2170038864498855e-05,192.1363193569705,20,COMPLETE
2495,,,2026-10-06 02:08:53.475691,2026-10-06 02:08:54.743813,0 days 00:00:01.268122,0.39064125689894114,6.28879905307643,53.91529760557707,12.025559114678314,0.003175642079820363,,,20,PRUNED
2496,,,2026-10-06 02:08:54.958701,2026-10-06 02:08:56.114756,0 days 00:00:01.156055,0.14472486883161542,1.8054001832365776,78.91305021174706,12.303481343464334,0.005064607422910698,,,20,PRUNED
2497,9.351924155996498,2.124801050366131,2026-10-06 02:08:56.156685,2026-10-06 02:12:05.594396,0 days 00:03:09.437711,0.12014132825757128,1.8054001832365776,1.2417602321810202,21.003056863396292,0.009569508337727876,2.328670127015952e-06,189.4376159850508,20,COMPLETE
2498,31.80745145264631,10.635669175727354,2026-10-06 02:08:56.331723,2026-10-06 02:12:07.214320,0 days 00:03:10.882597,0.14472486883161542,1.8054001832365776,78.91305021174706,1.8190863578544005,0.009569508337727876,2.328670127015952e-06,190.88248338503763,20,COMPLETE
2499,31.99898342741061,12.156216957316843,2026-10-06 02:09:19.677718,2026-10-06 02:12:33.378108,0 days 00:03:13.700390,0.1096638330961887,1.8054001832365776,78.91305021174706,6.182683349256731,0.009569508337727876,2.328670127015952e-06,193.70027058571577,20,COMPLETE
2500,21.79898076083331,26.611194547926665,2026-10-06 02:10:33.512717,2026-10-06 02:13:43.959439,0 days 00:03:10.446722,0.6040198049165227,4.316915154672986,78.91305021174706,18.49957504695779,0.009569508337727876,2.328670127015952e-06,190.44661039998755,20,COMPLETE
2501,17.598630521909474,1.8625539682085595,2026-10-06 02:11:52.840994,2026-10-06 02:15:06.546372,0 days 00:03:13.705378,0.48967816666395225,16.806266422941135,78.91305021174706,18.49957504695779,0.009569508337727876,1.4671267453130232e-06,193.70526441698894,21,COMPLETE
2502,23.15966041731498,6.811283528110636,2026-10-06 02:11:53.737704,2026-10-06 02:15:07.392932,0 days 00:03:13.655228,0.12014132825757128,4.316915154672986,78.91305021174706,18.49957504695779,0.009569508337727876,2.328670127015952e-06,193.65511411242187,21,COMPLETE
2503,30.69802030437478,13.88800357639472,2026-10-06 02:11:55.020703,2026-10-06 02:15:08.112543,0 days 00:03:13.091840,0.17534157142392734,1.8054001832365776,78.91305021174706,18.49957504695779,0.013418920120979871,2.328670127015952e-06,193.091724333819,21,COMPLETE
2504,22.639983439526144,23.85191112658603,2026-10-06 02:11:55.274687,2026-10-06 02:15:11.963921,0 days 00:03:16.689234,0.3401090828369047,3.42961079489487,46.854331924359556,18.49957504695779,0.009569508337727876,2.328670127015952e-06,196.68914626725018,21,COMPLETE
2505,30.200545382469492,1.2363907900092304,2026-10-06 02:11:55.829241,2026-10-06 02:15:09.393963,0 days 00:03:13.564722,0.03977042148708418,6.28879905307643,78.91305021174706,1.9352130279085868,0.008698017554316196,1.4671267453130232e-06,193.56461875606328,21,COMPLETE
2506,31.20313199583997,12.059636481357662,2026-10-06 02:11:55.908682,2026-10-06 02:15:07.933924,0 days 00:03:12.025242,0.14472486883161542,1.8054001832365776,78.91305021174706,12.025559114678314,0.009569508337727876,6.729698211614243e-05,192.025128998328,21,COMPLETE
2507,30.24677223918379,16.95454237805794,2026-10-06 02:11:56.625807,2026-10-06 02:15:07.213298,0 days 00:03:10.587491,0.14472486883161542,3.42961079489487,78.91305021174706,18.49957504695779,0.009569508337727876,2.328670127015952e-06,190.5873770043254,21,COMPLETE
2508,25.03573481402162,4.0569856722207405,2026-10-06 02:11:56.868674,2026-10-06 02:15:07.686049,0 days 00:03:10.817375,0.14472486883161542,30.384881221719876,78.91305021174706,12.025559114678314,0.009569508337727876,2.328670127015952e-06,190.81725946301594,21,COMPLETE
2509,31.769508876493923,1.25098077397029,2026-10-06 02:11:57.063691,2026-10-06 02:15:12.530439,0 days 00:03:15.466748,0.14272789446158823,45.45243811908284,78.91305021174706,1.2459473010854498,0.021503117465103184,2.1321560304313933e-05,195.46665975777432,21,COMPLETE
2510,29.17112260706373,13.901606206581544,2026-10-06 02:11:57.144948,2026-10-06 02:15:08.903132,0 days 00:03:11.758184,0.3430619780030774,3.42961079489487,78.91305021174706,3.1955134946920767,0.009569508337727876,2.328670127015952e-06,191.75808100122958,21,COMPLETE
2511,21.614931857449044,27.345235054479573,2026-10-06 02:11:57.185772,2026-10-06 02:15:11.837794,0 days 00:03:14.652022,0.6040198049165227,3.42961079489487,78.91305021174706,27.821597027495464,0.009569508337727876,2.328670127015952e-06,194.65193850779906,21,COMPLETE
2512,32.09584660361507,7.320240449806327,2026-10-06 02:11:57.245812,2026-10-06 02:15:11.858534,0 days 00:03:14.612722,0.11975518170439672,1.8054001832365776,78.91305021174706,6.182683349256731,0.015941803185749774,2.328670127015952e-06,194.61264169914648,21,COMPLETE
2513,9.79411402965768,7.104012864774184,2026-10-06 02:11:57.584702,2026-10-06 02:15:12.631925,0 days 00:03:15.047223,0.3401090828369047,3.42961079489487,3.643591199323557,18.49957504695779,0.009569508337727876,2.328670127015952e-06,195.0471285157837,21,COMPLETE
2514,28.326713466192494,4.545206285114499,2026-10-06 02:11:57.978845,2026-10-06 02:15:12.541757,0 days 00:03:14.562912,0.046328913853494684,1.8054001832365776,78.91305021174706,12.303481343464334,0.008698017554316196,2.328670127015952e-06,194.56283116620034,21,COMPLETE
2515,,,2026-10-06 02:11:58.028676,2026-10-06 02:11:58.600056,0 days 00:00:00.571380,0.14472486883161542,3.42961079489487,78.91305021174706,28.521004463161855,0.0069006492311854024,,,21,PRUNED
2516,22.958005042375046,4.429332717485192,2026-10-06 02:11:58.237675,2026-10-06 02:15:14.037277,0 days 00:03:15.799602,0.5804379238023668,7.7988590190752145,78.91305021174706,2.1998490636759565,0.009569508337727876,1.4671267453130232e-06,195.79951249388978,21,COMPLETE
2517,9.195812082401469,4.120833664428385,2026-10-06 02:11:58.744876,2026-10-06 02:15:09.703539,0 days 00:03:10.958663,0.17534157142392734,1.8054001832365776,2.0138853375858714,83.85989774544747,0.009569508337727876,2.328670127015952e-06,190.95855499524623,21,COMPLETE
2518,24.548756721026404,1.1957558197444316,2026-10-06 02:11:58.747604,2026-10-06 02:15:13.973357,0 days 00:03:15.225753,0.024463201456633138,3.42961079489487,78.91305021174706,12.025559114678314,0.009569508337727876,2.328670127015952e-06,195.22565191984177,21,COMPLETE
2519,24.05553483035325,20.82028601710224,2026-10-06 02:11:58.750166,2026-10-06 02:15:11.785710,0 days 00:03:13.035544,0.48967816666395225,6.28879905307643,78.91305021174706,8.12919983985662,0.009569508337727876,2.328670127015952e-06,193.035462285392,21,COMPLETE
2520,20.468592784195465,1.8506745807671057,2026-10-06 02:11:58.787643,2026-10-06 02:15:12.430546,0 days 00:03:13.642903,0.3401090828369047,8.245506065102678,78.91305021174706,12.025559114678314,0.009569508337727876,2.328670127015952e-06,193.64282154478133,21,COMPLETE
2521,31.445372342935343,16.504664224757644,2026-10-06 02:11:58.789989,2026-10-06 02:15:11.885504,0 days 00:03:13.095515,0.14472486883161542,1.8054001832365776,78.91305021174706,12.025559114678314,0.009569508337727876,2.328670127015952e-06,193.09543924499303,21,COMPLETE
2522,23.478603581099378,25.80020674904861,2026-10-06 02:11:58.792251,2026-10-06 02:15:12.291220,0 days 00:03:13.498969,0.48480307501533615,3.42961079489487,78.91305021174706,33.705587852946245,0.009569508337727876,9.391865709026338e-06,193.4988921941258,21,COMPLETE
2523,14.755738854183528,7.8498684106713155,2026-10-06 02:11:58.794471,2026-10-06 02:15:12.227448,0 days 00:03:13.432977,0.6040198049165227,9.044458114273693,78.91305021174706,27.821597027495464,0.009569508337727876,3.82726817315294,193.43289644317701,21,COMPLETE
2524,18.573713679143626,8.00805407475833,2026-10-06 02:11:59.342687,2026-10-06 02:15:12.148211,0 days 00:03:12.805524,0.17534157142392734,3.42961079489487,67.63864735362428,12.025559114678314,0.009569508337727876,0.6274771952513041,192.80543940793723,21,COMPLETE
2525,24.464035686385422,26.18847698701406,2026-10-06 02:11:59.418711,2026-10-06 02:15:11.731467,0 days 00:03:12.312756,0.48967816666395225,3.42961079489487,78.91305021174706,18.49957504695779,0.009569508337727876,1.4671267453130232e-06,192.31265920307487,21,COMPLETE
2526,23.72637617191907,1.5350334399871555,2026-10-06 02:11:59.844794,2026-10-06 02:15:11.489628,0 days 00:03:11.644834,0.14472486883161542,6.28879905307643,78.91305021174706,18.49957504695779,0.009569508337727876,1.4671267453130232e-06,191.64474387606606,21,COMPLETE
2527,31.04746378780257,19.38239824177877,2026-10-06 02:11:59.848649,2026-10-06 02:15:11.440826,0 days 00:03:11.592177,0.17534157142392734,1.8054001832365776,78.91305021174706,18.49957504695779,0.009569508337727876,2.328670127015952e-06,191.5920866378583,21,COMPLETE
2528,,,2026-10-06 02:11:59.852639,2026-10-06 02:12:01.815700,0 days 00:00:01.963061,0.22031827582514427,3.42961079489487,78.91305021174706,12.303481343464334,0.006358731771002535,,,21,PRUNED
2529,,,2026-10-06 02:11:59.856634,2026-10-06 02:12:01.421745,0 days 00:00:01.565111,0.14472486883161542,27.876224933923922,78.91305021174706,12.303481343464334,0.0016373130578400121,,,21,PRUNED
2530,,,2026-10-06 02:11:59.860638,2026-10-06 02:12:00.992706,0 days 00:00:01.132068,0.22031827582514427,2.5826334477054016,78.91305021174706,12.025559114678314,0.0011740773864890427,,,21,PRUNED
2531,31.488651241640884,16.678654166865694,2026-10-06 02:11:59.864631,2026-10-06 02:15:12.451653,0 days 00:03:12.587022,0.1912437107176475,1.8054001832365776,78.91305021174706,8.12919983985662,0.009569508337727876,2.328670127015952e-06,192.58694593934342,21,COMPLETE
2532,15.30290622475788,1.2574760017785558,2026-10-06 02:12:00.072219,2026-10-06 02:15:14.807949,0 days 00:03:14.735730,0.14472486883161542,1.8054001832365776,78.91305021174706,9.93989579004442,0.009569508337727876,75.16249192210245,194.73564382083714,21,COMPLETE
2533,18.10853812538543,6.351485853740626,2026-10-06 02:12:00.186663,2026-10-06 02:15:13.538474,0 days 00:03:13.351811,0.14472486883161542,1.8054001832365776,7.286871846542764,18.49957504695779,0.011312654125925636,1.865582517806694e-05,193.35173199465498,21,COMPLETE
2534,19.07381349678303,29.353339244249316,2026-10-06 02:12:00.219662,2026-10-06 02:15:14.858850,0 days 00:03:14.639188,0.48967816666395225,11.593246805946688,78.91305021174706,40.2862337213893,0.009569508337727876,2.328670127015952e-06,194.63914197077975,21,COMPLETE
2535,1.0837615983087878,1.2447547472095846,2026-10-06 02:12:00.315651,2026-10-06 02:15:14.635540,0 days 00:03:14.319889,0.012909723195976937,21.110550470761783,78.91305021174706,1.8007865658413242,0.009569508337727876,1.1182989787130336e-05,194.3197843618691,21,COMPLETE
2536,24.293559357814893,25.182782593238816,2026-10-06 02:12:00.406681,2026-10-06 02:15:14.274850,0 days 00:03:13.868169,0.48967816666395225,3.42961079489487,78.91305021174706,18.49957504695779,0.009569508337727876,2.328670127015952e-06,193.86808055313304,21,COMPLETE
2537,30.29224191088005,18.12727174602449,2026-10-06 02:12:00.567873,2026-10-06 02:15:15.426580,0 days 00:03:14.858707,0.17534157142392734,3.42961079489487,78.91305021174706,12.025559114678314,0.009569508337727876,2.328670127015952e-06,194.85860042227432,21,COMPLETE
2538,28.618685883316452,1.4740401683506934,2026-10-06 02:12:00.571655,2026-10-06 02:15:14.809404,0 days 00:03:14.237749,0.06303166420654288,14.243322305177703,78.91305021174706,6.739593826742141,0.009569508337727876,1.4671267453130232e-06,194.2376687079668,21,COMPLETE
2539,,,2026-10-06 02:12:00.575638,2026-10-06 02:12:01.070683,0 days 00:00:00.495045,0.48480307501533615,3.42961079489487,78.91305021174706,28.521004463161855,0.0017779712356522255,,,21,PRUNED
2540,31.058494576748092,18.688083566493344,2026-10-06 02:12:01.037200,2026-10-06 02:15:14.869487,0 days 00:03:13.832287,0.14472486883161542,1.8054001832365776,78.91305021174706,12.303481343464334,0.008698017554316196,2.328670127015952e-06,193.83221058966592,21,COMPLETE
2541,0.12506661732024293,1.177467283604516,2026-10-06 02:12:01.406797,2026-10-06 02:15:15.219973,0 days 00:03:13.813176,0.48967816666395225,1.8054001832365776,80.37724458707997,12.303481343464334,0.008698017554316196,2.328670127015952e-06,193.81308647664264,21,COMPLETE
2542,19.78723479567907,11.782397336433615,2026-10-06 02:12:01.696001,2026-10-06 02:15:17.077719,0 days 00:03:15.381718,0.14472486883161542,1.8054001832365776,9.837631098437198,12.303481343464334,0.008698017554316196,2.328670127015952e-06,195.38161103101447,21,COMPLETE
2543,28.915548095909607,1.4482627602129488,2026-10-06 02:12:01.832363,2026-10-06 02:15:13.329502,0 days 00:03:11.497139,0.14472486883161542,42.88869519906454,78.91305021174706,4.949274479107639,0.022985394459668105,2.328670127015952e-06,191.49705457920209,21,COMPLETE
2544,25.795533378964628,26.253750400555003,2026-10-06 02:12:01.835648,2026-10-06 02:15:12.591839,0 days 00:03:10.756191,0.42937345114127523,3.42961079489487,78.91305021174706,22.2783980962908,0.009569508337727876,2.328670127015952e-06,190.75611670129,21,COMPLETE
2545,16.075178161155872,9.21911114141329,2026-10-06 02:12:01.839632,2026-10-06 02:15:12.597504,0 days 00:03:10.757872,0.17958655134255117,3.42961079489487,10.689559597098368,9.93989579004442,0.009569508337727876,2.328670127015952e-06,190.7578045381233,21,COMPLETE
2546,31.009425578384544,18.169571737126063,2026-10-06 02:12:01.843632,2026-10-06 02:15:14.835301,0 days 00:03:12.991669,0.14472486883161542,1.8054001832365776,78.91305021174706,23.799365678660685,0.009569508337727876,2.328670127015952e-06,192.9915974456817,21,COMPLETE
2547,30.600664336342493,19.5646360123108,2026-10-06 02:12:01.847636,2026-10-06 02:15:10.732978,0 days 00:03:08.885342,0.17534157142392734,1.8054001832365776,78.91305021174706,33.705587852946245,0.009569508337727876,9.391865709026338e-06,188.88525802223012,21,COMPLETE
2548,23.609092125035243,30.717570668870582,2026-10-06 02:12:01.851626,2026-10-06 02:15:12.799815,0 days 00:03:10.948189,0.48480307501533615,3.42961079489487,78.91305021174706,46.431764750098004,0.009569508337727876,2.328670127015952e-06,190.94810276106,21,COMPLETE
2549,30.610109970828393,2.5576732728499283,2026-10-06 02:12:01.855637,2026-10-06 02:15:13.512931,0 days 00:03:11.657294,0.17474245406834157,34.93562597594777,78.91305021174706,1.8190863578544005,0.009569508337727876,2.328670127015952e-06,191.6572130601853,21,COMPLETE
2550,31.784752494691425,15.147267206983376,2026-10-06 02:12:01.875648,2026-10-06 02:15:15.142507,0 days 00:03:13.266859,0.14472486883161542,1.8054001832365776,78.91305021174706,7.515802694466347,0.009569508337727876,2.328670127015952e-06,193.26677006483078,21,COMPLETE
2551,17.411384925914412,1.5798637326656075,2026-10-06 02:12:01.879631,2026-10-06 02:15:14.886085,0 days 00:03:13.006454,0.14472486883161542,1.8054001832365776,78.91305021174706,12.025559114678314,0.009569508337727876,3.024447253549379,193.00638605700806,21,COMPLETE
2552,19.999450186380116,5.653873994911942,2026-10-06 02:12:01.883635,2026-10-06 02:15:14.858766,0 days 00:03:12.975131,0.18227120102896097,32.39924885329311,78.91305021174706,23.799365678660685,0.009569508337727876,1.0853170916469617e-06,192.97506374912336,21,COMPLETE
2553,21.057633784867164,32.40813932113374,2026-10-06 02:12:02.401683,2026-10-06 02:15:14.860741,0 days 00:03:12.459058,0.6040198049165227,6.28879905307643,78.91305021174706,27.821597027495464,0.009569508337727876,2.328670127015952e-06,192.45899011194706,21,COMPLETE
2554,13.900803593722483,1.182261408885882,2026-10-06 02:12:02.841699,2026-10-06 02:15:14.712791,0 days 00:03:11.871092,0.06611967522570296,37.07772525003459,78.91305021174706,18.49957504695779,0.07814659366102698,2.328670127015952e-06,191.87099141301587,21,COMPLETE
2555,31.90094107363023,10.711314097879091,2026-10-06 02:12:02.939685,2026-10-06 02:15:14.841334,0 days 00:03:11.901649,0.14472486883161542,1.8054001832365776,78.91305021174706,4.949274479107639,0.012090674219929246,2.328670127015952e-06,191.90157293714583,21,COMPLETE
2556,22.09987334022751,27.535630436724738,2026-10-06 02:12:02.951816,2026-10-06 02:15:12.804234,0 days 00:03:09.852418,0.5804379238023668,3.42961079489487,78.91305021174706,27.39912011543121,0.009569508337727876,2.328670127015952e-06,189.8523387867026,21,COMPLETE
2557,23.923134684652478,30.077903063020933,2026-10-06 02:12:02.955649,2026-10-06 02:15:11.151078,0 days 00:03:08.195429,0.48967816666395225,3.42961079489487,78.91305021174706,35.397938808104236,0.009569508337727876,1.4671267453130232e-06,188.19533877959475,21,COMPLETE
2558,25.42710210743389,11.304827196000302,2026-10-06 02:12:02.975653,2026-10-06 02:15:14.248641,0 days 00:03:11.272988,0.48967816666395225,3.42961079489487,78.91305021174706,2.1438860960505943,0.009569508337727876,2.328670127015952e-06,191.27271200623363,21,COMPLETE
2559,20.180285734010273,1.6240126736808584,2026-10-06 02:12:03.004930,2026-10-06 02:15:15.148671,0 days 00:03:12.143741,0.17474245406834157,1.8054001832365776,78.91305021174706,3.4633926098501395,0.008698017554316196,0.26537573982218654,192.14365991577506,21,COMPLETE
2560,24.719648289552016,21.999008908465118,2026-10-06 02:12:03.087672,2026-10-06 02:15:13.659861,0 days 00:03:10.572189,0.48480307501533615,3.42961079489487,78.91305021174706,12.303481343464334,0.009569508337727876,2.328670127015952e-06,190.572105942294,21,COMPLETE
2561,22.565122260637537,17.92982144605086,2026-10-06 02:12:03.683718,2026-10-06 02:15:17.283844,0 days 00:03:13.600126,0.48480307501533615,1.8054001832365776,67.63864735362428,18.49957504695779,0.009569508337727876,1.4671267453130232e-06,193.60002381540835,21,COMPLETE
2562,31.27002313991941,18.023612014349627,2026-10-06 02:12:03.884690,2026-10-06 02:15:14.032342,0 days 00:03:10.147652,0.17534157142392734,1.8054001832365776,78.91305021174706,12.303481343464334,0.009569508337727876,2.328670127015952e-06,190.14756209915504,21,COMPLETE
2563,28.749444775641344,1.1938145048739806,2026-10-06 02:12:04.429687,2026-10-06 02:15:15.470210,0 days 00:03:11.040523,0.17534157142392734,35.41545090718671,78.91305021174706,1.8190863578544005,0.06877287674853987,2.328670127015952e-06,191.04043457098305,21,COMPLETE
2564,24.171916567896766,27.96627269443611,2026-10-06 02:12:04.731693,2026-10-06 02:15:17.373475,0 days 00:03:12.641782,0.48480307501533615,3.42961079489487,78.91305021174706,28.521004463161855,0.009569508337727876,2.328670127015952e-06,192.64168997015804,21,COMPLETE
2565,19.618132891298274,4.731595150530523,2026-10-06 02:12:04.735652,2026-10-06 02:15:14.667509,0 days 00:03:09.931857,0.14472486883161542,5.937494182176606,78.91305021174706,23.799365678660685,0.009569508337727876,4.743842913667563e-06,189.9317578379996,21,COMPLETE
2566,22.055637201018452,11.51539077164216,2026-10-06 02:12:05.821686,2026-10-06 02:15:12.182528,0 days 00:03:06.360842,0.23275296905804083,1.8054001832365776,78.91305021174706,18.49957504695779,0.009569508337727876,0.014952822614788586,186.36075595999137,21,COMPLETE
2567,16.296894385496522,1.385711949647684,2026-10-06 02:12:07.460705,2026-10-06 02:15:14.848015,0 days 00:03:07.387310,0.10380241653152134,1.8054001832365776,78.91305021174706,18.49957504695779,0.009569508337727876,27.943396851913537,187.3872353597544,21,COMPLETE
2568,31.42119407673541,17.24146069986169,2026-10-06 02:12:33.727680,2026-10-06 02:15:45.243053,0 days 00:03:11.515373,0.17534157142392734,1.8054001832365776,78.91305021174706,9.93989579004442,0.009569508337727876,2.328670127015952e-06,191.5152551359497,21,COMPLETE
2569,11.963624392126302,8.329502581938732,2026-10-06 02:13:44.267690,2026-10-06 02:16:56.995461,0 days 00:03:12.727771,0.6200016584436024,1.8054001832365776,10.927222779453253,15.057997763919028,0.009569508337727876,2.328670127015952e-06,192.72766486788169,21,COMPLETE
2570,30.970466447131127,18.428354433869643,2026-10-06 02:15:06.716709,2026-10-06 02:18:22.191636,0 days 00:03:15.474927,0.22031827582514427,1.8054001832365776,78.91305021174706,12.025559114678314,0.009569508337727876,2.328670127015952e-06,195.47482070093974,21,COMPLETE
2571,11.226555317557574,2.3246262966420312,2026-10-06 02:15:07.445724,2026-10-06 02:18:20.306659,0 days 00:03:12.860935,0.22031827582514427,1.8054001832365776,1.798076432280976,1.8190863578544005,0.009569508337727876,2.328670127015952e-06,192.8608199385926,21,COMPLETE
2572,1.5190869735201589,1.3871251274328693,2026-10-06 02:15:07.786848,2026-10-06 02:18:20.778319,0 days 00:03:12.991471,0.42937345114127523,16.505818167876548,2.9260015819704748,18.49957504695779,0.009569508337727876,1.4671267453130232e-06,192.99136541271582,21,COMPLETE
2573,20.532074728288144,5.427220731339071,2026-10-06 02:15:08.112767,2026-10-06 02:18:23.420249,0 days 00:03:15.307482,0.08624301451762374,1.8054001832365776,7.186474879049022,12.025559114678314,0.009569508337727876,2.328670127015952e-06,195.3073803782463,21,COMPLETE
2574,24.293559357814893,25.182782593238816,2026-10-06 02:15:08.172553,2026-10-06 02:18:24.277821,0 days 00:03:16.105268,0.48967816666395225,3.42961079489487,78.91305021174706,18.49957504695779,0.009569508337727876,2.328670127015952e-06,196.1051748590544,21,COMPLETE
2575,6.411768686407276,4.009903144124447,2026-10-06 02:15:08.956867,2026-10-06 02:18:24.793604,0 days 00:03:15.836737,0.6040198049165227,6.28879905307643,2.555880773726149,27.821597027495464,0.009569508337727876,2.328670127015952e-06,195.8366384850815,21,COMPLETE
