number,values_0,values_1,datetime_start,datetime_complete,duration,params_c_val,params_input_force,params_k_between_val,params_k_wall_val,params_m_val,params_ridge_alpha,user_attrs_duration_sec,system_attrs_NSGAIISampler:generation,state
5635,29.299141326727586,21.569063926541787,2026-10-06 04:36:37.688819,2026-10-06 04:39:52.053833,0 days 00:03:14.365014,0.17534157142392734,3.42961079489487,78.91305021174706,53.19831855856638,0.009569508337727876,1.0746247031029727e-06,194.36487636715174,47,COMPLETE
5636,29.577678255578025,4.671084106067822,2026-10-06 04:36:38.055860,2026-10-06 04:39:51.080519,0 days 00:03:13.024659,0.3401090828369047,3.42961079489487,80.97346391189345,45.605935248059524,0.06914808848533968,2.328670127015952e-06,193.02455407194793,47,COMPLETE
5637,0.16306033970897468,1.1894879375087715,2026-10-06 04:36:38.059648,2026-10-06 04:39:47.916598,0 days 00:03:09.856950,0.2918907020150273,3.42961079489487,80.97346391189345,18.49957504695779,0.008698017554316196,2.328670127015952e-06,189.85668620606884,47,COMPLETE
5638,15.564846205285235,1.2703740869399724,2026-10-06 04:36:38.092806,2026-10-06 04:39:51.870295,0 days 00:03:13.777489,0.17534157142392734,1.8054001832365776,78.91305021174706,6.182683349256731,0.019516695230202774,34.32747553476959,193.77738332096487,47,COMPLETE
5639,31.662530995625247,14.321415836629047,2026-10-06 04:36:38.115643,2026-10-06 04:39:53.789491,0 days 00:03:15.673848,0.19189241237051688,1.8054001832365776,78.91305021174706,6.182683349256731,0.010941846073896097,1.4671267453130232e-06,195.6737282536924,47,COMPLETE
5640,24.963063668882775,17.426243385421675,2026-10-06 04:36:38.174476,2026-10-06 04:39:52.671867,0 days 00:03:14.497391,0.48967816666395225,1.8054001832365776,78.91305021174706,12.025559114678314,0.009569508337727876,1.4671267453130232e-06,194.49727520672604,47,COMPLETE
5641,21.312173733976376,11.346630920011307,2026-10-06 04:36:38.209645,2026-10-06 04:39:53.008701,0 days 00:03:14.799056,0.419007027175139,11.794140752235899,78.91305021174706,53.19831855856638,0.026039476809504657,1.0746247031029727e-06,194.79895997187123,47,COMPLETE
5642,32.58296902202029,11.912310480463777,2026-10-06 04:36:38.705705,2026-10-06 04:39:49.622060,0 days 00:03:10.916355,0.14472486883161542,1.0100598856645617,78.91305021174706,7.704673657496365,0.009569508337727876,2.328670127015952e-06,190.91624615713954,47,COMPLETE
5643,,,2026-10-06 04:36:38.796670,2026-10-06 04:36:40.015728,0 days 00:00:01.219058,0.19189241237051688,1.8054001832365776,78.91305021174706,18.49957504695779,0.0038753398621362563,,,47,PRUNED
5644,26.86219480844097,28.827939185552975,2026-10-06 04:36:39.080854,2026-10-06 04:39:49.158312,0 days 00:03:10.077458,0.35349415915446786,2.5826334477054016,78.91305021174706,53.19831855856638,0.009569508337727876,1.4671267453130232e-06,190.0773323350586,47,COMPLETE
5645,30.93566168680822,21.685335779995146,2026-10-06 04:36:39.084676,2026-10-06 04:39:51.016365,0 days 00:03:11.931689,0.19189241237051688,1.8054001832365776,78.91305021174706,12.025559114678314,0.008698017554316196,1.4671267453130232e-06,191.9315737709403,47,COMPLETE
5646,19.40750752874233,4.17754280823647,2026-10-06 04:36:39.088634,2026-10-06 04:39:50.542944,0 days 00:03:11.454310,0.12186470831252749,1.8054001832365776,6.255631193387066,6.2207797596123,0.012390058206207978,2.108934163128921e-06,191.4541988009587,47,COMPLETE
5647,15.6507165098256,1.5010167746105567,2026-10-06 04:36:39.188018,2026-10-06 04:39:53.865561,0 days 00:03:14.677543,0.18472274745078338,12.0721827935351,78.91305021174706,45.605935248059524,0.009569508337727876,2.328670127015952e-06,194.6774131450802,47,COMPLETE
5648,31.963865579168818,6.910013549307813,2026-10-06 04:36:39.854675,2026-10-06 04:39:51.247080,0 days 00:03:11.392405,0.18472274745078338,1.0100598856645617,78.91305021174706,18.49957504695779,0.0234073791316048,2.328670127015952e-06,191.39230731222779,47,COMPLETE
5649,29.430422038346943,4.001279512405346,2026-10-06 04:36:40.254862,2026-10-06 04:39:50.377358,0 days 00:03:10.122496,0.05249512044083566,1.8054001832365776,78.91305021174706,5.621012008629779,0.008698017554316196,1.4671267453130232e-06,190.12238692911342,47,COMPLETE
5650,31.539520645683872,13.820210344604185,2026-10-06 04:36:40.258641,2026-10-06 04:39:51.538415,0 days 00:03:11.279774,0.2680662921881964,1.0100598856645617,78.91305021174706,4.949274479107639,0.008698017554316196,2.328670127015952e-06,191.2796615078114,47,COMPLETE
5651,16.384751899577896,1.317223118180983,2026-10-06 04:36:40.262628,2026-10-06 04:39:52.351053,0 days 00:03:12.088425,0.14472486883161542,1.0100598856645617,11.399427183532216,2.340950814692695,0.0892424233822384,2.108934163128921e-06,192.0877250940539,47,COMPLETE
5652,21.989466556366228,13.37107953099412,2026-10-06 04:36:40.266630,2026-10-06 04:39:50.729145,0 days 00:03:10.462515,0.22031827582514427,2.5826334477054016,78.91305021174706,45.605935248059524,0.009569508337727876,0.03151120302362575,190.4624265562743,47,COMPLETE
5653,30.449196327059944,21.228670234495574,2026-10-06 04:36:40.284637,2026-10-06 04:39:51.053271,0 days 00:03:10.768634,0.17534157142392734,1.8054001832365776,78.91305021174706,45.605935248059524,0.009569508337727876,1.4671267453130232e-06,190.76853438140824,47,COMPLETE
5654,14.4456772513071,1.2386555611759857,2026-10-06 04:36:40.525690,2026-10-06 04:39:54.331895,0 days 00:03:13.806205,0.17534157142392734,1.0100598856645617,82.01385782201594,12.025559114678314,0.029590260762912574,31.295727306664105,193.80607353895903,47,COMPLETE
5655,28.23067209004099,1.4815419428393417,2026-10-06 04:36:40.569658,2026-10-06 04:39:57.313308,0 days 00:03:16.743650,0.17534157142392734,6.28879905307643,78.91305021174706,6.182683349256731,0.009569508337727876,1.4671267453130232e-06,196.743519495707,47,COMPLETE
5656,31.759256075096413,12.003204003897137,2026-10-06 04:36:41.095667,2026-10-06 04:39:51.447793,0 days 00:03:10.352126,0.10102395184669734,1.8054001832365776,78.91305021174706,8.41884296363971,0.009569508337727876,1.4671267453130232e-06,190.35199778992683,47,COMPLETE
5657,31.351376832720643,5.275257426720612,2026-10-06 04:36:41.181660,2026-10-06 04:39:49.495439,0 days 00:03:08.313779,0.2680662921881964,1.8054001832365776,78.91305021174706,4.46444795166914,0.03009534699786461,2.328670127015952e-06,188.31364778010175,47,COMPLETE
5658,15.038980946933458,4.130892865693911,2026-10-06 04:36:41.197639,2026-10-06 04:39:55.379731,0 days 00:03:14.182092,0.26407112023796053,3.42961079489487,78.91305021174706,53.19831855856638,0.009569508337727876,17.711952629837203,194.18197646271437,47,COMPLETE
5659,22.46384614468707,1.188085777320405,2026-10-06 04:36:41.201634,2026-10-06 04:39:52.123386,0 days 00:03:10.921752,0.2918907020150273,18.294780041437576,80.97346391189345,18.49957504695779,0.08921096678723461,0.04745292361921079,190.92163449898362,47,COMPLETE
5660,9.158058651578312,2.2569754841732728,2026-10-06 04:36:41.204639,2026-10-06 04:39:50.719521,0 days 00:03:09.514882,0.11704197662289212,42.101634973424936,78.91305021174706,40.29115295108787,0.009569508337727876,1.4671267453130232e-06,189.51477788202465,47,COMPLETE
5661,30.379739509532566,6.496794636893095,2026-10-06 04:36:41.718877,2026-10-06 04:39:51.284256,0 days 00:03:09.565379,0.04836935681268208,1.8054001832365776,78.91305021174706,18.49957504695779,0.008698017554316196,1.4671267453130232e-06,189.56528644403443,47,COMPLETE
5662,28.690933533375823,18.93522433544952,2026-10-06 04:36:41.722639,2026-10-06 04:39:54.413177,0 days 00:03:12.690538,0.2918907020150273,3.42961079489487,78.91305021174706,18.49957504695779,0.014676659634846968,1.4671267453130232e-06,192.69041611021385,47,COMPLETE
5663,32.281771780243005,4.964667091157922,2026-10-06 04:36:41.726635,2026-10-06 04:39:55.105553,0 days 00:03:13.378918,0.22031827582514427,1.0100598856645617,78.91305021174706,12.025559114678314,0.03463343903868386,1.2446212784745538e-06,193.3787945280783,47,COMPLETE
5664,29.92927558720706,14.549293747529717,2026-10-06 04:36:41.730630,2026-10-06 04:39:57.748547,0 days 00:03:16.017917,0.17534157142392734,3.42961079489487,78.91305021174706,7.704673657496365,0.009569508337727876,2.108934163128921e-06,196.01778734102845,47,COMPLETE
5665,14.272955690603833,6.548680062784101,2026-10-06 04:36:41.734630,2026-10-06 04:39:55.591007,0 days 00:03:13.856377,0.22031827582514427,40.845531926470244,78.91305021174706,45.605935248059524,0.009569508337727876,2.108934163128921e-06,193.8562936577946,47,COMPLETE
5666,0.6422531010249736,1.174565284733088,2026-10-06 04:36:41.738633,2026-10-06 04:39:50.137752,0 days 00:03:08.399119,0.874315812966925,3.3879677249617055,80.97346391189345,18.49957504695779,0.009569508337727876,1.3847097661610266,188.39874244993553,47,COMPLETE
5667,32.730561456815295,10.228367687304644,2026-10-06 04:36:41.742631,2026-10-06 04:39:49.929256,0 days 00:03:08.186625,0.14472486883161542,1.0100598856645617,78.91305021174706,2.5931783094816834,0.009569508337727876,1.4671267453130232e-06,188.18650231696665,47,COMPLETE
5668,32.18544006340003,13.901957915152222,2026-10-06 04:36:41.746626,2026-10-06 04:39:52.864075,0 days 00:03:11.117449,0.14472486883161542,1.0100598856645617,78.91305021174706,7.704673657496365,0.008698017554316196,2.328670127015952e-06,191.11737229302526,47,COMPLETE
5669,4.073752468316131,1.3208500288333287,2026-10-06 04:36:41.750635,2026-10-06 04:39:53.431125,0 days 00:03:11.680490,0.14472486883161542,45.09543665789634,5.877334318964943,12.025559114678314,0.03463343903868386,1.2446212784745538e-06,191.68036536918953,47,COMPLETE
5670,24.60637563379221,6.429786799148512,2026-10-06 04:36:41.762643,2026-10-06 04:39:52.780011,0 days 00:03:11.017368,0.2918907020150273,29.680322989793336,78.91305021174706,7.704673657496365,0.009569508337727876,1.4671267453130232e-06,191.01727741165087,47,COMPLETE
5671,,,2026-10-06 04:36:42.966866,2026-10-06 04:36:43.752126,0 days 00:00:00.785260,0.17534157142392734,1.8054001832365776,77.53534752165102,9.330152494857288,0.0023562103691511984,,,47,PRUNED
5672,30.960082397968826,18.632085334636443,2026-10-06 04:36:42.970642,2026-10-06 04:39:55.494816,0 days 00:03:12.524174,0.18472274745078338,1.8054001832365776,78.91305021174706,12.025559114678314,0.008698017554316196,9.476072471348017e-06,192.52406864939258,47,COMPLETE
5673,11.027807483972046,5.766364903874511,2026-10-06 04:36:42.974632,2026-10-06 04:39:52.794449,0 days 00:03:09.819817,0.22031827582514427,1.0100598856645617,3.5298557815778584,45.605935248059524,0.009569508337727876,2.328670127015952e-06,189.81972845783457,47,COMPLETE
5674,,,2026-10-06 04:36:42.990649,2026-10-06 04:36:43.207743,0 days 00:00:00.217094,0.18472274745078338,1.0100598856645617,78.91305021174706,12.025559114678314,0.0028457038522634493,,,47,PRUNED
5675,14.73781937236657,11.71875343706852,2026-10-06 04:36:43.312697,2026-10-06 04:39:53.029226,0 days 00:03:09.716529,0.2680662921881964,1.8054001832365776,7.256697222334042,18.49957504695779,0.008698017554316196,2.328670127015952e-06,189.71643477492034,47,COMPLETE
5676,15.082514802449628,1.2393372797303241,2026-10-06 04:36:43.320646,2026-10-06 04:39:56.418308,0 days 00:03:13.097662,0.12186470831252749,1.0100598856645617,78.91305021174706,7.704673657496365,0.009569508337727876,61.79408182958749,193.09755656588823,47,COMPLETE
5677,31.316505255796404,18.16774381217227,2026-10-06 04:36:43.381651,2026-10-06 04:39:56.442988,0 days 00:03:13.061337,0.22031827582514427,1.8054001832365776,78.91305021174706,6.2207797596123,0.008698017554316196,2.328670127015952e-06,193.06123193493113,47,COMPLETE
5678,,,2026-10-06 04:36:43.736840,2026-10-06 04:36:44.804755,0 days 00:00:01.067915,0.2680662921881964,14.190139542185591,78.91305021174706,53.19831855856638,0.008698017554316196,,,47,PRUNED
5679,,,2026-10-06 04:36:44.232707,2026-10-06 04:36:45.390747,0 days 00:00:01.158040,0.07171281634114084,3.42961079489487,78.91305021174706,53.19831855856638,0.0045768972241947885,,,47,PRUNED
5680,16.904354660460847,3.81525244950687,2026-10-06 04:36:44.918929,2026-10-06 04:39:52.777437,0 days 00:03:07.858508,0.1278567117530432,1.0100598856645617,3.146792438712109,4.280439110405452,0.009569508337727876,1.4671267453130232e-06,187.85839693434536,47,COMPLETE
5681,31.693933081022983,13.401126925556106,2026-10-06 04:36:44.984671,2026-10-06 04:39:58.815945,0 days 00:03:13.831274,0.22031827582514427,1.0100598856645617,78.91305021174706,7.704673657496365,0.009569508337727876,2.328670127015952e-06,193.83114442415535,47,COMPLETE
5682,28.42383078654587,26.217223652403572,2026-10-06 04:36:45.844699,2026-10-06 04:39:56.319985,0 days 00:03:10.475286,0.3401090828369047,3.42961079489487,80.97346391189345,18.49957504695779,0.009569508337727876,1.4671267453130232e-06,190.47515434026718,47,COMPLETE
5683,31.010803018901136,16.409861214718013,2026-10-06 04:37:14.205684,2026-10-06 04:40:24.158961,0 days 00:03:09.953277,0.2680662921881964,1.8054001832365776,78.91305021174706,4.949274479107639,0.008698017554316196,2.328670127015952e-06,189.95315096573904,47,COMPLETE
5684,15.961618332600011,2.429314181987715,2026-10-06 04:37:17.140684,2026-10-06 04:40:28.436177,0 days 00:03:11.295493,0.17534157142392734,3.42961079489487,78.91305021174706,15.382666136782571,0.009569508337727876,14.743971842790057,191.29536019917578,47,COMPLETE
5685,32.02741127358062,10.878482189006201,2026-10-06 04:37:45.832692,2026-10-06 04:41:02.045515,0 days 00:03:16.212823,0.14472486883161542,1.0100598856645617,78.91305021174706,7.704673657496365,0.008698017554316196,6.573491253278908e-05,196.21268322039396,47,COMPLETE
5686,29.317120549378398,25.42483361588202,2026-10-06 04:37:54.157810,2026-10-06 04:41:05.518874,0 days 00:03:11.361064,0.2918907020150273,3.42961079489487,80.97346391189345,18.49957504695779,0.009569508337727876,1.4671267453130232e-06,191.36093352967873,47,COMPLETE
5687,30.69168664952368,19.829054005879172,2026-10-06 04:37:56.730670,2026-10-06 04:41:08.059559,0 days 00:03:11.328889,0.17534157142392734,1.0100598856645617,78.91305021174706,60.230333751959236,0.009569508337727876,2.328670127015952e-06,191.32875898201019,47,COMPLETE
5688,11.219580738313683,1.3140929352459603,2026-10-06 04:38:32.324700,2026-10-06 04:41:46.091697,0 days 00:03:13.766997,0.22031827582514427,1.8054001832365776,7.312938972659471,45.605935248059524,0.07725951850367767,2.328670127015952e-06,193.7666731378995,47,COMPLETE
5689,29.286626990399032,10.18907411319435,2026-10-06 04:39:45.214671,2026-10-06 04:42:59.109900,0 days 00:03:13.895229,0.3401090828369047,3.42961079489487,80.97346391189345,53.19831855856638,0.03709000580683025,1.0746247031029727e-06,193.8951004347764,47,COMPLETE
5690,31.342418456465687,15.394746565369832,2026-10-06 04:39:45.958702,2026-10-06 04:42:59.992761,0 days 00:03:14.034059,0.11816812965117938,1.8054001832365776,78.91305021174706,18.49957504695779,0.009569508337727876,1.4671267453130232e-06,194.0339213181287,47,COMPLETE
5691,31.132851548317877,16.930714264840073,2026-10-06 04:39:46.723352,2026-10-06 04:43:01.703406,0 days 00:03:14.980054,0.17534157142392734,2.5826334477054016,78.91305021174706,6.182683349256731,0.009569508337727876,2.328670127015952e-06,194.97994721168652,47,COMPLETE
5692,21.712396594528787,1.6606642658013768,2026-10-06 04:39:47.445602,2026-10-06 04:43:01.184777,0 days 00:03:13.739175,0.18472274745078338,9.814270699395058,78.91305021174706,18.49957504695779,0.008698017554316196,2.328670127015952e-06,193.73906828602776,47,COMPLETE
5693,29.92553558794224,20.227260443398055,2026-10-06 04:39:47.564784,2026-10-06 04:43:03.252376,0 days 00:03:15.687592,0.17534157142392734,3.42961079489487,78.91305021174706,12.025559114678314,0.008698017554316196,1.4671267453130232e-06,195.68747534928843,47,COMPLETE
5694,,,2026-10-06 04:39:47.576556,2026-10-06 04:39:48.732723,0 days 00:00:01.156167,0.14472486883161542,1.8054001832365776,78.91305021174706,6.182683349256731,0.0012528348973959089,,,47,PRUNED
5695,29.86057671800947,23.742271071000367,2026-10-06 04:39:47.710697,2026-10-06 04:43:04.512114,0 days 00:03:16.801417,0.22031827582514427,2.5826334477054016,78.91305021174706,38.52680789958333,0.009569508337727876,2.328670127015952e-06,196.8012827830389,47,COMPLETE
5696,16.932518389172643,8.831353978405955,2026-10-06 04:39:47.718652,2026-10-06 04:43:00.923911,0 days 00:03:13.205259,0.22031827582514427,2.5826334477054016,78.91305021174706,38.52680789958333,0.009569508337727876,0.9430775624372668,193.20515119004995,47,COMPLETE
5697,27.502918571994474,1.1409120607932546,2026-10-06 04:39:48.201255,2026-10-06 04:43:02.252517,0 days 00:03:14.051262,0.02998259302932803,3.42961079489487,78.91305021174706,4.949274479107639,0.008698017554316196,1.4671267453130232e-06,194.0511562419124,47,COMPLETE
5698,23.47474147747898,3.0461497927549663,2026-10-06 04:39:48.527689,2026-10-06 04:43:00.694783,0 days 00:03:12.167094,0.18472274745078338,1.8054001832365776,12.256442386809553,12.025559114678314,0.029310569013714396,2.328670127015952e-06,191.73262388305739,47,COMPLETE
5699,29.525146260716088,24.803835229633087,2026-10-06 04:39:48.557218,2026-10-06 04:43:00.525593,0 days 00:03:11.968375,0.2680662921881964,1.8054001832365776,78.91305021174706,18.49957504695779,0.008698017554316196,2.328670127015952e-06,191.96826201397926,47,COMPLETE
5700,23.375232136126392,32.287505094854964,2026-10-06 04:39:49.048588,2026-10-06 04:43:02.515391,0 days 00:03:13.466803,0.48967816666395225,3.42961079489487,78.91305021174706,53.19831855856638,0.009569508337727876,1.4671267453130232e-06,193.4666861379519,47,COMPLETE
5701,6.0536549682854375,7.718631235605109,2026-10-06 04:39:49.234689,2026-10-06 04:43:04.525661,0 days 00:03:15.290972,0.48967816666395225,3.42961079489487,2.9963793503727674,53.19831855856638,0.002634167463129466,1.4671267453130232e-06,195.2908537168987,47,COMPLETE
5702,17.209229492259492,20.53516241733189,2026-10-06 04:39:49.239552,2026-10-06 04:43:01.196223,0 days 00:03:11.956671,0.3401090828369047,3.42961079489487,24.279577509682895,45.605935248059524,0.009569508337727876,2.328670127015952e-06,191.95657031191513,47,COMPLETE
5703,31.33950045239981,12.928458967354171,2026-10-06 04:39:49.584706,2026-10-06 04:43:05.237221,0 days 00:03:15.652515,0.17534157142392734,1.8054001832365776,78.91305021174706,6.182683349256731,0.008698017554316196,7.018205056501867e-05,195.65164542710409,47,COMPLETE
5704,24.69376874258021,2.645822876472614,2026-10-06 04:39:49.997535,2026-10-06 04:43:03.798991,0 days 00:03:13.801456,0.18472274745078338,1.8054001832365776,78.91305021174706,50.23797599518606,0.008698017554316196,1.0746247031029727e-06,193.8013296131976,47,COMPLETE
5705,18.563186054376953,22.029160656447473,2026-10-06 04:39:50.013905,2026-10-06 04:43:01.515111,0 days 00:03:11.501206,0.48967816666395225,6.28879905307643,44.61877192109334,12.025559114678314,0.009569508337727876,1.2446212784745538e-06,191.5010901442729,47,COMPLETE
5706,17.063785849428527,1.1368100418220553,2026-10-06 04:39:50.390311,2026-10-06 04:43:05.842550,0 days 00:03:15.452239,0.02063861455539143,1.0100598856645617,80.97346391189345,46.431764750098004,0.04647274192290369,2.328670127015952e-06,195.4521065959707,47,COMPLETE
5707,27.02034816170617,4.258855069036419,2026-10-06 04:39:50.393623,2026-10-06 04:42:59.994015,0 days 00:03:09.600392,0.12443288318095694,1.0100598856645617,78.91305021174706,9.645624300176225,0.009569508337727876,0.02605265497059606,189.60028501227498,47,COMPLETE
5708,31.217395242730323,2.079738741372818,2026-10-06 04:39:50.619453,2026-10-06 04:43:02.504054,0 days 00:03:11.884601,0.14472486883161542,1.0100598856645617,78.91305021174706,12.025559114678314,0.051675738239447495,1.2446212784745538e-06,191.88446902716532,47,COMPLETE
5709,17.63930320025984,18.14520771779173,2026-10-06 04:39:50.631774,2026-10-06 04:43:07.111520,0 days 00:03:16.479746,0.8909721182743404,8.312560482695966,78.91305021174706,7.704673657496365,0.009569508337727876,2.328670127015952e-06,196.47963877487928,47,COMPLETE
5710,31.45379482479829,18.073841720567764,2026-10-06 04:39:51.148860,2026-10-06 04:43:01.425183,0 days 00:03:10.276323,0.17534157142392734,1.8054001832365776,78.91305021174706,6.182683349256731,0.008698017554316196,2.328670127015952e-06,190.27619423391297,47,COMPLETE
5711,16.31813660292172,9.733003581705308,2026-10-06 04:39:51.152640,2026-10-06 04:43:07.218257,0 days 00:03:16.065617,0.18472274745078338,2.5826334477054016,9.439979380413217,38.52680789958333,0.009569508337727876,2.328670127015952e-06,196.06551738176495,47,COMPLETE
5712,21.71126505167497,34.64589212283317,2026-10-06 04:39:51.168640,2026-10-06 04:43:02.690614,0 days 00:03:11.521974,0.48967816666395225,6.28879905307643,78.91305021174706,53.19831855856638,0.009569508337727876,2.328670127015952e-06,191.52186378277838,47,COMPLETE
5713,,,2026-10-06 04:39:51.172621,2026-10-06 04:39:52.722738,0 days 00:00:01.550117,0.48967816666395225,22.907774527028415,78.91305021174706,53.19831855856638,0.008698017554316196,,,47,PRUNED
5714,26.980892791120294,3.5355648945761766,2026-10-06 04:39:51.235032,2026-10-06 04:43:04.696292,0 days 00:03:13.461260,0.2680662921881964,1.8054001832365776,78.91305021174706,27.344391936939996,0.008698017554316196,2.328670127015952e-06,193.4611675539054,47,COMPLETE
5715,30.80041468455038,21.11950142722363,2026-10-06 04:39:51.258796,2026-10-06 04:43:04.039345,0 days 00:03:12.780549,0.22031827582514427,1.8054001832365776,78.91305021174706,18.49957504695779,0.009569508337727876,1.4671267453130232e-06,192.78043532697484,47,COMPLETE
5716,23.375232136126392,32.287505094854964,2026-10-06 04:39:51.284742,2026-10-06 04:43:02.258277,0 days 00:03:10.973535,0.48967816666395225,3.42961079489487,78.91305021174706,53.19831855856638,0.009569508337727876,1.4671267453130232e-06,190.97344147972763,47,COMPLETE
5717,16.412652286184056,22.236152638477492,2026-10-06 04:39:51.718690,2026-10-06 04:43:05.267509,0 days 00:03:13.548819,0.3401090828369047,11.377695311566207,80.97346391189345,53.19831855856638,0.009569508337727876,1.4671267453130232e-06,193.54871745733544,47,COMPLETE
