number,values_0,values_1,datetime_start,datetime_complete,duration,params_c_val,params_input_force,params_k_between_val,params_k_wall_val,params_m_val,params_ridge_alpha,user_attrs_duration_sec,system_attrs_NSGAIISampler:generation,state
3485,30.750237126456305,21.608701079063692,2026-10-06 02:57:00.505687,2026-10-06 03:00:15.089953,0 days 00:03:14.584266,0.17534157142392734,1.8054001832365776,78.91305021174706,18.49957504695779,0.008698017554316196,2.328670127015952e-06,194.58416189998388,29,COMPLETE
3486,27.16554848976199,1.1856560154470221,2026-10-06 02:57:00.828684,2026-10-06 03:00:13.931595,0 days 00:03:13.102911,0.012115759717447452,3.42961079489487,78.91305021174706,1.2402457660666755,0.008698017554316196,2.328670127015952e-06,193.10265513509512,29,COMPLETE
3487,14.622507390258146,1.2823822842388506,2026-10-06 02:57:00.914861,2026-10-06 03:00:15.429944,0 days 00:03:14.515083,0.22031827582514427,1.8054001832365776,78.91305021174706,35.397938808104236,0.009569508337727876,29.309040056472618,194.5149904731661,29,COMPLETE
3488,22.55190976946175,21.977797165461595,2026-10-06 02:57:01.075692,2026-10-06 03:00:13.551767,0 days 00:03:12.476075,0.5650625550769662,2.5826334477054016,78.91305021174706,18.49957504695779,0.009569508337727876,2.328670127015952e-06,192.47596869291738,29,COMPLETE
3489,18.175731307593328,1.1875502777526594,2026-10-06 02:57:01.249685,2026-10-06 03:00:15.926792,0 days 00:03:14.677107,0.017250556072732882,16.53822279181542,78.91305021174706,7.704673657496365,0.01035106598118699,2.328670127015952e-06,194.67699335003272,29,COMPLETE
3490,32.105448248610195,13.77246817701386,2026-10-06 02:57:01.265652,2026-10-06 03:00:12.880812,0 days 00:03:11.615160,0.14472486883161542,1.8054001832365776,78.91305021174706,4.949274479107639,0.009569508337727876,2.328670127015952e-06,191.6150624747388,29,COMPLETE
3491,,,2026-10-06 02:57:01.610864,2026-10-06 02:57:02.655720,0 days 00:00:01.044856,0.035673954931601,18.907494665977364,78.91305021174706,56.50584399858509,0.009569508337727876,,,29,PRUNED
3492,24.744923521982106,21.810337014345393,2026-10-06 02:57:01.614638,2026-10-06 03:00:16.700343,0 days 00:03:15.085705,0.48480307501533615,3.42961079489487,78.91305021174706,12.025559114678314,0.009569508337727876,2.328670127015952e-06,195.0856153909117,29,COMPLETE
3493,25.095244315347806,18.250595473432842,2026-10-06 02:57:01.618632,2026-10-06 03:00:16.678508,0 days 00:03:15.059876,0.48480307501533615,4.6218921609499235,78.91305021174706,6.076117312987076,0.009569508337727876,2.328670127015952e-06,195.05978592298925,29,COMPLETE
3494,17.933826710382156,10.308004798349657,2026-10-06 02:57:01.638646,2026-10-06 03:00:11.897650,0 days 00:03:10.259004,0.7743212821717301,1.8054001832365776,78.91305021174706,4.949274479107639,0.009569508337727876,2.328670127015952e-06,190.25890378002077,29,COMPLETE
3495,0.7910563229525851,1.3712170751391373,2026-10-06 02:57:01.642634,2026-10-06 03:00:14.124314,0 days 00:03:12.481680,0.48967816666395225,16.487082762106738,5.485140136166924,53.19831855856638,0.009569508337727876,2.328670127015952e-06,192.48158994223922,29,COMPLETE
3496,30.61673265559375,18.87683444729395,2026-10-06 02:57:01.856694,2026-10-06 03:00:12.306973,0 days 00:03:10.450279,0.14472486883161542,1.8054001832365776,78.91305021174706,40.2862337213893,0.009569508337727876,2.328670127015952e-06,190.45018390379846,29,COMPLETE
3497,31.063563599673206,12.94108137400991,2026-10-06 02:57:02.252692,2026-10-06 03:00:13.596826,0 days 00:03:11.344134,0.09199357953791944,1.8054001832365776,78.91305021174706,12.025559114678314,0.008698017554316196,2.328670127015952e-06,191.34403582522646,29,COMPLETE
3498,30.153759926282685,15.89182217888276,2026-10-06 02:57:02.272658,2026-10-06 03:00:13.566629,0 days 00:03:11.293971,0.14472486883161542,1.0100598856645617,60.097700982534434,35.397938808104236,0.009569508337727876,2.328670127015952e-06,191.29387783398852,29,COMPLETE
3499,28.19588793823729,21.799054499014446,2026-10-06 02:57:02.403665,2026-10-06 03:00:12.171350,0 days 00:03:09.767685,0.3401090828369047,1.8054001832365776,78.91305021174706,45.605935248059524,0.010111738850313075,2.328670127015952e-06,189.76759354118258,29,COMPLETE
3500,8.709184853434293,1.9442147338749531,2026-10-06 02:57:02.584858,2026-10-06 03:00:13.355431,0 days 00:03:10.770573,0.14472486883161542,1.8054001832365776,1.2706002999267076,6.182683349256731,0.009569508337727876,5.95459981415774e-05,190.7704698429443,29,COMPLETE
3501,16.575673957360234,11.667458597927041,2026-10-06 02:57:02.699622,2026-10-06 03:00:14.927534,0 days 00:03:12.227912,0.9911507238551202,2.5826334477054016,78.91305021174706,9.122144277834785,0.009569508337727876,2.328670127015952e-06,192.22779544396326,29,COMPLETE
3502,31.26636030024494,10.9292171222777,2026-10-06 02:57:02.850805,2026-10-06 03:00:15.284859,0 days 00:03:12.434054,0.07362689198226519,1.4537560081407679,78.91305021174706,35.397938808104236,0.009569508337727876,2.328670127015952e-06,192.43395900074393,29,COMPLETE
3503,30.318462132673965,22.69155310128095,2026-10-06 02:57:03.324684,2026-10-06 03:00:14.932804,0 days 00:03:11.608120,0.22031827582514427,2.5826334477054016,78.91305021174706,22.313710691733014,0.009569508337727876,2.328670127015952e-06,191.6080199391581,29,COMPLETE
3504,18.854956244596774,4.53264795482845,2026-10-06 02:57:03.350660,2026-10-06 03:00:16.503499,0 days 00:03:13.152839,0.48967816666395225,28.532998000746264,78.91305021174706,12.103346056697118,0.009569508337727876,0.0012329229528690018,193.15273677418008,29,COMPLETE
3505,30.970466447131127,18.428354433869643,2026-10-06 02:57:03.504690,2026-10-06 03:00:16.552339,0 days 00:03:13.047649,0.22031827582514427,1.8054001832365776,78.91305021174706,12.025559114678314,0.009569508337727876,2.328670127015952e-06,193.04755169106647,29,COMPLETE
3506,15.734200050968147,1.3330344625482529,2026-10-06 02:57:03.532653,2026-10-06 03:00:17.791535,0 days 00:03:14.258882,0.48967816666395225,40.44736956585994,78.91305021174706,4.949274479107639,0.040096730156301136,73.24107401463615,194.25877252593637,29,COMPLETE
3507,29.54347069244983,13.738218414314654,2026-10-06 02:57:04.031675,2026-10-06 03:00:15.372266,0 days 00:03:11.340591,0.3401090828369047,1.8054001832365776,78.91305021174706,4.949274479107639,0.009569508337727876,2.328670127015952e-06,191.34049816336483,29,COMPLETE
3508,31.80528167362513,13.54847542134847,2026-10-06 02:57:04.039825,2026-10-06 03:00:16.378146,0 days 00:03:12.338321,0.14472486883161542,1.8054001832365776,72.08184555818512,4.949274479107639,0.009569508337727876,2.328670127015952e-06,192.33822905877605,29,COMPLETE
3509,31.6326156548546,16.256556589563694,2026-10-06 02:57:04.043634,2026-10-06 03:00:15.299185,0 days 00:03:11.255551,0.17534157142392734,1.8054001832365776,78.91305021174706,7.704673657496365,0.009569508337727876,2.328670127015952e-06,191.25546554010361,29,COMPLETE
3510,30.03034218913397,1.5737138755871742,2026-10-06 02:57:04.047631,2026-10-06 03:00:14.100488,0 days 00:03:10.052857,0.14472486883161542,5.3498148441281925,78.91305021174706,2.9971903155162227,0.009569508337727876,2.328670127015952e-06,190.05277038784698,29,COMPLETE
3511,28.02833396685769,1.7365403821617766,2026-10-06 02:57:04.107666,2026-10-06 03:00:14.989078,0 days 00:03:10.881412,0.14472486883161542,1.8054001832365776,78.91305021174706,15.209027232423926,0.03463343903868386,0.05144266791289496,190.8813205761835,29,COMPLETE
3512,32.105448248610195,13.77246817701386,2026-10-06 02:57:04.366688,2026-10-06 03:00:14.795671,0 days 00:03:10.428983,0.14472486883161542,1.8054001832365776,78.91305021174706,4.949274479107639,0.009569508337727876,2.328670127015952e-06,190.42886882089078,29,COMPLETE
3513,30.43082778397857,22.201395914186243,2026-10-06 02:57:04.548700,2026-10-06 03:00:16.516671,0 days 00:03:11.967971,0.22031827582514427,2.5826334477054016,78.91305021174706,18.49957504695779,0.009569508337727876,2.328670127015952e-06,191.96787308808416,29,COMPLETE
3514,31.23302359956896,16.525398778449006,2026-10-06 02:57:04.613996,2026-10-06 03:00:16.384979,0 days 00:03:11.770983,0.2527591638095733,1.8054001832365776,78.91305021174706,4.949274479107639,0.008698017554316196,2.328670127015952e-06,191.77089508110657,29,COMPLETE
3515,29.20118312204651,24.074352855408254,2026-10-06 02:57:04.873683,2026-10-06 03:00:14.963937,0 days 00:03:10.090254,0.22031827582514427,3.42961079489487,78.91305021174706,40.29115295108787,0.009569508337727876,2.328670127015952e-06,190.09015986695886,29,COMPLETE
3516,29.050304111815205,19.047465841141808,2026-10-06 02:57:04.964677,2026-10-06 03:00:16.923585,0 days 00:03:11.958908,0.3401090828369047,1.8054001832365776,78.91305021174706,18.49957504695779,0.009569508337727876,2.328670127015952e-06,191.9588158270344,29,COMPLETE
3517,21.551330747090997,1.225288235086881,2026-10-06 02:57:05.245686,2026-10-06 03:00:15.078177,0 days 00:03:09.832491,0.14472486883161542,1.8054001832365776,23.217521991364897,4.949274479107639,0.08981737210888815,1.4671267453130232e-06,189.83236898994073,29,COMPLETE
3518,8.340666777801248,5.392640550127652,2026-10-06 02:57:05.253646,2026-10-06 03:00:16.390515,0 days 00:03:11.136869,0.3401090828369047,2.5826334477054016,1.9005227098045823,18.49957504695779,0.009569508337727876,2.328670127015952e-06,191.13678418518975,29,COMPLETE
3519,30.307714350547563,22.904199665561656,2026-10-06 02:57:05.269643,2026-10-06 03:00:16.126084,0 days 00:03:10.856441,0.22031827582514427,1.8054001832365776,78.91305021174706,40.2862337213893,0.009569508337727876,2.328670127015952e-06,190.85634637763724,29,COMPLETE
3520,25.095212595646863,1.5334685646330004,2026-10-06 02:57:05.293661,2026-10-06 03:00:14.051320,0 days 00:03:08.757659,0.22031827582514427,39.233436974540346,78.91305021174706,12.025559114678314,0.03463343903868386,2.328670127015952e-06,188.75756428623572,29,COMPLETE
3521,27.532874320718246,1.3050906031473553,2026-10-06 02:57:05.720557,2026-10-06 03:00:13.679632,0 days 00:03:07.959075,0.14472486883161542,1.8054001832365776,78.91305021174706,4.949274479107639,0.0864190975208655,2.328670127015952e-06,187.95898344833404,29,COMPLETE
3522,30.710256357321402,1.6669474639642865,2026-10-06 02:57:06.048750,2026-10-06 03:00:16.807594,0 days 00:03:10.758844,0.14472486883161542,1.8054001832365776,78.91305021174706,4.949274479107639,0.050977833815375066,2.328670127015952e-06,190.75875685969368,29,COMPLETE
3523,23.22477676897517,10.626793576887096,2026-10-06 02:57:06.124680,2026-10-06 03:00:16.842324,0 days 00:03:10.717644,0.19189241237051688,1.8054001832365776,78.91305021174706,12.025559114678314,0.008698017554316196,0.04665638074405918,190.7175545496866,29,COMPLETE
3524,29.507491074114235,4.055577310729448,2026-10-06 02:57:07.208702,2026-10-06 03:00:18.789511,0 days 00:03:11.580809,0.48967816666395225,3.42961079489487,78.91305021174706,20.15963980517147,0.0799515248196603,2.328670127015952e-06,191.58070498192683,29,COMPLETE
3525,2.3181241234576757,1.2476570662312456,2026-10-06 02:57:07.264690,2026-10-06 03:00:21.774978,0 days 00:03:14.510288,0.01444114461333447,21.421573872166416,10.11476685970918,46.431764750098004,0.009569508337727876,0.577995181839542,194.51017136406153,29,COMPLETE
3526,27.166887485649056,28.253547321228112,2026-10-06 02:57:31.243397,2026-10-06 03:00:46.138269,0 days 00:03:14.894872,0.3401090828369047,3.42961079489487,78.91305021174706,35.397938808104236,0.009569508337727876,2.328670127015952e-06,194.894740562886,29,COMPLETE
3527,32.73285602307689,3.769559947926541,2026-10-06 02:58:51.976811,2026-10-06 03:02:04.157405,0 days 00:03:12.180594,0.14472486883161542,1.8054001832365776,78.91305021174706,12.025559114678314,0.03463343903868386,2.328670127015952e-06,192.18047108501196,29,COMPLETE
3528,28.967866158826457,15.653890071137036,2026-10-06 03:00:07.926691,2026-10-06 03:03:25.519712,0 days 00:03:17.593021,0.3401090828369047,1.0100598856645617,78.91305021174706,18.49957504695779,0.009569508337727876,2.328670127015952e-06,197.5929001509212,29,COMPLETE
3529,27.442760971183965,27.41594956249642,2026-10-06 03:00:08.216698,2026-10-06 03:03:21.717622,0 days 00:03:13.500924,0.3401090828369047,2.5826334477054016,78.91305021174706,45.605935248059524,0.009569508337727876,2.328670127015952e-06,193.500821352005,29,COMPLETE
3530,30.033193392479188,22.258797637134947,2026-10-06 03:00:08.859856,2026-10-06 03:03:21.700952,0 days 00:03:12.841096,0.19189241237051688,2.5826334477054016,78.91305021174706,40.2862337213893,0.009569508337727876,2.328670127015952e-06,192.8409910374321,29,COMPLETE
3531,26.217434534122862,24.539910529707974,2026-10-06 03:00:09.456698,2026-10-06 03:03:22.249912,0 days 00:03:12.793214,0.22031827582514427,6.28879905307643,78.91305021174706,53.19831855856638,0.009569508337727876,2.328670127015952e-06,192.79310750588775,29,COMPLETE
3532,32.05859882302682,5.184994418989741,2026-10-06 03:00:09.555861,2026-10-06 03:03:25.213968,0 days 00:03:15.658107,0.14472486883161542,1.8054001832365776,78.91305021174706,22.948246602457722,0.02924099637160356,2.328670127015952e-06,195.65800612280145,29,COMPLETE
3533,31.33832041971332,17.045783991121418,2026-10-06 03:00:10.060688,2026-10-06 03:03:22.085540,0 days 00:03:12.024852,0.14472486883161542,1.8054001832365776,78.91305021174706,14.765581048031784,0.009569508337727876,2.328670127015952e-06,192.02473755413666,29,COMPLETE
3534,32.87239389094144,3.6246070836829456,2026-10-06 03:00:10.164691,2026-10-06 03:03:22.869320,0 days 00:03:12.704629,0.14472486883161542,1.0100598856645617,78.91305021174706,18.49957504695779,0.03463343903868386,2.328670127015952e-06,192.70451843412593,29,COMPLETE
3535,13.862946407559921,4.788089198237055,2026-10-06 03:00:10.449697,2026-10-06 03:03:21.374108,0 days 00:03:10.924411,0.17534157142392734,1.8054001832365776,3.187317189270024,6.182683349256731,0.008698017554316196,2.328670127015952e-06,190.92428854480386,29,COMPLETE
3536,31.933971437027573,11.637527448888095,2026-10-06 03:00:10.978120,2026-10-06 03:03:28.326107,0 days 00:03:17.347987,0.14472486883161542,1.8054001832365776,78.91305021174706,4.949274479107639,0.011184078525415826,2.328670127015952e-06,197.34789306484163,29,COMPLETE
3537,30.307714350547563,22.904199665561656,2026-10-06 03:00:11.660977,2026-10-06 03:03:26.677648,0 days 00:03:15.016671,0.22031827582514427,1.8054001832365776,78.91305021174706,40.2862337213893,0.009569508337727876,2.328670127015952e-06,195.01657839491963,29,COMPLETE
3538,26.22297104126625,5.83842899890935,2026-10-06 03:00:11.664649,2026-10-06 03:03:24.808515,0 days 00:03:13.143866,0.17534157142392734,3.42961079489487,78.91305021174706,4.949274479107639,0.009569508337727876,0.00251303173288896,193.14375867974013,29,COMPLETE
3539,17.209959657166955,12.497075434670512,2026-10-06 03:00:11.913967,2026-10-06 03:03:27.310101,0 days 00:03:15.396134,0.22031827582514427,1.8054001832365776,12.019171453008795,35.397938808104236,0.009569508337727876,2.328670127015952e-06,195.39604410203174,29,COMPLETE
3540,14.46072281539871,1.2327124665832554,2026-10-06 03:00:12.325164,2026-10-06 03:03:21.957932,0 days 00:03:09.632768,0.17534157142392734,40.313597926786414,78.91305021174706,53.19831855856638,0.05016581056153883,2.328670127015952e-06,189.63264492480084,29,COMPLETE
3541,0.25955268524159564,1.1606252765754799,2026-10-06 03:00:12.328217,2026-10-06 03:03:21.588821,0 days 00:03:09.260604,0.14472486883161542,1.8054001832365776,78.91305021174706,4.949274479107639,0.007734888229995355,2.328670127015952e-06,189.26048568915576,29,COMPLETE
3542,32.105448248610195,13.77246817701386,2026-10-06 03:00:12.364978,2026-10-06 03:03:26.072574,0 days 00:03:13.707596,0.14472486883161542,1.8054001832365776,78.91305021174706,4.949274479107639,0.009569508337727876,2.328670127015952e-06,193.7075035222806,29,COMPLETE
3543,30.186367113980083,21.073783321638075,2026-10-06 03:00:12.367245,2026-10-06 03:03:26.967439,0 days 00:03:14.600194,0.17534157142392734,2.5826334477054016,78.91305021174706,36.239456082116625,0.009569508337727876,2.328670127015952e-06,194.60009689303115,29,COMPLETE
3544,13.252334245618439,2.8122028692511347,2026-10-06 03:00:12.370757,2026-10-06 03:03:27.917145,0 days 00:03:15.546388,0.48480307501533615,24.206084407262836,78.91305021174706,35.397938808104236,0.009569508337727876,2.328670127015952e-06,195.54629032220691,29,COMPLETE
3545,30.935633493751475,21.183231084813062,2026-10-06 03:00:12.928974,2026-10-06 03:03:26.249500,0 days 00:03:13.320526,0.19189241237051688,1.8054001832365776,78.91305021174706,12.025559114678314,0.008698017554316196,2.328670127015952e-06,193.32044093310833,29,COMPLETE
3546,,,2026-10-06 03:00:13.036678,2026-10-06 03:00:13.619191,0 days 00:00:00.582513,0.17534157142392734,1.8054001832365776,78.91305021174706,7.704673657496365,0.0012833687407315037,,,29,PRUNED
3547,21.135857100793146,25.99391496927968,2026-10-06 03:00:13.200700,2026-10-06 03:03:29.126360,0 days 00:03:15.925660,0.48967816666395225,3.42961079489487,63.982416637441816,53.19831855856638,0.009569508337727876,2.328670127015952e-06,195.92554790806025,29,COMPLETE
3548,31.6326156548546,16.256556589563694,2026-10-06 03:00:13.304678,2026-10-06 03:03:25.901898,0 days 00:03:12.597220,0.17534157142392734,1.8054001832365776,78.91305021174706,7.704673657496365,0.009569508337727876,2.328670127015952e-06,192.59711039206013,29,COMPLETE
3549,8.207867682368041,7.795837053079632,2026-10-06 03:00:13.707867,2026-10-06 03:03:27.536242,0 days 00:03:13.828375,0.48480307501533615,3.42961079489487,4.929654911013127,46.431764750098004,0.009569508337727876,2.8667778942139165e-05,193.82825534092262,29,COMPLETE
3550,32.105448248610195,13.77246817701386,2026-10-06 03:00:13.719643,2026-10-06 03:03:21.688380,0 days 00:03:07.968737,0.14472486883161542,1.8054001832365776,78.91305021174706,4.949274479107639,0.009569508337727876,2.328670127015952e-06,187.96862271009013,29,COMPLETE
3551,18.92817218275783,11.673487266348875,2026-10-06 03:00:13.723635,2026-10-06 03:03:27.301861,0 days 00:03:13.578226,0.17534157142392734,1.8054001832365776,10.213390923113051,18.81759050518774,0.009569508337727876,2.328670127015952e-06,193.5781415803358,29,COMPLETE
3552,20.172414849060182,6.439529143832074,2026-10-06 03:00:13.727630,2026-10-06 03:03:25.921768,0 days 00:03:12.194138,0.48480307501533615,3.42961079489487,22.489072600783274,3.986220587214906,0.02696370104171476,2.328670127015952e-06,192.19373019086197,29,COMPLETE
3553,32.105448248610195,13.77246817701386,2026-10-06 03:00:13.731626,2026-10-06 03:03:23.502240,0 days 00:03:09.770614,0.14472486883161542,1.8054001832365776,78.91305021174706,4.949274479107639,0.009569508337727876,2.328670127015952e-06,189.77051621070132,29,COMPLETE
3554,24.757398124055868,3.179803895546188,2026-10-06 03:00:13.735623,2026-10-06 03:03:29.410529,0 days 00:03:15.674906,0.14472486883161542,3.42961079489487,69.80271703065166,4.949274479107639,0.009569508337727876,2.328670127015952e-06,195.67479967791587,29,COMPLETE
3555,31.832112308362134,14.251160526178374,2026-10-06 03:00:13.739640,2026-10-06 03:03:23.241296,0 days 00:03:09.501656,0.14472486883161542,1.8054001832365776,83.81119013953098,4.949274479107639,0.009569508337727876,2.328670127015952e-06,189.50155622698367,29,COMPLETE
3556,27.5227024153016,13.420523965409828,2026-10-06 03:00:14.532867,2026-10-06 03:03:30.237759,0 days 00:03:15.704892,0.4168968378996113,1.8054001832365776,78.91305021174706,4.949274479107639,0.009569508337727876,2.328670127015952e-06,195.70478602312505,29,COMPLETE
3557,19.12267017841974,19.16751611150734,2026-10-06 03:00:14.536646,2026-10-06 03:03:23.584050,0 days 00:03:09.047404,0.48967816666395225,3.42961079489487,78.91305021174706,53.19831855856638,0.009569508337727876,0.00036445869864670165,189.0473055387847,29,COMPLETE
3558,23.486525302431005,1.5802585878772184,2026-10-06 03:00:14.540630,2026-10-06 03:03:25.276145,0 days 00:03:10.735515,0.14472486883161542,27.037501993672933,78.91305021174706,18.49957504695779,0.017104947017758547,2.328670127015952e-06,190.73542492976412,29,COMPLETE
3559,29.20134140006782,24.07413972830791,2026-10-06 03:00:14.544642,2026-10-06 03:03:28.400409,0 days 00:03:13.855767,0.22031827582514427,3.42961079489487,78.91305021174706,40.2862337213893,0.009569508337727876,2.328670127015952e-06,193.8556786668487,29,COMPLETE
3560,1.1568365038008426,1.1548323736556778,2026-10-06 03:00:14.582654,2026-10-06 03:03:25.870673,0 days 00:03:11.288019,0.017279212655412296,47.47222462601742,78.91305021174706,12.025559114678314,0.009569508337727876,0.0004044684030891765,191.28790793195367,29,COMPLETE
3561,29.050304111815205,19.047465841141808,2026-10-06 03:00:15.375684,2026-10-06 03:03:28.144645,0 days 00:03:12.768961,0.3401090828369047,1.8054001832365776,78.91305021174706,18.49957504695779,0.009569508337727876,2.328670127015952e-06,192.7688685436733,30,COMPLETE
3562,30.775732267304583,20.30297797784019,2026-10-06 03:00:15.401377,2026-10-06 03:03:28.234501,0 days 00:03:12.833124,0.22031827582514427,1.8054001832365776,78.91305021174706,18.49957504695779,0.009569508337727876,2.328670127015952e-06,192.83303843811154,30,COMPLETE
3563,31.82632862020902,16.1371655868811,2026-10-06 03:00:15.404650,2026-10-06 03:03:28.594612,0 days 00:03:13.189962,0.17534157142392734,1.8054001832365776,78.91305021174706,6.182683349256731,0.009569508337727876,1.4671267453130232e-06,193.18986571300775,30,COMPLETE
3564,29.20134140006782,24.07413972830791,2026-10-06 03:00:15.408633,2026-10-06 03:03:29.683115,0 days 00:03:14.274482,0.22031827582514427,3.42961079489487,78.91305021174706,40.2862337213893,0.009569508337727876,2.328670127015952e-06,194.2743879086338,30,COMPLETE
3565,,,2026-10-06 03:00:15.412625,2026-10-06 03:00:16.654732,0 days 00:00:01.242107,0.48480307501533615,1.8054001832365776,78.91305021174706,46.431764750098004,0.004149842343089526,,,30,PRUNED
3566,0.10217213855927994,1.1845908703948642,2026-10-06 03:00:15.416629,2026-10-06 03:03:24.498497,0 days 00:03:09.081868,0.49794516642346964,1.8054001832365776,78.91305021174706,18.49957504695779,0.008698017554316196,2.328670127015952e-06,189.08175078500062,30,COMPLETE
