number,values_0,values_1,datetime_start,datetime_complete,duration,params_c_val,params_input_force,params_k_between_val,params_k_wall_val,params_m_val,params_ridge_alpha,user_attrs_duration_sec,system_attrs_NSGAIISampler:generation,state
6131,15.349951146553163,4.4611731693792676,2026-10-06 04:59:07.116693,2026-10-06 05:02:21.332099,0 days 00:03:14.215406,0.17534157142392734,48.366290959920136,29.616928336674505,12.025559114678314,0.008698017554316196,2.328670127015952e-06,194.21531252469867,51,COMPLETE
6132,32.186041181369504,14.750184566046366,2026-10-06 04:59:07.503862,2026-10-06 05:02:20.794492,0 days 00:03:13.290630,0.14472486883161542,1.0100598856645617,78.91305021174706,7.704673657496365,0.008698017554316196,1.4671267453130232e-06,193.29054461000487,51,COMPLETE
6133,29.889565939820535,17.92988228788674,2026-10-06 04:59:07.507649,2026-10-06 05:02:21.452518,0 days 00:03:13.944869,0.2680662921881964,1.8054001832365776,69.16329565667773,8.858210845255327,0.008698017554316196,1.4671267453130232e-06,193.94466085592285,51,COMPLETE
6134,19.8034860120298,5.3295504369765965,2026-10-06 04:59:07.511628,2026-10-06 05:02:21.280148,0 days 00:03:13.768520,0.18895959097737963,47.71506538847282,78.91305021174706,17.444176692293013,0.009569508337727876,10.423641896038458,193.76842968491837,51,COMPLETE
6135,20.929773046772368,5.990131474294709,2026-10-06 04:59:07.515629,2026-10-06 05:02:22.851584,0 days 00:03:15.335955,0.08933945895846905,2.5826334477054016,78.91305021174706,16.966954115393197,0.008698017554316196,2.7307875960035246,195.33575845183805,51,COMPLETE
6136,32.72872192649599,11.138591082090983,2026-10-06 04:59:07.519626,2026-10-06 05:02:22.400841,0 days 00:03:14.881215,0.09463773086870245,1.0100598856645617,78.91305021174706,12.025559114678314,0.009569508337727876,1.2446212784745538e-06,194.88109982386231,51,COMPLETE
6137,28.034054502988187,15.80116523126345,2026-10-06 04:59:07.616652,2026-10-06 05:02:24.368543,0 days 00:03:16.751891,0.2680662921881964,1.8054001832365776,78.91305021174706,18.49957504695779,0.008698017554316196,0.0006085422297063579,196.75176848145202,51,COMPLETE
6138,31.19543049467767,19.465682885378026,2026-10-06 04:59:08.349688,2026-10-06 05:02:18.120196,0 days 00:03:09.770508,0.19189241237051688,1.8054001832365776,78.91305021174706,12.025559114678314,0.009569508337727876,1.0746247031029727e-06,189.7703820229508,51,COMPLETE
6139,30.334692020729882,20.449679883876733,2026-10-06 04:59:08.365647,2026-10-06 05:02:19.908504,0 days 00:03:11.542857,0.2680662921881964,1.8054001832365776,78.91305021174706,9.333836299391244,0.008698017554316196,2.328670127015952e-06,191.5427624299191,51,COMPLETE
6140,32.12595513428478,14.206079991595766,2026-10-06 04:59:08.884851,2026-10-06 05:02:20.423519,0 days 00:03:11.538668,0.11816812965117938,1.0100598856645617,80.97346391189345,18.49957504695779,0.009569508337727876,1.4671267453130232e-06,191.5385527741164,51,COMPLETE
6141,32.00868012965345,15.816082889212076,2026-10-06 04:59:08.888639,2026-10-06 05:02:23.205808,0 days 00:03:14.317169,0.17534157142392734,1.0100598856645617,78.91305021174706,8.858210845255327,0.008698017554316196,1.4671267453130232e-06,194.31704714195803,51,COMPLETE
6142,0.48043230385472996,1.1789624472458897,2026-10-06 04:59:08.892632,2026-10-06 05:02:19.244528,0 days 00:03:10.351896,0.35349415915446786,8.555315461734676,78.91305021174706,18.49957504695779,0.008698017554316196,1.4671267453130232e-06,190.35180019726977,51,COMPLETE
6143,30.712905409568258,12.058653348220584,2026-10-06 04:59:08.938815,2026-10-06 05:02:21.637095,0 days 00:03:12.698280,0.17534157142392734,1.8054001832365776,78.91305021174706,61.791510736644,0.019033545739168514,1.4671267453130232e-06,192.6981752612628,51,COMPLETE
6144,8.981424513276801,5.325298149801225,2026-10-06 04:59:09.112701,2026-10-06 05:02:21.661741,0 days 00:03:12.549040,0.2918907020150273,1.8054001832365776,1.9155710033957307,16.966954115393197,0.009569508337727876,2.328670127015952e-06,192.54893676703796,51,COMPLETE
6145,31.187564704759602,20.059948025582262,2026-10-06 04:59:09.120643,2026-10-06 05:02:21.547834,0 days 00:03:12.427191,0.17534157142392734,1.8054001832365776,78.91305021174706,8.858210845255327,0.008698017554316196,1.4671267453130232e-06,192.42709646001458,51,COMPLETE
6146,28.097222668614233,20.83574441365663,2026-10-06 04:59:09.181813,2026-10-06 05:02:19.643958,0 days 00:03:10.462145,0.3401090828369047,3.42961079489487,78.91305021174706,5.5757334869112825,0.008698017554316196,2.328670127015952e-06,190.4620241848752,51,COMPLETE
6147,23.173731469145597,1.31952327914439,2026-10-06 04:59:09.252608,2026-10-06 05:02:19.092998,0 days 00:03:09.840390,0.2918907020150273,1.8054001832365776,78.91305021174706,1.133166240461143,0.0831092640253119,0.07701308821695986,189.84027929836884,51,COMPLETE
6148,14.409835187344237,1.2543777878538105,2026-10-06 04:59:09.560701,2026-10-06 05:02:22.054012,0 days 00:03:12.493311,0.1269892283627391,1.0100598856645617,69.16329565667773,7.704673657496365,0.009569508337727876,78.45620205906336,192.49321637954563,51,COMPLETE
6149,17.336872152891953,1.639286939435994,2026-10-06 04:59:09.688687,2026-10-06 05:02:24.809133,0 days 00:03:15.120446,0.18472274745078338,1.8054001832365776,78.91305021174706,8.858210845255327,0.008698017554316196,1.53847872370924,195.12032562913373,51,COMPLETE
6150,25.67162853810902,1.3610730316427806,2026-10-06 04:59:10.237853,2026-10-06 05:02:22.200773,0 days 00:03:11.962920,0.14472486883161542,38.21698281651304,80.97346391189345,12.025559114678314,0.03463343903868386,1.4671267453130232e-06,191.96278206910938,51,COMPLETE
6151,32.796426836323384,1.7559801496295244,2026-10-06 04:59:10.241640,2026-10-06 05:02:24.259114,0 days 00:03:14.017474,0.1269892283627391,1.0100598856645617,80.97346391189345,1.5659916606433144,0.031509659255209314,2.328670127015952e-06,194.0173648968339,51,COMPLETE
6152,20.103167139310337,7.762146419769431,2026-10-06 04:59:10.560682,2026-10-06 05:02:21.166802,0 days 00:03:10.606120,0.11816812965117938,1.8054001832365776,8.458144611039478,18.49957504695779,0.009569508337727876,1.4671267453130232e-06,190.6059891139157,51,COMPLETE
6153,14.800810758703104,1.3218450094637135,2026-10-06 04:59:10.580637,2026-10-06 05:02:25.176538,0 days 00:03:14.595901,0.3401090828369047,4.014839763781616,80.97346391189345,8.14561959513883,0.009569508337727876,29.963177219728845,194.59573352942243,51,COMPLETE
6154,32.35139511033228,14.074195075963036,2026-10-06 04:59:10.654654,2026-10-06 05:02:19.491479,0 days 00:03:08.836825,0.14472486883161542,1.0100598856645617,78.91305021174706,12.025559114678314,0.009569508337727876,1.2446212784745538e-06,188.83671017736197,51,COMPLETE
6155,15.262945753128358,4.80258600675895,2026-10-06 04:59:10.978789,2026-10-06 05:02:21.811476,0 days 00:03:10.832687,0.20219175183288826,1.0100598856645617,20.406968872503036,18.49957504695779,0.009569508337727876,0.05787461391201809,190.83255152311176,51,COMPLETE
6156,27.923271810431466,1.817371094056491,2026-10-06 04:59:10.982644,2026-10-06 05:02:19.341445,0 days 00:03:08.358801,0.3359431151590444,1.0100598856645617,78.91305021174706,12.025559114678314,0.008698017554316196,2.328670127015952e-06,188.3586955089122,51,COMPLETE
6157,29.528087942622392,25.622124392395328,2026-10-06 04:59:11.195680,2026-10-06 05:02:23.325524,0 days 00:03:12.129844,0.2680662921881964,1.8054001832365776,78.91305021174706,18.49957504695779,0.008698017554316196,1.4671267453130232e-06,192.1286434782669,51,COMPLETE
6158,32.09221029222491,4.619285385625591,2026-10-06 04:59:11.315661,2026-10-06 05:02:23.344605,0 days 00:03:12.028944,0.04080168667719707,1.0100598856645617,78.91305021174706,12.025559114678314,0.008698017554316196,1.4671267453130232e-06,192.02882789028808,51,COMPLETE
6159,2.738580113770514,1.2509720258380546,2026-10-06 04:59:12.091855,2026-10-06 05:02:22.542583,0 days 00:03:10.450728,0.7489366882736382,49.04240799530086,80.97346391189345,53.19831855856638,0.009569508337727876,1.4671267453130232e-06,190.45061463396996,51,COMPLETE
6160,24.124662814925216,1.2096047457844783,2026-10-06 04:59:12.095645,2026-10-06 05:02:24.662945,0 days 00:03:12.567300,0.18895959097737963,15.584703878387362,78.91305021174706,16.966954115393197,0.03463343903868386,5.468452141767006e-05,192.56720255920663,51,COMPLETE
6161,13.56355363166234,1.2617013522133773,2026-10-06 04:59:12.099626,2026-10-06 05:02:26.497809,0 days 00:03:14.398183,0.2680662921881964,1.8054001832365776,78.91305021174706,18.49957504695779,0.008698017554316196,90.14571461784573,194.39805340208113,51,COMPLETE
6162,30.47186532507893,7.232480363270372,2026-10-06 04:59:12.825686,2026-10-06 05:02:24.670513,0 days 00:03:11.844827,0.06441798531902292,1.8054001832365776,78.91305021174706,7.704673657496365,0.008698017554316196,1.4671267453130232e-06,191.84473440330476,51,COMPLETE
6163,32.252751099577,13.711768513546609,2026-10-06 04:59:12.829644,2026-10-06 05:02:23.846173,0 days 00:03:11.016529,0.12186470831252749,1.0100598856645617,78.91305021174706,18.49957504695779,0.009569508337727876,2.328670127015952e-06,191.0164214479737,51,COMPLETE
6164,22.3177719791068,12.707205770015136,2026-10-06 04:59:13.449678,2026-10-06 05:02:27.469787,0 days 00:03:14.020109,0.2918907020150273,1.0100598856645617,80.97346391189345,31.691147258163955,0.009569508337727876,0.00098406581841281,194.01997729716823,51,COMPLETE
6165,28.920547915045233,17.480605439747375,2026-10-06 04:59:14.248716,2026-10-06 05:02:26.876519,0 days 00:03:12.627803,0.1240038972802171,2.5826334477054016,78.91305021174706,53.19831855856638,0.008698017554316196,4.1542003309400364e-05,192.62769279209897,51,COMPLETE
6166,31.600870502031125,18.026010912336382,2026-10-06 04:59:14.825625,2026-10-06 05:02:24.293513,0 days 00:03:09.467888,0.19189241237051688,1.8054001832365776,78.91305021174706,4.949274479107639,0.008698017554316196,1.4671267453130232e-06,189.46778246806934,51,COMPLETE
6167,25.854254943852123,1.3017847406849006,2026-10-06 04:59:41.230732,2026-10-06 05:02:49.460818,0 days 00:03:08.230086,0.09700746325663646,6.3960738256330565,78.91305021174706,12.025559114678314,0.009569508337727876,1.2446212784745538e-06,188.22994030779228,51,COMPLETE
6168,24.611066613593362,1.9444083443361917,2026-10-06 04:59:45.569852,2026-10-06 05:02:58.076870,0 days 00:03:12.507018,0.08271832549949915,36.60009561322691,78.91305021174706,12.025559114678314,0.009569508337727876,1.2446212784745538e-06,192.50689721899107,51,COMPLETE
6169,32.0969896072665,15.459686287051172,2026-10-06 04:59:58.426705,2026-10-06 05:02:57.706006,0 days 00:02:59.279301,0.14472486883161542,1.0100598856645617,78.91305021174706,17.444176692293013,0.009569508337727876,1.2446212784745538e-06,179.27917275903746,51,COMPLETE
6170,,,2026-10-06 05:00:21.711857,2026-10-06 05:00:22.154735,0 days 00:00:00.442878,0.14472486883161542,1.0100598856645617,78.91305021174706,18.49957504695779,0.0033992268368293384,,,51,PRUNED
6171,31.773353080263327,3.0090040456490073,2026-10-06 05:00:22.218692,2026-10-06 05:03:34.837526,0 days 00:03:12.618834,0.03346156265443802,1.0100598856645617,78.91305021174706,7.704673657496365,0.008698017554316196,1.2446212784745538e-06,192.61870796000585,51,COMPLETE
6172,33.039633996324746,6.64085523359787,2026-10-06 05:00:24.976684,2026-10-06 05:03:37.043630,0 days 00:03:12.066946,0.06441798531902292,1.0100598856645617,78.91305021174706,7.704673657496365,0.009569508337727876,2.328670127015952e-06,192.06681569386274,51,COMPLETE
6173,17.073402335720576,5.7278576738799165,2026-10-06 05:01:04.371671,2026-10-06 05:04:15.377781,0 days 00:03:11.006110,0.14472486883161542,1.8054001832365776,5.3314966978584595,2.5931783094816834,0.008698017554316196,1.4671267453130232e-06,191.00597713980824,51,COMPLETE
6174,26.063914971599512,30.2155219007695,2026-10-06 05:02:15.183052,2026-10-06 05:05:29.967439,0 days 00:03:14.784387,0.35349415915446786,3.42961079489487,78.91305021174706,53.19831855856638,0.009569508337727876,1.4671267453130232e-06,194.78427513223141,51,COMPLETE
6175,30.748633635853157,21.7672893085043,2026-10-06 05:02:15.659718,2026-10-06 05:05:28.763490,0 days 00:03:13.103772,0.17534157142392734,1.8054001832365776,78.91305021174706,18.49957504695779,0.008698017554316196,1.4671267453130232e-06,193.1036448511295,51,COMPLETE
6176,31.799266933534746,17.576528534112697,2026-10-06 05:02:16.776673,2026-10-06 05:05:28.637062,0 days 00:03:11.860389,0.17534157142392734,1.0100598856645617,78.91305021174706,12.025559114678314,0.008698017554316196,1.2446212784745538e-06,191.86025451682508,51,COMPLETE
6177,17.405656853650946,8.640495654682883,2026-10-06 05:02:17.328697,2026-10-06 05:05:30.617720,0 days 00:03:13.289023,0.2918907020150273,37.63863552807188,61.15476684125885,18.49957504695779,0.008698017554316196,2.328670127015952e-06,193.2888966850005,51,COMPLETE
6178,16.259054452897708,26.522254166449375,2026-10-06 05:02:17.378672,2026-10-06 05:05:29.127025,0 days 00:03:11.748353,0.48967816666395225,6.28879905307643,38.073309376582166,53.19831855856638,0.009569508337727876,2.328670127015952e-06,191.74821914592758,51,COMPLETE
6179,33.15072549952123,3.438517429646824,2026-10-06 05:02:17.474802,2026-10-06 05:05:30.172578,0 days 00:03:12.697776,0.14472486883161542,1.0100598856645617,78.91305021174706,12.025559114678314,0.03463343903868386,1.2446212784745538e-06,192.69763977313414,51,COMPLETE
6180,32.317573581173825,13.20391233507132,2026-10-06 05:02:18.003840,2026-10-06 05:05:28.750608,0 days 00:03:10.746768,0.14472486883161542,1.0100598856645617,78.91305021174706,4.949274479107639,0.008698017554316196,1.4671267453130232e-06,190.74663006933406,51,COMPLETE
6181,26.7654526718954,22.35733747987168,2026-10-06 05:02:18.220679,2026-10-06 05:05:28.468920,0 days 00:03:10.248241,0.2918907020150273,4.014839763781616,78.91305021174706,18.49957504695779,0.008698017554316196,1.2446212784745538e-06,190.2481041769497,51,COMPLETE
6182,29.624856699444774,20.607071230530828,2026-10-06 05:02:18.425674,2026-10-06 05:05:33.023449,0 days 00:03:14.597775,0.2918907020150273,4.014839763781616,78.91305021174706,7.14008749932051,0.009569508337727876,1.4671267453130232e-06,194.59767038328573,51,COMPLETE
6183,22.357851053805515,1.241491357936056,2026-10-06 05:02:18.460651,2026-10-06 05:05:31.135464,0 days 00:03:12.674813,0.030320853155758713,3.42961079489487,78.91305021174706,18.49957504695779,0.009569508337727876,1.4671267453130232e-06,192.67468183673918,51,COMPLETE
6184,32.18584629166196,15.057484446981274,2026-10-06 05:02:18.865077,2026-10-06 05:05:34.488546,0 days 00:03:15.623469,0.14472486883161542,1.0100598856645617,78.91305021174706,7.704673657496365,0.008698017554316196,1.2446212784745538e-06,195.62333307089284,51,COMPLETE
6185,31.40006730863272,4.528704919058337,2026-10-06 05:02:18.868634,2026-10-06 05:05:33.121017,0 days 00:03:14.252383,0.2680662921881964,1.8054001832365776,78.91305021174706,18.49957504695779,0.04730112226399354,2.328670127015952e-06,194.25229269592091,51,COMPLETE
6186,,,2026-10-06 05:02:19.232709,2026-10-06 05:02:20.719727,0 days 00:00:01.487018,0.3401090828369047,3.42961079489487,78.91305021174706,3.448831904290866,0.004484536267958603,,,51,PRUNED
6187,,,2026-10-06 05:02:19.780898,2026-10-06 05:02:20.357458,0 days 00:00:00.576560,0.18472274745078338,1.8054001832365776,80.97346391189345,12.025559114678314,0.0021488336081251017,,,51,PRUNED
6188,0.11188740536921626,1.1993847626767487,2026-10-06 05:02:19.784658,2026-10-06 05:05:30.913054,0 days 00:03:11.128396,0.9883029500293188,2.720077815339669,80.97346391189345,53.19831855856638,0.009569508337727876,1.4671267453130232e-06,191.1282635210082,51,COMPLETE
6189,30.74142538253154,22.166134222934545,2026-10-06 05:02:19.788628,2026-10-06 05:05:32.499852,0 days 00:03:12.711224,0.18895959097737963,1.8054001832365776,78.91305021174706,16.966954115393197,0.008698017554316196,2.328670127015952e-06,192.71111942175776,51,COMPLETE
6190,30.869441668752938,21.41023800776461,2026-10-06 05:02:19.792629,2026-10-06 05:05:33.154166,0 days 00:03:13.361537,0.17534157142392734,1.8054001832365776,78.91305021174706,15.212446568966339,0.008698017554316196,1.4671267453130232e-06,193.36145619582385,51,COMPLETE
6191,9.050064433309494,5.721669183078965,2026-10-06 05:02:19.796632,2026-10-06 05:05:32.377922,0 days 00:03:12.581290,0.22031827582514427,1.8054001832365776,2.06355920259559,46.431764750098004,0.008698017554316196,2.328670127015952e-06,192.58119335211813,51,COMPLETE
6192,30.935633493751475,21.183231084813062,2026-10-06 05:02:19.800628,2026-10-06 05:05:33.149338,0 days 00:03:13.348710,0.19189241237051688,1.8054001832365776,78.91305021174706,12.025559114678314,0.008698017554316196,2.328670127015952e-06,193.34862586297095,51,COMPLETE
6193,23.706588303253916,1.5321485551991474,2026-10-06 05:02:19.804627,2026-10-06 05:05:29.563711,0 days 00:03:09.759084,0.14120936087556504,6.28879905307643,78.91305021174706,18.329127151285245,0.009569508337727876,0.0020862223321976145,189.75897748069838,51,COMPLETE
6194,10.838953683448645,1.2894627101961111,2026-10-06 05:02:19.808630,2026-10-06 05:05:30.467414,0 days 00:03:10.658784,0.7987695522293781,1.0100598856645617,78.91305021174706,12.025559114678314,0.03463343903868386,1.00461752081284,190.65867270203307,51,COMPLETE
6195,31.852243865373868,15.187304226949038,2026-10-06 05:02:19.860814,2026-10-06 05:05:32.708886,0 days 00:03:12.848072,0.17534157142392734,1.8054001832365776,78.91305021174706,6.541928657983205,0.010272174761724285,1.4671267453130232e-06,192.84795047016814,51,COMPLETE
6196,21.956596166353094,34.311161969479684,2026-10-06 05:02:20.093705,2026-10-06 05:05:36.535184,0 days 00:03:16.441479,0.48967816666395225,6.28879905307643,78.91305021174706,45.605935248059524,0.009569508337727876,2.328670127015952e-06,196.44140468817204,51,COMPLETE
6197,33.004752369411364,6.89587141424694,2026-10-06 05:02:20.723839,2026-10-06 05:05:35.478943,0 days 00:03:14.755104,0.07363154550810477,1.0100598856645617,78.91305021174706,8.858210845255327,0.009569508337727876,8.655373005183636e-06,194.75499967392534,51,COMPLETE
6198,31.085950028031213,16.51845944301064,2026-10-06 05:02:20.727648,2026-10-06 05:05:34.046960,0 days 00:03:13.319312,0.12067504077695579,1.8054001832365776,78.91305021174706,12.025559114678314,0.008698017554316196,1.2446212784745538e-06,193.31917938170955,51,COMPLETE
6199,29.809939799870072,13.975219352837218,2026-10-06 05:02:20.731627,2026-10-06 05:05:30.454671,0 days 00:03:09.723044,0.10271316449970853,3.42961079489487,78.91305021174706,37.91511862887964,0.009569508337727876,1.0746247031029727e-06,189.7229197327979,51,COMPLETE
6200,25.473655711595622,1.5926532628002061,2026-10-06 05:02:20.761777,2026-10-06 05:05:35.393308,0 days 00:03:14.631531,0.06441798531902292,1.0100598856645617,17.511865237305983,12.025559114678314,0.032137892149765354,1.4671267453130232e-06,194.6314184772782,51,COMPLETE
6201,32.172093966079245,14.270432801687237,2026-10-06 05:02:21.222855,2026-10-06 05:05:32.071728,0 days 00:03:10.848873,0.19189241237051688,1.0100598856645617,78.91305021174706,5.6444209420906395,0.008698017554316196,1.4671267453130232e-06,190.84873919887468,51,COMPLETE
6202,28.80892443431004,25.599017529133974,2026-10-06 05:02:21.226644,2026-10-06 05:05:35.396515,0 days 00:03:14.169871,0.2918907020150273,4.014839763781616,78.91305021174706,18.49957504695779,0.009569508337727876,1.2446212784745538e-06,194.1697674090974,51,COMPLETE
6203,21.544651137186076,1.3974052732651945,2026-10-06 05:02:21.230632,2026-10-06 05:05:31.515513,0 days 00:03:10.284881,0.2918907020150273,17.108616992880087,78.91305021174706,18.49957504695779,0.030030676962604166,2.328670127015952e-06,190.28478446183726,51,COMPLETE
6204,14.165242619430481,1.3109303464513082,2026-10-06 05:02:21.284647,2026-10-06 05:05:36.373161,0 days 00:03:15.088514,0.12186470831252749,35.1592388787709,78.91305021174706,53.19831855856638,0.02487282392239216,0.011460139066955097,195.08837800007313,51,COMPLETE
6205,32.23021221433578,7.4757891797350915,2026-10-06 05:02:22.017735,2026-10-06 05:05:31.479479,0 days 00:03:09.461744,0.06351564234944408,1.0100598856645617,78.91305021174706,7.704673657496365,0.008698017554316196,1.4671267453130232e-06,189.46155847189948,51,COMPLETE
6206,25.302137364402856,5.560348490526282,2026-10-06 05:02:22.021648,2026-10-06 05:05:32.101617,0 days 00:03:10.079969,0.19189241237051688,20.495654509192434,78.91305021174706,8.858210845255327,0.008698017554316196,2.328670127015952e-06,190.07985902484506,51,COMPLETE
6207,,,2026-10-06 05:02:22.025625,2026-10-06 05:02:23.061757,0 days 00:00:01.036132,0.2918907020150273,3.42961079489487,78.91305021174706,3.087853288359878,0.0028686885089179597,,,51,PRUNED
6208,32.17786788874476,7.550447850451409,2026-10-06 05:02:22.029626,2026-10-06 05:05:35.044519,0 days 00:03:13.014893,0.06441798531902292,1.0100598856645617,81.5269063886934,7.704673657496365,0.008698017554316196,2.328670127015952e-06,193.0147903682664,51,COMPLETE
6209,4.184470653224153,1.5181306475296505,2026-10-06 05:02:22.033630,2026-10-06 05:05:35.775815,0 days 00:03:13.742185,0.2680662921881964,38.3223603721549,2.7093182198840102,12.025559114678314,0.008698017554316196,0.00014581534346931098,193.7420810717158,51,COMPLETE
6210,,,2026-10-06 05:02:22.037630,2026-10-06 05:02:23.366698,0 days 00:00:01.329068,0.14472486883161542,2.5826334477054016,78.91305021174706,53.19831855856638,0.0010611546655624482,,,51,PRUNED
6211,15.72858715766642,1.920118741818385,2026-10-06 05:02:22.041628,2026-10-06 05:05:34.339616,0 days 00:03:12.297988,0.22031827582514427,2.5826334477054016,78.91305021174706,18.49957504695779,0.008698017554316196,13.455910661462754,192.29789497004822,51,COMPLETE
6212,20.801626907134132,1.3223037262047406,2026-10-06 05:02:22.045637,2026-10-06 05:05:34.199537,0 days 00:03:12.153900,0.17534157142392734,8.853677887907029,60.51389085673828,18.49957504695779,0.01777296790789037,1.4671267453130232e-06,192.15379053773358,51,COMPLETE
