number,values_0,values_1,datetime_start,datetime_complete,duration,params_c_val,params_input_force,params_k_between_val,params_k_wall_val,params_m_val,params_ridge_alpha,user_attrs_duration_sec,system_attrs_NSGAIISampler:generation,state
6296,5.962626621305777,1.3998817944757072,2026-10-06 05:05:36.649636,2026-10-06 05:08:49.214391,0 days 00:03:12.564755,0.22031827582514427,15.182267498511331,4.279947530709183,8.858210845255327,0.008698017554316196,2.328670127015952e-06,192.56466380599886,52,COMPLETE
6297,31.953419044470188,16.594278829312582,2026-10-06 05:05:36.653632,2026-10-06 05:08:50.910880,0 days 00:03:14.257248,0.14472486883161542,1.0100598856645617,78.91305021174706,12.025559114678314,0.008698017554316196,1.418448661299779e-06,194.2571192807518,52,COMPLETE
6298,25.970283059730217,3.384899070039179,2026-10-06 05:05:36.665622,2026-10-06 05:08:44.535546,0 days 00:03:07.869924,0.043582708518025225,1.8054001832365776,78.91305021174706,8.858210845255327,0.008698017554316196,1.4671267453130232e-06,187.86966912541538,52,COMPLETE
6299,32.0969896072665,15.459686287051172,2026-10-06 05:05:36.980700,2026-10-06 05:08:43.870358,0 days 00:03:06.889658,0.14472486883161542,1.0100598856645617,78.91305021174706,17.444176692293013,0.009569508337727876,1.2446212784745538e-06,186.88956471066922,52,COMPLETE
6300,12.631065792991496,6.6110905342142,2026-10-06 05:05:37.132689,2026-10-06 05:08:51.300172,0 days 00:03:14.167483,0.18472274745078338,1.8054001832365776,4.545321356342635,53.19831855856638,0.008698017554316196,2.328670127015952e-06,194.16737206326798,52,COMPLETE
6301,29.56432882548203,20.62048387982564,2026-10-06 05:05:37.406686,2026-10-06 05:08:47.578128,0 days 00:03:10.171442,0.2918907020150273,4.014839763781616,78.91305021174706,7.704673657496365,0.009569508337727876,2.108934163128921e-06,190.17131808400154,52,COMPLETE
6302,32.00868012965345,15.816082889212076,2026-10-06 05:05:37.551673,2026-10-06 05:08:46.501178,0 days 00:03:08.949505,0.17534157142392734,1.0100598856645617,78.91305021174706,8.858210845255327,0.008698017554316196,1.4671267453130232e-06,188.94863970484585,52,COMPLETE
6303,31.75751200213245,16.183039682089053,2026-10-06 05:05:37.844854,2026-10-06 05:08:46.707619,0 days 00:03:08.862765,0.12186470831252749,1.0100598856645617,78.91305021174706,18.49957504695779,0.008698017554316196,2.108934163128921e-06,188.86264598183334,52,COMPLETE
6304,30.33321932090334,21.39985302904708,2026-10-06 05:05:37.848645,2026-10-06 05:08:48.773771,0 days 00:03:10.925126,0.17534157142392734,1.8054001832365776,78.91305021174706,53.19831855856638,0.009569508337727876,1.2446212784745538e-06,190.92499744379893,52,COMPLETE
6305,26.455922466859015,12.51456289527004,2026-10-06 05:05:38.554681,2026-10-06 05:08:48.420782,0 days 00:03:09.866101,0.35349415915446786,4.95477336878759,69.16329565667773,5.884027147801737,0.008698017554316196,1.4671267453130232e-06,189.8659858587198,52,COMPLETE
6306,29.81945277043129,5.847790065934023,2026-10-06 05:05:38.566660,2026-10-06 05:08:51.254662,0 days 00:03:12.688002,0.05173663025965646,1.8054001832365776,78.91305021174706,12.025559114678314,0.008698017554316196,2.867727698691756e-06,192.68787685409188,52,COMPLETE
6307,,,2026-10-06 05:05:38.578643,2026-10-06 05:05:39.462765,0 days 00:00:00.884122,0.17534157142392734,1.8054001832365776,78.91305021174706,12.025559114678314,0.007613655541039881,,,52,PRUNED
6308,20.59003984317913,1.67864981917864,2026-10-06 05:05:38.962696,2026-10-06 05:08:50.146139,0 days 00:03:11.183443,0.2918907020150273,11.451825482609426,78.91305021174706,18.49957504695779,0.009569508337727876,1.2446212784745538e-06,191.18333965539932,52,COMPLETE
6309,28.87948225498688,11.196890910005152,2026-10-06 05:05:39.530690,2026-10-06 05:08:52.216301,0 days 00:03:12.685611,0.3401090828369047,3.42961079489487,80.97346391189345,53.19831855856638,0.03265745615415482,2.328670127015952e-06,192.68547534616664,52,COMPLETE
6310,,,2026-10-06 05:06:02.541702,2026-10-06 05:06:03.827773,0 days 00:00:01.286071,0.3401090828369047,3.42961079489487,78.91305021174706,46.431764750098004,0.008268421769900072,,,52,PRUNED
6311,32.59177512524228,12.725674326329756,2026-10-06 05:06:04.108700,2026-10-06 05:09:18.827398,0 days 00:03:14.718698,0.14472486883161542,1.0100598856645617,78.91305021174706,7.704673657496365,0.009569508337727876,1.2446212784745538e-06,194.71855937223881,52,COMPLETE
6312,26.091621776347438,21.85290048448443,2026-10-06 05:06:07.224701,2026-10-06 05:09:17.515813,0 days 00:03:10.291112,0.3401090828369047,6.28879905307643,80.97346391189345,53.19831855856638,0.016912982344199454,2.328670127015952e-06,190.29097282886505,52,COMPLETE
6313,29.700096499475222,22.23039863354027,2026-10-06 05:06:15.688702,2026-10-06 05:09:25.408461,0 days 00:03:09.719759,0.18472274745078338,3.42961079489487,78.91305021174706,16.966954115393197,0.008698017554316196,1.2446212784745538e-06,189.71962929703295,52,COMPLETE
6314,31.364535625710307,16.438552691755422,2026-10-06 05:06:46.092827,2026-10-06 05:10:01.637694,0 days 00:03:15.544867,0.22031827582514427,1.8054001832365776,78.91305021174706,6.302794535232623,0.009181580370340548,2.328670127015952e-06,195.54473946709186,52,COMPLETE
6315,21.106941963133437,32.885224117695735,2026-10-06 05:06:51.206669,2026-10-06 05:10:06.065796,0 days 00:03:14.859127,0.48967816666395225,6.28879905307643,69.16329565667773,53.19831855856638,0.009569508337727876,1.4671267453130232e-06,194.85899283504114,52,COMPLETE
6316,22.497715481376126,7.62136408354932,2026-10-06 05:07:28.346688,2026-10-06 05:10:42.627742,0 days 00:03:14.281054,0.19189241237051688,46.06178729851513,80.97346391189345,15.382666136782571,0.009569508337727876,1.4671267453130232e-06,194.28092802595347,52,COMPLETE
6317,32.63070311699069,12.226768737981411,2026-10-06 05:08:40.164697,2026-10-06 05:11:53.662432,0 days 00:03:13.497735,0.1269892283627391,1.0100598856645617,78.91305021174706,8.858210845255327,0.009569508337727876,1.4671267453130232e-06,193.49758925521746,52,COMPLETE
6318,28.335523401198184,1.3135842689163453,2026-10-06 05:08:42.577841,2026-10-06 05:11:54.946569,0 days 00:03:12.368728,0.05836360130324079,3.42961079489487,78.91305021174706,8.858210845255327,0.009569508337727876,4.62967316584473e-05,192.36858758702874,52,COMPLETE
6319,32.71046796064979,11.142078618947037,2026-10-06 05:08:43.051842,2026-10-06 05:11:55.577227,0 days 00:03:12.525385,0.12186470831252749,1.0100598856645617,78.91305021174706,7.704673657496365,0.009569508337727876,2.108934163128921e-06,192.5252698212862,52,COMPLETE
6320,30.80576639453752,21.42943738659139,2026-10-06 05:08:43.099680,2026-10-06 05:11:58.388297,0 days 00:03:15.288617,0.17534157142392734,1.8054001832365776,78.91305021174706,16.966954115393197,0.008698017554316196,2.328670127015952e-06,195.288501533214,52,COMPLETE
6321,20.026015964141568,8.371243866650726,2026-10-06 05:08:43.572685,2026-10-06 05:11:57.514432,0 days 00:03:13.941747,0.19189241237051688,35.567023293472566,78.91305021174706,18.49957504695779,0.008698017554316196,1.4671267453130232e-06,193.94162114383653,52,COMPLETE
6322,5.800557384290562,3.045677101520398,2026-10-06 05:08:43.796964,2026-10-06 05:11:55.412119,0 days 00:03:11.615155,0.2918907020150273,4.014839763781616,1.932528075494494,18.49957504695779,0.008698017554316196,1.2446212784745538e-06,191.61504523828626,52,COMPLETE
6323,20.411829358633078,1.895892013966489,2026-10-06 05:08:43.800639,2026-10-06 05:12:01.914457,0 days 00:03:18.113818,0.419007027175139,14.247231875472199,78.91305021174706,12.025559114678314,0.009569508337727876,1.0746247031029727e-06,198.1136674778536,52,COMPLETE
6324,12.330567493352293,12.140354874003352,2026-10-06 05:08:43.858655,2026-10-06 05:11:55.988201,0 days 00:03:12.129546,0.35349415915446786,2.5826334477054016,8.202711637414106,46.431764750098004,0.009569508337727876,1.4671267453130232e-06,192.12945220712572,52,COMPLETE
6325,10.492866715913657,1.2661693097363602,2026-10-06 05:08:44.023669,2026-10-06 05:11:59.158609,0 days 00:03:15.134940,0.2918907020150273,1.0100598856645617,78.91305021174706,21.75653529447338,0.009569508337727876,93.96817945732975,195.13480440387502,52,COMPLETE
6326,28.230016746223907,8.655613194338708,2026-10-06 05:08:44.035645,2026-10-06 05:11:56.524510,0 days 00:03:12.488865,0.14472486883161542,1.0100598856645617,21.966592538700972,2.5931783094816834,0.009569508337727876,1.4671267453130232e-06,192.48876637592912,52,COMPLETE
6327,31.68119655583547,17.323458298358265,2026-10-06 05:08:44.039634,2026-10-06 05:11:54.699994,0 days 00:03:10.660360,0.19189241237051688,1.0100598856645617,78.91305021174706,12.025559114678314,0.008698017554316196,1.4671267453130232e-06,190.66023116884753,52,COMPLETE
6328,23.58133907475274,6.535016481661554,2026-10-06 05:08:44.688816,2026-10-06 05:11:58.352420,0 days 00:03:13.663604,0.14472486883161542,43.5075672128346,78.91305021174706,12.025559114678314,0.008698017554316196,1.4671267453130232e-06,193.66347596421838,52,COMPLETE
6329,14.73743906987436,6.232513414351402,2026-10-06 05:08:44.707666,2026-10-06 05:11:57.617505,0 days 00:03:12.909839,0.2918907020150273,44.43322186440514,80.97346391189345,18.49957504695779,0.009569508337727876,46.27649463328586,192.90974520519376,52,COMPLETE
6330,11.234727328559286,4.447175482059064,2026-10-06 05:08:44.734365,2026-10-06 05:11:56.692335,0 days 00:03:11.957970,0.2680662921881964,35.151632950666034,25.17704448571856,18.49957504695779,0.008698017554316196,1.4671267453130232e-06,191.95785462716594,52,COMPLETE
6331,30.399593556083367,2.68424017634967,2026-10-06 05:08:44.745635,2026-10-06 05:11:56.319329,0 days 00:03:11.573694,0.14472486883161542,37.16229773047393,78.91305021174706,2.5931783094816834,0.009569508337727876,0.0001077545700095123,191.57356553105637,52,COMPLETE
6332,13.661230763828218,5.614739077056429,2026-10-06 05:08:44.829657,2026-10-06 05:11:57.094545,0 days 00:03:12.264888,0.48967816666395225,6.28879905307643,78.91305021174706,53.19831855856638,0.009569508337727876,26.52980935856195,192.26476759603247,52,COMPLETE
6333,32.3679428150478,12.406022024119586,2026-10-06 05:08:45.008691,2026-10-06 05:11:55.251614,0 days 00:03:10.242923,0.14472486883161542,1.0100598856645617,78.91305021174706,3.788241194231717,0.008698017554316196,1.4671267453130232e-06,190.24281064094976,52,COMPLETE
6334,24.168345137051478,5.296044654106552,2026-10-06 05:08:45.161685,2026-10-06 05:11:56.710146,0 days 00:03:11.548461,0.2918907020150273,34.478958670050105,78.91305021174706,8.858210845255327,0.011711301171638728,1.2446212784745538e-06,191.54836562927812,52,COMPLETE
6335,31.660887450423207,17.326434147138485,2026-10-06 05:08:45.575850,2026-10-06 05:11:56.326830,0 days 00:03:10.750980,0.19450358799127482,1.0100598856645617,78.91305021174706,12.025559114678314,0.008698017554316196,1.4671267453130232e-06,190.75087048811838,53,COMPLETE
6336,30.52108412136402,12.794088641621384,2026-10-06 05:08:45.580697,2026-10-06 05:11:56.516664,0 days 00:03:10.935967,0.1269892283627391,1.0100598856645617,43.573229743129495,8.858210845255327,0.009569508337727876,1.4671267453130232e-06,190.9358446127735,53,COMPLETE
6337,30.042630298169836,19.568683122516394,2026-10-06 05:08:45.584647,2026-10-06 05:11:58.720533,0 days 00:03:13.135886,0.18878399595785825,3.42961079489487,78.91305021174706,7.704673657496365,0.008698017554316196,1.4671267453130232e-06,193.13577320612967,53,COMPLETE
6338,32.167377381304014,14.589383346535257,2026-10-06 05:08:45.588634,2026-10-06 05:12:01.325081,0 days 00:03:15.736447,0.1269892283627391,1.0100598856645617,78.91305021174706,8.858210845255327,0.008698017554316196,1.4671267453130232e-06,195.73631962109357,53,COMPLETE
6339,16.566366500225275,12.278725554443104,2026-10-06 05:08:45.929964,2026-10-06 05:11:56.636565,0 days 00:03:10.706601,0.48967816666395225,3.42961079489487,78.91305021174706,29.59329065176501,0.009569508337727876,0.016954212330506764,190.70645319018513,53,COMPLETE
6340,19.22402577493686,11.044690428712851,2026-10-06 05:08:45.937807,2026-10-06 05:11:59.537534,0 days 00:03:13.599727,0.14472486883161542,3.42961079489487,78.91305021174706,53.19831855856638,0.009569508337727876,1.3201983744855237,193.5996069139801,53,COMPLETE
6341,32.32138641314951,4.180739182449784,2026-10-06 05:08:45.999649,2026-10-06 05:12:00.033474,0 days 00:03:14.033825,0.14472486883161542,1.0100598856645617,78.91305021174706,93.23368283429582,0.03463343903868386,1.2446212784745538e-06,194.03368793893605,53,COMPLETE
6342,28.4223192838081,15.960019675778499,2026-10-06 05:08:46.040651,2026-10-06 05:11:57.595520,0 days 00:03:11.554869,0.14472486883161542,1.0100598856645617,32.1854816871331,21.63910276826749,0.008698017554316196,1.4671267453130232e-06,191.55475901905447,53,COMPLETE
6343,26.44842097482259,10.826969496605846,2026-10-06 05:08:46.805887,2026-10-06 05:11:59.945968,0 days 00:03:13.140081,0.14472486883161542,1.0100598856645617,78.91305021174706,53.19831855856638,0.009569508337727876,0.00827851526651632,193.13998374994844,53,COMPLETE
6344,19.780557011498935,20.129083212679543,2026-10-06 05:08:46.809636,2026-10-06 05:11:57.145183,0 days 00:03:10.335547,0.5885164493778299,1.8054001832365776,78.91305021174706,53.19831855856638,0.009569508337727876,6.657484712462717e-06,190.3354365550913,53,COMPLETE
6345,30.639092038561238,22.74884507740417,2026-10-06 05:08:46.813630,2026-10-06 05:12:02.169405,0 days 00:03:15.355775,0.22031827582514427,1.8054001832365776,78.91305021174706,9.251101667513126,0.008551710797124072,1.4671267453130232e-06,195.3556618387811,53,COMPLETE
6346,28.846582121384852,22.88933592144576,2026-10-06 05:08:46.817627,2026-10-06 05:12:03.416881,0 days 00:03:16.599254,0.18895959097737963,3.42961079489487,80.97346391189345,16.966954115393197,0.008698017554316196,2.328670127015952e-06,196.59915036475286,53,COMPLETE
6347,19.78480023145318,2.0740482249229415,2026-10-06 05:08:46.821628,2026-10-06 05:11:58.701314,0 days 00:03:11.879686,0.2918907020150273,15.257853396738465,80.97346391189345,18.49957504695779,0.009569508337727876,1.4671267453130232e-06,191.87956906901672,53,COMPLETE
6348,,,2026-10-06 05:08:46.825628,2026-10-06 05:08:47.876736,0 days 00:00:01.051108,0.17534157142392734,1.0100598856645617,32.93581317630734,12.025559114678314,0.0015400607565226763,,,53,PRUNED
6349,26.59311798368039,16.608733724170865,2026-10-06 05:08:46.849809,2026-10-06 05:11:57.275875,0 days 00:03:10.426066,0.19189241237051688,4.95477336878759,80.97346391189345,18.49957504695779,0.008698017554316196,1.4671267453130232e-06,190.42596792289987,53,COMPLETE
6350,2.583587501676412,1.1815654320699167,2026-10-06 05:08:46.856054,2026-10-06 05:11:59.931266,0 days 00:03:13.075212,0.3315664722757877,19.201363325869686,1.3946383489830838,18.49957504695779,0.009569508337727876,1.4671267453130232e-06,193.07511424506083,53,COMPLETE
6351,3.653808198747521,1.409699845827968,2026-10-06 05:08:46.859645,2026-10-06 05:11:57.208134,0 days 00:03:10.348489,0.06441798531902292,28.576088504213537,3.4100825399938612,8.858210845255327,0.008698017554316196,2.328670127015952e-06,190.34839364374056,53,COMPLETE
6352,24.94208819483391,14.36541865335692,2026-10-06 05:08:46.863628,2026-10-06 05:11:56.324215,0 days 00:03:09.460587,0.48967816666395225,1.373292239956236,78.91305021174706,7.704673657496365,0.009569508337727876,1.2446212784745538e-06,189.46047771675512,53,COMPLETE
6353,30.659221497187723,22.80057748061564,2026-10-06 05:08:46.867632,2026-10-06 05:11:59.757795,0 days 00:03:12.890163,0.19189241237051688,1.8054001832365776,78.91305021174706,18.49957504695779,0.008698017554316196,1.4671267453130232e-06,192.8900648728013,53,COMPLETE
6354,20.28771620245184,1.7581719063329675,2026-10-06 05:08:46.922680,2026-10-06 05:11:55.675804,0 days 00:03:08.753124,0.2918907020150273,13.123492044209224,80.97346391189345,18.49957504695779,0.009569508337727876,1.4671267453130232e-06,188.75301626930013,53,COMPLETE
6355,31.456717598968332,19.299129196000486,2026-10-06 05:08:47.380697,2026-10-06 05:12:01.025035,0 days 00:03:13.644338,0.17534157142392734,1.0100598856645617,78.91305021174706,18.49957504695779,0.008698017554316196,1.4671267453130232e-06,193.644207901787,53,COMPLETE
6356,31.694153899301227,18.079657715461774,2026-10-06 05:08:48.154866,2026-10-06 05:11:57.471536,0 days 00:03:09.316670,0.14472486883161542,1.0100598856645617,78.91305021174706,17.444176692293013,0.008698017554316196,1.2446212784745538e-06,189.31654836563393,53,COMPLETE
6357,31.797278028885337,17.23442484121371,2026-10-06 05:08:48.158635,2026-10-06 05:11:59.750516,0 days 00:03:11.591881,0.17534157142392734,1.0100598856645617,78.91305021174706,12.025559114678314,0.008698017554316196,1.4671267453130232e-06,191.5917757549323,53,COMPLETE
6358,23.88293337421152,4.401746629470116,2026-10-06 05:08:48.162629,2026-10-06 05:12:01.823710,0 days 00:03:13.661081,0.14472486883161542,35.546580567013216,78.91305021174706,8.858210845255327,0.008698017554316196,13.107465328578929,193.66096510365605,53,COMPLETE
6359,31.953517529900097,16.538724957378236,2026-10-06 05:08:48.166633,2026-10-06 05:12:02.203967,0 days 00:03:14.037334,0.14472486883161542,1.0100598856645617,78.91305021174706,12.025559114678314,0.008698017554316196,1.4671267453130232e-06,194.0372364539653,53,COMPLETE
6360,31.94968306114172,15.995750586771324,2026-10-06 05:08:48.170627,2026-10-06 05:12:00.080648,0 days 00:03:11.910021,0.1269892283627391,1.0100598856645617,69.16329565667773,18.49957504695779,0.008698017554316196,1.4671267453130232e-06,191.9099158491008,53,COMPLETE
6361,29.41248630719184,24.718606098403924,2026-10-06 05:08:48.568686,2026-10-06 05:12:01.935511,0 days 00:03:13.366825,0.2918907020150273,3.42961079489487,80.97346391189345,16.966954115393197,0.009569508337727876,2.328670127015952e-06,193.36671838117763,53,COMPLETE
6362,18.280486802925243,5.984409077152838,2026-10-06 05:08:49.103862,2026-10-06 05:11:57.571388,0 days 00:03:08.467526,0.3401090828369047,1.0100598856645617,78.91305021174706,17.444176692293013,0.009569508337727876,0.004054694106329492,188.4674078510143,53,COMPLETE
6363,32.228402224659405,7.4909087484551335,2026-10-06 05:08:49.107648,2026-10-06 05:12:02.829349,0 days 00:03:13.721701,0.06441798531902292,1.0100598856645617,78.91305021174706,7.14008749932051,0.008698017554316196,1.4671267453130232e-06,193.7215860732831,53,COMPLETE
6364,33.15072549952123,3.438517429646824,2026-10-06 05:08:49.111629,2026-10-06 05:12:02.441791,0 days 00:03:13.330162,0.14472486883161542,1.0100598856645617,78.91305021174706,12.025559114678314,0.03463343903868386,1.2446212784745538e-06,193.33004639903083,53,COMPLETE
6365,,,2026-10-06 05:08:49.115633,2026-10-06 05:08:49.666730,0 days 00:00:00.551097,0.10195028339465456,1.8054001832365776,78.91305021174706,8.858210845255327,0.0012304262032005026,,,53,PRUNED
6366,13.469136565148869,7.3115034071234515,2026-10-06 05:08:49.150804,2026-10-06 05:11:57.848558,0 days 00:03:08.697754,0.14472486883161542,6.28879905307643,18.71831427148263,53.19831855856638,0.008698017554316196,2.328670127015952e-06,188.69762061536312,53,COMPLETE
6367,26.156309687020702,6.541430593424604,2026-10-06 05:08:49.172648,2026-10-06 05:12:02.629745,0 days 00:03:13.457097,0.19189241237051688,25.858897576767713,78.91305021174706,7.14008749932051,0.008698017554316196,1.4671267453130232e-06,193.4569991179742,53,COMPLETE
6368,31.860173751906608,2.294779951689039,2026-10-06 05:08:49.184636,2026-10-06 05:12:01.945480,0 days 00:03:12.760844,0.14472486883161542,1.0100598856645617,78.91305021174706,17.444176692293013,0.04940998684842315,1.2446212784745538e-06,192.7607446159236,53,COMPLETE
6369,0.13642041032962596,1.1856850230414415,2026-10-06 05:08:50.100691,2026-10-06 05:12:02.075526,0 days 00:03:11.974835,0.419007027175139,1.8054001832365776,78.91305021174706,12.025559114678314,0.008698017554316196,1.0746247031029727e-06,191.9747216096148,53,COMPLETE
6370,14.88186928549917,1.3821194802827832,2026-10-06 05:08:50.108793,2026-10-06 05:12:01.927452,0 days 00:03:11.818659,0.14472486883161542,36.7804731108722,78.91305021174706,53.19831855856638,0.021097315771649253,1.4671267453130232e-06,191.81854051817209,53,COMPLETE
6371,26.726967209969153,29.739490208842422,2026-10-06 05:08:50.220655,2026-10-06 05:11:59.722354,0 days 00:03:09.501699,0.3401090828369047,3.42961079489487,80.97346391189345,45.605935248059524,0.009569508337727876,1.4671267453130232e-06,189.50158924190328,53,COMPLETE
6372,31.014192898031318,4.684725616422166,2026-10-06 05:08:50.266650,2026-10-06 05:12:00.888397,0 days 00:03:10.621747,0.1570273514457548,3.42961079489487,78.91305021174706,22.34618241575877,0.03515282064661462,1.4671267453130232e-06,190.62163756415248,53,COMPLETE
6373,10.61274972448903,1.3924346417985094,2026-10-06 05:08:51.266676,2026-10-06 05:12:00.516560,0 days 00:03:09.249884,0.03780101020487289,1.0100598856645617,1.6840787493118639,18.49957504695779,0.008763956815192389,1.4671267453130232e-06,189.24974618200213,53,COMPLETE
6374,31.99195436143961,16.28152456733111,2026-10-06 05:08:51.274642,2026-10-06 05:12:04.212948,0 days 00:03:12.938306,0.14472486883161542,1.0100598856645617,78.91305021174706,11.286119700737487,0.008698017554316196,1.4671267453130232e-06,192.93817387986928,53,COMPLETE
6375,14.20595493633011,6.965405521122514,2026-10-06 05:08:51.300592,2026-10-06 05:12:03.989213,0 days 00:03:12.688621,0.35349415915446786,3.42961079489487,40.86233378119661,53.19831855856638,0.010847820985063783,0.4241206721085023,192.6884984076023,53,COMPLETE
6376,15.519940270019259,1.22035984529882,2026-10-06 05:08:52.480688,2026-10-06 05:12:00.077366,0 days 00:03:07.596678,0.35349415915446786,35.748231384970715,80.97346391189345,53.19831855856638,0.09770119034796056,1.4671267453130232e-06,187.59655371773988,53,COMPLETE
6377,24.7373351671327,31.461439404001002,2026-10-06 05:09:17.516308,2026-10-06 05:12:29.747519,0 days 00:03:12.231211,0.419007027175139,3.42961079489487,78.91305021174706,53.19831855856638,0.009569508337727876,1.4671267453130232e-06,192.23108711186796,53,COMPLETE
