number,values_0,values_1,datetime_start,datetime_complete,duration,params_c_val,params_input_force,params_k_between_val,params_k_wall_val,params_m_val,params_ridge_alpha,user_attrs_duration_sec,system_attrs_NSGAIISampler:generation,state
0,14.51321038071598,1.2692741399987226,2026-10-06 00:16:04.169716,2026-10-06 00:19:27.988119,0 days 00:03:23.818403,0.8232240247664228,48.84304956511674,30.580201286398857,1.090399285612673,0.06054715310049261,2.0792679026107366,203.81830226117745,0,COMPLETE
1,2.3627553453844334,1.8233317100013942,2026-10-06 00:16:04.175552,2026-10-06 00:19:21.115046,0 days 00:03:16.939494,0.4305853516618083,21.696541962381758,6.433856196331227,80.88383221658174,0.012997280093347946,0.0011061405799333039,196.939417864196,0,COMPLETE
2,3.822793300695165,2.1274167146982004,2026-10-06 00:16:04.193630,2026-10-06 00:19:23.795798,0 days 00:03:19.602168,0.032862526104835955,18.703247673417344,1.867395442251624,2.5122488726661794,0.0015767011041207138,0.017768718965543908,199.6020977240987,0,COMPLETE
3,14.397037178763986,1.1456379756928663,2026-10-06 00:16:04.209171,2026-10-06 00:19:18.690409,0 days 00:03:14.481238,0.03168238647181233,11.914101316739547,24.336135440112013,1.414118238340622,0.06905614673146593,0.0005024391102558689,194.48114979127422,0,COMPLETE
4,,,2026-10-06 00:16:04.214388,2026-10-06 00:16:07.607701,0 days 00:00:03.393313,0.01589070862694595,13.293010187324509,36.87225174174661,9.926760545926705,0.001493626826961426,,,0,PRUNED
5,1.0411821742234317,1.1934191717218057,2026-10-06 00:16:04.221926,2026-10-06 00:19:19.666395,0 days 00:03:15.444469,0.0392163509203254,38.62014749600437,46.46391653390999,33.873157355561396,0.008626473025344942,0.6720511302179899,195.44440034590662,0,COMPLETE
6,1.9118397453767073,1.3300321676592286,2026-10-06 00:16:04.229829,2026-10-06 00:19:18.730498,0 days 00:03:14.500669,0.051246161782318736,39.21846999548495,3.4699592651714117,36.675985364094466,0.013813917083218245,6.171156049752928e-05,194.50059386109933,0,COMPLETE
7,12.495997380546235,4.444256116544149,2026-10-06 00:16:04.246415,2026-10-06 00:19:19.943326,0 days 00:03:15.696911,0.10888801914801638,20.213335196982104,7.099519619717996,3.7504775608803835,0.0036499921651855075,1.972106799105486e-05,195.69683171994984,0,COMPLETE
8,2.5030944340548382,1.2079156330675243,2026-10-06 00:16:04.256391,2026-10-06 00:19:20.573327,0 days 00:03:16.316936,0.012157644750023797,43.90830166389397,21.920450431626552,4.628275662494837,0.007854509996266426,1.096718467484267e-05,196.31686456594616,0,COMPLETE
9,12.64257762534407,3.3927469868841964,2026-10-06 00:16:04.268202,2026-10-06 00:19:23.241713,0 days 00:03:18.973511,0.48967816666395225,5.163106132123858,14.719249146245843,1.8190863578544005,0.01478582612116327,2.328670127015952e-06,198.97343535209075,0,COMPLETE
10,1.6202028940416209,1.219206314384977,2026-10-06 00:16:04.282217,2026-10-06 00:19:18.634609,0 days 00:03:14.352392,0.010751854104227174,34.424246697362214,5.020861150569584,21.611818150512008,0.010252315943188704,0.8408931316190431,194.35228513693437,0,COMPLETE
11,2.2775573009572563,2.0107055034291927,2026-10-06 00:16:04.293427,2026-10-06 00:19:25.952894,0 days 00:03:21.659467,0.11163911976848112,6.808582490479712,3.0655444436342503,39.29239703160443,0.0018701855781005075,2.144451677497795,201.65939517877996,0,COMPLETE
12,2.370557733156406,1.26426272454828,2026-10-06 00:16:04.303731,2026-10-06 00:19:21.109295,0 days 00:03:16.805564,0.9527908222383527,27.660781591843353,3.258367549638034,51.86987362693466,0.061378023330623754,1.0394831587294975,196.80548909679055,0,COMPLETE
13,5.33865158864211,1.3424717745184542,2026-10-06 00:16:04.314195,2026-10-06 00:19:19.681582,0 days 00:03:15.367387,0.019616476646240003,41.44909298087506,5.224742778168688,1.9436578789742032,0.0037948115918676395,1.062185079566549e-06,195.36732461676002,0,COMPLETE
14,2.8283764491873993,1.1598758414965782,2026-10-06 00:16:04.332138,2026-10-06 00:19:24.859921,0 days 00:03:20.527783,0.015121379552039776,36.6318745854422,3.7850641530968634,8.098281677074459,0.007560558682826713,7.1941824836936e-05,200.52771823108196,0,COMPLETE
15,4.542469898192884,1.1765134652967317,2026-10-06 00:16:04.338930,2026-10-06 00:19:23.428112,0 days 00:03:19.089182,0.08271157269116887,41.3746967090956,10.058043233221854,2.3052632755442466,0.06472489245919476,0.0201570474379313,199.08911210903898,0,COMPLETE
16,0.4878331131515127,1.188648419149987,2026-10-06 00:16:04.361422,2026-10-06 00:19:23.999260,0 days 00:03:19.637838,0.014243704313298076,10.10892395599983,1.8251579471307604,30.545316514647084,0.00189918354819922,0.20392561477265067,199.6377749708481,0,COMPLETE
17,2.9829697927657026,1.7000837978603958,2026-10-06 00:16:04.375451,2026-10-06 00:19:23.978294,0 days 00:03:19.602843,0.1338864078069938,30.426953399183287,3.0367302368487663,2.0489784059322336,0.005292979434507315,0.004038586316950702,199.60277093108743,0,COMPLETE
18,5.52913662573185,1.2619825849681545,2026-10-06 00:16:04.389573,2026-10-06 00:19:20.845665,0 days 00:03:16.456092,0.07246237046629336,34.24573674852171,46.857148551413296,83.25780573065838,0.018415725478743438,0.0013452711361350744,196.45601554727182,0,COMPLETE
19,12.536351145332478,4.407423798882898,2026-10-06 00:16:04.394892,2026-10-06 00:19:22.688874,0 days 00:03:18.293982,0.5555069055943938,46.774203669468385,34.08958612263361,10.55137025643824,0.009596121382849983,0.001754171270788285,198.29390326095745,0,COMPLETE
20,10.452710489904925,1.2263120332925204,2026-10-06 00:16:04.406425,2026-10-06 00:19:21.759947,0 days 00:03:17.353522,0.10363965125276584,33.308074374235474,13.041405172378479,3.4646072937976244,0.08013421744402743,2.39775756147057e-06,197.35343740833923,0,COMPLETE
21,2.31920371813804,1.2539994275541637,2026-10-06 00:16:04.426296,2026-10-06 00:19:25.227409,0 days 00:03:20.801113,0.17767740559872325,21.32156626870062,2.0108684488303825,26.570305789428197,0.0496959191002391,27.879677103115675,200.80103836627677,0,COMPLETE
22,16.197346576562023,1.2080976058466728,2026-10-06 00:16:04.443824,2026-10-06 00:19:20.052139,0 days 00:03:15.608315,0.018598739290935765,1.332361517734752,6.847319413860616,1.9806728822218551,0.018324378019643817,0.022772302660463845,195.60824433993548,0,COMPLETE
23,0.9050789780527883,1.218112015650732,2026-10-06 00:16:04.448966,2026-10-06 00:19:23.329351,0 days 00:03:18.880385,0.020943651475465203,42.10385962274754,1.4656887325342314,65.62356174239315,0.020316361396924602,0.021816887681162,198.8803123999387,0,COMPLETE
24,,,2026-10-06 00:16:04.465816,2026-10-06 00:16:09.316672,0 days 00:00:04.850856,0.020941690625593375,22.330270625242555,9.473831605864987,85.03059276788198,0.001438259949779228,,,0,PRUNED
25,21.944565209992096,1.3500448923963906,2026-10-06 00:16:04.471075,2026-10-06 00:19:19.772125,0 days 00:03:15.301050,0.5206349751021522,22.058471956432985,32.233952817229785,2.765920773009866,0.05928153267461189,0.00026285855894701214,195.30098570743576,0,COMPLETE
26,,,2026-10-06 00:16:04.488810,2026-10-06 00:16:09.420695,0 days 00:00:04.931885,0.129889162123203,37.77687040114612,70.95715605670424,2.178701215005538,0.0023928459895484738,,,0,PRUNED
27,,,2026-10-06 00:16:04.505823,2026-10-06 00:16:09.669701,0 days 00:00:05.163878,0.020660025063829725,17.698677795467823,16.013378105546007,2.278598738673176,0.0012292089263018701,,,0,PRUNED
28,,,2026-10-06 00:16:04.510604,2026-10-06 00:16:09.590709,0 days 00:00:05.080105,0.016919006385749807,3.708450462677438,6.661136590679439,81.73413837970666,0.001987777518782517,,,0,PRUNED
29,5.726737903354798,1.2140632308143586,2026-10-06 00:16:04.527811,2026-10-06 00:19:19.719918,0 days 00:03:15.192107,0.011382437131058435,9.404521629381495,77.51383454227101,19.560678901050697,0.0272863075382553,3.3976165743800303e-06,195.19204026507214,0,COMPLETE
30,,,2026-10-06 00:16:04.544928,2026-10-06 00:16:10.103700,0 days 00:00:05.558772,0.2744417278406443,41.59604030630045,2.5981434402915116,94.50978188498915,0.001596100776614292,,,0,PRUNED
31,8.048008422715647,1.2740676753776752,2026-10-06 00:16:04.561817,2026-10-06 00:19:21.044486,0 days 00:03:16.482669,0.14441067646934783,1.8107938605585203,1.3096869447737685,10.236833088168279,0.031936670180545836,9.606000786549846e-06,196.48260009801015,0,COMPLETE
32,5.321674190707113,1.346695534120995,2026-10-06 00:16:04.566511,2026-10-06 00:19:23.862749,0 days 00:03:19.296238,0.5886596266876252,44.7325440930094,5.923325039614763,18.49957504695779,0.03252063363543087,2.1616060509632624,199.29615718405694,0,COMPLETE
33,2.811314004444957,1.2143343784852616,2026-10-06 00:16:04.584700,2026-10-06 00:19:18.886095,0 days 00:03:14.301395,0.6754908302413645,36.45459576170798,3.9261247478916323,50.08636911365856,0.0722924831729048,0.14133443022407327,194.30131680099294,0,COMPLETE
34,3.7995527080249034,1.8021945341520724,2026-10-06 00:16:04.607831,2026-10-06 00:19:27.336127,0 days 00:03:22.728296,0.04767838645563502,46.84052903159054,9.946292137740956,2.0968068559640662,0.003678594023310947,8.573293083055467e-06,202.72821607999504,0,COMPLETE
35,3.481351768664818,1.6074386249877821,2026-10-06 00:16:04.612549,2026-10-06 00:19:27.192503,0 days 00:03:22.579954,0.48614182360559066,32.1860796119833,1.0947353944155136,51.570134281907656,0.0012746457914408304,2.361267696203275e-06,202.57987230597064,0,COMPLETE
36,28.882255468018087,1.2590344008726728,2026-10-06 00:16:04.629838,2026-10-06 00:19:23.452001,0 days 00:03:18.822163,0.1912088840068961,32.133571428288036,83.63462158426863,1.7658496078448727,0.06824977174552374,0.007690928916612578,198.82209344161674,0,COMPLETE
37,5.569991904078249,1.2604412997516747,2026-10-06 00:16:04.646807,2026-10-06 00:19:23.028037,0 days 00:03:18.381230,0.029712907435494942,14.010719398814759,43.912202460250086,68.06746093018157,0.011439074675887726,0.2556414358271955,198.3811374171637,0,COMPLETE
38,13.078192260733937,1.2662848317260185,2026-10-06 00:16:04.663716,2026-10-06 00:19:24.118503,0 days 00:03:19.454787,0.03502742554094747,9.259654832397613,49.766819720670625,35.1185931408229,0.007490812124004079,0.14271763050821695,199.45471491804346,0,COMPLETE
39,20.975348617259368,1.1754547912236386,2026-10-06 00:16:04.680808,2026-10-06 00:19:24.825482,0 days 00:03:20.144674,0.02862763109125612,30.15990641073274,92.64081871882584,1.317161884323402,0.04690319758315672,4.77364867214484e-05,200.14460612041876,0,COMPLETE
40,2.802223774710689,1.5815143968248775,2026-10-06 00:16:04.697730,2026-10-06 00:19:20.050328,0 days 00:03:15.352598,0.20340547040497436,27.439299712901963,1.0882154872071723,85.19133108757825,0.004251956498327011,1.9350203178326717,195.35251096310094,0,COMPLETE
41,21.37244379079288,1.5345153143121457,2026-10-06 00:16:04.714819,2026-10-06 00:19:24.470094,0 days 00:03:19.755275,0.12420771410919251,15.859677991775037,37.451348362540784,10.36246557689139,0.016205446913400444,5.531733091815851e-06,199.75519840186462,0,COMPLETE
42,3.733850256447532,1.7868850208763365,2026-10-06 00:16:04.732010,2026-10-06 00:19:19.479766,0 days 00:03:14.747756,0.1713359383921567,23.170431497793686,3.2005488053267315,25.143428634577997,0.0036480215798860415,0.0002119529307262873,194.7476718351245,0,COMPLETE
43,22.01319466152759,2.506037160538195,2026-10-06 00:16:04.749803,2026-10-06 00:19:24.957475,0 days 00:03:20.207672,0.6040198049165227,42.2707199463251,85.7034102631403,7.746949202276626,0.024790630872431413,4.186531797867048e-06,200.20759617816657,0,COMPLETE
44,1.0739688036557378,1.20590709775446,2026-10-06 00:16:04.766719,2026-10-06 00:19:27.850030,0 days 00:03:23.083311,0.22064960776086395,5.094097601371492,1.503757636346154,12.787423999775164,0.0052313038804299265,0.0015510826853230878,203.08323258906603,0,COMPLETE
45,15.09662360351299,1.2555287295663191,2026-10-06 00:16:04.781210,2026-10-06 00:19:19.399220,0 days 00:03:14.618010,0.16177110021459462,1.8619069911135584,75.08545011892379,5.534390982625277,0.011005204287205276,60.28758797529368,194.6179205630906,0,COMPLETE
46,3.533611880171727,1.262158244241928,2026-10-06 00:16:04.799612,2026-10-06 00:19:21.997254,0 days 00:03:17.197642,0.2041804858286469,13.718377456891261,1.5756892409205032,8.703200671644508,0.0031633327897085755,0.00030876033418420374,197.19755583815277,0,COMPLETE
47,3.35245840394433,1.2492227623620686,2026-10-06 00:16:04.819475,2026-10-06 00:19:23.248785,0 days 00:03:18.429310,0.05453551070609078,33.138047946347484,8.783981497710927,9.37375829503531,0.05203175313572983,0.47573095548034894,198.42923531029373,0,COMPLETE
48,4.11797573744866,1.4075954626104406,2026-10-06 00:16:04.838723,2026-10-06 00:19:25.683498,0 days 00:03:20.844775,0.15451181092743557,36.01836022292424,5.062509607828782,8.768822642617206,0.04295257429749344,2.3034440402457166e-06,200.84469622327015,0,COMPLETE
49,1.7668377847756702,1.1949055259899253,2026-10-06 00:16:04.855802,2026-10-06 00:19:24.765628,0 days 00:03:19.909826,0.05809227916278431,21.97703313754176,2.461034847993623,14.761980432732647,0.09951250780081111,6.171683497201868,199.90975231397897,0,COMPLETE
50,4.057123292676559,1.4837575113408654,2026-10-06 00:16:04.872789,2026-10-06 00:19:24.210896,0 days 00:03:19.338107,0.06303813244707378,43.69954413505011,16.375056145446308,2.258131087999159,0.0035385003424894196,4.776480973967709,199.33802398201078,0,COMPLETE
51,6.671830357691938,3.2792085136130993,2026-10-06 00:16:04.877494,2026-10-06 00:19:25.479130,0 days 00:03:20.601636,0.21624362868500435,4.498812671735001,6.05963447323246,11.88056855709757,0.007526894723115655,0.05301304102550395,200.60156759805977,0,COMPLETE
52,8.844158581269415,1.4094079978829894,2026-10-06 00:16:04.894788,2026-10-06 00:19:22.287721,0 days 00:03:17.392933,0.6188401160190078,48.21469805334717,17.27325201263315,1.0833672540763994,0.001940176135431853,9.416696432043285,197.3928554020822,0,COMPLETE
53,11.510724302867809,1.212062686446087,2026-10-06 00:16:04.899212,2026-10-06 00:19:23.167125,0 days 00:03:18.267913,0.05005144061496009,30.4361881968835,24.404966548562996,7.82709496809967,0.030091272867373106,4.2062981036209255,198.26783583685756,0,COMPLETE
54,3.485531614620078,1.3268021342398661,2026-10-06 00:16:04.916824,2026-10-06 00:19:19.675433,0 days 00:03:14.758609,0.8260375030611535,8.987478920641044,3.3898967045651704,5.234236490545744,0.022940850880984066,3.4352887454749903e-06,194.7585409572348,0,COMPLETE
55,6.802667921100827,1.5004212966224753,2026-10-06 00:16:04.921522,2026-10-06 00:19:28.504506,0 days 00:03:23.582984,0.7631168545288265,33.379368922969036,9.170925397329185,5.40483203049463,0.009661446932206583,1.0011885515903511,203.58289907919243,0,COMPLETE
56,1.467301689567456,1.4296632020039926,2026-10-06 00:16:04.938809,2026-10-06 00:19:20.531502,0 days 00:03:15.592693,0.026152965027850868,23.672938934310228,1.2211815987182468,24.12746913981788,0.001361537527871045,3.752797318712095e-05,195.59260579990223,0,COMPLETE
57,5.76956994372468,1.2243006625293404,2026-10-06 00:16:04.943500,2026-10-06 00:19:18.810726,0 days 00:03:13.867226,0.08100675739328246,15.177603097437203,3.3443028078575168,3.528688709174988,0.04971062451720456,0.000617184287939886,193.86713544698432,0,COMPLETE
58,1.3755297762624341,1.3138123543551172,2026-10-06 00:16:04.960729,2026-10-06 00:19:26.217564,0 days 00:03:21.256835,0.011564923111048746,45.226881063597205,17.92163610489175,17.015991728713825,0.052741315910850586,98.29574069172469,201.25675231497735,0,COMPLETE
59,1.9602468671020166,1.4706540231439025,2026-10-06 00:16:04.973856,2026-10-06 00:19:26.582473,0 days 00:03:21.608617,0.20652990965328316,32.162474435422155,2.0232483980821487,1.662835841700784,0.019476371401597418,0.001316610054285499,201.60853490186855,0,COMPLETE
60,,,2026-10-06 00:16:04.993596,2026-10-06 00:16:15.451704,0 days 00:00:10.458108,0.04614778085125994,31.77826325328135,71.66998921730585,60.20806489112908,0.0073508812284961075,,,0,PRUNED
61,3.3089030844855807,1.247947699903947,2026-10-06 00:16:05.010822,2026-10-06 00:19:20.793600,0 days 00:03:15.782778,0.09122902171890275,14.481054239531575,3.119914874625205,18.405743265937417,0.041070557142330835,1.1651256511426257e-05,195.78269503684714,0,COMPLETE
62,6.414893163258798,1.3277205621286756,2026-10-06 00:16:05.027814,2026-10-06 00:19:26.295005,0 days 00:03:21.267191,0.40297462672699746,49.87358908013427,36.28074892924407,81.61648462093038,0.05028628093256375,0.00012236888780641845,201.2671152916737,0,COMPLETE
63,13.570756388764275,1.252823261678488,2026-10-06 00:16:05.032549,2026-10-06 00:19:28.814880,0 days 00:03:23.782331,0.6510545227027176,16.226854031871476,10.939669448854767,1.067628341220506,0.028683671225404623,0.00011744791242386705,203.78220243472606,0,COMPLETE
64,8.199132182424263,2.780630949349992,2026-10-06 00:16:07.695656,2026-10-06 00:19:20.648969,0 days 00:03:12.953313,0.3405936062685717,28.715101235632567,7.503878447618833,7.768783341952489,0.005185214608675789,1.0792627112324709e-06,192.95322789391503,0,COMPLETE
65,,,2026-10-06 00:16:09.537704,2026-10-06 00:16:09.848158,0 days 00:00:00.310454,0.3485899392838909,9.681622874357618,80.81322255317829,21.159575284355757,0.0012536553048501408,,,0,PRUNED
66,4.331368715797498,1.6644943531425385,2026-10-06 00:16:09.930690,2026-10-06 00:19:18.864324,0 days 00:03:08.933634,0.9222042430472607,46.94790687607716,24.50519146354879,76.48628213077073,0.010747984261336834,0.0013861537444713598,188.93354656593874,0,COMPLETE
67,,,2026-10-06 00:16:09.974284,2026-10-06 00:16:10.519655,0 days 00:00:00.545371,0.020739107151171634,36.07872928839682,1.2165655340170896,71.36266185475864,0.003496799490094078,,,0,PRUNED
68,23.63767471927624,1.3942066567559148,2026-10-06 00:16:09.989668,2026-10-06 00:19:19.479852,0 days 00:03:09.490184,0.14472486883161542,45.741044518014796,31.25109846959102,1.3952232429901594,0.013593181580386379,7.502092623438249,189.49013961991295,0,COMPLETE
69,5.511742739137583,3.312846274566547,2026-10-06 00:16:10.357688,2026-10-06 00:19:25.961359,0 days 00:03:15.603671,0.1451587468549007,1.8035527040499448,2.9086621493278186,51.488983054831635,0.004038130157108156,0.9348986264427822,195.6035955711268,0,COMPLETE
70,4.281864852803781,1.2949868148671873,2026-10-06 00:16:10.523832,2026-10-06 00:19:19.211668,0 days 00:03:08.687836,0.7166403686825077,13.831417837169631,2.2478909224590824,2.2173270636183195,0.012859806408913417,0.00016572818044818233,188.68775940593332,0,COMPLETE
71,3.3038228938095395,2.168815519887782,2026-10-06 00:16:10.734695,2026-10-06 00:19:19.511510,0 days 00:03:08.776815,0.4571847416983729,18.9307098550292,1.1092055093231412,22.43969985918882,0.0013674293535711243,4.496789805494079e-05,188.77673874190077,0,COMPLETE
72,3.27634337633609,1.2749299217011634,2026-10-06 00:16:15.791695,2026-10-06 00:19:24.827603,0 days 00:03:09.035908,0.14048411428206908,38.21962699923496,4.777403167506996,36.31938254187951,0.018697464163305758,28.998661100600568,189.0358367380686,0,COMPLETE
73,,,2026-10-06 00:19:18.727019,2026-10-06 00:19:19.641814,0 days 00:00:00.914795,0.03231447755572411,42.20531160094881,51.025396882129506,9.188624439951589,0.001247182792641653,,,0,PRUNED
74,,,2026-10-06 00:19:18.738678,2026-10-06 00:19:19.095290,0 days 00:00:00.356612,0.13113702400366442,42.524439348408386,47.63360791883337,31.430477903638696,0.0014089631080910724,,,0,PRUNED
75,,,2026-10-06 00:19:19.016716,2026-10-06 00:19:19.837683,0 days 00:00:00.820967,0.015770046067060926,6.482406662946869,28.44743231080277,65.93980942574663,0.001668844609978526,,,0,PRUNED
76,4.852057990938102,1.2685395225702831,2026-10-06 00:19:19.194688,2026-10-06 00:22:30.071186,0 days 00:03:10.876498,0.9777015100816152,12.496399234021823,4.8188680658737555,1.0504071612474393,0.006134002289848942,0.7956281276060505,190.8764002211392,0,COMPLETE
77,,,2026-10-06 00:19:19.196368,2026-10-06 00:19:19.599940,0 days 00:00:00.403572,0.39374257896698717,4.795467103301169,46.13661328878879,1.3653422757887093,0.0022188978876855002,,,0,PRUNED
78,5.787255230767656,1.2605671678044983,2026-10-06 00:19:19.197794,2026-10-06 00:22:30.339434,0 days 00:03:11.141640,0.01806852784507638,16.161316639520066,21.065771521536533,12.982025204018724,0.016349085160555294,0.6049573686622417,191.1415383759886,0,COMPLETE
79,1.072168780112806,1.568052957063194,2026-10-06 00:19:19.426679,2026-10-06 00:22:30.912180,0 days 00:03:11.485501,0.31301246770871677,35.87254521570963,1.0182349316695063,1.4068632111582249,0.0019648452103543565,0.00019131798646082826,191.48540879460052,0,COMPLETE
80,2.4209686810377633,1.264373516911879,2026-10-06 00:19:19.889969,2026-10-06 00:22:31.256052,0 days 00:03:11.366083,0.17195253721278408,22.950145584071887,1.058645747546067,20.501947011528166,0.02248164681392751,7.006416530644449e-05,191.36598812416196,0,COMPLETE
81,9.67993310637427,5.703458011582724,2026-10-06 00:19:19.978684,2026-10-06 00:22:32.023054,0 days 00:03:12.044370,0.15284458143758525,18.07509265250755,8.542461496500211,7.199828877442092,0.0026326147651904138,3.3032991207062586e-06,192.0442742491141,0,COMPLETE
82,6.779777782083007,1.7608471866433044,2026-10-06 00:19:20.022345,2026-10-06 00:22:34.388515,0 days 00:03:14.366170,0.5971754576634607,29.98552728883762,7.374473253945257,6.622569274260171,0.00225548257499478,7.048692059312514e-05,194.36608384596184,0,COMPLETE
83,,,2026-10-06 00:19:20.071904,2026-10-06 00:19:20.549971,0 days 00:00:00.478067,0.15730170718568962,6.92044083478768,15.8119613414673,3.6506367086203877,0.0011949689683344508,,,0,PRUNED
84,6.57023187250474,1.4107281591664347,2026-10-06 00:19:20.174700,2026-10-06 00:22:31.737719,0 days 00:03:11.563019,0.9414674641192096,26.765089740675695,5.106990318096744,4.2674304311434605,0.01610345981787882,2.864629402362586e-06,191.5629299147986,0,COMPLETE
