number,values_0,values_1,datetime_start,datetime_complete,duration,params_c_val,params_input_force,params_k_between_val,params_k_wall_val,params_m_val,params_ridge_alpha,user_attrs_duration_sec,system_attrs_NSGAIISampler:generation,state
2659,32.105448248610195,13.77246817701386,2026-10-06 02:18:24.568695,2026-10-06 02:21:38.976574,0 days 00:03:14.407879,0.14472486883161542,1.8054001832365776,78.91305021174706,4.949274479107639,0.009569508337727876,2.328670127015952e-06,194.4077910128981,22,COMPLETE
2660,21.604580488236536,1.701562448893442,2026-10-06 02:18:24.744702,2026-10-06 02:21:41.242073,0 days 00:03:16.497371,0.17534157142392734,13.691178437688654,78.91305021174706,18.49957504695779,0.009569508337727876,0.05064778764212291,196.49727514386177,22,COMPLETE
2661,25.5092785895202,15.314458749701705,2026-10-06 02:18:24.841684,2026-10-06 02:21:38.299978,0 days 00:03:13.458294,0.48480307501533615,3.42961079489487,78.91305021174706,4.949274479107639,0.009569508337727876,2.328670127015952e-06,193.45820208499208,22,COMPLETE
2662,,,2026-10-06 02:18:24.986685,2026-10-06 02:18:25.366711,0 days 00:00:00.380026,0.17534157142392734,1.8054001832365776,78.91305021174706,83.85989774544747,0.005032921709587045,,,22,PRUNED
2663,,,2026-10-06 02:18:25.336865,2026-10-06 02:18:26.406698,0 days 00:00:01.069833,0.17534157142392734,3.736843231822889,78.91305021174706,9.93989579004442,0.0057569905182013326,,,22,PRUNED
2664,31.488651241640884,16.678654166865694,2026-10-06 02:18:25.340639,2026-10-06 02:21:36.439752,0 days 00:03:11.099113,0.1912437107176475,1.8054001832365776,78.91305021174706,8.12919983985662,0.009569508337727876,2.328670127015952e-06,191.09903945960104,22,COMPLETE
2665,25.213641686793274,15.801053476474326,2026-10-06 02:18:25.344636,2026-10-06 02:21:40.248526,0 days 00:03:14.903890,0.42937345114127523,1.2945940045268234,78.91305021174706,18.49957504695779,0.009569508337727876,5.4363657901607905e-06,194.90378908114508,22,COMPLETE
2666,12.781158929622773,10.37541208902086,2026-10-06 02:18:25.348633,2026-10-06 02:21:43.357868,0 days 00:03:18.009235,0.3628361430959349,48.96876351974751,78.91305021174706,46.431764750098004,0.009569508337727876,1.4671267453130232e-06,198.00915428623557,22,COMPLETE
2667,30.29224191088005,18.12727174602449,2026-10-06 02:18:25.352634,2026-10-06 02:21:35.924970,0 days 00:03:10.572336,0.17534157142392734,3.42961079489487,78.91305021174706,12.025559114678314,0.009569508337727876,2.328670127015952e-06,190.5722590368241,22,COMPLETE
2668,12.572273100083853,2.0745391271173217,2026-10-06 02:18:25.374649,2026-10-06 02:21:34.864588,0 days 00:03:09.489939,0.17534157142392734,1.8054001832365776,5.820019156509242,64.23960458356916,0.02095218804868322,0.006119831840054303,189.4898404260166,22,COMPLETE
2669,0.8663369537228757,1.2050488341808174,2026-10-06 02:18:25.382640,2026-10-06 02:21:35.764306,0 days 00:03:10.381666,0.09804761797872195,5.055421435662145,1.5127173276913253,33.705587852946245,0.009569508337727876,9.391865709026338e-06,190.38158640591428,22,COMPLETE
2670,24.37440082273807,5.763157708155731,2026-10-06 02:18:25.386798,2026-10-06 02:21:33.401645,0 days 00:03:08.014847,0.14472486883161542,1.8054001832365776,78.91305021174706,12.025559114678314,0.012090674219929246,0.07740928754544946,188.01474133878946,22,COMPLETE
2671,30.720148453309132,18.32970274812404,2026-10-06 02:18:25.390640,2026-10-06 02:21:43.340515,0 days 00:03:17.949875,0.14472486883161542,1.8054001832365776,78.91305021174706,34.13501781282142,0.009569508337727876,7.659796296544497e-06,197.94979587988928,22,COMPLETE
2672,30.926801390792896,19.922321134227168,2026-10-06 02:18:25.459798,2026-10-06 02:21:42.017990,0 days 00:03:16.558192,0.17534157142392734,1.8054001832365776,78.91305021174706,22.2783980962908,0.009569508337727876,2.328670127015952e-06,196.5581043502316,22,COMPLETE
2673,31.445372342935343,16.504664224757644,2026-10-06 02:18:25.463636,2026-10-06 02:21:43.621234,0 days 00:03:18.157598,0.14472486883161542,1.8054001832365776,78.91305021174706,12.025559114678314,0.009569508337727876,2.328670127015952e-06,198.1566868550144,22,COMPLETE
2674,14.022848499776293,18.35160540375657,2026-10-06 02:18:26.249683,2026-10-06 02:21:36.021991,0 days 00:03:09.772308,0.6040198049165227,6.28879905307643,21.07606842746021,27.821597027495464,0.009569508337727876,2.328670127015952e-06,189.7722203307785,22,COMPLETE
2675,21.027012929229215,20.677223014923975,2026-10-06 02:18:26.946865,2026-10-06 02:21:37.393286,0 days 00:03:10.446421,0.6040198049165227,1.8054001832365776,78.91305021174706,27.821597027495464,0.009569508337727876,2.328670127015952e-06,190.4463323582895,22,COMPLETE
2676,31.284621544300705,17.94211592853864,2026-10-06 02:18:26.950641,2026-10-06 02:21:43.149827,0 days 00:03:16.199186,0.17534157142392734,1.8054001832365776,78.91305021174706,12.025559114678314,0.009569508337727876,2.328670127015952e-06,196.19909700611606,22,COMPLETE
2677,31.009425578384544,18.169571737126063,2026-10-06 02:18:26.958633,2026-10-06 02:21:42.262040,0 days 00:03:15.303407,0.14472486883161542,1.8054001832365776,78.91305021174706,23.799365678660685,0.009569508337727876,2.328670127015952e-06,195.30332877626643,22,COMPLETE
2678,28.19261743621086,17.079956791099587,2026-10-06 02:18:26.982647,2026-10-06 02:21:41.088740,0 days 00:03:14.106093,0.17534157142392734,1.8054001832365776,37.93487017496942,12.303481343464334,0.009569508337727876,2.328670127015952e-06,194.1060163769871,22,COMPLETE
2679,30.197290253244574,19.4463168639212,2026-10-06 02:18:26.986638,2026-10-06 02:21:38.185934,0 days 00:03:11.199296,0.14472486883161542,1.8054001832365776,78.91305021174706,74.5465160476021,0.009569508337727876,2.328670127015952e-06,191.19920761091635,22,COMPLETE
2680,29.73250871275522,7.50366304127139,2026-10-06 02:18:26.990637,2026-10-06 02:21:35.806046,0 days 00:03:08.815409,0.07083796712692429,3.42961079489487,78.91305021174706,28.521004463161855,0.009569508337727876,1.4671267453130232e-06,188.81532686017454,22,COMPLETE
2681,27.17369119319834,3.702763452872693,2026-10-06 02:18:27.044641,2026-10-06 02:21:37.257176,0 days 00:03:10.212535,0.14472486883161542,24.63902666928226,78.91305021174706,8.12919983985662,0.009569508337727876,2.328670127015952e-06,190.21245111804456,22,COMPLETE
2682,19.678459863074256,11.063697046801918,2026-10-06 02:18:27.640867,2026-10-06 02:21:40.797489,0 days 00:03:13.156622,0.14472486883161542,6.28879905307643,53.482974135944545,44.509504526772645,0.009569508337727876,2.328670127015952e-06,193.15653927857056,22,COMPLETE
2683,31.34173244723886,14.349123318159647,2026-10-06 02:18:27.644642,2026-10-06 02:21:41.745702,0 days 00:03:14.101060,0.1912437107176475,1.8054001832365776,78.91305021174706,8.12919983985662,0.009569508337727876,9.391865709026338e-06,194.10096140671521,22,COMPLETE
2684,18.221759470305408,7.501386967659665,2026-10-06 02:18:27.648634,2026-10-06 02:21:41.898585,0 days 00:03:14.249951,0.7975908545230842,1.8054001832365776,78.91305021174706,4.092750657811627,0.012090674219929246,2.328670127015952e-06,194.2498534936458,22,COMPLETE
2685,25.59847727209248,11.593436716607174,2026-10-06 02:18:27.804693,2026-10-06 02:21:40.832833,0 days 00:03:13.028140,0.48480307501533615,3.42961079489487,78.91305021174706,2.2967356218860653,0.009569508337727876,2.328670127015952e-06,193.02805713796988,22,COMPLETE
2686,32.105448248610195,13.77246817701386,2026-10-06 02:18:27.959680,2026-10-06 02:21:36.428794,0 days 00:03:08.469114,0.14472486883161542,1.8054001832365776,78.91305021174706,4.949274479107639,0.009569508337727876,2.328670127015952e-06,188.46902177901939,22,COMPLETE
2687,0.10653995545097421,1.2347460354869737,2026-10-06 02:18:27.995658,2026-10-06 02:21:36.433971,0 days 00:03:08.438313,0.48967816666395225,1.8054001832365776,78.91305021174706,18.49957504695779,0.008698017554316196,3.925004141883763e-05,188.43823690107092,22,COMPLETE
2688,24.137664279248558,2.6497690636933653,2026-10-06 02:18:28.036663,2026-10-06 02:21:36.041088,0 days 00:03:08.004425,0.14472486883161542,29.92285310412911,78.91305021174706,4.949274479107639,0.009569508337727876,15.910308418355221,188.00434536579996,22,COMPLETE
2689,25.822492343418297,26.11539435686497,2026-10-06 02:18:28.260687,2026-10-06 02:21:42.468517,0 days 00:03:14.207830,0.42937345114127523,3.42961079489487,78.91305021174706,21.785497405299928,0.009569508337727876,2.328670127015952e-06,194.2077233120799,22,COMPLETE
2690,23.53157394956974,11.227981872400646,2026-10-06 02:18:28.500696,2026-10-06 02:21:42.231347,0 days 00:03:13.730651,0.12014132825757128,1.8054001832365776,15.372564983284274,23.799365678660685,0.009569508337727876,2.328670127015952e-06,193.73056174907833,22,COMPLETE
2691,31.058494576748092,18.688083566493344,2026-10-06 02:18:28.504651,2026-10-06 02:21:38.967523,0 days 00:03:10.462872,0.14472486883161542,1.8054001832365776,78.91305021174706,12.303481343464334,0.008698017554316196,2.328670127015952e-06,190.46278000390157,22,COMPLETE
2692,16.729489924082426,1.2461682999129096,2026-10-06 02:18:28.559677,2026-10-06 02:21:37.164976,0 days 00:03:08.605299,0.14472486883161542,1.8054001832365776,78.91305021174706,4.949274479107639,0.009569508337727876,8.48721690785091,188.60521483095363,22,COMPLETE
2693,22.300482789868347,1.4642927323546109,2026-10-06 02:18:29.467679,2026-10-06 02:21:42.128318,0 days 00:03:12.660639,0.026076686838873746,1.8054001832365776,78.91305021174706,12.303481343464334,0.009569508337727876,2.328670127015952e-06,192.66054910980165,22,COMPLETE
2694,31.097760978751058,13.863278205932902,2026-10-06 02:18:29.471643,2026-10-06 02:21:39.914212,0 days 00:03:10.442569,0.14472486883161542,1.8054001832365776,78.91305021174706,18.49957504695779,0.012090674219929246,2.328670127015952e-06,190.44248209614307,22,COMPLETE
2695,28.959435624066735,11.309610131998175,2026-10-06 02:18:29.475640,2026-10-06 02:21:40.980838,0 days 00:03:11.505198,0.14472486883161542,1.8054001832365776,78.91305021174706,24.004313571549687,0.009569508337727876,0.005379214412863693,191.5051187039353,22,COMPLETE
2696,31.451675120938898,16.474531094849322,2026-10-06 02:18:29.479633,2026-10-06 02:21:42.794437,0 days 00:03:13.314804,0.14472486883161542,1.8054001832365776,78.91305021174706,11.893393556982886,0.009569508337727876,2.328670127015952e-06,193.31471226597205,22,COMPLETE
2697,12.238296633541946,1.2974753184572823,2026-10-06 02:18:29.483650,2026-10-06 02:21:39.831371,0 days 00:03:10.347721,0.48967816666395225,1.8054001832365776,78.91305021174706,35.397938808104236,0.02324105421431308,9.561692685401129,190.34762865724042,22,COMPLETE
2698,28.195990992805143,25.08052941432612,2026-10-06 02:18:30.148686,2026-10-06 02:21:40.790222,0 days 00:03:10.641536,0.3430619780030774,3.42961079489487,78.91305021174706,18.49957504695779,0.009569508337727876,2.328670127015952e-06,190.64145151013508,22,COMPLETE
2699,24.37978270394802,27.25587200509756,2026-10-06 02:18:30.289836,2026-10-06 02:21:42.176501,0 days 00:03:11.886665,0.48967816666395225,3.42961079489487,78.91305021174706,21.70956234684571,0.009569508337727876,1.4671267453130232e-06,191.88657727697864,22,COMPLETE
2700,32.105448248610195,13.77246817701386,2026-10-06 02:18:30.293654,2026-10-06 02:21:40.520743,0 days 00:03:10.227089,0.14472486883161542,1.8054001832365776,78.91305021174706,4.949274479107639,0.009569508337727876,2.328670127015952e-06,190.2269993298687,22,COMPLETE
2701,1.2235945219574833,1.2032524629527201,2026-10-06 02:18:31.213857,2026-10-06 02:21:42.103581,0 days 00:03:10.889724,0.01090842136652466,33.426624131897135,1.3624326258182655,18.49957504695779,0.009569508337727876,2.328670127015952e-06,190.88963277591392,22,COMPLETE
2702,32.09584660361507,7.320240449806327,2026-10-06 02:18:31.238951,2026-10-06 02:21:40.909501,0 days 00:03:09.670550,0.11975518170439672,1.8054001832365776,78.91305021174706,6.182683349256731,0.015941803185749774,2.328670127015952e-06,189.67046532873064,22,COMPLETE
2703,30.196709377571572,19.565675460013697,2026-10-06 02:18:31.294658,2026-10-06 02:21:42.063294,0 days 00:03:10.768636,0.17534157142392734,3.42961079489487,78.91305021174706,18.49957504695779,0.009569508337727876,2.328670127015952e-06,190.76854426320642,22,COMPLETE
2704,28.684089870607806,5.229875537250935,2026-10-06 02:18:57.948695,2026-10-06 02:22:07.374732,0 days 00:03:09.426037,0.6040198049165227,3.42961079489487,78.91305021174706,27.821597027495464,0.07499119648215863,2.328670127015952e-06,189.42592665413395,22,COMPLETE
2705,,,2026-10-06 02:20:10.092726,2026-10-06 02:20:11.626747,0 days 00:00:01.534021,0.42937345114127523,3.42961079489487,78.91305021174706,7.082771674170354,0.003478692444304309,,,22,PRUNED
2706,29.684451819601612,13.771317628092516,2026-10-06 02:20:11.820701,2026-10-06 02:23:28.006612,0 days 00:03:16.185911,0.33379851047846487,1.8054001832365776,78.91305021174706,4.949274479107639,0.009569508337727876,2.328670127015952e-06,196.18579302774742,22,COMPLETE
2707,18.44129065585866,2.4899739958317317,2026-10-06 02:21:33.504706,2026-10-06 02:24:47.352994,0 days 00:03:13.848288,0.6040198049165227,24.177510936891366,60.495949850169914,4.949274479107639,0.009569508337727876,2.328670127015952e-06,193.8481828579679,22,COMPLETE
2708,5.575137764186598,3.2320988015230956,2026-10-06 02:21:34.493722,2026-10-06 02:24:48.189608,0 days 00:03:13.695886,0.5804379238023668,7.7988590190752145,5.747739445063971,9.685551015280055,0.004647169901651683,1.4671267453130232e-06,193.6957809748128,22,COMPLETE
2709,2.4487390042011503,1.2424175051322055,2026-10-06 02:21:34.893067,2026-10-06 02:24:48.619508,0 days 00:03:13.726441,0.5804379238023668,43.39071522718687,85.00654425681361,18.49957504695779,0.009569508337727876,1.4671267453130232e-06,193.7263534939848,22,COMPLETE
2710,29.09990301880678,1.9034086152450085,2026-10-06 02:21:35.059828,2026-10-06 02:24:49.790239,0 days 00:03:14.730411,0.14472486883161542,9.07133197505416,78.91305021174706,4.949274479107639,0.009569508337727876,2.328670127015952e-06,194.73031204985455,22,COMPLETE
2711,26.768162117347053,18.69055531417194,2026-10-06 02:21:35.070662,2026-10-06 02:24:47.232112,0 days 00:03:12.161450,0.22031827582514427,6.28879905307643,78.91305021174706,27.821597027495464,0.009569508337727876,2.328670127015952e-06,192.1613375484012,22,COMPLETE
2712,30.4322212198852,12.455799218962744,2026-10-06 02:21:35.633914,2026-10-06 02:24:49.133291,0 days 00:03:13.499377,0.14472486883161542,1.8054001832365776,78.91305021174706,56.90009601530304,0.015941803185749774,2.328670127015952e-06,193.49929343163967,22,COMPLETE
2713,29.434364552653385,15.721728693699744,2026-10-06 02:21:35.806355,2026-10-06 02:24:50.277131,0 days 00:03:14.470776,0.17534157142392734,1.8054001832365776,54.383285285286235,8.12919983985662,0.009569508337727876,2.328670127015952e-06,194.47067969897762,22,COMPLETE
2714,17.448146408991136,11.86723702904397,2026-10-06 02:21:35.833770,2026-10-06 02:24:50.523671,0 days 00:03:14.689901,0.8881026045844953,1.8054001832365776,78.91305021174706,9.93989579004442,0.009569508337727876,2.328670127015952e-06,194.6897909939289,22,COMPLETE
2715,30.46385981730729,18.32240257271986,2026-10-06 02:21:35.888662,2026-10-06 02:24:48.581702,0 days 00:03:12.693040,0.22031827582514427,2.5826334477054016,78.91305021174706,12.025559114678314,0.009569508337727876,9.984400825924736e-06,192.69295606715605,22,COMPLETE
2716,5.212872756419861,1.2805183246557377,2026-10-06 02:21:36.108841,2026-10-06 02:24:52.647701,0 days 00:03:16.538860,0.17534157142392734,17.823063721890037,1.7344921640103241,4.949274479107639,0.009569508337727876,2.328670127015952e-06,196.53877111291513,22,COMPLETE
2717,5.355574608862135,1.923718236623402,2026-10-06 02:21:36.137648,2026-10-06 02:24:48.937959,0 days 00:03:12.800311,0.5804379238023668,7.7988590190752145,2.5384348693495036,18.49957504695779,0.009569508337727876,1.4671267453130232e-06,192.80021405406296,22,COMPLETE
2718,,,2026-10-06 02:21:36.414930,2026-10-06 02:21:36.939977,0 days 00:00:00.525047,0.3430619780030774,2.5826334477054016,78.91305021174706,22.2783980962908,0.002159140030542257,,,22,PRUNED
2719,28.25994622660489,25.07992649618613,2026-10-06 02:21:36.420282,2026-10-06 02:24:50.282054,0 days 00:03:13.861772,0.3401090828369047,3.42961079489487,78.91305021174706,18.49957504695779,0.009569508337727876,2.328670127015952e-06,193.86167974583805,22,COMPLETE
2720,29.37529897523988,24.583333496538653,2026-10-06 02:21:36.534997,2026-10-06 02:24:55.242844,0 days 00:03:18.707847,0.2807594959290082,3.42961079489487,78.91305021174706,18.49957504695779,0.009569508337727876,2.328670127015952e-06,198.707728642039,22,COMPLETE
2721,16.236603671442445,1.2764762027386634,2026-10-06 02:21:36.538660,2026-10-06 02:24:49.029473,0 days 00:03:12.490813,0.48480307501533615,21.83895889249852,78.91305021174706,28.521004463161855,0.033891479403627855,2.328670127015952e-06,192.49072097893804,22,COMPLETE
2722,21.565058234794343,10.77153280960826,2026-10-06 02:21:36.542642,2026-10-06 02:24:49.802778,0 days 00:03:13.260136,0.14472486883161542,1.8054001832365776,11.415673868848632,4.949274479107639,0.009210911317287207,2.328670127015952e-06,193.2600520979613,22,COMPLETE
2723,16.7225978911276,5.562983526517816,2026-10-06 02:21:36.546636,2026-10-06 02:24:50.865854,0 days 00:03:14.319218,0.14472486883161542,1.0100598856645617,5.908904017906578,47.842246638950584,0.009569508337727876,2.328670127015952e-06,194.3191332789138,22,COMPLETE
2724,28.904449837832413,1.4358884061324388,2026-10-06 02:21:36.617671,2026-10-06 02:24:51.577842,0 days 00:03:14.960171,0.14472486883161542,6.28879905307643,78.91305021174706,4.949274479107639,0.012090674219929246,2.328670127015952e-06,194.96007988229394,22,COMPLETE
2725,31.400815124804573,14.115567121130088,2026-10-06 02:21:36.621818,2026-10-06 02:24:49.043700,0 days 00:03:12.421882,0.1065521439935736,1.8054001832365776,78.91305021174706,18.49957504695779,0.009569508337727876,2.328670127015952e-06,192.42180284112692,22,COMPLETE
2726,19.505886437897527,1.9612024071722929,2026-10-06 02:21:36.884713,2026-10-06 02:24:50.551140,0 days 00:03:13.666427,0.48967816666395225,15.702686374623806,78.91305021174706,12.025559114678314,0.009569508337727876,1.4671267453130232e-06,193.66633387980983,22,COMPLETE
2727,25.891923000437423,9.805144507873907,2026-10-06 02:21:37.532988,2026-10-06 02:24:47.955758,0 days 00:03:10.422770,0.1912437107176475,1.8054001832365776,78.91305021174706,8.12919983985662,0.009569508337727876,0.013634702696632356,190.42265807278454,22,COMPLETE
2728,31.65615627513686,13.473938187556055,2026-10-06 02:21:37.536644,2026-10-06 02:24:48.580770,0 days 00:03:11.044126,0.14472486883161542,1.8054001832365776,78.91305021174706,2.4821582187648223,0.008698017554316196,2.328670127015952e-06,191.0440370189026,22,COMPLETE
2729,23.243636712044996,1.2760029637201682,2026-10-06 02:21:37.540636,2026-10-06 02:24:52.614152,0 days 00:03:15.073516,0.08939713427342308,7.7988590190752145,78.91305021174706,18.49957504695779,0.009569508337727876,1.4671267453130232e-06,195.0734378178604,22,COMPLETE
2730,32.71531598177997,3.199507333341491,2026-10-06 02:21:37.544636,2026-10-06 02:24:53.034624,0 days 00:03:15.489988,0.14472486883161542,1.8054001832365776,78.91305021174706,12.025559114678314,0.03855036655186062,2.328670127015952e-06,195.4898842102848,22,COMPLETE
2731,15.560895537397318,1.220401740513779,2026-10-06 02:21:37.548636,2026-10-06 02:24:53.461762,0 days 00:03:15.913126,0.011296966790613783,3.42961079489487,78.91305021174706,18.49957504695779,0.009569508337727876,2.328670127015952e-06,195.91303936811164,22,COMPLETE
2732,30.23671539891876,21.222502877068077,2026-10-06 02:21:37.552630,2026-10-06 02:24:51.591584,0 days 00:03:14.038954,0.22031827582514427,3.42961079489487,78.91305021174706,12.025559114678314,0.009569508337727876,2.328670127015952e-06,194.03887449391186,22,COMPLETE
2733,31.284621544300705,17.94211592853864,2026-10-06 02:21:37.587657,2026-10-06 02:24:49.089149,0 days 00:03:11.501492,0.17534157142392734,1.8054001832365776,78.91305021174706,12.025559114678314,0.009569508337727876,2.328670127015952e-06,191.50142015097663,22,COMPLETE
2734,30.607565159484626,16.772617968989376,2026-10-06 02:21:37.591639,2026-10-06 02:24:49.563624,0 days 00:03:11.971985,0.12014132825757128,1.8054001832365776,78.91305021174706,45.20289824179284,0.009569508337727876,5.396038768697333e-06,191.97187912184745,22,COMPLETE
2735,31.90094107363023,10.711314097879091,2026-10-06 02:21:38.257799,2026-10-06 02:24:48.976509,0 days 00:03:10.718710,0.14472486883161542,1.8054001832365776,78.91305021174706,4.949274479107639,0.012090674219929246,2.328670127015952e-06,190.71861492516473,23,COMPLETE
2736,,,2026-10-06 02:21:38.433661,2026-10-06 02:21:39.043699,0 days 00:00:00.610038,0.14472486883161542,1.8054001832365776,78.91305021174706,12.025559114678314,0.007055607449375532,,,23,PRUNED
2737,,,2026-10-06 02:21:38.478937,2026-10-06 02:21:39.122703,0 days 00:00:00.643766,0.17958655134255117,1.8054001832365776,78.91305021174706,12.025559114678314,0.006573005109685588,,,23,PRUNED
2738,16.911994493702416,1.2846081215105025,2026-10-06 02:21:38.564044,2026-10-06 02:24:52.498196,0 days 00:03:13.934152,0.17958655134255117,12.427111292512915,78.91305021174706,54.31140553354297,0.08937953303142526,0.005938980112968365,193.9340382660739,23,COMPLETE
2739,31.141014884601084,16.60275495840135,2026-10-06 02:21:39.075683,2026-10-06 02:24:50.260851,0 days 00:03:11.185168,0.22031827582514427,2.5826334477054016,78.91305021174706,4.949274479107639,0.009569508337727876,2.328670127015952e-06,191.18506235070527,23,COMPLETE
2740,29.094145288720732,2.8282046457654437,2026-10-06 02:21:39.240845,2026-10-06 02:24:50.786061,0 days 00:03:11.545216,0.14472486883161542,14.971707717640776,78.91305021174706,4.949274479107639,0.009569508337727876,2.328670127015952e-06,191.5451150033623,23,COMPLETE
2741,8.369306172420167,3.7534787330367694,2026-10-06 02:21:39.244648,2026-10-06 02:24:50.813497,0 days 00:03:11.568849,0.17534157142392734,1.8054001832365776,1.1815524158364172,46.431764750098004,0.009569508337727876,2.328670127015952e-06,191.56876446912065,23,COMPLETE
