number,values_0,values_1,datetime_start,datetime_complete,duration,params_c_val,params_input_force,params_k_between_val,params_k_wall_val,params_m_val,params_ridge_alpha,user_attrs_duration_sec,system_attrs_NSGAIISampler:generation,state
7454,13.3190515978125,1.8651869077524563,2026-10-06 06:00:10.414700,2026-10-06 06:03:21.066543,0 days 00:03:10.651843,0.14472486883161542,1.0100598856645617,1.4092287855938217,1.0424836856271587,0.009569508337727876,8.145755128214489e-06,190.6516989376396,62,COMPLETE
7455,27.84704303195075,9.455864393227152,2026-10-06 06:00:10.785092,2026-10-06 06:03:19.322492,0 days 00:03:08.537400,0.5233783113662771,4.014839763781616,78.91305021174706,12.025559114678314,0.03463343903868386,2.127442818105995e-06,188.5372497071512,62,COMPLETE
7456,18.577726422122176,3.4951041224698254,2026-10-06 06:00:10.796783,2026-10-06 06:03:26.274720,0 days 00:03:15.477937,0.14472486883161542,2.526995674860443,78.91305021174706,11.286119700737487,0.009569508337727876,1.7364945760396195,195.47783106099814,62,COMPLETE
7457,26.966070079912384,6.9498532298450755,2026-10-06 06:00:10.800632,2026-10-06 06:03:21.775538,0 days 00:03:10.974906,0.18472274745078338,38.30043273901255,78.91305021174706,5.682672056894976,0.008698017554316196,2.328670127015952e-06,190.97478969860822,62,COMPLETE
7458,27.596107555329382,2.404475019691437,2026-10-06 06:00:10.804631,2026-10-06 06:03:24.744505,0 days 00:03:13.939874,0.02404892188819857,1.8054001832365776,78.91305021174706,53.19831855856638,0.008698017554316196,1.2446212784745538e-06,193.9397749849595,62,COMPLETE
7459,32.52652661048744,12.859355617319117,2026-10-06 06:00:10.808629,2026-10-06 06:03:21.344337,0 days 00:03:10.535708,0.14472486883161542,1.0100598856645617,78.91305021174706,8.858210845255327,0.009569508337727876,1.4671267453130232e-06,190.53557524690405,62,COMPLETE
7460,9.16182718592843,1.333606891757695,2026-10-06 06:00:10.812625,2026-10-06 06:03:28.038802,0 days 00:03:17.226177,0.08561373889241138,6.28879905307643,37.92893965149035,53.19831855856638,0.009569508337727876,1.0746247031029727e-06,197.2260268870741,62,COMPLETE
7461,14.5813962211827,1.2339299545977362,2026-10-06 06:00:10.825643,2026-10-06 06:03:20.759702,0 days 00:03:09.934059,0.14472486883161542,34.00755408569611,78.91305021174706,53.19831855856638,0.06205750651682637,1.8474985620687276e-05,189.93396811559796,62,COMPLETE
7462,32.36853082617016,11.348552087749116,2026-10-06 06:00:10.829632,2026-10-06 06:03:24.460645,0 days 00:03:13.631013,0.134407121693098,1.0100598856645617,78.91305021174706,2.7314756859847655,0.008698017554316196,1.2902538062224881e-06,193.63089979393408,62,COMPLETE
7463,20.158989571809098,18.063851405496465,2026-10-06 06:00:11.627846,2026-10-06 06:03:25.961132,0 days 00:03:14.333286,0.5998027033342653,1.0100598856645617,78.91305021174706,53.19831855856638,0.009569508337727876,1.2446212784745538e-06,194.33316430309787,62,COMPLETE
7464,32.730561456815295,10.228367687304644,2026-10-06 06:00:11.872828,2026-10-06 06:03:26.722310,0 days 00:03:14.849482,0.14472486883161542,1.0100598856645617,78.91305021174706,2.5931783094816834,0.009569508337727876,1.4671267453130232e-06,194.8493757210672,62,COMPLETE
7465,29.822119917172536,7.961508345647444,2026-10-06 06:00:12.076711,2026-10-06 06:03:20.690605,0 days 00:03:08.613894,0.2918907020150273,3.42961079489487,78.91305021174706,1.3808824735006908,0.009569508337727876,1.0746247031029727e-06,188.61374530382454,62,COMPLETE
7466,24.138887619545244,28.858349151495478,2026-10-06 06:00:12.092914,2026-10-06 06:03:24.552441,0 days 00:03:12.459527,0.48967816666395225,3.42961079489487,78.91305021174706,28.867759052834007,0.009569508337727876,1.54960617812222e-06,192.45939489081502,62,COMPLETE
7467,19.418629162508868,5.391286611688533,2026-10-06 06:00:12.260662,2026-10-06 06:03:23.952198,0 days 00:03:11.691536,0.14472486883161542,6.28879905307643,78.91305021174706,53.19831855856638,0.008698017554316196,1.0746247031029727e-06,191.69142234465107,62,COMPLETE
7468,27.92477180219219,19.776694937784658,2026-10-06 06:00:12.430935,2026-10-06 06:03:23.984256,0 days 00:03:11.553321,0.3401090828369047,3.42961079489487,80.97346391189345,53.19831855856638,0.018169499256333495,1.4671267453130232e-06,191.5532299359329,62,COMPLETE
7469,29.886382019170856,24.078016950679935,2026-10-06 06:00:12.490695,2026-10-06 06:03:23.500389,0 days 00:03:11.009694,0.2918907020150273,2.5826334477054016,80.97346391189345,18.49957504695779,0.009569508337727876,1.4671267453130232e-06,191.00956421904266,62,COMPLETE
7470,28.292857453763418,18.274175546921413,2026-10-06 06:00:12.495158,2026-10-06 06:03:23.471458,0 days 00:03:10.976300,0.17534157142392734,1.8054001832365776,41.73891302877928,12.025559114678314,0.008698017554316196,2.328670127015952e-06,190.9761657929048,62,COMPLETE
7471,22.980334692031555,3.0295858688428163,2026-10-06 06:00:12.530644,2026-10-06 06:03:26.175710,0 days 00:03:13.645066,0.14472486883161542,1.0100598856645617,78.91305021174706,12.025559114678314,0.009569508337727876,0.05207104771664894,193.64495416823775,62,COMPLETE
7472,31.457381659684295,19.57890745649239,2026-10-06 06:00:12.751697,2026-10-06 06:03:22.938997,0 days 00:03:10.187300,0.17534157142392734,1.0100598856645617,78.91305021174706,18.49957504695779,0.008698017554316196,1.2446212784745538e-06,190.18717753188685,62,COMPLETE
7473,27.198560691014713,6.72833294727808,2026-10-06 06:00:13.161864,2026-10-06 06:03:24.481508,0 days 00:03:11.319644,0.14472486883161542,3.42961079489487,80.97346391189345,7.704673657496365,0.009569508337727876,0.0005677699426225952,191.31953168706968,62,COMPLETE
7474,17.66267324416175,1.2365720126527866,2026-10-06 06:00:13.304805,2026-10-06 06:03:24.740510,0 days 00:03:11.435705,0.014318928778541861,3.42961079489487,78.91305021174706,18.49957504695779,0.009569508337727876,1.4671267453130232e-06,191.43555442988873,62,COMPLETE
7475,16.611076959804972,3.8922566219056773,2026-10-06 06:00:13.351742,2026-10-06 06:03:24.286383,0 days 00:03:10.934641,0.35349415915446786,2.5826334477054016,78.91305021174706,13.99605594726335,0.009569508337727876,0.262983690207861,190.9345061997883,62,COMPLETE
7476,0.984351706216351,1.2359984569052582,2026-10-06 06:00:13.430657,2026-10-06 06:03:26.304936,0 days 00:03:12.874279,0.0147986363142051,28.745570316373108,78.91305021174706,12.025559114678314,0.009569508337727876,1.4671267453130232e-06,192.87417664704844,62,COMPLETE
7477,29.852588964801207,5.855133092604678,2026-10-06 06:00:13.454646,2026-10-06 06:03:26.239160,0 days 00:03:12.784514,0.419007027175139,1.0100598856645617,78.91305021174706,6.193708158621763,0.03463343903868386,1.2446212784745538e-06,192.7844099700451,62,COMPLETE
7478,,,2026-10-06 06:00:13.471645,2026-10-06 06:00:14.883407,0 days 00:00:01.411762,0.48967816666395225,1.0100598856645617,78.91305021174706,7.704673657496365,0.001034895644030981,,,62,PRUNED
7479,31.58601423884138,17.1956764990824,2026-10-06 06:00:13.552654,2026-10-06 06:03:20.591344,0 days 00:03:07.038690,0.18472274745078338,1.8054001832365776,78.91305021174706,7.704673657496365,0.009569508337727876,1.4671267453130232e-06,187.03855252219364,62,COMPLETE
7480,16.399768837367333,8.71226176744188,2026-10-06 06:00:14.289513,2026-10-06 06:03:26.291899,0 days 00:03:12.002386,0.18472274745078338,1.0100598856645617,5.856252866160275,12.025559114678314,0.008698017554316196,2.328670127015952e-06,192.00227856403217,62,COMPLETE
7481,31.417991756719594,17.59820527880244,2026-10-06 06:00:14.832557,2026-10-06 06:03:23.359143,0 days 00:03:08.526586,0.14472486883161542,1.0100598856645617,76.01338539043637,21.63910276826749,0.008698017554316196,2.328670127015952e-06,188.52644357923418,62,COMPLETE
7482,30.788495845637875,16.650298271456222,2026-10-06 06:00:14.899554,2026-10-06 06:03:23.694552,0 days 00:03:08.794998,0.14472486883161542,2.5826334477054016,78.91305021174706,11.286119700737487,0.009569508337727876,1.4671267453130232e-06,188.79486282309517,62,COMPLETE
7483,21.351149730691816,1.2563050750977833,2026-10-06 06:00:14.903536,2026-10-06 06:03:28.269972,0 days 00:03:13.366436,0.18472274745078338,23.12312630247724,78.91305021174706,25.201585213129313,0.04346193551290689,1.4671267453130232e-06,193.36632845411077,62,COMPLETE
7484,29.164498767548572,7.174859178127842,2026-10-06 06:00:14.907533,2026-10-06 06:03:26.534660,0 days 00:03:11.627127,0.43725504566660495,1.0100598856645617,78.91305021174706,11.286119700737487,0.03341180130525573,1.4671267453130232e-06,191.6270349388942,62,COMPLETE
7485,16.203559351768835,12.504159209046309,2026-10-06 06:00:14.911632,2026-10-06 06:03:25.239908,0 days 00:03:10.328276,0.48967816666395225,3.42961079489487,78.91305021174706,38.05062086076148,0.009569508337727876,0.025986815592855914,190.32815464399755,62,COMPLETE
7486,7.045460180891219,1.9490377300868684,2026-10-06 06:00:14.915620,2026-10-06 06:03:26.832532,0 days 00:03:11.916912,0.19189241237051688,21.576057139918074,13.148685948613474,21.63910276826749,0.008698017554316196,1.54960617812222e-06,191.91680235695094,62,COMPLETE
7487,32.095948469332086,4.944355040614053,2026-10-06 06:00:14.928785,2026-10-06 06:03:27.525544,0 days 00:03:12.596759,0.22031827582514427,1.0100598856645617,78.91305021174706,7.704673657496365,0.03107339356284721,1.4671267453130232e-06,192.5966347870417,62,COMPLETE
7488,29.692588601756206,10.707264506347428,2026-10-06 06:00:14.932637,2026-10-06 06:03:27.216545,0 days 00:03:12.283908,0.2918907020150273,4.014839763781616,80.97346391189345,2.9276593670921516,0.009569508337727876,1.4671267453130232e-06,192.28378415992483,62,COMPLETE
7489,31.953517529900097,16.538724957378236,2026-10-06 06:00:15.192551,2026-10-06 06:03:25.969054,0 days 00:03:10.776503,0.14472486883161542,1.0100598856645617,78.91305021174706,12.025559114678314,0.008698017554316196,1.4671267453130232e-06,190.77639523288235,62,COMPLETE
7490,13.545103204005722,1.7897948686134733,2026-10-06 06:00:15.347693,2026-10-06 06:03:27.705827,0 days 00:03:12.358134,0.48967816666395225,6.28879905307643,78.91305021174706,15.485918628782942,0.009569508337727876,34.708448773032515,192.35800502216443,62,COMPLETE
7491,26.889108636802053,1.1840778049143825,2026-10-06 06:00:15.516699,2026-10-06 06:03:25.237405,0 days 00:03:09.720706,0.015103750843088085,4.014839763781616,78.91305021174706,3.118529275480208,0.009569508337727876,2.127442818105995e-06,189.7205551029183,62,COMPLETE
7492,31.259275093959523,19.2389162685777,2026-10-06 06:00:16.444697,2026-10-06 06:03:28.192003,0 days 00:03:11.747306,0.18472274745078338,1.8054001832365776,78.91305021174706,7.754637161955243,0.008698017554316196,2.328670127015952e-06,191.74717748491094,62,COMPLETE
7493,15.315126641427662,24.364644179195032,2026-10-06 06:00:17.992680,2026-10-06 06:03:27.522260,0 days 00:03:09.529580,0.48967816666395225,6.28879905307643,28.658411599743307,46.431764750098004,0.009569508337727876,1.4671267453130232e-06,189.52943786419928,62,COMPLETE
7494,30.02474639712741,17.612447192480822,2026-10-06 06:00:44.844210,2026-10-06 06:03:57.502609,0 days 00:03:12.658399,0.1301298080901889,2.5826334477054016,80.97346391189345,53.19831855856638,0.009569508337727876,0.00010041789144371312,192.65824700705707,62,COMPLETE
7495,32.3858832128697,5.386221420099645,2026-10-06 06:00:49.498816,2026-10-06 06:04:02.048465,0 days 00:03:12.549649,0.18472274745078338,1.8054001832365776,78.91305021174706,18.49957504695779,0.03405537091368288,1.4671267453130232e-06,192.54949829680845,62,COMPLETE
7496,22.402234615306348,13.901187880648887,2026-10-06 06:01:25.497690,2026-10-06 06:04:36.543528,0 days 00:03:11.045838,0.48967816666395225,1.0100598856645617,69.16329565667773,12.025559114678314,0.009569508337727876,1.2446212784745538e-06,191.04568149568513,62,COMPLETE
7497,22.17311945001896,6.157729591471457,2026-10-06 06:01:26.708680,2026-10-06 06:04:40.388973,0 days 00:03:13.680293,0.3401090828369047,41.42557433917026,80.97346391189345,7.704673657496365,0.009569508337727876,0.08809975745825017,193.68015268817544,62,COMPLETE
7498,15.317657062533197,6.679673449855068,2026-10-06 06:01:29.818816,2026-10-06 06:04:43.336957,0 days 00:03:13.518141,0.35349415915446786,3.42961079489487,78.91305021174706,53.19831855856638,0.009569508337727876,3.46467928845811,193.517993720714,62,COMPLETE
7499,9.021844078492183,1.225480408565565,2026-10-06 06:02:10.112688,2026-10-06 06:05:20.755547,0 days 00:03:10.642859,0.01824627641537553,4.014839763781616,80.97346391189345,46.431764750098004,0.009569508337727876,2.127442818105995e-06,190.64271812979132,62,COMPLETE
7500,23.9032270358448,2.0887229862026078,2026-10-06 06:02:40.087707,2026-10-06 06:05:53.699223,0 days 00:03:13.611516,0.35349415915446786,2.5826334477054016,78.91305021174706,12.025559114678314,0.008698017554316196,1.54960617812222e-06,193.61137240426615,62,COMPLETE
7501,24.74404544170021,31.745085450193116,2026-10-06 06:03:15.841696,2026-10-06 06:06:30.225567,0 days 00:03:14.383871,0.419007027175139,3.42961079489487,78.91305021174706,53.19831855856638,0.009569508337727876,1.0746247031029727e-06,194.38372747506946,62,COMPLETE
7502,31.067605229641394,18.77842413866314,2026-10-06 06:03:19.426955,2026-10-06 06:06:36.242558,0 days 00:03:16.815603,0.14472486883161542,1.8054001832365776,78.91305021174706,12.025559114678314,0.008698017554316196,1.4671267453130232e-06,196.8154895422049,62,COMPLETE
7503,26.382555189555752,30.06434253239196,2026-10-06 06:03:19.701890,2026-10-06 06:06:29.063345,0 days 00:03:09.361455,0.3401090828369047,3.42961079489487,80.97346391189345,53.19831855856638,0.009569508337727876,1.4671267453130232e-06,189.36130437301472,62,COMPLETE
7504,16.231214900738372,4.870050730186555,2026-10-06 06:03:20.151579,2026-10-06 06:06:32.615046,0 days 00:03:12.463467,0.1320862812493285,1.0100598856645617,4.341285454595752,12.025559114678314,0.009569508337727876,8.922804321426061e-05,192.46331240795553,62,COMPLETE
7505,24.25052690919409,30.399207456113693,2026-10-06 06:03:20.338699,2026-10-06 06:06:36.128382,0 days 00:03:15.789683,0.4760060060618974,2.5826334477054016,78.91305021174706,53.19831855856638,0.009569508337727876,1.0746247031029727e-06,195.78956138389185,62,COMPLETE
7506,32.25190344612333,6.224437938980568,2026-10-06 06:03:20.738685,2026-10-06 06:06:32.747197,0 days 00:03:12.008512,0.06065572530748386,1.0100598856645617,78.91305021174706,12.025559114678314,0.008698017554316196,4.3195032206293665e-05,192.00837122788653,62,COMPLETE
7507,30.892258087466395,19.958333910709364,2026-10-06 06:03:20.743004,2026-10-06 06:06:33.369067,0 days 00:03:12.626063,0.19189241237051688,1.8054001832365776,69.16329565667773,12.025559114678314,0.008698017554316196,1.54960617812222e-06,192.6259636762552,62,COMPLETE
7508,11.870689130187131,8.385857510801003,2026-10-06 06:03:20.746634,2026-10-06 06:06:33.257366,0 days 00:03:12.510732,0.35349415915446786,43.95321887814084,78.91305021174706,53.19831855856638,0.009569508337727876,1.4671267453130232e-06,192.5106330132112,62,COMPLETE
7509,25.988698788052023,26.44944187046039,2026-10-06 06:03:20.750625,2026-10-06 06:06:31.659460,0 days 00:03:10.908835,0.2918907020150273,4.95477336878759,80.97346391189345,53.19831855856638,0.009569508337727876,0.00019553673330731134,190.28871228499338,62,COMPLETE
7510,32.50596706556792,10.387486980064589,2026-10-06 06:03:20.775783,2026-10-06 06:06:37.218386,0 days 00:03:16.442603,0.09463773086870245,1.0100598856645617,78.91305021174706,18.49957504695779,0.009569508337727876,8.145755128214489e-06,196.4424755787477,62,COMPLETE
7511,13.563113825932959,1.1335944653367143,2026-10-06 06:03:20.779647,2026-10-06 06:06:38.372562,0 days 00:03:17.592915,0.011072098917070389,6.28879905307643,78.91305021174706,12.025559114678314,0.009569508337727876,2.0805872791814872,197.59277393110096,62,COMPLETE
7512,30.477477550224812,1.6672749587312774,2026-10-06 06:03:20.783622,2026-10-06 06:06:33.443074,0 days 00:03:12.659452,0.16764423135382547,3.42961079489487,80.97346391189345,1.851310733860634,0.009569508337727876,1.4671267453130232e-06,192.6593608111143,62,COMPLETE
7513,31.844236297162105,16.925611954351908,2026-10-06 06:03:20.787630,2026-10-06 06:06:37.040456,0 days 00:03:16.252826,0.17534157142392734,1.0100598856645617,78.91305021174706,11.286119700737487,0.008698017554316196,1.4671267453130232e-06,196.25268860394135,62,COMPLETE
7514,27.82341379256751,27.745565514139177,2026-10-06 06:03:21.965782,2026-10-06 06:06:35.195023,0 days 00:03:13.229241,0.3401090828369047,3.42961079489487,80.97346391189345,25.95234363462667,0.009569508337727876,1.4671267453130232e-06,193.22911774227396,62,COMPLETE
7515,11.376874868004261,7.949736829965904,2026-10-06 06:03:21.985670,2026-10-06 06:06:37.693190,0 days 00:03:15.707520,0.419007027175139,42.29352695337453,78.91305021174706,53.19831855856638,0.009569508337727876,1.0746247031029727e-06,195.70737783191726,62,COMPLETE
7516,30.708226619083757,6.947603374125022,2026-10-06 06:03:21.989635,2026-10-06 06:06:32.929088,0 days 00:03:10.939453,0.06031911160001869,2.5826334477054016,78.91305021174706,18.49957504695779,0.009569508337727876,1.4671267453130232e-06,190.9393195938319,62,COMPLETE
7517,16.827964739006827,1.2674146719659343,2026-10-06 06:03:21.993627,2026-10-06 06:06:36.246359,0 days 00:03:14.252732,0.14472486883161542,6.28879905307643,78.91305021174706,8.115754529418984,0.03463343903868386,12.524460962062546,194.252637879923,62,COMPLETE
7518,32.12514887008901,15.296773857589574,2026-10-06 06:03:21.997632,2026-10-06 06:06:33.536393,0 days 00:03:11.538761,0.14472486883161542,1.0100598856645617,78.91305021174706,8.858210845255327,0.008698017554316196,1.4671267453130232e-06,191.53862436115742,62,COMPLETE
7519,0.24224061359404292,1.2108577740556836,2026-10-06 06:03:22.001640,2026-10-06 06:06:34.771619,0 days 00:03:12.769979,0.48967816666395225,1.8054001832365776,78.91305021174706,4.405342419117519,0.008698017554316196,1.2446212784745538e-06,192.76987909525633,62,COMPLETE
7520,19.86498282089709,10.173313735580777,2026-10-06 06:03:22.056648,2026-10-06 06:06:34.211299,0 days 00:03:12.154651,0.35349415915446786,39.491323306373616,78.91305021174706,15.250819011146044,0.009569508337727876,1.4671267453130232e-06,192.15453122742474,62,COMPLETE
7521,26.121011663058688,29.02701759753416,2026-10-06 06:03:22.080636,2026-10-06 06:06:33.827951,0 days 00:03:11.747315,0.35349415915446786,2.5826334477054016,78.91305021174706,87.10599078339067,0.010066673683367812,1.4671267453130232e-06,191.7471752082929,62,COMPLETE
7522,33.06263412940096,4.931142209217612,2026-10-06 06:03:22.958831,2026-10-06 06:06:36.812504,0 days 00:03:13.853673,0.047559182674670304,1.0100598856645617,78.91305021174706,8.858210845255327,0.009569508337727876,1.2446212784745538e-06,193.85353883216158,62,COMPLETE
7523,15.55811811553038,1.202983651632709,2026-10-06 06:03:22.991652,2026-10-06 06:06:37.308715,0 days 00:03:14.317063,0.02259277177887752,3.42961079489487,78.91305021174706,53.19831855856638,0.009569508337727876,1.2446212784745538e-06,194.31694937916473,62,COMPLETE
7524,30.93570415054372,21.634575860816348,2026-10-06 06:03:23.528686,2026-10-06 06:06:39.169770,0 days 00:03:15.641084,0.19189241237051688,1.8054001832365776,78.91305021174706,12.025559114678314,0.008698017554316196,1.54960617812222e-06,195.6409436869435,62,COMPLETE
7525,0.5833737475857059,1.1893098602767846,2026-10-06 06:03:23.776690,2026-10-06 06:06:38.696796,0 days 00:03:14.920106,0.35836984727349713,1.0100598856645617,78.91305021174706,21.63910276826749,0.008698017554316196,0.8645967480936563,194.92000337177888,62,COMPLETE
7526,13.45847159526698,1.3930646587945694,2026-10-06 06:03:23.955654,2026-10-06 06:06:34.590468,0 days 00:03:10.634814,0.19189241237051688,3.42961079489487,78.91305021174706,53.19831855856638,0.008698017554316196,1.0746247031029727e-06,190.63470801804215,62,COMPLETE
7527,18.54541499461943,1.771707431187639,2026-10-06 06:03:23.959803,2026-10-06 06:06:36.075914,0 days 00:03:12.116111,0.06441798531902292,1.0100598856645617,78.91305021174706,53.19831855856638,0.009569508337727876,3.5301134130881264,192.11598972324282,62,COMPLETE
7528,27.848991467542383,1.236323856779643,2026-10-06 06:03:23.963632,2026-10-06 06:06:34.466480,0 days 00:03:10.502848,0.06441798531902292,4.95477336878759,80.97346391189345,8.510607914496259,0.009569508337727876,2.328670127015952e-06,190.5027386029251,62,COMPLETE
7529,23.819258743392837,5.723180242510038,2026-10-06 06:03:23.997202,2026-10-06 06:06:40.375476,0 days 00:03:16.378274,0.18472274745078338,21.414163885498684,78.91305021174706,12.025559114678314,0.008698017554316196,1.4671267453130232e-06,196.37812705431134,62,COMPLETE
7530,29.65529983806732,9.957554216460544,2026-10-06 06:03:24.328686,2026-10-06 06:06:35.249357,0 days 00:03:10.920671,0.2918907020150273,4.014839763781616,78.91305021174706,2.5931783094816834,0.009569508337727876,1.4671267453130232e-06,190.92054180894047,62,COMPLETE
7531,6.586003796906125,1.1672184395304601,2026-10-06 06:03:24.370802,2026-10-06 06:06:36.634892,0 days 00:03:12.264090,0.18472274745078338,3.1582652069893506,2.2283618303827213,12.025559114678314,0.049442228229577154,2.127442818105995e-06,192.26398697542027,62,COMPLETE
7532,18.563304070401387,1.51812514655436,2026-10-06 06:03:24.703907,2026-10-06 06:06:37.119455,0 days 00:03:12.415548,0.047559182674670304,1.0100598856645617,7.03177549204751,1.8416297466613127,0.009569508337727876,1.4671267453130232e-06,192.41540744202211,62,COMPLETE
7533,14.11020022633096,18.39356734674576,2026-10-06 06:03:24.890870,2026-10-06 06:06:36.611774,0 days 00:03:11.720904,0.17534157142392734,1.0100598856645617,7.602246205333432,11.286119700737487,0.0018369790822426785,1.54960617812222e-06,191.7207889650017,63,COMPLETE
7534,30.657241852919135,15.446860181343759,2026-10-06 06:03:24.896484,2026-10-06 06:06:36.470502,0 days 00:03:11.574018,0.26052165152228085,1.0100598856645617,78.91305021174706,14.593741567400247,0.009569508337727876,1.4671267453130232e-06,191.5739274281077,63,COMPLETE
