number,values_0,values_1,datetime_start,datetime_complete,duration,params_c_val,params_input_force,params_k_between_val,params_k_wall_val,params_m_val,params_ridge_alpha,user_attrs_duration_sec,system_attrs_NSGAIISampler:generation,state
7618,21.48335141498433,12.224548796033227,2026-10-06 06:06:39.356653,2026-10-06 06:09:48.933609,0 days 00:03:09.576956,0.22031827582514427,1.8054001832365776,78.91305021174706,18.49957504695779,0.008698017554316196,0.03897533212266121,189.57686360087246,63,COMPLETE
7619,31.95296698587644,16.802390183030848,2026-10-06 06:06:39.360529,2026-10-06 06:09:49.923329,0 days 00:03:10.562800,0.14472486883161542,1.0100598856645617,78.91305021174706,12.025559114678314,0.008698017554316196,1.2446212784745538e-06,190.56269306503236,63,COMPLETE
7620,25.832840369312635,30.19570966402998,2026-10-06 06:06:39.364684,2026-10-06 06:09:49.374256,0 days 00:03:10.009572,0.3401090828369047,4.014839763781616,78.91305021174706,53.19831855856638,0.009569508337727876,2.127442818105995e-06,190.00944467727095,63,COMPLETE
7621,,,2026-10-06 06:06:41.161688,2026-10-06 06:06:41.965797,0 days 00:00:00.804109,0.011568247979409628,1.8054001832365776,78.91305021174706,18.49957504695779,0.001917149804252788,,,63,PRUNED
7622,26.34311934886072,29.843593222978207,2026-10-06 06:06:41.191664,2026-10-06 06:09:50.695943,0 days 00:03:09.504279,0.3401090828369047,3.42961079489487,78.91305021174706,53.19831855856638,0.009569508337727876,1.4671267453130232e-06,189.50416719773784,63,COMPLETE
7623,31.38565155896827,7.709641819878608,2026-10-06 06:06:41.195635,2026-10-06 06:09:51.042580,0 days 00:03:09.846945,0.06441798531902292,1.8054001832365776,78.91305021174706,12.025559114678314,0.009569508337727876,1.54960617812222e-06,189.84682257380337,63,COMPLETE
7624,25.748149523294405,2.5834009566813636,2026-10-06 06:06:41.410683,2026-10-06 06:09:50.662083,0 days 00:03:09.251400,0.1410409094421598,17.056740027535913,78.91305021174706,12.025559114678314,0.009569508337727876,1.2446212784745538e-06,189.25128681585193,63,COMPLETE
7625,18.89118666306566,1.8441592834552827,2026-10-06 06:06:41.600683,2026-10-06 06:09:52.402466,0 days 00:03:10.801783,0.17534157142392734,3.42961079489487,78.91305021174706,53.19831855856638,0.008698017554316196,2.328670127015952e-06,190.80164783401415,63,COMPLETE
7626,14.875419643277663,1.2678912575499652,2026-10-06 06:06:42.360582,2026-10-06 06:09:53.854987,0 days 00:03:11.494405,0.19189241237051688,1.8054001832365776,78.91305021174706,55.74098438244936,0.008698017554316196,2.328670127015952e-06,191.494284177199,63,COMPLETE
7627,31.647567043523356,3.302845415052826,2026-10-06 06:06:42.641951,2026-10-06 06:09:53.827803,0 days 00:03:11.185852,0.028230286545954678,1.0100598856645617,78.91305021174706,18.49957504695779,0.008698017554316196,1.0746247031029727e-06,191.18572667287663,63,COMPLETE
7628,29.099215493136143,24.58351079767717,2026-10-06 06:06:42.827588,2026-10-06 06:09:50.539684,0 days 00:03:07.712096,0.3401090828369047,2.5826334477054016,80.97346391189345,18.49957504695779,0.009569508337727876,1.0837899328538103e-06,187.71197781385854,63,COMPLETE
7629,21.720070665554605,34.845461388335025,2026-10-06 06:06:43.055592,2026-10-06 06:09:54.100187,0 days 00:03:11.044595,0.48967816666395225,6.28879905307643,78.91305021174706,53.19831855856638,0.009569508337727876,1.0746247031029727e-06,191.04445279575884,63,COMPLETE
7630,32.179108810896814,8.35869493024502,2026-10-06 06:06:43.196582,2026-10-06 06:09:54.104064,0 days 00:03:10.907482,0.06441798531902292,1.0100598856645617,78.91305021174706,11.286119700737487,0.008698017554316196,1.4671267453130232e-06,190.90735423192382,63,COMPLETE
7631,18.0746438706405,2.694709055763406,2026-10-06 06:06:43.607854,2026-10-06 06:09:54.749661,0 days 00:03:11.141807,0.18472274745078338,6.28879905307643,78.91305021174706,16.966954115393197,0.009569508337727876,2.328670127015952e-06,191.14167114393786,63,COMPLETE
7632,17.621907381839527,1.246860357108482,2026-10-06 06:07:11.340807,2026-10-06 06:10:23.382391,0 days 00:03:12.041584,0.14472486883161542,1.0100598856645617,78.91305021174706,8.510607914496259,0.009569508337727876,1.0986854944420827,192.0414299662225,63,COMPLETE
7633,29.13467104522279,24.795359029987655,2026-10-06 06:07:13.438683,2026-10-06 06:10:25.503090,0 days 00:03:12.064407,0.2918907020150273,4.014839763781616,78.91305021174706,14.593741567400247,0.009569508337727876,1.0837899328538103e-06,192.0642650858499,63,COMPLETE
7634,31.646554368680476,18.07204007927074,2026-10-06 06:07:51.526691,2026-10-06 06:11:04.034762,0 days 00:03:12.508071,0.14472486883161542,1.0100598856645617,78.91305021174706,18.49957504695779,0.008698017554316196,1.4671267453130232e-06,192.50792987132445,63,COMPLETE
7635,,,2026-10-06 06:07:54.764685,2026-10-06 06:07:55.282752,0 days 00:00:00.518067,0.17534157142392734,45.698608502712865,78.91305021174706,53.19831855856638,0.009569508337727876,,,63,PRUNED
7636,,,2026-10-06 06:07:55.059679,2026-10-06 06:07:55.657796,0 days 00:00:00.598117,0.36735295176248095,3.42961079489487,78.91305021174706,46.431764750098004,0.005833388548065208,,,63,PRUNED
7637,31.04017972350315,10.097525044975995,2026-10-06 06:07:55.681175,2026-10-06 06:11:04.046751,0 days 00:03:08.365576,0.14472486883161542,1.0100598856645617,78.91305021174706,10.97462041627399,0.009569508337727876,0.00028940856443621934,188.36544172884896,63,COMPLETE
7638,0.9457381297844524,1.2848946680544118,2026-10-06 06:07:56.003695,2026-10-06 06:11:05.425551,0 days 00:03:09.421856,0.14472486883161542,6.28879905307643,3.2301072662401573,46.431764750098004,0.010066673683367812,0.00155530480027982,189.4217098588124,63,COMPLETE
7639,29.06063894139164,22.428565606195157,2026-10-06 06:08:33.436692,2026-10-06 06:11:44.321585,0 days 00:03:10.884893,0.3401090828369047,2.5826334477054016,78.91305021174706,15.382666136782571,0.009569508337727876,1.4671267453130232e-06,190.88474355824292,63,COMPLETE
7640,26.945516855178987,22.32600470691177,2026-10-06 06:09:07.556857,2026-10-06 06:12:23.652228,0 days 00:03:16.095371,0.3401090828369047,3.42961079489487,78.91305021174706,29.757226198166077,0.009569508337727876,3.009573577233849e-05,196.0952258356847,63,COMPLETE
7641,17.214764103515147,20.56996501040664,2026-10-06 06:09:43.434689,2026-10-06 06:12:54.961949,0 days 00:03:11.527260,0.3401090828369047,3.42961079489487,24.13621364486548,53.19831855856638,0.009569508337727876,1.4671267453130232e-06,191.52711433265358,63,COMPLETE
7642,32.834253121945416,3.6349640280818862,2026-10-06 06:09:43.716756,2026-10-06 06:13:03.407703,0 days 00:03:19.690947,0.031953874569502785,1.0100598856645617,78.91305021174706,18.49957504695779,0.009569508337727876,1.4671267453130232e-06,199.69079149980098,63,COMPLETE
7643,5.7790589496345675,2.989470351124213,2026-10-06 06:09:43.794488,2026-10-06 06:12:55.560227,0 days 00:03:11.765739,0.2918907020150273,1.0100598856645617,1.443495620075298,20.536012967012397,0.009569508337727876,0.002721055120362846,191.76559114223346,63,COMPLETE
7644,28.442018274151412,1.685469669754117,2026-10-06 06:09:44.106866,2026-10-06 06:12:58.517620,0 days 00:03:14.410754,0.014723878526107143,1.0100598856645617,78.91305021174706,53.19831855856638,0.009569508337727876,1.0746247031029727e-06,194.4106048331596,63,COMPLETE
7645,31.20652174456216,17.756739826426724,2026-10-06 06:09:44.358716,2026-10-06 06:12:58.112629,0 days 00:03:13.753913,0.14472486883161542,1.8054001832365776,78.91305021174706,18.49957504695779,0.009569508337727876,1.4671267453130232e-06,193.75375617900863,63,COMPLETE
7646,19.038071279138684,11.065307450430074,2026-10-06 06:09:44.938693,2026-10-06 06:12:57.522304,0 days 00:03:12.583611,0.14472486883161542,4.95477336878759,80.97346391189345,53.19831855856638,0.009569508337727876,2.8379483050233505,192.58345674024895,63,COMPLETE
7647,12.700811867783626,1.4813797042587824,2026-10-06 06:09:45.133418,2026-10-06 06:13:00.756842,0 days 00:03:15.623424,0.419007027175139,6.28879905307643,12.283764224105875,53.19831855856638,0.09282142434033182,1.2446212784745538e-06,195.6232981258072,63,COMPLETE
7648,32.41360308362937,13.538306111159631,2026-10-06 06:09:45.779703,2026-10-06 06:12:58.155559,0 days 00:03:12.375856,0.13649433953046394,1.0100598856645617,78.91305021174706,12.025559114678314,0.009569508337727876,1.4671267453130232e-06,192.37570549501106,63,COMPLETE
7649,24.838572425106808,31.251432408156305,2026-10-06 06:09:46.256700,2026-10-06 06:12:58.964564,0 days 00:03:12.707864,0.35349415915446786,4.95477336878759,80.97346391189345,53.19831855856638,0.009569508337727876,1.4671267453130232e-06,192.70771173061803,63,COMPLETE
7650,22.176835381417277,1.2475390812872993,2026-10-06 06:09:47.517707,2026-10-06 06:13:02.611876,0 days 00:03:15.094169,0.20639407182561234,1.8054001832365776,78.91305021174706,1.1653342336263153,0.009569508337727876,0.040237258774396684,195.09406245313585,63,COMPLETE
7651,,,2026-10-06 06:09:47.528766,2026-10-06 06:09:48.031766,0 days 00:00:00.503000,0.48967816666395225,1.0100598856645617,78.91305021174706,46.431764750098004,0.008698017554316196,,,63,PRUNED
7652,26.629123522690048,1.2355473789541178,2026-10-06 06:09:47.622386,2026-10-06 06:13:02.655513,0 days 00:03:15.033127,0.02450434323540683,1.8054001832365776,78.91305021174706,7.704673657496365,0.008698017554316196,1.54960617812222e-06,195.0329397614114,63,COMPLETE
7653,27.903126035455706,1.2893834983449082,2026-10-06 06:09:48.068834,2026-10-06 06:13:02.404032,0 days 00:03:14.335198,0.14472486883161542,1.0100598856645617,78.91305021174706,7.704673657496365,0.08547427098854223,1.4671267453130232e-06,194.33505724882707,63,COMPLETE
7654,4.058916510202764,1.2906409281635856,2026-10-06 06:09:48.147496,2026-10-06 06:13:01.344506,0 days 00:03:13.197010,0.06441798531902292,13.700615085358768,1.6698626442979536,8.510607914496259,0.009569508337727876,2.328670127015952e-06,193.19690775033087,63,COMPLETE
7655,30.633696285419983,17.25093481515209,2026-10-06 06:09:48.691335,2026-10-06 06:13:00.146646,0 days 00:03:11.455311,0.19189241237051688,1.8054001832365776,78.91305021174706,18.49957504695779,0.008698017554316196,5.240410715691155e-05,191.4551669708453,63,COMPLETE
7656,26.802221549325076,16.869115073175546,2026-10-06 06:09:48.929133,2026-10-06 06:13:00.884499,0 days 00:03:11.955366,0.14472486883161542,6.28879905307643,78.91305021174706,53.19831855856638,0.009569508337727876,1.0746247031029727e-06,191.95523744821548,63,COMPLETE
7657,,,2026-10-06 06:09:48.961804,2026-10-06 06:09:50.101779,0 days 00:00:01.139975,0.14472486883161542,1.0100598856645617,78.91305021174706,21.63910276826749,0.0016572205413431034,,,64,PRUNED
7658,27.334260597193328,14.236330510499053,2026-10-06 06:09:48.982556,2026-10-06 06:13:02.949523,0 days 00:03:13.966967,0.14472486883161542,1.0100598856645617,29.252215244234097,46.431764750098004,0.009569508337727876,2.127442818105995e-06,193.9668584880419,64,COMPLETE
7659,26.107860173003154,13.232602001058531,2026-10-06 06:09:49.464550,2026-10-06 06:13:03.616289,0 days 00:03:14.151739,0.14472486883161542,1.0100598856645617,19.100384247004865,12.025559114678314,0.009569508337727876,1.4671267453130232e-06,194.15160314226523,64,COMPLETE
7660,24.7921909315212,21.218711303524955,2026-10-06 06:09:49.468529,2026-10-06 06:13:02.068614,0 days 00:03:12.600085,0.27624111673910495,6.28879905307643,78.91305021174706,21.63910276826749,0.008698017554316196,2.328670127015952e-06,192.59998097410426,64,COMPLETE
