number,values_0,values_1,datetime_start,datetime_complete,duration,params_c_val,params_input_force,params_k_between_val,params_k_wall_val,params_m_val,params_ridge_alpha,user_attrs_duration_sec,system_attrs_NSGAIISampler:generation,state
6959,33.15072549952123,3.438517429646824,2026-10-06 05:37:38.589677,2026-10-06 05:40:48.158583,0 days 00:03:09.568906,0.14472486883161542,1.0100598856645617,78.91305021174706,12.025559114678314,0.03463343903868386,1.2446212784745538e-06,189.5687565249391,58,COMPLETE
6960,28.35537756959056,5.093248707270818,2026-10-06 05:37:38.617658,2026-10-06 05:40:53.639396,0 days 00:03:15.021738,0.48967816666395225,6.28879905307643,78.91305021174706,46.431764750098004,0.0806539513086685,2.328670127015952e-06,195.02162446128204,58,COMPLETE
6961,29.193058996960882,3.5879982243921753,2026-10-06 05:37:38.660861,2026-10-06 05:40:51.861018,0 days 00:03:13.200157,0.2918907020150273,4.843493297596603,78.91305021174706,2.5931783094816834,0.009569508337727876,1.4671267453130232e-06,193.20005974685773,58,COMPLETE
6962,15.607212047637281,8.40951106931533,2026-10-06 05:37:38.924980,2026-10-06 05:40:50.750797,0 days 00:03:11.825817,0.48967816666395225,3.42961079489487,78.91305021174706,53.19831855856638,0.009569508337727876,0.5762707416948127,191.82568064704537,58,COMPLETE
6963,26.954573609923397,3.764913204836823,2026-10-06 05:37:39.132698,2026-10-06 05:40:53.094952,0 days 00:03:13.962254,0.14472486883161542,17.077653923322437,78.91305021174706,7.704673657496365,0.008698017554316196,1.2446212784745538e-06,193.96213643159717,58,COMPLETE
6964,23.903324510895807,2.088937570605513,2026-10-06 05:37:39.420128,2026-10-06 05:40:52.421517,0 days 00:03:13.001389,0.35349415915446786,2.5826334477054016,78.91305021174706,12.025559114678314,0.008698017554316196,1.4671267453130232e-06,193.00126185594127,58,COMPLETE
6965,16.89362315335829,1.2637081408468682,2026-10-06 05:37:39.504664,2026-10-06 05:40:50.822545,0 days 00:03:11.317881,0.016941164234368134,19.817141490446932,78.91305021174706,7.704673657496365,0.015011979330493926,1.4671267453130232e-06,191.31776293506846,58,COMPLETE
6966,32.04598411423736,15.419411774086326,2026-10-06 05:37:39.532789,2026-10-06 05:40:50.973761,0 days 00:03:11.440972,0.14472486883161542,1.0100598856645617,78.91305021174706,18.49957504695779,0.009569508337727876,1.4671267453130232e-06,191.43651708122343,58,COMPLETE
6967,0.16836692205567863,1.183389551225559,2026-10-06 05:37:39.928695,2026-10-06 05:40:52.375516,0 days 00:03:12.446821,0.2918907020150273,3.42961079489487,80.97346391189345,16.966954115393197,0.008698017554316196,0.0037339570946705184,192.44667468685657,58,COMPLETE
6968,10.25094963986572,1.2027172331482199,2026-10-06 05:37:40.479675,2026-10-06 05:40:52.896456,0 days 00:03:12.416781,0.027879825354495073,6.28879905307643,78.91305021174706,53.19831855856638,0.009569508337727876,2.328670127015952e-06,192.4166661738418,58,COMPLETE
6969,30.722849370904118,22.577184926602683,2026-10-06 05:37:40.595706,2026-10-06 05:40:50.412387,0 days 00:03:09.816681,0.19189241237051688,1.8054001832365776,78.91305021174706,16.966954115393197,0.008698017554316196,1.54960617812222e-06,189.8165397271514,58,COMPLETE
6970,,,2026-10-06 05:37:40.616660,2026-10-06 05:37:41.110737,0 days 00:00:00.494077,0.3401090828369047,3.42961079489487,78.91305021174706,53.19831855856638,0.0021611413542521516,,,58,PRUNED
6971,24.226101054594334,15.89495960523471,2026-10-06 05:37:40.752124,2026-10-06 05:40:55.068549,0 days 00:03:14.316425,0.17534157142392734,6.28879905307643,78.91305021174706,46.431764750098004,0.008698017554316196,2.328670127015952e-06,194.31630438799039,58,COMPLETE
6972,32.72872192649599,11.138591082090983,2026-10-06 05:37:40.826668,2026-10-06 05:40:55.211540,0 days 00:03:14.384872,0.09463773086870245,1.0100598856645617,78.91305021174706,12.025559114678314,0.009569508337727876,1.2446212784745538e-06,194.384748831857,58,COMPLETE
6973,,,2026-10-06 05:37:40.939680,2026-10-06 05:37:41.848053,0 days 00:00:00.908373,0.18283344165626678,1.0100598856645617,78.91305021174706,12.025559114678314,0.00444128170911363,,,58,PRUNED
6974,29.509642053784724,21.46474920360901,2026-10-06 05:37:41.294693,2026-10-06 05:40:53.191877,0 days 00:03:11.897184,0.2918907020150273,4.014839763781616,78.91305021174706,8.858210845255327,0.009569508337727876,2.328670127015952e-06,191.8970845011063,58,COMPLETE
6975,28.469687345099338,1.474383706294194,2026-10-06 05:37:41.621887,2026-10-06 05:40:53.829825,0 days 00:03:12.207938,0.12186470831252749,1.8054001832365776,78.91305021174706,12.025559114678314,0.06992717547007835,1.54960617812222e-06,192.20782799599692,58,COMPLETE
6976,18.213545328407474,1.399986836195867,2026-10-06 05:37:41.626747,2026-10-06 05:40:57.559505,0 days 00:03:15.932758,0.02805203015768461,3.42961079489487,80.97346391189345,53.19831855856638,0.009569508337727876,1.4671267453130232e-06,195.93264535209164,58,COMPLETE
6977,15.446783605667658,1.2301393130546305,2026-10-06 05:37:41.630642,2026-10-06 05:40:51.932910,0 days 00:03:10.302268,0.2918907020150273,1.0100598856645617,78.91305021174706,7.704673657496365,0.009569508337727876,1.7731989940661697,190.30217070691288,58,COMPLETE
6978,10.928378772434806,8.19629345496699,2026-10-06 05:37:41.634628,2026-10-06 05:40:52.131065,0 days 00:03:10.496437,0.48967816666395225,45.21528985597,78.91305021174706,53.19831855856638,0.009569508337727876,1.4671267453130232e-06,190.49633878376335,58,COMPLETE
6979,30.366755916765214,20.13010398224237,2026-10-06 05:37:41.638631,2026-10-06 05:40:55.698946,0 days 00:03:14.060315,0.14472486883161542,1.0100598856645617,78.91305021174706,53.19831855856638,0.008698017554316196,1.4671267453130232e-06,194.06020371289924,58,COMPLETE
6980,30.353859246096487,6.522940174278681,2026-10-06 05:37:41.643068,2026-10-06 05:40:54.903566,0 days 00:03:13.260498,0.19189241237051688,1.0100598856645617,78.91305021174706,1.4732190529804936,0.009569508337727876,0.00012006064116490804,193.26036827871576,58,COMPLETE
6981,,,2026-10-06 05:37:41.646626,2026-10-06 05:37:43.543721,0 days 00:00:01.897095,0.2918907020150273,1.8054001832365776,78.91305021174706,46.431764750098004,0.0019764347729176604,,,58,PRUNED
6982,29.38665444915435,4.91588983971628,2026-10-06 05:37:41.650629,2026-10-06 05:40:52.806230,0 days 00:03:11.155601,0.35349415915446786,2.5826334477054016,78.91305021174706,53.19831855856638,0.0595339785936587,1.5947402871788527e-05,191.1554704848677,58,COMPLETE
6983,13.589603083650758,11.62876764597941,2026-10-06 05:37:42.086074,2026-10-06 05:40:52.882372,0 days 00:03:10.796298,0.3401090828369047,2.5826334477054016,7.317553015128656,18.49957504695779,0.009569508337727876,1.4671267453130232e-06,190.79618039168417,58,COMPLETE
6984,21.88521340562035,2.634339293135148,2026-10-06 05:37:42.608694,2026-10-06 05:40:56.009264,0 days 00:03:13.400570,0.12186470831252749,47.221309771815,78.91305021174706,7.704673657496365,0.009569508337727876,1.4671267453130232e-06,193.40046207793057,58,COMPLETE
6985,31.953517529900097,16.538724957378236,2026-10-06 05:37:42.973268,2026-10-06 05:40:57.538121,0 days 00:03:14.564853,0.14472486883161542,1.0100598856645617,78.91305021174706,12.025559114678314,0.008698017554316196,1.4671267453130232e-06,194.56472626700997,58,COMPLETE
6986,7.40887286560906,1.3758477676705714,2026-10-06 05:37:42.985650,2026-10-06 05:40:53.349532,0 days 00:03:10.363882,0.3401090828369047,2.5826334477054016,1.383520637572075,45.605935248059524,0.07870433938432611,1.4671267453130232e-06,190.36376541899517,58,COMPLETE
6987,31.633551406694785,14.84892227107893,2026-10-06 05:37:43.041656,2026-10-06 05:41:00.749251,0 days 00:03:17.707595,0.19189241237051688,1.0100598856645617,78.91305021174706,12.025559114678314,0.008698017554316196,5.7460106994376506e-06,197.7074426934123,58,COMPLETE
6988,29.575039280806088,2.566066299567367,2026-10-06 05:37:43.216822,2026-10-06 05:40:55.675294,0 days 00:03:12.458472,0.2918907020150273,3.42961079489487,78.91305021174706,15.382666136782571,0.08143164789649628,2.328670127015952e-06,192.45835549291223,58,COMPLETE
6989,31.381368342518005,15.96759084664608,2026-10-06 05:37:43.547850,2026-10-06 05:40:57.238014,0 days 00:03:13.690164,0.19189241237051688,1.0100598856645617,78.91305021174706,21.63910276826749,0.009569508337727876,2.328670127015952e-06,193.69006275804713,58,COMPLETE
6990,,,2026-10-06 05:37:43.596347,2026-10-06 05:37:44.046701,0 days 00:00:00.450354,0.19189241237051688,1.0100598856645617,68.14242056945547,42.613884029272064,0.0018762945552746673,,,58,PRUNED
6991,31.809267252026086,7.428807830962274,2026-10-06 05:37:43.655656,2026-10-06 05:40:55.038256,0 days 00:03:11.382600,0.051765698326115044,1.0100598856645617,78.91305021174706,21.63910276826749,0.008698017554316196,1.4671267453130232e-06,191.38246053596959,58,COMPLETE
6992,,,2026-10-06 05:37:43.842694,2026-10-06 05:37:44.358715,0 days 00:00:00.516021,0.14472486883161542,1.0100598856645617,78.91305021174706,53.19831855856638,0.004916649192596935,,,58,PRUNED
6993,30.960523373652713,20.47079380344193,2026-10-06 05:37:43.870523,2026-10-06 05:40:59.039735,0 days 00:03:15.169212,0.19189241237051688,1.8054001832365776,78.91305021174706,18.49957504695779,0.009569508337727876,1.4671267453130232e-06,195.1691064829938,58,COMPLETE
6994,24.15492872422636,1.2638867402077234,2026-10-06 05:37:44.195682,2026-10-06 05:40:55.658106,0 days 00:03:11.462424,0.14472486883161542,4.014839763781616,78.91305021174706,2.5931783094816834,0.08948528890376253,0.2940799826183026,191.46228499291465,58,COMPLETE
6995,,,2026-10-06 05:37:44.219832,2026-10-06 05:37:45.192771,0 days 00:00:00.972939,0.3401090828369047,3.42961079489487,80.97346391189345,53.19831855856638,0.008698017554316196,,,58,PRUNED
6996,5.015438905702695,1.2734503974577893,2026-10-06 05:37:44.223642,2026-10-06 05:40:55.691154,0 days 00:03:11.467512,0.07820628489246345,11.762427291105256,3.2553690174858163,11.286119700737487,0.008698017554316196,1.4671267453130232e-06,191.46739914733917,58,COMPLETE
6997,28.200499936677033,27.349249369601814,2026-10-06 05:37:44.304664,2026-10-06 05:40:56.434917,0 days 00:03:12.130253,0.2918907020150273,2.5826334477054016,78.91305021174706,53.19831855856638,0.009569508337727876,1.4671267453130232e-06,192.1301201567985,58,COMPLETE
6998,33.043969690002235,6.882049603636826,2026-10-06 05:37:44.312637,2026-10-06 05:40:57.074727,0 days 00:03:12.762090,0.06441798531902292,1.0100598856645617,78.91305021174706,8.858210845255327,0.009569508337727876,2.328670127015952e-06,192.7619820376858,58,COMPLETE
6999,31.20301934748103,20.398526539427547,2026-10-06 05:37:44.320630,2026-10-06 05:40:56.812353,0 days 00:03:12.491723,0.17534157142392734,1.5672840075322876,78.91305021174706,12.025559114678314,0.008698017554316196,1.4671267453130232e-06,192.4916134858504,58,COMPLETE
7000,26.73517731564029,10.812808735592702,2026-10-06 05:37:44.328627,2026-10-06 05:40:59.734747,0 days 00:03:15.406120,0.5684757031602771,6.28879905307643,78.91305021174706,32.66630600975109,0.0473423057966799,1.4671267453130232e-06,195.40593846328557,58,COMPLETE
7001,32.248712446182104,14.320585061109075,2026-10-06 05:37:44.969690,2026-10-06 05:40:54.192655,0 days 00:03:09.222965,0.12186470831252749,1.0100598856645617,78.91305021174706,18.49957504695779,0.009569508337727876,1.4671267453130232e-06,189.22284035710618,58,COMPLETE
7002,13.668471980849025,11.646264621819583,2026-10-06 05:37:45.373668,2026-10-06 05:40:57.847636,0 days 00:03:12.473968,0.35349415915446786,1.5506244481473392,10.875387779144413,53.19831855856638,0.009569508337727876,1.4671267453130232e-06,192.47384557919577,58,COMPLETE
7003,15.69337278054945,1.261063787913676,2026-10-06 05:37:45.402659,2026-10-06 05:40:53.597922,0 days 00:03:08.195263,0.09463773086870245,1.0100598856645617,78.91305021174706,18.49957504695779,0.009569508337727876,34.870706276173316,188.19512483896688,58,COMPLETE
7004,32.389702616354484,13.589817443100307,2026-10-06 05:37:45.442816,2026-10-06 05:40:56.684109,0 days 00:03:11.241293,0.14472486883161542,1.0100598856645617,78.91305021174706,11.286119700737487,0.009569508337727876,1.4671267453130232e-06,191.2411778611131,58,COMPLETE
7005,1.563101526836631,1.279335662698676,2026-10-06 05:37:45.446646,2026-10-06 05:40:56.337104,0 days 00:03:10.890458,0.14472486883161542,38.47857960027225,80.97346391189345,18.49957504695779,0.008698017554316196,1.4671267453130232e-06,190.8903656420298,58,COMPLETE
7006,22.600470884271378,27.386560108986146,2026-10-06 05:37:45.498646,2026-10-06 05:40:53.042889,0 days 00:03:07.544243,0.3401090828369047,3.42961079489487,51.014856824237626,45.605935248059524,0.009569508337727876,1.4671267453130232e-06,187.544128973037,58,COMPLETE
7007,32.73104267929384,8.409503609079874,2026-10-06 05:37:45.519650,2026-10-06 05:40:56.753102,0 days 00:03:11.233452,0.06441798531902292,1.0100598856645617,78.91305021174706,18.49957504695779,0.009569508337727876,1.4671267453130232e-06,191.23332779994234,58,COMPLETE
7008,0.06045110005218655,1.1546970513762345,2026-10-06 05:37:46.022695,2026-10-06 05:40:56.692240,0 days 00:03:10.669545,0.3401090828369047,1.0100598856645617,80.97346391189345,21.63910276826749,0.008698017554316196,1.7520378190476774e-06,190.66868097195402,58,COMPLETE
7009,33.03202000000335,7.0673111749179744,2026-10-06 05:37:46.034642,2026-10-06 05:40:56.288321,0 days 00:03:10.253679,0.06441798531902292,1.0100598856645617,78.91305021174706,8.858210845255327,0.009569508337727876,1.4671267453130232e-06,190.25358005287126,58,COMPLETE
7010,2.993798118905142,1.5910249731687136,2026-10-06 05:37:46.511719,2026-10-06 05:40:59.534275,0 days 00:03:13.022556,0.1320862812493285,38.19059788444737,1.6235970244837006,12.025559114678314,0.008698017554316196,1.4671267453130232e-06,193.02241274807602,58,COMPLETE
7011,29.699711809366715,20.719543638353848,2026-10-06 05:37:46.984698,2026-10-06 05:40:57.073763,0 days 00:03:10.089065,0.19189241237051688,4.014839763781616,78.91305021174706,21.63910276826749,0.009569508337727876,1.54960617812222e-06,190.08893017377704,58,COMPLETE
7012,19.699327957896365,10.221969962749851,2026-10-06 05:37:47.556712,2026-10-06 05:40:59.033392,0 days 00:03:11.476680,0.14472486883161542,1.0100598856645617,8.511756566751686,18.88361477834656,0.008698017554316196,1.4671267453130232e-06,191.47654949780554,58,COMPLETE
7013,12.040514236719329,1.280668812823086,2026-10-06 05:37:48.756703,2026-10-06 05:41:01.706659,0 days 00:03:12.949956,0.7041993826684153,1.0100598856645617,78.91305021174706,6.518245212175953,0.009569508337727876,0.4313492788241895,192.94981628004462,58,COMPLETE
7014,5.885806034100812,1.3043798054455449,2026-10-06 05:38:12.643761,2026-10-06 05:41:26.713914,0 days 00:03:14.070153,0.19189241237051688,1.0100598856645617,2.4026778873400483,2.336748389703262,0.008698017554316196,7.7414051668031,194.07001049490646,58,COMPLETE
7015,,,2026-10-06 05:38:19.209857,2026-10-06 05:38:19.501102,0 days 00:00:00.291245,0.17534157142392734,1.0100598856645617,78.91305021174706,20.94520626057965,0.0012994442184982042,,,58,PRUNED
7016,24.714654783237844,8.2271086267181,2026-10-06 05:38:20.305677,2026-10-06 05:41:30.066985,0 days 00:03:09.761308,0.10950311398938738,4.014839763781616,80.97346391189345,18.49957504695779,0.009569508337727876,1.4671267453130232e-06,189.76116245565936,58,COMPLETE
7017,4.6198321711877615,2.7450470128121447,2026-10-06 05:38:54.885711,2026-10-06 05:42:10.672665,0 days 00:03:15.786954,0.35349415915446786,6.28879905307643,1.9908911975432309,53.19831855856638,0.009569508337727876,1.0746247031029727e-06,195.7868184056133,58,COMPLETE
7018,31.243935376180094,19.998870917139644,2026-10-06 05:38:56.623681,2026-10-06 05:42:08.756499,0 days 00:03:12.132818,0.19189241237051688,1.8054001832365776,78.91305021174706,7.704673657496365,0.008698017554316196,1.54960617812222e-06,192.13268279423937,58,COMPLETE
7019,30.367451321189673,24.222920488790106,2026-10-06 05:38:59.116686,2026-10-06 05:42:09.551251,0 days 00:03:10.434565,0.22031827582514427,1.8054001832365776,78.91305021174706,18.49957504695779,0.008698017554316196,1.4671267453130232e-06,190.4336957419291,58,COMPLETE
7020,29.033542425296833,12.344625261735953,2026-10-06 05:39:36.604850,2026-10-06 05:42:48.343008,0 days 00:03:11.738158,0.134407121693098,3.42961079489487,78.91305021174706,12.025559114678314,0.009569508337727876,1.0746247031029727e-06,191.7380070979707,58,COMPLETE
7021,29.117673830946057,16.568677739266583,2026-10-06 05:40:35.002701,2026-10-06 05:43:47.174824,0 days 00:03:12.172123,0.14526361414095004,4.014839763781616,78.91305021174706,16.966954115393197,0.008698017554316196,1.2446212784745538e-06,192.17198214819655,58,COMPLETE
7022,7.342076883780867,1.188172416577516,2026-10-06 05:40:48.255704,2026-10-06 05:44:02.501551,0 days 00:03:14.245847,0.017425624436374097,6.28879905307643,78.91305021174706,53.19831855856638,0.009569508337727876,1.0746247031029727e-06,194.2457159771584,58,COMPLETE
7023,11.788459224059574,7.482027850832717,2026-10-06 05:40:48.432796,2026-10-06 05:44:01.568556,0 days 00:03:13.135760,0.3401090828369047,40.70705063682986,80.97346391189345,53.19831855856638,0.009569508337727876,1.4671267453130232e-06,193.13561718398705,58,COMPLETE
7024,21.254785808329117,9.672838104178686,2026-10-06 05:40:50.636871,2026-10-06 05:44:02.132440,0 days 00:03:11.495569,0.3401090828369047,39.602658010488035,78.91305021174706,12.025559114678314,0.009569508337727876,1.2446212784745538e-06,190.81540597276762,58,COMPLETE
7025,,,2026-10-06 05:40:50.904809,2026-10-06 05:40:51.678720,0 days 00:00:00.773911,0.010876861937503306,1.8054001832365776,78.91305021174706,16.966954115393197,0.0012736574822138176,,,58,PRUNED
7026,28.90016497946729,3.8095554731758496,2026-10-06 05:40:50.912663,2026-10-06 05:44:03.338056,0 days 00:03:12.425393,0.2918907020150273,2.5826334477054016,78.91305021174706,53.19831855856638,0.05990177821721773,0.0005197443191417227,192.42527924617752,58,COMPLETE
7027,28.201330719496447,15.57687369799647,2026-10-06 05:40:50.957669,2026-10-06 05:44:03.466525,0 days 00:03:12.508856,0.35349415915446786,4.95477336878759,80.97346391189345,4.744944469291012,0.009569508337727876,1.0746247031029727e-06,192.5087445792742,58,COMPLETE
7028,24.74404544170021,31.745085450193116,2026-10-06 05:40:50.974925,2026-10-06 05:44:07.791100,0 days 00:03:16.816175,0.419007027175139,3.42961079489487,78.91305021174706,53.19831855856638,0.009569508337727876,1.0746247031029727e-06,196.81603697035462,58,COMPLETE
7029,29.09421360560534,26.155292116413804,2026-10-06 05:40:50.978644,2026-10-06 05:44:05.393505,0 days 00:03:14.414861,0.2918907020150273,2.5826334477054016,78.91305021174706,12.025559114678314,0.008698017554316196,1.4671267453130232e-06,194.41475774301216,58,COMPLETE
7030,11.786618970330315,3.1688022446242003,2026-10-06 05:40:51.618693,2026-10-06 05:44:02.119179,0 days 00:03:10.500486,0.2918907020150273,26.33603612237498,78.91305021174706,53.19831855856638,0.009569508337727876,5.3879486768506095e-05,190.5003339969553,58,COMPLETE
7031,32.85966349000445,5.346267650523354,2026-10-06 05:40:51.651669,2026-10-06 05:44:02.868040,0 days 00:03:11.216371,0.14472486883161542,1.0100598856645617,78.91305021174706,12.025559114678314,0.023739691609507233,1.4671267453130232e-06,191.21623848285526,58,COMPLETE
7032,8.530635202703689,1.2951517049762304,2026-10-06 05:40:51.736663,2026-10-06 05:44:06.705079,0 days 00:03:14.968416,0.48967816666395225,1.0100598856645617,83.07089374610376,60.74829168438494,0.009569508337727876,2.328670127015952e-06,194.96831230493262,58,COMPLETE
7033,30.76231600336921,22.262675347557227,2026-10-06 05:40:51.788792,2026-10-06 05:44:01.337060,0 days 00:03:09.548268,0.18472274745078338,1.8054001832365776,78.91305021174706,16.966954115393197,0.008698017554316196,1.2446212784745538e-06,189.548124672845,58,COMPLETE
7034,14.900988898018692,1.2567875244120201,2026-10-06 05:40:51.892648,2026-10-06 05:44:04.684613,0 days 00:03:12.791965,0.19189241237051688,1.0100598856645617,78.91305021174706,21.63910276826749,0.008698017554316196,15.034739368837627,192.7918540756218,58,COMPLETE
7035,32.21103355181434,14.738184927457871,2026-10-06 05:40:52.124697,2026-10-06 05:44:02.128921,0 days 00:03:10.004224,0.1320862812493285,1.0100598856645617,69.16329565667773,12.025559114678314,0.008698017554316196,1.4671267453130232e-06,190.00409688288346,58,COMPLETE
7036,31.99195436143961,16.28152456733111,2026-10-06 05:40:52.231797,2026-10-06 05:44:09.859885,0 days 00:03:17.628088,0.14472486883161542,1.0100598856645617,78.91305021174706,11.286119700737487,0.008698017554316196,1.4671267453130232e-06,197.62795769888908,58,COMPLETE
7037,16.792633129007413,8.426672995505132,2026-10-06 05:40:53.100591,2026-10-06 05:44:03.365528,0 days 00:03:10.264937,0.17534157142392734,1.0100598856645617,5.666534924670006,8.858210845255327,0.008698017554316196,1.4671267453130232e-06,190.26483091711998,58,COMPLETE
7038,32.135936680171355,15.30676963226374,2026-10-06 05:40:53.120562,2026-10-06 05:44:04.276676,0 days 00:03:11.156114,0.14472486883161542,1.0100598856645617,78.91305021174706,21.63910276826749,0.010066673683367812,1.1867893103926836e-06,191.15597742563114,58,COMPLETE
7039,31.828741795956166,11.299303976819777,2026-10-06 05:40:53.124690,2026-10-06 05:44:06.948550,0 days 00:03:13.823860,0.14472486883161542,1.0100598856645617,78.91305021174706,11.286119700737487,0.008698017554316196,8.119726462056904e-05,193.82373238680884,58,COMPLETE
7040,14.672055704530981,17.160612356102998,2026-10-06 05:40:53.128640,2026-10-06 05:44:05.523198,0 days 00:03:12.394558,0.35349415915446786,4.95477336878759,15.530644399802163,53.19831855856638,0.009569508337727876,1.4671267453130232e-06,192.39442338095978,58,COMPLETE
7041,26.668113393714226,1.3368818920386643,2026-10-06 05:40:53.195643,2026-10-06 05:44:07.864303,0 days 00:03:14.668660,0.134407121693098,6.28879905307643,78.91305021174706,12.025559114678314,0.009569508337727876,1.0746247031029727e-06,194.66855295095593,58,COMPLETE
