number,values_0,values_1,datetime_start,datetime_complete,duration,params_c_val,params_input_force,params_k_between_val,params_k_wall_val,params_m_val,params_ridge_alpha,user_attrs_duration_sec,system_attrs_NSGAIISampler:generation,state
4477,,,2026-10-06 03:42:03.799862,2026-10-06 03:42:04.801709,0 days 00:00:01.001847,0.18472274745078338,22.490874183452892,78.91305021174706,16.966954115393197,0.0017528399067811568,,,37,PRUNED
4478,29.400804024641968,1.7725841018554522,2026-10-06 03:42:03.803645,2026-10-06 03:45:16.465887,0 days 00:03:12.662242,0.2662928746266698,1.8054001832365776,78.91305021174706,12.025559114678314,0.09134652178689219,2.328670127015952e-06,192.66214217990637,37,COMPLETE
4479,,,2026-10-06 03:42:03.807632,2026-10-06 03:42:04.293750,0 days 00:00:00.486118,0.17534157142392734,1.8054001832365776,78.91305021174706,18.49957504695779,0.007092976682013914,,,37,PRUNED
4480,5.335873122006204,4.603187014720874,2026-10-06 03:42:03.811631,2026-10-06 03:45:19.500520,0 days 00:03:15.688889,0.48967816666395225,3.42961079489487,1.189172847711636,53.19831855856638,0.009569508337727876,2.1162347444179366e-05,195.6887921919115,37,COMPLETE
4481,23.619287671972057,6.797003296044302,2026-10-06 03:42:03.849088,2026-10-06 03:45:17.901509,0 days 00:03:14.052421,0.3234277860062262,38.392965842037576,78.91305021174706,4.949274479107639,0.008698017554316196,2.328670127015952e-06,194.05232188105583,37,COMPLETE
4482,31.284621544300705,17.94211592853864,2026-10-06 03:42:03.893661,2026-10-06 03:45:16.087568,0 days 00:03:12.193907,0.17534157142392734,1.8054001832365776,78.91305021174706,12.025559114678314,0.009569508337727876,2.328670127015952e-06,192.19379963213578,37,COMPLETE
4483,31.88148799813347,3.8472731777514957,2026-10-06 03:42:04.422861,2026-10-06 03:45:22.495546,0 days 00:03:18.072685,0.14472486883161542,2.5826334477054016,78.91305021174706,12.025559114678314,0.03463343903868386,2.328670127015952e-06,198.07255705166608,37,COMPLETE
4484,30.47025418331515,1.3919876617892497,2026-10-06 03:42:04.426648,2026-10-06 03:45:14.297655,0 days 00:03:09.871007,0.19189241237051688,1.8054001832365776,78.91305021174706,1.095083917413438,0.059499310295612166,2.328670127015952e-06,189.87091502407566,37,COMPLETE
4485,31.85631960525391,5.408217990506718,2026-10-06 03:42:04.458764,2026-10-06 03:45:19.046596,0 days 00:03:14.587832,0.19189241237051688,1.8054001832365776,78.91305021174706,6.182683349256731,0.025763495312168254,2.328670127015952e-06,194.587725661695,37,COMPLETE
4486,29.70249044001513,14.848739821027863,2026-10-06 03:42:04.787584,2026-10-06 03:45:13.776039,0 days 00:03:08.988455,0.10623727841171914,3.42961079489487,78.91305021174706,46.431764750098004,0.009569508337727876,2.328670127015952e-06,188.98777712276205,37,COMPLETE
4487,31.04746378780257,19.38239824177877,2026-10-06 03:42:04.809813,2026-10-06 03:45:13.803042,0 days 00:03:08.993229,0.17534157142392734,1.8054001832365776,78.91305021174706,18.49957504695779,0.009569508337727876,2.328670127015952e-06,188.99314044462517,37,COMPLETE
4488,29.977695436624153,23.542110520134838,2026-10-06 03:42:04.813638,2026-10-06 03:45:19.839127,0 days 00:03:15.025489,0.22031827582514427,2.5826334477054016,78.91305021174706,33.82207276867368,0.009569508337727876,2.328670127015952e-06,195.02537417737767,37,COMPLETE
4489,30.386349421417457,22.593238599952127,2026-10-06 03:42:04.817630,2026-10-06 03:45:12.708590,0 days 00:03:07.890960,0.22031827582514427,1.8054001832365776,78.91305021174706,35.397938808104236,0.009569508337727876,2.328670127015952e-06,187.89087565103546,37,COMPLETE
4490,30.450348467286336,21.151209563399817,2026-10-06 03:42:05.097689,2026-10-06 03:45:14.021658,0 days 00:03:08.923969,0.17534157142392734,1.8054001832365776,78.91305021174706,45.605935248059524,0.009569508337727876,2.328670127015952e-06,188.92387735191733,37,COMPLETE
4491,14.84117885303483,2.160248354023139,2026-10-06 03:42:05.180822,2026-10-06 03:45:16.223474,0 days 00:03:11.042652,0.22031827582514427,3.42961079489487,80.97346391189345,40.2862337213893,0.009569508337727876,55.56204272345228,191.04254759801552,37,COMPLETE
4492,31.481582885940774,17.91593606413575,2026-10-06 03:42:05.553718,2026-10-06 03:45:15.455178,0 days 00:03:09.901460,0.17534157142392734,1.8054001832365776,78.91305021174706,5.968283145638642,0.008698017554316196,2.328670127015952e-06,189.9013619236648,37,COMPLETE
4493,15.827494483077498,13.978028312456448,2026-10-06 03:42:06.148844,2026-10-06 03:45:19.007929,0 days 00:03:12.859085,0.22031827582514427,3.42961079489487,12.222126393053916,38.52680789958333,0.008698017554316196,2.328670127015952e-06,192.85896390583366,37,COMPLETE
4494,13.816380716036727,2.6287078921829368,2026-10-06 03:42:06.521682,2026-10-06 03:45:20.848715,0 days 00:03:14.327033,0.17534157142392734,1.8054001832365776,2.6385149531534573,6.182683349256731,0.012805652574071905,2.328670127015952e-06,194.3269080980681,37,COMPLETE
4495,32.38336647826832,4.4409591125484615,2026-10-06 03:42:06.818676,2026-10-06 03:45:15.107990,0 days 00:03:08.289314,0.14472486883161542,1.8054001832365776,78.91305021174706,12.025559114678314,0.029750436012129487,2.328670127015952e-06,188.28919995296746,37,COMPLETE
4496,23.928285500520722,1.2954837019939212,2026-10-06 03:42:07.048597,2026-10-06 03:45:15.276185,0 days 00:03:08.227588,0.17534157142392734,1.8054001832365776,78.91305021174706,18.49957504695779,0.06231173002884009,0.1601278984166561,188.22747438866645,37,COMPLETE
4497,31.17769878730001,3.225249768282448,2026-10-06 03:42:35.801999,2026-10-06 03:45:46.558663,0 days 00:03:10.756664,0.22031827582514427,3.42961079489487,78.91305021174706,5.005742282183028,0.03752813160190193,2.328670127015952e-06,190.75653879204765,37,COMPLETE
4498,0.15754970501316962,1.20215453636893,2026-10-06 03:42:42.256861,2026-10-06 03:45:56.443175,0 days 00:03:14.186314,0.7664432372522243,1.8054001832365776,78.91305021174706,7.704673657496365,0.008698017554316196,2.328670127015952e-06,194.1861924873665,37,COMPLETE
4499,,,2026-10-06 03:43:21.029804,2026-10-06 03:43:22.085735,0 days 00:00:01.055931,0.17534157142392734,27.207577625905103,90.68723198975073,7.704673657496365,0.008698017554316196,,,37,PRUNED
4500,31.89829603906851,9.50033059657774,2026-10-06 03:43:22.447835,2026-10-06 03:46:30.212146,0 days 00:03:07.764311,0.14472486883161542,1.8054001832365776,78.91305021174706,2.5931783094816834,0.009569508337727876,5.144640475703076e-05,187.76419660402462,37,COMPLETE
4501,,,2026-10-06 03:43:35.385713,2026-10-06 03:43:36.333300,0 days 00:00:00.947587,0.2918907020150273,1.8054001832365776,99.86229560954081,18.49957504695779,0.008698017554316196,,,37,PRUNED
4502,,,2026-10-06 03:43:36.677002,2026-10-06 03:43:38.073025,0 days 00:00:01.396023,0.22031827582514427,8.374515040379379,78.91305021174706,35.397938808104236,0.0011367478289575047,,,37,PRUNED
4503,10.680905871434664,3.3706956478378274,2026-10-06 03:43:38.187834,2026-10-06 03:46:51.647130,0 days 00:03:13.459296,0.17534157142392734,1.8054001832365776,1.7750910430574913,7.14008749932051,0.008698017554316196,2.328670127015952e-06,193.4591628909111,37,COMPLETE
4504,29.24443348445132,6.2363765765204935,2026-10-06 03:43:58.287694,2026-10-06 03:47:10.239351,0 days 00:03:11.951657,0.22031827582514427,3.42961079489487,78.91305021174706,2.001833678560627,0.008698017554316196,2.328670127015952e-06,191.95152827631682,37,COMPLETE
4505,,,2026-10-06 03:45:09.747697,2026-10-06 03:45:10.258192,0 days 00:00:00.510495,0.02684804519259237,1.0100598856645617,78.91305021174706,16.966954115393197,0.00127894262114281,,,37,PRUNED
4506,,,2026-10-06 03:45:10.102843,2026-10-06 03:45:10.609718,0 days 00:00:00.506875,0.17534157142392734,1.8054001832365776,78.91305021174706,6.182683349256731,0.002118201488380887,,,37,PRUNED
4507,33.06603889644117,4.855376606829317,2026-10-06 03:45:10.106296,2026-10-06 03:48:21.659775,0 days 00:03:11.553479,0.049224642378418317,1.0100598856645617,78.91305021174706,7.704673657496365,0.009569508337727876,2.328670127015952e-06,191.55335703631863,37,COMPLETE
4508,29.615049133953402,22.437652695820375,2026-10-06 03:45:10.599699,2026-10-06 03:48:21.540128,0 days 00:03:10.940429,0.18472274745078338,3.42961079489487,78.91305021174706,18.49957504695779,0.008698017554316196,1.4671267453130232e-06,190.94030341412872,37,COMPLETE
4509,30.669086295368714,1.4925788546102459,2026-10-06 03:45:10.729688,2026-10-06 03:48:23.516138,0 days 00:03:12.786450,0.17534157142392734,3.42961079489487,78.91305021174706,1.350771894138078,0.009569508337727876,1.2446212784745538e-06,192.78632087586448,37,COMPLETE
4510,23.923134684652478,30.077903063020933,2026-10-06 03:45:11.164691,2026-10-06 03:48:23.347562,0 days 00:03:12.182871,0.48967816666395225,3.42961079489487,78.91305021174706,35.397938808104236,0.009569508337727876,1.4671267453130232e-06,192.18274328112602,37,COMPLETE
4511,0.44214236594490225,1.2084824326139945,2026-10-06 03:45:11.224829,2026-10-06 03:48:23.696685,0 days 00:03:12.471856,0.48967816666395225,1.8054001832365776,78.91305021174706,2.1405170536981153,0.008698017554316196,2.328670127015952e-06,192.47173303738236,37,COMPLETE
4512,32.04598411423736,15.419411774086326,2026-10-06 03:45:11.228639,2026-10-06 03:48:22.810803,0 days 00:03:11.582164,0.14472486883161542,1.0100598856645617,78.91305021174706,18.49957504695779,0.009569508337727876,1.4671267453130232e-06,191.58204334182665,37,COMPLETE
4513,30.592204083767893,20.828458404016747,2026-10-06 03:45:11.277645,2026-10-06 03:48:23.568064,0 days 00:03:12.290419,0.17534157142392734,1.8054001832365776,78.91305021174706,35.397938808104236,0.009569508337727876,2.328670127015952e-06,192.29030694207177,37,COMPLETE
4514,16.395235888141862,1.844165059512584,2026-10-06 03:45:11.281648,2026-10-06 03:48:22.101769,0 days 00:03:10.820121,0.18472274745078338,1.8054001832365776,78.91305021174706,18.49957504695779,0.008698017554316196,4.400151458666374,190.81999903777614,37,COMPLETE
4515,19.19666827959955,7.799030436406887,2026-10-06 03:45:11.389908,2026-10-06 03:48:25.487451,0 days 00:03:14.097543,0.48967816666395225,3.42961079489487,78.91305021174706,2.436820035725134,0.009569508337727876,0.0005247689096250429,194.0974323451519,37,COMPLETE
4516,15.45670636686881,4.694333938786376,2026-10-06 03:45:11.726686,2026-10-06 03:48:24.086771,0 days 00:03:12.360085,0.49283303498776404,1.0100598856645617,61.35062417481047,45.605935248059524,0.009569508337727876,0.006952936836450051,192.35997404018417,37,COMPLETE
4517,30.042355609510043,15.821466895896826,2026-10-06 03:45:11.842247,2026-10-06 03:48:25.570219,0 days 00:03:13.727972,0.2918907020150273,3.42961079489487,78.91305021174706,3.569096261144778,0.009569508337727876,1.4671267453130232e-06,193.72787098120898,37,COMPLETE
4518,30.152316495904635,4.852640879033766,2026-10-06 03:45:12.583832,2026-10-06 03:48:24.128771,0 days 00:03:11.544939,0.039888600227742176,1.8054001832365776,78.91305021174706,18.49957504695779,0.008698017554316196,2.328670127015952e-06,191.54483147896826,37,COMPLETE
4519,24.09932043290434,2.9393678285131615,2026-10-06 03:45:12.618086,2026-10-06 03:48:27.067062,0 days 00:03:14.448976,0.19189241237051688,1.8054001832365776,78.91305021174706,46.431764750098004,0.008698017554316196,0.01340406460180644,194.44888613605872,37,COMPLETE
4520,15.166982450916432,4.154329310408551,2026-10-06 03:45:12.773681,2026-10-06 03:48:28.537532,0 days 00:03:15.763851,0.2918907020150273,3.42961079489487,78.91305021174706,45.605935248059524,0.009569508337727876,10.56134625983861,195.76373073691502,37,COMPLETE
4521,25.678732945774925,2.987217504179748,2026-10-06 03:45:12.844656,2026-10-06 03:48:26.287543,0 days 00:03:13.442887,0.14472486883161542,19.17904554219803,78.91305021174706,12.025559114678314,0.009569508337727876,1.4671267453130232e-06,193.44276393391192,37,COMPLETE
4522,31.821298262459795,15.375078017288072,2026-10-06 03:45:12.864830,2026-10-06 03:48:28.958277,0 days 00:03:16.093447,0.17534157142392734,1.8054001832365776,78.91305021174706,6.182683349256731,0.009569508337727876,2.328670127015952e-06,196.09335182700306,37,COMPLETE
4523,16.1684728689273,12.024910554310905,2026-10-06 03:45:12.892657,2026-10-06 03:48:27.522251,0 days 00:03:14.629594,0.19189241237051688,3.42961079489487,10.812112178100474,12.025559114678314,0.008698017554316196,1.4671267453130232e-06,194.62947751302272,37,COMPLETE
4524,32.3352596917338,10.34055681967585,2026-10-06 03:45:13.032672,2026-10-06 03:48:30.763782,0 days 00:03:17.731110,0.14472486883161542,1.0100598856645617,69.33707937619111,2.5931783094816834,0.009569508337727876,1.4671267453130232e-06,197.73100669821724,37,COMPLETE
4525,21.985399430918406,1.4712250820466917,2026-10-06 03:45:13.554676,2026-10-06 03:48:29.870296,0 days 00:03:16.315620,0.19189241237051688,1.8054001832365776,21.378033074004843,7.14008749932051,0.08280778126923022,2.328670127015952e-06,196.31551342317834,37,COMPLETE
4526,1.0365666607683792,1.1564033426269487,2026-10-06 03:45:13.834863,2026-10-06 03:48:24.865516,0 days 00:03:11.030653,0.01360692197076667,41.68309893148719,78.91305021174706,18.49957504695779,0.008698017554316196,2.328670127015952e-06,191.03053949167952,37,COMPLETE
4527,32.57496391274456,4.485878321336074,2026-10-06 03:45:13.838650,2026-10-06 03:48:31.301842,0 days 00:03:17.463192,0.17534157142392734,1.8054001832365776,78.91305021174706,12.025559114678314,0.03463343903868386,2.328670127015952e-06,197.46309158485383,37,COMPLETE
4528,29.817651462460645,23.809340668352807,2026-10-06 03:45:13.842630,2026-10-06 03:48:28.996497,0 days 00:03:15.153867,0.22031827582514427,2.5826334477054016,78.91305021174706,40.2862337213893,0.009569508337727876,2.328670127015952e-06,195.15378529997543,37,COMPLETE
4529,,,2026-10-06 03:45:13.985786,2026-10-06 03:45:16.380756,0 days 00:00:02.394970,0.0102829699236939,3.42961079489487,78.91305021174706,18.49957504695779,0.0018253510605970211,,,37,PRUNED
4530,,,2026-10-06 03:45:14.037903,2026-10-06 03:45:14.587728,0 days 00:00:00.549825,0.18472274745078338,6.28879905307643,78.91305021174706,1.723379606555169,0.0018322419853656798,,,37,PRUNED
4531,31.28628188906389,19.00327719323779,2026-10-06 03:45:14.280683,2026-10-06 03:48:26.147619,0 days 00:03:11.866936,0.17534157142392734,1.8054001832365776,78.91305021174706,7.704673657496365,0.008698017554316196,2.328670127015952e-06,191.8668106221594,38,COMPLETE
4532,22.64520573231332,13.658429290610536,2026-10-06 03:45:14.326670,2026-10-06 03:48:25.506377,0 days 00:03:11.179707,0.22031827582514427,3.42961079489487,78.91305021174706,40.29115295108787,0.009569508337727876,0.04179241864226597,191.17961485730484,38,COMPLETE
4533,29.35980125400094,23.86813689463372,2026-10-06 03:45:14.537692,2026-10-06 03:48:25.248388,0 days 00:03:10.710696,0.22031827582514427,3.42961079489487,78.91305021174706,35.397938808104236,0.009569508337727876,1.4671267453130232e-06,190.7105873869732,38,COMPLETE
4534,3.925690418762857,1.7124871574057208,2026-10-06 03:45:14.554184,2026-10-06 03:48:26.754050,0 days 00:03:12.199866,0.17534157142392734,22.19481214328572,1.4583248006214782,2.2602648120831983,0.008698017554316196,0.16488087456431647,192.19976677605882,38,COMPLETE
4535,23.706829910538865,13.824304248296878,2026-10-06 03:45:15.108876,2026-10-06 03:48:27.812505,0 days 00:03:12.703629,0.22031827582514427,3.42961079489487,78.91305021174706,38.52680789958333,0.009569508337727876,0.02777795374246582,192.70352686103433,38,COMPLETE
4536,32.58296902202029,11.912310480463777,2026-10-06 03:45:15.112649,2026-10-06 03:48:25.848498,0 days 00:03:10.735849,0.14472486883161542,1.0100598856645617,78.91305021174706,7.704673657496365,0.009569508337727876,2.328670127015952e-06,190.7357623046264,38,COMPLETE
4537,28.998152081425665,24.335276566293288,2026-10-06 03:45:15.291685,2026-10-06 03:48:26.746805,0 days 00:03:11.455120,0.22031827582514427,3.42961079489487,78.91305021174706,46.431764750098004,0.009569508337727876,1.2446212784745538e-06,191.4550210479647,38,COMPLETE
4538,30.82364346499255,9.26922991657346,2026-10-06 03:45:15.303656,2026-10-06 03:48:30.579049,0 days 00:03:15.275393,0.22031827582514427,2.5826334477054016,78.91305021174706,1.6744666465174916,0.009569508337727876,1.4671267453130232e-06,195.27530014002696,38,COMPLETE
4539,26.918659198898677,13.932711678754234,2026-10-06 03:45:15.315661,2026-10-06 03:48:31.254566,0 days 00:03:15.938905,0.17534157142392734,1.8054001832365776,28.0777866002921,4.949274479107639,0.008698017554316196,2.328670127015952e-06,195.93881217297167,38,COMPLETE
4540,30.209076987330253,17.150672273294294,2026-10-06 03:45:15.380778,2026-10-06 03:48:31.886180,0 days 00:03:16.505402,0.17534157142392734,1.8054001832365776,63.878661600434285,12.025559114678314,0.009569508337727876,2.328670127015952e-06,196.50527982600033,38,COMPLETE
4541,15.696838283951488,6.685681585714907,2026-10-06 03:45:15.433646,2026-10-06 03:48:25.804886,0 days 00:03:10.371240,0.22031827582514427,4.014839763781616,78.91305021174706,38.52680789958333,0.009569508337727876,10.956844578993493,190.37114995205775,38,COMPLETE
4542,15.665501680371204,21.35173624375098,2026-10-06 03:45:15.586704,2026-10-06 03:48:29.138336,0 days 00:03:13.551632,0.48967816666395225,3.42961079489487,27.546376146835826,53.19831855856638,0.008165599927648676,1.4671267453130232e-06,193.55151722673327,38,COMPLETE
4543,29.782014727688544,3.3816269229213045,2026-10-06 03:45:15.800864,2026-10-06 03:48:31.651731,0 days 00:03:15.850867,0.17534157142392734,33.61775195787205,78.91305021174706,2.9260867277625935,0.009569508337727876,0.0005459998862855216,195.85076952679083,38,COMPLETE
4544,31.45379482479829,18.073841720567764,2026-10-06 03:45:16.099683,2026-10-06 03:48:29.113332,0 days 00:03:13.013649,0.17534157142392734,1.8054001832365776,78.91305021174706,6.182683349256731,0.008698017554316196,2.328670127015952e-06,193.01352427480742,38,COMPLETE
4545,28.38444802236317,16.96421435182503,2026-10-06 03:45:16.123654,2026-10-06 03:48:30.251084,0 days 00:03:14.127430,0.22031827582514427,3.42961079489487,78.91305021174706,35.397938808104236,0.009569508337727876,0.0006279078436786206,194.12731399200857,38,COMPLETE
4546,0.24524289943367134,1.221662136916918,2026-10-06 03:45:16.156656,2026-10-06 03:48:28.248904,0 days 00:03:12.092248,0.4110099253485837,1.8054001832365776,78.91305021174706,4.949274479107639,0.008698017554316196,2.328670127015952e-06,192.09212630800903,38,COMPLETE
4547,31.44146055501214,16.80136018507174,2026-10-06 03:45:16.505970,2026-10-06 03:48:28.296517,0 days 00:03:11.790547,0.14472486883161542,1.8054001832365776,78.91305021174706,12.025559114678314,0.009569508337727876,1.4671267453130232e-06,191.79044500598684,38,COMPLETE
4548,30.196709377571572,19.565675460013697,2026-10-06 03:45:16.883893,2026-10-06 03:48:27.581628,0 days 00:03:10.697735,0.17534157142392734,3.42961079489487,78.91305021174706,18.49957504695779,0.009569508337727876,2.328670127015952e-06,190.6976196053438,38,COMPLETE
4549,31.597298415160445,16.130220405352773,2026-10-06 03:45:16.887647,2026-10-06 03:48:26.860976,0 days 00:03:09.973329,0.19189241237051688,1.8054001832365776,78.91305021174706,7.14008749932051,0.009569508337727876,2.328670127015952e-06,189.9732278790325,38,COMPLETE
4550,14.285828372572894,2.6249350451128346,2026-10-06 03:45:16.891630,2026-10-06 03:48:26.668288,0 days 00:03:09.776658,0.22031827582514427,19.97972960610074,78.91305021174706,35.397938808104236,0.008698017554316196,2.328670127015952e-06,189.77655402384698,38,COMPLETE
4551,28.08468568827193,1.2622430566417644,2026-10-06 03:45:16.895626,2026-10-06 03:48:24.153281,0 days 00:03:07.257655,0.052579245910427945,3.42961079489487,78.91305021174706,7.704673657496365,0.009569508337727876,1.4671267453130232e-06,187.25755548570305,38,COMPLETE
4552,19.484782686430457,12.39549670100567,2026-10-06 03:45:16.899625,2026-10-06 03:48:28.826521,0 days 00:03:11.926896,0.17534157142392734,3.42961079489487,78.91305021174706,62.630356884393585,0.009569508337727876,0.4875137757398279,191.92680151062086,38,COMPLETE
4553,31.62605267685125,17.04516925763458,2026-10-06 03:45:16.903640,2026-10-06 03:48:30.482985,0 days 00:03:13.579345,0.17534157142392734,1.8054001832365776,78.91305021174706,4.949274479107639,0.008698017554316196,2.328670127015952e-06,193.5792459328659,38,COMPLETE
4554,30.764207014142585,21.952187599357497,2026-10-06 03:45:16.907627,2026-10-06 03:48:29.456716,0 days 00:03:12.549089,0.18472274745078338,1.8054001832365776,78.91305021174706,16.966954115393197,0.008698017554316196,2.328670127015952e-06,192.54898700676858,38,COMPLETE
4555,24.1200419584168,27.171376849257417,2026-10-06 03:45:16.911630,2026-10-06 03:48:27.042904,0 days 00:03:10.131274,0.48967816666395225,2.5826334477054016,78.91305021174706,40.29115295108787,0.009569508337727876,2.328670127015952e-06,190.13117948174477,38,COMPLETE
4556,,,2026-10-06 03:45:16.915628,2026-10-06 03:45:18.057735,0 days 00:00:01.142107,0.17534157142392734,1.8054001832365776,78.91305021174706,12.025559114678314,0.002900908090923315,,,38,PRUNED
4557,,,2026-10-06 03:45:17.011654,2026-10-06 03:45:17.177727,0 days 00:00:00.166073,0.22031827582514427,2.5826334477054016,78.91305021174706,38.52680789958333,0.002371992724744007,,,38,PRUNED
4558,23.456031917517386,7.6008336117703905,2026-10-06 03:45:18.180861,2026-10-06 03:48:25.211793,0 days 00:03:07.030932,0.22031827582514427,40.159584995927986,78.91305021174706,12.025559114678314,0.009569508337727876,2.328670127015952e-06,187.03080549603328,38,COMPLETE
4559,16.76799636217347,6.392358125114837,2026-10-06 03:45:18.184643,2026-10-06 03:48:30.523274,0 days 00:03:12.338631,0.14472486883161542,1.8054001832365776,5.5136124390284955,16.966954115393197,0.009569508337727876,1.4671267453130232e-06,192.33853725297377,38,COMPLETE
4560,31.538634223412323,16.287302943595535,2026-10-06 03:45:18.188628,2026-10-06 03:48:27.600455,0 days 00:03:09.411827,0.22031827582514427,1.8054001832365776,78.91305021174706,6.182683349256731,0.009569508337727876,1.4671267453130232e-06,189.41173382196575,38,COMPLETE
