number,values_0,values_1,datetime_start,datetime_complete,duration,params_c_val,params_input_force,params_k_between_val,params_k_wall_val,params_m_val,params_ridge_alpha,user_attrs_duration_sec,system_attrs_NSGAIISampler:generation,state
4229,7.536010122778778,2.783732499668928,2026-10-06 03:32:19.565705,2026-10-06 03:35:30.210200,0 days 00:03:10.644495,0.48967816666395225,38.562563205076756,44.23037085002161,53.19831855856638,0.009569508337727876,1.4671267453130232e-06,190.64436931721866,35,COMPLETE
4230,18.32409490375361,15.649880147610784,2026-10-06 03:32:19.949793,2026-10-06 03:35:29.331144,0 days 00:03:09.381351,0.22031827582514427,3.42961079489487,17.50095503658957,45.605935248059524,0.009569508337727876,2.328670127015952e-06,189.3812200911343,35,COMPLETE
4231,,,2026-10-06 03:32:20.014670,2026-10-06 03:32:20.733089,0 days 00:00:00.718419,0.14472486883161542,2.5826334477054016,78.91305021174706,38.52680789958333,0.0017232263058558337,,,35,PRUNED
4232,30.54120146917551,13.828624806003948,2026-10-06 03:32:20.194677,2026-10-06 03:35:33.428080,0 days 00:03:13.233403,0.19189241237051688,1.8054001832365776,78.91305021174706,12.025559114678314,0.008698017554316196,0.0003138798621876362,193.2332950537093,35,COMPLETE
4233,25.944300031298923,3.3855924196906613,2026-10-06 03:32:20.339960,2026-10-06 03:35:37.743012,0 days 00:03:17.403052,0.17534157142392734,47.81830797621108,78.91305021174706,5.509158115091186,0.009569508337727876,3.8666567007408936,197.4029339570552,35,COMPLETE
4234,31.62605267685125,17.04516925763458,2026-10-06 03:32:20.628668,2026-10-06 03:35:31.775102,0 days 00:03:11.146434,0.17534157142392734,1.8054001832365776,78.91305021174706,4.949274479107639,0.008698017554316196,2.328670127015952e-06,191.14630829170346,35,COMPLETE
4235,32.72068235005638,11.502493590415817,2026-10-06 03:32:20.733513,2026-10-06 03:35:33.527563,0 days 00:03:12.794050,0.14472486883161542,1.0100598856645617,78.91305021174706,4.949274479107639,0.009569508337727876,1.4671267453130232e-06,192.79384940024465,35,COMPLETE
4236,,,2026-10-06 03:32:21.128693,2026-10-06 03:32:21.625056,0 days 00:00:00.496363,0.17534157142392734,2.5826334477054016,78.91305021174706,18.49957504695779,0.004005805650483003,,,35,PRUNED
4237,30.43082778397857,22.201395914186243,2026-10-06 03:32:21.144662,2026-10-06 03:35:33.129724,0 days 00:03:11.985062,0.22031827582514427,2.5826334477054016,78.91305021174706,18.49957504695779,0.009569508337727876,2.328670127015952e-06,191.98494297033176,35,COMPLETE
4238,26.427732166101684,1.2453340812822855,2026-10-06 03:32:21.696691,2026-10-06 03:35:35.058580,0 days 00:03:13.361889,0.17534157142392734,13.747282023484793,78.91305021174706,12.025559114678314,0.03463343903868386,2.328670127015952e-06,193.36178424302489,35,COMPLETE
4239,31.668393621690562,16.09213606727168,2026-10-06 03:32:21.780669,2026-10-06 03:35:35.817131,0 days 00:03:14.036462,0.17534157142392734,1.8054001832365776,78.91305021174706,7.391324175759563,0.009569508337727876,2.328670127015952e-06,194.03636345406994,35,COMPLETE
4240,28.975980623160133,16.264289368057863,2026-10-06 03:32:21.898686,2026-10-06 03:35:34.880354,0 days 00:03:12.981668,0.3401090828369047,1.8054001832365776,78.91305021174706,7.14008749932051,0.008698017554316196,2.328670127015952e-06,192.98157242592424,35,COMPLETE
4241,17.78640784729451,1.6735364920034077,2026-10-06 03:32:22.060665,2026-10-06 03:35:36.149710,0 days 00:03:14.089045,0.17534157142392734,1.8054001832365776,78.91305021174706,7.704673657496365,0.008698017554316196,1.182373704971361,194.08895230619237,35,COMPLETE
4242,4.574460842858899,2.79930512256791,2026-10-06 03:32:22.133292,2026-10-06 03:35:33.399014,0 days 00:03:11.265722,0.48967816666395225,42.62119604988454,1.4929449466642275,35.397938808104236,0.009569508337727876,1.4671267453130232e-06,191.26560963271186,35,COMPLETE
4243,15.11674499676512,7.283780348160222,2026-10-06 03:32:22.136645,2026-10-06 03:35:36.247953,0 days 00:03:14.111308,0.22031827582514427,1.0100598856645617,4.771261540474433,12.025559114678314,0.009569508337727876,1.4671267453130232e-06,194.1112256157212,35,COMPLETE
4244,15.519685684051794,7.476439376945476,2026-10-06 03:32:22.142255,2026-10-06 03:35:34.483031,0 days 00:03:12.340776,0.22031827582514427,42.997618746076576,78.91305021174706,38.52680789958333,0.009569508337727876,2.328670127015952e-06,192.34069019602612,35,COMPLETE
4245,13.725242088767251,2.6196957285466635,2026-10-06 03:32:22.145670,2026-10-06 03:35:36.549992,0 days 00:03:14.404322,0.17278952301661638,24.669384261007547,78.91305021174706,53.19831855856638,0.009569508337727876,2.328670127015952e-06,194.4042219039984,35,COMPLETE
4246,30.74442233035939,21.75767054448582,2026-10-06 03:32:22.338378,2026-10-06 03:35:36.571121,0 days 00:03:14.232743,0.22031827582514427,1.8054001832365776,78.91305021174706,12.025559114678314,0.008698017554316196,2.328670127015952e-06,194.2326395730488,35,COMPLETE
4247,30.43082778397857,22.201395914186243,2026-10-06 03:32:22.537853,2026-10-06 03:35:34.922388,0 days 00:03:12.384535,0.22031827582514427,2.5826334477054016,78.91305021174706,18.49957504695779,0.009569508337727876,2.328670127015952e-06,192.38444808404893,35,COMPLETE
4248,17.705486428768985,12.483275056808587,2026-10-06 03:32:22.541643,2026-10-06 03:35:34.474646,0 days 00:03:11.933003,0.6661650249120624,6.28879905307643,78.91305021174706,53.19831855856638,0.009569508337727876,2.328670127015952e-06,191.93290915666148,35,COMPLETE
4249,15.201354781552618,1.2500859495120658,2026-10-06 03:32:22.566642,2026-10-06 03:35:34.019637,0 days 00:03:11.452995,0.17534157142392734,3.42961079489487,78.91305021174706,7.704673657496365,0.03765929524121548,99.23652280456885,191.4528919328004,35,COMPLETE
4250,7.404389376955272,6.740678317138244,2026-10-06 03:32:22.570636,2026-10-06 03:35:32.088752,0 days 00:03:09.518116,0.48967816666395225,2.5732256571843863,2.1711286972340917,35.397938808104236,0.008698017554316196,1.4671267453130232e-06,189.51799774589017,35,COMPLETE
4251,,,2026-10-06 03:32:22.596653,2026-10-06 03:32:23.587686,0 days 00:00:00.991033,0.22031827582514427,1.8054001832365776,78.91305021174706,40.2862337213893,0.0015393618071517625,,,35,PRUNED
4252,31.73954924047515,15.762487310952405,2026-10-06 03:32:22.683692,2026-10-06 03:35:34.393541,0 days 00:03:11.709849,0.17534157142392734,1.8054001832365776,78.91305021174706,6.8056548757696875,0.009569508337727876,2.328670127015952e-06,191.70967022515833,35,COMPLETE
4253,30.070357021020403,23.68906220474726,2026-10-06 03:32:22.899674,2026-10-06 03:35:37.853976,0 days 00:03:14.954302,0.22031827582514427,1.8054001832365776,78.91305021174706,53.19831855856638,0.009569508337727876,1.4671267453130232e-06,194.95418268907815,35,COMPLETE
4254,31.62605267685125,17.04516925763458,2026-10-06 03:32:23.781891,2026-10-06 03:35:37.428565,0 days 00:03:13.646674,0.17534157142392734,1.8054001832365776,78.91305021174706,4.949274479107639,0.008698017554316196,2.328670127015952e-06,193.64657975686714,35,COMPLETE
4255,24.86041708989962,22.779546278849434,2026-10-06 03:32:23.785645,2026-10-06 03:35:37.288307,0 days 00:03:13.502662,0.48967816666395225,3.42961079489487,78.91305021174706,12.025559114678314,0.009569508337727876,1.4671267453130232e-06,193.50257256999612,35,COMPLETE
4256,30.935633493751475,21.183231084813062,2026-10-06 03:32:23.789643,2026-10-06 03:35:37.523008,0 days 00:03:13.733365,0.19189241237051688,1.8054001832365776,78.91305021174706,12.025559114678314,0.008698017554316196,2.328670127015952e-06,193.73327728593722,35,COMPLETE
4257,30.70511859465459,22.162786820890595,2026-10-06 03:32:23.793634,2026-10-06 03:35:40.487550,0 days 00:03:16.693916,0.18472274745078338,1.8054001832365776,78.91305021174706,18.49957504695779,0.008698017554316196,2.328670127015952e-06,196.69380772300065,35,COMPLETE
4258,24.24306399354615,27.17289794235471,2026-10-06 03:32:23.797631,2026-10-06 03:35:36.180562,0 days 00:03:12.382931,0.48480307501533615,2.5826334477054016,78.91305021174706,40.29115295108787,0.009569508337727876,2.328670127015952e-06,192.38285174313933,35,COMPLETE
4259,29.740516949511328,17.322001332116034,2026-10-06 03:32:23.801625,2026-10-06 03:35:38.079184,0 days 00:03:14.277559,0.13142685353368233,3.42961079489487,78.91305021174706,18.49957504695779,0.008698017554316196,1.4671267453130232e-06,194.27747874893248,35,COMPLETE
4260,,,2026-10-06 03:32:23.805634,2026-10-06 03:32:25.266736,0 days 00:00:01.461102,0.17534157142392734,24.366045392464834,78.91305021174706,18.49957504695779,0.003467951384785824,,,35,PRUNED
4261,27.06348593904479,7.941872867410462,2026-10-06 03:32:23.809630,2026-10-06 03:35:37.307389,0 days 00:03:13.497759,0.17534157142392734,4.014839763781616,78.91305021174706,7.704673657496365,0.008698017554316196,2.328670127015952e-06,193.4976776810363,35,COMPLETE
4262,26.471425039078525,5.144794732761943,2026-10-06 03:32:23.813633,2026-10-06 03:35:37.950608,0 days 00:03:14.136975,0.17534157142392734,42.646558924064415,78.91305021174706,7.704673657496365,0.009569508337727876,2.328670127015952e-06,194.13689057994634,35,COMPLETE
4263,12.446080978645151,5.709258346975233,2026-10-06 03:32:23.817638,2026-10-06 03:35:36.414976,0 days 00:03:12.597338,0.22031827582514427,49.262134137382084,78.91305021174706,53.19831855856638,0.009569508337727876,2.328670127015952e-06,192.59725640900433,35,COMPLETE
4264,26.217434534122862,24.539910529707974,2026-10-06 03:32:23.821629,2026-10-06 03:35:36.668190,0 days 00:03:12.846561,0.22031827582514427,6.28879905307643,78.91305021174706,53.19831855856638,0.009569508337727876,2.328670127015952e-06,192.84647776000202,35,COMPLETE
4265,8.689808924277374,3.0646018397929744,2026-10-06 03:32:23.840865,2026-10-06 03:35:35.798226,0 days 00:03:11.957361,0.22031827582514427,1.8054001832365776,1.1773695160287294,7.704673657496365,0.008698017554316196,2.328670127015952e-06,191.95727011514828,35,COMPLETE
4266,16.968511901169283,1.3575929669567928,2026-10-06 03:32:23.860649,2026-10-06 03:35:38.707137,0 days 00:03:14.846488,0.22031827582514427,1.8054001832365776,78.91305021174706,7.704673657496365,0.009569508337727876,1.22005485159207,194.84637693921104,35,COMPLETE
4267,31.406766466541892,13.588160672091908,2026-10-06 03:32:23.900642,2026-10-06 03:35:36.082473,0 days 00:03:12.181831,0.14472486883161542,1.8054001832365776,78.91305021174706,12.025559114678314,0.009569508337727876,2.0015592891076485e-05,192.18174435198307,35,COMPLETE
4268,32.4818158249803,4.770973582256277,2026-10-06 03:32:24.228684,2026-10-06 03:35:34.046072,0 days 00:03:09.817388,0.17534157142392734,1.8054001832365776,78.91305021174706,15.818383770025626,0.03463343903868386,2.328670127015952e-06,189.81728343991563,35,COMPLETE
4269,25.80148044244955,12.163870011889024,2026-10-06 03:32:24.294253,2026-10-06 03:35:38.022501,0 days 00:03:13.728248,0.48967816666395225,3.42961079489487,78.91305021174706,2.436961426357148,0.009569508337727876,1.4671267453130232e-06,193.72816210612655,35,COMPLETE
4270,26.425010650220962,5.810058906707387,2026-10-06 03:32:24.893112,2026-10-06 03:35:38.511355,0 days 00:03:13.618243,0.22031827582514427,30.6466580951774,78.91305021174706,7.14008749932051,0.009569508337727876,2.328670127015952e-06,193.61812553089112,35,COMPLETE
4271,26.187043629297165,2.0867736272470756,2026-10-06 03:32:25.088700,2026-10-06 03:35:38.367083,0 days 00:03:13.278383,0.05140578203807628,1.8054001832365776,29.872736170660364,6.182683349256731,0.008698017554316196,2.328670127015952e-06,193.27827527699992,35,COMPLETE
4272,17.472309474340232,23.25420288010095,2026-10-06 03:32:25.156662,2026-10-06 03:35:37.226801,0 days 00:03:12.070139,0.48967816666395225,3.42961079489487,41.30795767348158,40.29115295108787,0.009569508337727876,2.328670127015952e-06,192.0700361672789,35,COMPLETE
4273,32.57002882679722,12.577846790932865,2026-10-06 03:32:25.187374,2026-10-06 03:35:36.099237,0 days 00:03:10.911863,0.14472486883161542,1.0100598856645617,69.33707937619111,4.949274479107639,0.008698017554316196,1.4671267453130232e-06,190.91177986515686,35,COMPLETE
4274,9.355503237900724,1.1184913279577962,2026-10-06 03:32:25.198639,2026-10-06 03:35:36.352972,0 days 00:03:11.154333,0.17534157142392734,1.8054001832365776,2.3146846510217927,7.704673657496365,0.05122611134845038,0.0031971651938215487,191.15424843598157,35,COMPLETE
4275,12.387287425934213,14.517227093621969,2026-10-06 03:32:25.282658,2026-10-06 03:35:36.851943,0 days 00:03:11.569285,0.48967816666395225,3.42961079489487,10.956488329442385,35.397938808104236,0.009569508337727876,1.4671267453130232e-06,191.569167915266,35,COMPLETE
4276,30.43082778397857,22.201395914186243,2026-10-06 03:32:25.469685,2026-10-06 03:35:35.661618,0 days 00:03:10.191933,0.22031827582514427,2.5826334477054016,78.91305021174706,18.49957504695779,0.009569508337727876,2.328670127015952e-06,190.19182792957872,35,COMPLETE
4277,,,2026-10-06 03:32:25.601686,2026-10-06 03:32:26.627703,0 days 00:00:01.026017,0.17534157142392734,1.8054001832365776,78.91305021174706,12.025559114678314,0.001552737933824746,,,35,PRUNED
4278,,,2026-10-06 03:32:26.124707,2026-10-06 03:32:27.281724,0 days 00:00:01.157017,0.22031827582514427,2.5826334477054016,78.91305021174706,40.2862337213893,0.0032296555279440245,,,35,PRUNED
4279,30.970466447131127,18.428354433869643,2026-10-06 03:32:26.176675,2026-10-06 03:35:36.209969,0 days 00:03:10.033294,0.22031827582514427,1.8054001832365776,78.91305021174706,12.025559114678314,0.009569508337727876,2.328670127015952e-06,190.03320772806183,35,COMPLETE
4280,15.816004584906304,12.160313190159236,2026-10-06 03:32:26.190653,2026-10-06 03:35:35.415127,0 days 00:03:09.224474,0.22031827582514427,3.42961079489487,11.609907649772866,40.29115295108787,0.009569508337727876,2.328670127015952e-06,189.22435377305374,35,COMPLETE
4281,14.306313157685418,1.320032454713218,2026-10-06 03:32:26.675763,2026-10-06 03:35:36.052825,0 days 00:03:09.377062,0.48480307501533615,3.42961079489487,78.91305021174706,4.743040275047292,0.07637329356791002,23.101666028828227,189.37695523304865,35,COMPLETE
4282,31.71579488291813,15.215707705522485,2026-10-06 03:32:26.679643,2026-10-06 03:35:36.632255,0 days 00:03:09.952612,0.17534157142392734,1.0100598856645617,78.91305021174706,18.49957504695779,0.009569508337727876,2.328670127015952e-06,189.9525220328942,35,COMPLETE
4283,,,2026-10-06 03:32:26.721653,2026-10-06 03:32:26.896717,0 days 00:00:00.175064,0.14472486883161542,1.8054001832365776,78.91305021174706,1.7087250565801964,0.0014998508793290883,,,35,PRUNED
4284,15.755343672676787,2.04893353547887,2026-10-06 03:32:26.725631,2026-10-06 03:35:36.611503,0 days 00:03:09.885872,0.17534157142392734,3.6822413733626402,78.91305021174706,10.115678027665217,0.008698017554316196,24.335504075234464,189.8857815549709,35,COMPLETE
4285,30.951526030235396,19.2067644222366,2026-10-06 03:32:26.733634,2026-10-06 03:35:37.331905,0 days 00:03:10.598271,0.14472486883161542,1.0100598856645617,69.33707937619111,43.321950064575255,0.008698017554316196,1.4671267453130232e-06,190.59769723704085,35,COMPLETE
4286,11.000317975069713,5.004507080845029,2026-10-06 03:32:27.200691,2026-10-06 03:35:38.266621,0 days 00:03:11.065930,0.17534157142392734,3.42961079489487,5.773525905288255,53.19831855856638,0.009569508337727876,0.002452474394892248,191.06582188094035,35,COMPLETE
4287,6.701440905208213,5.027633667849345,2026-10-06 03:32:27.301835,2026-10-06 03:35:37.581171,0 days 00:03:10.279336,0.5982631421646901,1.8054001832365776,2.6901177559050904,18.49957504695779,0.003680641961290834,2.328670127015952e-06,190.27924364898354,35,COMPLETE
4288,,,2026-10-06 03:32:27.937692,2026-10-06 03:32:29.466741,0 days 00:00:01.529049,0.17534157142392734,30.122186792246968,69.33707937619111,2.4969167892868422,0.0018557836287191978,,,35,PRUNED
4289,28.176382903109406,14.811386549744471,2026-10-06 03:32:28.024675,2026-10-06 03:35:37.336247,0 days 00:03:09.311572,0.22031827582514427,1.8054001832365776,46.30321837061275,6.182683349256731,0.009569508337727876,2.328670127015952e-06,189.3114897562191,35,COMPLETE
4290,18.684122855541478,1.1777120465297115,2026-10-06 03:32:28.952689,2026-10-06 03:35:36.155794,0 days 00:03:07.203105,0.01275095642119611,10.931418754913304,78.91305021174706,4.949274479107639,0.008698017554316196,0.00017798023709007942,187.20301542803645,35,COMPLETE
4291,10.14998597720725,5.572075352516528,2026-10-06 03:32:29.442852,2026-10-06 03:35:40.757389,0 days 00:03:11.314537,0.22031827582514427,3.42961079489487,3.5636850518413836,40.2862337213893,0.009569508337727876,2.328670127015952e-06,191.31441821483895,35,COMPLETE
4292,29.615311808396815,22.428226828572104,2026-10-06 03:32:29.506659,2026-10-06 03:35:40.083121,0 days 00:03:10.576462,0.18472274745078338,3.42961079489487,78.91305021174706,18.49957504695779,0.008698017554316196,2.328670127015952e-06,190.57635578513145,35,COMPLETE
4293,28.791246512367366,25.30215418065497,2026-10-06 03:32:54.888690,2026-10-06 03:36:11.082839,0 days 00:03:16.194149,0.2918907020150273,4.014839763781616,78.91305021174706,18.49957504695779,0.009569508337727876,2.328670127015952e-06,196.19401605706662,35,COMPLETE
4294,24.625258327083422,1.255240329033144,2026-10-06 03:33:01.790853,2026-10-06 03:36:14.083346,0 days 00:03:12.292493,0.17534157142392734,15.818125215857771,78.91305021174706,16.983391858328734,0.03803995471003673,2.328670127015952e-06,192.2923819939606,35,COMPLETE
4295,19.20798539583894,3.071962666957486,2026-10-06 03:34:10.013693,2026-10-06 03:37:21.847250,0 days 00:03:11.833557,0.17534157142392734,3.42961079489487,78.91305021174706,7.704673657496365,0.013493041284767799,0.7347630393814072,191.8334424267523,36,COMPLETE
4296,23.97860032260018,5.795955769847303,2026-10-06 03:34:21.576670,2026-10-06 03:37:28.619332,0 days 00:03:07.042662,0.17534157142392734,22.356236931876666,78.91305021174706,12.025559114678314,0.008698017554316196,2.328670127015952e-06,187.0425414647907,36,COMPLETE
4297,24.380577307177955,26.413312607031266,2026-10-06 03:35:29.435694,2026-10-06 03:38:42.724461,0 days 00:03:13.288767,0.48480307501533615,2.5826334477054016,78.91305021174706,35.397938808104236,0.009569508337727876,2.328670127015952e-06,193.2886430239305,36,COMPLETE
4298,11.976493364114791,4.482862571842957,2026-10-06 03:35:30.593695,2026-10-06 03:38:43.813595,0 days 00:03:13.219900,0.22031827582514427,2.5826334477054016,3.289021525201154,7.704673657496365,0.009569508337727876,2.328670127015952e-06,193.21977851120755,36,COMPLETE
4299,17.093917067553367,4.272654144981567,2026-10-06 03:35:31.140884,2026-10-06 03:38:45.922830,0 days 00:03:14.781946,0.48967816666395225,26.604587001665415,78.91305021174706,18.49957504695779,0.009569508337727876,1.2446212784745538e-06,194.78184826904908,36,COMPLETE
4300,29.860679957450834,16.398046323326408,2026-10-06 03:35:31.451831,2026-10-06 03:38:43.888380,0 days 00:03:12.436549,0.12431755781292131,3.42961079489487,78.91305021174706,35.397938808104236,0.009569508337727876,2.328670127015952e-06,192.4364453800954,36,COMPLETE
4301,21.68950758994878,10.541162495775579,2026-10-06 03:35:31.924944,2026-10-06 03:38:42.389528,0 days 00:03:10.464584,0.3010654251924027,47.95349187320403,78.91305021174706,12.025559114678314,0.009569508337727876,2.328670127015952e-06,190.46447344496846,36,COMPLETE
4302,30.56154678471525,6.153358140325907,2026-10-06 03:35:32.487583,2026-10-06 03:38:46.696835,0 days 00:03:14.209252,0.19189241237051688,1.8054001832365776,78.91305021174706,7.704673657496365,0.022467627697863916,9.265091577380058e-05,194.2091525788419,36,COMPLETE
4303,15.38066047240899,4.397863099099431,2026-10-06 03:35:32.491548,2026-10-06 03:38:45.012794,0 days 00:03:12.521246,0.22031827582514427,28.733532160645844,78.91305021174706,40.29115295108787,0.009569508337727876,2.328670127015952e-06,192.5211367160082,36,COMPLETE
4304,30.917528183075348,20.097045340574176,2026-10-06 03:35:33.243847,2026-10-06 03:38:48.454072,0 days 00:03:15.210225,0.1984997253159987,1.8054001832365776,78.91305021174706,18.49957504695779,0.009569508337727876,2.328670127015952e-06,195.21012190775946,36,COMPLETE
4305,28.20684593031922,3.1237823465471855,2026-10-06 03:35:33.645963,2026-10-06 03:38:45.715201,0 days 00:03:12.069238,0.17534157142392734,15.296151184572318,78.91305021174706,6.045639851015005,0.009569508337727876,2.328670127015952e-06,192.06914047617465,36,COMPLETE
4306,30.54792404441259,20.938800930216345,2026-10-06 03:35:33.653648,2026-10-06 03:38:43.614149,0 days 00:03:09.960501,0.17534157142392734,1.8054001832365776,78.91305021174706,38.52680789958333,0.009569508337727876,2.328670127015952e-06,189.9603765103966,36,COMPLETE
4307,30.134760529465943,12.0369109667104,2026-10-06 03:35:33.941257,2026-10-06 03:38:47.418689,0 days 00:03:13.477432,0.22031827582514427,3.42961079489487,78.91305021174706,4.460125078338509,0.009569508337727876,2.328670127015952e-06,193.47732479218394,36,COMPLETE
4308,24.84187584547214,5.485566614369263,2026-10-06 03:35:34.212662,2026-10-06 03:38:47.143801,0 days 00:03:12.931139,0.20723765274983663,26.496405395843432,78.91305021174706,11.048184137412637,0.009569508337727876,2.0002734875033766e-05,192.93103158194572,36,COMPLETE
4309,30.299851418032823,19.493247484567068,2026-10-06 03:35:34.397687,2026-10-06 03:38:45.676141,0 days 00:03:11.278454,0.19189241237051688,3.42961079489487,78.91305021174706,12.025559114678314,0.009569508337727876,2.328670127015952e-06,191.2783482708037,36,COMPLETE
4310,23.609092125035243,30.717570668870582,2026-10-06 03:35:34.491662,2026-10-06 03:38:47.079507,0 days 00:03:12.587845,0.48480307501533615,3.42961079489487,78.91305021174706,46.431764750098004,0.009569508337727876,2.328670127015952e-06,192.58772550383583,36,COMPLETE
4311,23.30903851078997,31.547359901446438,2026-10-06 03:35:34.864848,2026-10-06 03:38:48.323028,0 days 00:03:13.458180,0.48967816666395225,3.42961079489487,78.91305021174706,53.19831855856638,0.009569508337727876,2.328670127015952e-06,193.45806883089244,36,COMPLETE
