number,values_0,values_1,datetime_start,datetime_complete,duration,params_c_val,params_input_force,params_k_between_val,params_k_wall_val,params_m_val,params_ridge_alpha,user_attrs_duration_sec,system_attrs_NSGAIISampler:generation,state
6545,33.085456367001754,2.980766006496294,2026-10-06 05:18:23.892655,2026-10-06 05:21:35.357509,0 days 00:03:11.464854,0.14472486883161542,1.0100598856645617,78.91305021174706,7.704673657496365,0.03463343903868386,1.2446212784745538e-06,191.46475610788912,54,COMPLETE
6546,31.448251467620214,12.523956633159916,2026-10-06 05:18:23.896637,2026-10-06 05:21:37.237169,0 days 00:03:13.340532,0.2264547541423953,1.8054001832365776,78.91305021174706,2.5026433273771023,0.009569508337727876,1.4671267453130232e-06,193.3404278839007,54,COMPLETE
6547,27.225952473368363,9.570104630298973,2026-10-06 05:18:23.900630,2026-10-06 05:21:36.419057,0 days 00:03:12.518427,0.14472486883161542,3.42961079489487,78.91305021174706,7.704673657496365,0.009569508337727876,1.0746247031029727e-06,192.51833264203742,54,COMPLETE
6548,25.6971318100144,2.8439659522432184,2026-10-06 05:18:23.904627,2026-10-06 05:21:41.468321,0 days 00:03:17.563694,0.14472486883161542,18.409523118075825,78.91305021174706,12.025559114678314,0.009569508337727876,1.0746247031029727e-06,197.56356790056452,54,COMPLETE
6549,31.892091524055406,14.500107603919062,2026-10-06 05:18:23.908625,2026-10-06 05:21:37.636533,0 days 00:03:13.727908,0.17534157142392734,1.0100598856645617,69.16329565667773,8.858210845255327,0.008698017554316196,1.4671267453130232e-06,193.7277968856506,54,COMPLETE
6550,30.71313957986566,21.778560727000105,2026-10-06 05:18:24.708888,2026-10-06 05:21:38.535054,0 days 00:03:13.826166,0.14472486883161542,1.0100598856645617,53.875249642641194,18.49957504695779,0.006380917582019307,1.4671267453130232e-06,193.82604227634147,54,COMPLETE
6551,9.22331235789524,8.683138573673244,2026-10-06 05:18:24.712637,2026-10-06 05:21:37.046272,0 days 00:03:12.333635,0.48967816666395225,1.8054001832365776,6.156375162905307,53.19831855856638,0.008698017554316196,1.54960617812222e-06,192.33352142199874,54,COMPLETE
6552,29.13936900810531,1.2503132011087663,2026-10-06 05:18:24.716627,2026-10-06 05:21:35.460908,0 days 00:03:10.744281,0.1269892283627391,2.5826334477054016,69.16329565667773,1.0060059062020885,0.04882879842643217,1.4671267453130232e-06,190.74419407825917,54,COMPLETE
6553,14.594899255814994,1.1741834705216685,2026-10-06 05:18:24.720623,2026-10-06 05:21:40.733248,0 days 00:03:16.012625,0.01247810629176215,1.0100598856645617,78.91305021174706,7.704673657496365,0.025833308184684697,1.2446212784745538e-06,196.01250929012895,54,COMPLETE
6554,7.414122125863192,5.319691360635469,2026-10-06 05:18:24.724627,2026-10-06 05:21:35.353534,0 days 00:03:10.628907,0.3401090828369047,3.42961079489487,1.6113974886641276,26.938881789421167,0.009569508337727876,1.2446212784745538e-06,190.6287978948094,54,COMPLETE
6555,30.39304191016957,2.0801976956052304,2026-10-06 05:18:24.728620,2026-10-06 05:21:37.250493,0 days 00:03:12.521873,0.18472274745078338,1.8054001832365776,78.91305021174706,12.025559114678314,0.06415812365120335,1.4671267453130232e-06,192.5217925538309,54,COMPLETE
6556,31.761343540041935,15.699630313354808,2026-10-06 05:18:24.732626,2026-10-06 05:21:36.387380,0 days 00:03:11.654754,0.14472486883161542,1.8054001832365776,78.91305021174706,7.704673657496365,0.009569508337727876,1.4671267453130232e-06,191.65465553011745,54,COMPLETE
6557,30.48382509800898,23.862880714158692,2026-10-06 05:18:24.790821,2026-10-06 05:21:35.238147,0 days 00:03:10.447326,0.22031827582514427,1.8054001832365776,78.91305021174706,18.49957504695779,0.008749428234122046,1.4671267453130232e-06,190.4472002419643,54,COMPLETE
6558,15.121798163521277,7.162296040823343,2026-10-06 05:18:24.960791,2026-10-06 05:21:40.005561,0 days 00:03:15.044770,0.18895959097737963,1.8054001832365776,15.086823082831515,16.966954115393197,0.009569508337727876,0.051971770138243854,195.04464076878503,54,COMPLETE
6559,27.08562695362513,3.8285767344957993,2026-10-06 05:18:25.018680,2026-10-06 05:21:33.994660,0 days 00:03:08.975980,0.2918907020150273,36.33889125093875,69.50852798755413,2.3473365587192863,0.008698017554316196,1.4671267453130232e-06,188.97587495297194,54,COMPLETE
6560,8.182423309506254,8.015394427306283,2026-10-06 05:18:25.074136,2026-10-06 05:21:34.045152,0 days 00:03:08.971016,0.48967816666395225,15.384812613883089,78.91305021174706,53.19831855856638,0.009569508337727876,1.4671267453130232e-06,188.97091604024172,54,COMPLETE
6561,16.94835730337267,1.2380819986926916,2026-10-06 05:18:25.233698,2026-10-06 05:21:36.083388,0 days 00:03:10.849690,0.19189241237051688,1.0100598856645617,78.91305021174706,7.704673657496365,0.009569508337727876,0.8887194082166503,190.8495532651432,54,COMPLETE
6562,10.217490746895571,3.344986725618707,2026-10-06 05:18:25.328691,2026-10-06 05:21:34.051503,0 days 00:03:08.722812,0.17534157142392734,6.841871313812332,78.91305021174706,27.52571684086409,0.008698017554316196,86.0924214149807,188.72271609073505,54,COMPLETE
6563,,,2026-10-06 05:18:25.596694,2026-10-06 05:18:25.912791,0 days 00:00:00.316097,0.419007027175139,1.8054001832365776,78.91305021174706,16.966954115393197,0.001376938599454274,,,54,PRUNED
6564,13.769343310806452,2.183285048711595,2026-10-06 05:18:25.623908,2026-10-06 05:21:41.883176,0 days 00:03:16.259268,0.1626834997463339,22.30277049561184,78.91305021174706,53.19831855856638,0.009569508337727876,9.909654579722351e-05,196.25911861332133,54,COMPLETE
6565,30.83388647663537,21.597728136127568,2026-10-06 05:18:25.753675,2026-10-06 05:21:33.949206,0 days 00:03:08.195531,0.20932884029324156,1.8054001832365776,78.91305021174706,12.025559114678314,0.008698017554316196,2.328670127015952e-06,188.19542053807527,54,COMPLETE
6566,32.35027318958379,13.8032431904302,2026-10-06 05:18:26.308904,2026-10-06 05:21:37.913517,0 days 00:03:11.604613,0.14472486883161542,1.0100598856645617,78.91305021174706,12.025559114678314,0.009569508337727876,1.4671267453130232e-06,191.6045082961209,54,COMPLETE
6567,30.885334853299128,2.720982590050639,2026-10-06 05:18:26.312631,2026-10-06 05:21:38.333524,0 days 00:03:12.020893,0.2918907020150273,1.3287902507715015,80.97346391189345,18.49957504695779,0.07402887905542527,1.4671267453130232e-06,192.0207768213004,54,COMPLETE
6568,30.349670951991357,12.035187117490798,2026-10-06 05:18:26.333656,2026-10-06 05:21:34.137274,0 days 00:03:07.803618,0.12186470831252749,1.0100598856645617,37.63090095504937,7.704673657496365,0.009569508337727876,1.4671267453130232e-06,187.80353022087365,54,COMPLETE
6569,22.722572270974684,2.2506093107294323,2026-10-06 05:18:26.378884,2026-10-06 05:21:38.250102,0 days 00:03:11.871218,0.14472486883161542,1.0100598856645617,12.653139790168154,23.56166832302619,0.03463343903868386,1.4671267453130232e-06,191.8710906491615,54,COMPLETE
6570,32.5211941891025,12.039218034955248,2026-10-06 05:18:26.426669,2026-10-06 05:21:34.387847,0 days 00:03:07.961178,0.09463773086870245,1.0100598856645617,78.91305021174706,17.444176692293013,0.009569508337727876,1.2446212784745538e-06,187.96107419021428,54,COMPLETE
6571,31.187711414564625,20.006862484933873,2026-10-06 05:18:26.853686,2026-10-06 05:21:39.043218,0 days 00:03:12.189532,0.17534157142392734,1.8054001832365776,78.91305021174706,8.858210845255327,0.008698017554316196,1.54960617812222e-06,192.18941374402493,54,COMPLETE
6572,29.2296952673607,10.729257917410633,2026-10-06 05:18:26.905663,2026-10-06 05:21:38.657256,0 days 00:03:11.751593,0.3401090828369047,3.42961079489487,80.97346391189345,45.605935248059524,0.03463343903868386,1.2446212784745538e-06,191.75149777904153,54,COMPLETE
6573,20.563630394886186,11.121260882382533,2026-10-06 05:18:26.965852,2026-10-06 05:21:36.550613,0 days 00:03:09.584761,0.5523572775708683,1.0100598856645617,78.91305021174706,7.704673657496365,0.009569508337727876,4.757221892421335e-06,189.58466381579638,54,COMPLETE
6574,,,2026-10-06 05:18:26.969645,2026-10-06 05:18:27.478714,0 days 00:00:00.509069,0.018696106487100815,25.534593148290885,78.91305021174706,53.19831855856638,0.009569508337727876,,,54,PRUNED
6575,11.257472838387867,3.726629488556744,2026-10-06 05:18:26.973631,2026-10-06 05:21:36.723776,0 days 00:03:09.750145,0.17534157142392734,1.0100598856645617,1.5556584106380626,7.704673657496365,0.008698017554316196,1.4671267453130232e-06,189.7500448212959,54,COMPLETE
6576,30.750237126456305,21.608701079063692,2026-10-06 05:18:26.977628,2026-10-06 05:21:36.505798,0 days 00:03:09.528170,0.17534157142392734,1.8054001832365776,78.91305021174706,18.49957504695779,0.008698017554316196,2.328670127015952e-06,189.5280743772164,54,COMPLETE
6577,31.797278028885337,17.23442484121371,2026-10-06 05:18:26.980633,2026-10-06 05:21:34.099040,0 days 00:03:07.118407,0.17534157142392734,1.0100598856645617,78.91305021174706,12.025559114678314,0.008698017554316196,1.4671267453130232e-06,187.1183203998953,54,COMPLETE
6578,0.09321204346331602,1.1751365115342796,2026-10-06 05:18:26.984629,2026-10-06 05:21:36.560311,0 days 00:03:09.575682,0.4231135198930252,1.0100598856645617,78.91305021174706,12.025559114678314,0.008698017554316196,1.4671267453130232e-06,189.57559676188976,54,COMPLETE
6579,15.69274137930214,3.5243555104083453,2026-10-06 05:18:26.988634,2026-10-06 05:21:40.129809,0 days 00:03:13.141175,0.12186470831252749,1.0100598856645617,2.5057574358270496,7.704673657496365,0.009569508337727876,2.108934163128921e-06,193.14107175031677,54,COMPLETE
6580,27.521951653882745,15.708167130279707,2026-10-06 05:18:26.992627,2026-10-06 05:21:37.204517,0 days 00:03:10.211890,0.22031827582514427,1.0100598856645617,47.13284844113834,18.49957504695779,0.008698017554316196,2.328670127015952e-06,190.21179228182882,54,COMPLETE
6581,10.112398185821917,13.294440100815367,2026-10-06 05:18:27.528687,2026-10-06 05:21:41.396353,0 days 00:03:13.867666,0.48967816666395225,6.28879905307643,8.564211807048455,53.19831855856638,0.009569508337727876,1.0746247031029727e-06,193.86753969779238,55,COMPLETE
6582,31.477020255340864,17.022841373918787,2026-10-06 05:18:27.736690,2026-10-06 05:21:41.698138,0 days 00:03:13.961448,0.22031827582514427,1.8054001832365776,78.91305021174706,5.0671175778422475,0.008698017554316196,2.328670127015952e-06,193.96132423495874,55,COMPLETE
6583,29.030792157167912,19.466983634213307,2026-10-06 05:18:27.894688,2026-10-06 05:21:39.786763,0 days 00:03:11.892075,0.14472486883161542,3.42961079489487,78.91305021174706,75.34172678278544,0.009569508337727876,1.2446212784745538e-06,191.89194491133094,55,COMPLETE
6584,29.788014717196177,2.6516378316036966,2026-10-06 05:18:27.928835,2026-10-06 05:21:36.354918,0 days 00:03:08.426083,0.14472486883161542,1.0100598856645617,78.91305021174706,46.431764750098004,0.03463343903868386,0.002829582258234419,188.42596548097208,55,COMPLETE
6585,30.898816989144443,16.879676780617814,2026-10-06 05:18:27.934949,2026-10-06 05:21:38.644672,0 days 00:03:10.709723,0.11816812965117938,1.0100598856645617,78.91305021174706,68.15179325986827,0.009569508337727876,1.2446212784745538e-06,190.70962486369535,55,COMPLETE
6586,29.51598509091631,7.763994714373131,2026-10-06 05:18:28.526698,2026-10-06 05:21:41.342618,0 days 00:03:12.815920,0.06441798531902292,1.0100598856645617,19.4988394426158,18.49957504695779,0.009569508337727876,1.4671267453130232e-06,192.81579181505367,55,COMPLETE
6587,16.64439226932171,3.2743979488731862,2026-10-06 05:18:28.727675,2026-10-06 05:21:42.530144,0 days 00:03:13.802469,0.9650269441801211,3.42961079489487,78.91305021174706,46.431764750098004,0.009569508337727876,1.4671267453130232e-06,193.80234098713845,55,COMPLETE
6588,32.74243151980011,8.306138886228196,2026-10-06 05:18:29.508854,2026-10-06 05:21:37.247244,0 days 00:03:07.738390,0.06441798531902292,1.0100598856645617,78.91305021174706,18.49957504695779,0.009569508337727876,2.328670127015952e-06,187.7382893189788,55,COMPLETE
6589,20.785302306994875,18.078844537225283,2026-10-06 05:18:31.652687,2026-10-06 05:21:40.049034,0 days 00:03:08.396347,0.35349415915446786,4.95477336878759,80.97346391189345,53.19831855856638,0.009569508337727876,0.006130427313454555,188.39624004578218,55,COMPLETE
6590,29.228981372881755,19.870204794816875,2026-10-06 05:18:46.792682,2026-10-06 05:21:57.447456,0 days 00:03:10.654774,0.3401090828369047,1.0100598856645617,80.97346391189345,45.605935248059524,0.009569508337727876,1.4671267453130232e-06,190.65463715279475,55,COMPLETE
6591,26.188983538641367,1.29227676834542,2026-10-06 05:18:55.972860,2026-10-06 05:22:11.856646,0 days 00:03:15.883786,0.18895959097737963,24.765927854921877,78.91305021174706,12.025559114678314,0.04102588561920871,2.328670127015952e-06,195.88364927377552,55,COMPLETE
6592,,,2026-10-06 05:19:06.100680,2026-10-06 05:19:06.992744,0 days 00:00:00.892064,0.17534157142392734,1.0100598856645617,78.91305021174706,12.025559114678314,0.002208902123773263,,,55,PRUNED
6593,28.631251688703724,23.41298190256778,2026-10-06 05:19:07.099686,2026-10-06 05:22:16.988497,0 days 00:03:09.888811,0.3401090828369047,4.014839763781616,78.91305021174706,10.475552352142781,0.009569508337727876,1.4671267453130232e-06,189.88867533905432,55,COMPLETE
6594,31.513386800382193,18.457858106230912,2026-10-06 05:19:37.262693,2026-10-06 05:22:50.630563,0 days 00:03:13.367870,0.14472486883161542,1.0100598856645617,78.91305021174706,21.63910276826749,0.008698017554316196,1.4671267453130232e-06,193.36774280667305,55,COMPLETE
6595,31.694153899301227,18.079657715461774,2026-10-06 05:19:38.288797,2026-10-06 05:22:50.944736,0 days 00:03:12.655939,0.14472486883161542,1.0100598856645617,78.91305021174706,17.444176692293013,0.008698017554316196,1.2446212784745538e-06,192.65580076538026,55,COMPLETE
6596,,,2026-10-06 05:19:44.693858,2026-10-06 05:19:45.500752,0 days 00:00:00.806894,0.22031827582514427,39.31584213330934,78.91305021174706,18.49957504695779,0.006510616089525892,,,55,PRUNED
6597,32.730561456815295,10.228367687304644,2026-10-06 05:19:46.020699,2026-10-06 05:22:51.216903,0 days 00:03:05.196204,0.14472486883161542,1.0100598856645617,78.91305021174706,2.5931783094816834,0.009569508337727876,1.4671267453130232e-06,185.19607837032527,55,COMPLETE
6598,30.339763943573807,23.26429094779337,2026-10-06 05:20:19.897680,2026-10-06 05:23:32.059668,0 days 00:03:12.161988,0.22933224379528167,1.8054001832365776,78.91305021174706,35.397938808104236,0.009569508337727876,1.4671267453130232e-06,192.16186024434865,55,COMPLETE
6599,31.052995078562894,19.685013716983388,2026-10-06 05:21:28.903896,2026-10-06 05:24:42.590897,0 days 00:03:13.687001,0.22031827582514427,1.0100598856645617,78.91305021174706,18.49957504695779,0.008698017554316196,1.4671267453130232e-06,193.68686199281365,55,COMPLETE
6600,31.190003709825852,15.364575096967378,2026-10-06 05:21:31.552707,2026-10-06 05:24:47.791217,0 days 00:03:16.238510,0.11165630574164914,1.6760735138611769,80.97346391189345,15.382666136782571,0.008698017554316196,2.328670127015952e-06,196.23840000107884,55,COMPLETE
6601,31.0001343862506,20.892972494832485,2026-10-06 05:21:32.709680,2026-10-06 05:24:44.093553,0 days 00:03:11.383873,0.17534157142392734,1.8054001832365776,78.91305021174706,12.025559114678314,0.008698017554316196,1.4671267453130232e-06,191.3837627740577,55,COMPLETE
6602,0.4515034966080466,1.1681292821892966,2026-10-06 05:21:32.728656,2026-10-06 05:24:48.395593,0 days 00:03:15.666937,0.020918582068512527,22.734266207783765,78.91305021174706,12.025559114678314,0.009569508337727876,1.2446212784745538e-06,195.6667233798653,55,COMPLETE
6603,32.23388214953377,7.757867049852657,2026-10-06 05:21:33.125848,2026-10-06 05:24:43.908579,0 days 00:03:10.782731,0.06441798531902292,1.0100598856645617,78.91305021174706,8.858210845255327,0.008698017554316196,2.328670127015952e-06,190.78258896013722,55,COMPLETE
6604,33.127724078857774,3.3568592968501996,2026-10-06 05:21:33.934708,2026-10-06 05:24:47.121553,0 days 00:03:13.186845,0.14472486883161542,1.0100598856645617,78.91305021174706,11.286119700737487,0.03463343903868386,1.4671267453130232e-06,193.1867041341029,55,COMPLETE
6605,31.797278028885337,17.23442484121371,2026-10-06 05:21:34.059653,2026-10-06 05:24:45.716261,0 days 00:03:11.656608,0.17534157142392734,1.0100598856645617,78.91305021174706,12.025559114678314,0.008698017554316196,1.4671267453130232e-06,191.65647500613704,55,COMPLETE
6606,11.391494623455975,10.813545137591207,2026-10-06 05:21:34.122657,2026-10-06 05:24:52.428796,0 days 00:03:18.306139,0.35349415915446786,1.8054001832365776,7.3629772467132675,53.19831855856638,0.008698017554316196,1.4671267453130232e-06,198.30601828591898,55,COMPLETE
6607,24.874175664919328,16.025688491129287,2026-10-06 05:21:34.305683,2026-10-06 05:24:49.186298,0 days 00:03:14.880615,0.14472486883161542,1.8054001832365776,20.016449248107495,11.286119700737487,0.008698017554316196,1.4671267453130232e-06,194.88048470113426,55,COMPLETE
6608,31.69760407597127,18.061266578133495,2026-10-06 05:21:34.358661,2026-10-06 05:24:45.319585,0 days 00:03:10.960924,0.14472486883161542,1.0100598856645617,80.97346391189345,18.49957504695779,0.008698017554316196,1.4671267453130232e-06,190.9607915589586,55,COMPLETE
6609,24.130424426798076,4.03204945294568,2026-10-06 05:21:34.388659,2026-10-06 05:24:47.203667,0 days 00:03:12.815008,0.14472486883161542,26.10255314252697,52.89600722889807,7.704673657496365,0.008698017554316196,1.4671267453130232e-06,192.81488355714828,55,COMPLETE
6610,0.09609192892316772,1.1773614121990088,2026-10-06 05:21:34.501665,2026-10-06 05:24:47.227692,0 days 00:03:12.726027,0.2918907020150273,1.8054001832365776,80.97346391189345,18.49957504695779,0.008698017554316196,0.008263427402718933,192.7259244271554,55,COMPLETE
6611,7.315519862508699,1.8980867701781081,2026-10-06 05:21:34.505815,2026-10-06 05:24:50.034842,0 days 00:03:15.529027,0.48967816666395225,43.799680349272805,6.443455115393139,8.858210845255327,0.009569508337727876,4.507049925252268e-05,195.5289379679598,55,COMPLETE
6612,17.10814931996396,13.095481849388015,2026-10-06 05:21:34.509630,2026-10-06 05:24:45.243768,0 days 00:03:10.734138,0.35349415915446786,2.5826334477054016,78.91305021174706,53.19831855856638,0.009569508337727876,0.04151505999946941,190.73401029175147,55,COMPLETE
6613,30.5249131692074,23.098241552317965,2026-10-06 05:21:34.513627,2026-10-06 05:24:47.220649,0 days 00:03:12.707022,0.19189241237051688,1.8054001832365776,78.91305021174706,21.63910276826749,0.008698017554316196,1.54960617812222e-06,192.70691126724705,55,COMPLETE
6614,15.557701703258227,1.3854495925217019,2026-10-06 05:21:34.517647,2026-10-06 05:24:48.252536,0 days 00:03:13.734889,0.12344200587102902,6.28879905307643,33.19410401320954,18.49957504695779,0.008698017554316196,2.328670127015952e-06,193.73478482384235,55,COMPLETE
6615,11.91511892178713,8.941871499699541,2026-10-06 05:21:35.425966,2026-10-06 05:24:48.972771,0 days 00:03:13.546805,0.35349415915446786,47.05380850714896,78.91305021174706,53.19831855856638,0.009569508337727876,1.4671267453130232e-06,193.5466981548816,55,COMPLETE
6616,11.037173960124633,8.959384212668215,2026-10-06 05:21:35.446846,2026-10-06 05:24:49.930312,0 days 00:03:14.483466,0.48967816666395225,47.542633122102536,78.91305021174706,53.19831855856638,0.009569508337727876,0.0024079557612238568,194.48334575025365,55,COMPLETE
6617,26.329728484908816,5.046713784214889,2026-10-06 05:21:35.484777,2026-10-06 05:24:47.509397,0 days 00:03:12.024620,0.19189241237051688,43.78337412123945,78.91305021174706,7.704673657496365,0.010066673683367812,2.328670127015952e-06,192.024481785018,55,COMPLETE
6618,22.294163550987314,2.7161479013216017,2026-10-06 05:21:35.552655,2026-10-06 05:24:49.318555,0 days 00:03:13.765900,0.18895959097737963,17.790062837376173,80.97346391189345,18.49957504695779,0.009569508337727876,1.4671267453130232e-06,193.76578572625294,55,COMPLETE
6619,,,2026-10-06 05:21:36.391676,2026-10-06 05:21:38.574766,0 days 00:00:02.183090,0.35349415915446786,2.5826334477054016,78.91305021174706,53.19831855856638,0.008592035680058679,,,55,PRUNED
6620,31.246336621811686,5.836548592402923,2026-10-06 05:21:36.603837,2026-10-06 05:24:47.226870,0 days 00:03:10.623033,0.06009589670334494,1.8054001832365776,78.91305021174706,16.966954115393197,0.012253000948854823,2.328670127015952e-06,190.62292760517448,55,COMPLETE
6621,30.211479982877258,13.933545704345807,2026-10-06 05:21:36.611646,2026-10-06 05:24:48.241520,0 days 00:03:11.629874,0.18472274745078338,1.7579808268128694,78.91305021174706,19.811666693291553,0.008698017554316196,0.0008424975723385511,191.62976743467152,55,COMPLETE
6622,28.825098977387228,17.020197204105163,2026-10-06 05:21:36.615624,2026-10-06 05:24:50.021329,0 days 00:03:13.405705,0.14472486883161542,1.0100598856645617,40.874467519179554,28.19814018831896,0.008698017554316196,1.4671267453130232e-06,193.4056153614074,55,COMPLETE
6623,29.50640097222014,18.39205695475542,2026-10-06 05:21:36.619632,2026-10-06 05:24:49.951386,0 days 00:03:13.331754,0.1360530205484682,3.42961079489487,80.97346391189345,53.19831855856638,0.009569508337727876,1.4671267453130232e-06,193.33164296112955,55,COMPLETE
6624,28.521542162422854,2.4964215080394725,2026-10-06 05:21:36.650646,2026-10-06 05:24:49.608574,0 days 00:03:12.957928,0.17534157142392734,4.95477336878759,78.91305021174706,6.400257287814693,0.009569508337727876,2.328670127015952e-06,192.95778637891635,55,COMPLETE
6625,30.737844650983174,2.399033102491626,2026-10-06 05:21:37.109710,2026-10-06 05:24:48.839265,0 days 00:03:11.729555,0.35349415915446786,3.42961079489487,78.91305021174706,2.934655703874247,0.06222648197411652,1.4671267453130232e-06,191.72942085424438,55,COMPLETE
6626,27.51852619007234,24.416995762259983,2026-10-06 05:21:37.266672,2026-10-06 05:24:54.288650,0 days 00:03:17.021978,0.35349415915446786,4.95477336878759,78.91305021174706,12.025559114678314,0.009569508337727876,2.328670127015952e-06,197.02185662882403,55,COMPLETE
