number,values_0,values_1,datetime_start,datetime_complete,duration,params_c_val,params_input_force,params_k_between_val,params_k_wall_val,params_m_val,params_ridge_alpha,user_attrs_duration_sec,system_attrs_NSGAIISampler:generation,state
336,30.308609147371545,1.7517447907546275,2026-10-06 00:29:04.953681,2026-10-06 00:32:16.255616,0 days 00:03:11.301935,0.1912088840068961,1.8107938605585203,83.63462158426863,10.236833088168279,0.06824977174552374,9.606000786549846e-06,191.301848041825,2,COMPLETE
337,,,2026-10-06 00:29:05.224687,2026-10-06 00:29:06.465713,0 days 00:00:01.241026,0.1912088840068961,28.187543863529367,83.63462158426863,1.7658496078448727,0.0015767011041207138,,,2,PRUNED
338,2.406336095056786,1.2799801823477752,2026-10-06 00:29:05.350087,2026-10-06 00:32:18.453820,0 days 00:03:13.103733,0.1912088840068961,32.133571428288036,31.25109846959102,1.7658496078448727,0.0034530562582957805,3.291982844706311,193.10365994879976,2,COMPLETE
339,21.105619331677573,1.449827979259739,2026-10-06 00:29:05.353664,2026-10-06 00:32:20.547849,0 days 00:03:15.194185,0.14472486883161542,22.058471956432985,32.233952817229785,1.3952232429901594,0.013593181580386379,7.502092623438249,195.19409539503977,2,COMPLETE
340,3.3038228938095395,2.168815519887782,2026-10-06 00:29:05.438116,2026-10-06 00:32:19.169919,0 days 00:03:13.731803,0.4571847416983729,18.9307098550292,1.1092055093231412,22.43969985918882,0.0013674293535711243,4.496789805494079e-05,193.7317233788781,2,COMPLETE
341,,,2026-10-06 00:29:05.441667,2026-10-06 00:29:06.295721,0 days 00:00:00.854054,0.1787340106201177,48.21469805334717,92.64081871882584,1.0833672540763994,0.002305930483664806,,,2,PRUNED
342,19.505732609521587,1.3216540478927943,2026-10-06 00:29:05.446120,2026-10-06 00:32:15.807016,0 days 00:03:10.360896,0.30595737338279,42.2707199463251,37.451348362540784,10.36246557689139,0.05928153267461189,0.00026285855894701214,190.36081991763785,2,COMPLETE
343,4.145316818582293,2.044308582001987,2026-10-06 00:29:05.473666,2026-10-06 00:32:15.540360,0 days 00:03:10.066694,0.032862526104835955,30.426953399183287,3.0367302368487663,2.0489784059322336,0.0015767011041207138,0.004038586316950702,190.06661424413323,2,COMPLETE
344,3.733850256447532,1.7868850208763365,2026-10-06 00:29:05.609700,2026-10-06 00:32:23.217981,0 days 00:03:17.608281,0.1713359383921567,23.170431497793686,3.2005488053267315,25.143428634577997,0.0036480215798860415,0.0002119529307262873,197.60817797621712,2,COMPLETE
345,17.755890793932558,1.6917104978941226,2026-10-06 00:29:05.701517,2026-10-06 00:32:15.060751,0 days 00:03:09.359234,0.1912088840068961,32.133571428288036,15.112971062540984,3.528688709174988,0.018324378019643817,0.007690928916612578,189.35915352916345,2,COMPLETE
346,28.495297781876538,1.2108326251255155,2026-10-06 00:29:05.712673,2026-10-06 00:32:20.049303,0 days 00:03:14.336630,0.10888801914801638,5.577590379005294,71.66960605881584,5.234236490545744,0.025630347767245543,0.0002119529307262873,194.33654704410583,2,COMPLETE
347,7.0369870092529805,1.2790939728654775,2026-10-06 00:29:05.825690,2026-10-06 00:32:19.415218,0 days 00:03:13.589528,0.03018639519465661,30.98768509810906,41.11890823432281,7.746949202276626,0.07076333271800841,0.00017369477012052622,193.58944259164855,2,COMPLETE
348,5.472161743314322,1.749532099522946,2026-10-06 00:29:05.856681,2026-10-06 00:32:15.877505,0 days 00:03:10.020824,0.6884638935565228,48.21469805334717,7.503878447618833,7.768783341952489,0.001940176135431853,9.416696432043285,190.02073654485866,2,COMPLETE
349,7.671284272821128,1.2108951264874783,2026-10-06 00:29:06.079687,2026-10-06 00:32:13.609498,0 days 00:03:07.529811,0.03168238647181233,11.914101316739547,14.226324865882765,5.534390982625277,0.06905614673146593,60.28758797529368,187.52971569774672,2,COMPLETE
350,23.653769417260673,1.407453786605919,2026-10-06 00:29:06.146697,2026-10-06 00:32:19.196899,0 days 00:03:13.050202,0.6040198049165227,42.2707199463251,85.7034102631403,7.746949202276626,0.05928153267461189,0.007071687837284176,193.05012463824823,2,COMPLETE
351,22.01319466152759,2.506037160538195,2026-10-06 00:29:06.239680,2026-10-06 00:32:17.270642,0 days 00:03:11.030962,0.6040198049165227,42.2707199463251,85.7034102631403,7.746949202276626,0.024790630872431413,4.186531797867048e-06,191.03088775184005,2,COMPLETE
352,2.5256316230408817,1.20484622895918,2026-10-06 00:29:06.390865,2026-10-06 00:32:14.140821,0 days 00:03:07.749956,0.040732368380153296,12.233130113429297,6.433856196331227,80.88383221658174,0.018324378019643817,6.038826189880997,187.7498831343837,2,COMPLETE
353,3.7798281117803127,1.3876425941113084,2026-10-06 00:29:06.394658,2026-10-06 00:32:20.691514,0 days 00:03:14.296856,0.9222042430472607,18.9307098550292,1.1092055093231412,22.43969985918882,0.010747984261336834,0.0013861537444713598,194.29675940191373,2,COMPLETE
354,1.4370123221733615,1.1929996598327275,2026-10-06 00:29:06.638694,2026-10-06 00:32:17.271660,0 days 00:03:10.632966,0.5206349751021522,22.058471956432985,32.233952817229785,2.765920773009866,0.0021137886700331424,0.0010074763694376573,190.6328994850628,2,COMPLETE
355,17.024289730807517,1.244780261620917,2026-10-06 00:29:06.900857,2026-10-06 00:32:19.028862,0 days 00:03:12.128005,0.19925182274473488,22.058471956432985,13.041405172378479,2.765920773009866,0.05928153267461189,2.39775756147057e-06,192.12791365291923,2,COMPLETE
356,,,2026-10-06 00:29:07.420689,2026-10-06 00:29:07.831752,0 days 00:00:00.411063,0.16177110021459462,1.8619069911135584,75.08545011892379,22.4337626555308,0.0031760370975485778,,,2,PRUNED
357,1.6869014243133595,1.6198717262485114,2026-10-06 00:29:07.690697,2026-10-06 00:32:19.842951,0 days 00:03:12.152254,0.10888801914801638,35.66876058188806,1.1092055093231412,22.43969985918882,0.0036499921651855075,1.972106799105486e-05,192.15216801920906,2,COMPLETE
358,2.137169857102218,1.2463910379808947,2026-10-06 00:29:07.980707,2026-10-06 00:32:18.781543,0 days 00:03:10.800836,0.030785322983283677,16.553408321194283,1.3096869447737685,10.236833088168279,0.009394328025581626,9.606000786549846e-06,190.8007399821654,2,COMPLETE
359,4.8259508671788485,1.278092234385356,2026-10-06 00:29:08.084695,2026-10-06 00:32:15.895131,0 days 00:03:07.810436,0.9222042430472607,23.684697733789022,11.561519790608015,19.560678901050697,0.0272863075382553,3.3976165743800303e-06,187.81035637995228,2,COMPLETE
360,22.050660391720836,1.166995624219239,2026-10-06 00:29:10.730711,2026-10-06 00:32:21.437768,0 days 00:03:10.707057,0.019716383406337124,21.696541962381758,75.08545011892379,5.534390982625277,0.011005204287205276,0.0011061405799333039,190.70697531895712,2,COMPLETE
361,1.0009455479771483,1.141340998112703,2026-10-06 00:31:57.325569,2026-10-06 00:35:00.694573,0 days 00:03:03.369004,0.30210381837288586,18.9307098550292,1.1092055093231412,22.43969985918882,0.05928153267461189,4.496789805494079e-05,183.3689066390507,2,COMPLETE
362,5.655419621276859,1.3126454783473358,2026-10-06 00:32:08.668047,2026-10-06 00:35:22.931151,0 days 00:03:14.263104,0.10363965125276584,42.2707199463251,13.041405172378479,7.746949202276626,0.024790630872431413,4.186531797867048e-06,194.26299394108355,2,COMPLETE
363,,,2026-10-06 00:32:11.275694,2026-10-06 00:32:11.704096,0 days 00:00:00.428402,0.02862763109125612,30.15990641073274,92.64081871882584,1.8709804671641381,0.0015767011041207138,,,2,PRUNED
364,19.472597274473987,1.2956693050790113,2026-10-06 00:32:11.480225,2026-10-06 00:35:25.524518,0 days 00:03:14.044293,0.6884638935565228,12.640382717848587,32.233952817229785,2.765920773009866,0.06905614673146593,0.0005024391102558689,194.0441960231401,2,COMPLETE
365,5.739998582636756,2.1052356920302815,2026-10-06 00:32:11.768693,2026-10-06 00:35:27.833081,0 days 00:03:16.064388,0.5206349751021522,45.741044518014796,31.25109846959102,64.09993680157928,0.013593181580386379,0.0010074763694376573,196.0643027140759,2,COMPLETE
366,3.743830113162242,3.1767571940102375,2026-10-06 00:32:12.753797,2026-10-06 00:35:26.586800,0 days 00:03:13.833003,0.8260375030611535,8.987478920641044,8.214076362832653,53.99673015886269,0.0036480215798860415,2.6941809396617504,193.83289978886023,2,COMPLETE
367,3.3717072510970127,1.5681239341553057,2026-10-06 00:32:13.129689,2026-10-06 00:35:25.137502,0 days 00:03:12.007813,0.5555069055943938,46.774203669468385,1.3986700998464174,5.534390982625277,0.009596121382849983,60.28758797529368,192.00763491308317,2,COMPLETE
368,11.575812557911277,12.990652576707078,2026-10-06 00:32:13.250692,2026-10-06 00:35:25.548588,0 days 00:03:12.297896,0.6707519252569772,5.163106132123858,14.719249146245843,69.59849767866419,0.01478582612116327,3.3976165743800303e-06,192.2978085661307,3,COMPLETE
369,0.22280017551539438,1.1991691671850258,2026-10-06 00:32:13.273860,2026-10-06 00:35:27.617342,0 days 00:03:14.343482,0.5555069055943938,1.8619069911135584,34.08958612263361,5.534390982625277,0.0030434668576591103,0.001754171270788285,194.3434064281173,3,COMPLETE
370,11.546410447168222,1.27186996018634,2026-10-06 00:32:13.354185,2026-10-06 00:35:31.950356,0 days 00:03:18.596171,0.6261442542814779,5.163106132123858,87.0169196954182,5.534390982625277,0.025433894102651768,60.28758797529368,198.59608094673604,3,COMPLETE
371,4.711865559985549,1.495071816690285,2026-10-06 00:32:13.668689,2026-10-06 00:35:26.026597,0 days 00:03:12.357908,0.16177110021459462,32.133571428288036,3.7974012840683553,10.509561235887544,0.013593181580386379,60.28758797529368,192.35780045203865,3,COMPLETE
372,27.50573569799642,1.4578286525818092,2026-10-06 00:32:14.169695,2026-10-06 00:35:28.040377,0 days 00:03:13.870682,0.14472486883161542,47.635191644836304,31.25109846959102,1.3952232429901594,0.013593181580386379,0.007690928916612578,193.8705930938013,3,COMPLETE
373,27.26656596398302,1.4207979793394228,2026-10-06 00:32:14.393806,2026-10-06 00:35:25.745179,0 days 00:03:11.351373,0.14472486883161542,32.133571428288036,83.63462158426863,1.3952232429901594,0.013593181580386379,7.502092623438249,191.35128398006782,3,COMPLETE
374,,,2026-10-06 00:32:14.488692,2026-10-06 00:32:14.857982,0 days 00:00:00.369290,0.48967816666395225,5.163106132123858,75.08545011892379,5.534390982625277,0.0036480215798860415,,,3,PRUNED
375,30.24677223918379,16.95454237805794,2026-10-06 00:32:14.600683,2026-10-06 00:35:30.388734,0 days 00:03:15.788051,0.14472486883161542,3.42961079489487,78.91305021174706,18.49957504695779,0.009569508337727876,2.328670127015952e-06,195.7879773839377,3,COMPLETE
376,28.80532427283645,1.2914754216617819,2026-10-06 00:32:14.620684,2026-10-06 00:35:26.976776,0 days 00:03:12.356092,0.10888801914801638,20.213335196982104,54.6602172125733,3.7504775608803835,0.0272863075382553,0.001754171270788285,192.35601777909324,3,COMPLETE
377,10.275573422248474,1.433235772267797,2026-10-06 00:32:14.675676,2026-10-06 00:35:25.599115,0 days 00:03:10.923439,0.5555069055943938,41.94715956240761,14.719249146245843,7.746949202276626,0.03954764963823865,9.906224721959319,190.9233428281732,3,COMPLETE
378,24.384229256031556,2.021376571042529,2026-10-06 00:32:14.793698,2026-10-06 00:35:26.477952,0 days 00:03:11.684254,0.48967816666395225,48.04286199246971,89.61123200940895,8.570034232131624,0.03389943614184064,2.328670127015952e-06,191.6841499679722,3,COMPLETE
379,4.757423143738016,1.9531433804453413,2026-10-06 00:32:15.092685,2026-10-06 00:35:33.088410,0 days 00:03:17.995725,0.04451256952257735,48.21469805334717,1.867395442251624,1.0833672540763994,0.0015767011041207138,0.0002119529307262873,197.99564020289108,3,COMPLETE
380,4.764297543694261,1.3882469463419222,2026-10-06 00:32:15.171683,2026-10-06 00:35:26.085050,0 days 00:03:10.913367,0.4959367378662905,23.170431497793686,24.336135440112013,63.90844078529731,0.013936618666444666,0.012549765115186597,190.9132723058574,3,COMPLETE
381,15.326189324773754,1.545951262372895,2026-10-06 00:32:15.369858,2026-10-06 00:35:30.193133,0 days 00:03:14.823275,0.5555069055943938,32.133571428288036,34.08958612263361,1.3952232429901594,0.009596121382849983,0.001754171270788285,194.82320303237066,3,COMPLETE
382,,,2026-10-06 00:32:15.373656,2026-10-06 00:32:15.641696,0 days 00:00:00.268040,0.06448199424049653,48.21469805334717,23.968477323527853,3.307859572563534,0.0015767011041207138,,,3,PRUNED
383,28.05739605544187,1.5792080591177378,2026-10-06 00:32:15.483681,2026-10-06 00:35:28.406016,0 days 00:03:12.922335,0.1912088840068961,48.21469805334717,83.63462158426863,5.534390982625277,0.023371264037735383,0.007690928916612578,192.92225606832653,3,COMPLETE
384,9.317836314895821,1.2651404055919797,2026-10-06 00:32:15.713689,2026-10-06 00:35:31.133789,0 days 00:03:15.420100,0.3405936062685717,39.644578046551594,7.503878447618833,7.768783341952489,0.029023482478178892,1.0792627112324709e-06,195.42001874512061,3,COMPLETE
385,9.060461421473471,2.18735299468602,2026-10-06 00:32:15.761225,2026-10-06 00:35:34.134373,0 days 00:03:18.373148,0.039632293862136,15.859677991775037,16.375056145446308,18.49957504695779,0.0035385003424894196,2.1616060509632624,198.37304290104657,3,COMPLETE
386,4.29999408012758,1.3569632578222435,2026-10-06 00:32:15.810671,2026-10-06 00:35:28.416434,0 days 00:03:12.605763,0.12420771410919251,15.859677991775037,4.213630329763916,18.49957504695779,0.016205446913400444,5.531733091815851e-06,192.60568139888346,3,COMPLETE
387,2.7198618076549956,1.2470389639338566,2026-10-06 00:32:15.951682,2026-10-06 00:35:26.962915,0 days 00:03:11.011233,0.04465302991776742,27.13570031291397,24.336135440112013,1.6588243628443025,0.0036480215798860415,0.0005024391102558689,191.01115952292457,3,COMPLETE
388,8.353557589431482,2.2822442247335926,2026-10-06 00:32:15.955660,2026-10-06 00:35:28.587291,0 days 00:03:12.631631,0.30595737338279,30.098475083616623,8.611362446379351,10.36246557689139,0.009596121382849983,0.00026285855894701214,192.63155019981787,3,COMPLETE
389,13.305311188785444,6.61447286095453,2026-10-06 00:32:16.728896,2026-10-06 00:35:33.062313,0 days 00:03:16.333417,0.8260375030611535,8.987478920641044,32.233952817229785,7.746949202276626,0.01478582612116327,0.00026285855894701214,196.33333467599005,3,COMPLETE
390,,,2026-10-06 00:32:16.732663,2026-10-06 00:32:17.124440,0 days 00:00:00.391777,0.6040198049165227,42.51130813021465,85.7034102631403,22.43969985918882,0.0036480215798860415,,,3,PRUNED
391,10.577606916215373,2.1493949916271884,2026-10-06 00:32:16.816693,2026-10-06 00:35:26.086744,0 days 00:03:09.270051,0.48967816666395225,20.213335196982104,14.76634781104005,3.7504775608803835,0.0036499921651855075,2.328670127015952e-06,189.26996734412387,3,COMPLETE
392,3.855165406940126,1.312411941637491,2026-10-06 00:32:16.820673,2026-10-06 00:35:31.893105,0 days 00:03:15.072432,0.5206349751021522,5.163106132123858,1.867395442251624,2.5122488726661794,0.011005204287205276,0.0010074763694376573,195.07234787521884,3,COMPLETE
393,20.500560307468128,1.8720132125932063,2026-10-06 00:32:17.017687,2026-10-06 00:35:27.464902,0 days 00:03:10.447215,0.12420771410919251,23.19018010286952,37.451348362540784,10.36246557689139,0.013033927174183927,5.531733091815851e-06,190.4471327639185,3,COMPLETE
394,28.915376783452295,2.4454349961685313,2026-10-06 00:32:17.021661,2026-10-06 00:35:31.296310,0 days 00:03:14.274649,0.2880553685721488,32.133571428288036,83.63462158426863,1.7658496078448727,0.009596121382849983,0.001754171270788285,194.2745665377006,3,COMPLETE
395,9.127793506540627,1.1846185405508742,2026-10-06 00:32:17.076680,2026-10-06 00:35:28.836505,0 days 00:03:11.759825,0.014650233494993928,1.8619069911135584,25.716453893307285,7.82709496809967,0.024790630872431413,60.28758797529368,191.75973332300782,3,COMPLETE
396,26.001379805293414,1.2781679316788914,2026-10-06 00:32:17.105669,2026-10-06 00:35:28.067659,0 days 00:03:10.961990,0.14472486883161542,8.987478920641044,31.25109846959102,2.765920773009866,0.03895658190234133,0.00026285855894701214,190.9619124517776,3,COMPLETE
397,2.4839747831475294,2.0168487233899057,2026-10-06 00:32:17.108657,2026-10-06 00:35:28.639943,0 days 00:03:11.531286,0.10888801914801638,39.01541877617215,1.3955944693454831,7.746949202276626,0.0036499921651855075,0.001754171270788285,191.53120536683127,3,COMPLETE
398,3.222596295946589,2.1201848809774937,2026-10-06 00:32:17.128667,2026-10-06 00:35:29.433802,0 days 00:03:12.305135,0.16177110021459462,30.01072841759338,1.867395442251624,5.534390982625277,0.002748173420641018,0.0002119529307262873,192.305057620164,3,COMPLETE
399,,,2026-10-06 00:32:17.183689,2026-10-06 00:32:17.379654,0 days 00:00:00.195965,0.9432402880591286,33.65226354326484,14.719249146245843,10.55137025643824,0.0022507117454391677,,,3,PRUNED
400,4.7619110801312,1.2758937748941497,2026-10-06 00:32:17.451022,2026-10-06 00:35:31.995311,0 days 00:03:14.544289,0.011586782144789537,22.058471956432985,54.6602172125733,2.765920773009866,0.02861002459368828,0.00026285855894701214,194.54421000229195,3,COMPLETE
401,2.954365130936094,1.5764916070401624,2026-10-06 00:32:17.569869,2026-10-06 00:35:30.047847,0 days 00:03:12.477978,0.09320832187001313,42.2707199463251,14.719249146245843,2.0489784059322336,0.0016493256190515903,0.004038586316950702,192.47789401002228,3,COMPLETE
402,3.0835053461257482,1.3822857229039078,2026-10-06 00:32:17.573660,2026-10-06 00:35:28.478903,0 days 00:03:10.905243,0.4571847416983729,5.163106132123858,1.1092055093231412,22.43969985918882,0.0036480215798860415,1.3532583613185116,190.9051688304171,3,COMPLETE
403,19.26490927700779,1.8070185235640461,2026-10-06 00:32:17.658192,2026-10-06 00:35:31.464207,0 days 00:03:13.806015,0.5555069055943938,15.859677991775037,89.61123200940895,2.0489784059322336,0.0015767011041207138,0.00010160998520747449,193.80593182286248,3,COMPLETE
404,13.9303923937117,1.783838928515592,2026-10-06 00:32:17.661662,2026-10-06 00:35:28.261490,0 days 00:03:10.599828,0.5555069055943938,15.859677991775037,38.01686371171354,7.8342206444348275,0.009596121382849983,4.139905809006424e-05,190.5997480461374,3,COMPLETE
405,19.32779490386295,1.243009562545696,2026-10-06 00:32:17.745795,2026-10-06 00:35:29.186181,0 days 00:03:11.440386,0.5206349751021522,15.859677991775037,32.233952817229785,5.534390982625277,0.05928153267461189,0.00026285855894701214,191.44029042730108,3,COMPLETE
406,8.141418621524574,2.6179521088127062,2026-10-06 00:32:17.906860,2026-10-06 00:35:30.384206,0 days 00:03:12.477346,0.04451256952257735,5.163106132123858,1.867395442251624,2.5122488726661794,0.0015767011041207138,0.0002119529307262873,192.4772638529539,3,COMPLETE
407,18.278051929716217,1.5133194925334705,2026-10-06 00:32:17.950146,2026-10-06 00:35:30.052701,0 days 00:03:12.102555,0.4959367378662905,40.500777070272946,24.336135440112013,1.9806728822218551,0.028062513578675615,0.0005024391102558689,192.10247516212985,3,COMPLETE
408,25.092545983992093,1.6670776255777917,2026-10-06 00:32:18.260680,2026-10-06 00:35:31.334801,0 days 00:03:13.074121,0.6040198049165227,42.2707199463251,85.7034102631403,2.5122488726661794,0.024790630872431413,4.186531797867048e-06,193.0740413609892,3,COMPLETE
409,4.786882898730778,1.6341448506413143,2026-10-06 00:32:18.469686,2026-10-06 00:35:32.076240,0 days 00:03:13.606554,0.06496828070519217,28.715101235632567,7.503878447618833,22.43969985918882,0.005185214608675789,4.496789805494079e-05,193.60647523356602,3,COMPLETE
410,2.887430502111757,1.1891327540296415,2026-10-06 00:32:18.473664,2026-10-06 00:35:33.495491,0 days 00:03:15.021827,0.018097007571771042,15.859677991775037,17.27325201263315,10.36246557689139,0.05928153267461189,0.00026285855894701214,195.0217506797053,3,COMPLETE
411,27.171609891545756,1.3467068442662327,2026-10-06 00:32:18.859858,2026-10-06 00:35:33.500188,0 days 00:03:14.640330,0.1338864078069938,8.987478920641044,32.233952817229785,2.0489784059322336,0.016205446913400444,0.004038586316950702,194.64025446912274,3,COMPLETE
412,26.320598630368647,3.3915067070053095,2026-10-06 00:32:18.863659,2026-10-06 00:35:30.307329,0 days 00:03:11.443670,0.16177110021459462,30.4361881968835,75.08545011892379,8.04634876394084,0.011005204287205276,1.6374091613134125e-05,191.44359691394493,3,COMPLETE
413,1.6052847084924668,1.2577223061605336,2026-10-06 00:32:18.907811,2026-10-06 00:35:32.306543,0 days 00:03:13.398732,0.5206349751021522,48.21469805334717,32.233952817229785,5.534390982625277,0.002305930483664806,0.0017981331141610742,193.3986577000469,3,COMPLETE
414,11.132293743227999,1.838013601912806,2026-10-06 00:32:18.911655,2026-10-06 00:35:32.427324,0 days 00:03:13.515669,0.12420771410919251,38.750576931530205,37.451348362540784,33.873157355561396,0.013593181580386379,0.0001314089825842261,193.51557825505733,3,COMPLETE
415,24.95326339930059,1.1904945843647874,2026-10-06 00:32:18.982688,2026-10-06 00:35:33.703481,0 days 00:03:14.720793,0.0790985932497734,18.703247673417344,89.61123200940895,1.7658496078448727,0.06824977174552374,0.007690928916612578,194.72069704905152,3,COMPLETE
416,13.583105086845109,1.5626688864113643,2026-10-06 00:32:19.230855,2026-10-06 00:35:33.407746,0 days 00:03:14.176891,0.10888801914801638,20.213335196982104,7.099519619717996,3.7504775608803835,0.011005204287205276,1.972106799105486e-05,194.17681593680754,3,COMPLETE
417,27.952998249713183,1.452467049163689,2026-10-06 00:32:19.234667,2026-10-06 00:35:33.242692,0 days 00:03:14.008025,0.1338864078069938,46.774203669468385,37.451348362540784,2.0489784059322336,0.016205446913400444,0.004038586316950702,194.00794098107144,3,COMPLETE
418,15.455770915816279,1.335563684618317,2026-10-06 00:32:19.427688,2026-10-06 00:35:28.326576,0 days 00:03:08.898888,0.6707519252569772,46.647252582729806,77.51383454227101,1.1829529228755127,0.013593181580386379,2.1616060509632624,188.8988089999184,3,COMPLETE
419,12.221613218264514,3.296881101403385,2026-10-06 00:32:19.633709,2026-10-06 00:35:29.737971,0 days 00:03:10.104262,0.6040198049165227,41.25202022698372,34.08958612263361,10.55137025643824,0.010155544878742024,0.001754171270788285,190.10416510188952,3,COMPLETE
