number,values_0,values_1,datetime_start,datetime_complete,duration,params_c_val,params_input_force,params_k_between_val,params_k_wall_val,params_m_val,params_ridge_alpha,user_attrs_duration_sec,system_attrs_NSGAIISampler:generation,state
7207,23.94891432811466,1.426444972091778,2026-10-06 05:47:22.985646,2026-10-06 05:50:33.383604,0 days 00:03:10.397958,0.012074885742906022,1.0100598856645617,80.97346391189345,12.025559114678314,0.009569508337727876,1.4671267453130232e-06,190.39785080589354,60,COMPLETE
7208,31.23886845471647,7.317527513242734,2026-10-06 05:47:22.989630,2026-10-06 05:50:32.153731,0 days 00:03:09.164101,0.09463773086870245,1.0100598856645617,78.91305021174706,18.49957504695779,0.009569508337727876,0.0019846307431023507,189.16396674886346,60,COMPLETE
7209,27.82802157234579,2.093650705929324,2026-10-06 05:47:22.993623,2026-10-06 05:50:33.901589,0 days 00:03:10.907966,0.14472486883161542,4.014839763781616,78.91305021174706,40.436907352014636,0.06603021532902495,1.0837899328538103e-06,190.90786536503583,60,COMPLETE
7210,20.12559395133807,4.943330156572231,2026-10-06 05:47:23.051840,2026-10-06 05:50:36.019333,0 days 00:03:12.967493,0.2918907020150273,23.750885856812765,80.97346391189345,18.49957504695779,0.009569508337727876,1.0837899328538103e-06,192.9673972800374,60,COMPLETE
7211,30.123136838133412,16.247573876327046,2026-10-06 05:47:23.055634,2026-10-06 05:50:33.142859,0 days 00:03:10.087225,0.2918907020150273,1.0100598856645617,78.91305021174706,18.49957504695779,0.009569508337727876,1.2446212784745538e-06,190.08708264911547,60,COMPLETE
7212,31.834716098396278,2.21527248589242,2026-10-06 05:47:23.460698,2026-10-06 05:50:31.914735,0 days 00:03:08.454037,0.024802403095101986,1.0100598856645617,78.91305021174706,8.858210845255327,0.009569508337727876,2.328670127015952e-06,188.4539369419217,60,COMPLETE
7213,0.07330042957447497,1.2071924116717503,2026-10-06 05:47:23.464624,2026-10-06 05:50:36.812062,0 days 00:03:13.347438,0.3401090828369047,1.0100598856645617,80.97346391189345,11.286119700737487,0.008698017554316196,1.4671267453130232e-06,193.3473029830493,60,COMPLETE
7214,28.787359716362733,2.218012615014265,2026-10-06 05:47:23.540641,2026-10-06 05:50:29.602385,0 days 00:03:06.061744,0.2918907020150273,3.42961079489487,80.97346391189345,15.382666136782571,0.09179958382006193,1.4671267453130232e-06,186.06162939220667,60,COMPLETE
7215,32.005618983033244,2.2753499910223534,2026-10-06 05:47:23.548629,2026-10-06 05:50:37.066428,0 days 00:03:13.517799,0.134407121693098,1.0100598856645617,78.91305021174706,12.025559114678314,0.04499273997565832,1.4671267453130232e-06,193.5176665619947,60,COMPLETE
7216,,,2026-10-06 05:47:23.716702,2026-10-06 05:47:24.379718,0 days 00:00:00.663016,0.2918907020150273,2.5826334477054016,78.91305021174706,53.19831855856638,0.001549765232426998,,,60,PRUNED
7217,29.57430525148348,10.548702940446661,2026-10-06 05:47:24.024691,2026-10-06 05:50:34.094493,0 days 00:03:10.069802,0.2619431760417443,2.5826334477054016,78.91305021174706,53.19831855856638,0.028334456097673825,1.4671267453130232e-06,190.0697040152736,60,COMPLETE
7218,3.2697470392493506,1.3924873845052606,2026-10-06 05:47:24.464692,2026-10-06 05:50:34.130275,0 days 00:03:09.665583,0.3401090828369047,1.0100598856645617,2.3476576566805334,53.19831855856638,0.008698017554316196,4.872182863643693,189.66549008898437,60,COMPLETE
7219,31.457381659684295,19.57890745649239,2026-10-06 05:47:25.104698,2026-10-06 05:50:35.330100,0 days 00:03:10.225402,0.17534157142392734,1.0100598856645617,78.91305021174706,18.49957504695779,0.008698017554316196,1.2446212784745538e-06,190.22526326728985,60,COMPLETE
7220,32.675518370145426,3.923804290750592,2026-10-06 05:47:52.722705,2026-10-06 05:51:05.162033,0 days 00:03:12.439328,0.13649433953046394,1.0100598856645617,78.91305021174706,53.19831855856638,0.03463343903868386,1.2446212784745538e-06,192.43918554997072,60,COMPLETE
7221,13.024288246170176,6.012897253752042,2026-10-06 05:48:01.048741,2026-10-06 05:51:10.660190,0 days 00:03:09.611449,0.419007027175139,1.0100598856645617,29.34763502549388,53.19831855856638,0.009569508337727876,0.00225977549375204,189.61130291828886,60,COMPLETE
7222,31.984792439116706,16.09982272796915,2026-10-06 05:48:33.960684,2026-10-06 05:51:45.860337,0 days 00:03:11.899653,0.13649433953046394,1.0100598856645617,78.91305021174706,12.025559114678314,0.008698017554316196,1.54960617812222e-06,191.89950642595068,60,COMPLETE
7223,31.26227445364275,20.39807668303032,2026-10-06 05:48:36.814702,2026-10-06 05:51:47.519756,0 days 00:03:10.705054,0.17534157142392734,1.0100598856645617,80.97346391189345,18.49957504695779,0.008698017554316196,1.4671267453130232e-06,190.70491590816528,60,COMPLETE
7224,31.991839400877904,16.077415131886642,2026-10-06 05:48:37.406965,2026-10-06 05:51:51.231317,0 days 00:03:13.824352,0.134407121693098,1.0100598856645617,78.91305021174706,12.025559114678314,0.008698017554316196,1.4671267453130232e-06,193.82421620888636,60,COMPLETE
7225,26.244446661298504,1.2256682306983373,2026-10-06 05:49:13.836679,2026-10-06 05:52:31.237488,0 days 00:03:17.400809,0.010639130513182393,1.0100598856645617,78.91305021174706,2.291072133054264,0.009569508337727876,1.0837899328538103e-06,197.40067072212696,60,COMPLETE
7226,22.74945826541434,33.395944964705976,2026-10-06 05:49:49.943671,2026-10-06 05:53:03.064654,0 days 00:03:13.120983,0.419007027175139,6.28879905307643,78.91305021174706,53.19831855856638,0.009569508337727876,1.0746247031029727e-06,193.1206790949218,60,COMPLETE
7227,,,2026-10-06 05:50:27.712701,2026-10-06 05:50:28.587701,0 days 00:00:00.875000,0.2918907020150273,4.014839763781616,80.97346391189345,18.49957504695779,0.002002775306351819,,,60,PRUNED
7228,12.980897324699546,6.750131014437348,2026-10-06 05:50:28.021681,2026-10-06 05:53:38.698510,0 days 00:03:10.676829,0.18472274745078338,1.8054001832365776,5.302521047588367,68.7672820166867,0.008698017554316196,2.328670127015952e-06,190.676677624695,60,COMPLETE
7229,14.075340492463567,1.2169349908091096,2026-10-06 05:50:28.265705,2026-10-06 05:53:39.591437,0 days 00:03:11.325732,0.014988690123637644,1.0100598856645617,42.84519902383268,12.025559114678314,0.03463343903868386,1.4671267453130232e-06,191.325581332203,60,COMPLETE
7230,11.372836983186476,4.92293450123683,2026-10-06 05:50:28.424994,2026-10-06 05:53:41.931192,0 days 00:03:13.506198,0.48967816666395225,33.63213377873687,78.91305021174706,46.431764750098004,0.009569508337727876,0.0008247609222227797,193.50607118289918,60,COMPLETE
7231,32.57613097421414,10.787177128990676,2026-10-06 05:50:28.543704,2026-10-06 05:53:43.844385,0 days 00:03:15.300681,0.08281665602661378,1.0100598856645617,78.91305021174706,18.49957504695779,0.009569508337727876,1.4671267453130232e-06,195.30053271492943,60,COMPLETE
7232,5.499074064992213,3.4659679645614867,2026-10-06 05:50:28.556836,2026-10-06 05:53:41.922345,0 days 00:03:13.365509,0.35349415915446786,4.95477336878759,7.343159978639505,53.19831855856638,0.009569508337727876,7.484028982502288,193.3653735308908,60,COMPLETE
7233,23.392055032774604,32.51910524480121,2026-10-06 05:50:28.890855,2026-10-06 05:53:41.832519,0 days 00:03:12.941664,0.48967816666395225,3.42961079489487,78.91305021174706,53.19831855856638,0.009569508337727876,1.2446212784745538e-06,192.94144086306915,60,COMPLETE
7234,12.65555284548913,6.143555086505905,2026-10-06 05:50:29.418832,2026-10-06 05:53:41.998665,0 days 00:03:12.579833,0.18472274745078338,1.8054001832365776,3.2783987521473215,16.966954115393197,0.008698017554316196,2.328670127015952e-06,192.5796823487617,60,COMPLETE
7235,21.481983530508597,1.3382802591974614,2026-10-06 05:50:29.900768,2026-10-06 05:53:44.579833,0 days 00:03:14.679065,0.2918907020150273,15.672305313018326,78.91305021174706,18.49957504695779,0.02969091321102899,1.4671267453130232e-06,194.6789493211545,60,COMPLETE
7236,6.601136888815752,2.120297015312508,2026-10-06 05:50:29.928674,2026-10-06 05:53:45.307513,0 days 00:03:15.378839,0.6371377402442961,1.0100598856645617,10.371037853140255,18.49957504695779,0.009569508337727876,0.016916941946591293,195.37874524202198,60,COMPLETE
7237,32.03952373584516,1.721638328403928,2026-10-06 05:50:29.952549,2026-10-06 05:53:47.715706,0 days 00:03:17.763157,0.04717364920262118,1.0100598856645617,78.91305021174706,7.704673657496365,0.02312402284357611,1.4671267453130232e-06,197.76301648281515,60,COMPLETE
7238,30.35609200161894,2.7876621323558144,2026-10-06 05:50:29.956648,2026-10-06 05:53:40.257844,0 days 00:03:10.301196,0.14472486883161542,25.870014137468658,78.91305021174706,2.5931783094816834,0.009569508337727876,1.4671267453130232e-06,190.30105365486816,60,COMPLETE
7239,16.3285256463758,11.383607215208304,2026-10-06 05:50:30.698695,2026-10-06 05:53:44.760506,0 days 00:03:14.061811,0.2918907020150273,4.014839763781616,78.91305021174706,46.431764750098004,0.009569508337727876,1.299336609622011,194.06170009681955,60,COMPLETE
7240,31.423376125963365,17.876900393354713,2026-10-06 05:50:30.771666,2026-10-06 05:53:43.339298,0 days 00:03:12.567632,0.19189241237051688,1.8054001832365776,78.91305021174706,8.858210845255327,0.009569508337727876,1.4671267453130232e-06,192.56750070862472,60,COMPLETE
7241,32.52652661048744,12.859355617319117,2026-10-06 05:50:30.842812,2026-10-06 05:53:46.642523,0 days 00:03:15.799711,0.14472486883161542,1.0100598856645617,78.91305021174706,8.858210845255327,0.009569508337727876,1.4671267453130232e-06,195.79960017185658,60,COMPLETE
7242,10.934549669901926,12.445445090644409,2026-10-06 05:50:31.416681,2026-10-06 05:53:43.636062,0 days 00:03:12.219381,0.6488857457468334,3.42961079489487,11.48477846013123,45.605935248059524,0.009569508337727876,1.4671267453130232e-06,192.2192677669227,60,COMPLETE
7243,31.998978292495643,16.238429723068332,2026-10-06 05:50:31.494664,2026-10-06 05:53:45.332333,0 days 00:03:13.837669,0.14472486883161542,1.0042777651411843,78.91305021174706,11.286119700737487,0.008698017554316196,1.4671267453130232e-06,193.8375753122382,60,COMPLETE
7244,29.78249700027422,9.845408804867319,2026-10-06 05:50:31.856829,2026-10-06 05:53:45.767021,0 days 00:03:13.910192,0.2918907020150273,2.5826334477054016,80.97346391189345,53.19831855856638,0.03313303402464379,1.0837899328538103e-06,193.9100567190908,60,COMPLETE
7245,27.380499286637427,27.656647792540525,2026-10-06 05:50:31.895657,2026-10-06 05:53:46.145212,0 days 00:03:14.249555,0.35349415915446786,2.5826334477054016,78.91305021174706,40.58646137995306,0.009569508337727876,1.4671267453130232e-06,194.24943134235218,60,COMPLETE
7246,22.303040533340358,1.2582609291338323,2026-10-06 05:50:31.971908,2026-10-06 05:53:45.225321,0 days 00:03:13.253413,0.14472486883161542,1.0100598856645617,78.91305021174706,8.858210845255327,0.030437123024284234,0.12472215955585053,193.2533038817346,60,COMPLETE
7247,15.738642806992909,2.1889399477319254,2026-10-06 05:50:32.551168,2026-10-06 05:53:44.805233,0 days 00:03:12.254065,0.9630521613761232,27.1421063452634,78.91305021174706,12.025559114678314,0.013013110708468662,1.2446212784745538e-06,192.25395780988038,60,COMPLETE
7248,31.818886362948348,18.74895946248759,2026-10-06 05:50:32.881686,2026-10-06 05:53:42.590679,0 days 00:03:09.708993,0.17534157142392734,1.0100598856645617,80.97346391189345,12.025559114678314,0.008698017554316196,1.0746247031029727e-06,189.70884562423453,60,COMPLETE
7249,30.659221497187723,22.80057748061564,2026-10-06 05:50:32.918651,2026-10-06 05:53:41.728659,0 days 00:03:08.810008,0.19189241237051688,1.8054001832365776,78.91305021174706,18.49957504695779,0.008698017554316196,1.4671267453130232e-06,188.80987259326503,60,COMPLETE
7250,31.58755125220373,16.005252715229716,2026-10-06 05:50:32.941649,2026-10-06 05:53:45.305576,0 days 00:03:12.363927,0.14472486883161542,1.8054001832365776,78.91305021174706,12.025559114678314,0.010066673683367812,1.4671267453130232e-06,192.36382499383762,60,COMPLETE
7251,26.18658050765029,30.21718769010929,2026-10-06 05:50:32.958698,2026-10-06 05:53:44.938039,0 days 00:03:11.979341,0.3401090828369047,3.6508615376722675,80.97346391189345,53.19831855856638,0.009569508337727876,1.4671267453130232e-06,191.97924907505512,60,COMPLETE
7252,17.216653936019974,1.6886426986813676,2026-10-06 05:50:32.982637,2026-10-06 05:53:44.224113,0 days 00:03:11.241476,0.22031827582514427,1.0100598856645617,78.91305021174706,18.49957504695779,0.008698017554316196,0.2733401990302694,191.24137419695035,60,COMPLETE
7253,4.876863823191006,1.625793911920094,2026-10-06 05:50:33.488675,2026-10-06 05:53:46.094337,0 days 00:03:12.605662,0.419007027175139,1.0100598856645617,1.7444867474890176,53.19831855856638,0.028798828233949008,0.026934450220273076,192.60553615307435,60,COMPLETE
7254,23.224055845928792,2.6302176822686616,2026-10-06 05:50:33.611672,2026-10-06 05:53:44.865017,0 days 00:03:11.253345,0.19189241237051688,26.575808855309383,28.02487668496508,1.7238389620202332,0.008698017554316196,1.4671267453130232e-06,191.253248993773,60,COMPLETE
7255,31.315465186639035,17.60742196258197,2026-10-06 05:50:33.745658,2026-10-06 05:53:45.068619,0 days 00:03:11.322961,0.14472486883161542,1.0100598856645617,78.91305021174706,36.39238274206609,0.009569508337727876,1.54960617812222e-06,191.32285684812814,60,COMPLETE
7256,31.263884506956373,20.119745731409488,2026-10-06 05:50:33.964681,2026-10-06 05:53:43.325255,0 days 00:03:09.360574,0.18472274745078338,1.8054001832365776,78.91305021174706,7.704673657496365,0.008698017554316196,1.2446212784745538e-06,189.36043543927372,60,COMPLETE
7257,28.731658627231184,10.184456750883951,2026-10-06 05:50:33.968634,2026-10-06 05:53:46.981288,0 days 00:03:13.012654,0.1320862812493285,2.5826334477054016,69.16329565667773,12.025559114678314,0.009569508337727876,0.0023000307133618945,193.01253296481445,60,COMPLETE
7258,10.136707512838015,1.248760234643897,2026-10-06 05:50:33.980644,2026-10-06 05:53:46.310535,0 days 00:03:12.329891,0.2918907020150273,1.8054001832365776,78.91305021174706,46.431764750098004,0.008698017554316196,2.328670127015952e-06,192.32977224094793,60,COMPLETE
7259,10.246524147831424,5.09673681645482,2026-10-06 05:50:34.008646,2026-10-06 05:53:45.195747,0 days 00:03:11.187101,0.18472274745078338,1.8054001832365776,2.1461425290380527,26.976160548903984,0.008698017554316196,2.328670127015952e-06,191.18698740983382,60,COMPLETE
7260,21.53069369319524,24.983255417814505,2026-10-06 05:50:34.028636,2026-10-06 05:53:47.023499,0 days 00:03:12.994863,0.2918907020150273,3.42961079489487,34.86881602123408,15.382666136782571,0.008698017554316196,1.4671267453130232e-06,192.9947404852137,60,COMPLETE
7261,,,2026-10-06 05:50:34.040549,2026-10-06 05:50:35.465696,0 days 00:00:01.425147,0.23765589726101047,44.41496836582127,99.12673440835798,45.605935248059524,0.008698017554316196,,,60,PRUNED
7262,26.97528390952965,15.05411616219745,2026-10-06 05:50:34.055944,2026-10-06 05:53:50.473966,0 days 00:03:16.418022,0.17534157142392734,4.95477336878759,78.91305021174706,53.19831855856638,0.009569508337727876,0.016785262374269874,196.4178831530735,60,COMPLETE
7263,,,2026-10-06 05:50:34.059638,2026-10-06 05:50:35.504734,0 days 00:00:01.445096,0.14472486883161542,1.0100598856645617,78.91305021174706,11.286119700737487,0.0028708889835573513,,,60,PRUNED
7264,32.993316235097495,7.810489657906258,2026-10-06 05:50:34.108654,2026-10-06 05:53:44.728670,0 days 00:03:10.620016,0.07058210605193928,1.0100598856645617,78.91305021174706,8.858210845255327,0.009569508337727876,1.4671267453130232e-06,190.61990502802655,60,COMPLETE
7265,23.026334393224094,33.47268380730649,2026-10-06 05:50:34.137645,2026-10-06 05:53:44.591018,0 days 00:03:10.453373,0.48967816666395225,4.014839763781616,78.91305021174706,53.19831855856638,0.009569508337727876,1.2446212784745538e-06,190.45327658578753,60,COMPLETE
7266,30.690736459443382,19.112210882659305,2026-10-06 05:50:34.149785,2026-10-06 05:53:44.109214,0 days 00:03:09.959429,0.14472486883161542,1.0100598856645617,78.91305021174706,73.19573932412894,0.009569508337727876,1.2446212784745538e-06,189.95933178579435,60,COMPLETE
7267,32.265548799800534,11.58482286357892,2026-10-06 05:50:34.186359,2026-10-06 05:53:46.332234,0 days 00:03:12.145875,0.14472486883161542,1.0100598856645617,78.91305021174706,12.025559114678314,0.009569508337727876,8.145755128214489e-06,192.1457649259828,60,COMPLETE
7268,33.01436613535704,5.5040707783313625,2026-10-06 05:50:34.189634,2026-10-06 05:53:48.558528,0 days 00:03:14.368894,0.06441798531902292,1.0100598856645617,78.91305021174706,3.239815232443957,0.009569508337727876,1.4671267453130232e-06,194.36878184601665,60,COMPLETE
7269,32.12514887008901,15.296773857589574,2026-10-06 05:50:34.214787,2026-10-06 05:53:44.595492,0 days 00:03:10.380705,0.14472486883161542,1.0100598856645617,78.91305021174706,8.858210845255327,0.008698017554316196,1.4671267453130232e-06,190.38061400596052,60,COMPLETE
7270,31.678149266256174,1.2316605668209109,2026-10-06 05:50:34.374676,2026-10-06 05:53:44.833060,0 days 00:03:10.458384,0.047559182674670304,3.42961079489487,78.91305021174706,1.2486974583437238,0.009569508337727876,1.4671267453130232e-06,190.45828426117077,60,COMPLETE
7271,29.348940091464463,3.727635749382248,2026-10-06 05:50:35.333683,2026-10-06 05:53:45.207223,0 days 00:03:09.873540,0.18472274745078338,1.0100598856645617,78.91305021174706,16.966954115393197,0.026283197025955194,0.0013806995589815219,189.87342995777726,60,COMPLETE
7272,29.317120549378398,25.42483361588202,2026-10-06 05:50:35.443676,2026-10-06 05:53:45.215280,0 days 00:03:09.771604,0.2918907020150273,3.42961079489487,80.97346391189345,18.49957504695779,0.009569508337727876,1.4671267453130232e-06,189.77150005474687,60,COMPLETE
7273,5.496664124229847,4.264397564934706,2026-10-06 05:50:35.780692,2026-10-06 05:53:49.397563,0 days 00:03:13.616871,0.48967816666395225,1.0100598856645617,1.2338309148031563,53.19831855856638,0.009569508337727876,1.0746247031029727e-06,193.61674234597012,60,COMPLETE
7274,22.249319035977216,3.976272801633839,2026-10-06 05:50:35.827661,2026-10-06 05:53:44.570911,0 days 00:03:08.743250,0.1320862812493285,34.84185220686353,56.910759234221615,12.025559114678314,0.008698017554316196,1.4671267453130232e-06,188.74270630488172,60,COMPLETE
7275,0.07398011236065538,1.2212142727701105,2026-10-06 05:50:35.843640,2026-10-06 05:53:47.360551,0 days 00:03:11.516911,0.4752850548908879,1.0100598856645617,78.91305021174706,18.49957504695779,0.008698017554316196,1.4671267453130232e-06,191.516777316574,60,COMPLETE
7276,26.765383632005488,22.335652599598514,2026-10-06 05:50:35.868652,2026-10-06 05:53:45.035034,0 days 00:03:09.166382,0.2918907020150273,4.014839763781616,78.91305021174706,18.49957504695779,0.008698017554316196,2.127442818105995e-06,189.1662807362154,60,COMPLETE
7277,32.452352752667665,11.184599712673505,2026-10-06 05:50:35.887642,2026-10-06 05:53:49.106083,0 days 00:03:13.218441,0.17534157142392734,1.0100598856645617,80.97346391189345,2.650470954427964,0.009569508337727876,1.4671267453130232e-06,193.21832895604894,60,COMPLETE
7278,26.90496490647816,3.9399830142002426,2026-10-06 05:50:35.908786,2026-10-06 05:53:50.944434,0 days 00:03:15.035648,0.8942698108119694,2.5826334477054016,78.91305021174706,8.858210845255327,0.07516277223157176,1.4671267453130232e-06,195.03550585079938,60,COMPLETE
7279,0.3752836628959078,1.1828320984156782,2026-10-06 05:50:35.912631,2026-10-06 05:53:44.932419,0 days 00:03:09.019788,0.3401090828369047,3.42961079489487,80.97346391189345,8.905591082663339,0.008698017554316196,2.328670127015952e-06,189.01968574523926,60,COMPLETE
7280,5.971211220785408,4.494420195350438,2026-10-06 05:50:36.250700,2026-10-06 05:53:46.969912,0 days 00:03:10.719212,0.35349415915446786,1.0100598856645617,1.1173281630476735,53.19831855856638,0.009569508337727876,1.4671267453130232e-06,190.71906814584509,60,COMPLETE
7281,15.103932493333996,1.5168665391176335,2026-10-06 05:50:36.871694,2026-10-06 05:53:47.970086,0 days 00:03:11.098392,0.2918907020150273,6.28879905307643,18.413174304224523,1.2740258964697266,0.009569508337727876,0.006781385767552624,191.09829671587795,60,COMPLETE
7282,4.042404646149504,2.1114347951044463,2026-10-06 05:50:37.066887,2026-10-06 05:53:46.257338,0 days 00:03:09.190451,0.3401090828369047,20.52115178089766,1.2459370793564644,53.19831855856638,0.009569508337727876,1.4671267453130232e-06,189.1903378898278,60,COMPLETE
7283,29.825295070748986,1.7227690303085053,2026-10-06 05:50:37.189127,2026-10-06 05:53:50.982891,0 days 00:03:13.793764,0.14472486883161542,6.529678628790536,78.91305021174706,3.5456938561839535,0.009569508337727876,8.145755128214489e-06,193.7936481097713,60,COMPLETE
7284,19.46805597847572,12.048483504708651,2026-10-06 05:50:37.240671,2026-10-06 05:53:46.251791,0 days 00:03:09.011120,0.2918907020150273,49.44001379035569,80.97346391189345,18.49957504695779,0.009569508337727876,6.185590485637605e-05,189.010988492053,60,COMPLETE
7285,31.055840638736832,16.810915594858635,2026-10-06 05:50:38.000690,2026-10-06 05:53:51.546956,0 days 00:03:13.546266,0.12186470831252749,1.0100598856645617,80.97346391189345,53.19831855856638,0.009569508337727876,2.108934163128921e-06,193.5461315922439,60,COMPLETE
7286,31.513386800382193,18.457858106230912,2026-10-06 05:50:38.836678,2026-10-06 05:53:50.015459,0 days 00:03:11.178781,0.14472486883161542,1.0100598856645617,78.91305021174706,21.63910276826749,0.008698017554316196,1.4671267453130232e-06,191.17863787477836,60,COMPLETE
7287,32.12514887008901,15.296773857589574,2026-10-06 05:51:05.267716,2026-10-06 05:54:18.131988,0 days 00:03:12.864272,0.14472486883161542,1.0100598856645617,78.91305021174706,8.858210845255327,0.008698017554316196,1.4671267453130232e-06,192.8641251330264,60,COMPLETE
7288,12.96836433675285,2.5842317802139765,2026-10-06 05:51:10.914673,2026-10-06 05:54:23.485630,0 days 00:03:12.570957,0.09463773086870245,3.42961079489487,6.349102741440805,53.19831855856638,0.009569508337727876,1.4671267453130232e-06,192.5708182430826,60,COMPLETE
