number,values_0,values_1,datetime_start,datetime_complete,duration,params_c_val,params_input_force,params_k_between_val,params_k_wall_val,params_m_val,params_ridge_alpha,user_attrs_duration_sec,system_attrs_NSGAIISampler:generation,state
5553,17.48934048962952,4.170818020459158,2026-10-06 04:33:21.630900,2026-10-06 04:36:36.971862,0 days 00:03:15.340962,0.11816812965117938,1.0100598856645617,3.4629939819928173,7.704673657496365,0.009569508337727876,1.4671267453130232e-06,195.34082879219204,46,COMPLETE
5554,0.07234735178587992,1.207733236993626,2026-10-06 04:33:23.300371,2026-10-06 04:36:33.148487,0 days 00:03:09.848116,0.9225340976339353,1.0100598856645617,78.91305021174706,12.025559114678314,0.008698017554316196,1.4671267453130232e-06,189.8480067239143,46,COMPLETE
5555,30.243007843885273,13.555551711390823,2026-10-06 04:33:23.345818,2026-10-06 04:36:34.207050,0 days 00:03:10.861232,0.19189241237051688,1.8054001832365776,78.91305021174706,12.025559114678314,0.008698017554316196,0.0006664025062500407,190.86111672176048,46,COMPLETE
5556,,,2026-10-06 04:33:23.629671,2026-10-06 04:33:24.132744,0 days 00:00:00.503073,0.3401090828369047,1.0100598856645617,80.97346391189345,46.431764750098004,0.008698017554316196,,,46,PRUNED
5557,30.952703895527158,16.642244645920023,2026-10-06 04:33:23.704682,2026-10-06 04:36:38.656665,0 days 00:03:14.951983,0.12186470831252749,1.9313722908490645,78.91305021174706,12.025559114678314,0.008698017554316196,1.4671267453130232e-06,194.95185786113143,46,COMPLETE
5558,29.97965731538495,18.686628496854556,2026-10-06 04:33:23.740661,2026-10-06 04:36:42.887331,0 days 00:03:19.146670,0.2918907020150273,1.8054001832365776,78.91305021174706,15.382666136782571,0.009569508337727876,2.328670127015952e-06,199.14654551586136,46,COMPLETE
5559,23.88152928215723,4.658175989951532,2026-10-06 04:33:23.870827,2026-10-06 04:36:35.254283,0 days 00:03:11.383456,0.14472486883161542,44.82648626247504,78.91305021174706,13.395661059672221,0.009569508337727876,2.328670127015952e-06,191.38332304358482,46,COMPLETE
5560,32.38589251764321,13.209498560052605,2026-10-06 04:33:24.421694,2026-10-06 04:36:32.973597,0 days 00:03:08.551903,0.17534157142392734,1.0100598856645617,78.91305021174706,7.704673657496365,0.009569508337727876,1.4671267453130232e-06,188.55174981616437,46,COMPLETE
5561,27.37199958085129,1.7290021114538119,2026-10-06 04:33:24.571836,2026-10-06 04:36:36.298477,0 days 00:03:11.726641,0.0799489166456082,34.80805575373945,78.91305021174706,7.704673657496365,0.009569508337727876,2.328670127015952e-06,191.72654358576983,46,COMPLETE
5562,,,2026-10-06 04:33:24.575651,2026-10-06 04:33:27.167723,0 days 00:00:02.592072,0.48967816666395225,1.0100598856645617,69.33707937619111,53.19831855856638,0.0011748902669119934,,,46,PRUNED
5563,27.012610873122544,28.95092221446346,2026-10-06 04:33:24.579627,2026-10-06 04:36:37.253662,0 days 00:03:12.674035,0.3401090828369047,3.42961079489487,78.91305021174706,38.52680789958333,0.009569508337727876,1.4671267453130232e-06,192.67394517408684,46,COMPLETE
5564,25.660846008829914,7.22193948473468,2026-10-06 04:33:24.596768,2026-10-06 04:36:37.748591,0 days 00:03:13.151823,0.14472486883161542,1.0100598856645617,78.91305021174706,18.49957504695779,0.009569508337727876,0.018247800532824668,193.151719792746,46,COMPLETE
5565,30.639298018036516,18.08784813044794,2026-10-06 04:33:24.708839,2026-10-06 04:36:39.068530,0 days 00:03:14.359691,0.14472486883161542,1.0100598856645617,78.91305021174706,78.54699696409129,0.009569508337727876,6.564224893378656e-06,194.35957708302885,46,COMPLETE
5566,24.17876767684546,5.949738228318939,2026-10-06 04:33:24.716664,2026-10-06 04:36:35.587418,0 days 00:03:10.870754,0.14472486883161542,3.7533417636897397,78.91305021174706,7.704673657496365,0.008698017554316196,1.4671267453130232e-06,190.87065512919798,46,COMPLETE
5567,6.100786161952826,2.4240989885400688,2026-10-06 04:33:24.747665,2026-10-06 04:36:36.131774,0 days 00:03:11.384109,0.17534157142392734,1.8054001832365776,3.2620355459378394,12.025559114678314,0.008698017554316196,15.355232761052424,191.38399741379544,46,COMPLETE
5568,0.49478549960386486,1.20677796451341,2026-10-06 04:33:24.816802,2026-10-06 04:36:36.272509,0 days 00:03:11.455707,0.419007027175139,3.42961079489487,78.91305021174706,6.182683349256731,0.008698017554316196,2.328670127015952e-06,191.455610322766,46,COMPLETE
5569,32.30243655607746,2.6246776553935574,2026-10-06 04:33:25.046697,2026-10-06 04:36:36.783799,0 days 00:03:11.737102,0.09974692217375439,1.8054001832365776,78.91305021174706,12.025559114678314,0.03463343903868386,1.2446212784745538e-06,191.73696732986718,46,COMPLETE
5570,30.828433449715135,19.3754453765542,2026-10-06 04:33:25.221790,2026-10-06 04:36:38.950826,0 days 00:03:13.729036,0.14472486883161542,1.8054001832365776,78.91305021174706,18.49957504695779,0.008698017554316196,2.328670127015952e-06,193.72893613483757,46,COMPLETE
5571,30.512414280957792,21.023322445998488,2026-10-06 04:33:25.322704,2026-10-06 04:36:35.286520,0 days 00:03:09.963816,0.17534157142392734,1.8054001832365776,78.91305021174706,41.16684458961835,0.009569508337727876,2.328670127015952e-06,189.96371476119384,46,COMPLETE
5572,33.125811189206814,3.4086597897152684,2026-10-06 04:33:25.625686,2026-10-06 04:36:39.586543,0 days 00:03:13.960857,0.14472486883161542,1.0100598856645617,78.91305021174706,12.025559114678314,0.03463343903868386,1.4671267453130232e-06,193.96072611911222,46,COMPLETE
5573,27.6546273935818,10.061457981385226,2026-10-06 04:33:26.294878,2026-10-06 04:36:38.879419,0 days 00:03:12.584541,0.14978139304921798,3.42961079489487,80.97346391189345,7.14008749932051,0.009569508337727876,1.4671267453130232e-06,192.58443856611848,46,COMPLETE
5574,28.49311203652137,8.745697819062768,2026-10-06 04:33:26.298640,2026-10-06 04:36:41.533691,0 days 00:03:15.235051,0.3401090828369047,3.42961079489487,78.91305021174706,1.1437215821936901,0.008698017554316196,1.4671267453130232e-06,195.23494900483638,46,COMPLETE
5575,31.438813026550207,18.19756834522252,2026-10-06 04:33:26.302627,2026-10-06 04:36:41.418342,0 days 00:03:15.115715,0.18472274745078338,1.8054001832365776,78.91305021174706,6.182683349256731,0.008698017554316196,2.328670127015952e-06,195.11560395173728,46,COMPLETE
5576,29.65488068437341,2.672101333223928,2026-10-06 04:33:26.306628,2026-10-06 04:36:41.092053,0 days 00:03:14.785425,0.18472274745078338,1.8054001832365776,78.91305021174706,53.19831855856638,0.06844411326665124,2.328670127015952e-06,194.78532046405599,46,COMPLETE
5577,27.91955433294397,21.562576976261063,2026-10-06 04:33:26.308625,2026-10-06 04:36:39.002621,0 days 00:03:12.693996,0.22031827582514427,4.95477336878759,78.91305021174706,53.19831855856638,0.011680598603211943,1.4671267453130232e-06,192.6939049307257,46,COMPLETE
5578,32.70904525151151,11.8501089631964,2026-10-06 04:33:26.312624,2026-10-06 04:36:35.803712,0 days 00:03:09.491088,0.12186470831252749,1.0100598856645617,78.91305021174706,7.704673657496365,0.009569508337727876,1.2446212784745538e-06,189.49099039798602,46,COMPLETE
5579,29.675436228734817,23.961751355718057,2026-10-06 04:33:26.316628,2026-10-06 04:36:42.372368,0 days 00:03:16.055740,0.22031827582514427,2.5826334477054016,78.52103499691256,45.605935248059524,0.009569508337727876,2.328670127015952e-06,196.05562373623252,46,COMPLETE
5580,10.95132403083614,4.684988333182652,2026-10-06 04:33:26.344647,2026-10-06 04:36:38.026356,0 days 00:03:11.681709,0.19189241237051688,1.8054001832365776,2.125205110956888,12.025559114678314,0.008698017554316196,1.4671267453130232e-06,191.68160151690245,46,COMPLETE
5581,17.57975587753298,6.548170435420896,2026-10-06 04:33:26.348625,2026-10-06 04:36:34.841522,0 days 00:03:08.492897,0.18472274745078338,41.77539946122274,78.91305021174706,30.488007635387973,0.009569508337727876,1.3838439712222074e-06,188.4927778467536,46,COMPLETE
5582,23.150156170377368,11.072467630872541,2026-10-06 04:33:27.376687,2026-10-06 04:36:41.335305,0 days 00:03:13.958618,0.17534157142392734,1.8054001832365776,78.91305021174706,16.966954115393197,0.008698017554316196,0.06943271093885015,193.95850941026583,46,COMPLETE
5583,20.789227515588685,1.2374159250190264,2026-10-06 04:33:27.380643,2026-10-06 04:36:42.728597,0 days 00:03:15.347954,0.025707886016487127,3.42961079489487,80.97346391189345,18.49957504695779,0.008698017554316196,1.4671267453130232e-06,195.34784111287445,46,COMPLETE
5584,31.0743683744277,4.059307808682994,2026-10-06 04:33:27.384631,2026-10-06 04:36:37.910364,0 days 00:03:10.525733,0.14472486883161542,3.136123679396518,78.91305021174706,40.60568256629136,0.03925490505541847,1.0746247031029727e-06,190.52561839530244,46,COMPLETE
5585,30.143072830189443,17.094880810343433,2026-10-06 04:33:27.428657,2026-10-06 04:36:40.713685,0 days 00:03:13.285028,0.14472486883161542,3.42961079489487,80.97346391189345,18.49957504695779,0.009569508337727876,1.4671267453130232e-06,193.2849113419652,46,COMPLETE
5586,27.012132315831103,14.690877120410128,2026-10-06 04:33:27.916686,2026-10-06 04:36:37.971966,0 days 00:03:10.055280,0.419007027175139,1.0100598856645617,78.91305021174706,12.025559114678314,0.009569508337727876,1.4671267453130232e-06,190.05516292899847,46,COMPLETE
5587,21.622151414658546,16.61329671401142,2026-10-06 04:33:28.068936,2026-10-06 04:36:40.830000,0 days 00:03:12.761064,0.48967816666395225,6.28879905307643,63.18357488430577,7.704673657496365,0.009569508337727876,2.328670127015952e-06,192.7609634832479,46,COMPLETE
5588,22.61607043391376,2.9454568735654676,2026-10-06 04:33:28.072645,2026-10-06 04:36:36.039024,0 days 00:03:07.966379,0.14472486883161542,37.09083408392145,78.91305021174706,7.704673657496365,0.009569508337727876,30.47815950725093,187.96625817473978,46,COMPLETE
5589,31.185041136534785,2.067654960162396,2026-10-06 04:33:28.088947,2026-10-06 04:36:40.294197,0 days 00:03:12.205250,0.14472486883161542,33.62938918604567,78.91305021174706,1.4663348520267236,0.009569508337727876,1.4671267453130232e-06,192.205164372921,46,COMPLETE
5590,30.895851269781314,13.89342156052947,2026-10-06 04:33:28.320689,2026-10-06 04:36:39.119652,0 days 00:03:10.798963,0.14472486883161542,1.0100598856645617,58.017737718194,12.025559114678314,0.009569508337727876,1.2446212784745538e-06,190.798864858225,46,COMPLETE
5591,0.19352181824832382,1.2068736989677165,2026-10-06 04:33:28.459663,2026-10-06 04:36:40.765061,0 days 00:03:12.305398,0.3401090828369047,1.8054001832365776,80.97346391189345,6.182683349256731,0.008698017554316196,8.089724688922644e-05,192.30528221977875,46,COMPLETE
5592,30.84472588599852,19.725698607705986,2026-10-06 04:33:28.479833,2026-10-06 04:36:37.201237,0 days 00:03:08.721404,0.22031827582514427,2.5826334477054016,78.91305021174706,7.704673657496365,0.009569508337727876,1.4671267453130232e-06,188.72130687581375,46,COMPLETE
5593,30.953904478708345,21.593067883709146,2026-10-06 04:33:28.483646,2026-10-06 04:36:42.220022,0 days 00:03:13.736376,0.19189241237051688,1.8054001832365776,78.91305021174706,11.669807638600014,0.008698017554316196,1.4671267453130232e-06,193.73625646485016,46,COMPLETE
5594,31.715926164627245,13.13105565822169,2026-10-06 04:33:28.487630,2026-10-06 04:36:40.941526,0 days 00:03:12.453896,0.17534157142392734,1.8054001832365776,78.91305021174706,6.182683349256731,0.009569508337727876,1.0859499521038232e-05,192.45379105117172,46,COMPLETE
5595,4.806799930978036,1.2729207071897686,2026-10-06 04:33:28.941703,2026-10-06 04:36:41.484542,0 days 00:03:12.542839,0.018650376029506144,1.0100598856645617,1.4162570255597775,11.020351564665999,0.009569508337727876,1.4671267453130232e-06,192.5427291020751,46,COMPLETE
5596,30.100555035871242,22.544590964735622,2026-10-06 04:33:28.973824,2026-10-06 04:36:40.444407,0 days 00:03:11.470583,0.17534157142392734,1.8054001832365776,78.91305021174706,34.963226682822004,0.008698017554316196,2.328670127015952e-06,191.4704540190287,46,COMPLETE
5597,9.351990948451283,1.505382591735886,2026-10-06 04:33:29.028673,2026-10-06 04:36:43.067536,0 days 00:03:14.038863,0.06169107162582625,1.8054001832365776,2.307607317766468,18.49957504695779,0.008698017554316196,2.328670127015952e-06,194.0387459290214,46,COMPLETE
5598,28.362310777637713,13.971863321638102,2026-10-06 04:33:29.240828,2026-10-06 04:36:41.116626,0 days 00:03:11.875798,0.17534157142392734,3.42961079489487,78.91305021174706,7.14008749932051,0.009569508337727876,1.4671267453130232e-06,191.8757000360638,46,COMPLETE
5599,32.04598411423736,15.419411774086326,2026-10-06 04:33:29.370985,2026-10-06 04:36:40.302250,0 days 00:03:10.931265,0.14472486883161542,1.0100598856645617,78.91305021174706,18.49957504695779,0.009569508337727876,1.4671267453130232e-06,190.93117743404582,46,COMPLETE
5600,26.72501259487052,29.5435104560262,2026-10-06 04:33:29.778678,2026-10-06 04:36:38.174122,0 days 00:03:08.395444,0.3401090828369047,3.42961079489487,80.97346391189345,45.605935248059524,0.009569508337727876,2.328670127015952e-06,188.39534663688391,46,COMPLETE
5601,30.93566168680822,21.685335779995146,2026-10-06 04:33:29.914715,2026-10-06 04:36:39.480932,0 days 00:03:09.566217,0.19189241237051688,1.8054001832365776,78.91305021174706,12.025559114678314,0.008698017554316196,1.4671267453130232e-06,189.5660897460766,46,COMPLETE
5602,32.5866573771473,10.639139830886775,2026-10-06 04:33:30.020832,2026-10-06 04:36:39.850734,0 days 00:03:09.829902,0.08157147334282172,1.0100598856645617,78.91305021174706,18.49957504695779,0.009569508337727876,1.4671267453130232e-06,189.82977691991255,46,COMPLETE
5603,0.08257280668687988,1.166088778336102,2026-10-06 04:33:30.721971,2026-10-06 04:36:41.564695,0 days 00:03:10.842724,0.9634692892910076,1.8054001832365776,78.91305021174706,18.49957504695779,0.008698017554316196,1.4671267453130232e-06,190.84262016275898,46,COMPLETE
5604,30.826775634455167,19.43079936779744,2026-10-06 04:33:30.745671,2026-10-06 04:36:41.154132,0 days 00:03:10.408461,0.14472486883161542,1.8054001832365776,78.91305021174706,18.49957504695779,0.008698017554316196,1.4671267453130232e-06,190.40836652368307,46,COMPLETE
5605,23.375232136126392,32.287505094854964,2026-10-06 04:33:31.211685,2026-10-06 04:36:42.623767,0 days 00:03:11.412082,0.48967816666395225,3.42961079489487,78.91305021174706,53.19831855856638,0.009569508337727876,1.4671267453130232e-06,191.41196724865586,46,COMPLETE
5606,1.6054180372293754,1.2655551713005329,2026-10-06 04:33:31.772689,2026-10-06 04:36:40.204158,0 days 00:03:08.431469,0.4099852290708807,41.07629536228699,78.91305021174706,7.14008749932051,0.008728351851648166,0.003113122648143233,188.43135588709265,46,COMPLETE
5607,,,2026-10-06 04:33:32.336693,2026-10-06 04:33:33.202780,0 days 00:00:00.866087,0.19189241237051688,3.42961079489487,78.91305021174706,20.134372395670564,0.004724858000200651,,,46,PRUNED
5608,31.82632862020902,16.1371655868811,2026-10-06 04:33:32.800697,2026-10-06 04:36:41.307066,0 days 00:03:08.506369,0.17534157142392734,1.8054001832365776,78.91305021174706,6.182683349256731,0.009569508337727876,1.4671267453130232e-06,188.50623334478587,46,COMPLETE
5609,31.600870502031125,18.026010912336382,2026-10-06 04:33:33.278837,2026-10-06 04:36:42.876024,0 days 00:03:09.597187,0.19189241237051688,1.8054001832365776,78.91305021174706,4.949274479107639,0.008698017554316196,1.4671267453130232e-06,189.5970762791112,46,COMPLETE
5610,24.73871506286813,3.7285902751915896,2026-10-06 04:33:33.282641,2026-10-06 04:36:44.681361,0 days 00:03:11.398720,0.3401090828369047,20.043441890189875,78.91305021174706,6.182683349256731,0.009569508337727876,1.4671267453130232e-06,191.3985919659026,46,COMPLETE
5611,31.78963927679527,16.27189181174433,2026-10-06 04:33:58.922695,2026-10-06 04:37:14.127745,0 days 00:03:15.205050,0.17534157142392734,1.0100598856645617,78.91305021174706,12.025559114678314,0.008698017554316196,2.328670127015952e-06,195.20492643024772,46,COMPLETE
5612,31.187564704759602,20.059948025582262,2026-10-06 04:34:04.992696,2026-10-06 04:37:17.082703,0 days 00:03:12.090007,0.17534157142392734,1.8054001832365776,78.91305021174706,8.858210845255327,0.008698017554316196,1.4671267453130232e-06,192.0898756943643,47,COMPLETE
5613,10.537599740179726,2.611754764316702,2026-10-06 04:34:34.450703,2026-10-06 04:37:45.816553,0 days 00:03:11.365850,0.14472486883161542,1.0100598856645617,1.0397990010519882,7.704673657496365,0.009569508337727876,2.108934163128921e-06,191.36572198802605,47,COMPLETE
5614,31.43764574648884,14.379382306657444,2026-10-06 04:34:39.884707,2026-10-06 04:37:54.088465,0 days 00:03:14.203758,0.11881620276657617,1.8054001832365776,78.91305021174706,7.704673657496365,0.009131337567346853,2.108934163128921e-06,194.20362951327115,47,COMPLETE
5615,15.473727449945281,5.241301360740154,2026-10-06 04:34:42.889690,2026-10-06 04:37:56.494329,0 days 00:03:13.604639,0.17534157142392734,1.0100598856645617,3.5681013876432033,7.704673657496365,0.009569508337727876,2.108934163128921e-06,193.60451598698273,47,COMPLETE
5616,11.369360149985564,15.344271314270646,2026-10-06 04:35:22.108686,2026-10-06 04:38:31.756626,0 days 00:03:09.647940,0.25002299570940734,1.8054001832365776,8.390483009881585,53.19831855856638,0.003009307952261582,1.4671267453130232e-06,189.64781237812713,47,COMPLETE
5617,28.771755933187784,19.885786016870618,2026-10-06 04:36:32.820701,2026-10-06 04:39:45.419731,0 days 00:03:12.599030,0.3401090828369047,1.0100598856645617,78.91305021174706,53.19831855856638,0.009569508337727876,1.4671267453130232e-06,192.59889818402007,47,COMPLETE
5618,1.9634761483581376,1.3242771539116813,2026-10-06 04:36:33.129711,2026-10-06 04:39:46.697801,0 days 00:03:13.568090,0.06441798531902292,6.473314479427628,1.1982528836416453,53.19831855856638,0.009569508337727876,40.04368929951541,193.56795858917758,47,COMPLETE
5619,13.842700383930847,7.619035915938153,2026-10-06 04:36:33.410859,2026-10-06 04:39:48.236525,0 days 00:03:14.825666,0.22031827582514427,1.8054001832365776,4.702915603094245,18.49957504695779,0.009569508337727876,2.328670127015952e-06,194.82555627496913,47,COMPLETE
5620,26.62603079473849,3.9068866324489995,2026-10-06 04:36:34.708697,2026-10-06 04:39:47.968536,0 days 00:03:13.259839,0.22031827582514427,1.8054001832365776,78.91305021174706,38.52680789958333,0.008698017554316196,0.0005367673241305504,193.25971311610192,47,COMPLETE
5621,29.22990267915882,1.2814868186511847,2026-10-06 04:36:35.302689,2026-10-06 04:39:50.928534,0 days 00:03:15.625845,0.17534157142392734,1.0100598856645617,78.91305021174706,6.611944330017695,0.0790327935877612,0.00023494384322953867,195.6257167928852,47,COMPLETE
5622,17.042957895497672,3.4873296777397638,2026-10-06 04:36:35.412798,2026-10-06 04:39:45.099111,0 days 00:03:09.686313,0.9813513345790841,1.8054001832365776,78.91305021174706,18.49957504695779,0.009569508337727876,1.4671267453130232e-06,189.6861737659201,47,COMPLETE
5623,,,2026-10-06 04:36:35.727374,2026-10-06 04:36:36.793902,0 days 00:00:01.066528,0.2680662921881964,31.8086997814615,78.91305021174706,53.19831855856638,0.008698017554316196,,,47,PRUNED
5624,31.953517529900097,16.538724957378236,2026-10-06 04:36:35.811665,2026-10-06 04:39:47.414180,0 days 00:03:11.602515,0.14472486883161542,1.0100598856645617,78.91305021174706,12.025559114678314,0.008698017554316196,1.4671267453130232e-06,191.6023992570117,47,COMPLETE
5625,3.295778690940788,1.1672041350415254,2026-10-06 04:36:35.828645,2026-10-06 04:39:50.198182,0 days 00:03:14.369537,0.03597577162325452,1.8054001832365776,1.3980851070037639,53.19831855856638,0.009569508337727876,1.4671267453130232e-06,194.36942931776866,47,COMPLETE
5626,28.596530757891742,15.318235756548939,2026-10-06 04:36:36.163823,2026-10-06 04:39:47.017218,0 days 00:03:10.853395,0.3401090828369047,1.8054001832365776,80.97346391189345,53.19831855856638,0.019101041166695646,1.4671267453130232e-06,190.8532598358579,47,COMPLETE
5627,30.93566168680822,21.685335779995146,2026-10-06 04:36:36.171655,2026-10-06 04:39:51.745904,0 days 00:03:15.574249,0.19189241237051688,1.8054001832365776,78.91305021174706,12.025559114678314,0.008698017554316196,1.4671267453130232e-06,195.57413967698812,47,COMPLETE
5628,29.622695784147606,24.125471238415905,2026-10-06 04:36:36.284915,2026-10-06 04:39:46.484195,0 days 00:03:10.199280,0.2680662921881964,3.42961079489487,78.91305021174706,18.49957504695779,0.00978505718405828,1.4671267453130232e-06,190.19915178092197,47,COMPLETE
5629,29.898886199214793,23.979487050853066,2026-10-06 04:36:36.302644,2026-10-06 04:39:47.384278,0 days 00:03:11.081634,0.237336311708625,1.8054001832365776,78.91305021174706,53.19831855856638,0.009569508337727876,2.328670127015952e-06,191.08150265086442,47,COMPLETE
5630,30.41339378622961,22.191857942557125,2026-10-06 04:36:36.527691,2026-10-06 04:39:46.540561,0 days 00:03:10.012870,0.17534157142392734,1.8054001832365776,78.91305021174706,27.859653269419073,0.008698017554316196,2.328670127015952e-06,190.01274016872048,47,COMPLETE
5631,10.271703468434008,3.344150852837328,2026-10-06 04:36:37.048709,2026-10-06 04:39:48.552484,0 days 00:03:11.503775,0.14472486883161542,1.8054001832365776,1.8859628131202435,12.025559114678314,0.008698017554316196,7.032564187561768e-05,191.503663581796,47,COMPLETE
5632,,,2026-10-06 04:36:37.108667,2026-10-06 04:36:37.600741,0 days 00:00:00.492074,0.22031827582514427,2.5826334477054016,78.91305021174706,45.605935248059524,0.002181751962674501,,,47,PRUNED
5633,,,2026-10-06 04:36:37.136816,2026-10-06 04:36:37.701707,0 days 00:00:00.564891,0.2680662921881964,3.42961079489487,78.91305021174706,53.19831855856638,0.003377387678970649,,,47,PRUNED
5634,23.14183863424147,1.1923521133355939,2026-10-06 04:36:37.265795,2026-10-06 04:39:51.453084,0 days 00:03:14.187289,0.012216340824665295,1.8054001832365776,78.91305021174706,7.14008749932051,0.008698017554316196,2.328670127015952e-06,194.18717536283657,47,COMPLETE
