number,values_0,values_1,datetime_start,datetime_complete,duration,params_c_val,params_input_force,params_k_between_val,params_k_wall_val,params_m_val,params_ridge_alpha,user_attrs_duration_sec,system_attrs_NSGAIISampler:generation,state
6048,32.25937619794172,13.944035138515497,2026-10-06 04:55:53.088699,2026-10-06 04:59:07.484165,0 days 00:03:14.395466,0.14472486883161542,1.0100598856645617,78.91305021174706,6.182683349256731,0.008698017554316196,1.4671267453130232e-06,194.3953447197564,50,COMPLETE
6049,5.994792660305848,2.8554739786695977,2026-10-06 04:55:53.332699,2026-10-06 04:59:07.303669,0 days 00:03:13.970970,0.2918907020150273,3.42961079489487,1.379842713978677,18.49957504695779,0.009569508337727876,1.4671267453130232e-06,193.97085623815656,50,COMPLETE
6050,23.8402547341908,16.730930445676886,2026-10-06 04:55:53.562319,2026-10-06 04:59:05.235903,0 days 00:03:11.673584,0.48967816666395225,1.0100598856645617,79.94124714589213,25.661007775084517,0.009569508337727876,2.328670127015952e-06,191.67344848485664,50,COMPLETE
6051,23.883134515725676,29.850028759672718,2026-10-06 04:55:53.880851,2026-10-06 04:59:05.799359,0 days 00:03:11.918508,0.48967816666395225,2.5826334477054016,78.91305021174706,53.19831855856638,0.009569508337727876,1.4671267453130232e-06,191.91840809537098,50,COMPLETE
6052,26.487491558905397,1.5048882686875662,2026-10-06 04:55:53.884645,2026-10-06 04:59:10.252213,0 days 00:03:16.367568,0.35349415915446786,1.0100598856645617,78.91305021174706,12.025559114678314,0.008698017554316196,1.4671267453130232e-06,196.36747188633308,50,COMPLETE
6053,30.60793008488763,18.90005362595576,2026-10-06 04:55:53.896639,2026-10-06 04:59:08.745113,0 days 00:03:14.848474,0.14472486883161542,1.0100598856645617,78.91305021174706,80.56528984112934,0.009569508337727876,2.108934163128921e-06,194.8483677012846,50,COMPLETE
6054,24.464035686385422,26.18847698701406,2026-10-06 04:55:54.253844,2026-10-06 04:59:09.252177,0 days 00:03:14.998333,0.48967816666395225,3.42961079489487,78.91305021174706,18.49957504695779,0.009569508337727876,1.4671267453130232e-06,194.9982315050438,50,COMPLETE
6055,27.0059918813391,26.71394306196352,2026-10-06 04:55:54.354664,2026-10-06 04:59:10.987383,0 days 00:03:16.632719,0.2680662921881964,4.95477336878759,78.91305021174706,18.49957504695779,0.008698017554316196,2.328670127015952e-06,196.632619114127,50,COMPLETE
6056,21.834994754019334,1.2291280933232194,2026-10-06 04:55:54.708301,2026-10-06 04:59:08.615651,0 days 00:03:13.907350,0.01683150988446792,1.8054001832365776,69.16329565667773,18.49957504695779,0.008698017554316196,1.3433440794321045,193.9072337220423,50,COMPLETE
6057,29.778049325511272,23.961428108042835,2026-10-06 04:55:54.777849,2026-10-06 04:59:05.645886,0 days 00:03:10.868037,0.2918907020150273,3.42961079489487,80.97346391189345,12.025559114678314,0.009569508337727876,1.2446212784745538e-06,190.86790945194662,50,COMPLETE
6058,17.453698266666823,6.174626688005748,2026-10-06 04:55:54.873940,2026-10-06 04:59:05.790731,0 days 00:03:10.916791,0.14472486883161542,1.0100598856645617,4.827073055339799,12.025559114678314,0.009569508337727876,1.2446212784745538e-06,190.91668389504775,50,COMPLETE
6059,0.0960809892431501,1.1773578322664278,2026-10-06 04:55:54.877637,2026-10-06 04:59:05.881511,0 days 00:03:11.003874,0.2918907020150273,1.8054001832365776,80.97346391189345,18.49957504695779,0.008698017554316196,0.5431867256609914,191.00377908255905,50,COMPLETE
6060,30.373433929302468,11.028241161395709,2026-10-06 04:55:54.909758,2026-10-06 04:59:05.470704,0 days 00:03:10.560946,0.17534157142392734,3.42961079489487,78.91305021174706,12.025559114678314,0.01662529386648102,2.328670127015952e-06,190.5608412278816,50,COMPLETE
6061,,,2026-10-06 04:55:55.423870,2026-10-06 04:55:55.789587,0 days 00:00:00.365717,0.43646143864981685,20.845413351716047,78.91305021174706,53.19831855856638,0.0019765522087603063,,,50,PRUNED
6062,31.33118016969205,19.584234010711846,2026-10-06 04:55:55.427639,2026-10-06 04:59:08.997728,0 days 00:03:13.570089,0.19189241237051688,1.0100598856645617,78.91305021174706,18.49957504695779,0.008698017554316196,1.4671267453130232e-06,193.56999289011583,50,COMPLETE
6063,,,2026-10-06 04:55:55.459643,2026-10-06 04:55:56.508567,0 days 00:00:01.048924,0.12186470831252749,1.0100598856645617,78.91305021174706,2.5931783094816834,0.001023063330176404,,,50,PRUNED
6064,29.823780531883603,21.154378565641043,2026-10-06 04:55:55.463638,2026-10-06 04:59:10.952536,0 days 00:03:15.488898,0.17534157142392734,3.42961079489487,78.91305021174706,15.382666136782571,0.008698017554316196,2.328670127015952e-06,195.48878443380818,50,COMPLETE
6065,,,2026-10-06 04:55:55.467636,2026-10-06 04:55:56.208947,0 days 00:00:00.741311,0.18472274745078338,1.8054001832365776,78.91305021174706,18.49957504695779,0.007581745468971313,,,50,PRUNED
6066,31.001219460577705,20.546874726373222,2026-10-06 04:55:55.741710,2026-10-06 04:59:11.191545,0 days 00:03:15.449835,0.17534157142392734,1.8054001832365776,78.91305021174706,12.025559114678314,0.008698017554316196,2.328670127015952e-06,195.44969616504386,50,COMPLETE
6067,0.2917415450392283,1.2575882476410645,2026-10-06 04:55:56.263671,2026-10-06 04:59:07.306393,0 days 00:03:11.042722,0.2918907020150273,2.8110857254268957,80.97346391189345,8.858210845255327,0.008698017554316196,1.4671267453130232e-06,191.04262077622116,50,COMPLETE
6068,20.82926714775917,3.8108176287797653,2026-10-06 04:55:56.312958,2026-10-06 04:59:10.152134,0 days 00:03:13.839176,0.19189241237051688,1.0100598856645617,78.91305021174706,12.025559114678314,0.008698017554316196,0.040835967847139096,193.83905039494857,50,COMPLETE
6069,27.078290957419647,4.414084136283938,2026-10-06 04:55:56.316644,2026-10-06 04:59:12.717238,0 days 00:03:16.400594,0.1671890469269037,26.754588127553,78.91305021174706,7.704673657496365,0.009569508337727876,1.4671267453130232e-06,196.40046928310767,50,COMPLETE
6070,24.21055381730554,26.04651223110255,2026-10-06 04:55:56.320626,2026-10-06 04:59:07.033910,0 days 00:03:10.713284,0.48967816666395225,1.8054001832365776,78.91305021174706,53.19831855856638,0.009569508337727876,1.4671267453130232e-06,190.71319547621533,50,COMPLETE
6071,28.80892443431004,25.599017529133974,2026-10-06 04:55:56.324624,2026-10-06 04:59:08.550427,0 days 00:03:12.225803,0.2918907020150273,4.014839763781616,78.91305021174706,18.49957504695779,0.009569508337727876,1.2446212784745538e-06,192.22569243889302,50,COMPLETE
6072,23.83527386847207,15.738066591204397,2026-10-06 04:55:56.328622,2026-10-06 04:59:09.552531,0 days 00:03:13.223909,0.48967816666395225,1.0100598856645617,78.91305021174706,18.49957504695779,0.009569508337727876,1.4671267453130232e-06,193.22378589212894,50,COMPLETE
6073,30.937581462330037,20.781699249413418,2026-10-06 04:55:56.332631,2026-10-06 04:59:06.114682,0 days 00:03:09.782051,0.20188838799170525,1.8054001832365776,78.91305021174706,17.444176692293013,0.009569508337727876,1.2446212784745538e-06,189.78193624177948,50,COMPLETE
6074,32.0969896072665,15.459686287051172,2026-10-06 04:55:56.336625,2026-10-06 04:59:05.356834,0 days 00:03:09.020209,0.14472486883161542,1.0100598856645617,78.91305021174706,17.444176692293013,0.009569508337727876,1.2446212784745538e-06,189.02014381438494,50,COMPLETE
6075,31.876262656718232,14.24614889358058,2026-10-06 04:55:56.392647,2026-10-06 04:59:06.621123,0 days 00:03:10.228476,0.19189241237051688,1.0100598856645617,78.91305021174706,8.858210845255327,0.008698017554316196,4.288962426515398e-06,190.2283538840711,50,COMPLETE
6076,,,2026-10-06 04:55:56.405644,2026-10-06 04:55:57.923711,0 days 00:00:01.518067,0.17534157142392734,1.0100598856645617,78.91305021174706,12.025559114678314,0.004295875603966514,,,50,PRUNED
6077,16.9501870808271,1.2509163233009044,2026-10-06 04:55:56.409637,2026-10-06 04:59:10.789679,0 days 00:03:14.380042,0.016351634115983463,2.5826334477054016,78.91305021174706,53.19831855856638,0.009569508337727876,1.4671267453130232e-06,194.37993810418993,50,COMPLETE
6078,30.305895645245073,14.88192914603509,2026-10-06 04:55:56.413636,2026-10-06 04:59:06.002777,0 days 00:03:09.589141,0.3253601151317248,1.0100598856645617,78.91305021174706,6.9969894091921505,0.008698017554316196,2.108934163128921e-06,189.5890378463082,50,COMPLETE
6079,33.125811189206814,3.4086597897152684,2026-10-06 04:55:56.417629,2026-10-06 04:59:03.932392,0 days 00:03:07.514763,0.14472486883161542,1.0100598856645617,78.91305021174706,12.025559114678314,0.03463343903868386,1.4671267453130232e-06,187.51463855523616,50,COMPLETE
6080,29.640996740689275,4.150426825440174,2026-10-06 04:55:56.425645,2026-10-06 04:59:09.039504,0 days 00:03:12.613859,0.03742988826786625,1.0100598856645617,16.759053443304328,20.788460977457643,0.009569508337727876,1.4671267453130232e-06,192.61377525189891,50,COMPLETE
6081,26.126158864580436,8.160492802665637,2026-10-06 04:55:56.508976,2026-10-06 04:59:14.641055,0 days 00:03:18.132079,0.20188838799170525,43.6438968186423,78.91305021174706,6.182683349256731,0.008698017554316196,1.4671267453130232e-06,198.13193533103913,50,COMPLETE
6082,28.20941557082271,2.964178751716264,2026-10-06 04:55:56.512626,2026-10-06 04:59:04.162961,0 days 00:03:07.650335,0.35349415915446786,3.42961079489487,78.91305021174706,53.19831855856638,0.09807177199237138,1.4671267453130232e-06,187.65023237932473,50,COMPLETE
6083,,,2026-10-06 04:55:58.023867,2026-10-06 04:55:59.006727,0 days 00:00:00.982860,0.35349415915446786,2.5826334477054016,78.91305021174706,53.19831855856638,0.008698017554316196,,,50,PRUNED
6084,29.56267169501917,15.928551579592993,2026-10-06 04:55:58.027642,2026-10-06 04:59:08.852521,0 days 00:03:10.824879,0.1127962516490262,3.42961079489487,80.97346391189345,53.19831855856638,0.009569508337727876,1.4671267453130232e-06,190.8247726401314,50,COMPLETE
6085,31.599092926969696,17.307496647039486,2026-10-06 04:55:58.031625,2026-10-06 04:59:13.445342,0 days 00:03:15.413717,0.19189241237051688,1.8054001832365776,78.91305021174706,4.949274479107639,0.008698017554316196,2.108934163128921e-06,195.41359759215266,50,COMPLETE
6086,26.72501259487052,29.5435104560262,2026-10-06 04:55:58.035623,2026-10-06 04:59:04.607914,0 days 00:03:06.572291,0.3401090828369047,3.42961079489487,80.97346391189345,45.605935248059524,0.009569508337727876,2.328670127015952e-06,186.57218766538426,50,COMPLETE
6087,31.452886422804426,18.80082637624935,2026-10-06 04:55:58.067651,2026-10-06 04:59:06.882644,0 days 00:03:08.814993,0.17534157142392734,1.8054001832365776,78.91305021174706,6.182683349256731,0.008698017554316196,1.4671267453130232e-06,188.8148994189687,50,COMPLETE
6088,30.62135140085612,2.5072413439292474,2026-10-06 04:55:58.164671,2026-10-06 04:59:10.759260,0 days 00:03:12.594589,0.22031827582514427,1.8054001832365776,78.91305021174706,18.49957504695779,0.0686504256594425,2.328670127015952e-06,192.59447121201083,50,COMPLETE
6089,30.80922390682398,19.579760637799673,2026-10-06 04:55:58.200655,2026-10-06 04:59:09.012552,0 days 00:03:10.811897,0.22031827582514427,1.0100598856645617,78.91305021174706,35.397938808104236,0.009569508337727876,1.0746247031029727e-06,190.8118070717901,50,COMPLETE
6090,31.452886422804426,18.80082637624935,2026-10-06 04:55:58.776853,2026-10-06 04:59:14.038392,0 days 00:03:15.261539,0.17534157142392734,1.8054001832365776,78.91305021174706,6.182683349256731,0.008698017554316196,1.4671267453130232e-06,195.2614063299261,50,COMPLETE
6091,31.78963927679527,16.27189181174433,2026-10-06 04:55:58.907668,2026-10-06 04:59:08.215936,0 days 00:03:09.308268,0.17534157142392734,1.0100598856645617,78.91305021174706,12.025559114678314,0.008698017554316196,2.328670127015952e-06,189.30816003400832,50,COMPLETE
6092,31.60269233915563,15.31094240575324,2026-10-06 04:55:58.964797,2026-10-06 04:59:12.758748,0 days 00:03:13.793951,0.18472274745078338,1.0100598856645617,78.91305021174706,18.49957504695779,0.009569508337727876,2.328670127015952e-06,193.79383212700486,50,COMPLETE
6093,30.389789790980878,20.09877408201566,2026-10-06 04:55:58.996636,2026-10-06 04:59:11.323396,0 days 00:03:12.326760,0.14472486883161542,1.0100598856645617,69.33707937619111,86.3943444987968,0.008698017554316196,1.4671267453130232e-06,192.32666492508724,50,COMPLETE
6094,31.54903168546563,10.805868126447535,2026-10-06 04:55:59.674846,2026-10-06 04:59:06.978584,0 days 00:03:07.303738,0.17534157142392734,1.8054001832365776,78.91305021174706,1.571236962378112,0.009569508337727876,2.328670127015952e-06,187.30364429205656,50,COMPLETE
6095,28.022849055604684,1.6105011061089547,2026-10-06 04:55:59.710666,2026-10-06 04:59:11.954550,0 days 00:03:12.243884,0.06441798531902292,18.19770963967338,78.91305021174706,7.704673657496365,0.009569508337727876,2.328670127015952e-06,192.2437497950159,50,COMPLETE
6096,29.525146260716088,24.803835229633087,2026-10-06 04:56:00.212694,2026-10-06 04:59:10.374689,0 days 00:03:10.161995,0.2680662921881964,1.8054001832365776,78.91305021174706,18.49957504695779,0.008698017554316196,2.328670127015952e-06,190.16188772767782,51,COMPLETE
6097,16.88473213532927,8.84527893170691,2026-10-06 04:56:00.452669,2026-10-06 04:59:09.465022,0 days 00:03:09.012353,0.6866724241033771,1.0100598856645617,69.16329565667773,4.949274479107639,0.008698017554316196,1.4671267453130232e-06,189.01221623877063,51,COMPLETE
6098,23.34792283883848,7.130872953246171,2026-10-06 04:56:01.012703,2026-10-06 04:59:09.816755,0 days 00:03:08.804052,0.7484495461357152,1.0100598856645617,78.91305021174706,12.025559114678314,0.03463343903868386,2.328670127015952e-06,188.80392213677987,51,COMPLETE
6099,33.15072549952123,3.438517429646824,2026-10-06 04:56:30.307613,2026-10-06 04:59:41.006569,0 days 00:03:10.698956,0.14472486883161542,1.0100598856645617,78.91305021174706,12.025559114678314,0.03463343903868386,1.2446212784745538e-06,190.69881299510598,51,COMPLETE
6100,,,2026-10-06 04:56:34.795926,2026-10-06 04:56:35.101668,0 days 00:00:00.305742,0.14472486883161542,1.0100598856645617,78.91305021174706,7.704673657496365,0.0072004421849993375,,,51,PRUNED
6101,20.88528722233552,1.8815902400451734,2026-10-06 04:56:35.884852,2026-10-06 04:59:45.297257,0 days 00:03:09.412405,0.19189241237051688,12.003937335687008,78.91305021174706,18.49957504695779,0.008698017554316196,2.328670127015952e-06,189.4122650111094,51,COMPLETE
6102,,,2026-10-06 04:56:50.749690,2026-10-06 04:56:52.200980,0 days 00:00:01.451290,0.021064287514206283,12.676983671171008,78.91305021174706,46.431764750098004,0.009569508337727876,,,51,PRUNED
6103,31.354098687959755,18.629872472593725,2026-10-06 04:56:52.346971,2026-10-06 04:59:58.266098,0 days 00:03:05.919127,0.17534157142392734,1.8054001832365776,78.91305021174706,7.032587919456352,0.008698017554316196,2.328670127015952e-06,185.91899412684143,51,COMPLETE
6104,9.15258363109775,1.329133297634092,2026-10-06 04:57:10.817960,2026-10-06 05:00:21.445172,0 days 00:03:10.627212,0.14472486883161542,1.0100598856645617,1.395314162707887,12.025559114678314,0.03463343903868386,1.4671267453130232e-06,190.62707899603993,51,COMPLETE
6105,32.89343652588862,4.098372716150073,2026-10-06 04:57:12.525026,2026-10-06 05:00:24.852573,0 days 00:03:12.327547,0.17534157142392734,1.0100598856645617,78.91305021174706,12.025559114678314,0.03463343903868386,1.2446212784745538e-06,192.3274236973375,51,COMPLETE
6106,30.461377750539366,19.563835236463788,2026-10-06 04:57:49.341826,2026-10-06 05:01:03.922894,0 days 00:03:14.581068,0.14472486883161542,1.8054001832365776,78.91305021174706,33.0306176701497,0.008698017554316196,1.4671267453130232e-06,194.5809320998378,51,COMPLETE
6107,25.147597656979197,18.31030568243016,2026-10-06 04:59:02.515802,2026-10-06 05:02:15.367285,0 days 00:03:12.851483,0.48967816666395225,6.28879905307643,78.91305021174706,53.19831855856638,0.026775471007207965,1.4671267453130232e-06,192.85134483128786,51,COMPLETE
6108,33.043969690002235,6.882049603636826,2026-10-06 04:59:02.866526,2026-10-06 05:02:17.799528,0 days 00:03:14.933002,0.06441798531902292,1.0100598856645617,78.91305021174706,8.858210845255327,0.009569508337727876,2.328670127015952e-06,194.9328763941303,51,COMPLETE
6109,31.543391568004914,17.294100865399557,2026-10-06 04:59:03.048840,2026-10-06 05:02:17.414505,0 days 00:03:14.365665,0.19189241237051688,1.8054001832365776,78.91305021174706,7.704673657496365,0.009569508337727876,1.4671267453130232e-06,194.36555894138291,51,COMPLETE
6110,16.690676861771344,1.460936645126995,2026-10-06 04:59:03.256845,2026-10-06 05:02:16.384278,0 days 00:03:13.127433,0.2918907020150273,3.42961079489487,78.91305021174706,2.6153479983896664,0.008698017554316196,0.6215059241322941,193.12730943970382,51,COMPLETE
6111,17.362593981911985,12.759127097343406,2026-10-06 04:59:03.755822,2026-10-06 05:02:17.365530,0 days 00:03:13.609708,0.19189241237051688,1.8054001832365776,9.5699162150632,18.49957504695779,0.008698017554316196,2.328670127015952e-06,193.6095910212025,51,COMPLETE
6112,30.929915947819616,18.659095817006534,2026-10-06 04:59:04.082703,2026-10-06 05:02:19.482154,0 days 00:03:15.399451,0.14472486883161542,1.0100598856645617,78.91305021174706,53.19831855856638,0.009569508337727876,1.2446212784745538e-06,195.39932154025882,51,COMPLETE
6113,10.180054446893891,1.2999392190827728,2026-10-06 04:59:04.516687,2026-10-06 05:02:20.786398,0 days 00:03:16.269711,0.9016199787343294,7.529349694874825,78.91305021174706,10.446738560693367,0.009569508337727876,52.565469323167854,196.26961085991934,51,COMPLETE
6114,31.18411844024279,18.310510729046133,2026-10-06 04:59:04.649673,2026-10-06 05:02:17.788087,0 days 00:03:13.138414,0.19189241237051688,1.8054001832365776,78.91305021174706,12.025559114678314,0.009569508337727876,2.328670127015952e-06,193.13827605592087,51,COMPLETE
6115,30.27977653148348,18.746203720307914,2026-10-06 04:59:04.700653,2026-10-06 05:02:19.060539,0 days 00:03:14.359886,0.14472486883161542,2.5826334477054016,78.91305021174706,35.7962194873432,0.009569508337727876,1.4671267453130232e-06,194.3597706030123,51,COMPLETE
6116,31.49044478852706,10.596837768049257,2026-10-06 04:59:04.750793,2026-10-06 05:02:20.795639,0 days 00:03:16.044846,0.07838075935119342,1.8054001832365776,78.91305021174706,18.49957504695779,0.009569508337727876,1.4671267453130232e-06,196.04475354682654,51,COMPLETE
6117,26.86219480844097,28.827939185552975,2026-10-06 04:59:05.353820,2026-10-06 05:02:18.984301,0 days 00:03:13.630481,0.35349415915446786,2.5826334477054016,78.91305021174706,53.19831855856638,0.009569508337727876,1.4671267453130232e-06,193.63036254793406,51,COMPLETE
6118,31.51131619913994,9.73836088451127,2026-10-06 04:59:05.729873,2026-10-06 05:02:18.536566,0 days 00:03:12.806693,0.06441798531902292,1.0100598856645617,80.97346391189345,53.19831855856638,0.009569508337727876,1.4671267453130232e-06,192.80657429620624,51,COMPLETE
6119,30.664659105534476,1.3190112628007533,2026-10-06 04:59:05.847710,2026-10-06 05:02:17.085250,0 days 00:03:11.237540,0.2918907020150273,47.85496140543979,78.91305021174706,1.6189090501964698,0.03320788688810446,1.2446212784745538e-06,191.23741730488837,51,COMPLETE
6120,,,2026-10-06 04:59:05.851650,2026-10-06 04:59:06.387790,0 days 00:00:00.536140,0.14472486883161542,47.66563315875763,78.91305021174706,53.19831855856638,0.009569508337727876,,,51,PRUNED
6121,8.358787317842431,3.143962376807311,2026-10-06 04:59:05.855623,2026-10-06 05:02:18.592984,0 days 00:03:12.737361,0.14472486883161542,49.18651146303379,78.91305021174706,17.444176692293013,0.008698017554316196,1.4671267453130232e-06,192.73726429510862,51,COMPLETE
6122,17.230823234213148,14.496081530006347,2026-10-06 04:59:05.859626,2026-10-06 05:02:15.182574,0 days 00:03:09.322948,0.22031827582514427,1.8054001832365776,11.557325820222642,20.8934392878539,0.008698017554316196,2.328670127015952e-06,189.32281371532008,51,COMPLETE
6123,30.68704095092164,18.120085547548246,2026-10-06 04:59:05.913647,2026-10-06 05:02:20.405554,0 days 00:03:14.491907,0.1269892283627391,1.0100598856645617,78.91305021174706,53.19831855856638,0.008698017554316196,3.215593097231055e-06,194.49179360177368,51,COMPLETE
6124,,,2026-10-06 04:59:06.364852,2026-10-06 04:59:07.291746,0 days 00:00:00.926894,0.35349415915446786,1.0100598856645617,78.91305021174706,53.19831855856638,0.0061780209961712395,,,51,PRUNED
6125,32.52657788446426,4.117112913555909,2026-10-06 04:59:06.368640,2026-10-06 05:02:21.244271,0 days 00:03:14.875631,0.19189241237051688,1.8054001832365776,78.91305021174706,7.14008749932051,0.03463343903868386,1.4671267453130232e-06,194.87552677094936,51,COMPLETE
6126,30.015709620507415,19.19107336597494,2026-10-06 04:59:06.800862,2026-10-06 05:02:19.288328,0 days 00:03:12.487466,0.14472486883161542,2.5826334477054016,78.91305021174706,53.19831855856638,0.009569508337727876,1.4671267453130232e-06,192.48735324293375,51,COMPLETE
6127,31.799266933534746,17.576528534112697,2026-10-06 04:59:06.804645,2026-10-06 05:02:25.052539,0 days 00:03:18.247894,0.17534157142392734,1.0100598856645617,78.91305021174706,12.025559114678314,0.008698017554316196,1.2446212784745538e-06,198.24776167189702,51,COMPLETE
6128,33.099751016861426,2.837211593753632,2026-10-06 04:59:06.808624,2026-10-06 05:02:19.001751,0 days 00:03:12.193127,0.12186470831252749,1.0100598856645617,78.91305021174706,12.025559114678314,0.03463343903868386,2.108934163128921e-06,192.1930264569819,51,COMPLETE
6129,26.68717190037932,29.592385372827405,2026-10-06 04:59:06.964783,2026-10-06 05:02:18.252314,0 days 00:03:11.287531,0.3401090828369047,3.42961079489487,80.97346391189345,46.431764750098004,0.009569508337727876,2.328670127015952e-06,191.28742939885706,51,COMPLETE
6130,13.505140785744695,3.8982149685711684,2026-10-06 04:59:06.968636,2026-10-06 05:02:22.928190,0 days 00:03:15.959554,0.14472486883161542,1.0100598856645617,2.0000623358932437,7.704673657496365,0.008698017554316196,1.4671267453130232e-06,195.95944224623963,51,COMPLETE
