number,values_0,values_1,datetime_start,datetime_complete,duration,params_c_val,params_input_force,params_k_between_val,params_k_wall_val,params_m_val,params_ridge_alpha,user_attrs_duration_sec,system_attrs_NSGAIISampler:generation,state
4808,30.70511859465459,22.162786820890595,2026-10-06 03:58:05.979654,2026-10-06 04:01:18.710174,0 days 00:03:12.730520,0.18472274745078338,1.8054001832365776,78.91305021174706,18.49957504695779,0.008698017554316196,2.328670127015952e-06,192.73040586011484,40,COMPLETE
4809,21.71126505167497,34.64589212283317,2026-10-06 03:58:06.385172,2026-10-06 04:01:19.484733,0 days 00:03:13.099561,0.48967816666395225,6.28879905307643,78.91305021174706,53.19831855856638,0.009569508337727876,2.328670127015952e-06,193.09945850400254,40,COMPLETE
4810,24.814712861597464,31.132858893546004,2026-10-06 03:58:06.388649,2026-10-06 04:01:20.351746,0 days 00:03:13.963097,0.35349415915446786,4.95477336878759,78.91305021174706,53.19831855856638,0.009569508337727876,1.4671267453130232e-06,193.96299815690145,40,COMPLETE
4811,21.731305007233523,18.09833429602401,2026-10-06 03:58:06.827849,2026-10-06 04:01:19.123256,0 days 00:03:12.295407,0.22031827582514427,3.42961079489487,24.778731001906678,9.670882882360164,0.009569508337727876,1.4671267453130232e-06,192.29529715888202,40,COMPLETE
4812,30.092534491519494,22.308673352986194,2026-10-06 03:58:06.831644,2026-10-06 04:01:20.540071,0 days 00:03:13.708427,0.22031827582514427,3.42961079489487,80.97346391189345,16.310457034414924,0.009569508337727876,2.328670127015952e-06,193.70834300806746,40,COMPLETE
4813,30.935633493751475,21.183231084813062,2026-10-06 03:58:06.950797,2026-10-06 04:01:18.632069,0 days 00:03:11.681272,0.19189241237051688,1.8054001832365776,78.91305021174706,12.025559114678314,0.008698017554316196,2.328670127015952e-06,191.68115209788084,40,COMPLETE
4814,18.446458763360848,1.3594653977785975,2026-10-06 03:58:07.547041,2026-10-06 04:01:20.328374,0 days 00:03:12.781333,0.17534157142392734,37.50151907738152,78.91305021174706,35.397938808104236,0.03398454201891018,2.328670127015952e-06,192.7812120639719,40,COMPLETE
4815,17.44851093057907,4.992960163566509,2026-10-06 03:58:07.628973,2026-10-06 04:01:18.865636,0 days 00:03:11.236663,0.18472274745078338,49.20318487926096,48.90989321989127,16.966954115393197,0.009569508337727876,1.4671267453130232e-06,191.2365728188306,40,COMPLETE
4816,30.69001575245763,17.709351341118076,2026-10-06 03:58:07.632634,2026-10-06 04:01:19.688845,0 days 00:03:12.056211,0.14472486883161542,2.5826334477054016,78.91305021174706,18.49957504695779,0.009569508337727876,1.4671267453130232e-06,192.05611678306013,40,COMPLETE
4817,8.890435516763143,1.6094709607023407,2026-10-06 03:58:07.636634,2026-10-06 04:01:18.392136,0 days 00:03:10.755502,0.19189241237051688,1.8054001832365776,1.077016581656868,1.5981278240597803,0.008698017554316196,2.328670127015952e-06,190.75540540087968,40,COMPLETE
4818,15.42002202061597,1.3463274576867685,2026-10-06 03:58:07.640640,2026-10-06 04:01:20.345720,0 days 00:03:12.705080,0.18472274745078338,1.8054001832365776,78.91305021174706,18.49957504695779,0.008698017554316196,22.238345538166428,192.704972372856,40,COMPLETE
4819,,,2026-10-06 03:58:07.666642,2026-10-06 03:58:07.985752,0 days 00:00:00.319110,0.17534157142392734,48.040975019082126,78.91305021174706,12.025559114678314,0.002193476939516832,,,40,PRUNED
4820,32.38455226346241,12.605373299809386,2026-10-06 03:58:07.670634,2026-10-06 04:01:19.138505,0 days 00:03:11.467871,0.17534157142392734,1.0100598856645617,78.91305021174706,7.14008749932051,0.009569508337727876,2.328670127015952e-06,191.46778001496568,40,COMPLETE
4821,31.467941257621487,12.288069126039863,2026-10-06 03:58:08.595879,2026-10-06 04:01:18.738500,0 days 00:03:10.142621,0.17534157142392734,1.8054001832365776,78.91305021174706,6.182683349256731,0.009569508337727876,2.934369922882279e-05,190.14252760494128,40,COMPLETE
4822,,,2026-10-06 03:58:08.599648,2026-10-06 03:58:09.111733,0 days 00:00:00.512085,0.3401090828369047,17.891364849711355,80.97346391189345,45.605935248059524,0.007859401601547203,,,40,PRUNED
4823,29.558115558906554,13.285515592828576,2026-10-06 03:58:08.603628,2026-10-06 04:01:17.899118,0 days 00:03:09.295490,0.19189241237051688,1.8054001832365776,78.91305021174706,12.025559114678314,0.008698017554316196,0.0019524783561003702,189.2953749061562,40,COMPLETE
4824,32.18544006340003,13.901957915152222,2026-10-06 03:58:08.607633,2026-10-06 04:01:20.548307,0 days 00:03:11.940674,0.14472486883161542,1.0100598856645617,78.91305021174706,7.704673657496365,0.008698017554316196,2.328670127015952e-06,191.9406034881249,40,COMPLETE
4825,0.12100409077946801,1.198733888323809,2026-10-06 03:58:08.611633,2026-10-06 04:01:14.802127,0 days 00:03:06.190494,0.7401868833186784,1.8054001832365776,78.91305021174706,12.025559114678314,0.008698017554316196,2.328670127015952e-06,186.19039069488645,40,COMPLETE
4826,23.30903851078997,31.547359901446438,2026-10-06 03:58:08.615629,2026-10-06 04:01:20.522679,0 days 00:03:11.907050,0.48967816666395225,3.42961079489487,78.91305021174706,53.19831855856638,0.009569508337727876,2.328670127015952e-06,191.90697167208418,40,COMPLETE
4827,30.167760277288124,20.221334987217023,2026-10-06 03:58:08.657653,2026-10-06 04:01:22.322918,0 days 00:03:13.665265,0.18472274745078338,3.42961079489487,80.97346391189345,16.966954115393197,0.009569508337727876,2.328670127015952e-06,193.66515178605914,40,COMPLETE
4828,31.6326156548546,16.256556589563694,2026-10-06 03:58:08.660639,2026-10-06 04:01:23.953463,0 days 00:03:15.292824,0.17534157142392734,1.8054001832365776,78.91305021174706,7.704673657496365,0.009569508337727876,2.328670127015952e-06,195.2927207229659,40,COMPLETE
4829,,,2026-10-06 03:58:08.715665,2026-10-06 03:58:09.922718,0 days 00:00:01.207053,0.32310257858264296,38.05520490172112,78.91305021174706,18.49957504695779,0.0015635762764603556,,,40,PRUNED
4830,33.15072549952123,3.438517429646824,2026-10-06 03:58:09.219837,2026-10-06 04:01:20.624717,0 days 00:03:11.404880,0.14472486883161542,1.0100598856645617,78.91305021174706,12.025559114678314,0.03463343903868386,1.2446212784745538e-06,191.4047915241681,40,COMPLETE
4831,21.352685068835406,1.9142176423474502,2026-10-06 03:58:09.223639,2026-10-06 04:01:19.627114,0 days 00:03:10.403475,0.10107379009459456,1.0100598856645617,78.91305021174706,16.966954115393197,0.009569508337727876,0.3365326235618354,190.40338276093826,40,COMPLETE
4832,25.834034707859654,1.2724432870244549,2026-10-06 03:58:09.231634,2026-10-06 04:01:21.232014,0 days 00:03:12.000380,0.021578935551659927,1.8054001832365776,78.91305021174706,7.704673657496365,0.008698017554316196,2.328670127015952e-06,192.00027030333877,40,COMPLETE
4833,24.63404757920709,25.65974710292685,2026-10-06 03:58:09.243635,2026-10-06 04:01:20.354337,0 days 00:03:11.110702,0.48480307501533615,1.8054001832365776,78.91305021174706,46.431764750098004,0.009569508337727876,1.2446212784745538e-06,191.1106088059023,40,COMPLETE
4834,30.584319266113983,20.546992282460675,2026-10-06 03:58:09.667669,2026-10-06 04:01:19.269495,0 days 00:03:09.601826,0.18472274745078338,2.5826334477054016,78.91305021174706,18.49957504695779,0.009569508337727876,2.328670127015952e-06,189.60173951322213,40,COMPLETE
4835,24.294861804167017,6.005364738370826,2026-10-06 03:58:09.956680,2026-10-06 04:01:20.474455,0 days 00:03:10.517775,0.17534157142392734,42.49928963243302,78.91305021174706,12.025559114678314,0.009569508337727876,2.108934163128921e-06,190.51772201200947,40,COMPLETE
4836,,,2026-10-06 03:58:10.002635,2026-10-06 03:58:10.701470,0 days 00:00:00.698835,0.48480307501533615,46.81222145497248,78.91305021174706,46.431764750098004,0.0010272061895040935,,,40,PRUNED
4837,31.821298262459795,15.375078017288072,2026-10-06 03:58:10.120675,2026-10-06 04:01:23.200260,0 days 00:03:13.079585,0.17534157142392734,1.8054001832365776,78.91305021174706,6.182683349256731,0.009569508337727876,2.328670127015952e-06,193.0794588699937,40,COMPLETE
4838,,,2026-10-06 03:58:10.169656,2026-10-06 03:58:10.693721,0 days 00:00:00.524065,0.18472274745078338,26.17812442570983,78.91305021174706,40.2862337213893,0.008698017554316196,,,40,PRUNED
4839,21.408678059692168,3.3093549153071193,2026-10-06 03:58:10.368688,2026-10-06 04:01:19.238222,0 days 00:03:08.869534,0.17534157142392734,1.8054001832365776,78.91305021174706,6.182683349256731,0.009569508337727876,0.12340095211519941,188.86943957209587,40,COMPLETE
4840,29.51151808726741,16.161392051110347,2026-10-06 03:58:10.572694,2026-10-06 04:01:20.794549,0 days 00:03:10.221855,0.22031827582514427,1.8054001832365776,78.91305021174706,38.52680789958333,0.01439322090167603,2.328670127015952e-06,190.22172029409558,40,COMPLETE
4841,13.539558266374238,1.163923435521098,2026-10-06 03:58:10.654675,2026-10-06 04:01:21.735229,0 days 00:03:11.080554,0.019826471652828134,3.42961079489487,80.97346391189345,38.52680789958333,0.027242979123333403,0.19174886499422694,191.08044766588137,40,COMPLETE
4842,31.992449507082114,11.187837772076026,2026-10-06 03:58:10.658642,2026-10-06 04:01:22.049770,0 days 00:03:11.391128,0.10013992043775287,1.8054001832365776,78.91305021174706,6.182683349256731,0.009569508337727876,2.328670127015952e-06,191.39101282181218,40,COMPLETE
4843,30.325030131473092,22.84068589592805,2026-10-06 03:58:11.059681,2026-10-06 04:01:17.948282,0 days 00:03:06.888601,0.22031827582514427,1.8054001832365776,78.91305021174706,39.19558363469205,0.009569508337727876,2.328670127015952e-06,186.88850506395102,40,COMPLETE
4844,30.676969600631757,18.396726713141923,2026-10-06 03:58:11.079662,2026-10-06 04:01:21.058536,0 days 00:03:09.978874,0.22031827582514427,1.0100598856645617,78.91305021174706,40.2862337213893,0.009569508337727876,2.328670127015952e-06,189.97863837704062,40,COMPLETE
4845,30.125703581946084,23.372843985538903,2026-10-06 03:58:11.550697,2026-10-06 04:01:21.730345,0 days 00:03:10.179648,0.22031827582514427,1.8054001832365776,78.91305021174706,50.39644911475505,0.009569508337727876,2.328670127015952e-06,190.17952880077064,40,COMPLETE
4846,32.38164488658244,12.89666879832983,2026-10-06 03:58:11.672685,2026-10-06 04:01:22.721362,0 days 00:03:11.048677,0.14472486883161542,1.0100598856645617,69.33707937619111,7.14008749932051,0.008698017554316196,2.328670127015952e-06,191.04858391359448,40,COMPLETE
4847,18.70373533099246,1.349164062825356,2026-10-06 03:58:40.579688,2026-10-06 04:01:52.939956,0 days 00:03:12.360268,0.025591930679250377,1.0100598856645617,5.769389565056741,18.49957504695779,0.013882308704231704,2.328670127015952e-06,192.36012992216274,40,COMPLETE
4848,30.707377912929985,22.372882379676195,2026-10-06 03:58:44.950691,2026-10-06 04:01:57.841539,0 days 00:03:12.890848,0.19189241237051688,1.8054001832365776,78.91305021174706,17.370767062678553,0.008698017554316196,2.328670127015952e-06,192.89071902260184,40,COMPLETE
4849,29.299179123521935,21.56804852418549,2026-10-06 03:59:16.192706,2026-10-06 04:02:30.328566,0 days 00:03:14.135860,0.17534157142392734,3.42961079489487,78.91305021174706,53.19831855856638,0.009569508337727876,1.4671267453130232e-06,194.1357279671356,40,COMPLETE
4850,30.999142723303578,20.178409014428908,2026-10-06 03:59:25.636816,2026-10-06 04:02:34.724640,0 days 00:03:09.087824,0.18454960834027437,1.8054001832365776,78.91305021174706,18.49957504695779,0.009569508337727876,1.4671267453130232e-06,189.08770910697058,40,COMPLETE
4851,18.081453803752805,10.061127259024712,2026-10-06 04:00:02.844692,2026-10-06 04:03:14.492268,0 days 00:03:11.647576,0.22031827582514427,1.8054001832365776,78.91305021174706,40.2862337213893,0.009569508337727876,0.14562522427178906,191.64744955021888,40,COMPLETE
4852,,,2026-10-06 04:01:12.177703,2026-10-06 04:01:13.758724,0 days 00:00:01.581021,0.17534157142392734,1.8054001832365776,78.91305021174706,18.49957504695779,0.007910458122499823,,,40,PRUNED
4853,29.81753078593993,23.809523685421535,2026-10-06 04:01:13.513696,2026-10-06 04:04:27.878530,0 days 00:03:14.364834,0.22031827582514427,2.5826334477054016,78.91305021174706,40.29115295108787,0.009569508337727876,2.328670127015952e-06,194.36472752690315,40,COMPLETE
4854,27.64819767363999,21.20451716637329,2026-10-06 04:01:13.679701,2026-10-06 04:04:26.532528,0 days 00:03:12.852827,0.17596857748053682,3.42961079489487,78.91305021174706,46.431764750098004,0.008698017554316196,2.328670127015952e-06,192.85271021071821,40,COMPLETE
4855,31.001219460577705,20.546874726373222,2026-10-06 04:01:14.163748,2026-10-06 04:04:26.508597,0 days 00:03:12.344849,0.17534157142392734,1.8054001832365776,78.91305021174706,12.025559114678314,0.008698017554316196,2.328670127015952e-06,192.34459529723972,40,COMPLETE
4856,31.78367329063018,15.023490768952534,2026-10-06 04:01:14.875691,2026-10-06 04:04:28.516560,0 days 00:03:13.640869,0.17534157142392734,1.8054001832365776,78.91305021174706,3.2503018744375267,0.008698017554316196,2.328670127015952e-06,193.64073579804972,40,COMPLETE
4857,29.93250754044588,23.047528900141586,2026-10-06 04:01:14.996832,2026-10-06 04:04:27.029194,0 days 00:03:12.032362,0.23114385843049576,3.42961079489487,78.91305021174706,18.49957504695779,0.009569508337727876,1.4671267453130232e-06,192.0322553399019,40,COMPLETE
4858,28.15445564410164,12.817219095487376,2026-10-06 04:01:15.325981,2026-10-06 04:04:30.743065,0 days 00:03:15.417084,0.14472486883161542,1.0100598856645617,28.20190144221291,12.025559114678314,0.009569508337727876,2.328670127015952e-06,195.41697398480028,40,COMPLETE
4859,,,2026-10-06 04:01:15.391829,2026-10-06 04:01:16.066720,0 days 00:00:00.674891,0.14472486883161542,1.0100598856645617,78.91305021174706,35.397938808104236,0.0040458274895272565,,,40,PRUNED
4860,26.74764494783749,28.958221091255584,2026-10-06 04:01:15.741749,2026-10-06 04:04:28.769611,0 days 00:03:13.027862,0.34491085525976245,3.499710957466842,78.91305021174706,40.29115295108787,0.009569508337727876,2.328670127015952e-06,193.02761837700382,40,COMPLETE
4861,30.722691985895125,22.60593291494669,2026-10-06 04:01:16.032832,2026-10-06 04:04:27.620511,0 days 00:03:11.587679,0.19189241237051688,1.8054001832365776,78.91305021174706,16.966954115393197,0.008698017554316196,1.4671267453130232e-06,191.58757322700694,40,COMPLETE
4862,17.055554258911563,3.578910930452951,2026-10-06 04:01:16.162688,2026-10-06 04:04:30.549230,0 days 00:03:14.386542,0.9692702466065678,1.8054001832365776,78.91305021174706,18.49957504695779,0.009569508337727876,1.4671267453130232e-06,194.38644355814904,40,COMPLETE
4863,23.30903851078997,31.547359901446438,2026-10-06 04:01:16.463686,2026-10-06 04:04:27.599211,0 days 00:03:11.135525,0.48967816666395225,3.42961079489487,78.91305021174706,53.19831855856638,0.009569508337727876,2.328670127015952e-06,191.13541381806135,40,COMPLETE
4864,25.167519345761303,1.5219591431984067,2026-10-06 04:01:16.709046,2026-10-06 04:04:26.830619,0 days 00:03:10.121573,0.17534157142392734,9.19891516458119,78.91305021174706,12.025559114678314,0.009569508337727876,1.4671267453130232e-06,190.1214547911659,40,COMPLETE
4865,23.40785659297621,31.523669985560115,2026-10-06 04:01:17.004686,2026-10-06 04:04:27.332786,0 days 00:03:10.328100,0.48480307501533615,3.42961079489487,78.91305021174706,53.19831855856638,0.009569508337727876,2.328670127015952e-06,190.32797603681684,40,COMPLETE
4866,33.016585347218076,4.070299831246043,2026-10-06 04:01:17.040668,2026-10-06 04:04:29.613783,0 days 00:03:12.573115,0.04126254280168879,1.0100598856645617,78.91305021174706,9.090354262954152,0.009569508337727876,2.328670127015952e-06,192.57300089579076,40,COMPLETE
4867,30.941933888095956,18.120497740370034,2026-10-06 04:01:17.450682,2026-10-06 04:04:28.178701,0 days 00:03:10.728019,0.22031827582514427,2.5826334477054016,78.91305021174706,6.500303293997546,0.009569508337727876,2.328670127015952e-06,190.72789387591183,40,COMPLETE
4868,8.213768979392345,2.9136194043072114,2026-10-06 04:01:17.664661,2026-10-06 04:04:34.679895,0 days 00:03:17.015234,0.48967816666395225,1.8054001832365776,1.7459645700391064,7.704673657496365,0.009569508337727876,1.4671267453130232e-06,197.01513587217778,40,COMPLETE
4869,32.75784383719918,5.1534862544188895,2026-10-06 04:01:17.668643,2026-10-06 04:04:27.628513,0 days 00:03:09.959870,0.14472486883161542,1.0100598856645617,78.91305021174706,12.025559114678314,0.023875573939047635,2.328670127015952e-06,189.9597737379372,40,COMPLETE
4870,29.92927558720706,14.549293747529717,2026-10-06 04:01:17.911275,2026-10-06 04:04:33.230521,0 days 00:03:15.319246,0.17534157142392734,3.42961079489487,78.91305021174706,7.704673657496365,0.009569508337727876,2.108934163128921e-06,195.31914391787723,40,COMPLETE
4871,15.620965595626881,1.267843590667141,2026-10-06 04:01:18.153098,2026-10-06 04:04:29.944700,0 days 00:03:11.791602,0.01349665076694387,2.5826334477054016,72.4032128569515,18.49957504695779,0.009569508337727876,2.328670127015952e-06,191.79150155140087,40,COMPLETE
4872,31.341635012463087,19.342316952952444,2026-10-06 04:01:18.156648,2026-10-06 04:04:33.239531,0 days 00:03:15.082883,0.17534157142392734,1.8054001832365776,78.91305021174706,7.14008749932051,0.008698017554316196,1.4671267453130232e-06,195.08279208093882,40,COMPLETE
4873,30.386349421417457,22.593238599952127,2026-10-06 04:01:18.730989,2026-10-06 04:04:33.865312,0 days 00:03:15.134323,0.22031827582514427,1.8054001832365776,78.91305021174706,35.397938808104236,0.009569508337727876,2.328670127015952e-06,195.13422982906923,40,COMPLETE
4874,31.668604374099925,13.970200011454127,2026-10-06 04:01:18.758656,2026-10-06 04:04:32.658115,0 days 00:03:13.899459,0.14472486883161542,1.8054001832365776,69.33707937619111,4.949274479107639,0.009569508337727876,1.4671267453130232e-06,193.89936086721718,40,COMPLETE
4875,8.323711216625883,5.737409865918126,2026-10-06 04:01:18.762635,2026-10-06 04:04:31.849645,0 days 00:03:13.087010,0.48967816666395225,3.42961079489487,2.7645737598477513,16.966954115393197,0.008698017554316196,1.4671267453130232e-06,193.08689035102725,40,COMPLETE
4876,29.617871572323246,19.140814423124514,2026-10-06 04:01:18.766632,2026-10-06 04:04:32.279248,0 days 00:03:13.512616,0.17534157142392734,3.7817168688716234,78.91305021174706,12.025559114678314,0.008698017554316196,2.328670127015952e-06,193.51252504019067,40,COMPLETE
4877,32.61302887849054,11.755937448317788,2026-10-06 04:01:18.788789,2026-10-06 04:04:29.818222,0 days 00:03:11.029433,0.14472486883161542,1.0100598856645617,78.91305021174706,7.14008749932051,0.009569508337727876,2.328670127015952e-06,191.02933933679014,40,COMPLETE
4878,28.627448080707097,1.4537727984280486,2026-10-06 04:01:19.196921,2026-10-06 04:04:31.382849,0 days 00:03:12.185928,0.06121535215069871,2.5921154358493945,78.91305021174706,4.949274479107639,0.008698017554316196,2.328670127015952e-06,192.18582100002095,40,COMPLETE
4879,30.291057470289893,18.16697879441249,2026-10-06 04:01:19.212662,2026-10-06 04:04:37.484278,0 days 00:03:18.271616,0.17534157142392734,3.42961079489487,78.91305021174706,12.025559114678314,0.009569508337727876,1.4671267453130232e-06,198.27148394985124,40,COMPLETE
4880,30.188326232327785,4.459089916910549,2026-10-06 04:01:19.564866,2026-10-06 04:04:30.141647,0 days 00:03:10.576781,0.3401090828369047,3.42961079489487,80.97346391189345,16.966954115393197,0.06098968879864059,2.328670127015952e-06,190.57668815692887,40,COMPLETE
4881,12.628233231789714,1.2502828457803625,2026-10-06 04:01:19.568648,2026-10-06 04:04:31.513498,0 days 00:03:11.944850,0.05510405250229225,40.36148315319876,78.91305021174706,18.49957504695779,0.06180654279354413,2.328670127015952e-06,191.94475510902703,40,COMPLETE
4882,31.490626955595626,6.903877796218766,2026-10-06 04:01:19.572632,2026-10-06 04:04:34.054515,0 days 00:03:14.481883,0.054862675459954394,1.8054001832365776,78.91305021174706,16.966954115393197,0.009569508337727876,2.328670127015952e-06,194.48179150233045,40,COMPLETE
4883,31.992338513664755,15.906784176110081,2026-10-06 04:01:19.576623,2026-10-06 04:04:32.419934,0 days 00:03:12.843311,0.14472486883161542,1.0100598856645617,78.91305021174706,19.60706356140937,0.009569508337727876,1.2446212784745538e-06,192.8432177286595,40,COMPLETE
4884,27.351891855611427,4.713754582734086,2026-10-06 04:01:19.580635,2026-10-06 04:04:30.598623,0 days 00:03:11.017988,0.17534157142392734,47.566380672564144,78.91305021174706,6.182683349256731,0.009569508337727876,1.4671267453130232e-06,191.01790347183123,40,COMPLETE
4885,29.295496015352217,11.296546014414762,2026-10-06 04:01:19.936848,2026-10-06 04:04:32.546950,0 days 00:03:12.610102,0.3401090828369047,1.0100598856645617,80.97346391189345,2.5931783094816834,0.009569508337727876,2.328670127015952e-06,192.61000155098736,40,COMPLETE
4886,32.313960072003184,13.166956394137278,2026-10-06 04:01:19.946661,2026-10-06 04:04:34.139277,0 days 00:03:14.192616,0.1482229257401903,1.0100598856645617,78.91305021174706,12.025559114678314,0.009569508337727876,2.328670127015952e-06,194.19250982720405,40,COMPLETE
4887,31.714711988435557,11.706821396597292,2026-10-06 04:01:20.043672,2026-10-06 04:04:32.110342,0 days 00:03:12.066670,0.17534157142392734,1.8054001832365776,78.91305021174706,1.9418327570175689,0.009569508337727876,1.4671267453130232e-06,192.06656713504344,40,COMPLETE
4888,31.373277705431843,11.761202163355646,2026-10-06 04:01:20.332692,2026-10-06 04:04:30.483218,0 days 00:03:10.150526,0.22031827582514427,1.8054001832365776,78.91305021174706,2.143724878219188,0.009569508337727876,2.328670127015952e-06,190.15042405109853,40,COMPLETE
4889,29.98585042438109,3.562334857909442,2026-10-06 04:01:20.456834,2026-10-06 04:04:31.056320,0 days 00:03:10.599486,0.14472486883161542,1.0100598856645617,35.42522605550282,18.49957504695779,0.03463343903868386,1.2446212784745538e-06,190.5993851236999,41,COMPLETE
4890,13.833814634668451,1.3175073515016706,2026-10-06 04:01:20.482935,2026-10-06 04:04:34.414127,0 days 00:03:13.931192,0.17534157142392734,17.292610344766263,78.91305021174706,53.19831855856638,0.018626143611226286,1.4671267453130232e-06,193.93108152365312,41,COMPLETE
