number,values_0,values_1,datetime_start,datetime_complete,duration,params_c_val,params_input_force,params_k_between_val,params_k_wall_val,params_m_val,params_ridge_alpha,user_attrs_duration_sec,system_attrs_NSGAIISampler:generation,state
1832,17.823413888860067,8.83871330201399,2026-10-06 01:39:50.466645,2026-10-06 01:43:04.917948,0 days 00:03:14.451303,0.2035548402756124,3.42961079489487,78.91305021174706,18.49957504695779,0.009569508337727876,0.9287478185896764,194.45123384613544,15,COMPLETE
1833,20.99297287094175,1.1920758095358208,2026-10-06 01:39:50.470644,2026-10-06 01:43:03.219622,0 days 00:03:12.748978,0.02353051237836296,3.42961079489487,78.91305021174706,18.49957504695779,0.009569508337727876,2.328670127015952e-06,192.7488929592073,15,COMPLETE
1834,29.497676210011186,19.28760656040642,2026-10-06 01:39:50.474636,2026-10-06 01:43:04.788729,0 days 00:03:14.314093,0.14472486883161542,3.42961079489487,78.91305021174706,49.36123110240956,0.009406258884274878,3.604367102888168e-06,194.31401854893193,15,COMPLETE
1835,1.904934914178893,1.1785976308392432,2026-10-06 01:39:50.478647,2026-10-06 01:43:04.503092,0 days 00:03:14.024445,0.14472486883161542,3.42961079489487,1.1596137311949892,18.49957504695779,0.009569508337727876,2.328670127015952e-06,194.02436453197151,15,COMPLETE
1836,15.652330074726729,9.029456433444487,2026-10-06 01:39:50.494646,2026-10-06 01:43:03.791349,0 days 00:03:13.296703,0.6040198049165227,6.28879905307643,78.91305021174706,18.49957504695779,0.009569508337727876,0.17255378158617948,193.2966028279625,15,COMPLETE
1837,30.24677223918379,16.95454237805794,2026-10-06 01:39:50.767171,2026-10-06 01:43:06.384429,0 days 00:03:15.617258,0.14472486883161542,3.42961079489487,78.91305021174706,18.49957504695779,0.009569508337727876,2.328670127015952e-06,195.6171489180997,15,COMPLETE
1838,28.112254964268224,6.254363027956156,2026-10-06 01:39:51.231678,2026-10-06 01:43:02.985351,0 days 00:03:11.753673,0.14649581368322392,3.42961079489487,78.91305021174706,18.49957504695779,0.018096195537286894,0.021813411830713367,191.7535765990615,15,COMPLETE
1839,14.174867752708128,5.523523568901274,2026-10-06 01:39:51.313097,2026-10-06 01:43:02.725598,0 days 00:03:11.412501,0.14472486883161542,3.42961079489487,6.829001001146557,33.705587852946245,0.009406258884274878,2.328670127015952e-06,191.41239912528545,15,COMPLETE
1840,30.50956518127643,8.830963998228968,2026-10-06 01:39:51.316662,2026-10-06 01:43:00.143905,0 days 00:03:08.827243,0.14472486883161542,1.8054001832365776,53.759472028055306,1.7658496078448727,0.008698017554316196,2.328670127015952e-06,188.82715180888772,15,COMPLETE
1841,29.898241494739683,14.004842441817424,2026-10-06 01:39:51.320640,2026-10-06 01:43:04.101135,0 days 00:03:12.780495,0.14472486883161542,3.42961079489487,78.91305021174706,12.025559114678314,0.009569508337727876,9.391865709026338e-06,192.7804153212346,15,COMPLETE
1842,30.61613075451503,1.9737006243406692,2026-10-06 01:39:51.328639,2026-10-06 01:43:03.307650,0 days 00:03:11.979011,0.14472486883161542,34.433938869589845,78.91305021174706,1.8190863578544005,0.009569508337727876,0.03532923930425468,191.97892234893516,15,COMPLETE
1843,15.507439019875928,1.799325752402647,2026-10-06 01:39:51.814694,2026-10-06 01:43:07.324366,0 days 00:03:15.509672,0.48967816666395225,1.8054001832365776,78.91305021174706,18.49957504695779,0.009569508337727876,0.22595581960548874,195.5095732966438,15,COMPLETE
1844,23.526566936842606,1.2237846599913622,2026-10-06 01:39:52.247124,2026-10-06 01:43:04.312559,0 days 00:03:12.065435,0.04363505930748173,3.42961079489487,78.91305021174706,12.303481343464334,0.03018140250934189,4.096542388221918e-05,192.06521557597443,15,COMPLETE
1845,31.614148712596783,8.53916325879115,2026-10-06 01:39:52.250653,2026-10-06 01:43:03.987299,0 days 00:03:11.736646,0.14472486883161542,1.8054001832365776,78.91305021174706,1.3798280184278788,0.009569508337727876,2.328670127015952e-06,191.73655598191544,15,COMPLETE
1846,1.0361492760702538,1.1591361867335683,2026-10-06 01:39:52.254640,2026-10-06 01:43:04.814266,0 days 00:03:12.559626,0.017234855777942145,27.01058794689294,78.91305021174706,12.303481343464334,0.009569508337727876,2.328670127015952e-06,192.55955015681684,15,COMPLETE
1847,21.828160631013425,24.49252304052604,2026-10-06 01:39:52.258640,2026-10-06 01:43:05.697206,0 days 00:03:13.438566,0.6040198049165227,3.42961079489487,78.91305021174706,18.49957504695779,0.009569508337727876,2.328670127015952e-06,193.43848870275542,15,COMPLETE
1848,16.06061933439533,4.6386029653722085,2026-10-06 01:39:52.262647,2026-10-06 01:43:01.216249,0 days 00:03:08.953602,0.6040198049165227,35.9146589345795,62.179424602202374,12.025559114678314,0.009569508337727876,2.0608733616470127e-05,188.95350177912042,15,COMPLETE
1849,30.69163280195367,17.684483138732958,2026-10-06 01:39:52.266634,2026-10-06 01:43:04.091180,0 days 00:03:11.824546,0.14472486883161542,2.5826334477054016,78.91305021174706,18.49957504695779,0.009569508337727876,2.328670127015952e-06,191.82446209294721,15,COMPLETE
1850,21.856566042905058,4.743309297596698,2026-10-06 01:39:52.270636,2026-10-06 01:43:05.997664,0 days 00:03:13.727028,0.14472486883161542,38.5938178915455,78.91305021174706,18.49957504695779,0.009569508337727876,2.328670127015952e-06,193.72695918288082,15,COMPLETE
1851,30.050698488549262,22.413899006165053,2026-10-06 01:39:52.285654,2026-10-06 01:43:03.094661,0 days 00:03:10.809007,0.2537871941753988,3.42961079489487,78.91305021174706,12.025559114678314,0.009569508337727876,2.328670127015952e-06,190.80892588198185,15,COMPLETE
1852,27.45341868804984,7.06189285754713,2026-10-06 01:39:52.289638,2026-10-06 01:43:07.978246,0 days 00:03:15.688608,0.14472486883161542,3.42961079489487,78.91305021174706,6.9422952694861815,0.009406258884274878,9.391865709026338e-06,195.68851384101436,15,COMPLETE
1853,24.218249892599424,4.831307485656795,2026-10-06 01:39:53.645413,2026-10-06 01:43:09.820810,0 days 00:03:16.175397,0.07505293109662754,3.42961079489487,78.91305021174706,18.49957504695779,0.009569508337727876,2.328670127015952e-06,196.17529302695766,15,COMPLETE
1854,30.24677223918379,16.95454237805794,2026-10-06 01:39:53.648650,2026-10-06 01:43:03.321678,0 days 00:03:09.673028,0.14472486883161542,3.42961079489487,78.91305021174706,18.49957504695779,0.009569508337727876,2.328670127015952e-06,189.67294911388308,15,COMPLETE
1855,30.24677223918379,16.95454237805794,2026-10-06 01:39:53.652634,2026-10-06 01:43:04.423054,0 days 00:03:10.770420,0.14472486883161542,3.42961079489487,78.91305021174706,18.49957504695779,0.009569508337727876,2.328670127015952e-06,190.77033997699618,15,COMPLETE
1856,22.46418467511472,4.141484429563284,2026-10-06 01:39:53.656635,2026-10-06 01:43:03.419026,0 days 00:03:09.762391,0.14472486883161542,30.355056506013273,78.91305021174706,18.49957504695779,0.009569508337727876,2.328670127015952e-06,189.76230501383543,15,COMPLETE
1857,13.60773315597404,4.34212196235965,2026-10-06 01:39:53.660642,2026-10-06 01:43:03.089989,0 days 00:03:09.429347,0.6040198049165227,38.47370482714874,78.91305021174706,18.49957504695779,0.009569508337727876,0.274366195118602,189.42926117870957,15,COMPLETE
1858,22.122565081942078,1.2760605246422654,2026-10-06 01:39:53.664641,2026-10-06 01:43:05.295568,0 days 00:03:11.630927,0.14472486883161542,28.5462751974403,78.91305021174706,18.49957504695779,0.05666095172772429,2.328670127015952e-06,191.63085065735504,15,COMPLETE
1859,14.999806500985319,1.1689753687423645,2026-10-06 01:39:53.668630,2026-10-06 01:43:04.903696,0 days 00:03:11.235066,0.03823439908834034,1.8054001832365776,3.023118423979496,1.3798280184278788,0.009569508337727876,9.391865709026338e-06,191.23499434394762,15,COMPLETE
1860,30.24677223918379,16.95454237805794,2026-10-06 01:39:53.672632,2026-10-06 01:43:04.173213,0 days 00:03:10.500581,0.14472486883161542,3.42961079489487,78.91305021174706,18.49957504695779,0.009569508337727876,2.328670127015952e-06,190.50050670700148,15,COMPLETE
1861,31.210384382689046,17.60718244445571,2026-10-06 01:39:53.676639,2026-10-06 01:43:03.120540,0 days 00:03:09.443901,0.14472486883161542,1.8054001832365776,78.91305021174706,18.49957504695779,0.009569508337727876,2.328670127015952e-06,189.44374487595633,15,COMPLETE
1862,24.858135517120665,4.4066120684547725,2026-10-06 01:39:53.680641,2026-10-06 01:43:00.779629,0 days 00:03:07.098988,0.14472486883161542,37.92200668738977,78.91305021174706,12.025559114678314,0.009569508337727876,2.328670127015952e-06,187.09889209503308,15,COMPLETE
1863,30.138545448853087,17.251604686711293,2026-10-06 01:39:53.704643,2026-10-06 01:43:04.102666,0 days 00:03:10.398023,0.14472486883161542,3.42961079489487,78.91305021174706,18.49957504695779,0.009406258884274878,2.328670127015952e-06,190.3979505477473,15,COMPLETE
1864,21.150245796856137,1.2578242003079354,2026-10-06 01:39:53.708639,2026-10-06 01:43:05.978933,0 days 00:03:12.270294,0.053397786276395874,3.42961079489487,78.91305021174706,18.49957504695779,0.009569508337727876,2.328670127015952e-06,192.27021541446447,15,COMPLETE
1865,32.105448248610195,13.77246817701386,2026-10-06 01:39:53.883333,2026-10-06 01:43:03.669141,0 days 00:03:09.785808,0.14472486883161542,1.8054001832365776,78.91305021174706,4.949274479107639,0.009569508337727876,2.328670127015952e-06,189.7857126132585,15,COMPLETE
1866,28.89946832643337,19.286373755209112,2026-10-06 01:39:54.059698,2026-10-06 01:43:06.099439,0 days 00:03:12.039741,0.14472486883161542,3.42961079489487,78.91305021174706,72.11032835897271,0.009406258884274878,0.00024637875250850874,192.0396504071541,15,COMPLETE
1867,,,2026-10-06 01:39:54.082127,2026-10-06 01:39:54.478692,0 days 00:00:00.396565,0.0817893108331721,3.42961079489487,78.91305021174706,6.2972600313874585,0.0026015465914342945,,,15,PRUNED
1868,30.138545448853087,17.251604686711293,2026-10-06 01:39:54.472697,2026-10-06 01:43:09.331788,0 days 00:03:14.859091,0.14472486883161542,3.42961079489487,78.91305021174706,18.49957504695779,0.009406258884274878,2.328670127015952e-06,194.858990394976,15,COMPLETE
1869,7.2585487367771595,1.9441092423900925,2026-10-06 01:39:54.941685,2026-10-06 01:43:05.353344,0 days 00:03:10.411659,0.14472486883161542,4.645980617279916,15.645509923820711,12.025559114678314,0.009569508337727876,0.005035448402796295,190.41157723776996,15,COMPLETE
1870,18.919032049654977,3.736946883243059,2026-10-06 01:39:55.355838,2026-10-06 01:43:08.076528,0 days 00:03:12.720690,0.14472486883161542,1.8054001832365776,78.91305021174706,18.49957504695779,0.009569508337727876,0.7940780941932739,192.72060276474804,15,COMPLETE
1871,28.768153881590234,10.983454545043724,2026-10-06 01:39:55.359650,2026-10-06 01:43:08.043828,0 days 00:03:12.684178,0.14472486883161542,3.42961079489487,78.91305021174706,18.49957504695779,0.009569508337727876,0.008377551428233293,192.68408480798826,15,COMPLETE
1872,30.042267290647523,15.63321483524711,2026-10-06 01:39:55.460799,2026-10-06 01:43:04.598887,0 days 00:03:09.138088,0.14472486883161542,3.42961079489487,78.91305021174706,13.73787659000448,0.009406258884274878,2.328670127015952e-06,189.13801385322586,15,COMPLETE
1873,31.210384382689046,17.60718244445571,2026-10-06 01:39:55.472648,2026-10-06 01:43:05.368492,0 days 00:03:09.895844,0.14472486883161542,1.8054001832365776,78.91305021174706,18.49957504695779,0.009569508337727876,2.328670127015952e-06,189.89576662518084,15,COMPLETE
1874,,,2026-10-06 01:41:40.285705,2026-10-06 01:41:41.708537,0 days 00:00:01.422832,0.011840781853587317,34.04199917292371,78.91305021174706,18.49957504695779,0.0015785132056975648,,,15,PRUNED
1875,28.89884754141699,19.51094234615429,2026-10-06 01:41:41.712983,2026-10-06 01:44:55.821956,0 days 00:03:14.108973,0.14472486883161542,3.42961079489487,78.91305021174706,72.11032835897271,0.009406258884274878,2.9088103539867886e-05,194.1088671819307,15,COMPLETE
1876,9.806367939735205,2.7867985006811793,2026-10-06 01:42:56.322718,2026-10-06 01:46:12.942545,0 days 00:03:16.619827,0.14472486883161542,3.42961079489487,3.3337275626585665,47.77760718136664,0.009569508337727876,9.391865709026338e-06,196.61964690079913,15,COMPLETE
1877,30.50530461074403,19.067461099704843,2026-10-06 01:42:58.805698,2026-10-06 01:46:13.293593,0 days 00:03:14.487895,0.14472486883161542,1.8054001832365776,78.91305021174706,47.77760718136664,0.009569508337727876,2.328670127015952e-06,194.48764692805707,15,COMPLETE
1878,29.45032008736746,1.645144032500993,2026-10-06 01:42:59.056711,2026-10-06 01:46:13.363063,0 days 00:03:14.306352,0.14472486883161542,6.28879905307643,78.91305021174706,4.292849097348621,0.009569508337727876,2.328670127015952e-06,194.3062606290914,15,COMPLETE
1879,,,2026-10-06 01:42:59.267300,2026-10-06 01:42:59.981752,0 days 00:00:00.714452,0.14472486883161542,49.75882369449947,78.91305021174706,74.8471701750583,0.009406258884274878,,,15,PRUNED
1880,15.224806863420795,6.205014163383823,2026-10-06 01:42:59.486338,2026-10-06 01:46:11.315339,0 days 00:03:11.829001,0.6040198049165227,6.28879905307643,78.91305021174706,18.49957504695779,0.009569508337727876,0.9439617287826835,191.82888669520617,15,COMPLETE
1881,30.454705573784594,2.6908471835080405,2026-10-06 01:42:59.556858,2026-10-06 01:46:08.927555,0 days 00:03:09.370697,0.14472486883161542,33.622703022460925,78.91305021174706,2.4821582187648223,0.009569508337727876,2.328670127015952e-06,189.37056133989245,15,COMPLETE
1882,21.202892216633842,31.881798982201285,2026-10-06 01:42:59.812695,2026-10-06 01:46:14.010697,0 days 00:03:14.198002,0.6040198049165227,5.00057129115001,78.91305021174706,33.705587852946245,0.009569508337727876,2.328670127015952e-06,194.19790918985382,15,COMPLETE
1883,11.643725854889828,3.7586430040184062,2026-10-06 01:43:00.398688,2026-10-06 01:46:12.891187,0 days 00:03:12.492499,0.14472486883161542,3.42961079489487,4.90960663722477,24.699565805996738,0.009569508337727876,2.328670127015952e-06,192.49240377126262,15,COMPLETE
1884,29.5423615567148,2.9345249217228977,2026-10-06 01:43:00.502868,2026-10-06 01:46:15.854107,0 days 00:03:15.351239,0.14472486883161542,48.071257018137324,78.91305021174706,3.8236576478323125,0.009569508337727876,9.391865709026338e-06,195.35114282229915,15,COMPLETE
1885,,,2026-10-06 01:43:00.506666,2026-10-06 01:43:01.552713,0 days 00:00:01.046047,0.6671696493972024,3.42961079489487,78.91305021174706,13.984446128169097,0.005677522790966042,,,15,PRUNED
1886,30.241064406700833,17.004598413872177,2026-10-06 01:43:00.510652,2026-10-06 01:46:13.315343,0 days 00:03:12.804691,0.14472486883161542,3.42961079489487,78.91305021174706,18.808973665165144,0.009569508337727876,2.328670127015952e-06,192.80460761813447,15,COMPLETE
1887,30.889089151428077,1.6097588851075517,2026-10-06 01:43:00.514650,2026-10-06 01:46:15.353503,0 days 00:03:14.838853,0.14472486883161542,6.28879905307643,78.91305021174706,1.3798280184278788,0.009569508337727876,2.328670127015952e-06,194.83876296691597,15,COMPLETE
1888,20.130201023589347,1.5416551960861293,2026-10-06 01:43:00.859870,2026-10-06 01:46:14.882952,0 days 00:03:14.023082,0.48967816666395225,33.340733695886776,78.91305021174706,18.49957504695779,0.040271769040105924,1.4671267453130232e-06,194.02298757107928,15,COMPLETE
1889,30.24677223918379,16.95454237805794,2026-10-06 01:43:01.465859,2026-10-06 01:46:12.423145,0 days 00:03:10.957286,0.14472486883161542,3.42961079489487,78.91305021174706,18.49957504695779,0.009569508337727876,2.328670127015952e-06,190.95716930599883,15,COMPLETE
1890,30.24677223918379,16.95454237805794,2026-10-06 01:43:01.664691,2026-10-06 01:46:20.701540,0 days 00:03:19.036849,0.14472486883161542,3.42961079489487,78.91305021174706,18.49957504695779,0.009569508337727876,2.328670127015952e-06,199.03672743216157,15,COMPLETE
1891,20.03800007868664,3.0526479392124055,2026-10-06 01:43:01.678817,2026-10-06 01:46:18.001986,0 days 00:03:16.323169,0.07087392179304158,3.42961079489487,78.91305021174706,18.49957504695779,0.009406258884274878,2.328670127015952e-06,196.3230916429311,15,COMPLETE
1892,16.458001265716554,4.529353930773302,2026-10-06 01:43:01.684637,2026-10-06 01:46:14.580011,0 days 00:03:12.895374,0.14472486883161542,3.42961079489487,78.91305021174706,25.47332332039842,0.009569508337727876,12.85326442607069,192.89527403004467,15,COMPLETE
1893,30.24622031076324,16.9615629153741,2026-10-06 01:43:02.092691,2026-10-06 01:46:20.407745,0 days 00:03:18.315054,0.14472486883161542,3.42961079489487,78.91305021174706,18.49957504695779,0.009569508337727876,1.4671267453130232e-06,198.31496689701453,15,COMPLETE
1894,30.50530461074403,19.067461099704843,2026-10-06 01:43:02.505819,2026-10-06 01:46:17.677895,0 days 00:03:15.172076,0.14472486883161542,1.8054001832365776,78.91305021174706,47.77760718136664,0.009569508337727876,2.328670127015952e-06,195.17199899815023,15,COMPLETE
1895,30.043588273940042,2.2401864199201897,2026-10-06 01:43:03.048843,2026-10-06 01:46:12.889513,0 days 00:03:09.840670,0.14472486883161542,3.42961079489487,78.91305021174706,3.0376796669831148,0.009406258884274878,0.00010208435454762637,189.84056987427175,15,COMPLETE
1896,,,2026-10-06 01:43:03.185702,2026-10-06 01:43:04.560724,0 days 00:00:01.375022,0.01398905691148074,3.42961079489487,78.91305021174706,37.65116850849539,0.0012152444850970312,,,15,PRUNED
1897,31.210384382689046,17.60718244445571,2026-10-06 01:43:03.189671,2026-10-06 01:46:18.573927,0 days 00:03:15.384256,0.14472486883161542,1.8054001832365776,78.91305021174706,18.49957504695779,0.009569508337727876,2.328670127015952e-06,195.38417932204902,15,COMPLETE
1898,30.227052755855603,15.428480050964286,2026-10-06 01:43:03.341808,2026-10-06 01:46:17.667586,0 days 00:03:14.325778,0.14472486883161542,3.42961079489487,78.91305021174706,18.49957504695779,0.01065879490579324,2.328670127015952e-06,194.32569503365085,15,COMPLETE
1899,17.028004179610292,1.8869960961465853,2026-10-06 01:43:03.483960,2026-10-06 01:46:17.229256,0 days 00:03:13.745296,0.48967816666395225,15.887045269877763,78.91305021174706,17.877328930708746,0.009569508337727876,1.4671267453130232e-06,193.745221410878,15,COMPLETE
1900,31.210384382689046,17.60718244445571,2026-10-06 01:43:03.642679,2026-10-06 01:46:16.515426,0 days 00:03:12.872747,0.14472486883161542,1.8054001832365776,78.91305021174706,18.49957504695779,0.009569508337727876,2.328670127015952e-06,192.87266809679568,15,COMPLETE
1901,30.24677223918379,16.95454237805794,2026-10-06 01:43:03.677663,2026-10-06 01:46:18.292853,0 days 00:03:14.615190,0.14472486883161542,3.42961079489487,78.91305021174706,18.49957504695779,0.009569508337727876,2.328670127015952e-06,194.6151198069565,15,COMPLETE
1902,30.24677223918379,16.95454237805794,2026-10-06 01:43:04.124845,2026-10-06 01:46:17.228334,0 days 00:03:13.103489,0.14472486883161542,3.42961079489487,78.91305021174706,18.49957504695779,0.009569508337727876,2.328670127015952e-06,193.10340816620737,15,COMPLETE
1903,23.72634535349082,1.5349875388440513,2026-10-06 01:43:04.128651,2026-10-06 01:46:19.600451,0 days 00:03:15.471800,0.14472486883161542,6.28879905307643,78.91305021174706,18.49957504695779,0.009569508337727876,2.328670127015952e-06,195.47170698689297,15,COMPLETE
1904,21.592046955126623,4.873389613480789,2026-10-06 01:43:04.148666,2026-10-06 01:46:17.067890,0 days 00:03:12.919224,0.14472486883161542,45.781136112076645,78.91305021174706,18.49957504695779,0.009569508337727876,9.391865709026338e-06,192.9191360892728,15,COMPLETE
1905,30.24677223918379,16.95454237805794,2026-10-06 01:43:04.156651,2026-10-06 01:46:18.952350,0 days 00:03:14.795699,0.14472486883161542,3.42961079489487,78.91305021174706,18.49957504695779,0.009569508337727876,2.328670127015952e-06,194.79561267932877,15,COMPLETE
1906,19.059083737690614,10.651426096769516,2026-10-06 01:43:04.164644,2026-10-06 01:46:18.377292,0 days 00:03:14.212648,0.14472486883161542,1.8054001832365776,8.964947682525832,18.49957504695779,0.008698017554316196,2.328670127015952e-06,194.21256509702653,15,COMPLETE
1907,30.42500923447752,10.638419911011798,2026-10-06 01:43:04.328844,2026-10-06 01:46:17.519721,0 days 00:03:13.190877,0.14472486883161542,1.8054001832365776,78.91305021174706,47.77760718136664,0.016677225622724272,9.391865709026338e-06,193.19078828999773,16,COMPLETE
1908,,,2026-10-06 01:43:04.369279,2026-10-06 01:43:04.878670,0 days 00:00:00.509391,0.48967816666395225,6.28879905307643,78.91305021174706,12.025559114678314,0.003483598344780851,,,16,PRUNED
1909,4.0107092460329214,1.2118894411608445,2026-10-06 01:43:04.550937,2026-10-06 01:46:17.195602,0 days 00:03:12.644665,0.011368670148184448,1.8054001832365776,5.156907907854515,12.025559114678314,0.009569508337727876,2.328670127015952e-06,192.64458049507812,16,COMPLETE
1910,26.249197602765992,1.6735554364902883,2026-10-06 01:43:04.821873,2026-10-06 01:46:16.648728,0 days 00:03:11.826855,0.10434824871980765,12.862562017279059,78.91305021174706,12.025559114678314,0.009569508337727876,2.328670127015952e-06,191.8267697431147,16,COMPLETE
1911,20.38533760017488,4.1780721989604785,2026-10-06 01:43:04.825652,2026-10-06 01:46:14.952781,0 days 00:03:10.127129,0.14472486883161542,1.8054001832365776,13.858122573745842,1.8190863578544005,0.009569508337727876,0.0013080664662664758,190.12703966721892,16,COMPLETE
1912,31.163979119364363,11.262255401372395,2026-10-06 01:43:04.829644,2026-10-06 01:46:18.420502,0 days 00:03:13.590858,0.14472486883161542,1.8054001832365776,78.91305021174706,18.49957504695779,0.015143239886431,2.328670127015952e-06,193.5907811112702,16,COMPLETE
1913,22.69893597641008,3.608034199761231,2026-10-06 01:43:04.833646,2026-10-06 01:46:16.295010,0 days 00:03:11.461364,0.14472486883161542,25.046734831170948,78.91305021174706,18.49957504695779,0.009569508337727876,2.328670127015952e-06,191.46129658073187,16,COMPLETE
1914,22.73138717357232,1.437556058200985,2026-10-06 01:43:04.837635,2026-10-06 01:46:16.278412,0 days 00:03:11.440777,0.14472486883161542,10.035540634281547,78.91305021174706,18.49957504695779,0.009569508337727876,2.328670127015952e-06,191.44070049002767,16,COMPLETE
