number,values_0,values_1,datetime_start,datetime_complete,duration,params_c_val,params_input_force,params_k_between_val,params_k_wall_val,params_m_val,params_ridge_alpha,user_attrs_duration_sec,system_attrs_NSGAIISampler:generation,state
5470,32.264512484922626,8.765342661336758,2026-10-06 04:27:06.100693,2026-10-06 04:30:19.326941,0 days 00:03:13.226248,0.14472486883161542,1.0100598856645617,78.91305021174706,1.049083106603073,0.009569508337727876,2.328670127015952e-06,193.22611691290513,45,COMPLETE
5471,26.77932038495255,5.231085282917618,2026-10-06 04:27:06.124646,2026-10-06 04:30:14.288758,0 days 00:03:08.164112,0.19189241237051688,39.7334722005917,66.87965357393004,4.949274479107639,0.008698017554316196,1.4671267453130232e-06,188.1640122430399,45,COMPLETE
5472,26.754920789432198,27.21070690303191,2026-10-06 04:27:07.599690,2026-10-06 04:30:14.282233,0 days 00:03:06.682543,0.39093869087988875,4.014839763781616,78.91305021174706,18.49957504695779,0.009569508337727876,1.4671267453130232e-06,186.6824383540079,45,COMPLETE
5473,17.29094427263332,4.272427770356494,2026-10-06 04:27:32.716857,2026-10-06 04:30:45.837562,0 days 00:03:13.120705,0.14472486883161542,1.0100598856645617,3.878036163216769,2.5931783094816834,0.009569508337727876,2.108934163128921e-06,193.12057119375095,45,COMPLETE
5474,31.932932793296082,1.2326343827111401,2026-10-06 04:27:38.506672,2026-10-06 04:30:49.569340,0 days 00:03:11.062668,0.048945070197880844,4.745913150311772,78.91305021174706,1.0126958898928013,0.009569508337727876,1.4671267453130232e-06,191.06253445101902,45,COMPLETE
5475,12.98631758149601,6.933204897765842,2026-10-06 04:28:11.595702,2026-10-06 04:31:26.815775,0 days 00:03:15.220073,0.3401090828369047,35.40396643165442,80.97346391189345,45.605935248059524,0.009569508337727876,2.328670127015952e-06,195.2199454489164,45,COMPLETE
5476,30.245483945243176,2.6620382504791205,2026-10-06 04:28:13.372732,2026-10-06 04:31:23.942837,0 days 00:03:10.570105,0.17534157142392734,42.9303421291344,69.33707937619111,1.803572620154699,0.008698017554316196,2.328670127015952e-06,190.56997156515718,45,COMPLETE
5477,30.703594176633658,22.372813104115426,2026-10-06 04:28:15.804506,2026-10-06 04:31:27.977877,0 days 00:03:12.173371,0.18472274745078338,1.8054001832365776,78.91305021174706,18.49957504695779,0.008698017554316196,1.4671267453130232e-06,192.1732438793406,45,COMPLETE
5478,31.80816818115111,8.591824519448409,2026-10-06 04:29:00.141679,2026-10-06 04:32:07.471864,0 days 00:03:07.330185,0.19189241237051688,1.8054001832365776,78.91305021174706,12.025559114678314,0.021688215734536102,1.4671267453130232e-06,187.33006514934823,45,COMPLETE
5479,31.047114689906294,19.740847475155828,2026-10-06 04:30:06.332702,2026-10-06 04:33:19.219118,0 days 00:03:12.886416,0.17534157142392734,1.8054001832365776,78.91305021174706,18.49957504695779,0.009569508337727876,1.4671267453130232e-06,192.88628374086693,45,COMPLETE
5480,29.535374195971816,17.509441148446786,2026-10-06 04:30:08.464732,2026-10-06 04:33:23.181933,0 days 00:03:14.717201,0.12717075162832503,3.42961079489487,80.97346391189345,53.19831855856638,0.009569508337727876,1.4671267453130232e-06,194.71706770267338,45,COMPLETE
5481,32.62065564990722,12.310438613529568,2026-10-06 04:30:09.156710,2026-10-06 04:33:19.885808,0 days 00:03:10.729098,0.14472486883161542,1.0100598856645617,78.91305021174706,7.14008749932051,0.009569508337727876,1.4671267453130232e-06,190.72896320465952,45,COMPLETE
5482,11.956638497030374,2.5360669408514425,2026-10-06 04:30:09.321684,2026-10-06 04:33:24.563790,0 days 00:03:15.242106,0.17534157142392734,1.8054001832365776,2.343205225288712,1.5044522256636526,0.008698017554316196,2.328670127015952e-06,195.24199705105275,45,COMPLETE
5483,14.106848593095084,4.214714225999444,2026-10-06 04:30:10.372680,2026-10-06 04:33:23.197045,0 days 00:03:12.824365,0.17534157142392734,9.582817974388695,78.91305021174706,58.67361357961239,0.009569508337727876,2.108934163128921e-06,192.82424071105197,45,COMPLETE
5484,29.86649861846278,12.125637611004327,2026-10-06 04:30:10.519696,2026-10-06 04:33:21.564586,0 days 00:03:11.044890,0.2680662921881964,1.8054001832365776,78.91305021174706,18.16609670226878,0.018912459631988218,2.328670127015952e-06,191.04476353805512,45,COMPLETE
5485,30.80576639453752,21.42943738659139,2026-10-06 04:30:11.124696,2026-10-06 04:33:28.011228,0 days 00:03:16.886532,0.17534157142392734,1.8054001832365776,78.91305021174706,16.966954115393197,0.008698017554316196,2.328670127015952e-06,196.8864117427729,45,COMPLETE
5486,26.68717190037932,29.592385372827405,2026-10-06 04:30:11.224794,2026-10-06 04:33:24.737882,0 days 00:03:13.513088,0.3401090828369047,3.42961079489487,80.97346391189345,46.431764750098004,0.009569508337727876,2.328670127015952e-06,193.51299029309303,45,COMPLETE
5487,31.719996965301352,17.17408451714542,2026-10-06 04:30:11.228633,2026-10-06 04:33:23.635263,0 days 00:03:12.406630,0.14472486883161542,1.0100598856645617,78.91305021174706,16.966954115393197,0.008698017554316196,2.328670127015952e-06,192.40653487108648,45,COMPLETE
5488,31.23871610905503,14.305926959576587,2026-10-06 04:30:11.493779,2026-10-06 04:33:25.103099,0 days 00:03:13.609320,0.19189241237051688,1.8054001832365776,78.91305021174706,7.14008749932051,0.008698017554316196,3.074236921682552e-05,193.6092176870443,45,COMPLETE
5489,,,2026-10-06 04:30:12.059585,2026-10-06 04:30:12.752143,0 days 00:00:00.692558,0.14472486883161542,1.8054001832365776,78.91305021174706,6.182683349256731,0.0037025512998474877,,,46,PRUNED
5490,24.52416554413944,1.2098061685276618,2026-10-06 04:30:12.067559,2026-10-06 04:33:20.839794,0 days 00:03:08.772235,0.01642604614489489,1.8054001832365776,78.91305021174706,18.49957504695779,0.008698017554316196,2.328670127015952e-06,188.77210858697072,46,COMPLETE
5491,26.286139818749984,21.84260326991094,2026-10-06 04:30:12.071538,2026-10-06 04:33:25.773540,0 days 00:03:13.702002,0.19189241237051688,5.0572083501939105,78.91305021174706,40.29115295108787,0.008698017554316196,0.001514952359685918,193.70189605792984,46,COMPLETE
5492,29.525146260716088,24.803835229633087,2026-10-06 04:30:12.537172,2026-10-06 04:33:25.958197,0 days 00:03:13.421025,0.2680662921881964,1.8054001832365776,78.91305021174706,18.49957504695779,0.008698017554316196,2.328670127015952e-06,193.42091043759137,46,COMPLETE
5493,27.922521480775554,1.3313090418763398,2026-10-06 04:30:12.549555,2026-10-06 04:33:23.820197,0 days 00:03:11.270642,0.12186470831252749,16.47647419300879,78.91305021174706,7.704673657496365,0.03463343903868386,2.108934163128921e-06,191.27053674915805,46,COMPLETE
5494,18.4501545057131,1.2142921622734821,2026-10-06 04:30:12.759583,2026-10-06 04:33:25.218087,0 days 00:03:12.458504,0.17534157142392734,1.0100598856645617,78.91305021174706,1.8591656737468725,0.009569508337727876,0.22598294816013176,192.45840590586886,46,COMPLETE
5495,30.260289738727387,22.352215143722812,2026-10-06 04:30:13.011685,2026-10-06 04:33:24.126696,0 days 00:03:11.115011,0.19189241237051688,1.8054001832365776,78.91305021174706,53.19831855856638,0.009569508337727876,1.4671267453130232e-06,191.1148791871965,46,COMPLETE
5496,,,2026-10-06 04:30:13.023816,2026-10-06 04:30:13.797697,0 days 00:00:00.773881,0.17534157142392734,34.67842056510649,78.91305021174706,53.19831855856638,0.005856660850552373,,,46,PRUNED
5497,30.573896531490153,19.607154526923477,2026-10-06 04:30:13.027507,2026-10-06 04:33:23.906955,0 days 00:03:10.879448,0.14472486883161542,1.8054001832365776,78.91305021174706,28.49614294882097,0.008698017554316196,1.4671267453130232e-06,190.87935354281217,46,COMPLETE
5498,,,2026-10-06 04:30:13.030627,2026-10-06 04:30:14.526301,0 days 00:00:01.495674,0.18472274745078338,1.8054001832365776,78.91305021174706,17.400909344078944,0.0011536135145867586,,,46,PRUNED
5499,29.842954078933122,1.615524290640604,2026-10-06 04:30:13.126672,2026-10-06 04:33:23.587178,0 days 00:03:10.460506,0.06389475678201254,2.5826334477054016,78.91305021174706,4.498763876415482,0.009569508337727876,1.4671267453130232e-06,190.46039579296485,46,COMPLETE
5500,29.809777531449136,14.026555966057137,2026-10-06 04:30:13.130639,2026-10-06 04:33:24.704922,0 days 00:03:11.574283,0.3401090828369047,1.8054001832365776,78.91305021174706,4.455054193565204,0.009569508337727876,1.0746247031029727e-06,191.5741861090064,46,COMPLETE
5501,28.006479385780306,1.271329822550733,2026-10-06 04:30:13.452681,2026-10-06 04:33:28.456138,0 days 00:03:15.003457,0.03153690652928811,1.8054001832365776,78.91305021174706,6.182683349256731,0.008698017554316196,1.8261476972271402e-06,195.00334477424622,46,COMPLETE
5502,31.54845801212674,9.77213364230009,2026-10-06 04:30:13.872886,2026-10-06 04:33:27.892540,0 days 00:03:14.019654,0.18472274745078338,1.8054001832365776,78.91305021174706,6.182683349256731,0.01602263924158306,2.328670127015952e-06,194.01954134786502,46,COMPLETE
5503,27.27867015307914,13.61673146732933,2026-10-06 04:30:13.876643,2026-10-06 04:33:26.070091,0 days 00:03:12.193448,0.48967816666395225,3.42961079489487,80.97346391189345,53.19831855856638,0.0329725005166097,1.4671267453130232e-06,192.19334371667355,46,COMPLETE
5504,30.649305658016186,1.4517732194336925,2026-10-06 04:30:13.880629,2026-10-06 04:33:25.194593,0 days 00:03:11.313964,0.22031827582514427,1.0100598856645617,78.91305021174706,2.4545370339177564,0.07259609649456439,1.4671267453130232e-06,191.3138675428927,46,COMPLETE
5505,26.62802414928648,29.249936469016518,2026-10-06 04:30:13.884630,2026-10-06 04:33:28.131240,0 days 00:03:14.246610,0.3401090828369047,3.42961079489487,78.91305021174706,46.431764750098004,0.009569508337727876,2.328670127015952e-06,194.2465219721198,46,COMPLETE
5506,25.186864847422356,14.94672954924747,2026-10-06 04:30:13.888627,2026-10-06 04:33:28.411031,0 days 00:03:14.522404,0.48967816666395225,1.8054001832365776,78.91305021174706,7.14008749932051,0.009569508337727876,1.4671267453130232e-06,194.5223082457669,46,COMPLETE
5507,31.6131573861665,2.6601394111145926,2026-10-06 04:30:13.892628,2026-10-06 04:33:27.129897,0 days 00:03:13.237269,0.06441798531902292,1.0100598856645617,78.91305021174706,1.1416691481952643,0.008698017554316196,0.0002326197942520551,193.23714619735256,46,COMPLETE
5508,15.60602840264931,1.3600548234343446,2026-10-06 04:30:13.896630,2026-10-06 04:33:24.744202,0 days 00:03:10.847572,0.14472486883161542,40.919678570928276,78.91305021174706,45.605935248059524,0.03463343903868386,1.2446212784745538e-06,190.84748390084133,46,COMPLETE
5509,,,2026-10-06 04:30:14.011670,2026-10-06 04:30:15.713751,0 days 00:00:01.702081,0.35349415915446786,1.8054001832365776,78.91305021174706,53.19831855856638,0.008698017554316196,,,46,PRUNED
5510,3.9427237620337747,1.2502319698528557,2026-10-06 04:30:14.023825,2026-10-06 04:33:27.420670,0 days 00:03:13.396845,0.17534157142392734,13.734688850433805,3.0577969750589022,12.025559114678314,0.03463343903868386,1.2446212784745538e-06,193.39674995094538,46,COMPLETE
5511,32.11760058887374,14.20578059475552,2026-10-06 04:30:14.027637,2026-10-06 04:33:29.758532,0 days 00:03:15.730895,0.17534157142392734,1.0100598856645617,78.91305021174706,7.14008749932051,0.008698017554316196,2.328670127015952e-06,195.73078177822754,46,COMPLETE
5512,26.50234048612329,1.1697242245655204,2026-10-06 04:30:14.031627,2026-10-06 04:33:27.142132,0 days 00:03:13.110505,0.02251297413501087,1.8054001832365776,78.91305021174706,7.704673657496365,0.008698017554316196,1.4671267453130232e-06,193.11039704829454,46,COMPLETE
5513,27.547694231195862,4.919534035191605,2026-10-06 04:30:14.035634,2026-10-06 04:33:24.647299,0 days 00:03:10.611665,0.17534157142392734,41.33000676322941,80.97346391189345,6.182683349256731,0.009569508337727876,0.002248054611711513,190.61157020227984,46,COMPLETE
5514,32.91168924048697,3.3770042518191383,2026-10-06 04:30:14.039624,2026-10-06 04:33:30.355007,0 days 00:03:16.315383,0.14472486883161542,1.0100598856645617,78.91305021174706,18.49957504695779,0.03661743195156809,1.4671267453130232e-06,196.31526004290208,46,COMPLETE
5515,21.729990171108998,4.801225718475177,2026-10-06 04:30:14.063833,2026-10-06 04:33:28.717809,0 days 00:03:14.653976,0.14472486883161542,41.03498500938333,78.91305021174706,18.49957504695779,0.009569508337727876,1.4671267453130232e-06,194.65385944815353,46,COMPLETE
5516,26.76544209837409,22.35202442684739,2026-10-06 04:30:15.108691,2026-10-06 04:33:28.189404,0 days 00:03:13.080713,0.2918907020150273,4.014839763781616,78.91305021174706,18.49957504695779,0.008698017554316196,1.4671267453130232e-06,193.08062150888145,46,COMPLETE
5517,29.550928909691418,11.469399905780055,2026-10-06 04:30:15.116802,2026-10-06 04:33:26.011533,0 days 00:03:10.894731,0.3401090828369047,1.0100598856645617,80.97346391189345,2.5931783094816834,0.009569508337727876,1.4671267453130232e-06,190.89462962886319,46,COMPLETE
5518,30.299851418032823,19.493247484567068,2026-10-06 04:30:15.120632,2026-10-06 04:33:27.183879,0 days 00:03:12.063247,0.19189241237051688,3.42961079489487,78.91305021174706,12.025559114678314,0.009569508337727876,2.328670127015952e-06,192.06314375577495,46,COMPLETE
5519,12.99505281360904,10.812029671491223,2026-10-06 04:30:15.128638,2026-10-06 04:33:31.617549,0 days 00:03:16.488911,0.19189241237051688,1.0100598856645617,5.769712195386043,2.5931783094816834,0.0017540944843819266,2.328670127015952e-06,196.4887895663269,46,COMPLETE
5520,32.57037605792293,11.17936691158687,2026-10-06 04:30:15.215649,2026-10-06 04:33:23.621467,0 days 00:03:08.405818,0.12186470831252749,1.0100598856645617,80.97346391189345,7.704673657496365,0.009569508337727876,2.108934163128921e-06,188.4057063520886,46,COMPLETE
5521,,,2026-10-06 04:30:15.247646,2026-10-06 04:30:15.769677,0 days 00:00:00.522031,0.02448616544598556,29.8070142262997,80.97346391189345,45.605935248059524,0.009569508337727876,,,46,PRUNED
5522,31.82632862020902,16.1371655868811,2026-10-06 04:30:15.306119,2026-10-06 04:33:29.838269,0 days 00:03:14.532150,0.17534157142392734,1.8054001832365776,78.91305021174706,6.182683349256731,0.009569508337727876,1.4671267453130232e-06,194.53205388318747,46,COMPLETE
5523,29.418863149947413,19.116961581533676,2026-10-06 04:30:15.321638,2026-10-06 04:33:32.397238,0 days 00:03:17.075600,0.14472486883161542,3.4729088583064804,78.91305021174706,55.701539896901906,0.009569508337727876,1.4671267453130232e-06,197.07548543484882,46,COMPLETE
5524,28.753679742572217,24.54927837377857,2026-10-06 04:30:15.459703,2026-10-06 04:33:28.299466,0 days 00:03:12.839763,0.22031827582514427,3.42961079489487,78.91305021174706,53.19831855856638,0.009569508337727876,1.4671267453130232e-06,192.8396327290684,46,COMPLETE
5525,23.375232136126392,32.287505094854964,2026-10-06 04:30:15.853351,2026-10-06 04:33:28.183826,0 days 00:03:12.330475,0.48967816666395225,3.42961079489487,78.91305021174706,53.19831855856638,0.009569508337727876,1.4671267453130232e-06,192.33038788987324,46,COMPLETE
5526,18.777635849114,1.182022911693891,2026-10-06 04:30:15.986669,2026-10-06 04:33:24.398014,0 days 00:03:08.411345,0.01639689704889366,3.42961079489487,78.91305021174706,15.382666136782571,0.008698017554316196,1.4671267453130232e-06,188.41121256304905,46,COMPLETE
5527,19.049038406487185,1.679037144085719,2026-10-06 04:30:16.128699,2026-10-06 04:33:25.798278,0 days 00:03:09.669579,0.14472486883161542,1.0100598856645617,78.91305021174706,18.507058883770796,0.009569508337727876,0.288751469198211,189.66947238566354,46,COMPLETE
5528,31.851458641303555,8.109033968117338,2026-10-06 04:30:16.691679,2026-10-06 04:33:26.161823,0 days 00:03:09.470144,0.06441798531902292,1.0100598856645617,38.42021589775297,4.949274479107639,0.008698017554316196,1.4671267453130232e-06,189.47004021471366,46,COMPLETE
5529,,,2026-10-06 04:30:16.695649,2026-10-06 04:30:16.989725,0 days 00:00:00.294076,0.3401090828369047,3.42961079489487,80.97346391189345,46.431764750098004,0.008698017554316196,,,46,PRUNED
5530,31.791102471903695,9.64513892290158,2026-10-06 04:30:16.703633,2026-10-06 04:33:28.018393,0 days 00:03:11.314760,0.06441798531902292,1.0100598856645617,78.91305021174706,45.55143946067755,0.009569508337727876,2.328670127015952e-06,191.31467365613207,46,COMPLETE
5531,4.273477970467796,1.4087639647783556,2026-10-06 04:30:16.718663,2026-10-06 04:33:28.301155,0 days 00:03:11.582492,0.48967816666395225,42.528317140455066,3.4292257528335206,18.49957504695779,0.009569508337727876,1.4671267453130232e-06,191.5823887232691,46,COMPLETE
5532,32.0969896072665,15.459686287051172,2026-10-06 04:30:16.732127,2026-10-06 04:33:25.617475,0 days 00:03:08.885348,0.14472486883161542,1.0100598856645617,78.91305021174706,17.444176692293013,0.009569508337727876,1.2446212784745538e-06,188.88522871909663,46,COMPLETE
5533,25.04746970583177,3.5555102545144197,2026-10-06 04:30:16.861699,2026-10-06 04:33:23.555565,0 days 00:03:06.693866,0.14472486883161542,3.42961079489487,69.33707937619111,4.949274479107639,0.008698017554316196,1.4671267453130232e-06,186.69374171085656,46,COMPLETE
5534,21.313982428378704,2.0136503198615894,2026-10-06 04:30:17.383866,2026-10-06 04:33:25.853815,0 days 00:03:08.469949,0.2918907020150273,14.318953825455282,80.97346391189345,15.382666136782571,0.009569508337727876,0.0013704284058628153,188.46983132930472,46,COMPLETE
5535,28.559458195748874,9.38708158535576,2026-10-06 04:30:17.387643,2026-10-06 04:33:27.868585,0 days 00:03:10.480942,0.10568766618859121,1.8054001832365776,23.05158237864231,4.949274479107639,0.009569508337727876,1.4671267453130232e-06,190.4808122459799,46,COMPLETE
5536,24.730600147527248,12.48338021245263,2026-10-06 04:30:17.391627,2026-10-06 04:33:30.601543,0 days 00:03:13.209916,0.17534157142392734,1.0100598856645617,19.0553631012773,7.704673657496365,0.009569508337727876,2.108934163128921e-06,193.20979551086202,46,COMPLETE
5537,29.205482092023168,14.858932535994054,2026-10-06 04:30:17.395627,2026-10-06 04:33:24.970047,0 days 00:03:07.574420,0.2680662921881964,1.0100598856645617,78.6405512902571,30.60753584945725,0.011564454195648275,2.328670127015952e-06,187.57429357385263,46,COMPLETE
5538,27.318936602974013,1.5490051414999584,2026-10-06 04:30:17.564827,2026-10-06 04:33:33.258562,0 days 00:03:15.693735,0.06441798531902292,10.169749250643337,78.91305021174706,7.704673657496365,0.008698017554316196,2.328670127015952e-06,195.6936029419303,46,COMPLETE
5539,32.61995468022122,8.21265421176949,2026-10-06 04:30:17.584651,2026-10-06 04:33:27.964510,0 days 00:03:10.379859,0.12186470831252749,1.0100598856645617,78.91305021174706,2.950705217229087,0.009569508337727876,2.9034944225800355e-05,190.3797643193975,46,COMPLETE
5540,30.368186019675164,23.74150886625968,2026-10-06 04:30:19.564691,2026-10-06 04:33:29.060185,0 days 00:03:09.495494,0.22031827582514427,1.8054001832365776,78.91305021174706,18.49957504695779,0.008698017554316196,2.328670127015952e-06,189.49539242405444,46,COMPLETE
5541,31.43381802591321,18.226946089452777,2026-10-06 04:30:20.088697,2026-10-06 04:33:31.003556,0 days 00:03:10.914859,0.18472274745078338,1.8054001832365776,78.91305021174706,6.2207797596123,0.008698017554316196,2.328670127015952e-06,190.91473163897172,46,COMPLETE
5542,28.72161396397616,1.270144134646821,2026-10-06 04:30:21.536690,2026-10-06 04:33:32.269693,0 days 00:03:10.733003,0.036944413510877065,6.191181961989479,78.91305021174706,3.586080597799704,0.008698017554316196,2.328670127015952e-06,190.7328756027855,46,COMPLETE
5543,,,2026-10-06 04:30:46.222750,2026-10-06 04:30:47.043751,0 days 00:00:00.821001,0.3401090828369047,3.42961079489487,80.97346391189345,55.673990066031664,0.008698017554316196,,,46,PRUNED
5544,29.317120549378398,25.42483361588202,2026-10-06 04:30:47.044196,2026-10-06 04:33:58.670646,0 days 00:03:11.626450,0.2918907020150273,3.42961079489487,80.97346391189345,18.49957504695779,0.009569508337727876,1.4671267453130232e-06,191.62631987174973,46,COMPLETE
5545,25.20274786091949,14.31539820483735,2026-10-06 04:30:49.902954,2026-10-06 04:34:04.858300,0 days 00:03:14.955346,0.48967816666395225,1.8054001832365776,78.91305021174706,6.182683349256731,0.009569508337727876,1.4671267453130232e-06,194.95522437803447,46,COMPLETE
5546,25.511992297902136,14.098862462941709,2026-10-06 04:31:24.708688,2026-10-06 04:34:34.333034,0 days 00:03:09.624346,0.47123553193389656,1.8054001832365776,78.91305021174706,6.182683349256731,0.009569508337727876,2.108934163128921e-06,189.62421943806112,46,COMPLETE
5547,26.9239810933902,2.525404795893425,2026-10-06 04:31:26.924690,2026-10-06 04:34:39.561127,0 days 00:03:12.636437,0.14472486883161542,1.0100598856645617,18.82877325900306,9.667899082648123,0.03463343903868386,1.2446212784745538e-06,192.6363121671602,46,COMPLETE
5548,32.59044372596893,12.495178219011843,2026-10-06 04:31:29.016685,2026-10-06 04:34:42.538070,0 days 00:03:13.521385,0.14472486883161542,1.0100598856645617,78.91305021174706,7.704673657496365,0.009569508337727876,1.4671267453130232e-06,193.5212609283626,46,COMPLETE
5549,29.045301974196995,4.871142060696553,2026-10-06 04:32:07.536686,2026-10-06 04:35:21.410188,0 days 00:03:13.873502,0.48967816666395225,3.42961079489487,78.91305021174706,53.19831855856638,0.08294700018115651,1.4671267453130232e-06,193.87337670801207,46,COMPLETE
5550,21.71126505167497,34.64589212283317,2026-10-06 04:33:19.255905,2026-10-06 04:36:32.704602,0 days 00:03:13.448697,0.48967816666395225,6.28879905307643,78.91305021174706,53.19831855856638,0.009569508337727876,2.328670127015952e-06,193.4485469451174,46,COMPLETE
5551,31.026773365680402,18.167821936675793,2026-10-06 04:33:20.203827,2026-10-06 04:36:35.603925,0 days 00:03:15.400098,0.17534157142392734,1.0100598856645617,78.91305021174706,38.52680789958333,0.009569508337727876,2.328670127015952e-06,195.3999969693832,46,COMPLETE
5552,30.960901986650363,19.914100075192742,2026-10-06 04:33:20.941742,2026-10-06 04:36:38.289392,0 days 00:03:17.347650,0.19189241237051688,1.8054001832365776,78.91305021174706,18.321685104807358,0.009569508337727876,2.328670127015952e-06,197.34754515020177,46,COMPLETE
