number,values_0,values_1,datetime_start,datetime_complete,duration,params_c_val,params_input_force,params_k_between_val,params_k_wall_val,params_m_val,params_ridge_alpha,user_attrs_duration_sec,system_attrs_NSGAIISampler:generation,state
2164,15.888588868390595,1.3584795657729982,2026-10-06 01:55:52.152694,2026-10-06 01:59:05.197313,0 days 00:03:13.044619,0.14472486883161542,1.8054001832365776,78.91305021174706,18.49957504695779,0.009569508337727876,19.518115636633542,193.04452450294048,18,COMPLETE
2165,31.210384382689046,17.60718244445571,2026-10-06 01:55:52.677687,2026-10-06 01:59:07.056185,0 days 00:03:14.378498,0.14472486883161542,1.8054001832365776,78.91305021174706,18.49957504695779,0.009569508337727876,2.328670127015952e-06,194.37840447667986,18,COMPLETE
2166,31.210384382689046,17.60718244445571,2026-10-06 01:55:53.092837,2026-10-06 01:59:10.576772,0 days 00:03:17.483935,0.14472486883161542,1.8054001832365776,78.91305021174706,18.49957504695779,0.009569508337727876,2.328670127015952e-06,197.4838085588999,18,COMPLETE
2167,11.04153920623035,1.2434857405333979,2026-10-06 01:55:53.096642,2026-10-06 01:59:02.234367,0 days 00:03:09.137725,0.01599209613842376,3.42961079489487,78.91305021174706,40.2862337213893,0.009569508337727876,2.328670127015952e-06,189.13762976508588,18,COMPLETE
2168,30.23671539891876,21.222502877068077,2026-10-06 01:55:53.109653,2026-10-06 01:59:07.048404,0 days 00:03:13.938751,0.22031827582514427,3.42961079489487,78.91305021174706,12.025559114678314,0.009569508337727876,2.328670127015952e-06,193.93866017181426,18,COMPLETE
2169,31.566871299853137,15.972422690746741,2026-10-06 01:55:53.113642,2026-10-06 01:59:09.107700,0 days 00:03:15.994058,0.14472486883161542,1.8054001832365776,78.91305021174706,9.93989579004442,0.009569508337727876,2.328670127015952e-06,195.9939852207899,18,COMPLETE
2170,3.941694819369995,2.2813781328037317,2026-10-06 01:55:53.117635,2026-10-06 01:59:08.749235,0 days 00:03:15.631600,0.8253644423825556,6.28879905307643,2.298869141683328,18.49957504695779,0.003977503311151616,0.01901871505981711,195.6315218480304,18,COMPLETE
2171,31.445372342935343,16.504664224757644,2026-10-06 01:55:53.372686,2026-10-06 01:59:03.302119,0 days 00:03:09.929433,0.14472486883161542,1.8054001832365776,78.91305021174706,12.025559114678314,0.009569508337727876,2.328670127015952e-06,189.92932288907468,18,COMPLETE
2172,30.51016996922536,18.790412013427563,2026-10-06 01:55:53.621690,2026-10-06 01:59:05.740266,0 days 00:03:12.118576,0.14472486883161542,1.8054001832365776,78.91305021174706,47.77760718136664,0.009569508337727876,9.391865709026338e-06,192.11849060980603,18,COMPLETE
2173,,,2026-10-06 01:55:54.020680,2026-10-06 01:55:54.881734,0 days 00:00:00.861054,0.6040198049165227,6.28879905307643,78.91305021174706,18.49957504695779,0.002350804880503791,,,18,PRUNED
2174,22.4329177669323,4.237863337919076,2026-10-06 01:55:54.163832,2026-10-06 01:59:03.108508,0 days 00:03:08.944676,0.14472486883161542,31.123084679988672,78.91305021174706,18.49957504695779,0.009569508337727876,2.328670127015952e-06,188.9445860479027,18,COMPLETE
2175,1.2129683438341716,1.2242209808898292,2026-10-06 01:55:54.287689,2026-10-06 01:59:05.267917,0 days 00:03:10.980228,0.05511817249324899,40.094261303423266,78.91305021174706,18.49957504695779,0.009569508337727876,1.4671267453130232e-06,190.98014184180647,18,COMPLETE
2176,31.208642470752626,17.609421277904946,2026-10-06 01:55:54.295658,2026-10-06 01:59:05.234620,0 days 00:03:10.938962,0.14472486883161542,1.8054001832365776,78.94698836038394,18.49957504695779,0.009569508337727876,2.328670127015952e-06,190.93887560721487,18,COMPLETE
2177,32.041437532534815,14.626088721426392,2026-10-06 01:55:54.549685,2026-10-06 01:59:08.217093,0 days 00:03:13.667408,0.14472486883161542,1.0100598856645617,78.91305021174706,18.49957504695779,0.009569508337727876,2.328670127015952e-06,193.6673259199597,18,COMPLETE
2178,,,2026-10-06 01:55:54.917850,2026-10-06 01:55:55.903403,0 days 00:00:00.985553,0.42937345114127523,1.8054001832365776,78.91305021174706,40.2862337213893,0.0021173374786710233,,,18,PRUNED
2179,24.293559357814893,25.182782593238816,2026-10-06 01:55:55.036945,2026-10-06 01:59:08.543328,0 days 00:03:13.506383,0.48967816666395225,3.42961079489487,78.91305021174706,18.49957504695779,0.009569508337727876,2.328670127015952e-06,193.50628357287496,18,COMPLETE
2180,4.839386511162081,1.6329848350614231,2026-10-06 01:55:55.052660,2026-10-06 01:59:09.113932,0 days 00:03:14.061272,0.3401090828369047,25.628853637528326,21.328969719499867,53.19831855856638,0.009569508337727876,2.328670127015952e-06,194.06120431795716,18,COMPLETE
2181,,,2026-10-06 01:55:55.056645,2026-10-06 01:55:55.802710,0 days 00:00:00.746065,0.010261934639061174,6.28879905307643,78.91305021174706,53.19831855856638,0.009569508337727876,,,18,PRUNED
2182,29.60839967129637,18.920917136920103,2026-10-06 01:55:55.433673,2026-10-06 01:59:06.432499,0 days 00:03:10.998826,0.14472486883161542,3.42961079489487,78.91305021174706,47.77760718136664,0.009569508337727876,2.328670127015952e-06,190.99873937200755,18,COMPLETE
2183,15.233597880010066,4.751797241832599,2026-10-06 01:55:55.580510,2026-10-06 01:59:08.689085,0 days 00:03:13.108575,0.6040198049165227,33.33235119514768,78.91305021174706,18.49957504695779,0.009569508337727876,0.0042199026646227615,193.10848288610578,18,COMPLETE
2184,0.7308935208882194,1.212864953327142,2026-10-06 01:55:55.955681,2026-10-06 01:59:05.189563,0 days 00:03:09.233882,0.5804379238023668,7.7988590190752145,78.91305021174706,18.49957504695779,0.008698017554316196,2.328670127015952e-06,189.23378380481154,18,COMPLETE
2185,23.43967441311472,1.599101946780625,2026-10-06 01:55:55.959835,2026-10-06 01:59:06.336104,0 days 00:03:10.376269,0.14472486883161542,6.363653440130129,78.91305021174706,18.49957504695779,0.009569508337727876,2.328670127015952e-06,190.3761852812022,18,COMPLETE
2186,31.210384382689046,17.60718244445571,2026-10-06 01:55:55.963644,2026-10-06 01:59:09.189673,0 days 00:03:13.226029,0.14472486883161542,1.8054001832365776,78.91305021174706,18.49957504695779,0.009569508337727876,2.328670127015952e-06,193.22596105001867,18,COMPLETE
2187,31.210384382689046,17.60718244445571,2026-10-06 01:55:55.967636,2026-10-06 01:59:09.095394,0 days 00:03:13.127758,0.14472486883161542,1.8054001832365776,78.91305021174706,18.49957504695779,0.009569508337727876,2.328670127015952e-06,193.1276884409599,18,COMPLETE
2188,23.46941522537559,1.3584202244776271,2026-10-06 01:55:55.971632,2026-10-06 01:59:10.099115,0 days 00:03:14.127483,0.14472486883161542,8.46725013405563,78.91305021174706,18.49957504695779,0.009569508337727876,2.328670127015952e-06,194.1273993239738,18,COMPLETE
2189,31.445372342935343,16.504664224757644,2026-10-06 01:55:55.975633,2026-10-06 01:59:09.174717,0 days 00:03:13.199084,0.14472486883161542,1.8054001832365776,78.91305021174706,12.025559114678314,0.009569508337727876,2.328670127015952e-06,193.19901585625485,18,COMPLETE
2190,30.431728390629395,17.065029875373735,2026-10-06 01:55:56.084674,2026-10-06 01:59:08.280489,0 days 00:03:12.195815,0.12014132825757128,1.8054001832365776,78.91305021174706,56.68410193349743,0.009569508337727876,2.328670127015952e-06,192.19573558401316,18,COMPLETE
2191,20.330680247793502,1.5962296407901215,2026-10-06 01:55:56.312701,2026-10-06 01:59:07.821934,0 days 00:03:11.509233,0.14472486883161542,3.42961079489487,17.746586922837142,18.49957504695779,0.06047373970544423,2.328670127015952e-06,191.50914213666692,18,COMPLETE
2192,30.791908857220335,1.1628531893690004,2026-10-06 01:55:56.710456,2026-10-06 01:59:09.130653,0 days 00:03:12.420197,0.0338882855640036,1.8054001832365776,78.91305021174706,1.8190863578544005,0.009569508337727876,2.328670127015952e-06,192.42011975171044,18,COMPLETE
2193,24.293559357814893,25.182782593238816,2026-10-06 01:55:56.722650,2026-10-06 01:59:07.936123,0 days 00:03:11.213473,0.48967816666395225,3.42961079489487,78.91305021174706,18.49957504695779,0.009569508337727876,2.328670127015952e-06,191.21339261578396,18,COMPLETE
2194,14.644163275164214,1.3170984447980434,2026-10-06 01:55:57.228896,2026-10-06 01:59:11.598106,0 days 00:03:14.369210,0.48967816666395225,2.890804455653613,78.91305021174706,18.49957504695779,0.07413745516601719,10.167338629768581,194.3691297089681,18,COMPLETE
2195,4.642289368804463,1.4141446327447578,2026-10-06 01:55:57.232651,2026-10-06 01:59:07.637964,0 days 00:03:10.405313,0.48967816666395225,3.42961079489487,1.2415061441618245,1.203325128155251,0.009569508337727876,2.328670127015952e-06,190.40522569604218,18,COMPLETE
2196,24.930545158273777,4.022871715580199,2026-10-06 01:55:57.236634,2026-10-06 01:59:08.808054,0 days 00:03:11.571420,0.14472486883161542,29.765104177238026,78.91305021174706,12.303481343464334,0.009569508337727876,2.328670127015952e-06,191.57134441612288,18,COMPLETE
2197,30.353928843803317,12.775169511676776,2026-10-06 01:55:57.240630,2026-10-06 01:59:09.004576,0 days 00:03:11.763946,0.14472486883161542,2.5826334477054016,78.91305021174706,18.49957504695779,0.013786305603204266,2.328670127015952e-06,191.76387943699956,18,COMPLETE
2198,18.867875665068006,1.157768310344513,2026-10-06 01:55:57.244638,2026-10-06 01:59:07.646317,0 days 00:03:10.401679,0.011172760231224571,1.8054001832365776,78.91305021174706,18.49957504695779,0.009569508337727876,2.328670127015952e-06,190.40160535508767,18,COMPLETE
2199,21.714732256737825,27.369184831631994,2026-10-06 01:55:57.248638,2026-10-06 01:59:09.452047,0 days 00:03:12.203409,0.48967816666395225,6.28879905307643,67.63864735362428,18.49957504695779,0.009569508337727876,1.4671267453130232e-06,192.20331651391461,18,COMPLETE
2200,31.445372342935343,16.504664224757644,2026-10-06 01:55:57.252632,2026-10-06 01:59:12.785719,0 days 00:03:15.533087,0.14472486883161542,1.8054001832365776,78.91305021174706,12.025559114678314,0.009569508337727876,2.328670127015952e-06,195.5329966652207,18,COMPLETE
2201,30.69163280195367,17.684483138732958,2026-10-06 01:55:57.256638,2026-10-06 01:59:10.980745,0 days 00:03:13.724107,0.14472486883161542,2.5826334477054016,78.91305021174706,18.49957504695779,0.009569508337727876,2.328670127015952e-06,193.72403052868322,18,COMPLETE
2202,16.485497015856936,5.952849298577991,2026-10-06 01:55:57.260639,2026-10-06 01:59:06.781271,0 days 00:03:09.520632,0.14472486883161542,2.5826334477054016,62.396686982789205,31.663195653884713,0.009569508337727876,2.8506765467537014,189.5196987008676,18,COMPLETE
2203,30.92968431667311,2.2409874015334372,2026-10-06 01:55:57.509691,2026-10-06 01:59:10.002143,0 days 00:03:12.492452,0.14472486883161542,32.11671585719506,78.91305021174706,1.8190863578544005,0.009569508337727876,0.0019269779512021614,192.4923610240221,18,COMPLETE
2204,28.494841869967967,23.447022990267413,2026-10-06 01:55:57.533075,2026-10-06 01:59:08.863448,0 days 00:03:11.330373,0.3430619780030774,2.5826334477054016,78.91305021174706,22.2783980962908,0.009569508337727876,2.328670127015952e-06,191.33030004100874,18,COMPLETE
2205,29.683606771451583,10.170999445789317,2026-10-06 01:55:57.947662,2026-10-06 01:59:07.937672,0 days 00:03:09.990010,0.07792130127351729,3.42961079489487,78.91305021174706,37.519094505835014,0.009569508337727876,2.328670127015952e-06,189.9899330381304,18,COMPLETE
2206,31.210384382689046,17.60718244445571,2026-10-06 01:55:58.014669,2026-10-06 01:59:11.617488,0 days 00:03:13.602819,0.14472486883161542,1.8054001832365776,78.91305021174706,18.49957504695779,0.009569508337727876,2.328670127015952e-06,193.6027402561158,18,COMPLETE
2207,31.445372342935343,16.504664224757644,2026-10-06 01:55:58.034808,2026-10-06 01:59:09.108892,0 days 00:03:11.074084,0.14472486883161542,1.8054001832365776,78.91305021174706,12.025559114678314,0.009569508337727876,2.328670127015952e-06,191.0740143531002,18,COMPLETE
2208,31.196114460654456,17.65836336123812,2026-10-06 01:55:58.324705,2026-10-06 01:59:08.849023,0 days 00:03:10.524318,0.14472486883161542,1.8054001832365776,78.91305021174706,18.897086583673502,0.009569508337727876,2.328670127015952e-06,190.52423849282786,18,COMPLETE
2209,31.451675120938898,16.474531094849322,2026-10-06 01:55:58.488161,2026-10-06 01:59:06.951889,0 days 00:03:08.463728,0.14472486883161542,1.8054001832365776,78.91305021174706,11.893393556982886,0.009569508337727876,2.328670127015952e-06,188.46363310189918,18,COMPLETE
2210,18.721222531738313,8.18756140037894,2026-10-06 01:55:58.517664,2026-10-06 01:59:10.933264,0 days 00:03:12.415600,0.14472486883161542,1.8054001832365776,7.314607267688923,9.999717538703202,0.009569508337727876,2.328670127015952e-06,192.4155192291364,18,COMPLETE
2211,20.1383797997072,22.530395862727516,2026-10-06 01:55:58.623692,2026-10-06 01:59:10.827427,0 days 00:03:12.203735,0.48967816666395225,8.899620079321743,78.91305021174706,18.49957504695779,0.009569508337727876,2.328670127015952e-06,192.20364179415628,18,COMPLETE
2212,25.085062911792324,3.7211835491450813,2026-10-06 01:55:58.941697,2026-10-06 01:59:10.124248,0 days 00:03:11.182551,0.14472486883161542,3.42961079489487,78.91305021174706,4.949274479107639,0.009569508337727876,2.328670127015952e-06,191.18247169116512,18,COMPLETE
2213,31.80745145264631,10.635669175727354,2026-10-06 01:55:58.984675,2026-10-06 01:59:10.894090,0 days 00:03:11.909415,0.14472486883161542,1.8054001832365776,78.91305021174706,1.8190863578544005,0.009569508337727876,2.328670127015952e-06,191.90933013800532,18,COMPLETE
2214,23.008697264898387,22.05404917932541,2026-10-06 01:55:59.008674,2026-10-06 01:59:10.023814,0 days 00:03:11.015140,0.5456589577275628,2.5826334477054016,78.91305021174706,18.49957504695779,0.009569508337727876,2.328670127015952e-06,191.0150577267632,18,COMPLETE
2215,26.755341970602842,1.3233976937932135,2026-10-06 01:55:59.100130,2026-10-06 01:59:11.499612,0 days 00:03:12.399482,0.17534157142392734,17.54800929279898,78.91305021174706,12.025559114678314,0.031021669179453693,2.328670127015952e-06,192.39937344705686,18,COMPLETE
2216,21.352206858740097,12.136926131843698,2026-10-06 01:55:59.379689,2026-10-06 01:59:08.067278,0 days 00:03:08.687589,0.6040198049165227,1.8054001832365776,78.91305021174706,4.949274479107639,0.009569508337727876,2.328670127015952e-06,188.687503692694,18,COMPLETE
2217,6.564868365442789,2.326658218886888,2026-10-06 01:55:59.395831,2026-10-06 01:59:13.457537,0 days 00:03:14.061706,0.14472486883161542,1.8054001832365776,1.662023766810965,18.49957504695779,0.009569508337727876,0.3852958536954535,194.06160090491176,18,COMPLETE
2218,24.293559357814893,25.182782593238816,2026-10-06 01:55:59.415650,2026-10-06 01:59:11.169747,0 days 00:03:11.754097,0.48967816666395225,3.42961079489487,78.91305021174706,18.49957504695779,0.009569508337727876,2.328670127015952e-06,191.7540031420067,18,COMPLETE
2219,,,2026-10-06 01:55:59.972702,2026-10-06 01:56:01.065757,0 days 00:00:01.093055,0.14472486883161542,45.643784200418715,78.91305021174706,53.19831855856638,0.009569508337727876,,,18,PRUNED
2220,30.378107026622388,12.236015758744198,2026-10-06 01:56:00.285682,2026-10-06 01:59:12.741803,0 days 00:03:12.456121,0.14472486883161542,2.5826334477054016,78.91305021174706,18.49957504695779,0.014700184790494371,1.4671267453130232e-06,192.45602589240298,18,COMPLETE
2221,30.46478595440532,20.030399625028902,2026-10-06 01:56:00.697699,2026-10-06 01:59:10.663897,0 days 00:03:09.966198,0.2537871941753988,1.8054001832365776,78.91305021174706,18.49957504695779,0.009569508337727876,2.328670127015952e-06,189.9661084478721,18,COMPLETE
2222,16.626631318252652,4.045167443358041,2026-10-06 01:56:00.741682,2026-10-06 01:59:08.995701,0 days 00:03:08.254019,0.7317662447535438,32.97847434356096,78.91305021174706,12.303481343464334,0.009569508337727876,2.328670127015952e-06,188.25393939204514,18,COMPLETE
2223,29.829424890323615,21.25980677780427,2026-10-06 01:56:01.112855,2026-10-06 01:59:08.174071,0 days 00:03:07.061216,0.17534157142392734,1.8054001832365776,78.91305021174706,83.85989774544747,0.009569508337727876,2.328670127015952e-06,187.0611345139332,18,COMPLETE
2224,23.72634535349082,1.5349875388440513,2026-10-06 01:56:01.116646,2026-10-06 01:59:13.549505,0 days 00:03:12.432859,0.14472486883161542,6.28879905307643,78.91305021174706,18.49957504695779,0.009569508337727876,2.328670127015952e-06,192.432759758085,18,COMPLETE
2225,12.485997957040356,2.2812182005685604,2026-10-06 01:56:01.176650,2026-10-06 01:59:09.245863,0 days 00:03:08.069213,0.48967816666395225,45.65799677725508,32.69484157711201,18.49957504695779,0.025117496160231366,2.328670127015952e-06,188.06913992995396,18,COMPLETE
2226,31.210384382689046,17.60718244445571,2026-10-06 01:57:46.667673,2026-10-06 02:00:57.463704,0 days 00:03:10.796031,0.14472486883161542,1.8054001832365776,78.91305021174706,18.49957504695779,0.009569508337727876,2.328670127015952e-06,190.7959158490412,18,COMPLETE
2227,31.44198070026681,14.794787121960356,2026-10-06 01:59:02.208703,2026-10-06 02:02:15.371548,0 days 00:03:13.162845,0.14472486883161542,1.8054001832365776,78.91305021174706,12.025559114678314,0.009569508337727876,9.391865709026338e-06,193.16273065609857,18,COMPLETE
2228,22.274919420146254,2.0254640076513795,2026-10-06 01:59:02.579416,2026-10-06 02:02:18.159378,0 days 00:03:15.579962,0.2212304747916316,7.7988590190752145,78.91305021174706,18.49957504695779,0.009569508337727876,2.328670127015952e-06,195.5798494257033,18,COMPLETE
2229,,,2026-10-06 01:59:03.034726,2026-10-06 01:59:43.659752,0 days 00:00:40.625026,0.14472486883161542,36.96892277739199,78.91305021174706,53.19831855856638,0.009569508337727876,2.328670127015952e-06,,18,PRUNED
2230,29.241531928051366,10.626853092744946,2026-10-06 01:59:03.421883,2026-10-06 02:02:16.099613,0 days 00:03:12.677730,0.14472486883161542,2.5826334477054016,78.91305021174706,12.025559114678314,0.009569508337727876,0.0039153356134329935,192.67762027168646,18,COMPLETE
2231,20.133902242539076,4.344529103277426,2026-10-06 01:59:03.578707,2026-10-06 02:02:18.939290,0 days 00:03:15.360583,0.08347247543267461,3.42961079489487,31.389609963661417,18.49957504695779,0.009569508337727876,1.4671267453130232e-06,195.36047645797953,18,COMPLETE
2232,24.168654933979276,1.2662234183403691,2026-10-06 01:59:03.845686,2026-10-06 02:02:18.268681,0 days 00:03:14.422995,0.020992452141209712,3.42961079489487,78.91305021174706,12.025559114678314,0.009569508337727876,2.328670127015952e-06,194.42290938366205,18,COMPLETE
2233,28.097831163246905,7.077565739120245,2026-10-06 01:59:03.949720,2026-10-06 02:02:15.580550,0 days 00:03:11.630830,0.3401090828369047,1.8054001832365776,78.91305021174706,40.2862337213893,0.03499636405045519,8.912530391895478e-05,191.63071244116873,18,COMPLETE
2234,31.02438712447949,19.554410655001867,2026-10-06 01:59:04.478711,2026-10-06 02:02:16.610142,0 days 00:03:12.131431,0.17958655134255117,1.8054001832365776,78.91305021174706,18.49957504695779,0.009569508337727876,2.328670127015952e-06,192.13131776219234,18,COMPLETE
2235,16.706219180017843,9.259957005624123,2026-10-06 01:59:05.337910,2026-10-06 02:02:18.801928,0 days 00:03:13.464018,0.42937345114127523,3.42961079489487,78.91305021174706,18.49957504695779,0.009569508337727876,0.07400542021710795,193.46390521898866,18,COMPLETE
2236,28.25994622660489,25.07992649618613,2026-10-06 01:59:05.341673,2026-10-06 02:02:20.398655,0 days 00:03:15.056982,0.3401090828369047,3.42961079489487,78.91305021174706,18.49957504695779,0.009569508337727876,2.328670127015952e-06,195.0568973873742,18,COMPLETE
2237,22.125749739080103,4.533861623550133,2026-10-06 01:59:05.512195,2026-10-06 02:02:18.233003,0 days 00:03:12.720808,0.14472486883161542,35.36856308279604,78.91305021174706,18.49957504695779,0.009569508337727876,2.328670127015952e-06,192.72070775926113,18,COMPLETE
2238,31.417598023452037,10.428941923327507,2026-10-06 01:59:05.960696,2026-10-06 02:02:18.334395,0 days 00:03:12.373699,0.14472486883161542,1.8054001832365776,68.27140538942383,1.8190863578544005,0.009569508337727876,2.328670127015952e-06,192.37360310275108,18,COMPLETE
2239,30.795095647229523,18.56967270761666,2026-10-06 01:59:06.172679,2026-10-06 02:02:21.594371,0 days 00:03:15.421692,0.14472486883161542,1.8054001832365776,78.91305021174706,30.399317308776837,0.009569508337727876,2.328670127015952e-06,195.42159693408757,18,COMPLETE
2240,31.41413844365651,16.658228939262067,2026-10-06 01:59:06.756840,2026-10-06 02:02:19.471034,0 days 00:03:12.714194,0.14472486883161542,1.8054001832365776,78.91305021174706,12.729873234431997,0.009569508337727876,2.328670127015952e-06,192.71408867510036,18,COMPLETE
2241,30.421743386971276,1.611354296072261,2026-10-06 01:59:06.793663,2026-10-06 02:02:21.143704,0 days 00:03:14.350041,0.14472486883161542,7.417465336067562,78.91305021174706,1.8190863578544005,0.009569508337727876,0.001388357562579426,194.34995700186118,18,COMPLETE
2242,14.552812760018085,1.4300081283238189,2026-10-06 01:59:07.016803,2026-10-06 02:02:21.464454,0 days 00:03:14.447651,0.6040198049165227,1.8054001832365776,78.91305021174706,18.49957504695779,0.009569508337727876,0.3230831334920241,194.44756321096793,18,COMPLETE
2243,30.050950520120534,13.377035931427693,2026-10-06 01:59:07.091668,2026-10-06 02:02:18.513716,0 days 00:03:11.422048,0.17958655134255117,1.8054001832365776,78.91305021174706,18.49957504695779,0.009569508337727876,0.00017580252785452864,191.4219457670115,18,COMPLETE
2244,30.69163280195367,17.684483138732958,2026-10-06 01:59:07.335698,2026-10-06 02:02:22.311936,0 days 00:03:14.976238,0.14472486883161542,2.5826334477054016,78.91305021174706,18.49957504695779,0.009569508337727876,2.328670127015952e-06,194.9761457927525,18,COMPLETE
2245,30.966495861500448,9.056245178559019,2026-10-06 01:59:07.524678,2026-10-06 02:02:20.818630,0 days 00:03:13.293952,0.0629416167618411,1.8054001832365776,78.91305021174706,28.521004463161855,0.009569508337727876,2.328670127015952e-06,193.2938649766147,18,COMPLETE
