number,values_0,values_1,datetime_start,datetime_complete,duration,params_c_val,params_input_force,params_k_between_val,params_k_wall_val,params_m_val,params_ridge_alpha,user_attrs_duration_sec,system_attrs_NSGAIISampler:generation,state
2410,32.105448248610195,13.77246817701386,2026-10-06 02:05:36.132633,2026-10-06 02:08:42.716553,0 days 00:03:06.583920,0.14472486883161542,1.8054001832365776,78.91305021174706,4.949274479107639,0.009569508337727876,2.328670127015952e-06,186.58382283197716,20,COMPLETE
2411,31.284621544300705,17.94211592853864,2026-10-06 02:05:36.136631,2026-10-06 02:08:49.575625,0 days 00:03:13.438994,0.17534157142392734,1.8054001832365776,78.91305021174706,12.025559114678314,0.009569508337727876,2.328670127015952e-06,193.43891456583515,20,COMPLETE
2412,22.6466976774345,16.600626769127675,2026-10-06 02:05:36.655228,2026-10-06 02:08:46.297931,0 days 00:03:09.642703,0.48967816666395225,1.8054001832365776,78.91305021174706,18.49957504695779,0.009569508337727876,9.391865709026338e-06,189.642618550919,20,COMPLETE
2413,31.196114460654456,17.65836336123812,2026-10-06 02:05:36.658659,2026-10-06 02:08:45.452392,0 days 00:03:08.793733,0.14472486883161542,1.8054001832365776,78.91305021174706,18.897086583673502,0.009569508337727876,2.328670127015952e-06,188.79365713102743,20,COMPLETE
2414,21.269160475005844,29.69906153080861,2026-10-06 02:05:36.662633,2026-10-06 02:08:49.404343,0 days 00:03:12.741710,0.5804379238023668,7.7988590190752145,78.91305021174706,18.49957504695779,0.009569508337727876,2.328670127015952e-06,192.74162559723482,20,COMPLETE
2415,,,2026-10-06 02:05:36.666633,2026-10-06 02:05:37.246728,0 days 00:00:00.580095,0.12014132825757128,1.0100598856645617,78.91305021174706,18.49957504695779,0.001733926959017871,,,20,PRUNED
2416,8.7673953024248,14.656676400014108,2026-10-06 02:05:37.220851,2026-10-06 02:08:50.318501,0 days 00:03:13.097650,0.17534157142392734,1.8054001832365776,3.1064700068338524,12.025559114678314,0.0011595537384584099,2.328670127015952e-06,193.09756362391636,20,COMPLETE
2417,29.083240105190225,7.173000878071828,2026-10-06 02:05:37.224645,2026-10-06 02:08:52.275531,0 days 00:03:15.050886,0.17534157142392734,1.8054001832365776,67.63864735362428,1.2353197730570729,0.009569508337727876,0.00023433685473836342,195.05077533889562,20,COMPLETE
2418,14.77216404085774,1.3095732088826177,2026-10-06 02:05:37.254651,2026-10-06 02:08:48.797736,0 days 00:03:11.543085,0.14472486883161542,1.8054001832365776,78.91305021174706,47.77760718136664,0.009569508337727876,58.52099037856801,191.54266607109457,20,COMPLETE
2419,21.057633784867164,32.40813932113374,2026-10-06 02:05:37.520848,2026-10-06 02:08:48.317782,0 days 00:03:10.796934,0.6040198049165227,6.28879905307643,78.91305021174706,27.821597027495464,0.009569508337727876,2.328670127015952e-06,190.79682686598971,20,COMPLETE
2420,,,2026-10-06 02:05:37.765692,2026-10-06 02:05:39.102704,0 days 00:00:01.337012,0.22031827582514427,2.5826334477054016,78.91305021174706,12.025559114678314,0.0017005468593219426,,,20,PRUNED
2421,31.284621544300705,17.94211592853864,2026-10-06 02:05:37.980682,2026-10-06 02:08:49.862243,0 days 00:03:11.881561,0.17534157142392734,1.8054001832365776,78.91305021174706,12.025559114678314,0.009569508337727876,2.328670127015952e-06,191.88145901681855,20,COMPLETE
2422,30.476394299009684,2.7227919249012342,2026-10-06 02:05:38.400687,2026-10-06 02:08:50.584497,0 days 00:03:12.183810,0.14472486883161542,37.64769372692665,78.91305021174706,1.9357522206322064,0.008698017554316196,2.328670127015952e-06,192.1837263358757,20,COMPLETE
2423,10.706372865804777,4.58207734616432,2026-10-06 02:05:39.021687,2026-10-06 02:08:50.212169,0 days 00:03:11.190482,0.7116560586847549,46.84997997611044,78.91305021174706,23.799365678660685,0.009458583794994927,2.328670127015952e-06,191.19038493791595,20,COMPLETE
2424,17.118702242434278,14.282467270474337,2026-10-06 02:05:39.033655,2026-10-06 02:08:48.978867,0 days 00:03:09.945212,0.28169541702363515,3.42961079489487,14.949759604360501,6.4034693646834455,0.009569508337727876,2.328670127015952e-06,189.94512633467093,20,COMPLETE
2425,21.271883426177688,15.494122351618667,2026-10-06 02:05:39.115823,2026-10-06 02:08:44.901693,0 days 00:03:05.785870,0.6040198049165227,1.8054001832365776,78.91305021174706,9.93989579004442,0.009569508337727876,2.328670127015952e-06,185.78578473394737,20,COMPLETE
2426,23.663889992782153,25.418176057937153,2026-10-06 02:05:39.126657,2026-10-06 02:08:45.710724,0 days 00:03:06.584067,0.48967816666395225,6.28879905307643,78.91305021174706,12.025559114678314,0.009569508337727876,2.328670127015952e-06,186.58398484811187,20,COMPLETE
2427,1.470286817477389,1.2537254268107025,2026-10-06 02:05:39.884942,2026-10-06 02:08:56.123521,0 days 00:03:16.238579,0.03942045314243109,45.66801335250406,78.91305021174706,12.025559114678314,0.009569508337727876,2.328670127015952e-06,196.23847776511684,20,COMPLETE
2428,20.990345330510454,9.598165810408483,2026-10-06 02:05:41.268692,2026-10-06 02:08:51.977386,0 days 00:03:10.708694,0.3581915340362423,39.50847615436553,78.91305021174706,11.893393556982886,0.009569508337727876,2.328670127015952e-06,190.70859177270904,20,COMPLETE
2429,25.855811498327455,1.2596944143258062,2026-10-06 02:06:11.438910,2026-10-06 02:09:19.645889,0 days 00:03:08.206979,0.037048938141181716,7.7988590190752145,78.91305021174706,11.893393556982886,0.009569508337727876,2.328670127015952e-06,188.2068651090376,20,COMPLETE
2430,23.547340667828422,2.669067419172568,2026-10-06 02:07:20.866688,2026-10-06 02:10:33.260166,0 days 00:03:12.393478,0.2537871941753988,15.953655372937853,78.91305021174706,12.025559114678314,0.009569508337727876,2.328670127015952e-06,192.39336786419153,20,COMPLETE
2431,23.53642414720725,31.688609053713773,2026-10-06 02:08:41.068744,2026-10-06 02:11:56.710578,0 days 00:03:15.641834,0.48967816666395225,3.42961079489487,78.91305021174706,47.77760718136664,0.009569508337727876,1.4671267453130232e-06,195.64160234387964,20,COMPLETE
2432,31.154879113461355,19.025252431236765,2026-10-06 02:08:41.080685,2026-10-06 02:11:57.076094,0 days 00:03:15.995409,0.1912437107176475,1.8054001832365776,83.11603668343928,12.025559114678314,0.009569508337727876,2.328670127015952e-06,195.99530578684062,20,COMPLETE
2433,21.757908670028865,1.182700619768986,2026-10-06 02:08:41.787708,2026-10-06 02:11:53.288542,0 days 00:03:11.500834,0.029099856556107036,4.316915154672986,78.91305021174706,18.304001622648606,0.009569508337727876,2.328670127015952e-06,191.50072096614167,20,COMPLETE
2434,0.4051198086902602,1.2515534074384889,2026-10-06 02:08:42.856947,2026-10-06 02:11:57.088491,0 days 00:03:14.231544,0.011656705599883431,21.099229685547765,78.91305021174706,18.49957504695779,0.009569508337727876,2.328670127015952e-06,194.23145106015727,20,COMPLETE
2435,30.050698488549262,22.413899006165053,2026-10-06 02:08:43.087695,2026-10-06 02:12:01.372515,0 days 00:03:18.284820,0.2537871941753988,3.42961079489487,78.91305021174706,12.025559114678314,0.009569508337727876,2.328670127015952e-06,198.2847135728225,20,COMPLETE
2436,23.406144492640053,28.98605238038264,2026-10-06 02:08:43.120695,2026-10-06 02:11:56.399407,0 days 00:03:13.278712,0.48967816666395225,5.641886291515812,78.91305021174706,18.49957504695779,0.009569508337727876,2.328670127015952e-06,193.278595530428,20,COMPLETE
2437,16.28335380537659,1.869220444001364,2026-10-06 02:08:43.560875,2026-10-06 02:11:56.824496,0 days 00:03:13.263621,0.22031827582514427,2.5826334477054016,78.91305021174706,12.025559114678314,0.009569508337727876,3.7139405048280585,193.2635323931463,20,COMPLETE
2438,22.58234889867652,23.32235665846465,2026-10-06 02:08:43.944772,2026-10-06 02:11:54.956011,0 days 00:03:11.011239,0.48967816666395225,3.42961079489487,67.63864735362428,18.49957504695779,0.009569508337727876,1.4671267453130232e-06,191.01112193521112,20,COMPLETE
2439,31.210384382689046,17.60718244445571,2026-10-06 02:08:44.149847,2026-10-06 02:11:55.226536,0 days 00:03:11.076689,0.14472486883161542,1.8054001832365776,78.91305021174706,18.49957504695779,0.009569508337727876,2.328670127015952e-06,191.07659415807575,20,COMPLETE
2440,29.776582985878463,6.954128242871516,2026-10-06 02:08:44.152496,2026-10-06 02:11:58.051494,0 days 00:03:13.898998,0.3401090828369047,3.42961079489487,78.91305021174706,4.949274479107639,0.028024762739292153,2.328670127015952e-06,193.89891539001837,20,COMPLETE
2441,26.45765474161571,20.48792811588207,2026-10-06 02:08:44.196823,2026-10-06 02:11:58.181728,0 days 00:03:13.984905,0.42937345114127523,3.42961079489487,78.91305021174706,9.93989579004442,0.009569508337727876,2.328670127015952e-06,193.98481723014265,20,COMPLETE
2442,12.55703534495261,1.3520487592472359,2026-10-06 02:08:44.674684,2026-10-06 02:11:57.637337,0 days 00:03:12.962653,0.14472486883161542,6.28879905307643,5.674601349640671,1.7062063200829594,0.009569508337727876,0.698080279702586,192.9625476989895,20,COMPLETE
2443,21.460997101703025,8.935579263899035,2026-10-06 02:08:44.917809,2026-10-06 02:11:52.840533,0 days 00:03:07.922724,0.13651879023120334,6.28879905307643,78.91305021174706,40.2862337213893,0.009569508337727876,2.328670127015952e-06,187.92261594580486,20,COMPLETE
2444,17.549329464559555,8.678052393441805,2026-10-06 02:08:44.963133,2026-10-06 02:11:59.060309,0 days 00:03:14.097176,0.3401090828369047,45.69455025265276,78.91305021174706,18.49957504695779,0.009569508337727876,0.44143865811252986,194.0970593621023,20,COMPLETE
2445,,,2026-10-06 02:08:44.966649,2026-10-06 02:08:45.434651,0 days 00:00:00.468002,0.2537871941753988,3.42961079489487,78.91305021174706,12.025559114678314,0.0014580573945977733,,,20,PRUNED
2446,22.79080968769241,3.702163461764054,2026-10-06 02:08:45.073667,2026-10-06 02:11:55.563524,0 days 00:03:10.489857,0.17919591347028527,4.316915154672986,78.91305021174706,8.487148172599044,0.017115958751076427,1.4671267453130232e-06,190.48975284490734,20,COMPLETE
2447,15.235950530064517,2.8298768361209583,2026-10-06 02:08:45.199687,2026-10-06 02:11:55.637777,0 days 00:03:10.438090,0.48480307501533615,3.42961079489487,78.91305021174706,18.49957504695779,0.009569508337727876,1.2180965030093576,190.43799090990797,20,COMPLETE
2448,19.92319102009013,22.29572294399673,2026-10-06 02:08:45.257659,2026-10-06 02:11:59.181977,0 days 00:03:13.924318,0.6321874667097447,1.8054001832365776,78.91305021174706,47.77760718136664,0.009569508337727876,1.4671267453130232e-06,193.92422034498304,20,COMPLETE
2449,13.609302177064842,5.863333338929862,2026-10-06 02:08:45.852677,2026-10-06 02:12:00.095547,0 days 00:03:14.242870,0.48480307501533615,3.42961079489487,32.626456458816584,8.12919983985662,0.009569508337727876,0.02036451266281071,194.24282453488559,20,COMPLETE
2450,31.322085781895623,18.13285557695056,2026-10-06 02:08:45.897834,2026-10-06 02:12:00.272597,0 days 00:03:14.374763,0.22031827582514427,1.8054001832365776,78.91305021174706,6.182683349256731,0.008698017554316196,2.328670127015952e-06,194.37468122085556,20,COMPLETE
2451,24.889999539054234,6.46612432709246,2026-10-06 02:08:45.901643,2026-10-06 02:11:57.274379,0 days 00:03:11.372736,0.1912437107176475,47.55871776883866,78.91305021174706,9.93989579004442,0.009569508337727876,2.328670127015952e-06,191.37264939537272,20,COMPLETE
2452,,,2026-10-06 02:08:45.905641,2026-10-06 02:08:46.508696,0 days 00:00:00.603055,0.3401090828369047,1.8054001832365776,78.91305021174706,40.2862337213893,0.002079661073993908,,,20,PRUNED
2453,24.64225838953492,15.480751524275746,2026-10-06 02:08:45.909629,2026-10-06 02:12:01.695695,0 days 00:03:15.786066,0.48967816666395225,1.8054001832365776,78.91305021174706,9.004106968389708,0.009569508337727876,2.328670127015952e-06,195.78598028421402,20,COMPLETE
2454,30.293668746982313,21.631260985315677,2026-10-06 02:08:45.913633,2026-10-06 02:11:59.334227,0 days 00:03:13.420594,0.17993421751377134,1.8054001832365776,78.91305021174706,54.62122295368239,0.009569508337727876,2.328670127015952e-06,193.4205103670247,20,COMPLETE
2455,20.821638752408525,1.1867711198226565,2026-10-06 02:08:45.917631,2026-10-06 02:11:56.684871,0 days 00:03:10.767240,0.024727830348114585,4.316915154672986,78.91305021174706,18.49957504695779,0.009569508337727876,2.328670127015952e-06,190.76715907407925,20,COMPLETE
2456,26.492604599999886,10.751675723311559,2026-10-06 02:08:46.489836,2026-10-06 02:12:02.657073,0 days 00:03:16.167237,0.13484754888447129,4.316915154672986,78.91305021174706,18.49957504695779,0.009569508337727876,2.328670127015952e-06,196.1671409131959,20,COMPLETE
2457,32.041437532534815,14.626088721426392,2026-10-06 02:08:46.572587,2026-10-06 02:12:00.132149,0 days 00:03:13.559562,0.14472486883161542,1.0100598856645617,78.91305021174706,18.49957504695779,0.009569508337727876,2.328670127015952e-06,193.5594871309586,20,COMPLETE
2458,15.021663088251817,1.6232371602086355,2026-10-06 02:08:46.575642,2026-10-06 02:11:58.527101,0 days 00:03:11.951459,0.1700591341869754,7.941200317200968,8.975311761841377,2.4821582187648223,0.008698017554316196,2.328670127015952e-06,191.95134779904038,20,COMPLETE
2459,28.9159451300465,21.51840194953541,2026-10-06 02:08:46.604808,2026-10-06 02:12:02.069876,0 days 00:03:15.465068,0.3401090828369047,2.5826334477054016,78.91305021174706,15.674745080376274,0.009569508337727876,2.328670127015952e-06,195.46496252110228,20,COMPLETE
2460,23.817726724952315,25.36393886343154,2026-10-06 02:08:46.967200,2026-10-06 02:11:58.103917,0 days 00:03:11.136717,0.48967816666395225,6.28879905307643,78.91305021174706,41.88974994564511,0.017119022098117487,1.4671267453130232e-06,191.1366282068193,20,COMPLETE
2461,29.829424890323615,21.25980677780427,2026-10-06 02:08:47.042670,2026-10-06 02:11:59.551151,0 days 00:03:12.508481,0.17534157142392734,1.8054001832365776,78.91305021174706,83.85989774544747,0.009569508337727876,2.328670127015952e-06,192.5083788591437,20,COMPLETE
2462,,,2026-10-06 02:08:47.078546,2026-10-06 02:08:47.496548,0 days 00:00:00.418002,0.14472486883161542,1.0100598856645617,78.91305021174706,18.49957504695779,0.0038058649842847257,,,20,PRUNED
2463,30.828433449715135,19.3754453765542,2026-10-06 02:08:47.487689,2026-10-06 02:12:01.738106,0 days 00:03:14.250417,0.14472486883161542,1.8054001832365776,78.91305021174706,18.49957504695779,0.008698017554316196,2.328670127015952e-06,194.25032614497468,20,COMPLETE
2464,32.05071770217236,5.850223030726173,2026-10-06 02:08:47.552663,2026-10-06 02:11:59.945040,0 days 00:03:12.392377,0.14472486883161542,1.8054001832365776,78.91305021174706,18.49957504695779,0.026408993600999825,1.4671267453130232e-06,192.3922927621752,20,COMPLETE
2465,28.99590805950366,21.05529047212235,2026-10-06 02:08:47.635411,2026-10-06 02:12:03.083870,0 days 00:03:15.448459,0.3401090828369047,2.858145122163168,78.91305021174706,12.303481343464334,0.009569508337727876,2.328670127015952e-06,195.4483659840189,20,COMPLETE
2466,31.451675120938898,16.474531094849322,2026-10-06 02:08:47.679663,2026-10-06 02:11:59.156269,0 days 00:03:11.476606,0.14472486883161542,1.8054001832365776,78.91305021174706,11.893393556982886,0.009569508337727876,2.328670127015952e-06,191.47650620993227,20,COMPLETE
2467,,,2026-10-06 02:08:48.043686,2026-10-06 02:08:49.134686,0 days 00:00:01.091000,0.6040198049165227,14.743614341170357,78.91305021174706,18.49957504695779,0.002109198272298304,,,20,PRUNED
2468,31.55046452937134,14.644392925629294,2026-10-06 02:08:48.068827,2026-10-06 02:11:57.898470,0 days 00:03:09.829643,0.12014132825757128,1.8054001832365776,78.91305021174706,12.303481343464334,0.009569508337727876,2.328670127015952e-06,189.82953573111445,20,COMPLETE
2469,23.483495295999994,23.46914308408274,2026-10-06 02:08:48.095671,2026-10-06 02:11:57.209643,0 days 00:03:09.113972,0.48480307501533615,6.28879905307643,78.91305021174706,12.025559114678314,0.009569508337727876,7.073333629141247e-06,189.11388099798933,20,COMPLETE
2470,24.44920918324005,4.577043997960968,2026-10-06 02:08:48.144607,2026-10-06 02:12:01.613370,0 days 00:03:13.468763,0.14472486883161542,49.13895384569176,78.91305021174706,12.025559114678314,0.009569508337727876,0.0009224667113458569,193.46867234399542,20,COMPLETE
2471,30.590860072085935,18.053612344079934,2026-10-06 02:08:48.493419,2026-10-06 02:12:00.281429,0 days 00:03:11.788010,0.14472486883161542,2.5826334477054016,78.91305021174706,22.2783980962908,0.009569508337727876,2.328670127015952e-06,191.7879270981066,20,COMPLETE
2472,24.293559357814893,25.182782593238816,2026-10-06 02:08:48.718511,2026-10-06 02:12:02.730418,0 days 00:03:14.011907,0.48967816666395225,3.42961079489487,78.91305021174706,18.49957504695779,0.009569508337727876,2.328670127015952e-06,194.01181619614363,20,COMPLETE
2473,31.12547458076933,8.273033746803218,2026-10-06 02:08:48.721643,2026-10-06 02:11:58.546497,0 days 00:03:09.824854,0.14472486883161542,1.8054001832365776,78.91305021174706,1.247835343311833,0.008698017554316196,2.328670127015952e-06,189.82477150391787,20,COMPLETE
2474,25.616479709797563,4.26813768302946,2026-10-06 02:08:48.861682,2026-10-06 02:12:00.088395,0 days 00:03:11.226713,0.14472486883161542,48.96199308137244,78.91305021174706,9.93989579004442,0.009569508337727876,2.328670127015952e-06,191.2266317680478,20,COMPLETE
2475,24.24006904528632,18.88442425096601,2026-10-06 02:08:48.886669,2026-10-06 02:11:58.631520,0 days 00:03:09.744851,0.48967816666395225,1.8054001832365776,78.91305021174706,18.49957504695779,0.009569508337727876,2.328670127015952e-06,189.7447615112178,20,COMPLETE
2476,24.272607926687407,28.18577450117445,2026-10-06 02:08:49.339758,2026-10-06 02:12:02.967487,0 days 00:03:13.627729,0.48967816666395225,3.42961079489487,78.91305021174706,25.249406507409773,0.009569508337727876,1.4671267453130232e-06,193.62764087086543,20,COMPLETE
2477,23.953112786005924,6.6391403896457435,2026-10-06 02:08:49.415958,2026-10-06 02:12:00.286622,0 days 00:03:10.870664,0.48967816666395225,6.28879905307643,78.91305021174706,2.5194012907954026,0.009569508337727876,2.328670127015952e-06,190.87059498531744,20,COMPLETE
2478,26.204581752873217,26.245032803760626,2026-10-06 02:08:49.419642,2026-10-06 02:11:59.898020,0 days 00:03:10.478378,0.3401090828369047,6.28879905307643,78.91305021174706,18.49957504695779,0.009569508337727876,2.328670127015952e-06,190.47829547990113,20,COMPLETE
2479,30.606696865764185,18.123444932964375,2026-10-06 02:08:49.423634,2026-10-06 02:12:03.114787,0 days 00:03:13.691153,0.2537646730529498,1.8054001832365776,78.91305021174706,12.025559114678314,0.009569508337727876,2.328670127015952e-06,193.69106760900468,20,COMPLETE
2480,18.82273949941851,12.01584788575449,2026-10-06 02:08:49.427635,2026-10-06 02:11:59.729823,0 days 00:03:10.302188,0.3401090828369047,47.1622027427385,78.91305021174706,18.49957504695779,0.009569508337727876,2.328670127015952e-06,190.30210828920826,20,COMPLETE
2481,31.15854198752035,5.621344261075585,2026-10-06 02:08:49.431635,2026-10-06 02:12:00.451494,0 days 00:03:11.019859,0.10840737021771775,1.8054001832365776,78.91305021174706,1.581923822066345,0.009569508337727876,2.328670127015952e-06,191.01977973990142,20,COMPLETE
2482,31.451675120938898,16.474531094849322,2026-10-06 02:08:49.466669,2026-10-06 02:12:00.764484,0 days 00:03:11.297815,0.14472486883161542,1.8054001832365776,78.91305021174706,11.893393556982886,0.009569508337727876,2.328670127015952e-06,191.29770455043763,20,COMPLETE
2483,31.210384382689046,17.60718244445571,2026-10-06 02:08:49.470651,2026-10-06 02:12:00.095469,0 days 00:03:10.624818,0.14472486883161542,1.8054001832365776,78.91305021174706,18.49957504695779,0.009569508337727876,2.328670127015952e-06,190.6247455822304,20,COMPLETE
2484,17.587077822316548,1.233051354577809,2026-10-06 02:08:49.522669,2026-10-06 02:12:01.327008,0 days 00:03:11.804339,0.14472486883161542,1.0100598856645617,78.91305021174706,6.717353209897299,0.009569508337727876,1.1517180529826807,191.80424824077636,20,COMPLETE
2485,31.766688405791218,15.21449997185085,2026-10-06 02:08:49.526798,2026-10-06 02:11:59.399502,0 days 00:03:09.872704,0.14472486883161542,1.8054001832365776,78.91305021174706,7.6835057658713435,0.009569508337727876,2.328670127015952e-06,189.87262221472338,20,COMPLETE
2486,21.827895349123843,1.3107975982281206,2026-10-06 02:08:50.248689,2026-10-06 02:12:04.314104,0 days 00:03:14.065415,0.025264962970603818,3.42961079489487,78.91305021174706,18.49957504695779,0.009569508337727876,9.391865709026338e-06,194.0653053028509,20,COMPLETE
2487,31.210384382689046,17.60718244445571,2026-10-06 02:08:50.556863,2026-10-06 02:12:02.569855,0 days 00:03:12.012992,0.14472486883161542,1.8054001832365776,78.91305021174706,18.49957504695779,0.009569508337727876,2.328670127015952e-06,192.0128951491788,20,COMPLETE
2488,20.452699949540524,9.055423778798566,2026-10-06 02:08:50.560650,2026-10-06 02:12:02.397253,0 days 00:03:11.836603,0.14472486883161542,1.8054001832365776,9.402728170726045,4.949274479107639,0.009569508337727876,2.328670127015952e-06,191.83649753313512,20,COMPLETE
2489,31.566871299853137,15.972422690746741,2026-10-06 02:08:50.564636,2026-10-06 02:12:00.161600,0 days 00:03:09.596964,0.14472486883161542,1.8054001832365776,78.91305021174706,9.93989579004442,0.009569508337727876,2.328670127015952e-06,189.59689139714465,20,COMPLETE
2490,31.210384382689046,17.60718244445571,2026-10-06 02:08:50.568631,2026-10-06 02:12:01.541513,0 days 00:03:10.972882,0.14472486883161542,1.8054001832365776,78.91305021174706,18.49957504695779,0.009569508337727876,2.328670127015952e-06,190.97279148502275,20,COMPLETE
2491,31.55046452937134,14.644392925629294,2026-10-06 02:08:51.121713,2026-10-06 02:11:59.688737,0 days 00:03:08.567024,0.12014132825757128,1.8054001832365776,78.91305021174706,12.303481343464334,0.009569508337727876,2.328670127015952e-06,188.56692870613188,20,COMPLETE
2492,0.6281543910134848,1.1723065591821769,2026-10-06 02:08:51.246690,2026-10-06 02:12:03.506023,0 days 00:03:12.259333,0.14472486883161542,48.843648331571195,78.91305021174706,47.77760718136664,0.009569508337727876,2.328670127015952e-06,192.25921989930794,20,COMPLETE
