number,values_0,values_1,datetime_start,datetime_complete,duration,params_c_val,params_input_force,params_k_between_val,params_k_wall_val,params_m_val,params_ridge_alpha,user_attrs_duration_sec,system_attrs_NSGAIISampler:generation,state
5800,25.402699660237477,1.7513762874877867,2026-10-06 04:43:06.991800,2026-10-06 04:46:18.913946,0 days 00:03:11.922146,0.14472486883161542,29.65655890019255,80.46415475730365,12.025559114678314,0.016107668466379937,1.2446212784745538e-06,191.92204924393445,48,COMPLETE
5801,19.502734278571197,1.2875001058167825,2026-10-06 04:43:07.095675,2026-10-06 04:46:20.598721,0 days 00:03:13.503046,0.22031827582514427,1.8054001832365776,78.91305021174706,12.025559114678314,0.07693098953691646,0.5101100177651949,193.50292703928426,48,COMPLETE
5802,1.5000134775768301,1.193690524259138,2026-10-06 04:43:07.477976,2026-10-06 04:46:19.620747,0 days 00:03:12.142771,0.0632283681891821,42.67734768889345,78.91305021174706,18.49957504695779,0.008698017554316196,1.2446212784745538e-06,192.14265023497865,48,COMPLETE
5803,22.909755457464133,11.568236066072954,2026-10-06 04:43:07.481651,2026-10-06 04:46:16.751163,0 days 00:03:09.269512,0.11816812965117938,1.8054001832365776,12.761758849986565,8.858210845255327,0.008698017554316196,1.4671267453130232e-06,189.26938798604533,48,COMPLETE
5804,32.69087306650859,4.767016772807453,2026-10-06 04:43:07.517786,2026-10-06 04:46:18.510258,0 days 00:03:10.992472,0.14472486883161542,1.0100598856645617,78.91305021174706,12.025559114678314,0.025738107669127402,1.2446212784745538e-06,190.99237416498363,48,COMPLETE
5805,30.70511859465459,22.162786820890595,2026-10-06 04:43:07.525648,2026-10-06 04:46:18.578663,0 days 00:03:11.053015,0.18472274745078338,1.8054001832365776,78.91305021174706,18.49957504695779,0.008698017554316196,2.328670127015952e-06,191.05291447229683,48,COMPLETE
5806,32.47799115453367,4.0545205441127905,2026-10-06 04:43:07.533633,2026-10-06 04:46:16.404927,0 days 00:03:08.871294,0.18472274745078338,1.0100598856645617,78.91305021174706,7.704673657496365,0.031869645743089585,2.328670127015952e-06,188.8711867639795,48,COMPLETE
5807,23.459890123194757,15.453541445664568,2026-10-06 04:43:08.145435,2026-10-06 04:46:18.378934,0 days 00:03:10.233499,0.48967816666395225,3.42961079489487,78.91305021174706,7.704673657496365,0.009569508337727876,1.4889120918880558e-05,190.2334134238772,48,COMPLETE
5808,12.70137212659931,1.256211431525754,2026-10-06 04:43:08.155656,2026-10-06 04:46:20.415954,0 days 00:03:12.260298,0.19189241237051688,6.28879905307643,78.91305021174706,53.19831855856638,0.008698017554316196,2.328670127015952e-06,192.26019955286756,48,COMPLETE
5809,,,2026-10-06 04:43:08.367046,2026-10-06 04:43:09.194747,0 days 00:00:00.827701,0.6229175100227577,1.8054001832365776,80.97346391189345,53.19831855856638,0.008698017554316196,,,48,PRUNED
5810,26.676401713534993,2.181286089703124,2026-10-06 04:43:08.390639,2026-10-06 04:46:18.377719,0 days 00:03:09.987080,0.3401090828369047,1.8054001832365776,78.91305021174706,12.025559114678314,0.008698017554316196,2.328670127015952e-06,189.98699249513447,48,COMPLETE
5811,26.70933920610674,7.106890968274069,2026-10-06 04:43:08.471652,2026-10-06 04:46:20.973213,0 days 00:03:12.501561,0.17534157142392734,45.55132848534098,78.91305021174706,6.182683349256731,0.008698017554316196,2.328670127015952e-06,192.50145627511665,48,COMPLETE
5812,24.744212534617912,2.2695542379495848,2026-10-06 04:43:09.168681,2026-10-06 04:46:20.837073,0 days 00:03:11.668392,0.03382418636714276,1.0100598856645617,14.806441234628425,45.605935248059524,0.009569508337727876,0.13156539283198238,191.66828257683665,48,COMPLETE
5813,,,2026-10-06 04:43:09.212082,2026-10-06 04:43:10.482737,0 days 00:00:01.270655,0.19189241237051688,1.8054001832365776,78.91305021174706,21.4698156206317,0.005101051592163459,,,48,PRUNED
5814,27.401021183493803,1.2137485735090314,2026-10-06 04:43:09.596701,2026-10-06 04:46:24.089784,0 days 00:03:14.493083,0.02211089292548989,1.8054001832365776,69.33707937619111,4.949274479107639,0.008698017554316196,1.4671267453130232e-06,194.49294731905684,48,COMPLETE
5815,15.129186886224833,8.036994993359265,2026-10-06 04:43:09.764819,2026-10-06 04:46:20.948072,0 days 00:03:11.183253,0.7677372202333914,1.8054001832365776,37.757811519118206,4.949274479107639,0.008698017554316196,1.4671267453130232e-06,191.1831472744234,48,COMPLETE
5816,,,2026-10-06 04:43:09.776649,2026-10-06 04:43:10.532740,0 days 00:00:00.756091,0.3401090828369047,3.42961079489487,80.97346391189345,45.605935248059524,0.008698017554316196,,,48,PRUNED
5817,23.57864297508518,6.639159646424476,2026-10-06 04:43:10.544688,2026-10-06 04:46:17.228345,0 days 00:03:06.683657,0.18472274745078338,25.504970295494324,78.91305021174706,12.025559114678314,0.008698017554316196,0.03766236875044663,186.68355762772262,48,COMPLETE
5818,29.930481080278952,8.867696457645375,2026-10-06 04:43:10.548639,2026-10-06 04:46:20.767242,0 days 00:03:10.218603,0.2680662921881964,3.42961079489487,78.91305021174706,42.659017183998095,0.03463343903868386,1.4671267453130232e-06,190.2185011007823,48,COMPLETE
5819,,,2026-10-06 04:43:37.806833,2026-10-06 04:43:39.071181,0 days 00:00:01.264348,0.17534157142392734,1.0100598856645617,78.91305021174706,8.858210845255327,0.0067687149522879355,,,48,PRUNED
5820,,,2026-10-06 04:43:39.692701,2026-10-06 04:43:40.542728,0 days 00:00:00.850027,0.22031827582514427,2.5826334477054016,78.91305021174706,45.605935248059524,0.0012060229056984873,,,48,PRUNED
5821,16.27309386329095,1.2381737883960244,2026-10-06 04:43:40.574684,2026-10-06 04:46:51.520962,0 days 00:03:10.946278,0.14472486883161542,1.0100598856645617,78.91305021174706,7.704673657496365,0.009569508337727876,7.0214156925451015,190.94614556897432,48,COMPLETE
5822,26.86219480844097,28.827939185552975,2026-10-06 04:43:46.140702,2026-10-06 04:46:56.858925,0 days 00:03:10.718223,0.35349415915446786,2.5826334477054016,78.91305021174706,53.19831855856638,0.009569508337727876,1.4671267453130232e-06,190.71809667069465,48,COMPLETE
5823,,,2026-10-06 04:44:13.240719,2026-10-06 04:44:14.741736,0 days 00:00:01.501017,0.20188838799170525,1.8054001832365776,80.97346391189345,53.19831855856638,0.008698017554316196,,,48,PRUNED
5824,32.31602612013512,3.9611420830749617,2026-10-06 04:44:14.809716,2026-10-06 04:47:28.894476,0 days 00:03:14.084760,0.14472486883161542,1.0100598856645617,78.91305021174706,87.76968270606811,0.03463343903868386,2.328670127015952e-06,194.08462532097474,48,COMPLETE
5825,29.931529272285673,15.870492299808717,2026-10-06 04:44:18.978690,2026-10-06 04:47:31.120753,0 days 00:03:12.142063,0.19189241237051688,3.42961079489487,78.91305021174706,7.14008749932051,0.008698017554316196,4.024143852438767e-05,192.14193934295326,48,COMPLETE
5826,19.574427883684894,25.160701080221134,2026-10-06 04:44:20.327808,2026-10-06 04:47:32.376571,0 days 00:03:12.048763,0.35349415915446786,3.42961079489487,34.80501357081965,53.19831855856638,0.009569508337727876,1.0746247031029727e-06,192.04863886814564,48,COMPLETE
5827,29.390073129709414,6.011562900258631,2026-10-06 04:45:02.375679,2026-10-06 04:48:13.592424,0 days 00:03:11.216745,0.22031827582514427,3.42961079489487,80.97346391189345,2.0084550596775084,0.009569508337727876,1.0746247031029727e-06,191.2166060199961,48,COMPLETE
5828,23.425846831189727,19.033490214666216,2026-10-06 04:46:11.392891,2026-10-06 04:49:25.047385,0 days 00:03:13.654494,0.48967816666395225,1.0100598856645617,78.91305021174706,53.19831855856638,0.009569508337727876,2.328670127015952e-06,193.65435429522768,48,COMPLETE
5829,29.15878596816367,3.535649233870539,2026-10-06 04:46:11.396647,2026-10-06 04:49:25.434422,0 days 00:03:14.037775,0.20188838799170525,3.42961079489487,78.91305021174706,53.19831855856638,0.060751506600016464,1.4671267453130232e-06,194.0376560240984,48,COMPLETE
5830,31.250306543741146,20.04809869477806,2026-10-06 04:46:12.963701,2026-10-06 04:49:25.609728,0 days 00:03:12.646027,0.19189241237051688,1.8054001832365776,78.91305021174706,7.643027353958826,0.008698017554316196,1.4671267453130232e-06,192.64588746707886,48,COMPLETE
5831,29.616277626181677,14.993229582447656,2026-10-06 04:46:13.102193,2026-10-06 04:49:24.995431,0 days 00:03:11.893238,0.17534157142392734,1.8054001832365776,78.91305021174706,53.19831855856638,0.009232307379940895,0.0005544375083296532,191.8931012302637,48,COMPLETE
5832,29.10440553651706,6.936954455556132,2026-10-06 04:46:13.402701,2026-10-06 04:49:24.814237,0 days 00:03:11.411536,0.35349415915446786,2.5826334477054016,78.91305021174706,53.19831855856638,0.042891440101690374,1.4034820499655752e-05,191.41141222417355,48,COMPLETE
5833,20.991336786789514,2.287593774992446,2026-10-06 04:46:13.780676,2026-10-06 04:49:24.561325,0 days 00:03:10.780649,0.14472486883161542,5.924256298043673,78.91305021174706,18.49957504695779,0.009569508337727876,1.4671267453130232e-06,190.7805133741349,48,COMPLETE
5834,26.4657063047428,28.437376318687647,2026-10-06 04:46:13.784650,2026-10-06 04:49:23.474337,0 days 00:03:09.689687,0.2918907020150273,3.42961079489487,78.91305021174706,75.16544725400098,0.009569508337727876,1.4671267453130232e-06,189.6895510321483,48,COMPLETE
5835,16.07332944780101,1.8630976679736722,2026-10-06 04:46:13.990800,2026-10-06 04:49:28.027783,0 days 00:03:14.036983,0.14472486883161542,1.0100598856645617,4.55561072181032,12.025559114678314,0.02849869223264559,1.2446212784745538e-06,194.0368694202043,48,COMPLETE
5836,20.112060390191424,10.637932790537972,2026-10-06 04:46:14.140694,2026-10-06 04:49:25.750216,0 days 00:03:11.609522,0.3401090828369047,39.75471360826623,80.97346391189345,15.382666136782571,0.009569508337727876,2.328670127015952e-06,191.6094062370248,48,COMPLETE
5837,25.477928960316767,30.66530182049414,2026-10-06 04:46:14.505967,2026-10-06 04:49:27.441300,0 days 00:03:12.935333,0.35349415915446786,3.42961079489487,78.91305021174706,67.8575405428033,0.009569508337727876,1.4671267453130232e-06,192.93521903129295,48,COMPLETE
5838,2.516304040370906,1.2213902730627488,2026-10-06 04:46:14.530474,2026-10-06 04:49:30.033820,0 days 00:03:15.503346,0.22031827582514427,43.79957590077162,1.3459949111291323,16.75107317931148,0.009569508337727876,1.0746247031029727e-06,195.50324450386688,48,COMPLETE
5839,25.81043909999322,3.9305945878950728,2026-10-06 04:46:14.708825,2026-10-06 04:49:26.039987,0 days 00:03:11.331162,0.17534157142392734,15.910793958839873,78.91305021174706,8.858210845255327,0.008698017554316196,1.4671267453130232e-06,191.33102966379374,48,COMPLETE
5840,22.860594646521925,6.489414424236097,2026-10-06 04:46:14.712639,2026-10-06 04:49:29.448963,0 days 00:03:14.736324,0.15402788857894428,3.42961079489487,78.91305021174706,7.14008749932051,0.008698017554316196,0.268576911543644,194.73620659019798,48,COMPLETE
5841,30.601549552186462,4.691306954185455,2026-10-06 04:46:14.728644,2026-10-06 04:49:26.602772,0 days 00:03:11.874128,0.14472486883161542,3.42961079489487,78.91305021174706,53.19831855856638,0.03463343903868386,1.2446212784745538e-06,191.87403428833932,48,COMPLETE
5842,8.214040193815901,2.198542237658695,2026-10-06 04:46:15.324622,2026-10-06 04:49:27.374385,0 days 00:03:12.049763,0.18472274745078338,1.8054001832365776,1.0050191296373225,6.2207797596123,0.008698017554316196,2.328670127015952e-06,192.04965629940853,48,COMPLETE
5843,30.660664626310403,22.544542517163148,2026-10-06 04:46:15.700690,2026-10-06 04:49:32.986569,0 days 00:03:17.285879,0.19189241237051688,1.8054001832365776,78.91305021174706,18.49957504695779,0.008698017554316196,2.328670127015952e-06,197.28572938777506,48,COMPLETE
5844,27.549874475065963,27.937185785699608,2026-10-06 04:46:15.780654,2026-10-06 04:49:30.484225,0 days 00:03:14.703571,0.3401090828369047,3.42961079489487,80.97346391189345,29.859744890710896,0.009569508337727876,2.328670127015952e-06,194.70344295213,48,COMPLETE
5845,29.334198281727264,1.2758059058270996,2026-10-06 04:46:16.004857,2026-10-06 04:49:28.782683,0 days 00:03:12.777826,0.14472486883161542,1.0100598856645617,78.91305021174706,7.704673657496365,0.06355242259873942,0.0011969179045508878,192.77770861890167,48,COMPLETE
5846,22.48838548448846,1.2116172163457366,2026-10-06 04:46:16.822868,2026-10-06 04:49:31.298726,0 days 00:03:14.475858,0.010434986275271703,1.8054001832365776,78.91305021174706,6.182683349256731,0.008698017554316196,2.328670127015952e-06,194.475725768134,48,COMPLETE
5847,31.68119655583547,17.323458298358265,2026-10-06 04:46:16.826640,2026-10-06 04:49:27.576131,0 days 00:03:10.749491,0.19189241237051688,1.0100598856645617,78.91305021174706,12.025559114678314,0.008698017554316196,1.4671267453130232e-06,190.74938757997006,48,COMPLETE
5848,31.110658509400814,19.809909517589755,2026-10-06 04:46:16.830632,2026-10-06 04:49:28.827375,0 days 00:03:11.996743,0.2062656813538244,1.8054001832365776,78.91305021174706,12.025559114678314,0.009569508337727876,1.0746247031029727e-06,191.9966388125904,48,COMPLETE
5849,32.24155695541593,7.484733032194545,2026-10-06 04:46:16.834628,2026-10-06 04:49:30.287206,0 days 00:03:13.452578,0.06441798531902292,1.0100598856645617,78.91305021174706,7.704673657496365,0.008698017554316196,2.328670127015952e-06,193.45244908006862,48,COMPLETE
5850,31.63393158081333,16.422327685644326,2026-10-06 04:46:16.956709,2026-10-06 04:49:28.588270,0 days 00:03:11.631561,0.17534157142392734,1.8054001832365776,78.91305021174706,7.704673657496365,0.009569508337727876,2.108934163128921e-06,191.63142647780478,48,COMPLETE
5851,21.418534771495395,1.6639400420966004,2026-10-06 04:46:17.178691,2026-10-06 04:49:26.198688,0 days 00:03:09.019997,0.22031827582514427,2.5826334477054016,78.91305021174706,45.605935248059524,0.008698017554316196,2.328670127015952e-06,189.0198665591888,48,COMPLETE
5852,31.067605229641394,18.77842413866314,2026-10-06 04:46:17.392683,2026-10-06 04:49:29.978967,0 days 00:03:12.586284,0.14472486883161542,1.8054001832365776,78.91305021174706,12.025559114678314,0.008698017554316196,1.4671267453130232e-06,192.58615607209504,49,COMPLETE
5853,14.88997921570385,1.3850919558866803,2026-10-06 04:46:17.402666,2026-10-06 04:49:30.692207,0 days 00:03:13.289541,0.18472274745078338,3.42961079489487,78.91305021174706,53.19831855856638,0.008698017554316196,2.328670127015952e-06,193.2894294098951,49,COMPLETE
5854,28.91704293060452,1.1841475126775187,2026-10-06 04:46:17.613283,2026-10-06 04:49:30.706238,0 days 00:03:13.092955,0.02628115433536852,1.8054001832365776,78.91305021174706,2.39498331780372,0.008698017554316196,2.328670127015952e-06,193.09285219665617,49,COMPLETE
5855,33.039633996324746,6.64085523359787,2026-10-06 04:46:17.616643,2026-10-06 04:49:30.126071,0 days 00:03:12.509428,0.06441798531902292,1.0100598856645617,78.91305021174706,7.704673657496365,0.009569508337727876,2.328670127015952e-06,192.50932095386088,49,COMPLETE
5856,19.07079559501026,1.330851048843854,2026-10-06 04:46:17.620626,2026-10-06 04:49:32.160479,0 days 00:03:14.539853,0.027198367975920346,3.42961079489487,78.91305021174706,53.19831855856638,0.009569508337727876,1.0746247031029727e-06,194.5397513960488,49,COMPLETE
5857,30.660664626310403,22.544542517163148,2026-10-06 04:46:17.833682,2026-10-06 04:49:32.140174,0 days 00:03:14.306492,0.19189241237051688,1.8054001832365776,78.91305021174706,18.49957504695779,0.008698017554316196,2.328670127015952e-06,194.30638114083558,49,COMPLETE
5858,29.917331091299587,16.932351880988445,2026-10-06 04:46:18.104674,2026-10-06 04:49:33.749875,0 days 00:03:15.645201,0.18472274745078338,4.014839763781616,78.91305021174706,12.025559114678314,0.009569508337727876,1.2446212784745538e-06,195.64507732726634,49,COMPLETE
5859,22.987330327260285,1.203113991660667,2026-10-06 04:46:18.248853,2026-10-06 04:49:31.902503,0 days 00:03:13.653650,0.018107517379184392,3.42961079489487,78.91305021174706,12.025559114678314,0.009569508337727876,1.4671267453130232e-06,193.65355785097927,49,COMPLETE
5860,30.70511859465459,22.162786820890595,2026-10-06 04:46:18.252638,2026-10-06 04:49:29.424024,0 days 00:03:11.171386,0.18472274745078338,1.8054001832365776,78.91305021174706,18.49957504695779,0.008698017554316196,2.328670127015952e-06,191.17125682160258,49,COMPLETE
5861,16.225235038191837,16.893015736273757,2026-10-06 04:46:18.287642,2026-10-06 04:49:27.633613,0 days 00:03:09.345971,0.2918907020150273,3.42961079489487,14.04634179559027,15.382666136782571,0.009569508337727876,1.4671267453130232e-06,189.34573921235278,49,COMPLETE
5862,30.89364807702095,4.673133044676196,2026-10-06 04:46:18.291643,2026-10-06 04:49:30.560728,0 days 00:03:12.269085,0.03429148135869216,1.0100598856645617,78.91305021174706,65.07247787704176,0.009569508337727876,2.328670127015952e-06,192.26896959031,49,COMPLETE
5863,16.680577066594722,9.690797621784155,2026-10-06 04:46:18.348948,2026-10-06 04:49:30.977497,0 days 00:03:12.628549,0.2680662921881964,3.42961079489487,78.91305021174706,53.19831855856638,0.013372729220990667,0.3170198586438168,192.6284227562137,49,COMPLETE
5864,32.05482533612842,13.042210849567542,2026-10-06 04:46:18.379332,2026-10-06 04:49:30.362504,0 days 00:03:11.983172,0.1269892283627391,1.0100598856645617,69.16329565667773,12.025559114678314,0.009569508337727876,1.4671267453130232e-06,191.98307258123532,49,COMPLETE
5865,30.040679391345947,8.799642585335254,2026-10-06 04:46:18.382641,2026-10-06 04:49:30.361527,0 days 00:03:11.978886,0.18472274745078338,1.8054001832365776,78.91305021174706,1.419115717970235,0.009569508337727876,0.00023443868351789182,191.97877527726814,49,COMPLETE
5866,8.363450375679955,7.636306657435586,2026-10-06 04:46:18.481686,2026-10-06 04:49:28.001423,0 days 00:03:09.519737,0.3401090828369047,3.42961079489487,2.7051340937203823,53.19831855856638,0.009569508337727876,1.4671267453130232e-06,189.5196122364141,49,COMPLETE
5867,0.10170351559884341,1.2141319601495704,2026-10-06 04:46:18.640684,2026-10-06 04:49:28.959126,0 days 00:03:10.318442,0.5881006033104188,1.8054001832365776,78.91305021174706,16.966954115393197,0.008698017554316196,2.328670127015952e-06,190.3183443970047,49,COMPLETE
5868,20.900287049483843,7.753272485909385,2026-10-06 04:46:18.743028,2026-10-06 04:49:33.181215,0 days 00:03:14.438187,0.22031827582514427,37.122502879415094,78.91305021174706,18.49957504695779,0.009569508337727876,2.328670127015952e-06,194.43806035630405,49,COMPLETE
5869,9.788021245868961,1.2279625823789058,2026-10-06 04:46:18.842672,2026-10-06 04:49:29.667100,0 days 00:03:10.824428,0.19189241237051688,6.28879905307643,78.91305021174706,53.19831855856638,0.008698017554316196,17.79463701663192,190.82432759180665,49,COMPLETE
5870,29.317120549378398,25.42483361588202,2026-10-06 04:46:19.537874,2026-10-06 04:49:31.892383,0 days 00:03:12.354509,0.2918907020150273,3.42961079489487,80.97346391189345,18.49957504695779,0.009569508337727876,1.4671267453130232e-06,192.35440674889833,49,COMPLETE
5871,31.69522675630907,12.77774265834547,2026-10-06 04:46:19.541637,2026-10-06 04:49:29.656018,0 days 00:03:10.114381,0.17534157142392734,1.8054001832365776,78.91305021174706,5.983161835621461,0.009569508337727876,1.4092032564296252e-05,190.1142787639983,49,COMPLETE
5872,25.802151066189104,18.943643727651995,2026-10-06 04:46:19.545622,2026-10-06 04:49:32.091786,0 days 00:03:12.546164,0.2680662921881964,1.8054001832365776,46.352708495177794,18.49957504695779,0.009569508337727876,2.328670127015952e-06,192.54604184022173,49,COMPLETE
5873,27.74699462477695,14.46022618853671,2026-10-06 04:46:19.549629,2026-10-06 04:49:32.170062,0 days 00:03:12.620433,0.14472486883161542,1.0100598856645617,32.02204811528976,53.19831855856638,0.009569508337727876,2.328670127015952e-06,192.620338215027,49,COMPLETE
5874,28.92990908369948,8.400842735242664,2026-10-06 04:46:19.553628,2026-10-06 04:49:32.210747,0 days 00:03:12.657119,0.07433657258283201,1.0100598856645617,17.091383681677144,12.025559114678314,0.009569508337727876,1.2446212784745538e-06,192.65701964357868,49,COMPLETE
5875,26.634185201830796,1.1847632442597416,2026-10-06 04:46:20.068707,2026-10-06 04:49:30.733419,0 days 00:03:10.664712,0.01032362502603702,1.0100598856645617,78.91305021174706,17.444176692293013,0.009569508337727876,1.4671267453130232e-06,190.66461150487885,49,COMPLETE
5876,29.230200175563613,13.619010744178736,2026-10-06 04:46:20.243827,2026-10-06 04:49:29.638841,0 days 00:03:09.395014,0.354413848588774,1.0100598856645617,78.91305021174706,7.704673657496365,0.009569508337727876,2.108934163128921e-06,189.39490070799366,49,COMPLETE
5877,12.784834630321843,11.897134377661008,2026-10-06 04:46:20.358796,2026-10-06 04:49:31.913524,0 days 00:03:11.554728,0.35349415915446786,1.8054001832365776,10.095313726041272,53.19831855856638,0.008698017554316196,2.328670127015952e-06,191.55463644117117,49,COMPLETE
5878,21.428313175596955,1.260828065569005,2026-10-06 04:46:21.051685,2026-10-06 04:49:32.397601,0 days 00:03:11.345916,0.14472486883161542,1.0100598856645617,78.91305021174706,7.704673657496365,0.08220239091804775,0.17918415838343874,191.3458230579272,49,COMPLETE
5879,,,2026-10-06 04:46:21.055642,2026-10-06 04:46:21.762741,0 days 00:00:00.707099,0.48967816666395225,3.42961079489487,78.91305021174706,53.19831855856638,0.008698017554316196,,,49,PRUNED
5880,30.656209518621488,17.802006010938936,2026-10-06 04:46:21.059629,2026-10-06 04:49:30.336667,0 days 00:03:09.277038,0.22031827582514427,1.8054001832365776,78.91305021174706,16.966954115393197,0.009433502144987184,7.4882496485129736e-06,189.27691991906613,49,COMPLETE
5881,28.252545684053228,17.457565347705696,2026-10-06 04:46:21.063634,2026-10-06 04:49:33.729259,0 days 00:03:12.665625,0.35349415915446786,2.5826334477054016,85.6083918793467,53.19831855856638,0.018643558596558755,2.328670127015952e-06,192.6655132896267,49,COMPLETE
5882,,,2026-10-06 04:46:21.067633,2026-10-06 04:46:21.832733,0 days 00:00:00.765100,0.14472486883161542,37.21701369565523,78.91305021174706,12.025559114678314,0.006850592725660979,,,49,PRUNED
