number,values_0,values_1,datetime_start,datetime_complete,duration,params_c_val,params_input_force,params_k_between_val,params_k_wall_val,params_m_val,params_ridge_alpha,user_attrs_duration_sec,system_attrs_NSGAIISampler:generation,state
420,7.744065563053795,1.453782041035483,2026-10-06 00:32:19.790698,2026-10-06 00:35:31.836522,0 days 00:03:12.045824,0.5555069055943938,23.170431497793686,5.224742778168688,1.9436578789742032,0.0036480215798860415,0.001754171270788285,192.04574413597584,3,COMPLETE
421,11.807334356001537,1.6556810510961362,2026-10-06 00:32:20.120683,2026-10-06 00:35:32.474267,0 days 00:03:12.353584,0.5206349751021522,22.058471956432985,34.08958612263361,5.993620769691686,0.009596121382849983,2.6698731444975103,192.35350142698735,3,COMPLETE
422,13.968100908491232,2.7910853965338402,2026-10-06 00:32:20.373847,2026-10-06 00:35:35.307491,0 days 00:03:14.933644,0.5555069055943938,39.01541877617215,32.233952817229785,5.534390982625277,0.011005204287205276,0.0010074763694376573,194.93355651013553,3,COMPLETE
423,14.532495926773729,24.809369930690195,2026-10-06 00:32:20.377665,2026-10-06 00:35:33.507161,0 days 00:03:13.129496,0.48967816666395225,8.987478920641044,32.233952817229785,42.25675850567742,0.009394328025581626,2.328670127015952e-06,193.12942759506404,3,COMPLETE
424,14.660023337095371,10.38627148653434,2026-10-06 00:32:20.848836,2026-10-06 00:35:30.116495,0 days 00:03:09.267659,0.5206349751021522,1.6561528973969994,32.233952817229785,11.364619091105583,0.0015767011041207138,0.00018311133422614474,189.26758199185133,3,COMPLETE
425,11.534179218459434,1.2077219489389108,2026-10-06 00:32:20.852662,2026-10-06 00:35:32.453868,0 days 00:03:11.601206,0.0716800292264243,22.058471956432985,14.719249146245843,7.132780831498667,0.05928153267461189,0.00026285855894701214,191.60112349595875,3,COMPLETE
426,18.4604252788914,1.120608853616314,2026-10-06 00:32:21.020697,2026-10-06 00:35:35.223748,0 days 00:03:14.203051,0.11338695457496982,3.41979118216347,7.503878447618833,1.5990309691903186,0.024249565188203284,0.00025037993715100205,194.20295483898371,3,COMPLETE
427,4.240433307004464,1.195443781930509,2026-10-06 00:32:21.656689,2026-10-06 00:35:33.957342,0 days 00:03:12.300653,0.05138128060036826,46.774203669468385,35.175640254426824,9.568632498432105,0.009596121382849983,7.502092623438249,192.30056277895346,3,COMPLETE
428,7.297141784810256,2.5251948092922447,2026-10-06 00:32:21.958374,2026-10-06 00:35:31.543033,0 days 00:03:09.584659,0.5886596266876252,39.644578046551594,16.375056145446308,8.169619799177237,0.0035385003424894196,2.1616060509632624,189.58457927312702,3,COMPLETE
429,,,2026-10-06 00:32:23.452696,2026-10-06 00:32:24.567790,0 days 00:00:01.115094,0.14472486883161542,45.741044518014796,78.91305021174706,1.8190863578544005,0.0035385003424894196,,,3,PRUNED
430,3.687122578893444,1.2182970088039757,2026-10-06 00:32:24.772694,2026-10-06 00:35:32.257860,0 days 00:03:07.485166,0.05465668771913264,39.47270333712723,3.0159452885954434,5.534390982625277,0.011005204287205276,51.69620551843718,187.48508763313293,3,COMPLETE
431,12.511003797176015,4.364288972838983,2026-10-06 00:35:01.041690,2026-10-06 00:38:00.487125,0 days 00:02:59.445435,0.10888801914801638,22.058471956432985,7.099519619717996,3.7504775608803835,0.0036499921651855075,1.972106799105486e-05,179.44534727185965,3,COMPLETE
432,6.180679245841299,2.8694158716520164,2026-10-06 00:35:22.976875,2026-10-06 00:38:36.384827,0 days 00:03:13.407952,0.5886596266876252,39.644578046551594,16.375056145446308,18.49957504695779,0.0035385003424894196,2.1616060509632624,193.40784926572815,3,COMPLETE
433,,,2026-10-06 00:35:25.472845,2026-10-06 00:35:26.365791,0 days 00:00:00.892946,0.02862763109125612,3.3928286960825598,92.64081871882584,5.534390982625277,0.0021869538993636224,,,3,PRUNED
434,,,2026-10-06 00:35:25.621690,2026-10-06 00:35:26.117744,0 days 00:00:00.496054,0.04451256952257735,22.75486755225443,75.08545011892379,1.8190863578544005,0.0010185924943453873,,,3,PRUNED
435,1.4812091135635277,1.2011817918514365,2026-10-06 00:35:25.711064,2026-10-06 00:38:41.320442,0 days 00:03:15.609378,0.02110942185629976,45.741044518014796,78.91305021174706,1.8190863578544005,0.013593181580386379,7.95027190069144e-05,195.609280327335,3,COMPLETE
436,6.705322617146362,1.3327031731072099,2026-10-06 00:35:26.478468,2026-10-06 00:38:41.694105,0 days 00:03:15.215637,0.6040198049165227,38.241818577028674,5.1659470991804435,8.310619002516786,0.024249565188203284,2.328670127015952e-06,195.21555125387385,3,COMPLETE
437,9.483784676107195,1.3586377548258437,2026-10-06 00:35:26.481672,2026-10-06 00:38:38.546219,0 days 00:03:12.064547,0.48967816666395225,5.163106132123858,14.719249146245843,1.8190863578544005,0.013593181580386379,0.6720511302179899,192.06445197202265,3,COMPLETE
438,15.171308100329782,1.307977341228863,2026-10-06 00:35:26.484659,2026-10-06 00:38:40.648591,0 days 00:03:14.163932,0.25896529602097684,22.058471956432985,8.696085538633854,2.765920773009866,0.039696647598048175,0.00026285855894701214,194.16385171981528,3,COMPLETE
439,25.359221743282014,1.2426746158741289,2026-10-06 00:35:26.587143,2026-10-06 00:38:41.283518,0 days 00:03:14.696375,0.04451256952257735,5.163106132123858,14.719249146245843,1.8190863578544005,0.01478582612116327,0.0002119529307262873,194.69628932978958,3,COMPLETE
440,,,2026-10-06 00:35:26.668460,2026-10-06 00:35:27.377824,0 days 00:00:00.709364,0.053666692014938164,46.647252582729806,77.51383454227101,8.570034232131624,0.0015767011041207138,,,3,PRUNED
441,24.979398988430056,1.465935062350309,2026-10-06 00:35:26.671665,2026-10-06 00:38:36.544532,0 days 00:03:09.872867,0.10888801914801638,45.741044518014796,31.25109846959102,3.7504775608803835,0.013593181580386379,1.972106799105486e-05,189.8727699071169,3,COMPLETE
442,15.772807759569721,1.4671733758165,2026-10-06 00:35:26.966845,2026-10-06 00:38:38.278368,0 days 00:03:11.311523,0.26702865083290583,7.554003169245672,32.233952817229785,7.82709496809967,0.011005204287205276,0.0010074763694376573,191.31142318015918,3,COMPLETE
443,0.8216032242909496,1.1888312417543418,2026-10-06 00:35:27.020821,2026-10-06 00:38:42.236481,0 days 00:03:15.215660,0.48967816666395225,10.570572382038582,37.451348362540784,2.0489784059322336,0.002858283837935691,0.004038586316950702,195.21558821806684,3,COMPLETE
444,18.39333440129396,2.735412055530044,2026-10-06 00:35:27.024654,2026-10-06 00:38:38.720597,0 days 00:03:11.695943,0.48967816666395225,46.647252582729806,77.51383454227101,19.560678901050697,0.0272863075382553,2.328670127015952e-06,191.69585555931553,3,COMPLETE
445,16.66722879675863,1.4576146068153086,2026-10-06 00:35:27.079666,2026-10-06 00:38:40.729786,0 days 00:03:13.650120,0.1338864078069938,15.859677991775037,37.451348362540784,18.49957504695779,0.014507822678708626,0.004038586316950702,193.65004254691303,3,COMPLETE
446,23.52778698578211,1.1517421999275745,2026-10-06 00:35:27.178683,2026-10-06 00:38:41.664520,0 days 00:03:14.485837,0.13967293048722856,22.058471956432985,32.233952817229785,2.765920773009866,0.05928153267461189,0.014106470540851165,194.4857451049611,3,COMPLETE
447,17.818745943443457,1.9770269351494112,2026-10-06 00:35:27.556640,2026-10-06 00:38:39.529996,0 days 00:03:11.973356,0.14472486883161542,45.741044518014796,78.91305021174706,31.76259137964679,0.01478582612116327,2.328670127015952e-06,191.9732659701258,3,COMPLETE
448,15.656923644521338,1.9809056992256637,2026-10-06 00:35:27.696833,2026-10-06 00:38:42.668516,0 days 00:03:14.971683,0.48967816666395225,5.163106132123858,14.719249146245843,1.8190863578544005,0.03389943614184064,2.328670127015952e-06,194.97148183267564,3,COMPLETE
449,5.973806791266066,1.1229721219464208,2026-10-06 00:35:27.820680,2026-10-06 00:38:39.489584,0 days 00:03:11.668904,0.015591560835707098,1.7285231404962316,7.099519619717996,18.49957504695779,0.014507822678708626,2.1616060509632624,191.6688054096885,3,COMPLETE
450,1.9641220764279979,1.151692663183927,2026-10-06 00:35:28.052860,2026-10-06 00:38:35.899317,0 days 00:03:07.846457,0.02862763109125612,46.495736626498044,54.6602172125733,1.317161884323402,0.0076510814915104735,0.0021957879814790745,187.8463536701165,3,COMPLETE
451,7.5018277408313665,1.5354161714434285,2026-10-06 00:35:28.208807,2026-10-06 00:38:42.665083,0 days 00:03:14.456276,0.6958831140012253,46.647252582729806,14.719249146245843,19.560678901050697,0.0272863075382553,2.328670127015952e-06,194.4561824616976,3,COMPLETE
452,10.811222773588923,1.6610152627810035,2026-10-06 00:35:28.498667,2026-10-06 00:38:43.146940,0 days 00:03:14.648273,0.5555069055943938,46.774203669468385,15.560192250448374,2.0489784059322336,0.007263587582615162,0.12706019031254645,194.64819923276082,3,COMPLETE
453,12.610616595536163,1.6972892625880218,2026-10-06 00:35:28.502654,2026-10-06 00:38:40.917796,0 days 00:03:12.415142,0.5886596266876252,43.79961749624151,16.375056145446308,2.765920773009866,0.014507822678708626,0.00522179020637289,192.41504636174068,3,COMPLETE
454,7.939557315283091,2.626321807365498,2026-10-06 00:35:28.551684,2026-10-06 00:38:42.142481,0 days 00:03:13.590797,0.5206349751021522,1.8619069911135584,2.6305837915970773,5.534390982625277,0.011005204287205276,9.585414675075825e-05,193.59072500979528,3,COMPLETE
455,13.254276735303682,4.836589199372134,2026-10-06 00:35:28.587747,2026-10-06 00:38:43.266313,0 days 00:03:14.678566,0.10888801914801638,22.058471956432985,8.12123778788137,3.7504775608803835,0.0036499921651855075,1.972106799105486e-05,194.6784940981306,3,COMPLETE
456,0.3843728356272639,1.2712091647836723,2026-10-06 00:35:28.647685,2026-10-06 00:38:47.404936,0 days 00:03:18.757251,0.06448199424049653,44.8320467930925,71.28307206664772,55.30968029215945,0.013593181580386379,4.2062981036209255,198.7571545629762,3,COMPLETE
457,10.465131519633974,1.5004151686792842,2026-10-06 00:35:28.730913,2026-10-06 00:38:42.114485,0 days 00:03:13.383572,0.14472486883161542,20.213335196982104,31.25109846959102,33.873157355561396,0.013593181580386379,1.972106799105486e-05,193.38349378062412,3,COMPLETE
458,21.944565209992096,1.3500448923963906,2026-10-06 00:35:29.084687,2026-10-06 00:38:45.778174,0 days 00:03:16.693487,0.5206349751021522,22.058471956432985,32.233952817229785,2.765920773009866,0.05928153267461189,0.00026285855894701214,196.69340189686045,3,COMPLETE
459,23.389142042510137,1.2011848369010634,2026-10-06 00:35:29.315860,2026-10-06 00:38:42.093254,0 days 00:03:12.777394,0.01894823263320156,1.8619069911135584,32.233952817229785,5.534390982625277,0.011005204287205276,0.00026285855894701214,192.777316654101,3,COMPLETE
460,11.24419672755498,6.909122185573681,2026-10-06 00:35:29.319664,2026-10-06 00:38:44.122678,0 days 00:03:14.803014,0.48967816666395225,1.3916083449858145,7.503878447618833,7.768783341952489,0.005185214608675789,2.328670127015952e-06,194.8029399961233,3,COMPLETE
461,12.526351041483265,3.2759462284897367,2026-10-06 00:35:29.559711,2026-10-06 00:38:44.107093,0 days 00:03:14.547382,0.5206349751021522,34.2854504705273,34.08958612263361,10.55137025643824,0.009596121382849983,0.001754171270788285,194.54728656401858,3,COMPLETE
462,3.092722566043993,1.270890698831435,2026-10-06 00:35:29.845756,2026-10-06 00:38:41.731266,0 days 00:03:11.885510,0.17910754960712286,18.703247673417344,3.7974012840683553,35.35601181732448,0.0021869538993636224,0.00010160998520747449,191.88542809709907,3,COMPLETE
463,,,2026-10-06 00:35:29.877686,2026-10-06 00:35:30.040679,0 days 00:00:00.162993,0.1912088840068961,39.644578046551594,83.63462158426863,18.49957504695779,0.0035385003424894196,,,3,PRUNED
464,5.751199130434458,1.361740502378328,2026-10-06 00:35:30.326832,2026-10-06 00:38:45.992511,0 days 00:03:15.665679,0.5206349751021522,12.42821278531137,3.3697355076795383,2.5122488726661794,0.0015767011041207138,0.0002119529307262873,195.6655860398896,3,COMPLETE
465,3.165986055306052,1.1618977352376911,2026-10-06 00:35:30.417684,2026-10-06 00:38:44.753876,0 days 00:03:14.336192,0.4305853516618083,20.213335196982104,6.433856196331227,36.2226964582351,0.024249565188203284,1.972106799105486e-05,194.33611182589084,3,COMPLETE
466,4.286985139383305,1.2130467085390748,2026-10-06 00:35:30.529686,2026-10-06 00:38:43.527060,0 days 00:03:12.997374,0.14472486883161542,31.834387018586703,5.224742778168688,1.9436578789742032,0.01478582612116327,0.0002119529307262873,192.99728064239025,3,COMPLETE
467,5.217834486469604,1.6045291339244674,2026-10-06 00:35:30.598685,2026-10-06 00:38:40.455506,0 days 00:03:09.856821,0.5886596266876252,2.1115004885838298,9.22797705135841,18.49957504695779,0.011005204287205276,2.1616060509632624,189.85673183994368,3,COMPLETE
468,0.42673715383442373,1.1625200864740988,2026-10-06 00:35:30.606824,2026-10-06 00:38:44.328255,0 days 00:03:13.721431,0.01117390777871938,30.4361881968835,83.63462158426863,7.82709496809967,0.024790630872431413,0.007690928916612578,193.72135247988626,3,COMPLETE
469,,,2026-10-06 00:35:30.610650,2026-10-06 00:35:31.147681,0 days 00:00:00.537031,0.10888801914801638,5.163106132123858,75.08545011892379,5.534390982625277,0.0036499921651855075,,,3,PRUNED
470,9.17556864924879,1.342989747501647,2026-10-06 00:35:30.825696,2026-10-06 00:38:43.361639,0 days 00:03:12.535943,0.5886596266876252,23.170431497793686,5.224742778168688,1.9436578789742032,0.014507822678708626,0.00014657278782660718,192.5358536229469,3,COMPLETE
471,2.737265364296659,1.2175326834774114,2026-10-06 00:35:30.923547,2026-10-06 00:38:45.032324,0 days 00:03:14.108777,0.04451256952257735,42.2707199463251,1.867395442251624,5.504543953350711,0.024790630872431413,0.0002119529307262873,194.1086851703003,3,COMPLETE
472,,,2026-10-06 00:35:31.415684,2026-10-06 00:35:31.878682,0 days 00:00:00.462998,0.1338864078069938,48.21469805334717,37.451348362540784,2.0489784059322336,0.001535839652321008,,,3,PRUNED
473,20.871682275451107,1.4163090510443355,2026-10-06 00:35:31.441845,2026-10-06 00:38:39.943817,0 days 00:03:08.501972,0.14472486883161542,11.914101316739547,24.336135440112013,1.9806728822218551,0.013593181580386379,0.6720511302179899,188.50188740110025,3,COMPLETE
474,10.112003246534574,1.7883621066398028,2026-10-06 00:35:31.532671,2026-10-06 00:38:43.602494,0 days 00:03:12.069823,0.9222042430472607,46.774203669468385,34.08958612263361,19.560678901050697,0.0272863075382553,0.001754171270788285,192.0697419019416,3,COMPLETE
475,3.3705747944288733,1.2987393483255558,2026-10-06 00:35:31.546807,2026-10-06 00:38:40.542588,0 days 00:03:08.995781,0.029582578926941373,5.163106132123858,1.867395442251624,11.55195025623557,0.016205446913400444,22.785630186422384,188.99557174695656,3,COMPLETE
476,21.537530723482593,1.6042641868122882,2026-10-06 00:35:31.613682,2026-10-06 00:38:47.377460,0 days 00:03:15.763778,0.14472486883161542,36.437152778917856,32.233952817229785,2.765920773009866,0.013593181580386379,7.502092623438249,195.7636958300136,3,COMPLETE
477,26.430242477550127,1.3236379274651062,2026-10-06 00:35:31.817698,2026-10-06 00:38:47.820527,0 days 00:03:16.002829,0.30595737338279,32.133571428288036,83.63462158426863,10.36246557689139,0.05928153267461189,0.00026285855894701214,196.0027309199795,3,COMPLETE
478,4.119153790378301,1.4067158919478309,2026-10-06 00:35:32.212691,2026-10-06 00:38:46.491985,0 days 00:03:14.279294,0.6188401160190078,24.322670729839846,17.27325201263315,60.964826531635396,0.013593181580386379,0.0017981331141610742,194.27920749830082,3,COMPLETE
479,11.732432182284176,2.88361481089808,2026-10-06 00:35:32.307035,2026-10-06 00:38:43.845668,0 days 00:03:11.538633,0.6040198049165227,42.2707199463251,24.336135440112013,7.882731093911324,0.010699785124829156,0.0005024391102558689,191.53856795839965,3,COMPLETE
480,15.76179383358868,1.6930639632451467,2026-10-06 00:35:32.308656,2026-10-06 00:38:43.809861,0 days 00:03:11.501205,0.16177110021459462,22.058471956432985,25.716453893307285,2.765920773009866,0.011005204287205276,60.28758797529368,191.50112025393173,3,COMPLETE
481,17.99664758298384,6.479404715120751,2026-10-06 00:35:32.312658,2026-10-06 00:38:42.361270,0 days 00:03:10.048612,0.16177110021459462,1.8619069911135584,7.099519619717996,5.534390982625277,0.011005204287205276,1.972106799105486e-05,190.0485298000276,3,COMPLETE
482,29.53791215240748,1.7758647215820664,2026-10-06 00:35:32.447683,2026-10-06 00:38:47.064177,0 days 00:03:14.616494,0.48967816666395225,5.163106132123858,85.7034102631403,1.8190863578544005,0.08293245489747747,2.328670127015952e-06,194.6164052723907,3,COMPLETE
483,14.918883139859162,5.86274642981734,2026-10-06 00:35:32.475244,2026-10-06 00:38:43.110775,0 days 00:03:10.635531,0.5206349751021522,1.8619069911135584,23.5513467609299,7.882731093911324,0.018324378019643817,0.0005024391102558689,190.63545499928296,3,COMPLETE
484,22.596877907030468,1.4728547765628375,2026-10-06 00:35:32.563687,2026-10-06 00:38:43.637591,0 days 00:03:11.073904,0.12420771410919251,15.859677991775037,14.719249146245843,1.8190863578544005,0.013606001739939678,2.328670127015952e-06,191.07382965600118,3,COMPLETE
485,11.828749206254644,4.701292531724034,2026-10-06 00:35:32.567648,2026-10-06 00:38:43.535335,0 days 00:03:10.967687,0.14472486883161542,20.213335196982104,7.099519619717996,3.7504775608803835,0.0036499921651855075,1.972106799105486e-05,190.96760780224577,3,COMPLETE
486,0.6447758050665261,1.1744954439029467,2026-10-06 00:35:33.156849,2026-10-06 00:38:47.120493,0 days 00:03:13.963644,0.010231423351063175,48.21469805334717,34.08958612263361,1.0833672540763994,0.05350646192092426,2.8222229435486564e-06,193.96356282988563,3,COMPLETE
487,30.230814536498606,1.5140254608824193,2026-10-06 00:35:33.160663,2026-10-06 00:38:44.117244,0 days 00:03:10.956581,0.14472486883161542,45.741044518014796,62.83772786941537,1.3952232429901594,0.013593181580386379,0.007690928916612578,190.95650180382654,3,COMPLETE
488,23.63767471927624,1.3942066567559148,2026-10-06 00:35:33.164651,2026-10-06 00:38:45.604688,0 days 00:03:12.440037,0.14472486883161542,45.741044518014796,31.25109846959102,1.3952232429901594,0.013593181580386379,7.502092623438249,192.43995500495657,3,COMPLETE
489,2.245533855140858,1.109972303182153,2026-10-06 00:35:33.188671,2026-10-06 00:38:47.130384,0 days 00:03:13.941713,0.02862763109125612,30.15990641073274,1.359918081772874,1.317161884323402,0.04690319758315672,4.77364867214484e-05,193.94164135493338,3,COMPLETE
490,17.788950962695317,4.946922911159275,2026-10-06 00:35:33.364695,2026-10-06 00:38:45.705847,0 days 00:03:12.341152,0.5555069055943938,48.29892741607685,75.08545011892379,5.534390982625277,0.0015767011041207138,0.00010160998520747449,192.3410657690838,3,COMPLETE
491,8.884973687670072,1.3732805999695046,2026-10-06 00:35:33.423834,2026-10-06 00:38:47.143476,0 days 00:03:13.719642,0.45357463799471437,5.163106132123858,14.719249146245843,1.8190863578544005,0.010595077459339406,0.7497354762715337,193.71957242768258,4,COMPLETE
492,19.668303939443803,7.669413891428672,2026-10-06 00:35:33.569840,2026-10-06 00:38:46.630134,0 days 00:03:13.060294,0.5555069055943938,48.147926180602234,77.51383454227101,7.8342206444348275,0.009596121382849983,3.3976165743800303e-06,193.06021028477699,4,COMPLETE
493,27.699453876203233,1.4613899909146255,2026-10-06 00:35:33.573659,2026-10-06 00:38:48.908321,0 days 00:03:15.334662,0.14472486883161542,15.859677991775037,37.451348362540784,2.0489784059322336,0.016205446913400444,0.004038586316950702,195.3345771431923,4,COMPLETE
494,25.0721572552516,1.342627855059865,2026-10-06 00:35:33.577649,2026-10-06 00:38:43.753585,0 days 00:03:10.175936,0.48967816666395225,15.859677991775037,89.61123200940895,2.0489784059322336,0.04254018448340641,0.013090579707422193,190.17586668161675,4,COMPLETE
495,29.46373573774112,1.4184745445730633,2026-10-06 00:35:34.273693,2026-10-06 00:38:49.939370,0 days 00:03:15.665677,0.14472486883161542,11.914101316739547,78.91305021174706,4.895103288469407,0.018324378019643817,2.328670127015952e-06,195.6655754991807,4,COMPLETE
496,10.403317953150559,1.4193271879169986,2026-10-06 00:35:34.281661,2026-10-06 00:38:43.835397,0 days 00:03:09.553736,0.48967816666395225,8.987478920641044,14.719249146245843,1.8190863578544005,0.01478582612116327,0.6056274705582385,189.55366242816672,4,COMPLETE
497,5.3994491342493856,1.2639646113565268,2026-10-06 00:35:34.734855,2026-10-06 00:38:48.530695,0 days 00:03:13.795840,0.01619527789424393,24.973920849867977,89.61123200940895,1.8190863578544005,0.01478582612116327,0.0002119529307262873,193.795754652936,4,COMPLETE
498,21.69526592245102,1.334688821343065,2026-10-06 00:35:34.738668,2026-10-06 00:38:45.523359,0 days 00:03:10.784691,0.14472486883161542,47.635191644836304,77.51383454227101,19.560678901050697,0.0272863075382553,3.3976165743800303e-06,190.7846018485725,4,COMPLETE
499,22.448310334965832,1.5088195463368368,2026-10-06 00:35:35.635652,2026-10-06 00:38:46.124516,0 days 00:03:10.488864,0.1912088840068961,48.21469805334717,83.63462158426863,19.560678901050697,0.0272863075382553,0.007690928916612578,190.4887870689854,4,COMPLETE
500,11.225529807287945,1.305091492142246,2026-10-06 00:35:35.636623,2026-10-06 00:38:48.880232,0 days 00:03:13.243609,0.5555069055943938,46.774203669468385,83.63462158426863,73.65711150565826,0.0659101092559021,0.001754171270788285,193.24351884797215,4,COMPLETE
501,10.821929954480918,2.7167256169854443,2026-10-06 00:38:00.546683,2026-10-06 00:41:13.929169,0 days 00:03:13.382486,0.1912088840068961,48.21469805334717,16.350594671982424,10.55137025643824,0.009596121382849983,0.0005076505862521549,193.38238872261718,4,COMPLETE
502,21.42194568239737,1.2616225719555336,2026-10-06 00:38:36.307007,2026-10-06 00:41:52.519311,0 days 00:03:16.212304,0.5206349751021522,48.495640761268085,32.233952817229785,2.765920773009866,0.05928153267461189,0.0005024391102558689,196.21221372997388,4,COMPLETE
503,3.2310960143149416,2.0948242563857877,2026-10-06 00:38:36.544996,2026-10-06 00:41:48.437881,0 days 00:03:11.892885,0.0463214604119738,18.703247673417344,1.0389470752148349,5.534390982625277,0.0021869538993636224,41.051876342809955,191.89279378112406,4,COMPLETE
