number,values_0,values_1,datetime_start,datetime_complete,duration,params_c_val,params_input_force,params_k_between_val,params_k_wall_val,params_m_val,params_ridge_alpha,user_attrs_duration_sec,system_attrs_NSGAIISampler:generation,state
85,3.1683810906916974,4.1088214029547405,2026-10-06 00:19:20.243696,2026-10-06 00:22:35.879450,0 days 00:03:15.635754,0.19681989831263247,19.213878608743965,1.2492332970721136,32.02017565232343,0.0010345673944146397,0.024604239782466758,195.6356624001637,0,COMPLETE
86,,,2026-10-06 00:19:20.294690,2026-10-06 00:19:20.547698,0 days 00:00:00.253008,0.06775610191424572,5.655848417349765,3.9788079321863807,67.65020311834336,0.0010939720536801798,,,0,PRUNED
87,2.7686768929595,1.1366797389508567,2026-10-06 00:19:20.376689,2026-10-06 00:22:32.096144,0 days 00:03:11.719455,0.3320821444512474,29.283892812637557,1.1180965706859376,20.713719534684405,0.05695357755479087,59.01760210955452,191.71936654485762,0,COMPLETE
88,17.19011827318868,1.1918966270777194,2026-10-06 00:19:20.439683,2026-10-06 00:22:35.634207,0 days 00:03:15.194524,0.02629130678127816,2.835936647737516,15.459252032197867,7.191780319290169,0.012479053896807856,0.0014703568074137892,195.19445198168978,0,COMPLETE
89,5.909433426914994,2.197022823055763,2026-10-06 00:19:20.584689,2026-10-06 00:22:34.838644,0 days 00:03:14.253955,0.9032530707758598,9.131319805695862,3.482029029363544,13.136088672852889,0.0034114441061497635,1.7602452519039557e-06,194.25387595128268,0,COMPLETE
90,2.90345514021073,1.245842533018559,2026-10-06 00:19:20.688681,2026-10-06 00:22:29.976527,0 days 00:03:09.287846,0.011672211798233148,40.8215082537414,5.505789658116496,6.952794819205919,0.015088695356809768,0.008546775798747457,189.28774872981012,0,COMPLETE
91,22.664258706836115,1.2933613613950277,2026-10-06 00:19:20.797697,2026-10-06 00:22:35.101887,0 days 00:03:14.304190,0.15138787145539115,12.124627805710647,60.28584520711012,15.66040225996963,0.022086258249363437,6.186063957137437e-05,194.30411452893168,0,COMPLETE
92,8.709073843328204,1.3559498856999275,2026-10-06 00:19:20.977414,2026-10-06 00:22:35.422478,0 days 00:03:14.445064,0.19947765100658862,25.331720892602732,17.293401726053162,22.69772280023622,0.023025419360646834,7.37763332240062,194.44499617023394,0,COMPLETE
93,1.9986842051619913,1.211113808367371,2026-10-06 00:19:21.060879,2026-10-06 00:22:35.465062,0 days 00:03:14.404183,0.03116726046823156,11.677156501798434,3.9398101586964045,65.15173416512393,0.026605022490347227,0.0009264189030798751,194.40411459468305,0,COMPLETE
94,5.522393780241186,1.6376952512733451,2026-10-06 00:19:21.109771,2026-10-06 00:22:34.276509,0 days 00:03:13.166738,0.3321089603003721,27.297627986546463,3.7361580633449725,11.623825237808026,0.008378451182480711,0.008466141639065948,193.16665119305253,0,COMPLETE
95,3.409500512395205,1.1655589167510962,2026-10-06 00:19:21.130837,2026-10-06 00:22:37.973485,0 days 00:03:16.842648,0.07329685614255081,41.105278932065715,2.3700766121849286,2.0955150384171786,0.032309960098033184,0.5951234183995884,196.84256584895775,0,COMPLETE
96,4.032374066693178,1.6603262761642998,2026-10-06 00:19:21.181807,2026-10-06 00:22:35.099869,0 days 00:03:13.918062,0.2585311692429106,39.62670328683266,2.716626342986125,2.3069950839017905,0.014672037416520397,80.20389585747934,193.91797564784065,0,COMPLETE
97,2.8059604497794792,1.3281143670344548,2026-10-06 00:19:21.292691,2026-10-06 00:22:34.056493,0 days 00:03:12.763802,0.050952170439137696,13.874281057577663,1.3310771024776806,16.110746292549695,0.0027531262485607543,0.3386677060262056,192.7637244448997,0,COMPLETE
98,1.3100791861406118,1.230525092813769,2026-10-06 00:19:21.343683,2026-10-06 00:22:29.501554,0 days 00:03:08.157871,0.016675917181118934,25.422017072702005,9.506214116764834,84.77200675190062,0.04775997622094194,0.00042707308914523035,188.15776459733024,0,COMPLETE
99,,,2026-10-06 00:19:21.397697,2026-10-06 00:19:21.642653,0 days 00:00:00.244956,0.010603826652443145,4.401184145364585,95.68675182692057,46.38246680741108,0.0013302407797731476,,,0,PRUNED
100,3.695105713317653,2.5225567279345364,2026-10-06 00:19:21.426687,2026-10-06 00:22:37.239855,0 days 00:03:15.813168,0.1181503183191391,28.386438812270715,2.846496621482396,5.480489434604546,0.001453634962232718,3.434792894601732e-05,195.8130918047391,0,COMPLETE
101,8.435829065958227,1.3476459462392083,2026-10-06 00:19:21.576687,2026-10-06 00:22:36.573791,0 days 00:03:14.997104,0.4852312242874243,17.31817492175286,4.255049998849711,2.149446048768002,0.0118891908275251,0.0007268477638840862,194.99702994106337,0,COMPLETE
102,5.831305813540881,1.2309027570385123,2026-10-06 00:19:21.670682,2026-10-06 00:22:36.929516,0 days 00:03:15.258834,0.021909328984734196,10.81793570173018,17.71929189740827,26.166316676750256,0.008243120171646,2.5151201068478175e-05,195.25864420598373,0,COMPLETE
103,5.698625696038474,1.1920029412097617,2026-10-06 00:19:21.851688,2026-10-06 00:22:35.882637,0 days 00:03:14.030949,0.06800102321182681,8.130541492757132,1.2783745677665277,2.056557945610531,0.027837346661644138,0.3824615045313564,194.0308788861148,0,COMPLETE
104,1.7947760381690379,1.3411349840797158,2026-10-06 00:19:21.903836,2026-10-06 00:22:40.096709,0 days 00:03:18.192873,0.22338012721092532,9.675412836577863,5.935246376515441,55.291478262818174,0.01127517733679039,0.00020664491659041378,198.19277512002736,0,COMPLETE
105,3.9218842839850145,1.531597944835552,2026-10-06 00:19:21.907665,2026-10-06 00:22:37.806483,0 days 00:03:15.898818,0.04285195455279956,25.826548201441213,2.6690102180130713,2.8675518340248742,0.0046919085677070375,1.4322814675914173e-05,195.89874400896952,0,COMPLETE
106,0.9093028998870306,1.1562189630164694,2026-10-06 00:19:21.951678,2026-10-06 00:22:35.011679,0 days 00:03:13.060001,0.029483444620638847,20.081922198467957,2.2408490756504054,44.83294924042449,0.07687198315761264,0.008283349443142842,193.05990362213925,0,COMPLETE
107,4.495918948812706,1.9165412394778345,2026-10-06 00:19:22.196693,2026-10-06 00:22:37.389899,0 days 00:03:15.193206,0.8923175540590906,40.66347793206497,1.1883168581130479,77.4514816541996,0.030974663844521667,1.4883273576350513e-05,195.19313122797757,0,COMPLETE
108,9.246961863847535,1.229954989264085,2026-10-06 00:19:22.544836,2026-10-06 00:22:38.768864,0 days 00:03:16.224028,0.7624795731732543,22.978664030913777,16.015524317644992,10.144355864469475,0.05580167090940265,0.048348629184298914,196.22394452570006,0,COMPLETE
109,25.10446611713202,1.6007455939536794,2026-10-06 00:19:22.588174,2026-10-06 00:22:39.015508,0 days 00:03:16.427334,0.05507950118171668,8.321663926708082,41.85903421595831,7.269629754936482,0.005564226676313326,0.023184397083374768,196.42724216356874,0,COMPLETE
110,3.6282973603798276,1.4563172736014496,2026-10-06 00:19:22.836694,2026-10-06 00:22:40.525506,0 days 00:03:17.688812,0.05560797486810527,5.5209227507316365,8.62702703639487,39.19282227292621,0.0026219588073853766,6.993985326383338,197.68872329918668,0,COMPLETE
111,7.015734088452701,1.2685836323654305,2026-10-06 00:19:23.160809,2026-10-06 00:22:36.219962,0 days 00:03:13.059153,0.1465512312818605,48.93032178681006,22.2231868482756,34.91459733569208,0.0329252817085061,16.052024087574768,193.05906852986664,0,COMPLETE
112,7.349187972387409,1.1906208653685535,2026-10-06 00:19:23.504680,2026-10-06 00:22:35.266354,0 days 00:03:11.761674,0.041208305714186294,37.38403634123946,27.104932916836574,2.176158576623703,0.0698958982639474,0.3334295487883697,191.76159166591242,0,COMPLETE
113,3.235456058656079,1.735287730176616,2026-10-06 00:19:23.572265,2026-10-06 00:22:38.605728,0 days 00:03:15.033463,0.14757285039757462,10.154761430386086,11.944006665355447,82.78081530064803,0.003847147659571636,9.287964840367075e-05,195.0333826416172,0,COMPLETE
114,,,2026-10-06 00:19:23.583677,2026-10-06 00:19:23.718659,0 days 00:00:00.134982,0.035955711493852835,36.63191137750999,36.29587042250929,56.966849331598084,0.0017573114876350657,,,0,PRUNED
115,16.036254640490288,1.3353910977110113,2026-10-06 00:19:23.627621,2026-10-06 00:22:41.644295,0 days 00:03:18.016674,0.25843696903673685,23.538416992281277,38.66930857330357,1.3841913054084074,0.013617089235419957,28.346102374799283,198.01656953478232,0,COMPLETE
116,1.394349370921925,1.2164993955452479,2026-10-06 00:19:23.762949,2026-10-06 00:22:40.542487,0 days 00:03:16.779538,0.014644114833876972,33.88700234700983,23.05993563749233,15.23055857860312,0.02337429929734151,1.5671397403953227e-06,196.77945795701817,0,COMPLETE
117,8.082338802775404,1.202202065258244,2026-10-06 00:19:23.808837,2026-10-06 00:22:35.531236,0 days 00:03:11.722399,0.1981266949030234,35.17257507756836,48.64635510426568,80.29323256201532,0.04814407979916008,0.012858351972227391,191.72232874576002,0,COMPLETE
118,6.609057288367279,1.2340283266118246,2026-10-06 00:19:23.866683,2026-10-06 00:22:37.334071,0 days 00:03:13.467388,0.07043492722746021,39.8907058578784,91.33048992611904,76.75290446302517,0.05779296063729642,0.15695006175659512,193.4673125250265,0,COMPLETE
119,6.445783786573503,1.476734898698914,2026-10-06 00:19:23.910277,2026-10-06 00:22:39.608040,0 days 00:03:15.697763,0.2380187666664018,25.456282054029312,8.092641836369493,15.381712751303082,0.015794901120920826,32.6245522004508,195.69767063483596,0,COMPLETE
120,1.1657736616515573,1.2433995589100126,2026-10-06 00:19:24.042684,2026-10-06 00:22:37.447418,0 days 00:03:13.404734,0.026392454652167507,34.11592544279149,1.409230162599962,23.528876588681932,0.025758355806499864,1.9269833501012525,193.40465790824965,0,COMPLETE
121,20.299991377981662,1.2395946320624063,2026-10-06 00:19:24.126827,2026-10-06 00:22:36.502397,0 days 00:03:12.375570,0.02859256513609946,29.96205338657425,85.92642309656756,7.711990140450234,0.021944084652991108,0.03646457103231833,192.37549097230658,0,COMPLETE
122,27.88424255451477,1.3843061446534275,2026-10-06 00:19:24.256325,2026-10-06 00:22:35.337963,0 days 00:03:11.081638,0.036550401600479746,1.3393373016982626,22.561900985705016,2.70504732319075,0.010231154772302322,0.0004885900434445872,191.08155451808125,0,COMPLETE
123,4.189484192670808,1.2945669327601323,2026-10-06 00:19:24.267662,2026-10-06 00:22:35.959361,0 days 00:03:11.691699,0.26923358989825796,3.1022931857336,2.422188596735541,1.0719947850714626,0.0017081221858051636,0.02807088979085875,191.69163029594347,0,COMPLETE
124,18.15502154669024,1.2198500186886982,2026-10-06 00:19:24.424835,2026-10-06 00:22:32.891057,0 days 00:03:08.466222,0.03873413671535675,2.5555684232634466,4.276399995958049,1.4780765009283057,0.009569018554692318,1.4280008699208167e-06,188.46613742178306,0,COMPLETE
125,5.487490554943717,1.2132090142030396,2026-10-06 00:19:24.851118,2026-10-06 00:22:36.599207,0 days 00:03:11.748089,0.01590883215800099,3.8561157818021163,3.3500467014371558,8.114659336939205,0.008244548025543391,0.20958365095435066,191.74801918584853,0,COMPLETE
126,2.5036213316237443,1.2552641178242638,2026-10-06 00:19:24.900837,2026-10-06 00:22:37.910505,0 days 00:03:13.009668,0.043354416783349135,30.193910721545713,6.15535717321096,6.88053123725128,0.08163494913196881,4.900279775166527e-05,193.00957960961387,0,COMPLETE
127,2.838775560406964,1.288511057627422,2026-10-06 00:19:24.904675,2026-10-06 00:22:38.051484,0 days 00:03:13.146809,0.05111242580551476,35.97096749133551,1.1591107565944179,6.713384047691104,0.009125904732195872,6.352010943288928e-06,193.1467367936857,0,COMPLETE
128,18.80653299966047,1.1974612420640045,2026-10-06 00:19:24.948447,2026-10-06 00:22:34.852296,0 days 00:03:09.903849,0.1122866680025415,13.660468475767308,13.817308871681348,3.345120963525993,0.027013204940272404,2.6096237277604644,189.90377427311614,0,COMPLETE
129,,,2026-10-06 00:19:25.108684,2026-10-06 00:19:25.469644,0 days 00:00:00.360960,0.16177110021459462,44.19934223332653,75.08545011892379,5.534390982625277,0.0015767011041207138,,,1,PRUNED
130,7.927494656779579,1.470523960690619,2026-10-06 00:19:25.482826,2026-10-06 00:22:36.138968,0 days 00:03:10.656142,0.46275218399026974,44.7325440930094,5.923325039614763,1.3952232429901594,0.013593181580386379,2.1616060509632624,190.65606225188822,1,COMPLETE
131,2.6837873556271803,1.248543564640675,2026-10-06 00:19:25.486663,2026-10-06 00:22:41.474807,0 days 00:03:15.988144,0.2041804858286469,13.718377456891261,1.5756892409205032,8.703200671644508,0.0272863075382553,0.00030876033418420374,195.98805441660807,1,COMPLETE
132,15.09662360351299,1.2555287295663191,2026-10-06 00:19:25.592715,2026-10-06 00:22:41.621633,0 days 00:03:16.028918,0.16177110021459462,1.8619069911135584,75.08545011892379,5.534390982625277,0.011005204287205276,60.28758797529368,196.028826424852,1,COMPLETE
133,19.835269032639463,1.217298132458655,2026-10-06 00:19:25.639687,2026-10-06 00:22:38.068577,0 days 00:03:12.428890,0.30595737338279,15.859677991775037,37.451348362540784,10.36246557689139,0.05928153267461189,0.00026285855894701214,192.4288181848824,1,COMPLETE
134,3.796310489322077,1.3225205878997675,2026-10-06 00:19:25.849695,2026-10-06 00:22:35.403008,0 days 00:03:09.553313,0.6040198049165227,22.961533385529897,1.545767633698773,7.746949202276626,0.04690319758315672,0.06507951504978707,189.55321874283254,1,COMPLETE
135,5.015298222992274,1.5203492675290058,2026-10-06 00:19:25.973676,2026-10-06 00:22:38.806058,0 days 00:03:12.832382,0.8260375030611535,8.987478920641044,8.214076362832653,5.234236490545744,0.009394328025581626,2.6941809396617504,192.83231049776077,1,COMPLETE
136,10.975246347599604,1.5561896773875254,2026-10-06 00:19:26.538695,2026-10-06 00:22:38.510719,0 days 00:03:11.972024,0.6188401160190078,48.21469805334717,17.27325201263315,1.0833672540763994,0.002305930483664806,0.0017981331141610742,191.97194517357275,1,COMPLETE
137,13.20923675859872,1.2981489044399,2026-10-06 00:19:26.562687,2026-10-06 00:22:37.996183,0 days 00:03:11.433496,0.48967816666395225,5.163106132123858,75.08545011892379,5.534390982625277,0.03389943614184064,60.28758797529368,191.43342107487842,1,COMPLETE
138,0.43477825613302423,1.195898567167394,2026-10-06 00:19:26.586815,2026-10-06 00:22:36.932078,0 days 00:03:10.345263,0.029712907435494942,46.774203669468385,43.912202460250086,68.06746093018157,0.009596121382849983,0.2556414358271955,190.34519880171865,1,COMPLETE
139,3.3520245721994106,1.1812364308823389,2026-10-06 00:19:26.876691,2026-10-06 00:22:37.022931,0 days 00:03:10.146240,0.14048411428206908,30.15990641073274,4.777403167506996,1.317161884323402,0.018697464163305758,4.77364867214484e-05,190.14616416906938,1,COMPLETE
140,,,2026-10-06 00:19:27.252690,2026-10-06 00:19:28.134710,0 days 00:00:00.882020,0.2041804858286469,13.718377456891261,46.857148551413296,3.8386355376961987,0.0031633327897085755,,,1,PRUNED
141,,,2026-10-06 00:19:27.580690,2026-10-06 00:19:28.286709,0 days 00:00:00.706019,0.06245552791648473,28.715101235632567,83.49930460928168,2.2173270636183195,0.005185214608675789,,,1,PRUNED
142,2.7072790093776975,1.2730196765820712,2026-10-06 00:19:28.007684,2026-10-06 00:22:40.867114,0 days 00:03:12.859430,0.02835885246923158,43.90830166389397,5.883880503312957,17.916121697562073,0.007854509996266426,1.096718467484267e-05,192.8593387096189,1,COMPLETE
143,1.7020868723694815,1.2355038682333466,2026-10-06 00:19:28.146669,2026-10-06 00:22:36.661148,0 days 00:03:08.514479,0.011382437131058435,41.3746967090956,10.058043233221854,15.074380684525334,0.06472489245919476,3.3976165743800303e-06,188.5144120240584,1,COMPLETE
144,6.472489100136127,1.2198821991290287,2026-10-06 00:19:28.326687,2026-10-06 00:22:36.438990,0 days 00:03:08.112303,0.6884638935565228,11.914101316739547,7.503878447618833,7.768783341952489,0.06905614673146593,0.0005024391102558689,188.11220278404653,1,COMPLETE
145,29.979939339931736,1.2452252647562172,2026-10-06 00:19:28.656833,2026-10-06 00:22:37.013891,0 days 00:03:08.357058,0.04451256952257735,5.163106132123858,46.546095502334126,1.8190863578544005,0.01478582612116327,0.0002119529307262873,188.3569774790667,1,COMPLETE
146,0.95979147562296,1.2119309387815602,2026-10-06 00:19:28.868683,2026-10-06 00:22:39.059200,0 days 00:03:10.190517,0.011048176790865276,23.672938934310228,1.2211815987182468,24.12746913981788,0.001361537527871045,0.00025650633776086787,190.19043628918007,1,COMPLETE
147,13.21890473297528,1.1795448066174994,2026-10-06 00:19:29.161708,2026-10-06 00:22:36.661233,0 days 00:03:07.499525,0.02862763109125612,9.404521629381495,77.51383454227101,1.317161884323402,0.0833401108079926,0.0051803688067366856,187.49947886634618,1,COMPLETE
148,3.3246225369481683,1.3006235931604921,2026-10-06 00:22:29.617713,2026-10-06 00:25:47.083162,0 days 00:03:17.465449,0.12420771410919251,31.68849926221018,4.777403167506996,36.31938254187951,0.018697464163305758,28.998661100600568,197.46537193097174,1,COMPLETE
149,,,2026-10-06 00:22:29.976992,2026-10-06 00:22:30.581725,0 days 00:00:00.604733,0.011382437131058435,48.21469805334717,77.51383454227101,6.524967842189523,0.001940176135431853,,,1,PRUNED
150,15.792659146763677,1.4557323432455118,2026-10-06 00:22:30.520692,2026-10-06 00:25:45.235985,0 days 00:03:14.715293,0.4959367378662905,11.914101316739547,24.336135440112013,1.9806728822218551,0.018324378019643817,0.0005024391102558689,194.7152012810111,1,COMPLETE
151,3.310222102658268,1.2092379304946796,2026-10-06 00:22:30.696876,2026-10-06 00:25:42.895045,0 days 00:03:12.198169,0.017005760320431773,14.010719398814759,77.51383454227101,68.06746093018157,0.0272863075382553,2.481788604933269e-06,192.19806989701465,1,COMPLETE
152,6.419036430721176,1.2972208079335499,2026-10-06 00:22:30.879855,2026-10-06 00:25:48.140055,0 days 00:03:17.260200,0.8756591990295686,15.177603097437203,6.847319413860616,3.528688709174988,0.018324378019643817,0.000617184287939886,197.26011748006567,1,COMPLETE
153,3.9070285335575887,1.2179873780847228,2026-10-06 00:22:31.263682,2026-10-06 00:25:45.663608,0 days 00:03:14.399926,0.8260375030611535,18.410940724233445,3.5034926860348925,5.234236490545744,0.03252063363543087,3.4352887454749903e-06,194.39983312925324,1,COMPLETE
154,13.890981289241987,1.2387791782918254,2026-10-06 00:22:31.655457,2026-10-06 00:25:45.698046,0 days 00:03:14.042589,0.02862763109125612,30.15990641073274,92.64081871882584,9.37375829503531,0.05203175313572983,4.77364867214484e-05,194.04249965306371,1,COMPLETE
155,2.1857280966106307,1.1358142661956991,2026-10-06 00:22:31.912702,2026-10-06 00:25:42.260982,0 days 00:03:10.348280,0.019616476646240003,41.44909298087506,34.08958612263361,1.9436578789742032,0.009596121382849983,8.535454778474266,190.34817969007418,1,COMPLETE
156,2.668659843021735,1.8365947880884472,2026-10-06 00:22:32.132974,2026-10-06 00:25:46.178618,0 days 00:03:14.045644,0.4571847416983729,41.25202022698372,1.1092055093231412,22.43969985918882,0.0013674293535711243,0.0030518060970325185,194.04555145511404,1,COMPLETE
157,,,2026-10-06 00:22:32.252679,2026-10-06 00:22:32.905079,0 days 00:00:00.652400,0.6040198049165227,23.170431497793686,85.7034102631403,4.588702072434383,0.0036480215798860415,,,1,PRUNED
158,6.180679245841299,2.8694158716520164,2026-10-06 00:22:32.924683,2026-10-06 00:25:43.583330,0 days 00:03:10.658647,0.5886596266876252,39.644578046551594,16.375056145446308,18.49957504695779,0.0035385003424894196,2.1616060509632624,190.6585470121354,1,COMPLETE
159,11.658102179931163,19.080207479683615,2026-10-06 00:22:32.978714,2026-10-06 00:25:51.844499,0 days 00:03:18.865785,0.4571847416983729,5.163106132123858,14.719249146245843,66.10876149464202,0.0013674293535711243,2.328670127015952e-06,198.86568475794047,1,COMPLETE
160,4.145316818582293,2.044308582001987,2026-10-06 00:22:34.064678,2026-10-06 00:25:46.629583,0 days 00:03:12.564905,0.032862526104835955,30.426953399183287,3.0367302368487663,2.0489784059322336,0.0015767011041207138,0.004038586316950702,192.56483253696933,1,COMPLETE
161,,,2026-10-06 00:22:34.344799,2026-10-06 00:22:35.154731,0 days 00:00:00.809932,0.1912088840068961,13.718377456891261,83.63462158426863,8.703200671644508,0.0031633327897085755,,,1,PRUNED
162,4.700812876548845,1.3973879342295352,2026-10-06 00:22:34.400681,2026-10-06 00:25:46.574682,0 days 00:03:12.174001,0.14048411428206908,41.44909298087506,4.777403167506996,1.9436578789742032,0.018697464163305758,28.998661100600568,192.17393387062475,1,COMPLETE
163,10.269980725342549,2.027064406929084,2026-10-06 00:22:34.956690,2026-10-06 00:25:48.271202,0 days 00:03:13.314512,0.6040198049165227,42.2707199463251,14.719249146245843,7.746949202276626,0.01478582612116327,2.328670127015952e-06,193.3144459296018,1,COMPLETE
164,3.7591514262085552,1.3689768008239764,2026-10-06 00:22:35.204797,2026-10-06 00:25:47.141836,0 days 00:03:11.937039,0.032862526104835955,18.703247673417344,1.867395442251624,2.5122488726661794,0.005746632771984153,6.112710768955085e-06,191.9369671284221,1,COMPLETE
165,10.042680918012193,1.8831552394901214,2026-10-06 00:22:35.228668,2026-10-06 00:25:47.680799,0 days 00:03:12.452131,0.14472486883161542,38.62014749600437,31.25109846959102,33.873157355561396,0.013593181580386379,0.6720511302179899,192.4520402760245,1,COMPLETE
166,1.4768679592681169,1.199844601884438,2026-10-06 00:22:35.230263,2026-10-06 00:25:48.262555,0 days 00:03:13.032292,0.011382437131058435,9.404521629381495,3.9261247478916323,50.08636911365856,0.0272863075382553,3.3976165743800303e-06,193.0321044838056,1,COMPLETE
167,3.657123725963159,1.2690271863932954,2026-10-06 00:22:35.239651,2026-10-06 00:25:48.990475,0 days 00:03:13.750824,0.018138064317611582,28.715101235632567,7.503878447618833,2.52908933577158,0.005185214608675789,1.0792627112324709e-06,193.7507574930787,1,COMPLETE
168,12.536351145332478,4.407423798882898,2026-10-06 00:22:35.345672,2026-10-06 00:25:49.569164,0 days 00:03:14.223492,0.5555069055943938,46.774203669468385,34.08958612263361,10.55137025643824,0.009596121382849983,0.001754171270788285,194.22342187399045,1,COMPLETE
