number,values_0,values_1,datetime_start,datetime_complete,duration,params_c_val,params_input_force,params_k_between_val,params_k_wall_val,params_m_val,params_ridge_alpha,user_attrs_duration_sec,system_attrs_NSGAIISampler:generation,state
1667,2.9606792109771867,1.6233323020884767,2026-10-06 01:30:17.436683,2026-10-06 01:33:24.482516,0 days 00:03:07.045833,0.14472486883161542,46.774203669468385,2.758161787744272,10.026631102459927,0.009569508337727876,0.000865261572401839,187.04575297888368,13,COMPLETE
1668,25.067149128942937,17.750424580235496,2026-10-06 01:30:17.823707,2026-10-06 01:33:29.139858,0 days 00:03:11.316151,0.5555069055943938,3.42961079489487,89.61123200940895,18.49957504695779,0.01478582612116327,2.328670127015952e-06,191.3160627298057,13,COMPLETE
1669,3.192339570435965,1.1996621283628999,2026-10-06 01:32:28.122696,2026-10-06 01:35:30.221942,0 days 00:03:02.099246,0.018238181980677556,6.28879905307643,2.2577573691395,12.025559114678314,0.009569508337727876,2.328670127015952e-06,182.09914200333878,13,COMPLETE
1670,15.47971260498733,3.2025413766769293,2026-10-06 01:33:18.149705,2026-10-06 01:36:33.751960,0 days 00:03:15.602255,0.14472486883161542,1.8054001832365776,5.7309774393475985,1.7658496078448727,0.009569508337727876,0.00024637875250850874,195.6021550418809,13,COMPLETE
1671,17.202551919142405,1.1738108526011581,2026-10-06 01:33:19.512724,2026-10-06 01:36:31.444579,0 days 00:03:11.931855,0.01409193487066363,3.42961079489487,78.91305021174706,18.49957504695779,0.009569508337727876,2.328670127015952e-06,191.9317659921944,13,COMPLETE
1672,30.464095351613004,2.1207914586088266,2026-10-06 01:33:20.120831,2026-10-06 01:36:34.984706,0 days 00:03:14.863875,0.14472486883161542,32.133571428288036,78.91305021174706,2.0489784059322336,0.009569508337727876,0.02796369691861602,194.86379262804985,14,COMPLETE
1673,29.130949209574787,8.017589316122615,2026-10-06 01:33:20.237841,2026-10-06 01:36:32.875083,0 days 00:03:12.637242,0.42937345114127523,3.42961079489487,81.61520925600657,18.49957504695779,0.04281119486594157,2.328670127015952e-06,192.63713361509144,14,COMPLETE
1674,30.24677223918379,16.95454237805794,2026-10-06 01:33:20.279812,2026-10-06 01:36:29.754703,0 days 00:03:09.474891,0.14472486883161542,3.42961079489487,78.91305021174706,18.49957504695779,0.009569508337727876,2.328670127015952e-06,189.4747881111689,14,COMPLETE
1675,29.98273984366067,18.038103512436695,2026-10-06 01:33:20.628934,2026-10-06 01:36:34.647329,0 days 00:03:14.018395,0.14472486883161542,3.42961079489487,78.91305021174706,28.521004463161855,0.009569508337727876,2.328670127015952e-06,194.01829683640972,14,COMPLETE
1676,29.05044658312307,1.653758789560079,2026-10-06 01:33:21.205809,2026-10-06 01:36:37.729503,0 days 00:03:16.523694,0.14472486883161542,6.28879905307643,45.45946229888873,2.0489784059322336,0.009569508337727876,2.328670127015952e-06,196.52360292105004,14,COMPLETE
1677,24.96483114437418,1.4961005707340678,2026-10-06 01:33:21.217676,2026-10-06 01:36:34.905250,0 days 00:03:13.687574,0.14472486883161542,46.774203669468385,78.91305021174706,1.3798280184278788,0.009569508337727876,55.57919480488044,193.68749182205647,14,COMPLETE
1678,30.039344875807075,15.559990775646284,2026-10-06 01:33:21.246821,2026-10-06 01:36:34.355573,0 days 00:03:13.108752,0.14472486883161542,1.8054001832365776,78.91305021174706,65.73994095870223,0.009569508337727876,0.00024637875250850874,193.10865806695074,14,COMPLETE
1679,23.475256706756948,11.725150092489418,2026-10-06 01:33:21.388845,2026-10-06 01:36:40.361517,0 days 00:03:18.972672,0.14472486883161542,3.42961079489487,78.91305021174706,72.11032835897271,0.009569508337727876,0.22213312656006218,198.97255744459108,14,COMPLETE
1680,15.174391730920826,1.2697871645792693,2026-10-06 01:33:21.488719,2026-10-06 01:36:34.947127,0 days 00:03:13.458408,0.6040198049165227,33.72230395750401,78.91305021174706,1.3798280184278788,0.009569508337727876,29.248436912606966,193.45832234388217,14,COMPLETE
1681,0.8653141953602006,1.2453792690016297,2026-10-06 01:33:22.107530,2026-10-06 01:36:34.290616,0 days 00:03:12.183086,0.48967816666395225,10.074777155919703,6.45997069658493,18.49957504695779,0.009569508337727876,2.328670127015952e-06,192.1829720819369,14,COMPLETE
1682,16.474927010746026,8.937624228948717,2026-10-06 01:33:22.118655,2026-10-06 01:36:35.907977,0 days 00:03:13.789322,0.48967816666395225,3.42961079489487,78.91305021174706,18.49957504695779,0.009569508337727876,0.047162315241815814,193.78922214126214,14,COMPLETE
1683,29.703197891172227,4.404803976420493,2026-10-06 01:33:22.696679,2026-10-06 01:36:36.854411,0 days 00:03:14.157732,0.42937345114127523,3.42961079489487,78.91305021174706,18.49957504695779,0.0698042464765998,2.328670127015952e-06,194.15764688700438,14,COMPLETE
1684,24.789913854516175,2.3702147765457524,2026-10-06 01:33:22.782669,2026-10-06 01:36:38.185722,0 days 00:03:15.403053,0.14472486883161542,32.133571428288036,28.372649564154464,2.0489784059322336,0.009569508337727876,2.328670127015952e-06,195.402981759049,14,COMPLETE
1685,31.286120169009468,6.311584849313247,2026-10-06 01:33:22.818975,2026-10-06 01:36:35.331316,0 days 00:03:12.512341,0.0992012719464327,1.8054001832365776,78.91305021174706,1.9876350792229223,0.009569508337727876,2.328670127015952e-06,192.5122593692504,14,COMPLETE
1686,31.44198070026681,14.794787121960356,2026-10-06 01:33:22.927833,2026-10-06 01:36:34.892792,0 days 00:03:11.964959,0.14472486883161542,1.8054001832365776,78.91305021174706,12.025559114678314,0.009569508337727876,9.391865709026338e-06,191.96487171575427,14,COMPLETE
1687,31.210384382689046,17.60718244445571,2026-10-06 01:33:22.955785,2026-10-06 01:36:31.891738,0 days 00:03:08.935953,0.14472486883161542,1.8054001832365776,78.91305021174706,18.49957504695779,0.009569508337727876,2.328670127015952e-06,188.9358526119031,14,COMPLETE
1688,2.705716162463868,1.2220302794596831,2026-10-06 01:33:22.959645,2026-10-06 01:36:40.072260,0 days 00:03:17.112615,0.14472486883161542,17.69537959006629,8.475085764454288,72.11032835897271,0.009406258884274878,2.328670127015952e-06,197.11252913810313,14,COMPLETE
1689,27.18857814662662,4.373123287262062,2026-10-06 01:33:23.433690,2026-10-06 01:36:38.514304,0 days 00:03:15.080614,0.48967816666395225,3.42961079489487,78.91305021174706,1.2680322528544776,0.031182541875374226,2.328670127015952e-06,195.08052129717544,14,COMPLETE
1690,0.6979983717933861,1.1674099613452378,2026-10-06 01:33:23.458830,2026-10-06 01:36:33.460776,0 days 00:03:10.001946,0.016963367581200366,3.42961079489487,1.7774361199488378,72.11032835897271,0.035785526252212776,0.0004045387004489123,190.00184297189116,14,COMPLETE
1691,21.60865041715267,19.811537496394706,2026-10-06 01:33:23.985681,2026-10-06 01:36:35.813170,0 days 00:03:11.827489,0.42937345114127523,3.42961079489487,78.91305021174706,7.517557708631746,0.0012152444850970312,2.328670127015952e-06,191.82738887611777,14,COMPLETE
1692,15.259774958974583,17.175384858192615,2026-10-06 01:33:24.009672,2026-10-06 01:36:36.236932,0 days 00:03:12.227260,0.48480307501533615,3.42961079489487,23.103993762166827,33.705587852946245,0.009569508337727876,9.391865709026338e-06,192.22717336006463,14,COMPLETE
1693,30.24677223918379,16.95454237805794,2026-10-06 01:33:24.076959,2026-10-06 01:36:38.320363,0 days 00:03:14.243404,0.14472486883161542,3.42961079489487,78.91305021174706,18.49957504695779,0.009569508337727876,2.328670127015952e-06,194.24333389336243,14,COMPLETE
1694,21.220189047595056,1.3061660765701135,2026-10-06 01:33:24.100664,2026-10-06 01:36:39.460506,0 days 00:03:15.359842,0.14472486883161542,3.42961079489487,15.755464578299515,1.8190863578544005,0.009569508337727876,9.391865709026338e-06,195.3597543737851,14,COMPLETE
1695,17.3241788469399,9.840769854361957,2026-10-06 01:33:24.104647,2026-10-06 01:36:33.580061,0 days 00:03:09.475414,0.5025699787365473,1.8054001832365776,78.91305021174706,18.49957504695779,0.009569508337727876,0.001693768271163992,189.47531822510064,14,COMPLETE
1696,6.021186521017691,1.8272883827968425,2026-10-06 01:33:24.138727,2026-10-06 01:36:38.002311,0 days 00:03:13.863584,0.11253074517794964,1.8054001832365776,5.553596933928785,72.11032835897271,0.009569508337727876,96.21333504236463,193.8635088140145,14,COMPLETE
1697,26.532889601071645,18.986747044694837,2026-10-06 01:33:24.248802,2026-10-06 01:36:38.003312,0 days 00:03:13.754510,0.42937345114127523,1.8054001832365776,78.91305021174706,18.49957504695779,0.009569508337727876,2.328670127015952e-06,193.75444246688858,14,COMPLETE
1698,24.617330753400452,9.563255781475645,2026-10-06 01:33:24.472679,2026-10-06 01:36:37.464831,0 days 00:03:12.992152,0.48967816666395225,1.8054001832365776,78.91305021174706,1.8190863578544005,0.009569508337727876,2.328670127015952e-06,192.99206885229796,14,COMPLETE
1699,21.828160631013425,24.49252304052604,2026-10-06 01:33:24.501126,2026-10-06 01:36:36.263518,0 days 00:03:11.762392,0.6040198049165227,3.42961079489487,78.91305021174706,18.49957504695779,0.009569508337727876,2.328670127015952e-06,191.76231820322573,14,COMPLETE
1700,13.876196122850235,5.464984527088416,2026-10-06 01:33:24.601184,2026-10-06 01:36:35.220186,0 days 00:03:10.619002,0.14472486883161542,3.42961079489487,6.785989841665181,18.808973665165144,0.009569508337727876,3.604367102888168e-06,190.61891739908606,14,COMPLETE
1701,31.80745145264631,10.635669175727354,2026-10-06 01:33:24.684812,2026-10-06 01:36:38.662730,0 days 00:03:13.977918,0.14472486883161542,1.8054001832365776,78.91305021174706,1.8190863578544005,0.009569508337727876,2.328670127015952e-06,193.9778350708075,14,COMPLETE
1702,,,2026-10-06 01:33:24.822671,2026-10-06 01:33:25.510717,0 days 00:00:00.688046,0.14472486883161542,3.42961079489487,78.91305021174706,33.705587852946245,0.0028737440543618637,,,14,PRUNED
1703,7.7836855745345215,4.731558613880614,2026-10-06 01:33:25.605415,2026-10-06 01:36:38.831485,0 days 00:03:13.226070,0.3435036472656171,3.42961079489487,1.959402743874103,18.49957504695779,0.009569508337727876,2.328670127015952e-06,193.22598509211093,14,COMPLETE
1704,30.24677223918379,16.95454237805794,2026-10-06 01:33:25.608647,2026-10-06 01:36:39.843193,0 days 00:03:14.234546,0.14472486883161542,3.42961079489487,78.91305021174706,18.49957504695779,0.009569508337727876,2.328670127015952e-06,194.23446371173486,14,COMPLETE
1705,31.210384382689046,17.60718244445571,2026-10-06 01:33:25.612641,2026-10-06 01:36:38.312756,0 days 00:03:12.700115,0.14472486883161542,1.8054001832365776,78.91305021174706,18.49957504695779,0.009569508337727876,2.328670127015952e-06,192.7000380861573,14,COMPLETE
1706,30.24752626172114,16.94356408470721,2026-10-06 01:33:25.616635,2026-10-06 01:36:36.645470,0 days 00:03:11.028835,0.14472486883161542,3.42961079489487,78.91305021174706,18.49957504695779,0.009569508337727876,3.604367102888168e-06,191.02875359822065,14,COMPLETE
1707,30.50530461074403,19.067461099704843,2026-10-06 01:33:25.620636,2026-10-06 01:36:39.020513,0 days 00:03:13.399877,0.14472486883161542,1.8054001832365776,78.91305021174706,47.77760718136664,0.009569508337727876,2.328670127015952e-06,193.39979082206264,14,COMPLETE
1708,19.621801915885722,2.1459375934459346,2026-10-06 01:33:25.624634,2026-10-06 01:36:38.062408,0 days 00:03:12.437774,0.6040198049165227,33.0094490860544,78.91305021174706,12.025559114678314,0.024790630872431413,2.328670127015952e-06,192.43770269909874,14,COMPLETE
1709,30.929281205349632,2.2749740231765703,2026-10-06 01:33:25.628648,2026-10-06 01:36:37.872232,0 days 00:03:12.243584,0.14472486883161542,41.372608192861875,78.91305021174706,1.9023727790338878,0.009569508337727876,1.7618382122124775e-05,192.2435081875883,14,COMPLETE
1710,31.157011688570567,14.981843022932825,2026-10-06 01:33:25.632634,2026-10-06 01:36:38.387486,0 days 00:03:12.754852,0.14472486883161542,1.8054001832365776,78.91305021174706,18.808973665165144,0.011217072267916588,2.328670127015952e-06,192.75478146178648,14,COMPLETE
1711,24.293559357814893,25.182782593238816,2026-10-06 01:33:25.698655,2026-10-06 01:36:41.210074,0 days 00:03:15.511419,0.48967816666395225,3.42961079489487,78.91305021174706,18.49957504695779,0.009569508337727876,2.328670127015952e-06,195.51132194371894,14,COMPLETE
1712,22.916735145698006,2.7739364087539675,2026-10-06 01:33:25.700646,2026-10-06 01:36:37.753094,0 days 00:03:12.052448,0.12014132825757128,25.14852910481735,78.91305021174706,18.49957504695779,0.009569508337727876,2.328670127015952e-06,192.0523740015924,14,COMPLETE
1713,,,2026-10-06 01:33:26.511703,2026-10-06 01:33:27.893917,0 days 00:00:01.382214,0.14472486883161542,1.8054001832365776,78.91305021174706,12.025559114678314,0.004836592093105901,,,14,PRUNED
1714,,,2026-10-06 01:33:26.552854,2026-10-06 01:33:27.490702,0 days 00:00:00.937848,0.5489471176809472,24.08398893969934,78.91305021174706,18.49957504695779,0.0012152444850970312,,,14,PRUNED
1715,21.808048734944474,25.25432126447999,2026-10-06 01:33:26.556644,2026-10-06 01:36:39.604378,0 days 00:03:13.047734,0.6040198049165227,6.28879905307643,78.91305021174706,12.025559114678314,0.009569508337727876,2.328670127015952e-06,193.04764095507562,14,COMPLETE
1716,19.74701705354763,1.2181895238985074,2026-10-06 01:33:26.560641,2026-10-06 01:36:37.572942,0 days 00:03:11.012301,0.023919833051062836,3.42961079489487,61.20744435658736,18.49957504695779,0.009569508337727876,2.328670127015952e-06,191.01170308189467,14,COMPLETE
1717,29.554018150007323,10.821918710985038,2026-10-06 01:33:26.564647,2026-10-06 01:36:38.174361,0 days 00:03:11.609714,0.14472486883161542,3.42961079489487,78.91305021174706,12.025559114678314,0.009406258884274878,0.0004045387004489123,191.60964085999876,14,COMPLETE
1718,24.617330753400452,9.563255781475645,2026-10-06 01:33:26.568634,2026-10-06 01:36:35.116392,0 days 00:03:08.547758,0.48967816666395225,1.8054001832365776,78.91305021174706,1.8190863578544005,0.009569508337727876,2.328670127015952e-06,188.54767541540787,14,COMPLETE
1719,1.7203765405177056,1.2066917798797219,2026-10-06 01:33:26.572644,2026-10-06 01:36:40.793293,0 days 00:03:14.220649,0.6040198049165227,43.967175434702526,89.61123200940895,18.49957504695779,0.009596121382849983,2.328670127015952e-06,194.22056468529627,14,COMPLETE
1720,23.318783707593685,1.5639958170461488,2026-10-06 01:33:26.576637,2026-10-06 01:36:40.822320,0 days 00:03:14.245683,0.14472486883161542,6.28879905307643,78.91305021174706,18.882375814636443,0.009569508337727876,0.0006390135493418143,194.245601342991,14,COMPLETE
1721,31.65615627513686,13.473938187556055,2026-10-06 01:33:26.760835,2026-10-06 01:36:39.198391,0 days 00:03:12.437556,0.14472486883161542,1.8054001832365776,78.91305021174706,2.4821582187648223,0.008698017554316196,2.328670127015952e-06,192.43745556799695,14,COMPLETE
1722,31.55046452937134,14.644392925629294,2026-10-06 01:33:27.503625,2026-10-06 01:36:38.541414,0 days 00:03:11.037789,0.12014132825757128,1.8054001832365776,78.91305021174706,12.303481343464334,0.009569508337727876,2.328670127015952e-06,191.0377002391033,14,COMPLETE
1723,29.89437322399001,14.15155161386543,2026-10-06 01:33:27.673679,2026-10-06 01:36:39.214239,0 days 00:03:11.540560,0.14472486883161542,3.42961079489487,78.91305021174706,12.025559114678314,0.009569508337727876,3.3976165743800303e-06,191.54047708865255,14,COMPLETE
1724,31.210384382689046,17.60718244445571,2026-10-06 01:33:27.796671,2026-10-06 01:36:38.249250,0 days 00:03:10.452579,0.14472486883161542,1.8054001832365776,78.91305021174706,18.49957504695779,0.009569508337727876,2.328670127015952e-06,190.4525036928244,14,COMPLETE
1725,21.766472261589847,4.805570660467314,2026-10-06 01:33:27.861663,2026-10-06 01:36:40.405403,0 days 00:03:12.543740,0.14472486883161542,41.372608192861875,78.91305021174706,18.382739009504903,0.009569508337727876,2.328670127015952e-06,192.543654283043,14,COMPLETE
1726,17.176570772713365,8.796357534991815,2026-10-06 01:33:27.865640,2026-10-06 01:36:41.476642,0 days 00:03:13.611002,0.48967816666395225,38.294200737965355,78.91305021174706,18.49957504695779,0.009569508337727876,2.328670127015952e-06,193.61091010691598,14,COMPLETE
1727,4.0554200598005234,1.2391913096908715,2026-10-06 01:33:27.869651,2026-10-06 01:36:38.554608,0 days 00:03:10.684957,0.14472486883161542,10.349072634391854,4.90613066457247,18.808973665165144,0.009569508337727876,2.328670127015952e-06,190.68368289619684,14,COMPLETE
1728,30.919524682885697,5.997174479309171,2026-10-06 01:33:28.076245,2026-10-06 01:36:41.050202,0 days 00:03:12.973957,0.14472486883161542,3.42961079489487,78.91305021174706,18.49957504695779,0.024790630872431413,2.328670127015952e-06,192.97386562312022,14,COMPLETE
1729,26.951143975102347,25.030848001121903,2026-10-06 01:33:28.079640,2026-10-06 01:36:43.047295,0 days 00:03:14.967655,0.3951545001265579,3.42961079489487,78.91305021174706,18.49957504695779,0.009569508337727876,2.328670127015952e-06,194.967547070235,14,COMPLETE
1730,19.811906636108702,2.0755735793775765,2026-10-06 01:33:29.005693,2026-10-06 01:36:42.537511,0 days 00:03:13.531818,0.48480307501533615,47.56695163778215,78.91305021174706,18.49957504695779,0.03694105499337169,2.328670127015952e-06,193.53172620711848,14,COMPLETE
1731,30.185195389305534,19.880841445258802,2026-10-06 01:33:29.009652,2026-10-06 01:36:38.030367,0 days 00:03:09.020715,0.17958655134255117,3.42961079489487,78.91305021174706,18.49957504695779,0.009569508337727876,2.328670127015952e-06,189.02064217999578,14,COMPLETE
1732,31.210384382689046,17.60718244445571,2026-10-06 01:33:29.013635,2026-10-06 01:36:39.208894,0 days 00:03:10.195259,0.14472486883161542,1.8054001832365776,78.91305021174706,18.49957504695779,0.009569508337727876,2.328670127015952e-06,190.19516748702154,14,COMPLETE
1733,30.69163280195367,17.684483138732958,2026-10-06 01:33:29.812722,2026-10-06 01:36:36.801320,0 days 00:03:06.988598,0.14472486883161542,2.5826334477054016,78.91305021174706,18.49957504695779,0.009569508337727876,2.328670127015952e-06,186.98851170297712,14,COMPLETE
1734,17.19071271737517,9.925869258314899,2026-10-06 01:33:29.820658,2026-10-06 01:36:41.249879,0 days 00:03:11.429221,0.48967816666395225,41.372608192861875,78.91305021174706,18.49957504695779,0.009569508337727876,2.328670127015952e-06,191.42913289181888,14,COMPLETE
1735,13.801711074192308,3.6003999912695868,2026-10-06 01:33:30.238842,2026-10-06 01:36:42.447448,0 days 00:03:12.208606,0.42937345114127523,28.709071282133547,68.2709621704498,28.521004463161855,0.009569508337727876,2.328670127015952e-06,192.20851336605847,14,COMPLETE
1736,31.435576385617537,1.8900040216449225,2026-10-06 01:35:30.446691,2026-10-06 01:38:30.358904,0 days 00:02:59.912213,0.12014132825757128,25.945255434650786,78.91305021174706,1.3798280184278788,0.009569508337727876,2.328670127015952e-06,179.91210978804156,14,COMPLETE
1737,20.85546257821424,25.803554596619364,2026-10-06 01:36:29.977705,2026-10-06 01:39:46.525990,0 days 00:03:16.548285,0.42937345114127523,3.42961079489487,78.91305021174706,18.49957504695779,0.0012152444850970312,2.328670127015952e-06,196.54817873612046,14,COMPLETE
1738,24.648605137516512,1.2989671208120253,2026-10-06 01:36:31.445032,2026-10-06 01:39:44.434535,0 days 00:03:12.989503,0.14472486883161542,6.28879905307643,78.91305021174706,12.025559114678314,0.009569508337727876,0.09242467024933025,192.9893993139267,14,COMPLETE
1739,30.284192925185778,1.3873532159634865,2026-10-06 01:36:32.358709,2026-10-06 01:39:47.377302,0 days 00:03:15.018593,0.12996949937051017,3.42961079489487,89.61123200940895,2.0489784059322336,0.009596121382849983,2.328670127015952e-06,195.018494496122,14,COMPLETE
1740,31.330342010917285,15.201024864046275,2026-10-06 01:36:33.091740,2026-10-06 01:39:47.610568,0 days 00:03:14.518828,0.14472486883161542,1.8054001832365776,78.91305021174706,12.025559114678314,0.009406258884274878,9.391865709026338e-06,194.51872171694413,14,COMPLETE
1741,,,2026-10-06 01:36:33.492675,2026-10-06 01:36:34.374856,0 days 00:00:00.882181,0.14472486883161542,3.42961079489487,55.64953757068711,23.931120043499906,0.004091594611237457,,,14,PRUNED
1742,26.009433302432164,1.3065413547505629,2026-10-06 01:36:33.877689,2026-10-06 01:39:50.758515,0 days 00:03:16.880826,0.14472486883161542,6.28879905307643,78.91305021174706,12.025559114678314,0.009569508337727876,0.002604127326537313,196.88072399282828,14,COMPLETE
1743,31.172735304158145,2.072817449472965,2026-10-06 01:36:34.096804,2026-10-06 01:39:45.379421,0 days 00:03:11.282617,0.14472486883161542,25.268390380368636,78.91305021174706,1.3798280184278788,0.009569508337727876,2.328670127015952e-06,191.28251612372696,14,COMPLETE
1744,30.23901835634112,14.255490379709332,2026-10-06 01:36:34.342823,2026-10-06 01:39:48.313624,0 days 00:03:13.970801,0.12014132825757128,3.42961079489487,78.91305021174706,18.49957504695779,0.009569508337727876,2.328670127015952e-06,193.97070843027905,14,COMPLETE
1745,31.210384382689046,17.60718244445571,2026-10-06 01:36:35.100552,2026-10-06 01:39:50.231743,0 days 00:03:15.131191,0.14472486883161542,1.8054001832365776,78.91305021174706,18.49957504695779,0.009569508337727876,2.328670127015952e-06,195.13108915137127,14,COMPLETE
1746,24.293559357814893,25.182782593238816,2026-10-06 01:36:35.104545,2026-10-06 01:39:47.826722,0 days 00:03:12.722177,0.48967816666395225,3.42961079489487,78.91305021174706,18.49957504695779,0.009569508337727876,2.328670127015952e-06,192.72209183173254,14,COMPLETE
1747,,,2026-10-06 01:36:35.108641,2026-10-06 01:36:36.716876,0 days 00:00:01.608235,0.14472486883161542,3.42961079489487,78.91305021174706,18.49957504695779,0.007230822424483366,,,14,PRUNED
1748,21.14555959894001,23.95850178665004,2026-10-06 01:36:35.144553,2026-10-06 01:39:50.318393,0 days 00:03:15.173840,0.29362674825452373,3.42961079489487,32.233952817229785,18.49957504695779,0.009569508337727876,1.4671267453130232e-06,195.17376400064677,14,COMPLETE
