number,values_0,values_1,datetime_start,datetime_complete,duration,params_c_val,params_input_force,params_k_between_val,params_k_wall_val,params_m_val,params_ridge_alpha,user_attrs_duration_sec,system_attrs_NSGAIISampler:generation,state
4727,32.34731823562348,12.741834480813992,2026-10-06 03:54:51.429875,2026-10-06 03:58:07.945957,0 days 00:03:16.516082,0.17534157142392734,1.0100598856645617,78.91305021174706,7.704673657496365,0.009569508337727876,2.328670127015952e-06,196.51596906594932,39,COMPLETE
4728,17.816484617061526,1.2836380380826768,2026-10-06 03:54:51.433642,2026-10-06 03:58:05.376998,0 days 00:03:13.943356,0.22031827582514427,33.08328516087532,80.97346391189345,40.2862337213893,0.08035141218766301,2.328670127015952e-06,193.94325545616448,39,COMPLETE
4729,31.078376034023666,4.494258169880482,2026-10-06 03:54:51.491294,2026-10-06 03:58:05.963382,0 days 00:03:14.472088,0.1790647455316721,2.5826334477054016,78.91305021174706,40.29115295108787,0.0438791615322712,1.2446212784745538e-06,194.4719615597278,39,COMPLETE
4730,2.972053508323122,1.367280722596786,2026-10-06 03:54:51.494648,2026-10-06 03:58:07.279216,0 days 00:03:15.784568,0.17534157142392734,20.76147903994198,1.3081971699302077,12.025559114678314,0.008698017554316196,2.328670127015952e-06,195.78445997321978,39,COMPLETE
4731,16.116259535931697,1.175131422658506,2026-10-06 03:54:51.498630,2026-10-06 03:58:04.339282,0 days 00:03:12.840652,0.023879822844219925,1.8054001832365776,25.58077610525103,7.704673657496365,0.03127818136255979,2.328670127015952e-06,192.84053602907807,39,COMPLETE
4732,24.625899101976742,22.728006382051504,2026-10-06 03:54:51.502638,2026-10-06 03:58:04.909124,0 days 00:03:13.406486,0.48480307501533615,3.42961079489487,78.91305021174706,13.442294924909849,0.009569508337727876,2.328670127015952e-06,193.40638750977814,39,COMPLETE
4733,30.386349421417457,22.593238599952127,2026-10-06 03:54:51.688813,2026-10-06 03:58:00.202554,0 days 00:03:08.513741,0.22031827582514427,1.8054001832365776,78.91305021174706,35.397938808104236,0.009569508337727876,2.328670127015952e-06,188.51361615536734,39,COMPLETE
4734,30.368186019675164,23.74150886625968,2026-10-06 03:54:51.997204,2026-10-06 03:58:10.176181,0 days 00:03:18.178977,0.22031827582514427,1.8054001832365776,78.91305021174706,18.49957504695779,0.008698017554316196,2.328670127015952e-06,198.17886328930035,39,COMPLETE
4735,20.705294190124306,1.236160547485374,2026-10-06 03:54:52.000642,2026-10-06 03:58:05.847968,0 days 00:03:13.847326,0.053887419732700864,1.0100598856645617,78.91305021174706,7.283494050748255,0.009569508337727876,2.598905638216819,193.84723750082776,39,COMPLETE
4736,29.023693692975154,23.181390379296882,2026-10-06 03:54:52.004634,2026-10-06 03:58:02.577108,0 days 00:03:10.572474,0.22031827582514427,1.8054001832365776,78.91305021174706,35.397938808104236,0.008698017554316196,2.328670127015952e-06,190.5723505062051,39,COMPLETE
4737,16.983064524359442,8.985206967042586,2026-10-06 03:54:52.084802,2026-10-06 03:58:04.717959,0 days 00:03:12.633157,0.22031827582514427,3.42961079489487,78.91305021174706,35.397938808104236,0.010800001110342837,1.0647660630708755,192.63306823186576,39,COMPLETE
4738,23.951461361905153,29.20529149626848,2026-10-06 03:54:52.425687,2026-10-06 03:58:08.821361,0 days 00:03:16.395674,0.48480307501533615,3.42961079489487,78.91305021174706,35.397938808104236,0.009569508337727876,2.328670127015952e-06,196.39555504126474,39,COMPLETE
4739,31.82632862020902,16.1371655868811,2026-10-06 03:54:52.429644,2026-10-06 03:58:03.331821,0 days 00:03:10.902177,0.17534157142392734,1.8054001832365776,78.91305021174706,6.182683349256731,0.009569508337727876,1.4671267453130232e-06,190.9020645460114,39,COMPLETE
4740,22.680877841494997,31.749293081099967,2026-10-06 03:54:53.019881,2026-10-06 03:58:00.206523,0 days 00:03:07.186642,0.48480307501533615,3.42961079489487,78.91305021174706,71.09425515684714,0.009569508337727876,2.328670127015952e-06,187.18654713593423,39,COMPLETE
4741,10.535206804783494,5.90136889891568,2026-10-06 03:54:53.023649,2026-10-06 03:58:05.281737,0 days 00:03:12.258088,0.2615099197679625,1.0100598856645617,2.704467695407617,18.49957504695779,0.009569508337727876,1.4671267453130232e-06,192.25798688223585,39,COMPLETE
4742,28.196508242870642,1.8163682082241628,2026-10-06 03:54:53.027635,2026-10-06 03:58:04.379516,0 days 00:03:11.351881,0.22031827582514427,1.8054001832365776,78.91305021174706,35.397938808104236,0.09766222857876318,2.328670127015952e-06,191.35178353264928,39,COMPLETE
4743,31.65176046948331,14.543706619925944,2026-10-06 03:54:53.031639,2026-10-06 03:58:06.837512,0 days 00:03:13.805873,0.22031827582514427,1.8054001832365776,78.91305021174706,4.949274479107639,0.009569508337727876,2.328670127015952e-06,193.80578292068094,39,COMPLETE
4744,23.992870007776077,25.526135350207344,2026-10-06 03:54:53.035636,2026-10-06 03:58:06.182805,0 days 00:03:13.147169,0.48967816666395225,3.42961079489487,78.91305021174706,53.19831855856638,0.011878304005927782,1.4671267453130232e-06,193.1470524002798,39,COMPLETE
4745,28.77097665727741,11.421718708281741,2026-10-06 03:54:53.039626,2026-10-06 03:58:02.920154,0 days 00:03:09.880528,0.21349244226319614,3.42961079489487,78.91305021174706,3.328180300774869,0.008698017554316196,2.328670127015952e-06,189.88043327676132,39,COMPLETE
4746,30.935633493751475,21.183231084813062,2026-10-06 03:54:53.043633,2026-10-06 03:58:09.663962,0 days 00:03:16.620329,0.19189241237051688,1.8054001832365776,78.91305021174706,12.025559114678314,0.008698017554316196,2.328670127015952e-06,196.6202251217328,39,COMPLETE
4747,30.70511859465459,22.162786820890595,2026-10-06 03:54:53.047632,2026-10-06 03:58:07.959937,0 days 00:03:14.912305,0.18472274745078338,1.8054001832365776,78.91305021174706,18.49957504695779,0.008698017554316196,2.328670127015952e-06,194.9122142889537,39,COMPLETE
4748,32.033025164343876,15.406955943361316,2026-10-06 03:54:53.806055,2026-10-06 03:58:07.283128,0 days 00:03:13.477073,0.14472486883161542,1.2805349314655001,78.91305021174706,12.025559114678314,0.009569508337727876,1.4671267453130232e-06,193.47697030194104,39,COMPLETE
4749,13.929471357230057,14.00611655730054,2026-10-06 03:54:53.809656,2026-10-06 03:58:07.971495,0 days 00:03:14.161839,0.3401090828369047,3.42961079489487,10.677275623213715,35.397938808104236,0.009569508337727876,4.302673726185885e-06,194.16174532985315,39,COMPLETE
4750,27.399794751704185,1.3459220858999625,2026-10-06 03:54:54.325405,2026-10-06 03:58:05.494179,0 days 00:03:11.168774,0.011210368192216009,1.0100598856645617,78.91305021174706,18.49957504695779,0.009569508337727876,1.4671267453130232e-06,191.1686676000245,39,COMPLETE
4751,28.895395239825877,15.409546687336633,2026-10-06 03:54:54.360162,2026-10-06 03:58:07.327036,0 days 00:03:12.966874,0.17534157142392734,1.0100598856645617,45.62830850884418,18.49957504695779,0.009569508337727876,1.4671267453130232e-06,192.96677083801478,39,COMPLETE
4752,29.81753078593993,23.809523685421535,2026-10-06 03:54:54.471802,2026-10-06 03:58:08.276530,0 days 00:03:13.804728,0.22031827582514427,2.5826334477054016,78.91305021174706,40.29115295108787,0.009569508337727876,2.328670127015952e-06,193.80461912415922,39,COMPLETE
4753,32.26505341549107,5.173642697939757,2026-10-06 03:54:54.511644,2026-10-06 03:58:04.754270,0 days 00:03:10.242626,0.17534157142392734,1.0100598856645617,78.91305021174706,12.025559114678314,0.02757273448974216,1.2446212784745538e-06,190.2425386509858,39,COMPLETE
4754,31.62605267685125,17.04516925763458,2026-10-06 03:54:54.884563,2026-10-06 03:58:09.953301,0 days 00:03:15.068738,0.17534157142392734,1.8054001832365776,78.91305021174706,4.949274479107639,0.008698017554316196,2.328670127015952e-06,195.06863596802577,39,COMPLETE
4755,23.663889992782153,25.418176057937153,2026-10-06 03:54:55.394850,2026-10-06 03:58:06.525129,0 days 00:03:11.130279,0.48967816666395225,6.28879905307643,78.91305021174706,12.025559114678314,0.009569508337727876,2.328670127015952e-06,191.13018209766597,39,COMPLETE
4756,16.361112675501953,1.3409633176188138,2026-10-06 03:54:55.414651,2026-10-06 03:58:10.002334,0 days 00:03:14.587683,0.17534157142392734,1.8054001832365776,78.91305021174706,12.025559114678314,0.012987783834279709,3.5007552358834553,194.58758629206568,39,COMPLETE
4757,30.134610648202813,18.39658597753156,2026-10-06 03:54:55.418637,2026-10-06 03:58:07.208607,0 days 00:03:11.789970,0.15496018621309887,3.42961079489487,78.91305021174706,22.406600082731597,0.009569508337727876,1.4671267453130232e-06,191.78986989799887,39,COMPLETE
4758,30.393151635504882,4.965482609941035,2026-10-06 03:54:55.422629,2026-10-06 03:58:09.284874,0 days 00:03:13.862245,0.3401090828369047,1.0100598856645617,78.91305021174706,45.605935248059524,0.05014739968585958,2.108934163128921e-06,193.86215785890818,39,COMPLETE
4759,31.368369911456046,17.403313569680243,2026-10-06 03:54:55.484645,2026-10-06 03:58:05.768505,0 days 00:03:10.283860,0.14472486883161542,1.8054001832365776,78.91305021174706,7.14008749932051,0.008698017554316196,2.328670127015952e-06,190.28376791998744,39,COMPLETE
4760,15.852986186080368,1.2400526511171197,2026-10-06 03:54:55.552638,2026-10-06 03:58:05.684927,0 days 00:03:10.132289,0.22031827582514427,1.8054001832365776,78.91305021174706,6.182683349256731,0.009569508337727876,8.812719191439788,190.13219741778448,39,COMPLETE
4761,32.04598411423736,15.419411774086326,2026-10-06 03:54:56.210830,2026-10-06 03:58:09.128689,0 days 00:03:12.917859,0.14472486883161542,1.0100598856645617,78.91305021174706,18.49957504695779,0.009569508337727876,1.4671267453130232e-06,192.9177623409778,39,COMPLETE
4762,14.073991183685653,3.8132766395378077,2026-10-06 03:54:56.218648,2026-10-06 03:58:04.530968,0 days 00:03:08.312320,0.17534157142392734,30.98824867747923,78.91305021174706,50.556687403037024,0.009569508337727876,1.4671267453130232e-06,188.31222424423322,39,COMPLETE
4763,17.83761328202653,4.47226123179246,2026-10-06 03:54:56.234648,2026-10-06 03:58:08.533513,0 days 00:03:12.298865,0.48480307501533615,1.0100598856645617,78.91305021174706,7.704673657496365,0.009569508337727876,0.0005803187258696488,192.2987671806477,39,COMPLETE
4764,31.710326516536696,13.648171781646441,2026-10-06 03:54:56.448647,2026-10-06 03:58:08.470281,0 days 00:03:12.021634,0.14472486883161542,1.8054001832365776,78.91305021174706,2.5931783094816834,0.008698017554316196,2.328670127015952e-06,192.02153138490394,39,COMPLETE
4765,22.27976040636952,3.498972518038243,2026-10-06 03:54:56.688690,2026-10-06 03:58:08.347562,0 days 00:03:11.658872,0.17534157142392734,21.717967068214772,78.91305021174706,18.49957504695779,0.009569508337727876,3.7282708190628e-06,191.6587677388452,39,COMPLETE
4766,6.648966725844548,1.2024822229570757,2026-10-06 03:54:56.704647,2026-10-06 03:58:07.578513,0 days 00:03:10.873866,0.011048931798793843,3.42961079489487,78.91305021174706,46.431764750098004,0.009569508337727876,1.4671267453130232e-06,190.87376663973555,39,COMPLETE
4767,31.66927640911115,5.45332760214785,2026-10-06 03:54:56.840639,2026-10-06 03:58:09.479953,0 days 00:03:12.639314,0.22031827582514427,1.0100598856645617,78.91305021174706,41.925822617321046,0.03463343903868386,2.328670127015952e-06,192.6391955818981,39,COMPLETE
4768,7.293104045196136,2.0276830994443875,2026-10-06 03:54:57.277371,2026-10-06 03:58:06.610033,0 days 00:03:09.332662,0.8222205875724785,1.0100598856645617,1.9407403202727762,18.49957504695779,0.03463343903868386,2.328670127015952e-06,189.3325592749752,39,COMPLETE
4769,31.61870154650946,15.04198758980022,2026-10-06 03:54:57.457664,2026-10-06 03:58:09.005867,0 days 00:03:11.548203,0.17534157142392734,1.8054001832365776,78.91305021174706,4.949274479107639,0.008698017554316196,6.6591287334969545e-06,191.5480865156278,39,COMPLETE
4770,1.7574117899774013,1.3398735530738217,2026-10-06 03:54:57.461645,2026-10-06 03:58:11.486923,0 days 00:03:14.025278,0.04291823865940014,3.42961079489487,3.2671692989284984,46.431764750098004,0.009569508337727876,2.328670127015952e-06,194.0251573836431,39,COMPLETE
4771,24.50750906962353,1.2746248357342687,2026-10-06 03:54:57.469628,2026-10-06 03:58:09.119517,0 days 00:03:11.649889,0.010757472788538454,1.0100598856645617,78.91305021174706,46.431764750098004,0.009569508337727876,1.2446212784745538e-06,191.6497873463668,39,COMPLETE
4772,6.237576111633546,2.6688903897391407,2026-10-06 03:54:58.096856,2026-10-06 03:58:09.531921,0 days 00:03:11.435065,0.48967816666395225,49.79947620159714,20.329636718336342,40.2862337213893,0.009569508337727876,2.328670127015952e-06,191.43496172688901,40,COMPLETE
4773,33.039633996324746,6.64085523359787,2026-10-06 03:54:58.121650,2026-10-06 03:58:08.551390,0 days 00:03:10.429740,0.06441798531902292,1.0100598856645617,78.91305021174706,7.704673657496365,0.009569508337727876,2.328670127015952e-06,190.42964762588963,40,COMPLETE
4774,9.222035595041927,5.274455358959826,2026-10-06 03:54:58.237666,2026-10-06 03:58:07.185073,0 days 00:03:08.947407,0.22031827582514427,2.5826334477054016,2.261800858776214,40.29115295108787,0.009569508337727876,2.328670127015952e-06,188.947292228695,40,COMPLETE
4775,20.870583195309035,28.920560592676996,2026-10-06 03:54:58.249652,2026-10-06 03:58:09.526062,0 days 00:03:11.276410,0.6391399674983421,3.42961079489487,78.91305021174706,35.397938808104236,0.009569508337727876,1.4671267453130232e-06,191.27630041493103,40,COMPLETE
4776,30.314618650376087,23.20285164335512,2026-10-06 03:54:59.016681,2026-10-06 03:58:05.572759,0 days 00:03:06.556078,0.22031827582514427,1.8054001832365776,80.97346391189345,40.2862337213893,0.009569508337727876,2.328670127015952e-06,186.5559720750898,40,COMPLETE
4777,24.133438866242642,1.7351153859652104,2026-10-06 03:54:59.059806,2026-10-06 03:58:07.628518,0 days 00:03:08.568712,0.17534157142392734,7.080312940833642,78.91305021174706,17.940309569141636,0.009569508337727876,2.328670127015952e-06,188.5686101121828,40,COMPLETE
4778,31.702584236835463,16.70739500234437,2026-10-06 03:55:25.446712,2026-10-06 03:58:40.454807,0 days 00:03:15.008095,0.17534157142392734,1.8054001832365776,78.91305021174706,7.14008749932051,0.009569508337727876,1.4671267453130232e-06,195.00796856591478,40,COMPLETE
4779,13.423936829173815,7.207019860234789,2026-10-06 03:55:29.536689,2026-10-06 03:58:44.856531,0 days 00:03:15.319842,0.22031827582514427,1.0100598856645617,4.997595439541756,35.397938808104236,0.009569508337727876,1.4671267453130232e-06,195.31971729407087,40,COMPLETE
4780,30.65845799742774,20.665612976361075,2026-10-06 03:56:06.672723,2026-10-06 03:59:15.789436,0 days 00:03:09.116713,0.17534157142392734,1.8054001832365776,78.91305021174706,31.59542445902778,0.009569508337727876,2.328670127015952e-06,189.11657385667786,40,COMPLETE
4781,30.422243184398134,13.648964697232232,2026-10-06 03:56:13.487687,2026-10-06 03:59:24.497336,0 days 00:03:11.009649,0.2918907020150273,1.0100598856645617,78.91305021174706,7.704673657496365,0.009569508337727876,2.328670127015952e-06,191.0095250690356,40,COMPLETE
4782,32.51174960726373,2.3167936017851547,2026-10-06 03:56:52.540692,2026-10-06 04:00:02.649246,0 days 00:03:10.108554,0.17534157142392734,1.8054001832365776,78.91305021174706,3.180404518940168,0.03814826243703541,2.328670127015952e-06,190.10843542870134,40,COMPLETE
4783,30.750237126456305,21.608701079063692,2026-10-06 03:58:00.203025,2026-10-06 04:01:15.201687,0 days 00:03:14.998662,0.17534157142392734,1.8054001832365776,78.91305021174706,18.49957504695779,0.008698017554316196,2.328670127015952e-06,194.9985486860387,40,COMPLETE
4784,24.549988019003372,1.2315934679804443,2026-10-06 03:58:00.206908,2026-10-06 04:01:14.891367,0 days 00:03:14.684459,0.04026052186601825,3.42961079489487,78.91305021174706,18.49957504695779,0.009569508337727876,2.328670127015952e-06,194.6843623649329,40,COMPLETE
4785,31.45379482479829,18.073841720567764,2026-10-06 03:58:01.068392,2026-10-06 04:01:15.851660,0 days 00:03:14.783268,0.17534157142392734,1.8054001832365776,78.91305021174706,6.182683349256731,0.008698017554316196,2.328670127015952e-06,194.78303997265175,40,COMPLETE
4786,17.916210722960123,2.0085563891111287,2026-10-06 03:58:01.523709,2026-10-06 04:01:13.053226,0 days 00:03:11.529517,0.17534157142392734,1.8054001832365776,78.91305021174706,12.025559114678314,0.009569508337727876,0.8772437346703873,191.5293907849118,40,COMPLETE
4787,26.68717190037932,29.592385372827405,2026-10-06 03:58:02.024688,2026-10-06 04:01:13.417161,0 days 00:03:11.392473,0.3401090828369047,3.42961079489487,80.97346391189345,46.431764750098004,0.009569508337727876,2.328670127015952e-06,191.39234381588176,40,COMPLETE
4788,28.22034876941317,2.965697181872575,2026-10-06 03:58:02.614696,2026-10-06 04:01:16.686533,0 days 00:03:14.071837,0.19189241237051688,5.11754103434269,78.91305021174706,5.734333974092705,0.008698017554316196,2.328670127015952e-06,194.07170367008075,40,COMPLETE
4789,23.23900211441994,8.185228779993171,2026-10-06 03:58:02.775836,2026-10-06 04:01:15.630539,0 days 00:03:12.854703,0.22031827582514427,48.719309592914286,78.91305021174706,12.025559114678314,0.009569508337727876,1.4671267453130232e-06,192.85457162326202,40,COMPLETE
4790,30.70511859465459,22.162786820890595,2026-10-06 03:58:03.194127,2026-10-06 04:01:11.831487,0 days 00:03:08.637360,0.18472274745078338,1.8054001832365776,78.91305021174706,18.49957504695779,0.008698017554316196,2.328670127015952e-06,188.63721417170018,40,COMPLETE
4791,12.26258403702278,3.1197296561702696,2026-10-06 03:58:03.339675,2026-10-06 04:01:14.967985,0 days 00:03:11.628310,0.21349244226319614,1.0100598856645617,1.892080916747851,2.5931783094816834,0.008698017554316196,2.328670127015952e-06,191.62819133885205,40,COMPLETE
4792,28.416953806306786,9.814492761682017,2026-10-06 03:58:03.552683,2026-10-06 04:01:16.523808,0 days 00:03:12.971125,0.17534157142392734,1.0100598856645617,78.91305021174706,12.025559114678314,0.009569508337727876,0.0021809125792300447,192.9710053279996,40,COMPLETE
4793,21.020699988485948,7.328263871497963,2026-10-06 03:58:03.760669,2026-10-06 04:01:17.289545,0 days 00:03:13.528876,0.22031827582514427,34.5797891067363,78.91305021174706,18.49957504695779,0.009569508337727876,1.4671267453130232e-06,193.52874685125425,40,COMPLETE
4794,29.35980125400094,23.86813689463372,2026-10-06 03:58:03.809671,2026-10-06 04:01:17.473650,0 days 00:03:13.663979,0.22031827582514427,3.42961079489487,78.91305021174706,35.397938808104236,0.009569508337727876,1.4671267453130232e-06,193.6638797209598,40,COMPLETE
4795,32.58296902202029,11.912310480463777,2026-10-06 03:58:04.487683,2026-10-06 04:01:16.335206,0 days 00:03:11.847523,0.14472486883161542,1.0100598856645617,78.91305021174706,7.704673657496365,0.009569508337727876,2.328670127015952e-06,191.8474115561694,40,COMPLETE
4796,27.06482299707908,1.6452427036029114,2026-10-06 03:58:04.570808,2026-10-06 04:01:17.910956,0 days 00:03:13.340148,0.17534157142392734,6.28879905307643,78.91305021174706,9.289691395358147,0.009569508337727876,2.328670127015952e-06,193.3400524146855,40,COMPLETE
4797,1.7071521142573296,1.3314006533717861,2026-10-06 03:58:04.574635,2026-10-06 04:01:18.730525,0 days 00:03:14.155890,0.13289255591713175,6.28879905307643,2.261913809004204,53.19831855856638,0.009569508337727876,2.328670127015952e-06,194.15579254413024,40,COMPLETE
4798,20.84417580466134,5.7481882079197515,2026-10-06 03:58:04.578624,2026-10-06 04:01:24.249863,0 days 00:03:19.671239,0.48480307501533615,33.0240116576484,78.91305021174706,7.704673657496365,0.009569508337727876,2.108934163128921e-06,199.67111676419154,40,COMPLETE
4799,31.080842058114172,11.879078918766197,2026-10-06 03:58:04.912661,2026-10-06 04:01:18.384431,0 days 00:03:13.471770,0.21349244226319614,1.8054001832365776,78.91305021174706,1.3663011299198928,0.008698017554316196,2.328670127015952e-06,193.47165271267295,40,COMPLETE
4800,16.172930591206512,14.60823387764787,2026-10-06 03:58:04.924648,2026-10-06 04:01:19.467094,0 days 00:03:14.542446,0.48480307501533615,3.42961079489487,78.91305021174706,46.431764750098004,0.009569508337727876,0.010645813513243984,194.5423245220445,40,COMPLETE
4801,13.198905081904172,4.320210356279712,2026-10-06 03:58:05.257860,2026-10-06 04:01:16.900385,0 days 00:03:11.642525,0.17534157142392734,1.8054001832365776,2.745872500851445,6.182683349256731,0.008698017554316196,2.328670127015952e-06,191.64241595985368,40,COMPLETE
4802,8.8120794420383,7.899605226662301,2026-10-06 03:58:05.573080,2026-10-06 04:01:22.692485,0 days 00:03:17.119405,0.3991875075891138,1.8054001832365776,3.53123871588408,35.397938808104236,0.008698017554316196,2.328670127015952e-06,197.11930123809725,40,COMPLETE
4803,29.700137525789472,18.739767967381354,2026-10-06 03:58:05.748680,2026-10-06 04:01:19.023253,0 days 00:03:13.274573,0.14472486883161542,3.42961079489487,78.91305021174706,42.81485616939107,0.009569508337727876,2.328670127015952e-06,193.27445276034996,40,COMPLETE
4804,32.50057298623229,4.105675681850929,2026-10-06 03:58:05.772809,2026-10-06 04:01:20.219835,0 days 00:03:14.447026,0.14472486883161542,1.8054001832365776,78.91305021174706,18.49957504695779,0.03463343903868386,2.328670127015952e-06,194.44690380711108,40,COMPLETE
4805,29.790930571926935,2.9214071600652076,2026-10-06 03:58:05.796773,2026-10-06 04:01:17.459539,0 days 00:03:11.662766,0.0436313556396628,2.5826334477054016,78.91305021174706,18.49957504695779,0.009569508337727876,2.328670127015952e-06,191.66267281211913,40,COMPLETE
4806,29.023693692975154,23.181390379296882,2026-10-06 03:58:05.800652,2026-10-06 04:01:22.326148,0 days 00:03:16.525496,0.22031827582514427,1.8054001832365776,78.91305021174706,35.397938808104236,0.008698017554316196,2.328670127015952e-06,196.5253886161372,40,COMPLETE
4807,28.747770499110413,4.2330295294706906,2026-10-06 03:58:05.972068,2026-10-06 04:01:20.474299,0 days 00:03:14.502231,0.22031827582514427,35.592188984130516,78.91305021174706,3.433136201843252,0.009569508337727876,0.0007453719562123132,194.50213177874684,40,COMPLETE
