number,values_0,values_1,datetime_start,datetime_complete,duration,params_c_val,params_input_force,params_k_between_val,params_k_wall_val,params_m_val,params_ridge_alpha,user_attrs_duration_sec,system_attrs_NSGAIISampler:generation,state
3899,5.8848828979210905,5.33068827057767,2026-10-06 03:16:18.120629,2026-10-06 03:19:31.807506,0 days 00:03:13.686877,0.48967816666395225,3.42961079489487,1.1953001834885062,53.19831855856638,0.009569508337727876,2.328670127015952e-06,193.68678435869515,32,COMPLETE
3900,5.507294133835429,1.1776855244083917,2026-10-06 03:16:18.124629,2026-10-06 03:19:31.110390,0 days 00:03:12.985761,0.01298406937837753,2.5826334477054016,18.82741811709983,35.397938808104236,0.009569508337727876,2.328670127015952e-06,192.98568435106426,32,COMPLETE
3901,30.990163538424724,5.7658210502275296,2026-10-06 03:16:18.128633,2026-10-06 03:19:26.660887,0 days 00:03:08.532254,0.22031827582514427,3.42961079489487,78.91305021174706,12.025559114678314,0.03463343903868386,2.328670127015952e-06,188.53214837610722,32,COMPLETE
3902,21.344526268816203,6.586473749262312,2026-10-06 03:16:18.132634,2026-10-06 03:19:30.286147,0 days 00:03:12.153513,0.17534157142392734,46.43789832799936,78.91305021174706,18.49957504695779,0.009569508337727876,2.328670127015952e-06,192.15343339787796,32,COMPLETE
3903,29.20134140006782,24.07413972830791,2026-10-06 03:16:18.136629,2026-10-06 03:19:33.232191,0 days 00:03:15.095562,0.22031827582514427,3.42961079489487,78.91305021174706,40.2862337213893,0.009569508337727876,2.328670127015952e-06,195.09547445410863,32,COMPLETE
3904,30.386349421417457,22.593238599952127,2026-10-06 03:16:18.140641,2026-10-06 03:19:29.516722,0 days 00:03:11.376081,0.22031827582514427,1.8054001832365776,78.91305021174706,35.397938808104236,0.009569508337727876,2.328670127015952e-06,191.37600282905623,32,COMPLETE
3905,30.9965657834141,2.2156423070669953,2026-10-06 03:16:18.274291,2026-10-06 03:19:30.967988,0 days 00:03:12.693697,0.17534157142392734,1.8054001832365776,78.91305021174706,1.3444716474306444,0.030492524963012125,4.672573544445336e-05,192.69361963681877,32,COMPLETE
3906,21.89724366262459,5.906212494285967,2026-10-06 03:16:18.611895,2026-10-06 03:19:30.022511,0 days 00:03:11.410616,0.48967816666395225,43.95421093378915,78.91305021174706,4.949274479107639,0.009569508337727876,2.328670127015952e-06,191.41051140474156,32,COMPLETE
3907,29.464954927763777,24.205569876239316,2026-10-06 03:16:18.643666,2026-10-06 03:19:29.211591,0 days 00:03:10.567925,0.22031827582514427,2.5826334477054016,78.91305021174706,53.19831855856638,0.009569508337727876,2.328670127015952e-06,190.56782237486914,32,COMPLETE
3908,7.920051262981664,4.489522271239101,2026-10-06 03:16:18.673821,2026-10-06 03:19:30.967165,0 days 00:03:12.293344,0.22031827582514427,1.8054001832365776,1.2254878605963855,40.2862337213893,0.009569508337727876,2.328670127015952e-06,192.29325638199225,32,COMPLETE
3909,29.96821764329034,11.402723867125886,2026-10-06 03:16:18.677640,2026-10-06 03:19:30.284560,0 days 00:03:11.606920,0.14472486883161542,1.8054001832365776,78.91305021174706,18.362793524297746,0.009569508337727876,0.0010007730016846283,191.606725377962,32,COMPLETE
3910,3.6452130839027816,1.1952850618949435,2026-10-06 03:16:18.795664,2026-10-06 03:19:31.158685,0 days 00:03:12.363021,0.0850819205247369,1.8054001832365776,1.4109437001582479,18.49957504695779,0.07561925375687599,2.328670127015952e-06,192.3629358219914,32,COMPLETE
3911,23.94087355519113,10.32652205355061,2026-10-06 03:16:18.808015,2026-10-06 03:19:27.030337,0 days 00:03:08.222322,0.17534157142392734,1.8054001832365776,78.91305021174706,12.025559114678314,0.008698017554316196,0.056140246974337976,188.2222044179216,32,COMPLETE
3912,30.37746355483319,2.465244261983333,2026-10-06 03:16:18.811639,2026-10-06 03:19:29.388260,0 days 00:03:10.576621,0.14472486883161542,1.8054001832365776,78.91305021174706,12.025559114678314,0.03463343903868386,0.005751932589811494,190.57653278391808,32,COMPLETE
3913,16.37946855547209,9.961171221851936,2026-10-06 03:16:18.828642,2026-10-06 03:19:31.383338,0 days 00:03:12.554696,0.2918907020150273,3.42961079489487,78.91305021174706,40.29115295108787,0.009569508337727876,1.0109217634097536,192.55460494291037,32,COMPLETE
3914,23.69066977486533,29.937052111242533,2026-10-06 03:16:19.690874,2026-10-06 03:19:29.446511,0 days 00:03:09.755637,0.48967816666395225,3.42961079489487,78.91305021174706,40.2862337213893,0.009569508337727876,2.328670127015952e-06,189.75555054284632,32,COMPLETE
3915,26.47384271103305,4.535645294043684,2026-10-06 03:16:19.694639,2026-10-06 03:19:32.480184,0 days 00:03:12.785545,0.2918907020150273,24.3581490008544,78.91305021174706,4.949274479107639,0.009569508337727876,2.328670127015952e-06,192.78545146808028,32,COMPLETE
3916,30.382029969236335,22.437304020714514,2026-10-06 03:16:19.698628,2026-10-06 03:19:31.099798,0 days 00:03:11.401170,0.22031827582514427,2.5826334477054016,78.91305021174706,20.20835957628918,0.009569508337727876,2.328670127015952e-06,191.4010892380029,32,COMPLETE
3917,31.92575898359549,11.555786188598034,2026-10-06 03:16:19.702628,2026-10-06 03:19:31.878347,0 days 00:03:12.175719,0.14472486883161542,1.8054001832365776,78.91305021174706,4.949274479107639,0.01125766264105231,2.328670127015952e-06,192.17563423607498,32,COMPLETE
3918,16.61066578011445,9.583126494004938,2026-10-06 03:16:19.706640,2026-10-06 03:19:31.181618,0 days 00:03:11.474978,0.22031827582514427,2.5826334477054016,78.91305021174706,53.19831855856638,0.009569508337727876,1.372550110543568,191.47490167384967,32,COMPLETE
3919,29.555035317740355,1.502866008953743,2026-10-06 03:16:19.710625,2026-10-06 03:19:33.474277,0 days 00:03:13.763652,0.17534157142392734,5.213783605585251,78.91305021174706,3.1960868442529304,0.009569508337727876,2.328670127015952e-06,193.76356165809557,32,COMPLETE
3920,11.450388071553215,1.3276186822143528,2026-10-06 03:16:19.769332,2026-10-06 03:19:34.812449,0 days 00:03:15.043117,0.22031827582514427,6.28879905307643,7.2525669737602465,3.30224313300699,0.009569508337727876,2.328670127015952e-06,195.0430074413307,32,COMPLETE
3921,23.440188484909633,2.8666938996585136,2026-10-06 03:16:19.772640,2026-10-06 03:19:28.352552,0 days 00:03:08.579912,0.48967816666395225,3.42961079489487,78.91305021174706,35.397938808104236,0.0012351135399915577,1.4671267453130232e-06,188.579798839055,32,COMPLETE
3922,23.99498160198816,2.604448990395654,2026-10-06 03:16:20.301454,2026-10-06 03:19:29.436274,0 days 00:03:09.134820,0.14383405467422097,3.42961079489487,78.91305021174706,4.949274479107639,0.009569508337727876,0.0029918321062600605,189.1347270910628,32,COMPLETE
3923,4.760143978767423,4.516264282213729,2026-10-06 03:16:20.304640,2026-10-06 03:19:30.941223,0 days 00:03:10.636583,0.48967816666395225,11.014424497072554,10.142866462866206,53.19831855856638,0.009569508337727876,0.006090546814469503,190.6364912739955,32,COMPLETE
3924,32.04598411423736,15.419411774086326,2026-10-06 03:16:20.525710,2026-10-06 03:19:35.150283,0 days 00:03:14.624573,0.14472486883161542,1.0100598856645617,78.91305021174706,18.49957504695779,0.009569508337727876,1.4671267453130232e-06,194.6244491720572,32,COMPLETE
3925,31.71020815773803,13.715397180747964,2026-10-06 03:16:20.681850,2026-10-06 03:19:30.006380,0 days 00:03:09.324530,0.22031827582514427,1.8054001832365776,78.91305021174706,3.987971896772416,0.009569508337727876,2.328670127015952e-06,189.32440876681358,32,COMPLETE
3926,26.068807886841007,14.97529508837751,2026-10-06 03:16:20.741666,2026-10-06 03:19:34.319501,0 days 00:03:13.577835,0.17534157142392734,1.8054001832365776,25.763326435890818,7.704673657496365,0.009569508337727876,2.328670127015952e-06,193.57771136704832,32,COMPLETE
3927,25.282528893093264,13.501156617908359,2026-10-06 03:16:21.148680,2026-10-06 03:19:29.758020,0 days 00:03:08.609340,0.22031827582514427,1.9172454222747148,78.91305021174706,40.2862337213893,0.009569508337727876,0.004940806538605129,188.6092494330369,32,COMPLETE
3928,32.124845652591894,13.390949406031206,2026-10-06 03:16:21.543837,2026-10-06 03:19:36.881543,0 days 00:03:15.337706,0.1357081235408115,1.8054001832365776,78.91305021174706,4.949274479107639,0.009569508337727876,2.328670127015952e-06,195.3375899340026,32,COMPLETE
3929,31.00700850922326,12.275406059487004,2026-10-06 03:16:21.547639,2026-10-06 03:19:30.220262,0 days 00:03:08.672623,0.17534157142392734,1.8054001832365776,78.91305021174706,7.704673657496365,0.009569508337727876,6.275283365464252e-05,188.6725334529765,32,COMPLETE
3930,32.105448248610195,13.77246817701386,2026-10-06 03:16:21.562649,2026-10-06 03:19:32.417692,0 days 00:03:10.855043,0.14472486883161542,1.8054001832365776,78.91305021174706,4.949274479107639,0.009569508337727876,2.328670127015952e-06,190.8549502599053,32,COMPLETE
3931,25.319285837774505,9.740741500480567,2026-10-06 03:16:21.574634,2026-10-06 03:19:38.558695,0 days 00:03:16.984061,0.48480307501533615,2.5826334477054016,78.91305021174706,1.4393903286698688,0.009569508337727876,2.328670127015952e-06,196.98393145902082,32,COMPLETE
3932,22.07034016273971,23.78645417734929,2026-10-06 03:16:21.964859,2026-10-06 03:19:32.101912,0 days 00:03:10.137053,0.3401090828369047,2.5826334477054016,45.61862258871337,40.2862337213893,0.009569508337727876,2.328670127015952e-06,190.13695009890944,33,COMPLETE
3933,16.487883533629066,1.8229709969279408,2026-10-06 03:16:21.968653,2026-10-06 03:19:32.651983,0 days 00:03:10.683330,0.3401090828369047,3.42961079489487,78.91305021174706,12.025559114678314,0.008698017554316196,0.16419403949390762,190.68322378816083,33,COMPLETE
3934,29.188959075340744,21.303829763838216,2026-10-06 03:16:22.592694,2026-10-06 03:19:34.559529,0 days 00:03:11.966835,0.22031827582514427,2.5826334477054016,65.38332675894037,18.49957504695779,0.009569508337727876,2.328670127015952e-06,191.9667347013019,33,COMPLETE
3935,8.92073907829521,2.371565897634825,2026-10-06 03:16:22.600647,2026-10-06 03:19:34.829513,0 days 00:03:12.228866,0.17534157142392734,1.8054001832365776,1.1862624761760072,6.182683349256731,0.008698017554316196,2.328670127015952e-06,192.22876947605982,33,COMPLETE
3936,30.368186019675164,23.74150886625968,2026-10-06 03:16:22.784815,2026-10-06 03:19:34.512516,0 days 00:03:11.727701,0.22031827582514427,1.8054001832365776,78.91305021174706,18.49957504695779,0.008698017554316196,2.328670127015952e-06,191.72760071791708,33,COMPLETE
3937,1.0608029747573071,1.1443084132608754,2026-10-06 03:16:22.788639,2026-10-06 03:19:32.069519,0 days 00:03:09.280880,0.012799980083568615,27.72583045674874,78.91305021174706,7.704673657496365,0.009569508337727876,2.328670127015952e-06,189.28077149624005,33,COMPLETE
3938,2.0018520579629735,1.1693106206124086,2026-10-06 03:16:23.205692,2026-10-06 03:19:31.834757,0 days 00:03:08.629065,0.22031827582514427,36.62645262291291,1.7500214614396878,35.397938808104236,0.009569508337727876,2.328670127015952e-06,188.62897500908002,33,COMPLETE
3939,30.591056944010678,4.626724765767877,2026-10-06 03:16:23.854684,2026-10-06 03:19:35.174102,0 days 00:03:11.319418,0.22031827582514427,1.8054001832365776,78.91305021174706,12.025559114678314,0.03463343903868386,0.0001622806907806802,191.31931296689436,33,COMPLETE
3940,17.25307190741453,3.9301309365979735,2026-10-06 03:16:24.007687,2026-10-06 03:19:35.284523,0 days 00:03:11.276836,0.17534157142392734,1.8054001832365776,5.740584097885975,18.49957504695779,0.0157239429990075,2.328670127015952e-06,191.27672987664118,33,COMPLETE
3941,30.307635797311967,22.90447954045313,2026-10-06 03:16:24.732688,2026-10-06 03:19:31.822589,0 days 00:03:07.089901,0.22031827582514427,1.8054001832365776,78.91305021174706,40.29115295108787,0.009569508337727876,2.328670127015952e-06,187.0898112510331,33,COMPLETE
3942,30.592204083767893,20.828458404016747,2026-10-06 03:16:26.581696,2026-10-06 03:19:35.006438,0 days 00:03:08.424742,0.17534157142392734,1.8054001832365776,78.91305021174706,35.397938808104236,0.009569508337727876,2.328670127015952e-06,188.4246208788827,33,COMPLETE
3943,31.284621544300705,17.94211592853864,2026-10-06 03:16:52.801694,2026-10-06 03:20:05.509906,0 days 00:03:12.708212,0.17534157142392734,1.8054001832365776,78.91305021174706,12.025559114678314,0.009569508337727876,2.328670127015952e-06,192.7080878401175,33,COMPLETE
3944,22.12808012992354,3.830083602540491,2026-10-06 03:18:04.100706,2026-10-06 03:21:22.949915,0 days 00:03:18.849209,0.18472274745078338,22.539739827832342,78.91305021174706,18.49957504695779,0.009569508337727876,2.328670127015952e-06,198.84908453235403,33,COMPLETE
3945,14.935742637742687,2.3125702803734107,2026-10-06 03:18:13.860368,2026-10-06 03:21:27.505558,0 days 00:03:13.645190,0.3401090828369047,13.499267469635493,78.91305021174706,35.397938808104236,0.009569508337727876,2.328670127015952e-06,193.6450752960518,33,COMPLETE
3946,31.304166822403147,18.951454335994548,2026-10-06 03:19:25.086908,2026-10-06 03:22:39.347354,0 days 00:03:14.260446,0.19189241237051688,1.8054001832365776,78.91305021174706,7.14008749932051,0.008698017554316196,2.328670127015952e-06,194.26032273611054,33,COMPLETE
3947,23.477044119763228,13.259464238001959,2026-10-06 03:19:26.460819,2026-10-06 03:22:41.223047,0 days 00:03:14.762228,0.14472486883161542,1.0100598856645617,18.927512013183396,45.73577023090495,0.008698017554316196,2.328670127015952e-06,194.7621277780272,33,COMPLETE
3948,10.836315879578882,2.696344928372829,2026-10-06 03:19:26.695813,2026-10-06 03:22:40.789868,0 days 00:03:14.094055,0.14472486883161542,1.0100598856645617,1.1297931762545028,7.704673657496365,0.009569508337727876,2.328670127015952e-06,194.093950714916,33,COMPLETE
3949,28.347269450713135,22.87545805569089,2026-10-06 03:19:27.568700,2026-10-06 03:22:43.098926,0 days 00:03:15.530226,0.17534157142392734,3.42961079489487,78.91305021174706,40.29115295108787,0.008698017554316196,2.328670127015952e-06,195.53011461813003,33,COMPLETE
3950,31.04746378780257,19.38239824177877,2026-10-06 03:19:27.926891,2026-10-06 03:22:42.099893,0 days 00:03:14.173002,0.17534157142392734,1.8054001832365776,78.91305021174706,18.49957504695779,0.009569508337727876,2.328670127015952e-06,194.17290593124926,33,COMPLETE
3951,30.750237126456305,21.608701079063692,2026-10-06 03:19:27.942648,2026-10-06 03:22:40.015288,0 days 00:03:12.072640,0.17534157142392734,1.8054001832365776,78.91305021174706,18.49957504695779,0.008698017554316196,2.328670127015952e-06,192.07251847116277,33,COMPLETE
3952,32.2993606486952,5.225032697332141,2026-10-06 03:19:28.213904,2026-10-06 03:22:39.150660,0 days 00:03:10.936756,0.17534157142392734,1.8054001832365776,78.91305021174706,18.49957504695779,0.0324730705180166,2.328670127015952e-06,190.93663098895922,33,COMPLETE
3953,31.001219460577705,20.546874726373222,2026-10-06 03:19:28.484677,2026-10-06 03:22:45.334547,0 days 00:03:16.849870,0.17534157142392734,1.8054001832365776,78.91305021174706,12.025559114678314,0.008698017554316196,2.328670127015952e-06,196.8497639009729,33,COMPLETE
3954,31.28628188906389,19.00327719323779,2026-10-06 03:19:28.649124,2026-10-06 03:22:44.891717,0 days 00:03:16.242593,0.17534157142392734,1.8054001832365776,78.91305021174706,7.704673657496365,0.008698017554316196,2.328670127015952e-06,196.24250358017161,33,COMPLETE
3955,31.109155000146046,10.978573276487506,2026-10-06 03:19:29.356688,2026-10-06 03:22:40.287844,0 days 00:03:10.931156,0.14472486883161542,1.0100598856645617,78.91305021174706,18.49957504695779,0.009569508337727876,0.0001342030928019885,190.93105366500095,33,COMPLETE
3956,15.426500162378574,3.575544448592532,2026-10-06 03:19:29.600665,2026-10-06 03:22:39.859694,0 days 00:03:10.259029,0.6538263602152873,28.729079900356812,78.91305021174706,18.81759050518774,0.009569508337727876,2.328670127015952e-06,190.25891118729487,33,COMPLETE
3957,24.464035686385422,26.18847698701406,2026-10-06 03:19:29.608646,2026-10-06 03:22:38.893337,0 days 00:03:09.284691,0.48967816666395225,3.42961079489487,78.91305021174706,18.49957504695779,0.009569508337727876,1.4671267453130232e-06,189.2845732839778,33,COMPLETE
3958,16.143915714598243,6.499452952217281,2026-10-06 03:19:29.616632,2026-10-06 03:22:41.386138,0 days 00:03:11.769506,0.17534157142392734,1.8054001832365776,5.2750376145598254,6.182683349256731,0.009569508337727876,1.4671267453130232e-06,191.7694113147445,33,COMPLETE
3959,,,2026-10-06 03:19:29.620629,2026-10-06 03:19:30.502730,0 days 00:00:00.882101,0.22031827582514427,26.22054204210526,91.55030544610278,38.52680789958333,0.008698017554316196,,,33,PRUNED
3960,29.81753078593993,23.809523685421535,2026-10-06 03:19:29.738979,2026-10-06 03:22:43.401167,0 days 00:03:13.662188,0.22031827582514427,2.5826334477054016,78.91305021174706,40.29115295108787,0.009569508337727876,2.328670127015952e-06,193.66209985408932,33,COMPLETE
3961,30.57179362061846,14.890739611484756,2026-10-06 03:19:29.803943,2026-10-06 03:22:42.779325,0 days 00:03:12.975382,0.14472486883161542,1.0100598856645617,58.46817148672283,18.49957504695779,0.009569508337727876,1.4671267453130232e-06,192.97527053020895,33,COMPLETE
3962,,,2026-10-06 03:19:30.038835,2026-10-06 03:19:30.764742,0 days 00:00:00.725907,0.11756165624423051,44.68270404607171,78.91305021174706,30.13104593682477,0.008698017554316196,,,33,PRUNED
3963,26.32794903059362,1.2554027760908588,2026-10-06 03:19:30.135821,2026-10-06 03:22:47.262924,0 days 00:03:17.127103,0.17534157142392734,1.8054001832365776,78.91305021174706,1.4971022058794574,0.036723435837533985,0.06377432901269742,197.12697618128732,33,COMPLETE
3964,18.95304345761351,1.6593180273346613,2026-10-06 03:19:30.155654,2026-10-06 03:22:45.824518,0 days 00:03:15.668864,0.17534157142392734,1.8054001832365776,78.91305021174706,4.949274479107639,0.008698017554316196,0.49194450709013376,195.66876119188964,33,COMPLETE
3965,31.427980508030448,13.391748775826652,2026-10-06 03:19:30.518675,2026-10-06 03:22:41.797014,0 days 00:03:11.278339,0.10020425266129887,1.8054001832365776,78.91305021174706,18.49957504695779,0.009569508337727876,2.328670127015952e-06,191.2782203410752,33,COMPLETE
3966,30.386349421417457,22.593238599952127,2026-10-06 03:19:30.976189,2026-10-06 03:22:44.588528,0 days 00:03:13.612339,0.22031827582514427,1.8054001832365776,78.91305021174706,35.397938808104236,0.009569508337727876,2.328670127015952e-06,193.61224731616676,33,COMPLETE
3967,30.996149031850628,19.737775781663963,2026-10-06 03:19:31.021250,2026-10-06 03:22:40.864502,0 days 00:03:09.843252,0.18472274745078338,1.8054001832365776,78.91305021174706,18.49957504695779,0.009569508337727876,2.328670127015952e-06,189.84314817097038,33,COMPLETE
3968,30.935633493751475,21.183231084813062,2026-10-06 03:19:31.024659,2026-10-06 03:22:43.266886,0 days 00:03:12.242227,0.19189241237051688,1.8054001832365776,78.91305021174706,12.025559114678314,0.008698017554316196,2.328670127015952e-06,192.24213179387152,33,COMPLETE
3969,,,2026-10-06 03:19:31.065645,2026-10-06 03:19:31.828705,0 days 00:00:00.763060,0.48967816666395225,41.09109957059448,78.91305021174706,53.19831855856638,0.008698017554316196,,,33,PRUNED
3970,31.75030969218212,15.414551885253553,2026-10-06 03:19:31.166652,2026-10-06 03:22:47.726320,0 days 00:03:16.559668,0.14472486883161542,1.8054001832365776,78.91305021174706,3.9919369549885833,0.008698017554316196,2.328670127015952e-06,196.55956278322265,33,COMPLETE
3971,30.748055794955967,21.81020410175977,2026-10-06 03:19:31.181900,2026-10-06 03:22:46.418021,0 days 00:03:15.236121,0.17534157142392734,1.8054001832365776,78.91305021174706,18.49957504695779,0.008698017554316196,1.2196514786611477e-06,195.23602900700644,33,COMPLETE
3972,,,2026-10-06 03:19:31.200953,2026-10-06 03:19:32.411699,0 days 00:00:01.210746,0.17534157142392734,1.8054001832365776,78.91305021174706,10.886075876249489,0.003040158972223195,,,33,PRUNED
3973,25.66021250631612,17.673545935883464,2026-10-06 03:19:31.208642,2026-10-06 03:22:37.992513,0 days 00:03:06.783871,0.4708696360602392,3.092236715108164,78.91305021174706,7.704673657496365,0.009569508337727876,2.328670127015952e-06,186.78375531826168,33,COMPLETE
3974,21.306579258452167,1.1347343648796173,2026-10-06 03:19:31.230643,2026-10-06 03:22:44.728097,0 days 00:03:13.497454,0.01297440671940626,1.8054001832365776,78.91305021174706,18.49957504695779,0.009569508337727876,2.328670127015952e-06,193.49736739695072,33,COMPLETE
3975,16.232371317874094,3.5254370462562434,2026-10-06 03:19:31.266644,2026-10-06 03:22:42.851505,0 days 00:03:11.584861,0.22031827582514427,24.79941583072039,78.91305021174706,35.397938808104236,0.009569508337727876,1.4671267453130232e-06,191.58477226318792,33,COMPLETE
3976,28.272280017571337,8.86228875893376,2026-10-06 03:19:31.293800,2026-10-06 03:22:41.963780,0 days 00:03:10.669980,0.48967816666395225,3.42961079489487,78.91305021174706,12.025559114678314,0.03463343903868386,2.328670127015952e-06,190.66988942679018,33,COMPLETE
3977,30.43082778397857,22.201395914186243,2026-10-06 03:19:31.297637,2026-10-06 03:22:45.803133,0 days 00:03:14.505496,0.22031827582514427,2.5826334477054016,78.91305021174706,18.49957504695779,0.009569508337727876,2.328670127015952e-06,194.50538410199806,33,COMPLETE
3978,29.139535670564847,23.61472126681876,2026-10-06 03:19:31.301635,2026-10-06 03:22:43.685101,0 days 00:03:12.383466,0.22031827582514427,1.8054001832365776,78.91305021174706,90.27704948926105,0.009569508337727876,2.328670127015952e-06,192.38337652618065,33,COMPLETE
3979,29.69193149652758,23.096588220382856,2026-10-06 03:19:31.305634,2026-10-06 03:22:44.756422,0 days 00:03:13.450788,0.17534157142392734,1.8054001832365776,78.91305021174706,41.62558032862313,0.008698017554316196,2.328670127015952e-06,193.45070301694795,33,COMPLETE
3980,7.8630567438241,3.2876867450851424,2026-10-06 03:19:31.309630,2026-10-06 03:22:43.639594,0 days 00:03:12.329964,0.17534157142392734,3.42961079489487,2.5587018081269246,35.397938808104236,0.008698017554316196,2.328670127015952e-06,192.32987172994763,33,COMPLETE
