number,values_0,values_1,datetime_start,datetime_complete,duration,params_c_val,params_input_force,params_k_between_val,params_k_wall_val,params_m_val,params_ridge_alpha,user_attrs_duration_sec,system_attrs_NSGAIISampler:generation,state
3156,25.15522897821507,18.678657961290018,2026-10-06 02:40:57.059633,2026-10-06 02:44:10.545188,0 days 00:03:13.485555,0.48480307501533615,3.42961079489487,78.91305021174706,8.12919983985662,0.009569508337727876,2.328670127015952e-06,193.48547370079905,26,COMPLETE
3157,31.488651241640884,16.678654166865694,2026-10-06 02:40:57.063628,2026-10-06 02:44:06.601511,0 days 00:03:09.537883,0.1912437107176475,1.8054001832365776,78.91305021174706,8.12919983985662,0.009569508337727876,2.328670127015952e-06,189.53778343601152,26,COMPLETE
3158,30.596552870539295,2.1691948242805505,2026-10-06 02:40:57.067626,2026-10-06 02:44:08.921053,0 days 00:03:11.853427,0.14472486883161542,1.8054001832365776,78.91305021174706,12.303481343464334,0.04192625998356319,0.002167123532333979,191.85334604186937,26,COMPLETE
3159,31.65176046948331,14.543706619925944,2026-10-06 02:40:57.116333,2026-10-06 02:44:11.303782,0 days 00:03:14.187449,0.22031827582514427,1.8054001832365776,78.91305021174706,4.949274479107639,0.009569508337727876,2.328670127015952e-06,194.1873552449979,26,COMPLETE
3160,31.465073244656914,16.978952378682635,2026-10-06 02:40:57.119643,2026-10-06 02:44:11.694833,0 days 00:03:14.575190,0.14472486883161542,1.8054001832365776,78.91305021174706,6.182683349256731,0.008698017554316196,2.328670127015952e-06,194.57509495783597,26,COMPLETE
3161,,,2026-10-06 02:40:57.651763,2026-10-06 02:40:58.119710,0 days 00:00:00.467947,0.17534157142392734,1.8054001832365776,78.91305021174706,75.24382350253804,0.008698017554316196,,,26,PRUNED
3162,30.167440680164738,20.353123900150198,2026-10-06 02:40:57.655647,2026-10-06 02:44:08.071185,0 days 00:03:10.415538,0.22031827582514427,1.8054001832365776,78.91305021174706,40.2862337213893,0.009569508337727876,1.1273296545453473e-05,190.41545494878665,26,COMPLETE
3163,32.71162562821697,11.081936498285181,2026-10-06 02:40:57.673128,2026-10-06 02:44:11.057115,0 days 00:03:13.383987,0.14472486883161542,1.0100598856645617,78.91305021174706,4.949274479107639,0.009569508337727876,2.328670127015952e-06,193.3839092166163,26,COMPLETE
3164,30.95958571256582,19.931637819506893,2026-10-06 02:40:57.818210,2026-10-06 02:44:09.283334,0 days 00:03:11.465124,0.1912437107176475,1.8054001832365776,78.91305021174706,18.49957504695779,0.009569508337727876,2.328670127015952e-06,191.4650274561718,26,COMPLETE
3165,31.586650153965348,16.46750197400499,2026-10-06 02:40:57.825837,2026-10-06 02:44:14.930266,0 days 00:03:17.104429,0.17534157142392734,1.8054001832365776,78.91305021174706,8.12919983985662,0.009569508337727876,2.328670127015952e-06,197.10430134413764,26,COMPLETE
3166,27.300761187333116,1.2140727901610209,2026-10-06 02:40:58.293892,2026-10-06 02:44:13.360503,0 days 00:03:15.066611,0.01962754657816384,1.8054001832365776,78.91305021174706,4.949274479107639,0.009569508337727876,2.328670127015952e-06,195.06652124784887,26,COMPLETE
3167,16.643115448671615,2.054375397735074,2026-10-06 02:40:58.297643,2026-10-06 02:44:10.633615,0 days 00:03:12.335972,0.22031827582514427,35.91293000075482,11.502366357201918,1.3330291984967109,0.009569508337727876,0.002976553261337775,192.3358838451095,26,COMPLETE
3168,30.610682668197676,20.885615837109384,2026-10-06 02:40:58.301638,2026-10-06 02:44:12.450905,0 days 00:03:14.149267,0.22031827582514427,2.5826334477054016,78.91305021174706,12.025559114678314,0.009569508337727876,2.328670127015952e-06,194.14917889703065,26,COMPLETE
3169,16.693445227626817,9.109003160144171,2026-10-06 02:40:58.305631,2026-10-06 02:44:09.567621,0 days 00:03:11.261990,0.3401090828369047,1.8054001832365776,28.37879035271057,4.949274479107639,0.00822650269313058,0.00023089671650755448,191.2619099849835,26,COMPLETE
3170,12.192912932999345,1.3155245745531536,2026-10-06 02:40:58.397671,2026-10-06 02:44:10.922881,0 days 00:03:12.525210,0.14472486883161542,1.8054001832365776,12.28458929746364,2.3462029319604905,0.009569508337727876,35.0411900157969,192.52512456383556,26,COMPLETE
3171,28.558736368521334,4.098758372275495,2026-10-06 02:40:58.401633,2026-10-06 02:44:12.735902,0 days 00:03:14.334269,0.17534157142392734,26.292697190311873,78.91305021174706,4.949274479107639,0.009569508337727876,2.328670127015952e-06,194.33418401004747,26,COMPLETE
3172,28.228810351331372,24.694543628135776,2026-10-06 02:40:58.479047,2026-10-06 02:44:09.569642,0 days 00:03:11.090595,0.3401090828369047,3.42961079489487,78.91305021174706,18.49957504695779,0.009569508337727876,2.8490713276257607e-06,191.09051900776103,26,COMPLETE
3173,30.187811169353655,23.091089734818492,2026-10-06 02:40:58.482642,2026-10-06 02:44:11.043920,0 days 00:03:12.561278,0.22031827582514427,2.5826334477054016,78.91305021174706,26.477150251929,0.009569508337727876,2.328670127015952e-06,192.5611959081143,26,COMPLETE
3174,,,2026-10-06 02:40:58.846685,2026-10-06 02:40:59.524729,0 days 00:00:00.678044,0.14472486883161542,15.388883336870197,55.0804067728526,4.949274479107639,0.0014382449382479207,,,26,PRUNED
3175,32.105448248610195,13.77246817701386,2026-10-06 02:40:59.044684,2026-10-06 02:44:11.825841,0 days 00:03:12.781157,0.14472486883161542,1.8054001832365776,78.91305021174706,4.949274479107639,0.009569508337727876,2.328670127015952e-06,192.78106315108016,26,COMPLETE
3176,31.90679914599424,14.57742014834404,2026-10-06 02:40:59.140678,2026-10-06 02:44:10.840734,0 days 00:03:11.700056,0.1912437107176475,1.8054001832365776,78.91305021174706,4.949274479107639,0.009569508337727876,2.328670127015952e-06,191.69996083900332,26,COMPLETE
3177,30.307714350547563,22.904199665561656,2026-10-06 02:40:59.344841,2026-10-06 02:44:10.096266,0 days 00:03:10.751425,0.22031827582514427,1.8054001832365776,78.91305021174706,40.2862337213893,0.009569508337727876,2.328670127015952e-06,190.75132506387308,26,COMPLETE
3178,23.602784765036876,25.52027819525115,2026-10-06 02:40:59.348640,2026-10-06 02:44:13.847354,0 days 00:03:14.498714,0.48480307501533615,6.56968274079292,78.91305021174706,12.303481343464334,0.009569508337727876,2.328670127015952e-06,194.49863024475053,26,COMPLETE
3179,,,2026-10-06 02:40:59.584690,2026-10-06 02:41:00.033709,0 days 00:00:00.449019,0.14472486883161542,40.07166482986561,78.91305021174706,57.899595534709654,0.009569508337727876,,,26,PRUNED
3180,25.487797119674937,2.0266027956549797,2026-10-06 02:41:00.114679,2026-10-06 02:44:12.154456,0 days 00:03:12.039777,0.14472486883161542,1.8054001832365776,14.861639724699687,4.949274479107639,0.03463343903868386,2.328670127015952e-06,192.03967932797968,26,COMPLETE
3181,31.656779854859884,14.070583173440365,2026-10-06 02:41:00.260673,2026-10-06 02:44:10.444449,0 days 00:03:10.183776,0.17534157142392734,1.8054001832365776,78.91305021174706,2.6263590644824215,0.008698017554316196,2.328670127015952e-06,190.18367815809324,26,COMPLETE
3182,30.118298042776452,21.196156306954155,2026-10-06 02:41:00.268642,2026-10-06 02:44:08.740577,0 days 00:03:08.471935,0.17534157142392734,2.5826334477054016,78.91305021174706,40.2862337213893,0.009569508337727876,2.328670127015952e-06,188.47171058738604,26,COMPLETE
3183,25.156086950510844,6.192583907139731,2026-10-06 02:41:00.276634,2026-10-06 02:44:13.130186,0 days 00:03:12.853552,0.1912437107176475,42.040690390695964,78.91305021174706,9.580439629933073,0.009569508337727876,2.328670127015952e-06,192.85345998499542,26,COMPLETE
3184,30.809425613436748,6.8909124900961585,2026-10-06 02:41:00.280626,2026-10-06 02:44:09.327005,0 days 00:03:09.046379,0.17534157142392734,1.8054001832365776,78.91305021174706,1.2328725802377143,0.013319464763165756,2.328670127015952e-06,189.04630017001182,26,COMPLETE
3185,31.203834773619473,19.67705951672329,2026-10-06 02:41:01.055817,2026-10-06 02:44:13.889870,0 days 00:03:12.834053,0.1912437107176475,1.8054001832365776,78.91305021174706,8.12919983985662,0.008698017554316196,2.1680669327938985e-06,192.83396670222282,26,COMPLETE
3186,14.741169054152857,1.3568008922025478,2026-10-06 02:41:01.081630,2026-10-06 02:44:08.430217,0 days 00:03:07.348587,0.14472486883161542,1.8054001832365776,9.012461362856271,6.182683349256731,0.07816584362008676,2.328670127015952e-06,187.3485044017434,26,COMPLETE
3187,,,2026-10-06 02:41:01.908707,2026-10-06 02:41:03.017750,0 days 00:00:01.109043,0.2203956117685301,1.8054001832365776,78.91305021174706,4.949274479107639,0.0022491535314370847,,,26,PRUNED
3188,,,2026-10-06 02:41:03.291694,2026-10-06 02:41:04.053741,0 days 00:00:00.762047,0.17534157142392734,1.8054001832365776,78.91305021174706,37.73683983265715,0.008370313183531812,,,26,PRUNED
3189,32.105448248610195,13.77246817701386,2026-10-06 02:41:03.586541,2026-10-06 02:44:13.938476,0 days 00:03:10.351935,0.14472486883161542,1.8054001832365776,78.91305021174706,4.949274479107639,0.009569508337727876,2.328670127015952e-06,190.35184978274629,26,COMPLETE
3190,28.435029683687077,1.98284030328808,2026-10-06 02:41:04.155697,2026-10-06 02:44:13.816739,0 days 00:03:09.661042,0.022024143188704125,1.8054001832365776,78.91305021174706,45.605935248059524,0.009569508337727876,2.328670127015952e-06,189.66095143277198,26,COMPLETE
3191,19.075500484576857,14.142924844159065,2026-10-06 02:41:30.028707,2026-10-06 02:44:41.084977,0 days 00:03:11.056270,0.48967816666395225,3.42961079489487,78.91305021174706,12.303481343464334,0.009569508337727876,0.00041487083016457604,191.05614521726966,26,COMPLETE
3192,31.28571915296127,17.753122855870725,2026-10-06 02:42:47.457697,2026-10-06 02:45:58.737576,0 days 00:03:11.279879,0.14472486883161542,1.8054001832365776,78.91305021174706,8.12919983985662,0.008698017554316196,2.328670127015952e-06,191.2797643970698,26,COMPLETE
3193,13.585596835817242,16.03818266400458,2026-10-06 02:44:03.522696,2026-10-06 02:47:19.978518,0 days 00:03:16.455822,0.48480307501533615,3.42961079489487,13.647756076472195,35.397938808104236,0.009569508337727876,1.4671267453130232e-06,196.45571333589032,26,COMPLETE
3194,32.407046108456974,4.209919410098707,2026-10-06 02:44:04.152706,2026-10-06 02:47:19.394662,0 days 00:03:15.241956,0.1912437107176475,1.8054001832365776,78.91305021174706,8.12919983985662,0.03463343903868386,2.328670127015952e-06,195.24184297025204,26,COMPLETE
3195,31.61789234006431,16.234849438418628,2026-10-06 02:44:05.470696,2026-10-06 02:47:19.271787,0 days 00:03:13.801091,0.14472486883161542,1.8054001832365776,78.91305021174706,4.949274479107639,0.008698017554316196,2.328670127015952e-06,193.80097436113283,26,COMPLETE
3196,,,2026-10-06 02:44:05.777688,2026-10-06 02:44:06.783338,0 days 00:00:01.005650,0.14472486883161542,1.0100598856645617,78.91305021174706,1.9457034063685084,0.0016116509559810377,,,26,PRUNED
3197,25.55652050470615,9.532022252866659,2026-10-06 02:44:05.875841,2026-10-06 02:47:20.175426,0 days 00:03:14.299585,0.1912437107176475,1.8054001832365776,78.91305021174706,8.12919983985662,0.009569508337727876,0.01577781260636232,194.29946211492643,26,COMPLETE
3198,31.54533252552124,11.222298086556142,2026-10-06 02:44:06.004804,2026-10-06 02:47:15.162733,0 days 00:03:09.157929,0.14472486883161542,1.8054001832365776,78.91305021174706,4.949274479107639,0.008698017554316196,0.00010207045601671547,189.15781034808606,26,COMPLETE
3199,31.07676211886136,17.099568096458913,2026-10-06 02:44:06.172721,2026-10-06 02:47:18.037467,0 days 00:03:11.864746,0.1368540006627294,2.019347193560364,78.91305021174706,18.49957504695779,0.009569508337727876,2.328670127015952e-06,191.8646236313507,26,COMPLETE
3200,29.64910930311487,18.84787078936951,2026-10-06 02:44:06.293663,2026-10-06 02:47:20.548678,0 days 00:03:14.255015,0.14472486883161542,3.42961079489487,78.91305021174706,45.605935248059524,0.009569508337727876,2.328670127015952e-06,194.25490799406543,26,COMPLETE
3201,31.635228645079813,16.18927348489319,2026-10-06 02:44:06.652674,2026-10-06 02:47:20.834664,0 days 00:03:14.181990,0.14472486883161542,1.7878968145363325,78.91305021174706,4.949274479107639,0.008698017554316196,2.328670127015952e-06,194.18189716292545,26,COMPLETE
3202,31.45379482479829,18.073841720567764,2026-10-06 02:44:06.820836,2026-10-06 02:47:22.096508,0 days 00:03:15.275672,0.17534157142392734,1.8054001832365776,78.91305021174706,6.182683349256731,0.008698017554316196,2.328670127015952e-06,195.27557372301817,26,COMPLETE
3203,32.529727102536,3.5455340384637077,2026-10-06 02:44:07.367823,2026-10-06 02:47:17.927830,0 days 00:03:10.560007,0.17534157142392734,1.8054001832365776,78.91305021174706,8.12919983985662,0.036847752206554764,2.328670127015952e-06,190.5598941538483,26,COMPLETE
3204,31.53410840156277,6.095100973600274,2026-10-06 02:44:07.371644,2026-10-06 02:47:20.190828,0 days 00:03:12.819184,0.06497860897711183,1.8054001832365776,78.91305021174706,6.182683349256731,0.009569508337727876,2.328670127015952e-06,192.81908009387553,26,COMPLETE
3205,32.272199140499254,13.447008142059167,2026-10-06 02:44:07.791899,2026-10-06 02:47:25.178536,0 days 00:03:17.386637,0.14472486883161542,1.0100598856645617,78.91305021174706,13.482092412487164,0.009569508337727876,2.328670127015952e-06,197.38653584290296,26,COMPLETE
3206,30.314928874598962,16.850868191985903,2026-10-06 02:44:07.855777,2026-10-06 02:47:24.559194,0 days 00:03:16.703417,0.19941095932484582,3.42961079489487,78.91305021174706,6.182683349256731,0.009569508337727876,2.328670127015952e-06,196.70332046877593,26,COMPLETE
3207,,,2026-10-06 02:44:08.014665,2026-10-06 02:44:08.526638,0 days 00:00:00.511973,0.1598688103522943,1.8054001832365776,78.91305021174706,4.949274479107639,0.0025076464331713873,,,26,PRUNED
3208,21.974654572879725,1.3416198385856095,2026-10-06 02:44:08.377846,2026-10-06 02:47:20.698971,0 days 00:03:12.321125,0.011098663455992102,1.8054001832365776,78.91305021174706,4.949274479107639,0.011741353624810316,2.328670127015952e-06,192.3210379788652,26,COMPLETE
3209,31.00234973419366,1.9712495885216774,2026-10-06 02:44:08.381647,2026-10-06 02:47:23.811210,0 days 00:03:15.429563,0.14472486883161542,23.90475582890828,78.91305021174706,1.093529608970226,0.008698017554316196,2.328670127015952e-06,195.42946875514463,26,COMPLETE
3210,25.33122932294101,3.0343116842842246,2026-10-06 02:44:08.538748,2026-10-06 02:47:22.668991,0 days 00:03:14.130243,0.22031827582514427,16.0528005936738,78.91305021174706,10.093521634771326,0.009569508337727876,2.328670127015952e-06,194.13016026606783,26,COMPLETE
3211,28.252600610510484,4.8947742902279785,2026-10-06 02:44:08.876663,2026-10-06 02:47:19.828704,0 days 00:03:10.952041,0.14472486883161542,48.737225305133286,78.91305021174706,4.949274479107639,0.008698017554316196,2.328670127015952e-06,190.95195407094434,26,COMPLETE
3212,30.01974844088081,5.38858618195261,2026-10-06 02:44:08.883833,2026-10-06 02:47:21.821124,0 days 00:03:12.937291,0.40679109612852427,1.8054001832365776,78.91305021174706,13.811824433010733,0.047387278943823524,2.328670127015952e-06,192.93720136210322,26,COMPLETE
3213,31.058494576748092,18.688083566493344,2026-10-06 02:44:08.887647,2026-10-06 02:47:23.560044,0 days 00:03:14.672397,0.14472486883161542,1.8054001832365776,78.91305021174706,12.303481343464334,0.008698017554316196,2.328670127015952e-06,194.67228436097503,26,COMPLETE
3214,14.070062270915809,1.1895001241061114,2026-10-06 02:44:08.891635,2026-10-06 02:47:20.957576,0 days 00:03:12.065941,0.024396418342975183,5.550726658359301,28.947011426478802,18.49957504695779,0.009569508337727876,2.328670127015952e-06,192.06586080696434,26,COMPLETE
3215,31.44391051212947,16.635901026560855,2026-10-06 02:44:08.936651,2026-10-06 02:47:22.375761,0 days 00:03:13.439110,0.14472486883161542,1.8054001832365776,78.91305021174706,12.025559114678314,0.009569508337727876,1.943351775611158e-06,193.43901826208457,26,COMPLETE
3216,12.752654293689076,10.975569552488789,2026-10-06 02:44:08.940639,2026-10-06 02:47:20.459814,0 days 00:03:11.519175,0.3401090828369047,3.42961079489487,8.394604359684752,18.49957504695779,0.009569508337727876,3.8397735810222395e-05,191.5190746607259,26,COMPLETE
3217,31.9918141562161,3.4085848369245313,2026-10-06 02:44:08.944797,2026-10-06 02:47:20.990057,0 days 00:03:12.045260,0.14472486883161542,1.8054001832365776,78.91305021174706,27.485075879594866,0.04192625998356319,2.328670127015952e-06,192.04517959197983,26,COMPLETE
3218,26.930909133255863,2.295722552771883,2026-10-06 02:44:08.966854,2026-10-06 02:47:19.709492,0 days 00:03:10.742638,0.1912437107176475,12.719946138831927,78.91305021174706,8.12919983985662,0.009569508337727876,2.328670127015952e-06,190.74250458925962,26,COMPLETE
3219,28.361665332573164,15.335012972889391,2026-10-06 02:44:09.193921,2026-10-06 02:47:21.774500,0 days 00:03:12.580579,0.4022103109304554,1.8054001832365776,78.91305021174706,4.949274479107639,0.008902985188811698,2.328670127015952e-06,192.58048177603632,26,COMPLETE
3220,,,2026-10-06 02:44:09.615050,2026-10-06 02:44:10.466724,0 days 00:00:00.851674,0.14472486883161542,1.8054001832365776,78.91305021174706,4.949274479107639,0.0019785523808707474,,,27,PRUNED
3221,,,2026-10-06 02:44:09.618645,2026-10-06 02:44:10.541733,0 days 00:00:00.923088,0.3401090828369047,3.42961079489487,78.91305021174706,45.605935248059524,0.008698017554316196,,,27,PRUNED
3222,22.478095393365447,4.095251575489575,2026-10-06 02:44:09.753791,2026-10-06 02:47:21.770911,0 days 00:03:12.017120,0.14472486883161542,29.991519016207636,78.91305021174706,18.49957504695779,0.009569508337727876,2.328670127015952e-06,192.01701543759555,27,COMPLETE
3223,21.850313264753442,5.736221102891602,2026-10-06 02:44:09.778653,2026-10-06 02:47:21.075264,0 days 00:03:11.296611,0.17534157142392734,33.665536926968265,78.91305021174706,18.49957504695779,0.009569508337727876,2.328670127015952e-06,191.29653127398342,27,COMPLETE
3224,1.3400805312107953,1.2384462178834708,2026-10-06 02:44:10.000961,2026-10-06 02:47:22.657024,0 days 00:03:12.656063,0.032442732258937186,43.52302064754262,78.91305021174706,18.49957504695779,0.008698017554316196,2.328670127015952e-06,192.65597145725042,27,COMPLETE
3225,27.140537964332747,19.551209453272698,2026-10-06 02:44:10.012659,2026-10-06 02:47:25.836666,0 days 00:03:15.824007,0.4140850447417305,2.5826334477054016,78.91305021174706,12.025559114678314,0.009569508337727876,2.328670127015952e-06,195.82390192709863,27,COMPLETE
3226,25.7261114144821,4.449867945644988,2026-10-06 02:44:10.117668,2026-10-06 02:47:22.625761,0 days 00:03:12.508093,0.06452683226038322,1.8054001832365776,15.335068984918772,8.12919983985662,0.009569508337727876,2.328670127015952e-06,192.50800321204588,27,COMPLETE
3227,21.590266234797625,1.1891481890045,2026-10-06 02:44:10.191662,2026-10-06 02:47:21.803475,0 days 00:03:11.611813,0.01467012606568089,2.5826334477054016,78.91305021174706,12.025559114678314,0.009569508337727876,2.328670127015952e-06,191.61172475013882,27,COMPLETE
3228,26.89365637723907,1.3504198092153838,2026-10-06 02:44:10.388694,2026-10-06 02:47:22.312940,0 days 00:03:11.924246,0.14472486883161542,1.8054001832365776,78.91305021174706,12.025559114678314,0.09236812806717483,2.328670127015952e-06,191.92413662187755,27,COMPLETE
3229,,,2026-10-06 02:44:10.676679,2026-10-06 02:44:11.792985,0 days 00:00:01.116306,0.14472486883161542,1.8054001832365776,78.91305021174706,12.025559114678314,0.004061116784111141,,,27,PRUNED
3230,1.6450003919150347,1.1800011050215484,2026-10-06 02:44:10.886121,2026-10-06 02:47:25.492718,0 days 00:03:14.606597,0.05754489831279036,38.256679955014086,78.91305021174706,12.025559114678314,0.008698017554316196,0.00028329288488849585,194.60650893393904,27,COMPLETE
3231,10.662842522412841,1.2402404250330532,2026-10-06 02:44:10.889640,2026-10-06 02:47:23.669435,0 days 00:03:12.779795,0.023528141007146584,6.281269779733009,78.91305021174706,45.605935248059524,0.009569508337727876,2.328670127015952e-06,192.77968710986897,27,COMPLETE
3232,11.088682847562628,1.6970123281900356,2026-10-06 02:44:10.893637,2026-10-06 02:47:25.502005,0 days 00:03:14.608368,0.3401090828369047,3.42961079489487,3.0573071037848045,18.49957504695779,0.03463343903868386,2.8490713276257607e-06,194.60829170793295,27,COMPLETE
3233,26.676401713534993,2.181286089703124,2026-10-06 02:44:10.897629,2026-10-06 02:47:22.316142,0 days 00:03:11.418513,0.3401090828369047,1.8054001832365776,78.91305021174706,12.025559114678314,0.008698017554316196,2.328670127015952e-06,191.41842239256948,27,COMPLETE
3234,28.790889706602,1.3652408096449091,2026-10-06 02:44:10.901628,2026-10-06 02:47:24.025226,0 days 00:03:13.123598,0.2883521579211972,19.399225298473542,78.91305021174706,4.949274479107639,0.03353287921663999,2.328670127015952e-06,193.12351796776056,27,COMPLETE
3235,29.817651462460645,23.809340668352807,2026-10-06 02:44:11.179912,2026-10-06 02:47:22.570867,0 days 00:03:11.390955,0.22031827582514427,2.5826334477054016,78.91305021174706,40.2862337213893,0.009569508337727876,2.328670127015952e-06,191.39086268097162,27,COMPLETE
3236,31.410969345769665,13.68341288039216,2026-10-06 02:44:11.183654,2026-10-06 02:47:19.827634,0 days 00:03:08.643980,0.17534157142392734,1.8054001832365776,78.91305021174706,6.182683349256731,0.008698017554316196,2.949223703808963e-05,188.6438849759288,27,COMPLETE
3237,,,2026-10-06 02:44:11.187633,2026-10-06 02:44:11.414730,0 days 00:00:00.227097,0.09182262935279197,44.00404373685754,78.91305021174706,45.605935248059524,0.0029567285972739244,,,27,PRUNED
3238,20.505770396193892,2.439530062489985,2026-10-06 02:44:11.237860,2026-10-06 02:47:21.457625,0 days 00:03:10.219765,0.17534157142392734,6.56968274079292,78.91305021174706,18.49957504695779,0.009569508337727876,2.328670127015952e-06,190.21967013319954,27,COMPLETE
3239,23.432190577936005,19.40176037025774,2026-10-06 02:44:11.762682,2026-10-06 02:47:27.104525,0 days 00:03:15.341843,0.22031827582514427,1.8054001832365776,30.623925175731628,40.29115295108787,0.009569508337727876,2.328670127015952e-06,195.3417328442447,27,COMPLETE
