number,values_0,values_1,datetime_start,datetime_complete,duration,params_c_val,params_input_force,params_k_between_val,params_k_wall_val,params_m_val,params_ridge_alpha,user_attrs_duration_sec,system_attrs_NSGAIISampler:generation,state
1004,28.096413047426164,1.7572071348051912,2026-10-06 01:01:13.258855,2026-10-06 01:04:25.332236,0 days 00:03:12.073381,0.2880553685721488,30.4361881968835,99.00751447520854,1.7658496078448727,0.01478582612116327,0.025662980629379537,192.0732860560529,8,COMPLETE
1005,16.78674525652955,2.692211925276157,2026-10-06 01:01:13.262649,2026-10-06 01:04:28.348033,0 days 00:03:15.085384,0.5555069055943938,30.4361881968835,78.91305021174706,18.49957504695779,0.01478582612116327,0.00010160998520747449,195.0853059371002,8,COMPLETE
1006,29.615151017998983,3.173200858861164,2026-10-06 01:01:13.266645,2026-10-06 01:04:25.933444,0 days 00:03:12.666799,0.14472486883161542,28.1007340438596,78.91305021174706,3.7504775608803835,0.009569508337727876,2.328670127015952e-06,192.6667048051022,8,COMPLETE
1007,9.309340921116188,1.2895108899968557,2026-10-06 01:01:13.689846,2026-10-06 01:04:31.043905,0 days 00:03:17.354059,0.48967816666395225,1.6561528973969994,78.91305021174706,11.364619091105583,0.009569508337727876,61.254194091457386,197.35395303415135,8,COMPLETE
1008,0.3821839353172082,1.1892010040853322,2026-10-06 01:01:13.837992,2026-10-06 01:04:24.941194,0 days 00:03:11.103202,0.5555069055943938,8.987478920641044,2.5099844375910974,18.49957504695779,0.009569508337727876,2.328670127015952e-06,191.1031063538976,8,COMPLETE
1009,,,2026-10-06 01:01:13.862663,2026-10-06 01:01:14.804672,0 days 00:00:00.942009,0.48967816666395225,24.98323043461495,78.91305021174706,18.49957504695779,0.0015767011041207138,,,8,PRUNED
1010,24.203915057558056,1.3276570569774913,2026-10-06 01:01:13.866647,2026-10-06 01:04:26.403843,0 days 00:03:12.537196,0.14472486883161542,9.114893626812812,89.61123200940895,18.49957504695779,0.0272863075382553,0.001754171270788285,192.537124033086,8,COMPLETE
1011,25.25708508479486,9.565233040362703,2026-10-06 01:01:14.365687,2026-10-06 01:04:30.030897,0 days 00:03:15.665210,0.14472486883161542,1.6561528973969994,32.233952817229785,7.479016712887644,0.009590142710421577,0.001754171270788285,195.66512480610982,8,COMPLETE
1012,26.415850158606077,11.393067286002404,2026-10-06 01:01:14.508127,2026-10-06 01:04:28.657465,0 days 00:03:14.149338,0.14472486883161542,3.42961079489487,44.79248686656755,18.49957504695779,0.009569508337727876,0.001754171270788285,194.1492556752637,8,COMPLETE
1013,27.17500347934284,1.7365990909520055,2026-10-06 01:01:14.520857,2026-10-06 01:04:27.788392,0 days 00:03:13.267535,0.14472486883161542,20.213335196982104,46.546095502334126,3.7504775608803835,0.01478582612116327,0.0002119529307262873,193.26745844306424,8,COMPLETE
1014,14.073955719895215,6.850963016133233,2026-10-06 01:01:14.524668,2026-10-06 01:04:29.932522,0 days 00:03:15.407854,0.6707519252569772,5.163106132123858,14.719249146245843,4.243265729109047,0.016205446913400444,3.3976165743800303e-06,195.4077736660838,8,COMPLETE
1015,31.13860940593138,1.467142446779465,2026-10-06 01:01:14.926152,2026-10-06 01:04:27.290940,0 days 00:03:12.364788,0.14472486883161542,48.147926180602234,99.00751447520854,1.7658496078448727,0.01478582612116327,0.0004045387004489123,192.36470780614763,8,COMPLETE
1016,7.495662194718757,1.315187466073986,2026-10-06 01:01:15.506961,2026-10-06 01:04:28.274125,0 days 00:03:12.767164,0.14472486883161542,15.859677991775037,20.090142189287963,33.04695523992945,0.01478582612116327,0.06672101812662193,192.76708655711263,8,COMPLETE
1017,19.73318562818923,7.852514119107236,2026-10-06 01:01:15.621671,2026-10-06 01:04:26.346738,0 days 00:03:10.725067,0.5555069055943938,48.147926180602234,78.91305021174706,7.8342206444348275,0.009569508337727876,4.425296102668691e-05,190.72498798789456,8,COMPLETE
1018,28.0628668267188,2.2442634453524275,2026-10-06 01:01:15.785906,2026-10-06 01:04:30.445203,0 days 00:03:14.659297,0.2880553685721488,32.133571428288036,83.63462158426863,1.7658496078448727,0.009596121382849983,0.017476466682020148,194.6592095210217,8,COMPLETE
1019,15.7544718375465,4.440672046605401,2026-10-06 01:01:16.231836,2026-10-06 01:04:27.592076,0 days 00:03:11.360240,0.1910683780716238,47.27789697634315,32.233952817229785,12.025559114678314,0.009569508337727876,2.328670127015952e-06,191.3601576630026,8,COMPLETE
1020,26.920541912542898,1.5021166777359236,2026-10-06 01:01:16.394946,2026-10-06 01:04:28.288481,0 days 00:03:11.893535,0.1912088840068961,8.987478920641044,46.546095502334126,3.7504775608803835,0.01478582612116327,2.328670127015952e-06,191.8934648502618,8,COMPLETE
1021,10.563685145357425,3.3818984313489437,2026-10-06 01:01:16.408788,2026-10-06 01:04:26.405008,0 days 00:03:09.996220,0.2880553685721488,30.4361881968835,15.02058266478141,11.364619091105583,0.009590142710421577,0.00026285855894701214,189.99615076184273,8,COMPLETE
1022,23.83565403519702,7.9909672802564025,2026-10-06 01:01:16.422907,2026-10-06 01:04:27.177947,0 days 00:03:10.755040,0.14472486883161542,3.42961079489487,78.91305021174706,12.025559114678314,0.009569508337727876,0.3035180906924247,190.75496303942055,8,COMPLETE
1023,29.169472078869028,1.4679251895063508,2026-10-06 01:01:16.474691,2026-10-06 01:04:29.405325,0 days 00:03:12.930634,0.14472486883161542,3.42961079489487,43.72596746823866,1.33185938518046,0.009569508337727876,2.328670127015952e-06,192.9305539331399,8,COMPLETE
1024,23.484986873676554,2.5765260980751794,2026-10-06 01:01:16.478649,2026-10-06 01:04:29.536487,0 days 00:03:13.057838,0.5771583470268601,5.163106132123858,46.546095502334126,1.8190863578544005,0.045020198281861275,8.285050117678854e-05,193.05776479374617,8,COMPLETE
1025,24.49809460112967,1.7151854100935648,2026-10-06 01:01:16.856691,2026-10-06 01:04:30.435729,0 days 00:03:13.579038,0.14472486883161542,3.42961079489487,77.51383454227101,3.7504775608803835,0.009569508337727876,0.20164614730219563,193.57862003706396,8,COMPLETE
1026,29.480210183568555,1.3154261076805671,2026-10-06 01:01:16.949432,2026-10-06 01:04:31.248669,0 days 00:03:14.299237,0.04369478051383808,20.213335196982104,77.51383454227101,3.7504775608803835,0.009569508337727876,2.328670127015952e-06,194.29914892604575,8,COMPLETE
1027,20.223145765407825,7.197434200891551,2026-10-06 01:01:17.481850,2026-10-06 01:04:28.740435,0 days 00:03:11.258585,0.14472486883161542,15.859677991775037,24.75104573586726,3.323181860316004,0.0038839794058147243,1.5833547229919072e-06,191.25849968893453,8,COMPLETE
1028,20.94242986030086,7.919345685867664,2026-10-06 01:01:17.485653,2026-10-06 01:04:27.756993,0 days 00:03:10.271340,0.5555069055943938,3.42961079489487,89.61123200940895,2.0489784059322336,0.010990573344823616,0.00010160998520747449,190.27126355003566,8,COMPLETE
1029,7.724457265658576,1.7159934047662384,2026-10-06 01:01:17.489654,2026-10-06 01:04:31.242684,0 days 00:03:13.753030,0.5555069055943938,41.405653533517935,6.038926706961964,4.978655549299179,0.006523077666328501,0.00010160998520747449,193.752953349147,8,COMPLETE
1030,2.366012120456639,1.2711984283853577,2026-10-06 01:01:17.522813,2026-10-06 01:04:27.888493,0 days 00:03:10.365680,0.14472486883161542,28.032158470446657,2.211666401428861,43.74161663619536,0.01478582612116327,1.5833547229919072e-06,190.36560478573665,8,COMPLETE
1031,7.338981458572147,3.106097567418304,2026-10-06 01:01:17.548662,2026-10-06 01:04:29.418708,0 days 00:03:11.870046,0.48967816666395225,48.04286199246971,13.31159688857949,18.49957504695779,0.009569508337727876,0.13240785943403086,191.86997265880927,8,COMPLETE
1032,29.668171251983267,12.504123555424343,2026-10-06 01:01:17.569660,2026-10-06 01:04:29.274248,0 days 00:03:11.704588,0.14472486883161542,3.42961079489487,78.91305021174706,18.49957504695779,0.009569508337727876,0.0009482221502550213,191.70451032090932,8,COMPLETE
1033,14.472639272010145,1.651638166915141,2026-10-06 01:01:18.130415,2026-10-06 01:04:25.694150,0 days 00:03:07.563735,0.5555069055943938,5.272292663075925,7.9769405919158,8.04634876394084,0.05943097295354331,1.6374091613134125e-05,187.56365258106962,8,COMPLETE
1034,27.47776449329647,2.721600712920466,2026-10-06 01:01:18.133657,2026-10-06 01:04:30.897497,0 days 00:03:12.763840,0.14472486883161542,20.213335196982104,54.6602172125733,3.7504775608803835,0.009569508337727876,2.328670127015952e-06,192.76376207219437,8,COMPLETE
1035,13.29613612852313,1.4232246993598545,2026-10-06 01:01:18.184676,2026-10-06 01:04:28.164742,0 days 00:03:09.980066,0.6040198049165227,16.286614547800674,78.91305021174706,18.49957504695779,0.01478582612116327,0.06672101812662193,189.97998559335247,8,COMPLETE
1036,14.793292196658232,4.843937556194696,2026-10-06 01:01:18.192653,2026-10-06 01:04:25.652611,0 days 00:03:07.459958,0.2880553685721488,30.4361881968835,32.233952817229785,11.364619091105583,0.009590142710421577,0.001754171270788285,187.45986321987584,8,COMPLETE
1037,29.701388726726055,1.4566759086465093,2026-10-06 01:01:18.200655,2026-10-06 01:04:32.973355,0 days 00:03:14.772700,0.14472486883161542,46.65115833455933,78.91305021174706,1.8190863578544005,0.01478582612116327,0.06672101812662193,194.77259393408895,8,COMPLETE
1038,2.0073645521801016,1.42613419708672,2026-10-06 01:01:18.394521,2026-10-06 01:04:27.721880,0 days 00:03:09.327359,0.48967816666395225,42.86591818020375,1.5059561485398096,18.49957504695779,0.001690797220925191,2.328670127015952e-06,189.3272737688385,8,COMPLETE
1039,,,2026-10-06 01:01:18.711691,2026-10-06 01:01:20.154721,0 days 00:00:01.443030,0.14472486883161542,44.31142725884908,78.91305021174706,69.59849767866419,0.009569508337727876,,,8,PRUNED
1040,29.30296044877368,2.4264852001223467,2026-10-06 01:01:19.162691,2026-10-06 01:04:27.818596,0 days 00:03:08.655905,0.1912088840068961,11.91838044949514,77.51383454227101,3.7504775608803835,0.009569508337727876,2.328670127015952e-06,188.65582874557003,8,COMPLETE
1041,26.506506105117182,3.4386388589710286,2026-10-06 01:01:19.170671,2026-10-06 01:04:31.735354,0 days 00:03:12.564683,0.2880553685721488,32.133571428288036,78.91305021174706,3.415737675098259,0.009569508337727876,0.012656906931749336,192.56459301430732,8,COMPLETE
1042,30.73178588042984,1.9672568241327206,2026-10-06 01:01:19.204680,2026-10-06 01:04:28.681216,0 days 00:03:09.476536,0.14472486883161542,46.65115833455933,82.11028867024922,1.928465299477958,0.009596121382849983,0.06672101812662193,189.47647462738678,8,COMPLETE
1043,,,2026-10-06 01:01:19.220662,2026-10-06 01:01:19.874779,0 days 00:00:00.654117,0.08220856673033629,3.42961079489487,78.91305021174706,3.7504775608803835,0.0013241567829173503,,,8,PRUNED
1044,,,2026-10-06 01:01:19.368693,2026-10-06 01:01:20.474706,0 days 00:00:01.106013,0.5555069055943938,48.147926180602234,78.91305021174706,20.396326259533513,0.0024464794821141655,,,8,PRUNED
1045,18.602451645976018,1.304639044275902,2026-10-06 01:01:19.746705,2026-10-06 01:04:29.425199,0 days 00:03:09.678494,0.046717928764099345,20.213335196982104,54.6602172125733,17.129203238454934,0.009569508337727876,2.328670127015952e-06,189.6784182479605,8,COMPLETE
1046,25.295217522570923,2.1980060463390907,2026-10-06 01:01:20.475170,2026-10-06 01:04:28.159261,0 days 00:03:07.684091,0.14472486883161542,32.133571428288036,28.263203537115064,1.7658496078448727,0.009569508337727876,2.328670127015952e-06,187.68401185097173,8,COMPLETE
1047,28.07971821254505,11.797038211892195,2026-10-06 01:01:20.478656,2026-10-06 01:04:31.919837,0 days 00:03:11.441181,0.48967816666395225,3.42961079489487,78.91305021174706,18.49957504695779,0.03187752373000055,1.0540339487881022e-06,191.44109718501568,8,COMPLETE
1048,29.51227266308744,2.6139450652269813,2026-10-06 01:01:20.517669,2026-10-06 01:04:32.813836,0 days 00:03:12.296167,0.14472486883161542,19.217854041244564,77.51383454227101,3.561632392724993,0.009569508337727876,0.007690928916612578,192.29606538405642,8,COMPLETE
1049,3.971947413729853,2.0087326015208182,2026-10-06 01:01:20.521649,2026-10-06 01:04:32.355082,0 days 00:03:11.833433,0.14472486883161542,44.31142725884908,4.1457845741003965,3.7504775608803835,0.008126998305778576,2.328670127015952e-06,191.8333495729603,8,COMPLETE
1050,27.34822471960312,2.6849522818430573,2026-10-06 01:01:21.382677,2026-10-06 01:04:31.494499,0 days 00:03:10.111822,0.14472486883161542,20.213335196982104,54.6602172125733,3.7504775608803835,0.009569508337727876,0.00027663544264729204,190.11173805361614,8,COMPLETE
1051,23.72884028396979,4.401408970543007,2026-10-06 01:01:21.664693,2026-10-06 01:04:34.008518,0 days 00:03:12.343825,0.14472486883161542,39.483219377604556,77.51383454227101,14.121787833579845,0.009569508337727876,0.0009482221502550213,192.34372822381556,8,COMPLETE
1052,21.69665813222348,2.9665732742234834,2026-10-06 01:03:42.128688,2026-10-06 01:06:58.409113,0 days 00:03:16.280425,0.14472486883161542,48.147926180602234,78.91305021174706,18.49957504695779,0.01169395595794374,3.3976165743800303e-06,196.28033082280308,8,COMPLETE
1053,28.10308385084206,12.24250453041832,2026-10-06 01:04:21.525721,2026-10-06 01:07:38.725151,0 days 00:03:17.199430,0.14472486883161542,5.163106132123858,78.91305021174706,69.59849767866419,0.01478582612116327,0.0002119529307262873,197.19934186898172,8,COMPLETE
1054,22.14135528658202,4.516837295966966,2026-10-06 01:04:23.595754,2026-10-06 01:07:35.268558,0 days 00:03:11.672804,0.14472486883161542,35.15894791736209,78.91305021174706,18.49957504695779,0.009569508337727876,0.007690928916612578,191.67268924973905,8,COMPLETE
1055,29.609412898377194,1.7646964378318613,2026-10-06 01:04:23.716791,2026-10-06 01:07:37.187779,0 days 00:03:13.470988,0.14472486883161542,32.133571428288036,83.63462158426863,3.323181860316004,0.01478582612116327,1.5833547229919072e-06,193.47089077113196,8,COMPLETE
1056,31.294358797792732,1.27685043083632,2026-10-06 01:04:24.112696,2026-10-06 01:07:37.079532,0 days 00:03:12.966836,0.14472486883161542,32.133571428288036,83.63462158426863,2.0489784059322336,0.03249121086250505,0.001754171270788285,192.96673159999773,8,COMPLETE
1057,5.386919003358628,1.3578502841859104,2026-10-06 01:04:24.124830,2026-10-06 01:07:39.677542,0 days 00:03:15.552712,0.5555069055943938,28.168857927790548,1.6403427423362138,1.8190863578544005,0.02813491778598285,0.0002119529307262873,195.55251441104338,8,COMPLETE
1058,1.3547287235544647,1.1997453344886069,2026-10-06 01:04:24.128659,2026-10-06 01:07:33.832386,0 days 00:03:09.703727,0.01655882843575078,46.774203669468385,78.91305021174706,3.323181860316004,0.009590142710421577,0.001754171270788285,189.7036247518845,8,COMPLETE
1059,5.125417066684593,1.3129890868273395,2026-10-06 01:04:25.002969,2026-10-06 01:07:37.315350,0 days 00:03:12.312381,0.5555069055943938,32.133571428288036,83.63462158426863,20.396326259533513,0.009596121382849983,0.001754171270788285,192.31228859489784,8,COMPLETE
1060,27.113459968176368,1.3233216518428015,2026-10-06 01:04:25.232688,2026-10-06 01:07:35.593374,0 days 00:03:10.360686,0.14472486883161542,3.42961079489487,82.11028867024922,3.7504775608803835,0.026606284328135367,0.06672101812662193,190.36058178497478,8,COMPLETE
1061,0.2553620134799635,1.2187269692936185,2026-10-06 01:04:25.388679,2026-10-06 01:07:39.836223,0 days 00:03:14.447544,0.5555069055943938,3.42961079489487,85.7034102631403,18.49957504695779,0.009569508337727876,8.71986019479251e-05,194.44745956221595,8,COMPLETE
1062,,,2026-10-06 01:04:25.761691,2026-10-06 01:04:26.897721,0 days 00:00:01.136030,0.14472486883161542,20.213335196982104,96.80868426425741,62.93561876058319,0.009569508337727876,,,8,PRUNED
1063,27.431457851887114,10.375514746308959,2026-10-06 01:04:26.008687,2026-10-06 01:07:42.039842,0 days 00:03:16.031155,0.14472486883161542,3.42961079489487,78.91305021174706,16.875294245648522,0.009596121382849983,0.05622206178858617,196.0310746980831,8,COMPLETE
1064,23.314380501006728,1.163294610742482,2026-10-06 01:04:26.067802,2026-10-06 01:07:38.996572,0 days 00:03:12.928770,0.03802949513504722,3.42961079489487,89.61123200940895,18.49957504695779,0.0272863075382553,5.096839248556642e-06,192.92855375027284,8,COMPLETE
1065,2.360079357692808,1.2214681144942885,2026-10-06 01:04:26.116669,2026-10-06 01:07:42.216088,0 days 00:03:16.099419,0.14472486883161542,46.65115833455933,5.3177483254093785,69.59849767866419,0.0232326269081286,3.3976165743800303e-06,196.09932496817783,8,COMPLETE
1066,28.87110854736445,1.75260308637612,2026-10-06 01:04:26.236830,2026-10-06 01:07:40.690411,0 days 00:03:14.453581,0.2880553685721488,32.133571428288036,83.63462158426863,1.7658496078448727,0.016205446913400444,0.00014430504962673502,194.45350602595136,8,COMPLETE
1067,21.05897387661789,1.394673223999636,2026-10-06 01:04:26.252655,2026-10-06 01:07:41.424948,0 days 00:03:15.172293,0.14472486883161542,15.859677991775037,75.08545011892379,22.95159790869682,0.01478582612116327,0.004038586316950702,195.17221410386264,8,COMPLETE
1068,27.56690426390415,1.885884644386064,2026-10-06 01:04:26.284653,2026-10-06 01:07:40.800408,0 days 00:03:14.515755,0.2880553685721488,30.4361881968835,77.51383454227101,3.0837660981857713,0.018092279071375623,0.001754171270788285,194.51567521505058,8,COMPLETE
1069,,,2026-10-06 01:04:26.532533,2026-10-06 01:04:26.879721,0 days 00:00:00.347188,0.14472486883161542,32.133571428288036,78.91305021174706,5.278896569881925,0.00365897679280244,,,8,PRUNED
1070,26.29106697688752,2.253814536784775,2026-10-06 01:04:26.535653,2026-10-06 01:07:40.583012,0 days 00:03:14.047359,0.14472486883161542,32.133571428288036,83.63462158426863,9.695011138973806,0.013593181580386379,0.007690928916612578,194.04728593304753,8,COMPLETE
1071,5.1229535761452425,1.2165738904610828,2026-10-06 01:04:26.810530,2026-10-06 01:07:41.023182,0 days 00:03:14.212652,0.05885324648315317,33.56497505434517,10.20653494365929,1.5476595053337825,0.016205446913400444,0.0004646845328641408,194.21256595803425,8,COMPLETE
1072,24.186147552134763,1.1978735670919107,2026-10-06 01:04:27.029108,2026-10-06 01:07:36.696391,0 days 00:03:09.667283,0.14472486883161542,3.42961079489487,54.6602172125733,3.7504775608803835,0.08528290730134634,2.328670127015952e-06,189.66718063037843,8,COMPLETE
1073,21.668473867025988,1.206434152673764,2026-10-06 01:04:27.032657,2026-10-06 01:07:38.996665,0 days 00:03:11.964008,0.14472486883161542,3.42961079489487,78.91305021174706,1.7658496078448727,0.009569508337727876,0.7712673785014601,191.96396239614114,8,COMPLETE
1074,24.204646345651053,1.9957105124624626,2026-10-06 01:04:27.440066,2026-10-06 01:07:38.972872,0 days 00:03:11.532806,0.48967816666395225,8.987478920641044,83.63462158426863,1.7658496078448727,0.009569508337727876,0.00010160998520747449,191.53272164193913,8,COMPLETE
1075,25.258009813996658,1.8538933780366889,2026-10-06 01:04:27.615946,2026-10-06 01:07:41.837478,0 days 00:03:14.221532,0.14472486883161542,39.581633660362385,82.11028867024922,12.025559114678314,0.016205446913400444,0.0004888384787132523,194.22145392000675,8,COMPLETE
1076,29.689408979200984,3.0311671431043044,2026-10-06 01:04:27.619672,2026-10-06 01:07:38.828046,0 days 00:03:11.208374,0.14472486883161542,20.213335196982104,77.51383454227101,3.7504775608803835,0.009569508337727876,0.00010736461761756175,191.20828881999478,8,COMPLETE
1077,21.736586318836483,7.625085832489183,2026-10-06 01:04:27.623644,2026-10-06 01:07:40.520206,0 days 00:03:12.896562,0.48967816666395225,8.987478920641044,89.61123200940895,18.49957504695779,0.0272863075382553,0.00010160998520747449,192.8964773658663,8,COMPLETE
1078,3.0413514571614764,1.2483206966569012,2026-10-06 01:04:27.627649,2026-10-06 01:07:42.571939,0 days 00:03:14.944290,0.1338864078069938,32.133571428288036,1.630058269953732,2.0489784059322336,0.02772360731825578,0.004038586316950702,194.94421682180837,8,COMPLETE
1079,22.3067990036481,1.2499415694182976,2026-10-06 01:04:27.648967,2026-10-06 01:07:41.782062,0 days 00:03:14.133095,0.035396858646407105,3.42961079489487,77.51383454227101,18.49957504695779,0.01478582612116327,0.0009482221502550213,194.13302167598158,8,COMPLETE
1080,1.015758138749106,1.1905160728818975,2026-10-06 01:04:27.676792,2026-10-06 01:07:40.574945,0 days 00:03:12.898153,0.14472486883161542,32.133571428288036,77.51383454227101,18.49957504695779,0.008360373832577348,0.0004888384787132523,192.89807411795482,8,COMPLETE
1081,30.01486565822005,3.198412376088294,2026-10-06 01:04:28.023694,2026-10-06 01:07:41.038480,0 days 00:03:13.014786,0.1912088840068961,32.133571428288036,83.63462158426863,2.3403822035947512,0.009596121382849983,2.328670127015952e-06,193.01471419772133,8,COMPLETE
1082,5.988883812066289,1.57113149796155,2026-10-06 01:04:28.027661,2026-10-06 01:07:41.400008,0 days 00:03:13.372347,0.847458666916414,3.42961079489487,1.233999197591329,3.7504775608803835,0.009569508337727876,2.328670127015952e-06,193.37225532531738,8,COMPLETE
1083,3.4238425680908584,1.2446142587176416,2026-10-06 01:04:28.348533,2026-10-06 01:07:42.522817,0 days 00:03:14.174284,0.6707519252569772,42.46771091145562,14.719249146245843,69.59849767866419,0.009569508337727876,6.716761291728233e-06,194.1742126531899,9,COMPLETE
1084,28.351390428841455,1.5557056942473297,2026-10-06 01:04:28.484712,2026-10-06 01:07:36.526157,0 days 00:03:08.041445,0.14472486883161542,32.133571428288036,75.08545011892379,3.323181860316004,0.016205446913400444,0.250231949795781,188.04133653827012,9,COMPLETE
1085,,,2026-10-06 01:04:28.520667,2026-10-06 01:04:29.604685,0 days 00:00:01.084018,0.11520319916653671,3.42961079489487,78.91305021174706,18.49957504695779,0.0010494191804338302,,,9,PRUNED
1086,21.808048734944474,25.25432126447999,2026-10-06 01:04:28.557671,2026-10-06 01:07:42.248687,0 days 00:03:13.691016,0.6040198049165227,6.28879905307643,78.91305021174706,12.025559114678314,0.009569508337727876,2.328670127015952e-06,193.69093951117247,9,COMPLETE
