number,values_0,values_1,datetime_start,datetime_complete,duration,params_c_val,params_input_force,params_k_between_val,params_k_wall_val,params_m_val,params_ridge_alpha,user_attrs_duration_sec,system_attrs_NSGAIISampler:generation,state
1254,28.892927248452065,19.084147465728325,2026-10-06 01:10:58.347668,2026-10-06 01:14:10.599694,0 days 00:03:12.252026,0.14472486883161542,3.42961079489487,78.91305021174706,72.11032835897271,0.009406258884274878,0.0004045387004489123,192.25195016385987,10,COMPLETE
1255,25.349023287438303,10.536221701388488,2026-10-06 01:10:58.767689,2026-10-06 01:14:07.123268,0 days 00:03:08.355579,0.48967816666395225,3.42961079489487,78.91305021174706,1.7658496078448727,0.009569508337727876,2.328670127015952e-06,188.35548708820716,10,COMPLETE
1256,18.65174054022584,7.331235314931727,2026-10-06 01:10:59.184692,2026-10-06 01:14:10.555474,0 days 00:03:11.370782,0.14472486883161542,3.42961079489487,78.91305021174706,18.49957504695779,0.009569508337727876,2.359102711393916,191.37070478964597,10,COMPLETE
1257,,,2026-10-06 01:10:59.288682,2026-10-06 01:10:59.786733,0 days 00:00:00.498051,0.41952372072545585,3.42961079489487,77.51383454227101,18.49957504695779,0.004298169619165365,,,10,PRUNED
1258,13.36694610168276,1.5962843794981518,2026-10-06 01:10:59.304662,2026-10-06 01:14:10.527098,0 days 00:03:11.222436,0.47840680575026123,7.95664109853345,21.428668924963468,3.7504775608803835,0.009569508337727876,2.328670127015952e-06,191.22235889313743,10,COMPLETE
1259,5.689032920097558,1.2081725598722104,2026-10-06 01:10:59.748848,2026-10-06 01:14:12.399160,0 days 00:03:12.650312,0.017012772137383638,3.42961079489487,1.538600116439658,3.4868716665251984,0.009569508337727876,0.007414986335093308,192.6502246079035,10,COMPLETE
1260,24.657553568457903,4.429266478485253,2026-10-06 01:10:59.752660,2026-10-06 01:14:11.872388,0 days 00:03:12.119728,0.14472486883161542,43.33969863125412,78.91305021174706,12.025559114678314,0.009590142710421577,0.001754171270788285,192.11963190604,10,COMPLETE
1261,1.9873290746920411,1.5051912986645968,2026-10-06 01:10:59.984678,2026-10-06 01:14:13.167407,0 days 00:03:13.182729,0.14472486883161542,28.1007340438596,1.915996576912154,2.0489784059322336,0.009596121382849983,3.870050256678385e-06,193.18263238715008,10,COMPLETE
1262,10.696659279436016,1.2380726966454176,2026-10-06 01:13:20.603701,2026-10-06 01:16:34.834162,0 days 00:03:14.230461,0.14472486883161542,3.42961079489487,7.5194841566065325,18.49957504695779,0.08227559437660475,0.0009482221502550213,194.23035318404436,10,COMPLETE
1263,6.613657851711696,1.7068224581781508,2026-10-06 01:14:02.664867,2026-10-06 01:17:14.420324,0 days 00:03:11.755457,0.14472486883161542,45.43294842823352,13.528195103307148,18.49957504695779,0.009569508337727876,0.001754171270788285,191.75534389680251,10,COMPLETE
1264,15.40597131228212,2.106587570679843,2026-10-06 01:14:02.883875,2026-10-06 01:17:14.462784,0 days 00:03:11.578909,0.5555069055943938,13.404124732763913,78.91305021174706,18.49957504695779,0.009569508337727876,0.0008966254827331043,191.57881643716246,10,COMPLETE
1265,30.24677223918379,16.95454237805794,2026-10-06 01:14:03.220856,2026-10-06 01:17:17.820258,0 days 00:03:14.599402,0.14472486883161542,3.42961079489487,78.91305021174706,18.49957504695779,0.009569508337727876,2.328670127015952e-06,194.59930452005938,10,COMPLETE
1266,27.223919577982986,2.6129248703801466,2026-10-06 01:14:03.283933,2026-10-06 01:17:17.877373,0 days 00:03:14.593440,0.2499444269043376,46.65115833455933,60.55331984629977,1.8190863578544005,0.009569508337727876,0.00019782604901777098,194.5933468816802,10,COMPLETE
1267,24.519175989322225,4.531886993414716,2026-10-06 01:14:03.816704,2026-10-06 01:17:16.486096,0 days 00:03:12.669392,0.14472486883161542,46.65115833455933,78.91305021174706,12.025559114678314,0.009569508337727876,2.328670127015952e-06,192.66928811511025,10,COMPLETE
1268,26.114162578826154,1.2579870229599228,2026-10-06 01:14:03.956828,2026-10-06 01:17:14.861623,0 days 00:03:10.904795,0.014020283718405184,3.7912786257780935,78.91305021174706,3.7504775608803835,0.009569508337727876,2.328670127015952e-06,190.9047018927522,10,COMPLETE
1269,,,2026-10-06 01:14:04.145974,2026-10-06 01:14:05.386714,0 days 00:00:01.240740,0.14472486883161542,44.31142725884908,78.91305021174706,1.1751111282442015,0.001519003993964188,,,10,PRUNED
1270,20.14229822411581,9.154437118339628,2026-10-06 01:14:04.334695,2026-10-06 01:17:15.911755,0 days 00:03:11.577060,0.5555069055943938,8.987478920641044,85.7034102631403,12.272578072770548,0.01478582612116327,2.328670127015952e-06,191.57695471681654,10,COMPLETE
1271,26.564780929207195,8.539421642688648,2026-10-06 01:14:04.635687,2026-10-06 01:17:20.219494,0 days 00:03:15.583807,0.6707519252569772,3.42961079489487,78.91305021174706,57.429854875521244,0.05927306508784882,2.328670127015952e-06,195.58372277440503,10,COMPLETE
1272,17.55572152792559,14.050645872551392,2026-10-06 01:14:04.693915,2026-10-06 01:17:19.624870,0 days 00:03:14.930955,0.48967816666395225,3.42961079489487,78.91305021174706,18.49957504695779,0.009569508337727876,0.001754171270788285,194.930886244867,10,COMPLETE
1273,16.321356736066257,3.249625742485305,2026-10-06 01:14:04.801716,2026-10-06 01:17:19.791318,0 days 00:03:14.989602,0.5555069055943938,3.42961079489487,85.7034102631403,18.49957504695779,0.024790630872431413,0.06672101812662193,194.9895277316682,10,COMPLETE
1274,23.025868767965157,1.90648041810769,2026-10-06 01:14:04.881883,2026-10-06 01:17:21.128091,0 days 00:03:16.246208,0.14472486883161542,32.133571428288036,82.11028867024922,18.49957504695779,0.015741245650108236,0.0009482221502550213,196.24612877424806,10,COMPLETE
1275,10.502624326717651,9.553749365667393,2026-10-06 01:14:04.885669,2026-10-06 01:17:18.298710,0 days 00:03:13.413041,0.6040198049165227,6.28879905307643,8.816939020981401,18.49957504695779,0.009569508337727876,2.328670127015952e-06,193.41294546006247,10,COMPLETE
1276,27.356289608167238,1.966383867931425,2026-10-06 01:14:04.889656,2026-10-06 01:17:21.601175,0 days 00:03:16.711519,0.14472486883161542,46.65115833455933,78.91305021174706,6.607688343352742,0.01478582612116327,2.328670127015952e-06,196.71143420785666,10,COMPLETE
1277,29.893352892345387,14.175762612204037,2026-10-06 01:14:04.893648,2026-10-06 01:17:18.639911,0 days 00:03:13.746263,0.14472486883161542,3.42961079489487,78.91305021174706,12.025559114678314,0.009569508337727876,2.328670127015952e-06,193.74617617810145,10,COMPLETE
1278,30.58175276525259,1.5232393498227168,2026-10-06 01:14:05.100733,2026-10-06 01:17:20.351022,0 days 00:03:15.250289,0.14472486883161542,37.698889849335174,78.91305021174706,1.8190863578544005,0.01478582612116327,2.328670127015952e-06,195.250214680098,10,COMPLETE
1279,20.001732143280172,4.608200456627114,2026-10-06 01:14:05.276681,2026-10-06 01:17:20.335145,0 days 00:03:15.058464,0.5555069055943938,3.42961079489487,89.61123200940895,1.7658496078448727,0.01478582612116327,0.0004045387004489123,195.05839455779642,10,COMPLETE
1280,28.275438855921134,7.118040354797806,2026-10-06 01:14:05.308668,2026-10-06 01:17:16.036519,0 days 00:03:10.727851,0.2880553685721488,3.42961079489487,78.91305021174706,1.7658496078448727,0.009569508337727876,0.00010160998520747449,190.72775444295257,10,COMPLETE
1281,3.8936164502131994,1.1736538656484887,2026-10-06 01:14:05.459837,2026-10-06 01:17:18.093113,0 days 00:03:12.633276,0.016224754357112063,48.147926180602234,1.042546260727942,1.7658496078448727,0.01478582612116327,0.0004045387004489123,192.63319349242374,10,COMPLETE
1282,23.72634535349082,1.5349875388440513,2026-10-06 01:14:05.647678,2026-10-06 01:17:21.453350,0 days 00:03:15.805672,0.14472486883161542,6.28879905307643,78.91305021174706,18.49957504695779,0.009569508337727876,2.328670127015952e-06,195.80558507610112,10,COMPLETE
1283,2.864227453967663,1.2170215469596026,2026-10-06 01:14:06.000336,2026-10-06 01:17:20.419498,0 days 00:03:14.419162,0.14472486883161542,14.646371387933241,1.4779226053454895,18.49957504695779,0.009569508337727876,1.9802170631331362,194.41908833943307,10,COMPLETE
1284,19.330358412266,4.819130317781551,2026-10-06 01:14:06.003647,2026-10-06 01:17:20.479477,0 days 00:03:14.475830,0.14472486883161542,46.774203669468385,78.91305021174706,24.6146396705517,0.009590142710421577,9.978755619989728e-05,194.47575454600155,10,COMPLETE
1285,17.279187130895487,3.5602880853465018,2026-10-06 01:14:06.442687,2026-10-06 01:17:17.606744,0 days 00:03:11.164057,0.6707519252569772,46.774203669468385,78.91305021174706,10.132684103520647,0.01478582612116327,0.001754171270788285,191.1639625201933,10,COMPLETE
1286,3.353718681487737,1.2238469921988486,2026-10-06 01:14:06.463635,2026-10-06 01:17:16.940306,0 days 00:03:10.476671,0.14472486883161542,45.43294842823352,1.4353277413846077,2.0489784059322336,0.016205446913400444,0.001754171270788285,190.4765701610595,10,COMPLETE
1287,24.858897771408298,1.9493165111121717,2026-10-06 01:14:06.810691,2026-10-06 01:17:20.166752,0 days 00:03:13.356061,0.14472486883161542,32.133571428288036,23.86895260816078,1.3952232429901594,0.009406258884274878,9.391865709026338e-06,193.35596895078197,10,COMPLETE
1288,30.619180390059135,1.4981030462933087,2026-10-06 01:14:07.096853,2026-10-06 01:17:19.834451,0 days 00:03:12.737598,0.14472486883161542,45.741044518014796,78.91305021174706,1.8190863578544005,0.01478582612116327,2.328670127015952e-06,192.73751602508128,10,COMPLETE
1289,4.039147161573263,1.3835323752499284,2026-10-06 01:14:07.234820,2026-10-06 01:17:20.493045,0 days 00:03:13.258225,0.6040198049165227,3.42961079489487,1.1153453435621843,1.0024519641385672,0.009569508337727876,2.328670127015952e-06,193.25815028417856,10,COMPLETE
1290,1.0332672220042525,1.2018353346952937,2026-10-06 01:14:07.238658,2026-10-06 01:17:21.660065,0 days 00:03:14.421407,0.011929286927353072,46.774203669468385,78.91305021174706,12.025559114678314,0.009569508337727876,2.328670127015952e-06,194.42132567008957,10,COMPLETE
1291,16.502378109088728,17.88550569476838,2026-10-06 01:14:07.322659,2026-10-06 01:17:20.036292,0 days 00:03:12.713633,0.6040198049165227,6.28879905307643,32.233952817229785,18.49957504695779,0.0158565826641186,2.328670127015952e-06,192.71354481903836,10,COMPLETE
1292,30.432394682809907,1.302622229877397,2026-10-06 01:14:07.722953,2026-10-06 01:17:21.614100,0 days 00:03:13.891147,0.07777654865669366,3.42961079489487,78.91305021174706,2.0489784059322336,0.009569508337727876,0.007690928916612578,193.8910779361613,10,COMPLETE
1293,17.699281772209012,1.6690857044789276,2026-10-06 01:14:07.835673,2026-10-06 01:17:20.208199,0 days 00:03:12.372526,0.1338864078069938,36.58907300990808,32.91132548746926,12.025559114678314,0.016205446913400444,1.6208021567678357,192.37244899384677,10,COMPLETE
1294,1.780621183496044,1.187334131415633,2026-10-06 01:14:07.839648,2026-10-06 01:17:18.497955,0 days 00:03:10.658307,0.2880553685721488,32.133571428288036,99.00751447520854,2.0489784059322336,0.009569508337727876,0.00026285855894701214,190.65822856407613,10,COMPLETE
1295,29.893352892345387,14.175762612204037,2026-10-06 01:14:07.936243,2026-10-06 01:17:20.814577,0 days 00:03:12.878334,0.14472486883161542,3.42961079489487,78.91305021174706,12.025559114678314,0.009569508337727876,2.328670127015952e-06,192.8782540508546,10,COMPLETE
1296,22.833210854269222,1.2495869703315712,2026-10-06 01:14:08.012028,2026-10-06 01:17:20.765674,0 days 00:03:12.753646,0.017191334459714627,3.42961079489487,78.91305021174706,12.025559114678314,0.009569508337727876,2.328670127015952e-06,192.7535584983416,10,COMPLETE
1297,30.940234249668823,4.6329045595604725,2026-10-06 01:14:08.372474,2026-10-06 01:17:18.346091,0 days 00:03:09.973617,0.14472486883161542,3.42961079489487,78.91305021174706,12.025559114678314,0.024790630872431413,2.328670127015952e-06,189.97353353211656,10,COMPLETE
1298,22.387759654653806,13.10824958084535,2026-10-06 01:14:08.466846,2026-10-06 01:17:22.754312,0 days 00:03:14.287466,0.6040198049165227,3.42961079489487,78.91305021174706,3.7504775608803835,0.009569508337727876,2.328670127015952e-06,194.2873719856143,10,COMPLETE
1299,20.241866174618213,21.9835052318958,2026-10-06 01:14:08.470643,2026-10-06 01:17:20.454966,0 days 00:03:11.984323,0.6040198049165227,6.28879905307643,70.78277488517178,12.025559114678314,0.009569508337727876,2.328670127015952e-06,191.98424535803497,10,COMPLETE
1300,31.246080586087665,7.070144080263428,2026-10-06 01:14:08.474653,2026-10-06 01:17:22.059134,0 days 00:03:13.584481,0.14472486883161542,2.729644703103613,85.7034102631403,28.521004463161855,0.024790630872431413,2.328670127015952e-06,193.58440190320835,10,COMPLETE
1301,25.07199023293498,4.786776453108729,2026-10-06 01:14:08.716692,2026-10-06 01:17:21.089490,0 days 00:03:12.372798,0.5913447355819067,12.689969791195297,78.91305021174706,60.076644455480746,0.08704179335790337,2.328670127015952e-06,192.37271718960255,10,COMPLETE
1302,16.29167411579302,1.2170955109967907,2026-10-06 01:14:08.928696,2026-10-06 01:17:19.622920,0 days 00:03:10.694224,0.05003215050413648,6.28879905307643,32.233952817229785,18.49957504695779,0.009569508337727876,7.157297817394295e-06,190.69413985684514,10,COMPLETE
1303,28.943967360111166,6.403479732223981,2026-10-06 01:14:09.140680,2026-10-06 01:17:21.944497,0 days 00:03:12.803817,0.2880553685721488,3.362723404725344,83.63462158426863,1.7658496078448727,0.01478582612116327,3.870050256678385e-06,192.8037346531637,10,COMPLETE
1304,22.654901791224887,3.725546769142615,2026-10-06 01:14:09.428869,2026-10-06 01:17:21.005999,0 days 00:03:11.577130,0.48967816666395225,45.741044518014796,78.91305021174706,4.808822098576047,0.01478582612116327,2.328670127015952e-06,191.57705444470048,10,COMPLETE
1305,18.79056892621398,4.86368974724836,2026-10-06 01:14:09.432652,2026-10-06 01:17:21.595487,0 days 00:03:12.162835,0.14472486883161542,42.245514488913045,82.11028867024922,26.658616723900693,0.009569508337727876,2.328670127015952e-06,192.1627573738806,10,COMPLETE
1306,30.75716815043257,1.8779532969796702,2026-10-06 01:14:09.436642,2026-10-06 01:17:20.333932,0 days 00:03:10.897290,0.14472486883161542,46.65115833455933,78.91305021174706,1.7658496078448727,0.009590142710421577,0.06672101812662193,190.89721432887018,10,COMPLETE
1307,30.97063149055204,2.243554471955099,2026-10-06 01:14:09.440636,2026-10-06 01:17:19.782066,0 days 00:03:10.341430,0.14472486883161542,39.06649664630378,78.91305021174706,1.8190863578544005,0.009569508337727876,2.328670127015952e-06,190.3413529866375,10,COMPLETE
1308,16.990172548931056,6.215986526242584,2026-10-06 01:14:09.444650,2026-10-06 01:17:22.439493,0 days 00:03:12.994843,0.842724031174807,1.8054001832365776,78.91305021174706,1.8190863578544005,0.009569508337727876,2.328670127015952e-06,192.99475261988118,10,COMPLETE
1309,,,2026-10-06 01:14:09.448642,2026-10-06 01:14:10.240676,0 days 00:00:00.792034,0.41952372072545585,3.42961079489487,78.91305021174706,33.705587852946245,0.008199994427908447,,,10,PRUNED
1310,29.549454728727596,3.214103672867391,2026-10-06 01:14:09.564674,2026-10-06 01:17:20.643669,0 days 00:03:11.078995,0.14472486883161542,32.133571428288036,82.11028867024922,3.7504775608803835,0.009569508337727876,0.001754171270788285,191.07864373363554,10,COMPLETE
1311,11.521095051616069,3.6498549259579853,2026-10-06 01:14:09.676677,2026-10-06 01:17:18.437158,0 days 00:03:08.760481,0.14472486883161542,1.8054001832365776,2.3146121455703694,28.521004463161855,0.009569508337727876,2.328670127015952e-06,188.76040317304432,10,COMPLETE
1312,29.665197316181878,12.571658563599724,2026-10-06 01:14:10.422859,2026-10-06 01:17:21.825828,0 days 00:03:11.402969,0.14472486883161542,3.42961079489487,78.91305021174706,18.808973665165144,0.009569508337727876,0.0009482221502550213,191.40289847413078,10,COMPLETE
1313,11.716649828870208,1.2398654683580037,2026-10-06 01:14:10.426650,2026-10-06 01:17:21.780492,0 days 00:03:11.353842,0.012289307354229444,3.42961079489487,33.89617855908989,18.49957504695779,0.009406258884274878,4.486661222677033,191.3537657521665,10,COMPLETE
1314,29.688820326462768,3.0407083574051246,2026-10-06 01:14:10.430644,2026-10-06 01:17:19.667796,0 days 00:03:09.237152,0.14472486883161542,20.213335196982104,77.51383454227101,3.7504775608803835,0.009569508337727876,6.16520027827117e-06,189.2370767290704,10,COMPLETE
1315,29.893352892345387,14.175762612204037,2026-10-06 01:14:10.434640,2026-10-06 01:17:17.333557,0 days 00:03:06.898917,0.14472486883161542,3.42961079489487,78.91305021174706,12.025559114678314,0.009569508337727876,2.328670127015952e-06,186.8988258820027,10,COMPLETE
1316,17.11964011825922,15.236851764644765,2026-10-06 01:14:10.449806,2026-10-06 01:17:20.466348,0 days 00:03:10.016542,0.48967816666395225,3.42961079489487,50.67317171946124,18.49957504695779,0.009569508337727876,9.719296831989749e-05,190.01647112285718,10,COMPLETE
1317,31.03973106697889,2.1608929599986197,2026-10-06 01:14:10.593360,2026-10-06 01:17:25.437077,0 days 00:03:14.843717,0.14472486883161542,46.747882382487646,78.91305021174706,1.8190863578544005,0.009569508337727876,2.328670127015952e-06,194.84360326407477,10,COMPLETE
1318,15.62511349203486,1.1625170605224397,2026-10-06 01:14:10.628811,2026-10-06 01:17:19.168775,0 days 00:03:08.539964,0.020352523503951583,8.987478920641044,89.61123200940895,18.49957504695779,0.01478582612116327,0.00010160998520747449,188.5398848024197,10,COMPLETE
1319,23.752283772513813,1.3843225993486037,2026-10-06 01:14:10.640667,2026-10-06 01:17:21.311266,0 days 00:03:10.670599,0.04273648242343995,3.42961079489487,78.91305021174706,23.64361650452947,0.009569508337727876,2.328670127015952e-06,190.6705167843029,10,COMPLETE
1320,31.033247449341513,3.3311521341770165,2026-10-06 01:14:10.664648,2026-10-06 01:17:20.270336,0 days 00:03:09.605688,0.14472486883161542,3.42961079489487,78.91305021174706,18.49957504695779,0.03975338057221997,2.328670127015952e-06,189.60561113711447,10,COMPLETE
1321,9.321276592980254,1.3100758990913617,2026-10-06 01:14:11.447683,2026-10-06 01:17:21.633754,0 days 00:03:10.186071,0.6040198049165227,3.42961079489487,78.91305021174706,27.859415354284994,0.009569508337727876,91.02588444414116,190.18599968403578,11,COMPLETE
1322,31.078982312564865,2.1288365846995854,2026-10-06 01:14:11.617842,2026-10-06 01:17:24.967976,0 days 00:03:13.350134,0.14472486883161542,46.774203669468385,78.91305021174706,1.7658496078448727,0.009569508337727876,2.328670127015952e-06,193.3500472838059,11,COMPLETE
1323,24.293559357814893,25.182782593238816,2026-10-06 01:14:11.621664,2026-10-06 01:17:21.828263,0 days 00:03:10.206599,0.48967816666395225,3.42961079489487,78.91305021174706,18.49957504695779,0.009569508337727876,2.328670127015952e-06,190.20653166109696,11,COMPLETE
1324,30.75716815043257,1.8779532969796702,2026-10-06 01:14:12.426684,2026-10-06 01:17:20.890082,0 days 00:03:08.463398,0.14472486883161542,46.65115833455933,78.91305021174706,1.7658496078448727,0.009590142710421577,0.06672101812662193,188.46331883221865,11,COMPLETE
1325,23.936678111655223,1.2599364517556892,2026-10-06 01:14:12.430659,2026-10-06 01:17:23.724520,0 days 00:03:11.293861,0.08220856673033629,6.28879905307643,78.91305021174706,18.49957504695779,0.009569508337727876,3.4527695370835244e-06,191.29376095766202,11,COMPLETE
1326,2.823834708733917,1.4076936923801546,2026-10-06 01:14:12.434826,2026-10-06 01:17:20.674761,0 days 00:03:08.239935,0.05822521124473468,48.12417581872469,4.256729063921087,18.479503165260773,0.009569508337727876,95.65553726283667,188.2398501848802,11,COMPLETE
1327,23.586782451260696,1.599208441362323,2026-10-06 01:14:13.254452,2026-10-06 01:17:21.134701,0 days 00:03:07.880249,0.20163506070067017,8.087421071639683,78.91305021174706,18.49957504695779,0.009569508337727876,2.328670127015952e-06,187.8801768780686,11,COMPLETE
1328,27.824069828093865,1.4108458510626851,2026-10-06 01:16:34.951702,2026-10-06 01:19:47.908285,0 days 00:03:12.956583,0.14472486883161542,46.65115833455933,99.00751447520854,1.7658496078448727,0.01478582612116327,16.23901805343891,192.9564681542106,11,COMPLETE
1329,5.415373699250116,1.6030357226735643,2026-10-06 01:17:14.520510,2026-10-06 01:20:25.582061,0 days 00:03:11.061551,0.6040198049165227,46.65115833455933,4.8000804187394674,12.025559114678314,0.005043483395276025,2.328670127015952e-06,191.06144465319812,11,COMPLETE
1330,15.31580650278537,3.988503620779124,2026-10-06 01:17:14.795717,2026-10-06 01:20:28.535497,0 days 00:03:13.739780,0.6707519252569772,3.42961079489487,78.91305021174706,12.025559114678314,0.01478582612116327,0.021315563387474597,193.739682382904,11,COMPLETE
1331,31.614148712596783,8.53916325879115,2026-10-06 01:17:14.884392,2026-10-06 01:20:28.667088,0 days 00:03:13.782696,0.14472486883161542,1.8054001832365776,78.91305021174706,1.3798280184278788,0.009569508337727876,2.328670127015952e-06,193.78259287029505,11,COMPLETE
1332,18.520473363895352,1.264461144320355,2026-10-06 01:17:15.912236,2026-10-06 01:20:31.440833,0 days 00:03:15.528597,0.03536895310316106,3.42961079489487,78.91305021174706,33.705587852946245,0.008929841701379563,9.391865709026338e-06,195.52851386601105,11,COMPLETE
1333,29.955076258187177,3.1526458303132054,2026-10-06 01:17:16.089706,2026-10-06 01:20:26.719302,0 days 00:03:10.629596,0.14472486883161542,3.42961079489487,78.91305021174706,3.7504775608803835,0.009569508337727876,2.328670127015952e-06,190.6294860127382,11,COMPLETE
1334,27.504653263383613,8.468797610999752,2026-10-06 01:17:16.597689,2026-10-06 01:20:30.097058,0 days 00:03:13.499369,0.41952372072545585,3.42961079489487,78.91305021174706,1.1378006238064131,0.009569508337727876,2.328670127015952e-06,193.4992789560929,11,COMPLETE
1335,27.081872025014558,10.475619260969106,2026-10-06 01:17:17.112815,2026-10-06 01:20:29.561712,0 days 00:03:12.448897,0.41952372072545585,3.42961079489487,78.91305021174706,1.8190863578544005,0.009569508337727876,4.1802682719085015e-06,192.4487984930165,11,COMPLETE
