number,values_0,values_1,datetime_start,datetime_complete,duration,params_c_val,params_input_force,params_k_between_val,params_k_wall_val,params_m_val,params_ridge_alpha,user_attrs_duration_sec,system_attrs_NSGAIISampler:generation,state
3567,22.90377792797671,13.417743124738529,2026-10-06 03:00:15.437649,2026-10-06 03:03:26.341193,0 days 00:03:10.903544,0.14472486883161542,1.8054001832365776,16.524879553608645,22.318904821030845,0.009569508337727876,2.328670127015952e-06,190.90345729514956,30,COMPLETE
3568,15.125040027989694,1.3548403019784079,2026-10-06 03:00:15.457797,2026-10-06 03:03:31.413945,0 days 00:03:15.956148,0.22031827582514427,1.8054001832365776,78.91305021174706,35.397938808104236,0.009569508337727876,13.561416127294335,195.95602809637785,30,COMPLETE
3569,,,2026-10-06 03:00:15.461632,2026-10-06 03:02:10.008734,0 days 00:01:54.547102,0.3401090828369047,3.42961079489487,78.91305021174706,36.089046375071874,0.008698017554316196,22.83482953360357,,30,PRUNED
3570,31.821109896115235,14.324669835589841,2026-10-06 03:00:15.715035,2026-10-06 03:03:28.736702,0 days 00:03:13.021667,0.14472486883161542,1.8054001832365776,84.24818658472327,4.949274479107639,0.009569508337727876,2.328670127015952e-06,193.02157364180312,30,COMPLETE
3571,30.750237126456305,21.608701079063692,2026-10-06 03:00:15.754664,2026-10-06 03:03:29.236514,0 days 00:03:13.481850,0.17534157142392734,1.8054001832365776,78.91305021174706,18.49957504695779,0.008698017554316196,2.328670127015952e-06,193.48174942610785,30,COMPLETE
3572,31.34186413629074,17.595474298421887,2026-10-06 03:00:16.013692,2026-10-06 03:03:25.985512,0 days 00:03:09.971820,0.14472486883161542,1.0100598856645617,78.91305021174706,35.397938808104236,0.009569508337727876,1.4671267453130232e-06,189.97171917976812,30,COMPLETE
3573,,,2026-10-06 03:00:16.302691,2026-10-06 03:00:16.954704,0 days 00:00:00.652013,0.48480307501533615,8.120921673818161,78.91305021174706,4.949274479107639,0.005788512072314681,,,30,PRUNED
3574,20.529783858016774,5.025867186677711,2026-10-06 03:00:16.446837,2026-10-06 03:03:26.797646,0 days 00:03:10.350809,0.22031827582514427,2.5826334477054016,78.91305021174706,4.949274479107639,0.009569508337727876,0.09966742396513803,190.35071007814258,30,COMPLETE
3575,22.110882872736656,4.5468945269841425,2026-10-06 03:00:16.798682,2026-10-06 03:03:27.979685,0 days 00:03:11.181003,0.14472486883161542,35.57978617573361,78.91305021174706,18.49957504695779,0.009569508337727876,2.328670127015952e-06,191.18090056208894,30,COMPLETE
3576,30.386349421417457,22.593238599952127,2026-10-06 03:00:16.815658,2026-10-06 03:03:30.436193,0 days 00:03:13.620535,0.22031827582514427,1.8054001832365776,78.91305021174706,35.397938808104236,0.009569508337727876,2.328670127015952e-06,193.6204397249967,30,COMPLETE
3577,28.791246512367366,25.30215418065497,2026-10-06 03:00:17.089683,2026-10-06 03:03:27.297268,0 days 00:03:10.207585,0.2918907020150273,4.014839763781616,78.91305021174706,18.49957504695779,0.009569508337727876,2.328670127015952e-06,190.2074871319346,30,COMPLETE
3578,30.220370831519013,3.2350502780956014,2026-10-06 03:00:17.107414,2026-10-06 03:03:30.099600,0 days 00:03:12.992186,0.22031827582514427,3.42961079489487,78.91305021174706,1.5729300446410042,0.009569508337727876,2.328670127015952e-06,192.9920918252319,30,COMPLETE
3579,,,2026-10-06 03:00:17.110649,2026-10-06 03:00:17.891105,0 days 00:00:00.780456,0.14472486883161542,23.578845200165368,78.91305021174706,4.949274479107639,0.004603490505017892,,,30,PRUNED
3580,28.81145032218658,3.484072212327868,2026-10-06 03:00:17.114632,2026-10-06 03:03:32.242085,0 days 00:03:15.127453,0.14472486883161542,33.61184831897599,78.91305021174706,4.949274479107639,0.009569508337727876,2.328670127015952e-06,195.12734872102737,30,COMPLETE
3581,16.930995152049952,1.286723431979271,2026-10-06 03:00:17.118630,2026-10-06 03:03:31.525524,0 days 00:03:14.406894,0.3401090828369047,1.8054001832365776,78.91305021174706,4.949274479107639,0.009569508337727876,0.18937234682424584,194.40679257595912,30,COMPLETE
3582,32.105448248610195,13.77246817701386,2026-10-06 03:00:17.122627,2026-10-06 03:03:28.709345,0 days 00:03:11.586718,0.14472486883161542,1.8054001832365776,78.91305021174706,4.949274479107639,0.009569508337727876,2.328670127015952e-06,191.58663072809577,30,COMPLETE
3583,32.124845652591894,13.390949406031206,2026-10-06 03:00:17.160392,2026-10-06 03:03:26.384802,0 days 00:03:09.224410,0.1357081235408115,1.8054001832365776,78.91305021174706,4.949274479107639,0.009569508337727876,2.328670127015952e-06,189.22432718332857,30,COMPLETE
3584,22.353271827147353,13.231485039048945,2026-10-06 03:00:17.163634,2026-10-06 03:03:28.272612,0 days 00:03:11.108978,0.22031827582514427,1.8054001832365776,78.91305021174706,58.53300232240171,0.009569508337727876,0.013142359611372967,191.10889759333804,30,COMPLETE
3585,9.166975682003685,6.308238310848688,2026-10-06 03:00:17.246674,2026-10-06 03:03:26.104491,0 days 00:03:08.857817,0.6097874751678036,1.8054001832365776,5.093279455406437,18.49957504695779,0.008698017554316196,2.328670127015952e-06,188.85772506287321,30,COMPLETE
3586,30.17624850064079,5.695134126802712,2026-10-06 03:00:17.295528,2026-10-06 03:03:26.675496,0 days 00:03:09.379968,0.06424249682301553,1.8054001832365776,78.91305021174706,4.949274479107639,0.008698017554316196,2.328670127015952e-06,189.37986899679527,30,COMPLETE
3587,29.817651462460645,23.809340668352807,2026-10-06 03:00:17.682688,2026-10-06 03:03:31.903501,0 days 00:03:14.220813,0.22031827582514427,2.5826334477054016,78.91305021174706,40.2862337213893,0.009569508337727876,2.328670127015952e-06,194.2207099958323,30,COMPLETE
3588,27.034134845609252,1.5021970515412932,2026-10-06 03:00:17.694662,2026-10-06 03:03:28.161670,0 days 00:03:10.467008,0.17534157142392734,6.28879905307643,78.91305021174706,4.949274479107639,0.008698017554316196,0.043788480384395125,190.4669191231951,30,COMPLETE
3589,,,2026-10-06 03:00:18.059701,2026-10-06 03:00:18.791989,0 days 00:00:00.732288,0.14472486883161542,3.42961079489487,78.91305021174706,18.49957504695779,0.0017742691769824068,,,30,PRUNED
3590,27.13214818896367,7.962893889982573,2026-10-06 03:00:18.745694,2026-10-06 03:03:27.274749,0 days 00:03:08.529055,0.5563449878352638,1.8054001832365776,78.91305021174706,12.025559114678314,0.03463343903868386,2.328670127015952e-06,188.5289482618682,30,COMPLETE
3591,31.61789234006431,16.234849438418628,2026-10-06 03:00:18.832665,2026-10-06 03:03:30.566103,0 days 00:03:11.733438,0.14472486883161542,1.8054001832365776,78.91305021174706,4.949274479107639,0.008698017554316196,2.328670127015952e-06,191.73334208875895,30,COMPLETE
3592,15.576586305383909,1.2905855472446843,2026-10-06 03:00:18.868807,2026-10-06 03:03:32.774543,0 days 00:03:13.905736,0.22031827582514427,2.5826334477054016,78.91305021174706,7.083277259118978,0.009569508337727876,20.760637864960852,193.90561864571646,30,COMPLETE
3593,26.274038772380703,14.087230652735954,2026-10-06 03:00:18.876633,2026-10-06 03:03:28.064596,0 days 00:03:09.187963,0.22031827582514427,2.5826334477054016,78.91305021174706,40.2862337213893,0.009569508337727876,0.005177838487790338,189.18786642188206,30,COMPLETE
3594,25.986881446572028,1.2797342705059722,2026-10-06 03:00:21.960688,2026-10-06 03:03:33.828270,0 days 00:03:11.867582,0.025338560515059987,14.632733027209005,78.91305021174706,4.949274479107639,0.009569508337727876,2.328670127015952e-06,191.86746367579326,30,COMPLETE
3595,29.25787685124656,23.996233581083732,2026-10-06 03:00:46.195717,2026-10-06 03:04:02.775333,0 days 00:03:16.579616,0.22031827582514427,3.42961079489487,78.91305021174706,38.52680789958333,0.009569508337727876,2.328670127015952e-06,196.57950012758374,30,COMPLETE
3596,16.596760906606214,8.904471680701192,2026-10-06 03:02:04.561688,2026-10-06 03:05:13.173496,0 days 00:03:08.611808,0.22031827582514427,1.8054001832365776,7.53063231441319,4.949274479107639,0.009569508337727876,2.328670127015952e-06,188.61168461292982,30,COMPLETE
3597,24.02057124343805,2.1133171027750497,2026-10-06 03:02:10.410855,2026-10-06 03:05:22.858682,0 days 00:03:12.447827,0.06146805382147984,3.42961079489487,78.91305021174706,18.49957504695779,0.009569508337727876,2.328670127015952e-06,192.44770632311702,30,COMPLETE
3598,30.43082778397857,22.201395914186243,2026-10-06 03:03:21.589313,2026-10-06 03:06:34.125479,0 days 00:03:12.536166,0.22031827582514427,2.5826334477054016,78.91305021174706,18.49957504695779,0.009569508337727876,2.328670127015952e-06,192.53605735301971,30,COMPLETE
3599,,,2026-10-06 03:03:21.765685,2026-10-06 03:03:22.538762,0 days 00:00:00.773077,0.48967816666395225,6.28879905307643,78.91305021174706,53.19831855856638,0.003262198382713019,,,30,PRUNED
3600,31.210384382689046,17.60718244445571,2026-10-06 03:03:22.096708,2026-10-06 03:06:39.197680,0 days 00:03:17.100972,0.14472486883161542,1.8054001832365776,78.91305021174706,18.49957504695779,0.009569508337727876,2.328670127015952e-06,197.10088016511872,30,COMPLETE
3601,25.193801436785243,13.575069762977527,2026-10-06 03:03:22.132867,2026-10-06 03:06:34.063279,0 days 00:03:11.930412,0.3522821889068595,1.8054001832365776,78.91305021174706,9.400533965677514,0.009569508337727876,0.00011848013930837743,191.93029280612245,30,COMPLETE
3602,29.97991623002584,4.446801545131365,2026-10-06 03:03:22.184664,2026-10-06 03:06:36.430712,0 days 00:03:14.246048,0.034893984267221484,1.8054001832365776,78.91305021174706,53.19831855856638,0.009569508337727876,2.328670127015952e-06,194.24593691295013,30,COMPLETE
3603,23.923134684652478,30.077903063020933,2026-10-06 03:03:22.201662,2026-10-06 03:06:34.349098,0 days 00:03:12.147436,0.48967816666395225,3.42961079489487,78.91305021174706,35.397938808104236,0.009569508337727876,1.4671267453130232e-06,192.14732751762494,30,COMPLETE
3604,16.868029307010588,1.2354036338390681,2026-10-06 03:03:22.273774,2026-10-06 03:06:35.029091,0 days 00:03:12.755317,0.22031827582514427,19.0153500249203,78.91305021174706,40.2862337213893,0.07849681286728036,2.328670127015952e-06,192.75519583700225,30,COMPLETE
3605,31.6326156548546,16.256556589563694,2026-10-06 03:03:23.085014,2026-10-06 03:06:34.871725,0 days 00:03:11.786711,0.17534157142392734,1.8054001832365776,78.91305021174706,7.704673657496365,0.009569508337727876,2.328670127015952e-06,191.7865882446058,30,COMPLETE
3606,18.679636402855497,12.593411934909936,2026-10-06 03:03:23.088653,2026-10-06 03:06:39.646141,0 days 00:03:16.557488,0.22031827582514427,2.5826334477054016,12.867359324116299,4.949274479107639,0.009569508337727876,2.328670127015952e-06,196.5573852150701,30,COMPLETE
3607,28.65736692592816,23.164299057656955,2026-10-06 03:03:23.092642,2026-10-06 03:06:35.598645,0 days 00:03:12.506003,0.3401090828369047,3.42961079489487,78.91305021174706,13.370556142246572,0.009569508337727876,2.328670127015952e-06,192.50589417107403,30,COMPLETE
3608,23.724202435255258,3.9827106888381056,2026-10-06 03:03:23.412700,2026-10-06 03:06:36.999744,0 days 00:03:13.587044,0.04953182124356567,3.42961079489487,78.91305021174706,40.29115295108787,0.009569508337727876,2.328670127015952e-06,193.58693680120632,30,COMPLETE
3609,24.645265809343222,16.75940078003813,2026-10-06 03:03:23.777707,2026-10-06 03:06:36.528483,0 days 00:03:12.750776,0.48480307501533615,1.8054001832365776,78.91305021174706,12.025559114678314,0.009569508337727876,2.328670127015952e-06,192.7506924890913,30,COMPLETE
3610,,,2026-10-06 03:03:23.797656,2026-10-06 03:03:25.320267,0 days 00:00:01.522611,0.3401090828369047,3.42961079489487,78.91305021174706,45.605935248059524,0.0020590262093105227,,,30,PRUNED
3611,13.088529315247849,9.340827533981619,2026-10-06 03:03:24.564690,2026-10-06 03:06:39.093802,0 days 00:03:14.529112,0.3401090828369047,43.895581528029446,78.91305021174706,45.605935248059524,0.009569508337727876,0.00763017636541747,194.52901605283841,30,COMPLETE
3612,8.290748247615152,4.574942435559239,2026-10-06 03:03:24.908689,2026-10-06 03:06:36.524586,0 days 00:03:11.615897,0.22031827582514427,2.5826334477054016,1.5404220605249779,40.2862337213893,0.009569508337727876,2.328670127015952e-06,191.6157905915752,30,COMPLETE
3613,25.967274513100744,1.2509320281086642,2026-10-06 03:03:25.320777,2026-10-06 03:06:34.070654,0 days 00:03:08.749877,0.013632980675847069,1.8054001832365776,78.91305021174706,4.949274479107639,0.009569508337727876,2.328670127015952e-06,188.74977978132665,30,COMPLETE
3614,26.4237582421924,1.279623183654495,2026-10-06 03:03:25.324648,2026-10-06 03:06:40.057390,0 days 00:03:14.732742,0.015412009253908452,1.8054001832365776,78.91305021174706,4.950458479365328,0.009569508337727876,2.328670127015952e-06,194.73265061713755,30,COMPLETE
3615,25.439885404714722,13.491134978330134,2026-10-06 03:03:25.328639,2026-10-06 03:06:41.107271,0 days 00:03:15.778632,0.48967816666395225,3.42961079489487,78.91305021174706,3.5480297505886242,0.009569508337727876,2.328670127015952e-06,195.77852234896272,30,COMPLETE
3616,10.535527178415531,1.306693770586058,2026-10-06 03:03:26.152687,2026-10-06 03:06:38.913250,0 days 00:03:12.760563,0.01292108460305063,1.8054001832365776,7.763079267019418,7.704673657496365,0.0011620475340325207,2.328670127015952e-06,192.7604760727845,30,COMPLETE
3617,31.722975451220396,15.376611088263722,2026-10-06 03:03:26.156648,2026-10-06 03:06:37.409005,0 days 00:03:11.252357,0.14472486883161542,1.8054001832365776,78.91305021174706,8.107961189115722,0.009569508337727876,2.328670127015952e-06,191.2522684969008,30,COMPLETE
3618,21.634610302212785,4.281020603284982,2026-10-06 03:03:26.236832,2026-10-06 03:06:42.738061,0 days 00:03:16.501229,0.22031827582514427,1.8054001832365776,78.91305021174706,4.949274479107639,0.009569508337727876,0.0325594268534049,196.5011436957866,30,COMPLETE
3619,23.795597592436035,29.921409018614973,2026-10-06 03:03:26.241955,2026-10-06 03:06:38.852513,0 days 00:03:12.610558,0.48480307501533615,3.42961079489487,78.91305021174706,40.2862337213893,0.009569508337727876,2.328670127015952e-06,192.61045863386244,30,COMPLETE
3620,17.001358962952274,4.122349302949647,2026-10-06 03:03:26.245630,2026-10-06 03:06:41.726704,0 days 00:03:15.481074,0.17534157142392734,1.8054001832365776,55.85198381583982,12.025559114678314,0.008698017554316196,0.37042675362178706,195.4809942850843,30,COMPLETE
3621,30.351697790648256,19.37522721364862,2026-10-06 03:03:26.296051,2026-10-06 03:06:39.153016,0 days 00:03:12.856965,0.22031827582514427,3.42961079489487,85.13833529659256,6.181315633299832,0.009569508337727876,2.328670127015952e-06,192.8568814927712,30,COMPLETE
3622,28.753722562138172,24.539830167632765,2026-10-06 03:03:26.312953,2026-10-06 03:06:38.380051,0 days 00:03:12.067098,0.22031827582514427,3.42961079489487,78.91305021174706,53.19831855856638,0.009569508337727876,2.328670127015952e-06,192.06700593978167,30,COMPLETE
3623,,,2026-10-06 03:03:26.352646,2026-10-06 03:03:27.204716,0 days 00:00:00.852070,0.22031827582514427,1.0100598856645617,71.07100316604624,7.582635219516316,0.0040624550636802325,,,30,PRUNED
3624,27.782710101484906,5.0471287451255,2026-10-06 03:03:26.657806,2026-10-06 03:06:44.112438,0 days 00:03:17.454632,0.22031827582514427,30.86562739048984,78.91305021174706,4.949274479107639,0.009569508337727876,2.328670127015952e-06,197.45451385201886,30,COMPLETE
3625,23.690519054838393,29.937728395693732,2026-10-06 03:03:26.682144,2026-10-06 03:06:36.988795,0 days 00:03:10.306651,0.48967816666395225,3.42961079489487,78.91305021174706,40.29115295108787,0.009569508337727876,2.328670127015952e-06,190.3065372062847,30,COMPLETE
3626,25.04649057539992,11.92151151144081,2026-10-06 03:03:27.353863,2026-10-06 03:06:41.426347,0 days 00:03:14.072484,0.17534157142392734,3.42961079489487,78.91305021174706,18.81759050518774,0.009569508337727876,0.07626962183081448,194.07237733900547,30,COMPLETE
3627,30.797292490000444,8.8630366145755,2026-10-06 03:03:27.357645,2026-10-06 03:06:39.967844,0 days 00:03:12.610199,0.22031827582514427,2.5826334477054016,78.91305021174706,1.6300052605692044,0.009569508337727876,2.328670127015952e-06,192.610110625159,30,COMPLETE
3628,24.3718880989914,30.582074652733944,2026-10-06 03:03:27.361633,2026-10-06 03:06:42.895080,0 days 00:03:15.533447,0.3401090828369047,6.28879905307643,78.91305021174706,45.605935248059524,0.009569508337727876,2.328670127015952e-06,195.53335389774293,30,COMPLETE
3629,18.420407230385806,24.09909713239763,2026-10-06 03:03:27.552685,2026-10-06 03:06:41.945566,0 days 00:03:14.392881,0.48480307501533615,3.42961079489487,47.58754575639121,46.431764750098004,0.009569508337727876,2.328670127015952e-06,194.39279703469947,30,COMPLETE
3630,30.292816742995797,22.404211978908275,2026-10-06 03:03:27.593675,2026-10-06 03:06:41.247302,0 days 00:03:13.653627,0.22031827582514427,1.8054001832365776,78.91305021174706,40.2862337213893,0.009569508337727876,3.6204540666500456e-06,193.65351182501763,30,COMPLETE
3631,32.105448248610195,13.77246817701386,2026-10-06 03:03:27.642651,2026-10-06 03:06:42.910503,0 days 00:03:15.267852,0.14472486883161542,1.8054001832365776,78.91305021174706,4.949274479107639,0.009569508337727876,2.328670127015952e-06,195.2677612430416,30,COMPLETE
3632,30.39666584493805,18.149896018580616,2026-10-06 03:03:27.870689,2026-10-06 03:06:39.865345,0 days 00:03:11.994656,0.22031827582514427,3.42961079489487,78.91305021174706,6.270271193083964,0.009569508337727876,2.328670127015952e-06,191.99456371506676,30,COMPLETE
3633,31.181494192624474,11.41044278952513,2026-10-06 03:03:28.088689,2026-10-06 03:06:40.117717,0 days 00:03:12.029028,0.19189241237051688,1.8054001832365776,78.91305021174706,1.9614832549893066,0.008698017554316196,3.296074740357666e-05,192.02894028276205,30,COMPLETE
3634,13.577845640115516,1.6195585751334742,2026-10-06 03:03:28.128659,2026-10-06 03:06:41.506494,0 days 00:03:13.377835,0.3401090828369047,3.42961079489487,78.91305021174706,45.605935248059524,0.009569508337727876,52.02905556054015,193.37773257307708,30,COMPLETE
3635,28.25994622660489,25.07992649618613,2026-10-06 03:03:28.144932,2026-10-06 03:06:37.400669,0 days 00:03:09.255737,0.3401090828369047,3.42961079489487,78.91305021174706,18.49957504695779,0.009569508337727876,2.328670127015952e-06,189.2556430012919,30,COMPLETE
3636,29.165603341636608,1.566144731585367,2026-10-06 03:03:28.221834,2026-10-06 03:06:39.132569,0 days 00:03:10.910735,0.14472486883161542,6.28879905307643,78.91305021174706,4.949274479107639,0.009569508337727876,5.538484674723287e-05,190.9106462309137,30,COMPLETE
3637,17.821050427430382,7.504337579619291,2026-10-06 03:03:28.230647,2026-10-06 03:06:38.474588,0 days 00:03:10.243941,0.14472486883161542,1.8054001832365776,78.91305021174706,53.19831855856638,0.009569508337727876,1.1883339462719735,190.24385158810765,30,COMPLETE
3638,29.817651462460645,23.809340668352807,2026-10-06 03:03:28.585694,2026-10-06 03:06:38.860066,0 days 00:03:10.274372,0.22031827582514427,2.5826334477054016,78.91305021174706,40.2862337213893,0.009569508337727876,2.328670127015952e-06,190.27427717437968,30,COMPLETE
3639,4.4075901892170455,1.6170678193301906,2026-10-06 03:03:28.856671,2026-10-06 03:06:41.648661,0 days 00:03:12.791990,0.6231072947250352,9.808668460467723,1.8332669244842028,40.29115295108787,0.009569508337727876,2.328670127015952e-06,192.7918886966072,30,COMPLETE
3640,31.14723754976756,7.894683160557529,2026-10-06 03:03:28.860636,2026-10-06 03:06:40.065497,0 days 00:03:11.204861,0.11328243804505746,1.8054001832365776,78.91305021174706,2.2797539959145845,0.008698017554316196,2.328670127015952e-06,191.20478094322607,30,COMPLETE
3641,30.61673265559375,18.87683444729395,2026-10-06 03:03:28.864629,2026-10-06 03:06:41.254372,0 days 00:03:12.389743,0.14472486883161542,1.8054001832365776,78.91305021174706,40.2862337213893,0.009569508337727876,2.328670127015952e-06,192.38964823493734,30,COMPLETE
3642,30.69242880259842,18.740988646413435,2026-10-06 03:03:28.868626,2026-10-06 03:06:39.508511,0 days 00:03:10.639885,0.14472486883161542,1.8054001832365776,78.91305021174706,35.397938808104236,0.009569508337727876,2.328670127015952e-06,190.63979007815942,30,COMPLETE
3643,28.749240871583225,3.2698090879646595,2026-10-06 03:03:28.876638,2026-10-06 03:06:38.616661,0 days 00:03:09.740023,0.14472486883161542,47.60393744853176,78.91305021174706,4.949274479107639,0.009569508337727876,2.328670127015952e-06,189.73993600485846,30,COMPLETE
3644,11.458681628438097,5.707885764022073,2026-10-06 03:03:28.880631,2026-10-06 03:06:41.502041,0 days 00:03:12.621410,0.48967816666395225,38.521111588827516,78.91305021174706,40.2862337213893,0.009569508337727876,0.3189549694354921,192.11186995124444,30,COMPLETE
3645,15.643932810927291,1.2291886781978634,2026-10-06 03:03:29.244671,2026-10-06 03:06:40.600121,0 days 00:03:11.355450,0.25648563063827007,1.8054001832365776,78.91305021174706,4.949274479107639,0.009569508337727876,7.04721836584496,191.35533510474488,30,COMPLETE
3646,12.469758569252264,12.210811044233854,2026-10-06 03:03:29.248640,2026-10-06 03:06:45.080172,0 days 00:03:15.831532,0.48480307501533615,12.237035246250258,78.91305021174706,35.397938808104236,0.009569508337727876,2.328670127015952e-06,195.8314228709787,30,COMPLETE
3647,29.54347069244983,13.738218414314654,2026-10-06 03:03:29.252630,2026-10-06 03:06:39.219639,0 days 00:03:09.967009,0.3401090828369047,1.8054001832365776,78.91305021174706,4.949274479107639,0.009569508337727876,2.328670127015952e-06,189.96692585013807,30,COMPLETE
3648,25.720865906907544,11.609626076558502,2026-10-06 03:03:29.426679,2026-10-06 03:06:44.078906,0 days 00:03:14.652227,0.15478176877285849,4.633747650676259,78.91305021174706,18.49957504695779,0.009569508337727876,2.328670127015952e-06,194.6521188588813,30,COMPLETE
3649,29.050304111815205,19.047465841141808,2026-10-06 03:03:29.470836,2026-10-06 03:06:40.785153,0 days 00:03:11.314317,0.3401090828369047,1.8054001832365776,78.91305021174706,18.49957504695779,0.009569508337727876,2.328670127015952e-06,191.31422195304185,30,COMPLETE
