number,values_0,values_1,datetime_start,datetime_complete,duration,params_c_val,params_input_force,params_k_between_val,params_k_wall_val,params_m_val,params_ridge_alpha,user_attrs_duration_sec,system_attrs_NSGAIISampler:generation,state
5883,20.981135142305913,4.349803892640823,2026-10-06 04:46:21.071627,2026-10-06 04:49:33.942535,0 days 00:03:12.870908,0.18472274745078338,19.17993713255315,78.91305021174706,18.49957504695779,0.008698017554316196,2.108934163128921e-06,192.87078392505646,49,COMPLETE
5884,28.184325868422206,12.702244205670729,2026-10-06 04:46:21.095635,2026-10-06 04:49:31.862679,0 days 00:03:10.767044,0.09849228181027589,4.95477336878759,80.97346391189345,53.19831855856638,0.009569508337727876,1.4671267453130232e-06,190.76694838982075,49,COMPLETE
5885,32.14402972226803,13.912648188457352,2026-10-06 04:46:21.906703,2026-10-06 04:49:34.669759,0 days 00:03:12.763056,0.18472274745078338,1.0100598856645617,78.91305021174706,6.2207797596123,0.008698017554316196,2.328670127015952e-06,192.76293028099462,49,COMPLETE
5886,15.653635782329715,6.207081153565861,2026-10-06 04:46:22.368700,2026-10-06 04:49:35.851982,0 days 00:03:13.483282,0.14472486883161542,1.0100598856645617,11.522121735653343,18.49957504695779,0.008698017554316196,0.017003750854970672,193.48315725428984,49,COMPLETE
5887,24.068881911374028,19.92104233152996,2026-10-06 04:46:24.355941,2026-10-06 04:49:35.155552,0 days 00:03:10.799611,0.48967816666395225,6.28879905307643,78.91305021174706,7.704673657496365,0.009569508337727876,2.328670127015952e-06,190.7994729108177,49,COMPLETE
5888,32.60672032637299,10.240469299289332,2026-10-06 04:46:51.879827,2026-10-06 04:50:04.444532,0 days 00:03:12.564705,0.14472486883161542,1.0100598856645617,80.97346391189345,2.5931783094816834,0.009569508337727876,1.4671267453130232e-06,192.56456229789183,49,COMPLETE
5889,30.367451321189673,24.222920488790106,2026-10-06 04:46:57.059705,2026-10-06 04:50:09.462912,0 days 00:03:12.403207,0.22031827582514427,1.8054001832365776,78.91305021174706,18.49957504695779,0.008698017554316196,1.4671267453130232e-06,192.4030696991831,49,COMPLETE
5890,,,2026-10-06 04:47:28.963944,2026-10-06 04:47:30.330927,0 days 00:00:01.366983,0.419007027175139,1.8054001832365776,78.91305021174706,53.19831855856638,0.008698017554316196,,,49,PRUNED
5891,25.38514215961691,27.609554608452957,2026-10-06 04:47:30.367689,2026-10-06 04:50:39.310330,0 days 00:03:08.942641,0.2680662921881964,6.28879905307643,78.91305021174706,53.19831855856638,0.009569508337727876,2.995614513640894e-06,188.94251026399434,49,COMPLETE
5892,14.584527097013202,4.396804838599424,2026-10-06 04:47:31.356685,2026-10-06 04:50:45.235692,0 days 00:03:13.879007,0.17534157142392734,33.64659851961594,78.91305021174706,45.605935248059524,0.009569508337727876,2.328670127015952e-06,193.8788836710155,49,COMPLETE
5893,29.227211955608205,25.208468645736318,2026-10-06 04:47:32.620692,2026-10-06 04:50:42.961070,0 days 00:03:10.340378,0.2918907020150273,3.42961079489487,78.91305021174706,18.49957504695779,0.009569508337727876,1.4671267453130232e-06,190.3395834332332,49,COMPLETE
5894,11.39494733584824,5.557444834619958,2026-10-06 04:48:13.746833,2026-10-06 04:51:25.415961,0 days 00:03:11.669128,0.1753729195325555,2.5826334477054016,3.9813963439613222,74.84134317466605,0.008698017554316196,1.4671267453130232e-06,191.66900184797123,49,COMPLETE
5895,,,2026-10-06 04:49:23.483117,2026-10-06 04:49:24.655745,0 days 00:00:01.172628,0.2557182956269225,1.0100598856645617,78.91305021174706,2.0477083315066165,0.0013505712172082371,,,49,PRUNED
5896,30.967065556858632,20.939477473851216,2026-10-06 04:49:24.735703,2026-10-06 04:52:38.471566,0 days 00:03:13.735863,0.18472274745078338,1.8054001832365776,78.91305021174706,12.025559114678314,0.008698017554316196,2.328670127015952e-06,193.73572334181517,49,COMPLETE
5897,30.195060820462704,18.415202630472486,2026-10-06 04:49:24.739655,2026-10-06 04:52:38.802119,0 days 00:03:14.062464,0.2918907020150273,3.42961079489487,80.97346391189345,4.9769217925421705,0.009569508337727876,1.4671267453130232e-06,194.06237037898973,49,COMPLETE
5898,30.096604566357087,22.080572580829056,2026-10-06 04:49:24.885689,2026-10-06 04:52:37.605130,0 days 00:03:12.719441,0.2680662921881964,3.42961079489487,78.91305021174706,9.462997626155582,0.009569508337727876,1.4671267453130232e-06,192.71930772485211,49,COMPLETE
5899,2.322481352018606,1.8598112196152217,2026-10-06 04:49:25.390837,2026-10-06 04:52:38.782526,0 days 00:03:13.391689,0.17534157142392734,46.51369314797218,1.0940466324736382,12.025559114678314,0.009569508337727876,2.108934163128921e-06,193.3915867083706,49,COMPLETE
5900,,,2026-10-06 04:49:25.482848,2026-10-06 04:49:26.102895,0 days 00:00:00.620047,0.01777712666056602,1.8054001832365776,78.91305021174706,35.397938808104236,0.0011659741123351153,,,49,PRUNED
5901,20.450945435954317,1.4746222031992953,2026-10-06 04:49:25.669864,2026-10-06 04:52:37.698301,0 days 00:03:12.028437,0.3401090828369047,13.611579430093943,80.97346391189345,15.382666136782571,0.013798969179273991,2.328670127015952e-06,192.02829652279615,49,COMPLETE
5902,30.55606460461474,1.6373155282556127,2026-10-06 04:49:26.336675,2026-10-06 04:52:40.210167,0 days 00:03:13.873492,0.01921711030262395,1.0100598856645617,78.91305021174706,7.14008749932051,0.009569508337727876,1.2446212784745538e-06,193.87338572600856,49,COMPLETE
5903,30.77612088688419,16.81773778524898,2026-10-06 04:49:26.340650,2026-10-06 04:52:39.785943,0 days 00:03:13.445293,0.14472486883161542,2.5826334477054016,78.91305021174706,12.025559114678314,0.009569508337727876,1.2446212784745538e-06,193.44518260192126,49,COMPLETE
5904,23.665661709853755,5.284793795352972,2026-10-06 04:49:26.492653,2026-10-06 04:52:39.226424,0 days 00:03:12.733771,0.18472274745078338,1.8054001832365776,12.79459310769878,6.2207797596123,0.01925115366056516,2.328670127015952e-06,192.7336397129111,49,COMPLETE
5905,27.834939836624454,6.3750781952784354,2026-10-06 04:49:26.496634,2026-10-06 04:52:38.646242,0 days 00:03:12.149608,0.17534157142392734,1.8054001832365776,78.91305021174706,48.81412679120567,0.008698017554316196,2.328670127015952e-06,192.14947414724156,49,COMPLETE
5906,23.589168391256855,1.6176998973819954,2026-10-06 04:49:26.500628,2026-10-06 04:52:39.264756,0 days 00:03:12.764128,0.18472274745078338,7.800715182112384,78.91305021174706,18.49957504695779,0.009569508337727876,2.328670127015952e-06,192.7640302409418,49,COMPLETE
5907,30.659221497187723,22.80057748061564,2026-10-06 04:49:27.296691,2026-10-06 04:52:39.280510,0 days 00:03:11.983819,0.19189241237051688,1.8054001832365776,78.91305021174706,18.49957504695779,0.008698017554316196,1.4671267453130232e-06,191.98371716821566,49,COMPLETE
5908,15.917052545992139,1.617305802044238,2026-10-06 04:49:27.617791,2026-10-06 04:52:41.898168,0 days 00:03:14.280377,0.2680662921881964,3.42961079489487,78.91305021174706,7.704673657496365,0.00978505718405828,5.034981089332234,194.2802478177473,49,COMPLETE
5909,,,2026-10-06 04:49:27.621093,2026-10-06 04:49:28.833742,0 days 00:00:01.212649,0.18472274745078338,1.8054001832365776,78.91305021174706,12.025559114678314,0.002440831823542837,,,49,PRUNED
5910,26.86219480844097,28.827939185552975,2026-10-06 04:49:27.752844,2026-10-06 04:52:39.572882,0 days 00:03:11.820038,0.35349415915446786,2.5826334477054016,78.91305021174706,53.19831855856638,0.009569508337727876,1.4671267453130232e-06,191.81990770017728,49,COMPLETE
5911,31.156147065516762,2.66455721518187,2026-10-06 04:49:27.756636,2026-10-06 04:52:39.136347,0 days 00:03:11.379711,0.14472486883161542,1.0100598856645617,78.91305021174706,53.19831855856638,0.050652076041506316,1.4671267453130232e-06,191.3795750667341,49,COMPLETE
5912,17.195302701878525,11.051562463091503,2026-10-06 04:49:28.132706,2026-10-06 04:52:40.527407,0 days 00:03:12.394701,0.48967816666395225,44.793807498390805,78.91305021174706,18.49957504695779,0.009569508337727876,2.328670127015952e-06,192.39460026286542,49,COMPLETE
5913,30.55114551224285,15.779070180909889,2026-10-06 04:49:28.205816,2026-10-06 04:52:40.420325,0 days 00:03:12.214509,0.2545184749786047,1.0100598856645617,78.91305021174706,18.49957504695779,0.00978505718405828,1.4671267453130232e-06,192.21441276790574,49,COMPLETE
5914,11.332583805105044,4.38831315227412,2026-10-06 04:49:28.865796,2026-10-06 04:52:44.679953,0 days 00:03:15.814157,0.17534157142392734,1.8054001832365776,2.140600220206215,12.025559114678314,0.008698017554316196,1.4671267453130232e-06,195.81403361307457,49,COMPLETE
5915,,,2026-10-06 04:49:28.869653,2026-10-06 04:49:30.610709,0 days 00:00:01.741056,0.19189241237051688,1.8054001832365776,78.91305021174706,35.397938808104236,0.0027054652688115978,,,49,PRUNED
5916,0.8539307413961967,1.136859467802028,2026-10-06 04:49:28.873633,2026-10-06 04:52:39.913303,0 days 00:03:11.039670,0.010971459395544137,41.99427183143104,78.91305021174706,12.025559114678314,0.008698017554316196,1.2446212784745538e-06,191.03956297319382,49,COMPLETE
5917,28.326110343468873,15.606890824767882,2026-10-06 04:49:29.042654,2026-10-06 04:52:42.091365,0 days 00:03:13.048711,0.11816812965117938,4.95477336878759,80.97346391189345,53.19831855856638,0.009569508337727876,1.4671267453130232e-06,193.04861586773768,49,COMPLETE
5918,18.88233858162435,1.5122550033092639,2026-10-06 04:49:29.056808,2026-10-06 04:52:42.265855,0 days 00:03:13.209047,0.18472274745078338,2.5826334477054016,78.91305021174706,53.19831855856638,0.008698017554316196,5.328408378621312e-05,193.20894283335656,49,COMPLETE
5919,31.0001343862506,20.892972494832485,2026-10-06 04:49:29.837711,2026-10-06 04:52:41.916364,0 days 00:03:12.078653,0.17534157142392734,1.8054001832365776,78.91305021174706,12.025559114678314,0.008698017554316196,1.4671267453130232e-06,192.07853445364162,49,COMPLETE
5920,29.604897549084466,3.783106792779674,2026-10-06 04:49:29.857648,2026-10-06 04:52:39.722803,0 days 00:03:09.865155,0.2918907020150273,3.42961079489487,53.32705106971166,6.182683349256731,0.04585806830908812,1.4671267453130232e-06,189.86503956932575,49,COMPLETE
5921,29.2465004004981,10.784746102406997,2026-10-06 04:49:30.000079,2026-10-06 04:52:42.925254,0 days 00:03:12.925175,0.09111225861722651,3.42961079489487,78.91305021174706,18.49957504695779,0.008698017554316196,1.4671267453130232e-06,192.9250738020055,49,COMPLETE
5922,15.272435790489462,9.03449597469571,2026-10-06 04:49:30.027789,2026-10-06 04:52:43.006995,0 days 00:03:12.979206,0.18472274745078338,2.5826334477054016,7.5327419189164475,45.605935248059524,0.008698017554316196,2.328670127015952e-06,192.9790959097445,49,COMPLETE
5923,,,2026-10-06 04:49:30.710557,2026-10-06 04:49:31.832828,0 days 00:00:01.122271,0.48967816666395225,1.0100598856645617,69.33707937619111,4.949274479107639,0.001874665819708455,,,49,PRUNED
5924,24.46771248210068,1.597945247348544,2026-10-06 04:49:30.714544,2026-10-06 04:52:45.010537,0 days 00:03:14.295993,0.2918907020150273,10.241176321159674,80.97346391189345,10.292580244869436,0.009569508337727876,1.2446212784745538e-06,194.29588394518942,49,COMPLETE
5925,32.16988798751678,13.8139054190668,2026-10-06 04:49:30.751252,2026-10-06 04:52:43.551284,0 days 00:03:12.800032,0.1269892283627391,1.0100598856645617,78.91305021174706,8.858210845255327,0.008698017554316196,2.328670127015952e-06,192.79991505714133,49,COMPLETE
5926,30.14433742848801,20.76598509856979,2026-10-06 04:49:31.036583,2026-10-06 04:52:45.233180,0 days 00:03:14.196597,0.19189241237051688,3.42961079489487,78.91305021174706,18.49957504695779,0.009569508337727876,1.4671267453130232e-06,194.19650276191533,49,COMPLETE
5927,,,2026-10-06 04:49:31.040552,2026-10-06 04:49:31.894747,0 days 00:00:00.854195,0.19189241237051688,30.116874169856015,78.91305021174706,27.420926854270284,0.0017909304157682283,,,49,PRUNED
5928,32.005475941847735,16.04604179424686,2026-10-06 04:49:31.044538,2026-10-06 04:52:44.615271,0 days 00:03:13.570733,0.1300107720528221,1.0100598856645617,78.91305021174706,12.025559114678314,0.008698017554316196,1.2446212784745538e-06,193.57062652520835,49,COMPLETE
5929,,,2026-10-06 04:49:31.048439,2026-10-06 04:49:32.379692,0 days 00:00:01.331253,0.06441798531902292,1.0100598856645617,97.21651741453891,7.704673657496365,0.009569508337727876,,,49,PRUNED
5930,31.295532357956933,13.323907231761904,2026-10-06 04:49:31.051534,2026-10-06 04:52:44.947171,0 days 00:03:13.895637,0.19189241237051688,1.8054001832365776,78.91305021174706,1.858686999912982,0.008698017554316196,1.4671267453130232e-06,193.89552349923179,49,COMPLETE
5931,14.600581006155863,5.775956144412438,2026-10-06 04:49:31.055533,2026-10-06 04:52:38.940274,0 days 00:03:07.884741,0.35349415915446786,1.0100598856645617,7.603737933339788,2.860606282868446,0.009569508337727876,1.4671267453130232e-06,187.8846195791848,49,COMPLETE
5932,28.680226156930114,1.9428251522770874,2026-10-06 04:49:31.059534,2026-10-06 04:52:41.438930,0 days 00:03:10.379396,0.3401090828369047,35.64476183166971,80.97346391189345,1.052822364471629,0.009569508337727876,1.4671267453130232e-06,190.3792876699008,49,COMPLETE
5933,9.592827160293421,5.589354385942205,2026-10-06 04:49:31.063532,2026-10-06 04:52:45.832447,0 days 00:03:14.768915,0.2680662921881964,1.8054001832365776,7.885191031050737,18.49957504695779,0.008698017554316196,0.05403202869078617,194.7687762142159,49,COMPLETE
5934,30.678221322003992,19.58566630519441,2026-10-06 04:49:31.067529,2026-10-06 04:52:45.205379,0 days 00:03:14.137850,0.14472486883161542,1.8054001832365776,78.91305021174706,23.749512483121226,0.008698017554316196,2.328670127015952e-06,194.13776217307895,49,COMPLETE
5935,19.7081261794811,9.963940433343584,2026-10-06 04:49:31.071540,2026-10-06 04:52:43.331952,0 days 00:03:12.260412,0.2918907020150273,3.42961079489487,80.97346391189345,7.14008749932051,0.009569508337727876,0.04373502962594109,192.26028822315857,49,COMPLETE
5936,31.51881040219748,18.868559198841595,2026-10-06 04:49:31.398707,2026-10-06 04:52:41.538862,0 days 00:03:10.140155,0.17534157142392734,1.8054001832365776,80.97346391189345,6.182683349256731,0.008698017554316196,2.328670127015952e-06,190.14003931498155,49,COMPLETE
5937,32.25759101347872,13.96552311979324,2026-10-06 04:49:31.852690,2026-10-06 04:52:42.210986,0 days 00:03:10.358296,0.14472486883161542,1.0100598856645617,78.91305021174706,6.2207797596123,0.008698017554316196,1.4671267453130232e-06,190.35819605831057,49,COMPLETE
5938,24.332786382927765,19.90205523215,2026-10-06 04:49:31.913817,2026-10-06 04:52:42.548131,0 days 00:03:10.634314,0.48967816666395225,1.8054001832365776,78.91305021174706,22.401098316217514,0.009569508337727876,2.328670127015952e-06,190.63420529896393,49,COMPLETE
5939,30.996149031850628,19.737775781663963,2026-10-06 04:49:32.258681,2026-10-06 04:52:42.982419,0 days 00:03:10.723738,0.18472274745078338,1.8054001832365776,78.91305021174706,18.49957504695779,0.009569508337727876,2.328670127015952e-06,190.7236247700639,49,COMPLETE
5940,24.1483596104689,13.26140584511645,2026-10-06 04:49:32.344659,2026-10-06 04:52:44.389825,0 days 00:03:12.045166,0.48967816666395225,1.0100598856645617,78.91305021174706,7.704673657496365,0.009569508337727876,1.4671267453130232e-06,192.04505897173658,49,COMPLETE
5941,31.27748815181866,10.800477732425762,2026-10-06 04:49:32.352637,2026-10-06 04:52:47.332936,0 days 00:03:14.980299,0.19189241237051688,1.8054001832365776,78.91305021174706,18.49957504695779,0.01851363129864047,2.328670127015952e-06,194.98016266711056,49,COMPLETE
5942,30.537177886477856,9.168298492080986,2026-10-06 04:49:32.433851,2026-10-06 04:52:46.488001,0 days 00:03:14.054150,0.22031827582514427,1.8054001832365776,78.91305021174706,53.19831855856638,0.027345113945688015,1.0746247031029727e-06,194.05405017081648,49,COMPLETE
5943,30.967065556858632,20.939477473851216,2026-10-06 04:49:32.437628,2026-10-06 04:52:42.176964,0 days 00:03:09.739336,0.18472274745078338,1.8054001832365776,78.91305021174706,12.025559114678314,0.008698017554316196,2.328670127015952e-06,189.73867900902405,49,COMPLETE
5944,21.71126505167497,34.64589212283317,2026-10-06 04:49:32.441626,2026-10-06 04:52:45.003938,0 days 00:03:12.562312,0.48967816666395225,6.28879905307643,78.91305021174706,53.19831855856638,0.009569508337727876,2.328670127015952e-06,192.56220483593643,49,COMPLETE
5945,0.13179436556117863,1.2061901113430107,2026-10-06 04:49:32.445622,2026-10-06 04:52:45.588002,0 days 00:03:13.142380,0.5087857694984306,1.8054001832365776,78.91305021174706,12.025559114678314,0.008698017554316196,2.328670127015952e-06,193.14225492393598,49,COMPLETE
5946,21.594578556328223,3.0954983095678257,2026-10-06 04:49:32.453639,2026-10-06 04:52:43.040943,0 days 00:03:10.587304,0.11001998669301666,41.39034299641301,78.91305021174706,18.49957504695779,0.009569508337727876,1.14021318712245e-06,190.5872128047049,49,COMPLETE
5947,25.12914715342489,17.644072997448845,2026-10-06 04:49:32.457643,2026-10-06 04:52:41.921790,0 days 00:03:09.464147,0.48967816666395225,4.133452578519632,78.91305021174706,6.091286265913655,0.009569508337727876,2.328670127015952e-06,189.4640435660258,49,COMPLETE
5948,26.382555189555752,30.06434253239196,2026-10-06 04:49:32.461628,2026-10-06 04:52:42.712889,0 days 00:03:10.251261,0.3401090828369047,3.42961079489487,80.97346391189345,53.19831855856638,0.009569508337727876,1.4671267453130232e-06,190.25117435399443,49,COMPLETE
5949,28.081042279569225,26.65941046912121,2026-10-06 04:49:32.533989,2026-10-06 04:52:45.044461,0 days 00:03:12.510472,0.2680662921881964,3.42961079489487,78.91305021174706,53.19831855856638,0.00978505718405828,1.4671267453130232e-06,192.51035686815158,49,COMPLETE
5950,21.173073400440654,5.413984669326508,2026-10-06 04:49:32.680683,2026-10-06 04:52:42.789260,0 days 00:03:10.108577,0.2918907020150273,24.56788383931999,78.91305021174706,15.382666136782571,0.009569508337727876,1.2446212784745538e-06,190.10846373206005,49,COMPLETE
5951,12.920654874384587,4.552661584425779,2026-10-06 04:49:33.271701,2026-10-06 04:52:46.475018,0 days 00:03:13.203317,0.19189241237051688,1.8054001832365776,2.7554852315253315,6.182683349256731,0.008698017554316196,2.328670127015952e-06,193.20320233004168,49,COMPLETE
5952,2.3601400317803622,1.2210376349372185,2026-10-06 04:49:33.753854,2026-10-06 04:52:40.105528,0 days 00:03:06.351674,0.35349415915446786,17.604532353185448,6.888674286234594,53.19831855856638,0.008698017554316196,2.328670127015952e-06,186.35155570786446,49,COMPLETE
5953,29.234061350609863,25.324105731407595,2026-10-06 04:49:33.757647,2026-10-06 04:52:41.383297,0 days 00:03:07.625650,0.2918907020150273,3.42961079489487,78.91305021174706,18.49957504695779,0.009569508337727876,1.2446212784745538e-06,187.62553775124252,49,COMPLETE
5954,15.618917645871997,1.2537972739225516,2026-10-06 04:49:33.789665,2026-10-06 04:52:43.022798,0 days 00:03:09.233133,0.17534157142392734,1.0100598856645617,80.97346391189345,19.077605333887814,0.009569508337727876,6.342205600311422,189.23303847014904,49,COMPLETE
5955,29.951997813258664,13.873928065238488,2026-10-06 04:49:33.793632,2026-10-06 04:52:44.358557,0 days 00:03:10.564925,0.14472486883161542,3.42961079489487,78.91305021174706,12.025559114678314,0.00978505718405828,1.2446212784745538e-06,190.56479598069564,49,COMPLETE
5956,32.730561456815295,10.228367687304644,2026-10-06 04:49:34.425691,2026-10-06 04:52:45.215853,0 days 00:03:10.790162,0.14472486883161542,1.0100598856645617,78.91305021174706,2.5931783094816834,0.009569508337727876,1.4671267453130232e-06,190.79006630880758,49,COMPLETE
5957,23.925084182401577,19.92349126515315,2026-10-06 04:49:35.035722,2026-10-06 04:52:46.176075,0 days 00:03:11.140353,0.48967816666395225,1.0100598856645617,78.91305021174706,53.19831855856638,0.009569508337727876,1.4671267453130232e-06,191.14022488007322,49,COMPLETE
5958,32.28022269008473,14.079872998578233,2026-10-06 04:49:35.400692,2026-10-06 04:52:49.889422,0 days 00:03:14.488730,0.11816812965117938,1.0100598856645617,78.91305021174706,18.49957504695779,0.009569508337727876,1.4671267453130232e-06,194.48859553225338,49,COMPLETE
5959,24.679123931906,11.533430493562916,2026-10-06 04:49:36.128697,2026-10-06 04:52:43.998866,0 days 00:03:07.870169,0.19189241237051688,1.8054001832365776,78.91305021174706,12.025559114678314,0.008698017554316196,0.027873580896676086,187.8700441867113,49,COMPLETE
5960,30.91221200474474,12.687999073884114,2026-10-06 04:50:04.484679,2026-10-06 04:53:13.971642,0 days 00:03:09.486963,0.17534157142392734,1.8054001832365776,78.91305021174706,7.704673657496365,0.008698017554316196,0.000277069159882379,189.48683391790837,49,COMPLETE
5961,,,2026-10-06 04:50:10.144848,2026-10-06 04:50:10.957736,0 days 00:00:00.812888,0.12727803118840028,41.944311759177566,80.97346391189345,52.72761892725444,0.009569508337727876,,,49,PRUNED
5962,19.28117681428467,12.552445467924622,2026-10-06 04:50:11.088675,2026-10-06 04:53:23.393891,0 days 00:03:12.305216,0.2680662921881964,1.8054001832365776,17.54036787585099,3.967660759460433,0.008698017554316196,2.328670127015952e-06,192.3050775518641,49,COMPLETE
5963,31.72745685033462,15.68880553547736,2026-10-06 04:50:39.596697,2026-10-06 04:53:45.108549,0 days 00:03:05.511852,0.19189241237051688,1.8054001832365776,78.91305021174706,6.182683349256731,0.009569508337727876,2.108934163128921e-06,185.51171945035458,49,COMPLETE
5964,20.12232374184262,2.1555845675538294,2026-10-06 04:50:43.387700,2026-10-06 04:53:59.911429,0 days 00:03:16.523729,0.2918907020150273,15.604749876226535,80.97346391189345,18.49957504695779,0.009569508337727876,1.2446212784745538e-06,196.52359433285892,49,COMPLETE
5965,31.20523524744595,18.618096127107577,2026-10-06 04:50:45.259692,2026-10-06 04:53:56.389172,0 days 00:03:11.129480,0.20519246306838218,1.0100598856645617,78.91305021174706,18.49957504695779,0.008698017554316196,2.328670127015952e-06,191.1293526450172,49,COMPLETE
