number,values_0,values_1,datetime_start,datetime_complete,duration,params_c_val,params_input_force,params_k_between_val,params_k_wall_val,params_m_val,params_ridge_alpha,user_attrs_duration_sec,system_attrs_NSGAIISampler:generation,state
2576,23.14903777443656,30.00242499837254,2026-10-06 02:15:09.378706,2026-10-06 02:18:21.157931,0 days 00:03:11.779225,0.48967816666395225,6.28879905307643,78.91305021174706,18.49957504695779,0.009569508337727876,1.4671267453130232e-06,191.77911026822403,21,COMPLETE
2577,31.210384382689046,17.60718244445571,2026-10-06 02:15:09.514802,2026-10-06 02:18:23.755835,0 days 00:03:14.241033,0.14472486883161542,1.8054001832365776,78.91305021174706,18.49957504695779,0.009569508337727876,2.328670127015952e-06,194.24092707131058,21,COMPLETE
2578,,,2026-10-06 02:15:09.893703,2026-10-06 02:15:11.261788,0 days 00:00:01.368085,0.14472486883161542,1.8054001832365776,78.91305021174706,6.182683349256731,0.005432627379115102,,,21,PRUNED
2579,16.817892151568824,8.384690055018423,2026-10-06 02:15:10.884685,2026-10-06 02:18:24.506346,0 days 00:03:13.621661,0.48480307501533615,3.42961079489487,78.91305021174706,12.025559114678314,0.009569508337727876,0.026155565289876816,193.62157241487876,21,COMPLETE
2580,19.317028427992433,13.590872723316943,2026-10-06 02:15:11.268830,2026-10-06 02:18:27.577807,0 days 00:03:16.308977,0.17534157142392734,1.8054001832365776,12.544384887163526,26.421964152476992,0.008698017554316196,2.328670127015952e-06,196.30887952493504,21,COMPLETE
2581,26.85258864272396,1.1755931064179417,2026-10-06 02:15:11.408676,2026-10-06 02:18:22.031091,0 days 00:03:10.622415,0.010674786614650033,1.8054001832365776,78.91305021174706,1.3900646913098336,0.008698017554316196,2.328670127015952e-06,190.62229903787374,21,COMPLETE
2582,22.19253758539061,25.37554863414018,2026-10-06 02:15:11.530305,2026-10-06 02:18:26.801213,0 days 00:03:15.270908,0.5804379238023668,6.28879905307643,78.91305021174706,12.025559114678314,0.009569508337727876,2.328670127015952e-06,195.27081718482077,21,COMPLETE
2583,31.26069335647947,17.408694359222956,2026-10-06 02:15:11.561662,2026-10-06 02:18:24.157802,0 days 00:03:12.596140,0.14472486883161542,1.8054001832365776,78.91305021174706,17.058675386735626,0.009569508337727876,2.328670127015952e-06,192.5960376500152,21,COMPLETE
2584,10.996342745267095,3.380497731864168,2026-10-06 02:15:11.813673,2026-10-06 02:18:24.262796,0 days 00:03:12.449123,0.14472486883161542,2.98348421835413,3.8259834686164744,18.49957504695779,0.009569508337727876,2.328670127015952e-06,192.44903265498579,21,COMPLETE
2585,25.999594506997415,25.07433803081172,2026-10-06 02:15:12.333124,2026-10-06 02:18:22.543305,0 days 00:03:10.210181,0.42937345114127523,3.42961079489487,78.91305021174706,18.49957504695779,0.009569508337727876,2.328670127015952e-06,190.21008230093867,21,COMPLETE
2586,28.700851405985965,22.40559517098827,2026-10-06 02:15:12.336644,2026-10-06 02:18:25.138475,0 days 00:03:12.801831,0.3430619780030774,2.5826334477054016,78.91305021174706,18.49957504695779,0.009569508337727876,2.328670127015952e-06,192.80173104722053,21,COMPLETE
2587,22.906605509951028,15.3112367327421,2026-10-06 02:15:12.340635,2026-10-06 02:18:25.009292,0 days 00:03:12.668657,0.3430619780030774,3.42961079489487,78.91305021174706,22.2783980962908,0.009569508337727876,0.001540994797230269,192.66857496323064,21,COMPLETE
2588,30.72251931672482,8.420100131706672,2026-10-06 02:15:12.344638,2026-10-06 02:18:22.549571,0 days 00:03:10.204933,0.06855881353755193,2.5826334477054016,78.91305021174706,18.49957504695779,0.009569508337727876,1.4671267453130232e-06,190.20484930789098,21,COMPLETE
2589,,,2026-10-06 02:15:12.348641,2026-10-06 02:15:12.865715,0 days 00:00:00.517074,0.22031827582514427,22.41093656060655,78.91305021174706,12.025559114678314,0.006508281356445466,,,21,PRUNED
2590,30.212516115420602,23.719921232116533,2026-10-06 02:15:12.395651,2026-10-06 02:18:23.606147,0 days 00:03:11.210496,0.22031827582514427,2.5826334477054016,78.91305021174706,12.303481343464334,0.008698017554316196,2.328670127015952e-06,191.2104201395996,21,COMPLETE
2591,24.19452115188682,15.99156772636682,2026-10-06 02:15:12.530815,2026-10-06 02:18:27.947231,0 days 00:03:15.416416,0.42937345114127523,1.8054001832365776,78.91305021174706,18.49957504695779,0.009569508337727876,1.958772670625254e-05,195.41633439715952,21,COMPLETE
2592,1.6709851191852507,1.2317687397832542,2026-10-06 02:15:12.582892,2026-10-06 02:18:25.676305,0 days 00:03:13.093413,0.48967816666395225,39.670933057014246,78.91305021174706,1.5054684060859287,0.008698017554316196,2.328670127015952e-06,193.09331753430888,21,COMPLETE
2593,31.975622683155073,12.656959718086625,2026-10-06 02:15:12.586641,2026-10-06 02:18:26.753434,0 days 00:03:14.166793,0.1912437107176475,1.8054001832365776,78.91305021174706,2.9711463902054045,0.009569508337727876,2.328670127015952e-06,194.16670532617718,21,COMPLETE
2594,29.022772737151165,3.0392974335057064,2026-10-06 02:15:12.710130,2026-10-06 02:18:26.938345,0 days 00:03:14.228215,0.036346514144703364,1.8054001832365776,78.91305021174706,12.025559114678314,0.009569508337727876,2.328670127015952e-06,194.2281286981888,21,COMPLETE
2595,12.989103228747126,1.457398608995827,2026-10-06 02:15:12.713649,2026-10-06 02:18:27.583719,0 days 00:03:14.870070,0.48967816666395225,6.28879905307643,78.91305021174706,12.025559114678314,0.009569508337727876,55.109447180302666,194.869991005864,21,COMPLETE
2596,31.451675120938898,16.474531094849322,2026-10-06 02:15:12.717655,2026-10-06 02:18:22.663002,0 days 00:03:09.945347,0.14472486883161542,1.8054001832365776,78.91305021174706,11.893393556982886,0.009569508337727876,2.328670127015952e-06,189.9452630272135,21,COMPLETE
2597,31.814918924491394,14.301541004359104,2026-10-06 02:15:12.724640,2026-10-06 02:18:28.393207,0 days 00:03:15.668567,0.14472486883161542,1.8054001832365776,78.91305021174706,3.045006095248556,0.008698017554316196,2.328670127015952e-06,195.668467360083,21,COMPLETE
2598,2.2731258969021306,1.3828722247447283,2026-10-06 02:15:12.811786,2026-10-06 02:18:24.894303,0 days 00:03:12.082517,0.17534157142392734,9.978720096517119,1.8519332622498295,41.730805579071486,0.009569508337727876,0.0002817785859880735,192.08242533588782,21,COMPLETE
2599,,,2026-10-06 02:15:13.267864,2026-10-06 02:15:14.827696,0 days 00:00:01.559832,0.17534157142392734,1.8054001832365776,78.91305021174706,12.025559114678314,0.004998858337570968,,,21,PRUNED
2600,26.036915876245445,15.660068673286952,2026-10-06 02:15:13.271649,2026-10-06 02:18:23.582834,0 days 00:03:10.311185,0.14472486883161542,1.8054001832365776,28.46015482628025,46.149580182139445,0.009569508337727876,2.328670127015952e-06,190.31110043404624,21,COMPLETE
2601,22.24436409206764,28.696653351585518,2026-10-06 02:15:13.275630,2026-10-06 02:18:24.635962,0 days 00:03:11.360332,0.48967816666395225,8.090189286962797,78.91305021174706,18.49957504695779,0.009569508337727876,1.4671267453130232e-06,191.3602302982472,21,COMPLETE
2602,26.01968906571823,1.2559732074989718,2026-10-06 02:15:13.333646,2026-10-06 02:18:23.602203,0 days 00:03:10.268557,0.0460682063344387,3.42961079489487,78.91305021174706,12.025559114678314,0.023758412009623114,2.328670127015952e-06,190.26847626036033,21,COMPLETE
2603,22.405214335218194,29.27655290644788,2026-10-06 02:15:13.422681,2026-10-06 02:18:28.792161,0 days 00:03:15.369480,0.48967816666395225,7.7988590190752145,78.91305021174706,18.49957504695779,0.009569508337727876,1.4671267453130232e-06,195.36936539178714,21,COMPLETE
2604,6.443241786639395,2.1695613492392187,2026-10-06 02:15:13.997861,2026-10-06 02:18:24.913305,0 days 00:03:10.915444,0.6040198049165227,4.316915154672986,1.2989172187330247,12.303481343464334,0.009569508337727876,2.328670127015952e-06,190.9153505442664,21,COMPLETE
2605,31.445372342935343,16.504664224757644,2026-10-06 02:15:14.001652,2026-10-06 02:18:27.344720,0 days 00:03:13.343068,0.14472486883161542,1.8054001832365776,78.91305021174706,12.025559114678314,0.009569508337727876,2.328670127015952e-06,193.34298028890043,21,COMPLETE
2606,28.697174572591717,1.3203407530396858,2026-10-06 02:15:14.005636,2026-10-06 02:18:22.965726,0 days 00:03:08.960090,0.22031827582514427,1.8054001832365776,78.91305021174706,4.949274479107639,0.09692393288588359,2.328670127015952e-06,188.9599824999459,21,COMPLETE
2607,24.724872123579694,24.62447607506334,2026-10-06 02:15:14.009631,2026-10-06 02:18:30.907251,0 days 00:03:16.897620,0.48967816666395225,2.5826334477054016,78.91305021174706,22.2783980962908,0.009569508337727876,1.4671267453130232e-06,196.8975085336715,21,COMPLETE
2608,12.647942859022118,5.8822323155258305,2026-10-06 02:15:14.079802,2026-10-06 02:18:26.680186,0 days 00:03:12.600384,0.2537871941753988,1.8054001832365776,3.678188898747392,11.893393556982886,0.01052030422800901,2.328670127015952e-06,192.6002859477885,21,COMPLETE
2609,28.149882803635666,4.970377386936145,2026-10-06 02:15:14.087633,2026-10-06 02:18:27.729511,0 days 00:03:13.641878,0.16700044276619444,1.8054001832365776,78.91305021174706,2.4821582187648223,0.009569508337727876,0.01095020029254061,193.64178287424147,21,COMPLETE
2610,28.25994622660489,25.07992649618613,2026-10-06 02:15:14.769075,2026-10-06 02:18:25.271490,0 days 00:03:10.502415,0.3401090828369047,3.42961079489487,78.91305021174706,18.49957504695779,0.009569508337727876,2.328670127015952e-06,190.50233337841928,21,COMPLETE
2611,26.71897204658091,16.831549110683177,2026-10-06 02:15:14.772650,2026-10-06 02:18:23.803501,0 days 00:03:09.030851,0.42937345114127523,1.8054001832365776,78.91305021174706,12.025559114678314,0.009569508337727876,2.328670127015952e-06,189.03076293785125,21,COMPLETE
2612,23.353831303691386,25.796598332819134,2026-10-06 02:15:14.776639,2026-10-06 02:18:26.858583,0 days 00:03:12.081944,0.48967816666395225,3.42961079489487,78.91305021174706,33.705587852946245,0.009569508337727876,9.391865709026338e-06,192.08185909083113,21,COMPLETE
2613,27.49506540056455,23.841467055682593,2026-10-06 02:15:14.780638,2026-10-06 02:18:24.398751,0 days 00:03:09.618113,0.3164749277302921,3.42961079489487,78.91305021174706,12.303481343464334,0.008698017554316196,2.328670127015952e-06,189.61804088763893,21,COMPLETE
2614,26.532889601071645,18.986747044694837,2026-10-06 02:15:14.848303,2026-10-06 02:18:24.388141,0 days 00:03:09.539838,0.42937345114127523,1.8054001832365776,78.91305021174706,18.49957504695779,0.009569508337727876,2.328670127015952e-06,189.5397607437335,21,COMPLETE
2615,25.344405080224497,20.703686591796178,2026-10-06 02:15:14.923671,2026-10-06 02:18:31.238653,0 days 00:03:16.314982,0.48480307501533615,2.5826334477054016,78.91305021174706,12.025559114678314,0.009569508337727876,1.1935707984201837e-06,196.31488143699244,22,COMPLETE
2616,31.385406086196518,4.7733920337341065,2026-10-06 02:15:15.730697,2026-10-06 02:18:29.957568,0 days 00:03:14.226871,0.07003427972674742,1.8054001832365776,78.91305021174706,50.164406640555335,0.018213457044695076,2.328670127015952e-06,194.22676681773737,22,COMPLETE
2617,,,2026-10-06 02:15:15.750650,2026-10-06 02:15:16.628714,0 days 00:00:00.878064,0.012587268030889219,1.8054001832365776,78.91305021174706,4.949274479107639,0.005033054811891608,,,22,PRUNED
2618,32.11158381277372,7.753003500985522,2026-10-06 02:15:15.798650,2026-10-06 02:18:29.404502,0 days 00:03:13.605852,0.14472486883161542,1.8054001832365776,78.91305021174706,6.182683349256731,0.017104947017758547,2.328670127015952e-06,193.6057653669268,22,COMPLETE
2619,32.105448248610195,13.77246817701386,2026-10-06 02:15:15.822644,2026-10-06 02:18:30.240161,0 days 00:03:14.417517,0.14472486883161542,1.8054001832365776,78.91305021174706,4.949274479107639,0.009569508337727876,2.328670127015952e-06,194.41743289399892,22,COMPLETE
2620,16.81093728358704,8.099991777995605,2026-10-06 02:15:15.830639,2026-10-06 02:18:24.931192,0 days 00:03:09.100553,0.42937345114127523,34.72791095388797,78.91305021174706,22.2783980962908,0.009569508337727876,2.328670127015952e-06,189.10047207819298,22,COMPLETE
2621,28.349486893526716,4.373607274356813,2026-10-06 02:15:15.834649,2026-10-06 02:18:30.093894,0 days 00:03:14.259245,0.1912437107176475,26.395782602084147,78.91305021174706,4.949274479107639,0.009569508337727876,2.328670127015952e-06,194.2591496356763,22,COMPLETE
2622,30.242133434977,14.498159920430442,2026-10-06 02:15:15.844654,2026-10-06 02:18:25.431527,0 days 00:03:09.586873,0.12209544253743804,3.42961079489487,78.91305021174706,18.49957504695779,0.009569508337727876,2.328670127015952e-06,189.5867932299152,22,COMPLETE
2623,,,2026-10-06 02:15:15.852649,2026-10-06 02:15:17.794739,0 days 00:00:01.942090,0.17534157142392734,32.22219729812488,78.91305021174706,83.85989774544747,0.009569508337727876,,,22,PRUNED
2624,29.437278437539703,20.32950915543308,2026-10-06 02:15:15.860638,2026-10-06 02:18:26.489228,0 days 00:03:10.628590,0.14472486883161542,1.8054001832365776,78.91305021174706,53.19831855856638,0.008698017554316196,2.328670127015952e-06,190.6285021188669,22,COMPLETE
2625,25.803260505687273,3.370066632536222,2026-10-06 02:15:15.864805,2026-10-06 02:18:25.233352,0 days 00:03:09.368547,0.22031827582514427,1.8054001832365776,78.91305021174706,40.2862337213893,0.008698017554316196,2.328670127015952e-06,189.368460142985,22,COMPLETE
2626,23.951461361905153,29.20529149626848,2026-10-06 02:15:15.892642,2026-10-06 02:18:27.527022,0 days 00:03:11.634380,0.48480307501533615,3.42961079489487,78.91305021174706,35.397938808104236,0.009569508337727876,2.328670127015952e-06,191.6342896670103,22,COMPLETE
2627,24.171916567896766,27.96627269443611,2026-10-06 02:15:15.900626,2026-10-06 02:18:24.249152,0 days 00:03:08.348526,0.48480307501533615,3.42961079489487,78.91305021174706,28.521004463161855,0.009569508337727876,2.328670127015952e-06,188.34843511600047,22,COMPLETE
2628,24.799683160660745,18.60404639604615,2026-10-06 02:15:15.916631,2026-10-06 02:18:26.366389,0 days 00:03:10.449758,0.22031827582514427,2.5826334477054016,33.387098088624725,12.025559114678314,0.009569508337727876,4.639127130554909e-06,190.4496601028368,22,COMPLETE
2629,30.404929789099118,19.960167346079746,2026-10-06 02:15:15.920648,2026-10-06 02:18:27.442202,0 days 00:03:11.521554,0.2587408330242277,1.8054001832365776,78.91305021174706,18.49957504695779,0.009569508337727876,2.328670127015952e-06,191.52146802516654,22,COMPLETE
2630,28.4900976917217,17.168181242788346,2026-10-06 02:15:15.928637,2026-10-06 02:18:30.425545,0 days 00:03:14.496908,0.17534157142392734,1.8054001832365776,41.04983781027507,12.025559114678314,0.009569508337727876,2.328670127015952e-06,194.4968022350222,22,COMPLETE
2631,15.351068644563146,1.6065028059189599,2026-10-06 02:15:15.932633,2026-10-06 02:18:29.091442,0 days 00:03:13.158809,0.48967816666395225,1.8054001832365776,78.91305021174706,18.49957504695779,0.009569508337727876,0.31785949298358224,193.15871284296736,22,COMPLETE
2632,30.751780398483806,19.01592473614923,2026-10-06 02:15:16.969853,2026-10-06 02:18:29.048420,0 days 00:03:12.078567,0.17534157142392734,2.5826334477054016,78.91305021174706,12.025559114678314,0.009569508337727876,2.328670127015952e-06,192.07845938112587,22,COMPLETE
2633,0.1278563628085411,1.203919738641647,2026-10-06 02:15:17.271700,2026-10-06 02:18:28.163056,0 days 00:03:10.891356,0.48967816666395225,1.8054001832365776,78.91305021174706,12.303481343464334,0.008698017554316196,2.328670127015952e-06,190.8912616400048,22,COMPLETE
2634,31.597249343547816,15.459789880358327,2026-10-06 02:15:17.764710,2026-10-06 02:18:27.251511,0 days 00:03:09.486801,0.13668717407233408,1.8054001832365776,78.91305021174706,9.93989579004442,0.009569508337727876,2.328670127015952e-06,189.48670169897377,22,COMPLETE
2635,1.577494033500608,1.2283561372450458,2026-10-06 02:15:17.980696,2026-10-06 02:18:28.456145,0 days 00:03:10.475449,0.024698985791782018,48.25511251169334,78.91305021174706,2.5926577571350085,0.009569508337727876,2.328670127015952e-06,190.47534547094256,22,COMPLETE
2636,29.938631317460512,11.418579047286775,2026-10-06 02:15:18.385703,2026-10-06 02:18:25.264238,0 days 00:03:06.878535,0.28065168112380623,1.8054001832365776,78.91305021174706,12.025559114678314,0.018777579020179222,2.328670127015952e-06,186.87844427209347,22,COMPLETE
2637,15.180863942723974,19.165427268071447,2026-10-06 02:15:45.430727,2026-10-06 02:18:57.828551,0 days 00:03:12.397824,0.3401090828369047,3.42961079489487,23.90918413108869,4.949274479107639,0.003440562478723928,2.328670127015952e-06,192.39770711772144,22,COMPLETE
2638,4.761094044068099,1.336522785678147,2026-10-06 02:16:57.288699,2026-10-06 02:20:09.906487,0 days 00:03:12.617788,0.14472486883161542,38.36282067055779,7.221254576963629,2.4821582187648223,0.009569508337727876,2.328670127015952e-06,192.61768315313384,22,COMPLETE
2639,2.0072205591858148,1.2074657804314228,2026-10-06 02:18:20.421705,2026-10-06 02:21:34.846740,0 days 00:03:14.425035,0.02906111306191463,1.8054001832365776,1.2972460466784612,18.49957504695779,0.009569508337727876,1.8804057054451677,194.42491796799004,22,COMPLETE
2640,31.61789234006431,16.234849438418628,2026-10-06 02:18:21.082776,2026-10-06 02:21:35.829291,0 days 00:03:14.746515,0.14472486883161542,1.8054001832365776,78.91305021174706,4.949274479107639,0.008698017554316196,2.328670127015952e-06,194.7464245557785,22,COMPLETE
2641,30.925971262395944,17.991766076563557,2026-10-06 02:18:21.240805,2026-10-06 02:21:34.399828,0 days 00:03:13.159023,0.14472486883161542,1.8054001832365776,87.9942782581074,23.799365678660685,0.009569508337727876,2.328670127015952e-06,193.15891108382493,22,COMPLETE
2642,29.050304111815205,19.047465841141808,2026-10-06 02:18:22.360817,2026-10-06 02:21:35.235523,0 days 00:03:12.874706,0.3401090828369047,1.8054001832365776,78.91305021174706,18.49957504695779,0.009569508337727876,2.328670127015952e-06,192.87459813524038,22,COMPLETE
2643,29.20118312204651,24.074352855408254,2026-10-06 02:18:22.468667,2026-10-06 02:21:37.927884,0 days 00:03:15.459217,0.22031827582514427,3.42961079489487,78.91305021174706,40.29115295108787,0.009569508337727876,2.328670127015952e-06,195.45910755405203,22,COMPLETE
2644,24.38926344113541,1.5973561206816924,2026-10-06 02:18:22.628689,2026-10-06 02:21:36.552205,0 days 00:03:13.923516,0.22031827582514427,9.964772404146546,78.91305021174706,13.110337917065559,0.009569508337727876,2.328670127015952e-06,193.92342526931316,22,COMPLETE
2645,30.29263392133247,20.96579018427999,2026-10-06 02:18:23.120688,2026-10-06 02:21:36.517744,0 days 00:03:13.397056,0.17958655134255117,1.8054001832365776,78.91305021174706,54.31140553354297,0.009569508337727876,9.391865709026338e-06,193.3969551930204,22,COMPLETE
2646,30.420949617338966,17.750032613682134,2026-10-06 02:18:23.247719,2026-10-06 02:21:34.644150,0 days 00:03:11.396431,0.1912437107176475,3.42961079489487,78.91305021174706,8.12919983985662,0.009569508337727876,2.328670127015952e-06,191.39631413668394,22,COMPLETE
2647,31.248496259373532,17.94010153185225,2026-10-06 02:18:23.300231,2026-10-06 02:21:40.784031,0 days 00:03:17.483800,0.1912437107176475,1.8054001832365776,78.91305021174706,10.99723934344427,0.009569508337727876,2.328670127015952e-06,197.48369465582073,22,COMPLETE
2648,32.105448248610195,13.77246817701386,2026-10-06 02:18:23.556694,2026-10-06 02:21:36.382287,0 days 00:03:12.825593,0.14472486883161542,1.8054001832365776,78.91305021174706,4.949274479107639,0.009569508337727876,2.328670127015952e-06,192.82548405369744,22,COMPLETE
2649,31.009425578384544,18.169571737126063,2026-10-06 02:18:23.655683,2026-10-06 02:21:37.160246,0 days 00:03:13.504563,0.14472486883161542,1.8054001832365776,78.91305021174706,23.799365678660685,0.009569508337727876,2.328670127015952e-06,193.50447550229728,22,COMPLETE
2650,,,2026-10-06 02:18:23.663659,2026-10-06 02:18:24.232461,0 days 00:00:00.568802,0.3401090828369047,1.8054001832365776,78.91305021174706,33.705587852946245,0.0015240780416080864,,,22,PRUNED
2651,31.284621544300705,17.94211592853864,2026-10-06 02:18:23.693655,2026-10-06 02:21:35.724378,0 days 00:03:12.030723,0.17534157142392734,1.8054001832365776,78.91305021174706,12.025559114678314,0.009569508337727876,2.328670127015952e-06,192.03062838921323,22,COMPLETE
2652,7.0660766901317045,1.3061415598914703,2026-10-06 02:18:24.278310,2026-10-06 02:21:36.501178,0 days 00:03:12.222868,0.5804379238023668,26.895238858684767,3.331939409824073,2.839855666156788,0.009569508337727876,1.4671267453130232e-06,192.222762638703,22,COMPLETE
2653,31.566871299853137,15.972422690746741,2026-10-06 02:18:24.281646,2026-10-06 02:21:38.360331,0 days 00:03:14.078685,0.14472486883161542,1.8054001832365776,78.91305021174706,9.93989579004442,0.009569508337727876,2.328670127015952e-06,194.07860132167116,22,COMPLETE
2654,26.80554825226742,16.57581973180664,2026-10-06 02:18:24.336779,2026-10-06 02:21:37.532498,0 days 00:03:13.195719,0.17534157142392734,1.8054001832365776,30.405626555177758,12.025559114678314,0.009569508337727876,2.328670127015952e-06,193.19563684938475,22,COMPLETE
2655,31.20302888126169,3.3960916648622974,2026-10-06 02:18:24.354791,2026-10-06 02:21:36.996329,0 days 00:03:12.641538,0.22031827582514427,1.8054001832365776,78.91305021174706,1.138748279211667,0.02879756393448259,2.328670127015952e-06,192.64143867697567,22,COMPLETE
2656,9.28581085167007,7.269527864239506,2026-10-06 02:18:24.406808,2026-10-06 02:21:38.414025,0 days 00:03:14.007217,0.42937345114127523,1.8054001832365776,3.5931202476237893,22.2783980962908,0.009569508337727876,2.328670127015952e-06,194.00714012794197,22,COMPLETE
2657,31.465073244656914,16.978952378682635,2026-10-06 02:18:24.438649,2026-10-06 02:21:37.052219,0 days 00:03:12.613570,0.14472486883161542,1.8054001832365776,78.91305021174706,6.182683349256731,0.008698017554316196,2.328670127015952e-06,192.6134868087247,22,COMPLETE
2658,13.20238074858877,3.2285439958345066,2026-10-06 02:18:24.514655,2026-10-06 02:21:43.021711,0 days 00:03:18.507056,0.48967816666395225,36.29289785292349,78.91305021174706,18.49957504695779,0.009569508337727876,79.43644942702073,198.50694756489247,22,COMPLETE
