number,values_0,values_1,datetime_start,datetime_complete,duration,params_c_val,params_input_force,params_k_between_val,params_k_wall_val,params_m_val,params_ridge_alpha,user_attrs_duration_sec,system_attrs_NSGAIISampler:generation,state
4561,1.0097192581042693,1.217986024977582,2026-10-06 03:45:18.301653,2026-10-06 03:48:31.772031,0 days 00:03:13.470378,0.17534157142392734,3.42961079489487,3.39303691350019,4.949274479107639,0.008698017554316196,1.4671267453130232e-06,193.47027140203863,38,COMPLETE
4562,30.935633493751475,21.183231084813062,2026-10-06 03:45:18.373450,2026-10-06 03:48:29.389947,0 days 00:03:11.016497,0.19189241237051688,1.8054001832365776,78.91305021174706,12.025559114678314,0.008698017554316196,2.328670127015952e-06,191.01638335408643,38,COMPLETE
4563,29.925944536908844,20.20879560603166,2026-10-06 03:45:18.376648,2026-10-06 03:48:31.021536,0 days 00:03:12.644888,0.17534157142392734,3.42961079489487,78.91305021174706,12.025559114678314,0.008698017554316196,2.328670127015952e-06,192.64477800857276,38,COMPLETE
4564,24.075496858501413,5.208626574977091,2026-10-06 03:45:19.229687,2026-10-06 03:48:30.263489,0 days 00:03:11.033802,0.17534157142392734,20.50793355297958,78.91305021174706,12.025559114678314,0.008698017554316196,1.4671267453130232e-06,191.03369692526758,38,COMPLETE
4565,23.843616354287924,29.221194533953742,2026-10-06 03:45:19.280794,2026-10-06 03:48:28.950340,0 days 00:03:09.669546,0.48967816666395225,3.42961079489487,78.91305021174706,35.397938808104236,0.009569508337727876,2.328670127015952e-06,189.6694473666139,38,COMPLETE
4566,18.785695980336033,17.618613625703144,2026-10-06 03:45:19.504799,2026-10-06 03:48:30.033640,0 days 00:03:10.528841,0.22031827582514427,2.5826334477054016,15.16171359545199,12.025559114678314,0.008698017554316196,2.328670127015952e-06,190.52875242289156,38,COMPLETE
4567,23.050063359501877,13.925147796901978,2026-10-06 03:45:19.961706,2026-10-06 03:48:26.987859,0 days 00:03:07.026153,0.17534157142392734,1.8054001832365776,16.969121015177173,4.949274479107639,0.008698017554316196,2.328670127015952e-06,187.02604149421677,38,COMPLETE
4568,14.998805751306767,1.5416918444559689,2026-10-06 03:45:21.106692,2026-10-06 03:48:33.883556,0 days 00:03:12.776864,0.22031827582514427,11.698354033906226,78.91305021174706,45.605935248059524,0.009569508337727876,2.328670127015952e-06,192.77673745388165,38,COMPLETE
4569,4.174204395439344,1.2400470038478217,2026-10-06 03:45:22.542685,2026-10-06 03:48:30.694757,0 days 00:03:08.152072,0.024001277337653247,1.8054001832365776,2.782547981883701,12.025559114678314,0.008698017554316196,2.328670127015952e-06,188.15197473205626,38,COMPLETE
4570,21.116625859643054,4.345214123929433,2026-10-06 03:45:46.619703,2026-10-06 03:48:59.220799,0 days 00:03:12.601096,0.17534157142392734,19.96588752878477,78.91305021174706,18.49957504695779,0.008698017554316196,2.328670127015952e-06,192.60097111435607,38,COMPLETE
4571,30.450348467286336,21.151209563399817,2026-10-06 03:45:56.765708,2026-10-06 03:49:05.613156,0 days 00:03:08.847448,0.17534157142392734,1.8054001832365776,78.91305021174706,45.605935248059524,0.009569508337727876,2.328670127015952e-06,188.8473278125748,38,COMPLETE
4572,21.375571216677734,6.088961320082058,2026-10-06 03:46:30.425679,2026-10-06 03:49:43.472633,0 days 00:03:13.046954,0.18472274745078338,23.703873636627286,78.91305021174706,16.966954115393197,0.008698017554316196,2.328670127015952e-06,193.0468417229131,38,COMPLETE
4573,23.199102876223897,8.441617428828204,2026-10-06 03:46:51.672695,2026-10-06 03:50:01.142958,0 days 00:03:09.470263,0.17534157142392734,41.022664308887016,78.91305021174706,12.025559114678314,0.008698017554316196,2.328670127015952e-06,189.4701408711262,38,COMPLETE
4574,32.357505882278176,12.832300404282766,2026-10-06 03:47:10.687688,2026-10-06 03:50:20.106704,0 days 00:03:09.419016,0.17534157142392734,1.0100598856645617,78.91305021174706,7.704673657496365,0.009569508337727876,2.108934163128921e-06,189.41888675419614,38,COMPLETE
4575,31.153953368504176,19.404305840878884,2026-10-06 03:48:21.846889,2026-10-06 03:51:36.094683,0 days 00:03:14.247794,0.21349244226319614,1.8054001832365776,78.91305021174706,7.704673657496365,0.008698017554316196,2.328670127015952e-06,194.24767248285934,38,COMPLETE
4576,17.50222413768025,9.766055722866332,2026-10-06 03:48:21.949729,2026-10-06 03:51:36.650875,0 days 00:03:14.701146,0.17534157142392734,1.8054001832365776,8.055805011892595,18.49957504695779,0.009569508337727876,2.328670127015952e-06,194.70101606287062,38,COMPLETE
4577,17.15453607364188,1.3120754409179256,2026-10-06 03:48:22.457705,2026-10-06 03:51:34.656547,0 days 00:03:12.198842,0.22031827582514427,1.8054001832365776,78.91305021174706,6.182683349256731,0.009569508337727876,0.9958418157953872,192.19871069211513,38,COMPLETE
4578,23.532188513696237,1.197690301600458,2026-10-06 03:48:23.132699,2026-10-06 03:51:38.672321,0 days 00:03:15.539622,0.018872978175511174,3.42961079489487,78.91305021174706,12.025559114678314,0.009569508337727876,2.328670127015952e-06,195.539502710104,38,COMPLETE
4579,23.05186952573624,18.48251755444711,2026-10-06 03:48:23.367974,2026-10-06 03:51:40.756548,0 days 00:03:17.388574,0.22031827582514427,1.8054001832365776,25.999697905091217,18.135632018136917,0.009569508337727876,2.328670127015952e-06,197.38846463384107,38,COMPLETE
4580,31.04746378780257,19.38239824177877,2026-10-06 03:48:23.913855,2026-10-06 03:51:39.679142,0 days 00:03:15.765287,0.17534157142392734,1.8054001832365776,78.91305021174706,18.49957504695779,0.009569508337727876,2.328670127015952e-06,195.76517831208184,38,COMPLETE
4581,31.29799980562176,16.207103870042776,2026-10-06 03:48:23.917656,2026-10-06 03:51:39.685428,0 days 00:03:15.767772,0.12635085447200603,1.8054001832365776,78.91305021174706,7.85506273429781,0.008698017554316196,2.328670127015952e-06,195.7676647203043,38,COMPLETE
4582,26.88758681678893,4.90488532284894,2026-10-06 03:48:24.291699,2026-10-06 03:51:37.326506,0 days 00:03:13.034807,0.5736584339842584,1.8054001832365776,78.91305021174706,2.5251465861187263,0.03463343903868386,2.328670127015952e-06,193.0347043131478,38,COMPLETE
4583,0.12871918444811464,1.18304942749638,2026-10-06 03:48:24.517843,2026-10-06 03:51:35.270853,0 days 00:03:10.753010,0.48480307501533615,1.8054001832365776,78.91305021174706,12.025559114678314,0.008698017554316196,1.2446212784745538e-06,190.7528797131963,38,COMPLETE
4584,20.097593268082314,14.471998230812321,2026-10-06 03:48:24.946959,2026-10-06 03:51:39.313719,0 days 00:03:14.366760,0.48967816666395225,1.0100598856645617,58.06045772987083,18.49957504695779,0.009569508337727876,1.4671267453130232e-06,194.36665882589296,38,COMPLETE
4585,30.004862042744797,15.550288687874152,2026-10-06 03:48:24.950649,2026-10-06 03:51:40.688404,0 days 00:03:15.737755,0.17534157142392734,1.8054001832365776,58.984834683313515,7.704673657496365,0.009569508337727876,2.328670127015952e-06,195.73765274183825,38,COMPLETE
4586,25.791368146978773,1.3775225879918283,2026-10-06 03:48:24.970640,2026-10-06 03:51:36.197173,0 days 00:03:11.226533,0.14472486883161542,30.810906305096957,78.91305021174706,12.025559114678314,0.03463343903868386,2.328670127015952e-06,191.22642751876265,38,COMPLETE
4587,24.56675025976688,24.54185914222737,2026-10-06 03:48:25.741435,2026-10-06 03:51:37.733106,0 days 00:03:11.991671,0.48967816666395225,1.8054001832365776,78.91305021174706,40.90437386345131,0.009569508337727876,1.4671267453130232e-06,191.99154148530215,38,COMPLETE
4588,27.03710324087009,3.3839564474620887,2026-10-06 03:48:25.744648,2026-10-06 03:51:38.278195,0 days 00:03:12.533547,0.17534157142392734,46.333065836938296,69.33707937619111,4.949274479107639,0.01099578771483685,1.4671267453130232e-06,192.53344407305121,38,COMPLETE
4589,1.7377210504649985,1.1954263958208529,2026-10-06 03:48:25.748633,2026-10-06 03:51:36.302128,0 days 00:03:10.553495,0.8904499348091373,48.801436545513226,78.91305021174706,7.704673657496365,0.008698017554316196,2.328670127015952e-06,190.55339073203504,38,COMPLETE
4590,28.044106693397502,1.8801531275563377,2026-10-06 03:48:25.752627,2026-10-06 03:51:35.791953,0 days 00:03:10.039326,0.029159703095774363,1.8054001832365776,23.732689230472854,15.872376714805798,0.008698017554316196,2.328670127015952e-06,190.03920933697373,38,COMPLETE
4591,29.902969086139922,21.702985796754955,2026-10-06 03:48:25.756626,2026-10-06 03:51:37.261081,0 days 00:03:11.504455,0.19189241237051688,3.42961079489487,78.91305021174706,12.025559114678314,0.008698017554316196,2.328670127015952e-06,191.50433670775965,38,COMPLETE
4592,32.003704281998765,15.21089546682513,2026-10-06 03:48:25.840967,2026-10-06 03:51:38.988686,0 days 00:03:13.147719,0.17534157142392734,1.8054001832365776,78.91305021174706,4.949274479107639,0.009569508337727876,1.4671267453130232e-06,193.1476238858886,38,COMPLETE
4593,29.25787685124656,23.996233581083732,2026-10-06 03:48:25.880771,2026-10-06 03:51:43.023120,0 days 00:03:17.142349,0.22031827582514427,3.42961079489487,78.91305021174706,38.52680789958333,0.009569508337727876,2.328670127015952e-06,197.14223753474653,38,COMPLETE
4594,,,2026-10-06 03:48:26.458689,2026-10-06 03:48:28.405477,0 days 00:00:01.946788,0.14472486883161542,7.939666189004519,78.91305021174706,7.14008749932051,0.0012383199924492932,,,38,PRUNED
4595,33.0352025262344,3.333128490547258,2026-10-06 03:48:26.873854,2026-10-06 03:51:39.182245,0 days 00:03:12.308391,0.14472486883161542,1.0100598856645617,78.91305021174706,12.025559114678314,0.03463343903868386,2.328670127015952e-06,192.30828366987407,38,COMPLETE
4596,21.691557739711225,1.2480480553715734,2026-10-06 03:48:26.908656,2026-10-06 03:51:36.021950,0 days 00:03:09.113294,0.011130316112321226,1.8054001832365776,78.91305021174706,53.19831855856638,0.009569508337727876,1.4671267453130232e-06,189.11317466013134,38,COMPLETE
4597,8.008241784131823,3.000200562050148,2026-10-06 03:48:26.928649,2026-10-06 03:51:41.760527,0 days 00:03:14.831878,0.22031827582514427,39.26431926430639,25.73823596325139,38.52680789958333,0.009569508337727876,2.328670127015952e-06,194.8317784308456,38,COMPLETE
4598,28.106838597780758,4.137390767673797,2026-10-06 03:48:26.988284,2026-10-06 03:51:46.351278,0 days 00:03:19.362994,0.17534157142392734,17.205142952229462,78.91305021174706,4.949274479107639,0.008698017554316196,0.00010475744901129613,199.36288240505382,38,COMPLETE
4599,28.96855305019496,6.518916481917339,2026-10-06 03:48:27.056660,2026-10-06 03:51:40.539923,0 days 00:03:13.483263,0.05847437312064678,3.42961079489487,78.91305021174706,38.52680789958333,0.009569508337727876,2.328670127015952e-06,193.48316212790087,38,COMPLETE
4600,23.772885767502025,1.291340827654994,2026-10-06 03:48:27.369685,2026-10-06 03:51:41.551755,0 days 00:03:14.182070,0.14472486883161542,19.07768771124804,78.91305021174706,18.49957504695779,0.03463343903868386,2.328670127015952e-06,194.18197132274508,38,COMPLETE
4601,,,2026-10-06 03:48:27.385795,2026-10-06 03:48:28.411713,0 days 00:00:01.025918,0.19189241237051688,1.8054001832365776,78.91305021174706,7.2432732878284005,0.001933542304950495,,,38,PRUNED
4602,9.970461682244672,4.331865973452803,2026-10-06 03:48:27.389630,2026-10-06 03:51:38.468631,0 days 00:03:11.079001,0.17534157142392734,3.42961079489487,7.2956597163315156,7.704673657496365,0.009569508337727876,2.328670127015952e-06,191.07889139000326,38,COMPLETE
4603,,,2026-10-06 03:48:27.897692,2026-10-06 03:48:28.822729,0 days 00:00:00.925037,0.19189241237051688,1.8054001832365776,45.684134887297716,50.803126806191564,0.0014616801204584277,,,38,PRUNED
4604,23.90113025126667,15.830263941865438,2026-10-06 03:48:27.981832,2026-10-06 03:51:40.225294,0 days 00:03:12.243462,0.2918907020150273,4.014839763781616,78.91305021174706,36.08861176564005,0.009569508337727876,0.0040682696570344765,192.24335833266377,38,COMPLETE
4605,32.75303879064167,3.894757290570112,2026-10-06 03:48:27.985641,2026-10-06 03:51:41.913245,0 days 00:03:13.927604,0.14472486883161542,1.8054001832365776,78.91305021174706,12.025559114678314,0.03463343903868386,1.2446212784745538e-06,193.9274988528341,38,COMPLETE
4606,,,2026-10-06 03:48:27.989632,2026-10-06 03:48:28.649717,0 days 00:00:00.660085,0.48480307501533615,3.42961079489487,78.91305021174706,46.431764750098004,0.0014969763385746975,,,38,PRUNED
4607,29.833580698520116,18.41343945103418,2026-10-06 03:48:28.961875,2026-10-06 03:51:41.362558,0 days 00:03:12.400683,0.14472486883161542,3.42961079489487,78.91305021174706,35.397938808104236,0.009569508337727876,1.4671267453130232e-06,192.40059036482126,38,COMPLETE
4608,0.10749638108400546,1.2337716888603674,2026-10-06 03:48:28.964629,2026-10-06 03:51:40.315198,0 days 00:03:11.350569,0.4414846396576099,1.8054001832365776,78.91305021174706,16.966954115393197,0.008698017554316196,1.4671267453130232e-06,191.35046963533387,38,COMPLETE
4609,3.8368554842664233,1.4521175627324299,2026-10-06 03:48:28.968631,2026-10-06 03:51:41.343712,0 days 00:03:12.375081,0.22031827582514427,26.854014173614008,8.03384352094335,45.605935248059524,0.009569508337727876,2.328670127015952e-06,192.37498454283923,38,COMPLETE
4610,26.704132650410166,1.8446644323710828,2026-10-06 03:48:28.972635,2026-10-06 03:51:41.972251,0 days 00:03:12.999616,0.17534157142392734,8.304660279559478,78.91305021174706,7.704673657496365,0.008698017554316196,1.4671267453130232e-06,192.9995141387917,38,COMPLETE
4611,30.970466447131127,18.428354433869643,2026-10-06 03:48:28.976636,2026-10-06 03:51:42.680108,0 days 00:03:13.703472,0.22031827582514427,1.8054001832365776,78.91305021174706,12.025559114678314,0.009569508337727876,2.328670127015952e-06,193.7033652723767,38,COMPLETE
4612,25.473310978369227,3.693398054088493,2026-10-06 03:48:28.980628,2026-10-06 03:51:42.729525,0 days 00:03:13.748897,0.17534157142392734,1.8054001832365776,78.91305021174706,51.05260684835646,0.008698017554316196,2.328670127015952e-06,193.7487886901945,38,COMPLETE
4613,2.1318438922834746,1.2161727499270658,2026-10-06 03:48:28.996771,2026-10-06 03:51:41.901798,0 days 00:03:12.905027,0.22031827582514427,20.694031453119003,3.221564581100013,40.29115295108787,0.09791395690868711,2.328670127015952e-06,192.9049180978909,38,COMPLETE
4614,29.06619667741673,12.379549263354171,2026-10-06 03:48:29.000793,2026-10-06 03:51:40.118869,0 days 00:03:11.118076,0.17534157142392734,1.8054001832365776,62.07686096235528,7.704673657496365,0.009569508337727876,8.176394384464477e-05,191.1179750119336,38,COMPLETE
4615,31.18411844024279,18.310510729046133,2026-10-06 03:48:29.004625,2026-10-06 03:51:38.563366,0 days 00:03:09.558741,0.19189241237051688,1.8054001832365776,78.91305021174706,12.025559114678314,0.009569508337727876,2.328670127015952e-06,189.5586432889104,38,COMPLETE
4616,29.359660421725966,23.84819293902906,2026-10-06 03:48:29.008627,2026-10-06 03:51:42.143623,0 days 00:03:13.134996,0.22031827582514427,3.42961079489487,78.91305021174706,35.397938808104236,0.009569508337727876,2.328670127015952e-06,193.13473540591076,38,COMPLETE
4617,30.43082778397857,22.201395914186243,2026-10-06 03:48:29.012635,2026-10-06 03:51:39.673500,0 days 00:03:10.660865,0.22031827582514427,2.5826334477054016,78.91305021174706,18.49957504695779,0.009569508337727876,2.328670127015952e-06,190.66073886305094,38,COMPLETE
4618,31.445372342935343,16.504664224757644,2026-10-06 03:48:30.025500,2026-10-06 03:51:37.303004,0 days 00:03:07.277504,0.14472486883161542,1.8054001832365776,78.91305021174706,12.025559114678314,0.009569508337727876,2.328670127015952e-06,187.27738701179624,38,COMPLETE
4619,21.51461127538843,3.202804867686359,2026-10-06 03:48:30.028655,2026-10-06 03:51:39.892502,0 days 00:03:09.863847,0.22031827582514427,19.261033937264763,78.91305021174706,18.49957504695779,0.009569508337727876,1.4671267453130232e-06,189.86375589994714,38,COMPLETE
4620,31.99753294212412,14.469989622292536,2026-10-06 03:48:30.033923,2026-10-06 03:51:41.025590,0 days 00:03:10.991667,0.17534157142392734,1.8054001832365776,78.91305021174706,4.949274479107639,0.009569508337727876,2.328670127015952e-06,190.99156408431008,38,COMPLETE
4621,21.183589564842553,2.5537940440872275,2026-10-06 03:48:30.045649,2026-10-06 03:51:42.570143,0 days 00:03:12.524494,0.48967816666395225,39.277167336445764,78.91305021174706,2.5931783094816834,0.009569508337727876,0.0065212085186819625,192.52438098797575,38,COMPLETE
4622,23.85824923980608,1.1439767314568519,2026-10-06 03:48:30.101643,2026-10-06 03:51:43.786639,0 days 00:03:13.684996,0.012269375170130438,1.8054001832365776,78.91305021174706,6.182683349256731,0.008698017554316196,2.328670127015952e-06,193.6848835661076,38,COMPLETE
4623,14.313340025642807,5.896440388994519,2026-10-06 03:48:30.456700,2026-10-06 03:51:41.677961,0 days 00:03:11.221261,0.17534157142392734,1.8054001832365776,3.957202182481494,18.49957504695779,0.009569508337727876,2.328670127015952e-06,191.22116055199876,38,COMPLETE
4624,,,2026-10-06 03:48:30.598831,2026-10-06 03:48:31.114725,0 days 00:00:00.515894,0.17534157142392734,1.8054001832365776,78.91305021174706,12.025559114678314,0.0017684767818549507,,,38,PRUNED
4625,16.52885733787405,3.0998358379769937,2026-10-06 03:48:30.602636,2026-10-06 03:51:42.086225,0 days 00:03:11.483589,0.17534157142392734,1.8054001832365776,78.91305021174706,38.52680789958333,0.009569508337727876,2.5177356943243647,191.48349787294865,38,COMPLETE
4626,15.213868458513428,2.879607935080366,2026-10-06 03:48:30.871775,2026-10-06 03:51:46.891921,0 days 00:03:16.020146,0.22031827582514427,3.42961079489487,78.91305021174706,38.52680789958333,0.009569508337727876,26.796636022722264,196.020016703289,38,COMPLETE
4627,25.290007339596862,14.04872361987514,2026-10-06 03:48:31.233682,2026-10-06 03:51:43.602055,0 days 00:03:12.368373,0.17534157142392734,1.8054001832365776,22.263384572559033,6.182683349256731,0.009569508337727876,2.328670127015952e-06,192.3682798165828,38,COMPLETE
4628,28.18111193982753,24.038212583326118,2026-10-06 03:48:31.278679,2026-10-06 03:51:44.952262,0 days 00:03:13.673583,0.3401090828369047,1.8054001832365776,78.91305021174706,45.605935248059524,0.009569508337727876,2.328670127015952e-06,193.6734739979729,38,COMPLETE
4629,14.371993971414204,5.875650866172346,2026-10-06 03:48:31.500699,2026-10-06 03:51:44.908735,0 days 00:03:13.408036,0.785008607419034,44.7940446197598,78.91305021174706,18.49957504695779,0.009569508337727876,1.4671267453130232e-06,193.4079092182219,38,COMPLETE
4630,29.249096331775547,23.861919240293666,2026-10-06 03:48:31.508649,2026-10-06 03:51:42.977736,0 days 00:03:11.469087,0.22031827582514427,3.5800531264949917,78.91305021174706,35.397938808104236,0.009569508337727876,2.328670127015952e-06,191.46897284965962,38,COMPLETE
4631,16.00496314970393,2.239935892482069,2026-10-06 03:48:31.540787,2026-10-06 03:51:44.317897,0 days 00:03:12.777110,0.17534157142392734,1.8054001832365776,78.91305021174706,65.85655813913819,0.008698017554316196,2.328670127015952e-06,192.77700689202175,38,COMPLETE
4632,32.35027318958379,13.8032431904302,2026-10-06 03:48:31.572634,2026-10-06 03:51:38.149072,0 days 00:03:06.576438,0.14472486883161542,1.0100598856645617,78.91305021174706,12.025559114678314,0.009569508337727876,1.4671267453130232e-06,186.5763315325603,38,COMPLETE
4633,7.747463529646538,3.1875196481654724,2026-10-06 03:48:31.628658,2026-10-06 03:51:46.344580,0 days 00:03:14.715922,0.22031827582514427,3.42961079489487,4.697032677668901,4.949274479107639,0.008698017554316196,1.4671267453130232e-06,194.71580624999478,38,COMPLETE
4634,31.743886349263988,16.073785728958136,2026-10-06 03:48:31.663637,2026-10-06 03:51:42.701671,0 days 00:03:11.038034,0.17534157142392734,1.0100598856645617,78.91305021174706,18.49957504695779,0.009569508337727876,1.4671267453130232e-06,191.03792880801484,38,COMPLETE
4635,30.45575446461221,21.217950208668604,2026-10-06 03:48:32.567689,2026-10-06 03:51:41.998127,0 days 00:03:09.430438,0.17534157142392734,1.8054001832365776,78.91305021174706,45.15217619573767,0.009569508337727876,1.4671267453130232e-06,189.43033602880314,38,COMPLETE
4636,,,2026-10-06 03:48:32.579643,2026-10-06 03:48:33.887095,0 days 00:00:01.307452,0.48480307501533615,3.42961079489487,78.91305021174706,46.431764750098004,0.0032835178902053184,,,38,PRUNED
4637,32.22472930541806,13.535551783629996,2026-10-06 03:48:32.583637,2026-10-06 03:51:42.466671,0 days 00:03:09.883034,0.14472486883161542,1.0100598856645617,78.91305021174706,18.49957504695779,0.01021178508731816,2.328670127015952e-06,189.88291528820992,38,COMPLETE
4638,32.3025782461883,4.4442428226884445,2026-10-06 03:48:34.092703,2026-10-06 03:51:46.228113,0 days 00:03:12.135410,0.17534157142392734,1.8054001832365776,70.05741657893104,12.025559114678314,0.03463343903868386,2.328670127015952e-06,192.13529209420085,38,COMPLETE
4639,13.40263632215515,2.8600474454978677,2026-10-06 03:48:34.100648,2026-10-06 03:51:42.775668,0 days 00:03:08.675020,0.48480307501533615,16.979980415652186,78.91305021174706,35.397938808104236,0.009569508337727876,2.328670127015952e-06,188.67491794005036,38,COMPLETE
4640,29.40045403637684,7.258660769170978,2026-10-06 03:48:59.733212,2026-10-06 03:52:09.819685,0 days 00:03:10.086473,0.17534157142392734,3.2499617768913387,78.91305021174706,3.914201698303402,0.01449817668478062,2.328670127015952e-06,190.08634157804772,38,COMPLETE
4641,29.488520817776873,21.336817366388953,2026-10-06 03:49:05.888396,2026-10-06 03:52:14.231485,0 days 00:03:08.343089,0.17534157142392734,3.42961079489487,78.91305021174706,45.605935248059524,0.009569508337727876,2.328670127015952e-06,188.34295860119164,38,COMPLETE
4642,23.592516924632047,7.317226195250996,2026-10-06 03:49:43.500673,2026-10-06 03:52:55.702097,0 days 00:03:12.201424,0.22237994520093443,36.25931014752848,78.91305021174706,12.025559114678314,0.009569508337727876,2.328670127015952e-06,192.20130839431658,38,COMPLETE
