number,values_0,values_1,datetime_start,datetime_complete,duration,params_c_val,params_input_force,params_k_between_val,params_k_wall_val,params_m_val,params_ridge_alpha,user_attrs_duration_sec,system_attrs_NSGAIISampler:generation,state
504,21.052472092084006,1.9244986241263795,2026-10-06 00:38:36.679791,2026-10-06 00:41:50.859537,0 days 00:03:14.179746,0.6040198049165227,42.2707199463251,85.7034102631403,5.534390982625277,0.023371264037735383,0.007690928916612578,194.1796392579563,4,COMPLETE
505,2.70289122692104,2.158211903620246,2026-10-06 00:38:38.415704,2026-10-06 00:41:49.868515,0 days 00:03:11.452811,0.1338864078069938,46.774203669468385,3.93837104621846,2.5623091834683014,0.002420194370875313,2.328670127015952e-06,191.4527208711952,4,COMPLETE
506,2.7939043314453413,1.2683163466178358,2026-10-06 00:38:38.598682,2026-10-06 00:41:52.064873,0 days 00:03:13.466191,0.6040198049165227,22.058471956432985,32.233952817229785,2.765920773009866,0.0034975155683449255,0.00026285855894701214,193.46609224844724,4,COMPLETE
507,5.056757252702104,1.4209945410032305,2026-10-06 00:38:38.971716,2026-10-06 00:41:55.717396,0 days 00:03:16.745680,0.17330042146382305,22.883867600842674,5.98013196708848,19.560678901050697,0.011005204287205276,3.3976165743800303e-06,196.7455941089429,4,COMPLETE
508,26.751636012369175,1.3298369694521956,2026-10-06 00:38:39.516693,2026-10-06 00:41:52.507831,0 days 00:03:12.991138,0.10888801914801638,30.4361881968835,69.82446140936025,8.04634876394084,0.0272863075382553,1.6374091613134125e-05,192.99103743117303,4,COMPLETE
509,10.160111443830859,1.5559725340431418,2026-10-06 00:38:39.635145,2026-10-06 00:41:54.380728,0 days 00:03:14.745583,0.3017209743518057,11.914101316739547,24.336135440112013,3.7504775608803835,0.0036499921651855075,50.45970687568966,194.74550627497956,4,COMPLETE
510,10.848161242440217,1.7383876793743118,2026-10-06 00:38:40.372696,2026-10-06 00:41:57.489166,0 days 00:03:17.116470,0.09101469116736341,41.25202022698372,89.61123200940895,8.570034232131624,0.009596121382849983,0.001754171270788285,197.1163787744008,4,COMPLETE
511,27.47776449329647,2.721600712920466,2026-10-06 00:38:40.463684,2026-10-06 00:41:54.740294,0 days 00:03:14.276610,0.14472486883161542,20.213335196982104,54.6602172125733,3.7504775608803835,0.009569508337727876,2.328670127015952e-06,194.27652367623523,4,COMPLETE
512,15.309503718279359,1.7609051070366317,2026-10-06 00:38:40.676835,2026-10-06 00:41:54.064549,0 days 00:03:13.387714,0.6040198049165227,8.987478920641044,32.233952817229785,1.516006052892847,0.01478582612116327,0.00026285855894701214,193.38763410411775,4,COMPLETE
513,11.00135485991155,1.1487356223212744,2026-10-06 00:38:40.724679,2026-10-06 00:41:56.864385,0 days 00:03:16.139706,0.5886596266876252,7.5769429977027825,14.719249146245843,1.8190863578544005,0.04966445555843139,2.1616060509632624,196.13961567217484,4,COMPLETE
514,9.27295392813365,2.5702065402749774,2026-10-06 00:38:41.439683,2026-10-06 00:41:54.650004,0 days 00:03:13.210321,0.48440815314866165,1.8619069911135584,5.224742778168688,1.9436578789742032,0.011005204287205276,0.0010074763694376573,193.21022655023262,4,COMPLETE
515,29.71788486944111,1.3021234230432954,2026-10-06 00:38:41.731580,2026-10-06 00:41:54.304573,0 days 00:03:12.572993,0.13263017868898783,5.163106132123858,75.08545011892379,3.323181860316004,0.01478582612116327,5.071280161362485e-06,192.57290606526658,4,COMPLETE
516,25.746506649777807,1.521282315063875,2026-10-06 00:38:41.734650,2026-10-06 00:41:55.884495,0 days 00:03:14.149845,0.6040198049165227,43.22669628608542,85.7034102631403,1.8190863578544005,0.024790630872431413,4.186531797867048e-06,194.1497609410435,4,COMPLETE
517,28.89748218157883,2.4133639021822537,2026-10-06 00:38:42.036712,2026-10-06 00:41:54.006726,0 days 00:03:11.970014,0.2880553685721488,30.4361881968835,83.63462158426863,1.7658496078448727,0.009596121382849983,0.001754171270788285,191.96992946090177,4,COMPLETE
518,22.006182873365695,1.4063350328393165,2026-10-06 00:38:42.084451,2026-10-06 00:41:55.479388,0 days 00:03:13.394937,0.5555069055943938,42.02963505435546,54.6602172125733,1.8190863578544005,0.0272863075382553,0.001754171270788285,193.3948495988734,4,COMPLETE
519,26.140299359846402,1.206868256413893,2026-10-06 00:38:42.093558,2026-10-06 00:41:53.438870,0 days 00:03:11.345312,0.027688001815325505,15.859677991775037,37.451348362540784,2.0489784059322336,0.016205446913400444,0.004038586316950702,191.3452408039011,4,COMPLETE
520,20.71198515708825,1.2707560824766673,2026-10-06 00:38:42.361758,2026-10-06 00:41:56.497236,0 days 00:03:14.135478,0.01691422427463477,11.914101316739547,24.336135440112013,1.679306845127872,0.018324378019643817,0.00046444764175651495,194.13540100725368,4,COMPLETE
521,23.169801751031496,2.5391855439275255,2026-10-06 00:38:42.369670,2026-10-06 00:41:55.028509,0 days 00:03:12.658839,0.48967816666395225,46.774203669468385,89.61123200940895,4.243265729109047,0.016205446913400444,0.004038586316950702,192.65875564794987,4,COMPLETE
522,20.05693634026684,1.7312007028753873,2026-10-06 00:38:42.450696,2026-10-06 00:41:58.211899,0 days 00:03:15.761203,0.1912088840068961,32.133571428288036,83.63462158426863,29.905547501393865,0.018324378019643817,0.007690928916612578,195.7611246178858,4,COMPLETE
523,1.0941605197998332,1.1949012066275562,2026-10-06 00:38:42.454671,2026-10-06 00:41:55.201188,0 days 00:03:12.746517,0.5206349751021522,18.703247673417344,32.233952817229785,8.570034232131624,0.002370774370531085,0.00010160998520747449,192.74643901083618,4,COMPLETE
524,19.098375990110533,1.5645980297785549,2026-10-06 00:38:42.744694,2026-10-06 00:41:57.712095,0 days 00:03:14.967401,0.1276082655188079,27.13570031291397,24.336135440112013,7.882731093911324,0.018324378019643817,0.0005024391102558689,194.9673110502772,4,COMPLETE
525,15.897832401381748,2.029643680901187,2026-10-06 00:38:42.852688,2026-10-06 00:41:55.709749,0 days 00:03:12.857061,0.14472486883161542,45.741044518014796,31.25109846959102,11.750692148076062,0.013593181580386379,7.502092623438249,192.85697328206152,4,COMPLETE
526,17.550703484926238,16.321023261594377,2026-10-06 00:38:42.886922,2026-10-06 00:41:53.978581,0 days 00:03:11.091659,0.5555069055943938,3.42961079489487,89.61123200940895,18.49957504695779,0.0015767011041207138,0.00010160998520747449,191.09156959783286,4,COMPLETE
527,20.25629461984035,1.3056924703456994,2026-10-06 00:38:42.890667,2026-10-06 00:41:53.151885,0 days 00:03:10.261218,0.5206349751021522,8.987478920641044,32.233952817229785,2.7559315643517897,0.03895658190234133,0.00018311133422614474,190.26113456999883,4,COMPLETE
528,15.216871411555763,3.989120749028946,2026-10-06 00:38:43.293693,2026-10-06 00:41:58.476808,0 days 00:03:15.183115,0.2880553685721488,32.133571428288036,32.233952817229785,11.364619091105583,0.012162077218442048,0.001754171270788285,195.18301740987226,4,COMPLETE
529,,,2026-10-06 00:38:43.758153,2026-10-06 00:38:45.146696,0 days 00:00:01.388543,0.5555069055943938,15.859677991775037,89.61123200940895,2.601220618598914,0.0028563436461572656,,,4,PRUNED
530,7.4937736570717615,3.47669849379618,2026-10-06 00:38:43.761658,2026-10-06 00:41:59.097502,0 days 00:03:15.335844,0.14472486883161542,20.213335196982104,7.099519619717996,11.426579640925725,0.0036499921651855075,1.972106799105486e-05,195.33576377900317,4,COMPLETE
531,12.444777608818656,4.375081380277684,2026-10-06 00:38:43.814680,2026-10-06 00:42:01.107861,0 days 00:03:17.293181,0.10888801914801638,18.703247673417344,7.099519619717996,3.7504775608803835,0.0036499921651855075,1.972106799105486e-05,197.2930874968879,4,COMPLETE
532,24.852989850311296,1.6374751128240757,2026-10-06 00:38:43.870666,2026-10-06 00:41:55.758097,0 days 00:03:11.887431,0.1338864078069938,46.774203669468385,37.451348362540784,4.760392434772372,0.016205446913400444,0.009860984725215969,191.88735131081194,4,COMPLETE
533,6.983993331605094,1.6276686651613823,2026-10-06 00:38:43.933673,2026-10-06 00:42:00.321498,0 days 00:03:16.387825,0.10888801914801638,23.170431497793686,5.224742778168688,1.9436578789742032,0.011005204287205276,0.0002119529307262873,196.38774414313957,4,COMPLETE
534,,,2026-10-06 00:38:43.980674,2026-10-06 00:38:44.362692,0 days 00:00:00.382018,0.10888801914801638,20.213335196982104,85.7034102631403,3.7504775608803835,0.0036499921651855075,,,4,PRUNED
535,5.208855525617983,1.4582093514815166,2026-10-06 00:38:44.158858,2026-10-06 00:41:58.140373,0 days 00:03:13.981515,0.6707519252569772,32.133571428288036,34.08958612263361,69.59849767866419,0.01478582612116327,5.519425678175731e-05,193.98142591817304,4,COMPLETE
536,12.951567741522013,12.755287669414676,2026-10-06 00:38:44.162656,2026-10-06 00:42:00.903878,0 days 00:03:16.741222,0.48967816666395225,7.0445974486618645,14.719249146245843,69.59849767866419,0.01478582612116327,2.328670127015952e-06,196.74113613087684,4,COMPLETE
537,29.060404030620482,1.2809488284560926,2026-10-06 00:38:44.374686,2026-10-06 00:41:55.546828,0 days 00:03:11.172142,0.1338864078069938,17.194388739613117,82.11028867024922,1.928465299477958,0.05008864272074093,0.06672101812662193,191.17205828009173,4,COMPLETE
538,4.166920616319453,1.2587073146405234,2026-10-06 00:38:44.391666,2026-10-06 00:41:55.455102,0 days 00:03:11.063436,0.04451256952257735,32.133571428288036,1.805574733176009,1.7658496078448727,0.009596121382849983,0.001754171270788285,191.06333813490346,4,COMPLETE
539,,,2026-10-06 00:38:44.399657,2026-10-06 00:38:44.995710,0 days 00:00:00.596053,0.12371487414476907,42.2707199463251,85.7034102631403,3.7504775608803835,0.0036499921651855075,,,4,PRUNED
540,11.685861099727015,3.8743977902023152,2026-10-06 00:38:44.491929,2026-10-06 00:41:54.660519,0 days 00:03:10.168590,0.6040198049165227,8.987478920641044,32.233952817229785,7.746949202276626,0.010155544878742024,0.001754171270788285,190.16850654501468,4,COMPLETE
541,21.207254785087407,1.7077024436995414,2026-10-06 00:38:44.508683,2026-10-06 00:41:59.819254,0 days 00:03:15.310571,0.1338864078069938,23.19018010286952,37.451348362540784,10.36246557689139,0.016205446913400444,5.531733091815851e-06,195.3104891902767,4,COMPLETE
542,13.305311188785444,6.61447286095453,2026-10-06 00:38:44.650696,2026-10-06 00:41:56.291581,0 days 00:03:11.640885,0.8260375030611535,8.987478920641044,32.233952817229785,7.746949202276626,0.01478582612116327,0.00026285855894701214,191.64079405274242,4,COMPLETE
543,4.1718218178756015,1.6038096248149851,2026-10-06 00:38:44.662682,2026-10-06 00:41:57.723395,0 days 00:03:13.060713,0.8260375030611535,8.987478920641044,3.538408750200486,7.746949202276626,0.01478582612116327,0.00026285855894701214,193.06063468102366,4,COMPLETE
544,13.305311188785444,6.61447286095453,2026-10-06 00:38:44.806851,2026-10-06 00:41:53.442139,0 days 00:03:08.635288,0.8260375030611535,8.987478920641044,32.233952817229785,7.746949202276626,0.01478582612116327,0.00026285855894701214,188.6352195609361,4,COMPLETE
545,3.1988565660292965,3.070514877878691,2026-10-06 00:38:45.332865,2026-10-06 00:41:58.210571,0 days 00:03:12.877706,0.16177110021459462,48.21469805334717,3.7974012840683553,5.534390982625277,0.0021869538993636224,60.28758797529368,192.87762358086184,4,COMPLETE
546,22.105630636564335,1.5651530437987984,2026-10-06 00:38:45.336663,2026-10-06 00:41:58.278456,0 days 00:03:12.941793,0.12420771410919251,23.19018010286952,14.719249146245843,1.8190863578544005,0.013033927174183927,2.328670127015952e-06,192.94171017967165,4,COMPLETE
547,25.092545983992093,1.6670776255777917,2026-10-06 00:38:45.340654,2026-10-06 00:41:56.952134,0 days 00:03:11.611480,0.6040198049165227,42.2707199463251,85.7034102631403,2.5122488726661794,0.024790630872431413,4.186531797867048e-06,191.61140556726605,4,COMPLETE
548,15.326189324773754,1.545951262372895,2026-10-06 00:38:45.422691,2026-10-06 00:41:58.213292,0 days 00:03:12.790601,0.5555069055943938,32.133571428288036,34.08958612263361,1.3952232429901594,0.009596121382849983,0.001754171270788285,192.79052734887227,4,COMPLETE
549,7.204259392068636,4.488962645355832,2026-10-06 00:38:45.867630,2026-10-06 00:42:00.917707,0 days 00:03:15.050077,0.48967816666395225,5.163106132123858,4.1984791831456425,15.297894840806935,0.009596121382849983,0.001754171270788285,195.05000260984525,4,COMPLETE
550,24.849592710856612,1.3287524447345191,2026-10-06 00:38:45.870653,2026-10-06 00:41:54.775461,0 days 00:03:08.904808,0.1338864078069938,42.2707199463251,37.451348362540784,4.948913611377781,0.024790630872431413,0.004038586316950702,188.9006901732646,4,COMPLETE
551,11.00883839151187,1.2294666797825102,2026-10-06 00:38:45.960701,2026-10-06 00:41:56.303027,0 days 00:03:10.342326,0.04451256952257735,46.774203669468385,54.6602172125733,1.8190863578544005,0.0272863075382553,8.641839304689849e-05,190.34224393079057,4,COMPLETE
552,,,2026-10-06 00:38:46.136684,2026-10-06 00:38:47.684726,0 days 00:00:01.548042,0.12420771410919251,48.21469805334717,37.451348362540784,5.534390982625277,0.0016113835412356334,,,4,PRUNED
553,1.9476654176208357,1.2306585020921412,2026-10-06 00:38:46.206686,2026-10-06 00:41:58.297841,0 days 00:03:12.091155,0.14472486883161542,22.058471956432985,32.233952817229785,1.3952232429901594,0.0032834989441960635,0.007690928916612578,192.09108185209334,4,COMPLETE
554,22.29616355412488,1.2133457172121906,2026-10-06 00:38:46.210660,2026-10-06 00:41:57.862561,0 days 00:03:11.651901,0.05659835648651861,32.133571428288036,83.63462158426863,1.7658496078448727,0.06824977174552374,1.6374091613134125e-05,191.65182796958834,4,COMPLETE
555,11.857250770043755,2.404014178188298,2026-10-06 00:38:46.736690,2026-10-06 00:41:57.880221,0 days 00:03:11.143531,0.6040198049165227,30.283044299361794,34.08958612263361,10.55137025643824,0.009596121382849983,0.001754171270788285,191.1434664982371,4,COMPLETE
556,28.16179420479865,1.2840197412326035,2026-10-06 00:38:46.884840,2026-10-06 00:42:00.746042,0 days 00:03:13.861202,0.14472486883161542,8.987478920641044,89.61123200940895,8.570034232131624,0.03895658190234133,7.5742798395009275e-06,193.86110470211133,4,COMPLETE
557,2.854556656557708,1.2046882074303369,2026-10-06 00:38:47.355686,2026-10-06 00:41:57.801223,0 days 00:03:10.445537,0.017705685291951156,20.213335196982104,7.099519619717996,3.7504775608803835,0.011005204287205276,1.972106799105486e-05,190.44545759214088,4,COMPLETE
558,16.254645274401025,1.7549019198398006,2026-10-06 00:38:47.696694,2026-10-06 00:42:02.246897,0 days 00:03:14.550203,0.5555069055943938,46.774203669468385,29.294270272946573,1.9806728822218551,0.01478582612116327,0.00026285855894701214,194.55011380882934,4,COMPLETE
559,,,2026-10-06 00:38:47.700659,2026-10-06 00:38:47.999724,0 days 00:00:00.299065,0.04451256952257735,5.163106132123858,83.63462158426863,82.2409902379185,0.002725074067642635,,,4,PRUNED
560,1.0632214446010493,1.2287141332743459,2026-10-06 00:38:47.704657,2026-10-06 00:41:59.490802,0 days 00:03:11.786145,0.8260375030611535,8.987478920641044,85.7034102631403,2.765920773009866,0.009394328025581626,0.00026285855894701214,191.78606652002782,4,COMPLETE
561,28.252960438131844,1.2670235801341723,2026-10-06 00:38:47.844850,2026-10-06 00:41:56.719499,0 days 00:03:08.874649,0.14472486883161542,3.42961079489487,78.91305021174706,1.7658496078448727,0.06824977174552374,2.328670127015952e-06,188.87456421321258,4,COMPLETE
562,30.483967080361673,1.2846610518783024,2026-10-06 00:38:47.877675,2026-10-06 00:41:59.407814,0 days 00:03:11.530139,0.17537115135783085,30.4361881968835,75.08545011892379,2.765920773009866,0.03895658190234133,1.6374091613134125e-05,191.53004166018218,4,COMPLETE
563,27.35637864309458,2.257975442830024,2026-10-06 00:38:48.036702,2026-10-06 00:41:55.557164,0 days 00:03:07.520462,0.14472486883161542,32.133571428288036,89.61123200940895,8.570034232131624,0.013593181580386379,0.00010160998520747449,187.52037693513557,4,COMPLETE
564,11.160550938994499,2.0711632138130662,2026-10-06 00:38:48.213846,2026-10-06 00:42:01.400265,0 days 00:03:13.186419,0.1912088840068961,20.468205450902225,34.08958612263361,28.087606222973488,0.009596121382849983,0.007690928916612578,193.18632818106562,4,COMPLETE
565,20.678576985007172,1.5342578289375572,2026-10-06 00:38:48.303882,2026-10-06 00:41:59.924963,0 days 00:03:11.621081,0.2880553685721488,8.987478920641044,32.233952817229785,1.7658496078448727,0.009596121382849983,0.00026285855894701214,191.62100805528462,4,COMPLETE
566,20.96867038418895,2.535118162463691,2026-10-06 00:38:48.893838,2026-10-06 00:41:57.587588,0 days 00:03:08.693750,0.2880553685721488,46.774203669468385,34.08958612263361,1.7658496078448727,0.009596121382849983,0.001754171270788285,188.69367004185915,4,COMPLETE
567,15.495803247486743,2.1498195639382134,2026-10-06 00:38:49.003686,2026-10-06 00:41:59.481239,0 days 00:03:10.477553,0.9222042430472607,45.741044518014796,78.91305021174706,19.560678901050697,0.0272863075382553,2.328670127015952e-06,190.47746907081455,4,COMPLETE
568,15.524009362752313,11.096118561096505,2026-10-06 00:38:49.148690,2026-10-06 00:42:02.689798,0 days 00:03:13.541108,0.6040198049165227,2.562221974397372,34.08958612263361,10.55137025643824,0.010155544878742024,1.6374091613134125e-05,193.54101171391085,4,COMPLETE
569,26.24131267804277,1.7376477260173793,2026-10-06 00:38:50.047694,2026-10-06 00:41:59.892938,0 days 00:03:09.845244,0.3716282822733802,45.741044518014796,78.91305021174706,1.8190863578544005,0.016205446913400444,0.004038586316950702,189.84516611136496,4,COMPLETE
570,26.2967080686514,1.5705489921941793,2026-10-06 00:41:14.219726,2026-10-06 00:44:28.133459,0 days 00:03:13.913733,0.2880553685721488,32.133571428288036,83.63462158426863,8.956959135838018,0.03389943614184064,0.001754171270788285,193.9136284161359,4,COMPLETE
571,,,2026-10-06 00:41:48.624715,2026-10-06 00:41:49.800725,0 days 00:00:01.176010,0.1893312962025882,13.47960083480834,27.975857885164718,8.570034232131624,0.0015767011041207138,,,4,PRUNED
572,,,2026-10-06 00:41:49.868962,2026-10-06 00:41:51.413964,0 days 00:00:01.545002,0.14472486883161542,3.42961079489487,78.91305021174706,1.7658496078448727,0.003298804428295194,,,4,PRUNED
573,1.5185648837090147,1.1507862078671376,2026-10-06 00:41:49.872677,2026-10-06 00:45:07.070653,0 days 00:03:17.197976,0.01431206014670835,32.133571428288036,83.63462158426863,2.765920773009866,0.009394328025581626,7.502092623438249,197.19788412982598,4,COMPLETE
574,15.239347629945152,8.57569586002838,2026-10-06 00:41:50.903692,2026-10-06 00:45:06.247728,0 days 00:03:15.344036,0.4959367378662905,5.163106132123858,14.719249146245843,7.882731093911324,0.018324378019643817,2.328670127015952e-06,195.3439447390847,4,COMPLETE
575,10.197236313113041,3.1568631581571958,2026-10-06 00:41:51.414426,2026-10-06 00:45:05.572505,0 days 00:03:14.158079,0.1713359383921567,12.183219006263512,5.224742778168688,1.9861663915239172,0.0015767011041207138,0.0002119529307262873,194.15797636238858,4,COMPLETE
576,7.604379624952043,7.787217259836892,2026-10-06 00:41:52.358702,2026-10-06 00:45:08.070372,0 days 00:03:15.711670,0.10888801914801638,3.42961079489487,7.099519619717996,18.49957504695779,0.0036499921651855075,2.328670127015952e-06,195.71158617641777,4,COMPLETE
577,26.230883613954717,1.4147019066871787,2026-10-06 00:41:52.614841,2026-10-06 00:45:04.836755,0 days 00:03:12.221914,0.14472486883161542,32.120075118023244,78.91305021174706,1.8190863578544005,0.016205446913400444,13.74169195840429,192.22181328199804,4,COMPLETE
578,12.497198979292202,4.441758304913854,2026-10-06 00:41:52.642856,2026-10-06 00:45:04.385518,0 days 00:03:11.742662,0.6707519252569772,5.163106132123858,14.719249146245843,1.8190863578544005,0.01478582612116327,3.3976165743800303e-06,191.74255746090785,4,COMPLETE
579,4.899928724444194,2.019416948455915,2026-10-06 00:41:53.189809,2026-10-06 00:45:07.815091,0 days 00:03:14.625282,0.8260375030611535,8.987478920641044,5.224742778168688,7.746949202276626,0.01478582612116327,0.00026285855894701214,194.62519268598408,4,COMPLETE
580,30.8436872225422,1.5025553526066058,2026-10-06 00:41:53.569679,2026-10-06 00:45:06.158561,0 days 00:03:12.588882,0.14950690862465818,32.133571428288036,83.63462158426863,1.3952232429901594,0.01478582612116327,0.0004065187568424027,192.5886575197801,4,COMPLETE
581,4.584397475065224,1.3585538379115951,2026-10-06 00:41:53.816702,2026-10-06 00:45:10.475399,0 days 00:03:16.658697,0.16177110021459462,20.213335196982104,4.9438780909481,18.75270124739266,0.011005204287205276,1.6374091613134125e-05,196.65862116171047,4,COMPLETE
582,16.856145364665164,1.5027783109219714,2026-10-06 00:41:54.145807,2026-10-06 00:45:10.494351,0 days 00:03:16.348544,0.10888801914801638,20.213335196982104,14.719249146245843,5.893506995279006,0.01478582612116327,0.001754171270788285,196.34846838889644,4,COMPLETE
583,17.7155396581652,6.460333534386084,2026-10-06 00:41:54.220676,2026-10-06 00:45:09.104491,0 days 00:03:14.883815,0.6040198049165227,1.6561528973969994,32.233952817229785,7.82709496809967,0.024790630872431413,1.6374091613134125e-05,194.88373481296003,4,COMPLETE
584,29.29987660390635,1.6380940546300682,2026-10-06 00:41:54.224655,2026-10-06 00:45:06.970754,0 days 00:03:12.746099,0.1912088840068961,32.133571428288036,83.63462158426863,1.7658496078448727,0.01478582612116327,0.007690928916612578,192.74600353790447,4,COMPLETE
585,25.606146458977058,1.5441785764083331,2026-10-06 00:41:54.515103,2026-10-06 00:45:06.340009,0 days 00:03:11.824906,0.6040198049165227,42.2707199463251,85.7034102631403,1.8190863578544005,0.023807271539768485,4.186531797867048e-06,191.82480595633388,4,COMPLETE
586,5.896108353224656,1.338088574750227,2026-10-06 00:41:54.668888,2026-10-06 00:45:07.232124,0 days 00:03:12.563236,0.1338864078069938,10.645449635319572,19.20370938650746,44.418524970729585,0.01097836137232598,0.004038586316950702,192.56314506707713,4,COMPLETE
587,3.908426536842492,1.2876581139901562,2026-10-06 00:41:55.196687,2026-10-06 00:45:07.508804,0 days 00:03:12.312117,0.09797203457757553,17.628789654580757,14.719249146245843,69.59849767866419,0.01478582612116327,3.3976165743800303e-06,192.3120342339389,4,COMPLETE
