number,values_0,values_1,datetime_start,datetime_complete,duration,params_c_val,params_input_force,params_k_between_val,params_k_wall_val,params_m_val,params_ridge_alpha,user_attrs_duration_sec,system_attrs_NSGAIISampler:generation,state
7124,31.001219460577705,20.546874726373222,2026-10-06 05:44:08.587736,2026-10-06 05:47:21.105520,0 days 00:03:12.517784,0.17534157142392734,1.8054001832365776,78.91305021174706,12.025559114678314,0.008698017554316196,2.328670127015952e-06,192.51752999192104,59,COMPLETE
7125,26.778853038536898,4.4630257643900695,2026-10-06 05:44:08.591537,2026-10-06 05:47:21.573766,0 days 00:03:12.982229,0.3401090828369047,2.5826334477054016,78.91305021174706,8.964843724517372,0.008698017554316196,1.54960617812222e-06,192.98211852181703,59,COMPLETE
7126,27.65246503775927,10.383296253755502,2026-10-06 05:44:08.602793,2026-10-06 05:47:21.166606,0 days 00:03:12.563813,0.419007027175139,1.8054001832365776,78.91305021174706,1.7668259696563169,0.009569508337727876,1.4671267453130232e-06,192.56358291907236,59,COMPLETE
7127,16.107085095408614,1.2413410934324487,2026-10-06 05:44:08.606638,2026-10-06 05:47:21.780552,0 days 00:03:13.173914,0.19189241237051688,1.8054001832365776,78.91305021174706,2.132433328578158,0.008698017554316196,9.252311264603042,193.17377637140453,59,COMPLETE
7128,32.73236910148048,3.6199964334010506,2026-10-06 05:44:08.610630,2026-10-06 05:47:20.776549,0 days 00:03:12.165919,0.048813458468085553,1.0100598856645617,78.91305021174706,2.5931783094816834,0.009569508337727876,1.4671267453130232e-06,192.1658015041612,59,COMPLETE
7129,23.57081636217486,32.98442111470967,2026-10-06 05:44:08.614643,2026-10-06 05:47:20.729089,0 days 00:03:12.114446,0.4170943029749887,4.95477336878759,80.97346391189345,53.19831855856638,0.009569508337727876,1.4671267453130232e-06,192.11432329099625,59,COMPLETE
7130,31.321217333705295,2.5858666245487703,2026-10-06 05:44:08.618628,2026-10-06 05:47:21.543679,0 days 00:03:12.925051,0.17534157142392734,1.0100598856645617,78.91305021174706,18.49957504695779,0.056047070646914464,1.4671267453130232e-06,192.92493169009686,59,COMPLETE
7131,24.098115731216478,1.7358651824025366,2026-10-06 05:44:08.654655,2026-10-06 05:47:19.707829,0 days 00:03:11.053174,0.35349415915446786,10.518662329766537,78.91305021174706,7.704673657496365,0.009569508337727876,1.2446212784745538e-06,191.05308725172654,59,COMPLETE
7132,32.38589251764321,13.209498560052605,2026-10-06 05:44:08.912691,2026-10-06 05:47:21.546543,0 days 00:03:12.633852,0.17534157142392734,1.0100598856645617,78.91305021174706,7.704673657496365,0.009569508337727876,1.4671267453130232e-06,192.6337349060923,59,COMPLETE
7133,31.622371045281444,11.382964652706693,2026-10-06 05:44:09.270702,2026-10-06 05:47:21.958732,0 days 00:03:12.688030,0.17534157142392734,1.8054001832365776,78.91305021174706,1.729748519929299,0.009569508337727876,1.4671267453130232e-06,192.68794101616368,59,COMPLETE
7134,31.52308945043277,16.48887049707982,2026-10-06 05:44:09.461695,2026-10-06 05:47:22.210530,0 days 00:03:12.748835,0.22031827582514427,1.8054001832365776,78.91305021174706,4.5860015163190155,0.008698017554316196,2.328670127015952e-06,192.74869855400175,59,COMPLETE
7135,28.771755933187784,19.885786016870618,2026-10-06 05:44:09.834895,2026-10-06 05:47:20.413604,0 days 00:03:10.578709,0.3401090828369047,1.0100598856645617,78.91305021174706,53.19831855856638,0.009569508337727876,1.4671267453130232e-06,190.57861318578944,59,COMPLETE
7136,,,2026-10-06 05:44:09.973851,2026-10-06 05:44:11.036903,0 days 00:00:01.063052,0.419007027175139,3.42961079489487,87.52011066518837,53.19831855856638,0.0036439294244736387,,,59,PRUNED
7137,26.382555189555752,30.06434253239196,2026-10-06 05:44:10.096700,2026-10-06 05:47:21.289971,0 days 00:03:11.193271,0.3401090828369047,3.42961079489487,80.97346391189345,53.19831855856638,0.009569508337727876,1.4671267453130232e-06,191.19316604500636,59,COMPLETE
7138,30.375397307314394,15.13099720107318,2026-10-06 05:44:10.137302,2026-10-06 05:47:21.346698,0 days 00:03:11.209396,0.19189241237051688,1.8054001832365776,78.91305021174706,24.822184195916574,0.014057338493186508,1.4671267453130232e-06,191.20929074799642,59,COMPLETE
7139,11.066828050898518,2.658094390883371,2026-10-06 05:44:10.199133,2026-10-06 05:47:22.928984,0 days 00:03:12.729851,0.134407121693098,1.0100598856645617,1.1161897906219602,8.858210845255327,0.009569508337727876,1.4671267453130232e-06,192.72971018683165,59,COMPLETE
7140,33.02993234613827,6.733177818174783,2026-10-06 05:44:10.210641,2026-10-06 05:47:20.945596,0 days 00:03:10.734955,0.06308571413977154,1.0100598856645617,78.91305021174706,7.704673657496365,0.009569508337727876,1.2446212784745538e-06,190.7348612099886,59,COMPLETE
7141,,,2026-10-06 05:44:10.227657,2026-10-06 05:44:10.844741,0 days 00:00:00.617084,0.14472486883161542,1.0100598856645617,80.97346391189345,12.025559114678314,0.0011647704793904072,,,59,PRUNED
7142,28.003386164694753,27.518608956195,2026-10-06 05:44:10.482699,2026-10-06 05:47:21.610774,0 days 00:03:11.128075,0.2918907020150273,2.5826334477054016,78.91305021174706,57.92341374638513,0.009569508337727876,1.4671267453130232e-06,191.1279651406221,59,COMPLETE
7143,14.507560302908065,1.2776453167705664,2026-10-06 05:44:10.954845,2026-10-06 05:47:21.864544,0 days 00:03:10.909699,0.35349415915446786,1.0100598856645617,80.97346391189345,12.025559114678314,0.03463343903868386,4.429897527356695,190.9095736197196,59,COMPLETE
7144,33.16810918357728,3.254146249543501,2026-10-06 05:44:11.172695,2026-10-06 05:47:19.050249,0 days 00:03:07.877554,0.13649433953046394,1.0100598856645617,78.91305021174706,12.025559114678314,0.03463343903868386,1.2446212784745538e-06,187.87744176061824,59,COMPLETE
7145,27.704992831518922,3.770588303765662,2026-10-06 05:44:11.508693,2026-10-06 05:47:24.886505,0 days 00:03:13.377812,0.14472486883161542,30.288655933994193,78.91305021174706,6.838132759515309,0.009569508337727876,1.4671267453130232e-06,193.3776583308354,59,COMPLETE
7146,16.97550021992066,1.489343768104538,2026-10-06 05:44:11.782703,2026-10-06 05:47:23.021190,0 days 00:03:11.238487,0.19189241237051688,1.0100598856645617,69.16329565667773,18.49957504695779,0.008698017554316196,0.43701932304735613,191.2383848070167,59,COMPLETE
7147,17.35129750692881,5.307633056134239,2026-10-06 05:44:11.786634,2026-10-06 05:47:21.956528,0 days 00:03:10.169894,0.2918907020150273,2.5826334477054016,78.91305021174706,12.025559114678314,0.009569508337727876,0.19690678804798173,190.16979979211465,59,COMPLETE
7148,31.456717598968332,19.299129196000486,2026-10-06 05:44:11.790625,2026-10-06 05:47:22.739524,0 days 00:03:10.948899,0.17534157142392734,1.0100598856645617,78.91305021174706,18.49957504695779,0.008698017554316196,1.4671267453130232e-06,190.94879504293203,59,COMPLETE
7149,30.366755916765214,20.13010398224237,2026-10-06 05:44:11.794624,2026-10-06 05:47:21.825360,0 days 00:03:10.030736,0.14472486883161542,1.0100598856645617,78.91305021174706,53.19831855856638,0.008698017554316196,1.4671267453130232e-06,190.03061842126772,59,COMPLETE
7150,31.243956781554704,20.081659948293826,2026-10-06 05:44:12.516692,2026-10-06 05:47:21.591786,0 days 00:03:09.075094,0.19189241237051688,1.8054001832365776,78.91305021174706,7.704673657496365,0.008698017554316196,1.4671267453130232e-06,189.074982016813,59,COMPLETE
7151,20.451304928957587,3.8209226502447406,2026-10-06 05:44:38.284897,2026-10-06 05:47:52.451286,0 days 00:03:14.166389,0.134407121693098,1.0100598856645617,28.367899589808648,2.9928475675841404,0.009569508337727876,0.015999180318681444,194.166245684959,59,COMPLETE
7152,,,2026-10-06 05:44:45.336819,2026-10-06 05:44:46.634324,0 days 00:00:01.297505,0.3401090828369047,3.42961079489487,80.97346391189345,59.937496435575085,0.008698017554316196,,,59,PRUNED
7153,18.11574892553909,4.363176668422052,2026-10-06 05:44:47.631700,2026-10-06 05:48:00.127861,0 days 00:03:12.496161,0.12186470831252749,1.0100598856645617,3.9320679728761556,7.704673657496365,0.010066673683367812,2.108934163128921e-06,192.49602930201218,59,COMPLETE
7154,15.370035484275013,16.981464798170826,2026-10-06 05:45:21.173696,2026-10-06 05:48:33.686449,0 days 00:03:12.512753,0.3121677392205694,4.014839763781616,13.91110876422448,18.49957504695779,0.009569508337727876,1.4671267453130232e-06,192.51260297885165,59,COMPLETE
7155,15.017493104722988,13.0950746932957,2026-10-06 05:45:26.337016,2026-10-06 05:48:36.419433,0 days 00:03:10.082417,0.2918907020150273,2.5826334477054016,9.037772243143184,18.49957504695779,0.009569508337727876,1.4671267453130232e-06,190.08228254131973,59,COMPLETE
7156,26.90426223560786,1.525324119757465,2026-10-06 05:45:26.351667,2026-10-06 05:48:36.482727,0 days 00:03:10.131060,0.06441798531902292,22.678004894848282,78.91305021174706,8.858210845255327,0.009569508337727876,2.328670127015952e-06,190.13093500584364,59,COMPLETE
7157,31.991839400877904,16.077415131886642,2026-10-06 05:46:04.088702,2026-10-06 05:49:13.763543,0 days 00:03:09.674841,0.134407121693098,1.0100598856645617,78.91305021174706,12.025559114678314,0.008698017554316196,1.4671267453130232e-06,189.67470607208088,59,COMPLETE
7158,14.002003061762782,1.2501597089847827,2026-10-06 05:46:49.376743,2026-10-06 05:49:49.887549,0 days 00:03:00.510806,0.17534157142392734,1.0100598856645617,80.97346391189345,12.025559114678314,0.03185792238048658,44.7788518050909,180.51066871127114,59,COMPLETE
7159,,,2026-10-06 05:47:14.024694,2026-10-06 05:47:14.958785,0 days 00:00:00.934091,0.14472486883161542,35.627265415711484,78.91305021174706,53.19831855856638,0.006811107945588366,,,59,PRUNED
7160,0.07160303071435022,1.1938514542461935,2026-10-06 05:47:14.272713,2026-10-06 05:50:27.468622,0 days 00:03:13.195909,0.2918907020150273,1.5672840075322876,80.97346391189345,18.49957504695779,0.008698017554316196,0.14408882052884997,193.19576392276213,59,COMPLETE
7161,32.0852531951116,14.414472754352309,2026-10-06 05:47:15.073592,2026-10-06 05:50:29.917119,0 days 00:03:14.843527,0.17534157142392734,1.0100598856645617,78.91305021174706,12.025559114678314,0.009569508337727876,1.4671267453130232e-06,194.84341585123911,59,COMPLETE
7162,26.064795611719298,30.28387229659759,2026-10-06 05:47:15.620702,2026-10-06 05:50:29.318580,0 days 00:03:13.697878,0.35349415915446786,3.42961079489487,78.91305021174706,53.19831855856638,0.009569508337727876,1.2446212784745538e-06,193.69774407707155,59,COMPLETE
7163,26.409239608136613,6.819799663673008,2026-10-06 05:47:15.901689,2026-10-06 05:50:29.590428,0 days 00:03:13.688739,0.5297064229998634,1.0100598856645617,78.91305021174706,12.025559114678314,0.03463343903868386,8.145755128214489e-06,193.6886064587161,59,COMPLETE
7164,9.14035522615151,3.4821608406183984,2026-10-06 05:47:16.169929,2026-10-06 05:50:27.951617,0 days 00:03:11.781688,0.19189241237051688,1.8054001832365776,7.741737385920326,21.63910276826749,0.009569508337727876,2.63748695573309,191.7815447067842,59,COMPLETE
7165,31.955043445964368,9.259778115947748,2026-10-06 05:47:16.313812,2026-10-06 05:50:28.309755,0 days 00:03:11.995943,0.06441798531902292,1.0100598856645617,78.91305021174706,18.534455898060727,0.008698017554316196,2.328670127015952e-06,191.99582667136565,59,COMPLETE
7166,24.74404544170021,31.745085450193116,2026-10-06 05:47:16.782700,2026-10-06 05:50:31.715150,0 days 00:03:14.932450,0.419007027175139,3.42961079489487,78.91305021174706,53.19831855856638,0.009569508337727876,1.0746247031029727e-06,194.93233199883252,59,COMPLETE
7167,32.98441769762108,3.797648317668223,2026-10-06 05:47:17.020686,2026-10-06 05:50:30.317488,0 days 00:03:13.296802,0.14472486883161542,1.0100598856645617,78.91305021174706,20.31155960298714,0.03463343903868386,1.2446212784745538e-06,193.296684037894,59,COMPLETE
7168,26.86219480844097,28.827939185552975,2026-10-06 05:47:17.418821,2026-10-06 05:50:28.017563,0 days 00:03:10.598742,0.35349415915446786,2.5826334477054016,78.91305021174706,53.19831855856638,0.009569508337727876,1.4671267453130232e-06,190.59860128210858,59,COMPLETE
7169,,,2026-10-06 05:47:17.824967,2026-10-06 05:47:18.876755,0 days 00:00:01.051788,0.419007027175139,3.42961079489487,69.16329565667773,12.025559114678314,0.004800843691543271,,,59,PRUNED
7170,18.707032658499077,2.0851004913998032,2026-10-06 05:47:18.208673,2026-10-06 05:50:35.502365,0 days 00:03:17.293692,0.16979969649291357,6.28879905307643,80.97346391189345,18.49957504695779,0.009569508337727876,1.0746247031029727e-06,197.29358694609255,59,COMPLETE
7171,16.8315142668212,3.6700249174575177,2026-10-06 05:47:18.397911,2026-10-06 05:50:27.802065,0 days 00:03:09.404154,0.9404156406270787,1.8054001832365776,78.91305021174706,18.49957504695779,0.009569508337727876,2.328670127015952e-06,189.4040289730765,59,COMPLETE
7172,,,2026-10-06 05:47:18.464789,2026-10-06 05:47:19.854875,0 days 00:00:01.390086,0.012778783178710491,6.28879905307643,34.882039890649814,46.431764750098004,0.0022082164653670724,,,59,PRUNED
7173,31.953517529900097,16.538724957378236,2026-10-06 05:47:18.901688,2026-10-06 05:50:32.623607,0 days 00:03:13.721919,0.14472486883161542,1.0100598856645617,78.91305021174706,12.025559114678314,0.008698017554316196,1.4671267453130232e-06,193.72178680822253,59,COMPLETE
7174,28.986299365904813,8.870036701095325,2026-10-06 05:47:19.488862,2026-10-06 05:50:32.925711,0 days 00:03:13.436849,0.35349415915446786,3.42961079489487,78.91305021174706,1.7721542465321685,0.009569508337727876,1.0746247031029727e-06,193.4367558020167,59,COMPLETE
7175,31.141905670911097,14.62433189861933,2026-10-06 05:47:19.567680,2026-10-06 05:50:34.039604,0 days 00:03:14.471924,0.17534157142392734,1.5672840075322876,78.91305021174706,12.025559114678314,0.008698017554316196,4.222634540089756e-05,194.47182766813785,59,COMPLETE
7176,14.283140849557679,2.7706043491702874,2026-10-06 05:47:19.628664,2026-10-06 05:50:33.419246,0 days 00:03:13.790582,0.09463773086870245,4.014839763781616,56.528366177869096,18.49957504695779,0.009569508337727876,1.0837899328538103e-06,193.7904743119143,59,COMPLETE
7177,32.35027318958379,13.8032431904302,2026-10-06 05:47:19.655790,2026-10-06 05:50:33.960367,0 days 00:03:14.304577,0.14472486883161542,1.0100598856645617,78.91305021174706,12.025559114678314,0.009569508337727876,1.4671267453130232e-06,194.30446170270443,59,COMPLETE
7178,24.114583905692957,7.173980535640936,2026-10-06 05:47:19.708247,2026-10-06 05:50:31.811205,0 days 00:03:12.102958,0.48967816666395225,6.28879905307643,78.91305021174706,2.5931783094816834,0.009569508337727876,1.0746247031029727e-06,192.10285336291417,59,COMPLETE
7179,31.797278028885337,17.23442484121371,2026-10-06 05:47:19.809652,2026-10-06 05:50:31.325741,0 days 00:03:11.516089,0.17534157142392734,1.0100598856645617,78.91305021174706,12.025559114678314,0.008698017554316196,1.4671267453130232e-06,191.5159672438167,59,COMPLETE
7180,17.433128704690645,1.2705489365676144,2026-10-06 05:47:19.832643,2026-10-06 05:50:30.958951,0 days 00:03:11.126308,0.14472486883161542,1.0100598856645617,78.91305021174706,11.286119700737487,0.009569508337727876,1.2998194828598972,191.12618580879644,59,COMPLETE
7181,27.365826858139975,28.15964990745448,2026-10-06 05:47:19.855144,2026-10-06 05:50:30.179967,0 days 00:03:10.324823,0.2918907020150273,3.42961079489487,78.91305021174706,53.19831855856638,0.009569508337727876,1.0746247031029727e-06,190.32472285069525,59,COMPLETE
7182,28.3668604710341,15.565075736535555,2026-10-06 05:47:19.858770,2026-10-06 05:50:28.556397,0 days 00:03:08.697627,0.10940153654677111,4.014839763781616,78.91305021174706,90.59293513985787,0.009569508337727876,1.0837899328538103e-06,188.69751592259854,59,COMPLETE
7183,32.186041181369504,14.750184566046366,2026-10-06 05:47:20.334692,2026-10-06 05:50:29.544663,0 days 00:03:09.209971,0.14472486883161542,1.0100598856645617,78.91305021174706,7.704673657496365,0.008698017554316196,1.4671267453130232e-06,189.2098369365558,59,COMPLETE
7184,15.165360524792467,4.787431130446614,2026-10-06 05:47:20.370655,2026-10-06 05:50:35.879397,0 days 00:03:15.508742,0.8557638541733167,6.28879905307643,78.91305021174706,53.19831855856638,0.009569508337727876,1.0746247031029727e-06,195.5086393970996,60,COMPLETE
7185,17.407110460159352,2.989806995883619,2026-10-06 05:47:20.824876,2026-10-06 05:50:32.869273,0 days 00:03:12.044397,0.11816812965117938,45.91107536882328,78.91305021174706,18.49957504695779,0.009569508337727876,1.4671267453130232e-06,192.0442800419405,60,COMPLETE
7186,14.060344982162423,3.1557565712929563,2026-10-06 05:47:20.828627,2026-10-06 05:50:31.480546,0 days 00:03:10.651919,0.48967816666395225,3.42961079489487,80.97346391189345,53.19831855856638,0.009569508337727876,3.768487446477807,190.65174302598462,60,COMPLETE
7187,30.055866918814075,16.05217039731074,2026-10-06 05:47:20.832627,2026-10-06 05:50:35.482908,0 days 00:03:14.650281,0.2918907020150273,1.0100598856645617,78.91305021174706,18.49957504695779,0.009569508337727876,1.4671267453130232e-06,194.65018733916804,60,COMPLETE
7188,29.19891554066249,11.342706301397001,2026-10-06 05:47:20.836629,2026-10-06 05:50:35.891505,0 days 00:03:15.054876,0.3401090828369047,3.42961079489487,78.91305021174706,2.2190319807546817,0.009569508337727876,1.4671267453130232e-06,195.05478932103142,60,COMPLETE
7189,32.59177512524228,12.725674326329756,2026-10-06 05:47:20.840638,2026-10-06 05:50:33.382633,0 days 00:03:12.541995,0.14472486883161542,1.0100598856645617,78.91305021174706,7.704673657496365,0.009569508337727876,1.2446212784745538e-06,192.54188620578498,60,COMPLETE
7190,29.86534766985752,9.913334958738309,2026-10-06 05:47:20.866957,2026-10-06 05:50:30.782365,0 days 00:03:09.915408,0.09463773086870245,3.42961079489487,78.91305021174706,18.49957504695779,0.009569508337727876,1.4671267453130232e-06,189.9153126287274,60,COMPLETE
7191,30.0015164562865,3.7740217071999305,2026-10-06 05:47:20.895645,2026-10-06 05:50:33.435519,0 days 00:03:12.539874,0.03439373053131022,1.8054001832365776,78.91305021174706,18.49957504695779,0.008698017554316196,1.54960617812222e-06,192.5397701309994,60,COMPLETE
7192,26.40541435647475,23.546933443399013,2026-10-06 05:47:20.899635,2026-10-06 05:50:35.427589,0 days 00:03:14.527954,0.2074990621720949,6.28879905307643,78.91305021174706,53.19831855856638,0.009569508337727876,1.0746247031029727e-06,194.5278528528288,60,COMPLETE
7193,27.704460375767987,15.071680247495474,2026-10-06 05:47:21.154805,2026-10-06 05:50:35.929470,0 days 00:03:14.774665,0.18472274745078338,1.8054001832365776,45.16232053479637,12.025559114678314,0.008698017554316196,1.8536038788038767e-05,194.77455469220877,60,COMPLETE
7194,31.52687978254405,9.81261046499321,2026-10-06 05:47:21.546846,2026-10-06 05:50:33.504500,0 days 00:03:11.957654,0.06441798531902292,1.0100598856645617,78.91305021174706,53.19831855856638,0.009569508337727876,1.2446212784745538e-06,191.95756446989253,60,COMPLETE
7195,30.044648301694263,21.13244222683936,2026-10-06 05:47:21.864846,2026-10-06 05:50:33.374776,0 days 00:03:11.509930,0.19189241237051688,3.42961079489487,78.91305021174706,21.63910276826749,0.009569508337727876,1.4671267453130232e-06,191.50980377662927,60,COMPLETE
7196,19.888338978658744,1.4216389692025828,2026-10-06 05:47:21.873647,2026-10-06 05:50:33.737725,0 days 00:03:11.864078,0.11816812965117938,1.0100598856645617,78.91305021174706,12.025559114678314,0.009569508337727876,0.4134486816020592,191.86397292930633,60,COMPLETE
7197,30.03489037341862,1.4617015319874027,2026-10-06 05:47:21.877640,2026-10-06 05:50:36.033080,0 days 00:03:14.155440,0.3401090828369047,1.0100598856645617,78.91305021174706,2.5931783094816834,0.08850964302979937,1.4671267453130232e-06,194.1553513337858,60,COMPLETE
7198,32.409595863476355,6.3216901523088245,2026-10-06 05:47:21.881636,2026-10-06 05:50:33.387686,0 days 00:03:11.506050,0.14472486883161542,1.0100598856645617,78.91305021174706,3.580292292434364,0.016557053799924875,1.4671267453130232e-06,191.50594830000773,60,COMPLETE
7199,22.899135632744514,13.552782959036541,2026-10-06 05:47:21.885625,2026-10-06 05:50:38.728577,0 days 00:03:16.842952,0.5378975546935015,1.0100598856645617,78.91305021174706,8.858210845255327,0.009569508337727876,1.0746247031029727e-06,196.84280141815543,60,COMPLETE
7200,31.844236297162105,16.925611954351908,2026-10-06 05:47:21.889620,2026-10-06 05:50:32.811652,0 days 00:03:10.922032,0.17534157142392734,1.0100598856645617,78.91305021174706,11.286119700737487,0.008698017554316196,1.4671267453130232e-06,190.92191695282236,60,COMPLETE
7201,21.167391828978857,8.936656982206522,2026-10-06 05:47:21.893619,2026-10-06 05:50:33.453916,0 days 00:03:11.560297,0.419007027175139,42.833965355912184,78.91305021174706,8.858210845255327,0.009569508337727876,1.0746247031029727e-06,191.56019990332425,60,COMPLETE
7202,0.12222760583872608,1.2352522881848182,2026-10-06 05:47:21.908834,2026-10-06 05:50:34.359003,0 days 00:03:12.450169,0.419007027175139,1.8054001832365776,78.91305021174706,11.606263034648304,0.008698017554316196,2.328670127015952e-06,192.4500494338572,60,COMPLETE
7203,31.408129199839397,2.434920491291941,2026-10-06 05:47:21.912633,2026-10-06 05:50:34.357022,0 days 00:03:12.444389,0.18472274745078338,1.8054001832365776,78.91305021174706,8.858210845255327,0.05112446162096956,2.328670127015952e-06,192.44425925286487,60,COMPLETE
7204,27.72847530270848,14.989420090154432,2026-10-06 05:47:21.928647,2026-10-06 05:50:34.024499,0 days 00:03:12.095852,0.2918907020150273,1.0100598856645617,78.91305021174706,46.431764750098004,0.009569508337727876,3.593739442511204e-05,192.09576705191284,60,COMPLETE
7205,29.69330642632241,15.126711747887805,2026-10-06 05:47:22.695841,2026-10-06 05:50:32.907077,0 days 00:03:10.211236,0.14472486883161542,4.014839763781616,80.97346391189345,18.49957504695779,0.009569508337727876,7.517679326755051e-05,190.2111346051097,60,COMPLETE
7206,23.392055032774604,32.51910524480121,2026-10-06 05:47:22.977686,2026-10-06 05:50:33.890715,0 days 00:03:10.913029,0.48967816666395225,3.42961079489487,78.91305021174706,53.19831855856638,0.009569508337727876,1.2446212784745538e-06,190.9129074551165,60,COMPLETE
