number,values_0,values_1,datetime_start,datetime_complete,duration,params_c_val,params_input_force,params_k_between_val,params_k_wall_val,params_m_val,params_ridge_alpha,user_attrs_duration_sec,system_attrs_NSGAIISampler:generation,state
6792,26.086077269928005,5.120372152955622,2026-10-06 05:28:06.312646,2026-10-06 05:31:20.935037,0 days 00:03:14.622391,0.17534157142392734,32.72373039372707,78.91305021174706,8.902541286521542,0.009569508337727876,0.00027381766707141453,194.6222536037676,56,COMPLETE
6793,23.097269261693345,4.655246405502699,2026-10-06 05:28:06.316634,2026-10-06 05:31:19.164231,0 days 00:03:12.847597,0.14472486883161542,1.0100598856645617,8.5038702533274,7.704673657496365,0.015767551318828385,1.4671267453130232e-06,192.84749314608052,56,COMPLETE
6794,10.098477345683431,13.036998140219627,2026-10-06 05:28:06.392634,2026-10-06 05:31:16.899522,0 days 00:03:10.506888,0.48967816666395225,6.28879905307643,8.332907205666169,46.431764750098004,0.009569508337727876,1.2446212784745538e-06,190.50678312405944,56,COMPLETE
6795,31.120665755204033,20.361505717497877,2026-10-06 05:28:06.466645,2026-10-06 05:31:14.476257,0 days 00:03:08.009612,0.22031827582514427,1.8054001832365776,78.91305021174706,7.704673657496365,0.008698017554316196,1.4671267453130232e-06,188.00949503295124,56,COMPLETE
6796,10.240681779758066,1.4195505932840387,2026-10-06 05:28:07.079698,2026-10-06 05:31:19.740815,0 days 00:03:12.661117,0.419007027175139,10.217117782722788,6.199965216670432,1.918247234393599,0.009569508337727876,1.4671267453130232e-06,192.66098378691822,56,COMPLETE
6797,27.631923787332504,1.339419229311208,2026-10-06 05:28:07.836686,2026-10-06 05:31:16.685884,0 days 00:03:08.849198,0.0137252123258844,1.0100598856645617,78.91305021174706,11.286119700737487,0.009569508337727876,1.4671267453130232e-06,188.84909653896466,56,COMPLETE
6798,32.186041181369504,14.750184566046366,2026-10-06 05:28:07.899838,2026-10-06 05:31:18.441389,0 days 00:03:10.541551,0.14472486883161542,1.0100598856645617,78.91305021174706,7.704673657496365,0.008698017554316196,1.4671267453130232e-06,190.54144717333838,56,COMPLETE
6799,17.683659628018525,2.1296312583116386,2026-10-06 05:28:35.238696,2026-10-06 05:31:47.688606,0 days 00:03:12.449910,0.18472274745078338,6.28879905307643,78.91305021174706,16.966954115393197,0.008698017554316196,2.328670127015952e-06,192.44975767470896,56,COMPLETE
6800,31.79103944158019,16.431978744462604,2026-10-06 05:28:42.884842,2026-10-06 05:31:55.386545,0 days 00:03:12.501703,0.1269892283627391,1.0100598856645617,69.16329565667773,21.63910276826749,0.008698017554316196,1.54960617812222e-06,192.50156882870942,56,COMPLETE
6801,15.556439527859883,1.3893938938762094,2026-10-06 05:29:19.795701,2026-10-06 05:32:30.510499,0 days 00:03:10.714798,0.22031827582514427,1.8054001832365776,78.91305021174706,35.397938808104236,0.0149758958042285,4.004609265693687,190.71465704357252,56,COMPLETE
6802,,,2026-10-06 05:29:20.044708,2026-10-06 05:29:20.513753,0 days 00:00:00.469045,0.4056664318394652,1.0100598856645617,78.91305021174706,53.19831855856638,0.008698017554316196,,,56,PRUNED
6803,23.33964250703027,9.896712378595614,2026-10-06 05:29:20.290702,2026-10-06 05:32:32.908096,0 days 00:03:12.617394,0.09687105324376705,1.8054001832365776,11.99402166660417,8.858210845255327,0.008291571173917026,2.328670127015952e-06,192.61726210080087,56,COMPLETE
6804,31.299364238268527,17.92721305109002,2026-10-06 05:29:20.712041,2026-10-06 05:32:33.424562,0 days 00:03:12.712521,0.14472486883161542,1.8054001832365776,77.8819271180607,7.704673657496365,0.008698017554316196,1.2446212784745538e-06,192.71226918091998,56,COMPLETE
6805,24.74404544170021,31.745085450193116,2026-10-06 05:29:58.535698,2026-10-06 05:33:12.010544,0 days 00:03:13.474846,0.419007027175139,3.42961079489487,78.91305021174706,53.19831855856638,0.009569508337727876,1.0746247031029727e-06,193.4747113911435,56,COMPLETE
6806,31.78408329830653,9.197268057595856,2026-10-06 05:31:09.298713,2026-10-06 05:34:24.339563,0 days 00:03:15.040850,0.09463773086870245,1.0100598856645617,78.91305021174706,21.63910276826749,0.008698017554316196,0.00015684489197735917,195.04070051386952,56,COMPLETE
6807,32.0969896072665,15.459686287051172,2026-10-06 05:31:09.536689,2026-10-06 05:34:24.455700,0 days 00:03:14.919011,0.14472486883161542,1.0100598856645617,78.91305021174706,17.444176692293013,0.009569508337727876,1.2446212784745538e-06,194.91887806588784,56,COMPLETE
6808,9.273531880125825,2.199453698945235,2026-10-06 05:31:09.870709,2026-10-06 05:34:24.971645,0 days 00:03:15.100936,0.14472486883161542,26.956747577619808,9.818023174238276,11.286119700737487,0.008698017554316196,1.4671267453130232e-06,195.10077822906896,56,COMPLETE
6809,31.797278028885337,17.23442484121371,2026-10-06 05:31:10.353738,2026-10-06 05:34:22.724915,0 days 00:03:12.371177,0.17534157142392734,1.0100598856645617,78.91305021174706,12.025559114678314,0.008698017554316196,1.4671267453130232e-06,192.3710291623138,56,COMPLETE
6810,30.69999165263233,12.299465026832603,2026-10-06 05:31:10.534675,2026-10-06 05:34:21.474198,0 days 00:03:10.939523,0.2918907020150273,1.0100598856645617,80.97346391189345,3.2919344438959595,0.009569508337727876,1.4671267453130232e-06,190.93939001020044,56,COMPLETE
6811,22.303873913268013,3.290028367413386,2026-10-06 05:31:11.204815,2026-10-06 05:34:24.658663,0 days 00:03:13.453848,0.22031827582514427,19.03856813614859,78.91305021174706,16.63540673423943,0.009569508337727876,2.328670127015952e-06,193.45373953366652,56,COMPLETE
6812,10.707622151676887,2.4434876976482633,2026-10-06 05:31:11.420665,2026-10-06 05:34:23.455708,0 days 00:03:12.035043,0.14472486883161542,31.488385833312105,33.978192186780085,35.397938808104236,0.009569508337727876,1.0746247031029727e-06,192.0349062392488,56,COMPLETE
6813,30.69687249422621,18.400223282492618,2026-10-06 05:31:12.420684,2026-10-06 05:34:25.476790,0 days 00:03:13.056106,0.18472274745078338,1.8054001832365776,78.91305021174706,18.49957504695779,0.008698017554316196,2.985704921364508e-05,193.05596496723592,56,COMPLETE
6814,8.503776583578366,3.1198020813642504,2026-10-06 05:31:12.428647,2026-10-06 05:34:23.700645,0 days 00:03:11.271998,0.17534157142392734,1.8054001832365776,1.100125625955297,12.025559114678314,0.008698017554316196,1.2446212784745538e-06,191.2718672649935,56,COMPLETE
6815,14.82689994767567,1.402926994310128,2026-10-06 05:31:13.396686,2026-10-06 05:34:26.374829,0 days 00:03:12.978143,0.2918907020150273,3.42961079489487,80.97346391189345,15.382666136782571,0.009569508337727876,40.56187401862086,192.9780148663558,56,COMPLETE
6816,27.156457357710018,28.15051275171141,2026-10-06 05:31:13.897860,2026-10-06 05:34:28.305803,0 days 00:03:14.407943,0.2918907020150273,4.014839763781616,78.91305021174706,46.431764750098004,0.009569508337727876,2.127442818105995e-06,194.40783377317712,57,COMPLETE
6817,33.127724078857774,3.3568592968501996,2026-10-06 05:31:13.935781,2026-10-06 05:34:28.276338,0 days 00:03:14.340557,0.14472486883161542,1.0100598856645617,78.91305021174706,11.286119700737487,0.03463343903868386,1.4671267453130232e-06,194.3404574263841,57,COMPLETE
6818,26.762256133892116,28.500698885671127,2026-10-06 05:31:13.995434,2026-10-06 05:34:22.930231,0 days 00:03:08.934797,0.2918907020150273,3.42961079489487,80.97346391189345,67.25004894814256,0.009569508337727876,1.4671267453130232e-06,188.93467124225572,57,COMPLETE
6819,25.975418253969572,30.044282937868598,2026-10-06 05:31:14.092830,2026-10-06 05:34:26.967353,0 days 00:03:12.874523,0.3401090828369047,3.846498168343911,78.91305021174706,53.19831855856638,0.009569508337727876,2.328670127015952e-06,192.8744136011228,57,COMPLETE
6820,23.302268675061065,15.670050063946576,2026-10-06 05:31:14.096633,2026-10-06 05:34:25.920668,0 days 00:03:11.824035,0.48967816666395225,10.494344680469235,78.91305021174706,53.19831855856638,0.029685890749910647,1.2446212784745538e-06,191.82389718480408,57,COMPLETE
6821,23.12247783269039,13.539424898219854,2026-10-06 05:31:14.171859,2026-10-06 05:34:26.000934,0 days 00:03:11.829075,0.2918907020150273,4.014839763781616,78.91305021174706,18.49957504695779,0.008698017554316196,0.009921738828489427,191.82896127877757,57,COMPLETE
6822,23.575616605759038,18.406135135114273,2026-10-06 05:31:14.556682,2026-10-06 05:34:29.542513,0 days 00:03:14.985831,0.3401090828369047,4.014839763781616,78.91305021174706,46.431764750098004,0.009569508337727876,0.0009855250855221977,194.98571337293833,57,COMPLETE
6823,29.585435398621815,19.18975466370542,2026-10-06 05:31:14.565652,2026-10-06 05:34:27.888517,0 days 00:03:13.322865,0.29893763215793173,1.0100598856645617,78.91305021174706,53.19831855856638,0.009569508337727876,2.108934163128921e-06,193.32275970000774,57,COMPLETE
6824,,,2026-10-06 05:31:15.120912,2026-10-06 05:31:16.780989,0 days 00:00:01.660077,0.08930948338397464,1.0100598856645617,78.91305021174706,7.704673657496365,0.0015283737290866023,,,57,PRUNED
6825,31.192318224366108,20.23964027425481,2026-10-06 05:31:15.124629,2026-10-06 05:34:32.989072,0 days 00:03:17.864443,0.19189241237051688,1.0100598856645617,78.91305021174706,21.63910276826749,0.008698017554316196,1.54960617812222e-06,197.86432982468978,57,COMPLETE
6826,30.935633493751475,21.183231084813062,2026-10-06 05:31:15.128626,2026-10-06 05:34:25.285564,0 days 00:03:10.156938,0.19189241237051688,1.8054001832365776,78.91305021174706,12.025559114678314,0.008698017554316196,2.328670127015952e-06,190.15682991826907,57,COMPLETE
6827,0.14251397266257207,1.2178610897291569,2026-10-06 05:31:15.132626,2026-10-06 05:34:24.519746,0 days 00:03:09.387120,0.9209455825079739,1.8054001832365776,78.91305021174706,7.704673657496365,0.008698017554316196,1.4671267453130232e-06,189.38698762003332,57,COMPLETE
6828,,,2026-10-06 05:31:15.136625,2026-10-06 05:31:16.533749,0 days 00:00:01.397124,0.2918907020150273,4.014839763781616,78.91305021174706,18.49957504695779,0.0026327089778760532,,,57,PRUNED
6829,31.90960540215418,1.9203362492000888,2026-10-06 05:31:15.188520,2026-10-06 05:34:31.029517,0 days 00:03:15.840997,0.02087530388146961,1.0100598856645617,78.91305021174706,11.286119700737487,0.009569508337727876,1.4671267453130232e-06,195.84088656725362,57,COMPLETE
6830,32.62285329804703,3.340446885824447,2026-10-06 05:31:15.417706,2026-10-06 05:34:26.327432,0 days 00:03:10.909726,0.1269892283627391,1.8054001832365776,78.91305021174706,8.858210845255327,0.03229864819499584,1.54960617812222e-06,190.90957917133346,57,COMPLETE
6831,28.200499936677033,27.349249369601814,2026-10-06 05:31:15.433664,2026-10-06 05:34:28.905664,0 days 00:03:13.472000,0.2918907020150273,2.5826334477054016,78.91305021174706,53.19831855856638,0.009569508337727876,1.4671267453130232e-06,193.47188163083047,57,COMPLETE
6832,29.31465791558877,4.314578147667951,2026-10-06 05:31:15.445661,2026-10-06 05:34:32.375542,0 days 00:03:16.929881,0.17534157142392734,45.73215578764981,78.91305021174706,2.973796684636733,0.008698017554316196,1.4671267453130232e-06,196.92975756293163,57,COMPLETE
6833,9.44022580091846,6.371260116423606,2026-10-06 05:31:15.462658,2026-10-06 05:34:27.284022,0 days 00:03:11.821364,0.44420570430939676,1.8054001832365776,3.490480707630579,12.025559114678314,0.006676250902017105,1.4671267453130232e-06,191.821234729141,57,COMPLETE
6834,33.03202000000335,7.0673111749179744,2026-10-06 05:31:15.586674,2026-10-06 05:34:25.006804,0 days 00:03:09.420130,0.06441798531902292,1.0100598856645617,78.91305021174706,8.858210845255327,0.009569508337727876,1.4671267453130232e-06,189.4200004390441,57,COMPLETE
6835,30.237351819654208,8.46477800524378,2026-10-06 05:31:15.596445,2026-10-06 05:34:29.305597,0 days 00:03:13.709152,0.14472486883161542,1.0100598856645617,78.91305021174706,7.704673657496365,0.009569508337727876,0.0017308409017061837,193.7090315897949,57,COMPLETE
6836,29.8155343672068,16.04579972988547,2026-10-06 05:31:15.719694,2026-10-06 05:34:30.999547,0 days 00:03:15.279853,0.14952071745003645,4.014839763781616,78.91305021174706,18.49957504695779,0.009569508337727876,1.2446212784745538e-06,195.27971795620397,57,COMPLETE
6837,30.260289738727387,22.352215143722812,2026-10-06 05:31:15.735791,2026-10-06 05:34:27.353540,0 days 00:03:11.617749,0.19189241237051688,1.8054001832365776,78.91305021174706,53.19831855856638,0.009569508337727876,1.4671267453130232e-06,191.6176180341281,57,COMPLETE
6838,30.064760817435133,13.384135186663935,2026-10-06 05:31:15.756643,2026-10-06 05:34:30.086509,0 days 00:03:14.329866,0.09018159427037109,2.5826334477054016,78.91305021174706,53.19831855856638,0.009569508337727876,1.4671267453130232e-06,194.32976712984964,57,COMPLETE
6839,32.12514887008901,15.296773857589574,2026-10-06 05:31:15.883686,2026-10-06 05:34:28.246192,0 days 00:03:12.362506,0.14472486883161542,1.0100598856645617,78.91305021174706,8.858210845255327,0.008698017554316196,1.4671267453130232e-06,192.36238447669894,57,COMPLETE
6840,29.89945940951808,6.078642064836972,2026-10-06 05:31:16.014682,2026-10-06 05:34:28.251287,0 days 00:03:12.236605,0.06441798531902292,1.8054001832365776,32.289035978814795,8.858210845255327,0.009569508337727876,2.328670127015952e-06,192.23649371555075,57,COMPLETE
6841,20.597194117346323,7.201375906993464,2026-10-06 05:31:16.141684,2026-10-06 05:34:26.541668,0 days 00:03:10.399984,0.17534157142392734,29.698366279592598,78.91305021174706,18.49957504695779,0.008698017554316196,1.4671267453130232e-06,190.39985984703526,57,COMPLETE
6842,31.629592020963923,10.68831384851724,2026-10-06 05:31:16.450693,2026-10-06 05:34:31.095150,0 days 00:03:14.644457,0.17534157142392734,1.0100598856645617,78.91305021174706,1.0955413911388767,0.008698017554316196,1.4671267453130232e-06,194.6443467149511,57,COMPLETE
6843,,,2026-10-06 05:31:16.578848,2026-10-06 05:31:17.919665,0 days 00:00:01.340817,0.06441798531902292,1.0100598856645617,80.97346391189345,18.49957504695779,0.0010253238848169297,,,57,PRUNED
6844,19.598227774635223,3.0731546962315996,2026-10-06 05:31:16.587654,2026-10-06 05:34:29.050020,0 days 00:03:12.462366,0.09322235937386829,6.28879905307643,78.91305021174706,46.431764750098004,0.009569508337727876,2.328670127015952e-06,192.46224033320323,57,COMPLETE
6845,,,2026-10-06 05:31:16.824684,2026-10-06 05:31:17.338647,0 days 00:00:00.513963,0.35349415915446786,4.95477336878759,80.97346391189345,53.19831855856638,0.008698017554316196,,,57,PRUNED
6846,29.801642385852546,13.817217443584308,2026-10-06 05:31:16.867662,2026-10-06 05:34:25.497088,0 days 00:03:08.629426,0.2918907020150273,1.0100598856645617,75.41187266205714,8.858210845255327,0.009569508337727876,2.328670127015952e-06,188.62930427584797,57,COMPLETE
6847,29.23894672988589,25.412655183526482,2026-10-06 05:31:17.291699,2026-10-06 05:34:27.666452,0 days 00:03:10.374753,0.2918907020150273,3.42961079489487,78.91305021174706,18.49957504695779,0.009569508337727876,1.0746247031029727e-06,190.37462150584906,57,COMPLETE
6848,32.34645287939499,11.346969288097599,2026-10-06 05:31:17.306650,2026-10-06 05:34:32.125570,0 days 00:03:14.818920,0.14472486883161542,1.0100598856645617,78.91305021174706,2.4871281007605313,0.008698017554316196,1.4671267453130232e-06,194.8187896888703,57,COMPLETE
6849,26.68904085759545,29.780780674540424,2026-10-06 05:31:17.358835,2026-10-06 05:34:30.851988,0 days 00:03:13.493153,0.3401090828369047,3.42961079489487,80.97346391189345,46.431764750098004,0.009569508337727876,1.4671267453130232e-06,193.49302893830463,57,COMPLETE
6850,24.336209122093567,30.62749282957539,2026-10-06 05:31:17.362637,2026-10-06 05:34:30.183378,0 days 00:03:12.820741,0.3401090828369047,6.28879905307643,78.91305021174706,46.431764750098004,0.009569508337727876,2.328670127015952e-06,192.82065035402775,57,COMPLETE
6851,24.365992447508635,26.813234901770066,2026-10-06 05:31:17.366628,2026-10-06 05:34:31.091601,0 days 00:03:13.724973,0.48967816666395225,1.8054001832365776,78.91305021174706,53.19831855856638,0.009569508337727876,1.0746247031029727e-06,193.72486720327288,57,COMPLETE
6852,31.670637947818893,10.326791508231807,2026-10-06 05:31:17.370631,2026-10-06 05:34:31.062142,0 days 00:03:13.691511,0.17534157142392734,1.0100598856645617,78.91305021174706,7.704673657496365,0.013409260912622827,1.4671267453130232e-06,193.69140542903915,57,COMPLETE
6853,,,2026-10-06 05:31:17.374623,2026-10-06 05:31:18.123763,0 days 00:00:00.749140,0.14472486883161542,1.0100598856645617,78.91305021174706,12.025559114678314,0.001868488219308803,,,57,PRUNED
6854,32.016788086033294,15.657483192319932,2026-10-06 05:31:17.378626,2026-10-06 05:34:29.856520,0 days 00:03:12.477894,0.1269892283627391,1.0100598856645617,78.91305021174706,12.025559114678314,0.008698017554316196,1.4671267453130232e-06,192.47779410611838,57,COMPLETE
6855,32.34444688736132,11.717703597542766,2026-10-06 05:31:17.382622,2026-10-06 05:34:28.812555,0 days 00:03:11.429933,0.1269892283627391,1.0100598856645617,69.16329565667773,8.858210845255327,0.008698017554316196,6.224312325120583e-06,191.42981015425175,57,COMPLETE
6856,32.42945729844918,13.461861408990961,2026-10-06 05:31:18.315695,2026-10-06 05:34:31.014010,0 days 00:03:12.698315,0.134407121693098,1.0100598856645617,78.91305021174706,12.025559114678314,0.009569508337727876,1.4671267453130232e-06,192.69819509610534,57,COMPLETE
6857,,,2026-10-06 05:31:18.319631,2026-10-06 05:31:19.158737,0 days 00:00:00.839106,0.14472486883161542,47.106041244932186,78.91305021174706,43.68155065608917,0.008698017554316196,,,57,PRUNED
6858,4.674056238081144,1.6557298663540885,2026-10-06 05:31:18.363791,2026-10-06 05:34:30.319311,0 days 00:03:11.955520,0.14472486883161542,38.811970521380985,7.058931540277012,12.025559114678314,0.008698017554316196,2.328670127015952e-06,191.95541640371084,57,COMPLETE
6859,26.719673957697797,29.143369920036974,2026-10-06 05:31:18.435671,2026-10-06 05:34:33.007436,0 days 00:03:14.571765,0.3401090828369047,3.42961079489487,80.97346391189345,45.605935248059524,0.009569508337727876,4.170641565434484e-06,194.57165369624272,57,COMPLETE
6860,15.285020390104014,1.3122312993405143,2026-10-06 05:31:18.654683,2026-10-06 05:34:30.081016,0 days 00:03:11.426333,0.052930431143963674,6.28879905307643,78.91305021174706,53.19831855856638,0.009569508337727876,1.2446212784745538e-06,191.42622840683907,57,COMPLETE
6861,22.74945826541434,33.395944964705976,2026-10-06 05:31:18.669804,2026-10-06 05:34:34.249924,0 days 00:03:15.580120,0.419007027175139,6.28879905307643,78.91305021174706,53.19831855856638,0.009569508337727876,1.0746247031029727e-06,195.5799778723158,57,COMPLETE
6862,1.3073580741503736,1.1243804169065577,2026-10-06 05:31:18.986692,2026-10-06 05:34:32.924488,0 days 00:03:13.937796,0.19189241237051688,6.28879905307643,2.740746827057841,53.19831855856638,0.0749913691901704,1.0746247031029727e-06,193.93766537494957,57,COMPLETE
6863,32.09656298223098,15.189611048441215,2026-10-06 05:31:19.195677,2026-10-06 05:34:29.620963,0 days 00:03:10.425286,0.14472486883161542,1.0100598856645617,78.91305021174706,17.444176692293013,0.009569508337727876,1.4671267453130232e-06,190.42517620511353,57,COMPLETE
6864,30.76231600336921,22.262675347557227,2026-10-06 05:31:19.203640,2026-10-06 05:34:28.534325,0 days 00:03:09.330685,0.18472274745078338,1.8054001832365776,78.91305021174706,16.966954115393197,0.008698017554316196,1.2446212784745538e-06,189.33055775985122,57,COMPLETE
6865,31.168879324098405,12.402326517402699,2026-10-06 05:31:19.748687,2026-10-06 05:34:30.310635,0 days 00:03:10.561948,0.18472274745078338,1.8054001832365776,78.91305021174706,1.419418751742961,0.008698017554316196,1.4671267453130232e-06,190.56183749483898,57,COMPLETE
6866,28.915246048672135,20.36407668313217,2026-10-06 05:31:19.831680,2026-10-06 05:34:30.607885,0 days 00:03:10.776205,0.35349415915446786,3.42961079489487,78.91305021174706,7.704673657496365,0.009569508337727876,1.2446212784745538e-06,190.77606698218733,57,COMPLETE
6867,29.569740924507318,16.802265656201737,2026-10-06 05:31:19.835640,2026-10-06 05:34:31.933389,0 days 00:03:12.097749,0.19189241237051688,1.8054001832365776,78.91305021174706,37.75355084774484,0.008698017554316196,0.0004756658532495036,192.0976138380356,57,COMPLETE
6868,,,2026-10-06 05:31:20.637688,2026-10-06 05:31:21.465766,0 days 00:00:00.828078,0.05584263405145938,1.0100598856645617,96.95191177891837,7.704673657496365,0.009569508337727876,,,57,PRUNED
6869,32.21103355181434,14.738184927457871,2026-10-06 05:31:20.976702,2026-10-06 05:34:33.188550,0 days 00:03:12.211848,0.1320862812493285,1.0100598856645617,69.16329565667773,12.025559114678314,0.008698017554316196,1.4671267453130232e-06,192.21171726984903,57,COMPLETE
6870,,,2026-10-06 05:31:21.541693,2026-10-06 05:31:22.662758,0 days 00:00:01.121065,0.2950035230622234,1.8054001832365776,78.91305021174706,12.025559114678314,0.004603295521035314,,,57,PRUNED
6871,26.083562381919826,27.842654791227204,2026-10-06 05:31:22.892703,2026-10-06 05:34:30.038615,0 days 00:03:07.145912,0.419007027175139,4.014839763781616,78.91305021174706,18.49957504695779,0.009569508337727876,1.0746247031029727e-06,187.14579811505973,57,COMPLETE
6872,,,2026-10-06 05:31:47.776100,2026-10-06 05:31:48.951066,0 days 00:00:01.174966,0.17534157142392734,1.0100598856645617,78.91305021174706,82.95001825750195,0.008698017554316196,,,57,PRUNED
6873,31.097005487761,18.99256411905459,2026-10-06 05:31:49.087768,2026-10-06 05:35:02.341547,0 days 00:03:13.253779,0.14472486883161542,1.0100598856645617,78.91305021174706,36.08481610058448,0.008698017554316196,1.4671267453130232e-06,193.25363332172856,57,COMPLETE
6874,32.12595513428478,14.206079991595766,2026-10-06 05:31:56.352849,2026-10-06 05:35:04.753073,0 days 00:03:08.400224,0.11816812965117938,1.0100598856645617,80.97346391189345,18.49957504695779,0.009569508337727876,1.4671267453130232e-06,188.40009722905234,57,COMPLETE
6875,31.76922182588306,11.189799424478448,2026-10-06 05:32:31.084872,2026-10-06 05:35:40.931575,0 days 00:03:09.846703,0.14472486883161542,1.0100598856645617,78.91305021174706,11.286119700737487,0.008698017554316196,0.00011159044002408665,189.84655798226595,57,COMPLETE
