number,values_0,values_1,datetime_start,datetime_complete,duration,params_c_val,params_input_force,params_k_between_val,params_k_wall_val,params_m_val,params_ridge_alpha,user_attrs_duration_sec,system_attrs_NSGAIISampler:generation,state
6876,,,2026-10-06 05:32:32.988677,2026-10-06 05:32:34.061731,0 days 00:00:01.073054,0.419007027175139,40.76828410856496,78.91305021174706,53.19831855856638,0.008698017554316196,,,57,PRUNED
6877,29.60656956229687,19.00209352296652,2026-10-06 05:32:33.546021,2026-10-06 05:35:42.028091,0 days 00:03:08.482070,0.14472486883161542,3.42961079489487,80.97346391189345,46.431764750098004,0.009569508337727876,1.4671267453130232e-06,188.48193403007463,57,COMPLETE
6878,27.727678941671392,9.312897832911135,2026-10-06 05:32:34.333692,2026-10-06 05:35:45.566118,0 days 00:03:11.232426,0.14472486883161542,1.0100598856645617,78.91305021174706,21.63910276826749,0.009569508337727876,0.007136748008824002,191.2322941008024,57,COMPLETE
6879,30.93547864192423,21.82475192367855,2026-10-06 05:33:12.193683,2026-10-06 05:36:25.349722,0 days 00:03:13.156039,0.19189241237051688,1.8054001832365776,78.91305021174706,12.025559114678314,0.008698017554316196,1.2446212784745538e-06,193.15589719591662,57,COMPLETE
6880,31.99195436143961,16.28152456733111,2026-10-06 05:34:21.521686,2026-10-06 05:37:30.364579,0 days 00:03:08.842893,0.14472486883161542,1.0100598856645617,78.91305021174706,11.286119700737487,0.008698017554316196,1.4671267453130232e-06,188.84274686407298,57,COMPLETE
6881,9.076937627630908,6.581602607484937,2026-10-06 05:34:22.995694,2026-10-06 05:37:35.901944,0 days 00:03:12.906250,0.419007027175139,3.42961079489487,3.114966960261729,18.49957504695779,0.009569508337727876,1.0746247031029727e-06,192.9061063537374,57,COMPLETE
6882,2.3835876969390766,1.201910978012054,2026-10-06 05:34:23.093719,2026-10-06 05:37:38.259435,0 days 00:03:15.165716,0.14472486883161542,4.014839763781616,1.0815710620689138,4.634889183407634,0.014059414544987672,1.2446212784745538e-06,195.1655734749511,57,COMPLETE
6883,29.00815545581647,9.75512317786091,2026-10-06 05:34:23.645692,2026-10-06 05:37:36.632894,0 days 00:03:12.987202,0.35349415915446786,3.42961079489487,78.91305021174706,1.5877671252845214,0.009569508337727876,1.2446212784745538e-06,192.98705754894763,57,COMPLETE
6884,31.83228492574881,6.4959507415178575,2026-10-06 05:34:24.621397,2026-10-06 05:37:34.724575,0 days 00:03:10.103178,0.18472274745078338,1.8054001832365776,78.91305021174706,12.025559114678314,0.02570745081069815,2.328670127015952e-06,190.1030379217118,57,COMPLETE
6885,31.50545098103069,10.653224389633092,2026-10-06 05:34:24.651677,2026-10-06 05:37:37.319218,0 days 00:03:12.667541,0.17534157142392734,1.8054001832365776,78.91305021174706,1.467138037477925,0.009569508337727876,2.328670127015952e-06,192.66739703295752,57,COMPLETE
6886,,,2026-10-06 05:34:24.704697,2026-10-06 05:34:25.208757,0 days 00:00:00.504060,0.48967816666395225,1.8054001832365776,78.91305021174706,53.19831855856638,0.0018918110704678622,,,57,PRUNED
6887,20.679626925961355,1.2149469112027385,2026-10-06 05:34:25.040703,2026-10-06 05:37:41.315832,0 days 00:03:16.275129,0.013022323732251099,1.8054001832365776,78.91305021174706,18.49957504695779,0.008698017554316196,1.4671267453130232e-06,196.27506592590362,57,COMPLETE
6888,31.961789287871603,12.561779409053717,2026-10-06 05:34:25.134665,2026-10-06 05:37:37.820375,0 days 00:03:12.685710,0.14472486883161542,1.0100598856645617,78.91305021174706,18.49957504695779,0.009569508337727876,9.084382365661565e-06,192.68561313301325,57,COMPLETE
6889,,,2026-10-06 05:34:25.544685,2026-10-06 05:34:26.337696,0 days 00:00:00.793011,0.35349415915446786,1.0100598856645617,78.91305021174706,53.19831855856638,0.008698017554316196,,,57,PRUNED
6890,32.80854682905227,9.250328905896726,2026-10-06 05:34:25.646092,2026-10-06 05:37:38.797504,0 days 00:03:13.151412,0.12186470831252749,1.0100598856645617,78.91305021174706,2.5931783094816834,0.009569508337727876,1.4671267453130232e-06,193.15131396101788,57,COMPLETE
6891,31.41028617764768,10.24327980319306,2026-10-06 05:34:25.649625,2026-10-06 05:37:37.451892,0 days 00:03:11.802267,0.06441798531902292,1.0100598856645617,78.91305021174706,79.36784339258124,0.009569508337727876,2.328670127015952e-06,191.8021355457604,57,COMPLETE
6892,1.6491842111912707,1.1946127073019046,2026-10-06 05:34:25.652633,2026-10-06 05:37:39.516244,0 days 00:03:13.863611,0.48967816666395225,26.439815096360856,78.91305021174706,11.286119700737487,0.008698017554316196,1.4671267453130232e-06,193.8635148331523,57,COMPLETE
6893,8.761343956511535,1.2462218181727986,2026-10-06 05:34:25.697713,2026-10-06 05:37:36.842166,0 days 00:03:11.144453,0.08875282169791288,3.42961079489487,2.827650632932242,2.5931783094816834,0.009569508337727876,1.4671267453130232e-06,191.1443158998154,57,COMPLETE
6894,30.54684924471502,11.769468098992778,2026-10-06 05:34:25.991010,2026-10-06 05:37:40.773631,0 days 00:03:14.782621,0.2918907020150273,1.0100598856645617,80.97346391189345,2.5931783094816834,0.009569508337727876,1.4671267453130232e-06,194.78250980190933,57,COMPLETE
6895,27.713716204598633,2.213800161023145,2026-10-06 05:34:26.076678,2026-10-06 05:37:40.408532,0 days 00:03:14.331854,0.14472486883161542,12.037329760331986,78.91305021174706,7.704673657496365,0.009569508337727876,1.2446212784745538e-06,194.33173595601693,57,COMPLETE
6896,19.878908876427346,8.916539331193867,2026-10-06 05:34:26.202907,2026-10-06 05:37:40.201661,0 days 00:03:13.998754,0.2918907020150273,35.150944305504765,78.91305021174706,18.49957504695779,0.009569508337727876,1.4671267453130232e-06,193.9986179312691,57,COMPLETE
6897,29.976500156784482,1.2638728747276151,2026-10-06 05:34:26.769179,2026-10-06 05:37:38.670533,0 days 00:03:11.901354,0.12186470831252749,4.95477336878759,82.44184549645114,3.760326365283795,0.022118849572645812,1.4671267453130232e-06,191.90125420084223,57,COMPLETE
6898,24.400248206454325,8.854713724079877,2026-10-06 05:34:26.894844,2026-10-06 05:37:38.553408,0 days 00:03:11.658564,0.18472274745078338,4.95477336878759,80.97346391189345,16.966954115393197,0.009569508337727876,0.006400979696398653,191.65841468097642,57,COMPLETE
6899,29.01232220144751,11.299056899148166,2026-10-06 05:34:26.975656,2026-10-06 05:37:45.369873,0 days 00:03:18.394217,0.12186470831252749,4.014839763781616,78.91305021174706,18.49957504695779,0.009569508337727876,2.108934163128921e-06,198.39408958191052,57,COMPLETE
6900,27.142077852740464,14.688242741622956,2026-10-06 05:34:27.063773,2026-10-06 05:37:40.804956,0 days 00:03:13.741183,0.3401090828369047,1.0100598856645617,65.81143778175782,12.025559114678314,0.009569508337727876,1.4671267453130232e-06,193.74107863986865,57,COMPLETE
6901,28.32237414659817,10.100554005025966,2026-10-06 05:34:27.116680,2026-10-06 05:37:42.709247,0 days 00:03:15.592567,0.18472274745078338,1.0100598856645617,78.91305021174706,8.858210845255327,0.008698017554316196,0.0029301181998037953,195.59245303599164,57,COMPLETE
6902,30.660664626310403,22.544542517163148,2026-10-06 05:34:27.461676,2026-10-06 05:37:41.315734,0 days 00:03:13.854058,0.19189241237051688,1.8054001832365776,78.91305021174706,18.49957504695779,0.008698017554316196,2.328670127015952e-06,193.8539590127766,57,COMPLETE
6903,9.035168502869073,1.3046448853828516,2026-10-06 05:34:27.710901,2026-10-06 05:37:37.809953,0 days 00:03:10.099052,0.2918907020150273,10.798913048220626,18.645341941229148,12.025559114678314,0.009569508337727876,2.182812865731224e-05,190.09894870501012,57,COMPLETE
6904,,,2026-10-06 05:34:27.752654,2026-10-06 05:34:28.716753,0 days 00:00:00.964099,0.014453379267483503,2.5826334477054016,78.91305021174706,2.5931783094816834,0.0012170367588349587,,,57,PRUNED
6905,14.77323030165175,2.137684836474746,2026-10-06 05:34:28.125683,2026-10-06 05:37:37.759849,0 days 00:03:09.634166,0.06441798531902292,1.8054001832365776,4.807573682401149,80.4711471035195,0.008698017554316196,2.328670127015952e-06,189.63402335811406,57,COMPLETE
6906,11.304195571109158,2.9249408054298685,2026-10-06 05:34:28.251715,2026-10-06 05:37:38.367418,0 days 00:03:10.115703,0.35349415915446786,23.377333788886936,80.97346391189345,53.19831855856638,0.009569508337727876,1.4671267453130232e-06,190.1155595909804,57,COMPLETE
6907,24.555512362167953,5.35353117203152,2026-10-06 05:34:28.941562,2026-10-06 05:37:41.040548,0 days 00:03:12.098986,0.18472274745078338,28.57945108876281,78.91305021174706,12.025559114678314,0.009569508337727876,2.328670127015952e-06,192.09887286787853,57,COMPLETE
6908,31.94968306114172,15.995750586771324,2026-10-06 05:34:28.945538,2026-10-06 05:37:40.440319,0 days 00:03:11.494781,0.1269892283627391,1.0100598856645617,69.16329565667773,18.49957504695779,0.008698017554316196,1.4671267453130232e-06,191.49466778617352,57,COMPLETE
6909,30.563852321936004,18.901920481266497,2026-10-06 05:34:28.949531,2026-10-06 05:37:39.411875,0 days 00:03:10.462344,0.18472274745078338,1.8054001832365776,65.2451494339768,12.025559114678314,0.008698017554316196,2.328670127015952e-06,190.46222920995206,57,COMPLETE
6910,20.4088590777144,1.8883934277624368,2026-10-06 05:34:28.953547,2026-10-06 05:37:40.402233,0 days 00:03:11.448686,0.14472486883161542,16.544718262169138,68.48173106478067,21.63910276826749,0.009569508337727876,1.0746247031029727e-06,191.44856531405821,57,COMPLETE
6911,31.525300153152223,11.443480105951352,2026-10-06 05:34:28.957537,2026-10-06 05:37:44.136278,0 days 00:03:15.178741,0.19189241237051688,1.8054001832365776,78.91305021174706,1.702674642382789,0.009569508337727876,1.4671267453130232e-06,195.17863721493632,57,COMPLETE
6912,31.243956781554704,20.081659948293826,2026-10-06 05:34:28.961532,2026-10-06 05:37:41.314525,0 days 00:03:12.352993,0.19189241237051688,1.8054001832365776,78.91305021174706,7.704673657496365,0.008698017554316196,1.4671267453130232e-06,192.35288684116676,57,COMPLETE
6913,31.797278028885337,17.23442484121371,2026-10-06 05:34:29.366954,2026-10-06 05:37:40.605160,0 days 00:03:11.238206,0.17534157142392734,1.0100598856645617,78.91305021174706,12.025559114678314,0.008698017554316196,1.4671267453130232e-06,191.23809409094974,57,COMPLETE
6914,32.71046796064979,11.142078618947037,2026-10-06 05:34:29.472674,2026-10-06 05:37:45.412222,0 days 00:03:15.939548,0.12186470831252749,1.0100598856645617,78.91305021174706,7.704673657496365,0.009569508337727876,2.108934163128921e-06,195.93944583134726,57,COMPLETE
6915,28.200499936677033,27.349249369601814,2026-10-06 05:34:29.763681,2026-10-06 05:37:46.815078,0 days 00:03:17.051397,0.2918907020150273,2.5826334477054016,78.91305021174706,53.19831855856638,0.009569508337727876,1.4671267453130232e-06,197.05124701187015,57,COMPLETE
6916,17.54091894982902,4.262456355278326,2026-10-06 05:34:29.910666,2026-10-06 05:37:40.369648,0 days 00:03:10.458982,0.3401090828369047,3.42961079489487,80.97346391189345,98.78326745635813,0.009569508337727876,1.4671267453130232e-06,190.45884075807407,57,COMPLETE
6917,21.651203944642024,1.2556277383211107,2026-10-06 05:34:30.098680,2026-10-06 05:37:44.131431,0 days 00:03:14.032751,0.14472486883161542,49.029067551971664,80.97346391189345,17.444176692293013,0.05513385708127351,1.4671267453130232e-06,194.0326294270344,57,COMPLETE
6918,29.453615854417286,8.662459589127858,2026-10-06 05:34:30.158665,2026-10-06 05:37:43.216505,0 days 00:03:13.057840,0.06441798531902292,3.42961079489487,78.91305021174706,53.19831855856638,0.009569508337727876,1.2446212784745538e-06,193.05762952612713,57,COMPLETE
6919,,,2026-10-06 05:34:30.304689,2026-10-06 05:34:31.064507,0 days 00:00:00.759818,0.5398502872387495,1.8054001832365776,78.91305021174706,53.19831855856638,0.008698017554316196,,,57,PRUNED
6920,0.06894420722528846,1.1733973046908535,2026-10-06 05:34:31.098669,2026-10-06 05:37:38.688509,0 days 00:03:07.589840,0.409208018374269,1.0100598856645617,78.91305021174706,12.025559114678314,0.008698017554316196,2.328670127015952e-06,187.58974044397473,57,COMPLETE
6921,24.616387754160613,7.261987121588109,2026-10-06 05:34:31.102658,2026-10-06 05:37:40.810750,0 days 00:03:09.708092,0.09463773086870245,1.0100598856645617,78.91305021174706,53.19831855856638,0.009569508337727876,0.08336914364348857,189.70799715723842,57,COMPLETE
6922,23.948056495817966,31.383627560594082,2026-10-06 05:34:31.106629,2026-10-06 05:37:42.960031,0 days 00:03:11.853402,0.35349415915446786,6.115953278621234,78.91305021174706,53.19831855856638,0.009569508337727876,1.4671267453130232e-06,191.853288364131,57,COMPLETE
6923,31.018345401761433,9.22133024190788,2026-10-06 05:34:31.109676,2026-10-06 05:37:44.032786,0 days 00:03:12.923110,0.06441798531902292,1.8054001832365776,78.91305021174706,27.2663959459455,0.009569508337727876,2.328670127015952e-06,192.92298639193177,57,COMPLETE
6924,24.17211889292156,2.5066371993523964,2026-10-06 05:34:31.112733,2026-10-06 05:37:45.214315,0 days 00:03:14.101582,0.48967816666395225,30.79816186618248,78.91305021174706,1.9334986835679016,0.009569508337727876,1.4671267453130232e-06,194.10147077497095,57,COMPLETE
6925,32.42094431665409,13.60333540474426,2026-10-06 05:34:31.138874,2026-10-06 05:37:45.335426,0 days 00:03:14.196552,0.1269892283627391,1.0100598856645617,69.16329565667773,8.858210845255327,0.008698017554316196,1.4671267453130232e-06,194.19642307702452,57,COMPLETE
6926,32.23388214953377,7.757867049852657,2026-10-06 05:34:31.142628,2026-10-06 05:37:42.889881,0 days 00:03:11.747253,0.06441798531902292,1.0100598856645617,78.91305021174706,8.858210845255327,0.008698017554316196,2.328670127015952e-06,191.74712940678,57,COMPLETE
6927,22.944908962463323,31.176846506549488,2026-10-06 05:34:31.146627,2026-10-06 05:37:42.266701,0 days 00:03:11.120074,0.48967816666395225,6.28879905307643,78.91305021174706,21.63910276826749,0.009569508337727876,1.4671267453130232e-06,191.11994070233777,57,COMPLETE
6928,28.863762356384193,8.238076116414316,2026-10-06 05:34:31.150622,2026-10-06 05:37:43.204708,0 days 00:03:12.054086,0.419007027175139,3.42961079489487,78.91305021174706,53.19831855856638,0.05077397709876516,1.0746247031029727e-06,192.0539780058898,57,COMPLETE
6929,10.777041434084598,7.2323970513116755,2026-10-06 05:34:31.158624,2026-10-06 05:37:40.936012,0 days 00:03:09.777388,0.2918907020150273,4.014839763781616,4.761339292180437,18.49957504695779,0.009569508337727876,1.2446212784745538e-06,189.77725375304,57,COMPLETE
6930,31.953517529900097,16.538724957378236,2026-10-06 05:34:31.162621,2026-10-06 05:37:43.622708,0 days 00:03:12.460087,0.14472486883161542,1.0100598856645617,78.91305021174706,12.025559114678314,0.008698017554316196,1.4671267453130232e-06,192.45998773071915,57,COMPLETE
6931,9.420670208756942,10.44733630995557,2026-10-06 05:34:31.256327,2026-10-06 05:37:43.706749,0 days 00:03:12.450422,0.419007027175139,3.42961079489487,5.009596507945448,53.19831855856638,0.009569508337727876,1.0746247031029727e-06,192.4503129380755,57,COMPLETE
6932,29.173708184500622,19.51631242223274,2026-10-06 05:34:31.521686,2026-10-06 05:37:42.499192,0 days 00:03:10.977506,0.18472274745078338,1.8054001832365776,55.606498537527045,16.966954115393197,0.008698017554316196,2.328670127015952e-06,190.97737801121548,57,COMPLETE
6933,29.526691838041348,19.05813875670607,2026-10-06 05:34:31.525626,2026-10-06 05:37:43.504266,0 days 00:03:11.978640,0.3401090828369047,3.42961079489487,80.97346391189345,6.100716042016426,0.009569508337727876,1.4671267453130232e-06,191.97850607335567,57,COMPLETE
6934,9.201966350677495,6.608572553907907,2026-10-06 05:34:32.717697,2026-10-06 05:37:45.934006,0 days 00:03:13.216309,0.48967816666395225,3.42961079489487,3.622889525340851,17.229493000299275,0.009569508337727876,1.2446212784745538e-06,193.21616638218984,57,COMPLETE
6935,28.80892443431004,25.599017529133974,2026-10-06 05:34:32.721637,2026-10-06 05:37:44.738203,0 days 00:03:12.016566,0.2918907020150273,4.014839763781616,78.91305021174706,18.49957504695779,0.009569508337727876,1.2446212784745538e-06,192.01643460988998,57,COMPLETE
6936,32.66092267875316,11.35896053104172,2026-10-06 05:34:32.944688,2026-10-06 05:37:47.263916,0 days 00:03:14.319228,0.12186470831252749,1.0100598856645617,78.91305021174706,8.858210845255327,0.009569508337727876,2.328670127015952e-06,194.3190925559029,57,COMPLETE
6937,32.467773074171625,12.571235899483941,2026-10-06 05:34:33.241841,2026-10-06 05:37:48.635527,0 days 00:03:15.393686,0.14472486883161542,1.0100598856645617,80.97346391189345,7.704673657496365,0.009569508337727876,1.4671267453130232e-06,195.0283769578673,57,COMPLETE
6938,,,2026-10-06 05:34:33.262653,2026-10-06 05:34:33.849750,0 days 00:00:00.587097,0.14472486883161542,1.0100598856645617,78.91305021174706,7.704673657496365,0.002420676116541556,,,57,PRUNED
6939,12.08881906207031,2.160292439348338,2026-10-06 05:34:33.266641,2026-10-06 05:37:45.110924,0 days 00:03:11.844283,0.14472486883161542,17.03077158483624,12.820076205994505,9.01233726192726,0.010066673683367812,1.4671267453130232e-06,191.84416016517207,57,COMPLETE
6940,24.516574082096486,1.2363746424636224,2026-10-06 05:34:33.396672,2026-10-06 05:37:44.373063,0 days 00:03:10.976391,0.017593312642703415,1.935328141542357,78.91305021174706,15.382666136782571,0.009569508337727876,1.4671267453130232e-06,190.9762982740067,57,COMPLETE
6941,,,2026-10-06 05:34:33.911695,2026-10-06 05:34:35.272767,0 days 00:00:01.361072,0.48967816666395225,6.28879905307643,78.91305021174706,53.19831855856638,0.008698017554316196,,,57,PRUNED
6942,23.507753781631216,30.738236895855454,2026-10-06 05:34:34.450645,2026-10-06 05:37:43.110268,0 days 00:03:08.659623,0.48967816666395225,3.42961079489487,78.91305021174706,46.431764750098004,0.009569508337727876,2.328670127015952e-06,188.6595031078905,57,COMPLETE
6943,26.171002673065306,26.79607700676077,2026-10-06 05:34:35.304693,2026-10-06 05:37:43.647972,0 days 00:03:08.343279,0.419007027175139,1.8054001832365776,78.91305021174706,53.19831855856638,0.009569508337727876,1.0746247031029727e-06,188.34317512903363,57,COMPLETE
6944,31.37331788653379,14.059891704134355,2026-10-06 05:35:02.415712,2026-10-06 05:38:12.218326,0 days 00:03:09.802614,0.17534157142392734,1.0100598856645617,78.91305021174706,18.49957504695779,0.008698017554316196,2.8703740315973217e-05,189.80246861372143,57,COMPLETE
6945,31.456717598968332,19.299129196000486,2026-10-06 05:35:04.818201,2026-10-06 05:38:19.044324,0 days 00:03:14.226123,0.17534157142392734,1.0100598856645617,78.91305021174706,18.49957504695779,0.008698017554316196,1.4671267453130232e-06,194.2259851489216,58,COMPLETE
6946,9.39167985259997,2.2448037104177265,2026-10-06 05:35:40.932044,2026-10-06 05:38:56.101841,0 days 00:03:15.169797,0.48967816666395225,6.28879905307643,54.38209210474448,35.8629911954842,0.009569508337727876,78.06943438772004,195.16967124398798,58,COMPLETE
6947,28.361064801365632,3.664502258772794,2026-10-06 05:35:42.381817,2026-10-06 05:38:59.115544,0 days 00:03:16.733727,0.2918907020150273,1.0100598856645617,78.91305021174706,19.541428610638583,0.008698017554316196,1.4671267453130232e-06,196.73359677940607,58,COMPLETE
6948,27.512244791731028,1.711823326256301,2026-10-06 05:35:45.948675,2026-10-06 05:38:54.266150,0 days 00:03:08.317475,0.3041143923496687,1.0100598856645617,78.91305021174706,21.63910276826749,0.008698017554316196,1.4724864611104205e-06,188.31733712507412,58,COMPLETE
6949,32.75224839252396,9.16327436702658,2026-10-06 05:36:25.615827,2026-10-06 05:39:36.405043,0 days 00:03:10.789216,0.09463773086870245,1.0100598856645617,78.91305021174706,12.025559114678314,0.009569508337727876,8.145755128214489e-06,190.7890812768601,58,COMPLETE
6950,10.619678570234502,3.002623764105495,2026-10-06 05:37:30.365040,2026-10-06 05:40:34.651408,0 days 00:03:04.286368,0.48967816666395225,26.308278634108788,78.91305021174706,53.19831855856638,0.009569508337727876,1.0746247031029727e-06,184.28623105073348,58,COMPLETE
6951,32.33624218877461,7.190552293659383,2026-10-06 05:37:34.725035,2026-10-06 05:40:48.376603,0 days 00:03:13.651568,0.09463773086870245,1.0100598856645617,78.91305021174706,12.025559114678314,0.009569508337727876,0.00020422393726018706,193.65142383193597,58,COMPLETE
6952,30.294757832167413,21.951264564553746,2026-10-06 05:37:35.997831,2026-10-06 05:40:51.284709,0 days 00:03:15.286878,0.18472274745078338,1.8054001832365776,78.91305021174706,53.19831855856638,0.009569508337727876,1.4671267453130232e-06,195.28673450415954,58,COMPLETE
6953,23.410821955876816,7.726498044095996,2026-10-06 05:37:36.896709,2026-10-06 05:40:50.576522,0 days 00:03:13.679813,0.17534157142392734,30.276273114687484,79.49322457431802,12.025559114678314,0.008698017554316196,1.4671267453130232e-06,193.67966491961852,58,COMPLETE
6954,21.67379851200944,32.85278121605895,2026-10-06 05:37:36.904653,2026-10-06 05:40:50.025447,0 days 00:03:13.120794,0.48967816666395225,6.28879905307643,80.97346391189345,45.605935248059524,0.009569508337727876,2.328670127015952e-06,193.12065080972388,58,COMPLETE
6955,16.682944546763853,6.088611534583203,2026-10-06 05:37:37.531690,2026-10-06 05:40:50.498944,0 days 00:03:12.967254,0.48967816666395225,3.42961079489487,14.52722009777124,53.19831855856638,0.03022312360439178,1.0746247031029727e-06,192.96711650677025,58,COMPLETE
6956,28.890304848675015,25.795651380478134,2026-10-06 05:37:37.767697,2026-10-06 05:40:55.056083,0 days 00:03:17.288386,0.2918907020150273,4.014839763781616,80.97346391189345,18.49957504695779,0.009569508337727876,1.0837899328538103e-06,197.28824608121067,58,COMPLETE
6957,11.74971135929205,1.6770658534781542,2026-10-06 05:37:37.771645,2026-10-06 05:40:51.566923,0 days 00:03:13.795278,0.12186470831252749,1.0100598856645617,1.3337680390415463,8.251022456146748,0.016144744427105236,1.54960617812222e-06,193.79514067200944,58,COMPLETE
6958,18.307877523163974,19.38690943985952,2026-10-06 05:37:38.104699,2026-10-06 05:40:53.406533,0 days 00:03:15.301834,0.48967816666395225,4.427554728034864,78.91305021174706,53.19831855856638,0.009569508337727876,0.0009286991821863896,195.30171232903376,58,COMPLETE
