number,values_0,values_1,datetime_start,datetime_complete,duration,params_c_val,params_input_force,params_k_between_val,params_k_wall_val,params_m_val,params_ridge_alpha,user_attrs_duration_sec,system_attrs_NSGAIISampler:generation,state
3650,10.267865318217599,1.2362553260767555,2026-10-06 03:03:29.887684,2026-10-06 03:06:41.692532,0 days 00:03:11.804848,0.014063343881185054,2.5826334477054016,78.91305021174706,46.431764750098004,0.009569508337727876,20.068440208843924,191.80475569190457,30,COMPLETE
3651,29.64910930311487,18.84787078936951,2026-10-06 03:03:30.056696,2026-10-06 03:06:40.297840,0 days 00:03:10.241144,0.14472486883161542,3.42961079489487,78.91305021174706,45.605935248059524,0.009569508337727876,2.328670127015952e-06,190.24105443898588,30,COMPLETE
3652,27.044550716136712,1.5920943509717844,2026-10-06 03:03:30.418685,2026-10-06 03:06:38.886581,0 days 00:03:08.467896,0.22031827582514427,8.457554444035846,78.91305021174706,7.246633219672176,0.009569508337727876,2.328670127015952e-06,188.46780508523807,30,COMPLETE
3653,28.691847058721827,14.702920781653498,2026-10-06 03:03:30.477761,2026-10-06 03:06:44.570536,0 days 00:03:14.092775,0.22031827582514427,1.8054001832365776,78.91305021174706,40.2862337213893,0.009569508337727876,0.00037443060996792017,194.09265775978565,30,COMPLETE
3654,30.307714350547563,22.904199665561656,2026-10-06 03:03:30.973694,2026-10-06 03:06:42.050496,0 days 00:03:11.076802,0.22031827582514427,1.8054001832365776,78.91305021174706,40.2862337213893,0.009569508337727876,2.328670127015952e-06,191.07670373981819,30,COMPLETE
3655,30.243505445027886,11.933457399133403,2026-10-06 03:03:30.989667,2026-10-06 03:06:43.059516,0 days 00:03:12.069849,0.22031827582514427,2.5826334477054016,78.91305021174706,35.397938808104236,0.021958228820832634,2.328670127015952e-06,192.06974951503798,30,COMPLETE
3656,21.608025174552566,1.3140291630316407,2026-10-06 03:03:31.598822,2026-10-06 03:06:42.734238,0 days 00:03:11.135416,0.0101867338551766,1.8054001832365776,78.91305021174706,7.704673657496365,0.009569508337727876,2.328670127015952e-06,191.1353227319196,30,COMPLETE
3657,30.538390070511053,7.951508387729525,2026-10-06 03:03:31.606649,2026-10-06 03:06:41.900487,0 days 00:03:10.293838,0.22031827582514427,2.5826334477054016,78.91305021174706,1.082706350369464,0.008698017554316196,2.328670127015952e-06,190.2937543587759,30,COMPLETE
3658,30.775732267304583,20.30297797784019,2026-10-06 03:03:32.067685,2026-10-06 03:06:41.072266,0 days 00:03:09.004581,0.22031827582514427,1.8054001832365776,78.91305021174706,18.49957504695779,0.009569508337727876,2.328670127015952e-06,189.00446508219466,30,COMPLETE
3659,29.37374441040714,1.3611620323663898,2026-10-06 03:03:32.426984,2026-10-06 03:06:42.562984,0 days 00:03:10.136000,0.3058693927008336,1.8054001832365776,78.91305021174706,2.3833960321628194,0.0965846589290063,2.328670127015952e-06,190.13590498594567,30,COMPLETE
3660,,,2026-10-06 03:03:32.980869,2026-10-06 03:03:34.342741,0 days 00:00:01.361872,0.22031827582514427,2.5826334477054016,78.91305021174706,18.49957504695779,0.0028581635809560814,,,30,PRUNED
3661,31.90987448250712,11.816662466678604,2026-10-06 03:03:34.094387,2026-10-06 03:06:48.092965,0 days 00:03:13.998578,0.17534157142392734,1.8054001832365776,78.91305021174706,2.351560139961893,0.009569508337727876,2.328670127015952e-06,193.99845659686252,30,COMPLETE
3662,31.45185889768509,5.947300810606626,2026-10-06 03:03:34.406930,2026-10-06 03:06:45.183863,0 days 00:03:10.776933,0.22031827582514427,1.8054001832365776,78.91305021174706,40.2862337213893,0.037721929581989,2.328670127015952e-06,190.77683175168931,30,COMPLETE
3663,15.72924874582653,5.471501949577836,2026-10-06 03:04:02.845694,2026-10-06 03:07:14.929554,0 days 00:03:12.083860,0.48967816666395225,1.8054001832365776,78.91305021174706,53.19831855856638,0.009569508337727876,0.17241522848483626,192.08374096872285,30,COMPLETE
3664,29.20118312204651,24.074352855408254,2026-10-06 03:05:13.547217,2026-10-06 03:08:25.178016,0 days 00:03:11.630799,0.22031827582514427,3.42961079489487,78.91305021174706,40.29115295108787,0.009569508337727876,2.328670127015952e-06,191.63068091589957,30,COMPLETE
3665,28.48986266625743,7.365015363776293,2026-10-06 03:05:23.087683,2026-10-06 03:08:38.447862,0 days 00:03:15.360179,0.14472486883161542,1.8054001832365776,78.91305021174706,4.949274479107639,0.009569508337727876,0.018335199784775283,195.3600653638132,30,COMPLETE
3666,19.183817217377154,11.51163202371696,2026-10-06 03:06:34.290507,2026-10-06 03:09:50.449076,0 days 00:03:16.158569,0.17534157142392734,1.8054001832365776,9.911494970527107,4.949274479107639,0.008698017554316196,2.328670127015952e-06,196.1584637570195,30,COMPLETE
3667,15.003248751982508,2.0459420103849326,2026-10-06 03:06:34.377689,2026-10-06 03:09:49.404041,0 days 00:03:15.026352,0.14472486883161542,13.724392318627752,12.758076166616883,4.949274479107639,0.009569508337727876,2.328670127015952e-06,195.02622848190367,30,COMPLETE
3668,15.386805304758715,1.2981689853762506,2026-10-06 03:06:34.380946,2026-10-06 03:09:47.676823,0 days 00:03:13.295877,0.48480307501533615,3.42961079489487,78.91305021174706,3.1960868442529304,0.030135691308175,2.009592748754613,193.2957609319128,30,COMPLETE
3669,1.6558196153474298,1.2329518213740045,2026-10-06 03:06:34.446699,2026-10-06 03:09:47.704350,0 days 00:03:13.257651,0.14472486883161542,2.5826334477054016,1.120092509582136,4.949274479107639,0.009569508337727876,2.328670127015952e-06,193.25755018973723,30,COMPLETE
3670,28.235981600858345,25.173024500872256,2026-10-06 03:06:34.872207,2026-10-06 03:09:50.905541,0 days 00:03:16.033334,0.3401090828369047,3.42961079489487,78.91305021174706,18.81759050518774,0.009569508337727876,2.328670127015952e-06,196.03314048890024,30,COMPLETE
3671,,,2026-10-06 03:06:35.380725,2026-10-06 03:06:36.708083,0 days 00:00:01.327358,0.22031827582514427,1.8054001832365776,78.91305021174706,18.49957504695779,0.0012579965437705457,,,30,PRUNED
3672,30.53156300409787,10.78046619449603,2026-10-06 03:06:36.138002,2026-10-06 03:09:51.876533,0 days 00:03:15.738531,0.07044578315188504,1.8054001832365776,78.91305021174706,51.762006826782596,0.009569508337727876,2.328670127015952e-06,195.73841115413234,30,COMPLETE
3673,,,2026-10-06 03:06:36.596735,2026-10-06 03:06:37.130905,0 days 00:00:00.534170,0.22031827582514427,2.5826334477054016,78.91305021174706,53.19831855856638,0.0011859665758639326,,,30,PRUNED
3674,11.303584303336873,4.6398518429342,2026-10-06 03:06:36.776832,2026-10-06 03:09:48.851998,0 days 00:03:12.075166,0.48967816666395225,1.8054001832365776,4.953840227970872,4.949274479107639,0.009569508337727876,2.328670127015952e-06,192.07504651602358,30,COMPLETE
3675,11.582121819081072,3.140159219332717,2026-10-06 03:06:36.780647,2026-10-06 03:09:49.590045,0 days 00:03:12.809398,0.14472486883161542,35.44847299811162,78.91305021174706,45.605935248059524,0.009569508337727876,2.328670127015952e-06,192.80928530776873,30,COMPLETE
3676,31.6063489984657,7.026242832886559,2026-10-06 03:06:36.843653,2026-10-06 03:09:47.446101,0 days 00:03:10.602448,0.09198432626660544,1.8054001832365776,78.91305021174706,7.704673657496365,0.009569508337727876,0.00034198221600425675,190.6023259772919,30,COMPLETE
3677,25.156542599076634,21.15604845592015,2026-10-06 03:06:37.095804,2026-10-06 03:09:53.938801,0 days 00:03:16.842997,0.48967816666395225,3.42961079489487,78.91305021174706,9.700994269082752,0.009569508337727876,1.346092503500128e-06,196.8428716743365,30,COMPLETE
3678,12.51764841700532,5.381341699642188,2026-10-06 03:06:37.860697,2026-10-06 03:09:49.443841,0 days 00:03:11.583144,0.19189241237051688,1.8054001832365776,4.3237068971777575,12.025559114678314,0.009569508337727876,0.0005722372940563899,191.5830416190438,30,COMPLETE
3679,32.269866730076856,12.23242965890586,2026-10-06 03:06:37.884817,2026-10-06 03:09:48.186572,0 days 00:03:10.301755,0.14472486883161542,1.8054001832365776,78.91305021174706,3.1960868442529304,0.009569508337727876,2.328670127015952e-06,190.3016417142935,30,COMPLETE
3680,30.328470691710955,3.2247872980204875,2026-10-06 03:06:37.888641,2026-10-06 03:09:52.261589,0 days 00:03:14.372948,0.22031827582514427,1.8054001832365776,78.91305021174706,53.19831855856638,0.06452406181864845,2.328670127015952e-06,194.3728491254151,30,COMPLETE
3681,30.750237126456305,21.608701079063692,2026-10-06 03:06:37.892630,2026-10-06 03:09:50.312003,0 days 00:03:12.419373,0.17534157142392734,1.8054001832365776,78.91305021174706,18.49957504695779,0.008698017554316196,2.328670127015952e-06,192.41928538493812,30,COMPLETE
3682,25.913579377929693,14.635426751206921,2026-10-06 03:06:38.510963,2026-10-06 03:09:52.414174,0 days 00:03:13.903211,0.48480307501533615,3.42961079489487,78.91305021174706,3.9687438243729822,0.009569508337727876,1.4671267453130232e-06,193.9031259729527,30,COMPLETE
3683,31.99753294212412,14.469989622292536,2026-10-06 03:06:38.734665,2026-10-06 03:09:52.356542,0 days 00:03:13.621877,0.17534157142392734,1.8054001832365776,78.91305021174706,4.949274479107639,0.009569508337727876,2.328670127015952e-06,193.6217885701917,30,COMPLETE
3684,21.892795484638555,1.5740257761490248,2026-10-06 03:06:38.932664,2026-10-06 03:09:57.815283,0 days 00:03:18.882619,0.22031827582514427,11.577094388893153,78.91305021174706,18.49957504695779,0.009569508337727876,2.328670127015952e-06,198.88248356012627,31,COMPLETE
3685,29.817651462460645,23.809340668352807,2026-10-06 03:06:39.027314,2026-10-06 03:09:53.472722,0 days 00:03:14.445408,0.22031827582514427,2.5826334477054016,78.91305021174706,40.2862337213893,0.009569508337727876,2.328670127015952e-06,194.44531098613515,31,COMPLETE
3686,31.62605267685125,17.04516925763458,2026-10-06 03:06:39.180882,2026-10-06 03:09:53.131798,0 days 00:03:13.950916,0.17534157142392734,1.8054001832365776,78.91305021174706,4.949274479107639,0.008698017554316196,2.328670127015952e-06,193.9508285811171,31,COMPLETE
3687,20.46272832474367,1.1525765124966725,2026-10-06 03:06:39.205789,2026-10-06 03:09:52.011672,0 days 00:03:12.805883,0.018988971721438163,2.5826334477054016,78.91305021174706,18.49957504695779,0.009569508337727876,2.328670127015952e-06,192.80578989116475,31,COMPLETE
3688,32.57496391274456,4.485878321336074,2026-10-06 03:06:39.220052,2026-10-06 03:09:49.476119,0 days 00:03:10.256067,0.17534157142392734,1.8054001832365776,78.91305021174706,12.025559114678314,0.03463343903868386,2.328670127015952e-06,190.2559759300202,31,COMPLETE
3689,15.902143944170897,4.041221110820266,2026-10-06 03:06:39.223636,2026-10-06 03:09:53.114909,0 days 00:03:13.891273,0.15925174149088325,31.06744401831057,78.91305021174706,40.2862337213893,0.009569508337727876,2.328670127015952e-06,193.8911815979518,31,COMPLETE
3690,23.923134684652478,30.077903063020933,2026-10-06 03:06:39.227621,2026-10-06 03:09:53.139496,0 days 00:03:13.911875,0.48967816666395225,3.42961079489487,78.91305021174706,35.397938808104236,0.009569508337727876,1.4671267453130232e-06,193.9117919788696,31,COMPLETE
3691,17.516057376095148,1.4476071535741317,2026-10-06 03:06:39.240654,2026-10-06 03:09:51.263735,0 days 00:03:12.023081,0.17534157142392734,1.8054001832365776,78.91305021174706,8.328853199580974,0.009569508337727876,1.4603350039337266,192.022996195592,31,COMPLETE
3692,32.10758378958836,13.739010370094618,2026-10-06 03:06:39.248640,2026-10-06 03:09:52.037497,0 days 00:03:12.788857,0.14383405467422097,1.8054001832365776,78.91305021174706,4.949274479107639,0.009569508337727876,2.328670127015952e-06,192.78877238184214,31,COMPLETE
3693,,,2026-10-06 03:06:39.492693,2026-10-06 03:06:39.817670,0 days 00:00:00.324977,0.48967816666395225,1.8054001832365776,78.91305021174706,53.19831855856638,0.008698017554316196,,,31,PRUNED
3694,,,2026-10-06 03:06:39.710270,2026-10-06 03:06:40.168684,0 days 00:00:00.458414,0.17534157142392734,1.8054001832365776,78.91305021174706,6.182683349256731,0.002016477464982792,,,31,PRUNED
3695,7.0858969962125915,5.895679970255048,2026-10-06 03:06:39.803727,2026-10-06 03:09:52.923798,0 days 00:03:13.120071,0.48967816666395225,1.8054001832365776,2.1056374423205955,35.397938808104236,0.009569508337727876,2.328670127015952e-06,193.11996877240017,31,COMPLETE
3696,31.11071886878461,9.251576680869512,2026-10-06 03:06:40.061671,2026-10-06 03:09:50.678019,0 days 00:03:10.616348,0.14472486883161542,1.8054001832365776,78.91305021174706,3.1960868442529304,0.009569508337727876,0.00042162813349163957,190.61625634506345,31,COMPLETE
3697,17.97475342431643,9.804191177189336,2026-10-06 03:06:40.419094,2026-10-06 03:09:54.101762,0 days 00:03:13.682668,0.17534157142392734,1.8054001832365776,29.32710163467003,69.89307495075455,0.008698017554316196,0.0030866011867526078,193.68256325041875,31,COMPLETE
3698,1.5201805249002363,2.0744415941603167,2026-10-06 03:06:40.422651,2026-10-06 03:09:54.419572,0 days 00:03:13.996921,0.22031827582514427,40.881438788821555,3.64272970727452,35.397938808104236,0.0037467237861888362,2.328670127015952e-06,193.99669858207926,31,COMPLETE
3699,29.86057671800947,23.742271071000367,2026-10-06 03:06:40.426630,2026-10-06 03:09:52.677815,0 days 00:03:12.251185,0.22031827582514427,2.5826334477054016,78.91305021174706,38.52680789958333,0.009569508337727876,2.328670127015952e-06,192.25107841892168,31,COMPLETE
3700,28.475792635766386,11.182851554981697,2026-10-06 03:06:40.430630,2026-10-06 03:09:56.295824,0 days 00:03:15.865194,0.17534157142392734,3.42961079489487,78.91305021174706,35.397938808104236,0.01494261448930957,0.000368241045633171,195.86508961115032,31,COMPLETE
3701,,,2026-10-06 03:06:40.434629,2026-10-06 03:06:40.708707,0 days 00:00:00.274078,0.22031827582514427,2.5826334477054016,78.91305021174706,40.2862337213893,0.0010963792448817557,,,31,PRUNED
3702,30.12611562048332,10.64890568325269,2026-10-06 03:06:40.438638,2026-10-06 03:09:53.318490,0 days 00:03:12.879852,0.22031827582514427,2.5826334477054016,78.91305021174706,40.29115295108787,0.024335793926981434,2.328670127015952e-06,192.87976129772142,31,COMPLETE
3703,,,2026-10-06 03:06:40.462650,2026-10-06 03:06:41.520722,0 days 00:00:01.058072,0.33540354911991227,2.5826334477054016,78.91305021174706,40.29115295108787,0.001480634835750178,,,31,PRUNED
3704,29.572910093353038,4.949857113671055,2026-10-06 03:06:40.740698,2026-10-06 03:09:54.563370,0 days 00:03:13.822672,0.17534157142392734,1.8054001832365776,42.3776516613389,4.349578999621422,0.021266029413488433,4.0654905100804066e-05,193.82256847107783,31,COMPLETE
3705,29.359660421725966,23.84819293902906,2026-10-06 03:06:41.652680,2026-10-06 03:09:53.176616,0 days 00:03:11.523936,0.22031827582514427,3.42961079489487,78.91305021174706,35.397938808104236,0.009569508337727876,2.328670127015952e-06,191.5238494388759,31,COMPLETE
3706,30.137823340305893,2.132679183125552,2026-10-06 03:06:41.660644,2026-10-06 03:09:50.784614,0 days 00:03:09.123970,0.17534157142392734,1.8054001832365776,78.91305021174706,18.49957504695779,0.0683725988897726,2.328670127015952e-06,189.12388026108965,31,COMPLETE
3707,17.185913842226803,1.4452665160462774,2026-10-06 03:06:41.726983,2026-10-06 03:09:54.903832,0 days 00:03:13.176849,0.17534157142392734,35.04859151305347,78.91305021174706,40.29115295108787,0.022303035520107744,1.4671267453130232e-06,193.17676371335983,31,COMPLETE
3708,30.523558676985875,9.972756622445822,2026-10-06 03:06:41.730807,2026-10-06 03:09:52.013490,0 days 00:03:10.282683,0.22031827582514427,2.5826334477054016,78.91305021174706,22.313710691733014,0.023840080177253385,2.328670127015952e-06,190.28260005731136,31,COMPLETE
3709,6.468579038034076,5.215031993604842,2026-10-06 03:06:41.775853,2026-10-06 03:09:52.290495,0 days 00:03:10.514642,0.6849363747303032,1.8054001832365776,2.370552130314826,40.2862337213893,0.010776921026006853,2.328670127015952e-06,190.5145499049686,31,COMPLETE
3710,,,2026-10-06 03:06:41.848669,2026-10-06 03:06:42.561718,0 days 00:00:00.713049,0.06608681041317362,2.5826334477054016,78.91305021174706,40.2862337213893,0.0026455775044273676,,,31,PRUNED
3711,16.09236196303694,10.103178144770617,2026-10-06 03:06:41.892651,2026-10-06 03:09:56.557291,0 days 00:03:14.664640,0.17534157142392734,3.42961079489487,78.91305021174706,38.52680789958333,0.008698017554316196,8.979894481923779,194.66455500712618,31,COMPLETE
3712,25.971008547604196,1.6961634820435996,2026-10-06 03:06:41.896645,2026-10-06 03:09:51.517585,0 days 00:03:09.620940,0.48967816666395225,47.18111717679005,78.91305021174706,3.242506356982411,0.02834979607740988,1.4671267453130232e-06,189.62085299240425,31,COMPLETE
3713,19.028078362191174,4.557303572420108,2026-10-06 03:06:41.940659,2026-10-06 03:09:57.765802,0 days 00:03:15.825143,0.22031827582514427,2.5826334477054016,78.91305021174706,6.919889733796432,0.009569508337727876,0.21616564707781052,195.82502433471382,31,COMPLETE
3714,30.614250371349527,19.966575274170157,2026-10-06 03:06:42.070678,2026-10-06 03:09:56.376633,0 days 00:03:14.305955,0.17534157142392734,2.5826334477054016,78.91305021174706,18.49957504695779,0.009569508337727876,2.328670127015952e-06,194.30587299261242,31,COMPLETE
3715,7.1575228057926426,8.088300737370696,2026-10-06 03:06:42.526684,2026-10-06 03:09:50.299130,0 days 00:03:07.772446,0.48480307501533615,7.109458149239669,4.7966833736690475,53.19831855856638,0.009022934056764296,2.328670127015952e-06,187.77234564581886,31,COMPLETE
3716,22.782080163127738,3.365346220270946,2026-10-06 03:06:42.564845,2026-10-06 03:09:57.472394,0 days 00:03:14.907549,0.14472486883161542,23.69310706479617,78.91305021174706,18.49957504695779,0.009569508337727876,2.328670127015952e-06,194.9074562601745,31,COMPLETE
3717,26.165767799849867,13.427114674659167,2026-10-06 03:06:42.568645,2026-10-06 03:09:55.175805,0 days 00:03:12.607160,0.17534157142392734,3.42961079489487,78.91305021174706,63.04271412361867,0.009569508337727876,0.028358140475524134,192.6070740148425,31,COMPLETE
3718,30.307714350547563,22.904199665561656,2026-10-06 03:06:42.572634,2026-10-06 03:09:53.716031,0 days 00:03:11.143397,0.22031827582514427,1.8054001832365776,78.91305021174706,40.2862337213893,0.009569508337727876,2.328670127015952e-06,191.1433134181425,31,COMPLETE
3719,30.690303047210808,18.783772275812357,2026-10-06 03:06:42.576637,2026-10-06 03:09:53.221157,0 days 00:03:10.644520,0.14472486883161542,1.8054001832365776,78.91305021174706,35.397938808104236,0.009569508337727876,1.4671267453130232e-06,190.64444139413536,31,COMPLETE
3720,0.07761474672245731,1.1919582642401414,2026-10-06 03:06:42.619649,2026-10-06 03:09:53.455505,0 days 00:03:10.835856,0.8292551687813371,1.8054001832365776,78.91305021174706,35.397938808104236,0.008698017554316196,1.4671267453130232e-06,190.83576588891447,31,COMPLETE
3721,16.577687271724592,5.569025830355177,2026-10-06 03:06:42.627634,2026-10-06 03:09:56.325473,0 days 00:03:13.697839,0.2511317613957319,36.564794469756755,78.91305021174706,22.313710691733014,0.009569508337727876,4.776421354401111,193.6977591640316,31,COMPLETE
3722,,,2026-10-06 03:06:43.217685,2026-10-06 03:06:44.100700,0 days 00:00:00.883015,0.19189241237051688,1.8054001832365776,78.91305021174706,41.170055355173375,0.0010321207887419998,,,31,PRUNED
3723,30.768239769494766,20.375895296346872,2026-10-06 03:06:43.281842,2026-10-06 03:09:57.541081,0 days 00:03:14.259239,0.22031827582514427,1.8054001832365776,78.91305021174706,18.81759050518774,0.009569508337727876,2.328670127015952e-06,194.25914152804762,31,COMPLETE
3724,30.592204083767893,20.828458404016747,2026-10-06 03:06:43.285639,2026-10-06 03:09:55.411076,0 days 00:03:12.125437,0.17534157142392734,1.8054001832365776,78.91305021174706,35.397938808104236,0.009569508337727876,2.328670127015952e-06,192.12534068897367,31,COMPLETE
3725,26.682811699659943,5.011410133959892,2026-10-06 03:06:43.289630,2026-10-06 03:09:52.817297,0 days 00:03:09.527667,0.17534157142392734,34.30886989993077,78.91305021174706,7.704673657496365,0.009569508337727876,2.328670127015952e-06,189.52757118595764,31,COMPLETE
3726,31.65176046948331,14.543706619925944,2026-10-06 03:06:43.293633,2026-10-06 03:09:57.319599,0 days 00:03:14.025966,0.22031827582514427,1.8054001832365776,78.91305021174706,4.949274479107639,0.009569508337727876,2.328670127015952e-06,194.02586605772376,31,COMPLETE
3727,29.20134140006782,24.07413972830791,2026-10-06 03:06:43.297641,2026-10-06 03:09:52.813528,0 days 00:03:09.515887,0.22031827582514427,3.42961079489487,78.91305021174706,40.2862337213893,0.009569508337727876,2.328670127015952e-06,189.51578271016479,31,COMPLETE
3728,29.359660421725966,23.84819293902906,2026-10-06 03:06:44.112740,2026-10-06 03:09:55.164234,0 days 00:03:11.051494,0.22031827582514427,3.42961079489487,78.91305021174706,35.397938808104236,0.009569508337727876,2.328670127015952e-06,191.05140574788675,31,COMPLETE
3729,31.88148799813347,3.8472731777514957,2026-10-06 03:06:44.164817,2026-10-06 03:09:54.506188,0 days 00:03:10.341371,0.14472486883161542,2.5826334477054016,78.91305021174706,12.025559114678314,0.03463343903868386,2.328670127015952e-06,190.34125740127638,31,COMPLETE
3730,29.683866797103995,21.639355179047005,2026-10-06 03:06:44.611803,2026-10-06 03:09:57.424791,0 days 00:03:12.812988,0.17534157142392734,3.42961079489487,78.91305021174706,18.49957504695779,0.008698017554316196,2.328670127015952e-06,192.81287924619392,31,COMPLETE
3731,30.61673265559375,18.87683444729395,2026-10-06 03:06:44.758670,2026-10-06 03:09:54.876513,0 days 00:03:10.117843,0.14472486883161542,1.8054001832365776,78.91305021174706,40.2862337213893,0.009569508337727876,2.328670127015952e-06,190.117742032744,31,COMPLETE
3732,5.720083976624919,4.677681487468544,2026-10-06 03:06:45.195679,2026-10-06 03:09:56.319231,0 days 00:03:11.123552,0.48480307501533615,1.8054001832365776,1.0414690243349731,35.397938808104236,0.009569508337727876,2.328670127015952e-06,191.12345907697454,31,COMPLETE
