number,values_0,values_1,datetime_start,datetime_complete,duration,params_c_val,params_input_force,params_k_between_val,params_k_wall_val,params_m_val,params_ridge_alpha,user_attrs_duration_sec,system_attrs_NSGAIISampler:generation,state
7372,31.078544281393995,17.87287315661899,2026-10-06 05:56:55.978839,2026-10-06 06:00:08.630543,0 days 00:03:12.651704,0.134407121693098,1.8054001832365776,78.91305021174706,12.025559114678314,0.008698017554316196,1.4671267453130232e-06,192.65157619770616,61,COMPLETE
7373,32.186802894478106,4.7211885754024046,2026-10-06 05:56:56.004660,2026-10-06 06:00:05.566268,0 days 00:03:09.561608,0.18472274745078338,1.0100598856645617,68.11521203920695,11.286119700737487,0.030902061328244496,2.328670127015952e-06,189.56146716605872,61,COMPLETE
7374,15.759324084118834,7.819250523533333,2026-10-06 05:56:56.008640,2026-10-06 06:00:07.503330,0 days 00:03:11.494690,0.18472274745078338,1.8054001832365776,5.719089365538937,16.966954115393197,0.009569508337727876,2.328670127015952e-06,191.4945562412031,61,COMPLETE
7375,7.94773855001138,2.3439366136990163,2026-10-06 05:56:56.361369,2026-10-06 06:00:14.711945,0 days 00:03:18.350576,0.19189241237051688,23.087469784445272,13.074647671139955,18.49957504695779,0.008698017554316196,0.001983189019915076,198.35044015897438,61,COMPLETE
7376,32.22430913195866,7.880239271241313,2026-10-06 05:56:56.469192,2026-10-06 06:00:14.613775,0 days 00:03:18.144583,0.06441798531902292,1.0100598856645617,78.91305021174706,9.393391495232438,0.008698017554316196,2.328670127015952e-06,198.1444458719343,61,COMPLETE
7377,30.143072830189443,17.094880810343433,2026-10-06 05:56:56.711669,2026-10-06 06:00:09.125039,0 days 00:03:12.413370,0.14472486883161542,3.42961079489487,80.97346391189345,18.49957504695779,0.009569508337727876,1.4671267453130232e-06,192.41324545210227,61,COMPLETE
7378,13.610262521348625,1.2211758680946543,2026-10-06 05:56:56.972690,2026-10-06 06:00:07.753843,0 days 00:03:10.781153,0.06441798531902292,3.42961079489487,3.3530497995476587,1.7773409500778967,0.009569508337727876,1.4671267453130232e-06,190.78103125886992,61,COMPLETE
7379,23.660323858875056,11.969112562553711,2026-10-06 05:56:56.993454,2026-10-06 06:00:09.091397,0 days 00:03:12.097943,0.48967816666395225,1.0100598856645617,78.91305021174706,5.800809513589697,0.009569508337727876,2.108934163128921e-06,192.09781629918143,61,COMPLETE
7380,29.42179892664462,1.6251767978870535,2026-10-06 05:56:57.051463,2026-10-06 06:00:10.180449,0 days 00:03:13.128986,0.17534157142392734,1.0100598856645617,78.91305021174706,18.49957504695779,0.038638938314904406,0.004579981453338015,193.12887979578227,61,COMPLETE
7381,29.204418578760134,10.646838462085892,2026-10-06 05:56:57.092662,2026-10-06 06:00:14.951294,0 days 00:03:17.858632,0.3401090828369047,2.5826334477054016,78.91305021174706,53.19831855856638,0.033047843522500904,1.4671267453130232e-06,197.85852331575006,61,COMPLETE
7382,3.239278925202558,1.3348782268029302,2026-10-06 05:56:57.235690,2026-10-06 06:00:09.616338,0 days 00:03:12.380648,0.3251371686982093,1.0100598856645617,1.7606320812134564,15.382666136782571,0.009569508337727876,16.86114792311646,192.38054304290563,61,COMPLETE
7383,,,2026-10-06 05:56:57.803251,2026-10-06 05:56:58.791685,0 days 00:00:00.988434,0.14472486883161542,13.336941563802164,78.91305021174706,53.19831855856638,0.008698017554316196,,,61,PRUNED
7384,31.079629466425587,13.157690031382486,2026-10-06 05:56:57.815792,2026-10-06 06:00:07.034371,0 days 00:03:09.218579,0.09463773086870245,1.8054001832365776,78.91305021174706,12.025559114678314,0.008698017554316196,8.145755128214489e-06,189.2184415687807,61,COMPLETE
7385,26.274503639149618,29.904927481443327,2026-10-06 05:56:57.823637,2026-10-06 06:00:10.635090,0 days 00:03:12.811453,0.3401090828369047,3.42961079489487,78.91305021174706,54.869079171062396,0.009569508337727876,1.4671267453130232e-06,192.8113378859125,61,COMPLETE
7386,30.307866067431604,19.146174522976057,2026-10-06 05:56:57.827633,2026-10-06 06:00:12.544837,0 days 00:03:14.717204,0.2918907020150273,2.5826334477054016,78.91305021174706,7.704673657496365,0.009569508337727876,1.4671267453130232e-06,194.7171147079207,61,COMPLETE
7387,29.80276754269088,17.569770473200872,2026-10-06 05:56:57.831630,2026-10-06 06:00:12.208119,0 days 00:03:14.376489,0.134407121693098,3.42961079489487,78.91305021174706,38.258190836460926,0.009569508337727876,1.4671267453130232e-06,194.37638347875327,61,COMPLETE
7388,28.42383078654587,26.217223652403572,2026-10-06 05:56:57.835626,2026-10-06 06:00:11.740528,0 days 00:03:13.904902,0.3401090828369047,3.42961079489487,80.97346391189345,18.49957504695779,0.009569508337727876,1.4671267453130232e-06,193.90479318704456,61,COMPLETE
7389,32.782873948627056,7.451444256440658,2026-10-06 05:56:57.882802,2026-10-06 06:00:13.039191,0 days 00:03:15.156389,0.05755623703671168,1.0100598856645617,78.91305021174706,18.49957504695779,0.009569508337727876,1.2446212784745538e-06,195.1562712676823,61,COMPLETE
7390,30.93570415054372,21.634575860816348,2026-10-06 05:56:57.890638,2026-10-06 06:00:09.066021,0 days 00:03:11.175383,0.19189241237051688,1.8054001832365776,78.91305021174706,12.025559114678314,0.008698017554316196,1.54960617812222e-06,191.17525681713596,61,COMPLETE
7391,31.488408066523363,15.848497274900156,2026-10-06 05:56:58.370866,2026-10-06 06:00:13.192523,0 days 00:03:14.821657,0.134407121693098,1.8104256250067554,78.91305021174706,12.025559114678314,0.009569508337727876,2.108934163128921e-06,194.8215487212874,61,COMPLETE
7392,31.192658721324534,20.344464527175603,2026-10-06 05:56:58.692664,2026-10-06 06:00:09.440744,0 days 00:03:10.748080,0.19189241237051688,1.0100598856645617,78.91305021174706,21.63910276826749,0.008698017554316196,1.4671267453130232e-06,190.74796126876026,61,COMPLETE
7393,30.632301224164554,21.910542406672402,2026-10-06 05:56:58.708645,2026-10-06 06:00:12.955779,0 days 00:03:14.247134,0.19189241237051688,1.8054001832365776,69.9677986121389,21.63910276826749,0.008698017554316196,1.54960617812222e-06,194.24700911296532,61,COMPLETE
7394,20.036385218098303,1.3933707851054886,2026-10-06 05:56:59.021680,2026-10-06 06:00:08.325152,0 days 00:03:09.303472,0.35349415915446786,1.8054001832365776,78.91305021174706,18.49957504695779,0.008698017554316196,1.4671267453130232e-06,189.30333998193964,61,COMPLETE
7395,32.59044372596893,12.495178219011843,2026-10-06 05:56:59.025618,2026-10-06 06:00:10.023245,0 days 00:03:10.997627,0.14472486883161542,1.0100598856645617,78.91305021174706,7.704673657496365,0.009569508337727876,1.4671267453130232e-06,190.9975013830699,61,COMPLETE
7396,27.89552923927555,13.332280419430084,2026-10-06 05:56:59.029634,2026-10-06 06:00:11.535840,0 days 00:03:12.506206,0.11816812965117938,1.0100598856645617,21.5065276795975,12.025559114678314,0.008698017554316196,1.4671267453130232e-06,192.50607250165194,61,COMPLETE
7397,9.562101106462526,1.5767372579318701,2026-10-06 05:56:59.033627,2026-10-06 06:00:10.664779,0 days 00:03:11.631152,0.058069173978411576,1.8054001832365776,2.762191187399616,12.025559114678314,0.008698017554316196,2.328670127015952e-06,191.6310445428826,61,COMPLETE
7398,32.21103355181434,14.738184927457871,2026-10-06 05:56:59.037624,2026-10-06 06:00:06.825111,0 days 00:03:07.787487,0.1320862812493285,1.0100598856645617,69.16329565667773,12.025559114678314,0.008698017554316196,1.4671267453130232e-06,187.78735452890396,61,COMPLETE
7399,,,2026-10-06 05:56:59.041625,2026-10-06 05:57:00.459766,0 days 00:00:01.418141,0.05237372698975923,49.63084381143744,89.76073160221246,53.19831855856638,0.009569508337727876,,,61,PRUNED
7400,32.68612752667436,5.250441074299408,2026-10-06 05:56:59.045624,2026-10-06 06:00:11.963976,0 days 00:03:12.918352,0.11816812965117938,1.0100598856645617,80.97346391189345,53.19831855856638,0.024879701194023482,1.4671267453130232e-06,192.9182262723334,61,COMPLETE
7401,32.186041181369504,14.750184566046366,2026-10-06 05:56:59.048528,2026-10-06 06:00:10.086072,0 days 00:03:11.037544,0.14472486883161542,1.0100598856645617,78.91305021174706,7.704673657496365,0.008698017554316196,1.4671267453130232e-06,191.0374452029355,61,COMPLETE
7402,24.089119978073022,14.359377031413338,2026-10-06 05:56:59.051621,2026-10-06 06:00:09.926340,0 days 00:03:10.874719,0.48967816666395225,1.0100598856645617,78.91305021174706,11.286119700737487,0.009569508337727876,1.4671267453130232e-06,190.8745820862241,61,COMPLETE
7403,18.815005297281527,3.751023084192283,2026-10-06 05:56:59.055619,2026-10-06 06:00:12.196398,0 days 00:03:13.140779,0.06441798531902292,3.42961079489487,14.78118412022036,53.19831855856638,0.009569508337727876,0.03238629293974112,193.14065467007458,61,COMPLETE
7404,23.590095524984246,5.91403517089142,2026-10-06 05:56:59.059626,2026-10-06 06:00:12.442938,0 days 00:03:13.383312,0.134407121693098,46.487924438675115,78.91305021174706,12.025559114678314,0.008698017554316196,1.4671267453130232e-06,193.38322228612378,61,COMPLETE
7405,25.262811166280624,17.92741252089722,2026-10-06 05:56:59.432425,2026-10-06 06:00:14.986682,0 days 00:03:15.554257,0.48967816666395225,1.8054001832365776,78.91305021174706,12.025559114678314,0.009569508337727876,1.0746247031029727e-06,195.55414942326024,61,COMPLETE
7406,6.385933254937254,3.38373615249407,2026-10-06 05:57:00.535684,2026-10-06 06:00:11.445832,0 days 00:03:10.910148,0.2918907020150273,2.5826334477054016,2.78141800532894,15.382666136782571,0.009569508337727876,0.17512516617765217,190.91000459017232,61,COMPLETE
7407,30.5249131692074,23.098241552317965,2026-10-06 05:57:00.731870,2026-10-06 06:00:12.202639,0 days 00:03:11.470769,0.19189241237051688,1.8054001832365776,78.91305021174706,21.63910276826749,0.008698017554316196,1.54960617812222e-06,191.47064863005653,61,COMPLETE
7408,19.442921189167205,1.3217986089577933,2026-10-06 05:57:00.740527,2026-10-06 06:00:10.524817,0 days 00:03:09.784290,0.19189241237051688,1.8054001832365776,78.91305021174706,53.19831855856638,0.008698017554316196,1.0746247031029727e-06,189.78418025700375,61,COMPLETE
7409,33.06639186511464,4.907105218115252,2026-10-06 05:57:00.806661,2026-10-06 06:00:13.646685,0 days 00:03:12.840024,0.047559182674670304,1.0100598856645617,78.91305021174706,8.858210845255327,0.009569508337727876,1.4671267453130232e-06,192.83991738175973,61,COMPLETE
7410,25.886472712710674,1.3867654294917886,2026-10-06 05:57:00.850660,2026-10-06 06:00:12.055553,0 days 00:03:11.204893,0.14472486883161542,34.64489312137654,78.91305021174706,11.286119700737487,0.032845952683871554,1.2446212784745538e-06,191.20476390700787,61,COMPLETE
7411,29.18881999127558,10.952273656498045,2026-10-06 05:57:00.975665,2026-10-06 06:00:14.866661,0 days 00:03:13.890996,0.2918907020150273,3.42961079489487,78.91305021174706,46.431764750098004,0.030354128573583782,1.0746247031029727e-06,193.89089027279988,61,COMPLETE
7412,32.61515361230624,7.0484355685298805,2026-10-06 05:57:01.215703,2026-10-06 06:00:13.109746,0 days 00:03:11.894043,0.05329361281669073,1.0100598856645617,78.91305021174706,22.060177861571844,0.009569508337727876,1.4671267453130232e-06,191.89390701428056,61,COMPLETE
7413,27.142644325844106,2.21414322320979,2026-10-06 05:57:01.828585,2026-10-06 06:00:14.978019,0 days 00:03:13.149434,0.419007027175139,6.28879905307643,78.91305021174706,1.4493689461303914,0.009569508337727876,1.0746247031029727e-06,193.149334654212,61,COMPLETE
7414,32.8559308590561,5.950778711789895,2026-10-06 05:57:01.834726,2026-10-06 06:00:10.520028,0 days 00:03:08.685302,0.047559182674670304,1.0100598856645617,78.91305021174706,18.49957504695779,0.009569508337727876,1.4671267453130232e-06,188.68518190691248,61,COMPLETE
7415,31.81736572001331,18.161477735830818,2026-10-06 05:57:01.838542,2026-10-06 06:00:10.895553,0 days 00:03:09.057011,0.17534157142392734,1.0100598856645617,80.97346391189345,12.025559114678314,0.008698017554316196,1.4671267453130232e-06,189.0568772838451,61,COMPLETE
7416,28.05926204241275,26.01366120108462,2026-10-06 05:57:01.842537,2026-10-06 06:00:13.590056,0 days 00:03:11.747519,0.24730404738933384,4.014839763781616,78.91305021174706,46.431764750098004,0.009569508337727876,1.0746247031029727e-06,191.74742328375578,61,COMPLETE
7417,30.241056846675257,16.791489990501805,2026-10-06 05:57:02.452699,2026-10-06 06:00:13.800086,0 days 00:03:11.347387,0.2918907020150273,1.435072191814832,78.91305021174706,12.025559114678314,0.009569508337727876,1.4671267453130232e-06,191.347267086152,61,COMPLETE
7418,18.826311434435688,7.812569423434185,2026-10-06 05:57:02.621698,2026-10-06 06:00:11.697785,0 days 00:03:09.076087,0.19189241237051688,6.28879905307643,78.91305021174706,21.63910276826749,0.009569508337727876,1.54960617812222e-06,189.07595843588933,61,COMPLETE
7419,29.676450132232446,8.304483037066799,2026-10-06 05:57:03.010677,2026-10-06 06:00:12.311323,0 days 00:03:09.300646,0.06441798531902292,1.0100598856645617,26.367940406752982,30.108777414396908,0.009569508337727876,1.0746247031029727e-06,189.300539792981,62,COMPLETE
7420,24.814712861597464,31.132858893546004,2026-10-06 05:57:03.533852,2026-10-06 06:00:14.881058,0 days 00:03:11.347206,0.35349415915446786,4.95477336878759,78.91305021174706,53.19831855856638,0.009569508337727876,1.4671267453130232e-06,191.34710264904425,62,COMPLETE
7421,24.1483596104689,13.26140584511645,2026-10-06 05:57:03.543637,2026-10-06 06:00:16.225944,0 days 00:03:12.682307,0.48967816666395225,1.0100598856645617,78.91305021174706,7.704673657496365,0.009569508337727876,1.4671267453130232e-06,192.68216539733112,62,COMPLETE
7422,25.645481506198585,8.247583995040715,2026-10-06 05:57:03.733676,2026-10-06 06:00:10.081770,0 days 00:03:06.348094,0.48967816666395225,3.42961079489487,78.91305021174706,1.0713143905384124,0.009569508337727876,1.4671267453130232e-06,186.3479824103415,62,COMPLETE
7423,15.113309585971564,2.0856906830889574,2026-10-06 05:57:04.055700,2026-10-06 06:00:17.765636,0 days 00:03:13.709936,0.11406430135883723,2.5826334477054016,80.97346391189345,53.19831855856638,0.009569508337727876,93.20785004593569,193.7097887727432,62,COMPLETE
7424,12.205532595280022,3.625323871481933,2026-10-06 05:57:04.816686,2026-10-06 06:00:13.885002,0 days 00:03:09.068316,0.14472486883161542,1.0100598856645617,1.8542661700530512,18.49957504695779,0.009569508337727876,1.0746247031029727e-06,189.0676665022038,62,COMPLETE
7425,29.214905413055895,17.850997371958737,2026-10-06 05:57:29.845433,2026-10-06 06:00:44.449282,0 days 00:03:14.603849,0.35349415915446786,1.8054001832365776,78.91305021174706,12.025559114678314,0.009569508337727876,1.4671267453130232e-06,194.60369819123298,62,COMPLETE
7426,,,2026-10-06 05:57:35.380829,2026-10-06 05:57:36.086753,0 days 00:00:00.705924,0.14472486883161542,1.0100598856645617,78.91305021174706,8.592567863182671,0.005645375546575504,,,62,PRUNED
7427,23.770836231515084,29.293166958900965,2026-10-06 05:57:36.232911,2026-10-06 06:00:49.396545,0 days 00:03:13.163634,0.48967816666395225,2.9384294627307206,78.91305021174706,46.431764750098004,0.009569508337727876,2.328670127015952e-06,193.16350107686594,62,COMPLETE
7428,32.18779743450509,8.285784855957552,2026-10-06 05:58:12.433688,2026-10-06 06:01:25.010258,0 days 00:03:12.576570,0.06441798531902292,1.0100598856645617,78.91305021174706,11.286119700737487,0.008698017554316196,2.328670127015952e-06,192.57642616378143,62,COMPLETE
7429,32.317128724583505,4.37768210132,2026-10-06 05:58:12.445762,2026-10-06 06:01:26.596960,0 days 00:03:14.151198,0.06441798531902292,1.0100598856645617,78.91305021174706,10.405968147623488,0.009569508337727876,0.0019265093752519823,194.1510614170693,62,COMPLETE
7430,31.334724683555567,14.81384119281382,2026-10-06 05:58:14.908674,2026-10-06 06:01:28.954454,0 days 00:03:14.045780,0.18472274745078338,1.0100598856645617,69.16329565667773,12.025559114678314,0.008698017554316196,2.328670127015952e-06,194.0456301360391,62,COMPLETE
7431,23.30903851078997,31.547359901446438,2026-10-06 05:58:56.233701,2026-10-06 06:02:09.704333,0 days 00:03:13.470632,0.48967816666395225,3.42961079489487,78.91305021174706,53.19831855856638,0.009569508337727876,2.328670127015952e-06,193.4704936798662,62,COMPLETE
7432,32.227531780592855,14.50213009959927,2026-10-06 05:59:26.082683,2026-10-06 06:02:39.744698,0 days 00:03:13.662015,0.14472486883161542,1.0100598856645617,78.91305021174706,14.593741567400247,0.009569508337727876,1.4671267453130232e-06,193.66186986817047,62,COMPLETE
7433,19.03550211130146,8.403478798305395,2026-10-06 06:00:04.566063,2026-10-06 06:03:15.738228,0 days 00:03:11.172165,0.12186470831252749,3.42961079489487,14.12615070380914,53.19831855856638,0.009569508337727876,2.108934163128921e-06,191.17202020809054,62,COMPLETE
7434,27.559559940028645,3.288620950373834,2026-10-06 06:00:06.010698,2026-10-06 06:03:21.138796,0 days 00:03:15.128098,0.14472486883161542,23.652039810105176,78.91305021174706,7.704673657496365,0.010066673683367812,1.4671267453130232e-06,195.12795967282727,62,COMPLETE
7435,0.13642041032962596,1.1856850230414415,2026-10-06 06:00:06.216746,2026-10-06 06:03:21.250996,0 days 00:03:15.034250,0.419007027175139,1.8054001832365776,78.91305021174706,12.025559114678314,0.008698017554316196,1.0746247031029727e-06,195.03412022674456,62,COMPLETE
7436,15.147851493555645,4.760639588524455,2026-10-06 06:00:06.840694,2026-10-06 06:03:23.674799,0 days 00:03:16.834105,0.48967816666395225,2.5826334477054016,78.91305021174706,53.19831855856638,0.009569508337727876,1.0255339900075222,196.833947381936,62,COMPLETE
7437,24.043879779784056,1.2215177013372664,2026-10-06 06:00:07.046840,2026-10-06 06:03:19.327451,0 days 00:03:12.280611,0.010817953930293741,1.0100598856645617,78.91305021174706,8.858210845255327,0.009569508337727876,1.4671267453130232e-06,192.28047885280102,62,COMPLETE
7438,32.78815008199604,10.582259732552918,2026-10-06 06:00:07.140743,2026-10-06 06:03:19.996359,0 days 00:03:12.855616,0.134407121693098,1.0100598856645617,78.91305021174706,3.8192856674673585,0.009569508337727876,1.4671267453130232e-06,192.85545866191387,62,COMPLETE
7439,,,2026-10-06 06:00:07.608684,2026-10-06 06:00:08.107751,0 days 00:00:00.499067,0.047559182674670304,1.8054001832365776,78.91305021174706,73.33060516799685,0.008698017554316196,,,62,PRUNED
7440,29.735864282509095,10.127498829433565,2026-10-06 06:00:07.929688,2026-10-06 06:03:21.195521,0 days 00:03:13.265833,0.2918907020150273,3.42961079489487,80.97346391189345,27.091718641161716,0.03121250747730271,1.2446212784745538e-06,193.26569589739665,62,COMPLETE
7441,27.64927554534437,18.897195984833445,2026-10-06 06:00:08.889910,2026-10-06 06:03:20.637690,0 days 00:03:11.747780,0.14472486883161542,3.42961079489487,78.91305021174706,53.19831855856638,0.008698017554316196,1.4671267453130232e-06,191.74764609523118,62,COMPLETE
7442,0.22186802033129366,1.184667915029408,2026-10-06 06:00:08.898649,2026-10-06 06:03:20.358649,0 days 00:03:11.460000,0.3401090828369047,2.5826334477054016,80.97346391189345,10.87833499911018,0.008698017554316196,1.4671267453130232e-06,191.4598876531236,62,COMPLETE
7443,29.28909831431534,17.997435539650557,2026-10-06 06:00:09.144962,2026-10-06 06:03:22.791091,0 days 00:03:13.646129,0.35349415915446786,2.5826334477054016,78.91305021174706,7.704673657496365,0.009569508337727876,1.4671267453130232e-06,193.64599899109453,62,COMPLETE
7444,10.957219901672024,4.272785829789514,2026-10-06 06:00:09.157921,2026-10-06 06:03:20.457799,0 days 00:03:11.299878,0.2918907020150273,1.0100598856645617,2.391537290250911,7.704673657496365,0.010066673683367812,1.4671267453130232e-06,191.29975135531276,62,COMPLETE
7445,31.13263524239496,19.986688962299063,2026-10-06 06:00:09.161644,2026-10-06 06:03:20.125563,0 days 00:03:10.963919,0.17534157142392734,1.0100598856645617,78.91305021174706,26.749123105898562,0.008698017554316196,2.328670127015952e-06,190.96377906901762,62,COMPLETE
7446,,,2026-10-06 06:00:09.304668,2026-10-06 06:00:09.570657,0 days 00:00:00.265989,0.18472274745078338,1.8054001832365776,78.91305021174706,53.19831855856638,0.003478988122979557,,,62,PRUNED
7447,,,2026-10-06 06:00:09.538974,2026-10-06 06:00:10.022329,0 days 00:00:00.483355,0.2918907020150273,2.5826334477054016,80.97346391189345,53.19831855856638,0.008698017554316196,,,62,PRUNED
7448,26.306196163810263,1.5207186827877608,2026-10-06 06:00:09.574669,2026-10-06 06:03:20.008657,0 days 00:03:10.433988,0.018436153150702576,1.0100598856645617,78.91305021174706,7.704673657496365,0.008698017554316196,1.4671267453130232e-06,190.43386530596763,62,COMPLETE
7449,24.74404544170021,31.745085450193116,2026-10-06 06:00:09.602655,2026-10-06 06:03:19.636364,0 days 00:03:10.033709,0.419007027175139,3.42961079489487,78.91305021174706,53.19831855856638,0.009569508337727876,1.0746247031029727e-06,190.0335668497719,62,COMPLETE
7450,11.82790419346547,8.506989110670837,2026-10-06 06:00:09.616742,2026-10-06 06:03:21.933977,0 days 00:03:12.317235,0.48967816666395225,42.63933995103082,78.91305021174706,46.431764750098004,0.009569508337727876,1.2446212784745538e-06,192.31712032156065,62,COMPLETE
7451,31.953517529900097,16.538724957378236,2026-10-06 06:00:09.640644,2026-10-06 06:03:20.966336,0 days 00:03:11.325692,0.14472486883161542,1.0100598856645617,78.91305021174706,12.025559114678314,0.008698017554316196,1.4671267453130232e-06,191.32554476801306,62,COMPLETE
7452,29.227037674709646,1.5216989214237642,2026-10-06 06:00:10.046695,2026-10-06 06:03:24.201130,0 days 00:03:14.154435,0.14472486883161542,2.5826334477054016,78.91305021174706,5.721514430089082,0.06163561314860122,1.4671267453130232e-06,194.15429656673223,62,COMPLETE
7453,33.08100441821622,3.150059394553481,2026-10-06 06:00:10.092682,2026-10-06 06:03:26.708538,0 days 00:03:16.615856,0.13649433953046394,1.0100598856645617,78.91305021174706,12.025559114678314,0.03463343903868386,2.328670127015952e-06,196.6157324439846,62,COMPLETE
