number,values_0,values_1,datetime_start,datetime_complete,duration,params_c_val,params_input_force,params_k_between_val,params_k_wall_val,params_m_val,params_ridge_alpha,user_attrs_duration_sec,system_attrs_NSGAIISampler:generation,state
922,1.5826956352829307,1.21950378542474,2026-10-06 00:57:58.233695,2026-10-06 01:01:12.886301,0 days 00:03:14.652606,0.48967816666395225,12.824250931306882,54.6602172125733,8.570034232131624,0.006187773406737395,2.328670127015952e-06,194.65251567214727,7,COMPLETE
923,23.819478771269964,1.5226339092752232,2026-10-06 00:57:58.519877,2026-10-06 01:01:13.782975,0 days 00:03:15.263098,0.14472486883161542,23.83381061145995,83.63462158426863,18.49957504695779,0.017942862250460163,2.328670127015952e-06,195.26302061695606,7,COMPLETE
924,17.35579084580381,9.324109799113293,2026-10-06 00:57:58.539691,2026-10-06 01:01:09.645878,0 days 00:03:11.106187,0.5555069055943938,3.42961079489487,77.51383454227101,7.8342206444348275,0.009596121382849983,0.001754171270788285,191.106086042244,7,COMPLETE
925,26.673382821239336,6.482399329711414,2026-10-06 00:57:58.541694,2026-10-06 01:01:13.757676,0 days 00:03:15.215982,0.13263017868898783,5.163106132123858,75.08545011892379,27.83849600614874,0.01478582612116327,5.071280161362485e-06,195.2159023936838,7,COMPLETE
926,19.978815641363404,16.13456308808081,2026-10-06 00:57:58.848695,2026-10-06 01:01:11.393339,0 days 00:03:12.544644,0.48967816666395225,8.987478920641044,78.91305021174706,18.49957504695779,0.01478582612116327,2.328670127015952e-06,192.54454367700964,7,COMPLETE
927,16.25689180202442,1.3107279436673038,2026-10-06 00:57:59.299832,2026-10-06 01:01:11.654266,0 days 00:03:12.354434,0.48967816666395225,3.42961079489487,82.11028867024922,1.928465299477958,0.016205446913400444,0.06672101812662193,192.3543430347927,7,COMPLETE
928,0.7911077328097724,1.2425123553962818,2026-10-06 00:57:59.857024,2026-10-06 01:01:14.301216,0 days 00:03:14.444192,0.03143234456100154,37.51217563114341,83.63462158426863,1.7658496078448727,0.01478582612116327,2.328670127015952e-06,194.44408322591335,7,COMPLETE
929,16.060855004525894,13.573180194306563,2026-10-06 00:58:00.292682,2026-10-06 01:01:13.825615,0 days 00:03:13.532933,0.6707519252569772,6.916694855084156,83.63462158426863,69.59849767866419,0.016205446913400444,0.004038586316950702,193.53285684343427,7,COMPLETE
930,19.27727505657,7.1901695618493875,2026-10-06 00:58:00.501855,2026-10-06 01:01:12.552505,0 days 00:03:12.050650,0.8260375030611535,8.987478920641044,76.48396426212726,3.7504775608803835,0.01478582612116327,2.328670127015952e-06,192.05057124514133,7,COMPLETE
931,23.672783824146002,1.2022018306013447,2026-10-06 00:58:00.513800,2026-10-06 01:01:10.943147,0 days 00:03:10.429347,0.04451256952257735,5.163106132123858,11.394834151153947,1.8190863578544005,0.01478582612116327,0.0002119529307262873,190.42924384074286,7,COMPLETE
932,16.73944189389073,13.295226708547004,2026-10-06 00:58:00.517656,2026-10-06 01:01:15.876502,0 days 00:03:15.358846,0.5555069055943938,6.120372064024221,52.19984923283745,7.746949202276626,0.0015767011041207138,0.00010160998520747449,195.3587664910592,7,COMPLETE
933,,,2026-10-06 00:58:00.875683,2026-10-06 00:58:01.327658,0 days 00:00:00.451975,0.5555069055943938,3.42961079489487,78.91305021174706,1.0387727844625498,0.00680721983965577,,,7,PRUNED
934,30.758807822702067,1.2273955257990918,2026-10-06 00:58:00.911684,2026-10-06 01:01:11.868559,0 days 00:03:10.956875,0.06887075473280917,8.987478920641044,83.63462158426863,2.0489784059322336,0.016205446913400444,0.004038586316950702,190.95677717309445,7,COMPLETE
935,29.61783944894905,1.295080658267454,2026-10-06 00:58:00.955660,2026-10-06 01:01:11.428804,0 days 00:03:10.473144,0.13263017868898783,5.163106132123858,77.51383454227101,3.323181860316004,0.01478582612116327,5.071280161362485e-06,190.47305088723078,7,COMPLETE
936,30.781896028055495,2.4511318578685772,2026-10-06 00:58:00.978677,2026-10-06 01:01:17.221663,0 days 00:03:16.242986,0.16177110021459462,30.4361881968835,77.51383454227101,1.7658496078448727,0.009596121382849983,1.6374091613134125e-05,196.24289820389822,7,COMPLETE
937,20.273706911024455,8.841791698215761,2026-10-06 00:58:01.127673,2026-10-06 01:01:15.428965,0 days 00:03:14.301292,0.48967816666395225,46.774203669468385,78.91305021174706,8.570034232131624,0.009569508337727876,2.328670127015952e-06,194.30121707404032,7,COMPLETE
938,4.008841115488389,1.8048667936115708,2026-10-06 00:58:01.391857,2026-10-06 01:01:16.601251,0 days 00:03:15.209394,0.14472486883161542,46.65115833455933,3.2019501519876226,1.7658496078448727,0.009596121382849983,0.06672101812662193,195.2093184478581,7,COMPLETE
939,22.522967660656,17.382028940884922,2026-10-06 00:58:01.395654,2026-10-06 01:01:18.057504,0 days 00:03:16.661850,0.48967816666395225,3.42961079489487,75.08545011892379,18.49957504695779,0.011005204287205276,1.6374091613134125e-05,196.66176622500643,7,COMPLETE
940,22.656216078148297,1.5250558831405139,2026-10-06 00:58:01.443667,2026-10-06 01:01:16.283090,0 days 00:03:14.839423,0.7708554034196982,45.741044518014796,75.08545011892379,1.8190863578544005,0.0272863075382553,2.328670127015952e-06,194.8393338820897,7,COMPLETE
941,16.888706318236277,5.160369013329301,2026-10-06 00:58:01.519792,2026-10-06 01:01:06.403823,0 days 00:03:04.884031,0.2880553685721488,46.774203669468385,34.08958612263361,8.04634876394084,0.011005204287205276,7.1547126861566434e-06,184.88393131410703,7,COMPLETE
942,30.245332302715116,1.2320309706639836,2026-10-06 00:58:01.755691,2026-10-06 01:01:17.810967,0 days 00:03:16.055276,0.14472486883161542,46.774203669468385,82.11028867024922,1.928465299477958,0.026606284328135367,0.06672101812662193,196.05517668742687,7,COMPLETE
943,2.045897178197797,1.2418197306599636,2026-10-06 00:58:02.100879,2026-10-06 01:01:18.072798,0 days 00:03:15.971919,0.2880553685721488,32.133571428288036,89.61123200940895,1.7658496078448727,0.009596121382849983,0.001754171270788285,195.97183285001665,7,COMPLETE
944,21.77439732381695,13.215468104971002,2026-10-06 00:58:02.104660,2026-10-06 01:01:13.113129,0 days 00:03:11.008469,0.14472486883161542,3.42961079489487,21.435677070935697,18.49957504695779,0.009569508337727876,0.00010160998520747449,191.00839660223573,7,COMPLETE
945,20.90200369373453,17.05109663874209,2026-10-06 00:58:02.108638,2026-10-06 01:01:17.735866,0 days 00:03:15.627228,0.48967816666395225,3.42961079489487,78.91305021174706,18.49957504695779,0.009569508337727876,0.00010160998520747449,195.62713610194623,7,COMPLETE
946,19.64308625527234,6.380039174920033,2026-10-06 00:58:02.196699,2026-10-06 01:01:17.912296,0 days 00:03:15.715597,0.48967816666395225,5.163106132123858,46.546095502334126,1.8190863578544005,0.009569508337727876,3.499227639048074e-06,195.71550302021205,7,COMPLETE
947,17.328511022250645,4.1708800021268315,2026-10-06 00:58:02.200673,2026-10-06 01:01:11.693493,0 days 00:03:09.492820,0.5555069055943938,46.17410489030427,83.63462158426863,6.713058349136711,0.009596121382849983,0.001754171270788285,189.4927360988222,7,COMPLETE
948,19.802273047086775,7.272324454060697,2026-10-06 00:58:02.204659,2026-10-06 01:01:12.470861,0 days 00:03:10.266202,0.5555069055943938,5.163106132123858,75.08545011892379,1.7658496078448727,0.0015767011041207138,3.915934906508524e-06,190.26612306805328,7,COMPLETE
949,12.394338153772477,1.7097331721370543,2026-10-06 00:58:02.208647,2026-10-06 01:01:16.216028,0 days 00:03:14.007381,0.5879721889654173,20.213335196982104,54.6602172125733,18.49957504695779,0.009569508337727876,2.328670127015952e-06,194.00728862779215,7,COMPLETE
950,20.41588260121319,6.036481938430807,2026-10-06 00:58:02.414095,2026-10-06 01:01:17.267346,0 days 00:03:14.853251,0.48967816666395225,33.52548338388374,78.91305021174706,8.570034232131624,0.009569508337727876,5.071280161362485e-06,194.8531684507616,7,COMPLETE
951,8.338496948883039,1.4870299789779766,2026-10-06 00:58:02.856853,2026-10-06 01:01:11.651655,0 days 00:03:08.794802,0.6707519252569772,30.4361881968835,75.08545011892379,69.59849767866419,0.01478582612116327,6.138156849918758e-06,188.79470620397478,7,COMPLETE
952,14.897318817991675,15.344056785655061,2026-10-06 00:58:02.860657,2026-10-06 01:01:13.083904,0 days 00:03:10.223247,0.5555069055943938,6.28879905307643,32.233952817229785,18.49957504695779,0.009569508337727876,0.00010160998520747449,190.22316814307123,7,COMPLETE
953,27.734875752271808,1.2381614212862855,2026-10-06 00:58:03.060839,2026-10-06 01:01:16.532285,0 days 00:03:13.471446,0.06081457007260155,3.42961079489487,49.600713783673605,4.243265729109047,0.016205446913400444,0.0004646845328641408,193.47136129019782,7,COMPLETE
954,29.1335660866962,1.162766315262259,2026-10-06 00:58:03.064657,2026-10-06 01:01:15.397161,0 days 00:03:12.332504,0.1912088840068961,3.42961079489487,83.63462158426863,1.7658496078448727,0.06444002709597246,2.328670127015952e-06,192.33242442272604,7,COMPLETE
955,15.970996941321363,1.2321379608745808,2026-10-06 00:58:03.268695,2026-10-06 01:01:16.410685,0 days 00:03:13.141990,0.053796011620596385,6.234089129610043,32.06501636080883,18.49957504695779,0.009569508337727876,3.6581544891972455e-06,193.14191463263705,7,COMPLETE
956,25.40930273484524,14.413823912874657,2026-10-06 00:58:03.489236,2026-10-06 01:01:10.721984,0 days 00:03:07.232748,0.48967816666395225,3.42961079489487,78.91305021174706,4.243265729109047,0.009569508337727876,2.328670127015952e-06,187.23264595633373,7,COMPLETE
957,30.637723524694593,1.413872672934229,2026-10-06 00:58:03.492651,2026-10-06 01:01:15.490623,0 days 00:03:11.997972,0.14472486883161542,32.133571428288036,77.51383454227101,1.3788615573838137,0.016205446913400444,0.007690928916612578,191.9978966191411,7,COMPLETE
958,1.0455019181367025,1.1626171282484044,2026-10-06 00:58:03.660681,2026-10-06 01:01:13.703306,0 days 00:03:10.042625,0.14472486883161542,46.65115833455933,1.1688602443898763,1.8190863578544005,0.01478582612116327,2.328670127015952e-06,190.04254148807377,7,COMPLETE
959,19.540281751216575,1.2498599296883248,2026-10-06 00:58:03.694825,2026-10-06 01:01:13.012614,0 days 00:03:09.317789,0.05645231082452243,46.65115833455933,78.91305021174706,7.8342206444348275,0.05649832066294876,3.3976165743800303e-06,189.31770207500085,7,COMPLETE
960,21.942081855433173,1.5091307930122952,2026-10-06 00:58:03.698650,2026-10-06 01:01:19.397376,0 days 00:03:15.698726,0.16177110021459462,30.4361881968835,16.28999210303747,1.7658496078448727,0.016205446913400444,1.6374091613134125e-05,195.6986282709986,7,COMPLETE
961,29.59592875969323,3.0750748378188906,2026-10-06 00:58:04.016682,2026-10-06 01:01:18.811455,0 days 00:03:14.794773,0.14472486883161542,37.18445402172916,77.51383454227101,3.7504775608803835,0.009569508337727876,2.328670127015952e-06,194.79468898708,7,COMPLETE
962,29.266640146933337,2.6716249140728556,2026-10-06 00:58:04.024839,2026-10-06 01:01:18.087389,0 days 00:03:14.062550,0.14472486883161542,48.147926180602234,77.51383454227101,3.7504775608803835,0.009569508337727876,0.08286582042620813,194.06248000683263,7,COMPLETE
963,30.172987069893725,1.7185381290273463,2026-10-06 00:58:04.028650,2026-10-06 01:01:19.269981,0 days 00:03:15.241331,0.1912088840068961,30.4361881968835,83.63462158426863,1.7658496078448727,0.01478582612116327,0.00028181267832783275,195.24124662019312,7,COMPLETE
964,1.1675380910185935,1.2180636692912696,2026-10-06 00:58:04.032656,2026-10-06 01:01:16.359088,0 days 00:03:12.326432,0.14472486883161542,8.987478920641044,76.48396426212726,7.746949202276626,0.007581304772040853,0.00026285855894701214,192.32635670993477,7,COMPLETE
965,24.41088919976121,4.400425874711925,2026-10-06 00:58:04.666325,2026-10-06 01:01:14.373499,0 days 00:03:09.707174,0.14472486883161542,48.147926180602234,77.51383454227101,12.025559114678314,0.009569508337727876,0.007690928916612578,189.70708722481504,7,COMPLETE
966,31.08780972178271,2.1236448536578125,2026-10-06 00:58:04.669655,2026-10-06 01:01:13.397113,0 days 00:03:08.727458,0.14472486883161542,46.774203669468385,78.91305021174706,1.7658496078448727,0.009590142710421577,2.328670127015952e-06,188.72736087674275,7,COMPLETE
967,27.90949934970036,24.219844654027394,2026-10-06 00:58:04.673660,2026-10-06 01:01:16.604546,0 days 00:03:11.930886,0.31268671657815555,3.42961079489487,72.2528132927102,18.49957504695779,0.009569508337727876,2.328670127015952e-06,191.93069056607783,7,COMPLETE
968,17.70305361616493,11.37549414483932,2026-10-06 00:58:04.677649,2026-10-06 01:01:17.022750,0 days 00:03:12.345101,0.5555069055943938,3.42961079489487,89.61123200940895,18.49957504695779,0.01478582612116327,0.001754171270788285,192.3450122764334,7,COMPLETE
969,28.03205185918106,1.7480762500454743,2026-10-06 00:58:04.681646,2026-10-06 01:01:18.839495,0 days 00:03:14.157849,0.16177110021459462,30.4361881968835,75.08545011892379,4.243265729109047,0.016205446913400444,0.037181712895265305,194.15777165768668,7,COMPLETE
970,29.317051768863518,1.9893910476175392,2026-10-06 00:58:04.873686,2026-10-06 01:01:13.704240,0 days 00:03:08.830554,0.1912088840068961,8.987478920641044,77.51383454227101,3.7504775608803835,0.009569508337727876,2.328670127015952e-06,188.83047840185463,8,COMPLETE
971,23.67491453859822,1.3009654373721629,2026-10-06 00:58:05.194678,2026-10-06 01:01:11.967510,0 days 00:03:06.772832,0.1912088840068961,8.987478920641044,83.63462158426863,18.49957504695779,0.016205446913400444,3.2097287400481534e-06,186.77273677336052,8,COMPLETE
972,29.755593337489387,11.544567298558398,2026-10-06 00:58:05.257852,2026-10-06 01:01:18.129935,0 days 00:03:12.872083,0.14472486883161542,3.42961079489487,89.61123200940895,18.49957504695779,0.009596121382849983,0.007690928916612578,192.8720064428635,8,COMPLETE
973,16.68887427671122,10.039143739764278,2026-10-06 00:58:05.261646,2026-10-06 01:01:17.377498,0 days 00:03:12.115852,0.48967816666395225,3.42961079489487,78.91305021174706,18.49957504695779,0.009569508337727876,0.025143558060644198,192.11577025102451,8,COMPLETE
974,25.06284702725809,10.105357862883473,2026-10-06 00:58:05.535689,2026-10-06 01:01:18.972823,0 days 00:03:13.437134,0.14472486883161542,1.6561528973969994,32.233952817229785,11.364619091105583,0.009590142710421577,0.001754171270788285,193.4370541172102,8,COMPLETE
975,21.418049395803546,29.170500515265847,2026-10-06 00:58:05.808690,2026-10-06 01:01:18.874808,0 days 00:03:13.066118,0.6040198049165227,6.28879905307643,78.91305021174706,18.49957504695779,0.009569508337727876,2.328670127015952e-06,193.06604262441397,8,COMPLETE
976,16.48643488652326,2.772699629918708,2026-10-06 00:58:06.120862,2026-10-06 01:01:16.337634,0 days 00:03:10.216772,0.5555069055943938,22.773455135557093,78.91305021174706,18.49957504695779,0.009569508337727876,2.328670127015952e-06,190.21668660081923,8,COMPLETE
977,14.997324634572996,4.537523462255198,2026-10-06 00:58:06.124684,2026-10-06 01:01:12.566555,0 days 00:03:06.441871,0.6707519252569772,5.163106132123858,14.719249146245843,3.323181860316004,0.0272863075382553,5.071280161362485e-06,186.44180442532524,8,COMPLETE
978,19.121218965263907,15.683236412574479,2026-10-06 00:58:06.680848,2026-10-06 01:01:17.501497,0 days 00:03:10.820649,0.41952372072545585,3.42961079489487,78.91305021174706,33.705587852946245,0.009569508337727876,0.0016747478331141329,190.82056742208079,8,COMPLETE
979,6.770649566271369,3.7614086044193775,2026-10-06 00:58:06.759675,2026-10-06 01:01:12.329707,0 days 00:03:05.570032,0.48967816666395225,3.42961079489487,1.326689056306594,18.49957504695779,0.009569508337727876,2.328670127015952e-06,185.56993905594572,8,COMPLETE
980,,,2026-10-06 00:58:07.152689,2026-10-06 00:58:08.022762,0 days 00:00:00.870073,0.2880553685721488,30.408799910243253,99.00751447520854,23.10952994135756,0.009569508337727876,,,8,PRUNED
981,29.668171251983267,12.504123555424343,2026-10-06 00:58:07.322684,2026-10-06 01:01:21.612653,0 days 00:03:14.289969,0.14472486883161542,3.42961079489487,78.91305021174706,18.49957504695779,0.009569508337727876,0.0009482221502550213,194.28986538294703,8,COMPLETE
982,29.893352892345387,14.175762612204037,2026-10-06 00:58:07.416820,2026-10-06 01:01:20.424796,0 days 00:03:13.007976,0.14472486883161542,3.42961079489487,78.91305021174706,12.025559114678314,0.009569508337727876,2.328670127015952e-06,193.00788105279207,8,COMPLETE
983,1.4835013685048124,1.1948364312794477,2026-10-06 00:58:08.060692,2026-10-06 01:01:21.346990,0 days 00:03:13.286298,0.5397710911902952,32.133571428288036,82.11028867024922,1.928465299477958,0.00857570244504994,0.004038586316950702,193.2862077243626,8,COMPLETE
984,26.93458124934697,2.9103798769184395,2026-10-06 01:00:26.675690,2026-10-06 01:03:42.055328,0 days 00:03:15.379638,0.14472486883161542,46.774203669468385,54.6602172125733,3.7504775608803835,0.009569508337727876,2.328670127015952e-06,195.37954002432525,8,COMPLETE
985,12.477753408298634,1.5068757658775447,2026-10-06 01:01:06.112890,2026-10-06 01:04:23.895255,0 days 00:03:17.782365,0.14472486883161542,3.42961079489487,7.192228439935461,1.8190863578544005,0.0030982098845132484,2.328670127015952e-06,197.78225694783032,8,COMPLETE
986,23.719355797097467,10.267085317234908,2026-10-06 01:01:06.762709,2026-10-06 01:04:23.353378,0 days 00:03:16.590669,0.5555069055943938,3.42961079489487,78.91305021174706,18.49957504695779,0.0272863075382553,0.00010160998520747449,196.59056396596134,8,COMPLETE
987,23.913687781655486,11.289090454312046,2026-10-06 01:01:09.768723,2026-10-06 01:04:23.708528,0 days 00:03:13.939805,0.5555069055943938,3.42961079489487,85.7034102631403,18.49957504695779,0.024790630872431413,0.00010160998520747449,193.93970391107723,8,COMPLETE
988,3.9317483465345076,2.0265036932188742,2026-10-06 01:01:11.006685,2026-10-06 01:04:28.229152,0 days 00:03:17.222467,0.6040198049165227,6.28879905307643,3.5574213483922796,18.49957504695779,0.009569508337727876,10.810328899117096,197.22237740503624,8,COMPLETE
989,29.60955999223777,3.176345891547398,2026-10-06 01:01:11.042670,2026-10-06 01:04:27.039046,0 days 00:03:15.996376,0.14472486883161542,45.43294842823352,83.63462158426863,3.7504775608803835,0.009596121382849983,0.001754171270788285,195.9962905747816,8,COMPLETE
990,30.24677223918379,16.95454237805794,2026-10-06 01:01:11.932701,2026-10-06 01:04:21.194123,0 days 00:03:09.261422,0.14472486883161542,3.42961079489487,78.91305021174706,18.49957504695779,0.009569508337727876,2.328670127015952e-06,189.26131907710806,8,COMPLETE
991,3.208088658374662,1.2192238640103765,2026-10-06 01:01:11.968006,2026-10-06 01:04:27.554345,0 days 00:03:15.586339,0.04451256952257735,9.213036093557204,1.0308604459667947,1.8190863578544005,0.009596121382849983,0.007690928916612578,195.5862471256405,8,COMPLETE
992,28.797947484827205,1.246703095408579,2026-10-06 01:01:11.971662,2026-10-06 01:04:23.899491,0 days 00:03:11.927829,0.2880553685721488,30.4361881968835,78.91305021174706,4.093337669347282,0.04757023311192364,0.00026285855894701214,191.92774705821648,8,COMPLETE
993,4.2385511868492465,1.2293535114145309,2026-10-06 01:01:11.975663,2026-10-06 01:04:26.374702,0 days 00:03:14.399039,0.5555069055943938,16.313420650918566,7.127180240096515,12.025559114678314,0.009569508337727876,2.328670127015952e-06,194.39896315941587,8,COMPLETE
994,13.402901815404727,1.4543382623308172,2026-10-06 01:01:11.979648,2026-10-06 01:04:26.000503,0 days 00:03:14.020855,0.2880553685721488,6.28879905307643,11.806974009135311,1.7658496078448727,0.009569508337727876,0.0004888384787132523,194.02076534274966,8,COMPLETE
995,29.893352892345387,14.175762612204037,2026-10-06 01:01:12.252706,2026-10-06 01:04:24.757151,0 days 00:03:12.504445,0.14472486883161542,3.42961079489487,78.91305021174706,12.025559114678314,0.009569508337727876,2.328670127015952e-06,192.50435783527792,8,COMPLETE
996,9.912773623021135,1.2227235847798819,2026-10-06 01:01:12.376671,2026-10-06 01:04:28.752503,0 days 00:03:16.375832,0.01192461807727134,3.42961079489487,78.91305021174706,18.49957504695779,0.0272863075382553,2.328670127015952e-06,196.37574447412044,8,COMPLETE
997,18.015578042947027,14.69071552648964,2026-10-06 01:01:12.502961,2026-10-06 01:04:23.609800,0 days 00:03:11.106839,0.48967816666395225,3.42961079489487,78.91305021174706,18.49957504695779,0.009569508337727876,0.0009482221502550213,191.10674316063523,8,COMPLETE
998,30.221155189091697,1.4616999905525172,2026-10-06 01:01:12.574828,2026-10-06 01:04:25.570154,0 days 00:03:12.995326,0.14472486883161542,32.133571428288036,82.11028867024922,2.0489784059322336,0.016205446913400444,0.007690928916612578,192.99525179620832,8,COMPLETE
999,23.92231607347105,1.54688203114185,2026-10-06 01:01:12.578651,2026-10-06 01:04:25.496018,0 days 00:03:12.917367,0.5555069055943938,32.133571428288036,83.63462158426863,1.3952232429901594,0.01478582612116327,0.00010160998520747449,192.91727106133476,8,COMPLETE
1000,14.413310381133272,1.621697070328541,2026-10-06 01:01:12.582653,2026-10-06 01:04:27.354493,0 days 00:03:14.771840,0.14472486883161542,21.800837466800804,5.638823136264114,1.7658496078448727,0.009590142710421577,0.0007783879508900853,194.7075892300345,8,COMPLETE
1001,30.533888732833077,1.95411577362998,2026-10-06 01:01:12.582904,2026-10-06 01:04:25.002508,0 days 00:03:12.419604,0.16177110021459462,17.004978875582324,78.91305021174706,1.7658496078448727,0.011005204287205276,0.00013571136337649982,192.4195363111794,8,COMPLETE
1002,18.80466183806125,2.5467639704275022,2026-10-06 01:01:12.894683,2026-10-06 01:04:29.769149,0 days 00:03:16.874466,0.16177110021459462,46.69636306925121,75.08545011892379,8.04634876394084,0.011005204287205276,99.67252236443589,196.8743706550449,8,COMPLETE
1003,27.577848308489603,1.7978419005245763,2026-10-06 01:01:13.101891,2026-10-06 01:04:27.565222,0 days 00:03:14.463331,0.14472486883161542,40.22894591396368,83.63462158426863,1.8190863578544005,0.009596121382849983,14.192080459917003,194.46324218530208,8,COMPLETE
