number,values_0,values_1,datetime_start,datetime_complete,duration,params_c_val,params_input_force,params_k_between_val,params_k_wall_val,params_m_val,params_ridge_alpha,user_attrs_duration_sec,system_attrs_NSGAIISampler:generation,state
4146,,,2026-10-06 03:26:01.340863,2026-10-06 03:26:01.766730,0 days 00:00:00.425867,0.22031827582514427,1.8054001832365776,78.91305021174706,79.59185122179935,0.008698017554316196,,,34,PRUNED
4147,32.57496391274456,4.485878321336074,2026-10-06 03:26:01.344649,2026-10-06 03:29:12.433180,0 days 00:03:11.088531,0.17534157142392734,1.8054001832365776,78.91305021174706,12.025559114678314,0.03463343903868386,2.328670127015952e-06,191.0884465239942,34,COMPLETE
4148,15.439913243316244,9.74372401551088,2026-10-06 03:26:01.785842,2026-10-06 03:29:12.900046,0 days 00:03:11.114204,0.17534157142392734,3.42961079489487,9.191126907249295,35.397938808104236,0.008698017554316196,1.4671267453130232e-06,191.11411905800924,34,COMPLETE
4149,27.936086191698838,23.64756214077419,2026-10-06 03:26:01.793649,2026-10-06 03:29:15.155834,0 days 00:03:13.362185,0.19189241237051688,3.42961079489487,60.64129962937894,38.52680789958333,0.008698017554316196,2.328670127015952e-06,193.36208068300039,34,COMPLETE
4150,26.664882424736646,29.192111616555056,2026-10-06 03:26:02.268708,2026-10-06 03:29:10.870869,0 days 00:03:08.602161,0.3401090828369047,3.42961079489487,78.91305021174706,45.605935248059524,0.009569508337727876,2.328670127015952e-06,188.60206019226462,34,COMPLETE
4151,30.423201281332314,20.175820128941336,2026-10-06 03:26:02.276644,2026-10-06 03:29:12.311510,0 days 00:03:10.034866,0.17534157142392734,1.8054001832365776,78.91305021174706,46.431764750098004,0.009569508337727876,1.179043883270564e-05,190.0347792590037,34,COMPLETE
4152,10.29223773036485,4.264785720160528,2026-10-06 03:26:30.345697,2026-10-06 03:29:42.559552,0 days 00:03:12.213855,0.17534157142392734,1.8054001832365776,2.2574575214024195,12.025559114678314,0.008698017554316196,0.00011343684012372008,192.21372972708195,34,COMPLETE
4153,30.34582342476303,8.035620111159018,2026-10-06 03:26:40.523706,2026-10-06 03:29:50.753770,0 days 00:03:10.230064,0.10542724556263433,1.8054001832365776,78.91305021174706,12.025559114678314,0.009569508337727876,0.004440634003955764,190.22994284518063,34,COMPLETE
4154,23.817944147158357,24.664457948326252,2026-10-06 03:27:45.252698,2026-10-06 03:31:00.563566,0 days 00:03:15.310868,0.2918907020150273,4.014839763781616,47.59704190151828,18.49957504695779,0.009569508337727876,2.328670127015952e-06,195.31073976075277,34,COMPLETE
4155,31.6326156548546,16.256556589563694,2026-10-06 03:27:54.918288,2026-10-06 03:31:05.782043,0 days 00:03:10.863755,0.17534157142392734,1.8054001832365776,78.91305021174706,7.704673657496365,0.009569508337727876,2.328670127015952e-06,190.86364104785025,34,COMPLETE
4156,31.45379482479829,18.073841720567764,2026-10-06 03:29:05.920780,2026-10-06 03:32:17.881002,0 days 00:03:11.960222,0.17534157142392734,1.8054001832365776,78.91305021174706,6.182683349256731,0.008698017554316196,2.328670127015952e-06,191.9600921040401,34,COMPLETE
4157,17.361899958138324,10.015622917125125,2026-10-06 03:29:06.020953,2026-10-06 03:32:23.099370,0 days 00:03:17.078417,0.17534157142392734,1.8054001832365776,7.405547696422687,7.704673657496365,0.008698017554316196,2.328670127015952e-06,197.07831196393818,34,COMPLETE
4158,23.923134684652478,30.077903063020933,2026-10-06 03:29:06.024276,2026-10-06 03:32:20.832755,0 days 00:03:14.808479,0.48967816666395225,3.42961079489487,78.91305021174706,35.397938808104236,0.009569508337727876,1.4671267453130232e-06,194.80839044041932,34,COMPLETE
4159,26.75365611038178,20.624470497879276,2026-10-06 03:29:06.081680,2026-10-06 03:32:19.450773,0 days 00:03:13.369093,0.17534157142392734,6.28879905307643,78.91305021174706,53.19831855856638,0.009569508337727876,2.328670127015952e-06,193.36899911612272,34,COMPLETE
4160,15.76642755425602,6.97732069757987,2026-10-06 03:29:06.280689,2026-10-06 03:32:15.661748,0 days 00:03:09.381059,0.17534157142392734,1.8054001832365776,5.5601421216056615,7.704673657496365,0.009569508337727876,8.313637748148224e-06,189.38093483820558,34,COMPLETE
4161,29.496901025173678,8.298204253398387,2026-10-06 03:29:06.361715,2026-10-06 03:32:19.449099,0 days 00:03:13.087384,0.0692319164171309,3.42961079489487,78.91305021174706,35.397938808104236,0.009569508337727876,2.328670127015952e-06,193.0872768042609,34,COMPLETE
4162,26.48770199745325,17.412364884540885,2026-10-06 03:29:06.861010,2026-10-06 03:32:20.536510,0 days 00:03:13.675500,0.48480307501533615,3.42961079489487,78.91305021174706,35.397938808104236,0.02268665256702377,1.4671267453130232e-06,193.67539639491588,34,COMPLETE
4163,9.59166762985322,4.193810202947825,2026-10-06 03:29:06.864650,2026-10-06 03:32:17.262163,0 days 00:03:10.397513,0.17534157142392734,3.42961079489487,4.467760251190019,53.19831855856638,0.009569508337727876,0.0028416642333338876,190.39738862402737,34,COMPLETE
4164,30.83133598145409,19.00609979427331,2026-10-06 03:29:06.868641,2026-10-06 03:32:22.793519,0 days 00:03:15.924878,0.22031827582514427,2.5826334477054016,78.91305021174706,7.704673657496365,0.009569508337727876,2.328670127015952e-06,195.92477746261284,34,COMPLETE
4165,9.74157245795006,1.1582831102759867,2026-10-06 03:29:06.987817,2026-10-06 03:32:23.906675,0 days 00:03:16.918858,0.48480307501533615,3.42961079489487,2.388693980459512,7.780782569389688,0.06627360070476071,2.328670127015952e-06,196.9187524546869,34,COMPLETE
4166,28.505103052903575,21.466061079320188,2026-10-06 03:29:07.254680,2026-10-06 03:32:21.442790,0 days 00:03:14.188110,0.2918907020150273,4.014839763781616,78.91305021174706,18.49957504695779,0.012011161848334308,2.328670127015952e-06,194.18801725376397,34,COMPLETE
4167,30.230907854137076,23.643322844058716,2026-10-06 03:29:07.415704,2026-10-06 03:32:22.485554,0 days 00:03:15.069850,0.22031827582514427,2.5826334477054016,78.91305021174706,12.025559114678314,0.008698017554316196,2.328670127015952e-06,195.06972193485126,34,COMPLETE
4168,17.642661260875407,1.580458615423052,2026-10-06 03:29:07.695016,2026-10-06 03:32:23.761204,0 days 00:03:16.066188,0.3401090828369047,3.42961079489487,78.91305021174706,18.49957504695779,0.008698017554316196,2.328670127015952e-06,196.0660922410898,34,COMPLETE
4169,29.221825851343215,4.86671323720239,2026-10-06 03:29:07.960436,2026-10-06 03:32:21.319797,0 days 00:03:13.359361,0.48480307501533615,3.42961079489487,78.91305021174706,40.29115295108787,0.07829048654244605,2.328670127015952e-06,193.35925863310695,35,COMPLETE
4170,27.707946113029188,6.139073483186742,2026-10-06 03:29:07.969649,2026-10-06 03:32:19.739142,0 days 00:03:11.769493,0.17534157142392734,39.04082572815224,78.91305021174706,4.949274479107639,0.008698017554316196,2.328670127015952e-06,191.76937031373382,35,COMPLETE
4171,26.986347728614657,1.234628593012173,2026-10-06 03:29:08.084660,2026-10-06 03:32:19.496280,0 days 00:03:11.411620,0.025758623483821665,1.8054001832365776,51.42170366849325,4.949274479107639,0.008698017554316196,8.355955068387082e-06,191.41152491001412,35,COMPLETE
4172,31.047114689906294,19.740847475155828,2026-10-06 03:29:08.136776,2026-10-06 03:32:21.622657,0 days 00:03:13.485881,0.17534157142392734,1.8054001832365776,78.91305021174706,18.49957504695779,0.009569508337727876,1.4671267453130232e-06,193.48576267482713,35,COMPLETE
4173,25.574768227988926,15.27710824782645,2026-10-06 03:29:08.328703,2026-10-06 03:32:20.829601,0 days 00:03:12.500898,0.48967816666395225,2.5826334477054016,78.91305021174706,5.573208624120549,0.009569508337727876,1.4671267453130232e-06,192.50066741881892,35,COMPLETE
4174,23.951461361905153,29.20529149626848,2026-10-06 03:29:08.872859,2026-10-06 03:32:22.355964,0 days 00:03:13.483105,0.48480307501533615,3.42961079489487,78.91305021174706,35.397938808104236,0.009569508337727876,2.328670127015952e-06,193.4830070254393,35,COMPLETE
4175,31.304166822403147,18.951454335994548,2026-10-06 03:29:08.876641,2026-10-06 03:32:21.387600,0 days 00:03:12.510959,0.19189241237051688,1.8054001832365776,78.91305021174706,7.14008749932051,0.008698017554316196,2.328670127015952e-06,192.51086603291333,35,COMPLETE
4176,27.00689719865582,2.468079558898338,2026-10-06 03:29:09.175676,2026-10-06 03:32:21.950986,0 days 00:03:12.775310,0.22031827582514427,3.42961079489487,78.91305021174706,1.860300222851253,0.009569508337727876,0.003182780043116419,192.77520885597914,35,COMPLETE
4177,29.205653656316194,24.20968607908345,2026-10-06 03:29:09.273810,2026-10-06 03:32:23.301950,0 days 00:03:14.028140,0.22031827582514427,3.42961079489487,80.97346391189345,40.2862337213893,0.009569508337727876,2.328670127015952e-06,194.0280477986671,35,COMPLETE
4178,30.001493015638783,11.721642489103072,2026-10-06 03:29:09.277633,2026-10-06 03:32:23.721370,0 days 00:03:14.443737,0.22031827582514427,1.8054001832365776,78.91305021174706,64.30057769406295,0.021542226478841946,2.328670127015952e-06,194.44363051000983,35,COMPLETE
4179,30.750237126456305,21.608701079063692,2026-10-06 03:29:09.323644,2026-10-06 03:32:23.395094,0 days 00:03:14.071450,0.17534157142392734,1.8054001832365776,78.91305021174706,18.49957504695779,0.008698017554316196,2.328670127015952e-06,194.0713562266901,35,COMPLETE
4180,23.85526901152087,13.583560761138902,2026-10-06 03:29:09.364655,2026-10-06 03:32:23.549527,0 days 00:03:14.184872,0.22031827582514427,2.5826334477054016,78.91305021174706,40.29115295108787,0.009569508337727876,0.01561661474817093,194.18477919092402,35,COMPLETE
4181,29.359660421725966,23.84819293902906,2026-10-06 03:29:09.568938,2026-10-06 03:32:21.441692,0 days 00:03:11.872754,0.22031827582514427,3.42961079489487,78.91305021174706,35.397938808104236,0.009569508337727876,2.328670127015952e-06,191.87264933995903,35,COMPLETE
4182,16.92452215297007,1.997063044849618,2026-10-06 03:29:10.030683,2026-10-06 03:32:19.340526,0 days 00:03:09.309843,0.17534157142392734,3.42961079489487,11.405062420266622,60.00681682155504,0.03463343903868386,2.328670127015952e-06,189.30973600689322,35,COMPLETE
4183,30.26057941954909,22.253847015031486,2026-10-06 03:29:10.325235,2026-10-06 03:32:23.305882,0 days 00:03:12.980647,0.19189241237051688,1.8054001832365776,78.91305021174706,53.19831855856638,0.009569508337727876,2.328670127015952e-06,192.98055588593706,35,COMPLETE
4184,8.676846141221901,2.280056882870319,2026-10-06 03:29:10.328651,2026-10-06 03:32:24.809534,0 days 00:03:14.480883,0.24246693985869397,1.8054001832365776,1.0978902174635747,4.949274479107639,0.009569508337727876,2.328670127015952e-06,194.48077552299947,35,COMPLETE
4185,31.295753853121948,16.43947585155772,2026-10-06 03:29:10.332640,2026-10-06 03:32:22.119321,0 days 00:03:11.786681,0.22031827582514427,1.8054001832365776,78.91305021174706,7.704673657496365,0.009569508337727876,2.328670127015952e-06,191.78658258914948,35,COMPLETE
4186,30.029804436035306,18.135960607292976,2026-10-06 03:29:10.451804,2026-10-06 03:32:20.142046,0 days 00:03:09.690242,0.14472486883161542,3.42961079489487,69.33707937619111,19.272853459716927,0.008698017554316196,1.4671267453130232e-06,189.6901408759877,35,COMPLETE
4187,31.373428991484808,14.299390225068745,2026-10-06 03:29:10.990562,2026-10-06 03:32:22.284071,0 days 00:03:11.293509,0.22031827582514427,1.0100598856645617,78.91305021174706,12.025559114678314,0.009569508337727876,2.328670127015952e-06,191.29341181879863,35,COMPLETE
4188,,,2026-10-06 03:29:11.058405,2026-10-06 03:29:11.810734,0 days 00:00:00.752329,0.14472486883161542,5.127400206228948,69.33707937619111,1.8525636781908654,0.001577621891110252,,,35,PRUNED
4189,5.1124603315256945,1.7378902811772663,2026-10-06 03:29:11.061545,2026-10-06 03:32:23.431987,0 days 00:03:12.370442,0.17534157142392734,34.75048086120898,6.382282559365617,6.182683349256731,0.009569508337727876,2.328670127015952e-06,192.37034608703107,35,COMPLETE
4190,21.181992764359165,10.284907490672767,2026-10-06 03:29:11.371701,2026-10-06 03:32:23.292049,0 days 00:03:11.920348,0.3401090828369047,42.66532539459282,78.91305021174706,12.025559114678314,0.009569508337727876,2.328670127015952e-06,191.92024711705744,35,COMPLETE
4191,25.59251038060812,1.6068116246047879,2026-10-06 03:29:11.395819,2026-10-06 03:32:25.615433,0 days 00:03:14.219614,0.22031827582514427,9.571592700769699,78.91305021174706,9.963951404115416,0.009569508337727876,2.328670127015952e-06,194.21951096970588,35,COMPLETE
4192,17.42323163230204,4.766548641633394,2026-10-06 03:29:11.412691,2026-10-06 03:32:23.755553,0 days 00:03:12.342862,0.17534157142392734,1.0100598856645617,46.082391638972865,18.49957504695779,0.009569508337727876,0.04182691871346636,192.34277267707512,35,COMPLETE
4193,32.58296902202029,11.912310480463777,2026-10-06 03:29:11.425638,2026-10-06 03:32:22.497859,0 days 00:03:11.072221,0.14472486883161542,1.0100598856645617,78.91305021174706,7.704673657496365,0.009569508337727876,2.328670127015952e-06,191.0721205389127,35,COMPLETE
4194,30.087296184259067,12.536829278272661,2026-10-06 03:29:11.452657,2026-10-06 03:32:22.276827,0 days 00:03:10.824170,0.22031827582514427,3.42961079489487,78.91305021174706,26.394380391878787,0.020693836672798272,2.328670127015952e-06,190.8240670650266,35,COMPLETE
4195,31.6326156548546,16.256556589563694,2026-10-06 03:29:11.533665,2026-10-06 03:32:24.322474,0 days 00:03:12.788809,0.17534157142392734,1.8054001832365776,78.91305021174706,7.704673657496365,0.009569508337727876,2.328670127015952e-06,192.78871279209852,35,COMPLETE
4196,25.64701044256058,7.795285748355657,2026-10-06 03:29:12.080848,2026-10-06 03:32:21.979195,0 days 00:03:09.898347,0.17534157142392734,49.5371202193206,78.91305021174706,7.704673657496365,0.008698017554316196,2.328670127015952e-06,189.8982442067936,35,COMPLETE
4197,20.930128617109695,4.604970587751784,2026-10-06 03:29:12.084646,2026-10-06 03:32:28.641746,0 days 00:03:16.557100,0.22031827582514427,1.8054001832365776,78.91305021174706,6.182683349256731,0.009569508337727876,0.04273701917552234,196.55697789415717,35,COMPLETE
4198,,,2026-10-06 03:29:12.224197,2026-10-06 03:29:12.744738,0 days 00:00:00.520541,0.22031827582514427,1.8054001832365776,78.91305021174706,38.52680789958333,0.003381220081811203,,,35,PRUNED
4199,23.182152540654716,5.980501024919905,2026-10-06 03:29:12.235657,2026-10-06 03:32:24.811157,0 days 00:03:12.575500,0.17534157142392734,37.31232936376424,78.91305021174706,14.802941350675946,0.009569508337727876,2.328670127015952e-06,192.57540890900418,35,COMPLETE
4200,30.614250371349527,19.966575274170157,2026-10-06 03:29:12.397772,2026-10-06 03:32:22.048862,0 days 00:03:09.651090,0.17534157142392734,2.5826334477054016,78.91305021174706,18.49957504695779,0.009569508337727876,2.328670127015952e-06,189.65099088987336,35,COMPLETE
4201,29.25787685124656,23.996233581083732,2026-10-06 03:29:12.619699,2026-10-06 03:32:26.536383,0 days 00:03:13.916684,0.22031827582514427,3.42961079489487,78.91305021174706,38.52680789958333,0.009569508337727876,2.328670127015952e-06,193.9165646219626,35,COMPLETE
4202,2.1695385937909974,1.2879078177011012,2026-10-06 03:29:12.774677,2026-10-06 03:32:26.400633,0 days 00:03:13.625956,0.010725584190988359,3.42961079489487,3.8241559780960444,40.2862337213893,0.009569508337727876,2.328670127015952e-06,193.6258522523567,35,COMPLETE
4203,23.923134684652478,30.077903063020933,2026-10-06 03:29:12.859820,2026-10-06 03:32:24.293946,0 days 00:03:11.434126,0.48967816666395225,3.42961079489487,78.91305021174706,35.397938808104236,0.009569508337727876,1.4671267453130232e-06,191.43402844294906,35,COMPLETE
4204,31.47158321447638,4.3843169230379555,2026-10-06 03:29:12.886650,2026-10-06 03:32:24.089938,0 days 00:03:11.203288,0.18472274745078338,2.5826334477054016,78.91305021174706,2.77822422852617,0.020183701555936382,2.328670127015952e-06,191.2031719502993,35,COMPLETE
4205,29.023693692975154,23.181390379296882,2026-10-06 03:29:12.918661,2026-10-06 03:32:23.598081,0 days 00:03:10.679420,0.22031827582514427,1.8054001832365776,78.91305021174706,35.397938808104236,0.008698017554316196,2.328670127015952e-06,190.6793333608657,35,COMPLETE
4206,27.42931686538513,3.149815057103854,2026-10-06 03:29:12.922636,2026-10-06 03:32:25.379179,0 days 00:03:12.456543,0.0978480847314341,25.034323808591605,78.91305021174706,7.14008749932051,0.008698017554316196,2.328670127015952e-06,192.45644232677296,35,COMPLETE
4207,22.78751599811964,18.09179034680538,2026-10-06 03:29:12.953791,2026-10-06 03:32:24.954072,0 days 00:03:12.000281,0.19189241237051688,1.8054001832365776,21.149946915136262,12.025559114678314,0.008698017554316196,2.328670127015952e-06,192.00018801540136,35,COMPLETE
4208,27.54391693668071,2.8787306036655154,2026-10-06 03:29:12.957642,2026-10-06 03:32:26.980553,0 days 00:03:14.022911,0.22031827582514427,14.544040318455473,78.91305021174706,6.182683349256731,0.009569508337727876,2.328670127015952e-06,194.02278924407437,35,COMPLETE
4209,29.579607867904723,15.47961966553482,2026-10-06 03:29:12.981631,2026-10-06 03:32:26.333426,0 days 00:03:13.351795,0.22031827582514427,2.5826334477054016,78.91305021174706,40.2862337213893,0.01719779066740533,2.328670127015952e-06,193.35168006131425,35,COMPLETE
4210,31.24825065724118,4.312862003089342,2026-10-06 03:29:13.394688,2026-10-06 03:32:26.613407,0 days 00:03:13.218719,0.03932714564267301,1.8054001832365776,78.91305021174706,18.49957504695779,0.009569508337727876,2.824683143715173e-05,193.218609968666,35,COMPLETE
4211,30.177856932697217,19.662905214536053,2026-10-06 03:29:14.134860,2026-10-06 03:32:29.189531,0 days 00:03:15.054671,0.17534157142392734,3.42961079489487,78.91305021174706,19.228214347833312,0.009569508337727876,2.328670127015952e-06,195.05455397581682,35,COMPLETE
4212,30.457724277693508,1.271076991190414,2026-10-06 03:29:14.138648,2026-10-06 03:32:24.101238,0 days 00:03:09.962590,0.05347129003680412,1.8054001832365776,78.91305021174706,1.4762937301172327,0.008698017554316196,2.328670127015952e-06,189.96248295996338,35,COMPLETE
4213,30.935633493751475,21.183231084813062,2026-10-06 03:29:14.142628,2026-10-06 03:32:22.856013,0 days 00:03:08.713385,0.19189241237051688,1.8054001832365776,78.91305021174706,12.025559114678314,0.008698017554316196,2.328670127015952e-06,188.7132870159112,35,COMPLETE
4214,,,2026-10-06 03:29:14.807687,2026-10-06 03:29:16.034746,0 days 00:00:01.227059,0.22031827582514427,1.8054001832365776,78.91305021174706,18.49957504695779,0.0030075798218568623,,,35,PRUNED
4215,24.464035686385422,26.18847698701406,2026-10-06 03:29:15.343693,2026-10-06 03:32:24.831999,0 days 00:03:09.488306,0.48967816666395225,3.42961079489487,78.91305021174706,18.49957504695779,0.009569508337727876,1.4671267453130232e-06,189.4882102557458,35,COMPLETE
4216,31.001219460577705,20.546874726373222,2026-10-06 03:29:15.351647,2026-10-06 03:32:22.969051,0 days 00:03:07.617404,0.17534157142392734,1.8054001832365776,78.91305021174706,12.025559114678314,0.008698017554316196,2.328670127015952e-06,187.61730251275003,35,COMPLETE
4217,28.50144571627045,2.654119127287166,2026-10-06 03:29:15.373659,2026-10-06 03:32:25.170304,0 days 00:03:09.796645,0.31375131612483825,1.8054001832365776,78.91305021174706,6.182683349256731,0.04119867785629739,0.0008613551665167252,189.79655074793845,35,COMPLETE
4218,,,2026-10-06 03:29:16.129691,2026-10-06 03:29:17.205776,0 days 00:00:01.076085,0.48967816666395225,24.58834791711363,78.91305021174706,53.19831855856638,0.008698017554316196,,,35,PRUNED
4219,26.664882424736646,29.192111616555056,2026-10-06 03:29:17.450694,2026-10-06 03:32:27.264196,0 days 00:03:09.813502,0.3401090828369047,3.42961079489487,78.91305021174706,45.605935248059524,0.009569508337727876,2.328670127015952e-06,189.8134027197957,35,COMPLETE
4220,30.06776366530765,23.46902559894604,2026-10-06 03:29:43.068723,2026-10-06 03:32:54.761569,0 days 00:03:11.692846,0.22031827582514427,1.8054001832365776,78.91305021174706,53.19831855856638,0.009569508337727876,2.328670127015952e-06,191.69271185109392,35,COMPLETE
4221,30.668812129173045,12.91713932122087,2026-10-06 03:29:50.941693,2026-10-06 03:33:00.608621,0 days 00:03:09.666928,0.22031827582514427,2.5826334477054016,78.91305021174706,1.8769566783556908,0.008698017554316196,2.328670127015952e-06,189.66667972132564,35,COMPLETE
4222,28.805770976725228,25.53946894524344,2026-10-06 03:31:00.564031,2026-10-06 03:34:09.998170,0 days 00:03:09.434139,0.2918907020150273,4.014839763781616,78.91305021174706,18.49957504695779,0.009569508337727876,1.4671267453130232e-06,189.43402118887752,35,COMPLETE
4223,,,2026-10-06 03:31:05.809686,2026-10-06 03:31:07.138150,0 days 00:00:01.328464,0.3401090828369047,3.42961079489487,78.91305021174706,53.19831855856638,0.0010463140363320736,,,35,PRUNED
4224,30.541422078218073,20.68645465422114,2026-10-06 03:31:07.633691,2026-10-06 03:34:20.205660,0 days 00:03:12.571969,0.17022105558481848,1.8054001832365776,78.91305021174706,40.29115295108787,0.009569508337727876,2.328670127015952e-06,192.5718475151807,35,COMPLETE
4225,31.295753853121948,16.43947585155772,2026-10-06 03:32:15.696687,2026-10-06 03:35:31.016769,0 days 00:03:15.320082,0.22031827582514427,1.8054001832365776,78.91305021174706,7.704673657496365,0.009569508337727876,2.328670127015952e-06,195.3199565941468,35,COMPLETE
4226,21.53283705325989,20.914024497376083,2026-10-06 03:32:17.285701,2026-10-06 03:35:31.076013,0 days 00:03:13.790312,0.22031827582514427,3.42961079489487,28.433541274195143,40.29115295108787,0.009569508337727876,2.328670127015952e-06,193.79018605314195,35,COMPLETE
4227,32.565154050006335,12.690893220185812,2026-10-06 03:32:18.034123,2026-10-06 03:35:31.814350,0 days 00:03:13.780227,0.14472486883161542,1.0100598856645617,69.33707937619111,4.949274479107639,0.008583105309172456,1.4671267453130232e-06,193.78011069400236,35,COMPLETE
4228,0.5698978615040609,1.2022711101986467,2026-10-06 03:32:19.499845,2026-10-06 03:35:34.328939,0 days 00:03:14.829094,0.5492165536828716,3.42961079489487,78.91305021174706,4.949274479107639,0.008698017554316196,2.328670127015952e-06,194.82898533297703,35,COMPLETE
