number,values_0,values_1,datetime_start,datetime_complete,duration,params_c_val,params_input_force,params_k_between_val,params_k_wall_val,params_m_val,params_ridge_alpha,user_attrs_duration_sec,system_attrs_NSGAIISampler:generation,state
3815,10.801719864327072,1.2296634477869886,2026-10-06 03:13:03.005644,2026-10-06 03:16:16.976548,0 days 00:03:13.970904,0.014593987516824303,3.42961079489487,78.91305021174706,35.397938808104236,0.009569508337727876,2.328670127015952e-06,193.9708058689721,32,COMPLETE
3816,24.51147875490109,4.843520188626385,2026-10-06 03:13:03.050283,2026-10-06 03:16:19.315340,0 days 00:03:16.265057,0.22031827582514427,3.42961079489487,78.91305021174706,40.2862337213893,0.008698017554316196,2.328670127015952e-06,196.26492791203782,32,COMPLETE
3817,23.17665283181556,5.976184233735893,2026-10-06 03:13:03.467273,2026-10-06 03:16:16.350526,0 days 00:03:12.883253,0.22031827582514427,27.530726357750986,78.91305021174706,14.124715105113761,0.009569508337727876,2.328670127015952e-06,192.88312911381945,32,COMPLETE
3818,30.70511859465459,22.162786820890595,2026-10-06 03:13:03.534219,2026-10-06 03:16:10.709303,0 days 00:03:07.175084,0.18472274745078338,1.8054001832365776,78.91305021174706,18.49957504695779,0.008698017554316196,2.328670127015952e-06,187.17496451968327,32,COMPLETE
3819,24.346155724395537,22.50874364732824,2026-10-06 03:13:03.537649,2026-10-06 03:16:17.115769,0 days 00:03:13.578120,0.48967816666395225,1.8054001832365776,78.91305021174706,35.397938808104236,0.009569508337727876,2.328670127015952e-06,193.57802859973162,32,COMPLETE
3820,17.987194537934062,12.318243926273567,2026-10-06 03:13:03.541635,2026-10-06 03:16:17.008611,0 days 00:03:13.466976,0.22031827582514427,1.8054001832365776,10.52626944849705,8.014757742720615,0.009569508337727876,2.328670127015952e-06,193.46688674390316,32,COMPLETE
3821,,,2026-10-06 03:13:03.595648,2026-10-06 03:13:04.470719,0 days 00:00:00.875071,0.48967816666395225,1.8054001832365776,78.91305021174706,53.19831855856638,0.008698017554316196,,,32,PRUNED
3822,30.69525601340497,18.670280280076994,2026-10-06 03:13:03.828845,2026-10-06 03:16:17.825755,0 days 00:03:13.996910,0.14383405467422097,1.8054001832365776,78.91305021174706,35.397938808104236,0.009569508337727876,2.328670127015952e-06,193.9968081698753,32,COMPLETE
3823,29.999991105279314,2.850475370614461,2026-10-06 03:13:04.144682,2026-10-06 03:16:11.608525,0 days 00:03:07.463843,0.22031827582514427,32.69892097022198,78.91305021174706,1.8768705096119518,0.009569508337727876,2.328670127015952e-06,187.46372542204335,32,COMPLETE
3824,31.94756996466645,14.548423707854942,2026-10-06 03:13:04.376684,2026-10-06 03:16:17.877727,0 days 00:03:13.501043,0.18472274745078338,1.8054001832365776,78.91305021174706,4.949274479107639,0.009569508337727876,2.328670127015952e-06,193.50095498282462,32,COMPLETE
3825,29.81753078593993,23.809523685421535,2026-10-06 03:13:04.831878,2026-10-06 03:16:17.775856,0 days 00:03:12.943978,0.22031827582514427,2.5826334477054016,78.91305021174706,40.29115295108787,0.009569508337727876,2.328670127015952e-06,192.94387647975236,32,COMPLETE
3826,,,2026-10-06 03:13:04.835638,2026-10-06 03:13:06.271709,0 days 00:00:01.436071,0.17534157142392734,1.8054001832365776,78.91305021174706,6.182683349256731,0.0038256467255365764,,,32,PRUNED
3827,29.937523532746518,23.61346696601351,2026-10-06 03:13:04.839631,2026-10-06 03:16:15.441721,0 days 00:03:10.602090,0.22031827582514427,2.5826334477054016,78.91305021174706,35.397938808104236,0.009569508337727876,2.328670127015952e-06,190.6019826750271,32,COMPLETE
3828,31.04746378780257,19.38239824177877,2026-10-06 03:13:04.843627,2026-10-06 03:16:15.621800,0 days 00:03:10.778173,0.17534157142392734,1.8054001832365776,78.91305021174706,18.49957504695779,0.009569508337727876,2.328670127015952e-06,190.77806999720633,32,COMPLETE
3829,5.674092686225603,2.161996998791495,2026-10-06 03:13:04.847631,2026-10-06 03:16:16.592999,0 days 00:03:11.745368,0.17534157142392734,37.13801961863762,8.606597174848266,6.182683349256731,0.009569508337727876,2.328670127015952e-06,191.74527319520712,32,COMPLETE
3830,31.278343023825652,17.97696669825573,2026-10-06 03:13:04.851626,2026-10-06 03:16:18.171350,0 days 00:03:13.319724,0.17534157142392734,1.8054001832365776,78.91305021174706,12.143395101578939,0.009569508337727876,2.328670127015952e-06,193.3196378783323,32,COMPLETE
3831,30.307714350547563,22.904199665561656,2026-10-06 03:13:04.855635,2026-10-06 03:16:16.077856,0 days 00:03:11.222221,0.22031827582514427,1.8054001832365776,78.91305021174706,40.2862337213893,0.009569508337727876,2.328670127015952e-06,191.22212456399575,32,COMPLETE
3832,17.64080743114727,1.3543231918222716,2026-10-06 03:13:04.859635,2026-10-06 03:16:14.490472,0 days 00:03:09.630837,0.22031827582514427,33.438395788874,78.91305021174706,40.2862337213893,0.03757545720053865,1.4671267453130232e-06,189.6307156048715,32,COMPLETE
3833,15.612016253781203,1.2297303522358443,2026-10-06 03:13:04.890871,2026-10-06 03:16:18.713279,0 days 00:03:13.822408,0.14472486883161542,1.8054001832365776,78.91305021174706,4.949274479107639,0.009569508337727876,61.1500246627769,193.82232070108876,32,COMPLETE
3834,,,2026-10-06 03:13:05.648680,2026-10-06 03:13:06.230685,0 days 00:00:00.582005,0.22031827582514427,3.42961079489487,78.91305021174706,38.52680789958333,0.0053926191485326475,,,32,PRUNED
3835,30.368186019675164,23.74150886625968,2026-10-06 03:13:05.777824,2026-10-06 03:16:19.020266,0 days 00:03:13.242442,0.22031827582514427,1.8054001832365776,78.91305021174706,18.49957504695779,0.008698017554316196,2.328670127015952e-06,193.2423444148153,32,COMPLETE
3836,30.615425479896516,21.926729655534274,2026-10-06 03:13:05.781638,2026-10-06 03:16:16.630439,0 days 00:03:10.848801,0.17534157142392734,1.8054001832365776,78.91305021174706,22.313710691733014,0.008698017554316196,2.328670127015952e-06,190.84870681772009,32,COMPLETE
3837,32.35027318958379,13.8032431904302,2026-10-06 03:13:05.785629,2026-10-06 03:16:20.219322,0 days 00:03:14.433693,0.14472486883161542,1.0100598856645617,78.91305021174706,12.025559114678314,0.009569508337727876,1.4671267453130232e-06,194.43359484896064,32,COMPLETE
3838,20.290653847706643,33.6281819066749,2026-10-06 03:13:05.912658,2026-10-06 03:16:22.019337,0 days 00:03:16.106679,0.48967816666395225,9.79476425790312,78.91305021174706,40.2862337213893,0.009569508337727876,2.328670127015952e-06,196.10658381786197,32,COMPLETE
3839,27.2546282738575,12.884751592667008,2026-10-06 03:13:06.128782,2026-10-06 03:16:17.044324,0 days 00:03:10.915542,0.17534157142392734,1.8054001832365776,28.59639680685065,4.949274479107639,0.009569508337727876,2.328670127015952e-06,190.91544143203646,32,COMPLETE
3840,31.45420910049923,2.8757512591320005,2026-10-06 03:13:06.598683,2026-10-06 03:16:22.280179,0 days 00:03:15.681496,0.17534157142392734,1.8054001832365776,78.91305021174706,18.49957504695779,0.05201243515422734,2.328670127015952e-06,195.6813930380158,32,COMPLETE
3841,24.690973434613074,19.829000557860905,2026-10-06 03:13:06.654837,2026-10-06 03:16:18.273996,0 days 00:03:11.619159,0.48967816666395225,1.8054001832365776,78.91305021174706,18.49957504695779,0.009569508337727876,1.4671267453130232e-06,191.61907274182886,32,COMPLETE
3842,30.750237126456305,21.608701079063692,2026-10-06 03:13:06.658641,2026-10-06 03:16:19.157531,0 days 00:03:12.498890,0.17534157142392734,1.8054001832365776,78.91305021174706,18.49957504695779,0.008698017554316196,2.328670127015952e-06,192.49879088113084,32,COMPLETE
3843,0.5658535711728525,1.2648629782214689,2026-10-06 03:13:06.662628,2026-10-06 03:16:19.846507,0 days 00:03:13.183879,0.03513627882819929,28.82635875560515,78.91305021174706,35.397938808104236,0.009569508337727876,0.004185095299609631,193.183788461145,32,COMPLETE
3844,5.909469082980703,3.41255060692482,2026-10-06 03:13:06.666629,2026-10-06 03:16:22.064339,0 days 00:03:15.397710,0.48967816666395225,3.42961079489487,9.220214320113243,53.19831855856638,0.009569508337727876,0.5879785408466792,195.39762498158962,32,COMPLETE
3845,30.312686529143058,1.4437692558618551,2026-10-06 03:13:06.670622,2026-10-06 03:16:22.956417,0 days 00:03:16.285795,0.14472486883161542,3.42961079489487,78.91305021174706,2.311884072207604,0.010491926684042852,2.328670127015952e-06,196.28567860508338,32,COMPLETE
3846,,,2026-10-06 03:13:06.674628,2026-10-06 03:13:07.872719,0 days 00:00:01.198091,0.026957648476411487,1.8054001832365776,78.91305021174706,4.949274479107639,0.003121409608209362,,,32,PRUNED
3847,,,2026-10-06 03:13:06.702845,2026-10-06 03:13:07.237684,0 days 00:00:00.534839,0.22031827582514427,3.42961079489487,78.91305021174706,4.522131816157432,0.004641445751779043,,,32,PRUNED
3848,30.196709377571572,19.565675460013697,2026-10-06 03:13:06.719820,2026-10-06 03:16:19.671296,0 days 00:03:12.951476,0.17534157142392734,3.42961079489487,78.91305021174706,18.49957504695779,0.009569508337727876,2.328670127015952e-06,192.95137371867895,32,COMPLETE
3849,29.359660421725966,23.84819293902906,2026-10-06 03:13:07.672866,2026-10-06 03:16:17.894593,0 days 00:03:10.221727,0.22031827582514427,3.42961079489487,78.91305021174706,35.397938808104236,0.009569508337727876,2.328670127015952e-06,190.22164323786274,32,COMPLETE
3850,23.375232136126392,32.287505094854964,2026-10-06 03:13:07.676646,2026-10-06 03:16:20.446555,0 days 00:03:12.769909,0.48967816666395225,3.42961079489487,78.91305021174706,53.19831855856638,0.009569508337727876,1.4671267453130232e-06,192.7698017009534,32,COMPLETE
3851,7.266861813215742,6.502938070828342,2026-10-06 03:13:08.212853,2026-10-06 03:16:23.524704,0 days 00:03:15.311851,0.48480307501533615,3.42961079489487,2.056569527726323,35.397938808104236,0.009569508337727876,2.328670127015952e-06,195.31152416113764,32,COMPLETE
3852,11.427079791896073,1.3290579574423722,2026-10-06 03:13:08.216641,2026-10-06 03:16:21.321520,0 days 00:03:13.104879,0.023149852675358063,1.8054001832365776,5.921466848807976,45.605935248059524,0.008698017554316196,2.328670127015952e-06,193.10476357396692,32,COMPLETE
3853,29.705544518805844,20.956257132149165,2026-10-06 03:13:08.264652,2026-10-06 03:16:18.462528,0 days 00:03:10.197876,0.17534157142392734,3.42961079489487,78.91305021174706,36.04691434888306,0.009569508337727876,2.328670127015952e-06,190.19777468964458,32,COMPLETE
3854,24.683510835265544,14.825173334088603,2026-10-06 03:13:08.276643,2026-10-06 03:16:19.615383,0 days 00:03:11.338740,0.48967816666395225,1.8054001832365776,78.91305021174706,7.704673657496365,0.009569508337727876,2.328670127015952e-06,191.33862728439271,32,COMPLETE
3855,16.169796971932023,2.1313793586668597,2026-10-06 03:13:08.661688,2026-10-06 03:16:21.801524,0 days 00:03:13.139836,0.17534157142392734,1.8054001832365776,78.91305021174706,35.397938808104236,0.009569508337727876,4.315783366487087,193.1397260702215,32,COMPLETE
3856,,,2026-10-06 03:13:08.885024,2026-10-06 03:13:09.767141,0 days 00:00:00.882117,0.22031827582514427,3.42961079489487,78.91305021174706,38.52680789958333,0.006615169840479168,,,32,PRUNED
3857,15.706961016060927,1.2661376995035913,2026-10-06 03:13:08.888642,2026-10-06 03:16:20.243893,0 days 00:03:11.355251,0.22031827582514427,3.42961079489487,78.91305021174706,4.069909221527996,0.009569508337727876,12.61295975443041,191.35515645705163,32,COMPLETE
3858,30.386349421417457,22.593238599952127,2026-10-06 03:13:08.940645,2026-10-06 03:16:26.377828,0 days 00:03:17.437183,0.22031827582514427,1.8054001832365776,78.91305021174706,35.397938808104236,0.009569508337727876,2.328670127015952e-06,197.43705784482881,32,COMPLETE
3859,,,2026-10-06 03:13:08.944638,2026-10-06 03:13:09.328725,0 days 00:00:00.384087,0.48967816666395225,6.28879905307643,78.91305021174706,3.820476189154683,0.003459977198867085,,,32,PRUNED
3860,,,2026-10-06 03:13:09.673881,2026-10-06 03:13:10.193476,0 days 00:00:00.519595,0.016506556392952128,2.5826334477054016,52.22736101713797,12.025559114678314,0.002449818508079993,,,32,PRUNED
3861,27.670348489353,12.704105105931447,2026-10-06 03:13:09.677648,2026-10-06 03:16:18.511654,0 days 00:03:08.834006,0.17534157142392734,1.8054001832365776,78.91305021174706,45.605935248059524,0.009569508337727876,0.004913987363111335,188.83390764985234,32,COMPLETE
3862,29.972098410350917,23.552239364178423,2026-10-06 03:13:09.681629,2026-10-06 03:16:20.007871,0 days 00:03:10.326242,0.22031827582514427,2.5826334477054016,78.91305021174706,34.03838457265082,0.009569508337727876,2.328670127015952e-06,190.3261476121843,32,COMPLETE
3863,16.637010617358047,10.625376441050092,2026-10-06 03:13:09.762720,2026-10-06 03:16:20.193971,0 days 00:03:10.431251,0.22031827582514427,3.42961079489487,78.91305021174706,45.513201394433324,0.009569508337727876,1.978030287577928,190.43113336805254,32,COMPLETE
3864,25.237383155358934,16.689158118230637,2026-10-06 03:13:09.767419,2026-10-06 03:16:17.126589,0 days 00:03:07.359170,0.48967816666395225,3.42961079489487,78.91305021174706,6.182683349256731,0.009569508337727876,2.328670127015952e-06,187.3590884800069,32,COMPLETE
3865,32.12425486711574,13.093792368210785,2026-10-06 03:13:09.770639,2026-10-06 03:16:17.518489,0 days 00:03:07.747850,0.17534157142392734,1.8054001832365776,78.91305021174706,2.9476897706491014,0.009569508337727876,1.4671267453130232e-06,187.7477799761109,32,COMPLETE
3866,31.28628188906389,19.00327719323779,2026-10-06 03:13:09.959678,2026-10-06 03:16:21.458343,0 days 00:03:11.498665,0.17534157142392734,1.8054001832365776,78.91305021174706,7.704673657496365,0.008698017554316196,2.328670127015952e-06,191.49855881091207,32,COMPLETE
3867,,,2026-10-06 03:13:10.031665,2026-10-06 03:13:10.407708,0 days 00:00:00.376043,0.17534157142392734,2.5826334477054016,78.91305021174706,18.49957504695779,0.005891947946617193,,,32,PRUNED
3868,25.444520848845663,24.428281694763896,2026-10-06 03:13:10.508854,2026-10-06 03:16:20.837149,0 days 00:03:10.328295,0.2918907020150273,4.014839763781616,56.16627228095671,18.49957504695779,0.009569508337727876,2.328670127015952e-06,190.328195637092,32,COMPLETE
3869,21.63425595615102,15.087228569713444,2026-10-06 03:13:10.512644,2026-10-06 03:16:21.508438,0 days 00:03:10.995794,0.17534157142392734,1.8054001832365776,16.279126642611878,18.49957504695779,0.009569508337727876,2.328670127015952e-06,190.9956942186691,32,COMPLETE
3870,30.750237126456305,21.608701079063692,2026-10-06 03:13:10.546653,2026-10-06 03:16:22.470555,0 days 00:03:11.923902,0.17534157142392734,1.8054001832365776,78.91305021174706,18.49957504695779,0.008698017554316196,2.328670127015952e-06,191.92378748301417,32,COMPLETE
3871,30.524266702910815,20.99583339635432,2026-10-06 03:13:10.550640,2026-10-06 03:16:18.218756,0 days 00:03:07.668116,0.17534157142392734,1.8054001832365776,78.91305021174706,40.2862337213893,0.009569508337727876,2.328670127015952e-06,187.6680334233679,32,COMPLETE
3872,18.12218533914501,10.461389286116182,2026-10-06 03:13:10.554632,2026-10-06 03:16:19.319810,0 days 00:03:08.765178,0.17358610187214615,1.8054001832365776,8.29256865339552,6.117596913796272,0.008698017554316196,2.328670127015952e-06,188.76508546387777,32,COMPLETE
3873,21.71126505167497,34.64589212283317,2026-10-06 03:13:10.558629,2026-10-06 03:16:24.493181,0 days 00:03:13.934552,0.48967816666395225,6.28879905307643,78.91305021174706,53.19831855856638,0.009569508337727876,2.328670127015952e-06,193.93443749891594,32,COMPLETE
3874,9.245656149556217,3.8669002705957167,2026-10-06 03:13:11.299687,2026-10-06 03:16:19.087511,0 days 00:03:07.787824,0.17534157142392734,1.8054001832365776,1.393273939439455,18.49957504695779,0.008698017554316196,2.328670127015952e-06,187.78772248793393,32,COMPLETE
3875,23.9315903105114,24.868391822402085,2026-10-06 03:13:11.311653,2026-10-06 03:16:23.771360,0 days 00:03:12.459707,0.48967816666395225,1.8054001832365776,78.91305021174706,53.19831855856638,0.009569508337727876,2.328670127015952e-06,192.45959390699863,32,COMPLETE
3876,31.04746378780257,19.38239824177877,2026-10-06 03:13:11.926680,2026-10-06 03:16:21.729652,0 days 00:03:09.802972,0.17534157142392734,1.8054001832365776,78.91305021174706,18.49957504695779,0.009569508337727876,2.328670127015952e-06,189.80285204807296,32,COMPLETE
3877,10.194843149721716,4.543790618209679,2026-10-06 03:13:38.892693,2026-10-06 03:16:52.568547,0 days 00:03:13.675854,0.22031827582514427,3.42961079489487,15.99540869938967,35.397938808104236,0.009569508337727876,12.31955896466228,193.67564885132015,32,COMPLETE
3878,16.65419855735508,1.2555749781119658,2026-10-06 03:14:50.468696,2026-10-06 03:18:03.998564,0 days 00:03:13.529868,0.22031827582514427,36.954662207000105,78.91305021174706,40.29115295108787,0.09472925916736215,2.328670127015952e-06,193.52973923971877,32,COMPLETE
3879,29.992395292657,2.9647733500313405,2026-10-06 03:15:04.312845,2026-10-06 03:18:13.672347,0 days 00:03:09.359502,0.14472486883161542,21.65347032754809,78.91305021174706,3.1960868442529304,0.009569508337727876,2.328670127015952e-06,189.35938159003854,32,COMPLETE
3880,29.937523532746518,23.61346696601351,2026-10-06 03:16:10.984745,2026-10-06 03:19:24.909502,0 days 00:03:13.924757,0.22031827582514427,2.5826334477054016,78.91305021174706,35.397938808104236,0.009569508337727876,2.328670127015952e-06,193.9246289418079,32,COMPLETE
3881,30.028732090786114,22.331592562910256,2026-10-06 03:16:11.680700,2026-10-06 03:19:26.277731,0 days 00:03:14.597031,0.22031827582514427,3.42961079489487,78.91305021174706,17.846164195406825,0.009569508337727876,2.328670127015952e-06,194.59691165806726,32,COMPLETE
3882,30.971889524570607,16.735601960342287,2026-10-06 03:16:13.732704,2026-10-06 03:19:30.879957,0 days 00:03:17.147253,0.17534157142392734,1.8054001832365776,78.91305021174706,18.81759050518774,0.011041040034491597,2.328670127015952e-06,197.147140908055,32,COMPLETE
3883,7.437615296165674,6.830959181293388,2026-10-06 03:16:14.461843,2026-10-06 03:19:29.510028,0 days 00:03:15.048185,0.48967816666395225,3.42961079489487,2.136064485813807,35.397938808104236,0.009569508337727876,1.4671267453130232e-06,195.0480918576941,32,COMPLETE
3884,31.42478669344815,5.575433005114887,2026-10-06 03:16:14.539938,2026-10-06 03:19:33.233424,0 days 00:03:18.693486,0.17534157142392734,2.5826334477054016,78.91305021174706,27.895307281154917,0.03471274386054728,2.328670127015952e-06,198.69337835675105,32,COMPLETE
3885,10.352664880437302,1.1634516933093404,2026-10-06 03:16:14.543641,2026-10-06 03:19:31.047026,0 days 00:03:16.503385,0.011439080688149923,1.8054001832365776,78.91305021174706,12.025559114678314,0.03463343903868386,0.031078355264000823,196.50329699087888,32,COMPLETE
3886,29.817651462460645,23.809340668352807,2026-10-06 03:16:15.729689,2026-10-06 03:19:28.020394,0 days 00:03:12.290705,0.22031827582514427,2.5826334477054016,78.91305021174706,40.2862337213893,0.009569508337727876,2.328670127015952e-06,192.2905876687728,32,COMPLETE
3887,18.60858736053328,1.2993995496808473,2026-10-06 03:16:15.884678,2026-10-06 03:19:30.432703,0 days 00:03:14.548025,0.022255433923475395,1.8054001832365776,12.301112542937362,4.949274479107639,0.008698017554316196,2.328670127015952e-06,194.54793273378164,32,COMPLETE
3888,17.30982252250441,28.476354209963954,2026-10-06 03:16:16.154591,2026-10-06 03:19:28.356873,0 days 00:03:12.202282,0.48967816666395225,6.28879905307643,43.42784976237741,53.19831855856638,0.009569508337727876,1.4671267453130232e-06,192.2021735170856,32,COMPLETE
3889,,,2026-10-06 03:16:16.451468,2026-10-06 03:16:17.503052,0 days 00:00:01.051584,0.48967816666395225,2.5826334477054016,78.91305021174706,2.2689216214988788,0.006854772998726311,,,32,PRUNED
3890,4.913164954982424,2.0119044741290644,2026-10-06 03:16:17.059578,2026-10-06 03:19:29.796254,0 days 00:03:12.736676,0.48967816666395225,1.8054001832365776,2.69625319777518,40.2862337213893,0.020918845377409977,0.1751664816288037,192.73658832721412,32,COMPLETE
3891,23.951461361905153,29.20529149626848,2026-10-06 03:16:17.062050,2026-10-06 03:19:27.274654,0 days 00:03:10.212604,0.48480307501533615,3.42961079489487,78.91305021174706,35.397938808104236,0.009569508337727876,2.328670127015952e-06,190.21229783678427,32,COMPLETE
3892,30.794361871022055,20.646357952235704,2026-10-06 03:16:17.226671,2026-10-06 03:19:32.118292,0 days 00:03:14.891621,0.18472274745078338,1.8054001832365776,78.91305021174706,25.030475961339086,0.009569508337727876,2.328670127015952e-06,194.89152590278536,32,COMPLETE
3893,30.522184846469703,21.12552041470972,2026-10-06 03:16:17.234624,2026-10-06 03:19:31.131835,0 days 00:03:13.897211,0.17534157142392734,1.8054001832365776,78.91305021174706,40.2862337213893,0.009569508337727876,1.1561021081926111e-06,193.89713390404359,32,COMPLETE
3894,31.99753294212412,14.469989622292536,2026-10-06 03:16:17.292657,2026-10-06 03:19:29.399790,0 days 00:03:12.107133,0.17534157142392734,1.8054001832365776,78.91305021174706,4.949274479107639,0.009569508337727876,2.328670127015952e-06,192.10704233124852,32,COMPLETE
3895,30.93604652384754,15.741901643933268,2026-10-06 03:16:17.506686,2026-10-06 03:19:31.275692,0 days 00:03:13.769006,0.22031827582514427,1.0100598856645617,78.91305021174706,22.313710691733014,0.00977169465599101,2.328670127015952e-06,193.76891965279356,32,COMPLETE
3896,30.935633493751475,21.183231084813062,2026-10-06 03:16:17.846440,2026-10-06 03:19:32.625436,0 days 00:03:14.778996,0.19189241237051688,1.8054001832365776,78.91305021174706,12.025559114678314,0.008698017554316196,2.328670127015952e-06,194.7788741872646,32,COMPLETE
3897,,,2026-10-06 03:16:18.113008,2026-10-06 03:16:18.683717,0 days 00:00:00.570709,0.17534157142392734,39.11345467384482,78.91305021174706,34.31738070993179,0.008055831701404446,,,32,PRUNED
3898,29.61041727138837,21.13580877602669,2026-10-06 03:16:18.116644,2026-10-06 03:19:27.677330,0 days 00:03:09.560686,0.17534157142392734,3.42961079489487,78.91305021174706,40.2862337213893,0.009569508337727876,2.328670127015952e-06,189.56056695897132,32,COMPLETE
