number,values_0,values_1,datetime_start,datetime_complete,duration,params_c_val,params_input_force,params_k_between_val,params_k_wall_val,params_m_val,params_ridge_alpha,user_attrs_duration_sec,system_attrs_NSGAIISampler:generation,state
2082,31.210384382689046,17.60718244445571,2026-10-06 01:49:34.371647,2026-10-06 01:52:42.600762,0 days 00:03:08.229115,0.14472486883161542,1.8054001832365776,78.91305021174706,18.49957504695779,0.009569508337727876,2.328670127015952e-06,188.22902228403836,17,COMPLETE
2083,12.238745529707506,3.575478541878478,2026-10-06 01:49:34.430666,2026-10-06 01:52:46.563184,0 days 00:03:12.132518,0.14472486883161542,1.8054001832365776,2.3492393599644372,18.49957504695779,0.009569508337727876,2.328670127015952e-06,192.13242963701487,17,COMPLETE
2084,15.012845150187562,7.2863795387590455,2026-10-06 01:49:34.506280,2026-10-06 01:52:45.231110,0 days 00:03:10.724830,0.2857646703602989,1.8054001832365776,6.930561609609594,2.4821582187648223,0.008698017554316196,2.328670127015952e-06,190.72475552000105,17,COMPLETE
2085,31.210384382689046,17.60718244445571,2026-10-06 01:49:35.132682,2026-10-06 01:52:45.042265,0 days 00:03:09.909583,0.14472486883161542,1.8054001832365776,78.91305021174706,18.49957504695779,0.009569508337727876,2.328670127015952e-06,189.90950044430792,17,COMPLETE
2086,30.828433449715135,19.3754453765542,2026-10-06 01:49:35.524845,2026-10-06 01:52:50.015579,0 days 00:03:14.490734,0.14472486883161542,1.8054001832365776,78.91305021174706,18.49957504695779,0.008698017554316196,2.328670127015952e-06,194.4906233609654,17,COMPLETE
2087,29.98273984366067,18.038103512436695,2026-10-06 01:49:35.528647,2026-10-06 01:52:45.044342,0 days 00:03:09.515695,0.14472486883161542,3.42961079489487,78.91305021174706,28.521004463161855,0.009569508337727876,2.328670127015952e-06,189.5156206539832,17,COMPLETE
2088,18.27542139671211,1.2770836143544502,2026-10-06 01:49:36.032697,2026-10-06 01:52:41.774986,0 days 00:03:05.742289,0.010793327874639911,2.5826334477054016,87.31609509670923,12.886984345098217,0.009569508337727876,2.328670127015952e-06,185.7421992891468,17,COMPLETE
2089,25.999594506997415,25.07433803081172,2026-10-06 01:49:36.198691,2026-10-06 01:52:45.029160,0 days 00:03:08.830469,0.42937345114127523,3.42961079489487,78.91305021174706,18.49957504695779,0.009569508337727876,2.328670127015952e-06,188.83038371568546,17,COMPLETE
2090,12.9884779601262,1.290665262121139,2026-10-06 01:51:20.969074,2026-10-06 01:54:33.743697,0 days 00:03:12.774623,0.48967816666395225,3.42961079489487,78.91305021174706,12.025559114678314,0.009569508337727876,18.782713157318575,192.7745207841508,17,COMPLETE
2091,24.293559357814893,25.182782593238816,2026-10-06 01:52:34.818702,2026-10-06 01:55:51.290704,0 days 00:03:16.472002,0.48967816666395225,3.42961079489487,78.91305021174706,18.49957504695779,0.009569508337727876,2.328670127015952e-06,196.4718966349028,17,COMPLETE
2092,21.648641897991027,11.7196365221155,2026-10-06 01:52:36.598919,2026-10-06 01:55:50.434557,0 days 00:03:13.835638,0.5917728657370075,1.8054001832365776,78.91305021174706,4.411629858032679,0.009569508337727876,2.328670127015952e-06,193.8355248970911,17,COMPLETE
2093,31.210384382689046,17.60718244445571,2026-10-06 01:52:37.760886,2026-10-06 01:55:53.879525,0 days 00:03:16.118639,0.14472486883161542,1.8054001832365776,78.91305021174706,18.49957504695779,0.009569508337727876,2.328670127015952e-06,196.11852672277018,17,COMPLETE
2094,21.380786452235437,12.091982584664924,2026-10-06 01:52:37.876680,2026-10-06 01:55:49.968209,0 days 00:03:12.091529,0.14472486883161542,1.8054001832365776,12.888995959390451,18.49957504695779,0.009569508337727876,2.328670127015952e-06,192.09141768608242,17,COMPLETE
2095,31.337133499094353,5.877210742451149,2026-10-06 01:52:38.713818,2026-10-06 01:55:53.515307,0 days 00:03:14.801489,0.04791292210897319,1.8054001832365776,78.91305021174706,18.49957504695779,0.009569508337727876,2.328670127015952e-06,194.8014053851366,17,COMPLETE
2096,19.030621123932466,11.575560797457797,2026-10-06 01:52:38.752830,2026-10-06 01:55:52.969635,0 days 00:03:14.216805,0.3274192837301386,45.49909787085171,78.91305021174706,18.49957504695779,0.009569508337727876,2.328670127015952e-06,194.21672334428877,17,COMPLETE
2097,19.056160679826895,10.398305787875971,2026-10-06 01:52:38.768656,2026-10-06 01:55:50.778056,0 days 00:03:12.009400,0.48967816666395225,47.10867765764091,78.91305021174706,12.025559114678314,0.009569508337727876,2.328670127015952e-06,192.00929015688598,17,COMPLETE
2098,20.08563213739308,1.2249388634346856,2026-10-06 01:52:39.003685,2026-10-06 01:55:57.906019,0 days 00:03:18.902334,0.023847120650502145,6.28879905307643,78.91305021174706,18.49957504695779,0.009569508337727876,2.328670127015952e-06,198.9016670966521,17,COMPLETE
2099,30.24677223918379,16.95454237805794,2026-10-06 01:52:39.208871,2026-10-06 01:55:51.112197,0 days 00:03:11.903326,0.14472486883161542,3.42961079489487,78.91305021174706,18.49957504695779,0.009569508337727876,2.328670127015952e-06,191.9032383481972,17,COMPLETE
2100,23.009771155641193,18.935132298861138,2026-10-06 01:52:39.896866,2026-10-06 01:55:55.326077,0 days 00:03:15.429211,0.48480307501533615,1.8054001832365776,78.91305021174706,33.705587852946245,0.009569508337727876,9.391865709026338e-06,195.42912727501243,17,COMPLETE
2101,14.98803132548914,1.3987387361411678,2026-10-06 01:52:39.900657,2026-10-06 01:55:55.228251,0 days 00:03:15.327594,0.2537871941753988,3.42961079489487,78.91305021174706,12.025559114678314,0.009569508337727876,48.105779032011384,195.32751097204164,17,COMPLETE
2102,24.293559357814893,25.182782593238816,2026-10-06 01:52:39.904643,2026-10-06 01:55:52.772500,0 days 00:03:12.867857,0.48967816666395225,3.42961079489487,78.91305021174706,18.49957504695779,0.009569508337727876,2.328670127015952e-06,192.8677712129429,17,COMPLETE
2103,31.466752828196103,11.3078207472512,2026-10-06 01:52:39.930658,2026-10-06 01:55:52.294074,0 days 00:03:12.363416,0.14472486883161542,1.4279171959894021,78.91305021174706,12.025559114678314,0.009569508337727876,6.383528063279368e-05,192.36330902576447,17,COMPLETE
2104,31.210384382689046,17.60718244445571,2026-10-06 01:52:40.832682,2026-10-06 01:55:54.160003,0 days 00:03:13.327321,0.14472486883161542,1.8054001832365776,78.91305021174706,18.49957504695779,0.009569508337727876,2.328670127015952e-06,193.32723528286442,17,COMPLETE
2105,19.347229096722202,1.3078957605484045,2026-10-06 01:52:40.873678,2026-10-06 01:56:00.845247,0 days 00:03:19.971569,0.08894301332797108,45.48241962951568,78.91305021174706,18.49957504695779,0.03447998607581472,2.328670127015952e-06,199.97144764475524,17,COMPLETE
2106,31.02438712447949,19.554410655001867,2026-10-06 01:52:41.376670,2026-10-06 01:55:57.532788,0 days 00:03:16.156118,0.17958655134255117,1.8054001832365776,78.91305021174706,18.49957504695779,0.009569508337727876,2.328670127015952e-06,196.15603569708765,17,COMPLETE
2107,22.880813516563453,8.873516697630178,2026-10-06 01:52:41.469677,2026-10-06 01:55:53.996514,0 days 00:03:12.526837,0.14472486883161542,1.8054001832365776,71.58141274021098,18.49957504695779,0.009569508337727876,0.09327713612588139,192.52675270522013,17,COMPLETE
2108,26.532889601071645,18.986747044694837,2026-10-06 01:52:41.522662,2026-10-06 01:55:53.393716,0 days 00:03:11.871054,0.42937345114127523,1.8054001832365776,78.91305021174706,18.49957504695779,0.009569508337727876,2.328670127015952e-06,191.8709713211283,17,COMPLETE
2109,31.559469989373135,14.592619012912436,2026-10-06 01:52:41.935844,2026-10-06 01:55:55.609265,0 days 00:03:13.673421,0.12014132825757128,1.8054001832365776,78.91305021174706,12.025559114678314,0.009569508337727876,2.328670127015952e-06,193.67334665590897,17,COMPLETE
2110,13.565204917239024,5.422641611088583,2026-10-06 01:52:41.939650,2026-10-06 01:55:52.744994,0 days 00:03:10.805344,0.14472486883161542,3.42961079489487,13.162554279595856,28.521004463161855,0.009569508337727876,2.2833921966602317,190.8052543750964,17,COMPLETE
2111,17.571141924269302,7.190810729667454,2026-10-06 01:52:41.943636,2026-10-06 01:55:57.215178,0 days 00:03:15.271542,0.17958655134255117,3.42961079489487,78.91305021174706,18.49957504695779,0.009569508337727876,2.059983947605753,195.27146635297686,17,COMPLETE
2112,,,2026-10-06 01:52:42.173279,2026-10-06 01:52:43.035664,0 days 00:00:00.862385,0.14472486883161542,1.8054001832365776,78.91305021174706,18.49957504695779,0.0012397934903237383,,,17,PRUNED
2113,0.5319298029460166,1.1883105828776057,2026-10-06 01:52:42.315789,2026-10-06 01:55:56.472504,0 days 00:03:14.156715,0.6040198049165227,6.28879905307643,78.91305021174706,18.49957504695779,0.008353419831530045,9.391865709026338e-06,194.15662748599425,17,COMPLETE
2114,13.312070559802894,14.526252116438066,2026-10-06 01:52:42.624842,2026-10-06 01:55:54.959298,0 days 00:03:12.334456,0.48480307501533615,3.42961079489487,15.764288272577634,40.2862337213893,0.009569508337727876,9.391865709026338e-06,192.33435917599127,17,COMPLETE
2115,27.73877045554456,9.445134202807212,2026-10-06 01:52:42.628655,2026-10-06 01:55:56.719247,0 days 00:03:14.090592,0.14472486883161542,3.42961079489487,78.91305021174706,7.435571071636222,0.009569508337727876,2.328670127015952e-06,194.09050674783066,17,COMPLETE
2116,2.6663288657433606,1.491806361113683,2026-10-06 01:52:42.632639,2026-10-06 01:55:55.564261,0 days 00:03:12.931622,0.09155394265113938,43.28923139189712,3.296188599084744,30.711719673974137,0.009569508337727876,2.328670127015952e-06,192.93154084589332,17,COMPLETE
2117,30.298695601290916,18.509402448875452,2026-10-06 01:52:43.035973,2026-10-06 01:55:51.986067,0 days 00:03:08.950094,0.17958655134255117,3.42961079489487,78.91305021174706,12.025559114678314,0.009569508337727876,2.328670127015952e-06,188.94999040709808,17,COMPLETE
2118,23.663889992782153,25.418176057937153,2026-10-06 01:52:43.252858,2026-10-06 01:55:55.163961,0 days 00:03:11.911103,0.48967816666395225,6.28879905307643,78.91305021174706,12.025559114678314,0.009569508337727876,2.328670127015952e-06,191.91101563582197,17,COMPLETE
2119,31.210384382689046,17.60718244445571,2026-10-06 01:52:43.256653,2026-10-06 01:55:56.653133,0 days 00:03:13.396480,0.14472486883161542,1.8054001832365776,78.91305021174706,18.49957504695779,0.009569508337727876,2.328670127015952e-06,193.39639457175508,17,COMPLETE
2120,30.24677223918379,16.95454237805794,2026-10-06 01:52:43.297804,2026-10-06 01:55:52.939866,0 days 00:03:09.642062,0.14472486883161542,3.42961079489487,78.91305021174706,18.49957504695779,0.009569508337727876,2.328670127015952e-06,189.64198140986264,17,COMPLETE
2121,25.949846310253957,1.2049442604189369,2026-10-06 01:52:43.318793,2026-10-06 01:55:57.156093,0 days 00:03:13.837300,0.037592230686835926,6.28879905307643,78.91305021174706,12.025559114678314,0.009569508337727876,2.328670127015952e-06,193.83721662918106,17,COMPLETE
2122,17.77006897066946,1.2443317303583459,2026-10-06 01:52:43.598846,2026-10-06 01:55:57.200529,0 days 00:03:13.601683,0.012015054923801088,1.8054001832365776,78.91305021174706,18.49957504695779,0.010950120476539132,2.328670127015952e-06,193.60160284675658,17,COMPLETE
2123,30.292352956802944,6.325170325191873,2026-10-06 01:52:43.766688,2026-10-06 01:55:53.272993,0 days 00:03:09.506305,0.04511655588767079,1.8054001832365776,78.91305021174706,47.77760718136664,0.009569508337727876,2.328670127015952e-06,189.50621875701472,17,COMPLETE
2124,9.22839783385891,4.382242446162241,2026-10-06 01:52:43.980682,2026-10-06 01:55:55.569185,0 days 00:03:11.588503,0.14472486883161542,1.8054001832365776,1.4621253678086557,18.49957504695779,0.006656333185620568,2.328670127015952e-06,191.5884266528301,17,COMPLETE
2125,22.448885372117896,4.188520999467272,2026-10-06 01:52:43.997642,2026-10-06 01:55:56.332130,0 days 00:03:12.334488,0.14472486883161542,30.698745896026267,78.91305021174706,18.49957504695779,0.009569508337727876,2.328670127015952e-06,192.33440616633743,17,COMPLETE
2126,20.6055416273733,22.370612123335146,2026-10-06 01:52:44.171670,2026-10-06 01:55:54.995700,0 days 00:03:10.824030,0.6040198049165227,3.42961079489487,78.91305021174706,22.370638083101454,0.009569508337727876,9.391865709026338e-06,190.82394615886733,17,COMPLETE
2127,30.69163280195367,17.684483138732958,2026-10-06 01:52:44.268678,2026-10-06 01:55:55.580213,0 days 00:03:11.311535,0.14472486883161542,2.5826334477054016,78.91305021174706,18.49957504695779,0.009569508337727876,2.328670127015952e-06,191.31145740905777,17,COMPLETE
2128,22.424047949391024,1.813212081473826,2026-10-06 01:52:44.628847,2026-10-06 01:55:53.986247,0 days 00:03:09.357400,0.042479708248751046,1.8054001832365776,18.50336046287937,12.303481343464334,0.014595153625881839,2.328670127015952e-06,189.35730726318434,17,COMPLETE
2129,4.099202828428824,1.3668861747159657,2026-10-06 01:52:44.632656,2026-10-06 01:55:57.075024,0 days 00:03:12.442368,0.3401090828369047,1.8054001832365776,1.5810652630259867,3.380550858409783,0.009569508337727876,10.230902632457385,192.44228893425316,17,COMPLETE
2130,28.91966084397099,6.257975930145137,2026-10-06 01:52:44.950681,2026-10-06 01:55:55.514620,0 days 00:03:10.563939,0.08005871418270061,3.42961079489487,78.91305021174706,28.521004463161855,0.009569508337727876,0.04410475413661391,190.56385568110272,17,COMPLETE
2131,30.185195389305534,19.880841445258802,2026-10-06 01:52:45.092851,2026-10-06 01:55:52.972050,0 days 00:03:07.879199,0.17958655134255117,3.42961079489487,78.91305021174706,18.49957504695779,0.009569508337727876,2.328670127015952e-06,187.87912458414212,17,COMPLETE
2132,22.086333600479726,6.234360708310202,2026-10-06 01:52:45.096644,2026-10-06 01:55:58.633557,0 days 00:03:13.536913,0.12825282626789197,1.8054001832365776,10.57518491188208,2.4821582187648223,0.009569508337727876,2.328670127015952e-06,193.5368281970732,17,COMPLETE
2133,27.337056485670836,1.7723179484681952,2026-10-06 01:52:45.100712,2026-10-06 01:55:56.964303,0 days 00:03:11.863591,0.14472486883161542,3.42961079489487,78.91305021174706,33.705587852946245,0.07724386582919668,2.328670127015952e-06,191.86351498682052,17,COMPLETE
2134,2.82303904238944,1.5122527966002912,2026-10-06 01:52:45.134656,2026-10-06 01:55:55.602926,0 days 00:03:10.468270,0.14472486883161542,46.13473378300899,4.2647652307257955,18.49957504695779,0.009569508337727876,2.328670127015952e-06,190.46819838602096,17,COMPLETE
2135,21.695149113647588,12.090576707689143,2026-10-06 01:52:45.142640,2026-10-06 01:55:57.598357,0 days 00:03:12.455717,0.5804379238023668,7.7988590190752145,78.91305021174706,6.286613665766169,0.009569508337727876,2.328670127015952e-06,192.45563120907173,17,COMPLETE
2136,24.293559357814893,25.182782593238816,2026-10-06 01:52:45.146642,2026-10-06 01:55:58.513907,0 days 00:03:13.367265,0.48967816666395225,3.42961079489487,78.91305021174706,18.49957504695779,0.009569508337727876,2.328670127015952e-06,193.3671876359731,17,COMPLETE
2137,30.69163280195367,17.684483138732958,2026-10-06 01:52:45.194584,2026-10-06 01:55:56.525855,0 days 00:03:11.331271,0.14472486883161542,2.5826334477054016,78.91305021174706,18.49957504695779,0.009569508337727876,2.328670127015952e-06,191.33119319193065,17,COMPLETE
2138,20.544323218279022,21.138257506815854,2026-10-06 01:52:45.212441,2026-10-06 01:56:00.228514,0 days 00:03:15.016073,0.6040198049165227,3.42961079489487,78.91305021174706,18.49957504695779,0.009569508337727876,9.391865709026338e-06,195.0159811140038,17,COMPLETE
2139,17.20755337593346,6.830683179219189,2026-10-06 01:52:45.495837,2026-10-06 01:55:54.725702,0 days 00:03:09.229865,0.48967816666395225,33.36868700092141,78.91305021174706,18.49957504695779,0.009569508337727876,2.328670127015952e-06,189.22976303193718,17,COMPLETE
2140,30.67979138519388,1.6696765217821232,2026-10-06 01:52:45.623697,2026-10-06 01:55:58.638414,0 days 00:03:13.014717,0.14472486883161542,6.28879905307643,78.91305021174706,1.8190863578544005,0.009569508337727876,2.328670127015952e-06,193.0146294599399,17,COMPLETE
2141,,,2026-10-06 01:52:45.667676,2026-10-06 01:52:46.600701,0 days 00:00:00.933025,0.14472486883161542,1.8054001832365776,78.91305021174706,4.746314366327695,0.005348892265817422,,,17,PRUNED
2142,,,2026-10-06 01:52:46.219678,2026-10-06 01:52:47.214720,0 days 00:00:00.995042,0.14472486883161542,1.8054001832365776,78.91305021174706,12.025559114678314,0.007118227692214641,,,17,PRUNED
2143,31.80745145264631,10.635669175727354,2026-10-06 01:52:46.405876,2026-10-06 01:56:00.873434,0 days 00:03:14.467558,0.14472486883161542,1.8054001832365776,78.91305021174706,1.8190863578544005,0.009569508337727876,2.328670127015952e-06,194.46649668179452,17,COMPLETE
2144,23.177979201867508,1.2930006483647354,2026-10-06 01:52:46.409651,2026-10-06 01:55:59.004242,0 days 00:03:12.594591,0.14472486883161542,9.274151692839432,78.91305021174706,18.49957504695779,0.009569508337727876,2.328670127015952e-06,192.5945048457943,17,COMPLETE
2145,12.143711929528136,13.396107969979944,2026-10-06 01:52:46.413634,2026-10-06 01:55:59.277510,0 days 00:03:12.863876,0.5804379238023668,7.7988590190752145,15.747348585029782,18.49957504695779,0.009569508337727876,2.328670127015952e-06,192.8637916892767,17,COMPLETE
2146,31.563891700162106,14.56744526470626,2026-10-06 01:52:46.417633,2026-10-06 01:55:56.990116,0 days 00:03:10.572483,0.12014132825757128,1.8054001832365776,78.91305021174706,11.893393556982886,0.009569508337727876,2.328670127015952e-06,190.57240899279714,17,COMPLETE
2147,16.15773336698309,1.1772927154316124,2026-10-06 01:52:46.421632,2026-10-06 01:55:57.315869,0 days 00:03:10.894237,0.14472486883161542,20.885264258127194,62.86562152173449,33.705587852946245,0.08134901307141228,9.391865709026338e-06,190.89416029211134,17,COMPLETE
2148,19.763697846415063,20.8534611268414,2026-10-06 01:52:46.425634,2026-10-06 01:55:57.338379,0 days 00:03:10.912745,0.2537871941753988,3.42961079489487,22.995679378396126,18.49957504695779,0.009569508337727876,2.328670127015952e-06,190.91267126612365,17,COMPLETE
2149,31.213423293521135,16.405499223684007,2026-10-06 01:52:46.429645,2026-10-06 01:55:56.759544,0 days 00:03:10.329899,0.14472486883161542,1.8054001832365776,78.91305021174706,18.49957504695779,0.009569508337727876,9.391865709026338e-06,190.32982124621049,17,COMPLETE
2150,,,2026-10-06 01:52:46.433640,2026-10-06 01:52:47.042699,0 days 00:00:00.609059,0.14472486883161542,1.8054001832365776,78.91305021174706,18.49957504695779,0.004593643629138398,,,17,PRUNED
2151,27.354802883405462,5.581288874413904,2026-10-06 01:52:47.226863,2026-10-06 01:55:58.487838,0 days 00:03:11.260975,0.14472486883161542,1.8054001832365776,78.91305021174706,57.273519400396076,0.008698017554316196,2.328670127015952e-06,191.26088235806674,17,COMPLETE
2152,23.663889992782153,25.418176057937153,2026-10-06 01:52:47.230655,2026-10-06 01:56:00.090495,0 days 00:03:12.859840,0.48967816666395225,6.28879905307643,78.91305021174706,12.025559114678314,0.009569508337727876,2.328670127015952e-06,192.85973991593346,17,COMPLETE
2153,23.636126650663737,25.646594811793193,2026-10-06 01:52:47.234640,2026-10-06 01:55:57.526451,0 days 00:03:10.291811,0.48967816666395225,6.28879905307643,78.91305021174706,12.303481343464334,0.009569508337727876,2.328670127015952e-06,190.29172151070088,17,COMPLETE
2154,17.17996588441678,6.4792220199961434,2026-10-06 01:52:47.238644,2026-10-06 01:55:56.907929,0 days 00:03:09.669285,0.48967816666395225,32.534003992375595,78.91305021174706,18.49957504695779,0.009569508337727876,2.328670127015952e-06,189.6691981907934,17,COMPLETE
2155,19.92557172595071,23.340007792271514,2026-10-06 01:52:47.748709,2026-10-06 01:55:58.024640,0 days 00:03:10.275931,0.3401090828369047,3.42961079489487,32.38427665373375,18.751348741866423,0.009569508337727876,2.328670127015952e-06,190.27584522403777,17,COMPLETE
2156,17.920393184049892,14.586630458819283,2026-10-06 01:52:47.969686,2026-10-06 01:55:59.058790,0 days 00:03:11.089104,0.48967816666395225,3.42961079489487,78.91305021174706,18.49957504695779,0.009569508337727876,0.0010559297197086012,191.08902009623125,18,COMPLETE
2157,30.69163280195367,17.684483138732958,2026-10-06 01:52:50.220690,2026-10-06 01:56:00.103765,0 days 00:03:09.883075,0.14472486883161542,2.5826334477054016,78.91305021174706,18.49957504695779,0.009569508337727876,2.328670127015952e-06,189.882987734396,18,COMPLETE
2158,24.484095646425363,16.743897543282543,2026-10-06 01:54:33.771761,2026-10-06 01:57:46.448950,0 days 00:03:12.677189,0.48967816666395225,1.8054001832365776,78.91305021174706,12.025559114678314,0.009569508337727876,2.328670127015952e-06,192.67707636207342,18,COMPLETE
2159,31.009425578384544,18.169571737126063,2026-10-06 01:55:50.016695,2026-10-06 01:59:02.985461,0 days 00:03:12.968766,0.14472486883161542,1.8054001832365776,78.91305021174706,23.799365678660685,0.009569508337727876,2.328670127015952e-06,192.9686508406885,18,COMPLETE
2160,14.577368687412243,7.959145191488925,2026-10-06 01:55:50.438721,2026-10-06 01:59:01.975516,0 days 00:03:11.536795,0.17958655134255117,3.42961079489487,7.500011385119842,18.49957504695779,0.009569508337727876,2.328670127015952e-06,191.53657703101635,18,COMPLETE
2161,6.170015759784823,1.6350498864081273,2026-10-06 01:55:50.785689,2026-10-06 01:59:03.695609,0 days 00:03:12.909920,0.48480307501533615,35.98026388164498,6.336166630693769,10.622812137680619,0.0013401915920492624,2.328670127015952e-06,192.90981258591637,18,COMPLETE
2162,31.563891700162106,14.56744526470626,2026-10-06 01:55:51.216754,2026-10-06 01:59:04.345489,0 days 00:03:13.128735,0.12014132825757128,1.8054001832365776,78.91305021174706,11.893393556982886,0.009569508337727876,2.328670127015952e-06,193.12855276092887,18,COMPLETE
2163,20.405101012379337,24.743995810496347,2026-10-06 01:55:51.751851,2026-10-06 01:59:03.303616,0 days 00:03:11.551765,0.6040198049165227,6.28879905307643,78.91305021174706,18.49957504695779,0.009569508337727876,1.921512329074713e-05,191.5516725149937,18,COMPLETE
