number,values_0,values_1,datetime_start,datetime_complete,duration,params_c_val,params_input_force,params_k_between_val,params_k_wall_val,params_m_val,params_ridge_alpha,user_attrs_duration_sec,system_attrs_NSGAIISampler:generation,state
3073,29.402651962641755,8.448320258640104,2026-10-06 02:37:42.321011,2026-10-06 02:40:53.621514,0 days 00:03:11.300503,0.14472486883161542,1.8054001832365776,78.91305021174706,4.949274479107639,0.009569508337727876,0.008196920408051882,191.30041113309562,25,COMPLETE
3074,,,2026-10-06 02:37:42.391654,2026-10-06 02:37:43.629732,0 days 00:00:01.238078,0.14472486883161542,1.8054001832365776,44.350634385760756,4.949274479107639,0.001971502601212765,,,25,PRUNED
3075,15.197253546352561,1.4070054458363475,2026-10-06 02:37:42.522699,2026-10-06 02:40:58.826703,0 days 00:03:16.304004,0.06106674294355214,1.8054001832365776,23.318584738492905,8.12919983985662,0.009569508337727876,68.93293930079587,196.30390329193324,25,COMPLETE
3076,31.247143612386047,18.154730962084823,2026-10-06 02:37:42.744700,2026-10-06 02:40:55.256689,0 days 00:03:12.511989,0.17534157142392734,1.8054001832365776,78.91305021174706,12.768529232751401,0.009569508337727876,2.328670127015952e-06,192.5119006098248,25,COMPLETE
3077,31.488651241640884,16.678654166865694,2026-10-06 02:37:42.959683,2026-10-06 02:40:57.907586,0 days 00:03:14.947903,0.1912437107176475,1.8054001832365776,78.91305021174706,8.12919983985662,0.009569508337727876,2.328670127015952e-06,194.94781712209806,25,COMPLETE
3078,5.309953609017627,1.1721702345663554,2026-10-06 02:37:43.065424,2026-10-06 02:40:49.605362,0 days 00:03:06.539938,0.017409435189827512,1.8054001832365776,3.846080045580704,8.12919983985662,0.009569508337727876,2.328670127015952e-06,186.53982365783304,25,COMPLETE
3079,14.491079654005564,2.8322227683881698,2026-10-06 02:37:43.147715,2026-10-06 02:40:54.489461,0 days 00:03:11.341746,0.14472486883161542,32.59839446881118,15.476741211223741,6.967854344015412,0.009569508337727876,2.328670127015952e-06,191.34165084175766,25,COMPLETE
3080,20.063192006407842,10.92513906892928,2026-10-06 02:37:43.402694,2026-10-06 02:40:56.747567,0 days 00:03:13.344873,0.3401090828369047,7.981364986590173,78.91305021174706,18.49957504695779,0.009569508337727876,2.328670127015952e-06,193.34478226304054,25,COMPLETE
3081,28.25994622660489,25.07992649618613,2026-10-06 02:37:43.406647,2026-10-06 02:40:54.408956,0 days 00:03:11.002309,0.3401090828369047,3.42961079489487,78.91305021174706,18.49957504695779,0.009569508337727876,2.328670127015952e-06,191.0022143307142,25,COMPLETE
3082,19.79611191749509,4.732642020159645,2026-10-06 02:37:43.543963,2026-10-06 02:40:55.357954,0 days 00:03:11.813991,0.3401090828369047,40.87554190802729,78.91305021174706,18.49957504695779,0.015226926162068048,2.328670127015952e-06,191.81390929827467,25,COMPLETE
3083,18.771683622718967,7.8769797657864125,2026-10-06 02:37:43.836880,2026-10-06 02:40:56.614965,0 days 00:03:12.778085,0.14472486883161542,1.0100598856645617,5.95909326056277,6.182683349256731,0.008698017554316196,2.328670127015952e-06,192.77800459275022,25,COMPLETE
3084,4.646491199622381,1.5375026070163025,2026-10-06 02:37:43.840640,2026-10-06 02:40:57.689773,0 days 00:03:13.849133,0.13980268260953316,3.42961079489487,1.226714559820774,40.02227316320613,0.009569508337727876,2.328670127015952e-06,193.84905206318945,25,COMPLETE
3085,31.488651241640884,16.678654166865694,2026-10-06 02:37:43.844627,2026-10-06 02:40:53.446998,0 days 00:03:09.602371,0.1912437107176475,1.8054001832365776,78.91305021174706,8.12919983985662,0.009569508337727876,2.328670127015952e-06,189.60227134730667,25,COMPLETE
3086,31.488651241640884,16.678654166865694,2026-10-06 02:37:43.848637,2026-10-06 02:40:53.825693,0 days 00:03:09.977056,0.1912437107176475,1.8054001832365776,78.91305021174706,8.12919983985662,0.009569508337727876,2.328670127015952e-06,189.97697778604925,25,COMPLETE
3087,31.547637438959708,5.073589478699698,2026-10-06 02:37:43.852635,2026-10-06 02:40:56.210977,0 days 00:03:12.358342,0.22031827582514427,1.8054001832365776,78.91305021174706,40.2862337213893,0.04360901241152939,2.328670127015952e-06,192.3582616923377,25,COMPLETE
3088,31.61789234006431,16.234849438418628,2026-10-06 02:37:43.856628,2026-10-06 02:40:58.236596,0 days 00:03:14.379968,0.14472486883161542,1.8054001832365776,78.91305021174706,4.949274479107639,0.008698017554316196,2.328670127015952e-06,194.37989548407495,25,COMPLETE
3089,31.058494576748092,18.688083566493344,2026-10-06 02:37:43.860634,2026-10-06 02:40:55.041383,0 days 00:03:11.180749,0.14472486883161542,1.8054001832365776,78.91305021174706,12.303481343464334,0.008698017554316196,2.328670127015952e-06,191.1806653169915,25,COMPLETE
3090,15.152306509848234,6.8159467963339635,2026-10-06 02:37:43.864627,2026-10-06 02:41:00.136172,0 days 00:03:16.271545,0.17534157142392734,1.8054001832365776,5.310375769436455,18.49957504695779,0.009569508337727876,2.6223513692171763e-05,196.271458376199,25,COMPLETE
3091,31.72086399713438,15.384440345995756,2026-10-06 02:37:43.868639,2026-10-06 02:40:53.772527,0 days 00:03:09.903888,0.14472486883161542,1.8054001832365776,78.91305021174706,8.12919983985662,0.009569508337727876,2.328670127015952e-06,189.90381043124944,25,COMPLETE
3092,30.717962188549286,20.749535512680232,2026-10-06 02:37:43.984132,2026-10-06 02:41:00.090485,0 days 00:03:16.106353,0.22031827582514427,2.5826334477054016,78.91305021174706,6.182683349256731,0.008698017554316196,2.328670127015952e-06,196.1062622750178,25,COMPLETE
3093,8.61639907970208,4.794738610598434,2026-10-06 02:37:44.657812,2026-10-06 02:40:54.922159,0 days 00:03:10.264347,0.22031827582514427,2.5826334477054016,1.7492501728737913,40.2862337213893,0.009569508337727876,2.328670127015952e-06,190.2642529970035,25,COMPLETE
3094,21.63319644051366,33.55004013204323,2026-10-06 02:37:44.907470,2026-10-06 02:40:58.233997,0 days 00:03:13.326527,0.48967816666395225,6.28879905307643,78.91305021174706,53.19831855856638,0.009569508337727876,1.0222831367383009e-05,193.3264466058463,26,COMPLETE
3095,31.62605267685125,17.04516925763458,2026-10-06 02:37:44.910644,2026-10-06 02:41:01.037321,0 days 00:03:16.126677,0.17534157142392734,1.8054001832365776,78.91305021174706,4.949274479107639,0.008698017554316196,2.328670127015952e-06,196.12657389882952,26,COMPLETE
3096,31.943293876119185,14.530248461774908,2026-10-06 02:37:44.914648,2026-10-06 02:40:57.899273,0 days 00:03:12.984625,0.14472486883161542,1.8054001832365776,78.91305021174706,6.182683349256731,0.009569508337727876,2.328670127015952e-06,192.98453738121316,26,COMPLETE
3097,31.68113389956314,8.97445433238483,2026-10-06 02:37:44.918635,2026-10-06 02:40:55.865495,0 days 00:03:10.946860,0.0788107663006156,1.8054001832365776,78.91305021174706,8.12919983985662,0.009569508337727876,2.328670127015952e-06,190.9467795691453,26,COMPLETE
3098,17.86450991497957,7.340647734845193,2026-10-06 02:37:44.936654,2026-10-06 02:40:55.257572,0 days 00:03:10.320918,0.1912437107176475,1.8054001832365776,7.35492303018631,8.12919983985662,0.011560975003223105,2.328670127015952e-06,190.32084427122027,26,COMPLETE
3099,31.677963065781302,10.941718104025341,2026-10-06 02:37:45.813864,2026-10-06 02:40:55.712480,0 days 00:03:09.898616,0.14472486883161542,2.1323093767134367,78.91305021174706,4.949274479107639,0.009569508337727876,3.857929425517052e-05,189.8985053608194,26,COMPLETE
3100,15.362446055992553,5.766698697354466,2026-10-06 02:37:45.817648,2026-10-06 02:40:56.557623,0 days 00:03:10.739975,0.22031827582514427,33.312873279784746,78.91305021174706,40.29115295108787,0.009569508337727876,0.05353336564972384,190.73989334004,26,COMPLETE
3101,23.678499974011643,1.3675936148918426,2026-10-06 02:37:45.821634,2026-10-06 02:40:58.227795,0 days 00:03:12.406161,0.01622979855249277,1.8054001832365776,78.91305021174706,40.2862337213893,0.009569508337727876,2.328670127015952e-06,192.40607090014964,26,COMPLETE
3102,31.394278213198298,2.487071522421772,2026-10-06 02:37:45.825629,2026-10-06 02:40:57.374035,0 days 00:03:11.548406,0.24110083610459004,1.8054001832365776,78.91305021174706,6.182683349256731,0.0541506899001296,2.328670127015952e-06,191.54830131074414,26,COMPLETE
3103,,,2026-10-06 02:37:46.200839,2026-10-06 02:37:46.875757,0 days 00:00:00.674918,0.14472486883161542,1.8054001832365776,78.91305021174706,6.182683349256731,0.004671917415823991,,,26,PRUNED
3104,17.280045821509663,10.463863438114846,2026-10-06 02:37:46.299787,2026-10-06 02:40:56.461012,0 days 00:03:10.161225,0.14472486883161542,3.42961079489487,78.91305021174706,41.578609381907256,0.008698017554316196,5.208925199163094,190.16114050382748,26,COMPLETE
3105,31.04130215027867,18.09849980401172,2026-10-06 02:37:46.455666,2026-10-06 02:40:56.305547,0 days 00:03:09.849881,0.14472486883161542,1.8054001832365776,78.91305021174706,22.97624552266989,0.009569508337727876,2.328670127015952e-06,189.84966612700373,26,COMPLETE
3106,15.878260665754079,8.803175168957868,2026-10-06 02:37:46.582666,2026-10-06 02:40:57.806157,0 days 00:03:11.223491,0.48480307501533615,3.42961079489487,78.91305021174706,35.397938808104236,0.009569508337727876,0.20608819893609454,191.2233766769059,26,COMPLETE
3107,31.368516809117455,10.27530390108422,2026-10-06 02:37:47.055848,2026-10-06 02:40:56.957572,0 days 00:03:09.901724,0.1912437107176475,1.8054001832365776,78.91305021174706,8.12919983985662,0.016597913111431828,2.328670127015952e-06,189.90162483090535,26,COMPLETE
3108,29.607704419586366,15.440596798320966,2026-10-06 02:37:47.059646,2026-10-06 02:41:01.614899,0 days 00:03:14.555253,0.3401090828369047,1.8054001832365776,78.91305021174706,8.12919983985662,0.009569508337727876,2.328670127015952e-06,194.55514061497524,26,COMPLETE
3109,29.21357809593224,16.31843241874594,2026-10-06 02:37:47.158665,2026-10-06 02:40:57.651060,0 days 00:03:10.492395,0.3401090828369047,3.42961079489487,78.91305021174706,4.949274479107639,0.009569508337727876,2.328670127015952e-06,190.49229999491945,26,COMPLETE
3110,30.64973783573111,2.4347437631976767,2026-10-06 02:37:48.061819,2026-10-06 02:40:58.447333,0 days 00:03:10.385514,0.14472486883161542,17.128139055112623,78.91305021174706,2.108685584798418,0.009569508337727876,2.328670127015952e-06,190.38542677788064,26,COMPLETE
3111,16.159374218868386,14.518556325873018,2026-10-06 02:37:48.297679,2026-10-06 02:40:58.097931,0 days 00:03:09.800252,0.48480307501533615,3.42961079489487,78.91305021174706,46.431764750098004,0.009569508337727876,0.01141818530780851,189.80014013731852,26,COMPLETE
3112,32.62085044259818,2.640203384774912,2026-10-06 02:37:49.088685,2026-10-06 02:40:59.095303,0 days 00:03:10.006618,0.14472486883161542,1.8054001832365776,78.91305021174706,4.949274479107639,0.03463343903868386,2.328670127015952e-06,190.0065177208744,26,COMPLETE
3113,30.307714350547563,22.904199665561656,2026-10-06 02:37:49.096650,2026-10-06 02:40:56.437841,0 days 00:03:07.341191,0.22031827582514427,1.8054001832365776,78.91305021174706,40.2862337213893,0.009569508337727876,2.328670127015952e-06,187.34110661782324,26,COMPLETE
3114,,,2026-10-06 02:37:49.482860,2026-10-06 02:37:50.382715,0 days 00:00:00.899855,0.22031827582514427,2.5826334477054016,78.91305021174706,4.795669219657378,0.001485514545024374,,,26,PRUNED
3115,32.105448248610195,13.77246817701386,2026-10-06 02:37:50.608722,2026-10-06 02:40:58.315010,0 days 00:03:07.706288,0.14472486883161542,1.8054001832365776,78.91305021174706,4.949274479107639,0.009569508337727876,2.328670127015952e-06,187.70619741175324,26,COMPLETE
3116,13.51552337344928,1.2315725877233823,2026-10-06 02:37:51.585705,2026-10-06 02:41:03.251290,0 days 00:03:11.665585,0.012312052752716402,1.8054001832365776,78.91305021174706,46.431764750098004,0.009569508337727876,90.05172389248432,191.66547066811472,26,COMPLETE
3117,23.498976105488882,1.1284539482292797,2026-10-06 02:38:16.350044,2026-10-06 02:41:29.579180,0 days 00:03:13.229136,0.016352100098007073,1.8054001832365776,78.91305021174706,12.025559114678314,0.008698017554316196,1.943351775611158e-06,193.22901171678677,26,COMPLETE
3118,29.785911648711487,20.245575676073322,2026-10-06 02:39:31.251720,2026-10-06 02:42:47.152604,0 days 00:03:15.900884,0.14472486883161542,1.8054001832365776,78.91305021174706,48.20814421448549,0.008698017554316196,2.328670127015952e-06,195.90076626930386,26,COMPLETE
3119,,,2026-10-06 02:40:49.733893,2026-10-06 02:40:50.226746,0 days 00:00:00.492853,0.7562934643769069,6.56968274079292,78.91305021174706,62.95714530146604,0.008698017554316196,,,26,PRUNED
3120,31.6326156548546,16.256556589563694,2026-10-06 02:40:49.737661,2026-10-06 02:44:03.873181,0 days 00:03:14.135520,0.17534157142392734,1.8054001832365776,78.91305021174706,7.704673657496365,0.009569508337727876,2.328670127015952e-06,194.13541145715863,26,COMPLETE
3121,31.488651241640884,16.678654166865694,2026-10-06 02:40:50.680794,2026-10-06 02:44:03.013968,0 days 00:03:12.333174,0.1912437107176475,1.8054001832365776,78.91305021174706,8.12919983985662,0.009569508337727876,2.328670127015952e-06,192.33305605780333,26,COMPLETE
3122,20.48660716070838,12.422833909604446,2026-10-06 02:40:51.160691,2026-10-06 02:44:05.724191,0 days 00:03:14.563500,0.14472486883161542,3.42961079489487,17.35450692052032,18.49957504695779,0.009569508337727876,2.328670127015952e-06,194.56338583584875,26,COMPLETE
3123,16.516535876801495,1.2665734213257342,2026-10-06 02:40:52.512683,2026-10-06 02:44:05.753823,0 days 00:03:13.241140,0.2549882260351083,39.8968433841257,78.91305021174706,40.2862337213893,0.07283558679552386,3.034589613893464,193.24102879595011,26,COMPLETE
3124,31.210384382689046,17.60718244445571,2026-10-06 02:40:53.468534,2026-10-06 02:44:08.876349,0 days 00:03:15.407815,0.14472486883161542,1.8054001832365776,78.91305021174706,18.49957504695779,0.009569508337727876,2.328670127015952e-06,195.4077309188433,26,COMPLETE
3125,31.488651241640884,16.678654166865694,2026-10-06 02:40:53.588678,2026-10-06 02:44:05.363014,0 days 00:03:11.774336,0.1912437107176475,1.8054001832365776,78.91305021174706,8.12919983985662,0.009569508337727876,2.328670127015952e-06,191.77421675203368,26,COMPLETE
3126,31.61209487258584,5.331068247429433,2026-10-06 02:40:53.621936,2026-10-06 02:44:08.357667,0 days 00:03:14.735731,0.22031827582514427,2.5826334477054016,93.75702466625958,52.60058581052619,0.045427208095334466,2.328670127015952e-06,194.7356385961175,26,COMPLETE
3127,31.069866828774348,18.642804006703685,2026-10-06 02:40:53.826058,2026-10-06 02:44:08.233268,0 days 00:03:14.407210,0.14472486883161542,1.8054001832365776,78.91305021174706,12.025559114678314,0.008698017554316196,2.328670127015952e-06,194.40712150465697,26,COMPLETE
3128,24.315973939141635,5.846132790031362,2026-10-06 02:40:53.908669,2026-10-06 02:44:06.270006,0 days 00:03:12.361337,0.17534157142392734,39.39937465036918,78.91305021174706,12.025559114678314,0.009569508337727876,2.328670127015952e-06,192.36123850708827,26,COMPLETE
3129,,,2026-10-06 02:40:54.089693,2026-10-06 02:40:55.445830,0 days 00:00:01.356137,0.14472486883161542,1.8054001832365776,78.91305021174706,18.49957504695779,0.0027690205084663095,,,26,PRUNED
3130,30.38754887030957,22.018902183429034,2026-10-06 02:40:54.325696,2026-10-06 02:44:05.843825,0 days 00:03:11.518129,0.1912437107176475,1.8054001832365776,78.91305021174706,45.605935248059524,0.009569508337727876,2.328670127015952e-06,191.5180182219483,26,COMPLETE
3131,30.74442233035939,21.75767054448582,2026-10-06 02:40:54.489765,2026-10-06 02:44:11.688090,0 days 00:03:17.198325,0.22031827582514427,1.8054001832365776,78.91305021174706,12.025559114678314,0.008698017554316196,2.328670127015952e-06,197.1982318018563,26,COMPLETE
3132,24.63684661703017,1.2257293510982317,2026-10-06 02:40:54.530817,2026-10-06 02:44:14.206341,0 days 00:03:19.675524,0.14472486883161542,3.42961079489487,51.66913827917514,1.3125065658454762,0.08804536657614696,8.644020665477736e-05,199.67539256624877,26,COMPLETE
3133,31.210384382689046,17.60718244445571,2026-10-06 02:40:54.650678,2026-10-06 02:44:08.752513,0 days 00:03:14.101835,0.14472486883161542,1.8054001832365776,78.91305021174706,18.49957504695779,0.009569508337727876,2.328670127015952e-06,194.10173690598458,26,COMPLETE
3134,8.881052366737132,5.3280560629636815,2026-10-06 02:40:54.860665,2026-10-06 02:44:09.522805,0 days 00:03:14.662140,0.48967816666395225,3.42961079489487,3.1118668321984773,35.397938808104236,0.017104947017758547,1.4671267453130232e-06,194.66169460723177,26,COMPLETE
3135,14.26934679771917,5.285699905569663,2026-10-06 02:40:55.313872,2026-10-06 02:44:07.679733,0 days 00:03:12.365861,0.1912437107176475,1.8054001832365776,3.66645691682198,8.12919983985662,0.009569508337727876,2.328670127015952e-06,192.3657631301321,26,COMPLETE
3136,31.61789234006431,16.234849438418628,2026-10-06 02:40:55.317635,2026-10-06 02:44:08.397815,0 days 00:03:13.080180,0.14472486883161542,1.8054001832365776,78.91305021174706,4.949274479107639,0.008698017554316196,2.328670127015952e-06,193.08009345876053,26,COMPLETE
3137,29.20118312204651,24.074352855408254,2026-10-06 02:40:55.321631,2026-10-06 02:44:11.667086,0 days 00:03:16.345455,0.22031827582514427,3.42961079489487,78.91305021174706,40.29115295108787,0.009569508337727876,2.328670127015952e-06,196.3453594739549,26,COMPLETE
3138,,,2026-10-06 02:40:55.325632,2026-10-06 02:40:55.987753,0 days 00:00:00.662121,0.14472486883161542,1.0100598856645617,78.91305021174706,3.007429411173102,0.004190584309216178,,,26,PRUNED
3139,,,2026-10-06 02:40:55.352648,2026-10-06 02:40:56.010364,0 days 00:00:00.657716,0.22031827582514427,2.5826334477054016,13.783524235809795,12.025559114678314,0.0010538223628422183,,,26,PRUNED
3140,17.937434899510635,1.8176899924836207,2026-10-06 02:40:55.378543,2026-10-06 02:44:07.958376,0 days 00:03:12.579833,0.1912437107176475,1.8054001832365776,6.739930770170325,8.12919983985662,0.03647794647155511,2.328670127015952e-06,192.57974578579888,26,COMPLETE
3141,31.069866828774348,18.642804006703685,2026-10-06 02:40:55.389787,2026-10-06 02:44:09.322291,0 days 00:03:13.932504,0.14472486883161542,1.8054001832365776,78.91305021174706,12.025559114678314,0.008698017554316196,2.328670127015952e-06,193.9324185969308,26,COMPLETE
3142,30.38754887030957,22.018902183429034,2026-10-06 02:40:55.454182,2026-10-06 02:44:10.980500,0 days 00:03:15.526318,0.1912437107176475,1.8054001832365776,78.91305021174706,45.605935248059524,0.009569508337727876,2.328670127015952e-06,195.52623079996556,26,COMPLETE
3143,8.160393980780958,1.3871180719015868,2026-10-06 02:40:55.460651,2026-10-06 02:44:12.403393,0 days 00:03:16.942742,0.14472486883161542,10.106306188982247,16.508294722181105,19.495008206346917,0.009569508337727876,2.328670127015952e-06,196.94265306694433,26,COMPLETE
3144,22.970108509734096,2.253967958978596,2026-10-06 02:40:55.721135,2026-10-06 02:44:08.032139,0 days 00:03:12.311004,0.14472486883161542,17.636548739540196,78.91305021174706,18.49957504695779,0.009569508337727876,8.215968681147507e-06,192.31091057276353,26,COMPLETE
3145,29.488520817776873,21.336817366388953,2026-10-06 02:40:56.160877,2026-10-06 02:44:05.988816,0 days 00:03:09.827939,0.17534157142392734,3.42961079489487,78.91305021174706,45.605935248059524,0.009569508337727876,2.328670127015952e-06,189.82783937454224,26,COMPLETE
3146,26.31018542282653,23.574509459155646,2026-10-06 02:40:56.164653,2026-10-06 02:44:09.669673,0 days 00:03:13.505020,0.3401090828369047,3.42961079489487,66.22580927877343,18.49957504695779,0.009569508337727876,2.328670127015952e-06,193.50493431231007,26,COMPLETE
3147,15.4284329960582,1.4764349910924848,2026-10-06 02:40:56.168629,2026-10-06 02:44:07.352236,0 days 00:03:11.183607,0.22031827582514427,11.37587121896862,78.91305021174706,40.29115295108787,0.009569508337727876,2.328670127015952e-06,191.1835216069594,26,COMPLETE
3148,23.505751901934445,1.3009486214994541,2026-10-06 02:40:56.172640,2026-10-06 02:44:07.247431,0 days 00:03:11.074791,0.48480307501533615,6.56968274079292,78.91305021174706,1.838885646607999,0.06488476020616367,0.02431947813807979,191.07468836707994,26,COMPLETE
3149,30.416652105140713,18.568590016932696,2026-10-06 02:40:56.176629,2026-10-06 02:44:10.673236,0 days 00:03:14.496607,0.14472486883161542,2.6326899848668783,78.91305021174706,12.025559114678314,0.008698017554316196,2.328670127015952e-06,194.4965267609805,26,COMPLETE
3150,,,2026-10-06 02:40:56.180628,2026-10-06 02:40:57.387757,0 days 00:00:01.207129,0.14472486883161542,3.42961079489487,78.91305021174706,46.431764750098004,0.0031402965125606,,,26,PRUNED
3151,31.168883657722592,1.3408279613812908,2026-10-06 02:40:56.184637,2026-10-06 02:44:08.871952,0 days 00:03:12.687315,0.14472486883161542,6.56968274079292,78.91305021174706,1.2525775771149694,0.018244804632532873,2.328670127015952e-06,192.6872360841371,26,COMPLETE
3152,32.105448248610195,13.77246817701386,2026-10-06 02:40:56.333835,2026-10-06 02:44:11.746515,0 days 00:03:15.412680,0.14472486883161542,1.8054001832365776,78.91305021174706,4.949274479107639,0.009569508337727876,2.328670127015952e-06,195.41258245101199,26,COMPLETE
3153,23.30903851078997,31.547359901446438,2026-10-06 02:40:56.476668,2026-10-06 02:44:07.283183,0 days 00:03:10.806515,0.48967816666395225,3.42961079489487,78.91305021174706,53.19831855856638,0.009569508337727876,2.328670127015952e-06,190.80641850922257,26,COMPLETE
3154,31.445372342935343,16.504664224757644,2026-10-06 02:40:57.051883,2026-10-06 02:44:08.848499,0 days 00:03:11.796616,0.14472486883161542,1.8054001832365776,78.91305021174706,12.025559114678314,0.009569508337727876,2.328670127015952e-06,191.7965269787237,26,COMPLETE
3155,30.610682668197676,20.885615837109384,2026-10-06 02:40:57.055644,2026-10-06 02:44:13.707265,0 days 00:03:16.651621,0.22031827582514427,2.5826334477054016,78.91305021174706,12.025559114678314,0.009569508337727876,2.328670127015952e-06,196.65151736699045,26,COMPLETE
