number,values_0,values_1,datetime_start,datetime_complete,duration,params_c_val,params_input_force,params_k_between_val,params_k_wall_val,params_m_val,params_ridge_alpha,user_attrs_duration_sec,system_attrs_NSGAIISampler:generation,state
3240,30.43082778397857,22.201395914186243,2026-10-06 02:44:11.921860,2026-10-06 02:47:22.403505,0 days 00:03:10.481645,0.22031827582514427,2.5826334477054016,78.91305021174706,18.49957504695779,0.009569508337727876,2.328670127015952e-06,190.481552046258,27,COMPLETE
3241,14.52407509909761,4.772833301913631,2026-10-06 02:44:11.925642,2026-10-06 02:47:24.880504,0 days 00:03:12.954862,0.14472486883161542,1.8054001832365776,4.19422269076776,40.2862337213893,0.009569508337727876,2.328670127015952e-06,192.9547720658593,27,COMPLETE
3242,32.73285602307689,3.769559947926541,2026-10-06 02:44:12.125691,2026-10-06 02:47:25.199232,0 days 00:03:13.073541,0.14472486883161542,1.8054001832365776,78.91305021174706,12.025559114678314,0.03463343903868386,2.328670127015952e-06,193.07345148408785,27,COMPLETE
3243,32.07908822964473,9.789091761471067,2026-10-06 02:44:12.137652,2026-10-06 02:47:21.712755,0 days 00:03:09.575103,0.09182262935279197,1.8054001832365776,78.91305021174706,4.949274479107639,0.009569508337727876,2.328670127015952e-06,189.5749917468056,27,COMPLETE
3244,21.5149310722366,1.2240827470522102,2026-10-06 02:44:12.344698,2026-10-06 02:47:21.052884,0 days 00:03:08.708186,0.14472486883161542,1.8054001832365776,78.91305021174706,4.949274479107639,0.03463343903868386,0.5352210920283297,188.70809934008867,27,COMPLETE
3245,31.001219460577705,20.546874726373222,2026-10-06 02:44:12.728682,2026-10-06 02:47:24.755066,0 days 00:03:12.026384,0.17534157142392734,1.8054001832365776,78.91305021174706,12.025559114678314,0.008698017554316196,2.328670127015952e-06,192.0256921327673,27,COMPLETE
3246,21.24118832364541,7.301995404726689,2026-10-06 02:44:12.739663,2026-10-06 02:47:22.965005,0 days 00:03:10.225342,0.1912437107176475,44.84455696946542,78.91305021174706,18.49957504695779,0.009569508337727876,1.943351775611158e-06,190.22524902690202,27,COMPLETE
3247,10.402820490169974,10.171195940254645,2026-10-06 02:44:12.747635,2026-10-06 02:47:25.544502,0 days 00:03:12.796867,0.3401090828369047,3.42961079489487,5.423028313748909,45.605935248059524,0.009569508337727876,2.328670127015952e-06,192.79678979655728,27,COMPLETE
3248,24.91123342428849,15.026322070501369,2026-10-06 02:44:12.898686,2026-10-06 02:47:29.125302,0 days 00:03:16.226616,0.48967816666395225,6.28879905307643,78.91305021174706,8.12919983985662,0.014578270703519351,2.328670127015952e-06,196.2264938140288,27,COMPLETE
3249,30.524266702910815,20.99583339635432,2026-10-06 02:44:13.320687,2026-10-06 02:47:26.092513,0 days 00:03:12.771826,0.17534157142392734,1.8054001832365776,78.91305021174706,40.2862337213893,0.009569508337727876,2.328670127015952e-06,192.7717283917591,27,COMPLETE
3250,28.269532399271903,13.503712492025118,2026-10-06 02:44:13.376677,2026-10-06 02:47:24.900321,0 days 00:03:11.523644,0.14472486883161542,1.8054001832365776,41.28919570929216,12.025559114678314,0.008698017554316196,4.650254268579384e-05,191.52355136815459,27,COMPLETE
3251,15.656662109437741,1.2836179510413042,2026-10-06 02:44:13.658698,2026-10-06 02:47:20.217474,0 days 00:03:06.558776,0.022138942357194047,3.42961079489487,78.91305021174706,53.19831855856638,0.009569508337727876,2.328670127015952e-06,186.55866865627468,27,COMPLETE
3252,32.62085044259818,2.640203384774912,2026-10-06 02:44:13.755675,2026-10-06 02:47:27.719327,0 days 00:03:13.963652,0.14472486883161542,1.8054001832365776,78.91305021174706,4.949274479107639,0.03463343903868386,2.328670127015952e-06,193.96354795293882,27,COMPLETE
3253,25.565724960595794,1.1937655152459983,2026-10-06 02:44:13.763634,2026-10-06 02:47:21.953580,0 days 00:03:08.189946,0.039032370969347,6.56968274079292,78.91305021174706,12.303481343464334,0.009569508337727876,2.328670127015952e-06,188.18983645783737,27,COMPLETE
3254,28.25994622660489,25.07992649618613,2026-10-06 02:44:13.854808,2026-10-06 02:47:27.106992,0 days 00:03:13.252184,0.3401090828369047,3.42961079489487,78.91305021174706,18.49957504695779,0.009569508337727876,2.328670127015952e-06,193.25209399405867,27,COMPLETE
3255,21.712410790266347,12.48612292767337,2026-10-06 02:44:13.862632,2026-10-06 02:47:25.092790,0 days 00:03:11.230158,0.14472486883161542,1.8054001832365776,13.661634823187274,18.49957504695779,0.009569508337727876,2.328670127015952e-06,191.23006441164762,27,COMPLETE
3256,24.69088200879388,23.67500346306876,2026-10-06 02:44:13.866627,2026-10-06 02:47:22.736126,0 days 00:03:08.869499,0.48967816666395225,1.8054001832365776,78.91305021174706,35.397938808104236,0.009569508337727876,1.4671267453130232e-06,188.86941776797175,27,COMPLETE
3257,23.241775128296194,12.300463602418228,2026-10-06 02:44:14.504857,2026-10-06 02:47:26.194110,0 days 00:03:11.689253,0.3401090828369047,6.56968274079292,78.91305021174706,12.303481343464334,0.009569508337727876,2.328670127015952e-06,191.68915422912687,27,COMPLETE
3258,30.386349421417457,22.593238599952127,2026-10-06 02:44:14.508646,2026-10-06 02:47:22.409479,0 days 00:03:07.900833,0.22031827582514427,1.8054001832365776,78.91305021174706,35.397938808104236,0.009569508337727876,2.328670127015952e-06,187.90073920134455,27,COMPLETE
3259,15.668892638093098,6.6225582460682375,2026-10-06 02:44:14.512642,2026-10-06 02:47:20.655200,0 days 00:03:06.142558,0.14472486883161542,3.42961079489487,8.39192639679817,35.397938808104236,0.009569508337727876,2.328670127015952e-06,186.14247270999476,27,COMPLETE
3260,15.880435490298245,1.1407366965213612,2026-10-06 02:44:15.222685,2026-10-06 02:47:24.605767,0 days 00:03:09.383082,0.01158324209335187,3.42961079489487,78.91305021174706,18.49957504695779,0.009569508337727876,0.9814997741502308,189.38298468990251,27,COMPLETE
3261,0.20475560307959267,1.207830995343393,2026-10-06 02:44:41.292714,2026-10-06 02:47:57.837117,0 days 00:03:16.544403,0.8872498798804238,1.8054001832365776,78.91305021174706,4.949274479107639,0.008698017554316196,2.328670127015952e-06,196.5442707571201,27,COMPLETE
3262,29.74064573666113,4.655262555958956,2026-10-06 02:45:58.858806,2026-10-06 02:49:13.922115,0 days 00:03:15.063309,0.11395620201897602,1.8054001832365776,78.91305021174706,7.6951742191965895,0.016136884705737375,0.008030997058943237,195.06318821618333,27,COMPLETE
3263,31.069866828774348,18.642804006703685,2026-10-06 02:47:15.254703,2026-10-06 02:50:29.503879,0 days 00:03:14.249176,0.14472486883161542,1.8054001832365776,78.91305021174706,12.025559114678314,0.008698017554316196,2.328670127015952e-06,194.24907501600683,27,COMPLETE
3264,32.21404488517598,7.049839810296567,2026-10-06 02:47:18.215720,2026-10-06 02:50:33.300519,0 days 00:03:15.084799,0.14472486883161542,1.8054001832365776,78.91305021174706,4.949274479107639,0.017317851833842622,2.328670127015952e-06,195.0846818080172,27,COMPLETE
3265,32.105448248610195,13.77246817701386,2026-10-06 02:47:18.232669,2026-10-06 02:50:31.131381,0 days 00:03:12.898712,0.14472486883161542,1.8054001832365776,78.91305021174706,4.949274479107639,0.009569508337727876,2.328670127015952e-06,192.8985996400006,27,COMPLETE
3266,29.817651462460645,23.809340668352807,2026-10-06 02:47:19.426963,2026-10-06 02:50:29.439963,0 days 00:03:10.013000,0.22031827582514427,2.5826334477054016,78.91305021174706,40.2862337213893,0.009569508337727876,2.328670127015952e-06,190.01288037421182,27,COMPLETE
3267,31.063074075944446,12.916813480102586,2026-10-06 02:47:19.937584,2026-10-06 02:50:29.300581,0 days 00:03:09.362997,0.09182262935279197,1.8054001832365776,78.91305021174706,12.025559114678314,0.008698017554316196,2.328670127015952e-06,189.36286967992783,27,COMPLETE
3268,30.622017851835068,18.383416785633987,2026-10-06 02:47:20.034746,2026-10-06 02:50:38.128829,0 days 00:03:18.094083,0.14472486883161542,1.8054001832365776,78.91305021174706,40.2862337213893,0.009569508337727876,1.1273296545453473e-05,198.0939676319249,27,COMPLETE
3269,5.5741144817922095,2.0999959267299912,2026-10-06 02:47:20.038651,2026-10-06 02:50:34.241947,0 days 00:03:14.203296,0.7664962486293982,49.73978251926928,78.91305021174706,45.605935248059524,0.009569508337727876,1.0041545972572568,194.2032068427652,27,COMPLETE
3270,31.99753294212412,14.469989622292536,2026-10-06 02:47:20.042638,2026-10-06 02:50:32.809887,0 days 00:03:12.767249,0.17534157142392734,1.8054001832365776,78.91305021174706,4.949274479107639,0.009569508337727876,2.328670127015952e-06,192.7671507340856,27,COMPLETE
3271,28.983901586033312,1.3257372442448085,2026-10-06 02:47:20.046634,2026-10-06 02:50:32.545328,0 days 00:03:12.498694,0.03857074940333379,7.07725397510157,78.91305021174706,4.949274479107639,0.009569508337727876,2.328670127015952e-06,192.49859495600685,27,COMPLETE
3272,29.43996336263864,1.821788158693954,2026-10-06 02:47:20.275703,2026-10-06 02:50:31.286273,0 days 00:03:11.010570,0.09182262935279197,10.605539872215628,78.91305021174706,4.949274479107639,0.009635027351809733,2.328670127015952e-06,191.0104488232173,27,COMPLETE
3273,29.213348529028508,22.052689803799236,2026-10-06 02:47:20.588851,2026-10-06 02:50:32.984458,0 days 00:03:12.395607,0.18410364682080518,3.42961079489487,78.91305021174706,53.19831855856638,0.009569508337727876,2.9514871050108736e-05,192.39549126522616,27,COMPLETE
3274,6.755004540977455,1.254096463032504,2026-10-06 02:47:20.592658,2026-10-06 02:50:35.664123,0 days 00:03:15.071465,0.14472486883161542,13.252046319119383,2.5835599672118845,4.949274479107639,0.009569508337727876,2.328670127015952e-06,195.0713751721196,27,COMPLETE
3275,32.0830856817375,14.044310917556238,2026-10-06 02:47:20.596635,2026-10-06 02:50:37.161239,0 days 00:03:16.564604,0.15304783090400387,1.8054001832365776,78.91305021174706,4.949274479107639,0.009569508337727876,2.328670127015952e-06,196.56451543513685,27,COMPLETE
3276,15.925493871811579,8.745698330003925,2026-10-06 02:47:21.086854,2026-10-06 02:50:35.069965,0 days 00:03:13.983111,0.3401090828369047,3.42961079489487,78.91305021174706,45.605935248059524,0.009569508337727876,1.3016363876269634,193.98300679959357,27,COMPLETE
3277,30.608017908955595,20.78911273934845,2026-10-06 02:47:21.091967,2026-10-06 02:50:35.171840,0 days 00:03:14.079873,0.17534157142392734,1.8054001832365776,78.91305021174706,34.3848452453295,0.009569508337727876,2.328670127015952e-06,194.07978704711422,27,COMPLETE
3278,31.861161161838755,8.71238741369401,2026-10-06 02:47:21.111911,2026-10-06 02:50:29.895316,0 days 00:03:08.783405,0.17534157142392734,1.8054001832365776,78.91305021174706,8.12919983985662,0.01824294540105747,2.328670127015952e-06,188.7832975932397,27,COMPLETE
3279,31.210384382689046,17.60718244445571,2026-10-06 02:47:21.127649,2026-10-06 02:50:32.069597,0 days 00:03:10.941948,0.14472486883161542,1.8054001832365776,78.91305021174706,18.49957504695779,0.009569508337727876,2.328670127015952e-06,190.9418596792966,27,COMPLETE
3280,30.48300478231902,14.373184628356361,2026-10-06 02:47:21.243149,2026-10-06 02:50:35.354319,0 days 00:03:14.111170,0.20752303322510457,1.8054001832365776,78.91305021174706,12.025559114678314,0.009569508337727876,2.7499816071318058e-05,194.11107762297615,27,COMPLETE
3281,20.819207462063495,2.8300671356084073,2026-10-06 02:47:21.448097,2026-10-06 02:50:36.541462,0 days 00:03:15.093365,0.4490895547103048,18.64939269360647,78.91305021174706,9.904706735146236,0.009569508337727876,2.328670127015952e-06,195.09327568719164,27,COMPLETE
3282,32.71162562821697,11.081936498285181,2026-10-06 02:47:21.451663,2026-10-06 02:50:36.594043,0 days 00:03:15.142380,0.14472486883161542,1.0100598856645617,78.91305021174706,4.949274479107639,0.009569508337727876,2.328670127015952e-06,195.1422993792221,27,COMPLETE
3283,2.7503053266051234,1.2515519873947332,2026-10-06 02:47:21.486658,2026-10-06 02:50:34.350142,0 days 00:03:12.863484,0.17534157142392734,35.756341559221475,3.5063777612570735,45.605935248059524,0.009569508337727876,2.328670127015952e-06,192.8634002963081,27,COMPLETE
3284,23.609092125035243,30.717570668870582,2026-10-06 02:47:21.807688,2026-10-06 02:50:37.579518,0 days 00:03:15.771830,0.48480307501533615,3.42961079489487,78.91305021174706,46.431764750098004,0.009569508337727876,2.328670127015952e-06,195.77172709815204,27,COMPLETE
3285,30.56840789412385,12.115077524375023,2026-10-06 02:47:22.028005,2026-10-06 02:50:34.867232,0 days 00:03:12.839227,0.1912437107176475,1.8054001832365776,78.91305021174706,6.182683349256731,0.009569508337727876,0.00010922357520091872,192.83913060976192,27,COMPLETE
3286,32.10199983456254,1.7857732262584531,2026-10-06 02:47:22.031650,2026-10-06 02:50:34.676382,0 days 00:03:12.644732,0.14472486883161542,1.8054001832365776,78.91305021174706,1.5530070343077036,0.03463343903868386,2.328670127015952e-06,192.64461674541235,27,COMPLETE
3287,29.5211068086057,14.319902344654805,2026-10-06 02:47:22.035954,2026-10-06 02:50:35.324492,0 days 00:03:13.288538,0.22031827582514427,2.5826334477054016,78.91305021174706,12.025559114678314,0.009569508337727876,0.00013510683907597164,193.28844791604206,27,COMPLETE
3288,32.105448248610195,13.77246817701386,2026-10-06 02:47:22.039637,2026-10-06 02:50:37.174492,0 days 00:03:15.134855,0.14472486883161542,1.8054001832365776,78.91305021174706,4.949274479107639,0.009569508337727876,2.328670127015952e-06,195.1347731393762,27,COMPLETE
3289,24.62660824698508,16.86296420128649,2026-10-06 02:47:22.043634,2026-10-06 02:50:33.096000,0 days 00:03:11.052366,0.48480307501533615,1.8054001832365776,78.91305021174706,12.303481343464334,0.009569508337727876,2.328670127015952e-06,191.05227706721053,27,COMPLETE
3290,31.713953861658524,9.409525276637638,2026-10-06 02:47:22.736639,2026-10-06 02:50:34.378270,0 days 00:03:11.641631,0.14472486883161542,1.0100598856645617,78.91305021174706,18.49957504695779,0.014882371696666494,2.328670127015952e-06,191.64155326364562,27,COMPLETE
3291,15.089252297763025,1.653120389295475,2026-10-06 02:47:22.739639,2026-10-06 02:50:35.743355,0 days 00:03:13.003716,0.17534157142392734,2.5826334477054016,78.91305021174706,40.2862337213893,0.009569508337727876,44.93717527347486,193.00363551080227,27,COMPLETE
3292,17.491667878130894,1.2676175581604625,2026-10-06 02:47:22.743629,2026-10-06 02:50:40.456513,0 days 00:03:17.712884,0.14472486883161542,1.8054001832365776,78.91305021174706,4.949274479107639,0.009569508337727876,3.2425752675956954,197.7127892547287,27,COMPLETE
3293,29.20134140006782,24.07413972830791,2026-10-06 02:47:22.747631,2026-10-06 02:50:34.039254,0 days 00:03:11.291623,0.22031827582514427,3.42961079489487,78.91305021174706,40.2862337213893,0.009569508337727876,2.328670127015952e-06,191.29154010582715,27,COMPLETE
3294,25.382137942817327,11.138636628639507,2026-10-06 02:47:22.751632,2026-10-06 02:50:39.480050,0 days 00:03:16.728418,0.48967816666395225,1.8054001832365776,78.91305021174706,53.19831855856638,0.025952760199111146,1.1273296545453473e-05,196.7283286359161,27,COMPLETE
3295,17.411260114388732,1.2633950561943426,2026-10-06 02:47:22.755636,2026-10-06 02:50:38.608005,0 days 00:03:15.852369,0.010260721908284599,1.8054001832365776,78.91305021174706,18.49957504695779,0.009569508337727876,2.328670127015952e-06,195.85228644730523,27,COMPLETE
3296,,,2026-10-06 02:47:22.854698,2026-10-06 02:47:23.739707,0 days 00:00:00.885009,0.22031827582514427,18.678126227989317,78.91305021174706,40.2862337213893,0.004043503383179144,,,27,PRUNED
3297,21.19195713581862,7.269412490706705,2026-10-06 02:47:22.945486,2026-10-06 02:50:34.175524,0 days 00:03:11.230038,0.48967816666395225,45.833922500051195,78.91305021174706,6.368736707616853,0.009569508337727876,1.0222831367383009e-05,191.22994133085012,27,COMPLETE
3298,25.955921685202703,1.4355375217678996,2026-10-06 02:47:22.956657,2026-10-06 02:50:31.776241,0 days 00:03:08.819584,0.14472486883161542,16.133090140542937,78.91305021174706,12.025559114678314,0.017104947017758547,2.328670127015952e-06,188.81946505280212,27,COMPLETE
3299,31.04746378780257,19.38239824177877,2026-10-06 02:47:23.124687,2026-10-06 02:50:38.312485,0 days 00:03:15.187798,0.17534157142392734,1.8054001832365776,78.91305021174706,18.49957504695779,0.009569508337727876,2.328670127015952e-06,195.18770324997604,27,COMPLETE
3300,29.187373017333435,8.211396177039093,2026-10-06 02:47:23.144646,2026-10-06 02:50:37.125126,0 days 00:03:13.980480,0.054756475827426355,1.8054001832365776,35.68700233111737,66.2351644767647,0.008698017554316196,7.59284774552179e-06,193.980384118855,27,COMPLETE
3301,25.085062911792324,3.7211835491450813,2026-10-06 02:47:23.199652,2026-10-06 02:50:35.384555,0 days 00:03:12.184903,0.14472486883161542,3.42961079489487,78.91305021174706,4.949274479107639,0.009569508337727876,2.328670127015952e-06,192.18481688341126,27,COMPLETE
3302,13.998288160098502,7.198113676680274,2026-10-06 02:47:23.359264,2026-10-06 02:50:33.803996,0 days 00:03:10.444732,0.48967816666395225,6.28879905307643,76.99484767604173,53.19831855856638,0.009569508337727876,9.767120765821849,190.44463984202594,27,COMPLETE
3303,13.936929177009024,1.260311704453644,2026-10-06 02:47:23.884853,2026-10-06 02:50:36.235820,0 days 00:03:12.350967,0.1333833228867353,3.42961079489487,3.8453056772209284,1.0224149101583881,0.008698017554316196,2.74785153327692e-05,192.35086253797635,27,COMPLETE
3304,31.188318309097934,18.300896497428486,2026-10-06 02:47:23.888646,2026-10-06 02:50:36.173125,0 days 00:03:12.284479,0.1912437107176475,1.8054001832365776,78.91305021174706,12.025559114678314,0.009569508337727876,2.328670127015952e-06,192.28437680192292,27,COMPLETE
3305,19.32316688800601,1.137322312448927,2026-10-06 02:47:23.892633,2026-10-06 02:50:33.663504,0 days 00:03:09.770871,0.09182262935279197,9.673926906016298,78.91305021174706,18.49957504695779,0.07964484921218022,2.328670127015952e-06,189.77078992081806,27,COMPLETE
3306,30.307714350547563,22.904199665561656,2026-10-06 02:47:23.955381,2026-10-06 02:50:36.365237,0 days 00:03:12.409856,0.22031827582514427,1.8054001832365776,78.91305021174706,40.2862337213893,0.009569508337727876,2.328670127015952e-06,192.4097709436901,27,COMPLETE
3307,31.445372342935343,16.504664224757644,2026-10-06 02:47:24.756103,2026-10-06 02:50:38.615217,0 days 00:03:13.859114,0.14472486883161542,1.8054001832365776,78.91305021174706,12.025559114678314,0.009569508337727876,2.328670127015952e-06,193.85903673106804,27,COMPLETE
3308,32.35358401254991,5.0960491973619675,2026-10-06 02:47:24.763642,2026-10-06 02:50:38.210196,0 days 00:03:13.446554,0.17534157142392734,1.8054001832365776,78.91305021174706,18.49957504695779,0.03350742077624388,2.328670127015952e-06,193.44646691717207,27,COMPLETE
3309,16.44886600546128,7.949000591171639,2026-10-06 02:47:24.810209,2026-10-06 02:50:35.150135,0 days 00:03:10.339926,0.6973899414270854,1.8054001832365776,78.91305021174706,12.025559114678314,0.009569508337727876,0.0004111788805919284,190.33983765589073,27,COMPLETE
3310,,,2026-10-06 02:47:24.884660,2026-10-06 02:47:25.832718,0 days 00:00:00.948058,0.48967816666395225,1.8054001832365776,78.91305021174706,53.19831855856638,0.008698017554316196,,,27,PRUNED
3311,28.81727285513306,8.729882874587037,2026-10-06 02:47:25.160686,2026-10-06 02:50:38.371948,0 days 00:03:13.211262,0.3401090828369047,3.42961079489487,78.91305021174706,1.9603173720738287,0.009569508337727876,2.328670127015952e-06,193.21117381891236,27,COMPLETE
3312,30.307714350547563,22.904199665561656,2026-10-06 02:47:25.243822,2026-10-06 02:50:36.896295,0 days 00:03:11.652473,0.22031827582514427,1.8054001832365776,78.91305021174706,40.2862337213893,0.009569508337727876,2.328670127015952e-06,191.6523679899983,27,COMPLETE
3313,23.281265695164116,20.256923670360916,2026-10-06 02:47:25.430665,2026-10-06 02:50:40.288557,0 days 00:03:14.857892,0.1912437107176475,3.42961079489487,31.282268664087336,35.397938808104236,0.009569508337727876,2.328670127015952e-06,194.85778900329024,27,COMPLETE
3314,32.12905891851436,13.275638197875256,2026-10-06 02:47:25.493155,2026-10-06 02:50:38.434677,0 days 00:03:12.941522,0.13337097769604891,1.8054001832365776,78.91305021174706,4.949274479107639,0.009569508337727876,2.328670127015952e-06,192.94144325936213,27,COMPLETE
3315,18.035059038779174,1.2093408745838712,2026-10-06 02:47:25.604688,2026-10-06 02:50:35.724903,0 days 00:03:10.120215,0.015089609026652026,3.42961079489487,78.91305021174706,18.49957504695779,0.009569508337727876,2.328670127015952e-06,190.12012719921768,27,COMPLETE
3316,31.75400347652584,1.9406283142098473,2026-10-06 02:47:25.887683,2026-10-06 02:50:40.655885,0 days 00:03:14.768202,0.14472486883161542,1.8054001832365776,78.91305021174706,4.949274479107639,0.04376402909924069,2.328670127015952e-06,194.7680796161294,27,COMPLETE
3317,32.265511151285125,12.504268887037354,2026-10-06 02:47:26.270685,2026-10-06 02:50:37.376109,0 days 00:03:11.105424,0.14472486883161542,1.8054001832365776,78.91305021174706,3.4596666583991524,0.009569508337727876,2.328670127015952e-06,191.10532096680254,27,COMPLETE
3318,,,2026-10-06 02:47:26.296806,2026-10-06 02:47:26.667727,0 days 00:00:00.370921,0.48480307501533615,1.8054001832365776,78.91305021174706,12.303481343464334,0.00706799949391771,,,27,PRUNED
3319,30.3600848831299,20.328511110778134,2026-10-06 02:47:26.336644,2026-10-06 02:50:33.139333,0 days 00:03:06.802689,0.22031827582514427,3.42961079489487,78.91305021174706,9.103464831712156,0.009569508337727876,1.943351775611158e-06,186.80260373000056,27,COMPLETE
3320,19.652317686938133,12.47222071052002,2026-10-06 02:47:26.376656,2026-10-06 02:50:35.769854,0 days 00:03:09.393198,0.3401090828369047,1.8054001832365776,25.758321783642522,4.949274479107639,0.009569508337727876,2.328670127015952e-06,189.39311616728082,27,COMPLETE
3321,30.004151916639312,22.422537970457935,2026-10-06 02:47:26.408642,2026-10-06 02:50:39.897883,0 days 00:03:13.489241,0.22031827582514427,3.42961079489487,78.91305021174706,18.49957504695779,0.009569508337727876,2.328670127015952e-06,193.48914277506992,27,COMPLETE
