number,values_0,values_1,datetime_start,datetime_complete,duration,params_c_val,params_input_force,params_k_between_val,params_k_wall_val,params_m_val,params_ridge_alpha,user_attrs_duration_sec,system_attrs_NSGAIISampler:generation,state
2246,21.12257863222265,31.601512607045347,2026-10-06 01:59:07.854689,2026-10-06 02:02:20.053480,0 days 00:03:12.198791,0.48480307501533615,9.222388373532164,78.91305021174706,28.521004463161855,0.009569508337727876,2.328670127015952e-06,192.1987084839493,18,COMPLETE
2247,19.20707443382491,22.693148396056536,2026-10-06 01:59:07.961671,2026-10-06 02:02:19.863836,0 days 00:03:11.902165,0.3401090828369047,3.42961079489487,29.203574794308704,18.49957504695779,0.009569508337727876,2.328670127015952e-06,191.902086277958,18,COMPLETE
2248,3.2418138841612816,1.2482226152597293,2026-10-06 01:59:07.974664,2026-10-06 02:02:19.571320,0 days 00:03:11.596656,0.6040198049165227,28.325296568861255,4.827257350862383,18.49957504695779,0.009569508337727876,2.328670127015952e-06,191.5965639371425,18,COMPLETE
2249,23.533910505288368,3.244068351691408,2026-10-06 01:59:08.036955,2026-10-06 02:02:20.743093,0 days 00:03:12.706138,0.2537871941753988,17.567806345400744,78.91305021174706,12.025559114678314,0.009569508337727876,2.328670127015952e-06,192.70605027582496,18,COMPLETE
2250,,,2026-10-06 01:59:08.100807,2026-10-06 01:59:08.938692,0 days 00:00:00.837885,0.48967816666395225,1.8054001832365776,78.91305021174706,3.2055403388863084,0.0027192705737270986,,,18,PRUNED
2251,30.35844376881648,17.90252813670284,2026-10-06 01:59:08.108645,2026-10-06 02:02:22.322184,0 days 00:03:14.213539,0.27169602011939015,1.8054001832365776,78.91305021174706,12.025559114678314,0.009569508337727876,2.328670127015952e-06,194.213452486787,18,COMPLETE
2252,31.210384382689046,17.60718244445571,2026-10-06 01:59:08.284656,2026-10-06 02:02:18.852879,0 days 00:03:10.568223,0.14472486883161542,1.8054001832365776,78.91305021174706,18.49957504695779,0.009569508337727876,2.328670127015952e-06,190.5681315967813,18,COMPLETE
2253,11.104152979200288,3.10421723978103,2026-10-06 01:59:08.465705,2026-10-06 02:02:21.950610,0 days 00:03:13.484905,0.14472486883161542,36.85255973265097,78.91305021174706,47.77760718136664,0.009569508337727876,3.5024717466721835e-06,193.4848172077909,18,COMPLETE
2254,21.71126505167497,34.64589212283317,2026-10-06 01:59:08.692688,2026-10-06 02:02:19.964337,0 days 00:03:11.271649,0.48967816666395225,6.28879905307643,78.91305021174706,53.19831855856638,0.009569508337727876,2.328670127015952e-06,191.2715653013438,18,COMPLETE
2255,24.464035686385422,26.18847698701406,2026-10-06 01:59:08.768682,2026-10-06 02:02:22.567673,0 days 00:03:13.798991,0.48967816666395225,3.42961079489487,78.91305021174706,18.49957504695779,0.009569508337727876,1.4671267453130232e-06,193.7988784662448,18,COMPLETE
2256,,,2026-10-06 01:59:09.154998,2026-10-06 01:59:10.738683,0 days 00:00:01.583685,0.17534157142392734,1.8054001832365776,78.91305021174706,12.025559114678314,0.005738202779829553,,,18,PRUNED
2257,4.1038562505566585,2.607140030930874,2026-10-06 01:59:09.189973,2026-10-06 02:02:21.475941,0 days 00:03:12.285968,0.48480307501533615,8.450584262165625,4.778685915414893,19.188501983127704,0.009569508337727876,2.328670127015952e-06,192.28589484188706,18,COMPLETE
2258,23.656514754009613,7.987863403229923,2026-10-06 01:59:09.223548,2026-10-06 02:02:26.124478,0 days 00:03:16.900930,0.46845926536784616,1.8054001832365776,78.91305021174706,1.39888376457598,0.009569508337727876,9.391865709026338e-06,196.9008304174058,18,COMPLETE
2259,28.34940440152703,23.252904766387285,2026-10-06 01:59:09.276699,2026-10-06 02:02:20.738073,0 days 00:03:11.461374,0.3401090828369047,1.8054001832365776,78.91305021174706,40.2862337213893,0.009569508337727876,2.328670127015952e-06,191.46127629606053,18,COMPLETE
2260,11.560808816534344,1.8238689547699676,2026-10-06 01:59:09.284636,2026-10-06 02:02:21.127100,0 days 00:03:11.842464,0.48967816666395225,23.118514448585106,78.91305021174706,32.93548620637037,0.009569508337727876,6.801260336210901,191.8423747899942,18,COMPLETE
2261,30.339811375384706,18.628162501763075,2026-10-06 01:59:09.288635,2026-10-06 02:02:19.986133,0 days 00:03:10.697498,0.14472486883161542,2.5826334477054016,78.91305021174706,32.242783755181215,0.009569508337727876,2.328670127015952e-06,190.6974234879017,18,COMPLETE
2262,24.75485419359492,1.6216195126082755,2026-10-06 01:59:09.296643,2026-10-06 02:02:22.000360,0 days 00:03:12.703717,0.14472486883161542,12.518235438756902,78.91305021174706,12.025559114678314,0.009569508337727876,0.07134049599990909,192.70363895501941,18,COMPLETE
2263,31.63800313920233,10.875517993749305,2026-10-06 01:59:09.300641,2026-10-06 02:02:20.572530,0 days 00:03:11.271889,0.14472486883161542,1.8054001832365776,78.91305021174706,2.4821582187648223,0.008698017554316196,2.0531403300165125e-05,191.27178543899208,18,COMPLETE
2264,31.445372342935343,16.504664224757644,2026-10-06 01:59:10.032281,2026-10-06 02:02:21.480288,0 days 00:03:11.448007,0.14472486883161542,1.8054001832365776,78.91305021174706,12.025559114678314,0.009569508337727876,2.328670127015952e-06,191.44793019024655,19,COMPLETE
2265,,,2026-10-06 01:59:10.035659,2026-10-06 01:59:11.187716,0 days 00:00:01.152057,0.17534157142392734,1.8054001832365776,78.91305021174706,83.85989774544747,0.0010161935050258515,,,19,PRUNED
2266,,,2026-10-06 01:59:10.039639,2026-10-06 01:59:11.513709,0 days 00:00:01.474070,0.48967816666395225,1.8054001832365776,78.91305021174706,18.49957504695779,0.0010539651763883558,,,19,PRUNED
2267,23.377539731461233,3.3894602392729594,2026-10-06 01:59:10.043639,2026-10-06 02:02:25.478636,0 days 00:03:15.434997,0.5804379238023668,7.7988590190752145,78.91305021174706,1.0542748074691304,0.009569508337727876,2.328670127015952e-06,195.4349185838364,19,COMPLETE
2268,9.077915701125551,2.158349433358918,2026-10-06 01:59:10.047632,2026-10-06 02:02:19.787403,0 days 00:03:09.739771,0.14472486883161542,24.039634771490864,10.329015572212127,11.893393556982886,0.009569508337727876,0.9381419132316534,189.73968463484198,19,COMPLETE
2269,31.6016685003161,8.498805721500588,2026-10-06 01:59:10.057648,2026-10-06 02:02:21.312190,0 days 00:03:11.254542,0.14472486883161542,1.8054001832365776,78.91305021174706,1.3489975494661584,0.009569508337727876,2.328670127015952e-06,191.25446621980518,19,COMPLETE
2270,31.445372342935343,16.504664224757644,2026-10-06 01:59:10.061644,2026-10-06 02:02:23.212757,0 days 00:03:13.151113,0.14472486883161542,1.8054001832365776,78.91305021174706,12.025559114678314,0.009569508337727876,2.328670127015952e-06,193.15101468004286,19,COMPLETE
2271,31.488651241640884,16.678654166865694,2026-10-06 01:59:10.065639,2026-10-06 02:02:22.352491,0 days 00:03:12.286852,0.1912437107176475,1.8054001832365776,78.91305021174706,8.12919983985662,0.009569508337727876,2.328670127015952e-06,192.28677662508562,19,COMPLETE
2272,29.816113270082155,1.6509219306382032,2026-10-06 01:59:10.069632,2026-10-06 02:02:23.831065,0 days 00:03:13.761433,0.14472486883161542,6.28879905307643,78.91305021174706,2.4821582187648223,0.008698017554316196,0.003315996959860404,193.76135062333196,19,COMPLETE
2273,24.585407554359154,9.165954601712913,2026-10-06 01:59:10.209669,2026-10-06 02:02:25.726842,0 days 00:03:15.517173,0.14472486883161542,1.8054001832365776,78.91305021174706,18.49957504695779,0.009569508337727876,0.07563250633570652,195.5170674729161,19,COMPLETE
2274,28.954031227562233,1.1727126460856603,2026-10-06 01:59:10.241645,2026-10-06 02:02:21.361343,0 days 00:03:11.119698,0.02088668397881192,1.8054001832365776,78.91305021174706,1.8190863578544005,0.008698017554316196,2.328670127015952e-06,191.1196211669594,19,COMPLETE
2275,24.464035686385422,26.18847698701406,2026-10-06 01:59:10.596694,2026-10-06 02:02:21.949059,0 days 00:03:11.352365,0.48967816666395225,3.42961079489487,78.91305021174706,18.49957504695779,0.009569508337727876,1.4671267453130232e-06,191.3522746548988,19,COMPLETE
2276,27.001621688147758,1.5817913664685608,2026-10-06 01:59:10.722690,2026-10-06 02:02:24.002676,0 days 00:03:13.279986,0.14472486883161542,1.8054001832365776,78.91305021174706,47.77760718136664,0.08878510905998513,2.328670127015952e-06,193.2798971068114,19,COMPLETE
2277,17.05406495245252,1.7657357791659303,2026-10-06 01:59:10.965684,2026-10-06 02:02:22.210097,0 days 00:03:11.244413,0.14472486883161542,1.8054001832365776,78.91305021174706,18.49957504695779,0.009569508337727876,3.8609049985851103,191.24431787012145,19,COMPLETE
2278,30.44343235102939,12.535486278462008,2026-10-06 01:59:11.514010,2026-10-06 02:02:23.848178,0 days 00:03:12.334168,0.14472486883161542,1.8054001832365776,78.91305021174706,47.77760718136664,0.015584438090064752,2.328670127015952e-06,192.3340845387429,19,COMPLETE
2279,29.68202561426787,18.780116365284954,2026-10-06 01:59:11.521647,2026-10-06 02:02:22.583512,0 days 00:03:11.061865,0.14472486883161542,3.42961079489487,78.91305021174706,43.813940103996124,0.009569508337727876,2.328670127015952e-06,191.06177238421515,19,COMPLETE
2280,29.038791113880215,19.140696114209035,2026-10-06 01:59:11.545657,2026-10-06 02:02:26.110699,0 days 00:03:14.565042,0.3401090828369047,1.8054001832365776,78.91305021174706,18.897086583673502,0.009569508337727876,2.328670127015952e-06,194.5649559153244,19,COMPLETE
2281,27.640081687415908,5.546527805096232,2026-10-06 01:59:11.556648,2026-10-06 02:02:25.378546,0 days 00:03:13.821898,0.14472486883161542,29.4235773611667,78.91305021174706,4.949274479107639,0.008438167253797464,2.328670127015952e-06,193.82181556196883,19,COMPLETE
2282,25.62615980609827,3.2319318964679247,2026-10-06 01:59:11.580643,2026-10-06 02:02:20.936795,0 days 00:03:09.356152,0.14472486883161542,20.127844477858442,78.91305021174706,11.893393556982886,0.009569508337727876,2.328670127015952e-06,189.3560679559596,19,COMPLETE
2283,32.105448248610195,13.77246817701386,2026-10-06 01:59:11.588814,2026-10-06 02:02:22.328467,0 days 00:03:10.739653,0.14472486883161542,1.8054001832365776,78.91305021174706,4.949274479107639,0.009569508337727876,2.328670127015952e-06,190.7395823849365,19,COMPLETE
2284,23.999868863209006,1.3709978469070343,2026-10-06 01:59:11.592635,2026-10-06 02:02:21.295108,0 days 00:03:09.702473,0.024051577600961282,1.8054001832365776,78.91305021174706,12.025559114678314,0.009569508337727876,2.328670127015952e-06,189.70239180978388,19,COMPLETE
2285,31.445372342935343,16.504664224757644,2026-10-06 01:59:11.605657,2026-10-06 02:02:23.256594,0 days 00:03:11.650937,0.14472486883161542,1.8054001832365776,78.91305021174706,12.025559114678314,0.009569508337727876,2.328670127015952e-06,191.6508445609361,19,COMPLETE
2286,31.40843150727141,13.621185036913904,2026-10-06 01:59:11.617910,2026-10-06 02:02:19.828026,0 days 00:03:08.210116,0.14472486883161542,1.8054001832365776,78.91305021174706,12.025559114678314,0.009569508337727876,1.9592452445753793e-05,188.21003825217485,19,COMPLETE
2287,31.189641892795727,1.8247897851844053,2026-10-06 01:59:11.621634,2026-10-06 02:02:24.650010,0 days 00:03:13.028376,0.17534157142392734,40.30066684823788,78.91305021174706,1.0917025035095265,0.009569508337727876,2.328670127015952e-06,193.02827695570886,19,COMPLETE
2288,31.445372342935343,16.504664224757644,2026-10-06 01:59:11.625644,2026-10-06 02:02:22.271046,0 days 00:03:10.645402,0.14472486883161542,1.8054001832365776,78.91305021174706,12.025559114678314,0.009569508337727876,2.328670127015952e-06,190.64531522803009,19,COMPLETE
2289,9.425371513132294,1.2039507391059714,2026-10-06 01:59:11.629634,2026-10-06 02:02:20.144509,0 days 00:03:08.514875,0.0380091225467615,6.28879905307643,14.345502829999063,18.49957504695779,0.009569508337727876,1.4671267453130232e-06,188.51479842793196,19,COMPLETE
2290,24.293559357814893,25.182782593238816,2026-10-06 01:59:13.032838,2026-10-06 02:02:20.155061,0 days 00:03:07.122223,0.48967816666395225,3.42961079489487,78.91305021174706,18.49957504695779,0.009569508337727876,2.328670127015952e-06,187.12214691005647,19,COMPLETE
2291,9.613605530689139,2.734459330938785,2026-10-06 01:59:13.149685,2026-10-06 02:02:23.082172,0 days 00:03:09.932487,0.14472486883161542,1.8054001832365776,1.328865866480418,18.49957504695779,0.009569508337727876,2.328670127015952e-06,189.9323854940012,19,COMPLETE
2292,25.49113927723932,1.9992598762357916,2026-10-06 01:59:13.690858,2026-10-06 02:02:26.576316,0 days 00:03:12.885458,0.12014132825757128,5.287545935644335,78.91305021174706,43.000789517585346,0.045161955286127896,2.328670127015952e-06,192.88536373898387,19,COMPLETE
2293,10.26783997933413,3.6203401870010246,2026-10-06 01:59:13.694655,2026-10-06 02:02:21.387047,0 days 00:03:07.692392,0.48967816666395225,30.323788269357657,78.91305021174706,53.19831855856638,0.009569508337727876,2.328670127015952e-06,187.69231053767726,19,COMPLETE
2294,10.346926173720849,3.533255836073165,2026-10-06 01:59:43.740823,2026-10-06 02:02:55.218298,0 days 00:03:11.477475,0.14472486883161542,1.0100598856645617,1.782743979142846,43.52313749298089,0.009569508337727876,2.328670127015952e-06,191.47735403524712,19,COMPLETE
2295,31.210384382689046,17.60718244445571,2026-10-06 02:00:57.617715,2026-10-06 02:04:08.060123,0 days 00:03:10.442408,0.14472486883161542,1.8054001832365776,78.91305021174706,18.49957504695779,0.009569508337727876,2.328670127015952e-06,190.44229757599533,19,COMPLETE
2296,30.2068239802367,15.930392075318892,2026-10-06 02:02:15.436815,2026-10-06 02:05:27.543556,0 days 00:03:12.106741,0.14472486883161542,1.8054001832365776,58.030352268269894,12.025559114678314,0.009569508337727876,2.328670127015952e-06,192.10662441328168,19,COMPLETE
2297,3.9428755432228138,1.2309049329620665,2026-10-06 02:02:15.581017,2026-10-06 02:05:31.670872,0 days 00:03:16.089855,0.6040198049165227,30.27589078008787,4.199628609986866,18.49957504695779,0.009569508337727876,0.008389107491014645,196.08975049713627,19,COMPLETE
2298,31.445372342935343,16.504664224757644,2026-10-06 02:02:16.442913,2026-10-06 02:05:29.712720,0 days 00:03:13.269807,0.14472486883161542,1.8054001832365776,78.91305021174706,12.025559114678314,0.009569508337727876,2.328670127015952e-06,193.26971340877935,19,COMPLETE
2299,21.79898076083331,26.611194547926665,2026-10-06 02:02:16.925891,2026-10-06 02:05:32.234899,0 days 00:03:15.309008,0.6040198049165227,4.316915154672986,78.91305021174706,18.49957504695779,0.009569508337727876,2.328670127015952e-06,195.30891408165917,19,COMPLETE
2300,30.51016996922536,18.790412013427563,2026-10-06 02:02:18.269139,2026-10-06 02:05:27.988806,0 days 00:03:09.719667,0.14472486883161542,1.8054001832365776,78.91305021174706,47.77760718136664,0.009569508337727876,9.391865709026338e-06,189.7195638557896,19,COMPLETE
2301,30.51016996922536,18.790412013427563,2026-10-06 02:02:18.628777,2026-10-06 02:05:32.500540,0 days 00:03:13.871763,0.14472486883161542,1.8054001832365776,78.91305021174706,47.77760718136664,0.009569508337727876,9.391865709026338e-06,193.8715316178277,19,COMPLETE
2302,31.445372342935343,16.504664224757644,2026-10-06 02:02:18.632651,2026-10-06 02:05:32.588984,0 days 00:03:13.956333,0.14472486883161542,1.8054001832365776,78.91305021174706,12.025559114678314,0.009569508337727876,2.328670127015952e-06,193.95624755928293,19,COMPLETE
2303,,,2026-10-06 02:02:18.677663,2026-10-06 02:02:19.053686,0 days 00:00:00.376023,0.058082942551277834,6.28879905307643,78.91305021174706,47.77760718136664,0.005725473474350275,,,19,PRUNED
2304,24.07757367924915,1.2624631737623608,2026-10-06 02:02:19.020865,2026-10-06 02:05:32.254929,0 days 00:03:13.234064,0.015296385148416632,1.8054001832365776,78.91305021174706,18.897086583673502,0.009569508337727876,2.328670127015952e-06,193.23397338483483,19,COMPLETE
2305,15.299856216585317,2.3103833321571208,2026-10-06 02:02:19.112931,2026-10-06 02:05:33.722496,0 days 00:03:14.609565,0.14472486883161542,3.42961079489487,78.91305021174706,33.705587852946245,0.009569508337727876,75.79468210420835,194.6094484841451,19,COMPLETE
2306,28.670719167068363,19.30874427789033,2026-10-06 02:02:19.200679,2026-10-06 02:05:29.092691,0 days 00:03:09.892012,0.14472486883161542,3.42961079489487,78.91305021174706,87.24696717482882,0.009569508337727876,9.391865709026338e-06,189.89190202578902,19,COMPLETE
2307,6.538585179535685,3.6655017939722097,2026-10-06 02:02:19.313668,2026-10-06 02:05:33.427730,0 days 00:03:14.114062,0.5804379238023668,1.8054001832365776,1.3893101024572347,18.49957504695779,0.009569508337727876,2.328670127015952e-06,194.11397432675585,19,COMPLETE
2308,7.135767647296852,2.7786206915588068,2026-10-06 02:02:19.554689,2026-10-06 02:05:31.361359,0 days 00:03:11.806670,0.8586154530417802,1.8054001832365776,2.642422706725039,12.303481343464334,0.009569508337727876,2.328670127015952e-06,191.8065597251989,19,COMPLETE
2309,20.39304843161889,4.405552853466723,2026-10-06 02:02:19.685681,2026-10-06 02:05:31.048942,0 days 00:03:11.363261,0.14472486883161542,1.8054001832365776,78.91305021174706,9.93989579004442,0.008607498953673411,0.502756366445653,191.36315557174385,19,COMPLETE
2310,20.089124062683922,1.2889112663143072,2026-10-06 02:02:20.017106,2026-10-06 02:05:34.729498,0 days 00:03:14.712392,0.48967816666395225,30.023090135506568,78.91305021174706,18.897086583673502,0.06342640784598809,2.328670127015952e-06,194.71230239095166,19,COMPLETE
2311,,,2026-10-06 02:02:20.061659,2026-10-06 02:02:20.672713,0 days 00:00:00.611054,0.14472486883161542,3.42961079489487,78.91305021174706,39.29238382719252,0.003063172540020188,,,19,PRUNED
2312,18.78365518179967,8.550624301332727,2026-10-06 02:02:20.240948,2026-10-06 02:05:33.867896,0 days 00:03:13.626948,0.14472486883161542,1.8054001832365776,7.931409479530018,18.49957504695779,0.009569508337727876,2.328670127015952e-06,193.62685084808618,19,COMPLETE
2313,24.24006904528632,18.88442425096601,2026-10-06 02:02:20.244645,2026-10-06 02:05:32.500912,0 days 00:03:12.256267,0.48967816666395225,1.8054001832365776,78.91305021174706,18.49957504695779,0.009569508337727876,2.328670127015952e-06,192.25620711687952,19,COMPLETE
2314,23.009771155641193,18.935132298861138,2026-10-06 02:02:20.261643,2026-10-06 02:05:35.818681,0 days 00:03:15.557038,0.48480307501533615,1.8054001832365776,78.91305021174706,33.705587852946245,0.009569508337727876,9.391865709026338e-06,195.556937425863,19,COMPLETE
2315,26.25251178043278,1.2284698769910312,2026-10-06 02:02:20.265647,2026-10-06 02:05:34.689594,0 days 00:03:14.423947,0.02027805975479264,1.8054001832365776,78.91305021174706,12.025559114678314,0.009569508337727876,2.328670127015952e-06,194.42386483494192,19,COMPLETE
2316,21.366459994015674,1.2789566989703645,2026-10-06 02:02:20.269634,2026-10-06 02:05:38.649415,0 days 00:03:18.379781,0.013467570228219995,1.8054001832365776,68.95584799200518,12.025559114678314,0.009569508337727876,2.328670127015952e-06,198.37965294765308,19,COMPLETE
2317,10.244160722814323,2.780459394481646,2026-10-06 02:02:20.273642,2026-10-06 02:05:29.742713,0 days 00:03:09.469071,0.14472486883161542,1.8054001832365776,1.5604796908412915,12.53536387048952,0.009569508337727876,2.130943553956964e-06,189.4689776143059,19,COMPLETE
2318,24.293559357814893,25.182782593238816,2026-10-06 02:02:20.277642,2026-10-06 02:05:34.097883,0 days 00:03:13.820241,0.48967816666395225,3.42961079489487,78.91305021174706,18.49957504695779,0.009569508337727876,2.328670127015952e-06,193.8201624220237,19,COMPLETE
2319,25.633131808077554,2.3305002208473895,2026-10-06 02:02:21.323894,2026-10-06 02:05:34.106658,0 days 00:03:12.782764,0.14472486883161542,15.30358019832531,78.91305021174706,12.025559114678314,0.009569508337727876,2.328670127015952e-06,192.78268322115764,19,COMPLETE
2320,30.524275636608262,7.679936435009651,2026-10-06 02:02:21.327650,2026-10-06 02:05:35.709284,0 days 00:03:14.381634,0.05036010446508038,1.8054001832365776,78.91305021174706,83.85989774544747,0.009569508337727876,2.328670127015952e-06,194.38154532806948,19,COMPLETE
2321,15.674109639809823,1.3046073367612427,2026-10-06 02:02:21.331635,2026-10-06 02:05:34.131821,0 days 00:03:12.800186,0.14472486883161542,17.34948869114562,78.91305021174706,47.77760718136664,0.025738489388518318,2.328670127015952e-06,192.80010897712782,19,COMPLETE
2322,8.356741389130816,2.9664245188091245,2026-10-06 02:02:21.335639,2026-10-06 02:05:33.090319,0 days 00:03:11.754680,0.14472486883161542,1.8054001832365776,1.1401265916902474,47.77760718136664,0.009569508337727876,9.391865709026338e-06,191.7546017509885,19,COMPLETE
2323,23.270822715479984,1.35829055189621,2026-10-06 02:02:21.339635,2026-10-06 02:05:36.465496,0 days 00:03:15.125861,0.14472486883161542,7.7988590190752145,78.91305021174706,18.49957504695779,0.009569508337727876,2.328670127015952e-06,195.1257700594142,19,COMPLETE
2324,30.610682668197676,20.885615837109384,2026-10-06 02:02:21.343634,2026-10-06 02:05:30.148848,0 days 00:03:08.805214,0.22031827582514427,2.5826334477054016,78.91305021174706,12.025559114678314,0.009569508337727876,2.328670127015952e-06,188.80511709675193,19,COMPLETE
2325,,,2026-10-06 02:02:21.347629,2026-10-06 02:02:22.030684,0 days 00:00:00.683055,0.14472486883161542,44.636182762279546,78.91305021174706,12.025559114678314,0.001282625809235754,,,19,PRUNED
2326,17.31643832194439,16.904262910519105,2026-10-06 02:02:21.351638,2026-10-06 02:05:36.256092,0 days 00:03:14.904454,0.6040198049165227,1.8054001832365776,55.80461816179714,47.77760718136664,0.009569508337727876,2.328670127015952e-06,194.90435981703922,19,COMPLETE
2327,28.444733919865644,4.103713507773322,2026-10-06 02:02:21.355655,2026-10-06 02:05:32.175193,0 days 00:03:10.819538,0.14472486883161542,20.80293295264519,78.91305021174706,4.949274479107639,0.008698017554316196,2.328670127015952e-06,190.81944782519713,19,COMPLETE
2328,22.653788902300928,5.871016471175228,2026-10-06 02:02:21.491672,2026-10-06 02:05:36.369613,0 days 00:03:14.877941,0.6040198049165227,6.28879905307643,78.91305021174706,1.1590580176078862,0.009569508337727876,2.328670127015952e-06,194.8778495383449,19,COMPLETE
