number,values_0,values_1,datetime_start,datetime_complete,duration,params_c_val,params_input_force,params_k_between_val,params_k_wall_val,params_m_val,params_ridge_alpha,user_attrs_duration_sec,system_attrs_NSGAIISampler:generation,state
2742,22.387844928616637,16.46189581522458,2026-10-06 02:21:39.248636,2026-10-06 02:24:50.309967,0 days 00:03:11.061331,0.6040198049165227,6.28879905307643,78.91305021174706,4.949274479107639,0.009569508337727876,2.328670127015952e-06,191.0612524379976,23,COMPLETE
2743,29.730913012329744,18.6671361532612,2026-10-06 02:21:39.450662,2026-10-06 02:24:49.081738,0 days 00:03:09.631076,0.14472486883161542,3.42961079489487,78.91305021174706,41.098344750174995,0.009569508337727876,2.328670127015952e-06,189.63099512830377,23,COMPLETE
2744,31.24268187383035,16.415811315707238,2026-10-06 02:21:39.907680,2026-10-06 02:24:51.115487,0 days 00:03:11.207807,0.17534157142392734,1.8054001832365776,78.91305021174706,12.303481343464334,0.009569508337727876,6.059210361048411e-06,191.20770801603794,23,COMPLETE
2745,,,2026-10-06 02:21:40.157688,2026-10-06 02:21:41.066707,0 days 00:00:00.909019,0.17534157142392734,30.861543080502482,78.91305021174706,12.063212922645254,0.0030509383976422507,,,23,PRUNED
2746,31.445372342935343,16.504664224757644,2026-10-06 02:21:40.469690,2026-10-06 02:24:50.035192,0 days 00:03:09.565502,0.14472486883161542,1.8054001832365776,78.91305021174706,12.025559114678314,0.009569508337727876,2.328670127015952e-06,189.56541221495718,23,COMPLETE
2747,30.601214436166448,20.54528525505042,2026-10-06 02:21:40.722681,2026-10-06 02:24:49.147059,0 days 00:03:08.424378,0.22031827582514427,2.5826334477054016,78.91305021174706,12.025559114678314,0.009569508337727876,2.995617683981509e-06,188.42430102312937,23,COMPLETE
2748,31.455026648836792,10.233733817731332,2026-10-06 02:21:40.992850,2026-10-06 02:24:49.778515,0 days 00:03:08.785665,0.17534157142392734,1.8054001832365776,78.91305021174706,1.446304427167463,0.009569508337727876,5.773884785951291e-06,188.78556691808626,23,COMPLETE
2749,31.465073244656914,16.978952378682635,2026-10-06 02:21:40.996643,2026-10-06 02:24:52.075539,0 days 00:03:11.078896,0.14472486883161542,1.8054001832365776,78.91305021174706,6.182683349256731,0.008698017554316196,2.328670127015952e-06,191.07879751222208,23,COMPLETE
2750,32.105448248610195,13.77246817701386,2026-10-06 02:21:41.000636,2026-10-06 02:24:52.554403,0 days 00:03:11.553767,0.14472486883161542,1.8054001832365776,78.91305021174706,4.949274479107639,0.009569508337727876,2.328670127015952e-06,191.5536854476668,23,COMPLETE
2751,31.488651241640884,16.678654166865694,2026-10-06 02:21:41.004631,2026-10-06 02:24:55.410729,0 days 00:03:14.406098,0.1912437107176475,1.8054001832365776,78.91305021174706,8.12919983985662,0.009569508337727876,2.328670127015952e-06,194.40600644610822,23,COMPLETE
2752,31.058494576748092,18.688083566493344,2026-10-06 02:21:41.040649,2026-10-06 02:24:56.015838,0 days 00:03:14.975189,0.14472486883161542,1.8054001832365776,78.91305021174706,12.303481343464334,0.008698017554316196,2.328670127015952e-06,194.97509035700932,23,COMPLETE
2753,24.293559357814893,25.182782593238816,2026-10-06 02:21:41.109447,2026-10-06 02:24:51.647106,0 days 00:03:10.537659,0.48967816666395225,3.42961079489487,78.91305021174706,18.49957504695779,0.009569508337727876,2.328670127015952e-06,190.53757712617517,23,COMPLETE
2754,24.631028512989126,9.87664730533196,2026-10-06 02:21:41.152641,2026-10-06 02:24:50.019955,0 days 00:03:08.867314,0.48967816666395225,1.8054001832365776,78.91305021174706,2.0169031775206103,0.009569508337727876,2.328670127015952e-06,188.86674090800807,23,COMPLETE
2755,31.675161659582763,9.128409343711985,2026-10-06 02:21:41.156634,2026-10-06 02:24:52.531397,0 days 00:03:11.374763,0.11975518170439672,1.8054001832365776,78.91305021174706,18.49957504695779,0.015941803185749774,2.328670127015952e-06,191.3746830751188,23,COMPLETE
2756,27.59243648183865,7.933987305907492,2026-10-06 02:21:42.269891,2026-10-06 02:24:55.805139,0 days 00:03:13.535248,0.17534157142392734,3.42961079489487,34.96883646962312,12.025559114678314,0.019202786658917045,2.328670127015952e-06,193.53515688003972,23,COMPLETE
2757,19.180492446135776,1.6953448052383564,2026-10-06 02:21:42.273636,2026-10-06 02:24:54.612511,0 days 00:03:12.338875,0.2797811533133726,13.616299910271698,78.91305021174706,22.2783980962908,0.009569508337727876,2.328670127015952e-06,192.3387834909372,23,COMPLETE
2758,21.057633784867164,32.40813932113374,2026-10-06 02:21:42.293643,2026-10-06 02:24:51.794473,0 days 00:03:09.500830,0.6040198049165227,6.28879905307643,78.91305021174706,27.821597027495464,0.009569508337727876,2.328670127015952e-06,189.50072658481076,23,COMPLETE
2759,21.799381422062766,1.2244034850206782,2026-10-06 02:21:42.297634,2026-10-06 02:24:54.958513,0 days 00:03:12.660879,0.013980020370835525,1.8054001832365776,78.91305021174706,12.025559114678314,0.009569508337727876,2.328670127015952e-06,192.66078713396564,23,COMPLETE
2760,30.414751466298764,18.987719072888794,2026-10-06 02:21:42.313820,2026-10-06 02:24:54.377484,0 days 00:03:12.063664,0.14472486883161542,1.8054001832365776,78.91305021174706,54.31140553354297,0.009569508337727876,9.391865709026338e-06,192.06359228026122,23,COMPLETE
2761,24.464035686385422,26.18847698701406,2026-10-06 02:21:42.346661,2026-10-06 02:24:53.422170,0 days 00:03:11.075509,0.48967816666395225,3.42961079489487,78.91305021174706,18.49957504695779,0.009569508337727876,1.4671267453130232e-06,191.07541981805116,23,COMPLETE
2762,,,2026-10-06 02:21:42.350635,2026-10-06 02:21:42.684718,0 days 00:00:00.334083,0.14472486883161542,1.8054001832365776,78.91305021174706,83.85989774544747,0.005165756867810921,,,23,PRUNED
2763,32.00399494268541,8.508251773780083,2026-10-06 02:21:42.569697,2026-10-06 02:24:56.270198,0 days 00:03:13.700501,0.14472486883161542,1.8054001832365776,78.91305021174706,6.182683349256731,0.015941803185749774,2.328670127015952e-06,193.70039116917178,23,COMPLETE
2764,31.188318309097934,18.300896497428486,2026-10-06 02:21:42.789680,2026-10-06 02:24:55.873318,0 days 00:03:13.083638,0.1912437107176475,1.8054001832365776,78.91305021174706,12.025559114678314,0.009569508337727876,2.328670127015952e-06,193.08354045217857,23,COMPLETE
2765,30.610682668197676,20.885615837109384,2026-10-06 02:21:43.209855,2026-10-06 02:24:52.153516,0 days 00:03:08.943661,0.22031827582514427,2.5826334477054016,78.91305021174706,12.025559114678314,0.009569508337727876,2.328670127015952e-06,188.94357211701572,23,COMPLETE
2766,18.86858195416466,10.851281285947262,2026-10-06 02:21:43.213645,2026-10-06 02:24:54.053279,0 days 00:03:10.839634,0.14472486883161542,3.42961079489487,14.137929822633355,18.49957504695779,0.009569508337727876,2.328670127015952e-06,190.83953673904762,23,COMPLETE
2767,26.170840949079093,26.48034347190736,2026-10-06 02:21:43.217635,2026-10-06 02:24:57.672329,0 days 00:03:14.454694,0.3401090828369047,3.42961079489487,78.91305021174706,53.19831855856638,0.009569508337727876,2.619577012541532e-05,194.45458273310214,23,COMPLETE
2768,30.369827308743044,9.79038115117439,2026-10-06 02:21:43.221635,2026-10-06 02:24:52.730338,0 days 00:03:09.508703,0.0637576411603791,1.8054001832365776,78.91305021174706,57.188942301116285,0.009569508337727876,2.328670127015952e-06,189.50862686801702,23,COMPLETE
2769,29.561751280461202,12.738447122973836,2026-10-06 02:21:43.302066,2026-10-06 02:24:51.411893,0 days 00:03:08.109827,0.17534157142392734,1.8054001832365776,78.91305021174706,18.49957504695779,0.009569508337727876,0.0005984633661318876,188.10974379396066,23,COMPLETE
2770,30.670583809123013,17.015287993315045,2026-10-06 02:21:43.358155,2026-10-06 02:24:53.488934,0 days 00:03:10.130779,0.14472486883161542,2.5826334477054016,78.91305021174706,6.182683349256731,0.008698017554316196,2.328670127015952e-06,190.13069601589814,23,COMPLETE
2771,19.627771870761922,9.120879040804668,2026-10-06 02:21:43.897702,2026-10-06 02:24:54.373395,0 days 00:03:10.475693,0.2537871941753988,6.775475155479551,78.91305021174706,18.49957504695779,0.009569508337727876,2.328670127015952e-06,190.4755998328328,23,COMPLETE
2772,32.061373779370356,12.105863274440813,2026-10-06 02:21:43.913648,2026-10-06 02:24:54.066038,0 days 00:03:10.152390,0.1516925301684191,1.8054001832365776,78.91305021174706,4.949274479107639,0.009569508337727876,9.391865709026338e-06,190.15230066515505,23,COMPLETE
2773,17.81152670779775,16.280066952795863,2026-10-06 02:21:44.404696,2026-10-06 02:24:52.518808,0 days 00:03:08.114112,0.48480307501533615,3.42961079489487,78.91305021174706,35.397938808104236,0.009569508337727876,0.001016167194074828,188.11401454592124,23,COMPLETE
2774,21.788944741118236,1.1933112041377791,2026-10-06 02:22:07.811706,2026-10-06 02:25:21.193550,0 days 00:03:13.381844,0.01529957092020494,1.8054001832365776,78.91305021174706,6.182683349256731,0.017104947017758547,2.328670127015952e-06,193.3817275990732,23,COMPLETE
2775,26.17307916726255,7.174429238493004,2026-10-06 02:23:28.065834,2026-10-06 02:26:44.804891,0 days 00:03:16.739057,0.07627979908346863,2.5826334477054016,78.91305021174706,12.025559114678314,0.009569508337727876,2.328670127015952e-06,196.73894257564098,23,COMPLETE
2776,31.058494576748092,18.688083566493344,2026-10-06 02:24:47.287691,2026-10-06 02:28:02.416101,0 days 00:03:15.128410,0.14472486883161542,1.8054001832365776,78.91305021174706,12.303481343464334,0.008698017554316196,2.328670127015952e-06,195.1283145151101,23,COMPLETE
2777,31.97674912449391,9.035916837490214,2026-10-06 02:24:47.664867,2026-10-06 02:28:02.880017,0 days 00:03:15.215150,0.0860652138372875,1.8054001832365776,78.91305021174706,4.949274479107639,0.009569508337727876,2.328670127015952e-06,195.2150605688803,23,COMPLETE
2778,30.97037759615177,17.33775518355941,2026-10-06 02:24:48.175847,2026-10-06 02:28:02.240605,0 days 00:03:14.064758,0.17958655134255117,1.8054001832365776,78.91305021174706,18.49957504695779,0.009569508337727876,9.391865709026338e-06,194.06466253381222,23,COMPLETE
2779,29.829424890323615,21.25980677780427,2026-10-06 02:24:48.296822,2026-10-06 02:27:59.484856,0 days 00:03:11.188034,0.17534157142392734,1.8054001832365776,78.91305021174706,83.85989774544747,0.009569508337727876,2.328670127015952e-06,191.18791720177978,23,COMPLETE
2780,14.720412054761596,2.6952241318134726,2026-10-06 02:24:48.697550,2026-10-06 02:28:00.418534,0 days 00:03:11.720984,0.48480307501533615,22.857479560106512,78.91305021174706,28.521004463161855,0.009569508337727876,2.328670127015952e-06,191.72087438078597,23,COMPLETE
2781,25.356288465776657,27.97004931633298,2026-10-06 02:24:48.728655,2026-10-06 02:28:02.961482,0 days 00:03:14.232827,0.42937345114127523,4.156674102243562,78.91305021174706,22.2783980962908,0.009569508337727876,2.328670127015952e-06,194.2327375728637,23,COMPLETE
2782,30.60640437907238,18.12317469692573,2026-10-06 02:24:49.124846,2026-10-06 02:28:02.450937,0 days 00:03:13.326091,0.2537871941753988,1.8054001832365776,78.91305021174706,12.025559114678314,0.009569508337727876,2.328670127015952e-06,193.3260035580024,23,COMPLETE
2783,25.25977269530021,17.798683196809318,2026-10-06 02:24:49.158790,2026-10-06 02:28:01.303690,0 days 00:03:12.144900,0.48480307501533615,3.42961079489487,78.91305021174706,7.218111582151047,0.009569508337727876,2.328670127015952e-06,192.14480586722493,23,COMPLETE
2784,25.795533378964628,26.253750400555003,2026-10-06 02:24:49.166648,2026-10-06 02:28:02.686678,0 days 00:03:13.520030,0.42937345114127523,3.42961079489487,78.91305021174706,22.2783980962908,0.009569508337727876,2.328670127015952e-06,193.5199490119703,23,COMPLETE
2785,30.050698488549262,22.413899006165053,2026-10-06 02:24:49.174641,2026-10-06 02:28:01.253373,0 days 00:03:12.078732,0.2537871941753988,3.42961079489487,78.91305021174706,12.025559114678314,0.009569508337727876,2.328670127015952e-06,192.07863248279318,23,COMPLETE
2786,11.804851080528776,1.3276882628570412,2026-10-06 02:24:49.178634,2026-10-06 02:28:07.470605,0 days 00:03:18.291971,0.17534157142392734,10.401412204713907,3.0638726027388623,1.2668663970886451,0.009569508337727876,2.328670127015952e-06,198.29187982017174,23,COMPLETE
2787,29.800892933009187,2.9942281387064393,2026-10-06 02:24:49.182642,2026-10-06 02:28:07.432936,0 days 00:03:18.250294,0.14472486883161542,3.42961079489487,78.91305021174706,28.521004463161855,0.04601835064218797,2.328670127015952e-06,198.25020908890292,23,COMPLETE
2788,16.059766751001213,8.850577432441602,2026-10-06 02:24:49.186638,2026-10-06 02:28:03.502763,0 days 00:03:14.316125,0.48480307501533615,3.42961079489487,78.91305021174706,28.521004463161855,0.009569508337727876,0.12852611493833777,194.31603549607098,23,COMPLETE
2789,30.89964219470906,4.667159793883113,2026-10-06 02:24:49.210649,2026-10-06 02:28:00.193355,0 days 00:03:10.982706,0.06259276209718605,1.8054001832365776,78.91305021174706,4.949274479107639,0.009569508337727876,9.391865709026338e-06,190.98259996902198,23,COMPLETE
2790,29.142294020728663,21.11585436956789,2026-10-06 02:24:49.924693,2026-10-06 02:28:01.266995,0 days 00:03:11.342302,0.17534157142392734,1.8054001832365776,78.91305021174706,46.85274807777097,0.008698017554316196,2.328670127015952e-06,191.34220478544012,23,COMPLETE
2791,25.64108970137402,19.58812866334247,2026-10-06 02:24:50.326060,2026-10-06 02:28:04.509872,0 days 00:03:14.183812,0.17958655134255117,7.123734888112984,78.91305021174706,54.31140553354297,0.009569508337727876,2.328670127015952e-06,194.18371013132855,23,COMPLETE
2792,29.54170138547628,17.333281989253095,2026-10-06 02:24:50.329647,2026-10-06 02:28:02.693971,0 days 00:03:12.364324,0.3244615963460806,1.8054001832365776,78.91305021174706,12.025559114678314,0.009569508337727876,2.328670127015952e-06,192.36424409784377,23,COMPLETE
2793,31.432599470405062,16.56663998574626,2026-10-06 02:24:50.333634,2026-10-06 02:27:59.771018,0 days 00:03:09.437384,0.14472486883161542,1.8054001832365776,78.91305021174706,12.303481343464334,0.009569508337727876,2.328670127015952e-06,189.43727789679542,23,COMPLETE
2794,31.45379482479829,18.073841720567764,2026-10-06 02:24:50.337634,2026-10-06 02:28:04.076532,0 days 00:03:13.738898,0.17534157142392734,1.8054001832365776,78.91305021174706,6.182683349256731,0.008698017554316196,2.328670127015952e-06,193.73881392693147,23,COMPLETE
2795,27.89165783163355,1.5453882624129447,2026-10-06 02:24:50.340637,2026-10-06 02:28:07.827914,0 days 00:03:17.487277,0.22031827582514427,3.42961079489487,78.91305021174706,12.025559114678314,0.09478655731742062,2.328670127015952e-06,197.48717683600262,23,COMPLETE
2796,,,2026-10-06 02:24:50.344635,2026-10-06 02:24:51.425711,0 days 00:00:01.081076,0.24612247121128727,1.8054001832365776,78.91305021174706,4.949274479107639,0.0051449391524138665,,,23,PRUNED
2797,29.817651462460645,23.809340668352807,2026-10-06 02:24:50.629849,2026-10-06 02:28:01.422087,0 days 00:03:10.792238,0.22031827582514427,2.5826334477054016,78.91305021174706,40.2862337213893,0.009569508337727876,2.328670127015952e-06,190.7921321010217,23,COMPLETE
2798,26.42002672019591,23.60834200391943,2026-10-06 02:24:50.726689,2026-10-06 02:28:00.272533,0 days 00:03:09.545844,0.3401090828369047,3.42961079489487,66.91628387578756,18.49957504695779,0.009569508337727876,2.328670127015952e-06,189.54573837993667,23,COMPLETE
2799,21.057633784867164,32.40813932113374,2026-10-06 02:24:50.909689,2026-10-06 02:28:05.834519,0 days 00:03:14.924830,0.6040198049165227,6.28879905307643,78.91305021174706,27.821597027495464,0.009569508337727876,2.328670127015952e-06,194.9247482419014,23,COMPLETE
2800,29.50237006822938,1.860320452073422,2026-10-06 02:24:50.923363,2026-10-06 02:28:05.784536,0 days 00:03:14.861173,0.22031827582514427,2.5826334477054016,78.91305021174706,12.025559114678314,0.08209064948942209,2.328670127015952e-06,194.86096984194592,23,COMPLETE
2801,17.181337642972117,9.309753470541196,2026-10-06 02:24:50.938653,2026-10-06 02:28:00.671870,0 days 00:03:09.733217,0.48967816666395225,39.67324546668629,78.91305021174706,18.49957504695779,0.009569508337727876,1.4671267453130232e-06,189.73309862427413,23,COMPLETE
2802,22.510063603418725,11.62745611827591,2026-10-06 02:24:51.286861,2026-10-06 02:28:04.273547,0 days 00:03:12.986686,0.17958655134255117,1.8054001832365776,16.30147608315088,4.949274479107639,0.009569508337727876,9.391865709026338e-06,192.98659797478467,23,COMPLETE
2803,5.8414043591865745,1.1465927275184877,2026-10-06 02:24:51.290645,2026-10-06 02:28:06.476704,0 days 00:03:15.186059,0.010080635659722984,6.28879905307643,14.538024095255729,12.303481343464334,0.008698017554316196,2.328670127015952e-06,195.18597085308284,23,COMPLETE
2804,25.162893604522452,3.8385689558338516,2026-10-06 02:24:51.294640,2026-10-06 02:27:58.443294,0 days 00:03:07.148654,0.14472486883161542,26.85773061527723,78.91305021174706,12.025559114678314,0.009569508337727876,2.328670127015952e-06,187.14854380115867,23,COMPLETE
2805,11.986922354952792,1.266344380650381,2026-10-06 02:24:51.298637,2026-10-06 02:28:05.303371,0 days 00:03:14.004734,0.48480307501533615,3.42961079489487,78.91305021174706,4.949274479107639,0.009569508337727876,42.21447017560953,194.00464638508856,23,COMPLETE
2806,21.14546889474001,13.056280853709765,2026-10-06 02:24:51.302630,2026-10-06 02:28:05.694185,0 days 00:03:14.391555,0.48480307501533615,1.8054001832365776,78.91305021174706,4.949274479107639,0.0013520427774122523,2.328670127015952e-06,194.3914822069928,23,COMPLETE
2807,19.280852637400294,25.497112326229306,2026-10-06 02:24:51.481675,2026-10-06 02:28:05.653644,0 days 00:03:14.171969,0.5804379238023668,7.7988590190752145,78.91305021174706,27.821597027495464,0.009569508337727876,0.00011724423570922866,194.1718884720467,23,COMPLETE
2808,30.420949617338966,17.750032613682134,2026-10-06 02:24:51.493655,2026-10-06 02:28:06.959574,0 days 00:03:15.465919,0.1912437107176475,3.42961079489487,78.91305021174706,8.12919983985662,0.009569508337727876,2.328670127015952e-06,195.46582270180807,23,COMPLETE
2809,,,2026-10-06 02:24:51.702677,2026-10-06 02:24:52.840124,0 days 00:00:01.137447,0.48967816666395225,3.42961079489487,78.91305021174706,89.37467038350279,0.007216127181296103,,,23,PRUNED
2810,25.15522897821507,18.678657961290018,2026-10-06 02:24:51.808679,2026-10-06 02:28:05.546214,0 days 00:03:13.737535,0.48480307501533615,3.42961079489487,78.91305021174706,8.12919983985662,0.009569508337727876,2.328670127015952e-06,193.73744461406022,23,COMPLETE
2811,,,2026-10-06 02:24:52.668676,2026-10-06 02:24:55.448469,0 days 00:00:02.779793,0.22031827582514427,3.42961079489487,78.91305021174706,3.2115267770792797,0.0020481335190530216,,,23,PRUNED
2812,27.168513629481687,3.799872118432271,2026-10-06 02:24:52.700665,2026-10-06 02:28:07.395358,0 days 00:03:14.694693,0.22298309994079038,47.80983049198228,78.91305021174706,4.949274479107639,0.012090674219929246,2.328670127015952e-06,194.69460939522833,23,COMPLETE
2813,24.193508211616223,27.818391860229177,2026-10-06 02:24:52.708829,2026-10-06 02:28:03.610617,0 days 00:03:10.901788,0.48480307501533615,3.42961079489487,78.91305021174706,27.821597027495464,0.009569508337727876,2.328670127015952e-06,190.90170199796557,23,COMPLETE
2814,,,2026-10-06 02:24:52.712638,2026-10-06 02:24:52.952661,0 days 00:00:00.240023,0.01105495020767927,30.24703126098048,78.91305021174706,12.025559114678314,0.004961266940051042,,,23,PRUNED
2815,21.269160475005844,29.69906153080861,2026-10-06 02:24:52.734649,2026-10-06 02:28:08.148533,0 days 00:03:15.413884,0.5804379238023668,7.7988590190752145,78.91305021174706,18.49957504695779,0.009569508337727876,2.328670127015952e-06,195.41378301242366,23,COMPLETE
2816,31.058494576748092,18.688083566493344,2026-10-06 02:24:52.790688,2026-10-06 02:28:06.235697,0 days 00:03:13.445009,0.14472486883161542,1.8054001832365776,78.91305021174706,12.303481343464334,0.008698017554316196,2.328670127015952e-06,193.44490435020998,23,COMPLETE
2817,24.81500311070091,19.92515359492924,2026-10-06 02:24:52.794645,2026-10-06 02:28:08.498521,0 days 00:03:15.703876,0.48967816666395225,3.42961079489487,78.91305021174706,18.49957504695779,0.012090674219929246,2.328670127015952e-06,195.703773770947,23,COMPLETE
2818,22.498386566950217,1.2067748815380148,2026-10-06 02:24:52.806647,2026-10-06 02:28:06.305865,0 days 00:03:13.499218,0.01875683651644278,3.42961079489487,78.91305021174706,12.025559114678314,0.009569508337727876,2.328670127015952e-06,193.4991423659958,23,COMPLETE
2819,30.420949617338966,17.750032613682134,2026-10-06 02:24:52.956673,2026-10-06 02:28:05.658191,0 days 00:03:12.701518,0.1912437107176475,3.42961079489487,78.91305021174706,8.12919983985662,0.009569508337727876,2.328670127015952e-06,192.70144036319107,23,COMPLETE
2820,25.0106571164127,19.830298593550364,2026-10-06 02:24:53.544872,2026-10-06 02:28:05.517174,0 days 00:03:11.972302,0.48480307501533615,3.42961079489487,78.91305021174706,9.42822866095483,0.009569508337727876,2.328670127015952e-06,191.97221641615033,23,COMPLETE
2821,31.543937564456662,14.933778295169018,2026-10-06 02:24:53.548644,2026-10-06 02:28:06.300280,0 days 00:03:12.751636,0.17534157142392734,2.5826334477054016,78.91305021174706,3.6130770314992633,0.009569508337727876,2.328670127015952e-06,192.75155265675858,23,COMPLETE
2822,30.777004707063686,10.369010136605771,2026-10-06 02:24:53.552632,2026-10-06 02:28:06.256305,0 days 00:03:12.703673,0.14472486883161542,1.8054001832365776,52.45722158081156,4.949274479107639,0.012090674219929246,2.328670127015952e-06,192.70358839677647,23,COMPLETE
2823,27.85298503668961,6.064669194946673,2026-10-06 02:24:53.556629,2026-10-06 02:28:02.855253,0 days 00:03:09.298624,0.07954540619779658,3.42961079489487,78.91305021174706,18.49957504695779,0.009569508337727876,4.900558930076565e-06,189.2985447589308,23,COMPLETE
2824,0.18828508819213263,1.201893987697222,2026-10-06 02:24:53.601798,2026-10-06 02:28:04.179579,0 days 00:03:10.577781,0.6040198049165227,1.8054001832365776,78.91305021174706,6.182683349256731,0.008698017554316196,8.56525940985048e-05,190.5776993976906,23,COMPLETE
