number,values_0,values_1,datetime_start,datetime_complete,duration,params_c_val,params_input_force,params_k_between_val,params_k_wall_val,params_m_val,params_ridge_alpha,user_attrs_duration_sec,system_attrs_NSGAIISampler:generation,state
5223,27.39149761667274,1.7113621294145114,2026-10-06 04:17:22.048748,2026-10-06 04:20:34.072316,0 days 00:03:12.023568,0.02901907812896006,1.8054001832365776,23.303259393306163,18.49957504695779,0.008698017554316196,0.01591043113900734,192.02347671240568,43,COMPLETE
5224,,,2026-10-06 04:17:22.097788,2026-10-06 04:18:40.906680,0 days 00:01:18.808892,0.01382842504755225,6.28879905307643,78.91305021174706,53.19831855856638,0.009569508337727876,2.328670127015952e-06,,43,PRUNED
5225,2.793324777071023,1.2525814614917976,2026-10-06 04:17:22.143014,2026-10-06 04:20:35.537395,0 days 00:03:13.394381,0.10138564390321832,3.9030948558877907,1.519514486356645,4.949274479107639,0.009569508337727876,2.328670127015952e-06,193.39427715307102,43,COMPLETE
5226,30.93566168680822,21.685335779995146,2026-10-06 04:17:22.577948,2026-10-06 04:20:35.416511,0 days 00:03:12.838563,0.19189241237051688,1.8054001832365776,78.91305021174706,12.025559114678314,0.008698017554316196,1.4671267453130232e-06,192.83846683287993,43,COMPLETE
5227,30.70511859465459,22.162786820890595,2026-10-06 04:17:22.609660,2026-10-06 04:20:32.986938,0 days 00:03:10.377278,0.18472274745078338,1.8054001832365776,78.91305021174706,18.49957504695779,0.008698017554316196,2.328670127015952e-06,190.37718259403482,43,COMPLETE
5228,25.826391189373386,1.5587983804557837,2026-10-06 04:17:22.684775,2026-10-06 04:20:35.576556,0 days 00:03:12.891781,0.17534157142392734,4.95477336878759,44.53997077858963,4.284919950615606,0.009569508337727876,2.108934163128921e-06,192.89167912583798,43,COMPLETE
5229,11.281291856405032,3.415998169920408,2026-10-06 04:17:22.821684,2026-10-06 04:20:32.488850,0 days 00:03:09.667166,0.14472486883161542,1.0100598856645617,1.5218822564260572,18.49957504695779,0.009569508337727876,1.4671267453130232e-06,189.66704929014668,43,COMPLETE
5230,32.751885323502435,11.255579927958703,2026-10-06 04:17:23.055698,2026-10-06 04:20:39.639335,0 days 00:03:16.583637,0.11816812965117938,1.0100598856645617,78.91305021174706,7.14008749932051,0.009569508337727876,1.4671267453130232e-06,196.5835128738545,43,COMPLETE
5231,32.0505572454284,13.748078549618164,2026-10-06 04:17:23.329678,2026-10-06 04:20:37.127465,0 days 00:03:13.797787,0.17534157142392734,1.0100598856645617,78.91305021174706,12.025559114678314,0.009569508337727876,2.328670127015952e-06,193.79767230292782,43,COMPLETE
5232,30.717065927510202,21.45985627481825,2026-10-06 04:17:23.684880,2026-10-06 04:20:36.246840,0 days 00:03:12.561960,0.19189241237051688,1.8054001832365776,69.33707937619111,18.49957504695779,0.008698017554316196,1.4671267453130232e-06,192.56184638105333,43,COMPLETE
5233,,,2026-10-06 04:17:23.688649,2026-10-06 04:17:24.592698,0 days 00:00:00.904049,0.48967816666395225,6.28879905307643,78.91305021174706,53.19831855856638,0.006797852278450379,,,43,PRUNED
5234,32.34343868931529,13.06980655665193,2026-10-06 04:17:23.692627,2026-10-06 04:20:37.258005,0 days 00:03:13.565378,0.14472486883161542,1.0100598856645617,78.91305021174706,12.025559114678314,0.009569508337727876,2.328670127015952e-06,193.56529036909342,43,COMPLETE
5235,30.1986596877286,12.199395806704356,2026-10-06 04:17:23.696628,2026-10-06 04:20:33.402543,0 days 00:03:09.705915,0.22031827582514427,1.0100598856645617,78.91305021174706,18.49957504695779,0.013464720671679128,2.328670127015952e-06,189.70579911908135,43,COMPLETE
5236,31.94061229358379,15.081478099327647,2026-10-06 04:17:23.920687,2026-10-06 04:20:34.601533,0 days 00:03:10.680846,0.14472486883161542,1.8054001832365776,78.91305021174706,6.182683349256731,0.009569508337727876,1.4671267453130232e-06,190.68072366295382,43,COMPLETE
5237,30.748633635853157,21.7672893085043,2026-10-06 04:17:24.245709,2026-10-06 04:20:34.252517,0 days 00:03:10.006808,0.17534157142392734,1.8054001832365776,78.91305021174706,18.49957504695779,0.008698017554316196,1.4671267453130232e-06,190.00670011527836,43,COMPLETE
5238,30.870591578726316,21.09594541366168,2026-10-06 04:17:24.593185,2026-10-06 04:20:35.588057,0 days 00:03:10.994872,0.22031827582514427,1.8054001832365776,78.91305021174706,16.164110807618073,0.009569508337727876,1.0746247031029727e-06,190.99478570511565,43,COMPLETE
5239,29.919649449183332,17.694339103545172,2026-10-06 04:17:24.596641,2026-10-06 04:20:37.728834,0 days 00:03:13.132193,0.3055117645902675,3.42961079489487,78.91305021174706,4.949274479107639,0.009569508337727876,1.4671267453130232e-06,193.13208027696237,43,COMPLETE
5240,25.914031237284707,13.59369752658216,2026-10-06 04:17:24.600631,2026-10-06 04:20:33.260665,0 days 00:03:08.660034,0.22031827582514427,1.8054001832365776,78.91305021174706,45.45411896584779,0.009569508337727876,0.003183565740807859,188.65990889025852,43,COMPLETE
5241,17.16770097946436,1.8151703486191137,2026-10-06 04:17:24.604626,2026-10-06 04:20:34.146598,0 days 00:03:09.541972,0.19189241237051688,3.1695891036912744,78.91305021174706,4.949274479107639,0.008698017554316196,3.2295168763529007,189.54188727075234,43,COMPLETE
5242,30.7209998215995,1.5682182049269546,2026-10-06 04:17:24.608634,2026-10-06 04:20:35.418147,0 days 00:03:10.809513,0.17534157142392734,6.2308499169929785,78.91305021174706,1.1244770131773332,0.009569508337727876,2.328670127015952e-06,190.80942512024194,43,COMPLETE
5243,32.88940935175599,4.45443412787039,2026-10-06 04:17:24.612634,2026-10-06 04:20:35.581905,0 days 00:03:10.969271,0.03768113254422164,1.0100598856645617,78.91305021174706,18.49957504695779,0.009569508337727876,2.108934163128921e-06,190.969184783753,43,COMPLETE
5244,14.72150778457223,1.3108404800696818,2026-10-06 04:17:24.633643,2026-10-06 04:20:37.995761,0 days 00:03:13.362118,0.016483310623909113,2.5826334477054016,78.91305021174706,40.29115295108787,0.009569508337727876,2.328670127015952e-06,193.3620044970885,43,COMPLETE
5245,32.58296902202029,11.912310480463777,2026-10-06 04:17:24.637633,2026-10-06 04:20:37.242515,0 days 00:03:12.604882,0.14472486883161542,1.0100598856645617,78.91305021174706,7.704673657496365,0.009569508337727876,2.328670127015952e-06,192.60478835506365,43,COMPLETE
5246,9.79568305931714,4.329243091880345,2026-10-06 04:17:25.025853,2026-10-06 04:20:38.155932,0 days 00:03:13.130079,0.18472274745078338,1.8054001832365776,1.7001889918392465,16.966954115393197,0.008698017554316196,2.328670127015952e-06,193.12995592784137,43,COMPLETE
5247,27.48265117484317,4.946643021656742,2026-10-06 04:17:25.200690,2026-10-06 04:20:36.792634,0 days 00:03:11.591944,0.19189241237051688,20.08137876122043,80.02412020947226,4.949274479107639,0.008698017554316196,0.0007865521769180398,191.59184920275584,43,COMPLETE
5248,17.65157243702448,1.1517220199106288,2026-10-06 04:17:25.764881,2026-10-06 04:20:36.731137,0 days 00:03:10.966256,0.020629181745931587,1.0100598856645617,78.91305021174706,7.14008749932051,0.04586046628617316,2.328670127015952e-06,190.96616579731926,43,COMPLETE
5249,27.49378300825405,2.719437750853328,2026-10-06 04:17:25.768640,2026-10-06 04:20:38.493741,0 days 00:03:12.725101,0.17534157142392734,11.178507509131338,78.91305021174706,6.182683349256731,0.008698017554316196,1.4671267453130232e-06,192.72500281082466,43,COMPLETE
5250,30.390437389801377,20.867691754390826,2026-10-06 04:17:25.772634,2026-10-06 04:20:37.337102,0 days 00:03:11.564468,0.2680662921881964,1.8054001832365776,78.91305021174706,18.49957504695779,0.009569508337727876,1.4671267453130232e-06,191.5643808231689,43,COMPLETE
5251,31.001219460577705,20.546874726373222,2026-10-06 04:17:25.776633,2026-10-06 04:20:33.980042,0 days 00:03:08.203409,0.17534157142392734,1.8054001832365776,78.91305021174706,12.025559114678314,0.008698017554316196,2.328670127015952e-06,188.20331662800163,43,COMPLETE
5252,,,2026-10-06 04:17:25.780631,2026-10-06 04:17:26.175720,0 days 00:00:00.395089,0.22031827582514427,1.8054001832365776,78.91305021174706,38.52680789958333,0.0012165586608344596,,,43,PRUNED
5253,29.628983771213505,14.722055682534988,2026-10-06 04:17:26.299681,2026-10-06 04:20:40.687715,0 days 00:03:14.388034,0.15018373790998102,2.5826334477054016,78.91305021174706,43.28124591625652,0.009569508337727876,0.0007105051670436436,194.38793051196262,44,COMPLETE
5254,19.607158983327245,1.7074692841394523,2026-10-06 04:17:26.376838,2026-10-06 04:20:40.713042,0 days 00:03:14.336204,0.17534157142392734,4.014839763781616,78.91305021174706,6.182683349256731,0.021408303599684732,0.02324331709192775,194.3361009885557,44,COMPLETE
5255,17.77529582635661,1.3613661435531812,2026-10-06 04:17:26.380643,2026-10-06 04:20:37.165457,0 days 00:03:10.784814,0.14472486883161542,33.152449309764904,30.16882368403167,12.025559114678314,0.03463343903868386,1.2446212784745538e-06,190.7847099872306,44,COMPLETE
5256,30.023774577777328,14.227117280833358,2026-10-06 04:17:26.384627,2026-10-06 04:20:35.827439,0 days 00:03:09.442812,0.19189241237051688,1.0100598856645617,57.80198087341734,7.704673657496365,0.008698017554316196,1.4671267453130232e-06,189.442707573995,44,COMPLETE
5257,31.284621544300705,17.94211592853864,2026-10-06 04:17:26.388645,2026-10-06 04:20:37.495262,0 days 00:03:11.106617,0.17534157142392734,1.8054001832365776,78.91305021174706,12.025559114678314,0.009569508337727876,2.328670127015952e-06,191.1064979643561,44,COMPLETE
5258,,,2026-10-06 04:17:26.392628,2026-10-06 04:17:27.196729,0 days 00:00:00.804101,0.06441798531902292,1.0100598856645617,78.91305021174706,7.704673657496365,0.0036946057611278835,,,44,PRUNED
5259,22.244589292947794,6.533169887014474,2026-10-06 04:17:26.396623,2026-10-06 04:20:36.276183,0 days 00:03:09.879560,0.19189241237051688,32.2706698007066,78.91305021174706,12.025559114678314,0.008698017554316196,2.343952843443953,189.8794605396688,44,COMPLETE
5260,31.80842510206303,15.870071321424609,2026-10-06 04:17:26.436665,2026-10-06 04:20:38.931246,0 days 00:03:12.494581,0.14472486883161542,1.8054001832365776,69.33707937619111,4.949274479107639,0.008698017554316196,1.0746247031029727e-06,192.49446297995746,44,COMPLETE
5261,10.895121610162743,2.743529644663906,2026-10-06 04:17:26.531669,2026-10-06 04:20:40.609962,0 days 00:03:14.078293,0.419007027175139,24.588778240754777,78.91305021174706,53.19831855856638,0.009569508337727876,0.0014803668446570154,194.07817948423326,44,COMPLETE
5262,32.28524680622071,13.508724345230107,2026-10-06 04:17:27.272694,2026-10-06 04:20:35.748689,0 days 00:03:08.475995,0.11816812965117938,1.0100598856645617,78.91305021174706,18.49957504695779,0.009569508337727876,2.328670127015952e-06,188.4758717129007,44,COMPLETE
5263,15.52304786809817,1.284012532479491,2026-10-06 04:17:27.513857,2026-10-06 04:20:35.790224,0 days 00:03:08.276367,0.3401090828369047,42.748078316148565,80.97346391189345,53.19831855856638,0.08835828029683959,1.4671267453130232e-06,188.27625255612656,44,COMPLETE
5264,25.846728994158763,14.947882741015633,2026-10-06 04:17:27.517650,2026-10-06 04:20:38.306975,0 days 00:03:10.789325,0.14472486883161542,1.0100598856645617,20.393128891813983,15.712458933726909,0.008698017554316196,1.2446212784745538e-06,190.78922739205882,44,COMPLETE
5265,29.490995633585868,13.592276994933687,2026-10-06 04:17:28.308704,2026-10-06 04:20:42.491551,0 days 00:03:14.182847,0.35349415915446786,1.0100598856645617,78.91305021174706,7.14008749932051,0.009569508337727876,1.4671267453130232e-06,194.18271252373233,44,COMPLETE
5266,32.05965944575421,13.879610475340636,2026-10-06 04:17:59.137252,2026-10-06 04:21:08.689558,0 days 00:03:09.552306,0.17534157142392734,1.0100598856645617,78.91305021174706,12.025559114678314,0.009569508337727876,2.108934163128921e-06,189.5521804150194,44,COMPLETE
5267,29.761400299233465,2.6004757943149794,2026-10-06 04:18:01.055695,2026-10-06 04:21:16.977548,0 days 00:03:15.921853,0.14472486883161542,33.63445816820507,69.33707937619111,2.5931783094816834,0.009569508337727876,1.4671267453130232e-06,195.9217102820985,44,COMPLETE
5268,31.465538914789203,15.961585984078944,2026-10-06 04:18:34.331689,2026-10-06 04:21:45.228316,0 days 00:03:10.896627,0.12186470831252749,1.0100598856645617,78.91305021174706,38.52680789958333,0.009569508337727876,2.108934163128921e-06,190.89649323606864,44,COMPLETE
5269,32.38455226346241,12.605373299809386,2026-10-06 04:18:41.256679,2026-10-06 04:21:50.005105,0 days 00:03:08.748426,0.17534157142392734,1.0100598856645617,78.91305021174706,7.14008749932051,0.009569508337727876,2.328670127015952e-06,188.74829048197716,44,COMPLETE
5270,29.736236132406532,15.187612856402199,2026-10-06 04:18:41.324820,2026-10-06 04:21:49.700204,0 days 00:03:08.375384,0.11816812965117938,1.0100598856645617,38.69778208843015,18.49957504695779,0.008698017554316196,1.4671267453130232e-06,188.37525509670377,44,COMPLETE
5271,24.030018575092218,2.934004328230746,2026-10-06 04:19:16.917694,2026-10-06 04:22:30.505146,0 days 00:03:13.587452,0.14472486883161542,1.8054001832365776,10.546567989653825,4.949274479107639,0.02246621723752311,1.4671267453130232e-06,193.5873229391873,44,COMPLETE
5272,15.355060389348216,1.254763421968986,2026-10-06 04:20:29.466935,2026-10-06 04:23:45.252673,0 days 00:03:15.785738,0.14289233393279763,1.0100598856645617,78.91305021174706,18.49957504695779,0.009569508337727876,18.59795834805986,195.78560845926404,44,COMPLETE
5273,25.157265357032987,5.59335881036566,2026-10-06 04:20:29.844719,2026-10-06 04:23:43.850068,0 days 00:03:14.005349,0.17534157142392734,21.678138374796923,78.91305021174706,9.81305967931159,0.008698017554316196,2.328670127015952e-06,194.00521630281582,44,COMPLETE
5274,30.871679756940626,2.034843366796499,2026-10-06 04:20:31.120703,2026-10-06 04:23:43.666183,0 days 00:03:12.545480,0.17534157142392734,44.726660430318006,78.91305021174706,1.2124569768261664,0.008698017554316196,2.328670127015952e-06,192.54534418089315,44,COMPLETE
5275,7.07667014530921,5.549279008711356,2026-10-06 04:20:31.548936,2026-10-06 04:23:44.648565,0 days 00:03:13.099629,0.35349415915446786,1.8054001832365776,1.4842677792282994,53.19831855856638,0.009569508337727876,1.4671267453130232e-06,193.0994973629713,44,COMPLETE
5276,8.639621452305885,2.783375770099293,2026-10-06 04:20:32.492949,2026-10-06 04:23:46.075525,0 days 00:03:13.582576,0.17534157142392734,1.8054001832365776,1.0222609460564005,16.966954115393197,0.010442380165385389,1.2446212784745538e-06,193.5824652351439,44,COMPLETE
5277,26.593242878394257,1.2248559021940777,2026-10-06 04:20:32.838700,2026-10-06 04:23:47.258035,0 days 00:03:14.419335,0.010410648235259232,1.8054001832365776,78.91305021174706,2.1358719818635192,0.009569508337727876,2.328670127015952e-06,194.4192298068665,44,COMPLETE
5278,29.835576872276476,19.338988160206558,2026-10-06 04:20:32.887711,2026-10-06 04:23:46.105869,0 days 00:03:13.218158,0.18149805113470238,4.014839763781616,78.91305021174706,18.49957504695779,0.009569508337727876,1.4671267453130232e-06,193.21806078078225,44,COMPLETE
5279,31.538634223412323,16.287302943595535,2026-10-06 04:20:32.951661,2026-10-06 04:23:46.328504,0 days 00:03:13.376843,0.22031827582514427,1.8054001832365776,78.91305021174706,6.182683349256731,0.009569508337727876,1.4671267453130232e-06,193.37674897396937,44,COMPLETE
5280,30.14351804961654,17.0891630920254,2026-10-06 04:20:33.052810,2026-10-06 04:23:44.924834,0 days 00:03:11.872024,0.14472486883161542,3.42961079489487,80.97346391189345,18.49957504695779,0.009569508337727876,2.328670127015952e-06,191.87191035365686,44,COMPLETE
5281,30.431767719778907,2.601536119516183,2026-10-06 04:20:33.056291,2026-10-06 04:23:44.003179,0 days 00:03:10.946888,0.14472486883161542,41.67596546505238,78.91305021174706,2.5931783094816834,0.009569508337727876,2.328670127015952e-06,190.94676310103387,44,COMPLETE
5282,21.25329087372659,30.255595636231867,2026-10-06 04:20:33.059504,2026-10-06 04:23:47.801523,0 days 00:03:14.742019,0.5870093483273151,3.42961079489487,78.91305021174706,53.19831855856638,0.009569508337727876,1.4671267453130232e-06,194.74191207578406,44,COMPLETE
5283,21.324224768433083,9.459423556249513,2026-10-06 04:20:33.284706,2026-10-06 04:23:46.814835,0 days 00:03:13.530129,0.6031850984661068,1.8054001832365776,78.91305021174706,2.5931783094816834,0.009569508337727876,2.328670127015952e-06,193.53000429598615,44,COMPLETE
5284,32.64250632699965,2.712768190954154,2026-10-06 04:20:33.765952,2026-10-06 04:23:46.590013,0 days 00:03:12.824061,0.14472486883161542,1.8054001832365776,78.91305021174706,4.949274479107639,0.03463343903868386,1.4671267453130232e-06,192.82395958527923,44,COMPLETE
5285,22.992794901369116,1.27144051991406,2026-10-06 04:20:33.948887,2026-10-06 04:23:51.276451,0 days 00:03:17.327564,0.017612382649933978,1.8054001832365776,78.91305021174706,12.025559114678314,0.008698017554316196,2.328670127015952e-06,197.32743534771726,44,COMPLETE
5286,17.4348884191005,1.4284075893991184,2026-10-06 04:20:34.133679,2026-10-06 04:23:47.774229,0 days 00:03:13.640550,0.17534157142392734,3.42961079489487,78.91305021174706,6.182683349256731,0.018652158986040956,2.1257994292163964,193.64043116988614,44,COMPLETE
5287,30.6772931790815,18.883749213055363,2026-10-06 04:20:34.617874,2026-10-06 04:23:50.392789,0 days 00:03:15.774915,0.14472486883161542,1.0100598856645617,78.91305021174706,74.84721736093496,0.009569508337727876,2.328670127015952e-06,195.77478946000338,44,COMPLETE
5288,31.71579488291813,15.215707705522485,2026-10-06 04:20:34.621643,2026-10-06 04:23:46.680617,0 days 00:03:12.058974,0.17534157142392734,1.0100598856645617,78.91305021174706,18.49957504695779,0.009569508337727876,2.328670127015952e-06,192.05888834875077,44,COMPLETE
5289,30.49620850911101,1.7770906377543634,2026-10-06 04:20:34.625627,2026-10-06 04:23:47.849697,0 days 00:03:13.224070,0.19189241237051688,5.69293383826532,78.91305021174706,1.2230910582542438,0.009569508337727876,1.2446212784745538e-06,193.22397373104468,44,COMPLETE
5290,17.657239276293474,8.740958663444731,2026-10-06 04:20:34.628636,2026-10-06 04:23:46.860505,0 days 00:03:12.231869,0.17534157142392734,1.8054001832365776,78.91305021174706,53.19831855856638,0.009569508337727876,0.6191164050688082,192.23177124606445,44,COMPLETE
5291,,,2026-10-06 04:20:34.632635,2026-10-06 04:20:35.220855,0 days 00:00:00.588220,0.2680662921881964,1.8054001832365776,78.91305021174706,68.16736882099724,0.004025063542403909,,,44,PRUNED
5292,30.826775634455167,19.43079936779744,2026-10-06 04:20:34.636628,2026-10-06 04:23:44.901737,0 days 00:03:10.265109,0.14472486883161542,1.8054001832365776,78.91305021174706,18.49957504695779,0.008698017554316196,1.4671267453130232e-06,190.26498451689258,44,COMPLETE
5293,31.62605267685125,17.04516925763458,2026-10-06 04:20:34.651653,2026-10-06 04:23:46.552496,0 days 00:03:11.900843,0.17534157142392734,1.8054001832365776,78.91305021174706,4.949274479107639,0.008698017554316196,2.328670127015952e-06,191.90064421435818,44,COMPLETE
5294,31.424428102548156,19.10870204218995,2026-10-06 04:20:35.315687,2026-10-06 04:23:46.907576,0 days 00:03:11.591889,0.19189241237051688,1.8054001832365776,78.91305021174706,6.182683349256731,0.008698017554316196,1.4671267453130232e-06,191.5917893932201,44,COMPLETE
5295,11.78982346371761,8.71433938064156,2026-10-06 04:20:35.857133,2026-10-06 04:23:48.778780,0 days 00:03:12.921647,0.3401090828369047,49.98670019006272,80.97346391189345,53.19831855856638,0.009569508337727876,1.4671267453130232e-06,192.92154194414616,44,COMPLETE
5296,22.172125985154405,1.379828676293439,2026-10-06 04:20:35.860654,2026-10-06 04:23:47.842582,0 days 00:03:11.981928,0.019466629767647355,1.8054001832365776,78.91305021174706,20.205946472946003,0.008698017554316196,1.2446212784745538e-06,191.98182667884976,44,COMPLETE
5297,30.659221497187723,22.80057748061564,2026-10-06 04:20:35.864629,2026-10-06 04:23:47.108374,0 days 00:03:11.243745,0.19189241237051688,1.8054001832365776,78.91305021174706,18.49957504695779,0.008698017554316196,1.4671267453130232e-06,191.2436180980876,44,COMPLETE
5298,17.671759980810826,12.236437178824096,2026-10-06 04:20:35.868629,2026-10-06 04:23:51.780946,0 days 00:03:15.912317,0.3401090828369047,3.42961079489487,78.91305021174706,18.49957504695779,0.009569508337727876,0.04216441546117059,195.91222136234865,44,COMPLETE
5299,17.20175881607304,19.999289974063355,2026-10-06 04:20:35.872633,2026-10-06 04:23:47.836813,0 days 00:03:11.964180,0.3401090828369047,10.425460007178847,80.97346391189345,46.431764750098004,0.009569508337727876,0.0028488671966025985,191.96407923381776,44,COMPLETE
5300,24.549646307610782,4.509844654366394,2026-10-06 04:20:35.876636,2026-10-06 04:23:51.022472,0 days 00:03:15.145836,0.14472486883161542,45.8047302647183,78.91305021174706,12.025559114678314,0.009569508337727876,0.005926421066217434,195.1457202299498,44,COMPLETE
5301,0.8196639406462845,1.2024856276315232,2026-10-06 04:20:35.880627,2026-10-06 04:23:52.437685,0 days 00:03:16.557058,0.48967816666395225,6.28879905307643,78.91305021174706,7.14008749932051,0.008698017554316196,2.328670127015952e-06,196.55695369793102,44,COMPLETE
5302,17.044014161618044,12.576068317876006,2026-10-06 04:20:35.926792,2026-10-06 04:23:49.815860,0 days 00:03:13.889068,0.22031827582514427,8.244601637671202,78.91305021174706,40.29115295108787,0.009569508337727876,2.328670127015952e-06,193.88895569788292,44,COMPLETE
5303,32.04598411423736,15.419411774086326,2026-10-06 04:20:35.930640,2026-10-06 04:23:52.467612,0 days 00:03:16.536972,0.14472486883161542,1.0100598856645617,78.91305021174706,18.49957504695779,0.009569508337727876,1.4671267453130232e-06,196.53685602080077,44,COMPLETE
5304,26.75365611038178,20.624470497879276,2026-10-06 04:20:36.102897,2026-10-06 04:23:49.916702,0 days 00:03:13.813805,0.17534157142392734,6.28879905307643,78.91305021174706,53.19831855856638,0.009569508337727876,2.328670127015952e-06,193.81370499683544,44,COMPLETE
