number,values_0,values_1,datetime_start,datetime_complete,duration,params_c_val,params_input_force,params_k_between_val,params_k_wall_val,params_m_val,params_ridge_alpha,user_attrs_duration_sec,system_attrs_NSGAIISampler:generation,state
4063,15.56816000213087,1.8631220832373796,2026-10-06 03:22:46.315888,2026-10-06 03:25:59.449892,0 days 00:03:13.134004,0.22031827582514427,17.584137902289743,78.91305021174706,35.397938808104236,0.009569508337727876,3.31017276832292e-06,193.1339185242541,34,COMPLETE
4064,31.117558984840475,11.782796164325685,2026-10-06 03:22:46.319639,2026-10-06 03:26:00.342136,0 days 00:03:14.022497,0.19189241237051688,1.8054001832365776,78.91305021174706,1.3103366119050872,0.008698017554316196,2.328670127015952e-06,194.02240785909817,34,COMPLETE
4065,30.941178617617254,9.575915843479521,2026-10-06 03:22:46.323637,2026-10-06 03:25:58.764265,0 days 00:03:12.440628,0.07638525764479323,1.8054001832365776,78.91305021174706,9.470028985358711,0.00891532704467216,2.328670127015952e-06,192.4405400347896,34,COMPLETE
4066,15.38358186694391,11.831045051102008,2026-10-06 03:22:46.327628,2026-10-06 03:25:54.555111,0 days 00:03:08.227483,0.48967816666395225,6.28879905307643,78.91305021174706,53.19831855856638,0.009569508337727876,1.0530326887468862,188.22738848114386,34,COMPLETE
4067,31.046490546211476,19.833103993992136,2026-10-06 03:22:46.331630,2026-10-06 03:25:58.889115,0 days 00:03:12.557485,0.17534157142392734,1.8054001832365776,78.91305021174706,18.49957504695779,0.009569508337727876,1.2446212784745538e-06,192.55740269785747,34,COMPLETE
4068,3.87707253307292,1.8922536251824056,2026-10-06 03:22:46.335635,2026-10-06 03:26:01.727537,0 days 00:03:15.391902,0.17534157142392734,1.8054001832365776,1.517506754680307,18.49957504695779,0.008698017554316196,52.94536518316803,195.39179199561477,34,COMPLETE
4069,30.720514427773587,21.286935983933972,2026-10-06 03:22:47.340869,2026-10-06 03:25:57.588541,0 days 00:03:10.247672,0.22031827582514427,1.8054001832365776,78.91305021174706,18.49957504695779,0.009244476943457145,2.328670127015952e-06,190.24746605195105,34,COMPLETE
4070,8.648752457104635,1.2425026145119584,2026-10-06 03:22:47.344642,2026-10-06 03:25:59.101131,0 days 00:03:11.756489,0.03669519868484916,1.8054001832365776,4.416867845065315,4.949274479107639,0.009569508337727876,2.328670127015952e-06,191.7564037120901,34,COMPLETE
4071,31.18411844024279,18.310510729046133,2026-10-06 03:22:47.348637,2026-10-06 03:25:58.099803,0 days 00:03:10.751166,0.19189241237051688,1.8054001832365776,78.91305021174706,12.025559114678314,0.009569508337727876,2.328670127015952e-06,190.751066993922,34,COMPLETE
4072,16.14073240920818,11.233137792068648,2026-10-06 03:22:47.352629,2026-10-06 03:26:01.867659,0 days 00:03:14.515030,0.9175675257606932,3.42961079489487,78.91305021174706,15.103212702569165,0.009569508337727876,2.328670127015952e-06,194.5149353831075,34,COMPLETE
4073,25.237383155358934,16.689158118230637,2026-10-06 03:22:47.356643,2026-10-06 03:25:59.072999,0 days 00:03:11.716356,0.48967816666395225,3.42961079489487,78.91305021174706,6.182683349256731,0.009569508337727876,2.328670127015952e-06,191.7162700863555,34,COMPLETE
4074,32.57002882679722,12.577846790932865,2026-10-06 03:22:47.856681,2026-10-06 03:26:01.849890,0 days 00:03:13.993209,0.14472486883161542,1.0100598856645617,69.33707937619111,4.949274479107639,0.008698017554316196,1.4671267453130232e-06,193.99311392381787,34,COMPLETE
4075,29.927386149190095,19.482272646021165,2026-10-06 03:22:47.976698,2026-10-06 03:26:00.202503,0 days 00:03:12.225805,0.2918907020150273,1.8054001832365776,78.91305021174706,18.49957504695779,0.009569508337727876,2.328670127015952e-06,192.22570264106616,34,COMPLETE
4076,4.941863709851988,1.4932421640577285,2026-10-06 03:22:48.012666,2026-10-06 03:25:59.088229,0 days 00:03:11.075563,0.22031827582514427,3.42961079489487,1.28135368306366,9.007238724966196,0.009569508337727876,1.4671267453130232e-06,191.07547668227926,34,COMPLETE
4077,27.624368211257938,19.765324169077278,2026-10-06 03:22:48.056630,2026-10-06 03:25:59.460761,0 days 00:03:11.404131,0.22031827582514427,1.8054001832365776,49.15654379694377,18.49957504695779,0.008698017554316196,2.328670127015952e-06,191.40405042702332,34,COMPLETE
4078,20.913209834180332,20.10425590445901,2026-10-06 03:22:48.089794,2026-10-06 03:25:57.215033,0 days 00:03:09.125239,0.22031827582514427,3.42961079489487,25.870910148262553,35.397938808104236,0.009569508337727876,2.328670127015952e-06,189.12515329616144,34,COMPLETE
4079,13.9901672618435,1.3741670183429562,2026-10-06 03:22:51.592701,2026-10-06 03:26:00.521459,0 days 00:03:08.928758,0.48967816666395225,1.8054001832365776,78.91305021174706,34.4190541144323,0.009569508337727876,2.3563851835855267,188.92864202987403,34,COMPLETE
4080,12.423334103165695,1.2507065357361569,2026-10-06 03:23:17.591700,2026-10-06 03:26:30.265309,0 days 00:03:12.673609,0.22031827582514427,1.8054001832365776,78.91305021174706,53.098072717006374,0.008698017554316196,2.328670127015952e-06,192.67348494986072,34,COMPLETE
4081,1.8208379453305035,1.2523430577004264,2026-10-06 03:24:33.873693,2026-10-06 03:27:45.186584,0 days 00:03:11.312891,0.48480307501533615,37.88070530124316,78.91305021174706,6.182683349256731,0.008698017554316196,2.328670127015952e-06,191.31275415606797,34,COMPLETE
4082,7.321980501907566,11.427265629685168,2026-10-06 03:24:42.607842,2026-10-06 03:27:54.815024,0 days 00:03:12.207182,0.17534157142392734,1.8054001832365776,1.9254543459184348,12.025559114678314,0.0010259861247124296,2.328670127015952e-06,192.20706420810893,34,COMPLETE
4083,25.40087751381288,16.517681191376024,2026-10-06 03:25:51.868955,2026-10-06 03:29:07.267755,0 days 00:03:15.398800,0.48480307501533615,3.42961079489487,78.91305021174706,5.997400869487012,0.009569508337727876,2.328670127015952e-06,195.3987017669715,34,COMPLETE
4084,0.2371895358673357,1.171297707890778,2026-10-06 03:25:52.764683,2026-10-06 03:29:08.246255,0 days 00:03:15.481572,0.48967816666395225,3.42961079489487,78.91305021174706,18.49957504695779,0.008698017554316196,0.008998803574894848,195.4814578029327,34,COMPLETE
4085,27.18478882545716,3.516792719441886,2026-10-06 03:25:53.051695,2026-10-06 03:29:05.534603,0 days 00:03:12.482908,0.04100790849619632,1.8054001832365776,32.61529197198679,12.025559114678314,0.009569508337727876,2.328670127015952e-06,192.4827801901847,34,COMPLETE
4086,29.359660421725966,23.84819293902906,2026-10-06 03:25:53.208892,2026-10-06 03:29:09.528752,0 days 00:03:16.319860,0.22031827582514427,3.42961079489487,78.91305021174706,35.397938808104236,0.009569508337727876,2.328670127015952e-06,196.31975572090596,34,COMPLETE
4087,30.34547558322158,18.31893423277184,2026-10-06 03:25:53.355746,2026-10-06 03:29:09.438368,0 days 00:03:16.082622,0.13297584543955338,1.8054001832365776,78.91305021174706,38.52680789958333,0.008698017554316196,2.328670127015952e-06,196.08252884307876,34,COMPLETE
4088,,,2026-10-06 03:25:53.597018,2026-10-06 03:25:54.049008,0 days 00:00:00.451990,0.22031827582514427,26.060914558888342,90.43657931718568,40.29115295108787,0.008698017554316196,,,34,PRUNED
4089,28.581823456749646,15.294942365273274,2026-10-06 03:25:53.612659,2026-10-06 03:29:06.637431,0 days 00:03:13.024772,0.3401090828369047,1.8054001832365776,78.91305021174706,7.704673657496365,0.008698017554316196,2.328670127015952e-06,193.02466621389613,34,COMPLETE
4090,31.6326156548546,16.256556589563694,2026-10-06 03:25:53.703682,2026-10-06 03:29:05.646179,0 days 00:03:11.942497,0.17534157142392734,1.8054001832365776,78.91305021174706,7.704673657496365,0.009569508337727876,2.328670127015952e-06,191.94237246969715,34,COMPLETE
4091,30.368186019675164,23.74150886625968,2026-10-06 03:25:53.731655,2026-10-06 03:29:05.946635,0 days 00:03:12.214980,0.22031827582514427,1.8054001832365776,78.91305021174706,18.49957504695779,0.008698017554316196,2.328670127015952e-06,192.21487879240885,34,COMPLETE
4092,30.775732267304583,20.30297797784019,2026-10-06 03:25:54.407847,2026-10-06 03:29:08.019998,0 days 00:03:13.612151,0.22031827582514427,1.8054001832365776,78.91305021174706,18.49957504695779,0.009569508337727876,2.328670127015952e-06,193.61206137109548,34,COMPLETE
4093,15.877014139492463,1.891707558533669,2026-10-06 03:25:54.411642,2026-10-06 03:29:07.834863,0 days 00:03:13.423221,0.17534157142392734,13.491354709916402,78.91305021174706,18.49957504695779,0.008698017554316196,10.374268455499294,193.4231309206225,34,COMPLETE
4094,30.334259445390682,22.272068405350193,2026-10-06 03:25:54.415629,2026-10-06 03:29:06.531257,0 days 00:03:12.115628,0.17534157142392734,1.8054001832365776,78.91305021174706,29.843605989372342,0.008698017554316196,2.328670127015952e-06,192.11553458683193,34,COMPLETE
4095,0.767548034308853,1.1903372586901848,2026-10-06 03:25:54.468659,2026-10-06 03:29:09.890520,0 days 00:03:15.421861,0.016973285809905408,26.369960517703532,78.91305021174706,18.49957504695779,0.008698017554316196,2.328670127015952e-06,195.42175628291443,34,COMPLETE
4096,,,2026-10-06 03:25:54.631183,2026-10-06 03:25:55.061698,0 days 00:00:00.430515,0.17534157142392734,1.8054001832365776,78.91305021174706,12.025559114678314,0.002081332854109977,,,34,PRUNED
4097,22.833712251158808,25.90107482911702,2026-10-06 03:25:55.013679,2026-10-06 03:29:05.775613,0 days 00:03:10.761934,0.5692519500233051,3.42961079489487,78.91305021174706,18.49957504695779,0.009569508337727876,1.4671267453130232e-06,190.76181323081255,34,COMPLETE
4098,,,2026-10-06 03:25:55.124817,2026-10-06 03:25:55.447403,0 days 00:00:00.322586,0.17534157142392734,1.8054001832365776,78.91305021174706,7.704673657496365,0.002958774818627046,,,34,PRUNED
4099,9.27937265651,1.3346153715498343,2026-10-06 03:25:55.400807,2026-10-06 03:29:12.357519,0 days 00:03:16.956712,0.6771612543160636,3.42961079489487,78.91305021174706,45.605935248059524,0.009569508337727876,50.12697954152956,196.95661649899557,34,COMPLETE
4100,25.20274786091949,14.31539820483735,2026-10-06 03:25:55.467813,2026-10-06 03:29:08.507518,0 days 00:03:13.039705,0.48967816666395225,1.8054001832365776,78.91305021174706,6.182683349256731,0.009569508337727876,1.4671267453130232e-06,193.03959910431877,34,COMPLETE
4101,26.740691236054886,1.2137164115694108,2026-10-06 03:25:55.589336,2026-10-06 03:29:08.427004,0 days 00:03:12.837668,0.022771847935904078,1.8054001832365776,78.91305021174706,7.704673657496365,0.008698017554316196,2.328670127015952e-06,192.83756605908275,34,COMPLETE
4102,,,2026-10-06 03:25:55.635564,2026-10-06 03:26:40.246720,0 days 00:00:44.611156,0.17534157142392734,3.42961079489487,78.91305021174706,35.397938808104236,0.008442625818589252,2.328670127015952e-06,,34,PRUNED
4103,26.668077290711345,5.124540006963377,2026-10-06 03:25:55.638642,2026-10-06 03:29:07.775171,0 days 00:03:12.136529,0.17534157142392734,20.464793920153593,78.91305021174706,7.14008749932051,0.008698017554316196,2.328670127015952e-06,192.1364326099865,34,COMPLETE
4104,32.068554118313415,5.360284695761602,2026-10-06 03:25:55.884674,2026-10-06 03:29:10.430743,0 days 00:03:14.546069,0.17534157142392734,1.8054001832365776,78.91305021174706,32.60724981328822,0.03463343903868386,2.328670127015952e-06,194.5459745451808,34,COMPLETE
4105,,,2026-10-06 03:25:55.975120,2026-10-06 03:25:56.534666,0 days 00:00:00.559546,0.22031827582514427,2.5826334477054016,78.91305021174706,6.182683349256731,0.0035251876861253713,,,34,PRUNED
4106,20.602495305430473,4.439479843176672,2026-10-06 03:25:55.982650,2026-10-06 03:29:06.637531,0 days 00:03:10.654881,0.17534157142392734,2.5826334477054016,78.91305021174706,6.154943634038296,0.009569508337727876,0.3178812668819564,190.65483099315315,34,COMPLETE
4107,29.27016612698995,8.128314269494926,2026-10-06 03:25:56.120810,2026-10-06 03:29:09.160092,0 days 00:03:13.039282,0.08907543358675546,1.8054001832365776,78.91305021174706,39.97009164041937,0.009569508337727876,0.020024234949361633,193.03917940426618,34,COMPLETE
4108,,,2026-10-06 03:25:56.302802,2026-10-06 03:25:56.614700,0 days 00:00:00.311898,0.22031827582514427,13.177196129975844,78.91305021174706,38.52680789958333,0.005007957253708756,,,34,PRUNED
4109,16.987884164515663,2.317561699108733,2026-10-06 03:25:56.314806,2026-10-06 03:29:10.716603,0 days 00:03:14.401797,0.22031827582514427,1.8054001832365776,78.91305021174706,18.49957504695779,0.009569508337727876,0.807420153707518,194.40169030008838,34,COMPLETE
4110,16.460661508944092,1.5060561574369238,2026-10-06 03:25:56.318640,2026-10-06 03:29:06.180946,0 days 00:03:09.862306,0.17534157142392734,1.8054001832365776,78.91305021174706,12.025559114678314,0.008698017554316196,5.519299194257743,189.86219621496275,34,COMPLETE
4111,28.19418513875836,4.245912658790891,2026-10-06 03:25:56.798844,2026-10-06 03:29:10.715126,0 days 00:03:13.916282,0.17534157142392734,48.62282014587121,78.91305021174706,4.949274479107639,0.009569508337727876,5.676950830644839e-05,193.916165323928,34,COMPLETE
4112,32.54441406586838,5.612888316864633,2026-10-06 03:25:56.802647,2026-10-06 03:29:05.903705,0 days 00:03:09.101058,0.14472486883161542,1.0100598856645617,78.91305021174706,4.949274479107639,0.018804195557495816,2.328670127015952e-06,189.1009425977245,34,COMPLETE
4113,3.5313884260789576,1.5743409381448359,2026-10-06 03:25:56.839799,2026-10-06 03:29:11.510162,0 days 00:03:14.670363,0.17534157142392734,3.42961079489487,1.195297689166412,18.49957504695779,0.008698017554316196,2.328670127015952e-06,194.67027053702623,34,COMPLETE
4114,16.403261897299217,1.1867091430882775,2026-10-06 03:25:57.005799,2026-10-06 03:29:12.049994,0 days 00:03:15.044195,0.012378396151877202,2.5826334477054016,78.91305021174706,18.49957504695779,0.009569508337727876,2.328670127015952e-06,195.04409341188148,34,COMPLETE
4115,,,2026-10-06 03:25:57.009634,2026-10-06 03:25:57.563697,0 days 00:00:00.554063,0.48967816666395225,3.42961079489487,78.91305021174706,53.19831855856638,0.0066190697080525975,,,34,PRUNED
4116,30.750237126456305,21.608701079063692,2026-10-06 03:25:57.131935,2026-10-06 03:29:06.715472,0 days 00:03:09.583537,0.17534157142392734,1.8054001832365776,78.91305021174706,18.49957504695779,0.008698017554316196,2.328670127015952e-06,189.583412009757,34,COMPLETE
4117,12.773614728043851,3.3547435228939424,2026-10-06 03:25:57.674980,2026-10-06 03:29:11.058151,0 days 00:03:13.383171,0.18472274745078338,1.8054001832365776,10.00705365697073,4.949274479107639,0.008698017554316196,0.9668069833142059,193.3830772228539,34,COMPLETE
4118,9.785934995068558,1.2552610084814786,2026-10-06 03:25:57.678646,2026-10-06 03:29:07.138517,0 days 00:03:09.459871,0.01222764111430693,2.5826334477054016,78.91305021174706,40.2862337213893,0.010362272531495709,2.328670127015952e-06,189.459746372886,34,COMPLETE
4119,23.951461361905153,29.20529149626848,2026-10-06 03:25:57.682630,2026-10-06 03:29:15.146894,0 days 00:03:17.464264,0.48480307501533615,3.42961079489487,78.91305021174706,35.397938808104236,0.009569508337727876,2.328670127015952e-06,197.46413862193003,34,COMPLETE
4120,31.49032248927431,16.895259188701058,2026-10-06 03:25:57.686626,2026-10-06 03:29:07.947519,0 days 00:03:10.260893,0.22031827582514427,1.8054001832365776,78.91305021174706,4.949274479107639,0.008698017554316196,2.328670127015952e-06,190.26079461816698,34,COMPLETE
4121,25.923923318274994,6.089889967267084,2026-10-06 03:25:57.690629,2026-10-06 03:29:10.296557,0 days 00:03:12.605928,0.17534157142392734,30.308599851946845,78.91305021174706,7.704673657496365,0.008698017554316196,0.11918358948509027,192.60581826837733,34,COMPLETE
4122,30.70511859465459,22.162786820890595,2026-10-06 03:25:57.694637,2026-10-06 03:29:07.704697,0 days 00:03:10.010060,0.18472274745078338,1.8054001832365776,78.91305021174706,18.49957504695779,0.008698017554316196,2.328670127015952e-06,190.0099706016481,34,COMPLETE
4123,31.62605267685125,17.04516925763458,2026-10-06 03:25:57.744640,2026-10-06 03:29:12.827761,0 days 00:03:15.083121,0.17534157142392734,1.8054001832365776,78.91305021174706,4.949274479107639,0.008698017554316196,2.328670127015952e-06,195.08303022012115,34,COMPLETE
4124,22.28554030240306,16.410866417522996,2026-10-06 03:25:57.748638,2026-10-06 03:29:09.216843,0 days 00:03:11.468205,0.19189241237051688,1.8054001832365776,18.340431184999755,7.704673657496365,0.008698017554316196,2.328670127015952e-06,191.46811590110883,34,COMPLETE
4125,2.1674253930074094,1.6889571000157877,2026-10-06 03:25:58.588455,2026-10-06 03:29:11.317522,0 days 00:03:12.729067,0.22031827582514427,40.66869286278818,2.0061049098677333,35.397938808104236,0.009569508337727876,2.328670127015952e-06,192.72896134108305,34,COMPLETE
4126,30.70550106658127,20.046924419251653,2026-10-06 03:25:58.591655,2026-10-06 03:29:12.066476,0 days 00:03:13.474821,0.22031827582514427,2.5826334477054016,78.91305021174706,9.672622538026385,0.009569508337727876,2.328670127015952e-06,193.47472892189398,34,COMPLETE
4127,29.653501241567074,22.130462683744113,2026-10-06 03:25:58.691660,2026-10-06 03:29:12.149277,0 days 00:03:13.457617,0.22031827582514427,4.014839763781616,78.91305021174706,18.49957504695779,0.009569508337727876,2.328670127015952e-06,193.45751370489597,34,COMPLETE
4128,31.311295729432857,2.689459519869383,2026-10-06 03:25:58.896674,2026-10-06 03:29:08.723939,0 days 00:03:09.827265,0.17534157142392734,1.8054001832365776,78.91305021174706,4.949274479107639,0.03463343903868386,0.00013060198747356377,189.8271652041003,34,COMPLETE
4129,15.328702097818478,3.0246197450404804,2026-10-06 03:25:59.073432,2026-10-06 03:29:13.457515,0 days 00:03:14.384083,0.22031827582514427,3.42961079489487,78.91305021174706,35.397938808104236,0.009569508337727876,21.425406224812736,194.3839870118536,34,COMPLETE
4130,8.986594187849787,2.0470841378007716,2026-10-06 03:25:59.077641,2026-10-06 03:29:10.835848,0 days 00:03:11.758207,0.22031827582514427,2.5826334477054016,1.4769895266756756,52.05840872553127,0.020190631720055082,2.328670127015952e-06,191.75811048503965,34,COMPLETE
4131,31.28628188906389,19.00327719323779,2026-10-06 03:25:59.268815,2026-10-06 03:29:09.229565,0 days 00:03:09.960750,0.17534157142392734,1.8054001832365776,78.91305021174706,7.704673657496365,0.008698017554316196,2.328670127015952e-06,189.96066142618656,34,COMPLETE
4132,31.05626830620587,17.80962463133181,2026-10-06 03:25:59.355209,2026-10-06 03:29:14.575652,0 days 00:03:15.220443,0.22031827582514427,1.8054001832365776,78.91305021174706,10.458607302027602,0.009569508337727876,2.328670127015952e-06,195.22033920232207,34,COMPLETE
4133,26.125524136325556,1.3086082434840514,2026-10-06 03:25:59.434828,2026-10-06 03:29:13.390475,0 days 00:03:13.955647,0.19189241237051688,24.763232452398196,78.91305021174706,12.025559114678314,0.03463343903868386,2.328670127015952e-06,193.95554290805012,34,COMPLETE
4134,,,2026-10-06 03:25:59.438638,2026-10-06 03:26:00.212721,0 days 00:00:00.774083,0.18472274745078338,1.8054001832365776,78.91305021174706,18.49957504695779,0.0011630578297742579,,,34,PRUNED
4135,30.70511859465459,22.162786820890595,2026-10-06 03:25:59.442630,2026-10-06 03:29:09.639374,0 days 00:03:10.196744,0.18472274745078338,1.8054001832365776,78.91305021174706,18.49957504695779,0.008698017554316196,2.328670127015952e-06,190.19666038826108,34,COMPLETE
4136,24.487968624244743,22.50454383785478,2026-10-06 03:25:59.712691,2026-10-06 03:29:09.940627,0 days 00:03:10.227936,0.48480307501533615,1.8054001832365776,78.91305021174706,35.397938808104236,0.009569508337727876,2.328670127015952e-06,190.2278387369588,34,COMPLETE
4137,9.279614701521231,2.5095081792013807,2026-10-06 03:26:00.147705,2026-10-06 03:29:15.183522,0 days 00:03:15.035817,0.17534157142392734,1.8054001832365776,1.2828662882935253,6.182683349256731,0.008698017554316196,2.328670127015952e-06,195.03570039803162,34,COMPLETE
4138,17.13712812392967,9.471520622355595,2026-10-06 03:26:00.274828,2026-10-06 03:29:12.212016,0 days 00:03:11.937188,0.17534157142392734,3.42961079489487,78.91305021174706,35.397938808104236,0.009569508337727876,2.8397608135398937,191.93708977801725,34,COMPLETE
4139,29.938891831656928,23.698835749439098,2026-10-06 03:26:00.300649,2026-10-06 03:29:11.306145,0 days 00:03:11.005496,0.22031827582514427,2.5826334477054016,78.91305021174706,35.397938808104236,0.009569508337727876,1.4671267453130232e-06,191.00537981605157,34,COMPLETE
4140,16.749153515070116,6.318187177291922,2026-10-06 03:26:00.316888,2026-10-06 03:29:12.223369,0 days 00:03:11.906481,0.17534157142392734,1.8054001832365776,5.691460858279841,3.358137743279289,0.009569508337727876,2.328670127015952e-06,191.90639007883146,34,COMPLETE
4141,31.86257564022635,3.026517663610428,2026-10-06 03:26:00.360652,2026-10-06 03:29:07.395666,0 days 00:03:07.035014,0.17534157142392734,1.8054001832365776,78.91305021174706,18.49957504695779,0.04906604476423735,2.328670127015952e-06,187.03489566175267,34,COMPLETE
4142,31.001219460577705,20.546874726373222,2026-10-06 03:26:00.372651,2026-10-06 03:29:12.883137,0 days 00:03:12.510486,0.17534157142392734,1.8054001832365776,78.91305021174706,12.025559114678314,0.008698017554316196,2.328670127015952e-06,192.51040068175644,34,COMPLETE
4143,30.196709377571572,19.565675460013697,2026-10-06 03:26:00.376639,2026-10-06 03:29:11.810857,0 days 00:03:11.434218,0.17534157142392734,3.42961079489487,78.91305021174706,18.49957504695779,0.009569508337727876,2.328670127015952e-06,191.4341584770009,34,COMPLETE
4144,32.16330119261336,13.725440568207793,2026-10-06 03:26:00.384635,2026-10-06 03:29:12.750902,0 days 00:03:12.366267,0.17534157142392734,1.8054001832365776,78.91305021174706,3.4685503210226583,0.009569508337727876,1.4671267453130232e-06,192.36616999609396,34,COMPLETE
4145,3.9690315077677427,1.4424733430129943,2026-10-06 03:26:00.412651,2026-10-06 03:29:13.308280,0 days 00:03:12.895629,0.48480307501533615,49.46286818470359,4.739447333645928,35.397938808104236,0.009569508337727876,2.328670127015952e-06,192.89551420602947,34,COMPLETE
