number,values_0,values_1,datetime_start,datetime_complete,duration,params_c_val,params_input_force,params_k_between_val,params_k_wall_val,params_m_val,params_ridge_alpha,user_attrs_duration_sec,system_attrs_NSGAIISampler:generation,state
3322,30.751780398483806,19.01592473614923,2026-10-06 02:47:26.444647,2026-10-06 02:50:38.506329,0 days 00:03:12.061682,0.17534157142392734,2.5826334477054016,78.91305021174706,12.025559114678314,0.009569508337727876,2.328670127015952e-06,192.06159887183458,27,COMPLETE
3323,17.517793422338848,8.354693553451943,2026-10-06 02:47:27.306684,2026-10-06 02:50:36.521054,0 days 00:03:09.214370,0.14472486883161542,1.8054001832365776,6.373396612931064,12.025559114678314,0.008698017554316196,2.328670127015952e-06,189.21427946491167,27,COMPLETE
3324,31.99753294212412,14.469989622292536,2026-10-06 02:47:27.322666,2026-10-06 02:50:38.313624,0 days 00:03:10.990958,0.17534157142392734,1.8054001832365776,78.91305021174706,4.949274479107639,0.009569508337727876,2.328670127015952e-06,190.9908771282062,27,COMPLETE
3325,31.61789234006431,16.234849438418628,2026-10-06 02:47:27.888691,2026-10-06 02:50:36.384663,0 days 00:03:08.495972,0.14472486883161542,1.8054001832365776,78.91305021174706,4.949274479107639,0.008698017554316196,2.328670127015952e-06,188.4958809390664,27,COMPLETE
3326,28.25994622660489,25.07992649618613,2026-10-06 02:47:28.029685,2026-10-06 02:50:38.001120,0 days 00:03:09.971435,0.3401090828369047,3.42961079489487,78.91305021174706,18.49957504695779,0.009569508337727876,2.328670127015952e-06,189.9713398842141,27,COMPLETE
3327,28.32550399824093,9.909249997157566,2026-10-06 02:47:29.125789,2026-10-06 02:50:37.515405,0 days 00:03:08.389616,0.48967816666395225,3.42961079489487,78.91305021174706,35.397938808104236,0.0438061701911719,1.4671267453130232e-06,188.3895177966915,27,COMPLETE
3328,30.437892319444565,18.070227460914797,2026-10-06 02:47:58.013703,2026-10-06 02:51:09.714588,0 days 00:03:11.700885,0.22031827582514427,2.5826334477054016,78.91305021174706,12.025559114678314,0.009569508337727876,1.1273296545453473e-05,191.70075720082968,27,COMPLETE
3329,32.105448248610195,13.77246817701386,2026-10-06 02:49:13.964691,2026-10-06 02:52:26.985190,0 days 00:03:13.020499,0.14472486883161542,1.8054001832365776,78.91305021174706,4.949274479107639,0.009569508337727876,2.328670127015952e-06,193.02038571005687,27,COMPLETE
3330,32.105448248610195,13.77246817701386,2026-10-06 02:50:29.301058,2026-10-06 02:53:44.097626,0 days 00:03:14.796568,0.14472486883161542,1.8054001832365776,78.91305021174706,4.949274479107639,0.009569508337727876,2.328670127015952e-06,194.79646873287857,27,COMPLETE
3331,27.869835925593662,11.327920874962818,2026-10-06 02:50:29.492687,2026-10-06 02:53:44.722037,0 days 00:03:15.229350,0.09724362889578629,1.8054001832365776,24.453835690146985,18.49957504695779,0.009569508337727876,2.328670127015952e-06,195.22924609202892,27,COMPLETE
3332,9.160408549569993,1.7156409611554193,2026-10-06 02:50:29.694728,2026-10-06 02:53:46.435737,0 days 00:03:16.741009,0.14472486883161542,1.8054001832365776,1.2558797612889154,4.949274479107639,0.009569508337727876,2.328670127015952e-06,196.7409186558798,27,COMPLETE
3333,15.39390047410915,1.2924673523023045,2026-10-06 02:50:30.027510,2026-10-06 02:53:50.972510,0 days 00:03:20.945000,0.14472486883161542,1.8054001832365776,78.91305021174706,18.49957504695779,0.009569508337727876,46.034766138949934,200.94488995475695,27,COMPLETE
3334,26.081182841828547,11.87308872072249,2026-10-06 02:50:31.311584,2026-10-06 02:53:44.053630,0 days 00:03:12.742046,0.14472486883161542,1.8054001832365776,19.593492617248682,4.949274479107639,0.009569508337727876,2.328670127015952e-06,192.74192866496742,27,COMPLETE
3335,31.943293876119185,14.530248461774908,2026-10-06 02:50:32.055706,2026-10-06 02:53:45.429374,0 days 00:03:13.373668,0.14472486883161542,1.8054001832365776,78.91305021174706,6.182683349256731,0.009569508337727876,2.328670127015952e-06,193.37356877420098,27,COMPLETE
3336,22.234645053206343,1.9329807004237776,2026-10-06 02:50:32.132676,2026-10-06 02:53:47.347813,0 days 00:03:15.215137,0.03597207186730104,3.42961079489487,78.91305021174706,45.605935248059524,0.009569508337727876,5.579581223708505e-05,195.21504901582375,27,COMPLETE
3337,26.06515174836293,1.272940366773335,2026-10-06 02:50:32.136644,2026-10-06 02:53:48.001092,0 days 00:03:15.864448,0.14472486883161542,11.69271220035278,31.904576980677216,3.7413607160321387,0.02466780691847025,2.328670127015952e-06,195.86436030687764,27,COMPLETE
3338,,,2026-10-06 02:50:32.845700,2026-10-06 02:50:33.738689,0 days 00:00:00.892989,0.48967816666395225,3.42961079489487,78.91305021174706,53.19831855856638,0.0031030171958647238,,,27,PRUNED
3339,,,2026-10-06 02:50:33.052845,2026-10-06 02:50:33.876815,0 days 00:00:00.823970,0.22031827582514427,2.5826334477054016,78.91305021174706,40.2862337213893,0.0013791526079394104,,,28,PRUNED
3340,30.935633493751475,21.183231084813062,2026-10-06 02:50:33.064661,2026-10-06 02:53:42.516363,0 days 00:03:09.451702,0.19189241237051688,1.8054001832365776,78.91305021174706,12.025559114678314,0.008698017554316196,2.328670127015952e-06,189.45158616127446,28,COMPLETE
3341,30.450348467286336,21.151209563399817,2026-10-06 02:50:33.308695,2026-10-06 02:53:42.545459,0 days 00:03:09.236764,0.17534157142392734,1.8054001832365776,78.91305021174706,45.605935248059524,0.009569508337727876,2.328670127015952e-06,189.236652568914,28,COMPLETE
3342,8.011420025772201,7.546293195212514,2026-10-06 02:50:33.611703,2026-10-06 02:53:45.972083,0 days 00:03:12.360380,0.48967816666395225,3.42961079489487,3.643357959947856,35.397938808104236,0.009569508337727876,1.174537986600615e-05,192.3602638109587,28,COMPLETE
3343,30.506280708542853,7.840650018511891,2026-10-06 02:50:33.720792,2026-10-06 02:53:46.434281,0 days 00:03:12.713489,0.22031827582514427,2.5826334477054016,78.91305021174706,47.04523157456881,0.03209624796475049,2.328670127015952e-06,192.7133851312101,28,COMPLETE
3344,3.0005562110384734,1.3367649304256346,2026-10-06 02:50:34.183668,2026-10-06 02:53:48.279501,0 days 00:03:14.095833,0.22031827582514427,13.823827228743928,6.073715165299468,40.2862337213893,0.009569508337727876,36.581461261746384,194.09573871130124,28,COMPLETE
3345,26.717387045773513,1.4535676685847103,2026-10-06 02:50:34.301826,2026-10-06 02:53:48.954867,0 days 00:03:14.653041,0.04478533038582834,1.101185477792972,45.40308685060378,12.025559114678314,0.034734158281215045,2.328670127015952e-06,194.65295779984444,28,COMPLETE
3346,1.519982613208994,1.227064613997487,2026-10-06 02:50:34.305637,2026-10-06 02:53:47.121613,0 days 00:03:12.815976,0.021198305881009023,3.42961079489487,3.416472171996388,45.605935248059524,0.009569508337727876,2.328670127015952e-06,192.81588907539845,28,COMPLETE
3347,14.842163242070715,1.5731846672588143,2026-10-06 02:50:34.309635,2026-10-06 02:53:50.433867,0 days 00:03:16.124232,0.17534157142392734,6.28879905307643,78.91305021174706,53.19831855856638,0.008698017554316196,2.328670127015952e-06,196.12414297601208,28,COMPLETE
3348,30.43082778397857,22.201395914186243,2026-10-06 02:50:34.313633,2026-10-06 02:53:48.339773,0 days 00:03:14.026140,0.22031827582514427,2.5826334477054016,78.91305021174706,18.49957504695779,0.009569508337727876,2.328670127015952e-06,194.02605772065,28,COMPLETE
3349,6.640068808854467,1.408182831329488,2026-10-06 02:50:34.375847,2026-10-06 02:53:48.647194,0 days 00:03:14.271347,0.14472486883161542,1.8054001832365776,1.220619082052637,1.6156295007707386,0.009569508337727876,2.328670127015952e-06,194.27123988512903,28,COMPLETE
3350,23.30903851078997,31.547359901446438,2026-10-06 02:50:34.389929,2026-10-06 02:53:44.678859,0 days 00:03:10.288930,0.48967816666395225,3.42961079489487,78.91305021174706,53.19831855856638,0.009569508337727876,2.328670127015952e-06,190.2888227943331,28,COMPLETE
3351,23.547594938473093,1.3849491246474104,2026-10-06 02:50:34.409646,2026-10-06 02:53:52.146972,0 days 00:03:17.737326,0.07502525267220127,14.835393631666728,78.91305021174706,18.49957504695779,0.01130670894490411,2.328670127015952e-06,197.7372127249837,28,COMPLETE
3352,31.037729006075164,19.434771761136457,2026-10-06 02:50:34.895956,2026-10-06 02:53:44.157637,0 days 00:03:09.261681,0.17534157142392734,1.8054001832365776,78.91305021174706,18.81759050518774,0.009569508337727876,2.328670127015952e-06,189.26157583808526,28,COMPLETE
3353,32.62085044259818,2.640203384774912,2026-10-06 02:50:35.361849,2026-10-06 02:53:49.545864,0 days 00:03:14.184015,0.14472486883161542,1.8054001832365776,78.91305021174706,4.949274479107639,0.03463343903868386,2.328670127015952e-06,194.18392155924812,28,COMPLETE
3354,29.473281821790543,9.544036670549573,2026-10-06 02:50:35.389664,2026-10-06 02:53:47.963909,0 days 00:03:12.574245,0.3401090828369047,3.42961079489487,78.91305021174706,18.49957504695779,0.032652932513569516,2.328670127015952e-06,192.57415126403794,28,COMPLETE
3355,19.764054012565058,1.298316984955909,2026-10-06 02:50:35.629870,2026-10-06 02:53:42.758762,0 days 00:03:07.128892,0.22031827582514427,1.8054001832365776,78.91305021174706,12.025559114678314,0.03463343903868386,0.22697716866671466,187.1287730941549,28,COMPLETE
3356,24.270950983724482,24.126301403085883,2026-10-06 02:50:35.633648,2026-10-06 02:53:50.178837,0 days 00:03:14.545189,0.48480307501533615,1.8054001832365776,78.91305021174706,46.431764750098004,0.009569508337727876,2.328670127015952e-06,194.54508664412424,28,COMPLETE
3357,26.173987087013067,1.4025252695626178,2026-10-06 02:50:35.637641,2026-10-06 02:53:47.270924,0 days 00:03:11.633283,0.22031827582514427,23.604549448109523,78.91305021174706,12.025559114678314,0.03463343903868386,2.328670127015952e-06,191.63273398391902,28,COMPLETE
3358,15.91944275758728,3.634654484644603,2026-10-06 02:50:35.641631,2026-10-06 02:53:48.489321,0 days 00:03:12.847690,0.14472486883161542,31.61272639249871,78.91305021174706,40.2862337213893,0.009569508337727876,2.328670127015952e-06,192.84760600794107,28,COMPLETE
3359,30.196709377571572,19.565675460013697,2026-10-06 02:50:35.645631,2026-10-06 02:53:49.243097,0 days 00:03:13.597466,0.17534157142392734,3.42961079489487,78.91305021174706,18.49957504695779,0.009569508337727876,2.328670127015952e-06,193.59738874295726,28,COMPLETE
3360,30.307714350547563,22.904199665561656,2026-10-06 02:50:35.649631,2026-10-06 02:53:48.778618,0 days 00:03:13.128987,0.22031827582514427,1.8054001832365776,78.91305021174706,40.2862337213893,0.009569508337727876,2.328670127015952e-06,193.12890713103116,28,COMPLETE
3361,31.445372342935343,16.504664224757644,2026-10-06 02:50:35.698796,2026-10-06 02:53:47.414370,0 days 00:03:11.715574,0.14472486883161542,1.8054001832365776,78.91305021174706,12.025559114678314,0.009569508337727876,2.328670127015952e-06,191.71549819177017,28,COMPLETE
3362,31.28628188906389,19.00327719323779,2026-10-06 02:50:36.088696,2026-10-06 02:53:49.700500,0 days 00:03:13.611804,0.17534157142392734,1.8054001832365776,78.91305021174706,7.704673657496365,0.008698017554316196,2.328670127015952e-06,193.61171144107357,28,COMPLETE
3363,31.61547033404012,7.716162764443242,2026-10-06 02:50:36.353311,2026-10-06 02:53:50.363706,0 days 00:03:14.010395,0.14472486883161542,1.8054001832365776,78.91305021174706,1.4548312123454186,0.009569508337727876,2.328670127015952e-06,194.01029705395922,28,COMPLETE
3364,1.705466172314263,1.213488071849223,2026-10-06 02:50:36.404664,2026-10-06 02:53:48.038499,0 days 00:03:11.633835,0.8794945766589002,46.39363471888899,78.91305021174706,12.025559114678314,0.008698017554316196,2.328670127015952e-06,191.63374875532463,28,COMPLETE
3365,18.025990472544965,8.321239703011885,2026-10-06 02:50:36.465659,2026-10-06 02:53:49.158115,0 days 00:03:12.692456,0.14472486883161542,1.8054001832365776,21.538341287289565,19.305489674406076,0.009569508337727876,0.01656147376745282,192.69237179867923,28,COMPLETE
3366,18.874702557195395,10.40535906923181,2026-10-06 02:50:36.524654,2026-10-06 02:53:50.958033,0 days 00:03:14.433379,0.1912437107176475,1.8054001832365776,9.690532858416539,4.949274479107639,0.009569508337727876,2.328670127015952e-06,194.4332952350378,28,COMPLETE
3367,31.65176046948331,14.543706619925944,2026-10-06 02:50:36.555954,2026-10-06 02:53:49.354511,0 days 00:03:12.798557,0.22031827582514427,1.8054001832365776,78.91305021174706,4.949274479107639,0.009569508337727876,2.328670127015952e-06,192.79837444238365,28,COMPLETE
3368,24.497812001776538,1.2756373030183785,2026-10-06 02:50:36.574781,2026-10-06 02:53:53.289333,0 days 00:03:16.714552,0.014725708115531947,1.8054001832365776,78.91305021174706,7.704673657496365,0.009569508337727876,2.328670127015952e-06,196.71444918913767,28,COMPLETE
3369,32.105448248610195,13.77246817701386,2026-10-06 02:50:36.578642,2026-10-06 02:53:48.898806,0 days 00:03:12.320164,0.14472486883161542,1.8054001832365776,78.91305021174706,4.949274479107639,0.009569508337727876,2.328670127015952e-06,192.32008185377344,28,COMPLETE
3370,30.386349421417457,22.593238599952127,2026-10-06 02:50:36.746695,2026-10-06 02:53:47.275888,0 days 00:03:10.529193,0.22031827582514427,1.8054001832365776,78.91305021174706,35.397938808104236,0.009569508337727876,2.328670127015952e-06,190.5291045322083,28,COMPLETE
3371,28.18111193982753,24.038212583326118,2026-10-06 02:50:37.693876,2026-10-06 02:53:47.349163,0 days 00:03:09.655287,0.3401090828369047,1.8054001832365776,78.91305021174706,45.605935248059524,0.009569508337727876,2.328670127015952e-06,189.65520215174183,28,COMPLETE
3372,29.050304111815205,19.047465841141808,2026-10-06 02:50:37.697656,2026-10-06 02:53:46.891493,0 days 00:03:09.193837,0.3401090828369047,1.8054001832365776,78.91305021174706,18.49957504695779,0.009569508337727876,2.328670127015952e-06,189.19374236790463,28,COMPLETE
3373,15.707935414088311,1.425216404115023,2026-10-06 02:50:37.701634,2026-10-06 02:53:46.221283,0 days 00:03:08.519649,0.14472486883161542,1.8054001832365776,16.502911923997075,47.983102761735424,0.08154076891474765,2.328670127015952e-06,188.5195483090356,28,COMPLETE
3374,31.21885204496575,17.406505747068124,2026-10-06 02:50:37.705635,2026-10-06 02:53:50.184094,0 days 00:03:12.478459,0.14472486883161542,1.0100598856645617,78.91305021174706,40.2862337213893,0.009569508337727876,2.328670127015952e-06,192.47837545815855,28,COMPLETE
3375,31.62605267685125,17.04516925763458,2026-10-06 02:50:37.709636,2026-10-06 02:53:50.938095,0 days 00:03:13.228459,0.17534157142392734,1.8054001832365776,78.91305021174706,4.949274479107639,0.008698017554316196,2.328670127015952e-06,193.22837844025344,28,COMPLETE
3376,30.271997470203235,5.382142524924968,2026-10-06 02:50:37.713635,2026-10-06 02:53:47.577489,0 days 00:03:09.863854,0.22031827582514427,1.8054001832365776,78.91305021174706,40.2862337213893,0.03463343903868386,6.394407321740128e-05,189.8637778358534,28,COMPLETE
3377,29.020105966230012,18.627440519677126,2026-10-06 02:50:37.978698,2026-10-06 02:53:50.944516,0 days 00:03:12.965818,0.14472486883161542,2.5826334477054016,57.85969458034142,40.2862337213893,0.009569508337727876,2.328670127015952e-06,192.96573158586398,28,COMPLETE
3378,28.059255736909073,8.748295437887263,2026-10-06 02:50:38.012656,2026-10-06 02:53:49.462517,0 days 00:03:11.449861,0.48967816666395225,3.42961079489487,78.91305021174706,8.292352372218811,0.03010275082144512,2.328670127015952e-06,191.4497744408436,28,COMPLETE
3379,22.724983316217212,1.6131822204389201,2026-10-06 02:50:38.542696,2026-10-06 02:53:53.576605,0 days 00:03:15.033909,0.14472486883161542,12.308434874584883,78.91305021174706,18.49957504695779,0.009569508337727876,2.328670127015952e-06,195.0337918298319,28,COMPLETE
3380,31.94061229358379,15.081478099327647,2026-10-06 02:50:38.546654,2026-10-06 02:53:46.537047,0 days 00:03:07.990393,0.14472486883161542,1.8054001832365776,78.91305021174706,6.182683349256731,0.009569508337727876,1.4671267453130232e-06,187.99030422000214,28,COMPLETE
3381,30.419972090247192,11.569209709521557,2026-10-06 02:50:38.550628,2026-10-06 02:53:51.596927,0 days 00:03:13.046299,0.14472486883161542,1.8054001832365776,78.91305021174706,12.025559114678314,0.008698017554316196,0.001677972669005688,193.04619415197521,28,COMPLETE
3382,30.988448478594755,1.1459492241986835,2026-10-06 02:50:38.554636,2026-10-06 02:53:50.240780,0 days 00:03:11.686144,0.027026885865354205,1.8054001832365776,78.91305021174706,1.3564757199132456,0.009569508337727876,2.328670127015952e-06,191.68605604721233,28,COMPLETE
3383,31.65176046948331,14.543706619925944,2026-10-06 02:50:38.558633,2026-10-06 02:53:49.069066,0 days 00:03:10.510433,0.22031827582514427,1.8054001832365776,78.91305021174706,4.949274479107639,0.009569508337727876,2.328670127015952e-06,190.51035998482257,28,COMPLETE
3384,31.61789234006431,16.234849438418628,2026-10-06 02:50:38.562645,2026-10-06 02:53:49.816454,0 days 00:03:11.253809,0.14472486883161542,1.8054001832365776,78.91305021174706,4.949274479107639,0.008698017554316196,2.328670127015952e-06,191.2537058852613,28,COMPLETE
3385,30.18062259632962,19.668326505988375,2026-10-06 02:50:38.566635,2026-10-06 02:53:48.530527,0 days 00:03:09.963892,0.14472486883161542,1.8054001832365776,78.91305021174706,40.2862337213893,0.008698017554316196,2.328670127015952e-06,189.96381551632658,28,COMPLETE
3386,24.23382498770416,5.720277283077495,2026-10-06 02:50:38.881691,2026-10-06 02:53:48.831321,0 days 00:03:09.949630,0.14472486883161542,26.211101713431905,78.91305021174706,12.025559114678314,0.008698017554316196,2.328670127015952e-06,189.949541029986,28,COMPLETE
3387,30.775732267304583,20.30297797784019,2026-10-06 02:50:39.627689,2026-10-06 02:53:51.701778,0 days 00:03:12.074089,0.22031827582514427,1.8054001832365776,78.91305021174706,18.49957504695779,0.009569508337727876,2.328670127015952e-06,192.0739877820015,28,COMPLETE
3388,4.912822036618261,1.5426367788568922,2026-10-06 02:50:39.697840,2026-10-06 02:53:48.837130,0 days 00:03:09.139290,0.14472486883161542,2.5826334477054016,1.9529220293059986,4.949274479107639,0.009569508337727876,2.328670127015952e-06,189.1392110409215,28,COMPLETE
3389,26.676401713534993,2.181286089703124,2026-10-06 02:50:39.752669,2026-10-06 02:53:50.908508,0 days 00:03:11.155839,0.3401090828369047,1.8054001832365776,78.91305021174706,12.025559114678314,0.008698017554316196,2.328670127015952e-06,191.15575220389292,28,COMPLETE
3390,21.63319644051366,33.55004013204323,2026-10-06 02:50:40.448690,2026-10-06 02:53:49.055263,0 days 00:03:08.606573,0.48967816666395225,6.28879905307643,78.91305021174706,53.19831855856638,0.009569508337727876,1.0222831367383009e-05,188.60648353677243,28,COMPLETE
3391,13.959270279474381,8.911115342089259,2026-10-06 02:50:40.468813,2026-10-06 02:53:49.462610,0 days 00:03:08.993797,0.22031827582514427,3.42961079489487,7.153292631820774,40.2862337213893,0.009569508337727876,2.328670127015952e-06,188.99374834029004,28,COMPLETE
3392,29.61030706575757,21.136008624518816,2026-10-06 02:50:40.472645,2026-10-06 02:53:49.557361,0 days 00:03:09.084716,0.17534157142392734,3.42961079489487,78.91305021174706,40.29115295108787,0.009569508337727876,2.328670127015952e-06,189.08463411778212,28,COMPLETE
3393,14.267054857287167,2.2892920534470256,2026-10-06 02:50:40.784688,2026-10-06 02:53:52.471250,0 days 00:03:11.686562,0.3401090828369047,1.8054001832365776,27.336168524183595,3.4234727436374133,0.009569508337727876,0.03737983610884359,191.6864603762515,28,COMPLETE
3394,29.817651462460645,23.809340668352807,2026-10-06 02:51:09.715063,2026-10-06 02:54:20.843649,0 days 00:03:11.128586,0.22031827582514427,2.5826334477054016,78.91305021174706,40.2862337213893,0.009569508337727876,2.328670127015952e-06,191.12847342994064,28,COMPLETE
3395,28.542836167903175,2.554824213306594,2026-10-06 02:52:27.493790,2026-10-06 02:55:36.890120,0 days 00:03:09.396330,0.14472486883161542,17.83942131856118,78.91305021174706,4.949274479107639,0.009569508337727876,0.020624049569092383,189.3962068441324,28,COMPLETE
3396,31.445372342935343,16.504664224757644,2026-10-06 02:53:42.634714,2026-10-06 02:57:02.087171,0 days 00:03:19.452457,0.14472486883161542,1.8054001832365776,78.91305021174706,12.025559114678314,0.009569508337727876,2.328670127015952e-06,199.45233759563416,28,COMPLETE
3397,12.354114460748013,15.501868225093595,2026-10-06 02:53:42.772719,2026-10-06 02:56:58.390410,0 days 00:03:15.617691,0.14472486883161542,1.8054001832365776,5.628503178865826,53.19831855856638,0.002867433406366547,2.328670127015952e-06,195.61759389098734,28,COMPLETE
3398,13.897457728706405,4.198604245936171,2026-10-06 02:53:43.116706,2026-10-06 02:56:58.521647,0 days 00:03:15.404941,0.14472486883161542,1.8054001832365776,6.825148104915714,4.949274479107639,0.009569508337727876,0.18527012433756315,195.40484474413097,28,COMPLETE
3399,30.610682668197676,20.885615837109384,2026-10-06 02:53:44.268698,2026-10-06 02:56:57.237722,0 days 00:03:12.969024,0.22031827582514427,2.5826334477054016,78.91305021174706,12.025559114678314,0.009569508337727876,2.328670127015952e-06,192.96890402492136,28,COMPLETE
3400,31.069866828774348,18.642804006703685,2026-10-06 02:53:44.448680,2026-10-06 02:56:56.979262,0 days 00:03:12.530582,0.14472486883161542,1.8054001832365776,78.91305021174706,12.025559114678314,0.008698017554316196,2.328670127015952e-06,192.53047602484003,28,COMPLETE
3401,29.817651462460645,23.809340668352807,2026-10-06 02:53:44.686679,2026-10-06 02:56:56.088834,0 days 00:03:11.402155,0.22031827582514427,2.5826334477054016,78.91305021174706,40.2862337213893,0.009569508337727876,2.328670127015952e-06,191.40203387616202,28,COMPLETE
3402,24.874826991630712,6.302226881183527,2026-10-06 02:53:44.722475,2026-10-06 02:56:59.341888,0 days 00:03:14.619413,0.3401090828369047,39.08469896764021,78.91305021174706,4.949274479107639,0.009569508337727876,2.328670127015952e-06,194.61931196320802,28,COMPLETE
