number,values_0,values_1,datetime_start,datetime_complete,duration,params_c_val,params_input_force,params_k_between_val,params_k_wall_val,params_m_val,params_ridge_alpha,user_attrs_duration_sec,system_attrs_NSGAIISampler:generation,state
2825,30.45107317607035,18.614161180069708,2026-10-06 02:24:53.981587,2026-10-06 02:28:04.351844,0 days 00:03:10.370257,0.14472486883161542,2.5826334477054016,78.91305021174706,12.025559114678314,0.008698017554316196,2.328670127015952e-06,190.3701674491167,23,COMPLETE
2826,31.068459578041377,18.03381840339687,2026-10-06 02:24:53.985552,2026-10-06 02:28:06.500554,0 days 00:03:12.515002,0.14472486883161542,1.8054001832365776,78.91305021174706,22.2783980962908,0.009569508337727876,2.328670127015952e-06,192.51479713898152,23,COMPLETE
2827,28.927186745391687,4.6374393817326,2026-10-06 02:24:53.989537,2026-10-06 02:28:06.237011,0 days 00:03:12.247474,0.046987404225929966,2.5826334477054016,78.91305021174706,22.2783980962908,0.008698017554316196,2.328670127015952e-06,192.24739112658426,23,COMPLETE
2828,,,2026-10-06 02:24:54.666854,2026-10-06 02:24:55.436723,0 days 00:00:00.769869,0.17534157142392734,1.8054001832365776,78.91305021174706,12.025559114678314,0.00284079607474751,,,23,PRUNED
2829,13.796579051409399,3.0285148590042645,2026-10-06 02:24:54.670641,2026-10-06 02:28:07.539904,0 days 00:03:12.869263,0.6040198049165227,26.981928865882146,78.91305021174706,27.821597027495464,0.009569508337727876,2.328670127015952e-06,192.86917432304472,23,COMPLETE
2830,28.458225634599664,6.667371058886575,2026-10-06 02:24:54.674637,2026-10-06 02:28:05.624036,0 days 00:03:10.949399,0.48967816666395225,1.8054001832365776,78.91305021174706,5.731383468531169,0.03238117553126618,2.328670127015952e-06,190.94931672513485,23,COMPLETE
2831,30.158197498028407,15.91568778790509,2026-10-06 02:24:54.678638,2026-10-06 02:28:03.401552,0 days 00:03:08.722914,0.14472486883161542,1.8054001832365776,57.56898222343449,12.025559114678314,0.009569508337727876,2.328670127015952e-06,188.72280989820138,23,COMPLETE
2832,31.284621544300705,17.94211592853864,2026-10-06 02:24:55.331688,2026-10-06 02:28:03.462200,0 days 00:03:08.130512,0.17534157142392734,1.8054001832365776,78.91305021174706,12.025559114678314,0.009569508337727876,2.328670127015952e-06,188.13040577387437,23,COMPLETE
2833,0.7260373506586091,1.175434505878488,2026-10-06 02:24:55.444675,2026-10-06 02:28:05.524396,0 days 00:03:10.079721,0.01563680118845086,39.21279545371383,78.91305021174706,28.521004463161855,0.009569508337727876,2.328670127015952e-06,190.0796337928623,23,COMPLETE
2834,29.644624419659873,14.452899866956368,2026-10-06 02:24:55.466896,2026-10-06 02:28:07.388158,0 days 00:03:11.921262,0.3401090828369047,1.8054001832365776,78.91305021174706,6.182683349256731,0.009569508337727876,2.328670127015952e-06,191.9211645531468,23,COMPLETE
2835,31.799357717595154,5.048402056550371,2026-10-06 02:24:55.478804,2026-10-06 02:28:12.284489,0 days 00:03:16.805685,0.14472486883161542,1.8054001832365776,78.91305021174706,65.77553693894828,0.03219464689321612,2.328670127015952e-06,196.80556616699323,23,COMPLETE
2836,30.170039080010962,18.783148560423754,2026-10-06 02:24:55.482638,2026-10-06 02:28:05.205185,0 days 00:03:09.722547,0.17534157142392734,1.8054001832365776,78.91305021174706,83.85989774544747,0.011609147057392471,2.328670127015952e-06,189.72245786665007,23,COMPLETE
2837,30.531082048358435,8.66839912555908,2026-10-06 02:24:55.832686,2026-10-06 02:28:10.013767,0 days 00:03:14.181081,0.05551912070495782,1.8054001832365776,78.91305021174706,83.85989774544747,0.009569508337727876,2.328670127015952e-06,194.1809715218842,23,COMPLETE
2838,8.816001534078174,1.8825955696517853,2026-10-06 02:24:56.468691,2026-10-06 02:28:06.982366,0 days 00:03:10.513675,0.14472486883161542,2.5826334477054016,2.5220868914119268,12.025559114678314,0.012090674219929246,2.328670127015952e-06,190.5135847297497,23,COMPLETE
2839,17.70525287486966,2.4235722042568733,2026-10-06 02:24:56.472649,2026-10-06 02:28:07.581950,0 days 00:03:11.109301,0.42937345114127523,13.724530673693048,78.91305021174706,18.49957504695779,0.009569508337727876,2.328670127015952e-06,191.10921709332615,23,COMPLETE
2840,,,2026-10-06 02:24:56.476633,2026-10-06 02:24:56.900708,0 days 00:00:00.424075,0.2537871941753988,3.42961079489487,78.91305021174706,12.025559114678314,0.0014129850565684134,,,23,PRUNED
2841,31.058494576748092,18.688083566493344,2026-10-06 02:24:56.480631,2026-10-06 02:28:06.955251,0 days 00:03:10.474620,0.14472486883161542,1.8054001832365776,78.91305021174706,12.303481343464334,0.008698017554316196,2.328670127015952e-06,190.47451427113265,23,COMPLETE
2842,16.36844320165683,7.144848514356017,2026-10-06 02:24:57.072690,2026-10-06 02:28:07.159239,0 days 00:03:10.086549,0.14472486883161542,1.8054001832365776,25.11287829658469,54.47535160590045,0.009569508337727876,0.0963304009058896,190.08644338604063,23,COMPLETE
2843,31.04746378780257,19.38239824177877,2026-10-06 02:24:57.896678,2026-10-06 02:28:09.700516,0 days 00:03:11.803838,0.17534157142392734,1.8054001832365776,78.91305021174706,18.49957504695779,0.009569508337727876,2.328670127015952e-06,191.80373543780297,23,COMPLETE
2844,32.73865473561885,2.8967721612123247,2026-10-06 02:25:21.529695,2026-10-06 02:28:35.067567,0 days 00:03:13.537872,0.14472486883161542,1.8054001832365776,78.91305021174706,4.949274479107639,0.03224964476611505,2.328670127015952e-06,193.53774570906535,23,COMPLETE
2845,5.408215903402862,1.5688385379716276,2026-10-06 02:26:45.048642,2026-10-06 02:29:52.878062,0 days 00:03:07.829420,0.14472486883161542,1.0100598856645617,5.535447275461965,18.49957504695779,0.004716898328832157,48.669330080956,187.8293092190288,23,COMPLETE
2846,3.2011982671389823,1.2341353460694413,2026-10-06 02:27:58.452110,2026-10-06 02:31:15.831297,0 days 00:03:17.379187,0.39021766943944103,36.914391908920074,78.91305021174706,4.949274479107639,0.008698017554316196,2.328670127015952e-06,197.37909569498152,23,COMPLETE
2847,21.510317504945494,29.95614660169018,2026-10-06 02:28:00.016852,2026-10-06 02:31:13.657618,0 days 00:03:13.640766,0.6040198049165227,6.28879905307643,78.91305021174706,18.49957504695779,0.009569508337727876,1.4671267453130232e-06,193.64067033026367,23,COMPLETE
2848,29.137747057250937,2.759768930937573,2026-10-06 02:28:00.051764,2026-10-06 02:31:15.408768,0 days 00:03:15.357004,0.3401090828369047,3.42961079489487,78.91305021174706,18.49957504695779,0.08760678998967976,2.328670127015952e-06,195.35691119730473,23,COMPLETE
2849,31.61789234006431,16.234849438418628,2026-10-06 02:28:00.272967,2026-10-06 02:31:14.431284,0 days 00:03:14.158317,0.14472486883161542,1.8054001832365776,78.91305021174706,4.949274479107639,0.008698017554316196,2.328670127015952e-06,194.15820336760953,23,COMPLETE
2850,32.09071818113718,11.891611584569876,2026-10-06 02:28:00.476690,2026-10-06 02:31:17.990971,0 days 00:03:17.514281,0.14472486883161542,1.8054001832365776,78.91305021174706,4.949274479107639,0.009569508337727876,9.391865709026338e-06,197.51419245498255,23,COMPLETE
2851,22.136704703281566,34.19795802383884,2026-10-06 02:28:00.497882,2026-10-06 02:31:15.060085,0 days 00:03:14.562203,0.48967816666395225,6.28879905307643,78.91305021174706,40.29115295108787,0.009569508337727876,1.4671267453130232e-06,194.56210143584758,23,COMPLETE
2852,21.269160475005844,29.69906153080861,2026-10-06 02:28:01.025732,2026-10-06 02:31:16.878641,0 days 00:03:15.852909,0.5804379238023668,7.7988590190752145,78.91305021174706,18.49957504695779,0.009569508337727876,2.328670127015952e-06,195.85281545994803,23,COMPLETE
2853,,,2026-10-06 02:28:01.379699,2026-10-06 02:28:02.154718,0 days 00:00:00.775019,0.11975518170439672,2.5826334477054016,93.60652832221152,22.2783980962908,0.009569508337727876,,,23,PRUNED
2854,24.690973434613074,19.829000557860905,2026-10-06 02:28:01.489841,2026-10-06 02:31:17.051770,0 days 00:03:15.561929,0.48967816666395225,1.8054001832365776,78.91305021174706,18.49957504695779,0.009569508337727876,1.4671267453130232e-06,195.56183693930507,23,COMPLETE
2855,32.105448248610195,13.77246817701386,2026-10-06 02:28:01.492652,2026-10-06 02:31:15.713628,0 days 00:03:14.220976,0.14472486883161542,1.8054001832365776,78.91305021174706,4.949274479107639,0.009569508337727876,2.328670127015952e-06,194.22087453166023,23,COMPLETE
2856,23.76563907175322,12.22610772209782,2026-10-06 02:28:01.744696,2026-10-06 02:31:18.855314,0 days 00:03:17.110618,0.43634524177254436,6.28879905307643,78.91305021174706,8.12919983985662,0.009569508337727876,4.8508165574189434e-05,197.11051707807928,23,COMPLETE
2857,22.23705930934674,1.400516987482836,2026-10-06 02:28:02.178862,2026-10-06 02:31:16.298155,0 days 00:03:14.119293,0.14472486883161542,6.28879905307643,78.91305021174706,4.949274479107639,0.009569508337727876,1.454728290604643,194.11920232092962,23,COMPLETE
2858,14.005167964342544,3.443443676380398,2026-10-06 02:28:02.549691,2026-10-06 02:31:17.963584,0 days 00:03:15.413893,0.14472486883161542,1.8054001832365776,3.0213772594070285,4.949274479107639,0.009569508337727876,2.328670127015952e-06,195.4138108449988,24,COMPLETE
2859,10.097221046573958,8.69569467502083,2026-10-06 02:28:02.669669,2026-10-06 02:31:10.832559,0 days 00:03:08.162890,0.8049947143769061,1.8054001832365776,15.292502709556782,59.538080508144226,0.009569508337727876,2.328670127015952e-06,188.1627777586691,24,COMPLETE
2860,31.060953086727,18.506836444904746,2026-10-06 02:28:02.729780,2026-10-06 02:31:17.575509,0 days 00:03:14.845729,0.15233643991025508,1.8054001832365776,78.91305021174706,21.552109710641485,0.009569508337727876,2.328670127015952e-06,194.84563555801287,24,COMPLETE
2861,31.78954746800604,10.587152690692097,2026-10-06 02:28:02.768654,2026-10-06 02:31:15.334575,0 days 00:03:12.565921,0.14472486883161542,1.8054001832365776,78.91305021174706,1.78751019000377,0.009569508337727876,2.328670127015952e-06,192.56583759607747,24,COMPLETE
2862,23.843616354287924,29.221194533953742,2026-10-06 02:28:02.804646,2026-10-06 02:31:13.579167,0 days 00:03:10.774521,0.48967816666395225,3.42961079489487,78.91305021174706,35.397938808104236,0.009569508337727876,2.328670127015952e-06,190.77441373607144,24,COMPLETE
2863,26.453384306454364,5.17349511621399,2026-10-06 02:28:02.899657,2026-10-06 02:31:20.274310,0 days 00:03:17.374653,0.1912437107176475,28.231572727876117,78.91305021174706,8.12919983985662,0.009569508337727876,2.328670127015952e-06,197.37453560670838,24,COMPLETE
2864,15.94588729955002,1.3815731714526078,2026-10-06 02:28:03.286696,2026-10-06 02:31:15.186309,0 days 00:03:11.899613,0.17534157142392734,1.8054001832365776,78.91305021174706,16.770437253329217,0.009569508337727876,9.72035489171722,191.89951154310256,24,COMPLETE
2865,29.05538781929738,19.529071895163444,2026-10-06 02:28:03.555694,2026-10-06 02:31:16.381813,0 days 00:03:12.826119,0.14472486883161542,3.42961079489487,78.91305021174706,35.397938808104236,0.008698017554316196,2.328670127015952e-06,192.82602417608723,24,COMPLETE
2866,14.9601865903115,1.6572917830344847,2026-10-06 02:28:03.563655,2026-10-06 02:31:14.892498,0 days 00:03:11.328843,0.48480307501533615,3.42961079489487,78.91305021174706,12.303481343464334,0.009569508337727876,2.1482095057266695,191.32865972304717,24,COMPLETE
2867,30.60640437907238,18.12317469692573,2026-10-06 02:28:04.036874,2026-10-06 02:31:15.328493,0 days 00:03:11.291619,0.2537871941753988,1.8054001832365776,78.91305021174706,12.025559114678314,0.009569508337727876,2.328670127015952e-06,191.29153117537498,24,COMPLETE
2868,,,2026-10-06 02:28:04.040650,2026-10-06 02:28:04.714466,0 days 00:00:00.673816,0.1912437107176475,1.8054001832365776,58.470366134351636,12.025559114678314,0.002595983337127228,,,24,PRUNED
2869,19.050416866648106,9.459598199801091,2026-10-06 02:28:04.044633,2026-10-06 02:31:19.075866,0 days 00:03:15.031233,0.48480307501533615,42.68667380940932,78.91305021174706,12.303481343464334,0.009569508337727876,2.328670127015952e-06,195.03115276806056,24,COMPLETE
2870,25.373703144289074,11.991963618244627,2026-10-06 02:28:04.084809,2026-10-06 02:31:18.379728,0 days 00:03:14.294919,0.3401090828369047,3.42961079489487,53.92439124997174,3.023466254905036,0.009569508337727876,2.328670127015952e-06,194.2948274598457,24,COMPLETE
2871,31.058494576748092,18.688083566493344,2026-10-06 02:28:04.285825,2026-10-06 02:31:13.594280,0 days 00:03:09.308455,0.14472486883161542,1.8054001832365776,78.91305021174706,12.303481343464334,0.008698017554316196,2.328670127015952e-06,189.3083570227027,24,COMPLETE
2872,29.817358175987458,21.676538390098216,2026-10-06 02:28:04.573691,2026-10-06 02:31:19.125875,0 days 00:03:14.552184,0.1912437107176475,3.42961079489487,78.91305021174706,28.521004463161855,0.009569508337727876,2.328670127015952e-06,194.552097289823,24,COMPLETE
2873,24.855686197764946,4.447544866693837,2026-10-06 02:28:04.815867,2026-10-06 02:31:15.733930,0 days 00:03:10.918063,0.1912437107176475,23.039969527748262,78.91305021174706,12.025559114678314,0.009569508337727876,2.328670127015952e-06,190.91797228809446,24,COMPLETE
2874,28.474394114638038,16.769207445369553,2026-10-06 02:28:04.819665,2026-10-06 02:31:16.885730,0 days 00:03:12.066065,0.12231258412785738,3.42961079489487,78.91305021174706,98.72914703811183,0.009569508337727876,2.619577012541532e-05,192.06597989518195,24,COMPLETE
2875,26.183141349675896,28.64703435079481,2026-10-06 02:28:05.040682,2026-10-06 02:31:15.343141,0 days 00:03:10.302459,0.3835752981213097,3.42961079489487,78.91305021174706,35.397938808104236,0.009569508337727876,2.4441811603146906e-06,190.30237522209063,24,COMPLETE
2876,28.759389886053896,22.47047525707998,2026-10-06 02:28:05.280680,2026-10-06 02:31:23.805618,0 days 00:03:18.524938,0.3401090828369047,3.42961079489487,78.91305021174706,12.025559114678314,0.009569508337727876,2.328670127015952e-06,198.52480385173112,24,COMPLETE
2877,22.406600291466805,1.2067462169003056,2026-10-06 02:28:05.505685,2026-10-06 02:31:15.826716,0 days 00:03:10.321031,0.015336901415622687,1.8054001832365776,78.91305021174706,12.025559114678314,0.008698017554316196,4.971410539084516e-05,190.32092583971098,24,COMPLETE
2878,0.24221587760428914,1.1718184776492446,2026-10-06 02:28:05.565801,2026-10-06 02:31:18.887594,0 days 00:03:13.321793,0.2537871941753988,3.42961079489487,90.00747823149457,12.025559114678314,0.009569508337727876,2.328670127015952e-06,193.32170547777787,24,COMPLETE
2879,26.708209792113212,1.8126825469184553,2026-10-06 02:28:05.581653,2026-10-06 02:31:20.747539,0 days 00:03:15.165886,0.14472486883161542,5.366024969649643,78.91305021174706,12.025559114678314,0.009569508337727876,2.328670127015952e-06,195.16577230393887,24,COMPLETE
2880,25.346026738398088,15.156856143614045,2026-10-06 02:28:05.697919,2026-10-06 02:31:17.034339,0 days 00:03:11.336420,0.48967816666395225,1.8054001832365776,78.91305021174706,53.19831855856638,0.019442055458391058,2.328670127015952e-06,191.3363257953897,24,COMPLETE
2881,16.07570454198441,7.570636851979423,2026-10-06 02:28:05.946669,2026-10-06 02:31:18.379978,0 days 00:03:12.433309,0.17534157142392734,6.28879905307643,78.91305021174706,27.821597027495464,0.009569508337727876,2.328670127015952e-06,192.43325610086322,24,COMPLETE
2882,31.365996437708155,16.904426602175114,2026-10-06 02:28:05.950640,2026-10-06 02:31:19.549474,0 days 00:03:13.598834,0.14472486883161542,1.8054001832365776,78.91305021174706,13.977043772178884,0.009569508337727876,2.328670127015952e-06,193.5987355732359,24,COMPLETE
2883,,,2026-10-06 02:28:05.958627,2026-10-06 02:28:07.709486,0 days 00:00:01.750859,0.17958655134255117,5.675215754264739,78.91305021174706,3.4133742713285806,0.0050646734605803625,,,24,PRUNED
2884,31.63517224629829,12.43934675292707,2026-10-06 02:28:06.259681,2026-10-06 02:31:16.389130,0 days 00:03:10.129449,0.0993856721210531,1.8054001832365776,78.91305021174706,12.025559114678314,0.009569508337727876,2.328670127015952e-06,190.12935146689415,24,COMPLETE
2885,26.664882424736646,29.192111616555056,2026-10-06 02:28:06.317836,2026-10-06 02:31:19.456591,0 days 00:03:13.138755,0.3401090828369047,3.42961079489487,78.91305021174706,45.605935248059524,0.009569508337727876,2.328670127015952e-06,193.1386602888815,24,COMPLETE
2886,32.62085044259818,2.640203384774912,2026-10-06 02:28:06.419679,2026-10-06 02:31:16.243556,0 days 00:03:09.823877,0.14472486883161542,1.8054001832365776,78.91305021174706,4.949274479107639,0.03463343903868386,2.328670127015952e-06,189.82378417393193,24,COMPLETE
2887,31.93075489251614,12.455716057205498,2026-10-06 02:28:06.743694,2026-10-06 02:31:16.226521,0 days 00:03:09.482827,0.1912437107176475,1.8054001832365776,78.91305021174706,2.7919877044521075,0.009569508337727876,2.328670127015952e-06,189.4827110832557,24,COMPLETE
2888,,,2026-10-06 02:28:06.752038,2026-10-06 02:28:07.315696,0 days 00:00:00.563658,0.17958655134255117,1.8054001832365776,78.91305021174706,54.31140553354297,0.007296672990990188,,,24,PRUNED
2889,30.23671539891876,21.222502877068077,2026-10-06 02:28:06.767636,2026-10-06 02:31:21.034776,0 days 00:03:14.267140,0.22031827582514427,3.42961079489487,78.91305021174706,12.025559114678314,0.009569508337727876,2.328670127015952e-06,194.26704070111737,24,COMPLETE
2890,31.284621544300705,17.94211592853864,2026-10-06 02:28:06.791810,2026-10-06 02:31:17.804642,0 days 00:03:11.012832,0.17534157142392734,1.8054001832365776,78.91305021174706,12.025559114678314,0.009569508337727876,2.328670127015952e-06,191.01275077322498,24,COMPLETE
2891,31.62796835944212,2.719361840234276,2026-10-06 02:28:06.795633,2026-10-06 02:31:16.539730,0 days 00:03:09.744097,0.17534157142392734,1.8054001832365776,78.91305021174706,12.025559114678314,0.04997314111963208,2.328670127015952e-06,189.74402162386104,24,COMPLETE
2892,30.307714350547563,22.904199665561656,2026-10-06 02:28:06.799628,2026-10-06 02:31:15.540532,0 days 00:03:08.740904,0.22031827582514427,1.8054001832365776,78.91305021174706,40.2862337213893,0.009569508337727876,2.328670127015952e-06,188.7408222029917,24,COMPLETE
2893,18.429284259611972,16.144006067571897,2026-10-06 02:28:06.998683,2026-10-06 02:31:15.324948,0 days 00:03:08.326265,0.48480307501533615,3.42961079489487,78.91305021174706,28.521004463161855,0.009569508337727876,0.0006623894371657257,188.32616435317323,24,COMPLETE
2894,18.0065202179312,2.3993141386102392,2026-10-06 02:28:07.559920,2026-10-06 02:31:21.361226,0 days 00:03:13.801306,0.14472486883161542,1.8054001832365776,78.91305021174706,12.303481343464334,0.008698017554316196,1.8276528383536155,193.80120015703142,24,COMPLETE
2895,20.409866858160278,1.2142471346310573,2026-10-06 02:28:07.563659,2026-10-06 02:31:19.964511,0 days 00:03:12.400852,0.17534157142392734,9.581744619144038,37.031539347032435,12.025559114678314,0.04663482730961597,2.328670127015952e-06,192.40076175611466,24,COMPLETE
2896,21.768304501408174,4.78856402932291,2026-10-06 02:28:07.567633,2026-10-06 02:31:17.961336,0 days 00:03:10.393703,0.14472486883161542,40.026986016709266,78.91305021174706,18.49957504695779,0.009569508337727876,2.328670127015952e-06,190.39362397696823,24,COMPLETE
2897,31.445372342935343,16.504664224757644,2026-10-06 02:28:07.571633,2026-10-06 02:31:20.540363,0 days 00:03:12.968730,0.14472486883161542,1.8054001832365776,78.91305021174706,12.025559114678314,0.009569508337727876,2.328670127015952e-06,192.96863521961495,24,COMPLETE
2898,15.587347837180522,9.44831522906778,2026-10-06 02:28:07.575636,2026-10-06 02:31:16.862510,0 days 00:03:09.286874,0.22031827582514427,1.8054001832365776,6.646340099885003,12.303481343464334,0.009569508337727876,2.328670127015952e-06,189.28676800010726,24,COMPLETE
2899,24.464035686385422,26.18847698701406,2026-10-06 02:28:07.593799,2026-10-06 02:31:16.235331,0 days 00:03:08.641532,0.48967816666395225,3.42961079489487,78.91305021174706,18.49957504695779,0.009569508337727876,1.4671267453130232e-06,188.6414407528937,24,COMPLETE
2900,15.226809734924203,1.979589285115802,2026-10-06 02:28:07.597636,2026-10-06 02:31:19.772512,0 days 00:03:12.174876,0.22031827582514427,2.5826334477054016,78.91305021174706,40.2862337213893,0.009569508337727876,17.89422743693502,192.17478223703802,24,COMPLETE
2901,6.730307951749872,1.1217603982456164,2026-10-06 02:28:07.601633,2026-10-06 02:31:18.048570,0 days 00:03:10.446937,0.1912437107176475,3.42961079489487,3.169487370371668,12.025559114678314,0.09552840837878919,2.328670127015952e-06,190.44686169503257,24,COMPLETE
2902,30.29263392133247,20.96579018427999,2026-10-06 02:28:07.605637,2026-10-06 02:31:22.860528,0 days 00:03:15.254891,0.17958655134255117,1.8054001832365776,78.91305021174706,54.31140553354297,0.009569508337727876,9.391865709026338e-06,195.25478462595493,24,COMPLETE
2903,31.817623328933315,14.610666906728095,2026-10-06 02:28:07.901685,2026-10-06 02:31:17.800147,0 days 00:03:09.898462,0.14472486883161542,1.8054001832365776,78.91305021174706,3.2809969296550276,0.008698017554316196,2.328670127015952e-06,189.89836736395955,24,COMPLETE
2904,1.1312273978485796,1.2028724616034565,2026-10-06 02:28:08.628687,2026-10-06 02:31:20.919167,0 days 00:03:12.290480,0.04402902224010632,49.745248172413795,78.91305021174706,35.397938808104236,0.009569508337727876,2.328670127015952e-06,192.2903755218722,24,COMPLETE
2905,,,2026-10-06 02:28:08.792730,2026-10-06 02:28:09.308750,0 days 00:00:00.516020,0.14472486883161542,1.8054001832365776,78.91305021174706,4.949274479107639,0.006613877738254892,,,24,PRUNED
2906,4.197044538799416,1.7111254762641503,2026-10-06 02:28:08.800652,2026-10-06 02:31:16.466349,0 days 00:03:07.665697,0.15899021881294267,3.42961079489487,3.0914159548203277,12.025559114678314,0.009569508337727876,2.328670127015952e-06,187.66560502396896,24,COMPLETE
2907,29.918112175470903,14.354512417127617,2026-10-06 02:28:08.820652,2026-10-06 02:31:21.415176,0 days 00:03:12.594524,0.14472486883161542,3.42961079489487,78.91305021174706,12.303481343464334,0.009569508337727876,2.328670127015952e-06,192.59442655695602,24,COMPLETE
