number,values_0,values_1,datetime_start,datetime_complete,duration,params_c_val,params_input_force,params_k_between_val,params_k_wall_val,params_m_val,params_ridge_alpha,user_attrs_duration_sec,system_attrs_NSGAIISampler:generation,state
2329,26.27045180263675,6.35559578457521,2026-10-06 02:02:21.666687,2026-10-06 02:05:29.636537,0 days 00:03:07.969850,0.14472486883161542,1.8054001832365776,31.16081553544647,1.8190863578544005,0.009569508337727876,0.0007004551776618584,187.96974272001535,19,COMPLETE
2330,26.437652122896743,1.3557115827102988,2026-10-06 02:02:22.271571,2026-10-06 02:05:32.770505,0 days 00:03:10.498934,0.14472486883161542,6.28879905307643,78.91305021174706,12.025559114678314,0.009569508337727876,2.328670127015952e-06,190.49885620875284,19,COMPLETE
2331,15.301301028814162,1.4210520414136218,2026-10-06 02:02:22.274654,2026-10-06 02:05:38.527642,0 days 00:03:16.252988,0.14472486883161542,10.20968601213002,78.91305021174706,56.24941716102626,0.009569508337727876,2.328670127015952e-06,196.25289808306843,19,COMPLETE
2332,22.810194157736458,20.245961146826875,2026-10-06 02:02:22.278638,2026-10-06 02:05:32.781814,0 days 00:03:10.503176,0.5711655073854632,2.5826334477054016,78.91305021174706,12.025559114678314,0.009159765832297896,1.4671267453130232e-06,190.50310045992956,19,COMPLETE
2333,28.25994622660489,25.07992649618613,2026-10-06 02:02:22.282645,2026-10-06 02:05:32.567081,0 days 00:03:10.284436,0.3401090828369047,3.42961079489487,78.91305021174706,18.49957504695779,0.009569508337727876,2.328670127015952e-06,190.2843569489196,19,COMPLETE
2334,23.83527386847207,15.738066591204397,2026-10-06 02:02:22.286642,2026-10-06 02:05:35.264945,0 days 00:03:12.978303,0.48967816666395225,1.0100598856645617,78.91305021174706,18.49957504695779,0.009569508337727876,1.4671267453130232e-06,192.9782108240761,19,COMPLETE
2335,29.72579872556734,23.855449594116624,2026-10-06 02:02:22.290634,2026-10-06 02:05:34.110485,0 days 00:03:11.819851,0.25365765149441505,3.42961079489487,78.91305021174706,18.49957504695779,0.009569508337727876,2.328670127015952e-06,191.81978356605396,19,COMPLETE
2336,31.465073244656914,16.978952378682635,2026-10-06 02:02:22.292647,2026-10-06 02:05:31.717073,0 days 00:03:09.424426,0.14472486883161542,1.8054001832365776,78.91305021174706,6.182683349256731,0.008698017554316196,2.328670127015952e-06,189.4243290820159,19,COMPLETE
2337,24.293559357814893,25.182782593238816,2026-10-06 02:02:22.296635,2026-10-06 02:05:29.569538,0 days 00:03:07.272903,0.48967816666395225,3.42961079489487,78.91305021174706,18.49957504695779,0.009569508337727876,2.328670127015952e-06,187.27280226303264,19,COMPLETE
2338,31.566871299853137,15.972422690746741,2026-10-06 02:02:22.300627,2026-10-06 02:05:31.443506,0 days 00:03:09.142879,0.14472486883161542,1.8054001832365776,78.91305021174706,9.93989579004442,0.009569508337727876,2.328670127015952e-06,189.14278270071372,19,COMPLETE
2339,32.54433878409618,12.13090191465542,2026-10-06 02:02:22.304632,2026-10-06 02:05:37.078819,0 days 00:03:14.774187,0.12014132825757128,1.0100598856645617,78.91305021174706,11.893393556982886,0.009569508337727876,2.328670127015952e-06,194.7741042538546,19,COMPLETE
2340,31.058494576748092,18.688083566493344,2026-10-06 02:02:22.376848,2026-10-06 02:05:36.882455,0 days 00:03:14.505607,0.14472486883161542,1.8054001832365776,78.91305021174706,12.303481343464334,0.008698017554316196,2.328670127015952e-06,194.505514243152,19,COMPLETE
2341,32.104173258058964,11.418393424589178,2026-10-06 02:02:22.380637,2026-10-06 02:05:36.273538,0 days 00:03:13.892901,0.14472486883161542,1.8054001832365776,78.91305021174706,2.4821582187648223,0.009569508337727876,2.328670127015952e-06,193.89282098505646,19,COMPLETE
2342,29.951321783021932,3.8548078067132137,2026-10-06 02:02:22.595679,2026-10-06 02:05:38.656348,0 days 00:03:16.060669,0.3401090828369047,3.42961079489487,78.91305021174706,18.49957504695779,0.0692748170436513,2.328670127015952e-06,196.0605699783191,19,COMPLETE
2343,29.796609835028438,8.937811148273108,2026-10-06 02:02:22.643278,2026-10-06 02:05:34.631311,0 days 00:03:11.988033,0.12014132825757128,1.8054001832365776,78.91305021174706,11.893393556982886,0.009569508337727876,0.006823811813075012,191.98794043110684,19,COMPLETE
2344,31.445372342935343,16.504664224757644,2026-10-06 02:02:23.272687,2026-10-06 02:05:32.799433,0 days 00:03:09.526746,0.14472486883161542,1.8054001832365776,78.91305021174706,12.025559114678314,0.009569508337727876,2.328670127015952e-06,189.52666022395715,19,COMPLETE
2345,31.445372342935343,16.504664224757644,2026-10-06 02:02:23.312839,2026-10-06 02:05:33.358524,0 days 00:03:10.045685,0.14472486883161542,1.8054001832365776,78.91305021174706,12.025559114678314,0.009569508337727876,2.328670127015952e-06,190.04558103298768,19,COMPLETE
2346,31.445372342935343,16.504664224757644,2026-10-06 02:02:23.316645,2026-10-06 02:05:37.807737,0 days 00:03:14.491092,0.14472486883161542,1.8054001832365776,78.91305021174706,12.025559114678314,0.009569508337727876,2.328670127015952e-06,194.49099447764456,19,COMPLETE
2347,,,2026-10-06 02:02:23.341675,2026-10-06 02:02:24.345720,0 days 00:00:01.004045,0.14472486883161542,37.84830675750306,78.91305021174706,18.897086583673502,0.00785607471885984,,,19,PRUNED
2348,28.25994622660489,25.07992649618613,2026-10-06 02:02:23.824695,2026-10-06 02:05:35.570718,0 days 00:03:11.746023,0.3401090828369047,3.42961079489487,78.91305021174706,18.49957504695779,0.009569508337727876,2.328670127015952e-06,191.7459269501269,19,COMPLETE
2349,29.868196821145755,18.310514440863315,2026-10-06 02:02:23.930680,2026-10-06 02:05:34.437876,0 days 00:03:10.507196,0.14472486883161542,3.42961079489487,78.91305021174706,33.705587852946245,0.009569508337727876,1.0302897943494473e-05,190.5070915138349,19,COMPLETE
2350,31.284621544300705,17.94211592853864,2026-10-06 02:02:24.071675,2026-10-06 02:05:32.203795,0 days 00:03:08.132120,0.17534157142392734,1.8054001832365776,78.91305021174706,12.025559114678314,0.009569508337727876,2.328670127015952e-06,188.132028514985,19,COMPLETE
2351,20.859826887536975,26.330730461720705,2026-10-06 02:02:24.180687,2026-10-06 02:05:34.291672,0 days 00:03:10.110985,0.6040198049165227,6.28879905307643,78.91305021174706,18.49957504695779,0.009569508337727876,9.725253816866189e-06,190.11088494909927,19,COMPLETE
2352,3.8530559131443063,1.2821870659576255,2026-10-06 02:02:24.247678,2026-10-06 02:05:34.161588,0 days 00:03:09.913910,0.14472486883161542,7.7988590190752145,5.015470259567623,18.49957504695779,0.009569508337727876,2.328670127015952e-06,189.91383369406685,19,COMPLETE
2353,15.216047128614363,13.36483837917613,2026-10-06 02:02:24.323669,2026-10-06 02:05:34.898440,0 days 00:03:10.574771,0.22031827582514427,2.5826334477054016,10.24958848889169,12.303481343464334,0.007519512789516922,6.849073953181494e-05,190.57468050904572,19,COMPLETE
2354,10.00492464478052,2.8476420012528076,2026-10-06 02:02:25.067684,2026-10-06 02:05:37.896503,0 days 00:03:12.828819,0.14472486883161542,1.8054001832365776,1.6660125194181588,12.025559114678314,0.009569508337727876,2.8833558189880544e-05,192.82872763928026,19,COMPLETE
2355,1.5962496994235462,1.3480477486265405,2026-10-06 02:02:25.344691,2026-10-06 02:05:36.746008,0 days 00:03:11.401317,0.4694748910739249,14.94913453309047,1.835171877976725,18.49957504695779,0.009569508337727876,0.00017483151871594037,191.40123221697286,19,COMPLETE
2356,28.391804861958008,16.87215222402543,2026-10-06 02:02:25.420686,2026-10-06 02:05:36.884955,0 days 00:03:11.464269,0.3401090828369047,1.8054001832365776,78.91305021174706,18.49957504695779,0.009569508337727876,9.391865709026338e-06,191.46418690029532,19,COMPLETE
2357,1.7517018595499372,1.1697796993922411,2026-10-06 02:02:26.020703,2026-10-06 02:05:35.576963,0 days 00:03:09.556260,0.14472486883161542,12.051644709887109,1.3148434603508274,12.303481343464334,0.009569508337727876,2.328670127015952e-06,189.5561761218123,19,COMPLETE
2358,23.918773593166215,23.46696763343688,2026-10-06 02:02:26.216689,2026-10-06 02:05:34.919353,0 days 00:03:08.702664,0.48967816666395225,3.42961079489487,78.91305021174706,18.49957504695779,0.009569508337727876,4.800046266744665e-06,188.70258528599516,19,COMPLETE
2359,29.98273984366067,18.038103512436695,2026-10-06 02:02:26.224651,2026-10-06 02:05:39.576774,0 days 00:03:13.352123,0.14472486883161542,3.42961079489487,78.91305021174706,28.521004463161855,0.009569508337727876,2.328670127015952e-06,193.35201873863116,19,COMPLETE
2360,26.358561783885733,9.94045477233481,2026-10-06 02:02:26.228642,2026-10-06 02:05:35.704626,0 days 00:03:09.475984,0.14472486883161542,1.8054001832365776,78.91305021174706,18.49957504695779,0.009569508337727876,0.03854032427164106,189.47587907733396,19,COMPLETE
2361,26.412706797764336,13.60655209445726,2026-10-06 02:02:26.940693,2026-10-06 02:05:41.084840,0 days 00:03:14.144147,0.48967816666395225,1.8054001832365776,83.76476129270915,4.097248987979613,0.009569508337727876,2.328670127015952e-06,194.14404674898833,19,COMPLETE
2362,16.040035379459518,2.286319623730342,2026-10-06 02:02:55.316686,2026-10-06 02:06:11.240709,0 days 00:03:15.924023,0.42937345114127523,1.8054001832365776,78.91305021174706,18.49957504695779,0.009569508337727876,0.17797255385013813,195.9239159617573,19,COMPLETE
2363,24.69297304732996,4.454186902278004,2026-10-06 02:04:08.384710,2026-10-06 02:07:20.862537,0 days 00:03:12.477827,0.14472486883161542,42.2425173656098,78.91305021174706,12.025559114678314,0.009569508337727876,1.3877729856808658e-05,192.4777166247368,19,COMPLETE
2364,1.884995367232208,1.1762060865314985,2026-10-06 02:05:27.624688,2026-10-06 02:08:41.041975,0 days 00:03:13.417287,0.14472486883161542,3.42961079489487,1.198606474251936,18.897086583673502,0.009569508337727876,2.328670127015952e-06,193.41717627411708,19,COMPLETE
2365,23.478603581099378,25.80020674904861,2026-10-06 02:05:28.208823,2026-10-06 02:08:42.653095,0 days 00:03:14.444272,0.48480307501533615,3.42961079489487,78.91305021174706,33.705587852946245,0.009569508337727876,9.391865709026338e-06,194.4441555161029,19,COMPLETE
2366,3.907603037594351,1.8198690747326098,2026-10-06 02:05:29.093168,2026-10-06 02:08:44.010291,0 days 00:03:14.917123,0.17534157142392734,39.51332609470262,1.2055445115432228,47.77760718136664,0.009569508337727876,9.391865709026338e-06,194.91702182637528,19,COMPLETE
2367,27.036464402586738,13.419360930446086,2026-10-06 02:05:29.691835,2026-10-06 02:08:45.419422,0 days 00:03:15.727587,0.48967816666395225,3.42961079489487,78.91305021174706,18.49957504695779,0.024643912610839577,2.328670127015952e-06,195.7274977550842,19,COMPLETE
2368,22.329684340710628,1.5250523917434284,2026-10-06 02:05:29.695653,2026-10-06 02:08:44.179247,0 days 00:03:14.483594,0.14472486883161542,7.7988590190752145,78.91305021174706,23.799365678660685,0.009569508337727876,2.328670127015952e-06,194.48350124200806,19,COMPLETE
2369,31.092667628208666,10.564567481643078,2026-10-06 02:05:29.946693,2026-10-06 02:08:49.016182,0 days 00:03:19.069489,0.22031827582514427,1.8054001832365776,78.91305021174706,1.1875125917582214,0.009569508337727876,2.328670127015952e-06,199.0694006769918,19,COMPLETE
2370,10.40993886748095,2.3195559181518153,2026-10-06 02:05:30.286714,2026-10-06 02:08:45.021355,0 days 00:03:14.734641,0.14472486883161542,28.162051324070454,12.973842227556435,12.025559114678314,0.009569508337727876,2.328670127015952e-06,194.734551332891,19,COMPLETE
2371,23.422477642847777,1.5187649227967595,2026-10-06 02:05:30.453709,2026-10-06 02:08:44.756618,0 days 00:03:14.302909,0.16523203766486205,7.7988590190752145,78.91305021174706,18.49957504695779,0.009569508337727876,2.328670127015952e-06,194.302815716248,19,COMPLETE
2372,14.861698917923338,1.434991508404648,2026-10-06 02:05:31.137688,2026-10-06 02:08:46.376472,0 days 00:03:15.238784,0.14472486883161542,9.0103256547582,25.496604548615956,12.025559114678314,0.009569508337727876,2.328670127015952e-06,195.2386989542283,19,COMPLETE
2373,30.23671539891876,21.222502877068077,2026-10-06 02:05:31.503683,2026-10-06 02:08:45.142676,0 days 00:03:13.638993,0.22031827582514427,3.42961079489487,78.91305021174706,12.025559114678314,0.009569508337727876,2.328670127015952e-06,193.63890611426905,19,COMPLETE
2374,10.044633954015644,5.542836282126772,2026-10-06 02:05:31.507647,2026-10-06 02:08:49.449820,0 days 00:03:17.942173,0.48967816666395225,38.38683836633812,78.91305021174706,57.70253558701761,0.009569508337727876,0.0006463982347935416,197.94207982579246,19,COMPLETE
2375,18.090704679652116,3.0934550130008738,2026-10-06 02:05:32.038835,2026-10-06 02:08:42.957949,0 days 00:03:10.919114,0.22806444915290844,1.8054001832365776,78.91305021174706,12.025559114678314,0.009569508337727876,0.2077859503455685,190.91900813393295,19,COMPLETE
2376,31.445372342935343,16.504664224757644,2026-10-06 02:05:32.042646,2026-10-06 02:08:49.415481,0 days 00:03:17.372835,0.14472486883161542,1.8054001832365776,78.91305021174706,12.025559114678314,0.009569508337727876,2.328670127015952e-06,197.37275576405227,19,COMPLETE
2377,29.80554664628096,1.8071256147419303,2026-10-06 02:05:32.524679,2026-10-06 02:08:45.661843,0 days 00:03:13.137164,0.14472486883161542,3.42961079489487,78.91305021174706,4.0885728972594295,0.009569508337727876,2.328670127015952e-06,193.13707929011434,19,COMPLETE
2378,7.09392668570482,7.643408377522043,2026-10-06 02:05:32.561666,2026-10-06 02:08:47.129118,0 days 00:03:14.567452,0.14472486883161542,1.8054001832365776,1.1667479260482922,47.77760718136664,0.002648665782377195,2.328670127015952e-06,194.5673672920093,19,COMPLETE
2379,21.75321503710099,29.29035797997653,2026-10-06 02:05:32.664669,2026-10-06 02:08:43.844904,0 days 00:03:11.180235,0.5804379238023668,6.28879905307643,78.91305021174706,18.49957504695779,0.009569508337727876,2.328670127015952e-06,191.1801224630326,20,COMPLETE
2380,24.293559357814893,25.182782593238816,2026-10-06 02:05:32.757907,2026-10-06 02:08:49.295125,0 days 00:03:16.537218,0.48967816666395225,3.42961079489487,78.91305021174706,18.49957504695779,0.009569508337727876,2.328670127015952e-06,196.53712914604694,20,COMPLETE
2381,16.362164767079015,2.380593271053233,2026-10-06 02:05:32.761647,2026-10-06 02:08:41.380663,0 days 00:03:08.619016,0.14472486883161542,20.75706701287643,44.99518926044705,22.2783980962908,0.009569508337727876,2.328670127015952e-06,188.61890696315095,20,COMPLETE
2382,25.123275652599535,1.3117206014461291,2026-10-06 02:05:32.765633,2026-10-06 02:08:47.580502,0 days 00:03:14.814869,0.02753409270465595,3.42961079489487,78.91305021174706,12.025559114678314,0.009569508337727876,2.328670127015952e-06,194.81478408072144,20,COMPLETE
2383,27.455399641250295,9.40113291448298,2026-10-06 02:05:32.782226,2026-10-06 02:08:48.707075,0 days 00:03:15.924849,0.14472486883161542,1.8054001832365776,78.91305021174706,12.025559114678314,0.009569508337727876,0.02653436984839427,195.92474704887718,20,COMPLETE
2384,26.802227656321612,16.868999969716512,2026-10-06 02:05:33.017369,2026-10-06 02:08:48.901787,0 days 00:03:15.884418,0.14472486883161542,6.28879905307643,78.91305021174706,53.19831855856638,0.009569508337727876,2.328670127015952e-06,195.88431960670277,20,COMPLETE
2385,21.714732256737825,27.369184831631994,2026-10-06 02:05:33.032661,2026-10-06 02:08:47.869050,0 days 00:03:14.836389,0.48967816666395225,6.28879905307643,67.63864735362428,18.49957504695779,0.009569508337727876,1.4671267453130232e-06,194.83626938099042,20,COMPLETE
2386,23.373604368210476,2.5213435048064614,2026-10-06 02:05:33.154684,2026-10-06 02:08:46.503285,0 days 00:03:13.348601,0.07532059553836769,1.8054001832365776,78.91305021174706,6.182683349256731,0.008698017554316196,1.121184591667122,193.348514595069,20,COMPLETE
2387,21.30452854204764,30.251982280752394,2026-10-06 02:05:33.176813,2026-10-06 02:08:44.760627,0 days 00:03:11.583814,0.5804379238023668,7.7988590190752145,78.91305021174706,18.49957504695779,0.009569508337727876,1.4671267453130232e-06,191.58373455377296,20,COMPLETE
2388,11.86750746989097,10.907194283717589,2026-10-06 02:05:33.443998,2026-10-06 02:08:48.371621,0 days 00:03:14.927623,0.48967816666395225,3.42961079489487,8.096551343445526,18.49957504695779,0.009569508337727876,2.328670127015952e-06,194.92753528198227,20,COMPLETE
2389,31.336470137307845,15.5245156019802,2026-10-06 02:05:34.010690,2026-10-06 02:08:50.813454,0 days 00:03:16.802764,0.12014132825757128,1.8054001832365776,78.91305021174706,18.49957504695779,0.009569508337727876,2.328670127015952e-06,196.80265421932563,20,COMPLETE
2390,25.074137634402593,4.161957087581176,2026-10-06 02:05:34.084850,2026-10-06 02:08:44.635067,0 days 00:03:10.550217,0.17534157142392734,22.716761619916177,78.91305021174706,12.025559114678314,0.009569508337727876,2.666660929767296e-06,190.55012043379247,20,COMPLETE
2391,17.671903247448377,4.3311170196830595,2026-10-06 02:05:34.088645,2026-10-06 02:08:44.094906,0 days 00:03:10.006261,0.2585328334657833,31.314343853151136,78.91305021174706,12.025559114678314,0.009569508337727876,5.932114879429662,190.0061589772813,20,COMPLETE
2392,30.574335791199836,18.316879986931927,2026-10-06 02:05:34.092635,2026-10-06 02:08:45.573849,0 days 00:03:11.481214,0.16700044276619444,1.8054001832365776,78.91305021174706,35.397938808104236,0.009569508337727876,1.958772670625254e-05,191.48112932499498,20,COMPLETE
2393,31.058494576748092,18.688083566493344,2026-10-06 02:05:34.122801,2026-10-06 02:08:43.311525,0 days 00:03:09.188724,0.14472486883161542,1.8054001832365776,78.91305021174706,12.303481343464334,0.008698017554316196,2.328670127015952e-06,189.1886209049262,20,COMPLETE
2394,29.77974923602452,1.5105997896247647,2026-10-06 02:05:34.202651,2026-10-06 02:08:47.483801,0 days 00:03:13.281150,0.14472486883161542,4.316915154672986,78.91305021174706,2.4821582187648223,0.008698017554316196,2.328670127015952e-06,193.28105352586135,20,COMPLETE
2395,30.2945938873712,1.2468861794345285,2026-10-06 02:05:34.276701,2026-10-06 02:08:44.531185,0 days 00:03:10.254484,0.024189724924062746,1.8054001832365776,78.91305021174706,1.8190863578544005,0.009569508337727876,2.328670127015952e-06,190.25439197663218,20,COMPLETE
2396,25.684579869016062,15.941954550397451,2026-10-06 02:05:34.469680,2026-10-06 02:08:48.718023,0 days 00:03:14.248343,0.48967816666395225,3.42961079489487,78.91305021174706,4.949274479107639,0.009569508337727876,1.4671267453130232e-06,194.2482587583363,20,COMPLETE
2397,24.253590749108753,18.189382641473085,2026-10-06 02:05:34.836703,2026-10-06 02:08:46.293773,0 days 00:03:11.457070,0.48967816666395225,1.8054001832365776,78.91305021174706,16.214669527441604,0.009569508337727876,2.328670127015952e-06,191.45697914808989,20,COMPLETE
2398,23.14903777443656,30.00242499837254,2026-10-06 02:05:34.856848,2026-10-06 02:08:47.990449,0 days 00:03:13.133601,0.48967816666395225,6.28879905307643,78.91305021174706,18.49957504695779,0.009569508337727876,1.4671267453130232e-06,193.13349856995046,20,COMPLETE
2399,15.099891548018544,14.514853478973144,2026-10-06 02:05:34.860643,2026-10-06 02:08:53.163634,0 days 00:03:18.302991,0.3401090828369047,2.5826334477054016,11.063566017274832,18.49957504695779,0.009569508337727876,2.328670127015952e-06,198.30287051806226,20,COMPLETE
2400,31.65671072224028,11.135794057195762,2026-10-06 02:05:34.864639,2026-10-06 02:08:47.635110,0 days 00:03:12.770471,0.17474245406834157,1.8054001832365776,78.91305021174706,1.8190863578544005,0.009569508337727876,2.328670127015952e-06,192.7703813901171,20,COMPLETE
2401,31.563891700162106,14.56744526470626,2026-10-06 02:05:34.868632,2026-10-06 02:08:40.824488,0 days 00:03:05.955856,0.12014132825757128,1.8054001832365776,78.91305021174706,11.893393556982886,0.009569508337727876,2.328670127015952e-06,185.95575247704983,20,COMPLETE
2402,24.415700237751132,8.285039744901031,2026-10-06 02:05:34.872632,2026-10-06 02:08:48.512166,0 days 00:03:13.639534,0.14472486883161542,1.8054001832365776,14.195391218308275,6.182683349256731,0.012676773781796909,2.328670127015952e-06,193.6394552187994,20,COMPLETE
2403,30.50530461074403,19.067461099704843,2026-10-06 02:05:34.975545,2026-10-06 02:08:50.252504,0 days 00:03:15.276959,0.14472486883161542,1.8054001832365776,78.91305021174706,47.77760718136664,0.009569508337727876,2.328670127015952e-06,195.2768737762235,20,COMPLETE
2404,29.817651462460645,23.809340668352807,2026-10-06 02:05:34.978649,2026-10-06 02:08:46.777146,0 days 00:03:11.798497,0.22031827582514427,2.5826334477054016,78.91305021174706,40.2862337213893,0.009569508337727876,2.328670127015952e-06,191.7983942516148,20,COMPLETE
2405,,,2026-10-06 02:05:35.583685,2026-10-06 02:05:35.706821,0 days 00:00:00.123136,0.22031827582514427,3.42961079489487,78.91305021174706,6.405866198588211,0.0010190825802691122,,,20,PRUNED
2406,30.52424469826259,19.10496716039507,2026-10-06 02:05:35.968691,2026-10-06 02:08:46.572124,0 days 00:03:10.603433,0.17534157142392734,1.8054001832365776,67.63864735362428,18.49957504695779,0.009569508337727876,1.4671267453130232e-06,190.60334768798202,20,COMPLETE
2407,20.059737231950308,29.400950670283674,2026-10-06 02:05:36.120861,2026-10-06 02:08:45.366982,0 days 00:03:09.246121,0.48967816666395225,6.28879905307643,78.91305021174706,75.44084671373946,0.009569508337727876,1.4671267453130232e-06,189.2460340289399,20,COMPLETE
2408,23.333464998352373,1.222322631756528,2026-10-06 02:05:36.124646,2026-10-06 02:08:48.713017,0 days 00:03:12.588371,0.3401090828369047,37.915425385614206,85.89862322790944,18.49957504695779,0.09638978066923412,2.328670127015952e-06,192.58827517507598,20,COMPLETE
2409,30.51016996922536,18.790412013427563,2026-10-06 02:05:36.128636,2026-10-06 02:08:47.369927,0 days 00:03:11.241291,0.14472486883161542,1.8054001832365776,78.91305021174706,47.77760718136664,0.009569508337727876,9.391865709026338e-06,191.2411899860017,20,COMPLETE
