number,values_0,values_1,datetime_start,datetime_complete,duration,params_c_val,params_input_force,params_k_between_val,params_k_wall_val,params_m_val,params_ridge_alpha,user_attrs_duration_sec,system_attrs_NSGAIISampler:generation,state
6627,32.730561456815295,10.228367687304644,2026-10-06 05:21:37.286653,2026-10-06 05:24:46.816563,0 days 00:03:09.529910,0.14472486883161542,1.0100598856645617,78.91305021174706,2.5931783094816834,0.009569508337727876,1.4671267453130232e-06,189.52977794129401,55,COMPLETE
6628,3.8023771245398366,2.1175136520290887,2026-10-06 05:21:37.290815,2026-10-06 05:24:50.348511,0 days 00:03:13.057696,0.22031827582514427,42.80359483555572,1.025606930475216,53.19831855856638,0.009569508337727876,0.032385306711823325,193.0576021950692,55,COMPLETE
6629,16.58691863655838,1.2187774950564942,2026-10-06 05:21:37.352663,2026-10-06 05:24:48.860286,0 days 00:03:11.507623,0.11434348795114237,1.0100598856645617,78.91305021174706,1.2328693011761847,0.009569508337727876,8.784847962153957,191.50751324510202,55,COMPLETE
6630,25.58252370665063,2.382509964766704,2026-10-06 05:21:37.356635,2026-10-06 05:24:52.845904,0 days 00:03:15.489269,0.14472486883161542,1.8054001832365776,17.218193070087576,12.025559114678314,0.03591588020595224,1.4671267453130232e-06,195.48915123892948,55,COMPLETE
6631,33.043969690002235,6.882049603636826,2026-10-06 05:21:37.380645,2026-10-06 05:24:50.433394,0 days 00:03:13.052749,0.06441798531902292,1.0100598856645617,78.91305021174706,8.858210845255327,0.009569508337727876,2.328670127015952e-06,193.05264711705968,55,COMPLETE
6632,32.58991324474654,11.896019345050144,2026-10-06 05:21:37.557773,2026-10-06 05:24:47.957513,0 days 00:03:10.399740,0.14472486883161542,1.0100598856645617,84.7536721859402,7.704673657496365,0.010066673683367812,1.4671267453130232e-06,190.39961235318333,55,COMPLETE
6633,23.600742931052643,4.5491651004825515,2026-10-06 05:21:37.905695,2026-10-06 05:24:48.881976,0 days 00:03:10.976281,0.48967816666395225,6.28879905307643,78.91305021174706,5.073582559982207,0.03013126541923902,0.0013275716344816942,190.97617293009534,55,COMPLETE
6634,8.153411549735157,2.354208029207391,2026-10-06 05:21:37.979667,2026-10-06 05:24:52.800323,0 days 00:03:14.820656,0.35349415915446786,2.5826334477054016,1.3105768735291612,53.19831855856638,0.028511468255243057,1.4671267453130232e-06,194.82052347622812,55,COMPLETE
6635,6.223000431089761,2.5771508214456063,2026-10-06 05:21:38.088673,2026-10-06 05:24:53.316720,0 days 00:03:15.228047,0.7904391790949783,48.9923813687694,78.91305021174706,36.31602569528544,0.009569508337727876,1.4671267453130232e-06,195.2279105600901,55,COMPLETE
6636,,,2026-10-06 05:21:38.582681,2026-10-06 05:21:39.626702,0 days 00:00:01.044021,0.22031827582514427,1.8054001832365776,92.04280970342012,35.397938808104236,0.008698017554316196,,,55,PRUNED
6637,31.660181238361247,16.560641307386156,2026-10-06 05:21:39.092865,2026-10-06 05:24:50.960515,0 days 00:03:11.867650,0.14472486883161542,1.8054001832365776,78.91305021174706,4.62169836091613,0.008698017554316196,1.4671267453130232e-06,191.8675470519811,55,COMPLETE
6638,13.031537605342539,3.3195957287942908,2026-10-06 05:21:39.096625,2026-10-06 05:24:49.108061,0 days 00:03:10.011436,0.14472486883161542,1.0100598856645617,1.6957933314504277,5.970838222064138,0.008698017554316196,1.2446212784745538e-06,190.0113237821497,55,COMPLETE
6639,20.294017503751498,5.783991178552382,2026-10-06 05:21:39.100635,2026-10-06 05:24:51.077147,0 days 00:03:11.976512,0.14472486883161542,41.85330720251773,78.91305021174706,18.49957504695779,0.008698017554316196,1.4671267453130232e-06,191.97639783471823,55,COMPLETE
6640,31.645430597168655,18.239341637323474,2026-10-06 05:21:39.104636,2026-10-06 05:24:48.665622,0 days 00:03:09.560986,0.14472486883161542,1.0100598856645617,78.91305021174706,18.49957504695779,0.008698017554316196,1.2446212784745538e-06,189.56089053722098,55,COMPLETE
6641,32.10910170048265,14.313079558021801,2026-10-06 05:21:39.108623,2026-10-06 05:24:52.539440,0 days 00:03:13.430817,0.14472486883161542,1.0100598856645617,78.91305021174706,17.074252838886963,0.009569508337727876,2.328670127015952e-06,193.4307132847607,55,COMPLETE
6642,24.74404544170021,31.745085450193116,2026-10-06 05:21:39.112626,2026-10-06 05:24:54.022176,0 days 00:03:14.909550,0.419007027175139,3.42961079489487,78.91305021174706,53.19831855856638,0.009569508337727876,1.0746247031029727e-06,194.90942904213443,55,COMPLETE
6643,10.945664226093163,8.237347521344045,2026-10-06 05:21:39.155650,2026-10-06 05:24:48.155301,0 days 00:03:08.999651,0.48967816666395225,45.408304118527305,78.91305021174706,53.19831855856638,0.009569508337727876,1.2446212784745538e-06,188.9995389804244,55,COMPLETE
6644,14.000753255777312,2.8560499793761336,2026-10-06 05:21:39.159633,2026-10-06 05:24:48.186991,0 days 00:03:09.027358,0.623959462918897,1.0100598856645617,8.066050650359102,12.025559114678314,0.03463343903868386,2.328670127015952e-06,189.0272525860928,55,COMPLETE
6645,30.604571177893586,20.724630513400125,2026-10-06 05:21:40.013673,2026-10-06 05:24:52.430591,0 days 00:03:12.416918,0.18895959097737963,2.5826334477054016,78.91305021174706,16.966954115393197,0.009569508337727876,1.4671267453130232e-06,192.4168111430481,55,COMPLETE
6646,15.301041025753722,13.813911939454659,2026-10-06 05:21:40.280854,2026-10-06 05:24:50.775508,0 days 00:03:10.494654,0.9001782141144483,4.014839763781616,54.915755041288456,12.025559114678314,0.009569508337727876,1.4671267453130232e-06,190.49452657205984,55,COMPLETE
6647,32.32093884874729,8.971261751256318,2026-10-06 05:21:40.297653,2026-10-06 05:24:47.792142,0 days 00:03:07.494489,0.1269892283627391,1.0100598856645617,69.16329565667773,1.764682270487375,0.009569508337727876,1.4671267453130232e-06,187.49439720297232,55,COMPLETE
6648,28.521867601309083,11.844015580853688,2026-10-06 05:21:40.400663,2026-10-06 05:24:48.281165,0 days 00:03:07.880502,0.19189241237051688,1.0100598856645617,78.91305021174706,18.49957504695779,0.009569508337727876,0.0008494445965592749,187.8804064737633,55,COMPLETE
6649,25.11948115274313,13.297131025209847,2026-10-06 05:21:40.498993,2026-10-06 05:24:52.347118,0 days 00:03:11.848125,0.14472486883161542,1.0100598856645617,16.51953093724312,7.704673657496365,0.008698017554316196,1.4671267453130232e-06,191.84728266717866,55,COMPLETE
6650,24.74404544170021,31.745085450193116,2026-10-06 05:21:40.979681,2026-10-06 05:24:48.033356,0 days 00:03:07.053675,0.419007027175139,3.42961079489487,78.91305021174706,53.19831855856638,0.009569508337727876,1.0746247031029727e-06,187.05356873199344,55,COMPLETE
6651,31.379158151194066,11.16841832950682,2026-10-06 05:21:41.112856,2026-10-06 05:24:52.211651,0 days 00:03:11.098795,0.19189241237051688,1.8054001832365776,78.91305021174706,12.025559114678314,0.01728498917992701,1.4671267453130232e-06,191.09866954712197,55,COMPLETE
6652,15.644430211600527,1.3725363517492957,2026-10-06 05:21:41.709838,2026-10-06 05:24:57.195875,0 days 00:03:15.486037,0.19189241237051688,1.8054001832365776,80.97346391189345,25.672922238781315,0.008698017554316196,1.7611367672724214,195.48589908285066,55,COMPLETE
6653,,,2026-10-06 05:21:41.713627,2026-10-06 05:21:42.479753,0 days 00:00:00.766126,0.3401090828369047,1.0100598856645617,92.27055832604387,53.19831855856638,0.009569508337727876,,,55,PRUNED
6654,28.369028107748626,21.210019218441584,2026-10-06 05:21:41.717646,2026-10-06 05:24:51.822007,0 days 00:03:10.104361,0.2918907020150273,4.014839763781616,69.16329565667773,8.858210845255327,0.009569508337727876,1.2446212784745538e-06,190.10423037596047,55,COMPLETE
6655,16.550712506245112,4.2872532032400175,2026-10-06 05:21:41.773646,2026-10-06 05:24:53.453272,0 days 00:03:11.679626,0.14472486883161542,37.083866561212076,78.91305021174706,35.397938808104236,0.009569508337727876,1.2446212784745538e-06,191.67951909126714,55,COMPLETE
6656,27.52505634435845,19.082218413700165,2026-10-06 05:21:42.236851,2026-10-06 05:24:53.129597,0 days 00:03:10.892746,0.14472486883161542,4.295887706766962,78.91305021174706,45.605935248059524,0.008698017554316196,1.4671267453130232e-06,190.89263630704954,55,COMPLETE
6657,7.725568214803005,2.891597725340005,2026-10-06 05:21:42.541687,2026-10-06 05:24:55.118546,0 days 00:03:12.576859,0.3401090828369047,1.0100598856645617,1.01526912593354,8.858210845255327,0.009569508337727876,2.328670127015952e-06,192.5767241702415,55,COMPLETE
6658,32.641062377970044,12.004440313811996,2026-10-06 05:21:42.545643,2026-10-06 05:24:53.451193,0 days 00:03:10.905550,0.14472486883161542,1.0100598856645617,78.91305021174706,7.704673657496365,0.010066673683367812,1.4671267453130232e-06,190.90543165896088,55,COMPLETE
6659,26.721409422272252,18.145239542106893,2026-10-06 05:21:57.652708,2026-10-06 05:25:05.284246,0 days 00:03:07.631538,0.1698158308462693,6.28879905307643,78.91305021174706,46.431764750098004,0.009569508337727876,2.328670127015952e-06,187.6314022289589,55,COMPLETE
6660,,,2026-10-06 05:22:12.184696,2026-10-06 05:22:12.694752,0 days 00:00:00.510056,0.35349415915446786,1.8054001832365776,78.91305021174706,53.19831855856638,0.008698017554316196,,,55,PRUNED
6661,,,2026-10-06 05:22:12.769775,2026-10-06 05:22:13.514754,0 days 00:00:00.744979,0.2121749247150873,1.0100598856645617,78.91305021174706,53.19831855856638,0.004623454667199422,,,55,PRUNED
6662,26.68904085759545,29.780780674540424,2026-10-06 05:22:13.583777,2026-10-06 05:25:22.293173,0 days 00:03:08.709396,0.3401090828369047,3.42961079489487,80.97346391189345,46.431764750098004,0.009569508337727876,1.4671267453130232e-06,188.7092454098165,55,COMPLETE
6663,32.186041181369504,14.750184566046366,2026-10-06 05:22:17.510695,2026-10-06 05:25:29.159795,0 days 00:03:11.649100,0.14472486883161542,1.0100598856645617,78.91305021174706,7.704673657496365,0.008698017554316196,1.4671267453130232e-06,191.64896597713232,55,COMPLETE
6664,27.701579170727534,7.090514661702251,2026-10-06 05:22:51.103676,2026-10-06 05:26:04.073345,0 days 00:03:12.969669,0.14472486883161542,1.0100598856645617,78.91305021174706,12.025559114678314,0.009569508337727876,0.009458352323143354,192.96952494699508,55,COMPLETE
6665,31.243923970195482,20.316625690865642,2026-10-06 05:22:51.296829,2026-10-06 05:26:08.369510,0 days 00:03:17.072681,0.19189241237051688,1.8054001832365776,78.91305021174706,7.704673657496365,0.008698017554316196,1.2446212784745538e-06,197.072533254046,55,COMPLETE
6666,,,2026-10-06 05:22:51.316665,2026-10-06 05:22:53.258771,0 days 00:00:01.942106,0.24741049947439586,1.0100598856645617,78.91305021174706,18.49957504695779,0.004871787862306975,,,55,PRUNED
6667,,,2026-10-06 05:22:53.457693,2026-10-06 05:22:54.470762,0 days 00:00:01.013069,0.14472486883161542,2.5826334477054016,78.91305021174706,17.444176692293013,0.0038459447870729277,,,55,PRUNED
6668,21.213963662965174,17.9914725483492,2026-10-06 05:22:54.482827,2026-10-06 05:26:06.773965,0 days 00:03:12.291138,0.3401090828369047,1.0100598856645617,47.652291534182304,81.93430204548584,0.008698017554316196,1.4671267453130232e-06,192.29100971575826,55,COMPLETE
6669,1.7194528598234804,1.2444174412171765,2026-10-06 05:23:33.342290,2026-10-06 05:26:45.102239,0 days 00:03:11.759949,0.1096948075756669,46.93465868494469,78.91305021174706,16.966954115393197,0.008698017554316196,2.328670127015952e-06,191.7598192389123,55,COMPLETE
6670,21.408750936255817,2.3820227065404986,2026-10-06 05:24:42.805554,2026-10-06 05:27:58.029276,0 days 00:03:15.223722,0.08111404335045945,23.21649941892562,78.91305021174706,17.444176692293013,0.008698017554316196,1.4671267453130232e-06,195.22357013076544,55,COMPLETE
6671,30.58675957013017,14.930984457659218,2026-10-06 05:24:43.941692,2026-10-06 05:27:56.993815,0 days 00:03:13.052123,0.1269892283627391,2.6627644543785416,69.16329565667773,8.858210845255327,0.008698017554316196,1.4671267453130232e-06,193.0519769708626,55,COMPLETE
6672,16.668591502696813,6.589653901503129,2026-10-06 05:24:44.179108,2026-10-06 05:27:59.097420,0 days 00:03:14.918312,0.9522576299570911,4.014839763781616,78.91305021174706,18.49957504695779,0.009569508337727876,1.2446212784745538e-06,194.91820205003023,55,COMPLETE
6673,20.778431396802738,7.366759920927894,2026-10-06 05:24:45.266648,2026-10-06 05:27:58.143290,0 days 00:03:12.876642,0.18472274745078338,33.084159754676826,78.91305021174706,16.966954115393197,0.008698017554316196,0.9876107332997762,192.87653257418424,55,COMPLETE
6674,29.41671556835029,1.2505729492621873,2026-10-06 05:24:45.365781,2026-10-06 05:28:01.512499,0 days 00:03:16.146718,0.05609864559055822,3.42961079489487,78.91305021174706,4.831274554064945,0.009569508337727876,1.4671267453130232e-06,196.14662275090814,55,COMPLETE
6675,32.97105545576075,7.478465616028914,2026-10-06 05:24:45.736710,2026-10-06 05:27:58.901263,0 days 00:03:13.164553,0.06441798531902292,1.0100598856645617,78.91305021174706,12.025559114678314,0.009569508337727876,2.328670127015952e-06,193.16443584533408,55,COMPLETE
6676,26.71923535694332,23.540040711272244,2026-10-06 05:24:46.836674,2026-10-06 05:28:04.206279,0 days 00:03:17.369605,0.3401090828369047,3.42961079489487,66.67325441515813,15.382666136782571,0.009569508337727876,1.4671267453130232e-06,197.36948428396136,55,COMPLETE
6677,26.41177271874369,1.2992500259655366,2026-10-06 05:24:47.279857,2026-10-06 05:27:57.172871,0 days 00:03:09.893014,0.06093812465126202,3.42961079489487,80.97346391189345,12.025559114678314,0.008698017554316196,1.4671267453130232e-06,189.89286291599274,55,COMPLETE
6678,29.464712825409908,4.026152313297912,2026-10-06 05:24:47.517700,2026-10-06 05:28:00.542704,0 days 00:03:13.025004,0.18472274745078338,34.65694962166082,78.91305021174706,2.5857249441374632,0.008698017554316196,2.328670127015952e-06,193.02486341213807,55,COMPLETE
6679,15.379024808804932,1.2547413840179131,2026-10-06 05:24:47.581670,2026-10-06 05:28:03.544969,0 days 00:03:15.963299,0.14472486883161542,1.0100598856645617,78.91305021174706,18.49957504695779,0.009569508337727876,17.342913546279537,195.96316576609388,55,COMPLETE
6680,30.968651176186818,14.489776735002858,2026-10-06 05:24:47.593648,2026-10-06 05:28:03.264243,0 days 00:03:15.670595,0.09463773086870245,1.0100598856645617,78.91305021174706,81.57434098865345,0.009569508337727876,1.2446212784745538e-06,195.6704738838598,55,COMPLETE
6681,8.154373275347126,12.881409319151938,2026-10-06 05:24:47.644664,2026-10-06 05:27:57.633554,0 days 00:03:09.988890,0.2918907020150273,1.8054001832365776,5.155147511984916,37.158791457813884,0.0011306498614490057,1.4671267453130232e-06,189.9887478291057,55,COMPLETE
6682,26.86219480844097,28.827939185552975,2026-10-06 05:24:47.696966,2026-10-06 05:28:04.348294,0 days 00:03:16.651328,0.35349415915446786,2.5826334477054016,78.91305021174706,53.19831855856638,0.009569508337727876,1.4671267453130232e-06,196.65121181495488,55,COMPLETE
6683,31.334373626816557,20.263058090008546,2026-10-06 05:24:47.961861,2026-10-06 05:28:00.659925,0 days 00:03:12.698064,0.19189241237051688,1.0100598856645617,78.91305021174706,18.49957504695779,0.008698017554316196,1.0388668388864656e-06,192.69795000972226,55,COMPLETE
6684,30.001881466119386,14.491352694683366,2026-10-06 05:24:47.965642,2026-10-06 05:28:02.797673,0 days 00:03:14.832031,0.17534157142392734,1.0100598856645617,55.04211236645586,8.858210845255327,0.008698017554316196,1.4671267453130232e-06,194.83194728195667,55,COMPLETE
6685,29.654094715613763,22.16799290110295,2026-10-06 05:24:48.256828,2026-10-06 05:28:02.797758,0 days 00:03:14.540930,0.22031827582514427,4.014839763781616,78.91305021174706,18.49957504695779,0.009569508337727876,1.2446212784745538e-06,194.54087841976434,55,COMPLETE
6686,26.94773576273215,3.561493797500778,2026-10-06 05:24:48.289651,2026-10-06 05:28:01.488921,0 days 00:03:13.199270,0.14472486883161542,15.91984036840977,78.91305021174706,7.704673657496365,0.008698017554316196,1.4671267453130232e-06,193.1991719310172,55,COMPLETE
6687,31.731652524587986,16.867193477480377,2026-10-06 05:24:48.363676,2026-10-06 05:28:02.614082,0 days 00:03:14.250406,0.1269892283627391,1.0100598856645617,78.91305021174706,18.49957504695779,0.008698017554316196,1.4671267453130232e-06,194.25029535405338,55,COMPLETE
6688,23.379091109027268,1.3143439617036234,2026-10-06 05:24:48.387650,2026-10-06 05:28:02.309000,0 days 00:03:13.921350,0.14472486883161542,9.03534054927052,78.91305021174706,17.444176692293013,0.009569508337727876,2.328670127015952e-06,193.9212376428768,55,COMPLETE
6689,21.71126505167497,34.64589212283317,2026-10-06 05:24:48.476659,2026-10-06 05:27:58.130539,0 days 00:03:09.653880,0.48967816666395225,6.28879905307643,78.91305021174706,53.19831855856638,0.009569508337727876,2.328670127015952e-06,189.65377486823127,55,COMPLETE
6690,24.794803096831192,2.5065792374936064,2026-10-06 05:24:48.659688,2026-10-06 05:28:01.459994,0 days 00:03:12.800306,0.14472486883161542,2.7249906181162817,18.320762974325522,18.49957504695779,0.03463343903868386,1.4671267453130232e-06,192.80019726790488,55,COMPLETE
6691,27.164034292663803,1.5199084870949284,2026-10-06 05:24:48.669650,2026-10-06 05:27:59.317682,0 days 00:03:10.648032,0.06841749493409742,33.88889761407,78.91305021174706,7.704673657496365,0.009569508337727876,0.0003746098370554429,190.64790076110512,55,COMPLETE
6692,31.89174464902381,16.022005737532933,2026-10-06 05:24:48.860603,2026-10-06 05:28:00.107787,0 days 00:03:11.247184,0.14472486883161542,1.0100598856645617,78.91305021174706,21.63910276826749,0.009569508337727876,1.4671267453130232e-06,191.24707743804902,55,COMPLETE
6693,,,2026-10-06 05:24:49.258695,2026-10-06 05:24:49.853718,0 days 00:00:00.595023,0.14472486883161542,1.8054001832365776,78.91305021174706,68.74025392019671,0.0024231217673292846,,,55,PRUNED
6694,27.691748835865546,25.959358125593905,2026-10-06 05:24:49.362855,2026-10-06 05:28:01.197697,0 days 00:03:11.834842,0.35349415915446786,1.8054001832365776,78.91305021174706,53.19831855856638,0.009569508337727876,1.4671267453130232e-06,191.83471710933372,55,COMPLETE
6695,0.13237159179426367,1.1894772899809198,2026-10-06 05:24:49.366645,2026-10-06 05:27:58.876531,0 days 00:03:09.509886,0.3754381336458383,1.8054001832365776,78.91305021174706,12.025559114678314,0.008698017554316196,1.4671267453130232e-06,189.5096982163377,55,COMPLETE
6696,30.061693515051996,17.238468156183117,2026-10-06 05:24:49.370623,2026-10-06 05:28:02.653277,0 days 00:03:13.282654,0.12348298812297112,2.5826334477054016,78.91305021174706,53.19831855856638,0.009569508337727876,1.4671267453130232e-06,193.28255124296993,55,COMPLETE
6697,,,2026-10-06 05:24:49.374629,2026-10-06 05:24:50.015710,0 days 00:00:00.641081,0.14472486883161542,1.0100598856645617,78.91305021174706,7.704673657496365,0.0031846745675358883,,,55,PRUNED
6698,32.35027318958379,13.8032431904302,2026-10-06 05:24:49.378629,2026-10-06 05:28:01.570367,0 days 00:03:12.191738,0.14472486883161542,1.0100598856645617,78.91305021174706,12.025559114678314,0.009569508337727876,1.4671267453130232e-06,192.1916438769549,55,COMPLETE
6699,29.396330709816983,4.54277071070893,2026-10-06 05:24:49.382622,2026-10-06 05:28:02.366692,0 days 00:03:12.984070,0.35349415915446786,3.42961079489487,80.97346391189345,53.19831855856638,0.07457916085544497,1.4671267453130232e-06,192.98396732332185,55,COMPLETE
6700,30.367451321189673,24.222920488790106,2026-10-06 05:24:49.972675,2026-10-06 05:28:02.771512,0 days 00:03:12.798837,0.22031827582514427,1.8054001832365776,78.91305021174706,18.49957504695779,0.008698017554316196,1.4671267453130232e-06,192.79873675806448,56,COMPLETE
6701,0.3343643142094772,1.2233659370930599,2026-10-06 05:24:49.978576,2026-10-06 05:28:02.779161,0 days 00:03:12.800585,0.419007027175139,3.42961079489487,78.91305021174706,12.025559114678314,0.008698017554316196,1.0746247031029727e-06,192.80049773305655,56,COMPLETE
6702,30.882538907729327,19.255293001236748,2026-10-06 05:24:49.989648,2026-10-06 05:28:02.438495,0 days 00:03:12.448847,0.14472486883161542,1.8054001832365776,78.91305021174706,16.966954115393197,0.008698017554316196,2.328670127015952e-06,192.44873047806323,56,COMPLETE
6703,13.982457817430092,1.3215115540068052,2026-10-06 05:24:50.280700,2026-10-06 05:28:01.714718,0 days 00:03:11.434018,0.2918907020150273,1.0100598856645617,38.05259256331838,7.704673657496365,0.009569508337727876,0.6483084596843204,191.43390012998134,56,COMPLETE
6704,17.573812639978957,6.106120732259019,2026-10-06 05:24:50.340670,2026-10-06 05:28:01.871152,0 days 00:03:11.530482,0.22031827582514427,1.8054001832365776,78.91305021174706,18.49957504695779,0.008698017554316196,0.35437336457411667,191.5303846350871,56,COMPLETE
6705,20.71547378613216,3.7278396968142875,2026-10-06 05:24:50.486680,2026-10-06 05:28:02.703739,0 days 00:03:12.217059,0.18472274745078338,38.22845754921436,26.29357896865658,2.9758802437184677,0.008698017554316196,2.328670127015952e-06,192.2169517162256,56,COMPLETE
6706,20.038034628965725,1.216973085282012,2026-10-06 05:24:50.807690,2026-10-06 05:28:05.666749,0 days 00:03:14.859059,0.14472486883161542,1.0100598856645617,78.91305021174706,2.5931783094816834,0.009569508337727876,0.19520063137361973,194.85893741808832,56,COMPLETE
6707,2.222933039850767,1.2949573172061726,2026-10-06 05:24:50.811651,2026-10-06 05:28:04.614341,0 days 00:03:13.802690,0.17534157142392734,42.723982825787445,1.2496943738328328,18.49957504695779,0.027456439216626823,1.4671267453130232e-06,193.80258369492367,56,COMPLETE
6708,32.7039951173348,10.538372044378306,2026-10-06 05:24:50.829021,2026-10-06 05:27:59.710480,0 days 00:03:08.881459,0.1269892283627391,1.0100598856645617,69.16329565667773,2.619945439398003,0.008698017554316196,1.4671267453130232e-06,188.88133972417563,56,COMPLETE
6709,0.11617741001927022,1.1923025693731215,2026-10-06 05:24:51.164682,2026-10-06 05:28:04.249205,0 days 00:03:13.084523,0.7529234549173199,1.8054001832365776,78.91305021174706,12.025559114678314,0.008698017554316196,2.328670127015952e-06,193.08440759731457,56,COMPLETE
