number,values_0,values_1,datetime_start,datetime_complete,duration,params_between_rest_spread,params_c_spread,params_c_val,params_input_force,params_k_between_spread,params_k_between_val,params_k_wall_spread,params_k_wall_val,params_m_spread,params_m_val,params_ridge_alpha,params_wall_rest_spread,user_attrs_duration_sec,system_attrs_NSGAIISampler:generation,state
194,,,2026-10-06 00:21:38.783991,2026-10-06 00:21:39.323043,0 days 00:00:00.539052,0.3732766229959938,0.23321904750000705,0.07208688215294824,14.078938675850987,1.4165909616018102,2.577418478106132,1.3497989885329478,37.537706616277305,1.3951774508758135,0.0026070555896165895,,0.6857033293529329,,0,PRUNED
195,16.511076192255498,1.2092960650884566,2026-10-06 00:21:39.098998,2026-10-06 00:24:53.117174,0 days 00:03:14.018176,0.5448254250137261,0.17056787114331273,0.056434172926268816,28.903254939892648,1.0832422633747618,12.576554090051966,0.15776775755472228,5.46024492678994,0.35092055423739693,0.02792969582081387,0.000491985050823136,1.258853402165522,194.01807996537536,0,COMPLETE
196,3.9846820330601673,1.164212990322686,2026-10-06 00:21:39.402999,2026-10-06 00:24:54.698039,0 days 00:03:15.295040,1.2673805994750786,0.07240427067918381,0.012045073947646449,47.97202497305281,0.38776265266193394,40.115584967171046,0.8241356391531568,1.3185585496190764,1.0985761561605862,0.07950898610447413,1.017625475139665e-05,0.18497033466821688,195.29494516644627,0,COMPLETE
197,,,2026-10-06 00:22:49.097010,2026-10-06 00:22:49.522035,0 days 00:00:00.425025,0.7440611269103525,1.33668720709956,0.0319270785004034,43.690348422979625,0.580172997861366,3.2374003806365663,0.09648727582154765,2.4960951995124114,1.3323531101893773,0.011321684592409016,,1.4784018189258235,,0,PRUNED
198,,,2026-10-06 00:22:50.048983,2026-10-06 00:22:50.357476,0 days 00:00:00.308493,0.5610849158149305,0.1675136002239374,0.010413305221083495,5.834523255003563,0.8800216296271492,45.35199494456319,1.2356699425046453,15.335112180332425,0.8676532779775268,0.008701170453717013,,1.2410983697822033,,0,PRUNED
199,7.6118626436630095,1.2399557464057767,2026-10-06 00:22:50.492267,2026-10-06 00:26:04.150570,0 days 00:03:13.658303,0.8074374560785562,0.10432791548738368,0.014193057111804089,9.944417882362249,1.0212863920051605,1.6956239279565941,0.509194714725008,10.223162609148797,1.136843373316186,0.030554240317079137,12.748444260514917,0.21381277115650194,193.65819368045777,0,COMPLETE
200,,,2026-10-06 00:22:52.621983,2026-10-06 00:22:53.138009,0 days 00:00:00.516026,1.0408132782293433,1.3748939576552495,0.18126245547510744,45.521589857073124,0.07895250954954314,18.97886700403867,0.31313086132972956,2.325219844810074,0.9049413300157387,0.011391188947535382,,1.2400614624514337,,0,PRUNED
201,,,2026-10-06 00:22:53.762142,2026-10-06 00:22:54.107003,0 days 00:00:00.344861,1.3628826462963166,1.095090808482448,0.03614808395242309,1.1698971000912701,0.07947537002649435,1.4073376330280005,0.9960140126331907,4.719112762679042,0.322201919196156,0.0018694625676497338,,1.1536971926354467,,0,PRUNED
202,,,2026-10-06 00:22:54.159000,2026-10-06 00:22:54.730041,0 days 00:00:00.571041,0.37466800561523034,0.3643847234046003,0.3954990944191729,8.344005271988848,0.5718296032285591,38.95899898387997,1.1204416573380331,55.94904395899648,1.1051973310499907,0.02697326703822055,,0.6489614400117918,,0,PRUNED
203,,,2026-10-06 00:22:55.180142,2026-10-06 00:22:55.898029,0 days 00:00:00.717887,0.7366514006570551,0.6573738442342647,0.8340699187631516,7.9116842819878475,0.3261565861403375,32.6501950024176,1.1306877491421041,12.691181772649722,0.17728256538923787,0.008633387006011883,,0.9598814448971045,,0,PRUNED
204,19.61853753159067,7.955559936697256,2026-10-06 00:22:56.128989,2026-10-06 00:26:13.022946,0 days 00:03:16.893957,0.6415822800797688,0.10697356706055144,0.16945818256140613,25.78240481659213,1.3491544032651563,3.186550451276673,0.6138394438122301,47.798696102273084,0.014157612487503968,0.009990740383079332,0.0024295894256338426,1.0285123691349936,196.89387167990208,0,COMPLETE
205,,,2026-10-06 00:22:57.071002,2026-10-06 00:22:57.939031,0 days 00:00:00.868029,0.3795656814355969,1.2982076533440345,0.022360082173842832,34.04144906723031,0.289594163915366,23.313034002309646,0.6269286424345414,5.9270863476935425,1.175406201196076,0.015097454151336332,,0.7186839520348478,,0,PRUNED
206,,,2026-10-06 00:22:58.240007,2026-10-06 00:22:59.340072,0 days 00:00:01.100065,0.3743312654785289,0.718759156304961,0.027694004568167417,24.157540644968705,0.01623635802348211,26.82299586501497,1.3036031172021856,43.32663114234823,0.29249680446891735,0.0012469888800728938,,0.5875024235584168,,0,PRUNED
207,,,2026-10-06 00:22:59.368018,2026-10-06 00:23:00.246053,0 days 00:00:00.878035,0.45454158772561865,0.03523693452722959,0.07039025896446449,8.264689494657544,1.3147659415791837,56.81756721298972,1.2633892185396947,3.8682450284017404,0.5810739869890647,0.003009776504328877,,0.03776599823806698,,0,PRUNED
208,7.902583900313028,1.4034345861027075,2026-10-06 00:23:00.479995,2026-10-06 00:26:26.120826,0 days 00:03:25.640831,0.5362448204549641,0.5181919647448037,0.024279734720467277,20.97586879217872,1.3134105713566222,1.5008189918476833,0.4609231950349336,16.81999588486586,0.5550103307501544,0.006218414396060962,0.001052562450947876,0.08341638650408462,205.64073215518147,0,COMPLETE
209,,,2026-10-06 00:23:20.533018,2026-10-06 00:23:21.260051,0 days 00:00:00.727033,0.5614619135757033,0.3338321746761151,0.07637330006957627,48.47847386630479,1.321427706908556,7.132874716188124,0.003954246232193925,81.80333161968795,0.679917228054578,0.008765836165486708,,0.25921474893832774,,0,PRUNED
210,,,2026-10-06 00:23:21.526006,2026-10-06 00:23:23.054282,0 days 00:00:01.528276,0.8990789724719838,1.040305326979853,0.19259128494529326,30.367296010136602,1.1206533015868885,3.3325057778594815,0.4068459612239349,11.599040247922384,1.0984625444794176,0.013360082179718555,,0.8834933623123141,,0,PRUNED
211,,,2026-10-06 00:23:23.158022,2026-10-06 00:23:24.295230,0 days 00:00:01.137208,0.07019511444672599,1.1280143395740807,0.7575982369127466,49.35629703544101,0.8690730793404904,1.3031373264297956,1.259607896088172,4.446553476420656,0.47443543219874074,0.004244312240534837,,1.0797338003449057,,0,PRUNED
212,3.763124471740542,1.1761045432313662,2026-10-06 00:23:23.616125,2026-10-06 00:26:33.126707,0 days 00:03:09.510582,0.7513695933988798,1.469211481055876,0.010334726265999343,12.196139800025994,1.3526828366756545,2.0102155797512533,0.6808235468342603,11.636997626932137,0.24331042843876705,0.028570740149098505,1.0760026575451427,1.1176596658849751,189.51047364994884,0,COMPLETE
213,,,2026-10-06 00:23:23.910283,2026-10-06 00:23:25.195079,0 days 00:00:01.284796,0.1912581131287206,0.604207687339128,0.9477970975307362,30.83208600586241,1.2328671712737573,4.222258702613368,0.8338613236033945,27.361555026047842,0.6822893288487344,0.00995325645002963,,1.265610686016886,,0,PRUNED
214,,,2026-10-06 00:23:24.682998,2026-10-06 00:23:25.900394,0 days 00:00:01.217396,0.8407903922293687,1.2090144966445904,0.2679498564277018,15.023649152382957,0.9841389782345851,15.321524359503519,0.609500648911995,40.934078578593834,0.2615934520141135,0.028463632289259227,,1.3577936784848808,,0,PRUNED
215,,,2026-10-06 00:23:25.018136,2026-10-06 00:23:26.198027,0 days 00:00:01.179891,0.41144437185714905,1.4713982756209945,0.23306437026556145,13.59364503840335,0.5098812298178269,1.5112387452010463,0.0781287249266665,16.178547516525395,0.1864731151309471,0.0020906206332834804,,0.17240143387908946,,0,PRUNED
216,,,2026-10-06 00:23:25.301114,2026-10-06 00:23:25.482866,0 days 00:00:00.181752,0.27340546007737626,0.7277819987574115,0.05734258190356417,39.68640694312931,1.3251388514995677,8.15409248987567,0.7005740168437465,73.44326054675763,0.11085760496307506,0.00570489305518246,,0.5125280115790836,,0,PRUNED
217,,,2026-10-06 00:23:25.796120,2026-10-06 00:24:04.968013,0 days 00:00:39.171893,1.2615562721801803,0.32946682635322194,0.02653173811268501,24.37965586499134,1.287963591420291,75.69557724463127,0.19856720116548376,6.406453525260273,1.224839056157309,0.09853887903767801,3.006496697167489e-06,0.09722044997256729,,0,PRUNED
218,,,2026-10-06 00:23:26.318177,2026-10-06 00:23:26.824293,0 days 00:00:00.506116,0.7681926283256404,0.19458932091035297,0.054430647922648366,14.345340259856634,1.4882780051883195,30.896939010904592,1.4829141058495745,1.5481647516031367,1.1950648075040524,0.0066687620454082205,,1.1368107373821847,,0,PRUNED
219,,,2026-10-06 00:23:26.486996,2026-10-06 00:23:26.856157,0 days 00:00:00.369161,0.7339224121850711,0.6043810285904039,0.030721050685413837,19.100918178470167,0.9020771465462243,6.909900615515326,1.2117155382102562,14.616635891875307,0.37674990587205254,0.0015754606698049631,,0.7261018589323573,,0,PRUNED
220,11.005912893572932,1.1721828310414533,2026-10-06 00:23:26.578151,2026-10-06 00:26:41.687937,0 days 00:03:15.109786,0.2637539146837959,1.3081434186011405,0.05001868510050817,3.5488274255578953,0.2680319714501628,3.5605628297114174,0.028036436272358023,1.0272246055419403,0.1703500814305805,0.056003800402358056,15.106772471711134,0.9042513735272906,195.10969364549965,0,COMPLETE
221,,,2026-10-06 00:23:26.645146,2026-10-06 00:23:26.845985,0 days 00:00:00.200839,0.9692565377671162,0.5211459210284847,0.23770619135753637,44.43308037257187,1.2549949254402333,24.01091863290642,0.11088511198058865,2.619006559107522,0.7807790489888736,0.0010331455866681915,,0.03489593809659469,,0,PRUNED
222,8.502380749740983,1.3390617004898335,2026-10-06 00:23:26.707991,2026-10-06 00:26:45.368349,0 days 00:03:18.660358,0.12870275277723298,0.839070532467529,0.011491201003275608,26.552539962940948,0.12924065105420324,5.64238975331069,1.4055953635210838,1.4750453219488224,0.23717948270258166,0.0021195618964750707,0.016932042814033026,0.03288088698412939,198.66024945583194,0,COMPLETE
223,,,2026-10-06 00:23:26.762993,2026-10-06 00:23:27.099034,0 days 00:00:00.336041,1.4140227023252485,0.6769874223004293,0.49937361990952095,8.56199632120313,1.154372303349647,9.602447902443558,0.7829244340463346,44.22811924460745,0.845604408246515,0.02207658545179354,,0.865966079740445,,0,PRUNED
224,,,2026-10-06 00:23:27.032561,2026-10-06 00:24:06.330398,0 days 00:00:39.297837,0.607230269224829,0.8646289648519907,0.04260846159334686,8.82579197286212,0.14753777546689562,1.0710741889274322,0.4991833533654227,11.161813739629293,0.8582395625684034,0.004119469620080995,0.048763938216281465,0.6368127564201191,,0,PRUNED
225,,,2026-10-06 00:23:27.035976,2026-10-06 00:23:27.238017,0 days 00:00:00.202041,0.9733445257293872,0.00016112989989902626,0.26124161454101186,37.7525036129226,1.0936511288323207,36.72703575921928,1.0212015852445342,38.89823017713946,1.4965343516437166,0.008400820530382998,,1.1595139736275024,,0,PRUNED
226,,,2026-10-06 00:23:27.242010,2026-10-06 00:23:27.710167,0 days 00:00:00.468157,0.802727409560088,0.7741437345016611,0.03685862476639235,1.6886725189358252,1.2796273399960587,4.505325772344987,0.8196044089885476,4.489518439769961,1.234969998375301,0.0025887267216881398,,0.39336422674822963,,0,PRUNED
227,,,2026-10-06 00:23:27.496345,2026-10-06 00:23:28.713025,0 days 00:00:01.216680,0.015334387873614963,0.36205178013098704,0.04002533319155245,7.80521085816045,0.9463242975640584,73.03208539863489,0.45691886460153003,5.131461245462642,0.35898527231433874,0.0012182848102872017,,0.9367402973411525,,0,PRUNED
228,,,2026-10-06 00:23:27.500616,2026-10-06 00:23:27.874180,0 days 00:00:00.373564,0.12553546461856718,1.3627793515714768,0.027395133384996127,10.203903103948898,1.121825372614974,22.858321613540046,1.3867608331884353,11.22089339067073,0.7020427870780026,0.006353798676886554,,1.4684674388703667,,0,PRUNED
229,33.29197648015647,1.30143741651654,2026-10-06 00:23:27.503963,2026-10-06 00:26:43.467751,0 days 00:03:15.963788,1.4305551017493512,0.5567653644662607,0.2864434253417917,2.4215941199388125,1.406144272916674,55.49478697122939,1.2370242962867437,3.4393829811676087,0.2727448160122412,0.08020081576426971,0.0006477802706267991,0.6225275919104265,195.96369836758822,0,COMPLETE
230,,,2026-10-06 00:23:27.753991,2026-10-06 00:23:28.637225,0 days 00:00:00.883234,0.462068692871212,1.1482029551242374,0.12564280826289845,15.188552880050961,1.1865529846242344,2.4640293152769983,0.563257183527131,6.31383216331632,0.9114439761348948,0.009374436886181127,,0.6561929151991633,,0,PRUNED
231,,,2026-10-06 00:23:27.801491,2026-10-06 00:23:28.655007,0 days 00:00:00.853516,1.4081463707994382,1.0713363375934786,0.1729720800754822,4.360288533111975,0.7195708446769074,2.753419448210533,1.3925268329446028,64.99208640459439,1.149865203400712,0.03250063866099082,,0.8751371170176523,,0,PRUNED
232,,,2026-10-06 00:23:28.888139,2026-10-06 00:23:29.286175,0 days 00:00:00.398036,1.3863985015029185,1.290677435852516,0.08785571588584407,46.29200877819308,0.2624553768982592,79.18619438077604,1.3130733894967583,85.2001313139635,1.180427224477454,0.07996866571266956,,1.022969927794103,,0,PRUNED
233,,,2026-10-06 00:23:28.946990,2026-10-06 00:23:29.417015,0 days 00:00:00.470025,1.4287987537856726,1.3715360876326286,0.11437056118922777,26.485581452867034,0.36252064472270423,2.9093638163128674,0.9143117284146132,6.134254316203447,1.3939906952126857,0.02680572021602882,,0.8631739869849417,,0,PRUNED
234,,,2026-10-06 00:23:28.990521,2026-10-06 00:23:30.814207,0 days 00:00:01.823686,1.027484039161714,1.1349146282415632,0.29174500710368195,9.178813712735655,0.6354173849061184,26.66117014622684,0.7037670645934471,1.866590540162576,1.1493816170508697,0.04879872946622785,,1.2883617975234793,,0,PRUNED
235,,,2026-10-06 00:23:28.993974,2026-10-06 00:23:29.600016,0 days 00:00:00.606042,0.1914690854840181,0.5177163876202907,0.11352092390175822,9.99081007735496,0.6459292963594222,1.8463901892055288,0.1950303032371361,32.13540182267887,0.7494226928720904,0.002705183434118493,,0.4114845462171356,,0,PRUNED
236,11.28453494065236,1.195437238331973,2026-10-06 00:23:29.037782,2026-10-06 00:26:39.178692,0 days 00:03:10.140910,1.3205835464493911,0.8878846954367783,0.021984537461081793,18.17666161617695,0.5473352424607137,13.124513450876538,0.10819128726526756,31.80356387768966,0.6770643725886383,0.036721683304958265,0.08608092931624275,1.378057291961371,190.14081415627152,0,COMPLETE
237,27.466296997586273,1.366001168233813,2026-10-06 00:23:29.078303,2026-10-06 00:26:44.485042,0 days 00:03:15.406739,0.09809505001438029,0.5891659417029105,0.08948928978769756,18.67384777834664,1.2211803590559,18.910893867658732,0.8918561786565321,1.1884163487473773,0.17599910130389007,0.014779464196016572,0.07939252585051408,0.4756568974650317,195.40664484538138,0,COMPLETE
238,,,2026-10-06 00:23:29.079985,2026-10-06 00:23:29.494999,0 days 00:00:00.415014,0.20949751797991012,0.7015119900003004,0.5184203702324015,36.74355065237854,0.13874879044752153,91.4686676081633,0.17949316074365862,2.901221714597132,0.6939581053629418,0.011834066993996533,,1.177098072961009,,0,PRUNED
239,,,2026-10-06 00:23:29.123430,2026-10-06 00:23:30.183030,0 days 00:00:01.059600,0.7714458969767957,1.4303613795437653,0.05809849005096831,24.381635526923603,0.8397460741832917,83.17375585771748,0.850102342603256,6.8462875080303585,1.2189948657196483,0.0016131298411641642,,1.3724041962322509,,0,PRUNED
240,,,2026-10-06 00:23:29.296275,2026-10-06 00:23:29.646487,0 days 00:00:00.350212,1.0651269788896665,0.6624415198583817,0.4180354513305905,32.488493560640876,1.0555457680719247,11.4516747812953,1.156288094406876,12.610245931948523,0.410591331706176,0.002439443532839848,,0.8123787362822592,,0,PRUNED
241,,,2026-10-06 00:23:29.417305,2026-10-06 00:23:29.962452,0 days 00:00:00.545147,0.8769350944806752,0.9529324706384843,0.35074015039310574,24.126631352145502,0.28996455177914404,7.819931566572234,0.85103224230675,15.149270034343667,1.336046920862934,0.02159469159563783,,1.38367019325793,,0,PRUNED
242,22.983164216374014,1.7392339398981238,2026-10-06 00:23:29.420968,2026-10-06 00:26:46.442851,0 days 00:03:17.021883,0.510203612767661,0.778629983978167,0.2512247520224698,41.077719664256804,1.2798975282024734,27.446016410810753,0.4730597969268961,2.543527577085707,0.5579163140561725,0.03479665446916377,0.00013978841498887937,1.338188230353751,197.02180220466107,0,COMPLETE
243,17.94976348388865,1.1543225197853384,2026-10-06 00:23:29.802991,2026-10-06 00:26:48.573183,0 days 00:03:18.770192,0.45208065181513973,1.2133838866217308,0.11554579032899952,27.99980248004843,0.7667497031833342,17.381974677287413,0.5789256260401443,2.7923386136987136,0.5556205158661223,0.08379570501010902,0.00714517533081071,1.3127703483744018,198.77010591421276,0,COMPLETE
244,25.81835772575953,1.2940249040733285,2026-10-06 00:23:29.990218,2026-10-06 00:26:45.649193,0 days 00:03:15.658975,0.5062257620731103,0.8545321457934756,0.18802416086430568,1.4372530729756863,1.1094581820571934,9.323266892891668,0.4933438713965076,1.5616145622268407,0.4860504059056838,0.05427243785369794,0.0001381830292478323,1.3786400783688297,195.65888296533376,0,COMPLETE
245,8.574054407628012,1.1962973770713126,2026-10-06 00:23:29.993967,2026-10-06 00:26:47.935346,0 days 00:03:17.941379,0.19181398500664326,1.431598282601422,0.021828730169352092,5.794008635781512,1.0868491815589398,1.312311081067261,0.30967034136108157,35.08178028984144,0.10960881637521397,0.03730327432770504,0.016624478359066445,0.8340025860629783,197.94128669705242,0,COMPLETE
246,,,2026-10-06 00:23:30.149249,2026-10-06 00:23:32.392923,0 days 00:00:02.243674,0.0955488067222457,0.46961528896619364,0.11019738993364724,48.755325095356305,1.2396031815435762,8.189329210989754,0.4376196180263848,63.368598987692316,1.1544329897935368,0.001475805725035296,,1.1923976111585162,,0,PRUNED
247,18.090504937143262,1.225682524148454,2026-10-06 00:23:30.204984,2026-10-06 00:26:46.639250,0 days 00:03:16.434266,0.005673336655043271,0.5906301804957361,0.06356559490654035,22.22040838258581,1.2018182486811402,14.077163846775516,0.9338913874632933,2.708082724554818,0.09037954783969504,0.03515734246393143,2.882317696504389,1.0505203751448149,196.43416419439018,0,COMPLETE
248,16.90338443213176,1.9750417136562408,2026-10-06 00:23:30.248285,2026-10-06 00:26:40.606969,0 days 00:03:10.358684,0.9666519320663203,1.0418017016265315,0.18797989302910442,42.5192226311204,0.8915478660467493,23.622812637935105,0.5536519131423452,93.70357376390089,0.44909802076119265,0.032907792619727864,1.294126465532704,0.6069837505125125,190.35858479328454,0,COMPLETE
249,,,2026-10-06 00:23:30.260438,2026-10-06 00:23:31.216031,0 days 00:00:00.955593,0.5317292253482895,0.37731390054876596,0.14245845939746724,14.33194702963668,0.6767525591441084,7.517392131250048,0.05233096296092643,79.37977326004271,1.0572926661655748,0.02016935728705605,,0.8020618207148879,,0,PRUNED
250,32.91822454149142,1.1792025590806614,2026-10-06 00:23:30.287984,2026-10-06 00:26:42.725867,0 days 00:03:12.437883,0.3436899243635168,1.1750311743331192,0.3434042312526349,45.348134985018376,0.29671877743782243,50.62527576993364,0.06556000348774293,1.7105925510646585,0.27204119226603485,0.08322212050039929,0.09972196431802924,1.1205222166167932,192.43776590377092,0,COMPLETE
251,,,2026-10-06 00:23:30.292181,2026-10-06 00:23:31.133007,0 days 00:00:00.840826,0.13559324669617073,0.7538686797564579,0.35257428735187735,28.140393353258418,0.6679681975485616,64.15924798591337,1.2719928743371023,28.174184770436955,1.0130330450173564,0.006615424266122676,,0.6838881097755619,,0,PRUNED
252,,,2026-10-06 00:23:30.303982,2026-10-06 00:23:31.803044,0 days 00:00:01.499062,1.386203569778338,0.5378543952236807,0.1985381973407283,9.755899820584755,1.1074330345851644,12.581742872165382,1.3366011264506754,91.09159588190882,0.8855255125178618,0.015904696868651563,,0.40342247791440317,,0,PRUNED
253,,,2026-10-06 00:23:30.339977,2026-10-06 00:23:31.561006,0 days 00:00:01.221029,1.4928098637842608,0.6796825081100076,0.4126078846332374,45.17019682768249,1.1773381425706282,38.93562940618737,0.659573179090799,3.2295194723491467,0.1037096318886584,0.005733090098267988,,1.1048216007331098,,0,PRUNED
254,,,2026-10-06 00:23:30.446999,2026-10-06 00:23:30.885008,0 days 00:00:00.438009,1.3036481903441126,0.5487526080499568,0.018393824654417343,33.10817170872097,0.6564174363621982,35.12003567500942,0.6804694104236474,3.1615134466874086,0.2599206893491038,0.002760011997686416,,0.20346258037462078,,0,PRUNED
255,,,2026-10-06 00:23:30.525990,2026-10-06 00:23:31.082047,0 days 00:00:00.556057,0.12239441252816696,0.8797128349431909,0.22428460385411272,4.050874245308707,0.7314299390042296,1.45377724339597,1.189223163349861,9.60932204847437,0.34239184852974913,0.009643884465553879,,0.6684842262576064,,0,PRUNED
256,,,2026-10-06 00:23:30.626003,2026-10-06 00:23:31.473022,0 days 00:00:00.847019,1.18798293994094,1.0205576191007542,0.8732540698269885,6.670885154881403,1.3854598767296205,2.1009904241519513,1.3601980051863363,3.654537426902384,0.17814112767298762,0.0015150634569126213,,0.5602625806042946,,0,PRUNED
257,,,2026-10-06 00:23:30.696004,2026-10-06 00:23:31.354004,0 days 00:00:00.658000,0.5671531242789284,0.739716882307231,0.05699554902945145,22.45053560782805,0.7157750691340679,10.588317913892709,0.2522800242264146,59.620994094797744,1.2945092189441907,0.021155403312840743,,1.4288958128392453,,0,PRUNED
258,,,2026-10-06 00:23:30.699977,2026-10-06 00:23:30.823959,0 days 00:00:00.123982,0.2185066370919368,1.42838638908231,0.11973018282202302,29.899010979087723,0.1913755202182995,10.47677794556272,0.64614575026817,9.640570921852202,0.1568664003161938,0.011462195392154087,,0.3287518846902498,,0,PRUNED
259,,,2026-10-06 00:23:30.748411,2026-10-06 00:23:33.300202,0 days 00:00:02.551791,1.3614485288168805,1.1403976833389964,0.02137506217670979,32.771079085794646,0.26105393834965096,57.45840659513851,0.6900502416692752,44.28477448043656,1.1679212862157105,0.015207854678414118,,1.486164560332687,,0,PRUNED
