number,values_0,values_1,datetime_start,datetime_complete,duration,params_between_rest_spread,params_c_spread,params_c_val,params_input_force,params_k_between_spread,params_k_between_val,params_k_wall_spread,params_k_wall_val,params_m_spread,params_m_val,params_ridge_alpha,params_wall_rest_spread,user_attrs_duration_sec,system_attrs_NSGAIISampler:generation,state
1163,18.572405197115277,2.0991012136436566,2026-10-06 00:53:49.828963,2026-10-06 00:57:05.134950,0 days 00:03:15.305987,0.447684485641811,0.4774636695198178,0.18268747908623606,18.386910920395536,0.27063975482019414,6.3983390904701665,0.6190885998388953,5.8774721288796,0.26083598793965107,0.037495759622009746,2.1038771230648366e-06,1.1540267369865085,195.30589259415865,6,COMPLETE
1164,,,2026-10-06 00:53:50.076997,2026-10-06 00:54:29.609040,0 days 00:00:39.532043,0.3610845532848316,0.8661787220393558,0.0489435937275903,16.606931230784816,1.35460707310614,98.6416708615901,0.21292518523710352,1.3264755811887565,0.6353936504592018,0.09765004764801033,0.00015774736777856682,1.4891500624393408,,6,PRUNED
1165,30.1195142551232,14.668496038501303,2026-10-06 00:53:50.703989,2026-10-06 00:57:01.942828,0 days 00:03:11.238839,0.51115025563667,0.2965654106455736,0.5667882730348237,21.183844928151355,0.2395452449940939,98.6416708615901,1.080654620868664,23.475624031055144,0.04206136129933902,0.03280586071940829,0.00014447613183128302,1.2974912099205862,191.23872939962894,6,COMPLETE
1166,27.98718138687691,1.3013608216148111,2026-10-06 00:53:51.233164,2026-10-06 00:57:04.110679,0 days 00:03:12.877515,0.7737222815132565,0.8661787220393558,0.09005234812447538,11.991629079089469,1.35460707310614,85.69762729633804,0.9356883984494996,3.697836794983555,0.007925456797868324,0.09765004764801033,0.00014447613183128302,0.0038888774159797634,192.877432259731,6,COMPLETE
1167,29.812561457533906,1.253456216845311,2026-10-06 00:53:51.236966,2026-10-06 00:57:05.106698,0 days 00:03:13.869732,0.23216277765121968,0.2284118304472575,0.03240094579624807,18.489161893608337,0.4424930116262647,49.7837090928796,1.1068767969628939,3.5570459464774133,0.0236399030193733,0.026718092033143594,0.0006185581455600675,0.17248374444296138,193.86962883360684,6,COMPLETE
1168,16.934141653396043,3.797067440275031,2026-10-06 00:53:51.240964,2026-10-06 00:56:58.889990,0 days 00:03:07.649026,0.4919537458910443,0.3233389271032242,0.807738690329122,8.695206399809345,0.6688626104060442,3.9357948336652977,1.1007757060559638,7.9874857515804925,0.5860574191614696,0.07297012210736925,2.1038771230648366e-06,0.3935991281969409,187.64892904553562,6,COMPLETE
1169,,,2026-10-06 00:53:52.616024,2026-10-06 00:53:54.129050,0 days 00:00:01.513026,0.19630735827449874,0.2284118304472575,0.5799701872746303,4.264385735936695,0.9755290413801136,98.6416708615901,0.4649492691695386,23.475624031055144,0.2975664073833317,0.024099244621516126,,1.3635581381619835,,6,PRUNED
1170,46.51572556297664,1.2206065387077691,2026-10-06 00:53:52.744003,2026-10-06 00:57:03.713238,0 days 00:03:10.969235,0.51115025563667,0.4835105352725577,0.2134586502746349,5.245413993140336,0.6688626104060442,85.69762729633804,0.21292518523710352,2.072575382240667,0.6353936504592018,0.09765004764801033,3.680314106392975e-06,0.7296704665126732,190.96913757920265,6,COMPLETE
1171,19.567860282258646,6.858794406061083,2026-10-06 00:53:53.618003,2026-10-06 00:57:05.661991,0 days 00:03:12.043988,0.0875504292694958,0.2965654106455736,0.6443949852851695,18.489161893608337,0.5855379267962546,25.088361291801984,0.21292518523710352,5.299460499774038,0.08173395261699556,0.03280586071940829,0.00014447613183128302,0.9405267840694287,192.04389068018645,6,COMPLETE
1172,17.005826264087723,11.57795818475907,2026-10-06 00:53:54.363987,2026-10-06 00:57:01.957638,0 days 00:03:07.593651,1.3426389093843176,0.3233389271032242,0.9085752022059369,9.868280842937416,0.2395452449940939,26.22079615322774,0.06389754300029743,10.195345414647532,0.14676772688477357,0.024099244621516126,0.0005104435594619652,1.1137428294822522,187.59356111101806,6,COMPLETE
1173,,,2026-10-06 00:53:56.287003,2026-10-06 00:53:57.406079,0 days 00:00:01.119076,0.51115025563667,0.3731992973752525,0.1347521461063753,17.553296709297783,0.3201011955575039,85.69762729633804,0.6419517764288287,23.475624031055144,1.4750437445763818,0.03038027549946027,,0.9701031473508046,,6,PRUNED
1174,,,2026-10-06 00:53:57.675015,2026-10-06 00:53:58.570047,0 days 00:00:00.895032,0.3834721347353825,0.2284118304472575,0.807738690329122,18.489161893608337,0.33279388005294136,98.6416708615901,0.6328488876980196,86.57068482598544,0.7360596685479106,0.024099244621516126,,0.7296704665126732,,6,PRUNED
1175,,,2026-10-06 00:53:59.083995,2026-10-06 00:54:00.214063,0 days 00:00:01.130068,0.8861887783233188,0.3731992973752525,0.4120579376102117,16.606931230784816,0.17665571526270746,94.61146042672904,0.6190885998388953,2.029882838261563,0.04206136129933902,0.007361010447850752,,0.6004925208325128,,6,PRUNED
1176,28.823995321433642,1.3883721787863994,2026-10-06 00:54:00.434004,2026-10-06 00:57:06.956508,0 days 00:03:06.522504,1.2356600307833205,0.4774636695198178,0.0622491376328977,5.245413993140336,1.121474347389435,2.9615022659031585,0.6190885998388953,86.57068482598544,0.2975664073833317,0.037495759622009746,1.9958034707972923e-06,0.6004925208325128,186.52240046020597,6,COMPLETE
1177,39.5433266744403,4.283878561703899,2026-10-06 00:54:24.167991,2026-10-06 00:57:36.947100,0 days 00:03:12.779109,0.447684485641811,0.4835105352725577,0.807738690329122,18.386910920395536,0.05714116461716917,85.69762729633804,1.191277759964359,5.8774721288796,0.6979007106917119,0.09765004764801033,3.680314106392975e-06,1.1540267369865085,192.77900435775518,6,COMPLETE
1178,26.716228290851905,1.8439746683682567,2026-10-06 00:54:24.175974,2026-10-06 00:57:38.211677,0 days 00:03:14.035703,0.7535562568504046,0.4774636695198178,0.18268747908623606,5.245413993140336,0.6454873286650737,11.647781097448451,0.6190885998388953,2.0330101929189524,0.7319457801577378,0.03280586071940829,0.595141247631381,0.6004925208325128,194.03559869155288,6,COMPLETE
1179,32.78551989812841,1.4277283302275974,2026-10-06 00:54:24.552432,2026-10-06 00:57:38.504635,0 days 00:03:13.952203,0.8010869639365119,0.24837341587000777,0.2169448017457144,4.264385735936695,1.0774031071944332,54.14950556595803,0.06389754300029743,23.475624031055144,0.4212595585654096,0.09765004764801033,0.002426495866294138,1.3635581381619835,193.9520942941308,6,COMPLETE
1180,33.516618239549395,3.7643615503262824,2026-10-06 00:54:24.943988,2026-10-06 00:57:36.212475,0 days 00:03:11.268487,0.51115025563667,0.4835105352725577,0.807738690329122,17.553296709297783,1.1073025710730513,85.69762729633804,0.19809840133758488,7.9874857515804925,0.5860574191614696,0.09765004764801033,0.00018475514705603715,0.2678812614884665,191.26837932597846,6,COMPLETE
1181,34.55293512978689,3.331741510971855,2026-10-06 00:54:25.008549,2026-10-06 00:57:41.875770,0 days 00:03:16.867221,0.447684485641811,0.3233389271032242,0.5799701872746303,18.489161893608337,0.2395452449940939,98.6416708615901,0.12486747625813921,23.475624031055144,0.08173395261699556,0.09765004764801033,0.00014447613183128302,1.1540267369865085,196.86712206248194,6,COMPLETE
1182,18.12358538253728,5.895807848592995,2026-10-06 00:54:28.816996,2026-10-06 00:57:40.636580,0 days 00:03:11.819584,1.1162621603929856,0.3233389271032242,0.5662816343755678,21.183844928151355,1.3708672756969524,11.647781097448451,0.538892582053957,5.8774721288796,0.04206136129933902,0.03038027549946027,0.005958227033600532,1.3635581381619835,191.81948664132506,6,COMPLETE
1183,35.61478560661005,2.294516291085146,2026-10-06 00:54:29.620992,2026-10-06 00:57:42.723538,0 days 00:03:13.102546,1.3426389093843176,0.8661787220393558,0.5799701872746303,16.18523914545625,1.0774031071944332,85.69762729633804,1.067329423463141,23.475624031055144,0.04206136129933902,0.09765004764801033,0.0005104435594619652,0.6069618734849955,193.10245292633772,6,COMPLETE
1184,22.324681654485044,8.040520222622883,2026-10-06 00:54:29.652452,2026-10-06 00:57:42.191284,0 days 00:03:12.538832,0.8010869639365119,0.4500057657713351,0.5799701872746303,10.877854836518644,0.29675499538560296,28.285734118696016,0.6165960852108494,3.4985038186799957,0.05609924456069537,0.022132402954529992,0.0006185581455600675,1.4891500624393408,192.5387361496687,6,COMPLETE
1185,17.41840509768069,11.938709026215871,2026-10-06 00:54:58.678037,2026-10-06 00:58:10.381860,0 days 00:03:11.703823,0.7535562568504046,0.3233389271032242,0.18268747908623606,5.245413993140336,0.3201011955575039,6.3983390904701665,0.7964747556623476,2.0330101929189524,0.26083598793965107,0.007361010447850752,0.004475392410627206,0.6004925208325128,191.70370960514992,6,COMPLETE
1186,14.026046352911498,8.706441376466952,2026-10-06 00:55:08.342136,2026-10-06 00:58:19.724752,0 days 00:03:11.382616,0.7737222815132565,0.2574860568159506,0.807738690329122,18.677678184085455,0.6454873286650737,8.199810089739248,0.19809840133758488,7.9874857515804925,0.06687515388478904,0.03280586071940829,0.00014447613183128302,0.9405267840694287,191.38251381926239,6,COMPLETE
1187,,,2026-10-06 00:55:34.328037,2026-10-06 00:55:35.825033,0 days 00:00:01.496996,0.3834721347353825,0.2965654106455736,0.20358075665942357,19.38508772394371,1.4257271037095816,1.2305092695987363,1.3355598077240103,86.57068482598544,0.6168387269531914,0.03038027549946027,,0.9040411163974774,,6,PRUNED
1188,,,2026-10-06 00:55:36.091014,2026-10-06 00:55:37.043079,0 days 00:00:00.952065,0.4919537458910443,0.4500057657713351,0.2297655624989891,8.794323001260684,0.29675499538560296,94.61146042672904,0.6419517764288287,3.9235246196829663,1.0347224284154863,0.022132402954529992,,0.9092751429584793,,6,PRUNED
1189,16.606799843133565,7.441763540001677,2026-10-06 00:55:37.338463,2026-10-06 00:58:48.136605,0 days 00:03:10.798142,0.3395165906212997,0.036469965080630384,0.5662816343755678,21.183844928151355,1.35460707310614,11.647781097448451,0.538892582053957,5.8774721288796,0.030728218080680214,0.03038027549946027,0.00014447613183128302,1.3635581381619835,190.79803388938308,6,COMPLETE
1190,,,2026-10-06 00:55:39.224162,2026-10-06 00:55:39.937022,0 days 00:00:00.712860,1.2980948609466976,0.24837341587000777,0.6443949852851695,9.868280842937416,0.6454873286650737,1.2305092695987363,0.06389754300029743,86.57068482598544,0.4212595585654096,0.006074688503901476,,1.0281652581298224,,6,PRUNED
1191,0.14402920083681242,1.2343544367800479,2026-10-06 00:55:39.245248,2026-10-06 00:58:55.219647,0 days 00:03:15.974399,0.6672137354754455,0.3233389271032242,0.03240094579624807,4.264385735936695,0.2395452449940939,98.6416708615901,0.12486747625813921,2.688509826508115,0.08173395261699556,0.026718092033143594,0.00014447613183128302,0.3706791480326735,195.97430335730314,6,COMPLETE
1192,19.447468960128706,1.7534659083438746,2026-10-06 00:55:40.034007,2026-10-06 00:58:52.012458,0 days 00:03:11.978451,0.7737222815132565,0.7347826529652479,0.09005234812447538,8.556213008137046,1.4257271037095816,7.596863112772716,0.6190885998388953,11.86468393276075,0.6168387269531914,0.03280586071940829,0.0051341657907994255,0.0038888774159797634,191.9783531250432,6,COMPLETE
1193,17.915874511947894,11.425294684662985,2026-10-06 00:55:40.231255,2026-10-06 00:58:51.947101,0 days 00:03:11.715846,0.51115025563667,0.3731992973752525,0.807738690329122,9.868280842937416,0.6688626104060442,4.937742765084751,0.9642498819660295,10.195345414647532,0.04206136129933902,0.024099244621516126,3.680314106392975e-06,0.9961066325865362,191.71573843806982,6,COMPLETE
1194,,,2026-10-06 00:55:40.595992,2026-10-06 00:56:20.689697,0 days 00:00:40.093705,0.7737222815132565,0.3731992973752525,0.09005234812447538,8.695206399809345,0.3201011955575039,25.088361291801984,0.4740161859265573,86.57068482598544,0.7685554742107898,0.037495759622009746,0.00014447613183128302,1.2139299004838662,,6,PRUNED
1195,28.041324341189316,7.10568628816338,2026-10-06 00:55:41.220988,2026-10-06 00:58:53.231224,0 days 00:03:12.010236,0.7535562568504046,0.4774636695198178,0.6443949852851695,4.713205926197089,0.2395452449940939,6.3983390904701665,0.6190885998388953,82.19753314002375,0.26083598793965107,0.03280586071940829,0.00014447613183128302,1.1540267369865085,192.01012577302754,6,COMPLETE
1196,,,2026-10-06 00:55:41.674145,2026-10-06 00:55:42.286069,0 days 00:00:00.611924,0.9323049410555256,0.5608376222859704,0.3042089878823274,18.677678184085455,0.5855379267962546,98.6416708615901,1.4690823188003486,14.182822102930093,0.5860574191614696,0.024099244621516126,,0.7296704665126732,,6,PRUNED
1197,37.950911071336655,1.613505586849172,2026-10-06 00:55:41.928423,2026-10-06 00:58:52.343850,0 days 00:03:10.415427,0.51115025563667,0.2284118304472575,0.807738690329122,18.489161893608337,0.33279388005294136,98.6416708615901,1.4690823188003486,1.8297560053395427,0.007925456797868324,0.09765004764801033,0.00023455457478105328,1.4891500624393408,190.41532360762358,6,COMPLETE
1198,27.103775621645052,2.354333407601414,2026-10-06 00:55:42.529998,2026-10-06 00:58:53.573538,0 days 00:03:11.043540,0.4428292606447327,0.3233389271032242,0.10793477796771844,18.489161893608337,0.17665571526270746,28.285734118696016,0.12486747625813921,86.57068482598544,0.4212595585654096,0.03280586071940829,0.1779362878501945,0.7296704665126732,191.0434305500239,6,COMPLETE
1199,27.925118321857365,1.4124949164949925,2026-10-06 00:55:42.545992,2026-10-06 00:58:59.501793,0 days 00:03:16.955801,0.447684485641811,0.3731992973752525,0.807738690329122,5.245413993140336,0.05714116461716917,85.69762729633804,0.6190885998388953,1.2001363989388558,0.6979007106917119,0.03280586071940829,0.004475392410627206,1.1540267369865085,196.95569705590606,6,COMPLETE
1200,23.560207721253313,15.776578973689464,2026-10-06 00:55:42.828994,2026-10-06 00:58:57.284987,0 days 00:03:14.455993,0.8010869639365119,0.598945472111341,0.807738690329122,10.877854836518644,0.2395452449940939,85.69762729633804,0.06785897603714841,23.475624031055144,0.04206136129933902,0.024099244621516126,0.0006185581455600675,0.2678812614884665,194.45589578617364,6,COMPLETE
1201,44.86945087273769,1.9084007226375945,2026-10-06 00:55:43.316146,2026-10-06 00:58:58.381299,0 days 00:03:15.065153,0.4919537458910443,0.3731992973752525,0.1347521461063753,8.695206399809345,0.3120492438746073,94.61146042672904,0.6419517764288287,23.475624031055144,0.04206136129933902,0.03038027549946027,1.1422553778621384e-05,0.6069618734849955,195.06505854427814,6,COMPLETE
1202,32.36284747609499,3.427720145394172,2026-10-06 00:55:43.463996,2026-10-06 00:58:58.642833,0 days 00:03:15.178837,0.3395165906212997,0.3233389271032242,0.807738690329122,21.183844928151355,0.2395452449940939,98.6416708615901,0.538892582053957,7.9874857515804925,0.08173395261699556,0.09765004764801033,0.00014447613183128302,1.1540267369865085,195.17872871179134,6,COMPLETE
1203,24.90288470351169,1.3962198752373207,2026-10-06 00:55:44.898162,2026-10-06 00:58:58.418660,0 days 00:03:13.520498,0.51115025563667,0.3731992973752525,0.09005234812447538,21.183844928151355,0.6688626104060442,25.088361291801984,0.06389754300029743,23.475624031055144,0.04206136129933902,0.03280586071940829,1.1762488306807034e-06,1.3635581381619835,193.5204138746485,6,COMPLETE
1204,,,2026-10-06 00:55:44.901982,2026-10-06 00:56:25.183219,0 days 00:00:40.281237,0.8861887783233188,0.3233389271032242,0.4120579376102117,18.489161893608337,0.2395452449940939,25.088361291801984,0.21292518523710352,2.029882838261563,1.3792519524600777,0.03280586071940829,0.004475392410627206,1.1540267369865085,,6,PRUNED
1205,,,2026-10-06 00:55:47.045140,2026-10-06 00:56:25.543988,0 days 00:00:38.498848,0.51115025563667,0.8661787220393558,0.5667882730348237,35.478995973034685,1.35460707310614,98.6416708615901,0.21292518523710352,14.182822102930093,0.04206136129933902,0.059617421369399785,0.0006185581455600675,0.7296704665126732,,6,PRUNED
1206,,,2026-10-06 00:55:47.166140,2026-10-06 00:55:47.666033,0 days 00:00:00.499893,0.8010869639365119,0.7347826529652479,0.20358075665942357,8.556213008137046,1.4257271037095816,85.69762729633804,1.272603794737464,1.2001363989388558,0.6168387269531914,0.024099244621516126,,0.2678812614884665,,6,PRUNED
1207,34.808380975206624,2.148260119457901,2026-10-06 00:55:47.745119,2026-10-06 00:58:57.298531,0 days 00:03:09.553412,0.7535562568504046,0.4774636695198178,0.5799701872746303,9.868280842937416,1.0774031071944332,85.69762729633804,0.06389754300029743,10.195345414647532,0.26083598793965107,0.09765004764801033,0.004475392410627206,0.6004925208325128,189.55332260672003,6,COMPLETE
1208,,,2026-10-06 00:55:48.311993,2026-10-06 00:55:49.256009,0 days 00:00:00.944016,0.7535562568504046,0.2284118304472575,0.18268747908623606,18.489161893608337,1.0774031071944332,98.6416708615901,0.21292518523710352,2.0330101929189524,0.26083598793965107,0.024099244621516126,,0.6004925208325128,,6,PRUNED
1209,,,2026-10-06 00:55:49.281001,2026-10-06 00:56:28.202031,0 days 00:00:38.921030,0.8010869639365119,0.598945472111341,0.4120579376102117,11.991629079089469,0.6454873286650737,98.6416708615901,0.9642498819660295,23.475624031055144,0.2975664073833317,0.03038027549946027,3.680314106392975e-06,1.3635581381619835,,6,PRUNED
1210,45.94045299817189,1.338996348891111,2026-10-06 00:55:50.397002,2026-10-06 00:59:05.039247,0 days 00:03:14.642245,0.8010869639365119,0.4774636695198178,0.4120579376102117,11.991629079089469,0.17665571526270746,98.6416708615901,0.21292518523710352,1.2001363989388558,0.26083598793965107,0.05415844142718919,0.0006185581455600675,0.2678812614884665,194.6421456905082,6,COMPLETE
1211,28.465908497337644,1.4451092651002804,2026-10-06 00:55:50.855155,2026-10-06 00:58:57.901515,0 days 00:03:07.046360,1.1896848604916794,0.5608376222859704,0.14182608040128208,17.553296709297783,0.6688626104060442,25.088361291801984,0.19809840133758488,7.9874857515804925,0.5860574191614696,0.07297012210736925,2.1038771230648366e-06,0.9405267840694287,187.0462599704042,6,COMPLETE
1212,17.001745440871638,11.721847799730629,2026-10-06 00:56:14.638042,2026-10-06 00:59:26.228855,0 days 00:03:11.590813,1.3426389093843176,0.3731992973752525,0.9085752022059369,9.868280842937416,0.2395452449940939,26.22079615322774,0.06389754300029743,10.195345414647532,0.007925456797868324,0.024099244621516126,0.0005104435594619652,1.1137428294822522,191.59070283453912,6,COMPLETE
1213,27.81382285977869,2.2681767024666675,2026-10-06 00:56:16.385004,2026-10-06 00:59:33.715449,0 days 00:03:17.330445,0.4919537458910443,0.5608376222859704,0.1347521461063753,17.553296709297783,0.6688626104060442,25.088361291801984,0.19809840133758488,7.9874857515804925,0.04206136129933902,0.03038027549946027,2.1038771230648366e-06,0.9405267840694287,197.33034838642925,6,COMPLETE
1214,25.835832065673383,20.23643189438208,2026-10-06 00:56:16.718012,2026-10-06 00:59:29.974948,0 days 00:03:13.256936,0.447684485641811,0.3233389271032242,0.6443949852851695,18.489161893608337,0.2395452449940939,98.6416708615901,0.12486747625813921,86.57068482598544,0.08173395261699556,0.03280586071940829,0.00014447613183128302,1.1540267369865085,193.2566419551149,6,COMPLETE
1215,39.35650489264956,2.3621905631129625,2026-10-06 00:56:20.750286,2026-10-06 00:59:32.252746,0 days 00:03:11.502460,0.4919537458910443,0.9473364899243788,0.5799701872746303,8.695206399809345,0.3201011955575039,94.61146042672904,0.9356883984494996,23.475624031055144,0.007925456797868324,0.09765004764801033,0.00023455457478105328,0.6069618734849955,191.50235433131456,6,COMPLETE
1216,32.17112497514415,10.229779599227069,2026-10-06 00:56:21.709005,2026-10-06 00:59:35.788968,0 days 00:03:14.079963,1.0955049461317108,0.3233389271032242,0.6443949852851695,21.183844928151355,0.2395452449940939,98.6416708615901,0.538892582053957,5.8774721288796,0.08173395261699556,0.03280586071940829,0.00014447613183128302,1.1540267369865085,194.07986639533192,6,COMPLETE
1217,,,2026-10-06 00:56:22.045012,2026-10-06 00:56:23.486015,0 days 00:00:01.441003,0.2994157425323484,1.1810724855624324,0.5799701872746303,18.677678184085455,0.6046626808156426,28.285734118696016,1.4708414187360752,1.1282993084044803,0.4212595585654096,0.03280586071940829,,0.4950899651100769,,6,PRUNED
1218,24.556782835098755,23.924190215222787,2026-10-06 00:56:23.126423,2026-10-06 00:59:32.077996,0 days 00:03:08.951573,0.51115025563667,0.2284118304472575,0.807738690329122,18.489161893608337,0.33279388005294136,85.69762729633804,0.06389754300029743,10.195345414647532,0.08173395261699556,0.024099244621516126,4.343429493003475e-06,0.7296704665126732,188.95146779995412,6,COMPLETE
1219,13.565419395348163,1.1956950194233382,2026-10-06 00:56:23.128005,2026-10-06 00:59:33.882597,0 days 00:03:10.754592,0.51115025563667,0.4835105352725577,0.03240094579624807,16.606931230784816,0.4424930116262647,49.7837090928796,0.21292518523710352,7.9874857515804925,0.0236399030193733,0.09765004764801033,3.680314106392975e-06,0.17248374444296138,190.75450509041548,6,COMPLETE
1220,30.452432885648335,1.326456171692502,2026-10-06 00:56:23.131958,2026-10-06 00:59:35.250650,0 days 00:03:12.118692,1.3426389093843176,1.0562250660985053,0.5799701872746303,45.91168576448624,1.0774031071944332,85.69762729633804,0.06389754300029743,1.0221823421950014,0.007925456797868324,0.09765004764801033,0.0005104435594619652,1.4891500624393408,192.11860569007695,6,COMPLETE
1221,,,2026-10-06 00:56:23.135956,2026-10-06 00:56:24.185004,0 days 00:00:01.049048,0.51115025563667,0.8661787220393558,0.5799701872746303,16.18523914545625,1.35460707310614,11.647781097448451,0.6419517764288287,10.195345414647532,1.3422350736587405,0.09765004764801033,,1.4891500624393408,,6,PRUNED
1222,17.373498248709616,9.595594106932836,2026-10-06 00:56:23.139955,2026-10-06 00:59:34.248346,0 days 00:03:11.108391,0.7535562568504046,0.24837341587000777,0.18268747908623606,13.432503507358978,1.35460707310614,6.3983390904701665,0.6190885998388953,2.0330101929189524,0.04206136129933902,0.007361010447850752,5.408454955199626e-06,1.3635581381619835,191.10830245632678,6,COMPLETE
