number,values_0,values_1,datetime_start,datetime_complete,duration,params_between_rest_spread,params_c_spread,params_c_val,params_input_force,params_k_between_spread,params_k_between_val,params_k_wall_spread,params_k_wall_val,params_m_spread,params_m_val,params_ridge_alpha,params_wall_rest_spread,user_attrs_duration_sec,system_attrs_NSGAIISampler:generation,state
2994,,,2026-10-06 02:06:16.496013,2026-10-06 02:08:14.517702,0 days 00:01:58.021689,0.8548572270960194,0.2284118304472575,0.4120579376102117,5.245413993140336,0.5258583298127529,85.69762729633804,1.4690823188003486,37.177222574544906,0.08173395261699556,0.03038027549946027,4.343429493003475e-06,1.2267307691914986,,18,PRUNED
2995,43.26295747259071,5.9428341316756566,2026-10-06 02:06:17.391999,2026-10-06 02:09:34.097727,0 days 00:03:16.705728,0.9158653711831447,0.45104207743778885,0.4120579376102117,5.245413993140336,0.6087670929915812,85.69762729633804,1.080654620868664,5.8774721288796,0.08173395261699556,0.03038027549946027,2.1038771230648366e-06,0.7296704665126732,196.70560787804425,18,COMPLETE
2996,28.788790026266735,1.6351407311198538,2026-10-06 02:06:18.027996,2026-10-06 02:09:29.618590,0 days 00:03:11.590594,0.8010869639365119,0.2284118304472575,0.5926143650576037,8.556213008137046,0.33279388005294136,85.69762729633804,0.12486747625813921,1.4056083189495427,0.3676044917349766,0.03280586071940829,0.03455334399243348,1.1540267369865085,191.59047735109925,18,COMPLETE
2997,,,2026-10-06 02:06:19.369001,2026-10-06 02:06:19.771054,0 days 00:00:00.402053,0.8010869639365119,0.19189790819770397,0.12615106220885586,8.556213008137046,0.2395452449940939,1.7390161522012257,1.4690823188003486,23.475624031055144,0.08173395261699556,0.002604988119370369,,1.1540267369865085,,18,PRUNED
2998,32.30823435175476,15.896533387075664,2026-10-06 02:06:19.625970,2026-10-06 02:09:28.754934,0 days 00:03:09.128964,0.51115025563667,0.2284118304472575,0.5667882730348237,5.245413993140336,0.33279388005294136,98.6416708615901,0.15901121746149233,23.475624031055144,0.08173395261699556,0.03038027549946027,4.103296087683651e-06,0.07209765487063619,189.1288615874946,18,COMPLETE
2999,12.64760778237923,13.281324347662018,2026-10-06 02:06:20.183996,2026-10-06 02:09:33.048698,0 days 00:03:12.864702,0.51115025563667,0.07861675458476158,0.807738690329122,21.183844928151355,0.3049037081953532,11.963012657229331,1.080654620868664,45.6508402201298,0.4212595585654096,0.03038027549946027,0.148627664956216,0.23886283196880004,192.864595153369,19,COMPLETE
3000,,,2026-10-06 02:06:20.259153,2026-10-06 02:06:20.504010,0 days 00:00:00.244857,0.4919537458910443,0.2965654106455736,0.19400160111159936,5.245413993140336,0.6087670929915812,85.69762729633804,1.4690823188003486,86.57068482598544,0.08173395261699556,0.03280586071940829,,1.2974912099205862,,19,PRUNED
3001,54.1488524848163,1.3138628055854558,2026-10-06 02:06:20.383003,2026-10-06 02:09:32.838464,0 days 00:03:12.455461,0.9158653711831447,0.19189790819770397,0.12615106220885586,11.991629079089469,0.2395452449940939,85.69762729633804,1.2898828018697517,1.4056083189495427,0.08173395261699556,0.03038027549946027,0.0003750271870227611,1.305197888058063,192.4553438955918,19,COMPLETE
3002,,,2026-10-06 02:06:20.838988,2026-10-06 02:06:21.589537,0 days 00:00:00.750549,0.51115025563667,0.19189790819770397,0.12615106220885586,8.556213008137046,0.2395452449940939,85.69762729633804,1.080654620868664,45.6508402201298,0.08173395261699556,0.002587380304089391,,0.2678812614884665,,19,PRUNED
3003,,,2026-10-06 02:06:21.276149,2026-10-06 02:06:22.419045,0 days 00:00:01.142896,1.4644809848335274,0.2965654106455736,0.5667882730348237,18.489161893608337,0.6087670929915812,94.61146042672904,1.484226923085714,5.8774721288796,0.861914077914604,0.017735846349732683,,1.2974912099205862,,19,PRUNED
3004,35.68633810475397,1.6144427616865356,2026-10-06 02:06:21.851009,2026-10-06 02:09:34.368027,0 days 00:03:12.517018,0.8010869639365119,0.19189790819770397,0.12615106220885586,30.640729585169858,0.2395452449940939,98.6416708615901,1.2898828018697517,1.4056083189495427,0.08173395261699556,0.021966873773064614,0.0003750271870227611,0.2678812614884665,192.51691564079374,19,COMPLETE
3005,40.20059550958829,5.944946254882703,2026-10-06 02:06:22.422996,2026-10-06 02:09:35.645821,0 days 00:03:13.222825,1.4644809848335274,0.8717951055729352,0.4120579376102117,18.489161893608337,0.2395452449940939,85.69762729633804,1.4690823188003486,23.475624031055144,0.08173395261699556,0.03280586071940829,2.1038771230648366e-06,1.2974912099205862,193.22271801624447,19,COMPLETE
3006,37.11800319948945,12.189729669906862,2026-10-06 02:06:22.460099,2026-10-06 02:09:31.084548,0 days 00:03:08.624449,0.51115025563667,0.2965654106455736,0.4120579376102117,11.991629079089469,0.2395452449940939,98.6416708615901,1.080654620868664,6.2296041386818795,0.08173395261699556,0.024099244621516126,4.343429493003475e-06,1.0701137489844414,188.62434073537588,19,COMPLETE
3007,39.56483234944466,5.4982995972354995,2026-10-06 02:06:24.077021,2026-10-06 02:09:35.379846,0 days 00:03:11.302825,0.9158653711831447,0.8267630958448254,0.807738690329122,5.245413993140336,0.6087670929915812,94.61146042672904,1.080654620868664,5.8774721288796,0.007925456797868324,0.03280586071940829,4.343429493003475e-06,1.2974912099205862,191.30271067563444,19,COMPLETE
3008,45.975719448966075,5.20277382444271,2026-10-06 02:06:25.721996,2026-10-06 02:09:47.278235,0 days 00:03:21.556239,0.2994157425323484,0.7186098618255685,0.4120579376102117,5.245413993140336,0.6087670929915812,94.61146042672904,1.484226923085714,5.8774721288796,0.08173395261699556,0.03038027549946027,4.343429493003475e-06,1.1540267369865085,201.55612496379763,19,COMPLETE
3009,,,2026-10-06 02:06:48.629994,2026-10-06 02:07:28.456490,0 days 00:00:39.826496,0.51115025563667,0.37943732931823637,0.20358075665942357,10.877854836518644,0.9896189476727186,85.69762729633804,1.484226923085714,5.8774721288796,0.08173395261699556,0.03280586071940829,4.343429493003475e-06,1.1540267369865085,,19,PRUNED
3010,,,2026-10-06 02:06:50.620032,2026-10-06 02:08:44.727182,0 days 00:01:54.107150,0.51115025563667,0.2284118304472575,0.5667882730348237,21.183844928151355,0.506401025718823,85.69762729633804,1.4690823188003486,41.66154811682372,0.007925456797868324,0.03280586071940829,4.343429493003475e-06,1.466173001294535,,19,PRUNED
3011,,,2026-10-06 02:06:53.302000,2026-10-06 02:06:53.909052,0 days 00:00:00.607052,0.8010869639365119,0.8717951055729352,0.5667882730348237,5.245413993140336,0.506401025718823,85.69762729633804,0.21292518523710352,1.4056083189495427,0.007925456797868324,0.008695068709474785,,0.2678812614884665,,19,PRUNED
3012,,,2026-10-06 02:06:53.958136,2026-10-06 02:06:55.040029,0 days 00:00:01.081893,0.7407180681038071,0.6117586075470678,0.5926143650576037,11.991629079089469,0.33279388005294136,3.2687687627952626,1.4690823188003486,35.86671955459044,0.08173395261699556,0.0018319498911138626,,0.41856891807029983,,19,PRUNED
3013,33.90029880697248,15.219533200470984,2026-10-06 02:06:53.961964,2026-10-06 02:10:07.159862,0 days 00:03:13.197898,1.4644809848335274,0.2284118304472575,0.5667882730348237,18.489161893608337,0.2395452449940939,85.69762729633804,1.484226923085714,41.66154811682372,0.08173395261699556,0.03280586071940829,4.343429493003475e-06,1.3794075042420713,193.1977856112644,19,COMPLETE
3014,37.72267011217026,12.14149449261406,2026-10-06 02:06:54.945971,2026-10-06 02:10:05.493578,0 days 00:03:10.547607,0.51115025563667,0.19189790819770397,0.5667882730348237,10.877854836518644,0.506401025718823,98.6416708615901,1.484226923085714,12.371756168223909,0.2975664073833317,0.03280586071940829,4.343429493003475e-06,1.2974912099205862,190.54749564826488,19,COMPLETE
3015,47.983869896120844,1.3039728703269424,2026-10-06 02:06:55.782413,2026-10-06 02:10:05.944375,0 days 00:03:10.161962,0.0494095777210683,0.2284118304472575,0.20358075665942357,10.877854836518644,0.506401025718823,98.6416708615901,1.4690823188003486,5.8774721288796,0.2975664073833317,0.05903941541064849,4.343429493003475e-06,1.2267307691914986,190.16185053344816,19,COMPLETE
3016,54.5086303176537,1.4556990010005093,2026-10-06 02:06:55.785976,2026-10-06 02:10:09.271043,0 days 00:03:13.485067,0.8010869639365119,0.3856261384586317,0.12615106220885586,8.556213008137046,0.2395452449940939,98.6416708615901,1.180096250393855,1.4056083189495427,0.3054149949472662,0.024099244621516126,0.0003750271870227611,0.23886283196880004,193.4849514355883,19,COMPLETE
3017,43.25699343751236,6.500435659946876,2026-10-06 02:06:55.789950,2026-10-06 02:10:08.173464,0 days 00:03:12.383514,0.2994157425323484,0.2284118304472575,0.4120579376102117,5.245413993140336,0.6087670929915812,98.6416708615901,1.0306210492220305,5.8774721288796,0.08173395261699556,0.03038027549946027,4.343429493003475e-06,1.2267307691914986,192.38341580796987,19,COMPLETE
3018,50.096593479510865,1.2997192285563473,2026-10-06 02:06:55.804110,2026-10-06 02:10:07.828205,0 days 00:03:12.024095,0.7996384869602762,0.7186098618255685,0.12615106220885586,5.245413993140336,0.6807605313238747,94.61146042672904,1.3303656343791816,5.8774721288796,0.08173395261699556,0.03038027549946027,0.0003750271870227611,1.151103015472799,192.0239826273173,19,COMPLETE
3019,42.25929576564965,2.161099944554331,2026-10-06 02:06:56.019999,2026-10-06 02:10:05.433205,0 days 00:03:09.413206,0.51115025563667,0.2284118304472575,0.4120579376102117,5.245413993140336,0.6087670929915812,98.6416708615901,1.484226923085714,32.76326232825035,0.2975664073833317,0.059915663493135235,0.0015267703577711345,1.1540267369865085,189.4130845470354,19,COMPLETE
3020,30.131467271658,19.945676373575303,2026-10-06 02:06:57.628124,2026-10-06 02:10:07.645043,0 days 00:03:10.016919,0.51115025563667,0.07861675458476158,0.807738690329122,11.991629079089469,0.33279388005294136,94.61146042672904,1.4690823188003486,17.693241462037193,0.4212595585654096,0.03280586071940829,4.343429493003475e-06,0.7699502779177346,190.01681042741984,19,COMPLETE
3021,42.98372718611293,3.466561853156375,2026-10-06 02:06:58.092003,2026-10-06 02:10:11.135369,0 days 00:03:13.043366,0.51115025563667,0.2284118304472575,0.20358075665942357,5.245413993140336,0.6087670929915812,94.61146042672904,0.3712111963343834,42.837610960806444,0.08173395261699556,0.03038027549946027,1.0750929231231937e-06,1.1540267369865085,193.04325470048934,19,COMPLETE
3022,54.11035486978373,1.2468156716374637,2026-10-06 02:06:58.130736,2026-10-06 02:10:10.032606,0 days 00:03:11.901870,0.9158653711831447,0.7186098618255685,0.08107938073563378,5.245413993140336,0.2395452449940939,94.61146042672904,1.3303656343791816,5.8774721288796,0.026937100580568585,0.03038027549946027,2.1038771230648366e-06,0.7724238797680953,191.90177125204355,19,COMPLETE
3023,39.108839776427544,6.793170497198071,2026-10-06 02:06:58.622004,2026-10-06 02:10:10.109410,0 days 00:03:11.487406,0.51115025563667,0.2284118304472575,0.20358075665942357,11.991629079089469,0.506401025718823,85.69762729633804,0.8518730404784933,23.475624031055144,0.08173395261699556,0.024099244621516126,4.343429493003475e-06,0.7296704665126732,191.4873086148873,19,COMPLETE
3024,24.73935816862497,7.258717582831954,2026-10-06 02:06:58.715982,2026-10-06 02:10:08.241335,0 days 00:03:09.525353,0.9158653711831447,0.7186098618255685,0.4120579376102117,5.245413993140336,0.6087670929915812,10.428057779508986,1.180096250393855,5.8774721288796,0.026937100580568585,0.024099244621516126,2.1038771230648366e-06,0.23886283196880004,189.52525236923248,19,COMPLETE
3025,26.282360401580462,12.618028065766728,2026-10-06 02:07:01.811999,2026-10-06 02:10:14.277673,0 days 00:03:12.465674,0.51115025563667,0.2284118304472575,0.5667882730348237,11.991629079089469,0.33279388005294136,85.69762729633804,1.080654620868664,24.7033276028984,0.06802941049346445,0.024099244621516126,0.00325469064714888,1.1540267369865085,192.46557010058314,19,COMPLETE
3026,44.369012828447026,6.518130793590729,2026-10-06 02:07:05.705995,2026-10-06 02:10:25.213579,0 days 00:03:19.507584,0.7123418565646167,0.2965654106455736,0.4120579376102117,5.245413993140336,0.6087670929915812,94.61146042672904,0.7297455375332902,5.8774721288796,0.08173395261699556,0.03038027549946027,2.1038771230648366e-06,1.1540267369865085,199.50746827200055,19,COMPLETE
3027,49.481435466497956,2.783254397639887,2026-10-06 02:07:28.496997,2026-10-06 02:10:41.878866,0 days 00:03:13.381869,0.51115025563667,0.7186098618255685,0.4120579376102117,5.245413993140336,0.6454873286650737,94.61146042672904,1.4690823188003486,2.064375155489988,0.08173395261699556,0.03280586071940829,2.1038771230648366e-06,1.1540267369865085,193.38174853567034,19,COMPLETE
3028,,,2026-10-06 02:07:28.595014,2026-10-06 02:07:29.380408,0 days 00:00:00.785394,0.51115025563667,0.2284118304472575,0.5667882730348237,11.991629079089469,0.33279388005294136,85.69762729633804,1.080654620868664,41.66154811682372,0.8299505515356775,0.03280586071940829,,1.1540267369865085,,19,PRUNED
3029,,,2026-10-06 02:07:29.380874,2026-10-06 02:07:30.647034,0 days 00:00:01.266160,0.51115025563667,0.7186098618255685,0.4120579376102117,5.245413993140336,0.6087670929915812,94.61146042672904,0.6419517764288287,5.8774721288796,1.3701066381504148,0.024099244621516126,,1.1540267369865085,,19,PRUNED
3030,28.073495956886482,2.9273607975481815,2026-10-06 02:07:30.760023,2026-10-06 02:10:45.143894,0 days 00:03:14.383871,1.4644809848335274,0.2284118304472575,0.4120579376102117,11.991629079089469,0.506401025718823,86.6015482918717,1.4690823188003486,24.7033276028984,0.06802941049346445,0.03038027549946027,0.7035233043519292,0.7296704665126732,194.38375161774457,19,COMPLETE
3031,,,2026-10-06 02:07:33.431001,2026-10-06 02:07:34.430034,0 days 00:00:00.999033,0.51115025563667,0.3619421421536347,0.5667882730348237,49.39697253324611,0.33279388005294136,85.69762729633804,1.080654620868664,14.182822102930093,0.007925456797868324,0.00110988430751669,,0.23886283196880004,,19,PRUNED
3032,,,2026-10-06 02:07:33.564154,2026-10-06 02:07:34.138395,0 days 00:00:00.574241,0.2994157425323484,0.7424495566914788,0.4120579376102117,5.245413993140336,0.20692789918679416,98.6416708615901,0.6419517764288287,1.0688339355188048,0.06802941049346445,0.0015707878077328159,,1.1540267369865085,,19,PRUNED
3033,26.240112193338383,17.653159832140727,2026-10-06 02:07:33.567964,2026-10-06 02:10:47.381024,0 days 00:03:13.813060,0.51115025563667,0.2965654106455736,0.5673687007336011,32.721411812177266,0.2395452449940939,98.6416708615901,0.21292518523710352,19.15408445903519,0.2975664073833317,0.03038027549946027,4.343429493003475e-06,0.739405563829868,193.81296358350664,19,COMPLETE
3034,32.302949229227075,18.828048635547855,2026-10-06 02:07:33.626227,2026-10-06 02:10:46.916822,0 days 00:03:13.290595,0.7407180681038071,0.21606902729252941,0.5926143650576037,11.991629079089469,0.33279388005294136,85.69762729633804,1.484226923085714,35.86671955459044,0.28988344429582863,0.03038027549946027,4.343429493003475e-06,0.7699502779177346,193.29048954322934,19,COMPLETE
3035,44.87890224822284,5.122431055641464,2026-10-06 02:07:34.416161,2026-10-06 02:10:51.770848,0 days 00:03:17.354687,0.8548572270960194,0.2284118304472575,0.4120579376102117,5.245413993140336,0.33279388005294136,94.61146042672904,1.4690823188003486,5.8774721288796,0.08173395261699556,0.03038027549946027,4.343429493003475e-06,1.1540267369865085,197.35457641258836,19,COMPLETE
3036,4.3764215530921735,1.1578972519742452,2026-10-06 02:07:34.419957,2026-10-06 02:10:43.936733,0 days 00:03:09.516776,0.51115025563667,0.7186098618255685,0.0123396508843413,5.245413993140336,0.6087670929915812,94.61146042672904,1.484226923085714,5.8774721288796,0.08173395261699556,0.03038027549946027,4.343429493003475e-06,1.1540267369865085,189.51665889658034,19,COMPLETE
3037,43.97333214315309,6.137031012129555,2026-10-06 02:07:34.423951,2026-10-06 02:10:45.151120,0 days 00:03:10.727169,0.2994157425323484,0.2284118304472575,0.4120579376102117,5.245413993140336,0.6087670929915812,98.6416708615901,1.4690823188003486,5.8774721288796,0.08173395261699556,0.03038027549946027,4.343429493003475e-06,1.1991788411836468,190.72707058582455,19,COMPLETE
3038,,,2026-10-06 02:07:34.500117,2026-10-06 02:07:36.466075,0 days 00:00:01.965958,0.8010869639365119,0.19189790819770397,0.4120579376102117,11.991629079089469,1.4981074315499632,98.6416708615901,1.2898828018697517,41.66154811682372,0.08173395261699556,0.03038027549946027,,0.2678812614884665,,19,PRUNED
3039,,,2026-10-06 02:07:35.057004,2026-10-06 02:07:35.746055,0 days 00:00:00.689051,0.8010869639365119,0.19189790819770397,0.20358075665942357,8.556213008137046,0.506401025718823,85.69762729633804,0.21292518523710352,5.8774721288796,0.3372985396418654,0.0012948176793197478,,0.2678812614884665,,19,PRUNED
3040,50.60289393979086,2.509508972893595,2026-10-06 02:07:35.997005,2026-10-06 02:10:46.008018,0 days 00:03:10.011013,0.51115025563667,0.2965654106455736,0.20358075665942357,5.245413993140336,0.33279388005294136,98.6416708615901,1.484226923085714,14.182822102930093,0.3054149949472662,0.03038027549946027,4.343429493003475e-06,1.1540267369865085,190.01089607458562,19,COMPLETE
3041,,,2026-10-06 02:07:36.875441,2026-10-06 02:07:38.319058,0 days 00:00:01.443617,0.4919537458910443,0.2284118304472575,0.061829686661140915,10.877854836518644,0.33279388005294136,85.69762729633804,0.31842513581456366,86.57068482598544,1.2858686395820422,0.03280586071940829,,0.7293820370881758,,19,PRUNED
3042,42.81605007787381,1.3820623230417821,2026-10-06 02:07:36.878968,2026-10-06 02:10:44.995918,0 days 00:03:08.116950,0.8010869639365119,0.7186098618255685,0.12615106220885586,11.991629079089469,0.33279388005294136,85.69762729633804,0.21292518523710352,1.4056083189495427,0.43872768495574505,0.024099244621516126,0.00023428333292156852,0.7296704665126732,188.1168347839266,19,COMPLETE
3043,,,2026-10-06 02:07:36.882957,2026-10-06 02:08:17.766043,0 days 00:00:40.883086,0.51115025563667,0.7186098618255685,0.12615106220885586,8.556213008137046,0.6087670929915812,98.6416708615901,1.484226923085714,1.4056083189495427,0.08173395261699556,0.021966873773064614,0.0006159183592355197,0.2678812614884665,,19,PRUNED
3044,,,2026-10-06 02:07:36.886950,2026-10-06 02:07:38.906052,0 days 00:00:02.019102,0.51115025563667,0.8717951055729352,0.4120579376102117,10.877854836518644,0.4826826827446053,85.69762729633804,1.080654620868664,75.0042805387888,0.3676044917349766,0.03280586071940829,,1.3890637168667692,,19,PRUNED
3045,30.919127440796863,15.51857103705241,2026-10-06 02:07:37.219588,2026-10-06 02:10:47.341548,0 days 00:03:10.121960,0.51115025563667,0.2965654106455736,0.4120579376102117,5.245413993140336,0.2395452449940939,48.964887054117746,1.4690823188003486,20.4004304097776,0.08173395261699556,0.024099244621516126,4.343429493003475e-06,0.739405563829868,190.12184939254075,19,COMPLETE
3046,6.579825415389536,1.45079961715236,2026-10-06 02:07:37.343989,2026-10-06 02:10:47.562013,0 days 00:03:10.218024,0.2994157425323484,0.003401920655899282,0.5667882730348237,5.245413993140336,0.33279388005294136,1.2966201475008041,1.4690823188003486,5.8774721288796,0.08173395261699556,0.03038027549946027,59.28078620625458,1.2267307691914986,190.21792337391526,19,COMPLETE
3047,32.3968101546797,14.192830471708987,2026-10-06 02:07:38.328131,2026-10-06 02:10:53.008057,0 days 00:03:14.679926,0.51115025563667,0.2284118304472575,0.5667882730348237,8.556213008137046,0.33279388005294136,85.69762729633804,0.7297455375332902,6.2296041386818795,0.08173395261699556,0.024099244621516126,4.343429493003475e-06,1.1540267369865085,194.6798120625317,19,COMPLETE
3048,,,2026-10-06 02:07:39.037152,2026-10-06 02:07:40.417046,0 days 00:00:01.379894,1.4644809848335274,0.8717951055729352,0.5926143650576037,11.991629079089469,0.2395452449940939,86.6015482918717,0.7297455375332902,24.7033276028984,0.4212595585654096,0.03038027549946027,,1.1540267369865085,,19,PRUNED
3049,31.32968711380952,16.702115398882817,2026-10-06 02:07:39.749990,2026-10-06 02:10:48.494307,0 days 00:03:08.744317,0.51115025563667,0.2284118304472575,0.5667882730348237,11.991629079089469,0.506401025718823,85.69762729633804,1.080654620868664,23.475624031055144,0.08173395261699556,0.03280586071940829,4.343429493003475e-06,0.7296704665126732,188.74419900029898,19,COMPLETE
3050,32.97987415094988,16.783878773576006,2026-10-06 02:07:40.879008,2026-10-06 02:10:49.961207,0 days 00:03:09.082199,0.51115025563667,0.2284118304472575,0.5667882730348237,5.245413993140336,0.33279388005294136,98.6416708615901,1.080654620868664,23.475624031055144,0.08173395261699556,0.03038027549946027,4.343429493003475e-06,0.07209765487063619,189.08209497854114,19,COMPLETE
3051,,,2026-10-06 02:08:10.045025,2026-10-06 02:08:51.254078,0 days 00:00:41.209053,0.2994157425323484,0.2284118304472575,0.019760044213623974,11.991629079089469,0.6087670929915812,94.61146042672904,1.4690823188003486,23.475624031055144,0.08173395261699556,0.024099244621516126,2.1038771230648366e-06,0.7296704665126732,,19,PRUNED
3052,43.150929484265895,3.791230840121342,2026-10-06 02:08:11.160040,2026-10-06 02:11:23.035537,0 days 00:03:11.875497,0.4919537458910443,0.2965654106455736,0.22426358044315703,22.819181289317275,0.2395452449940939,98.6416708615901,0.7297455375332902,6.2296041386818795,0.4212595585654096,0.03280586071940829,4.343429493003475e-06,1.1540267369865085,191.87537284195423,19,COMPLETE
3053,17.66147974325512,9.3956705149013,2026-10-06 02:08:11.268994,2026-10-06 02:11:23.639169,0 days 00:03:12.370175,0.51115025563667,0.2284118304472575,0.5667882730348237,21.183844928151355,0.506401025718823,1.4970637272314355,1.4690823188003486,41.66154811682372,0.007925456797868324,0.024099244621516126,4.343429493003475e-06,0.7296704665126732,192.37006342969835,19,COMPLETE
