number,values_0,values_1,datetime_start,datetime_complete,duration,params_between_rest_spread,params_c_spread,params_c_val,params_input_force,params_k_between_spread,params_k_between_val,params_k_wall_spread,params_k_wall_val,params_m_spread,params_m_val,params_ridge_alpha,params_wall_rest_spread,user_attrs_duration_sec,system_attrs_NSGAIISampler:generation,state
5015,27.319688004346936,25.956391355009455,2026-10-06 03:23:10.578568,2026-10-06 03:26:23.182574,0 days 00:03:12.604006,0.51115025563667,0.19189790819770397,0.5926143650576037,7.244472656270025,0.2395452449940939,98.6416708615901,0.7638461919908635,41.66154811682372,0.08173395261699556,0.024099244621516126,4.343429493003475e-06,0.23886283196880004,192.60387048870325,32,COMPLETE
5016,54.16627096898609,1.304911527552474,2026-10-06 03:23:18.893124,2026-10-06 03:26:31.753376,0 days 00:03:12.860252,0.7941453801831695,0.7186098618255685,0.12615106220885586,10.877854836518644,0.506401025718823,94.61146042672904,0.1356655862826146,1.1445112738702679,0.08173395261699556,0.03038027549946027,2.1038771230648366e-06,0.7699502779177346,192.8601179299876,32,COMPLETE
5017,41.766382741250446,8.37671276378947,2026-10-06 03:23:19.033980,2026-10-06 03:26:31.046343,0 days 00:03:12.012363,0.7407180681038071,0.2965654106455736,0.4120579376102117,8.556213008137046,0.33279388005294136,94.61146042672904,1.484226923085714,19.15408445903519,0.21575926930563577,0.03280586071940829,4.343429493003475e-06,1.1540267369865085,192.0122412070632,32,COMPLETE
5018,41.558461467436395,8.248632316086995,2026-10-06 03:23:20.096989,2026-10-06 03:26:34.839484,0 days 00:03:14.742495,0.7407180681038071,0.2965654106455736,0.4120579376102117,8.556213008137046,0.33279388005294136,98.6416708615901,1.484226923085714,7.242018006177657,0.28988344429582863,0.03280586071940829,4.343429493003475e-06,0.03334204897664861,194.74239676073194,32,COMPLETE
5019,27.493035366575914,22.584056995577377,2026-10-06 03:23:20.100965,2026-10-06 03:26:34.738300,0 days 00:03:14.637335,0.51115025563667,0.07861675458476158,0.9118155846812281,21.183844928151355,0.33279388005294136,98.6416708615901,1.484226923085714,19.15408445903519,0.2975664073833317,0.03038027549946027,2.1038771230648366e-06,1.1540267369865085,194.63722296897322,32,COMPLETE
5020,50.76869038350049,3.007357366035377,2026-10-06 03:23:21.416995,2026-10-06 03:26:35.924511,0 days 00:03:14.507516,0.5750658244356358,0.7186098618255685,0.2345370319995722,5.245413993140336,0.33279388005294136,98.6416708615901,1.484226923085714,7.242018006177657,0.28988344429582863,0.03038027549946027,4.343429493003475e-06,0.23886283196880004,194.5073880609125,32,COMPLETE
5021,32.109412252195,9.02874494547893,2026-10-06 03:23:22.066400,2026-10-06 03:26:36.995697,0 days 00:03:14.929297,0.0471381474387525,0.15726273676220226,0.5926143650576037,11.991629079089469,0.33279388005294136,85.69762729633804,1.2898828018697517,5.8774721288796,0.4212595585654096,0.03038027549946027,4.343429493003475e-06,1.1540267369865085,194.9291903441772,32,COMPLETE
5022,18.7466668709196,7.073989263061776,2026-10-06 03:23:22.271991,2026-10-06 03:26:35.943836,0 days 00:03:13.671845,0.7941453801831695,0.2284118304472575,0.5667882730348237,30.1439940029763,0.33279388005294136,2.6758688669140955,1.484226923085714,41.66154811682372,0.026937100580568585,0.03038027549946027,0.005406252964434399,1.2974912099205862,193.67173296399415,32,COMPLETE
5023,,,2026-10-06 03:23:22.799993,2026-10-06 03:24:03.097094,0 days 00:00:40.297101,0.8010869639365119,0.19189790819770397,0.13001719520112487,11.991629079089469,0.6045379696660804,98.6416708615901,0.9807017562730074,35.86671955459044,0.2975664073833317,0.03038027549946027,4.343429493003475e-06,0.7699502779177346,,32,PRUNED
5024,45.4857434770454,2.3141342168303374,2026-10-06 03:23:22.831974,2026-10-06 03:26:34.684031,0 days 00:03:11.852057,0.8010869639365119,0.7186098618255685,0.2345370319995722,5.245413993140336,0.33279388005294136,98.6416708615901,0.39552867473326975,19.15408445903519,0.21575926930563577,0.03038027549946027,4.343429493003475e-06,1.2974912099205862,191.85193906351924,32,COMPLETE
5025,,,2026-10-06 03:23:24.156993,2026-10-06 03:23:25.383054,0 days 00:00:01.226061,0.7123418565646167,0.8717951055729352,0.19400160111159936,5.245413993140336,0.6087670929915812,94.61146042672904,1.4690823188003486,95.90317789408404,0.08173395261699556,0.03280586071940829,,1.2974912099205862,,32,PRUNED
5026,30.071898997275337,19.979304192970616,2026-10-06 03:23:24.230186,2026-10-06 03:26:36.387135,0 days 00:03:12.156949,0.8010869639365119,0.07861675458476158,0.5926143650576037,21.183844928151355,0.6087670929915812,98.6416708615901,1.2898828018697517,35.86671955459044,0.007925456797868324,0.03038027549946027,4.343429493003475e-06,0.7699502779177346,192.15681354422122,32,COMPLETE
5027,41.27597631405142,9.935100826784211,2026-10-06 03:23:24.720012,2026-10-06 03:26:39.444342,0 days 00:03:14.724330,0.7407180681038071,0.21606902729252941,0.4120579376102117,5.245413993140336,0.2395452449940939,98.6416708615901,0.7297455375332902,19.15408445903519,0.4212595585654096,0.03038027549946027,4.343429493003475e-06,0.7699502779177346,194.72421115543693,32,COMPLETE
5028,,,2026-10-06 03:23:25.060992,2026-10-06 03:24:03.348055,0 days 00:00:38.287063,0.5750658244356358,0.07861675458476158,0.807738690329122,21.183844928151355,1.1095254741452232,98.6416708615901,0.1330884487399357,45.6508402201298,0.28988344429582863,0.03038027549946027,4.343429493003475e-06,0.7699502779177346,,32,PRUNED
5029,31.921229893447407,17.61790658066586,2026-10-06 03:23:26.502165,2026-10-06 03:26:33.345857,0 days 00:03:06.843692,0.51115025563667,0.7186098618255685,0.5667882730348237,11.991629079089469,0.33279388005294136,85.69762729633804,1.484226923085714,14.182822102930093,0.08173395261699556,0.024099244621516126,4.343429493003475e-06,0.23886283196880004,186.843462635763,32,COMPLETE
5030,31.887631593699393,20.13716377984768,2026-10-06 03:23:26.505958,2026-10-06 03:26:35.278319,0 days 00:03:08.772361,0.8010869639365119,0.19189790819770397,0.5926143650576037,11.991629079089469,0.33279388005294136,85.69762729633804,1.2898828018697517,35.86671955459044,0.4212595585654096,0.03038027549946027,4.343429493003475e-06,0.7699502779177346,188.77223942708224,32,COMPLETE
5031,34.61138227664094,16.126136243815456,2026-10-06 03:23:26.509948,2026-10-06 03:26:38.411845,0 days 00:03:11.901897,0.8010869639365119,0.19189790819770397,0.5926143650576037,11.991629079089469,0.33279388005294136,85.69762729633804,1.2898828018697517,13.684168688308974,0.4212595585654096,0.03038027549946027,4.343429493003475e-06,1.1540267369865085,191.90178057737648,32,COMPLETE
5032,32.64385044546647,11.83575193733709,2026-10-06 03:23:26.728047,2026-10-06 03:26:35.156740,0 days 00:03:08.428693,0.7407180681038071,0.3710922296723819,0.4120579376102117,5.245413993140336,0.9684390002319948,26.493455594165546,0.6419517764288287,41.66154811682372,0.2975664073833317,0.03038027549946027,2.1038771230648366e-06,1.1540267369865085,188.4285805495456,32,COMPLETE
5033,35.406628498338534,10.97949996637237,2026-10-06 03:23:26.799986,2026-10-06 03:26:39.124653,0 days 00:03:12.324667,0.7123418565646167,0.8717951055729352,0.5667882730348237,28.31609526542313,0.33279388005294136,98.6416708615901,1.484226923085714,19.30000754566503,0.08173395261699556,0.03038027549946027,7.052044010207734e-05,1.1540267369865085,192.3245422123,32,COMPLETE
5034,,,2026-10-06 03:23:27.432020,2026-10-06 03:23:28.166059,0 days 00:00:00.734039,0.8010869639365119,0.21606902729252941,0.4120579376102117,8.556213008137046,1.2279649876797178,94.61146042672904,1.484226923085714,19.15408445903519,0.15450841561573675,0.024099244621516126,,1.1540267369865085,,32,PRUNED
5035,32.67371779232214,10.937460054368406,2026-10-06 03:23:28.173995,2026-10-06 03:26:34.513588,0 days 00:03:06.339593,0.51115025563667,0.7186098618255685,0.4120579376102117,28.171950922293604,0.33279388005294136,85.69762729633804,1.080654620868664,41.66154811682372,0.007925456797868324,0.03038027549946027,4.343429493003475e-06,1.1540267369865085,186.3394678318873,32,COMPLETE
5036,33.30878130593609,15.676778410969746,2026-10-06 03:23:28.268002,2026-10-06 03:26:41.973883,0 days 00:03:13.705881,0.51115025563667,0.2284118304472575,0.5667882730348237,10.877854836518644,0.33279388005294136,98.6416708615901,1.080654620868664,19.15408445903519,0.08173395261699556,0.03038027549946027,4.343429493003475e-06,1.1540267369865085,193.70575332734734,32,COMPLETE
5037,50.215913318150776,2.4064880487864495,2026-10-06 03:23:31.723000,2026-10-06 03:26:33.281855,0 days 00:03:01.558855,1.1546551456676255,0.7186098618255685,0.20358075665942357,11.991629079089469,0.33279388005294136,98.6416708615901,1.484226923085714,5.8774721288796,0.007925456797868324,0.03038027549946027,4.343429493003475e-06,0.23886283196880004,181.558728069067,32,COMPLETE
5038,,,2026-10-06 03:23:53.440003,2026-10-06 03:24:32.108096,0 days 00:00:38.668093,0.8010869639365119,0.19189790819770397,0.5926143650576037,11.991629079089469,0.9187977315699285,85.69762729633804,1.2898828018697517,35.86671955459044,0.4802727885183168,0.03038027549946027,4.343429493003475e-06,0.7699502779177346,,32,PRUNED
5039,49.199912449523346,2.5634420036464896,2026-10-06 03:23:55.118003,2026-10-06 03:27:05.842895,0 days 00:03:10.724892,0.9158653711831447,0.2965654106455736,0.4120579376102117,5.245413993140336,0.5557547632162355,94.61146042672904,0.2229483809757118,5.8774721288796,0.08173395261699556,0.0523173859227011,2.1038771230648366e-06,1.1540267369865085,190.7247585784644,32,COMPLETE
5040,6.5243142224625,1.1741452287009937,2026-10-06 03:23:57.407992,2026-10-06 03:27:09.945858,0 days 00:03:12.537866,0.8010869639365119,0.7186098618255685,0.03338754476965238,5.245413993140336,0.33279388005294136,94.61146042672904,0.6419517764288287,7.242018006177657,0.28988344429582863,0.03038027549946027,59.52310785352418,1.1540267369865085,192.53773734532297,32,COMPLETE
5041,34.14790241443332,16.768588188238557,2026-10-06 03:23:58.128017,2026-10-06 03:27:13.791085,0 days 00:03:15.663068,0.7407180681038071,0.3710922296723819,0.5926143650576037,10.877854836518644,0.33279388005294136,94.61146042672904,1.2898828018697517,35.86671955459044,0.2975664073833317,0.03280586071940829,4.343429493003475e-06,0.7699502779177346,195.6629394972697,32,COMPLETE
5042,30.561028846490625,21.865032192135747,2026-10-06 03:23:58.534266,2026-10-06 03:27:11.137793,0 days 00:03:12.603527,0.9158653711831447,0.7186098618255685,0.807738690329122,12.214752017762354,0.09208279283163284,94.61146042672904,0.7638461919908635,41.66154811682372,0.08173395261699556,0.024099244621516126,4.343429493003475e-06,1.1540267369865085,192.6034126067534,32,COMPLETE
5043,38.77537405548513,11.406883143893756,2026-10-06 03:23:59.307985,2026-10-06 03:27:05.858566,0 days 00:03:06.550581,0.6775759777641851,0.2284118304472575,0.4120579376102117,10.877854836518644,0.2395452449940939,94.61146042672904,1.4690823188003486,23.475624031055144,0.2975664073833317,0.03038027549946027,4.343429493003475e-06,1.1540267369865085,186.55045940168202,32,COMPLETE
5044,,,2026-10-06 03:23:59.311949,2026-10-06 03:23:59.948243,0 days 00:00:00.636294,0.32522926579248107,0.2965654106455736,0.4120579376102117,5.245413993140336,0.33279388005294136,98.6416708615901,1.484226923085714,5.8774721288796,1.0494426352338313,0.03038027549946027,,1.1540267369865085,,32,PRUNED
5045,54.10225468354186,1.7105238443185762,2026-10-06 03:23:59.344097,2026-10-06 03:27:11.032407,0 days 00:03:11.688310,0.51115025563667,0.2965654106455736,0.19400160111159936,5.245413993140336,0.33279388005294136,94.61146042672904,1.4690823188003486,5.8774721288796,0.08173395261699556,0.03280586071940829,4.343429493003475e-06,1.1540267369865085,191.6881875284016,32,COMPLETE
5046,,,2026-10-06 03:24:00.415989,2026-10-06 03:24:00.782048,0 days 00:00:00.366059,0.7941453801831695,0.8717951055729352,0.12615106220885586,5.245413993140336,0.506401025718823,94.61146042672904,1.484226923085714,1.4056083189495427,0.8558675754072855,0.004309889553563316,,0.46722968811172116,,32,PRUNED
5047,43.0340378188382,9.128820120389506,2026-10-06 03:24:01.019159,2026-10-06 03:27:16.498118,0 days 00:03:15.478959,0.6775759777641851,0.831731400485675,0.4120579376102117,5.245413993140336,0.33279388005294136,98.6416708615901,1.4690823188003486,23.475624031055144,0.15450841561573675,0.022416802662090146,4.343429493003475e-06,1.1540267369865085,195.47884124703705,32,COMPLETE
5048,32.23041390909507,12.692930441625148,2026-10-06 03:24:02.131247,2026-10-06 03:27:15.336667,0 days 00:03:13.205420,0.32522926579248107,0.4088214654102154,0.5667882730348237,10.877854836518644,0.33279388005294136,98.6416708615901,1.080654620868664,19.15408445903519,0.2975664073833317,0.03038027549946027,0.00036819985711096547,0.7784157029140982,193.20530107337981,32,COMPLETE
5049,,,2026-10-06 03:24:03.294153,2026-10-06 03:24:39.051519,0 days 00:00:35.757366,0.9158653711831447,0.7186098618255685,0.778294044131552,11.991629079089469,0.5557547632162355,94.61146042672904,0.6419517764288287,5.8774721288796,0.4212595585654096,0.03038027549946027,4.343429493003475e-06,0.7699502779177346,,32,PRUNED
5050,22.77862389568707,1.2719245176494305,2026-10-06 03:24:03.318107,2026-10-06 03:27:15.435586,0 days 00:03:12.117479,0.32522926579248107,1.428990262733987,0.02763550562859719,10.877854836518644,0.33279388005294136,98.6416708615901,1.484226923085714,19.15408445903519,0.15033305251392193,0.03038027549946027,2.1038771230648366e-06,1.1540267369865085,192.11736439261585,32,COMPLETE
5051,43.54103046524172,6.5738461053542645,2026-10-06 03:24:03.348461,2026-10-06 03:27:18.368028,0 days 00:03:15.019567,1.1546551456676255,0.8717951055729352,0.5667882730348237,5.245413993140336,0.33279388005294136,98.6416708615901,1.4690823188003486,23.475624031055144,0.3054149949472662,0.03038027549946027,4.343429493003475e-06,1.1540267369865085,195.01945348270237,32,COMPLETE
5052,52.94975035893968,1.5297420538224231,2026-10-06 03:24:05.927008,2026-10-06 03:27:15.469473,0 days 00:03:09.542465,0.9158653711831447,0.7186098618255685,0.2345370319995722,5.245413993140336,0.5557547632162355,98.6416708615901,1.484226923085714,5.8774721288796,0.08173395261699556,0.03038027549946027,0.00015507423571588336,1.2974912099205862,189.54236443527043,32,COMPLETE
5053,19.214183824955384,30.652471364605375,2026-10-06 03:24:32.329175,2026-10-06 03:27:37.687879,0 days 00:03:05.358704,0.51115025563667,0.2284118304472575,0.807738690329122,28.234904891933155,0.14671755230509936,98.6416708615901,0.7638461919908635,41.66154811682372,0.08173395261699556,0.024099244621516126,4.343429493003475e-06,0.23886283196880004,185.3585661398247,32,COMPLETE
5054,29.569340668129236,20.344870983841407,2026-10-06 03:24:39.160163,2026-10-06 03:27:49.747708,0 days 00:03:10.587545,0.51115025563667,0.07861675458476158,0.5926143650576037,21.183844928151355,0.33279388005294136,98.6416708615901,1.080654620868664,35.86671955459044,0.007925456797868324,0.03038027549946027,4.343429493003475e-06,1.2974912099205862,190.58742486685514,32,COMPLETE
5055,,,2026-10-06 03:24:39.163957,2026-10-06 03:24:39.433988,0 days 00:00:00.270031,0.51115025563667,0.19189790819770397,0.5926143650576037,10.877854836518644,0.33279388005294136,98.6416708615901,1.4690823188003486,35.86671955459044,0.5254873438416168,0.024099244621516126,,1.1540267369865085,,32,PRUNED
5056,36.87544962972064,10.519877966461811,2026-10-06 03:24:39.555987,2026-10-06 03:27:49.258516,0 days 00:03:09.702529,0.8010869639365119,0.19189790819770397,0.5926143650576037,11.991629079089469,0.33279388005294136,98.6416708615901,1.484226923085714,5.8774721288796,0.007925456797868324,0.03280586071940829,4.343429493003475e-06,1.1540267369865085,189.70239992719144,32,COMPLETE
5057,42.94890970253263,8.748067143722999,2026-10-06 03:24:40.444008,2026-10-06 03:27:55.280843,0 days 00:03:14.836835,1.1546551456676255,0.8717951055729352,0.5667882730348237,11.991629079089469,0.33279388005294136,98.6416708615901,1.484226923085714,19.15408445903519,0.09375026156652477,0.03280586071940829,2.1038771230648366e-06,1.2974912099205862,194.83671369589865,32,COMPLETE
5058,51.27328301363205,2.438781470554704,2026-10-06 03:24:40.571981,2026-10-06 03:27:51.702508,0 days 00:03:11.130527,0.51115025563667,0.2965654106455736,0.2345370319995722,5.245413993140336,0.33279388005294136,94.61146042672904,1.484226923085714,5.8774721288796,0.3936576523393438,0.03038027549946027,4.343429493003475e-06,1.1346577092207497,191.1304028853774,32,COMPLETE
5059,39.05356084784611,8.604663827202844,2026-10-06 03:24:40.678978,2026-10-06 03:27:52.684729,0 days 00:03:12.005751,0.7407180681038071,0.3710922296723819,0.5926143650576037,5.245413993140336,0.33279388005294136,98.6416708615901,0.7297455375332902,5.8774721288796,0.3936576523393438,0.03038027549946027,2.1038771230648366e-06,1.2974912099205862,192.00562046468258,32,COMPLETE
5060,44.40103925633154,1.2361947176183652,2026-10-06 03:24:41.876143,2026-10-06 03:27:48.458004,0 days 00:03:06.581861,0.7941453801831695,0.2965654106455736,0.07166694712857818,5.245413993140336,0.33279388005294136,94.61146042672904,1.484226923085714,5.8774721288796,0.3936576523393438,0.03038027549946027,2.1038771230648366e-06,1.2974912099205862,186.5817393315956,32,COMPLETE
5061,53.36157508861405,1.2652253833770912,2026-10-06 03:24:42.075995,2026-10-06 03:27:56.551859,0 days 00:03:14.475864,0.7941453801831695,1.3320756452459226,0.12615106220885586,10.877854836518644,0.506401025718823,94.61146042672904,1.484226923085714,1.1445112738702679,0.026937100580568585,0.03038027549946027,2.1038771230648366e-06,1.2974912099205862,194.47573813144118,32,COMPLETE
5062,52.792833140057404,2.3557304947957407,2026-10-06 03:24:45.515001,2026-10-06 03:27:55.273381,0 days 00:03:09.758380,0.7123418565646167,0.19189790819770397,0.2345370319995722,5.245413993140336,0.33279388005294136,98.6416708615901,1.4690823188003486,5.8774721288796,0.2975664073833317,0.03038027549946027,4.343429493003475e-06,1.1540267369865085,189.75825382303447,32,COMPLETE
5063,27.51963639972813,9.962032114717625,2026-10-06 03:24:46.077015,2026-10-06 03:27:55.304931,0 days 00:03:09.227916,0.6775759777641851,0.7718445915905559,0.5667882730348237,10.877854836518644,0.2395452449940939,6.421446876335454,1.4690823188003486,23.475624031055144,0.2975664073833317,0.024099244621516126,4.343429493003475e-06,1.1540267369865085,189.2277993550524,32,COMPLETE
5064,24.688775752436335,27.212717712944286,2026-10-06 03:25:09.734023,2026-10-06 03:28:22.160379,0 days 00:03:12.426356,0.7407180681038071,0.21606902729252941,0.807738690329122,21.183844928151355,0.2395452449940939,98.6416708615901,0.7297455375332902,45.6508402201298,0.007925456797868324,0.03038027549946027,4.343429493003475e-06,0.7699502779177346,192.42622576653957,32,COMPLETE
5065,30.189094954173648,21.52069702639256,2026-10-06 03:25:10.622016,2026-10-06 03:28:24.874291,0 days 00:03:14.252275,0.8010869639365119,0.7186098618255685,0.807738690329122,21.183844928151355,0.6087670929915812,98.6416708615901,0.6419517764288287,45.6508402201298,0.007925456797868324,0.03038027549946027,4.343429493003475e-06,0.7699502779177346,194.25214427523315,32,COMPLETE
5066,,,2026-10-06 03:25:10.724993,2026-10-06 03:27:10.566044,0 days 00:01:59.841051,0.51115025563667,0.2965654106455736,0.19400160111159936,5.245413993140336,0.6087670929915812,94.61146042672904,1.4690823188003486,41.66154811682372,0.08173395261699556,0.035502270560281324,4.343429493003475e-06,1.2974912099205862,,32,PRUNED
5067,33.80723655683823,16.982097190762776,2026-10-06 03:25:11.760039,2026-10-06 03:28:25.263887,0 days 00:03:13.503848,0.7407180681038071,0.2965654106455736,0.5926143650576037,5.245413993140336,0.33279388005294136,98.6416708615901,0.7297455375332902,19.15408445903519,0.15450841561573675,0.023554272151894116,2.1038771230648366e-06,1.1540267369865085,193.50370874349028,32,COMPLETE
5068,24.845112791794143,1.7224564017807173,2026-10-06 03:25:11.877335,2026-10-06 03:28:24.738348,0 days 00:03:12.861013,0.5846383985445419,0.7186098618255685,0.5667882730348237,5.245413993140336,0.6087670929915812,94.61146042672904,0.6419517764288287,41.66154811682372,0.08173395261699556,0.03038027549946027,3.0405882523308376,1.209109649444219,192.86088720988482,32,COMPLETE
5069,20.610116825798606,8.334281761837229,2026-10-06 03:25:14.564150,2026-10-06 03:28:29.197055,0 days 00:03:14.632905,0.51115025563667,0.2284118304472575,0.5667882730348237,11.991629079089469,0.33279388005294136,1.9601549070063922,1.484226923085714,41.66154811682372,0.08173395261699556,0.03038027549946027,4.343429493003475e-06,0.7296704665126732,194.6327755395323,32,COMPLETE
5070,39.12621434768671,8.435948139231265,2026-10-06 03:25:16.135993,2026-10-06 03:28:31.177170,0 days 00:03:15.041177,0.5750658244356358,0.7186098618255685,0.5667882730348237,5.245413993140336,0.33279388005294136,98.6416708615901,1.484226923085714,7.242018006177657,0.2975664073833317,0.03038027549946027,4.343429493003475e-06,0.03334204897664861,195.04106156900525,32,COMPLETE
5071,,,2026-10-06 03:25:17.060988,2026-10-06 03:25:57.123226,0 days 00:00:40.062238,0.9158653711831447,0.19189790819770397,0.5673687007336011,8.556213008137046,0.33279388005294136,98.6416708615901,0.6419517764288287,35.86671955459044,0.4212595585654096,0.024099244621516126,2.1038771230648366e-06,0.7699502779177346,,32,PRUNED
5072,43.51262849123431,5.172648904266435,2026-10-06 03:25:18.884011,2026-10-06 03:28:31.175857,0 days 00:03:12.291846,0.51115025563667,0.7186098618255685,0.20358075665942357,12.214752017762354,0.33279388005294136,98.6416708615901,1.484226923085714,14.182822102930093,0.3054149949472662,0.024099244621516126,4.343429493003475e-06,0.23886283196880004,192.29171311110258,32,COMPLETE
