number,values_0,values_1,datetime_start,datetime_complete,duration,params_between_rest_spread,params_c_spread,params_c_val,params_input_force,params_k_between_spread,params_k_between_val,params_k_wall_spread,params_k_wall_val,params_m_spread,params_m_val,params_ridge_alpha,params_wall_rest_spread,user_attrs_duration_sec,system_attrs_NSGAIISampler:generation,state
4420,46.51351586664832,5.37757361498094,2026-10-06 03:00:17.091942,2026-10-06 03:03:27.186061,0 days 00:03:10.094119,0.51115025563667,0.06226797193497435,0.20358075665942357,5.245413993140336,0.33279388005294136,98.6416708615901,1.1817893574928613,14.182822102930093,0.3054149949472662,0.024099244621516126,4.343429493003475e-06,0.23886283196880004,190.09401633683592,28,COMPLETE
4421,30.495636551924633,21.85138071533664,2026-10-06 03:00:18.197000,2026-10-06 03:03:31.389726,0 days 00:03:13.192726,0.8010869639365119,0.7186098618255685,0.807738690329122,21.183844928151355,0.3519093950798047,98.6416708615901,0.396687138771568,45.6508402201298,0.3054149949472662,0.03038027549946027,4.343429493003475e-06,1.1540267369865085,193.19259789120406,28,COMPLETE
4422,33.54231397889228,17.992530322731973,2026-10-06 03:00:18.292982,2026-10-06 03:03:30.976200,0 days 00:03:12.683218,0.7407180681038071,0.3710922296723819,0.5926143650576037,10.877854836518644,0.33279388005294136,85.69762729633804,1.2898828018697517,35.86671955459044,0.4212595585654096,0.03280586071940829,4.343429493003475e-06,0.7699502779177346,192.6831018831581,28,COMPLETE
4423,28.686531316523553,23.13692054941458,2026-10-06 03:00:20.505985,2026-10-06 03:03:30.171737,0 days 00:03:09.665752,0.51115025563667,0.2284118304472575,0.5667882730348237,11.991629079089469,0.6087670929915812,85.69762729633804,0.6419517764288287,41.66154811682372,0.08173395261699556,0.024099244621516126,4.343429493003475e-06,0.7296704665126732,189.66563514620066,28,COMPLETE
4424,46.60305488417233,5.455424794526704,2026-10-06 03:00:47.979180,2026-10-06 03:03:58.487874,0 days 00:03:10.508694,0.8010869639365119,0.8715336252138003,0.4120579376102117,5.245413993140336,0.5557547632162355,94.61146042672904,0.6419517764288287,5.8774721288796,0.08173395261699556,0.03038027549946027,2.1038771230648366e-06,0.7699502779177346,190.5085621215403,28,COMPLETE
4425,,,2026-10-06 03:00:49.308153,2026-10-06 03:00:51.067084,0 days 00:00:01.758931,0.7407180681038071,0.21606902729252941,0.5926143650576037,11.991629079089469,0.2395452449940939,98.6416708615901,0.7297455375332902,35.86671955459044,0.4212595585654096,0.005095579336263303,,0.7699502779177346,,28,PRUNED
4426,34.4693498476231,14.178588123490222,2026-10-06 03:00:50.715999,2026-10-06 03:04:00.836999,0 days 00:03:10.121000,0.32522926579248107,0.2965654106455736,0.5926143650576037,11.991629079089469,0.33279388005294136,85.69762729633804,1.4690823188003486,8.406365367679994,0.4212595585654096,0.03038027549946027,4.343429493003475e-06,1.1540267369865085,190.12085300404578,28,COMPLETE
4427,45.503132906610304,2.7961046570565524,2026-10-06 03:00:51.053162,2026-10-06 03:04:05.003217,0 days 00:03:13.950055,0.7123418565646167,0.19189790819770397,0.4120579376102117,5.245413993140336,0.6087670929915812,85.69762729633804,1.080654620868664,1.4251681161109617,0.08173395261699556,0.03038027549946027,2.1038771230648366e-06,1.1540267369865085,193.94993858318776,28,COMPLETE
4428,28.7232044460427,17.40196743430799,2026-10-06 03:00:51.418981,2026-10-06 03:04:05.475862,0 days 00:03:14.056881,0.51115025563667,0.07861675458476158,0.955822031577106,5.245413993140336,0.6087670929915812,94.61146042672904,1.080654620868664,45.6508402201298,0.08173395261699556,0.03280586071940829,2.1038771230648366e-06,1.2974912099205862,194.0567486807704,28,COMPLETE
4429,,,2026-10-06 03:00:52.598162,2026-10-06 03:00:53.286051,0 days 00:00:00.687889,0.8010869639365119,0.19189790819770397,0.5926143650576037,10.877854836518644,0.33279388005294136,85.69762729633804,1.484226923085714,35.86671955459044,0.4212595585654096,0.03280586071940829,,1.1540267369865085,,28,PRUNED
4430,,,2026-10-06 03:00:52.601964,2026-10-06 03:00:53.312015,0 days 00:00:00.710051,0.51115025563667,0.19189790819770397,0.5926143650576037,10.877854836518644,0.33279388005294136,98.6416708615901,1.484226923085714,35.86671955459044,0.3936576523393438,0.03038027549946027,,1.1540267369865085,,28,PRUNED
4431,33.2660584404398,4.5848651512595096,2026-10-06 03:00:52.605950,2026-10-06 03:04:08.390374,0 days 00:03:15.784424,0.7407180681038071,0.07861675458476158,0.4120579376102117,21.183844928151355,0.2395452449940939,98.6416708615901,0.39552867473326975,19.15408445903519,0.007925456797868324,0.0589144517815036,4.343429493003475e-06,0.7699502779177346,195.78431694209576,28,COMPLETE
4432,23.73050735842865,5.25359386178438,2026-10-06 03:00:53.263990,2026-10-06 03:04:08.330201,0 days 00:03:15.066211,0.8010869639365119,0.2965654106455736,0.2345370319995722,5.245413993140336,0.33279388005294136,8.246243094922367,0.027499213859484783,5.847869935300746,0.4212595585654096,0.03038027549946027,4.343429493003475e-06,0.7699502779177346,195.06609858106822,28,COMPLETE
4433,,,2026-10-06 03:00:53.588003,2026-10-06 03:00:54.285312,0 days 00:00:00.697309,0.8010869639365119,0.2965654106455736,0.22803141627407691,5.245413993140336,0.6087670929915812,94.61146042672904,0.6419517764288287,5.8774721288796,0.6127622010380798,0.0017049362551502239,,0.7699502779177346,,28,PRUNED
4434,52.247834603464966,1.3369633117995876,2026-10-06 03:00:54.012146,2026-10-06 03:04:06.949680,0 days 00:03:12.937534,0.7123418565646167,0.8717951055729352,0.1250203619962175,5.245413993140336,0.6087670929915812,94.61146042672904,0.7297455375332902,11.602091285875254,0.08173395261699556,0.03038027549946027,2.1038771230648366e-06,1.1540267369865085,192.93741751182824,28,COMPLETE
4435,32.25164645355503,15.70368709613578,2026-10-06 03:00:54.352428,2026-10-06 03:04:07.993110,0 days 00:03:13.640682,0.7407180681038071,0.8059564568849952,0.5926143650576037,11.991629079089469,0.33279388005294136,98.6416708615901,1.4690823188003486,35.86671955459044,0.4212595585654096,0.03038027549946027,4.343429493003475e-06,0.06813310163640623,193.64057051762938,28,COMPLETE
4436,35.05429007131891,15.295886298802582,2026-10-06 03:00:54.545153,2026-10-06 03:04:02.352640,0 days 00:03:07.807487,0.7123418565646167,0.2965654106455736,0.5667882730348237,5.245413993140336,0.6087670929915812,94.61146042672904,0.7297455375332902,41.66154811682372,0.15450841561573675,0.03038027549946027,2.1038771230648366e-06,1.209109649444219,187.8073703153059,28,COMPLETE
4437,37.79221329048147,11.536966321002897,2026-10-06 03:00:55.248998,2026-10-06 03:04:08.230500,0 days 00:03:12.981502,0.51115025563667,0.2284118304472575,0.4120579376102117,10.877854836518644,0.33279388005294136,98.6416708615901,1.080654620868664,35.86671955459044,0.2975664073833317,0.03280586071940829,4.343429493003475e-06,1.2267307691914986,192.98138524778187,28,COMPLETE
4438,53.60719947397754,2.3713313522293578,2026-10-06 03:00:55.745877,2026-10-06 03:04:05.822194,0 days 00:03:10.076317,1.0678486349086698,0.7186098618255685,0.2345370319995722,5.245413993140336,0.33279388005294136,94.61146042672904,0.6419517764288287,5.8774721288796,0.28988344429582863,0.03038027549946027,2.1038771230648366e-06,1.1540267369865085,190.07621045131236,28,COMPLETE
4439,39.60548672637355,3.7811519368805415,2026-10-06 03:00:56.179993,2026-10-06 03:04:06.147617,0 days 00:03:09.967624,1.1546551456676255,0.2965654106455736,0.5667882730348237,11.991629079089469,0.2395452449940939,98.6416708615901,0.7257345409495506,1.1445112738702679,0.007925456797868324,0.03038027549946027,2.1038771230648366e-06,1.1540267369865085,189.9675076790154,28,COMPLETE
4440,30.40201373678019,18.75957629099493,2026-10-06 03:01:28.568002,2026-10-06 03:04:41.634712,0 days 00:03:13.066710,1.3564219719960504,0.19189790819770397,0.5926143650576037,11.991629079089469,0.33279388005294136,98.6416708615901,1.2898828018697517,35.86671955459044,0.4212595585654096,0.03038027549946027,4.343429493003475e-06,0.10336397648568107,193.06658273376524,28,COMPLETE
4441,32.778022184892734,13.655807992048027,2026-10-06 03:01:29.073321,2026-10-06 03:04:40.682923,0 days 00:03:11.609602,0.8010869639365119,0.7186098618255685,0.5926143650576037,38.230042160924455,0.33279388005294136,98.6416708615901,1.484226923085714,35.86671955459044,0.08530950473729232,0.03280586071940829,4.343429493003475e-06,1.1540267369865085,191.60947793256491,28,COMPLETE
4442,30.356327031603065,13.531034481416564,2026-10-06 03:01:30.968012,2026-10-06 03:04:43.609337,0 days 00:03:12.641325,1.1033635352298152,0.07861675458476158,0.807738690329122,5.245413993140336,0.33279388005294136,94.61146042672904,0.396687138771568,19.15408445903519,0.3054149949472662,0.03280586071940829,2.1038771230648366e-06,1.2974912099205862,192.6411998970434,28,COMPLETE
4443,50.81067863431343,3.0496524219917944,2026-10-06 03:01:31.714007,2026-10-06 03:04:42.574970,0 days 00:03:10.860963,0.8010869639365119,0.7186098618255685,0.2345370319995722,5.245413993140336,0.33279388005294136,98.6416708615901,1.484226923085714,7.242018006177657,0.28988344429582863,0.03038027549946027,4.343429493003475e-06,0.06813310163640623,190.8608436435461,28,COMPLETE
4444,55.242588841429594,1.6591099287523996,2026-10-06 03:01:32.277344,2026-10-06 03:04:42.938250,0 days 00:03:10.660906,0.9158653711831447,0.7186098618255685,0.2345370319995722,5.245413993140336,0.2395452449940939,98.6416708615901,1.484226923085714,5.8774721288796,0.026937100580568585,0.03280586071940829,2.1038771230648366e-06,1.1540267369865085,190.66078496910632,28,COMPLETE
4445,57.74358010109719,1.2547654528332828,2026-10-06 03:01:33.529002,2026-10-06 03:04:44.412860,0 days 00:03:10.883858,0.9158653711831447,0.2965654106455736,0.12615106220885586,5.245413993140336,0.2395452449940939,94.61146042672904,0.738836769944155,1.1445112738702679,0.08173395261699556,0.03038027549946027,2.1038771230648366e-06,1.1540267369865085,190.88373482506722,28,COMPLETE
4446,44.232709925516325,1.332742861912969,2026-10-06 03:02:00.081049,2026-10-06 03:05:13.437887,0 days 00:03:13.356838,0.7407180681038071,0.2284118304472575,0.08246892798840813,5.245413993140336,0.2395452449940939,98.6416708615901,0.5631021303469503,19.15408445903519,0.08173395261699556,0.05192098082629996,4.343429493003475e-06,0.7699502779177346,193.3567082984373,28,COMPLETE
4447,,,2026-10-06 03:02:02.779016,2026-10-06 03:02:41.877440,0 days 00:00:39.098424,1.325871987266626,0.48628333026250986,0.807738690329122,10.877854836518644,0.6087670929915812,98.6416708615901,1.484226923085714,45.6508402201298,0.08173395261699556,0.03038027549946027,4.343429493003475e-06,1.442648057846846,,28,PRUNED
4448,,,2026-10-06 03:02:04.646995,2026-10-06 03:02:44.585536,0 days 00:00:39.938541,0.51115025563667,0.2965654106455736,0.4120579376102117,5.245413993140336,1.269558469304859,94.61146042672904,1.484226923085714,19.15408445903519,0.15450841561573675,0.03038027549946027,5.184279461287038e-05,0.3634844426058758,,28,PRUNED
4449,,,2026-10-06 03:02:04.729008,2026-10-06 03:02:05.902447,0 days 00:00:01.173439,0.8010869639365119,0.7186098618255685,0.4120579376102117,5.245413993140336,0.33279388005294136,94.61146042672904,0.7206288093804978,35.86671955459044,1.1835671875514624,0.03038027549946027,,0.7699502779177346,,28,PRUNED
4450,46.20375987986391,5.338585985516361,2026-10-06 03:02:05.932053,2026-10-06 03:05:22.697270,0 days 00:03:16.765217,0.8010869639365119,0.7186098618255685,0.4120579376102117,5.245413993140336,0.33279388005294136,98.6416708615901,1.484226923085714,14.182822102930093,0.28988344429582863,0.03038027549946027,4.343429493003475e-06,1.1540267369865085,196.76508744247258,28,COMPLETE
4451,40.17564302124652,8.719418944683385,2026-10-06 03:02:06.328146,2026-10-06 03:05:20.346990,0 days 00:03:14.018844,0.8010869639365119,0.8717951055729352,0.5667882730348237,10.877854836518644,0.5557547632162355,94.61146042672904,0.6419517764288287,5.8774721288796,0.08173395261699556,0.03038027549946027,4.343429493003475e-06,0.7699502779177346,194.01872619614005,28,COMPLETE
4452,35.53839074466454,15.57635810731667,2026-10-06 03:02:06.841000,2026-10-06 03:05:19.764259,0 days 00:03:12.923259,0.6775759777641851,0.3710922296723819,0.5926143650576037,10.877854836518644,0.2395452449940939,98.6416708615901,1.3540567381060582,35.86671955459044,0.2975664073833317,0.03280586071940829,4.343429493003475e-06,1.1540267369865085,192.9231337402016,28,COMPLETE
4453,28.730720484500853,20.66363039742886,2026-10-06 03:02:07.669001,2026-10-06 03:05:17.226969,0 days 00:03:09.557968,0.9158653711831447,0.2284118304472575,0.807738690329122,8.556213008137046,0.2395452449940939,94.61146042672904,0.7257345409495506,35.86671955459044,0.3161737300984912,0.03280586071940829,4.343429493003475e-06,0.7699502779177346,189.55783704202622,28,COMPLETE
4454,57.54529563389599,1.2629549488436882,2026-10-06 03:02:07.758131,2026-10-06 03:05:17.151491,0 days 00:03:09.393360,0.9158653711831447,0.2965654106455736,0.12615106220885586,5.245413993140336,0.2395452449940939,94.61146042672904,0.7257345409495506,1.1445112738702679,0.08173395261699556,0.03038027549946027,2.1038771230648366e-06,1.1540267369865085,189.3932346459478,28,COMPLETE
4455,57.357327941426504,1.2706639482791644,2026-10-06 03:02:09.349997,2026-10-06 03:05:25.110845,0 days 00:03:15.760848,0.9158653711831447,0.2965654106455736,0.12615106220885586,5.245413993140336,0.33279388005294136,98.6416708615901,1.484226923085714,1.1445112738702679,0.08173395261699556,0.03280586071940829,2.1038771230648366e-06,1.1540267369865085,195.7607324263081,28,COMPLETE
4456,,,2026-10-06 03:02:09.720987,2026-10-06 03:02:10.290943,0 days 00:00:00.569956,0.9158653711831447,0.7186098618255685,0.4120579376102117,5.245413993140336,0.6087670929915812,94.61146042672904,0.6419517764288287,5.8774721288796,0.9532587715592324,0.03295822483454618,,1.1540267369865085,,28,PRUNED
4457,26.605789649485406,21.025411966748326,2026-10-06 03:02:10.628993,2026-10-06 03:05:25.610705,0 days 00:03:14.981712,0.51115025563667,0.3710922296723819,0.5926143650576037,23.19105172125526,0.33279388005294136,98.6416708615901,1.4561350813594829,45.6508402201298,0.08173395261699556,0.03038027549946027,2.1038771230648366e-06,0.23886283196880004,194.98158608656377,28,COMPLETE
4458,,,2026-10-06 03:02:11.005981,2026-10-06 03:02:11.828063,0 days 00:00:00.822082,0.51115025563667,0.2965654106455736,0.5926143650576037,5.245413993140336,0.33279388005294136,98.6416708615901,1.484226923085714,34.9341379372749,0.3936576523393438,0.03038027549946027,,1.2974912099205862,,28,PRUNED
4459,37.49397384483599,8.127178116517205,2026-10-06 03:02:11.784002,2026-10-06 03:05:22.213080,0 days 00:03:10.429078,0.51115025563667,0.19189790819770397,0.5926143650576037,5.245413993140336,0.33279388005294136,94.61146042672904,1.484226923085714,5.8774721288796,0.3936576523393438,0.03038027549946027,4.343429493003475e-06,1.1540267369865085,190.42896643653512,28,COMPLETE
4460,22.555727831855155,10.95009812382734,2026-10-06 03:02:12.005008,2026-10-06 03:05:22.322462,0 days 00:03:10.317454,0.8010869639365119,0.07861675458476158,0.807738690329122,10.877854836518644,0.6087670929915812,3.6560547039223645,1.484226923085714,35.86671955459044,0.2975664073833317,0.03280586071940829,4.343429493003475e-06,1.2974912099205862,190.31734542921185,28,COMPLETE
4461,,,2026-10-06 03:02:12.475002,2026-10-06 03:02:13.043908,0 days 00:00:00.568906,0.51115025563667,0.7186098618255685,0.5667882730348237,5.245413993140336,0.33279388005294136,98.6416708615901,0.7518185550990375,16.723384162919135,0.28988344429582863,0.016600752872861165,,1.1540267369865085,,28,PRUNED
4462,39.59153329555092,10.251388186286198,2026-10-06 03:02:12.679002,2026-10-06 03:05:22.249882,0 days 00:03:09.570880,0.7123418565646167,0.2965654106455736,0.4120579376102117,5.245413993140336,0.45559690077033604,98.6416708615901,0.7297455375332902,41.66154811682372,0.28988344429582863,0.03038027549946027,4.343429493003475e-06,1.1540267369865085,189.57077112514526,28,COMPLETE
4463,51.42131515485512,2.493966032755776,2026-10-06 03:02:13.298385,2026-10-06 03:05:27.205236,0 days 00:03:13.906851,0.8010869639365119,0.8088882103153985,0.2345370319995722,5.245413993140336,0.33279388005294136,94.61146042672904,1.294241614089628,5.8774721288796,0.007925456797868324,0.03038027549946027,2.1038771230648366e-06,0.06813310163640623,193.90672476869076,28,COMPLETE
4464,0.057604772898080005,1.2491339842655225,2026-10-06 03:02:14.003570,2026-10-06 03:05:26.855063,0 days 00:03:12.851493,0.51115025563667,0.7186098618255685,0.016711590573677323,10.877854836518644,0.2395452449940939,94.61146042672904,0.6419517764288287,5.8774721288796,0.2975664073833317,0.03038027549946027,4.343429493003475e-06,1.1540267369865085,192.8513766946271,28,COMPLETE
4465,26.27401925719414,2.111935276920697,2026-10-06 03:02:14.168178,2026-10-06 03:05:25.638208,0 days 00:03:11.470030,1.1546551456676255,0.7186098618255685,0.20358075665942357,42.91805034863294,0.33279388005294136,98.6416708615901,0.4353847138735637,5.8774721288796,0.007925456797868324,0.024099244621516126,4.343429493003475e-06,0.23886283196880004,191.46991590689868,28,COMPLETE
4466,,,2026-10-06 03:02:15.369991,2026-10-06 03:02:15.898090,0 days 00:00:00.528099,0.51115025563667,0.21606902729252941,0.1079964747891848,11.991629079089469,0.33279388005294136,85.69762729633804,1.4690823188003486,35.86671955459044,0.4212595585654096,0.024099244621516126,,0.7296704665126732,,28,PRUNED
4467,,,2026-10-06 03:02:16.217996,2026-10-06 03:02:53.465059,0 days 00:00:37.247063,0.8010869639365119,0.7186098618255685,0.4120579376102117,5.245413993140336,0.6087670929915812,98.6416708615901,1.080654620868664,35.86671955459044,0.4212595585654096,0.03038027549946027,2.1038771230648366e-06,1.1540267369865085,,28,PRUNED
4468,40.09934238980845,7.086256676282966,2026-10-06 03:02:37.360916,2026-10-06 03:05:49.345890,0 days 00:03:11.984974,0.51115025563667,0.7186098618255685,0.5667882730348237,5.245413993140336,0.33279388005294136,94.61146042672904,0.6419517764288287,5.8774721288796,0.08173395261699556,0.03038027549946027,4.343429493003475e-06,1.2974912099205862,191.98484145943075,28,COMPLETE
4469,45.11250278911767,5.775756495111004,2026-10-06 03:02:37.619307,2026-10-06 03:05:50.091862,0 days 00:03:12.472555,0.8548572270960194,0.5820193776072926,0.4120579376102117,5.245413993140336,0.33279388005294136,94.61146042672904,0.6419517764288287,5.8774721288796,0.28988344429582863,0.03038027549946027,4.343429493003475e-06,1.1540267369865085,192.472431066446,28,COMPLETE
4470,35.24562137411583,5.875573747830708,2026-10-06 03:02:42.026008,2026-10-06 03:05:58.859137,0 days 00:03:16.833129,0.51115025563667,0.8717951055729352,0.5667882730348237,10.877854836518644,0.33279388005294136,98.6416708615901,1.080654620868664,19.15408445903519,0.3161737300984912,0.03280586071940829,0.0036251036470146183,1.2974912099205862,196.83299873303622,28,COMPLETE
4471,38.6150728181902,9.640054718945219,2026-10-06 03:02:42.784006,2026-10-06 03:05:53.792288,0 days 00:03:11.008282,0.7123418565646167,0.19189790819770397,0.4120579376102117,10.877854836518644,0.6087670929915812,94.61146042672904,0.7297455375332902,14.182822102930093,0.08173395261699556,0.0319642067232921,4.343429493003475e-06,1.1540267369865085,191.00815145950764,28,COMPLETE
4472,23.828269073386707,10.338890418339712,2026-10-06 03:02:43.699998,2026-10-06 03:05:55.934860,0 days 00:03:12.234862,0.8548572270960194,0.2284118304472575,0.4120579376102117,5.245413993140336,0.6087670929915812,8.179879975825626,0.5631021303469503,23.475624031055144,0.08173395261699556,0.03038027549946027,4.343429493003475e-06,1.2267307691914986,192.23475010041147,28,COMPLETE
4473,35.98036514232493,10.610722529183528,2026-10-06 03:02:44.389993,2026-10-06 03:05:55.694564,0 days 00:03:11.304571,0.19430314527258613,0.3710922296723819,0.5926143650576037,10.877854836518644,0.6087670929915812,98.6416708615901,0.7297455375332902,5.8774721288796,0.08173395261699556,0.03038027549946027,2.1038771230648366e-06,1.1540267369865085,191.30444324947894,28,COMPLETE
4474,57.80252859425459,1.3238954273216161,2026-10-06 03:02:44.886150,2026-10-06 03:05:53.839803,0 days 00:03:08.953653,0.9158653711831447,0.8717951055729352,0.12615106220885586,10.877854836518644,0.33279388005294136,94.61146042672904,0.7518185550990375,1.1445112738702679,0.32622321337599713,0.03280586071940829,4.343429493003475e-06,1.2974912099205862,188.95352788828313,28,COMPLETE
4475,31.148064601064174,18.11945415928895,2026-10-06 03:02:45.061312,2026-10-06 03:06:00.228827,0 days 00:03:15.167515,0.51115025563667,0.19189790819770397,0.5673687007336011,10.877854836518644,0.33279388005294136,98.6416708615901,0.057652835638731637,35.86671955459044,0.2975664073833317,0.03280586071940829,4.343429493003475e-06,0.7699502779177346,195.16740796901286,28,COMPLETE
4476,35.26620446236791,3.849918587342817,2026-10-06 03:02:47.259574,2026-10-06 03:06:00.794432,0 days 00:03:13.534858,0.32522926579248107,0.7186098618255685,0.2345370319995722,5.245413993140336,0.33279388005294136,20.889917546141124,1.484226923085714,7.242018006177657,0.15450841561573675,0.03038027549946027,2.1038771230648366e-06,1.1540267369865085,193.53474273439497,28,COMPLETE
4477,32.655953408578014,15.189915725195533,2026-10-06 03:02:48.100999,2026-10-06 03:05:59.901436,0 days 00:03:11.800437,0.32522926579248107,0.2965654106455736,0.4120579376102117,21.183844928151355,0.2395452449940939,98.6416708615901,0.396687138771568,45.6508402201298,0.3787184497362417,0.03038027549946027,2.1038771230648366e-06,1.1540267369865085,191.80031840782613,28,COMPLETE
4478,38.97693287390858,6.028504346094181,2026-10-06 03:02:49.689448,2026-10-06 03:05:58.958059,0 days 00:03:09.268611,0.8010869639365119,0.3710922296723819,0.2345370319995722,21.152813877330335,0.33279388005294136,98.6416708615901,0.22752043511119913,41.66154811682372,0.28988344429582863,0.03038027549946027,4.343429493003475e-06,1.1540267369865085,189.2684969715774,28,COMPLETE
