number,values_0,values_1,datetime_start,datetime_complete,duration,params_between_rest_spread,params_c_spread,params_c_val,params_input_force,params_k_between_spread,params_k_between_val,params_k_wall_spread,params_k_wall_val,params_m_spread,params_m_val,params_ridge_alpha,params_wall_rest_spread,user_attrs_duration_sec,system_attrs_NSGAIISampler:generation,state
3765,,,2026-10-06 02:35:52.714224,2026-10-06 02:35:53.192923,0 days 00:00:00.478699,0.51115025563667,1.4097887754405944,0.4120579376102117,12.214752017762354,0.6087670929915812,98.6416708615901,1.080654620868664,45.6508402201298,0.007925456797868324,0.03038027549946027,,0.23886283196880004,,24,PRUNED
3766,,,2026-10-06 02:35:53.257127,2026-10-06 02:36:32.982067,0 days 00:00:39.724940,0.6775759777641851,0.2284118304472575,0.4120579376102117,5.245413993140336,0.6087670929915812,98.6416708615901,0.6419517764288287,22.621864368722807,0.2975664073833317,0.03038027549946027,4.343429493003475e-06,1.1540267369865085,,24,PRUNED
3767,,,2026-10-06 02:35:53.506904,2026-10-06 02:37:47.047061,0 days 00:01:53.540157,0.51115025563667,0.07861675458476158,0.20358075665942357,21.183844928151355,0.33279388005294136,98.6416708615901,1.080654620868664,45.6508402201298,0.007925456797868324,0.024099244621516126,6.792965437106984e-06,1.2974912099205862,,24,PRUNED
3768,,,2026-10-06 02:35:54.319990,2026-10-06 02:36:31.089071,0 days 00:00:36.769081,0.7407180681038071,0.21606902729252941,0.12615106220885586,5.245413993140336,0.23942674105855077,85.69762729633804,0.7297455375332902,1.4056083189495427,0.7079410585194288,0.03038027549946027,0.00023428333292156852,0.7699502779177346,,24,PRUNED
3769,31.81221448428236,19.865730343195096,2026-10-06 02:35:54.674002,2026-10-06 02:39:07.625584,0 days 00:03:12.951582,0.51115025563667,0.7186098618255685,0.807738690329122,21.183844928151355,0.6087670929915812,94.61146042672904,1.080654620868664,45.6508402201298,0.08173395261699556,0.03038027549946027,2.1038771230648366e-06,1.1540267369865085,192.9514610124752,24,COMPLETE
3770,52.61213247658662,2.130422100187901,2026-10-06 02:35:55.348001,2026-10-06 02:39:09.694550,0 days 00:03:14.346549,0.51115025563667,0.2284118304472575,0.19400160111159936,5.245413993140336,0.6087670929915812,94.61146042672904,1.4690823188003486,5.8774721288796,0.08173395261699556,0.03280586071940829,4.343429493003475e-06,0.7296704665126732,194.34642766416073,24,COMPLETE
3771,32.57300129317781,2.0047999713031497,2026-10-06 02:36:20.556999,2026-10-06 02:39:31.832659,0 days 00:03:11.275660,0.2974237544827101,0.2965654106455736,0.4120579376102117,5.245413993140336,0.6087670929915812,94.61146042672904,1.4690823188003486,5.8774721288796,0.08173395261699556,0.03038027549946027,0.031276271717816294,1.2267307691914986,191.27554164640605,24,COMPLETE
3772,39.99209894617642,10.498050766067658,2026-10-06 02:36:22.588041,2026-10-06 02:39:34.440518,0 days 00:03:11.852477,0.9158653711831447,0.7186098618255685,0.5667882730348237,10.877854836518644,0.33279388005294136,94.61146042672904,1.080654620868664,13.287491970817165,0.28326362725339566,0.03280586071940829,4.343429493003475e-06,1.3890637168667692,191.85234665405005,24,COMPLETE
3773,54.489730099322685,1.2975921967010455,2026-10-06 02:36:24.015998,2026-10-06 02:39:38.603832,0 days 00:03:14.587834,0.51115025563667,0.8717951055729352,0.12615106220885586,10.877854836518644,0.33279388005294136,94.61146042672904,0.7521982620053282,1.4056083189495427,0.08981597176864942,0.03280586071940829,4.343429493003475e-06,1.1540267369865085,194.58772353362292,24,COMPLETE
3774,46.72626713574254,5.1224038016349365,2026-10-06 02:36:24.696152,2026-10-06 02:39:34.464553,0 days 00:03:09.768401,0.9158653711831447,0.7186098618255685,0.4120579376102117,5.245413993140336,0.33279388005294136,94.61146042672904,0.6419517764288287,5.8774721288796,0.28988344429582863,0.03038027549946027,4.343429493003475e-06,1.1540267369865085,189.76828689873219,24,COMPLETE
3775,39.28729633402082,8.678745570014469,2026-10-06 02:36:25.145978,2026-10-06 02:39:40.889583,0 days 00:03:15.743605,0.51115025563667,0.7186098618255685,0.5926143650576037,11.991629079089469,0.33279388005294136,94.61146042672904,1.4690823188003486,5.8774721288796,0.08173395261699556,0.03473613570929263,4.343429493003475e-06,1.1540267369865085,195.74349872861058,24,COMPLETE
3776,44.510128253775555,2.946133177823201,2026-10-06 02:36:26.497002,2026-10-06 02:39:37.170878,0 days 00:03:10.673876,0.51115025563667,1.1116886790597453,0.20358075665942357,5.245413993140336,0.33279388005294136,98.6416708615901,0.2501933179705107,45.6508402201298,0.3054149949472662,0.03280586071940829,4.343429493003475e-06,0.23886283196880004,190.67374677956104,24,COMPLETE
3777,26.00816556243159,25.865781121809036,2026-10-06 02:36:26.578982,2026-10-06 02:39:38.543515,0 days 00:03:11.964533,0.8010869639365119,0.07861675458476158,0.807738690329122,21.183844928151355,0.6087670929915812,98.6416708615901,0.39552867473326975,45.6508402201298,0.007925456797868324,0.03038027549946027,4.343429493003475e-06,1.2974912099205862,191.9644137872383,24,COMPLETE
3778,26.536717835412503,24.562062375815657,2026-10-06 02:36:27.279387,2026-10-06 02:39:40.823508,0 days 00:03:13.544121,0.7575269377550162,0.07861675458476158,0.807738690329122,21.183844928151355,0.3049037081953532,94.61146042672904,1.080654620868664,45.6508402201298,0.007925456797868324,0.03280586071940829,4.343429493003475e-06,1.2069014409056942,193.54401553794742,24,COMPLETE
3779,26.250194054385595,3.2445584978374233,2026-10-06 02:36:27.948999,2026-10-06 02:39:35.636523,0 days 00:03:07.687524,0.7123418565646167,0.2965654106455736,0.5667882730348237,5.245413993140336,0.6087670929915812,94.61146042672904,0.7297455375332902,41.66154811682372,0.2069528048783023,0.03280586071940829,0.13740400569516167,1.1540267369865085,187.68740352522582,24,COMPLETE
3780,23.67339086283861,27.62142005994796,2026-10-06 02:36:28.592001,2026-10-06 02:39:42.509760,0 days 00:03:13.917759,0.51115025563667,0.07861675458476158,0.807738690329122,21.183844928151355,0.3519093950798047,94.61146042672904,1.080654620868664,45.6508402201298,0.3054149949472662,0.03280586071940829,4.343429493003475e-06,0.23886283196880004,193.91763647459447,24,COMPLETE
3781,43.552562368111715,6.788560337002862,2026-10-06 02:36:28.895996,2026-10-06 02:39:38.381410,0 days 00:03:09.485414,0.7407180681038071,0.7186098618255685,0.4120579376102117,11.991629079089469,0.6087670929915812,94.61146042672904,0.6419517764288287,5.8774721288796,0.007925456797868324,0.03038027549946027,2.1038771230648366e-06,1.1540267369865085,189.485297950916,24,COMPLETE
3782,,,2026-10-06 02:36:30.539983,2026-10-06 02:38:27.683053,0 days 00:01:57.143070,0.8548572270960194,0.2284118304472575,0.5667882730348237,5.245413993140336,0.6087670929915812,98.6416708615901,1.4690823188003486,41.66154811682372,0.007925456797868324,0.03038027549946027,4.343429493003475e-06,1.2267307691914986,,24,PRUNED
3783,47.60927329333911,2.874912460834568,2026-10-06 02:36:31.548334,2026-10-06 02:39:40.406968,0 days 00:03:08.858634,0.51115025563667,0.7186098618255685,0.4120579376102117,5.245413993140336,0.14692212651879782,94.61146042672904,1.4690823188003486,2.064375155489988,0.15450841561573675,0.03280586071940829,2.1038771230648366e-06,1.1540267369865085,188.8585157589987,24,COMPLETE
3784,,,2026-10-06 02:36:31.551968,2026-10-06 02:36:32.103223,0 days 00:00:00.551255,0.51115025563667,0.48628333026250986,0.5667882730348237,12.214752017762354,0.6087670929915812,98.6416708615901,1.4690823188003486,45.6508402201298,0.08173395261699556,0.0025024600795766684,,0.23886283196880004,,24,PRUNED
3785,35.65205214274897,9.977480063983341,2026-10-06 02:36:31.555959,2026-10-06 02:39:39.857446,0 days 00:03:08.301487,0.51115025563667,0.21606902729252941,0.5673687007336011,5.903070221244182,0.2395452449940939,98.6416708615901,1.484226923085714,5.8774721288796,0.2975664073833317,0.024099244621516126,5.411539664035814e-06,1.1540267369865085,188.30138412676752,24,COMPLETE
3786,,,2026-10-06 02:36:31.559948,2026-10-06 02:37:11.345031,0 days 00:00:39.785083,0.51115025563667,0.2965654106455736,0.20358075665942357,10.877854836518644,0.6087670929915812,94.61146042672904,1.484226923085714,5.8774721288796,0.2975664073833317,0.03038027549946027,4.343429493003475e-06,0.4099688808190274,,24,PRUNED
3787,34.8980140344084,5.471110881871503,2026-10-06 02:36:31.563950,2026-10-06 02:39:38.721738,0 days 00:03:07.157788,0.8010869639365119,0.07861675458476158,0.22782116914895395,21.183844928151355,0.506401025718823,94.61146042672904,1.080654620868664,45.6508402201298,0.28988344429582863,0.03280586071940829,4.343429493003475e-06,0.5148584604687951,187.15767333935946,24,COMPLETE
3788,,,2026-10-06 02:36:31.844006,2026-10-06 02:37:10.675059,0 days 00:00:38.831053,0.7407180681038071,0.7186098618255685,0.5926143650576037,4.984442735393866,0.6087670929915812,98.6416708615901,0.6419517764288287,70.0834609279552,0.27777295972860305,0.03280586071940829,4.343429493003475e-06,1.1540267369865085,,24,PRUNED
3789,33.14571256359536,17.6188610758312,2026-10-06 02:36:32.307990,2026-10-06 02:39:42.146051,0 days 00:03:09.838061,0.51115025563667,0.21606902729252941,0.5673687007336011,5.245413993140336,0.33279388005294136,98.6416708615901,0.8500967327077236,14.182822102930093,0.2975664073833317,0.024099244621516126,4.343429493003475e-06,0.23886283196880004,189.8379544094205,24,COMPLETE
3790,34.58046914858226,14.067885526180605,2026-10-06 02:36:32.320109,2026-10-06 02:39:42.336841,0 days 00:03:10.016732,0.51115025563667,0.8717951055729352,0.5667882730348237,21.183844928151355,0.33279388005294136,85.69762729633804,1.080654620868664,45.6508402201298,0.007925456797868324,0.03038027549946027,2.1038771230648366e-06,1.2974912099205862,190.0166190173477,24,COMPLETE
3791,46.30664496174576,4.5050421135536665,2026-10-06 02:36:33.325000,2026-10-06 02:39:43.138888,0 days 00:03:09.813888,0.9158653711831447,0.7186098618255685,0.4120579376102117,5.245413993140336,0.6087670929915812,98.6416708615901,0.6419517764288287,5.8774721288796,0.15450841561573675,0.03038027549946027,4.343429493003475e-06,1.1540267369865085,189.81377165205777,24,COMPLETE
3792,57.54529563389599,1.2629549488436882,2026-10-06 02:36:34.568002,2026-10-06 02:39:46.495325,0 days 00:03:11.927323,0.9158653711831447,0.2965654106455736,0.12615106220885586,5.245413993140336,0.2395452449940939,94.61146042672904,0.7257345409495506,1.1445112738702679,0.08173395261699556,0.03038027549946027,2.1038771230648366e-06,1.1540267369865085,191.9272031756118,24,COMPLETE
3793,29.837227654536527,12.915713196249317,2026-10-06 02:36:59.283000,2026-10-06 02:40:14.594452,0 days 00:03:15.311452,0.51115025563667,0.07861675458476158,0.4120579376102117,27.68668170458092,0.3519093950798047,94.61146042672904,1.484226923085714,19.15408445903519,0.15450841561573675,0.03280586071940829,4.343429493003475e-06,0.23886283196880004,195.31132717430592,24,COMPLETE
3794,39.99374175618995,9.387102261372801,2026-10-06 02:37:00.593166,2026-10-06 02:40:14.676869,0 days 00:03:14.083703,0.51115025563667,0.07861675458476158,0.4120579376102117,5.245413993140336,0.6087670929915812,94.61146042672904,0.7297455375332902,14.182822102930093,0.08173395261699556,0.03038027549946027,5.411539664035814e-06,1.1540267369865085,194.08358209114522,24,COMPLETE
3795,,,2026-10-06 02:37:03.200013,2026-10-06 02:37:03.847009,0 days 00:00:00.646996,0.7123418565646167,1.1826001830217452,0.5667882730348237,5.245413993140336,0.6087670929915812,85.69762729633804,0.7297455375332902,14.182822102930093,0.08173395261699556,0.03038027549946027,,1.1540267369865085,,24,PRUNED
3796,,,2026-10-06 02:37:04.000168,2026-10-06 02:37:43.898032,0 days 00:00:39.897864,0.51115025563667,0.21606902729252941,0.807738690329122,38.95471816389657,0.6087670929915812,98.6416708615901,0.7297455375332902,14.182822102930093,0.3161737300984912,0.03280586071940829,4.343429493003475e-06,0.7699502779177346,,24,PRUNED
3797,,,2026-10-06 02:37:04.785631,2026-10-06 02:37:44.011405,0 days 00:00:39.225774,0.51115025563667,0.7186098618255685,0.4120579376102117,5.245413993140336,0.6087670929915812,98.6416708615901,0.6419517764288287,19.15408445903519,0.28988344429582863,0.03038027549946027,4.343429493003475e-06,1.1540267369865085,,24,PRUNED
3798,54.294906030783935,1.4397208916004243,2026-10-06 02:37:04.884433,2026-10-06 02:40:16.929694,0 days 00:03:12.045261,0.51115025563667,0.2965654106455736,0.12615106220885586,11.991629079089469,0.33279388005294136,85.69762729633804,1.080654620868664,1.4056083189495427,0.3372985396418654,0.03038027549946027,4.343429493003475e-06,1.1540267369865085,192.04513854999095,24,COMPLETE
3799,51.15781728833873,2.6039376487988544,2026-10-06 02:37:05.660002,2026-10-06 02:40:19.861586,0 days 00:03:14.201584,0.51115025563667,0.12012392749078848,0.20358075665942357,5.245413993140336,0.33279388005294136,98.6416708615901,1.484226923085714,19.15408445903519,0.28988344429582863,0.03038027549946027,4.343429493003475e-06,1.1540267369865085,194.20146972499788,24,COMPLETE
3800,,,2026-10-06 02:37:08.201990,2026-10-06 02:37:45.917053,0 days 00:00:37.715063,0.8010869639365119,0.48628333026250986,0.029232290533407233,5.343050688320007,0.6087670929915812,94.61146042672904,1.484226923085714,1.4056083189495427,0.3372985396418654,0.03038027549946027,2.3750381397930932e-05,0.2678812614884665,,24,PRUNED
3801,49.95366979681754,1.96412839347486,2026-10-06 02:37:08.628334,2026-10-06 02:40:22.141832,0 days 00:03:13.513498,0.51115025563667,0.7186098618255685,0.2345370319995722,10.877854836518644,0.33279388005294136,98.6416708615901,1.484226923085714,11.658091902436357,0.28988344429582863,0.04779351105226113,4.343429493003475e-06,1.2974912099205862,193.51340185385197,24,COMPLETE
3802,37.08576413110457,12.753620427964185,2026-10-06 02:37:08.818161,2026-10-06 02:40:23.707660,0 days 00:03:14.889499,0.51115025563667,0.2284118304472575,0.5667882730348237,10.877854836518644,0.506401025718823,98.6416708615901,1.484226923085714,12.371756168223909,0.08173395261699556,0.03280586071940829,4.343429493003475e-06,1.2974912099205862,194.88938138913363,24,COMPLETE
3803,,,2026-10-06 02:37:08.821954,2026-10-06 02:37:09.538050,0 days 00:00:00.716096,0.2994157425323484,0.7186098618255685,0.807738690329122,5.9157795924053715,0.6087670929915812,98.6416708615901,1.484226923085714,1.2631975283187085,1.3361046160763226,0.03038027549946027,,0.23886283196880004,,24,PRUNED
3804,23.421246902218417,25.234789273412318,2026-10-06 02:37:10.026020,2026-10-06 02:40:20.755955,0 days 00:03:10.729935,0.51115025563667,0.07861675458476158,0.807738690329122,48.427134399501995,0.506401025718823,98.6416708615901,0.6805593936152066,45.6508402201298,0.007925456797868324,0.03280586071940829,4.343429493003475e-06,1.2974912099205862,190.7298148041591,24,COMPLETE
3805,38.057513962021694,4.787941770253811,2026-10-06 02:37:10.195984,2026-10-06 02:40:24.450867,0 days 00:03:14.254883,0.7123418565646167,0.7186098618255685,0.4120579376102117,5.245413993140336,0.6087670929915812,94.61146042672904,0.6419517764288287,5.8774721288796,0.28988344429582863,0.03038027549946027,2.1038771230648366e-06,0.13228467713293074,194.25476907286793,24,COMPLETE
3806,21.797936014779065,5.713137528893559,2026-10-06 02:37:11.286158,2026-10-06 02:40:20.344375,0 days 00:03:09.058217,0.7407180681038071,0.21606902729252941,0.20358075665942357,5.245413993140336,0.2395452449940939,7.557509598774799,0.7297455375332902,14.182822102930093,0.4212595585654096,0.03038027549946027,4.343429493003475e-06,0.23886283196880004,189.0580935915932,24,COMPLETE
3807,31.032615234686695,20.022386787903457,2026-10-06 02:37:11.289955,2026-10-06 02:40:18.619834,0 days 00:03:07.329879,1.0114930815552756,0.7186098618255685,0.807738690329122,12.214752017762354,0.6087670929915812,98.6416708615901,0.6419517764288287,45.6508402201298,0.08173395261699556,0.03038027549946027,4.343429493003475e-06,0.23886283196880004,187.3297661151737,24,COMPLETE
3808,33.834519731673225,12.585326972421097,2026-10-06 02:37:11.413215,2026-10-06 02:40:24.117713,0 days 00:03:12.704498,0.51115025563667,0.07861675458476158,0.5667882730348237,20.000726109884642,0.33279388005294136,94.61146042672904,1.080654620868664,5.8774721288796,0.2975664073833317,0.03280586071940829,4.343429493003475e-06,1.1540267369865085,192.7043864596635,24,COMPLETE
3809,22.299299470562964,27.547875596949613,2026-10-06 02:37:12.456004,2026-10-06 02:40:20.775826,0 days 00:03:08.319822,0.51115025563667,0.07861675458476158,0.807738690329122,21.183844928151355,0.3049037081953532,94.61146042672904,1.080654620868664,45.6508402201298,0.08173395261699556,0.03280586071940829,4.343429493003475e-06,0.23886283196880004,188.31971619371325,24,COMPLETE
3810,47.35304506600253,2.3471366964483704,2026-10-06 02:37:36.400032,2026-10-06 02:40:51.065784,0 days 00:03:14.665752,0.51115025563667,0.07861675458476158,0.20358075665942357,10.877854836518644,0.6087670929915812,98.6416708615901,1.484226923085714,5.8774721288796,0.2975664073833317,0.03280586071940829,5.411539664035814e-06,1.2974912099205862,194.66158551163971,24,COMPLETE
3811,,,2026-10-06 02:37:38.592016,2026-10-06 02:37:39.459066,0 days 00:00:00.867050,0.51115025563667,0.7186098618255685,0.17085048311687273,5.245413993140336,0.33279388005294136,98.6416708615901,1.484226923085714,12.371756168223909,0.28988344429582863,0.004705523732275373,,1.2974912099205862,,24,PRUNED
3812,31.08218670608011,17.623367252526283,2026-10-06 02:37:39.592020,2026-10-06 02:40:58.365734,0 days 00:03:18.773714,0.51115025563667,0.2284118304472575,0.5667882730348237,10.877854836518644,0.506401025718823,85.69762729633804,1.080654620868664,41.66154811682372,0.08173395261699556,0.03280586071940829,5.411539664035814e-06,0.7296704665126732,198.7735894974321,24,COMPLETE
3813,,,2026-10-06 02:37:41.770018,2026-10-06 02:39:37.866123,0 days 00:01:56.096105,0.51115025563667,0.7186098618255685,0.807738690329122,5.245413993140336,0.3519093950798047,94.61146042672904,1.4690823188003486,45.6508402201298,0.007925456797868324,0.03280586071940829,2.1038771230648366e-06,1.1540267369865085,,24,PRUNED
3814,39.739978158652185,8.158485060623448,2026-10-06 02:37:44.112224,2026-10-06 02:40:54.189571,0 days 00:03:10.077347,0.7478556965652584,0.26508477381383705,0.5667882730348237,10.877854836518644,0.33279388005294136,98.6416708615901,1.484226923085714,4.659864743876229,0.2975664073833317,0.03280586071940829,4.343429493003475e-06,1.1540267369865085,190.07723171357065,24,COMPLETE
3815,46.80780119835329,3.069616977811995,2026-10-06 02:37:44.187981,2026-10-06 02:40:56.922575,0 days 00:03:12.734594,0.8010869639365119,0.8717951055729352,0.2345370319995722,5.245413993140336,0.33279388005294136,98.6416708615901,0.7297455375332902,41.66154811682372,0.08173395261699556,0.03038027549946027,2.1038771230648366e-06,1.1540267369865085,192.73448664229363,24,COMPLETE
3816,45.89150842160711,5.031526319036575,2026-10-06 02:37:45.300984,2026-10-06 02:40:58.749431,0 days 00:03:13.448447,0.51115025563667,0.7186098618255685,0.2817022484194288,5.245413993140336,0.2395452449940939,94.61146042672904,0.6419517764288287,35.86671955459044,0.3161737300984912,0.03038027549946027,2.1038771230648366e-06,1.1540267369865085,193.44832166936249,24,COMPLETE
3817,27.118626429336985,14.561880185375152,2026-10-06 02:37:46.200159,2026-10-06 02:40:56.798894,0 days 00:03:10.598735,0.51115025563667,0.2965654106455736,0.4120579376102117,43.08289621478972,0.33279388005294136,86.6015482918717,0.7297455375332902,49.34072447229152,0.06802941049346445,0.03038027549946027,4.343429493003475e-06,1.1540267369865085,190.59850487764925,24,COMPLETE
3818,42.46433025242584,6.4835533750332015,2026-10-06 02:37:46.203963,2026-10-06 02:40:56.923548,0 days 00:03:10.719585,0.51115025563667,0.2284118304472575,0.4120579376102117,5.245413993140336,0.33279388005294136,98.6416708615901,0.7087151047775566,5.8774721288796,0.08173395261699556,0.03038027549946027,4.343429493003475e-06,1.2267307691914986,190.71948804240674,24,COMPLETE
3819,49.27532294388769,3.378065112610236,2026-10-06 02:37:46.207951,2026-10-06 02:41:00.365632,0 days 00:03:14.157681,0.51115025563667,0.2965654106455736,0.2345370319995722,5.245413993140336,0.33279388005294136,98.6416708615901,1.484226923085714,19.15408445903519,0.28988344429582863,0.03038027549946027,4.343429493003475e-06,1.1540267369865085,194.1575715728104,24,COMPLETE
3820,,,2026-10-06 02:37:46.211942,2026-10-06 02:37:47.422060,0 days 00:00:01.210118,0.9158653711831447,0.2965654106455736,0.5145138456938373,5.245413993140336,0.9064587935168028,94.61146042672904,0.7257345409495506,1.1445112738702679,0.026937100580568585,0.017395767301462518,,1.1540267369865085,,24,PRUNED
3821,,,2026-10-06 02:37:47.974183,2026-10-06 02:38:25.934062,0 days 00:00:37.959879,0.7123418565646167,0.21606902729252941,0.5926143650576037,11.991629079089469,0.6087670929915812,94.61146042672904,0.7297455375332902,41.66154811682372,0.4212595585654096,0.03038027549946027,2.1038771230648366e-06,1.209109649444219,,24,PRUNED
3822,,,2026-10-06 02:37:47.977960,2026-10-06 02:37:48.292018,0 days 00:00:00.314058,0.51115025563667,0.21606902729252941,0.807738690329122,8.556213008137046,0.506401025718823,98.6416708615901,0.7297455375332902,24.7033276028984,0.3161737300984912,0.008701305823510214,,1.1540267369865085,,24,PRUNED
3823,49.447725855882354,1.589825105626341,2026-10-06 02:37:47.981947,2026-10-06 02:40:58.216967,0 days 00:03:10.235020,0.51115025563667,0.07861675458476158,0.19400160111159936,21.183844928151355,0.6087670929915812,94.61146042672904,1.0006633685926767,1.300906615179586,0.08173395261699556,0.03280586071940829,2.1038771230648366e-06,1.2974912099205862,190.23470349796116,24,COMPLETE
3824,,,2026-10-06 02:37:47.985942,2026-10-06 02:37:49.660070,0 days 00:00:01.674128,0.9158653711831447,0.8383890096621868,0.807738690329122,5.245413993140336,0.33279388005294136,75.14227000927218,0.7087151047775566,5.8774721288796,0.3054149949472662,0.024099244621516126,,1.1540267369865085,,24,PRUNED
