number,values_0,values_1,datetime_start,datetime_complete,duration,params_between_rest_spread,params_c_spread,params_c_val,params_input_force,params_k_between_spread,params_k_between_val,params_k_wall_spread,params_k_wall_val,params_m_spread,params_m_val,params_ridge_alpha,params_wall_rest_spread,user_attrs_duration_sec,system_attrs_NSGAIISampler:generation,state
327,14.700575423037751,1.3287794759755807,2026-10-06 00:23:39.135970,2026-10-06 00:26:50.416063,0 days 00:03:11.280093,1.2046855962064735,1.2623335008984125,0.328339000212083,23.438814213417377,1.3042659847696327,1.444908028830439,1.219703441443011,36.377242618377736,0.04697464239616461,0.052491647632961186,0.10051892402550446,0.4706048430048646,191.28000145219266,0,COMPLETE
328,,,2026-10-06 00:23:39.139969,2026-10-06 00:23:39.425034,0 days 00:00:00.285065,0.49277971362385575,0.2489668232443082,0.2995478300665103,3.8168386182634886,0.4182354363066045,8.164131768976436,1.1184816786308338,38.99333777572937,0.29250995644526917,0.0017245643684877085,,1.114844845832875,,0,PRUNED
329,,,2026-10-06 00:23:39.366995,2026-10-06 00:23:40.088037,0 days 00:00:00.721042,0.44021940857546593,0.9565883501065203,0.9922619944298326,16.472151596026837,0.40791768805511863,1.0251687365556617,0.6783817709722076,4.584511501623601,0.6433772861092991,0.0038553382668556203,,0.5650097871069688,,0,PRUNED
330,,,2026-10-06 00:23:39.425327,2026-10-06 00:23:40.220018,0 days 00:00:00.794691,1.0778351242013495,0.764350577244412,0.2760457281151395,18.53159811908819,1.3138654331463522,87.53739847809729,1.4844386966852694,13.434457260533751,0.6104963194747581,0.001029012202978128,,1.2028908663213322,,0,PRUNED
331,,,2026-10-06 00:23:39.492157,2026-10-06 00:23:40.126022,0 days 00:00:00.633865,0.5175324063689789,1.2707462957078641,0.038832069557664536,13.08907338014535,0.8156394277168331,34.83025167933855,0.7936315584581348,38.408865531067704,0.643845116741245,0.0014378471285506932,,0.9059997679728904,,0,PRUNED
332,8.083992660178088,1.0784167606483799,2026-10-06 00:23:39.540023,2026-10-06 00:26:51.350613,0 days 00:03:11.810590,0.3779181906138046,1.3426989895475885,0.06547318123231556,22.380754051981473,1.0620064714188056,2.45451152789918,0.0018636960494170518,22.62275011577663,0.714074901753055,0.07638574695283341,5.386154059830237,0.9660949628987078,191.81050100456923,0,COMPLETE
333,,,2026-10-06 00:23:39.586306,2026-10-06 00:23:40.861060,0 days 00:00:01.274754,0.8296951203557126,0.8452363885482451,0.023267642853317567,27.691290370754906,0.459276466644558,33.501160588740824,1.142282984340271,7.402474333953426,0.6606604498968112,0.0013200759706547458,,1.4592037100009456,,0,PRUNED
334,,,2026-10-06 00:23:40.003157,2026-10-06 00:23:41.304036,0 days 00:00:01.300879,0.8643897659994894,1.1491295719446486,0.017127091765505597,4.608026669332162,0.7549450070447734,31.00712847062842,1.39390856274258,6.655219889279818,1.3603104515174826,0.003890439682442303,,1.120000909633994,,0,PRUNED
335,,,2026-10-06 00:23:40.228799,2026-10-06 00:23:40.770026,0 days 00:00:00.541227,1.1946715250107285,0.4184948379497608,0.7685290196644415,18.552471365234236,1.010907216542517,93.53673599430554,1.0520631588449585,14.750328368459275,1.0376567044428553,0.010145491158797225,,0.24916847374088874,,0,PRUNED
336,,,2026-10-06 00:23:40.231970,2026-10-06 00:23:40.911025,0 days 00:00:00.679055,0.7132664384521517,0.5541846235479326,0.10617902223257253,29.216165234483032,0.5702372581970983,73.87914855747046,0.09941100246712309,68.63503018372413,0.10831438180576836,0.004372307876235902,,1.1101854580790391,,0,PRUNED
337,13.74053960651293,1.2831398838925887,2026-10-06 00:23:40.276131,2026-10-06 00:26:46.430012,0 days 00:03:06.153881,1.2582520419263636,1.0729775233203263,0.02802141484430143,27.801004976531082,0.5089502933013158,3.1478921782522415,0.623298891578514,2.103214231658471,0.5936130498372709,0.011024548125072038,1.1950120109312743e-05,0.29859156388464597,186.1537949508056,0,COMPLETE
338,,,2026-10-06 00:23:40.980013,2026-10-06 00:23:41.073062,0 days 00:00:00.093049,0.021560979602834207,0.8625151928018502,0.03515621650260489,1.7121123571611174,0.9600811881461595,16.70020778205087,1.1704359557370903,43.29089354953263,0.9113612070018128,0.04284410121833351,,0.9710228662680197,,0,PRUNED
339,,,2026-10-06 00:23:41.023501,2026-10-06 00:23:41.909018,0 days 00:00:00.885517,0.924705191738157,0.7741914853951466,0.05446167329374402,5.289298366314368,0.2722411973614033,59.62357396039033,0.8287606122543762,4.165475217690665,1.148111072932681,0.0010915703359110573,,1.2531199142722051,,0,PRUNED
340,18.909046310800925,2.113089144879277,2026-10-06 00:23:41.026990,2026-10-06 00:26:50.421996,0 days 00:03:09.395006,0.894880297505847,0.0015127087322802102,0.06245627259554569,19.14822430842434,0.719068810963405,6.509197328305757,0.8502915540849316,2.4496693382855184,0.6708856937496074,0.012358783297116418,0.9818258572202128,1.4889399539712005,189.3949209684506,0,COMPLETE
341,,,2026-10-06 00:23:41.496158,2026-10-06 00:23:41.935016,0 days 00:00:00.438858,0.9030728425584152,1.0887552472303783,0.058264786208734876,16.658652145380096,1.459974299371657,81.30557095078528,1.0436750043532221,27.31030407142132,0.6225966520741324,0.005196142101881563,,1.1341773112117897,,0,PRUNED
342,,,2026-10-06 00:23:41.764013,2026-10-06 00:24:19.129050,0 days 00:00:37.365037,1.0926559607971176,0.5938623431702379,0.014684152645875694,36.601751569931984,1.172773623033544,7.688677990799187,1.4758644744617468,2.1401508201265576,1.0583242455875181,0.01121514001060532,2.226711535608451e-06,0.8070573386648389,,0,PRUNED
343,10.246420828951951,1.2798920716137863,2026-10-06 00:23:42.035995,2026-10-06 00:26:51.309385,0 days 00:03:09.273390,0.8009851116475706,0.635902616878189,0.18856641684316355,37.267950729532295,0.8398073374640256,2.818841864025573,0.8398027345935355,1.4261557368279152,0.9207622755097764,0.06272575062173118,10.182537821825022,0.6412530901975471,189.2732905242592,0,COMPLETE
344,,,2026-10-06 00:23:42.184015,2026-10-06 00:23:42.438024,0 days 00:00:00.254009,1.1470350761885215,1.129374850677309,0.42028632306998065,21.630422303526164,0.5265562036351927,14.044477388283667,0.522877356280008,1.6072008125438648,0.6316578107128386,0.006511654535128452,,1.02591725787942,,0,PRUNED
345,,,2026-10-06 00:23:42.580055,2026-10-06 00:23:43.478045,0 days 00:00:00.897990,0.09723096152068855,1.4748912577781705,0.5389934030017843,24.710616654712965,1.3661346605831355,3.031459568496747,0.6312657212693931,27.320649346691074,1.1504839065296075,0.054826851550189196,,0.7818935231179861,,0,PRUNED
346,,,2026-10-06 00:23:43.680001,2026-10-06 00:23:44.248046,0 days 00:00:00.568045,0.028641976685689907,0.795514898048665,0.12232746703060507,44.46776919662303,0.4629511693758906,58.50757437080686,0.8392704292153849,1.2477561139835194,0.7919844892939562,0.012072485689702718,,1.380929688270384,,0,PRUNED
347,,,2026-10-06 00:23:44.268025,2026-10-06 00:23:45.550049,0 days 00:00:01.282024,1.2544055617952483,1.0535195362773404,0.07659673657360343,47.25831556781957,0.14304331869593423,11.474412093780387,1.0117679299441824,3.287196603188382,1.3054069822908985,0.0028624284540671053,,0.5298910450922765,,0,PRUNED
348,,,2026-10-06 00:23:45.795021,2026-10-06 00:23:46.938402,0 days 00:00:01.143381,1.0277823511228914,0.22891445241024866,0.15632813586675237,7.670538621730014,0.7046139075753786,15.761089759080805,1.2321444738446767,17.375749660197254,1.2911768798581291,0.0014148533129995527,,1.1430089762244857,,0,PRUNED
349,,,2026-10-06 00:23:46.966753,2026-10-06 00:24:32.174039,0 days 00:00:45.207286,0.23098094781713935,0.38559285371123625,0.4702126230699366,27.429028162148562,1.3277867018132676,65.46142197506263,1.3835888806627283,1.5259313456021935,0.40522512518706255,0.023819524413015932,0.00029628107804908024,0.39031574833039623,,0,PRUNED
350,,,2026-10-06 00:24:03.028011,2026-10-06 00:24:04.213564,0 days 00:00:01.185553,0.4077964482001723,0.12671482815334606,0.011582921045448068,26.302325673726276,0.7093597201539397,1.0928518059676688,0.9436752851701984,15.782222970744357,0.6178604161221475,0.006551377044307204,,0.6458595398037212,,0,PRUNED
351,,,2026-10-06 00:24:04.263018,2026-10-06 00:24:05.144430,0 days 00:00:00.881412,0.830817149393767,1.3296928200696292,0.11931520827948901,8.558390945738052,1.4102181035015193,35.74142590745452,0.14983698134553786,94.35463410019285,0.5471071644132967,0.011425660557984354,,0.34546188988929655,,0,PRUNED
352,,,2026-10-06 00:24:04.346049,2026-10-06 00:24:06.069241,0 days 00:00:01.723192,0.779290863244974,0.9181866798950734,0.3757613101959813,35.80440508138762,0.3130530121434508,1.219971032368683,1.3926797364098042,6.957171653424672,0.6071708355289227,0.00541953405189402,,1.4310114885707836,,0,PRUNED
353,,,2026-10-06 00:24:05.412753,2026-10-06 00:24:06.173378,0 days 00:00:00.760625,0.4610148752179486,1.4087857956351941,0.020484659555714064,20.581915662140553,0.11618527012082913,5.292191386746111,0.3143508849525576,1.2451562380739896,1.2328333580855135,0.0037759284886179126,,0.6294127730437713,,0,PRUNED
354,,,2026-10-06 00:24:05.415985,2026-10-06 00:24:05.749064,0 days 00:00:00.333079,0.128426441685489,0.46096661365322833,0.877615931131782,7.606532930361637,0.5069539946845845,3.7266242963944873,0.1616678584435413,2.5184963065777346,1.2103873671982728,0.002670381914703323,,0.30343661665393135,,0,PRUNED
355,12.938518477213787,1.150145661133356,2026-10-06 00:24:05.977256,2026-10-06 00:27:18.560616,0 days 00:03:12.583360,1.486359617265323,1.1618979222354262,0.05419641752291585,22.229240018589437,1.0049740326248928,22.96224782228527,0.3030271634247861,38.11274640402482,0.3091532386236232,0.05049498181882767,0.0005007370990750456,0.5947883934396596,192.58326103817672,0,COMPLETE
356,15.634916651857338,1.6776409497868772,2026-10-06 00:24:06.169524,2026-10-06 00:27:23.313144,0 days 00:03:17.143620,0.9227990924178182,1.0614494453295087,0.3286431300900295,28.812431673218317,1.0401777956347211,4.576330102560988,1.3000081200807654,7.626361219094787,0.2758533837223839,0.04293935982112722,0.005201046480320626,0.24012654309303338,197.1435136133805,0,COMPLETE
357,,,2026-10-06 00:24:06.173821,2026-10-06 00:24:07.259682,0 days 00:00:01.085861,1.023210202468192,0.17620296054343765,0.16689517289617445,39.215989447483096,1.342427008543061,54.38026751722275,0.7902949237337216,83.80862263505142,0.15753804230204882,0.006724206773925222,,0.2112377901970212,,0,PRUNED
358,5.50783661127728,1.218418027851428,2026-10-06 00:24:06.379024,2026-10-06 00:27:18.348294,0 days 00:03:11.969270,0.6252217818099858,0.39816965714334984,0.02228487946926152,34.78384843533542,0.3004463213093806,16.03312113482977,0.17720980696472544,4.340163951340591,0.7795696048602643,0.0345857284275751,3.6855424949360755e-06,0.8530563678896319,191.96917597111315,0,COMPLETE
359,,,2026-10-06 00:24:06.741018,2026-10-06 00:24:07.675295,0 days 00:00:00.934277,0.4456144709314465,0.28401148490060274,0.012218674980126997,25.334868407990708,1.228941394500451,10.60208702488711,0.18287109469490487,23.449837925619537,1.0434338601871143,0.002109329186912604,,0.31472366373460947,,0,PRUNED
360,,,2026-10-06 00:24:07.276389,2026-10-06 00:24:08.146022,0 days 00:00:00.869633,0.05242532599213101,0.9517231372959587,0.06182603855136719,5.08654081379866,0.16682152614245166,59.282595406172305,0.2584108526803852,1.8883786380869632,1.457005409084717,0.00419448175870003,,0.9861860274867872,,0,PRUNED
361,,,2026-10-06 00:24:07.506960,2026-10-06 00:24:08.610030,0 days 00:00:01.103070,0.8878530047609442,0.6028233008413111,0.06366800717028884,27.803888274245814,0.7505784710377926,8.900243284841816,0.019815875669495497,65.63796057337602,0.5744763315577857,0.005680742209108914,,0.7522709564765652,,0,PRUNED
362,15.940170278472579,1.7303640493653625,2026-10-06 00:24:07.700088,2026-10-06 00:27:23.359764,0 days 00:03:15.659676,0.5070340047062898,0.9832504745577315,0.43500658668217684,46.55467332381267,0.6146609198256033,1.0724968350314024,0.3859829842071977,15.666262486690792,0.5352653566674694,0.04730693924450541,0.07353357043045132,1.0582138352617934,195.65957940742373,0,COMPLETE
363,,,2026-10-06 00:24:08.392009,2026-10-06 00:24:08.783011,0 days 00:00:00.391002,0.6122897883927784,1.0031208486013516,0.19234154114025306,2.4582546054175163,0.8913679566636041,6.90911188098221,0.23798241469928882,21.670666577553867,1.274067220340826,0.0011468835864325753,,0.6327056853225577,,0,PRUNED
364,,,2026-10-06 00:24:08.962162,2026-10-06 00:24:09.187029,0 days 00:00:00.224867,1.0404737077347497,0.32620867424267036,0.03994213306549985,44.52257081156644,0.6239815912096182,94.26330791020399,1.3443341980851544,8.49713807809565,0.16073598527264232,0.006846260720211031,,0.4476619889528288,,0,PRUNED
365,,,2026-10-06 00:24:09.025728,2026-10-06 00:24:09.408065,0 days 00:00:00.382337,1.006016525502158,1.2319862044394565,0.284373627481748,3.568479706365602,0.566864672654433,8.065364620783782,1.161773795481483,53.75176762685487,0.9181155677972836,0.004394745047855641,,0.7578877576769822,,0,PRUNED
366,20.974274663610714,1.226385422711788,2026-10-06 00:24:09.734159,2026-10-06 00:27:20.217967,0 days 00:03:10.483808,0.40009730686576345,0.34580712483587966,0.0158458201208325,7.838396836201004,0.2673725250156749,52.3721000840588,0.4480013415243937,5.41315121358966,0.42825093273688436,0.04136690184203871,3.2081795478567104e-06,0.8716427982628481,190.48370518069714,0,COMPLETE
367,,,2026-10-06 00:24:09.735850,2026-10-06 00:24:10.270136,0 days 00:00:00.534286,1.1893038466909542,1.4670656333318712,0.4471914512756094,46.400591609797395,0.7939611410631804,90.58804255841916,0.7885973561401354,8.954226355904993,0.6597455459499415,0.01533238550337563,,0.479021303580994,,0,PRUNED
368,,,2026-10-06 00:24:10.425992,2026-10-06 00:24:10.858039,0 days 00:00:00.432047,0.825775558671777,0.9440256890105364,0.1610443714214113,41.35300616669679,1.4410034229412958,80.13804888930254,1.39239226120909,10.377191118053974,1.0281748021718442,0.01951206738205314,,1.2767409730546655,,0,PRUNED
369,,,2026-10-06 00:24:10.979002,2026-10-06 00:24:11.588280,0 days 00:00:00.609278,1.42695218057604,0.9604855218663444,0.3114277569387134,35.13631810443923,0.805164917748579,13.832367123563385,0.7246336225483699,65.43638721144055,0.2217219368429657,0.004471343929403433,,0.545254779021709,,0,PRUNED
370,,,2026-10-06 00:24:11.608678,2026-10-06 00:24:12.594427,0 days 00:00:00.985749,1.0310422441378024,0.7800616455415126,0.3691506219757603,15.438312218509042,1.4072090240232982,45.16998176116268,1.2829767283528242,1.8735271615848776,1.2274199068597091,0.01227665413118019,,0.725205413950551,,0,PRUNED
371,,,2026-10-06 00:24:12.016844,2026-10-06 00:24:13.198005,0 days 00:00:01.181161,0.13145057100810864,0.7118281733649758,0.04345765079603432,33.982841064409705,1.1201554167641035,1.970508701471299,1.168205198252085,20.19132223262917,0.5105737286696412,0.0059187918584483615,,1.3616083719100796,,0,PRUNED
372,,,2026-10-06 00:24:12.236155,2026-10-06 00:24:12.878870,0 days 00:00:00.642715,0.17861234681601007,0.21419592916275942,0.4257465616026199,20.697628584142088,1.027014000667169,8.22462382618146,1.492991450846025,49.769975221098974,0.8827356637995696,0.0033121466753172,,0.8046997497101581,,0,PRUNED
373,,,2026-10-06 00:24:12.283212,2026-10-06 00:24:12.691027,0 days 00:00:00.407815,0.059207750949752,1.3066306531690945,0.19873992635151247,12.034625404502425,0.7783329889339183,47.67690004844864,0.00921507814121475,32.05417751974155,0.03034668898842241,0.004814946671932102,,0.9341268995483243,,0,PRUNED
374,10.312103140878737,1.214100534600123,2026-10-06 00:24:12.764169,2026-10-06 00:27:24.269958,0 days 00:03:11.505789,0.45533088070419875,0.8661787220393558,0.021884829662296466,16.18523914545625,1.35460707310614,1.8968903642736075,0.30677951230623185,7.438416742081063,0.9858114614951333,0.016700789659848052,3.680314106392975e-06,0.6069618734849955,191.50570073165,1,COMPLETE
375,,,2026-10-06 00:24:12.844987,2026-10-06 00:24:50.015218,0 days 00:00:37.170231,0.9323049410555256,0.011151379315492593,0.3042089878823274,48.54390499154928,0.5855379267962546,98.6416708615901,0.49298458308174414,14.182822102930093,0.194083030357998,0.024099244621516126,0.0006185581455600675,1.1888155686802921,,1,PRUNED
376,24.957544271490843,1.6666380476020468,2026-10-06 00:24:13.892165,2026-10-06 00:27:21.307447,0 days 00:03:07.415282,1.350503098526395,0.7347826529652479,0.08225225182467477,8.556213008137046,1.4257271037095816,7.596863112772716,1.3355598077240103,11.86468393276075,0.6168387269531914,0.029771009616437947,0.0051341657907994255,0.9040411163974774,187.41517937462777,1,COMPLETE
377,,,2026-10-06 00:24:13.895978,2026-10-06 00:24:14.043020,0 days 00:00:00.147042,1.2061564360408807,0.1430034465046131,0.08837582562659566,16.606931230784816,1.2957825863457457,25.088361291801984,0.21292518523710352,2.029882838261563,0.7360596685479106,0.003322921093304186,,1.0281652581298224,,1,PRUNED
378,4.360215093517646,1.2456477638834444,2026-10-06 00:24:14.171986,2026-10-06 00:27:24.940303,0 days 00:03:10.768317,0.8861887783233188,0.2284118304472575,0.016848023321938417,26.349959130402702,0.9635159511291951,16.30213849757902,0.37957125799835345,2.029882838261563,0.3260597041603945,0.05619125401223478,2.1038771230648366e-06,0.5322556354147161,190.768230792135,1,COMPLETE
379,19.585569769090746,1.2134010864289646,2026-10-06 00:24:14.682161,2026-10-06 00:27:29.038082,0 days 00:03:14.355921,0.05008148914855248,1.1505274476627716,0.11369858697944095,49.168071302148626,0.631975484387248,42.44223698016689,0.4740161859265573,5.8774721288796,0.7226586490727309,0.05018770758699738,1.1762488306807034e-06,1.0889512040762066,194.35582517273724,1,COMPLETE
380,13.280986498062475,1.310179291268665,2026-10-06 00:24:14.685972,2026-10-06 00:27:33.403833,0 days 00:03:18.717861,0.4428292606447327,1.210990656890773,0.1805314837666613,8.794323001260684,0.5158215671134914,1.3172249836952743,0.3759554222918541,13.89490878606578,0.05609924456069537,0.05842934689162472,0.0011757094612474103,0.8044209716263612,198.71775676403195,1,COMPLETE
381,,,2026-10-06 00:24:15.155998,2026-10-06 00:24:15.482015,0 days 00:00:00.326017,0.9323049410555256,0.5088079218375162,0.3042089878823274,11.910918541531306,1.0566446744625482,2.9615022659031585,0.6190885998388953,5.299460499774038,1.0749850412981183,0.007361010447850752,,0.6004925208325128,,1,PRUNED
382,7.0006409377444925,1.1393408827920206,2026-10-06 00:24:15.567184,2026-10-06 00:27:30.259819,0 days 00:03:14.692635,0.8861887783233188,0.4251772613094948,0.012211327202938348,42.06372542616837,1.2900779429460325,1.5113429742994924,0.22968952188502684,2.029882838261563,0.30661206121250795,0.026403953217699373,2.1038771230648366e-06,1.419125977545681,194.6925446325913,1,COMPLETE
383,10.781098554768004,1.1289155427984736,2026-10-06 00:24:15.570970,2026-10-06 00:27:31.333763,0 days 00:03:15.762793,0.8861887783233188,0.2284118304472575,0.026990706709118212,16.606931230784816,0.17665571526270746,25.088361291801984,0.21292518523710352,2.029882838261563,0.08173395261699556,0.04253341516675002,2.1038771230648366e-06,0.7296704665126732,195.76269990112633,1,COMPLETE
384,,,2026-10-06 00:24:15.935497,2026-10-06 00:24:16.970046,0 days 00:00:01.034549,0.05008148914855248,0.4912316077114617,0.34699519698385084,48.42684891165389,0.9953842106189075,42.44223698016689,1.164395082841941,5.8774721288796,0.089910785226051,0.0014211632467157494,,1.1540267369865085,,1,PRUNED
385,4.37067645200067,1.2167657171353798,2026-10-06 00:24:15.979992,2026-10-06 00:27:27.441658,0 days 00:03:11.461666,0.3834721347353825,0.2965654106455736,0.014783693437078525,18.677678184085455,1.4587170185674183,12.792145302067274,0.8973072865027596,23.475624031055144,0.04206136129933902,0.03280586071940829,0.00033444501883062857,0.008646455689541255,191.46157463546842,1,COMPLETE
386,7.0140205331789165,1.084399759201147,2026-10-06 00:24:16.103938,2026-10-06 00:27:24.913347,0 days 00:03:08.809409,0.9876971634893037,1.3313887869396899,0.017069998532095714,33.001074208937,0.9809601024047299,2.249261103529477,0.2295657218022611,1.1972711926573105,0.21135046551174902,0.02010386455494312,2.469320294960663e-05,0.6445692020666484,188.80931757669896,1,COMPLETE
387,,,2026-10-06 00:24:16.304006,2026-10-06 00:24:56.055027,0 days 00:00:39.751021,0.6143081518772575,0.24837341587000777,0.587377575500352,12.404456665881645,0.8641627247678014,28.49625208483805,1.4226961162923975,10.195345414647532,0.4212595585654096,0.009429563709681076,92.41424485303402,1.1137428294822522,,1,PRUNED
388,10.793119374168231,1.3069950223554905,2026-10-06 00:24:16.493005,2026-10-06 00:27:27.928370,0 days 00:03:11.435365,0.018148119798633067,0.412843900788044,0.04033152362994187,37.14155522147211,0.0867486708956362,6.65933944531556,0.588984733866169,12.464214493324025,0.9880464780428212,0.01823448258676749,2.174905460591264,0.505449096654713,191.43527562450618,1,COMPLETE
389,8.245221972552427,1.2132808172017076,2026-10-06 00:24:16.767144,2026-10-06 00:27:28.000569,0 days 00:03:11.233425,0.28264339038386793,0.5857891977105831,0.042685540093465056,27.989553209249944,0.9809601024047299,2.249261103529477,0.2295657218022611,18.756371973043514,0.21135046551174902,0.01823448258676749,2.469320294960663e-05,0.4798845505629669,191.23334061726928,1,COMPLETE
390,29.03818344050225,1.3193609513124167,2026-10-06 00:24:16.973993,2026-10-06 00:27:26.736015,0 days 00:03:09.762022,0.9528582881543378,0.4835105352725577,0.5799701872746303,11.991629079089469,0.3201011955575039,85.69762729633804,0.7964747556623476,1.2001363989388558,0.2975664073833317,0.09765004764801033,2.9442330109354824,0.2678812614884665,189.76193402148783,1,COMPLETE
391,10.034821459830333,1.2798231023974178,2026-10-06 00:24:17.230018,2026-10-06 00:27:29.856866,0 days 00:03:12.626848,0.018148119798633067,0.24837341587000777,0.019577635460823275,12.404456665881645,0.0867486708956362,2.9667093425059705,0.0846679789412681,12.464214493324025,0.4212595585654096,0.006074688503901476,0.03673941552765711,0.505449096654713,192.6266281856224,1,COMPLETE
