number,values_0,values_1,datetime_start,datetime_complete,duration,params_between_rest_spread,params_c_spread,params_c_val,params_input_force,params_k_between_spread,params_k_between_val,params_k_wall_spread,params_k_wall_val,params_m_spread,params_m_val,params_ridge_alpha,params_wall_rest_spread,user_attrs_duration_sec,system_attrs_NSGAIISampler:generation,state
3290,37.341936587226336,11.921427829184747,2026-10-06 02:17:16.884989,2026-10-06 02:20:28.181726,0 days 00:03:11.296737,0.8010869639365119,0.19189790819770397,0.5673687007336011,8.556213008137046,0.506401025718823,98.6416708615901,0.7297455375332902,12.371756168223909,0.2975664073833317,0.03280586071940829,4.343429493003475e-06,1.2974912099205862,191.29662743024528,20,COMPLETE
3291,,,2026-10-06 02:17:17.842005,2026-10-06 02:19:12.091050,0 days 00:01:54.249045,0.51115025563667,0.2284118304472575,0.5667882730348237,11.991629079089469,0.6454873286650737,85.69762729633804,1.4690823188003486,41.66154811682372,0.08173395261699556,0.03280586071940829,4.343429493003475e-06,1.1540267369865085,,20,PRUNED
3292,32.36650754205665,16.50857188862565,2026-10-06 02:17:47.584002,2026-10-06 02:21:01.646836,0 days 00:03:14.062834,0.51115025563667,0.2284118304472575,0.5667882730348237,21.183844928151355,0.33279388005294136,98.6416708615901,1.484226923085714,23.475624031055144,0.08173395261699556,0.03038027549946027,4.343429493003475e-06,1.2974912099205862,194.06271608918905,20,COMPLETE
3293,,,2026-10-06 02:17:49.331132,2026-10-06 02:17:50.550045,0 days 00:00:01.218913,0.8010869639365119,0.9277185443706824,0.4120579376102117,8.556213008137046,0.2395452449940939,86.6015482918717,0.21292518523710352,6.2296041386818795,0.3372985396418654,0.0015300631798625332,,1.1540267369865085,,21,PRUNED
3294,35.85719151570652,8.218417939485205,2026-10-06 02:17:49.335975,2026-10-06 02:21:03.885139,0 days 00:03:14.549164,0.51115025563667,0.19189790819770397,0.4120579376102117,14.417506573699098,0.2395452449940939,86.6015482918717,0.7297455375332902,6.2296041386818795,0.06802941049346445,0.03280586071940829,4.343429493003475e-06,1.1540267369865085,194.54904813226312,21,COMPLETE
3295,35.62782383939119,12.998876939086621,2026-10-06 02:17:49.639002,2026-10-06 02:20:55.415657,0 days 00:03:05.776655,0.7407180681038071,0.8717951055729352,0.5667882730348237,21.643851108218495,0.33279388005294136,85.69762729633804,1.080654620868664,41.66154811682372,0.007925456797868324,0.03038027549946027,4.343429493003475e-06,1.3890637168667692,185.77653819788247,21,COMPLETE
3296,55.058443184013,1.7472133913591172,2026-10-06 02:17:50.099995,2026-10-06 02:21:04.190214,0 days 00:03:14.090219,0.8010869639365119,0.7186098618255685,0.2345370319995722,5.245413993140336,0.33279388005294136,98.6416708615901,1.484226923085714,5.8774721288796,0.28988344429582863,0.03038027549946027,4.343429493003475e-06,1.1540267369865085,194.09010161738843,21,COMPLETE
3297,,,2026-10-06 02:17:50.317977,2026-10-06 02:20:24.523768,0 days 00:02:34.205791,0.2994157425323484,0.3106170541842697,0.5667882730348237,5.245413993140336,0.6087670929915812,1.0309583159110214,0.6419517764288287,5.8774721288796,1.115123832647645,0.03280586071940829,2.1038771230648366e-06,1.1540267369865085,,21,PRUNED
3298,,,2026-10-06 02:17:50.842255,2026-10-06 02:17:52.007053,0 days 00:00:01.164798,0.6775759777641851,0.2284118304472575,0.5667882730348237,10.877854836518644,0.2395452449940939,98.6416708615901,1.4690823188003486,38.35343008193732,0.2975664073833317,0.024099244621516126,,1.1540267369865085,,21,PRUNED
3299,39.04409495658902,10.590974907549215,2026-10-06 02:17:50.873991,2026-10-06 02:21:01.813406,0 days 00:03:10.939415,0.51115025563667,0.8717951055729352,0.5667882730348237,10.877854836518644,0.2395452449940939,98.6416708615901,1.4690823188003486,23.475624031055144,0.007925456797868324,0.03280586071940829,2.1038771230648366e-06,1.2974912099205862,190.93930495064706,21,COMPLETE
3300,,,2026-10-06 02:17:51.693160,2026-10-06 02:17:53.090071,0 days 00:00:01.396911,0.51115025563667,0.07861675458476158,0.5667882730348237,21.183844928151355,0.3049037081953532,94.61146042672904,1.080654620868664,41.66154811682372,0.8894413754847961,0.03280586071940829,,1.2974912099205862,,21,PRUNED
3301,,,2026-10-06 02:17:51.696964,2026-10-06 02:17:52.663033,0 days 00:00:00.966069,0.9158653711831447,0.7186098618255685,0.5667882730348237,11.991629079089469,0.33279388005294136,94.61146042672904,1.080654620868664,41.66154811682372,0.8224588306765122,0.03038027549946027,,1.3890637168667692,,21,PRUNED
3302,42.482710486567385,1.1817971219702872,2026-10-06 02:17:52.168502,2026-10-06 02:21:04.516874,0 days 00:03:12.348372,0.51115025563667,1.234334251404245,0.12615106220885586,5.245413993140336,0.33279388005294136,94.61146042672904,1.2898828018697517,15.511141423960277,0.08173395261699556,0.06935606066314956,4.343429493003475e-06,0.2678812614884665,192.34827006794512,21,COMPLETE
3303,28.940532277351508,22.812748056333383,2026-10-06 02:17:52.617020,2026-10-06 02:21:06.981337,0 days 00:03:14.364317,0.51115025563667,0.48628333026250986,0.807738690329122,12.214752017762354,0.6087670929915812,98.6416708615901,1.484226923085714,45.6508402201298,0.08173395261699556,0.03038027549946027,4.343429493003475e-06,0.23886283196880004,194.3642025226727,21,COMPLETE
3304,24.550699260754204,26.278107588401056,2026-10-06 02:17:52.653001,2026-10-06 02:21:06.882830,0 days 00:03:14.229829,0.51115025563667,0.07861675458476158,0.807738690329122,10.877854836518644,0.3049037081953532,94.61146042672904,1.080654620868664,45.6508402201298,0.007925456797868324,0.03280586071940829,4.343429493003475e-06,0.23886283196880004,194.2297224048525,21,COMPLETE
3305,,,2026-10-06 02:17:52.708982,2026-10-06 02:18:30.354047,0 days 00:00:37.645065,0.7407180681038071,0.19189790819770397,0.5926143650576037,10.877854836518644,1.3059255065942845,47.608993212797074,1.484226923085714,35.86671955459044,0.2975664073833317,0.03280586071940829,4.343429493003475e-06,1.1540267369865085,,21,PRUNED
3306,,,2026-10-06 02:17:53.496155,2026-10-06 02:17:54.119073,0 days 00:00:00.622918,0.51115025563667,0.8717951055729352,0.5667882730348237,5.245413993140336,0.33279388005294136,87.57603138502785,1.080654620868664,41.66154811682372,0.6674326868778782,0.0018979169530142445,,1.2974912099205862,,21,PRUNED
3307,32.017267090673286,2.541484931109432,2026-10-06 02:17:53.686995,2026-10-06 02:21:07.636478,0 days 00:03:13.949483,0.7407180681038071,0.3856261384586317,0.5926143650576037,11.991629079089469,0.33279388005294136,85.69762729633804,1.4690823188003486,1.4056083189495427,0.4212595585654096,0.03038027549946027,0.002324750432538478,0.7699502779177346,193.94936641398817,21,COMPLETE
3308,47.04699206731075,1.8682354460298831,2026-10-06 02:17:53.802986,2026-10-06 02:21:05.646981,0 days 00:03:11.843995,0.7407180681038071,0.21606902729252941,0.12615106220885586,11.991629079089469,0.2395452449940939,85.69762729633804,1.484226923085714,5.817463966958983,0.08173395261699556,0.03038027549946027,2.1038771230648366e-06,0.2678812614884665,191.8438910348341,21,COMPLETE
3309,,,2026-10-06 02:17:54.512157,2026-10-06 02:17:55.478044,0 days 00:00:00.965887,0.51115025563667,0.9812278223297854,0.807738690329122,21.183844928151355,0.3049037081953532,94.61146042672904,0.7087151047775566,14.182822102930093,0.3054149949472662,0.024099244621516126,,0.23886283196880004,,21,PRUNED
3310,42.78766171765746,3.9145480698255986,2026-10-06 02:17:54.515980,2026-10-06 02:21:06.028477,0 days 00:03:11.512497,0.7123418565646167,0.19189790819770397,0.20358075665942357,20.698343956721477,0.33279388005294136,94.61146042672904,1.484226923085714,35.86671955459044,0.2975664073833317,0.03280586071940829,4.343429493003475e-06,1.0514225752143351,191.5124028865248,21,COMPLETE
3311,,,2026-10-06 02:17:55.561994,2026-10-06 02:17:56.461045,0 days 00:00:00.899051,0.51115025563667,0.38507563440575615,0.12615106220885586,16.949298096712777,0.6087670929915812,94.61146042672904,0.6419517764288287,5.8774721288796,0.08173395261699556,0.011580820210861327,,1.2974912099205862,,21,PRUNED
3312,48.7092553381395,1.5085370891162875,2026-10-06 02:17:56.107233,2026-10-06 02:21:04.095527,0 days 00:03:07.988294,0.8010869639365119,0.8717951055729352,0.12615106220885586,8.556213008137046,0.2395452449940939,85.69762729633804,1.080654620868664,34.07464810823537,0.007925456797868324,0.03280586071940829,0.00023428333292156852,1.3890637168667692,187.98745150119066,21,COMPLETE
3313,55.20633275463416,1.3661883685808403,2026-10-06 02:17:56.455004,2026-10-06 02:21:04.239678,0 days 00:03:07.784674,0.8010869639365119,0.9277185443706824,0.12615106220885586,8.556213008137046,0.2395452449940939,85.69762729633804,0.21292518523710352,1.4056083189495427,0.3372985396418654,0.03038027549946027,0.00023428333292156852,0.2678812614884665,187.78455830737948,21,COMPLETE
3314,45.1434046882024,4.987409193803394,2026-10-06 02:17:56.590002,2026-10-06 02:21:06.817694,0 days 00:03:10.227692,0.51115025563667,0.7186098618255685,0.4120579376102117,5.245413993140336,0.33279388005294136,94.61146042672904,0.6419517764288287,5.8774721288796,0.08173395261699556,0.03280586071940829,4.343429493003475e-06,1.1540267369865085,190.22758343443274,21,COMPLETE
3315,41.00151925368407,9.44556350947763,2026-10-06 02:17:56.714140,2026-10-06 02:21:05.293099,0 days 00:03:08.578959,0.51115025563667,0.8717951055729352,0.5667882730348237,5.245413993140336,0.506401025718823,85.69762729633804,1.080654620868664,41.66154811682372,0.007925456797868324,0.03280586071940829,2.1038771230648366e-06,1.2974912099205862,188.57885071448982,21,COMPLETE
3316,,,2026-10-06 02:17:56.850006,2026-10-06 02:17:57.251054,0 days 00:00:00.401048,1.4644809848335274,0.19189790819770397,0.5926143650576037,8.556213008137046,0.506401025718823,98.6416708615901,1.484226923085714,35.86671955459044,1.4453167922723507,0.03280586071940829,,1.1540267369865085,,21,PRUNED
3317,25.780584377816723,12.38890200618892,2026-10-06 02:17:57.441995,2026-10-06 02:21:04.483804,0 days 00:03:07.041809,0.51115025563667,0.2284118304472575,0.5667882730348237,36.75657359527332,0.6087670929915812,94.61146042672904,1.080654620868664,5.8774721288796,0.08173395261699556,0.024099244621516126,4.343429493003475e-06,0.7296704665126732,187.04170709848404,21,COMPLETE
3318,41.594859365224025,9.305813198281223,2026-10-06 02:17:57.599150,2026-10-06 02:21:05.989618,0 days 00:03:08.390468,0.32522926579248107,0.2965654106455736,0.4120579376102117,5.245413993140336,0.33279388005294136,94.61146042672904,1.484226923085714,19.15408445903519,0.15450841561573675,0.03038027549946027,2.1038771230648366e-06,1.1540267369865085,188.39036756474525,21,COMPLETE
3319,,,2026-10-06 02:17:59.251724,2026-10-06 02:18:37.560052,0 days 00:00:38.308328,0.7407180681038071,0.21606902729252941,0.807738690329122,18.489161893608337,0.2395452449940939,98.6416708615901,0.7297455375332902,35.86671955459044,0.4212595585654096,0.024099244621516126,0.007146099897644199,0.7699502779177346,,21,PRUNED
3320,51.61109181163515,1.6852516546945395,2026-10-06 02:18:24.457011,2026-10-06 02:21:40.806950,0 days 00:03:16.349939,0.51115025563667,0.7186098618255685,0.12615106220885586,5.245413993140336,0.33279388005294136,98.6416708615901,1.3303656343791816,14.182822102930093,0.3054149949472662,0.03038027549946027,2.1038771230648366e-06,0.23886283196880004,196.3498159358278,21,COMPLETE
3321,,,2026-10-06 02:18:26.647028,2026-10-06 02:19:07.915491,0 days 00:00:41.268463,0.51115025563667,0.7186098618255685,0.4120579376102117,21.183844928151355,0.6087670929915812,94.61146042672904,1.484226923085714,19.15408445903519,0.28988344429582863,0.03038027549946027,4.343429493003475e-06,1.010570107531549,,21,PRUNED
3322,39.03431356907643,3.4770976036007757,2026-10-06 02:18:27.703772,2026-10-06 02:21:40.460272,0 days 00:03:12.756500,0.51115025563667,0.7186098618255685,0.4120579376102117,30.720229033525317,0.6454873286650737,94.61146042672904,1.4690823188003486,2.064375155489988,0.28988344429582863,0.03280586071940829,2.1038771230648366e-06,1.2974912099205862,192.75638196337968,21,COMPLETE
3323,44.322713267207405,6.491083237288174,2026-10-06 02:18:30.508283,2026-10-06 02:21:42.043381,0 days 00:03:11.535098,0.8010869639365119,0.7368551633065924,0.4120579376102117,5.245413993140336,0.2395452449940939,98.6416708615901,1.2898828018697517,19.15408445903519,0.28988344429582863,0.03038027549946027,4.343429493003475e-06,1.1540267369865085,191.5349806547165,21,COMPLETE
3324,38.70819370427756,5.236283997352441,2026-10-06 02:18:31.296986,2026-10-06 02:21:43.907845,0 days 00:03:12.610859,0.8010869639365119,0.7186098618255685,0.4120579376102117,8.556213008137046,0.2395452449940939,85.69762729633804,0.21292518523710352,5.8774721288796,0.08173395261699556,0.03038027549946027,0.00023428333292156852,0.9269204741527275,192.61074353847653,21,COMPLETE
3325,53.81783038450692,1.9789103189975807,2026-10-06 02:18:31.314970,2026-10-06 02:21:42.429159,0 days 00:03:11.114189,0.51115025563667,0.19189790819770397,0.20358075665942357,5.245413993140336,0.506401025718823,98.6416708615901,1.484226923085714,5.8774721288796,0.2975664073833317,0.03280586071940829,4.343429493003475e-06,1.1540267369865085,191.11408097483218,21,COMPLETE
3326,28.024536766223292,1.284420290694003,2026-10-06 02:18:32.345149,2026-10-06 02:21:45.421727,0 days 00:03:13.076578,1.4644809848335274,0.8717951055729352,0.4120579376102117,5.245413993140336,0.5162180472969756,98.6416708615901,0.7297455375332902,6.2296041386818795,0.06802941049346445,0.03038027549946027,5.022915263152078,1.1540267369865085,193.0764568252489,21,COMPLETE
3327,37.413714115752285,6.982231665537853,2026-10-06 02:18:32.479999,2026-10-06 02:21:44.733165,0 days 00:03:12.253166,0.51115025563667,0.7186098618255685,0.4120579376102117,33.40740074576676,0.6087670929915812,94.61146042672904,0.6419517764288287,5.8774721288796,0.007925456797868324,0.03038027549946027,4.343429493003475e-06,1.2974912099205862,192.25305845960975,21,COMPLETE
3328,52.69018044661813,1.4734903806881585,2026-10-06 02:18:34.828002,2026-10-06 02:21:47.825379,0 days 00:03:12.997377,0.9158653711831447,0.7186098618255685,0.12615106220885586,8.556213008137046,0.2395452449940939,94.61146042672904,0.21292518523710352,5.8774721288796,0.3372985396418654,0.03038027549946027,9.104280475920917e-05,0.2678812614884665,192.99726497475058,21,COMPLETE
3329,47.38142943654968,2.984554349151258,2026-10-06 02:18:37.792999,2026-10-06 02:21:45.166907,0 days 00:03:07.373908,0.51115025563667,0.19189790819770397,0.20358075665942357,12.582138432795016,0.506401025718823,98.6416708615901,1.484226923085714,14.182822102930093,0.2975664073833317,0.03280586071940829,4.343429493003475e-06,1.1540267369865085,187.37380733992904,21,COMPLETE
3330,,,2026-10-06 02:18:56.228009,2026-10-06 02:18:57.475808,0 days 00:00:01.247799,0.51115025563667,0.19189790819770397,0.3503673191636761,5.245413993140336,0.3895248788420937,94.61146042672904,1.2898828018697517,18.041358017160412,0.08173395261699556,0.0020121243897350625,,1.2974912099205862,,21,PRUNED
3331,54.14535668901645,1.936128235601009,2026-10-06 02:18:57.704586,2026-10-06 02:22:12.212967,0 days 00:03:14.508381,0.51115025563667,0.2965654106455736,0.19400160111159936,5.245413993140336,0.6087670929915812,94.61146042672904,1.4690823188003486,5.8774721288796,0.08173395261699556,0.03280586071940829,4.343429493003475e-06,1.2974912099205862,194.5082474593073,21,COMPLETE
3332,,,2026-10-06 02:19:02.232296,2026-10-06 02:19:43.919068,0 days 00:00:41.686772,0.2994157425323484,0.7186098618255685,0.5926143650576037,5.245413993140336,0.6087670929915812,98.6416708615901,1.484226923085714,35.86671955459044,0.2975664073833317,0.03280586071940829,4.343429493003475e-06,1.1540267369865085,,21,PRUNED
3333,,,2026-10-06 02:19:05.352165,2026-10-06 02:19:45.650209,0 days 00:00:40.298044,0.7407180681038071,0.7186098618255685,0.5926143650576037,5.245413993140336,0.849235619333828,98.6416708615901,0.6419517764288287,5.8774721288796,0.2975664073833317,0.03280586071940829,4.343429493003475e-06,1.1540267369865085,,21,PRUNED
3334,39.75793454189541,6.119562977074775,2026-10-06 02:19:06.642992,2026-10-06 02:22:18.854286,0 days 00:03:12.211294,0.9158653711831447,0.11192415408158485,0.4120579376102117,5.245413993140336,0.6087670929915812,94.61146042672904,0.6419517764288287,5.8774721288796,0.026937100580568585,0.03038027549946027,2.1038771230648366e-06,0.7905257898206237,192.21117913071066,21,COMPLETE
3335,,,2026-10-06 02:19:07.967996,2026-10-06 02:19:08.504057,0 days 00:00:00.536061,0.4919537458910443,0.19189790819770397,0.01151322255677041,10.877854836518644,0.506401025718823,98.6416708615901,0.7297455375332902,69.26215853105063,0.4212595585654096,0.03280586071940829,,1.0514225752143351,,21,PRUNED
3336,28.87191947606896,10.949107753676156,2026-10-06 02:19:08.583004,2026-10-06 02:22:22.202656,0 days 00:03:13.619652,0.51115025563667,0.2284118304472575,0.4120579376102117,9.851837430176287,0.33279388005294136,32.177831336998395,1.4690823188003486,14.182822102930093,0.08173395261699556,0.03038027549946027,4.343429493003475e-06,1.1540267369865085,193.6195417959243,21,COMPLETE
3337,29.68796262075464,18.124448674909658,2026-10-06 02:19:08.906294,2026-10-06 02:22:20.404471,0 days 00:03:11.498177,0.51115025563667,0.07861675458476158,0.5663243750757564,21.183844928151355,0.3049037081953532,94.61146042672904,1.080654620868664,39.31703681041383,0.007925456797868324,0.03280586071940829,2.1038771230648366e-06,1.2974912099205862,191.4980663759634,21,COMPLETE
3338,37.98957898000622,6.924276400329201,2026-10-06 02:19:08.921975,2026-10-06 02:22:23.354832,0 days 00:03:14.432857,0.51115025563667,0.19189790819770397,0.5667882730348237,11.991629079089469,0.506401025718823,85.69762729633804,1.080654620868664,2.6575243672509057,0.2975664073833317,0.03280586071940829,4.343429493003475e-06,1.2974912099205862,194.43274887278676,21,COMPLETE
3339,54.5086303176537,1.4556990010005093,2026-10-06 02:19:09.653996,2026-10-06 02:22:19.480483,0 days 00:03:09.826487,0.8010869639365119,0.3856261384586317,0.12615106220885586,8.556213008137046,0.2395452449940939,98.6416708615901,1.180096250393855,1.4056083189495427,0.3054149949472662,0.024099244621516126,0.0003750271870227611,0.23886283196880004,189.82636561337858,21,COMPLETE
3340,54.015383378171165,1.350693933217918,2026-10-06 02:19:10.688152,2026-10-06 02:22:20.079214,0 days 00:03:09.391062,0.1585173119003055,0.7186098618255685,0.12615106220885586,5.245413993140336,0.2395452449940939,94.61146042672904,1.3303656343791816,5.8774721288796,0.2975664073833317,0.03280586071940829,2.1038771230648366e-06,1.2974912099205862,189.3909363206476,21,COMPLETE
3341,,,2026-10-06 02:19:10.691968,2026-10-06 02:19:11.063020,0 days 00:00:00.371052,0.9158653711831447,0.7186098618255685,0.09890821917666602,18.489161893608337,0.33279388005294136,94.61146042672904,0.2445916117607475,5.8774721288796,1.3055927545371815,0.03038027549946027,,0.23886283196880004,,21,PRUNED
3342,34.609999680331434,1.2667622918413892,2026-10-06 02:19:11.683149,2026-10-06 02:22:21.290734,0 days 00:03:09.607585,0.8010869639365119,0.2810408383507964,0.12615106220885586,5.245413993140336,0.2395452449940939,94.61146042672904,1.2898828018697517,1.4056083189495427,0.08173395261699556,0.021966873773064614,2.584582719481886,0.2678812614884665,189.60746779292822,21,COMPLETE
3343,,,2026-10-06 02:19:12.845004,2026-10-06 02:19:14.106069,0 days 00:00:01.261065,0.51115025563667,0.8717951055729352,0.5667882730348237,5.245413993140336,0.083225222573035,98.6416708615901,1.080654620868664,41.66154811682372,0.3054149949472662,0.024099244621516126,,0.23886283196880004,,21,PRUNED
3344,,,2026-10-06 02:19:13.407995,2026-10-06 02:19:13.768052,0 days 00:00:00.360057,0.51115025563667,0.8717951055729352,0.5667882730348237,10.877854836518644,0.506401025718823,98.6416708615901,1.484226923085714,45.6508402201298,0.2975664073833317,0.03280586071940829,,1.1269691025818056,,21,PRUNED
3345,50.891002099138056,1.512034970393589,2026-10-06 02:19:13.890003,2026-10-06 02:22:29.199429,0 days 00:03:15.309426,0.9158653711831447,0.07861675458476158,0.12615106220885586,5.245413993140336,0.2395452449940939,94.61146042672904,1.080654620868664,32.6558878072552,0.007925456797868324,0.03038027549946027,2.1038771230648366e-06,1.1540267369865085,195.30930820200592,21,COMPLETE
3346,22.33058404502262,3.6731491435334043,2026-10-06 02:19:13.977986,2026-10-06 02:22:19.542668,0 days 00:03:05.564682,0.9158653711831447,0.2965654106455736,0.20358075665942357,11.991629079089469,0.33279388005294136,2.662822845614842,1.080654620868664,12.042818525767334,0.3054149949472662,0.03038027549946027,4.343429493003475e-06,1.1540267369865085,185.56456632725894,21,COMPLETE
3347,,,2026-10-06 02:19:14.109976,2026-10-06 02:19:50.539065,0 days 00:00:36.429089,0.8010869639365119,0.21606902729252941,0.5673687007336011,8.556213008137046,0.6087670929915812,98.6416708615901,1.080654620868664,41.66154811682372,0.08173395261699556,0.024099244621516126,4.343429493003475e-06,1.1540267369865085,,21,PRUNED
3348,44.12343889854333,6.579319952001742,2026-10-06 02:19:41.630007,2026-10-06 02:22:52.781427,0 days 00:03:11.151420,0.7123418565646167,0.2965654106455736,0.4120579376102117,5.245413993140336,0.6087670929915812,94.61146042672904,0.6419517764288287,5.8774721288796,0.08173395261699556,0.03038027549946027,2.1038771230648366e-06,1.1540267369865085,191.1512964228168,21,COMPLETE
3349,51.45651699847243,2.3609321558234475,2026-10-06 02:19:44.612285,2026-10-06 02:22:56.009603,0 days 00:03:11.397318,0.51115025563667,0.07861675458476158,0.20358075665942357,10.877854836518644,0.506401025718823,94.61146042672904,1.484226923085714,5.8774721288796,0.2975664073833317,0.03280586071940829,5.411539664035814e-06,1.1540267369865085,191.39719598274678,21,COMPLETE
