number,values_0,values_1,datetime_start,datetime_complete,duration,params_between_rest_spread,params_c_spread,params_c_val,params_input_force,params_k_between_spread,params_k_between_val,params_k_wall_spread,params_k_wall_val,params_m_spread,params_m_val,params_ridge_alpha,params_wall_rest_spread,user_attrs_duration_sec,system_attrs_NSGAIISampler:generation,state
1402,23.14455935867984,6.791755298839295,2026-10-06 01:02:51.632978,2026-10-06 01:06:01.542427,0 days 00:03:09.909449,0.51115025563667,0.2574860568159506,0.5662816343755678,18.677678184085455,1.35460707310614,30.552150046482193,1.1773796413771702,7.9874857515804925,0.08173395261699556,0.03280586071940829,0.004475392410627206,1.3635581381619835,189.90934905596077,7,COMPLETE
1403,33.50830920742507,3.7650586833187756,2026-10-06 01:02:51.636961,2026-10-06 01:06:06.829452,0 days 00:03:15.192491,0.51115025563667,0.4835105352725577,0.807738690329122,17.553296709297783,1.1073025710730513,85.69762729633804,0.18579306691611203,7.9874857515804925,0.5860574191614696,0.09765004764801033,0.00018475514705603715,0.2678812614884665,195.19238918833435,7,COMPLETE
1404,,,2026-10-06 01:02:51.640958,2026-10-06 01:02:52.822036,0 days 00:00:01.181078,0.447684485641811,1.064823676977393,0.807738690329122,18.386910920395536,0.2395452449940939,98.6416708615901,0.538892582053957,5.8774721288796,0.6979007106917119,0.09765004764801033,,1.1540267369865085,,7,PRUNED
1405,,,2026-10-06 01:02:51.644962,2026-10-06 01:02:52.530015,0 days 00:00:00.885053,1.3426389093843176,0.8661787220393558,0.807738690329122,10.877854836518644,0.2395452449940939,85.69762729633804,1.067329423463141,23.475624031055144,0.04206136129933902,0.024099244621516126,,0.44147920979054167,,7,PRUNED
1406,46.572678387182584,1.2966376257043422,2026-10-06 01:02:52.580685,2026-10-06 01:06:00.545915,0 days 00:03:07.965230,0.51115025563667,0.8661787220393558,0.5799701872746303,11.991629079089469,0.6454873286650737,98.6416708615901,0.9356883984494996,1.2001363989388558,0.2975664073833317,0.09765004764801033,0.00023455457478105328,1.2067109022784508,187.9651467995718,7,COMPLETE
1407,42.73703021814747,1.2161156137642497,2026-10-06 01:02:53.348010,2026-10-06 01:06:02.688271,0 days 00:03:09.340261,0.4919537458910443,1.2086053634579172,0.2169448017457144,9.868280842937416,0.04695816786962698,85.69762729633804,0.19809840133758488,7.9874857515804925,0.5860574191614696,0.09765004764801033,0.004475392410627206,0.6069618734849955,189.3401645803824,7,COMPLETE
1408,22.60065362878741,10.818395020863628,2026-10-06 01:03:22.237152,2026-10-06 01:06:36.355086,0 days 00:03:14.117934,0.51115025563667,0.598945472111341,0.807738690329122,21.183844928151355,0.6688626104060442,4.937742765084751,0.9642498819660295,23.475624031055144,0.04206136129933902,0.03038027549946027,3.680314106392975e-06,1.3635581381619835,194.1178333191201,7,COMPLETE
1409,40.389969389401834,2.089021867528262,2026-10-06 01:03:23.456677,2026-10-06 01:06:35.724462,0 days 00:03:12.267785,0.51115025563667,0.4835105352725577,0.807738690329122,18.386910920395536,0.05714116461716917,85.69762729633804,0.21292518523710352,2.072575382240667,0.6353936504592018,0.09765004764801033,3.680314106392975e-06,1.1540267369865085,192.26769890915602,7,COMPLETE
1410,35.61478560661005,2.294516291085146,2026-10-06 01:03:23.722004,2026-10-06 01:06:34.331136,0 days 00:03:10.609132,1.3426389093843176,0.8661787220393558,0.5799701872746303,16.18523914545625,1.0774031071944332,85.69762729633804,1.067329423463141,23.475624031055144,0.04206136129933902,0.09765004764801033,0.0005104435594619652,0.6069618734849955,190.60904198046774,7,COMPLETE
1411,28.777202837114732,7.555874852558924,2026-10-06 01:03:23.963643,2026-10-06 01:06:33.362094,0 days 00:03:09.398451,0.7737222815132565,0.5608376222859704,0.3042089878823274,18.677678184085455,0.6688626104060442,25.088361291801984,0.19809840133758488,5.299460499774038,0.7685554742107898,0.03280586071940829,1.1762488306807034e-06,0.6670138003586206,189.3983461074531,7,COMPLETE
1412,38.475038851717244,2.061011223628374,2026-10-06 01:03:24.384004,2026-10-06 01:06:33.064530,0 days 00:03:08.680526,0.447684485641811,0.3233389271032242,0.5799701872746303,18.489161893608337,0.2395452449940939,98.6416708615901,0.12486747625813921,5.487960906813966,0.08173395261699556,0.09765004764801033,0.00014447613183128302,1.126031437957653,188.68039647303522,7,COMPLETE
1413,,,2026-10-06 01:03:25.024100,2026-10-06 01:03:26.016036,0 days 00:00:00.991936,0.3395165906212997,0.3233389271032242,0.6443949852851695,21.183844928151355,0.2395452449940939,98.6416708615901,0.538892582053957,11.86468393276075,1.2203613316129114,0.03280586071940829,,1.1540267369865085,,7,PRUNED
1414,8.491758701265601,11.531279162123251,2026-10-06 01:03:25.596113,2026-10-06 01:06:40.033674,0 days 00:03:14.437561,0.51115025563667,0.24837341587000777,0.9146176236783335,9.868280842937416,1.0774031071944332,2.9667093425059705,0.06389754300029743,23.475624031055144,0.04206136129933902,0.006074688503901476,5.408454955199626e-06,0.21347726672360295,194.43746560253203,7,COMPLETE
1415,35.28827163443992,2.332698159237494,2026-10-06 01:03:26.290994,2026-10-06 01:06:38.746569,0 days 00:03:12.455575,0.447684485641811,0.2965654106455736,0.6443949852851695,18.386910920395536,0.05714116461716917,98.6416708615901,0.21292518523710352,5.8774721288796,0.08173395261699556,0.09765004764801033,0.00014447613183128302,1.1540267369865085,192.45548174437135,7,COMPLETE
1416,38.84176769825724,1.3555584413216837,2026-10-06 01:03:26.900151,2026-10-06 01:06:45.406529,0 days 00:03:18.506378,0.8010869639365119,0.3731992973752525,0.2169448017457144,9.868280842937416,0.3201011955575039,85.69762729633804,0.6419517764288287,19.15408445903519,0.2975664073833317,0.09765004764801033,0.00014447613183128302,0.2678812614884665,198.50626623351127,7,COMPLETE
1417,,,2026-10-06 01:03:27.723117,2026-10-06 01:03:28.675039,0 days 00:00:00.951922,0.447684485641811,0.3233389271032242,0.29377836543841496,18.489161893608337,0.2395452449940939,98.6416708615901,0.21292518523710352,4.314853216716561,0.2975664073833317,0.009428001060678736,,1.1540267369865085,,7,PRUNED
1418,13.629732463307871,4.455168434717968,2026-10-06 01:03:28.175995,2026-10-06 01:06:40.818572,0 days 00:03:12.642577,1.3426389093843176,0.2284118304472575,0.27536157084104124,9.868280842937416,1.0774031071944332,2.9667093425059705,0.21292518523710352,10.195345414647532,0.08173395261699556,0.024099244621516126,0.004475392410627206,0.21347726672360295,192.64248833619058,7,COMPLETE
1419,26.21775363958502,1.227300474023282,2026-10-06 01:03:28.200095,2026-10-06 01:06:39.693699,0 days 00:03:11.493604,0.3395165906212997,0.3233389271032242,0.0368355361721501,21.183844928151355,0.2395452449940939,98.6416708615901,0.538892582053957,5.8774721288796,0.08173395261699556,0.03280586071940829,0.00014447613183128302,1.1540267369865085,191.4935115929693,7,COMPLETE
1420,26.56147622275528,7.879483040099754,2026-10-06 01:03:28.405233,2026-10-06 01:06:40.613040,0 days 00:03:12.207807,0.447684485641811,0.2965654106455736,0.6443949852851695,18.489161893608337,0.2395452449940939,98.6416708615901,0.21292518523710352,5.8774721288796,0.08173395261699556,0.03280586071940829,0.003942015376654176,0.746341676531496,192.20771018322557,7,COMPLETE
1421,,,2026-10-06 01:03:28.639997,2026-10-06 01:03:30.182038,0 days 00:00:01.542041,0.8010869639365119,0.3233389271032242,0.11404224676787478,40.132128907957544,1.0112350242436843,98.6416708615901,0.21292518523710352,1.2001363989388558,0.2975664073833317,0.004659580079556743,,1.4449414148301858,,7,PRUNED
1422,20.339115453065595,12.108236392183107,2026-10-06 01:03:28.736350,2026-10-06 01:06:40.581612,0 days 00:03:11.845262,0.7737222815132565,0.13940158048941997,0.09005234812447538,8.556213008137046,0.6688626104060442,7.596863112772716,0.04926666101045768,11.86468393276075,0.26083598793965107,0.007361010447850752,0.004475392410627206,0.9040411163974774,191.84516339283437,7,COMPLETE
1423,25.978352340674668,1.4230971476031125,2026-10-06 01:03:29.437987,2026-10-06 01:06:43.113905,0 days 00:03:13.675918,0.51115025563667,0.3233389271032242,0.5662816343755678,28.320464874351746,0.2395452449940939,85.69762729633804,1.1446866529412485,5.299460499774038,0.2975664073833317,0.09765004764801033,19.64664128745664,0.7296704665126732,193.67581178992987,7,COMPLETE
1424,,,2026-10-06 01:03:29.698005,2026-10-06 01:03:31.191035,0 days 00:00:01.493030,0.7737222815132565,0.4500057657713351,0.2297655624989891,5.245413993140336,0.29675499538560296,25.088361291801984,0.6190885998388953,4.7479597926816215,0.7685554742107898,0.0013641739277985877,,0.0038888774159797634,,7,PRUNED
1425,39.62975780201168,1.3762396523407423,2026-10-06 01:03:30.172165,2026-10-06 01:06:38.806813,0 days 00:03:08.634648,1.0770446976769867,0.3233389271032242,0.6443949852851695,18.489161893608337,1.269869471019243,98.6416708615901,0.21292518523710352,1.2001363989388558,0.08173395261699556,0.09765004764801033,0.00014447613183128302,1.1540267369865085,188.63455575611442,7,COMPLETE
1426,16.26888364054246,7.083547455984414,2026-10-06 01:03:30.175969,2026-10-06 01:06:40.323810,0 days 00:03:10.147841,0.51115025563667,0.598945472111341,0.5799701872746303,11.991629079089469,0.6688626104060442,4.937742765084751,0.9642498819660295,17.481541944162174,0.2975664073833317,0.03038027549946027,3.680314106392975e-06,0.2678812614884665,190.14775478374213,7,COMPLETE
1427,30.17454813182652,14.461476429925225,2026-10-06 01:03:30.286419,2026-10-06 01:06:40.283776,0 days 00:03:09.997357,0.447684485641811,0.3233389271032242,0.5667882730348237,21.183844928151355,0.2395452449940939,98.6416708615901,1.080654620868664,23.475624031055144,0.08173395261699556,0.03280586071940829,0.00014447613183128302,1.2974912099205862,189.99726285785437,7,COMPLETE
1428,38.34094099479684,4.8326309535003515,2026-10-06 01:03:30.491983,2026-10-06 01:06:40.124852,0 days 00:03:09.632869,0.18547798956849432,0.7186098618255685,0.807738690329122,8.556213008137046,0.2395452449940939,85.69762729633804,0.21292518523710352,5.8774721288796,0.6979007106917119,0.07297012210736925,2.1038771230648366e-06,0.7296704665126732,189.63278459198773,8,COMPLETE
1429,38.79822329690859,4.9277502266737,2026-10-06 01:03:31.061001,2026-10-06 01:06:42.259658,0 days 00:03:11.198657,0.51115025563667,0.7752473105279248,0.5799701872746303,11.991629079089469,0.6046626808156426,85.69762729633804,0.9356883984494996,5.8774721288796,0.08173395261699556,0.05076518757055423,4.343429493003475e-06,0.30673616238509677,191.1985571300611,8,COMPLETE
1430,,,2026-10-06 01:03:31.597010,2026-10-06 01:04:07.855024,0 days 00:00:36.258014,0.4919537458910443,0.3731992973752525,0.09005234812447538,9.868280842937416,0.6688626104060442,46.31102753614511,0.7297455375332902,19.15408445903519,0.7685554742107898,0.03280586071940829,0.004475392410627206,0.6069618734849955,,8,PRUNED
1431,46.45760802990186,2.9113149959868165,2026-10-06 01:03:32.250997,2026-10-06 01:06:40.614215,0 days 00:03:08.363218,0.2994157425323484,1.012439712223232,0.20358075665942357,5.245413993140336,0.6087670929915812,85.69762729633804,0.21292518523710352,14.182822102930093,0.08173395261699556,0.03038027549946027,0.0006185581455600675,0.739405563829868,188.3631327264011,8,COMPLETE
1432,43.243583241739955,1.2775521773349472,2026-10-06 01:03:32.820005,2026-10-06 01:06:39.854829,0 days 00:03:07.034824,0.4919537458910443,0.3731992973752525,0.2134586502746349,5.245413993140336,0.6688626104060442,85.69762729633804,0.21292518523710352,2.072575382240667,0.4212595585654096,0.09765004764801033,0.004475392410627206,0.7296704665126732,187.03472192399204,8,COMPLETE
1433,43.94897264422136,2.220113391952563,2026-10-06 01:04:00.152193,2026-10-06 01:07:12.175974,0 days 00:03:12.023781,0.4919537458910443,0.3731992973752525,0.1347521461063753,8.695206399809345,0.3201011955575039,85.69762729633804,0.6419517764288287,23.475624031055144,0.18589067298139156,0.03038027549946027,0.00023455457478105328,0.6069618734849955,192.0236749658361,8,COMPLETE
1434,42.73177404141516,6.476130431866858,2026-10-06 01:04:00.368014,2026-10-06 01:07:17.555424,0 days 00:03:17.187410,0.447684485641811,0.7186098618255685,0.4120579376102117,10.877854836518644,0.2395452449940939,85.69762729633804,1.484226923085714,5.8774721288796,0.2975664073833317,0.03280586071940829,2.1038771230648366e-06,1.1540267369865085,197.18731505982578,8,COMPLETE
1435,,,2026-10-06 01:04:00.558001,2026-10-06 01:04:01.258412,0 days 00:00:00.700411,0.447684485641811,0.4835105352725577,0.807738690329122,18.386910920395536,0.6688626104060442,85.69762729633804,1.191277759964359,5.8774721288796,0.6979007106917119,0.024099244621516126,,1.1540267369865085,,8,PRUNED
1436,15.848393040403433,3.4025758760172393,2026-10-06 01:04:01.325191,2026-10-06 01:07:15.422605,0 days 00:03:14.097414,0.7737222815132565,0.3731992973752525,0.4120579376102117,40.132128907957544,0.2395452449940939,25.088361291801984,0.21292518523710352,2.072575382240667,0.2975664073833317,0.03280586071940829,0.0006185581455600675,1.4449414148301858,194.09731757454574,8,COMPLETE
1437,49.111651291911166,1.7411567497488893,2026-10-06 01:04:05.015985,2026-10-06 01:07:18.175822,0 days 00:03:13.159837,0.8010869639365119,0.19189790819770397,0.20358075665942357,10.517467008748584,0.2395452449940939,85.69762729633804,0.7297455375332902,1.4056083189495427,0.08173395261699556,0.03038027549946027,0.0006185581455600675,1.2139299004838662,193.15974456537515,8,COMPLETE
1438,41.232661944536,1.232397246869162,2026-10-06 01:04:05.559450,2026-10-06 01:07:16.326835,0 days 00:03:10.767385,0.8010869639365119,0.2284118304472575,0.3042089878823274,18.489161893608337,0.2395452449940939,98.6416708615901,0.21292518523710352,2.740358101877734,0.08173395261699556,0.09765004764801033,0.0006185581455600675,0.7296704665126732,190.76727650128305,8,COMPLETE
1439,33.575061106886224,6.927839348239578,2026-10-06 01:04:06.977987,2026-10-06 01:07:18.529407,0 days 00:03:11.551420,0.3395165906212997,0.3233389271032242,0.4120579376102117,21.183844928151355,0.2395452449940939,98.6416708615901,0.21292518523710352,5.8774721288796,0.08173395261699556,0.03280586071940829,0.0006185581455600675,1.1540267369865085,191.55132560338825,8,COMPLETE
1440,,,2026-10-06 01:04:07.146909,2026-10-06 01:04:07.466010,0 days 00:00:00.319101,1.2349294162160471,1.4631352208465769,0.4120579376102117,18.489161893608337,0.2395452449940939,98.6416708615901,0.12486747625813921,14.182822102930093,0.08173395261699556,0.04064204085575422,,1.1540267369865085,,8,PRUNED
1441,24.694034418233556,4.870986999414199,2026-10-06 01:04:07.820991,2026-10-06 01:07:18.606595,0 days 00:03:10.785604,0.8010869639365119,0.3233389271032242,0.6443949852851695,18.489161893608337,0.2395452449940939,98.6416708615901,0.12486747625813921,86.57068482598544,0.08173395261699556,0.09765004764801033,0.00014447613183128302,0.2678812614884665,190.7855094699189,8,COMPLETE
1442,,,2026-10-06 01:04:08.316169,2026-10-06 01:04:08.718038,0 days 00:00:00.401869,0.447684485641811,0.3233389271032242,0.6443949852851695,18.489161893608337,0.5319380254470262,98.6416708615901,0.7964747556623476,86.57068482598544,1.4754194224296135,0.03280586071940829,,1.0238951163343248,,8,PRUNED
1443,47.08296629092598,2.627129868596322,2026-10-06 01:04:08.319981,2026-10-06 01:07:17.863010,0 days 00:03:09.543029,0.8010869639365119,0.19189790819770397,0.20358075665942357,8.556213008137046,0.2395452449940939,98.6416708615901,0.21292518523710352,5.8774721288796,0.08173395261699556,0.03038027549946027,0.00014447613183128302,0.2678812614884665,189.54292682372034,8,COMPLETE
1444,26.961866891307647,8.910020090772077,2026-10-06 01:04:08.396002,2026-10-06 01:07:17.563757,0 days 00:03:09.167755,0.4919537458910443,0.2965654106455736,0.6443949852851695,9.868280842937416,0.3201011955575039,46.31102753614511,0.6419517764288287,5.8774721288796,0.4212595585654096,0.03280586071940829,0.00014447613183128302,1.4371446491327478,189.16766686178744,8,COMPLETE
1445,4.100864018016099,1.2716588433317944,2026-10-06 01:04:08.811000,2026-10-06 01:07:19.452447,0 days 00:03:10.641447,0.4919537458910443,0.2965654106455736,0.015384799282882501,21.183844928151355,0.2395452449940939,98.6416708615901,0.21292518523710352,19.15408445903519,0.4212595585654096,0.07297012210736925,0.00014447613183128302,1.1540267369865085,190.64134215470403,8,COMPLETE
1446,8.512441035987909,6.687378418897503,2026-10-06 01:04:10.380009,2026-10-06 01:07:17.174303,0 days 00:03:06.794294,0.3743556708975373,0.3233389271032242,0.4120579376102117,40.132128907957544,0.2395452449940939,2.9615022659031585,0.21292518523710352,4.314853216716561,0.2975664073833317,0.007361010447850752,0.0006185581455600675,1.23919528100858,186.79419497586787,8,COMPLETE
1447,,,2026-10-06 01:04:35.950032,2026-10-06 01:05:16.212223,0 days 00:00:40.262191,0.3395165906212997,0.4774636695198178,0.6443949852851695,21.183844928151355,0.2395452449940939,98.6416708615901,1.3990594222599677,3.6093097341737126,0.08173395261699556,0.01175286763744171,0.00014447613183128302,0.6004925208325128,,8,PRUNED
1448,43.5933001838675,1.5160869321482648,2026-10-06 01:04:48.645372,2026-10-06 01:07:57.452294,0 days 00:03:08.806922,1.0417020823873266,0.3233389271032242,0.09005234812447538,5.245413993140336,0.6688626104060442,25.088361291801984,0.7297455375332902,86.57068482598544,0.08173395261699556,0.03280586071940829,1.1762488306807034e-06,1.2139299004838662,188.80682096350938,8,COMPLETE
1449,,,2026-10-06 01:04:52.404010,2026-10-06 01:04:53.552047,0 days 00:00:01.148037,0.51115025563667,1.0562250660985053,0.5389129616290906,17.553296709297783,0.6688626104060442,98.6416708615901,0.12486747625813921,23.475624031055144,0.007925456797868324,0.005297060333326433,,1.4891500624393408,,8,PRUNED
1450,,,2026-10-06 01:04:53.806998,2026-10-06 01:04:54.941631,0 days 00:00:01.134633,1.4069934088669998,0.3233389271032242,0.5662816343755678,18.489161893608337,0.5855379267962546,98.6416708615901,1.4690823188003486,86.57068482598544,0.08173395261699556,0.024099244621516126,,1.3635581381619835,,8,PRUNED
1451,,,2026-10-06 01:04:55.145999,2026-10-06 01:04:56.370061,0 days 00:00:01.224062,0.51115025563667,0.2965654106455736,0.5667882730348237,18.386910920395536,0.05714116461716917,85.69762729633804,1.191277759964359,23.475624031055144,0.5860574191614696,0.02749864300312601,,1.3635581381619835,,8,PRUNED
1452,31.161913919334644,2.6732341043355428,2026-10-06 01:04:56.589002,2026-10-06 01:08:26.966645,0 days 00:03:30.377643,0.2994157425323484,0.3233389271032242,0.09005234812447538,5.245413993140336,0.6087670929915812,2.585056612727215,0.4740161859265573,14.182822102930093,0.9665164032508977,0.03280586071940829,4.343429493003475e-06,1.4891500624393408,210.37752907536924,8,COMPLETE
1453,29.107192731899186,14.874179321895403,2026-10-06 01:05:09.130999,2026-10-06 01:08:14.634280,0 days 00:03:05.503281,0.51115025563667,0.2965654106455736,0.5667882730348237,21.183844928151355,0.2395452449940939,94.61146042672904,0.954202730608916,23.475624031055144,0.04206136129933902,0.03280586071940829,0.00027101652831978105,1.2974912099205862,185.5031772358343,8,COMPLETE
1454,45.45246406616962,2.803984455509827,2026-10-06 01:05:16.469242,2026-10-06 01:08:20.360079,0 days 00:03:03.890837,1.4644809848335274,0.7186098618255685,0.6443949852851695,11.991629079089469,0.6454873286650737,85.69762729633804,1.191277759964359,5.8774721288796,0.08173395261699556,0.07297012210736925,2.1038771230648366e-06,1.1540267369865085,183.89072621334344,8,COMPLETE
1455,,,2026-10-06 01:05:17.292003,2026-10-06 01:05:56.229036,0 days 00:00:38.937033,0.447684485641811,0.3233389271032242,0.6443949852851695,18.489161893608337,0.2395452449940939,98.6416708615901,0.22675253241457122,3.954311836217964,0.7685554742107898,0.03280586071940829,1.1762488306807034e-06,1.2139299004838662,,8,PRUNED
1456,39.65964155717878,1.9576457140697183,2026-10-06 01:05:18.876001,2026-10-06 01:08:32.476920,0 days 00:03:13.600919,0.51115025563667,0.2965654106455736,0.4120579376102117,18.489161893608337,0.6688626104060442,98.6416708615901,0.21292518523710352,14.182822102930093,0.08173395261699556,0.09765004764801033,0.00014447613183128302,1.1540267369865085,193.60081250686198,8,COMPLETE
1457,29.422036714861985,16.82227229793552,2026-10-06 01:05:19.750994,2026-10-06 01:08:33.236803,0 days 00:03:13.485809,0.51115025563667,0.2965654106455736,0.5662816343755678,21.183844928151355,0.5855379267962546,94.61146042672904,1.4690823188003486,20.4004304097776,0.04206136129933902,0.024099244621516126,4.343429493003475e-06,1.2974912099205862,193.48571420181543,8,COMPLETE
1458,40.506734788010704,2.696264019983764,2026-10-06 01:05:20.771996,2026-10-06 01:08:34.018864,0 days 00:03:13.246868,0.48893522260329214,0.4774636695198178,0.6443949852851695,5.245413993140336,0.6688626104060442,85.69762729633804,0.6190885998388953,1.2001363989388558,0.2975664073833317,0.037495759622009746,1.1762488306807034e-06,0.2678812614884665,193.24677081778646,8,COMPLETE
1459,37.23029411453708,3.342452248704989,2026-10-06 01:05:21.715990,2026-10-06 01:08:33.830344,0 days 00:03:12.114354,0.51115025563667,0.3233389271032242,0.5799701872746303,17.553296709297783,0.6688626104060442,98.6416708615901,0.12486747625813921,23.475624031055144,0.08173395261699556,0.09765004764801033,0.00014447613183128302,1.1540267369865085,192.11426187027246,8,COMPLETE
1460,44.45371984755267,1.2846767909518788,2026-10-06 01:05:22.126988,2026-10-06 01:08:34.841460,0 days 00:03:12.714472,0.8010869639365119,0.3233389271032242,0.4120579376102117,10.877854836518644,0.2395452449940939,85.69762729633804,0.21292518523710352,1.2001363989388558,0.2975664073833317,0.09765004764801033,0.0006185581455600675,0.7296704665126732,192.71437635086477,8,COMPLETE
