number,values_0,values_1,datetime_start,datetime_complete,duration,params_between_rest_spread,params_c_spread,params_c_val,params_input_force,params_k_between_spread,params_k_between_val,params_k_wall_spread,params_k_wall_val,params_m_spread,params_m_val,params_ridge_alpha,params_wall_rest_spread,user_attrs_duration_sec,system_attrs_NSGAIISampler:generation,state
3171,0.09729995546200013,1.2136471704363228,2026-10-06 02:12:48.396004,2026-10-06 02:15:59.961808,0 days 00:03:11.565804,0.8010869639365119,0.7763817898120198,0.020685482500590276,8.556213008137046,0.2395452449940939,85.69762729633804,1.180096250393855,1.4056083189495427,0.08173395261699556,0.024099244621516126,0.0003750271870227611,0.23886283196880004,191.56570337805897,20,COMPLETE
3172,25.570262530334,24.044089378523633,2026-10-06 02:13:15.667018,2026-10-06 02:16:38.523666,0 days 00:03:22.856648,0.51115025563667,0.510040384308964,0.807738690329122,18.489161893608337,0.33279388005294136,98.6416708615901,1.080654620868664,45.6508402201298,0.007925456797868324,0.03280586071940829,4.343429493003475e-06,0.23886283196880004,202.85653690062463,20,COMPLETE
3173,,,2026-10-06 02:13:17.831396,2026-10-06 02:13:18.640059,0 days 00:00:00.808663,1.3261973195277572,0.21606902729252941,0.5673687007336011,8.556213008137046,0.506401025718823,98.6416708615901,0.7297455375332902,5.8774721288796,1.2630386640783233,0.03280586071940829,,1.1540267369865085,,20,PRUNED
3174,,,2026-10-06 02:13:18.516001,2026-10-06 02:13:56.709167,0 days 00:00:38.193166,0.51115025563667,0.7186098618255685,0.5673687007336011,5.245413993140336,0.33279388005294136,98.6416708615901,0.7297455375332902,35.86671955459044,0.3054149949472662,0.024099244621516126,4.343429493003475e-06,0.7699502779177346,,20,PRUNED
3175,,,2026-10-06 02:13:19.036145,2026-10-06 02:13:19.786017,0 days 00:00:00.749872,0.8010869639365119,0.19189790819770397,0.4120579376102117,5.245413993140336,0.6087670929915812,94.61146042672904,0.6419517764288287,1.4056083189495427,1.2114149652633965,0.021966873773064614,,1.1540267369865085,,20,PRUNED
3176,35.552038040628815,14.657798674272048,2026-10-06 02:13:19.365159,2026-10-06 02:16:30.983864,0 days 00:03:11.618705,0.8010869639365119,0.8717951055729352,0.4120579376102117,8.556213008137046,0.2395452449940939,85.69762729633804,1.484226923085714,24.7033276028984,0.08173395261699556,0.021966873773064614,2.1038771230648366e-06,0.2678812614884665,191.6184756886214,20,COMPLETE
3177,,,2026-10-06 02:13:19.824984,2026-10-06 02:13:59.374003,0 days 00:00:39.549019,1.4644809848335274,0.2284118304472575,0.807738690329122,18.489161893608337,0.2395452449940939,86.6015482918717,0.7297455375332902,14.182822102930093,0.7264763090278026,0.024099244621516126,4.343429493003475e-06,0.23886283196880004,,20,PRUNED
3178,48.52073871978162,2.9702572449632845,2026-10-06 02:13:20.947009,2026-10-06 02:16:32.822820,0 days 00:03:11.875811,0.7407180681038071,0.7186098618255685,0.4120579376102117,5.245413993140336,0.33279388005294136,85.69762729633804,1.484226923085714,2.064375155489988,0.28988344429582863,0.03280586071940829,2.1038771230648366e-06,1.1540267369865085,191.87569035496563,20,COMPLETE
3179,55.59870894299671,1.3044558487304716,2026-10-06 02:13:21.053156,2026-10-06 02:16:31.127859,0 days 00:03:10.074703,0.8010869639365119,0.19189790819770397,0.12615106220885586,5.245413993140336,0.2395452449940939,94.61146042672904,1.2898828018697517,1.4056083189495427,0.08173395261699556,0.021966873773064614,0.0003750271870227611,0.2678812614884665,190.0745959095657,20,COMPLETE
3180,10.911907555502323,8.672270215918253,2026-10-06 02:13:21.443154,2026-10-06 02:16:35.239009,0 days 00:03:13.795855,0.51115025563667,0.07861675458476158,0.807738690329122,21.183844928151355,0.3049037081953532,3.202730769859846,0.7338549105193133,45.6508402201298,0.3676044917349766,0.03280586071940829,4.343429493003475e-06,0.23886283196880004,193.79574954416603,20,COMPLETE
3181,52.683790276160195,1.5197564459736346,2026-10-06 02:13:21.960299,2026-10-06 02:16:34.850741,0 days 00:03:12.890442,0.8010869639365119,0.19189790819770397,0.12615106220885586,8.556213008137046,0.2395452449940939,85.69762729633804,0.7925909677602181,1.4056083189495427,0.08173395261699556,0.021966873773064614,0.0003750271870227611,0.2678812614884665,192.89032561704516,20,COMPLETE
3182,49.54405893159625,2.5897577280386814,2026-10-06 02:13:22.060139,2026-10-06 02:16:34.062901,0 days 00:03:12.002762,0.8010869639365119,0.7186098618255685,0.4120579376102117,8.556213008137046,0.6087670929915812,98.6416708615901,0.6419517764288287,1.4056083189495427,0.08173395261699556,0.03038027549946027,4.343429493003475e-06,1.1540267369865085,192.0026571135968,20,COMPLETE
3183,33.30442473232236,12.22263637380107,2026-10-06 02:13:22.063964,2026-10-06 02:16:36.456867,0 days 00:03:14.392903,0.9158653711831447,0.2284118304472575,0.4279426875042573,5.245413993140336,0.33279388005294136,94.61146042672904,1.080654620868664,41.66154811682372,0.007925456797868324,0.024099244621516126,4.343429493003475e-06,0.7296704665126732,194.39279025327414,20,COMPLETE
3184,47.60002646100728,3.422586227645189,2026-10-06 02:13:22.872986,2026-10-06 02:16:35.798098,0 days 00:03:12.925112,0.8548572270960194,0.8717951055729352,0.4120579376102117,5.245413993140336,0.3801116440270067,98.6416708615901,1.080654620868664,5.8774721288796,0.007925456797868324,0.03038027549946027,4.343429493003475e-06,1.2267307691914986,192.92499559093267,20,COMPLETE
3185,,,2026-10-06 02:13:25.639991,2026-10-06 02:13:26.438079,0 days 00:00:00.798088,0.7407180681038071,1.08884246575635,0.5667882730348237,5.245413993140336,0.33279388005294136,98.6416708615901,1.080654620868664,35.86671955459044,0.4212595585654096,0.03038027549946027,,0.7699502779177346,,20,PRUNED
3186,37.38744691327588,12.355246265171218,2026-10-06 02:13:25.728998,2026-10-06 02:16:35.930161,0 days 00:03:10.201163,0.7407180681038071,0.8717951055729352,0.5667882730348237,11.991629079089469,0.33279388005294136,85.69762729633804,1.080654620868664,41.66154811682372,0.007925456797868324,0.03038027549946027,4.343429493003475e-06,1.2974912099205862,190.20106064528227,20,COMPLETE
3187,44.82859843634163,4.234699372528322,2026-10-06 02:13:26.220010,2026-10-06 02:16:36.074647,0 days 00:03:09.854637,0.8010869639365119,0.19189790819770397,0.1704407704770037,5.245413993140336,0.2395452449940939,98.6416708615901,1.2898828018697517,23.475624031055144,0.08173395261699556,0.021966873773064614,4.343429493003475e-06,0.07209765487063619,189.8545246301219,20,COMPLETE
3188,51.582101498671435,2.2376146465594124,2026-10-06 02:13:26.761151,2026-10-06 02:16:33.690380,0 days 00:03:06.929229,0.7123418565646167,0.19189790819770397,0.20358075665942357,10.877854836518644,0.506401025718823,94.61146042672904,1.484226923085714,5.8774721288796,0.2975664073833317,0.03280586071940829,2.1038771230648366e-06,1.0514225752143351,186.92911640461534,20,COMPLETE
3189,,,2026-10-06 02:13:27.076002,2026-10-06 02:13:28.015213,0 days 00:00:00.939211,0.7407180681038071,1.492548156934726,0.4120579376102117,11.991629079089469,0.33279388005294136,85.69762729633804,1.484226923085714,35.86671955459044,0.08173395261699556,0.03038027549946027,,1.1540267369865085,,20,PRUNED
3190,25.34924726067995,20.268569006930335,2026-10-06 02:13:28.035003,2026-10-06 02:16:37.421144,0 days 00:03:09.386141,0.51115025563667,0.07861675458476158,0.5667882730348237,21.183844928151355,0.3049037081953532,94.61146042672904,1.080654620868664,41.66154811682372,0.007925456797868324,0.03280586071940829,4.343429493003475e-06,0.23886283196880004,189.38603542465717,20,COMPLETE
3191,,,2026-10-06 02:13:52.539178,2026-10-06 02:13:53.739332,0 days 00:00:01.200154,0.8010869639365119,0.9277185443706824,0.807738690329122,18.489161893608337,0.33279388005294136,98.6416708615901,0.7087151047775566,14.182822102930093,0.3054149949472662,0.03038027549946027,,0.2678812614884665,,20,PRUNED
3192,34.812276781164044,15.294890815242129,2026-10-06 02:13:53.430109,2026-10-06 02:17:05.047167,0 days 00:03:11.617058,0.51115025563667,0.2284118304472575,0.5667882730348237,8.556213008137046,0.6454873286650737,86.6015482918717,1.4690823188003486,23.475624031055144,0.08173395261699556,0.03038027549946027,4.343429493003475e-06,1.1540267369865085,191.61693910416216,20,COMPLETE
3193,25.74877802905643,21.516402254092228,2026-10-06 02:13:53.843027,2026-10-06 02:17:08.054038,0 days 00:03:14.211011,0.7407180681038071,0.2284118304472575,0.5926143650576037,27.544685618066154,0.33279388005294136,98.6416708615901,1.4690823188003486,35.86671955459044,0.4212595585654096,0.03038027549946027,4.343429493003475e-06,0.07209765487063619,194.21089257486165,20,COMPLETE
3194,0.34703780214236013,1.226655697474365,2026-10-06 02:13:56.503291,2026-10-06 02:17:09.421482,0 days 00:03:12.918191,1.3332485882808636,0.2284118304472575,0.02333671298299397,11.991629079089469,0.33279388005294136,98.6416708615901,1.080654620868664,19.15408445903519,0.28988344429582863,0.024099244621516126,4.343429493003475e-06,1.1540267369865085,192.91807276103646,20,COMPLETE
3195,42.33122713416084,8.368502932989676,2026-10-06 02:13:56.948165,2026-10-06 02:17:08.400683,0 days 00:03:11.452518,0.51115025563667,0.2965654106455736,0.4120579376102117,5.245413993140336,0.33279388005294136,98.6416708615901,1.484226923085714,19.15408445903519,0.28988344429582863,0.03038027549946027,4.343429493003475e-06,1.1540267369865085,191.4524072315544,20,COMPLETE
3196,,,2026-10-06 02:13:57.267007,2026-10-06 02:13:57.720990,0 days 00:00:00.453983,0.9158653711831447,0.7186098618255685,0.4120579376102117,5.245413993140336,0.2395452449940939,94.61146042672904,1.4690823188003486,2.064375155489988,0.026937100580568585,0.0021682845722091424,,1.1540267369865085,,20,PRUNED
3197,,,2026-10-06 02:13:57.559316,2026-10-06 02:13:58.262040,0 days 00:00:00.702724,0.8010869639365119,0.19189790819770397,0.12615106220885586,8.556213008137046,0.2395452449940939,98.6416708615901,1.180096250393855,1.4056083189495427,0.08173395261699556,0.010699707524170671,,0.2678812614884665,,20,PRUNED
3198,,,2026-10-06 02:13:58.014289,2026-10-06 02:14:37.187209,0 days 00:00:39.172920,0.51115025563667,0.8717951055729352,0.5667882730348237,21.183844928151355,0.506401025718823,98.6416708615901,1.080654620868664,41.66154811682372,0.3054149949472662,0.03280586071940829,4.343429493003475e-06,1.2974912099205862,,20,PRUNED
3199,36.0653346410779,10.942577913563309,2026-10-06 02:13:58.113998,2026-10-06 02:17:16.362059,0 days 00:03:18.248061,0.51115025563667,0.2965654106455736,0.5667882730348237,5.245413993140336,0.33279388005294136,98.6416708615901,0.5003453706347487,12.371756168223909,0.28988344429582863,0.03280586071940829,4.343429493003475e-06,1.2974912099205862,198.24793845321983,20,COMPLETE
3200,,,2026-10-06 02:13:58.195979,2026-10-06 02:15:55.668029,0 days 00:01:57.472050,0.51115025563667,0.21606902729252941,0.5926143650576037,11.991629079089469,0.6087670929915812,94.61146042672904,1.4690823188003486,35.86671955459044,0.08173395261699556,0.03038027549946027,4.343429493003475e-06,1.2974912099205862,,20,PRUNED
3201,49.96174108610103,1.550222165428822,2026-10-06 02:13:58.270093,2026-10-06 02:17:08.067760,0 days 00:03:09.797667,0.7123418565646167,0.2965654106455736,0.1188725161990125,5.245413993140336,0.6087670929915812,85.69762729633804,0.7297455375332902,20.4004304097776,0.08173395261699556,0.03038027549946027,4.343429493003475e-06,1.1540267369865085,189.7975621642545,20,COMPLETE
3202,32.56944971622598,17.972357842557724,2026-10-06 02:13:58.306104,2026-10-06 02:17:08.267249,0 days 00:03:09.961145,0.51115025563667,0.21606902729252941,0.5667882730348237,11.991629079089469,0.33279388005294136,98.6416708615901,1.4690823188003486,35.86671955459044,0.08173395261699556,0.03038027549946027,4.343429493003475e-06,0.7699502779177346,189.96102998964489,20,COMPLETE
3203,44.48206569292646,6.444595677547641,2026-10-06 02:13:58.331972,2026-10-06 02:17:15.482147,0 days 00:03:17.150175,0.7123418565646167,0.2965654106455736,0.4120579376102117,5.245413993140336,0.6087670929915812,94.61146042672904,0.7297455375332902,5.8774721288796,0.08173395261699556,0.03038027549946027,2.1038771230648366e-06,1.209109649444219,197.1500597158447,20,COMPLETE
3204,39.13336267226535,8.753113258120308,2026-10-06 02:13:58.931998,2026-10-06 02:17:13.997071,0 days 00:03:15.065073,0.8010869639365119,0.21606902729252941,0.5673687007336011,8.556213008137046,0.33279388005294136,98.6416708615901,0.7297455375332902,10.894319088916049,0.2975664073833317,0.043831052164941736,4.343429493003475e-06,1.1540267369865085,195.06495917588472,20,COMPLETE
3205,29.4501917304227,21.759138619317987,2026-10-06 02:13:59.471618,2026-10-06 02:17:11.488099,0 days 00:03:12.016481,0.51115025563667,0.2284118304472575,0.5667882730348237,10.877854836518644,0.33279388005294136,85.69762729633804,1.080654620868664,20.4004304097776,0.08173395261699556,0.024099244621516126,4.343429493003475e-06,0.739405563829868,192.01637199614197,20,COMPLETE
3206,,,2026-10-06 02:14:01.451010,2026-10-06 02:14:01.785991,0 days 00:00:00.334981,0.8010869639365119,0.19189790819770397,0.12615106220885586,10.877854836518644,0.2395452449940939,85.69762729633804,1.080654620868664,1.4056083189495427,0.2975664073833317,0.0019720360182753295,,0.739405563829868,,20,PRUNED
3207,,,2026-10-06 02:14:01.945011,2026-10-06 02:15:57.090171,0 days 00:01:55.145160,0.51115025563667,0.2965654106455736,0.4120579376102117,11.991629079089469,0.2395452449940939,98.6416708615901,1.080654620868664,48.22535511268449,0.08173395261699556,0.024099244621516126,3.186744306607663,1.0701137489844414,,20,PRUNED
3208,32.50745775929708,16.681830666062144,2026-10-06 02:14:02.126997,2026-10-06 02:17:11.576804,0 days 00:03:09.449807,0.51115025563667,0.17980337768903815,0.5667882730348237,12.094787380560415,0.506401025718823,85.69762729633804,1.080654620868664,41.66154811682372,0.08173395261699556,0.03280586071940829,4.343429493003475e-06,1.2974912099205862,189.44969326537102,20,COMPLETE
3209,,,2026-10-06 02:14:02.594991,2026-10-06 02:14:39.674039,0 days 00:00:37.079048,0.51115025563667,0.2284118304472575,0.5667882730348237,11.991629079089469,0.506401025718823,98.6416708615901,1.080654620868664,12.371756168223909,0.2975664073833317,0.024099244621516126,4.343429493003475e-06,1.2974912099205862,,20,PRUNED
3210,33.89388367861451,13.95010164774081,2026-10-06 02:14:02.779995,2026-10-06 02:17:14.169655,0 days 00:03:11.389660,0.51115025563667,0.2284118304472575,0.5667882730348237,8.556213008137046,0.6454873286650737,98.6416708615901,1.180096250393855,23.475624031055144,0.08173395261699556,0.03280586071940829,4.343429493003475e-06,0.9632516777490221,191.389546809718,20,COMPLETE
3211,23.341977132753378,26.812920296584227,2026-10-06 02:14:04.892011,2026-10-06 02:17:15.535825,0 days 00:03:10.643814,0.51115025563667,0.2284118304472575,0.807738690329122,21.183844928151355,0.33279388005294136,98.6416708615901,1.080654620868664,45.6508402201298,0.08173395261699556,0.03280586071940829,4.343429493003475e-06,0.23886283196880004,190.64371077623218,20,COMPLETE
3212,,,2026-10-06 02:14:05.078001,2026-10-06 02:14:42.286063,0 days 00:00:37.208062,0.51115025563667,0.8717951055729352,0.4120579376102117,10.877854836518644,0.506401025718823,85.69762729633804,1.484226923085714,41.66154811682372,0.007925456797868324,0.024099244621516126,2.1038771230648366e-06,0.739405563829868,,20,PRUNED
3213,31.06087644035632,7.049326351148421,2026-10-06 02:14:34.925004,2026-10-06 02:17:49.278810,0 days 00:03:14.353806,1.4644809848335274,0.8717951055729352,0.4120579376102117,21.183844928151355,0.506401025718823,14.1766581688637,1.2997324176268799,41.66154811682372,0.007925456797868324,0.03038027549946027,4.343429493003475e-06,1.2974912099205862,194.35369552765042,20,COMPLETE
3214,,,2026-10-06 02:14:35.812121,2026-10-06 02:15:14.242062,0 days 00:00:38.429941,0.08683178226912808,0.8717951055729352,0.5667882730348237,10.877854836518644,0.506401025718823,94.61146042672904,1.080654620868664,45.6508402201298,0.3676044917349766,0.03280586071940829,4.343429493003475e-06,1.3890637168667692,,20,PRUNED
3215,52.01500544804664,1.7231375170542496,2026-10-06 02:14:37.376996,2026-10-06 02:17:50.194205,0 days 00:03:12.817209,0.8548572270960194,0.2284118304472575,0.20358075665942357,5.343050688320007,0.6087670929915812,98.6416708615901,1.4690823188003486,5.8774721288796,0.08173395261699556,0.03038027549946027,4.343429493003475e-06,1.1540267369865085,192.81710330955684,20,COMPLETE
3216,37.78579041899657,9.543048212359725,2026-10-06 02:14:37.722148,2026-10-06 02:17:49.318730,0 days 00:03:11.596582,0.6775759777641851,0.8717951055729352,0.4120579376102117,10.877854836518644,0.2395452449940939,85.69762729633804,0.7297455375332902,24.7033276028984,0.2975664073833317,0.03280586071940829,4.343429493003475e-06,0.739405563829868,191.59648049995303,20,COMPLETE
3217,38.81863042865167,12.608104299545694,2026-10-06 02:14:38.775690,2026-10-06 02:17:51.415825,0 days 00:03:12.640135,0.51115025563667,0.2965654106455736,0.4120579376102117,5.245413993140336,0.33279388005294136,98.6416708615901,1.080654620868664,19.15408445903519,0.28988344429582863,0.024099244621516126,4.343429493003475e-06,1.0701137489844414,192.6400333242491,20,COMPLETE
3218,37.75695927275795,12.122270988472206,2026-10-06 02:14:39.797996,2026-10-06 02:17:55.774853,0 days 00:03:15.976857,0.6336674284992825,0.8717951055729352,0.5667882730348237,5.245413993140336,0.33279388005294136,85.69762729633804,1.080654620868664,35.86671955459044,0.007925456797868324,0.03038027549946027,2.1038771230648366e-06,0.7699502779177346,195.97674359101802,20,COMPLETE
3219,31.334530390063417,2.438726667515277,2026-10-06 02:14:39.814978,2026-10-06 02:17:49.228316,0 days 00:03:09.413338,0.51115025563667,0.19189790819770397,0.20358075665942357,10.877854836518644,0.3049037081953532,1.330438097194792,1.080654620868664,45.6508402201298,0.2975664073833317,0.03280586071940829,4.343429493003475e-06,1.1540267369865085,189.41323056817055,20,COMPLETE
3220,38.117282162523786,11.613409061106909,2026-10-06 02:14:40.904166,2026-10-06 02:17:49.509388,0 days 00:03:08.605222,0.51115025563667,0.8486986971062336,0.5667882730348237,8.556213008137046,0.506401025718823,86.6015482918717,0.7297455375332902,41.66154811682372,0.007925456797868324,0.03280586071940829,4.343429493003475e-06,1.1540267369865085,188.60510809067637,20,COMPLETE
3221,35.77708991414501,6.682506671676653,2026-10-06 02:14:40.907958,2026-10-06 02:17:52.554504,0 days 00:03:11.646546,0.51115025563667,0.7186098618255685,0.4120579376102117,5.245413993140336,0.2395452449940939,42.08229240628126,1.3303656343791816,5.8774721288796,0.08173395261699556,0.03038027549946027,4.343429493003475e-06,1.1540267369865085,191.64643394760787,20,COMPLETE
3222,36.314508778896894,12.247177989186472,2026-10-06 02:14:41.065984,2026-10-06 02:17:56.526892,0 days 00:03:15.460908,0.51115025563667,0.8717951055729352,0.5667882730348237,21.183844928151355,0.506401025718823,85.69762729633804,1.080654620868664,41.66154811682372,0.007925456797868324,0.03280586071940829,1.3998631456140328e-06,1.2974912099205862,195.46079980954528,20,COMPLETE
3223,36.31433207607409,12.245056064791944,2026-10-06 02:14:42.640169,2026-10-06 02:17:51.408974,0 days 00:03:08.768805,0.51115025563667,0.8717951055729352,0.5667882730348237,21.183844928151355,0.506401025718823,85.69762729633804,1.080654620868664,41.66154811682372,0.007925456797868324,0.03280586071940829,2.1038771230648366e-06,1.2974912099205862,188.7687065890059,20,COMPLETE
3224,45.76332997024677,5.591822621113837,2026-10-06 02:14:42.643959,2026-10-06 02:17:53.478417,0 days 00:03:10.834458,0.7123418565646167,0.2965654106455736,0.3628512100826504,5.245413993140336,0.6087670929915812,94.61146042672904,0.6419517764288287,5.8774721288796,0.08173395261699556,0.03038027549946027,2.1038771230648366e-06,1.1540267369865085,190.83435799367726,20,COMPLETE
3225,25.404131484831172,8.5038399814912,2026-10-06 02:14:42.647955,2026-10-06 02:17:55.443918,0 days 00:03:12.795963,0.9158653711831447,0.19189790819770397,0.4120579376102117,10.877854836518644,0.6087670929915812,25.452866823053796,0.6419517764288287,5.8774721288796,0.2975664073833317,0.03038027549946027,1.2489998525118429e-06,1.2974912099205862,192.79585453495383,20,COMPLETE
3226,33.8622531095569,2.7581859562683295,2026-10-06 02:14:42.651953,2026-10-06 02:17:56.656777,0 days 00:03:14.004824,0.8010869639365119,0.2965654106455736,0.5667882730348237,8.556213008137046,0.33279388005294136,98.6416708615901,1.180096250393855,1.4056083189495427,0.3054149949472662,0.024099244621516126,0.0003750271870227611,1.2974912099205862,194.0037395171821,20,COMPLETE
3227,35.87330061219268,9.326825103046284,2026-10-06 02:14:43.016003,2026-10-06 02:17:59.227860,0 days 00:03:16.211857,0.3411998186496703,0.8717951055729352,0.5667882730348237,21.15092343279325,0.6454873286650737,98.6416708615901,1.080654620868664,23.475624031055144,0.08173395261699556,0.03280586071940829,4.343429493003475e-06,1.2974912099205862,196.21173748001456,20,COMPLETE
3228,41.55144983731115,5.4538286360350625,2026-10-06 02:14:43.339151,2026-10-06 02:17:52.106842,0 days 00:03:08.767691,0.4919537458910443,0.2965654106455736,0.4120579376102117,5.245413993140336,0.2395452449940939,98.6416708615901,1.4690823188003486,2.064375155489988,0.08173395261699556,0.022105411500915675,4.343429493003475e-06,1.1540267369865085,188.76757464651018,20,COMPLETE
3229,52.36894963603356,1.4897847038929921,2026-10-06 02:14:43.476989,2026-10-06 02:17:51.384263,0 days 00:03:07.907274,0.6775759777641851,0.2965654106455736,0.12615106220885586,5.245413993140336,0.2395452449940939,94.61146042672904,1.080654620868664,20.4004304097776,0.2975664073833317,0.03038027549946027,2.1038771230648366e-06,1.1540267369865085,187.90716499369591,20,COMPLETE
