number,values_0,values_1,datetime_start,datetime_complete,duration,params_between_rest_spread,params_c_spread,params_c_val,params_input_force,params_k_between_spread,params_k_between_val,params_k_wall_spread,params_k_wall_val,params_m_spread,params_m_val,params_ridge_alpha,params_wall_rest_spread,user_attrs_duration_sec,system_attrs_NSGAIISampler:generation,state
749,18.718724439250263,4.731709317359231,2026-10-06 00:37:45.879966,2026-10-06 00:41:00.161222,0 days 00:03:14.281256,0.2994157425323484,0.5088079218375162,0.09005234812447538,5.245413993140336,1.0774031071944332,2.9615022659031585,0.5207741688496756,1.1282993084044803,0.7685554742107898,0.007361010447850752,0.0004693315590468239,1.4891500624393408,194.28116072434932,3,COMPLETE
750,15.903478843061473,5.628389556739328,2026-10-06 00:37:45.943134,2026-10-06 00:40:57.090741,0 days 00:03:11.147607,0.19630735827449874,0.2965654106455736,0.6443949852851695,18.677678184085455,1.4587170185674183,11.647781097448451,1.394035285276604,14.182822102930093,0.089910785226051,0.03280586071940829,0.0006185581455600675,0.3066293241794842,191.14751133415848,3,COMPLETE
751,,,2026-10-06 00:37:45.962979,2026-10-06 00:37:47.118029,0 days 00:00:01.155050,0.6062262771251812,0.2284118304472575,0.2297655624989891,33.17033856339264,1.1150028353905197,3.9357948336652977,0.6165960852108494,86.57068482598544,0.6190501002082973,0.004913324116304621,,0.9092751429584793,,3,PRUNED
752,38.4620995934867,2.3717346381311057,2026-10-06 00:37:46.484165,2026-10-06 00:41:01.162076,0 days 00:03:14.677911,0.8861887783233188,0.527164092890509,0.4120579376102117,18.489161893608337,0.2395452449940939,98.6416708615901,1.394035285276604,14.182822102930093,0.194083030357998,0.08804378717982243,0.0006185581455600675,0.3066293241794842,194.6778159532696,3,COMPLETE
753,18.405266353773793,1.5251343570812224,2026-10-06 00:37:47.362004,2026-10-06 00:40:58.681172,0 days 00:03:11.319168,1.1917921473199087,0.2965654106455736,0.10626861340244535,18.677678184085455,1.4587170185674183,9.235458204740613,1.4622854161518108,23.475624031055144,0.573538310576864,0.05061331531697255,1.7201014311893553e-06,0.21930516785913245,191.31907373387367,3,COMPLETE
754,44.64947775533984,1.3190449621223603,2026-10-06 00:37:49.362003,2026-10-06 00:40:56.081300,0 days 00:03:06.719297,0.8010869639365119,0.3233389271032242,0.5799701872746303,11.991629079089469,0.6454873286650737,85.69762729633804,0.7964747556623476,1.2001363989388558,0.2975664073833317,0.09765004764801033,0.00014447613183128302,0.2678812614884665,186.7191986013204,3,COMPLETE
755,40.599295231953434,6.358682787606375,2026-10-06 00:37:50.070983,2026-10-06 00:41:02.966314,0 days 00:03:12.895331,0.2994157425323484,0.4500057657713351,0.2297655624989891,11.991629079089469,0.6046626808156426,85.69762729633804,0.9356883984494996,7.79232456580617,0.05609924456069537,0.022132402954529992,0.0004693315590468239,0.9092751429584793,192.89523861184716,3,COMPLETE
756,32.277764050036026,1.5966647333261381,2026-10-06 00:38:16.077006,2026-10-06 00:41:30.037318,0 days 00:03:13.960312,0.05008148914855248,0.26436360806232834,0.11369858697944095,5.814557047239577,0.05714116461716917,16.211255471509773,0.404930194599161,5.8774721288796,0.742842471971084,0.05018770758699738,1.1762488306807034e-06,1.1540267369865085,193.96020493283868,3,COMPLETE
757,10.738533886781951,1.2989958893143942,2026-10-06 00:38:23.113989,2026-10-06 00:41:34.747999,0 days 00:03:11.634010,0.7737222815132565,0.527164092890509,0.06022460482083565,17.553296709297783,0.2395452449940939,2.9667093425059705,0.19809840133758488,1.6690016290628795,0.4212595585654096,0.024099244621516126,0.0006185581455600675,0.9405267840694287,191.63391352351755,3,COMPLETE
758,,,2026-10-06 00:38:25.220004,2026-10-06 00:38:26.222045,0 days 00:00:01.002041,0.4428292606447327,0.8661787220393558,0.5667882730348237,16.18523914545625,0.4065985043486794,28.285734118696016,0.6419517764288287,1.6947971224041727,0.04206136129933902,0.022132402954529992,,0.9092751429584793,,3,PRUNED
759,,,2026-10-06 00:38:26.295394,2026-10-06 00:38:26.926045,0 days 00:00:00.630651,0.7535562568504046,0.5088079218375162,0.09005234812447538,5.245413993140336,1.0774031071944332,98.6416708615901,0.21292518523710352,2.0330101929189524,0.08173395261699556,0.007361010447850752,,0.7296704665126732,,3,PRUNED
760,21.079210300812814,5.777770284661151,2026-10-06 00:38:27.489162,2026-10-06 00:41:36.263823,0 days 00:03:08.774661,1.3566024828023762,0.5088079218375162,0.09005234812447538,5.245413993140336,1.0774031071944332,2.9615022659031585,1.4594405107884705,4.314853216716561,0.23604456192396966,0.007361010447850752,1.9958034707972923e-06,0.5142999062500755,188.77456699032336,3,COMPLETE
761,18.288576692824012,6.18909043719426,2026-10-06 00:38:27.492975,2026-10-06 00:41:39.486484,0 days 00:03:11.993509,0.447684485641811,0.2965654106455736,0.6443949852851695,18.677678184085455,1.4587170185674183,11.647781097448451,0.6419517764288287,5.8774721288796,0.089910785226051,0.03280586071940829,0.00014447613183128302,1.1540267369865085,191.9934177119285,3,COMPLETE
762,26.605267806012215,5.893584063077791,2026-10-06 00:38:53.140023,2026-10-06 00:41:59.387195,0 days 00:03:06.247172,0.7737222815132565,0.5608376222859704,0.807738690329122,17.553296709297783,0.6688626104060442,25.088361291801984,0.19809840133758488,7.9874857515804925,0.5860574191614696,0.07297012210736925,2.1038771230648366e-06,0.9405267840694287,186.2470717066899,3,COMPLETE
763,21.92872524120001,8.850767236640339,2026-10-06 00:39:02.791999,2026-10-06 00:42:16.754816,0 days 00:03:13.962817,1.1917921473199087,0.2965654106455736,0.6488616472387319,21.183844928151355,1.4587170185674183,9.235458204740613,1.1446866529412485,23.475624031055144,0.573538310576864,0.03038027549946027,0.005958227033600532,1.4242474729910322,193.96272160019726,3,COMPLETE
764,11.15620984731459,1.508595013428357,2026-10-06 00:39:33.743070,2026-10-06 00:42:48.375696,0 days 00:03:14.632626,0.3834721347353825,0.3731992973752525,0.5662816343755678,25.234946341998025,1.2957825863457457,1.2305092695987363,1.1446866529412485,1.3290341234086505,0.4493735763474446,0.04307095774988902,8.057382607958031e-05,1.0281652581298224,194.63252511061728,3,COMPLETE
765,30.24706549582765,1.9696015844330492,2026-10-06 00:39:34.820002,2026-10-06 00:42:44.462691,0 days 00:03:09.642689,0.9528582881543378,0.4835105352725577,0.1347521461063753,8.695206399809345,0.2395452449940939,39.51588933199152,1.394035285276604,10.195345414647532,0.2975664073833317,0.024099244621516126,2.9442330109354824,0.2678812614884665,189.64258442539722,3,COMPLETE
766,27.559970460284593,1.1990037723857256,2026-10-06 00:39:35.567013,2026-10-06 00:42:49.568276,0 days 00:03:14.001263,0.9717994332815645,0.9056915392647674,0.11369858697944095,4.264385735936695,0.4424930116262647,49.7837090928796,1.1068767969628939,2.072575382240667,0.08173395261699556,0.08804378717982243,3.7310590236616203,0.7296704665126732,194.00115517247468,3,COMPLETE
767,33.68477943987379,3.6608583443919844,2026-10-06 00:39:36.087998,2026-10-06 00:42:46.245633,0 days 00:03:10.157635,0.2994157425323484,0.03862310957047932,0.6443949852851695,11.991629079089469,0.6046626808156426,85.69762729633804,0.6419517764288287,28.899582155089796,0.007925456797868324,0.09765004764801033,0.0004693315590468239,1.4891500624393408,190.15753050986677,3,COMPLETE
768,29.273155883864195,1.567042381551233,2026-10-06 00:39:37.671104,2026-10-06 00:42:47.532675,0 days 00:03:09.861571,0.7737222815132565,0.8304682506740793,0.1219213289231819,17.553296709297783,0.6688626104060442,25.088361291801984,0.19809840133758488,5.8774721288796,0.089910785226051,0.037495759622009746,0.00014447613183128302,0.9405267840694287,189.8614654392004,3,COMPLETE
769,36.054965275387715,1.3848594825374876,2026-10-06 00:39:38.364370,2026-10-06 00:42:50.841308,0 days 00:03:12.476938,0.9528582881543378,0.2965654106455736,0.1347521461063753,8.695206399809345,1.4587170185674183,39.51588933199152,0.6419517764288287,1.2001363989388558,0.04206136129933902,0.03280586071940829,0.03465723943570713,0.2678812614884665,192.47685137111694,3,COMPLETE
770,19.312460529096782,4.009553442068498,2026-10-06 00:39:38.371973,2026-10-06 00:42:51.568329,0 days 00:03:13.196356,0.4428292606447327,0.2284118304472575,0.807738690329122,17.553296709297783,0.17665571526270746,28.285734118696016,0.5366544273914197,7.9874857515804925,0.5860574191614696,0.07297012210736925,0.1779362878501945,0.7296704665126732,193.1962666902691,3,COMPLETE
771,22.617240786286896,1.2387836113962316,2026-10-06 00:39:38.612990,2026-10-06 00:42:54.214882,0 days 00:03:15.601892,0.22557074171973307,0.48107531196221753,0.053131361676298165,37.82514248798617,0.4047073413009267,65.15119547276676,0.21292518523710352,1.0911664422198941,0.08173395261699556,0.06489821168481985,0.0006185581455600675,1.0498365290372507,195.60180049482733,3,COMPLETE
772,13.951175079173831,7.762690521622498,2026-10-06 00:39:39.516981,2026-10-06 00:42:50.516350,0 days 00:03:10.999369,0.8861887783233188,0.4774636695198178,0.18268747908623606,15.131455528370719,0.6484645690572918,6.3983390904701665,0.21292518523710352,2.029882838261563,0.08173395261699556,0.007361010447850752,0.004475392410627206,0.7296704665126732,190.99927076231688,3,COMPLETE
773,,,2026-10-06 00:39:39.541155,2026-10-06 00:39:40.051613,0 days 00:00:00.510458,0.6672137354754455,0.8661787220393558,0.5667882730348237,16.18523914545625,0.4424930116262647,11.647781097448451,1.1068767969628939,2.688509826508115,0.0236399030193733,0.004240125857027451,,0.17248374444296138,,3,PRUNED
774,13.634032523652067,2.3942026826976326,2026-10-06 00:39:39.544962,2026-10-06 00:42:53.177253,0 days 00:03:13.632291,1.3906804046437728,0.5088079218375162,0.10626861340244535,18.677678184085455,1.4587170185674183,2.9615022659031585,0.6190885998388953,1.324860798738475,0.7685554742107898,0.012361310934605576,0.004475392410627206,0.6004925208325128,193.63218520674855,3,COMPLETE
775,,,2026-10-06 00:39:39.548974,2026-10-06 00:39:39.907229,0 days 00:00:00.358255,1.4133460103446518,0.9056915392647674,0.807738690329122,5.814557047239577,0.15355487662636663,25.088361291801984,0.19809840133758488,2.072575382240667,1.1791218744906238,0.07297012210736925,,0.9405267840694287,,3,PRUNED
776,,,2026-10-06 00:39:40.786169,2026-10-06 00:39:41.298006,0 days 00:00:00.511837,0.8861887783233188,0.4774636695198178,0.4120579376102117,41.645467536664455,0.6454873286650737,2.409848848144881,0.6190885998388953,86.57068482598544,0.26083598793965107,0.007361010447850752,,0.42807300122669645,,3,PRUNED
777,9.995045128431865,2.1673794964720083,2026-10-06 00:39:40.789973,2026-10-06 00:42:56.992029,0 days 00:03:16.202056,0.44302975454438503,0.03589241939230381,0.9136447417382892,16.18523914545625,0.17665571526270746,2.0835973693999335,1.2774205311592197,37.25694322017278,0.3981164215924415,0.04676397558818303,50.331366073611754,1.2797917165216257,196.20196627639234,3,COMPLETE
778,21.116749487289493,5.582505376864834,2026-10-06 00:39:40.793963,2026-10-06 00:42:56.957520,0 days 00:03:16.163557,1.2356600307833205,0.5088079218375162,0.09005234812447538,5.245413993140336,1.0774031071944332,2.9615022659031585,1.4733105025969198,4.314853216716561,0.17672380622360612,0.007361010447850752,1.9958034707972923e-06,0.5142999062500755,196.1634580027312,3,COMPLETE
779,28.30356064827223,1.5589645126564982,2026-10-06 00:39:40.885019,2026-10-06 00:42:51.049735,0 days 00:03:10.164716,0.447684485641811,0.4835105352725577,0.2297655624989891,33.73621264377739,0.6454873286650737,28.285734118696016,0.12486747625813921,1.2001363989388558,0.2975664073833317,0.037495759622009746,0.00014447613183128302,1.3458907086260936,190.16461649537086,3,COMPLETE
780,22.96954228756614,3.915253605577065,2026-10-06 00:39:40.965986,2026-10-06 00:42:54.510401,0 days 00:03:13.544415,0.4428292606447327,0.4500057657713351,0.2297655624989891,8.794323001260684,0.29675499538560296,11.647781097448451,0.6419517764288287,1.6947971224041727,0.05609924456069537,0.022132402954529992,0.0011757094612474103,0.9092751429584793,193.5443234713748,3,COMPLETE
781,,,2026-10-06 00:39:41.525169,2026-10-06 00:39:42.591069,0 days 00:00:01.065900,0.51115025563667,1.2543935147233747,0.11720021795877078,16.606931230784816,1.35460707310614,11.647781097448451,0.12486747625813921,23.475624031055144,1.225008251625741,0.007361010447850752,,1.3458907086260936,,3,PRUNED
782,17.65348811507036,1.5437215742742247,2026-10-06 00:39:41.528978,2026-10-06 00:42:53.992574,0 days 00:03:12.463596,0.05008148914855248,1.1505274476627716,0.2297655624989891,49.168071302148626,0.05714116461716917,28.285734118696016,0.38106229976815414,1.6947971224041727,0.05609924456069537,0.022132402954529992,0.0011757094612474103,1.1540267369865085,192.4634984759614,3,COMPLETE
783,23.556051408146182,1.2198658142876584,2026-10-06 00:39:41.779993,2026-10-06 00:42:47.793998,0 days 00:03:06.014005,0.22557074171973307,0.5203487901288681,0.053131361676298165,18.677678184085455,1.4587170185674183,65.15119547276676,0.3082481893581244,5.8774721288796,0.089910785226051,0.06489821168481985,0.00014447613183128302,1.0498365290372507,186.0139089934528,3,COMPLETE
784,,,2026-10-06 00:39:41.977023,2026-10-06 00:39:43.195058,0 days 00:00:01.218035,1.3426389093843176,0.24837341587000777,0.587377575500352,12.404456665881645,0.8641627247678014,2.9667093425059705,0.12486747625813921,86.57068482598544,0.6612894906970102,0.006074688503901476,,1.3458907086260936,,3,PRUNED
785,19.605466072986523,6.11537054035463,2026-10-06 00:39:41.984976,2026-10-06 00:42:53.447489,0 days 00:03:11.462513,0.447684485641811,0.2965654106455736,0.5662816343755678,18.677678184085455,1.4587170185674183,12.603624906145171,0.6419517764288287,5.8774721288796,0.4493735763474446,0.03280586071940829,0.00014447613183128302,1.1137428294822522,191.46241836622357,3,COMPLETE
786,35.34541600788823,1.2771960057661882,2026-10-06 00:39:42.567989,2026-10-06 00:42:52.528271,0 days 00:03:09.960282,0.9528582881543378,0.4835105352725577,0.1347521461063753,8.695206399809345,0.3201011955575039,39.51588933199152,0.7964747556623476,1.2001363989388558,0.2975664073833317,0.03974320607069727,2.9442330109354824,0.2678812614884665,189.9601825159043,3,COMPLETE
787,7.910837877153748,1.6601476207149126,2026-10-06 00:39:42.716004,2026-10-06 00:42:51.252825,0 days 00:03:08.536821,0.8861887783233188,0.2284118304472575,0.5662816343755678,21.183844928151355,1.35460707310614,1.820711545620422,0.6419517764288287,1.3290341234086505,0.04206136129933902,0.03038027549946027,0.005958227033600532,0.7296704665126732,188.53671881649643,3,COMPLETE
788,4.154437838909832,1.1369690326050914,2026-10-06 00:39:42.837146,2026-10-06 00:42:49.617364,0 days 00:03:06.780218,0.2994157425323484,0.5088079218375162,0.02955725687849329,49.168071302148626,0.05714116461716917,2.9615022659031585,0.6190885998388953,1.2001363989388558,0.2975664073833317,0.09765004764801033,2.9442330109354824,1.1540267369865085,186.78012551087886,3,COMPLETE
789,28.372258323704408,1.2395478526030295,2026-10-06 00:39:43.288997,2026-10-06 00:42:52.344189,0 days 00:03:09.055192,0.9528582881543378,1.0562250660985053,0.5799701872746303,11.991629079089469,0.6046626808156426,85.69762729633804,0.7964747556623476,1.2001363989388558,0.5240115088234312,0.09765004764801033,25.420942887683974,1.4891500624393408,189.05509421695024,3,COMPLETE
790,,,2026-10-06 00:39:43.864994,2026-10-06 00:39:44.394045,0 days 00:00:00.529051,1.350503098526395,0.7347826529652479,0.08225225182467477,8.556213008137046,1.0774031071944332,7.596863112772716,1.3355598077240103,14.722771295578145,0.3966401972482178,0.007361010447850752,,1.4891500624393408,,3,PRUNED
791,29.502414767815093,1.345881300539368,2026-10-06 00:39:44.648161,2026-10-06 00:42:54.158654,0 days 00:03:09.510493,0.447684485641811,0.3233389271032242,0.11720021795877078,41.645467536664455,0.6454873286650737,3.9357948336652977,0.12486747625813921,86.57068482598544,0.6612894906970102,0.037495759622009746,0.00014447613183128302,1.3458907086260936,189.51039795484394,3,COMPLETE
792,32.16136125898261,5.787059553482221,2026-10-06 00:40:03.943004,2026-10-06 00:43:12.719842,0 days 00:03:08.776838,0.51115025563667,0.4500057657713351,0.2297655624989891,8.794323001260684,0.29675499538560296,28.285734118696016,1.1446866529412485,23.475624031055144,0.05609924456069537,0.03038027549946027,0.0011757094612474103,0.9092751429584793,188.7767360592261,3,COMPLETE
793,17.385445301887145,4.221336086955195,2026-10-06 00:40:09.793076,2026-10-06 00:43:17.742578,0 days 00:03:07.949502,0.9528582881543378,0.4835105352725577,0.09005234812447538,5.245413993140336,0.7512656915181712,2.9615022659031585,0.7964747556623476,1.2001363989388558,0.2975664073833317,0.007361010447850752,2.9442330109354824,0.2678812614884665,187.94939424283803,3,COMPLETE
794,,,2026-10-06 00:40:14.123013,2026-10-06 00:40:15.175025,0 days 00:00:01.052012,0.6062262771251812,0.3543601040935676,0.1026017143088177,33.17033856339264,0.6454873286650737,3.9357948336652977,0.12486747625813921,86.57068482598544,0.6190501002082973,0.00202276478568427,,1.1137428294822522,,3,PRUNED
795,,,2026-10-06 00:40:15.269988,2026-10-06 00:40:16.278099,0 days 00:00:01.008111,0.19630735827449874,0.9056915392647674,0.11369858697944095,18.489161893608337,1.091619105261103,98.6416708615901,0.21292518523710352,14.182822102930093,1.1791218744906238,0.024099244621516126,,0.7296704665126732,,3,PRUNED
796,25.93504089853932,4.205450291653733,2026-10-06 00:40:15.800182,2026-10-06 00:43:30.034474,0 days 00:03:14.234292,0.6062262771251812,0.2284118304472575,0.2297655624989891,33.17033856339264,0.6454873286650737,28.285734118696016,0.2995587168315584,86.57068482598544,0.05609924456069537,0.037495759622009746,0.1779362878501945,1.1137428294822522,194.2341899909079,3,COMPLETE
797,25.871933402026126,2.6909217545168835,2026-10-06 00:40:15.803972,2026-10-06 00:43:24.365955,0 days 00:03:08.561983,0.39568328879440856,0.2284118304472575,0.5662816343755678,21.183844928151355,0.631975484387248,26.22079615322774,0.4740161859265573,2.072575382240667,0.46962213455178087,0.06668334722343025,1.1762488306807034e-06,0.7296704665126732,188.56189494486898,3,COMPLETE
798,13.26592380143029,1.3234868997927847,2026-10-06 00:40:15.807965,2026-10-06 00:43:23.687195,0 days 00:03:07.879230,0.3834721347353825,0.3731992973752525,0.5799701872746303,18.677678184085455,1.4587170185674183,1.4546227950591255,1.1446866529412485,23.475624031055144,0.2975664073833317,0.09765004764801033,0.005958227033600532,0.2678812614884665,187.87912851944566,3,COMPLETE
799,,,2026-10-06 00:40:15.947152,2026-10-06 00:40:55.220030,0 days 00:00:39.272878,0.2994157425323484,1.0562250660985053,0.2297655624989891,8.794323001260684,0.9155290992097179,85.69762729633804,0.9356883984494996,1.1282993084044803,0.007925456797868324,0.022132402954529992,0.0004693315590468239,1.4891500624393408,,3,PRUNED
800,23.19186975012459,2.5273516841839485,2026-10-06 00:40:16.007994,2026-10-06 00:43:30.783269,0 days 00:03:14.775275,0.51115025563667,1.2380850895086433,0.5667882730348237,16.606931230784816,0.17665571526270746,25.088361291801984,0.6419517764288287,23.475624031055144,0.04206136129933902,0.08804378717982243,0.020982657779287442,0.6069618734849955,194.77518007252365,3,COMPLETE
801,16.63151241579515,1.2124911549828574,2026-10-06 00:40:16.113978,2026-10-06 00:43:29.402552,0 days 00:03:13.288574,0.7535562568504046,0.5088079218375162,0.09005234812447538,5.245413993140336,0.631975484387248,2.9615022659031585,0.4740161859265573,1.1282993084044803,0.7685554742107898,0.06668334722343025,0.008359641042857198,0.6004925208325128,193.28846554085612,3,COMPLETE
802,7.557340056843861,6.3902093473214645,2026-10-06 00:40:16.204936,2026-10-06 00:43:30.668546,0 days 00:03:14.463610,1.3426389093843176,0.24837341587000777,0.587377575500352,12.404456665881645,0.8514550195258925,2.9667093425059705,0.06389754300029743,10.195345414647532,0.4212595585654096,0.006074688503901476,16.840311826696198,0.21347726672360295,194.46352617442608,3,COMPLETE
803,18.679089944013743,17.30777216788473,2026-10-06 00:40:16.568353,2026-10-06 00:43:24.898862,0 days 00:03:08.330509,0.3834721347353825,0.2965654106455736,0.5667882730348237,16.18523914545625,0.17665571526270746,25.088361291801984,0.3849061930847223,26.566173293819713,0.26083598793965107,0.03280586071940829,3.680314106392975e-06,0.6004925208325128,188.33039242960513,3,COMPLETE
804,29.747950340026136,1.340001549330402,2026-10-06 00:40:16.571979,2026-10-06 00:43:30.083607,0 days 00:03:13.511628,0.19630735827449874,0.527164092890509,0.06022460482083565,18.489161893608337,0.2395452449940939,25.088361291801984,1.250042067544401,2.072575382240667,0.194083030357998,0.024099244621516126,0.0006185581455600675,0.3066293241794842,193.5115409679711,3,COMPLETE
805,26.105252164326203,1.3616616823444208,2026-10-06 00:40:17.034988,2026-10-06 00:43:31.495712,0 days 00:03:14.460724,0.2994157425323484,0.4835105352725577,0.5799701872746303,11.991629079089469,0.3201011955575039,85.69762729633804,0.7964747556623476,1.1282993084044803,0.2975664073833317,0.03974320607069727,2.9442330109354824,1.4891500624393408,194.46061945240945,3,COMPLETE
806,33.85407256093231,1.2277554851815147,2026-10-06 00:40:18.041012,2026-10-06 00:43:30.071827,0 days 00:03:12.030815,0.2994157425323484,0.8304682506740793,0.5799701872746303,49.168071302148626,0.6046626808156426,85.69762729633804,1.191277759964359,1.1282993084044803,0.2975664073833317,0.09765004764801033,2.9442330109354824,1.1540267369865085,192.03072366584092,3,COMPLETE
807,13.465327440344407,1.4083683930345914,2026-10-06 00:40:19.110996,2026-10-06 00:43:30.611852,0 days 00:03:11.500856,1.2397478692547237,0.3543601040935676,0.1026017143088177,16.606931230784816,0.17665571526270746,3.9357948336652977,0.12486747625813921,2.029882838261563,0.26083598793965107,0.037495759622009746,1.7330071479363856e-05,1.1137428294822522,191.50075949542224,3,COMPLETE
