number,values_0,values_1,datetime_start,datetime_complete,duration,params_between_rest_spread,params_c_spread,params_c_val,params_input_force,params_k_between_spread,params_k_between_val,params_k_wall_spread,params_k_wall_val,params_m_spread,params_m_val,params_ridge_alpha,params_wall_rest_spread,user_attrs_duration_sec,system_attrs_NSGAIISampler:generation,state
4598,47.13664938015704,4.436621351004124,2026-10-06 03:07:18.707008,2026-10-06 03:10:33.034166,0 days 00:03:14.327158,0.9158653711831447,0.8715336252138003,0.4120579376102117,5.245413993140336,0.6087670929915812,98.6416708615901,1.080654620868664,5.8774721288796,0.08173395261699556,0.03038027549946027,2.1038771230648366e-06,1.1540267369865085,194.32704009022564,29,COMPLETE
4599,36.366585454004834,1.337245591641559,2026-10-06 03:07:19.275151,2026-10-06 03:10:30.953961,0 days 00:03:11.678810,0.51115025563667,0.19189790819770397,0.04435414921179134,12.214752017762354,0.6540844013380509,85.69762729633804,1.484226923085714,35.86671955459044,0.08173395261699556,0.03038027549946027,4.343429493003475e-06,0.26014925921812165,191.6787005746737,29,COMPLETE
4600,42.08763964138906,7.746501256630304,2026-10-06 03:07:19.278966,2026-10-06 03:10:30.166545,0 days 00:03:10.887579,0.51115025563667,0.2284118304472575,0.4120579376102117,5.245413993140336,0.33279388005294136,98.6416708615901,1.080654620868664,5.8774721288796,0.08173395261699556,0.03038027549946027,2.1038771230648366e-06,0.7296704665126732,190.88746297266334,29,COMPLETE
4601,36.24420839332131,12.87778280432872,2026-10-06 03:07:19.364101,2026-10-06 03:10:31.960990,0 days 00:03:12.596889,0.51115025563667,0.21606902729252941,0.4120579376102117,10.877854836518644,0.33279388005294136,98.6416708615901,0.7518185550990375,19.15408445903519,0.4212595585654096,0.03038027549946027,4.343429493003475e-06,0.7699502779177346,192.59677785728127,29,COMPLETE
4602,40.69103465643447,10.150419283582172,2026-10-06 03:07:19.679958,2026-10-06 03:10:35.034343,0 days 00:03:15.354385,0.7407180681038071,0.21606902729252941,0.4120579376102117,5.245413993140336,0.33279388005294136,85.69762729633804,1.4690823188003486,19.15408445903519,0.4212595585654096,0.03038027549946027,4.343429493003475e-06,0.7699502779177346,195.35426279809326,29,COMPLETE
4603,25.809860792150783,26.62112792669938,2026-10-06 03:07:20.203916,2026-10-06 03:10:31.888955,0 days 00:03:11.685039,0.51115025563667,0.07861675458476158,0.807738690329122,21.183844928151355,0.3519093950798047,94.61146042672904,0.396687138771568,45.6508402201298,0.3054149949472662,0.03038027549946027,4.343429493003475e-06,1.2974912099205862,191.68491941783577,29,COMPLETE
4604,,,2026-10-06 03:07:20.593000,2026-10-06 03:07:21.158054,0 days 00:00:00.565054,0.8010869639365119,0.8717951055729352,0.5667882730348237,5.245413993140336,0.33279388005294136,98.6416708615901,1.4690823188003486,23.475624031055144,0.3054149949472662,0.021966873773064614,,1.3890637168667692,,29,PRUNED
4605,,,2026-10-06 03:07:21.448019,2026-10-06 03:07:22.233047,0 days 00:00:00.785028,0.51115025563667,0.2965654106455736,0.4120579376102117,5.245413993140336,0.33279388005294136,94.61146042672904,0.1766508332528201,14.182822102930093,0.3936576523393438,0.008710443949064518,,1.1540267369865085,,29,PRUNED
4606,37.4987204258983,6.535714594550749,2026-10-06 03:07:21.568980,2026-10-06 03:10:30.954186,0 days 00:03:09.385206,0.51115025563667,0.07861675458476158,0.2345370319995722,21.183844928151355,0.33279388005294136,94.61146042672904,0.6419517764288287,45.6508402201298,0.28988344429582863,0.03038027549946027,4.343429493003475e-06,1.2974912099205862,189.3746422417462,29,COMPLETE
4607,32.63065220380163,17.249630177340922,2026-10-06 03:07:22.304155,2026-10-06 03:10:33.377850,0 days 00:03:11.073695,0.8010869639365119,0.19189790819770397,0.5667882730348237,8.556213008137046,0.2395452449940939,85.69762729633804,1.080654620868664,35.86671955459044,0.3161737300984912,0.03280586071940829,4.343429493003475e-06,0.7699502779177346,191.07357366476208,29,COMPLETE
4608,,,2026-10-06 03:07:22.329984,2026-10-06 03:07:22.962040,0 days 00:00:00.632056,0.51115025563667,1.3779781315669704,0.20358075665942357,8.556213008137046,0.33279388005294136,98.6416708615901,1.484226923085714,1.4056083189495427,0.4212595585654096,0.03280586071940829,,1.1540267369865085,,29,PRUNED
4609,,,2026-10-06 03:07:22.973992,2026-10-06 03:08:00.534049,0 days 00:00:37.560057,0.8424101467715315,0.7186098618255685,0.5667882730348237,10.877854836518644,1.0114657339807482,85.69762729633804,1.080654620868664,12.371756168223909,0.28988344429582863,0.03038027549946027,4.343429493003475e-06,0.7296704665126732,,29,PRUNED
4610,41.594859365224025,9.305813198281223,2026-10-06 03:07:23.235982,2026-10-06 03:10:34.609408,0 days 00:03:11.373426,0.32522926579248107,0.2965654106455736,0.4120579376102117,5.245413993140336,0.33279388005294136,94.61146042672904,1.484226923085714,19.15408445903519,0.15450841561573675,0.03038027549946027,2.1038771230648366e-06,1.1540267369865085,191.37331065814942,29,COMPLETE
4611,17.471563072347305,2.9309231411912813,2026-10-06 03:07:23.555996,2026-10-06 03:10:35.240612,0 days 00:03:11.684616,0.7407180681038071,0.8717951055729352,0.4120579376102117,11.991629079089469,0.33279388005294136,1.918627771594757,0.7518185550990375,5.8774721288796,0.007925456797868324,0.03038027549946027,4.343429493003475e-06,1.1540267369865085,191.68450429290533,29,COMPLETE
4612,36.65754703294884,6.740062129148279,2026-10-06 03:07:46.112339,2026-10-06 03:11:02.911387,0 days 00:03:16.799048,0.51115025563667,0.19189790819770397,0.2345370319995722,10.877854836518644,0.33279388005294136,98.6416708615901,1.080654620868664,35.86671955459044,0.2975664073833317,0.03038027549946027,4.343429493003475e-06,0.05775809698947387,196.79892423935235,29,COMPLETE
4613,31.9599897767394,5.091764300324346,2026-10-06 03:07:55.959001,2026-10-06 03:11:08.116466,0 days 00:03:12.157465,0.8010869639365119,0.7186098618255685,0.807738690329122,5.245413993140336,0.6087670929915812,94.61146042672904,1.080654620868664,5.757169590546081,0.28988344429582863,0.03038027549946027,4.343429493003475e-06,1.200392480511766,192.15733885299414,29,COMPLETE
4614,,,2026-10-06 03:07:56.176978,2026-10-06 03:07:56.773219,0 days 00:00:00.596241,0.8010869639365119,0.9527026017955382,0.5667882730348237,5.245413993140336,0.576585108037379,85.69762729633804,1.080654620868664,19.15408445903519,0.4212595585654096,0.03038027549946027,,1.4882357011391918,,29,PRUNED
4615,37.52901255197561,12.031295395785813,2026-10-06 03:07:56.319127,2026-10-06 03:11:09.781616,0 days 00:03:13.462489,0.7407180681038071,0.8717951055729352,0.5926143650576037,19.696782697866922,0.33279388005294136,98.6416708615901,1.484226923085714,35.86671955459044,0.2975664073833317,0.03280586071940829,4.343429493003475e-06,1.1540267369865085,193.46237020287663,29,COMPLETE
4616,32.20242533525003,3.546605875585639,2026-10-06 03:07:57.204286,2026-10-06 03:11:07.869294,0 days 00:03:10.665008,0.7407180681038071,0.21606902729252941,0.4120579376102117,5.245413993140336,0.2395452449940939,98.6416708615901,1.080654620868664,19.15408445903519,0.08173395261699556,0.03038027549946027,0.005492623988597167,0.7699502779177346,190.66487512830645,29,COMPLETE
4617,,,2026-10-06 03:07:58.852159,2026-10-06 03:08:38.397062,0 days 00:00:39.544903,0.51115025563667,0.07861675458476158,0.807738690329122,21.183844928151355,0.6087670929915812,94.61146042672904,0.6419517764288287,45.6508402201298,0.6625633024389906,0.05801259431429041,4.343429493003475e-06,1.1540267369865085,,29,PRUNED
4618,48.81424687083814,1.87701522948239,2026-10-06 03:07:59.436159,2026-10-06 03:11:10.964112,0 days 00:03:11.527953,0.3624332253044481,0.8717951055729352,0.20358075665942357,10.877854836518644,0.506401025718823,98.6416708615901,1.484226923085714,12.371756168223909,0.3054149949472662,0.03280586071940829,4.343429493003475e-06,1.3890637168667692,191.52783658076078,29,COMPLETE
4619,,,2026-10-06 03:07:59.612978,2026-10-06 03:08:00.320071,0 days 00:00:00.707093,0.7407180681038071,0.2965654106455736,0.4120579376102117,32.58553944696682,1.2507088009887184,98.6416708615901,1.484226923085714,5.8774721288796,0.4212595585654096,0.03280586071940829,,1.1540267369865085,,29,PRUNED
4620,32.42106796740207,14.039216929677226,2026-10-06 03:08:00.699002,2026-10-06 03:11:12.825975,0 days 00:03:12.126973,0.7123418565646167,0.2965654106455736,0.4120579376102117,21.183844928151355,0.6087670929915812,98.6416708615901,0.7297455375332902,45.6508402201298,0.08173395261699556,0.03038027549946027,2.267358369341208e-06,0.7699502779177346,192.12684711255133,29,COMPLETE
4621,44.864072965097996,1.6861019993129034,2026-10-06 03:08:00.792135,2026-10-06 03:11:11.835362,0 days 00:03:11.043227,0.8010869639365119,0.7186098618255685,0.2345370319995722,5.245413993140336,0.2395452449940939,98.6416708615901,0.7297455375332902,5.8774721288796,0.4212595585654096,0.03038027549946027,0.007145216844133217,0.7699502779177346,191.04310811311007,29,COMPLETE
4622,26.54806409162876,13.779774839288454,2026-10-06 03:08:28.408008,2026-10-06 03:11:44.415479,0 days 00:03:16.007471,0.7407180681038071,0.19189790819770397,0.4120579376102117,5.245413993140336,0.33279388005294136,20.706235109740874,0.6419517764288287,35.86671955459044,0.2975664073833317,0.03280586071940829,4.343429493003475e-06,0.7509455518596025,196.00733660627156,29,COMPLETE
4623,,,2026-10-06 03:08:29.172028,2026-10-06 03:08:29.704080,0 days 00:00:00.532052,0.8010869639365119,0.7186098618255685,0.2345370319995722,5.245413993140336,0.33279388005294136,94.61146042672904,1.484226923085714,5.8774721288796,0.28988344429582863,0.0034679051899394347,,1.1540267369865085,,29,PRUNED
4624,28.99711704940981,20.89928969675177,2026-10-06 03:08:30.121997,2026-10-06 03:11:40.462685,0 days 00:03:10.340688,0.6775759777641851,0.2284118304472575,0.5667882730348237,10.877854836518644,0.2395452449940939,55.31647714732332,1.4690823188003486,23.475624031055144,0.2975664073833317,0.024099244621516126,4.343429493003475e-06,1.1540267369865085,190.34056355338544,29,COMPLETE
4625,,,2026-10-06 03:08:31.768004,2026-10-06 03:09:10.397300,0 days 00:00:38.629296,0.8548572270960194,0.2284118304472575,0.4120579376102117,8.556213008137046,0.6087670929915812,98.6416708615901,0.5631021303469503,5.8774721288796,0.4212595585654096,0.03038027549946027,4.343429493003475e-06,1.1540267369865085,,29,PRUNED
4626,,,2026-10-06 03:08:33.932989,2026-10-06 03:09:14.166038,0 days 00:00:40.233049,0.51115025563667,0.2284118304472575,0.5667882730348237,11.991629079089469,0.33279388005294136,98.6416708615901,1.484226923085714,5.8774721288796,0.4061770161620472,0.024099244621516126,4.343429493003475e-06,0.06813310163640623,,29,PRUNED
4627,,,2026-10-06 03:08:35.288004,2026-10-06 03:09:14.597039,0 days 00:00:39.309035,1.3556776105271016,0.21606902729252941,0.807738690329122,12.214752017762354,0.6120089361565175,98.6416708615901,0.7297455375332902,45.6508402201298,0.5165983135795887,0.03038027549946027,4.343429493003475e-06,0.10737680779736664,,29,PRUNED
4628,,,2026-10-06 03:08:37.241176,2026-10-06 03:09:17.183999,0 days 00:00:39.942823,0.6775759777641851,0.2965654106455736,0.4120579376102117,5.245413993140336,0.2395452449940939,98.6416708615901,1.2898828018697517,23.475624031055144,0.4212595585654096,0.024099244621516126,4.343429493003475e-06,0.34615901987306996,,29,PRUNED
4629,35.87087579438703,12.444714116684446,2026-10-06 03:08:37.291995,2026-10-06 03:11:45.694993,0 days 00:03:08.402998,0.7407180681038071,0.21606902729252941,0.5926143650576037,11.991629079089469,0.33279388005294136,85.69762729633804,1.4690823188003486,5.8774721288796,0.4212595585654096,0.03038027549946027,2.1038771230648366e-06,0.7699502779177346,188.4028721069917,29,COMPLETE
4630,46.34245879889262,5.862417306435785,2026-10-06 03:08:37.359995,2026-10-06 03:11:47.839266,0 days 00:03:10.479271,0.51115025563667,0.7186098618255685,0.4120579376102117,5.245413993140336,0.5557547632162355,98.6416708615901,1.080654620868664,5.8774721288796,0.08173395261699556,0.03038027549946027,2.1038771230648366e-06,1.1540267369865085,190.4791640629992,29,COMPLETE
4631,37.899222873208856,11.62275643136361,2026-10-06 03:08:37.525999,2026-10-06 03:11:47.484417,0 days 00:03:09.958418,0.51115025563667,0.2284118304472575,0.4120579376102117,5.245413993140336,0.33279388005294136,85.69762729633804,1.080654620868664,41.66154811682372,0.08173395261699556,0.03038027549946027,2.1038771230648366e-06,1.1540267369865085,189.95829379279166,29,COMPLETE
4632,,,2026-10-06 03:08:37.874014,2026-10-06 03:08:38.747037,0 days 00:00:00.873023,0.9065426415610353,0.8717951055729352,0.807738690329122,5.245413993140336,1.3894146955257356,98.6416708615901,1.484226923085714,1.4056083189495427,0.3054149949472662,0.03038027549946027,,1.3890637168667692,,29,PRUNED
4633,50.80333263279217,1.2898937623500233,2026-10-06 03:08:38.029990,2026-10-06 03:11:47.795292,0 days 00:03:09.765302,0.9158653711831447,0.8717951055729352,0.12615106220885586,5.245413993140336,0.2395452449940939,94.61146042672904,0.7257345409495506,1.4056083189495427,0.3054149949472662,0.024099244621516126,4.343429493003475e-06,1.3890637168667692,189.76517779845744,29,COMPLETE
4634,22.76100354705194,7.0928309526607585,2026-10-06 03:08:38.758989,2026-10-06 03:11:45.472637,0 days 00:03:06.713648,0.51115025563667,0.3710922296723819,0.5926143650576037,10.877854836518644,1.3404861323205233,7.880403388408835,1.484226923085714,5.8774721288796,0.8808979855919683,0.03280586071940829,4.343429493003475e-06,1.1540267369865085,186.71352782472968,29,COMPLETE
4635,,,2026-10-06 03:08:38.808126,2026-10-06 03:08:39.625055,0 days 00:00:00.816929,0.51115025563667,1.166930785747946,0.807738690329122,8.556213008137046,0.2395452449940939,98.6416708615901,1.484226923085714,1.4056083189495427,0.3161737300984912,0.03280586071940829,,0.7699502779177346,,29,PRUNED
4636,30.249381851198887,6.964071910350472,2026-10-06 03:08:39.821980,2026-10-06 03:11:48.743911,0 days 00:03:08.921931,0.7407180681038071,0.19189790819770397,0.4120579376102117,10.877854836518644,0.5557547632162355,33.80573626568785,0.6419517764288287,3.6940002901881552,0.08173395261699556,0.03280586071940829,2.1038771230648366e-06,1.1540267369865085,188.92181573063135,29,COMPLETE
4637,,,2026-10-06 03:08:40.642008,2026-10-06 03:08:41.685380,0 days 00:00:01.043372,0.51115025563667,1.1951766840083218,0.807738690329122,21.183844928151355,0.6087670929915812,94.61146042672904,0.396687138771568,20.629587960503656,0.007925456797868324,0.03038027549946027,,0.7699502779177346,,29,PRUNED
4638,27.5480904571907,3.652335484572678,2026-10-06 03:08:41.913008,2026-10-06 03:11:52.576853,0 days 00:03:10.663845,0.8010869639365119,0.7186098618255685,0.2345370319995722,21.183844928151355,0.6087670929915812,5.700200810990339,0.39552867473326975,45.6508402201298,0.28988344429582863,0.03038027549946027,4.343429493003475e-06,1.2974912099205862,190.66373693197966,29,COMPLETE
4639,37.69303094390017,4.16893820977461,2026-10-06 03:09:00.394365,2026-10-06 03:12:10.049427,0 days 00:03:09.655062,0.51115025563667,0.2284118304472575,0.5667882730348237,5.245413993140336,0.33279388005294136,98.6416708615901,0.3784349785197,1.9664618209373492,0.026937100580568585,0.03038027549946027,4.343429493003475e-06,0.7638521028293903,189.65494280587882,29,COMPLETE
4640,,,2026-10-06 03:09:05.267987,2026-10-06 03:09:46.510062,0 days 00:00:41.242075,0.51115025563667,0.2965654106455736,0.12615106220885586,5.245413993140336,0.6087670929915812,94.61146042672904,0.13071282278831825,5.8774721288796,0.08173395261699556,0.021966873773064614,4.343429493003475e-06,1.2974912099205862,,29,PRUNED
4641,12.5519396292522,2.5772956936470433,2026-10-06 03:09:08.171982,2026-10-06 03:12:24.319796,0 days 00:03:16.147814,0.13669304385981873,0.7186098618255685,0.807738690329122,5.245413993140336,0.6087670929915812,1.090943102095826,1.484226923085714,45.6508402201298,0.08173395261699556,0.03038027549946027,0.5909758809361959,0.23886283196880004,196.14768010750413,29,COMPLETE
4642,29.17535023393455,23.300638932835913,2026-10-06 03:09:08.195974,2026-10-06 03:12:22.588569,0 days 00:03:14.392595,0.7531222981085923,0.3710922296723819,0.807738690329122,21.183844928151355,0.6087670929915812,98.6416708615901,0.7297455375332902,41.66154811682372,0.08173395261699556,0.03038027549946027,2.1038771230648366e-06,1.2974912099205862,194.3924870127812,29,COMPLETE
4643,43.23113374175379,7.334528770696585,2026-10-06 03:09:09.529012,2026-10-06 03:12:25.951458,0 days 00:03:16.422446,1.1546551456676255,0.8717951055729352,0.5667882730348237,11.991629079089469,0.33279388005294136,98.6416708615901,0.7518185550990375,19.15408445903519,0.3676044917349766,0.04450116357055967,4.343429493003475e-06,1.2974912099205862,196.42233914136887,29,COMPLETE
4644,46.679784932431616,3.8620049412787227,2026-10-06 03:09:10.136068,2026-10-06 03:12:22.345205,0 days 00:03:12.209137,0.7123418565646167,0.19189790819770397,0.2345370319995722,5.245413993140336,0.33279388005294136,94.61146042672904,1.080654620868664,35.86671955459044,0.08173395261699556,0.03038027549946027,4.343429493003475e-06,1.2974912099205862,192.20901185832918,29,COMPLETE
4645,45.908012443230305,3.2056912435417555,2026-10-06 03:09:10.606352,2026-10-06 03:12:23.342861,0 days 00:03:12.736509,0.8010869639365119,0.8059564568849952,0.2345370319995722,21.183844928151355,0.6928284758789854,98.6416708615901,0.396687138771568,4.857371975665794,0.007925456797868324,0.03038027549946027,4.343429493003475e-06,1.0799410286600932,192.73638090770692,29,COMPLETE
4646,31.696946155980555,7.148938226879641,2026-10-06 03:09:10.712991,2026-10-06 03:12:22.326106,0 days 00:03:11.613115,0.8010869639365119,0.07861675458476158,0.807738690329122,5.245413993140336,0.33279388005294136,98.6416708615901,1.484226923085714,5.8774721288796,0.28988344429582863,0.03038027549946027,4.343429493003475e-06,1.1540267369865085,191.61296884715557,29,COMPLETE
4647,,,2026-10-06 03:09:11.419002,2026-10-06 03:09:13.021274,0 days 00:00:01.602272,0.51115025563667,0.2284118304472575,0.2345370319995722,5.245413993140336,0.33279388005294136,85.69762729633804,1.484226923085714,41.66154811682372,1.1642417124201496,0.04940449879268669,,1.1540267369865085,,29,PRUNED
4648,48.11408557738681,4.905537326290792,2026-10-06 03:09:12.621995,2026-10-06 03:12:25.987134,0 days 00:03:13.365139,1.0052204087820296,0.8717951055729352,0.4120579376102117,5.245413993140336,0.6087670929915812,98.6416708615901,0.6419517764288287,5.8774721288796,0.007925456797868324,0.03038027549946027,2.1038771230648366e-06,0.23886283196880004,193.36503629852086,29,COMPLETE
4649,37.7454493221864,11.651910239167087,2026-10-06 03:09:12.909468,2026-10-06 03:12:25.542159,0 days 00:03:12.632691,0.51115025563667,0.2284118304472575,0.4120579376102117,5.245413993140336,0.33279388005294136,85.69762729633804,1.080654620868664,41.66154811682372,0.03699944380915837,0.03038027549946027,2.1038771230648366e-06,1.1540267369865085,192.63257500343025,29,COMPLETE
4650,,,2026-10-06 03:09:13.508005,2026-10-06 03:09:53.264044,0 days 00:00:39.756039,0.8010869639365119,0.48628333026250986,0.036590751919852525,12.214752017762354,0.33279388005294136,94.61146042672904,1.484226923085714,45.6508402201298,0.08173395261699556,0.03038027549946027,4.343429493003475e-06,1.1540267369865085,,29,PRUNED
4651,55.442845217672925,1.4020528862258883,2026-10-06 03:09:14.635990,2026-10-06 03:12:25.188184,0 days 00:03:10.552194,0.51115025563667,0.8717951055729352,0.20358075665942357,5.245413993140336,0.33279388005294136,98.6416708615901,1.484226923085714,1.4056083189495427,0.3054149949472662,0.024099244621516126,2.4418919900092354e-05,1.3890637168667692,190.55208230391145,29,COMPLETE
4652,38.88566385702656,10.238355090758542,2026-10-06 03:09:14.683974,2026-10-06 03:12:25.878543,0 days 00:03:11.194569,0.32522926579248107,0.07861675458476158,0.4120579376102117,5.245413993140336,0.33279388005294136,94.61146042672904,1.1423159498200168,19.15408445903519,0.007925456797868324,0.03038027549946027,4.343429493003475e-06,1.2974912099205862,191.19446823280305,29,COMPLETE
4653,47.47052856093855,5.122277172956654,2026-10-06 03:09:15.514158,2026-10-06 03:12:26.576876,0 days 00:03:11.062718,0.9158653711831447,0.8715336252138003,0.4120579376102117,5.245413993140336,0.6087670929915812,98.6416708615901,0.6419517764288287,5.8774721288796,0.08173395261699556,0.03038027549946027,2.1038771230648366e-06,0.23886283196880004,191.06246966775507,30,COMPLETE
4654,44.32599408235858,6.113615902398558,2026-10-06 03:09:15.517967,2026-10-06 03:12:28.538955,0 days 00:03:13.020988,0.4485034787334775,0.5725019003440195,0.4120579376102117,5.245413993140336,0.33279388005294136,98.6416708615901,1.2898828018697517,7.242018006177657,0.08981597176864942,0.03038027549946027,4.343429493003475e-06,1.3890637168667692,193.02087550796568,30,COMPLETE
4655,55.89615051576319,1.4532079194916232,2026-10-06 03:09:15.595963,2026-10-06 03:12:32.960710,0 days 00:03:17.364747,0.51115025563667,0.2284118304472575,0.20358075665942357,5.245413993140336,0.6087670929915812,98.6416708615901,1.484226923085714,1.4056083189495427,0.08173395261699556,0.03038027549946027,4.343429493003475e-06,1.3890637168667692,197.36462148930877,30,COMPLETE
4656,,,2026-10-06 03:09:15.614258,2026-10-06 03:09:55.174003,0 days 00:00:39.559745,0.51115025563667,0.2965654106455736,0.4120579376102117,5.245413993140336,0.33279388005294136,94.61146042672904,0.6419517764288287,5.8774721288796,0.7730901523711775,0.03038027549946027,2.1038771230648366e-06,1.2974912099205862,,30,PRUNED
4657,41.003089176410874,9.933184946384385,2026-10-06 03:09:18.338005,2026-10-06 03:12:29.236591,0 days 00:03:10.898586,0.51115025563667,0.8717951055729352,0.5667882730348237,10.877854836518644,0.33279388005294136,98.6416708615901,1.484226923085714,19.15408445903519,0.3676044917349766,0.03280586071940829,4.343429493003475e-06,1.2974912099205862,190.8984851129353,30,COMPLETE
