number,values_0,values_1,datetime_start,datetime_complete,duration,params_between_rest_spread,params_c_spread,params_c_val,params_input_force,params_k_between_spread,params_k_between_val,params_k_wall_spread,params_k_wall_val,params_m_spread,params_m_val,params_ridge_alpha,params_wall_rest_spread,user_attrs_duration_sec,system_attrs_NSGAIISampler:generation,state
4658,29.15244893873561,23.52260297653306,2026-10-06 03:09:18.343975,2026-10-06 03:12:28.304852,0 days 00:03:09.960877,0.8010869639365119,0.07861675458476158,0.807738690329122,18.903335603839658,0.6087670929915812,94.61146042672904,1.2898828018697517,35.86671955459044,0.1276537878198522,0.03038027549946027,2.1038771230648366e-06,1.2974912099205862,189.96075089182705,30,COMPLETE
4659,,,2026-10-06 03:09:19.275997,2026-10-06 03:09:59.629060,0 days 00:00:40.353063,0.7407180681038071,0.21606902729252941,0.4120579376102117,8.556213008137046,0.835864835772278,85.69762729633804,1.484226923085714,38.25099030873003,0.4212595585654096,0.03038027549946027,4.343429493003475e-06,0.7699502779177346,,30,PRUNED
4660,30.500439876968024,7.295534239628461,2026-10-06 03:09:20.834028,2026-10-06 03:12:36.519261,0 days 00:03:15.685233,0.51115025563667,0.2284118304472575,0.807738690329122,21.183844928151355,0.3519093950798047,94.61146042672904,0.396687138771568,1.6946255259081116,0.08173395261699556,0.03038027549946027,2.1038771230648366e-06,1.1540267369865085,195.68510652240366,30,COMPLETE
4661,15.404968481330314,1.9588714722944975,2026-10-06 03:09:42.090026,2026-10-06 03:12:53.040021,0 days 00:03:10.949995,0.8010869639365119,0.8717951055729352,0.12615106220885586,5.245413993140336,0.33279388005294136,1.9973954818104305,0.5631021303469503,1.4056083189495427,0.08173395261699556,0.021966873773064614,4.343429493003475e-06,1.3890637168667692,190.9498673574999,30,COMPLETE
4662,32.21137712533517,19.52834338580462,2026-10-06 03:09:47.818165,2026-10-06 03:13:00.076993,0 days 00:03:12.258828,0.7123418565646167,0.19189790819770397,0.5926143650576037,11.991629079089469,0.33279388005294136,85.69762729633804,1.080654620868664,35.86671955459044,0.4212595585654096,0.03038027549946027,4.343429493003475e-06,1.1540267369865085,192.25870078150183,30,COMPLETE
4663,30.049953231930107,17.903157470664905,2026-10-06 03:09:49.044998,2026-10-06 03:12:58.300937,0 days 00:03:09.255939,0.8010869639365119,0.19189790819770397,0.5667882730348237,21.183844928151355,0.33279388005294136,85.69762729633804,1.080654620868664,45.6508402201298,0.007925456797868324,0.03280586071940829,4.343429493003475e-06,1.1540267369865085,189.2557962210849,30,COMPLETE
4664,,,2026-10-06 03:09:49.487499,2026-10-06 03:11:51.310083,0 days 00:02:01.822584,0.8010869639365119,0.2965654106455736,0.5926143650576037,5.245413993140336,0.33279388005294136,94.61146042672904,1.2898828018697517,76.33665702598451,0.08740463008437777,0.024583331029730104,4.343429493003475e-06,0.04183704466715171,,30,PRUNED
4665,56.870940280330544,1.3114666844547345,2026-10-06 03:09:50.084007,2026-10-06 03:12:57.877665,0 days 00:03:07.793658,0.9158653711831447,0.2284118304472575,0.12615106220885586,5.245413993140336,0.2395452449940939,94.61146042672904,0.7257345409495506,1.1445112738702679,0.026937100580568585,0.03280586071940829,2.1038771230648366e-06,1.1540267369865085,187.79352541826665,30,COMPLETE
4666,,,2026-10-06 03:09:51.194011,2026-10-06 03:09:51.834078,0 days 00:00:00.640067,0.7407180681038071,0.3710922296723819,0.4120579376102117,10.877854836518644,0.33279388005294136,98.6416708615901,1.484226923085714,19.15408445903519,1.0591024604250314,0.03280586071940829,,1.1540267369865085,,30,PRUNED
4667,47.1142977073801,2.044976770404569,2026-10-06 03:09:51.933127,2026-10-06 03:13:03.724173,0 days 00:03:11.791046,0.51115025563667,0.8717951055729352,0.20358075665942357,36.5900770415086,0.33279388005294136,94.61146042672904,1.484226923085714,1.4056083189495427,0.08981597176864942,0.021966873773064614,9.048355792147673e-05,1.3890637168667692,191.79091776534915,30,COMPLETE
4668,41.74742847680056,1.8969068718400395,2026-10-06 03:09:52.318022,2026-10-06 03:13:04.072713,0 days 00:03:11.754691,0.6775759777641851,0.7186098618255685,0.20358075665942357,5.245413993140336,0.33279388005294136,98.6416708615901,1.484226923085714,14.182822102930093,0.3054149949472662,0.024099244621516126,0.028885037088152814,0.23886283196880004,191.75457003712654,30,COMPLETE
4669,51.00833052431896,1.3170585852863668,2026-10-06 03:09:53.051448,2026-10-06 03:13:08.071016,0 days 00:03:15.019568,0.8010869639365119,0.21606902729252941,0.12615106220885586,8.556213008137046,0.7991674057933399,94.61146042672904,0.7297455375332902,1.1445112738702679,0.026937100580568585,0.03280586071940829,2.1038771230648366e-06,1.1540267369865085,195.01944788638502,30,COMPLETE
4670,25.497341229702897,7.998748848845885,2026-10-06 03:09:53.287992,2026-10-06 03:13:02.445678,0 days 00:03:09.157686,0.7123418565646167,0.19189790819770397,0.4120579376102117,5.245413993140336,0.33279388005294136,1.359633588710842,1.484226923085714,35.86671955459044,0.08173395261699556,0.024099244621516126,4.343429493003475e-06,1.1540267369865085,189.15755955968052,30,COMPLETE
4671,,,2026-10-06 03:09:54.568161,2026-10-06 03:09:55.427058,0 days 00:00:00.858897,0.7407180681038071,0.8717951055729352,0.4120579376102117,11.991629079089469,0.33279388005294136,98.6416708615901,0.7518185550990375,19.15408445903519,0.4212595585654096,0.0010532573104814634,,1.2974912099205862,,30,PRUNED
4672,38.02751158042569,1.3574380334476883,2026-10-06 03:09:54.571967,2026-10-06 03:13:08.797825,0 days 00:03:14.225858,0.8010869639365119,0.7186098618255685,0.2345370319995722,5.245413993140336,0.7476989123171562,94.61146042672904,0.396687138771568,45.6508402201298,0.28988344429582863,0.04910501129053687,0.1766615813261456,1.2974912099205862,194.2257604189217,30,COMPLETE
4673,56.34108653447896,1.4222811166485734,2026-10-06 03:09:56.513010,2026-10-06 03:13:06.757999,0 days 00:03:10.244989,0.9158653711831447,0.8717951055729352,0.20358075665942357,5.245413993140336,0.2395452449940939,94.61146042672904,1.484226923085714,1.4056083189495427,0.3054149949472662,0.024099244621516126,4.343429493003475e-06,1.1540267369865085,190.2448862483725,30,COMPLETE
4674,22.96986637354654,11.796893795716889,2026-10-06 03:09:56.816995,2026-10-06 03:13:09.996942,0 days 00:03:13.179947,0.4485034787334775,0.21606902729252941,0.4120579376102117,5.245413993140336,0.2395452449940939,3.0025677013779544,0.7297455375332902,35.86671955459044,0.28988344429582863,0.024099244621516126,4.343429493003475e-06,0.7699502779177346,193.17984290793538,30,COMPLETE
4675,,,2026-10-06 03:09:56.895984,2026-10-06 03:09:57.706070,0 days 00:00:00.810086,0.8010869639365119,0.7186098618255685,0.012001606351856185,5.245413993140336,0.506401025718823,3.031842060925474,1.484226923085714,5.8774721288796,0.2975664073833317,0.0025300417231931137,,1.2974912099205862,,30,PRUNED
4676,48.540695850241356,4.94705464156957,2026-10-06 03:09:56.992969,2026-10-06 03:13:06.582809,0 days 00:03:09.589840,0.9158653711831447,0.7186098618255685,0.4120579376102117,5.245413993140336,0.6087670929915812,98.6416708615901,0.626812300420574,5.8774721288796,0.007925456797868324,0.03038027549946027,2.1038771230648366e-06,1.1540267369865085,189.58971986547112,30,COMPLETE
4677,44.3116336058545,6.368002674819589,2026-10-06 03:09:57.849024,2026-10-06 03:13:09.886401,0 days 00:03:12.037377,0.7407180681038071,0.2965654106455736,0.4120579376102117,5.245413993140336,0.6087670929915812,98.6416708615901,0.5631021303469503,5.8774721288796,0.08173395261699556,0.03038027549946027,4.343429493003475e-06,1.1540267369865085,192.03726329654455,30,COMPLETE
4678,,,2026-10-06 03:09:58.373150,2026-10-06 03:09:58.864053,0 days 00:00:00.490903,1.4906257241289222,0.2965654106455736,0.19400160111159936,5.245413993140336,0.33279388005294136,85.69762729633804,0.4509445121454247,5.8774721288796,1.4733334636964575,0.024099244621516126,,0.7296704665126732,,30,PRUNED
4679,33.66490047717919,15.118702384398402,2026-10-06 03:09:59.077994,2026-10-06 03:13:05.525846,0 days 00:03:06.447852,0.51115025563667,0.2284118304472575,0.43670640558735563,21.183844928151355,0.3519093950798047,94.61146042672904,1.080654620868664,45.6508402201298,0.3054149949472662,0.03038027549946027,2.1038771230648366e-06,1.2974912099205862,186.4477306958288,30,COMPLETE
4680,49.528880338064425,2.8217069558303054,2026-10-06 03:09:59.649025,2026-10-06 03:13:06.026875,0 days 00:03:06.377850,0.8010869639365119,0.8059564568849952,0.2345370319995722,11.991629079089469,0.33279388005294136,94.61146042672904,1.484226923085714,5.8774721288796,0.007925456797868324,0.03038027549946027,4.343429493003475e-06,0.7699502779177346,186.37772340141237,30,COMPLETE
4681,23.04198019682942,1.7951881207886253,2026-10-06 03:10:23.779008,2026-10-06 03:13:35.063206,0 days 00:03:11.284198,0.43724774772260255,1.1076089623754743,0.2345370319995722,5.245413993140336,0.33279388005294136,6.354846554912104,1.2898828018697517,1.4056083189495427,0.08981597176864942,0.03038027549946027,4.343429493003475e-06,0.06813310163640623,191.28407077584416,30,COMPLETE
4682,41.81276033885827,2.763611351823433,2026-10-06 03:10:25.504006,2026-10-06 03:13:39.126769,0 days 00:03:13.622763,1.4509240807188302,0.19189790819770397,0.5667882730348237,11.991629079089469,0.33279388005294136,98.6416708615901,1.080654620868664,1.1242413921093553,0.08173395261699556,0.03280586071940829,4.343429493003475e-06,1.457251143093759,193.62262635026127,30,COMPLETE
4683,27.586874545520722,23.7765418104631,2026-10-06 03:10:27.003996,2026-10-06 03:13:40.307058,0 days 00:03:13.303062,0.51115025563667,0.3710922296723819,0.5667882730348237,11.991629079089469,0.33279388005294136,85.69762729633804,1.080654620868664,41.66154811682372,0.2975664073833317,0.026375999085963494,4.343429493003475e-06,0.1433324261380109,193.30294216051698,30,COMPLETE
4684,,,2026-10-06 03:10:29.124006,2026-10-06 03:10:30.128049,0 days 00:00:01.004043,0.7407180681038071,0.3318033263826679,0.02732476097801919,10.877854836518644,0.33279388005294136,98.6416708615901,1.484226923085714,19.15408445903519,0.9365598552984921,0.03038027549946027,,0.7699502779177346,,30,PRUNED
4685,53.14435694959021,1.7978577965715439,2026-10-06 03:10:30.449991,2026-10-06 03:13:43.294831,0 days 00:03:12.844840,0.51115025563667,0.8717951055729352,0.20358075665942357,11.991629079089469,0.33279388005294136,98.6416708615901,1.080654620868664,1.4056083189495427,0.08173395261699556,0.024099244621516126,4.343429493003475e-06,1.3890637168667692,192.8446524553001,30,COMPLETE
4686,25.48424624055145,20.780966497330308,2026-10-06 03:10:30.473980,2026-10-06 03:13:37.444390,0 days 00:03:06.970410,0.51115025563667,0.07861675458476158,0.807738690329122,21.183844928151355,0.33279388005294136,94.61146042672904,1.080654620868664,35.86671955459044,0.4212595585654096,0.03038027549946027,2.1038771230648366e-06,1.2974912099205862,186.97028568014503,30,COMPLETE
4687,,,2026-10-06 03:10:31.153007,2026-10-06 03:11:08.886030,0 days 00:00:37.733023,0.8010869639365119,0.7186098618255685,0.2345370319995722,5.245413993140336,0.33279388005294136,98.6416708615901,1.484226923085714,7.242018006177657,0.6780358888511362,0.03038027549946027,4.343429493003475e-06,1.1540267369865085,,30,PRUNED
4688,13.367858911127826,1.909862517462967,2026-10-06 03:10:31.627984,2026-10-06 03:13:49.861117,0 days 00:03:18.233133,0.9788735966544835,0.8715336252138003,0.2345370319995722,5.245413993140336,0.33279388005294136,1.3161305198504911,1.484226923085714,5.8774721288796,0.08173395261699556,0.03038027549946027,2.1038771230648366e-06,0.23886283196880004,198.23300246242434,30,COMPLETE
4689,32.91489159758707,6.239500500260179,2026-10-06 03:10:32.176996,2026-10-06 03:13:45.692928,0 days 00:03:13.515932,0.51115025563667,0.2965654106455736,0.807738690329122,21.183844928151355,0.2395452449940939,94.61146042672904,1.484226923085714,1.5316028835206887,0.4212595585654096,0.03280586071940829,4.343429493003475e-06,1.1540267369865085,193.5158153111115,30,COMPLETE
4690,39.343254216923974,12.261981092064307,2026-10-06 03:10:32.221291,2026-10-06 03:13:45.440223,0 days 00:03:13.218932,0.7407180681038071,0.8717951055729352,0.5667882730348237,10.877854836518644,0.33279388005294136,98.6416708615901,0.7297455375332902,19.15408445903519,0.3676044917349766,0.03038027549946027,4.343429493003475e-06,1.2974912099205862,193.21881307289004,30,COMPLETE
4691,45.64303931970568,4.86348824176133,2026-10-06 03:10:32.372099,2026-10-06 03:13:47.259570,0 days 00:03:14.887471,0.51115025563667,0.3710922296723819,0.20358075665942357,10.877854836518644,0.33279388005294136,98.6416708615901,1.484226923085714,14.182822102930093,0.3054149949472662,0.024099244621516126,4.343429493003475e-06,1.1540267369865085,194.88734360784292,30,COMPLETE
4692,31.84906337220765,17.045999594661488,2026-10-06 03:10:33.547005,2026-10-06 03:13:46.142914,0 days 00:03:12.595909,0.51115025563667,0.19189790819770397,0.5667882730348237,5.245413993140336,0.33279388005294136,85.69762729633804,1.080654620868664,35.86671955459044,0.15450841561573675,0.03280586071940829,4.343429493003475e-06,0.3398031201787646,192.5958039574325,30,COMPLETE
4693,47.62471408677261,3.426389689880219,2026-10-06 03:10:33.906003,2026-10-06 03:13:43.500696,0 days 00:03:09.594693,0.8010869639365119,0.7186098618255685,0.2345370319995722,10.877854836518644,0.506401025718823,98.6416708615901,1.484226923085714,12.371756168223909,0.28988344429582863,0.03038027549946027,4.343429493003475e-06,0.9215479822706458,189.59457373898476,30,COMPLETE
4694,33.03491816154762,5.6185917542771175,2026-10-06 03:10:34.932158,2026-10-06 03:13:46.493845,0 days 00:03:11.561687,0.6775759777641851,0.2284118304472575,0.5667882730348237,10.877854836518644,0.2395452449940939,85.69762729633804,1.080654620868664,1.3123735389128257,0.08173395261699556,0.024099244621516126,4.343429493003475e-06,0.7296704665126732,191.5615656422451,30,COMPLETE
4695,39.84747489064197,11.620146130896227,2026-10-06 03:10:35.252133,2026-10-06 03:13:47.556626,0 days 00:03:12.304493,0.7112273181968373,0.8717951055729352,0.5667882730348237,10.877854836518644,0.33279388005294136,98.6416708615901,0.7518185550990375,19.15408445903519,0.3676044917349766,0.03280586071940829,4.343429493003475e-06,1.2974912099205862,192.30438483599573,30,COMPLETE
4696,52.511972281990985,2.869953339296849,2026-10-06 03:10:35.279963,2026-10-06 03:13:45.963397,0 days 00:03:10.683434,1.1546551456676255,0.2965654106455736,0.2345370319995722,11.991629079089469,0.33279388005294136,94.61146042672904,1.484226923085714,5.8774721288796,0.3936576523393438,0.03038027549946027,4.343429493003475e-06,1.1540267369865085,190.68332504108548,30,COMPLETE
4697,,,2026-10-06 03:11:03.375753,2026-10-06 03:11:04.924158,0 days 00:00:01.548405,0.8010869639365119,0.2965654106455736,0.4120579376102117,27.046857178497003,1.2093169869841216,94.61146042672904,1.2898828018697517,35.86671955459044,0.4212595585654096,0.03038027549946027,,0.7699502779177346,,30,PRUNED
4698,50.1119942720326,2.813375945164469,2026-10-06 03:11:04.973018,2026-10-06 03:14:17.551864,0 days 00:03:12.578846,0.8010869639365119,0.7186098618255685,0.20358075665942357,5.245413993140336,0.33279388005294136,98.6416708615901,1.484226923085714,14.182822102930093,0.28988344429582863,0.024099244621516126,4.343429493003475e-06,0.970974179516064,192.57871683128178,30,COMPLETE
4699,42.14747601545283,9.577708164694538,2026-10-06 03:11:08.310993,2026-10-06 03:14:20.344507,0 days 00:03:12.033514,1.1546551456676255,0.8717951055729352,0.5667882730348237,11.991629079089469,0.33279388005294136,98.6416708615901,1.484226923085714,19.15408445903519,0.3676044917349766,0.03038027549946027,4.343429493003475e-06,1.2974912099205862,192.03339434135705,30,COMPLETE
4700,31.862745710517896,19.96224072892554,2026-10-06 03:11:08.938150,2026-10-06 03:14:22.264979,0 days 00:03:13.326829,0.7407180681038071,0.19189790819770397,0.5926143650576037,11.991629079089469,0.33279388005294136,85.69762729633804,1.2898828018697517,41.66154811682372,0.4212595585654096,0.03038027549946027,4.343429493003475e-06,0.7699502779177346,193.3267076862976,30,COMPLETE
4701,41.17029503103215,1.212062782291144,2026-10-06 03:11:08.958241,2026-10-06 03:14:22.633865,0 days 00:03:13.675624,0.51115025563667,0.19189790819770397,0.05945990224075084,21.346879600135896,0.33279388005294136,94.61146042672904,1.484226923085714,5.8774721288796,0.4212595585654096,0.03038027549946027,4.343429493003475e-06,1.2974912099205862,193.67550990078598,30,COMPLETE
4702,45.483566117848895,3.8362194494340094,2026-10-06 03:11:10.162984,2026-10-06 03:14:22.002308,0 days 00:03:11.839324,0.8010869639365119,0.7186098618255685,0.2345370319995722,10.877854836518644,0.33279388005294136,98.6416708615901,0.17683075916357072,12.371756168223909,0.4212595585654096,0.03280586071940829,4.343429493003475e-06,1.2974912099205862,191.83920900709927,30,COMPLETE
4703,35.343111112676546,14.700716567820598,2026-10-06 03:11:11.351993,2026-10-06 03:14:23.396886,0 days 00:03:12.044893,0.7407180681038071,0.3710922296723819,0.5667882730348237,10.877854836518644,0.33279388005294136,98.6416708615901,1.080654620868664,35.86671955459044,0.2975664073833317,0.03280586071940829,4.343429493003475e-06,1.1540267369865085,192.044788970612,30,COMPLETE
4704,21.66281809431091,27.368643742152212,2026-10-06 03:11:12.039998,2026-10-06 03:14:23.021866,0 days 00:03:10.981868,0.51115025563667,0.07861675458476158,0.807738690329122,43.45495484977057,0.3519093950798047,94.61146042672904,0.396687138771568,45.6508402201298,0.007925456797868324,0.03038027549946027,4.343429493003475e-06,1.2974912099205862,190.9817325025797,30,COMPLETE
4705,,,2026-10-06 03:11:14.187991,2026-10-06 03:11:53.806085,0 days 00:00:39.618094,0.7123418565646167,0.8717951055729352,0.12615106220885586,5.245413993140336,0.6087670929915812,94.61146042672904,0.7297455375332902,41.66154811682372,0.08981597176864942,0.021966873773064614,4.343429493003475e-06,1.3890637168667692,,30,PRUNED
4706,,,2026-10-06 03:11:40.463161,2026-10-06 03:12:20.416462,0 days 00:00:39.953301,0.7123418565646167,0.7186098618255685,0.4120579376102117,45.53609055586418,0.6087670929915812,94.61146042672904,1.080654620868664,35.86671955459044,0.28988344429582863,0.03038027549946027,2.1038771230648366e-06,1.1540267369865085,,30,PRUNED
4707,,,2026-10-06 03:11:44.598543,2026-10-06 03:11:45.499068,0 days 00:00:00.900525,0.8010869639365119,0.7186098618255685,0.4120579376102117,5.245413993140336,0.33279388005294136,98.6416708615901,1.484226923085714,35.86671955459044,0.4212595585654096,0.024099244621516126,,0.7699502779177346,,30,PRUNED
4708,31.798401772237646,16.984148428705748,2026-10-06 03:11:45.918183,2026-10-06 03:14:57.819106,0 days 00:03:11.900923,0.51115025563667,0.19189790819770397,0.778294044131552,11.991629079089469,0.33279388005294136,94.61146042672904,1.484226923085714,12.371756168223909,0.2975664073833317,0.03038027549946027,2.1038771230648366e-06,1.2974912099205862,191.90079551376402,30,COMPLETE
4709,37.40351063828816,8.041827132154545,2026-10-06 03:11:45.921962,2026-10-06 03:15:01.869061,0 days 00:03:15.947099,0.7407180681038071,0.2284118304472575,0.4120579376102117,5.245413993140336,0.33279388005294136,98.6416708615901,1.080654620868664,35.86671955459044,0.2975664073833317,0.03038027549946027,4.343429493003475e-06,1.2267307691914986,195.94697464536875,30,COMPLETE
4710,39.5765510556018,10.631678836826255,2026-10-06 03:11:46.173010,2026-10-06 03:14:59.558871,0 days 00:03:13.385861,1.1505865375671571,0.8717951055729352,0.5667882730348237,5.245413993140336,0.6087670929915812,94.61146042672904,0.203163387296652,41.66154811682372,0.08173395261699556,0.03038027549946027,2.1038771230648366e-06,1.209109649444219,193.3856170978397,30,COMPLETE
4711,25.955847554608123,24.310804153078497,2026-10-06 03:11:47.831995,2026-10-06 03:15:00.050139,0 days 00:03:12.218144,0.51115025563667,0.07861675458476158,0.807738690329122,21.183844928151355,0.6087670929915812,98.6416708615901,0.39552867473326975,45.6508402201298,0.007925456797868324,0.03280586071940829,4.343429493003475e-06,1.2974912099205862,192.2180345961824,30,COMPLETE
4712,38.886411610507764,5.604069353909506,2026-10-06 03:11:48.569615,2026-10-06 03:15:03.423855,0 days 00:03:14.854240,0.51115025563667,0.9629146604943415,0.5667882730348237,29.191615158680193,0.33279388005294136,98.6416708615901,0.7518185550990375,2.6637489336192317,0.08173395261699556,0.03280586071940829,4.343429493003475e-06,1.2974912099205862,194.85411151405424,30,COMPLETE
4713,,,2026-10-06 03:11:48.572967,2026-10-06 03:11:48.816060,0 days 00:00:00.243093,0.9158653711831447,0.2284118304472575,0.778294044131552,11.991629079089469,0.33279388005294136,98.6416708615901,0.6419517764288287,1.943557917922209,0.08173395261699556,0.006058483569964423,,0.7699502779177346,,30,PRUNED
4714,,,2026-10-06 03:11:49.628002,2026-10-06 03:12:28.099041,0 days 00:00:38.471039,0.8010869639365119,0.7186098618255685,0.4120579376102117,5.245413993140336,0.6087670929915812,94.61146042672904,1.2898828018697517,5.8774721288796,0.4212595585654096,0.03038027549946027,2.1038771230648366e-06,1.1540267369865085,,30,PRUNED
4715,28.125663845206645,6.852355685989869,2026-10-06 03:11:50.145006,2026-10-06 03:15:02.803857,0 days 00:03:12.658851,0.8010869639365119,0.7186098618255685,0.5667882730348237,5.245413993140336,0.33279388005294136,14.720450321872361,1.484226923085714,5.8774721288796,0.28988344429582863,0.03038027549946027,4.343429493003475e-06,1.1540267369865085,192.65872172731906,30,COMPLETE
4716,,,2026-10-06 03:11:51.384000,2026-10-06 03:11:52.372062,0 days 00:00:00.988062,0.9158653711831447,0.21606902729252941,0.778294044131552,5.245413993140336,0.33279388005294136,98.6416708615901,0.6419517764288287,35.86671955459044,0.9436784008215462,0.03038027549946027,,0.7699502779177346,,30,PRUNED
