number,values_0,values_1,datetime_start,datetime_complete,duration,params_between_rest_spread,params_c_spread,params_c_val,params_input_force,params_k_between_spread,params_k_between_val,params_k_wall_spread,params_k_wall_val,params_m_spread,params_m_val,params_ridge_alpha,params_wall_rest_spread,user_attrs_duration_sec,system_attrs_NSGAIISampler:generation,state
3112,38.76470612174038,12.386797741202695,2026-10-06 02:10:45.487276,2026-10-06 02:13:56.876036,0 days 00:03:11.388760,0.8010869639365119,0.19189790819770397,0.4120579376102117,8.556213008137046,0.2395452449940939,98.6416708615901,0.714351945974314,5.8774721288796,0.08173395261699556,0.021966873773064614,2.1038771230648366e-06,1.2974912099205862,191.38864545430988,19,COMPLETE
3113,30.063562422535863,9.235290442183857,2026-10-06 02:10:45.563986,2026-10-06 02:13:56.502834,0 days 00:03:10.938848,0.2994157425323484,0.2284118304472575,0.807738690329122,5.245413993140336,0.33279388005294136,98.6416708615901,0.9839001798626074,5.8774721288796,0.08173395261699556,0.03038027549946027,4.343429493003475e-06,1.2267307691914986,190.93872480932623,19,COMPLETE
3114,40.9566511671977,4.413871012483941,2026-10-06 02:10:45.758096,2026-10-06 02:13:52.436870,0 days 00:03:06.678774,1.4644809848335274,0.8717951055729352,0.4120579376102117,11.991629079089469,0.6087670929915812,85.69762729633804,1.484226923085714,5.8774721288796,0.08173395261699556,0.03034655670839007,4.343429493003475e-06,1.2974912099205862,186.67865802161396,19,COMPLETE
3115,35.54969037225616,8.663729667622277,2026-10-06 02:10:46.204152,2026-10-06 02:14:02.463082,0 days 00:03:16.258930,0.8010869639365119,0.2965654106455736,0.657124245959487,5.245413993140336,0.6087670929915812,94.61146042672904,0.20304537820633567,5.8774721288796,0.08173395261699556,0.03038027549946027,4.343429493003475e-06,1.1540267369865085,196.25881959684193,19,COMPLETE
3116,14.980240018374797,1.753326414732758,2026-10-06 02:10:47.353997,2026-10-06 02:13:58.748843,0 days 00:03:11.394846,0.3638834529913829,1.0003599530348517,0.4120579376102117,8.556213008137046,0.506401025718823,1.4332344849262775,0.7297455375332902,1.4056083189495427,0.08173395261699556,0.03038027549946027,4.343429493003475e-06,1.1540267369865085,191.39473158773035,19,COMPLETE
3117,0.08440679561658662,1.1694580385647169,2026-10-06 02:10:47.415976,2026-10-06 02:13:57.349539,0 days 00:03:09.933563,0.8010869639365119,0.19189790819770397,0.01095059753717578,8.556213008137046,0.2395452449940939,85.69762729633804,1.197706164155156,1.4056083189495427,0.08173395261699556,0.021966873773064614,0.00023428333292156852,0.2678812614884665,189.93345180526376,19,COMPLETE
3118,21.457878293627886,1.9828546884109823,2026-10-06 02:10:47.706401,2026-10-06 02:13:56.917427,0 days 00:03:09.211026,0.9158653711831447,0.7186098618255685,0.12615106220885586,5.245413993140336,0.2395452449940939,2.5125057274049043,1.3303656343791816,6.2296041386818795,0.026937100580568585,0.03038027549946027,2.1038771230648366e-06,1.1540267369865085,189.21091538574547,19,COMPLETE
3119,,,2026-10-06 02:10:47.980219,2026-10-06 02:10:48.690032,0 days 00:00:00.709813,0.51115025563667,0.2284118304472575,0.807738690329122,45.89769881801832,0.33279388005294136,98.6416708615901,1.180096250393855,14.182822102930093,1.0397294066156808,0.024099244621516126,,0.23886283196880004,,19,PRUNED
3120,37.001530698935724,7.72143723234997,2026-10-06 02:10:48.730003,2026-10-06 02:13:57.711496,0 days 00:03:08.981493,0.8010869639365119,0.19189790819770397,0.4120579376102117,8.556213008137046,0.2395452449940939,85.69762729633804,1.080654620868664,1.4056083189495427,0.08173395261699556,0.018194677646415643,4.343429493003475e-06,0.2678812614884665,188.98139013536274,19,COMPLETE
3121,35.89646141130922,1.2085884175729595,2026-10-06 02:10:48.732878,2026-10-06 02:14:01.172652,0 days 00:03:12.439774,0.6897121555225862,0.7186098618255685,0.12615106220885586,31.976789578876918,0.6087670929915812,94.61146042672904,0.6419517764288287,1.4056083189495427,0.08173395261699556,0.03038027549946027,0.00023428333292156852,0.2678812614884665,192.43967062421143,19,COMPLETE
3122,41.41922724485615,7.383045843229283,2026-10-06 02:10:50.869153,2026-10-06 02:14:00.834580,0 days 00:03:09.965427,0.2994157425323484,0.8717951055729352,0.4120579376102117,15.056935260982375,0.6087670929915812,98.6416708615901,1.4690823188003486,29.045658826903548,0.08173395261699556,0.03280586071940829,4.343429493003475e-06,1.2974912099205862,189.9653121875599,19,COMPLETE
3123,36.7946962983268,11.759062498252302,2026-10-06 02:10:52.353096,2026-10-06 02:14:04.418679,0 days 00:03:12.065583,0.51115025563667,0.2965654106455736,0.4120579376102117,10.877854836518644,0.2395452449940939,98.6416708615901,1.484226923085714,20.4004304097776,0.08173395261699556,0.03038027549946027,4.343429493003475e-06,0.739405563829868,192.06546789314598,19,COMPLETE
3124,35.709380957920835,12.023588300774485,2026-10-06 02:10:53.135992,2026-10-06 02:14:02.608912,0 days 00:03:09.472920,0.51115025563667,0.2284118304472575,0.5667882730348237,5.245413993140336,0.33279388005294136,85.69762729633804,1.4690823188003486,23.475624031055144,0.08173395261699556,0.03280586071940829,4.343429493003475e-06,1.1540267369865085,189.47282881196588,19,COMPLETE
3125,5.478298538021347,1.1426610525138226,2026-10-06 02:11:23.361997,2026-10-06 02:14:34.703840,0 days 00:03:11.341843,1.4644809848335274,0.8717951055729352,0.019315286037365573,21.183844928151355,0.506401025718823,86.6015482918717,0.7297455375332902,41.66154811682372,0.06802941049346445,0.03280586071940829,4.343429493003475e-06,1.1540267369865085,191.3416711166501,19,COMPLETE
3126,,,2026-10-06 02:11:23.989133,2026-10-06 02:11:24.732081,0 days 00:00:00.742948,0.2994157425323484,0.2284118304472575,0.4120579376102117,11.991629079089469,0.6087670929915812,85.69762729633804,1.4690823188003486,23.475624031055144,0.08173395261699556,0.0035566397523562805,,1.4108866944327811,,19,PRUNED
3127,,,2026-10-06 02:11:24.524996,2026-10-06 02:12:04.223046,0 days 00:00:39.698050,0.51115025563667,0.2284118304472575,0.5667882730348237,11.991629079089469,0.6454873286650737,98.6416708615901,1.080654620868664,23.475624031055144,0.08173395261699556,0.024099244621516126,4.343429493003475e-06,0.7296704665126732,,19,PRUNED
3128,22.204130647386926,1.3237925222461069,2026-10-06 02:11:24.865146,2026-10-06 02:14:35.216479,0 days 00:03:10.351333,0.7407180681038071,0.21606902729252941,0.5926143650576037,5.245413993140336,0.33279388005294136,85.69762729633804,1.4690823188003486,5.8774721288796,0.4212595585654096,0.03038027549946027,3.090680717017722,0.7699502779177346,190.35121545940638,19,COMPLETE
3129,,,2026-10-06 02:11:26.021125,2026-10-06 02:11:26.422031,0 days 00:00:00.400906,0.51115025563667,1.1519158582571682,0.5667882730348237,18.489161893608337,0.33279388005294136,98.6416708615901,1.40209985252598,14.182822102930093,0.3054149949472662,0.0019464770203996575,,1.2974912099205862,,19,PRUNED
3130,16.599778856524537,9.885331936494403,2026-10-06 02:11:26.564989,2026-10-06 02:14:40.159851,0 days 00:03:13.594862,0.2994157425323484,0.2284118304472575,0.4120579376102117,5.245413993140336,0.6087670929915812,1.441651433042724,1.4690823188003486,5.8774721288796,0.08173395261699556,0.009369501835145398,4.343429493003475e-06,1.2267307691914986,193.59474251791835,19,COMPLETE
3131,40.14641243394753,6.811797044676394,2026-10-06 02:11:26.586263,2026-10-06 02:14:40.429892,0 days 00:03:13.843629,0.2739944300221042,0.7186098618255685,0.4120579376102117,20.000726109884642,0.6087670929915812,94.61146042672904,1.080654620868664,5.8774721288796,0.08173395261699556,0.03038027549946027,4.343429493003475e-06,1.3890637168667692,193.84351510182023,19,COMPLETE
3132,28.28113754520611,22.38524103335676,2026-10-06 02:11:26.611108,2026-10-06 02:14:43.453595,0 days 00:03:16.842487,0.2994157425323484,0.2284118304472575,0.5667882730348237,11.991629079089469,0.20692789918679416,98.6416708615901,0.12486747625813921,23.475624031055144,0.06802941049346445,0.024099244621516126,4.343429493003475e-06,1.2267307691914986,196.84238247945905,19,COMPLETE
3133,,,2026-10-06 02:11:27.029008,2026-10-06 02:12:05.750030,0 days 00:00:38.721022,0.51115025563667,0.2284118304472575,0.5667882730348237,11.991629079089469,0.6454873286650737,98.6416708615901,1.4690823188003486,14.182822102930093,0.3054149949472662,0.024099244621516126,4.343429493003475e-06,0.23886283196880004,,19,PRUNED
3134,33.323833929886945,4.816831140696148,2026-10-06 02:11:27.525146,2026-10-06 02:14:38.660809,0 days 00:03:11.135663,1.4644809848335274,0.8717951055729352,0.4120579376102117,8.556213008137046,0.33279388005294136,94.61146042672904,0.7297455375332902,45.6508402201298,0.06802941049346445,0.03038027549946027,0.023099726870138334,0.24808563831329644,191.135547388345,19,COMPLETE
3135,44.071045902554054,6.094530121511148,2026-10-06 02:11:27.528957,2026-10-06 02:14:40.887537,0 days 00:03:13.358580,0.2994157425323484,0.2284118304472575,0.4120579376102117,5.245413993140336,0.6087670929915812,98.6416708615901,1.4690823188003486,5.8774721288796,0.08173395261699556,0.03038027549946027,4.343429493003475e-06,1.2267307691914986,193.35847274772823,19,COMPLETE
3136,43.691608096407236,6.500986919279175,2026-10-06 02:11:28.587993,2026-10-06 02:14:37.388313,0 days 00:03:08.800320,0.25015608504951586,0.2965654106455736,0.4120579376102117,5.245413993140336,0.6087670929915812,94.61146042672904,1.4690823188003486,5.8774721288796,0.08173395261699556,0.03038027549946027,2.1038771230648366e-06,1.1540267369865085,188.8002144638449,19,COMPLETE
3137,50.237055466349645,1.8978480074644186,2026-10-06 02:11:28.916153,2026-10-06 02:14:41.883856,0 days 00:03:12.967703,0.51115025563667,0.8717951055729352,0.20358075665942357,8.556213008137046,0.2395452449940939,86.6015482918717,1.484226923085714,6.2296041386818795,0.2975664073833317,0.03280586071940829,4.343429493003475e-06,1.1540267369865085,192.9675789764151,19,COMPLETE
3138,47.78718253125168,3.0666696304036214,2026-10-06 02:11:28.965982,2026-10-06 02:14:41.559814,0 days 00:03:12.593832,0.8665712365673679,0.2284118304472575,0.20358075665942357,10.877854836518644,0.6087670929915812,98.6416708615901,1.484226923085714,16.399237284471486,0.08173395261699556,0.03038027549946027,4.343429493003475e-06,1.2267307691914986,192.593715836294,19,COMPLETE
3139,30.605577269036445,5.51305947692123,2026-10-06 02:11:30.292148,2026-10-06 02:14:42.667532,0 days 00:03:12.375384,0.7641161148412359,0.2284118304472575,0.19400160111159936,20.349459920140077,0.33279388005294136,98.6416708615901,0.7087151047775566,21.20447750050786,0.3054149949472662,0.024099244621516126,4.343429493003475e-06,0.23886283196880004,192.3752894261852,19,COMPLETE
3140,33.68858631332659,16.846956789769933,2026-10-06 02:11:30.356991,2026-10-06 02:14:42.776023,0 days 00:03:12.419032,0.8010869639365119,0.7186098618255685,0.906550578150823,8.556213008137046,0.6087670929915812,85.69762729633804,1.080654620868664,41.66154811682372,0.08173395261699556,0.03038027549946027,4.343429493003475e-06,1.1540267369865085,192.4189333561808,19,COMPLETE
3141,47.88160261993834,1.9629977451457252,2026-10-06 02:11:31.607016,2026-10-06 02:14:42.111057,0 days 00:03:10.504041,0.9158653711831447,0.2284118304472575,0.12615106220885586,18.489161893608337,0.33279388005294136,98.6416708615901,0.7087151047775566,5.8774721288796,0.026937100580568585,0.024099244621516126,4.343429493003475e-06,0.23886283196880004,190.50393376220018,20,COMPLETE
3142,38.3329396344398,7.75011676144117,2026-10-06 02:11:31.718989,2026-10-06 02:14:39.416866,0 days 00:03:07.697877,0.51115025563667,0.2965654106455736,0.5667882730348237,5.245413993140336,0.33279388005294136,94.61146042672904,1.080654620868664,5.8774721288796,0.3676044917349766,0.03038027549946027,4.343429493003475e-06,1.3890637168667692,187.69776461459696,20,COMPLETE
3143,31.77760662993225,3.8151391520664504,2026-10-06 02:11:58.630173,2026-10-06 02:15:13.164022,0 days 00:03:14.533849,0.8010869639365119,0.2965654106455736,0.20358075665942357,10.877854836518644,0.33279388005294136,25.453623274200105,0.31429545885057136,5.8774721288796,0.2975664073833317,0.03280586071940829,2.1038771230648366e-06,1.2202576534970935,194.53372704610229,20,COMPLETE
3144,,,2026-10-06 02:11:58.633117,2026-10-06 02:12:38.166065,0 days 00:00:39.532948,0.7123418565646167,1.4065121038542876,0.07791651439853152,5.245413993140336,1.0305999656187428,94.61146042672904,0.7297455375332902,45.6508402201298,0.08173395261699556,0.03280586071940829,4.343429493003475e-06,1.1540267369865085,,20,PRUNED
3145,35.73478452820208,12.59033115709158,2026-10-06 02:12:00.169002,2026-10-06 02:15:13.344456,0 days 00:03:13.175454,0.8548572270960194,0.2284118304472575,0.5667882730348237,4.243158556331738,0.506401025718823,85.69762729633804,1.080654620868664,41.66154811682372,0.08173395261699556,0.03038027549946027,4.343429493003475e-06,1.2267307691914986,193.17533206008375,20,COMPLETE
3146,23.1392924995126,9.806749907518826,2026-10-06 02:12:02.732990,2026-10-06 02:15:15.711819,0 days 00:03:12.978829,0.51115025563667,0.19189790819770397,0.5667882730348237,44.59266824342005,0.3049037081953532,94.61146042672904,1.080654620868664,41.66154811682372,0.2975664073833317,0.03280586071940829,1.0318113333451098,1.2974912099205862,192.9787305770442,20,COMPLETE
3147,37.94366115422295,1.2537265452365605,2026-10-06 02:12:04.767394,2026-10-06 02:15:18.438989,0 days 00:03:13.671595,0.51115025563667,0.7186098618255685,0.04744288646303827,5.245413993140336,0.2395452449940939,98.6416708615901,1.484226923085714,14.182822102930093,0.08173395261699556,0.021966873773064614,4.343429493003475e-06,0.23886283196880004,193.67147794365883,20,COMPLETE
3148,,,2026-10-06 02:12:04.860986,2026-10-06 02:12:06.794037,0 days 00:00:01.933051,0.487652150171624,0.2965654106455736,0.4120579376102117,5.245413993140336,0.33279388005294136,94.61146042672904,1.484226923085714,5.8774721288796,0.9667897010448624,0.03038027549946027,,1.1540267369865085,,20,PRUNED
3149,46.0508833040128,2.1014114041031973,2026-10-06 02:12:05.490166,2026-10-06 02:15:19.899028,0 days 00:03:14.408862,0.5097417717967176,0.2965654106455736,0.12615106220885586,21.183844928151355,0.2395452449940939,98.6416708615901,1.484226923085714,1.8651055309222841,0.28988344429582863,0.021966873773064614,0.0003750271870227611,0.2678812614884665,194.4087465275079,20,COMPLETE
3150,,,2026-10-06 02:12:05.727997,2026-10-06 02:12:45.494035,0 days 00:00:39.766038,0.51115025563667,0.19189790819770397,0.4120579376102117,8.556213008137046,0.2395452449940939,85.69762729633804,1.484226923085714,6.2296041386818795,0.8337216213253054,0.02850146182760677,2.1038771230648366e-06,1.0701137489844414,,20,PRUNED
3151,,,2026-10-06 02:12:06.980161,2026-10-06 02:12:08.105028,0 days 00:00:01.124867,0.51115025563667,0.2965654106455736,0.19400160111159936,5.245413993140336,0.6087670929915812,94.61146042672904,1.4690823188003486,5.8774721288796,0.4212595585654096,0.010535338258443099,,1.1540267369865085,,20,PRUNED
3152,,,2026-10-06 02:12:07.180000,2026-10-06 02:12:07.934074,0 days 00:00:00.754074,0.8010869639365119,0.3856261384586317,0.12615106220885586,5.245413993140336,0.2395452449940939,98.6416708615901,1.0023944103463447,1.4056083189495427,0.08173395261699556,0.0012230957770251725,,0.23886283196880004,,20,PRUNED
3153,,,2026-10-06 02:12:07.259002,2026-10-06 02:14:04.995051,0 days 00:01:57.736049,0.51115025563667,0.2965654106455736,0.5667882730348237,5.245413993140336,0.506401025718823,94.61146042672904,1.4690823188003486,41.66154811682372,0.08173395261699556,0.03280586071940829,4.343429493003475e-06,1.2974912099205862,,20,PRUNED
3154,,,2026-10-06 02:12:08.112998,2026-10-06 02:12:08.515219,0 days 00:00:00.402221,1.4644809848335274,1.284351042104733,0.4120579376102117,8.556213008137046,0.2395452449940939,98.6416708615901,1.080654620868664,23.475624031055144,0.06802941049346445,0.03038027549946027,,1.1540267369865085,,20,PRUNED
3155,51.25784028348236,1.6723717141254761,2026-10-06 02:12:08.116963,2026-10-06 02:15:15.611915,0 days 00:03:07.494952,0.51115025563667,0.7186098618255685,0.20358075665942357,10.877854836518644,0.6454873286650737,94.61146042672904,1.4690823188003486,2.064375155489988,0.08173395261699556,0.03280586071940829,2.1038771230648366e-06,1.1540267369865085,187.49484502337873,20,COMPLETE
3156,33.41231430891414,19.342288158990563,2026-10-06 02:12:08.732999,2026-10-06 02:15:20.323810,0 days 00:03:11.590811,0.6775759777641851,0.2284118304472575,0.5667882730348237,10.877854836518644,0.2395452449940939,98.6416708615901,1.4690823188003486,23.475624031055144,0.2975664073833317,0.024099244621516126,4.343429493003475e-06,1.1540267369865085,191.59070649649948,20,COMPLETE
3157,40.295609577760544,9.835712683832085,2026-10-06 02:12:11.532001,2026-10-06 02:15:20.567045,0 days 00:03:09.035044,0.9158653711831447,0.7186098618255685,0.4120579376102117,11.991629079089469,0.6087670929915812,85.69762729633804,1.080654620868664,41.66154811682372,0.08173395261699556,0.03038027549946027,4.343429493003475e-06,1.1540267369865085,189.03493496216834,20,COMPLETE
3158,37.629653125646136,9.106389998122676,2026-10-06 02:12:36.027037,2026-10-06 02:15:46.354068,0 days 00:03:10.327031,0.51115025563667,0.2284118304472575,0.5667882730348237,5.245413993140336,0.6087670929915812,98.6416708615901,1.4690823188003486,5.8774721288796,0.08173395261699556,0.03038027549946027,4.343429493003475e-06,0.07209765487063619,190.32690989226103,20,COMPLETE
3159,46.103654276080626,5.421266364838124,2026-10-06 02:12:38.428994,2026-10-06 02:15:48.613595,0 days 00:03:10.184601,0.2994157425323484,0.7186098618255685,0.4120579376102117,5.245413993140336,0.6087670929915812,94.61146042672904,1.4501880964026623,5.8774721288796,0.08173395261699556,0.03038027549946027,2.1038771230648366e-06,1.1540267369865085,190.1844828883186,20,COMPLETE
3160,46.225388324771714,5.4578625281854585,2026-10-06 02:12:39.220227,2026-10-06 02:15:57.062747,0 days 00:03:17.842520,0.51115025563667,0.7186098618255685,0.4120579376102117,5.245413993140336,0.6087670929915812,98.6416708615901,0.6419517764288287,5.8774721288796,0.08173395261699556,0.03038027549946027,4.343429493003475e-06,1.1540267369865085,197.84240698534995,20,COMPLETE
3161,27.528172510793848,25.82426673857414,2026-10-06 02:12:39.654063,2026-10-06 02:15:52.984702,0 days 00:03:13.330639,0.51115025563667,0.07861675458476158,0.807738690329122,21.183844928151355,0.6087670929915812,94.61146042672904,1.080654620868664,45.6508402201298,0.007925456797868324,0.03038027549946027,2.1038771230648366e-06,1.2974912099205862,193.33052569720894,20,COMPLETE
3162,29.7110520423527,17.735046303456627,2026-10-06 02:12:42.256177,2026-10-06 02:15:55.803266,0 days 00:03:13.547089,0.7407180681038071,0.21606902729252941,0.5926143650576037,21.183844928151355,0.33279388005294136,98.6416708615901,0.7297455375332902,35.86671955459044,0.28988344429582863,0.03038027549946027,4.343429493003475e-06,1.2974912099205862,193.5469855973497,20,COMPLETE
3163,43.53690614646975,6.587232136803221,2026-10-06 02:12:42.916224,2026-10-06 02:15:57.359523,0 days 00:03:14.443299,0.51115025563667,0.19189790819770397,0.3503673191636761,5.245413993140336,0.3895248788420937,94.61146042672904,1.2898828018697517,18.041358017160412,0.08173395261699556,0.03280586071940829,4.343429493003475e-06,1.2974912099205862,194.44319551438093,20,COMPLETE
3164,35.79745182894881,15.895944313644224,2026-10-06 02:12:42.951991,2026-10-06 02:15:59.710195,0 days 00:03:16.758204,0.7407180681038071,0.19189790819770397,0.5926143650576037,10.877854836518644,0.33279388005294136,98.6416708615901,1.484226923085714,35.86671955459044,0.2975664073833317,0.03280586071940829,4.343429493003475e-06,1.1540267369865085,196.75809671543539,20,COMPLETE
3165,50.20475806490052,2.7484111610634137,2026-10-06 02:12:44.620010,2026-10-06 02:15:53.829361,0 days 00:03:09.209351,0.8010869639365119,0.7186098618255685,0.2345370319995722,5.245413993140336,0.14692212651879782,98.6416708615901,0.6419517764288287,5.8774721288796,0.08173395261699556,0.03038027549946027,4.343429493003475e-06,0.23886283196880004,189.20925201941282,20,COMPLETE
3166,,,2026-10-06 02:12:44.953989,2026-10-06 02:13:25.498993,0 days 00:00:40.545004,0.51115025563667,0.2284118304472575,0.20358075665942357,48.989774420989285,0.506401025718823,98.6416708615901,1.484226923085714,5.8774721288796,0.3054149949472662,0.024099244621516126,4.343429493003475e-06,1.1540267369865085,,20,PRUNED
3167,54.91273097333999,1.2731548901088536,2026-10-06 02:12:45.613997,2026-10-06 02:15:58.195716,0 days 00:03:12.581719,0.4919537458910443,0.2965654106455736,0.12615106220885586,8.556213008137046,0.2395452449940939,98.6416708615901,1.2898828018697517,1.115273074110263,0.4212595585654096,0.03280586071940829,0.0003750271870227611,0.2678812614884665,192.5815998679027,20,COMPLETE
3168,,,2026-10-06 02:12:46.256269,2026-10-06 02:12:46.910042,0 days 00:00:00.653773,1.4644809848335274,0.7186098618255685,0.4120579376102117,8.556213008137046,0.6087670929915812,86.6015482918717,0.7297455375332902,24.7033276028984,1.1042740730689418,0.03038027549946027,,1.1540267369865085,,20,PRUNED
3169,40.17399650575284,8.587377041206022,2026-10-06 02:12:46.417994,2026-10-06 02:15:57.298689,0 days 00:03:10.880695,0.9158653711831447,0.7186098618255685,0.5667882730348237,5.245413993140336,0.3804061837345793,85.69762729633804,1.080654620868664,11.502310839502737,0.007925456797868324,0.03280586071940829,2.1038771230648366e-06,1.1540267369865085,190.88058890216053,20,COMPLETE
3170,,,2026-10-06 02:12:47.255133,2026-10-06 02:12:48.136054,0 days 00:00:00.880921,0.51115025563667,0.7186098618255685,0.807738690329122,18.489161893608337,0.30529999650967565,94.61146042672904,1.3303656343791816,8.284362906724677,0.3054149949472662,0.024099244621516126,,0.23886283196880004,,20,PRUNED
