number,values_0,values_1,datetime_start,datetime_complete,duration,params_between_rest_spread,params_c_spread,params_c_val,params_input_force,params_k_between_spread,params_k_between_val,params_k_wall_spread,params_k_wall_val,params_m_spread,params_m_val,params_ridge_alpha,params_wall_rest_spread,user_attrs_duration_sec,system_attrs_NSGAIISampler:generation,state
808,16.39919403956319,1.424284018018363,2026-10-06 00:40:19.167983,2026-10-06 00:43:30.113552,0 days 00:03:10.945569,0.6449193321886748,0.3233389271032242,0.11720021795877078,16.18523914545625,1.35460707310614,11.647781097448451,0.12486747625813921,23.475624031055144,0.04206136129933902,0.05866498320480185,0.00014447613183128302,0.25314929756602494,190.94548678211868,3,COMPLETE
809,20.363341298202243,1.5375643953758251,2026-10-06 00:40:20.094118,2026-10-06 00:43:31.990891,0 days 00:03:11.896773,0.9528582881543378,0.1544379750618336,0.5799701872746303,11.991629079089469,0.4424930116262647,49.7837090928796,1.1068767969628939,1.2001363989388558,0.2975664073833317,0.026718092033143594,2.9442330109354824,0.17248374444296138,191.8966763075441,3,COMPLETE
810,25.092862136266827,1.3492161399684799,2026-10-06 00:40:20.239007,2026-10-06 00:43:31.286093,0 days 00:03:11.047086,0.51115025563667,0.3233389271032242,0.11720021795877078,16.18523914545625,1.35460707310614,11.647781097448451,1.1815110176180221,1.6055379867472308,0.04206136129933902,0.03280586071940829,0.00014447613183128302,1.3458907086260936,191.04698595870286,3,COMPLETE
811,33.13414315513777,1.2406646672668638,2026-10-06 00:40:20.315207,2026-10-06 00:43:31.888207,0 days 00:03:11.573000,0.7737222815132565,0.5608376222859704,0.11369858697944095,5.814557047239577,0.6688626104060442,25.088361291801984,0.4740161859265573,2.072575382240667,0.5860574191614696,0.07297012210736925,2.1038771230648366e-06,0.9405267840694287,191.57289913948625,3,COMPLETE
812,,,2026-10-06 00:40:20.814015,2026-10-06 00:40:21.515032,0 days 00:00:00.701017,0.2994157425323484,0.3233389271032242,0.11720021795877078,5.814557047239577,0.631975484387248,16.211255471509773,0.4740161859265573,86.57068482598544,1.1791218744906238,0.037495759622009746,,1.3458907086260936,,3,PRUNED
813,,,2026-10-06 00:40:21.125297,2026-10-06 00:41:00.339029,0 days 00:00:39.213732,1.1917921473199087,1.0740848954465285,0.10626861340244535,1.7812607356211605,1.4587170185674183,26.740568805970103,1.394035285276604,10.195345414647532,0.4212595585654096,0.024099244621516126,0.0006185581455600675,1.4242474729910322,,3,PRUNED
814,35.70204329532631,1.2619384507883915,2026-10-06 00:40:22.385153,2026-10-06 00:43:34.643988,0 days 00:03:12.258835,0.05008148914855248,0.8304682506740793,0.34699519698385084,49.168071302148626,0.05714116461716917,85.69762729633804,0.9649764810578848,1.2001363989388558,0.2975664073833317,0.09765004764801033,2.9442330109354824,1.1540267369865085,192.25873279664665,3,COMPLETE
815,34.897101920500646,1.393422619546099,2026-10-06 00:40:23.003135,2026-10-06 00:43:33.979392,0 days 00:03:10.976257,0.39568328879440856,0.07170570951995708,0.09005234812447538,5.245413993140336,0.631975484387248,16.211255471509773,0.4740161859265573,2.072575382240667,1.1791218744906238,0.06668334722343025,1.1762488306807034e-06,0.6004925208325128,190.97616171464324,3,COMPLETE
816,16.062807892804468,1.3112777776036602,2026-10-06 00:40:23.234002,2026-10-06 00:43:37.850425,0 days 00:03:14.616423,0.8861887783233188,0.2284118304472575,0.11720021795877078,21.183844928151355,1.35460707310614,11.647781097448451,0.6419517764288287,1.3290341234086505,0.46962213455178087,0.03395534901039159,0.00014447613183128302,0.30420587776322294,194.61632084660232,3,COMPLETE
817,10.569780192134628,7.562798256666858,2026-10-06 00:40:23.257987,2026-10-06 00:43:35.027900,0 days 00:03:11.769913,0.8861887783233188,0.4774636695198178,0.4120579376102117,18.489161893608337,0.2395452449940939,4.08420858927904,0.6190885998388953,2.029882838261563,0.08173395261699556,0.007361010447850752,0.004475392410627206,0.7296704665126732,191.7698156107217,3,COMPLETE
818,26.801471185213906,1.3481790502612838,2026-10-06 00:40:25.000010,2026-10-06 00:43:31.705822,0 days 00:03:06.705812,0.6062262771251812,0.26436360806232834,0.11369858697944095,33.17033856339264,0.631975484387248,16.211255471509773,0.4740161859265573,86.57068482598544,0.742842471971084,0.06668334722343025,1.1762488306807034e-06,1.1137428294822522,186.7057134611532,3,COMPLETE
819,19.142741757376417,7.5993836936148105,2026-10-06 00:40:53.695997,2026-10-06 00:44:07.058375,0 days 00:03:13.362378,0.51115025563667,0.3233389271032242,0.587377575500352,12.404456665881645,0.8098411012210098,11.647781097448451,0.06389754300029743,10.195345414647532,0.04206136129933902,0.037495759622009746,0.00014447613183128302,1.3458907086260936,193.36227841768414,3,COMPLETE
820,14.458357433467018,12.151972939973614,2026-10-06 00:40:55.177143,2026-10-06 00:44:06.553601,0 days 00:03:11.376458,0.3834721347353825,0.35570422852286115,0.6443949852851695,18.677678184085455,0.7418684815159879,11.647781097448451,0.6419517764288287,23.475624031055144,0.5860574191614696,0.03280586071940829,0.00023455457478105328,0.008646455689541255,191.37635586224496,3,COMPLETE
821,23.46207056214945,1.3613194621818563,2026-10-06 00:40:55.984155,2026-10-06 00:44:08.291948,0 days 00:03:12.307793,0.7535562568504046,0.2965654106455736,0.09005234812447538,5.245413993140336,1.4587170185674183,9.235458204740613,0.6419517764288287,2.0330101929189524,0.7685554742107898,0.05061331531697255,1.7201014311893553e-06,0.6004925208325128,192.3077011713758,3,COMPLETE
822,17.660545555560397,1.1879031138331242,2026-10-06 00:40:56.096998,2026-10-06 00:44:11.082827,0 days 00:03:14.985829,0.19630735827449874,0.527164092890509,0.09005234812447538,18.489161893608337,0.631975484387248,16.211255471509773,1.394035285276604,14.182822102930093,0.194083030357998,0.06668334722343025,0.0006185581455600675,0.12304193451880518,194.9857416562736,3,COMPLETE
823,15.420282694522768,4.934877190357425,2026-10-06 00:40:57.102988,2026-10-06 00:44:14.571743,0 days 00:03:17.468755,0.9323049410555256,0.011151379315492593,0.3042089878823274,11.910918541531306,1.0774031071944332,2.1048794976754106,0.20357229172011587,5.299460499774038,0.7685554742107898,0.02749864300312601,0.01901829747070024,1.1888155686802921,197.46864988002926,4,COMPLETE
824,,,2026-10-06 00:40:57.175992,2026-10-06 00:41:39.672648,0 days 00:00:42.496656,0.7737222815132565,0.5608376222859704,0.807738690329122,16.606931230784816,0.6688626104060442,85.69762729633804,0.19809840133758488,2.029882838261563,0.5860574191614696,0.03280586071940829,0.00014447613183128302,1.3170924202590568,,4,PRUNED
825,36.328796550882984,2.028173671611401,2026-10-06 00:40:57.756666,2026-10-06 00:44:09.928530,0 days 00:03:12.171864,0.447684485641811,0.3731992973752525,0.09005234812447538,5.245413993140336,0.05714116461716917,11.647781097448451,0.6190885998388953,1.2001363989388558,1.1885908081286978,0.03280586071940829,0.004475392410627206,1.1540267369865085,192.17176713701338,4,COMPLETE
826,27.76617040483263,1.1322059282305816,2026-10-06 00:40:58.718993,2026-10-06 00:44:09.389479,0 days 00:03:10.670486,0.6818434007286007,0.15649587760248423,0.06022460482083565,17.553296709297783,0.2395452449940939,98.6416708615901,0.21292518523710352,14.182822102930093,0.194083030357998,0.07297012210736925,0.0006185581455600675,0.7296704665126732,190.6703856792301,4,COMPLETE
827,,,2026-10-06 00:41:00.189148,2026-10-06 00:41:39.270039,0 days 00:00:39.080891,0.4428292606447327,0.1544379750618336,0.03240094579624807,4.264385735936695,1.0126342536422681,49.7837090928796,1.1068767969628939,23.475624031055144,0.6272546308914912,0.03038027549946027,3.7310590236616203,1.3635581381619835,,4,PRUNED
828,33.41192502403552,1.9770551473535674,2026-10-06 00:41:00.360290,2026-10-06 00:44:11.612747,0 days 00:03:11.252457,0.3395165906212997,0.5088079218375162,0.11720021795877078,5.245413993140336,1.0774031071944332,2.9615022659031585,0.6419517764288287,86.57068482598544,0.46962213455178087,0.03038027549946027,0.00014447613183128302,0.6004925208325128,191.25235616788268,4,COMPLETE
829,21.009067257642535,8.227243496240016,2026-10-06 00:41:00.391992,2026-10-06 00:44:08.477768,0 days 00:03:08.085776,0.3834721347353825,0.2965654106455736,0.6443949852851695,41.645467536664455,0.6454873286650737,1.2305092695987363,0.12486747625813921,86.57068482598544,0.7360596685479106,0.037495759622009746,8.057382607958031e-05,1.0281652581298224,188.08567066397518,4,COMPLETE
830,4.767630224311747,1.271026500952243,2026-10-06 00:41:01.632149,2026-10-06 00:44:07.459610,0 days 00:03:05.827461,0.8861887783233188,0.26436360806232834,0.01635513698769593,19.522781869107995,0.631975484387248,25.088361291801984,1.1068767969628939,2.072575382240667,0.0236399030193733,0.0071461908748256375,2.1038771230648366e-06,0.17248374444296138,185.82735889870673,4,COMPLETE
831,,,2026-10-06 00:41:01.635973,2026-10-06 00:41:02.340055,0 days 00:00:00.704082,0.2994157425323484,0.8304682506740793,0.09005234812447538,49.168071302148626,0.05714116461716917,85.69762729633804,1.191277759964359,2.0330101929189524,0.7685554742107898,0.007361010447850752,,0.6004925208325128,,4,PRUNED
832,28.36114888884353,3.0450187592603104,2026-10-06 00:41:02.399165,2026-10-06 00:44:16.027191,0 days 00:03:13.628026,0.7535562568504046,0.2574860568159506,0.09005234812447538,5.245413993140336,0.6454873286650737,11.647781097448451,0.12486747625813921,86.57068482598544,0.7319457801577378,0.03280586071940829,0.004475392410627206,0.05322667642326201,193.62793326564133,4,COMPLETE
833,,,2026-10-06 00:41:03.200998,2026-10-06 00:41:04.343051,0 days 00:00:01.142053,0.3834721347353825,0.2965654106455736,0.2297655624989891,18.677678184085455,0.5855379267962546,28.285734118696016,1.0538940012691653,23.475624031055144,1.0749850412981183,0.03280586071940829,,0.7296704665126732,,4,PRUNED
834,27.4142529236973,1.561320869854368,2026-10-06 00:41:04.603003,2026-10-06 00:44:15.091064,0 days 00:03:10.488061,0.4428292606447327,0.7347826529652479,0.20358075665942357,8.556213008137046,1.4257271037095816,28.285734118696016,1.3355598077240103,11.86468393276075,0.07477448748449272,0.05628774521583433,0.0051341657907994255,0.20606586537097477,190.48797258455306,4,COMPLETE
835,25.835832065673383,20.23643189438208,2026-10-06 00:41:30.187441,2026-10-06 00:44:39.832586,0 days 00:03:09.645145,0.447684485641811,0.3233389271032242,0.6443949852851695,18.489161893608337,0.2395452449940939,98.6416708615901,0.12486747625813921,86.57068482598544,0.08173395261699556,0.03280586071940829,0.00014447613183128302,1.1540267369865085,189.64503711182624,4,COMPLETE
836,32.77944513554114,1.3071884489800725,2026-10-06 00:41:34.975007,2026-10-06 00:44:41.508653,0 days 00:03:06.533646,0.9543822065315405,0.3731992973752525,0.1347521461063753,8.695206399809345,0.29675499538560296,28.285734118696016,0.7964747556623476,1.2001363989388558,0.2975664073833317,0.03038027549946027,3.1709857861913675,1.1137428294822522,186.53353417105973,4,COMPLETE
837,29.93306371002664,3.154399731714167,2026-10-06 00:41:36.411621,2026-10-06 00:44:46.319232,0 days 00:03:09.907611,0.51115025563667,0.7347826529652479,0.20358075665942357,8.556213008137046,1.4257271037095816,11.647781097448451,1.3355598077240103,11.86468393276075,0.6168387269531914,0.03038027549946027,0.002337981028655364,0.9040411163974774,189.9075093138963,4,COMPLETE
838,28.22239410207134,1.280038756557985,2026-10-06 00:41:39.343991,2026-10-06 00:44:50.214097,0 days 00:03:10.870106,0.8861887783233188,0.8661787220393558,0.06206457284189189,7.601345533073638,1.35460707310614,25.088361291801984,0.6190885998388953,23.475624031055144,0.26083598793965107,0.03038027549946027,0.005958227033600532,0.6004925208325128,190.87000752892345,4,COMPLETE
839,27.667495447426603,7.392864746977024,2026-10-06 00:41:39.797995,2026-10-06 00:44:54.447614,0 days 00:03:14.649619,0.4919537458910443,0.3233389271032242,0.6565584354267013,8.695206399809345,0.3201011955575039,3.9357948336652977,0.7964747556623476,86.57068482598544,0.2975664073833317,0.037495759622009746,0.00014447613183128302,1.3458907086260936,194.64952002000064,4,COMPLETE
840,,,2026-10-06 00:41:39.831990,2026-10-06 00:42:20.299037,0 days 00:00:40.467047,0.7535562568504046,0.8661787220393558,0.09005234812447538,5.245413993140336,1.35460707310614,11.647781097448451,1.1446866529412485,2.0330101929189524,0.7685554742107898,0.007361010447850752,0.005958227033600532,1.3635581381619835,,4,PRUNED
841,15.769708533342387,6.694714854598816,2026-10-06 00:41:59.673996,2026-10-06 00:45:11.518293,0 days 00:03:11.844297,1.3426389093843176,0.2965654106455736,0.587377575500352,12.404456665881645,0.2395452449940939,2.9667093425059705,0.06389754300029743,5.8774721288796,0.6114588605571349,0.03280586071940829,0.00014447613183128302,1.1540267369865085,191.844195201993,4,COMPLETE
842,19.84416819138182,5.830675013631677,2026-10-06 00:42:16.758984,2026-10-06 00:45:28.458565,0 days 00:03:11.699581,0.3834721347353825,0.2965654106455736,0.6443949852851695,25.234946341998025,1.2957825863457457,1.2305092695987363,0.6419517764288287,38.342083961233584,0.7360596685479106,0.04307095774988902,8.057382607958031e-05,1.0281652581298224,191.6994846984744,4,COMPLETE
843,27.273167227455104,1.1751785571130888,2026-10-06 00:42:20.860998,2026-10-06 00:45:31.250731,0 days 00:03:10.389733,0.447684485641811,0.4835105352725577,0.1347521461063753,8.695206399809345,0.05714116461716917,39.51588933199152,0.7964747556623476,1.2001363989388558,0.2975664073833317,0.09765004764801033,2.9442330109354824,1.1540267369865085,190.38963189534843,4,COMPLETE
844,31.22105136105929,1.3515504705876387,2026-10-06 00:42:44.650028,2026-10-06 00:45:55.000856,0 days 00:03:10.350828,0.39568328879440856,0.26436360806232834,0.11369858697944095,5.814557047239577,0.7313896683814887,16.211255471509773,0.4740161859265573,2.072575382240667,0.742842471971084,0.06668334722343025,2.1038771230648366e-06,0.9700520747024954,190.35071627888829,4,COMPLETE
845,19.65820367681318,1.1542624748229346,2026-10-06 00:42:46.453014,2026-10-06 00:45:56.400775,0 days 00:03:09.947761,0.39568328879440856,0.4835105352725577,0.09005234812447538,2.2073649364502184,1.0774031071944332,16.211255471509773,0.4740161859265573,2.9177508597205857,0.7685554742107898,0.09765004764801033,9.389021170401149,0.2678812614884665,189.94765810389072,4,COMPLETE
846,,,2026-10-06 00:42:47.798153,2026-10-06 00:42:49.377561,0 days 00:00:01.579408,0.39568328879440856,0.5088079218375162,0.09005234812447538,5.814557047239577,1.0365862235632775,16.211255471509773,0.4740161859265573,2.0330101929189524,1.1791218744906238,0.007361010447850752,,0.9700520747024954,,4,PRUNED
847,18.570389507730713,2.7241247041772505,2026-10-06 00:42:48.049003,2026-10-06 00:46:02.135965,0 days 00:03:14.086962,1.1917921473199087,0.8304682506740793,0.34699519698385084,18.677678184085455,0.05714116461716917,9.235458204740613,0.6419517764288287,5.8774721288796,0.2975664073833317,0.03419636322252176,2.9442330109354824,1.1540267369865085,194.08686791546643,4,COMPLETE
848,,,2026-10-06 00:42:48.591001,2026-10-06 00:42:50.159006,0 days 00:00:01.568005,0.7535562568504046,0.07170570951995708,0.09005234812447538,5.245413993140336,1.0774031071944332,2.9615022659031585,0.6190885998388953,98.03127350046411,0.7685554742107898,0.007361010447850752,,0.6004925208325128,,4,PRUNED
849,11.382498526212245,2.1937135437295754,2026-10-06 00:42:49.568760,2026-10-06 00:45:57.819641,0 days 00:03:08.250881,0.447684485641811,0.3233389271032242,0.3042089878823274,41.645467536664455,0.6454873286650737,2.1048794976754106,0.12486747625813921,5.299460499774038,0.6612894906970102,0.037495759622009746,0.00014447613183128302,1.3458907086260936,188.25078949611634,4,COMPLETE
850,12.898543370671039,1.4552065858589713,2026-10-06 00:42:49.588033,2026-10-06 00:46:05.306289,0 days 00:03:15.718256,0.19630735827449874,0.7128867472859206,0.09005234812447538,18.489161893608337,1.0774031071944332,2.9615022659031585,0.6190885998388953,2.0330101929189524,0.7685554742107898,0.024099244621516126,2.421158357316918e-05,0.7296704665126732,195.71815167646855,4,COMPLETE
851,37.012935800941655,1.6948654541661023,2026-10-06 00:42:50.119983,2026-10-06 00:46:03.926898,0 days 00:03:13.806915,1.3426389093843176,1.0562250660985053,0.5799701872746303,9.868280842937416,1.0774031071944332,85.69762729633804,0.06389754300029743,10.195345414647532,0.007925456797868324,0.09765004764801033,0.0005104435594619652,1.4891500624393408,193.806825353764,4,COMPLETE
852,24.37940188928805,1.2041661637867191,2026-10-06 00:42:50.262217,2026-10-06 00:45:58.194997,0 days 00:03:07.932780,1.055584024289513,0.9056915392647674,0.09005234812447538,5.245413993140336,1.0774031071944332,16.211255471509773,0.6190885998388953,2.0330101929189524,0.04206136129933902,0.05928332404805879,1.147062949789392e-06,0.6004925208325128,187.93268352840096,4,COMPLETE
853,39.9829800327656,1.9149681670513656,2026-10-06 00:42:50.516815,2026-10-06 00:46:00.664044,0 days 00:03:10.147229,0.7737222815132565,0.3731992973752525,0.09005234812447538,5.245413993140336,0.6688626104060442,25.088361291801984,0.6190885998388953,7.9874857515804925,0.7685554742107898,0.03280586071940829,0.00014447613183128302,0.0038888774159797634,190.14712915755808,4,COMPLETE
854,28.89103713429922,2.8626550775149497,2026-10-06 00:42:51.653992,2026-10-06 00:46:05.002151,0 days 00:03:13.348159,0.3395165906212997,0.3233389271032242,0.11720021795877078,21.183844928151355,0.6454873286650737,26.22079615322774,0.6190885998388953,86.57068482598544,0.26083598793965107,0.03038027549946027,0.004475392410627206,0.6004925208325128,193.34806907735765,4,COMPLETE
855,24.758791793367806,1.286736710659894,2026-10-06 00:42:51.687213,2026-10-06 00:46:02.836284,0 days 00:03:11.149071,0.39568328879440856,0.3233389271032242,0.09005234812447538,7.122257950851713,1.0774031071944332,16.211255471509773,0.7964747556623476,2.9177508597205857,0.2975664073833317,0.06668334722343025,0.00014447613183128302,0.2678812614884665,191.1489728828892,4,COMPLETE
856,29.482585394613967,1.3306809194572256,2026-10-06 00:42:51.779149,2026-10-06 00:46:04.132707,0 days 00:03:12.353558,0.39568328879440856,0.5088079218375162,0.09005234812447538,5.814557047239577,1.0774031071944332,16.211255471509773,0.4740161859265573,2.9177508597205857,0.7685554742107898,0.06668334722343025,1.1762488306807034e-06,1.2901400551275988,192.35346880648285,4,COMPLETE
857,29.44975434187221,1.6624936740799843,2026-10-06 00:42:52.143994,2026-10-06 00:46:02.020471,0 days 00:03:09.876477,0.7737222815132565,0.5608376222859704,0.807738690329122,11.991629079089469,0.6688626104060442,25.088361291801984,0.7964747556623476,1.2001363989388558,0.5860574191614696,0.09765004764801033,0.00014447613183128302,0.9405267840694287,189.87637294456363,4,COMPLETE
858,9.127876483296344,10.616672286536707,2026-10-06 00:42:52.629967,2026-10-06 00:46:08.645893,0 days 00:03:16.015926,1.3426389093843176,0.24837341587000777,0.587377575500352,12.404456665881645,0.8641627247678014,2.9667093425059705,0.06389754300029743,10.195345414647532,0.4212595585654096,0.006074688503901476,0.03673941552765711,0.21347726672360295,196.01583246793598,4,COMPLETE
859,,,2026-10-06 00:42:52.834006,2026-10-06 00:42:53.644372,0 days 00:00:00.810366,0.8861887783233188,0.4835105352725577,0.1055966500437689,11.910918541531306,0.5855379267962546,85.69762729633804,0.20357229172011587,5.299460499774038,1.0749850412981183,0.02749864300312601,,1.1888155686802921,,4,PRUNED
860,,,2026-10-06 00:42:53.763171,2026-10-06 00:42:54.409049,0 days 00:00:00.645878,0.8861887783233188,0.5608376222859704,0.807738690329122,17.553296709297783,0.6484645690572918,25.088361291801984,0.19809840133758488,2.029882838261563,0.26083598793965107,0.007361010447850752,,1.4057805832011918,,4,PRUNED
861,41.38579856205729,2.4439998043342026,2026-10-06 00:42:53.766985,2026-10-06 00:46:06.842899,0 days 00:03:13.075914,0.8861887783233188,0.2284118304472575,0.4120579376102117,16.606931230784816,0.012171422282250266,98.6416708615901,0.21292518523710352,14.182822102930093,0.6353936504592018,0.09765004764801033,0.0006185581455600675,0.7296704665126732,193.07582136429846,4,COMPLETE
862,29.502414767815093,1.345881300539368,2026-10-06 00:42:53.770965,2026-10-06 00:46:06.866804,0 days 00:03:13.095839,0.447684485641811,0.3233389271032242,0.11720021795877078,41.645467536664455,0.6454873286650737,3.9357948336652977,0.12486747625813921,86.57068482598544,0.6612894906970102,0.037495759622009746,0.00014447613183128302,1.3458907086260936,193.09575792215765,4,COMPLETE
863,22.357247737409022,1.1615849663969056,2026-10-06 00:42:54.275162,2026-10-06 00:46:07.659976,0 days 00:03:13.384814,0.4428292606447327,0.9056915392647674,0.2297655624989891,5.814557047239577,0.17665571526270746,16.211255471509773,0.6165960852108494,2.029882838261563,0.05609924456069537,0.06668334722343025,0.1779362878501945,0.9700520747024954,193.38471544813365,4,COMPLETE
864,,,2026-10-06 00:42:54.352992,2026-10-06 00:42:54.942047,0 days 00:00:00.589055,0.447684485641811,0.3233389271032242,0.11720021795877078,41.645467536664455,1.35460707310614,11.647781097448451,1.1446866529412485,86.57068482598544,0.6612894906970102,0.03038027549946027,,1.3458907086260936,,4,PRUNED
865,23.883443825767294,3.8007639973515395,2026-10-06 00:42:54.429828,2026-10-06 00:46:03.226518,0 days 00:03:08.796690,0.51115025563667,0.3731992973752525,0.4120579376102117,21.183844928151355,0.2395452449940939,26.22079615322774,0.21292518523710352,1.3290341234086505,0.04206136129933902,0.03038027549946027,0.0006185581455600675,1.1137428294822522,188.79660713020712,4,COMPLETE
866,,,2026-10-06 00:42:54.522375,2026-10-06 00:42:55.291031,0 days 00:00:00.768656,0.51115025563667,1.1294855724025359,0.5667882730348237,5.245413993140336,1.0774031071944332,11.647781097448451,0.6419517764288287,2.0330101929189524,0.04206136129933902,0.03280586071940829,,0.6069618734849955,,4,PRUNED
