number,values_0,values_1,datetime_start,datetime_complete,duration,params_between_rest_spread,params_c_spread,params_c_val,params_input_force,params_k_between_spread,params_k_between_val,params_k_wall_spread,params_k_wall_val,params_m_spread,params_m_val,params_ridge_alpha,params_wall_rest_spread,user_attrs_duration_sec,system_attrs_NSGAIISampler:generation,state
1814,35.82911681986586,3.0865121937081548,2026-10-06 01:19:28.308132,2026-10-06 01:22:40.538488,0 days 00:03:12.230356,1.4644809848335274,0.8717951055729352,0.5667882730348237,11.991629079089469,0.6454873286650737,85.69762729633804,1.3460422977121211,23.475624031055144,0.08173395261699556,0.03280586071940829,0.02074890376015939,1.2974912099205862,192.23027213849127,10,COMPLETE
1815,,,2026-10-06 01:19:29.152996,2026-10-06 01:19:30.192069,0 days 00:00:01.039073,0.447684485641811,0.2284118304472575,0.6443949852851695,18.489161893608337,0.2395452449940939,98.6416708615901,1.4690823188003486,86.57068482598544,0.08173395261699556,0.024099244621516126,,1.1540267369865085,,10,PRUNED
1816,37.80342985754352,3.5479933953594354,2026-10-06 01:19:29.648165,2026-10-06 01:22:43.333858,0 days 00:03:13.685693,0.8010869639365119,0.19189790819770397,0.20358075665942357,18.386910920395536,0.573262704172143,57.46371301545641,0.9451818013613453,5.8774721288796,0.04206136129933902,0.03038027549946027,0.00014447613183128302,0.2678812614884665,193.68558718077838,10,COMPLETE
1817,18.61557183543473,6.950154811955949,2026-10-06 01:19:29.651970,2026-10-06 01:22:44.309969,0 days 00:03:14.657999,0.51115025563667,0.07786333383188837,0.5662816343755678,11.991629079089469,0.05714116461716917,5.130120345195197,1.3460422977121211,5.299460499774038,0.5860574191614696,0.03280586071940829,0.00014447613183128302,1.2974912099205862,194.65790774766356,10,COMPLETE
1818,37.72455140634681,9.076948739718254,2026-10-06 01:19:29.655956,2026-10-06 01:22:43.801115,0 days 00:03:14.145159,0.8010869639365119,0.3233389271032242,0.4120579376102117,8.556213008137046,0.2395452449940939,85.69762729633804,0.12486747625813921,11.86468393276075,0.5182614449347602,0.03280586071940829,0.00014447613183128302,0.22420936382869971,194.14506870694458,10,COMPLETE
1819,23.80974799722324,22.1814585917377,2026-10-06 01:19:29.659962,2026-10-06 01:22:44.841132,0 days 00:03:15.181170,0.51115025563667,0.2284118304472575,0.807738690329122,18.489161893608337,0.33279388005294136,98.6416708615901,0.21292518523710352,86.57068482598544,0.08173395261699556,0.03280586071940829,0.00014447613183128302,1.1540267369865085,195.1810754397884,10,COMPLETE
1820,16.4956145448678,1.2724787183208988,2026-10-06 01:19:29.698128,2026-10-06 01:22:43.145940,0 days 00:03:13.447812,0.0814657495722822,0.3233389271032242,0.03250656745656611,18.489161893608337,0.2395452449940939,12.66009250883024,0.21292518523710352,86.57068482598544,0.08173395261699556,0.03038027549946027,0.00014447613183128302,1.1540267369865085,193.44772358518094,10,COMPLETE
1821,28.11606934072474,20.797760823561948,2026-10-06 01:19:29.705976,2026-10-06 01:22:45.283841,0 days 00:03:15.577865,0.51115025563667,0.4366251564631333,0.807738690329122,18.386910920395536,0.506401025718823,57.46371301545641,1.191277759964359,41.66154811682372,0.007925456797868324,0.03280586071940829,3.680314106392975e-06,1.2974912099205862,195.57776265684515,10,COMPLETE
1822,44.92270422659023,3.6031753353153473,2026-10-06 01:19:30.392995,2026-10-06 01:22:38.917877,0 days 00:03:08.524882,0.8010869639365119,0.19189790819770397,0.20358075665942357,8.556213008137046,0.2395452449940939,85.69762729633804,0.43914350295773324,11.86468393276075,0.2975664073833317,0.03280586071940829,0.00014447613183128302,0.2678812614884665,188.52478204946965,10,COMPLETE
1823,28.992205417612148,17.475876998383235,2026-10-06 01:19:31.714159,2026-10-06 01:22:45.383172,0 days 00:03:13.669013,0.447684485641811,0.3233389271032242,0.4120579376102117,10.877854836518644,0.2395452449940939,85.69762729633804,0.21292518523710352,86.57068482598544,0.08173395261699556,0.024099244621516126,0.00014447613183128302,1.1540267369865085,193.66891960799694,10,COMPLETE
1824,28.73198136770096,7.971960503070544,2026-10-06 01:19:31.717962,2026-10-06 01:22:44.452693,0 days 00:03:12.734731,0.19630735827449874,0.3233389271032242,0.4120579376102117,40.132128907957544,0.2395452449940939,98.6416708615901,0.21292518523710352,14.182822102930093,0.2975664073833317,0.037732353172350436,0.0006185581455600675,1.1540267369865085,192.73464170377702,10,COMPLETE
1825,40.30181686922096,7.047585197809203,2026-10-06 01:19:31.730963,2026-10-06 01:22:40.521623,0 days 00:03:08.790660,1.4644809848335274,0.7513504539237161,0.5667882730348237,11.991629079089469,0.6454873286650737,85.69762729633804,1.3460422977121211,23.475624031055144,0.08173395261699556,0.039589557824778104,4.343429493003475e-06,1.2974912099205862,188.79057152662426,10,COMPLETE
1826,27.98998549987657,2.449259942372,2026-10-06 01:19:31.734967,2026-10-06 01:22:45.297922,0 days 00:03:13.562955,0.447684485641811,0.19189790819770397,0.6443949852851695,11.991629079089469,0.2395452449940939,85.69762729633804,0.44870530193008085,1.2001363989388558,0.08173395261699556,0.03280586071940829,0.0006185581455600675,0.18320864493106648,193.5628602746874,10,COMPLETE
1827,25.24192631088862,4.597449577684562,2026-10-06 01:19:31.738952,2026-10-06 01:22:43.403646,0 days 00:03:11.664694,0.8010869639365119,0.2284118304472575,0.17330203936059302,38.22538344732901,0.2395452449940939,98.6416708615901,0.21292518523710352,86.57068482598544,0.08173395261699556,0.03038027549946027,4.343429493003475e-06,0.2678812614884665,191.66459408216178,10,COMPLETE
1828,38.18494736896527,7.146649694594962,2026-10-06 01:19:35.753781,2026-10-06 01:22:43.610788,0 days 00:03:07.857007,0.447684485641811,0.3233389271032242,0.4120579376102117,10.877854836518644,0.2395452449940939,85.69762729633804,0.12486747625813921,5.8774721288796,0.2975664073833317,0.03280586071940829,0.00014447613183128302,1.1540267369865085,187.85691272839904,10,COMPLETE
1829,35.77677473502543,2.939524812118466,2026-10-06 01:20:01.076401,2026-10-06 01:23:13.067901,0 days 00:03:11.991500,0.8010869639365119,0.3233389271032242,0.4120579376102117,11.991629079089469,0.2395452449940939,85.69762729633804,0.21292518523710352,86.57068482598544,0.2975664073833317,0.09765004764801033,0.0006185581455600675,0.8058674861235949,191.99137957207859,10,COMPLETE
1830,,,2026-10-06 01:20:05.030997,2026-10-06 01:20:06.228050,0 days 00:00:01.197053,0.51115025563667,0.4835105352725577,0.807738690329122,18.386910920395536,0.05714116461716917,98.6416708615901,1.191277759964359,14.182822102930093,1.4053694373537802,0.03280586071940829,,0.30673616238509677,,10,PRUNED
1831,,,2026-10-06 01:20:05.512018,2026-10-06 01:20:45.758045,0 days 00:00:40.246027,1.2349294162160471,0.2965654106455736,0.5667882730348237,21.183844928151355,1.008390487854496,98.6416708615901,0.954202730608916,14.182822102930093,0.08173395261699556,0.03280586071940829,0.00014447613183128302,1.1540267369865085,,10,PRUNED
1832,30.287238542254876,10.368799238599255,2026-10-06 01:20:06.180987,2026-10-06 01:23:20.277432,0 days 00:03:14.096445,0.447684485641811,0.3233389271032242,0.4120579376102117,40.132128907957544,0.2395452449940939,98.6416708615901,0.21292518523710352,14.182822102930093,0.2975664073833317,0.03280586071940829,0.0006185581455600675,1.1540267369865085,194.09634334221482,10,COMPLETE
1833,38.0914865991672,10.710530993251897,2026-10-06 01:20:07.306343,2026-10-06 01:23:14.310303,0 days 00:03:07.003960,0.447684485641811,0.2965654106455736,0.4120579376102117,8.556213008137046,0.2395452449940939,85.69762729633804,1.484226923085714,11.86468393276075,0.5182614449347602,0.03280586071940829,2.1038771230648366e-06,0.2678812614884665,187.00384871847928,10,COMPLETE
1834,,,2026-10-06 01:20:07.309973,2026-10-06 01:20:08.135028,0 days 00:00:00.825055,0.51115025563667,0.19189790819770397,0.20358075665942357,21.183844928151355,0.2395452449940939,98.6416708615901,1.2113094302592042,1.3914811160711245,0.08173395261699556,0.0021535149136544473,,1.4619746805392921,,10,PRUNED
1835,0.08284618763251775,1.2810885545702981,2026-10-06 01:20:08.307545,2026-10-06 01:23:22.310027,0 days 00:03:14.002482,0.8010869639365119,0.3233389271032242,0.03056433227886514,8.556213008137046,0.2395452449940939,98.6416708615901,0.5237314401304797,2.9616667780454238,0.08173395261699556,0.03280586071940829,0.004096066040049834,0.2678812614884665,194.00236566830426,10,COMPLETE
1836,27.96121790284023,21.030748708052684,2026-10-06 01:20:09.230198,2026-10-06 01:23:20.383184,0 days 00:03:11.152986,0.447684485641811,0.3233389271032242,0.807738690329122,21.183844928151355,0.33279388005294136,98.6416708615901,1.080654620868664,23.475624031055144,0.08173395261699556,0.03280586071940829,4.343429493003475e-06,1.2974912099205862,191.15288044326007,10,COMPLETE
1837,39.037416855705494,8.869650330289952,2026-10-06 01:20:09.537995,2026-10-06 01:23:18.382678,0 days 00:03:08.844683,0.447684485641811,0.7186098618255685,0.6443949852851695,10.877854836518644,0.2395452449940939,95.50466876520353,1.484226923085714,5.8774721288796,0.5299026391025787,0.03280586071940829,2.1038771230648366e-06,1.1540267369865085,188.84457459766418,10,COMPLETE
1838,36.008119475413906,10.010388864770633,2026-10-06 01:20:10.758996,2026-10-06 01:23:21.002973,0 days 00:03:10.243977,0.447684485641811,0.3233389271032242,0.4120579376102117,14.226158550912755,0.6010239579988083,94.61146042672904,0.21292518523710352,23.475624031055144,0.04206136129933902,0.03280586071940829,0.00027101652831978105,1.2974912099205862,190.24387427326292,10,COMPLETE
1839,,,2026-10-06 01:20:10.771153,2026-10-06 01:20:11.978025,0 days 00:00:01.206872,0.51115025563667,0.8717951055729352,0.5667882730348237,22.847391938569633,0.9281492265672232,98.6416708615901,1.080654620868664,23.475624031055144,0.08173395261699556,0.024099244621516126,,1.1540267369865085,,10,PRUNED
1840,32.81163237557679,5.392494184534276,2026-10-06 01:20:10.774966,2026-10-06 01:23:19.326028,0 days 00:03:08.551062,0.8010869639365119,0.2965654106455736,0.5667882730348237,8.556213008137046,0.2395452449940939,94.61146042672904,0.954202730608916,5.8774721288796,0.08173395261699556,0.03280586071940829,0.00027101652831978105,1.2974912099205862,188.55095780547708,10,COMPLETE
1841,31.259925532469744,14.822785345435632,2026-10-06 01:20:10.806968,2026-10-06 01:23:19.154761,0 days 00:03:08.347793,0.51115025563667,0.8717951055729352,0.5667882730348237,11.991629079089469,0.2395452449940939,85.69762729633804,1.080654620868664,41.66154811682372,0.2975664073833317,0.03280586071940829,0.00014447613183128302,0.22420936382869971,188.3476999802515,10,COMPLETE
1842,28.17192035788555,9.166355948837595,2026-10-06 01:20:11.948999,2026-10-06 01:23:21.391194,0 days 00:03:09.442195,1.2349294162160471,0.3233389271032242,0.4120579376102117,16.910819719958628,0.2395452449940939,98.6416708615901,0.21292518523710352,86.57068482598544,0.08173395261699556,0.03280586071940829,0.00014447613183128302,1.1540267369865085,189.44209512788802,10,COMPLETE
1843,,,2026-10-06 01:20:12.499165,2026-10-06 01:20:51.086017,0 days 00:00:38.586852,0.51115025563667,0.19189790819770397,0.5667882730348237,21.183844928151355,0.2395452449940939,85.69762729633804,1.080654620868664,5.299460499774038,0.7820831788847875,0.03280586071940829,0.00014447613183128302,1.13796543490559,,10,PRUNED
1844,,,2026-10-06 01:20:12.502968,2026-10-06 01:20:13.178039,0 days 00:00:00.675071,0.51115025563667,1.1543655192727424,0.7829297044652717,18.386910920395536,0.573262704172143,57.46371301545641,1.191277759964359,5.8774721288796,0.04206136129933902,0.024099244621516126,,1.2974912099205862,,10,PRUNED
1845,,,2026-10-06 01:20:12.595992,2026-10-06 01:20:13.412012,0 days 00:00:00.816020,0.51115025563667,0.8717951055729352,0.807738690329122,20.5568050545497,0.33279388005294136,85.69762729633804,1.080654620868664,14.182822102930093,0.2975664073833317,0.003672421613257524,,1.1540267369865085,,10,PRUNED
1846,36.24919602224426,5.356801492681874,2026-10-06 01:20:12.599964,2026-10-06 01:23:23.947839,0 days 00:03:11.347875,0.447684485641811,0.2965654106455736,0.6443949852851695,18.489161893608337,0.2395452449940939,98.6416708615901,0.13524114328563552,2.095167128863741,0.5860574191614696,0.037495759622009746,0.00014447613183128302,1.2974912099205862,191.34776465594769,10,COMPLETE
1847,41.808515221868525,1.7937513219897672,2026-10-06 01:20:13.303031,2026-10-06 01:23:21.657017,0 days 00:03:08.353986,0.8010869639365119,0.2965654106455736,0.4120579376102117,18.489161893608337,0.5047956786898977,85.69762729633804,0.21292518523710352,5.8774721288796,0.4212595585654096,0.09765004764801033,0.0006185581455600675,0.8058674861235949,188.3538853339851,10,COMPLETE
1848,44.62495809348019,3.0514427752066497,2026-10-06 01:20:13.374993,2026-10-06 01:23:21.531008,0 days 00:03:08.156015,0.6416655413198389,0.2284118304472575,0.17330203936059302,10.877854836518644,0.33279388005294136,98.6416708615901,0.12486747625813921,86.57068482598544,0.3676044917349766,0.03280586071940829,4.343429493003475e-06,1.1540267369865085,188.1559215914458,10,COMPLETE
1849,31.27305909575194,7.640758390687396,2026-10-06 01:20:13.420129,2026-10-06 01:23:24.209434,0 days 00:03:10.789305,0.447684485641811,0.3233389271032242,0.6443949852851695,10.877854836518644,0.2395452449940939,85.69762729633804,0.12486747625813921,5.2107138084873394,0.2975664073833317,0.03280586071940829,0.00014447613183128302,1.1540267369865085,190.78920488711447,10,COMPLETE
1850,,,2026-10-06 01:20:14.272004,2026-10-06 01:20:51.786046,0 days 00:00:37.514042,0.447684485641811,0.3233389271032242,0.20358075665942357,21.183844928151355,0.2395452449940939,98.6416708615901,1.080654620868664,86.57068482598544,0.08173395261699556,0.03038027549946027,0.00014447613183128302,0.7429109023205112,,10,PRUNED
1851,21.250450238618054,2.375028056914125,2026-10-06 01:20:36.894044,2026-10-06 01:23:47.267486,0 days 00:03:10.373442,0.51115025563667,0.2284118304472575,0.5667882730348237,18.489161893608337,0.506401025718823,98.6416708615901,1.080654620868664,14.182822102930093,0.007925456797868324,0.03280586071940829,82.53309566339381,1.2974912099205862,190.37332917563617,10,COMPLETE
1852,46.220489162801805,2.387958469611573,2026-10-06 01:20:43.958994,2026-10-06 01:23:55.270692,0 days 00:03:11.311698,0.714465588653582,0.19189790819770397,0.20358075665942357,8.556213008137046,0.5855379267962546,98.6416708615901,1.4690823188003486,5.8774721288796,0.04206136129933902,0.03038027549946027,0.00014447613183128302,0.2678812614884665,191.3115896033123,10,COMPLETE
1853,25.3921846037319,11.258549726871289,2026-10-06 01:20:44.852757,2026-10-06 01:23:56.875542,0 days 00:03:12.022785,0.8010869639365119,0.2284118304472575,0.807738690329122,8.556213008137046,0.2395452449940939,98.6416708615901,1.4690823188003486,14.182822102930093,0.08173395261699556,0.024099244621516126,0.00014447613183128302,0.7296704665126732,192.02267942298204,10,COMPLETE
1854,36.34700840220239,8.344130122924215,2026-10-06 01:20:45.095993,2026-10-06 01:23:58.136694,0 days 00:03:13.040701,0.8010869639365119,1.012439712223232,0.5007349343976268,17.865952430780037,0.6087670929915812,85.69762729633804,0.21292518523710352,13.452165885186684,0.06450053812112655,0.03280586071940829,0.0006185581455600675,0.2678812614884665,193.04060053545982,10,COMPLETE
1855,32.258571905769585,5.371678420596656,2026-10-06 01:20:46.144007,2026-10-06 01:23:55.618828,0 days 00:03:09.474821,0.8010869639365119,0.3233389271032242,0.807738690329122,18.386910920395536,0.05714116461716917,85.69762729633804,1.191277759964359,5.8774721288796,0.2975664073833317,0.07297012210736925,3.52919041552626e-05,0.22420936382869971,189.47471900749952,10,COMPLETE
1856,,,2026-10-06 01:20:46.413004,2026-10-06 01:21:28.594116,0 days 00:00:42.181112,0.51115025563667,0.2965654106455736,0.4120579376102117,21.183844928151355,0.2395452449940939,98.6416708615901,0.21292518523710352,19.15408445903519,0.4212595585654096,0.016064345839732045,0.00014447613183128302,1.1540267369865085,,10,PRUNED
1857,41.01156841974141,2.0729609244967344,2026-10-06 01:20:51.125998,2026-10-06 01:23:58.911443,0 days 00:03:07.785445,0.8010869639365119,0.19189790819770397,0.2198880368322294,10.517467008748584,0.2395452449940939,46.50319262027142,0.7297455375332902,1.4056083189495427,0.08173395261699556,0.03038027549946027,0.0006185581455600675,1.2139299004838662,187.78533861972392,10,COMPLETE
1858,42.73177404141516,6.476130431866858,2026-10-06 01:20:51.984992,2026-10-06 01:24:00.068158,0 days 00:03:08.083166,0.447684485641811,0.7186098618255685,0.4120579376102117,10.877854836518644,0.2395452449940939,85.69762729633804,1.484226923085714,5.8774721288796,0.2975664073833317,0.03280586071940829,2.1038771230648366e-06,1.1540267369865085,188.08306219335645,10,COMPLETE
1859,31.45020484216758,9.594453133690648,2026-10-06 01:21:21.867993,2026-10-06 01:24:35.266835,0 days 00:03:13.398842,1.2349294162160471,0.3233389271032242,0.4120579376102117,18.489161893608337,0.4319038627926991,98.6416708615901,0.12486747625813921,43.86945566602212,0.08173395261699556,0.03280586071940829,0.00014447613183128302,1.0710406232409413,193.39873854722828,10,COMPLETE
1860,,,2026-10-06 01:21:22.311997,2026-10-06 01:21:23.094055,0 days 00:00:00.782058,0.51115025563667,0.8717951055729352,0.041144212291555446,21.183844928151355,0.2395452449940939,85.69762729633804,1.080654620868664,23.475624031055144,0.8976075173046094,0.039589557824778104,,1.2974912099205862,,11,PRUNED
1861,31.864876614804338,12.102520344351115,2026-10-06 01:21:23.357169,2026-10-06 01:24:35.276779,0 days 00:03:11.919610,0.4919537458910443,0.29617537592597154,0.4120579376102117,18.489161893608337,0.2395452449940939,85.69762729633804,0.21292518523710352,19.15408445903519,0.2975664073833317,0.03038027549946027,0.0006185581455600675,1.1540267369865085,191.91951729822904,11,COMPLETE
1862,33.52245100864255,8.986375914647585,2026-10-06 01:21:24.296997,2026-10-06 01:24:40.276232,0 days 00:03:15.979235,0.447684485641811,0.2965654106455736,0.4120579376102117,8.556213008137046,0.05714116461716917,85.69762729633804,0.21292518523710352,11.86468393276075,0.18589067298139156,0.03038027549946027,0.00014447613183128302,1.1540267369865085,195.97912396397442,11,COMPLETE
1863,,,2026-10-06 01:21:26.744996,2026-10-06 01:22:07.738046,0 days 00:00:40.993050,0.51115025563667,0.19189790819770397,0.5662816343755678,18.386910920395536,0.2395452449940939,98.6416708615901,1.191277759964359,5.299460499774038,0.5860574191614696,0.03038027549946027,0.00014447613183128302,0.2678812614884665,,11,PRUNED
1864,0.09159119324300766,1.1730547104871705,2026-10-06 01:21:26.756986,2026-10-06 01:24:37.563412,0 days 00:03:10.806426,0.9313607423475035,0.004654485260243868,0.02313862121762229,8.556213008137046,0.2395452449940939,98.6416708615901,0.21292518523710352,14.182822102930093,0.08173395261699556,0.03038027549946027,0.0006185581455600675,0.6298110096990894,190.80633430555463,11,COMPLETE
1865,48.58788914254152,2.1027250306475462,2026-10-06 01:21:26.865152,2026-10-06 01:24:37.651711,0 days 00:03:10.786559,0.447684485641811,0.19189790819770397,0.20358075665942357,8.556213008137046,0.2395452449940939,98.6416708615901,0.21292518523710352,3.4986940086270097,0.08173395261699556,0.03280586071940829,0.00014447613183128302,1.1540267369865085,190.78646770119667,11,COMPLETE
1866,49.374351581988336,1.7480262431116365,2026-10-06 01:21:26.976002,2026-10-06 01:24:36.723968,0 days 00:03:09.747966,0.4919537458910443,0.19189790819770397,0.12615106220885586,8.556213008137046,0.2395452449940939,98.6416708615901,0.21292518523710352,5.8774721288796,0.3372985396418654,0.03038027549946027,0.00014447613183128302,0.2678812614884665,189.74786062631756,11,COMPLETE
1867,37.833903229923266,3.6732194390694954,2026-10-06 01:21:27.899997,2026-10-06 01:24:38.865768,0 days 00:03:10.965771,0.4919537458910443,0.19189790819770397,0.4120579376102117,18.489161893608337,0.2395452449940939,98.6416708615901,0.7297455375332902,1.4056083189495427,0.08173395261699556,0.03038027549946027,0.0006185581455600675,1.1540267369865085,190.96567445155233,11,COMPLETE
1868,34.64783813595276,12.71897997909483,2026-10-06 01:21:28.791995,2026-10-06 01:24:37.921447,0 days 00:03:09.129452,0.51115025563667,0.2965654106455736,0.4120579376102117,18.489161893608337,0.2395452449940939,98.6416708615901,0.21292518523710352,23.475624031055144,0.4212595585654096,0.03038027549946027,0.00014447613183128302,1.2974912099205862,189.12935567554086,11,COMPLETE
1869,48.97061921549808,1.537270856903432,2026-10-06 01:21:29.676992,2026-10-06 01:24:38.078036,0 days 00:03:08.401044,0.51115025563667,0.3731992973752525,0.1347521461063753,8.695206399809345,0.2395452449940939,98.6416708615901,1.080654620868664,23.475624031055144,0.04206136129933902,0.03280586071940829,0.00014447613183128302,1.2974912099205862,188.4009443987161,11,COMPLETE
1870,24.6131157650539,18.105855707461902,2026-10-06 01:21:57.225024,2026-10-06 01:25:08.732464,0 days 00:03:11.507440,0.51115025563667,0.19189790819770397,0.440451963592511,18.489161893608337,0.2395452449940939,40.207398316363,1.4690823188003486,14.182822102930093,0.2975664073833317,0.024099244621516126,0.00014447613183128302,0.7296704665126732,191.50732752215117,11,COMPLETE
1871,29.138632937502212,13.96336233952548,2026-10-06 01:21:58.248025,2026-10-06 01:25:10.596966,0 days 00:03:12.348941,0.447684485641811,0.3233389271032242,0.6443949852851695,8.556213008137046,0.2395452449940939,98.6416708615901,0.12486747625813921,86.57068482598544,0.3372985396418654,0.03038027549946027,0.0003750271870227611,1.1540267369865085,192.348823976703,11,COMPLETE
1872,22.551690159759033,3.0879020483765647,2026-10-06 01:21:58.377993,2026-10-06 01:25:13.355258,0 days 00:03:14.977265,0.51115025563667,0.8717951055729352,0.5667882730348237,21.183844928151355,0.33279388005294136,1.3004857487360895,1.080654620868664,14.182822102930093,0.18589067298139156,0.03280586071940829,1.7569095815580446e-05,1.2974912099205862,194.9771678801626,11,COMPLETE
