number,values_0,values_1,datetime_start,datetime_complete,duration,params_between_rest_spread,params_c_spread,params_c_val,params_input_force,params_k_between_spread,params_k_between_val,params_k_wall_spread,params_k_wall_val,params_m_spread,params_m_val,params_ridge_alpha,params_wall_rest_spread,user_attrs_duration_sec,system_attrs_NSGAIISampler:generation,state
5493,,,2026-10-06 03:40:08.292997,2026-10-06 03:40:09.185113,0 days 00:00:00.892116,0.51115025563667,1.0045331478923836,0.5667882730348237,17.10301979920119,0.33279388005294136,30.935453429233338,1.080654620868664,41.66154811682372,0.08173395261699556,0.02177382214509284,,0.7296704665126732,,35,PRUNED
5494,,,2026-10-06 03:40:08.638989,2026-10-06 03:40:47.901067,0 days 00:00:39.262078,0.51115025563667,0.07861675458476158,0.5667882730348237,5.245413993140336,0.6087670929915812,94.61146042672904,1.080654620868664,23.475624031055144,0.3054149949472662,0.03038027549946027,2.1038771230648366e-06,1.2974912099205862,,35,PRUNED
5495,35.080009935789576,13.944211580052464,2026-10-06 03:40:08.764137,2026-10-06 03:43:19.682258,0 days 00:03:10.918121,0.8010869639365119,0.2284118304472575,0.5926143650576037,10.877854836518644,0.33279388005294136,98.6416708615901,1.4690823188003486,23.475624031055144,0.3147662768626407,0.03038027549946027,1.1948997170325002e-05,1.2974912099205862,190.9179944731295,35,COMPLETE
5496,,,2026-10-06 03:40:08.767963,2026-10-06 03:40:09.724077,0 days 00:00:00.956114,0.8010869639365119,0.2454924989231811,0.5667882730348237,5.245413993140336,0.33279388005294136,98.6416708615901,1.484226923085714,5.8774721288796,0.28988344429582863,0.011611730506756129,,0.7296704665126732,,35,PRUNED
5497,46.148412411025845,5.493794637730283,2026-10-06 03:40:09.256006,2026-10-06 03:43:19.949630,0 days 00:03:10.693624,0.9158653711831447,0.8717951055729352,0.4120579376102117,10.877854836518644,0.5557547632162355,98.6416708615901,1.484226923085714,5.8774721288796,0.08173395261699556,0.03038027549946027,4.343429493003475e-06,0.7699502779177346,190.69351113867015,35,COMPLETE
5498,,,2026-10-06 03:40:09.727988,2026-10-06 03:40:10.094003,0 days 00:00:00.366015,0.9158653711831447,0.2965654106455736,0.4120579376102117,5.245413993140336,0.33279388005294136,98.6416708615901,0.6419517764288287,5.8774721288796,0.3936576523393438,0.0037782599129048762,,0.7699502779177346,,35,PRUNED
5499,22.835771981931558,2.933424779856055,2026-10-06 03:40:10.212141,2026-10-06 03:43:19.035453,0 days 00:03:08.823312,0.7112273181968373,0.8715336252138003,0.5667882730348237,7.716581800902391,0.2395452449940939,1.5650365485790307,1.484226923085714,5.60961396075229,0.3676044917349766,0.03280586071940829,4.343429493003475e-06,1.2974912099205862,188.8232033709064,35,COMPLETE
5500,48.77397855288463,4.784340664736284,2026-10-06 03:40:10.448995,2026-10-06 03:43:18.858434,0 days 00:03:08.409439,0.9158653711831447,0.7186098618255685,0.4120579376102117,5.245413993140336,0.6087670929915812,98.6416708615901,1.080654620868664,5.8774721288796,0.007925456797868324,0.03038027549946027,2.1038771230648366e-06,1.1540267369865085,188.40931627806276,35,COMPLETE
5501,30.88745863863942,19.134702722640586,2026-10-06 03:40:39.846012,2026-10-06 03:43:52.387335,0 days 00:03:12.541323,0.51115025563667,0.42215936673683396,0.807738690329122,10.877854836518644,0.33279388005294136,98.6416708615901,1.484226923085714,19.15408445903519,0.3147662768626407,0.03038027549946027,4.343429493003475e-06,0.7699502779177346,192.5411819210276,35,COMPLETE
5502,,,2026-10-06 03:40:40.588352,2026-10-06 03:40:40.998056,0 days 00:00:00.409704,0.9158653711831447,0.7186098618255685,0.2345370319995722,11.991629079089469,0.5557547632162355,98.6416708615901,1.484226923085714,5.8774721288796,1.4141302406998162,0.03038027549946027,,0.7699502779177346,,35,PRUNED
5503,,,2026-10-06 03:40:41.160011,2026-10-06 03:40:42.383076,0 days 00:00:01.223065,0.32522926579248107,0.2454924989231811,0.5667882730348237,10.877854836518644,1.1576559390077283,98.6416708615901,1.484226923085714,45.6508402201298,0.2975664073833317,0.028291801257935133,,0.4444498274129267,,35,PRUNED
5504,51.802226672288285,3.268978586644483,2026-10-06 03:40:42.494979,2026-10-06 03:43:52.442923,0 days 00:03:09.947944,0.8010869639365119,0.2965654106455736,0.2345370319995722,5.245413993140336,0.33279388005294136,94.61146042672904,1.2898828018697517,5.8774721288796,0.08981597176864942,0.021966873773064614,4.343429493003475e-06,1.3890637168667692,189.94780626520514,35,COMPLETE
5505,40.68026638627559,10.864878917518292,2026-10-06 03:40:43.007978,2026-10-06 03:43:58.285154,0 days 00:03:15.277176,0.32522926579248107,0.8717951055729352,0.5667882730348237,10.877854836518644,0.33279388005294136,98.6416708615901,1.484226923085714,19.15408445903519,0.3676044917349766,0.03038027549946027,4.343429493003475e-06,1.2974912099205862,195.27704733610153,35,COMPLETE
5506,36.213498787065674,11.137491858167417,2026-10-06 03:40:43.285291,2026-10-06 03:43:58.054687,0 days 00:03:14.769396,0.32522926579248107,0.7186098618255685,0.5667882730348237,5.245413993140336,0.33279388005294136,94.61146042672904,0.6419517764288287,19.15408445903519,0.026937100580568585,0.03038027549946027,4.343429493003475e-06,1.1540267369865085,194.7692767046392,35,COMPLETE
5507,30.485927753758773,8.605249174569302,2026-10-06 03:40:44.632985,2026-10-06 03:43:58.435401,0 days 00:03:13.802416,0.7123418565646167,0.7186098618255685,0.4120579376102117,11.991629079089469,0.5557547632162355,98.6416708615901,0.7638461919908635,41.66154811682372,0.007925456797868324,0.024099244621516126,4.343429493003475e-06,1.1540267369865085,193.80229534953833,35,COMPLETE
5508,,,2026-10-06 03:40:45.577509,2026-10-06 03:40:46.393434,0 days 00:00:00.815925,0.9158653711831447,0.8598037443596492,0.4120579376102117,5.245413993140336,0.6087670929915812,98.6416708615901,0.7638461919908635,5.8774721288796,0.08173395261699556,0.008125854891885366,,1.1540267369865085,,35,PRUNED
5509,27.193472179709772,21.300370450101806,2026-10-06 03:40:45.952906,2026-10-06 03:43:58.586276,0 days 00:03:12.633370,0.32522926579248107,0.07861675458476158,0.807738690329122,21.183844928151355,0.33279388005294136,98.6416708615901,1.484226923085714,19.15408445903519,0.4212595585654096,0.03038027549946027,2.1038771230648366e-06,0.7699502779177346,192.6332424748689,35,COMPLETE
5510,58.0943893462625,1.2450703761429134,2026-10-06 03:40:46.541163,2026-10-06 03:43:56.784038,0 days 00:03:10.242875,1.1546551456676255,0.5381626978222567,0.12615106220885586,5.245413993140336,0.33279388005294136,94.61146042672904,1.2898828018697517,1.4056083189495427,0.08981597176864942,0.03038027549946027,4.343429493003475e-06,1.3890637168667692,190.2427519261837,35,COMPLETE
5511,40.48701081830456,1.6992999178536956,2026-10-06 03:40:46.916604,2026-10-06 03:43:59.604627,0 days 00:03:12.688023,0.51115025563667,0.2454924989231811,0.08996964122974019,21.183844928151355,0.2395452449940939,98.6416708615901,0.7297455375332902,19.15408445903519,0.4212595585654096,0.03038027549946027,4.343429493003475e-06,0.4444498274129267,192.68789275176823,35,COMPLETE
5512,35.53441265796511,15.900926666187148,2026-10-06 03:40:47.423999,2026-10-06 03:43:57.999257,0 days 00:03:10.575258,0.32522926579248107,0.2965654106455736,0.5667882730348237,10.877854836518644,0.2395452449940939,98.6416708615901,1.484226923085714,19.15408445903519,0.2975664073833317,0.03038027549946027,2.1038771230648366e-06,1.1540267369865085,190.57513678539544,35,COMPLETE
5513,51.564751288973035,2.3267103016075232,2026-10-06 03:40:47.542991,2026-10-06 03:43:58.243233,0 days 00:03:10.700242,0.9158653711831447,0.7186098618255685,0.2345370319995722,5.245413993140336,0.33279388005294136,94.61146042672904,0.6419517764288287,5.8774721288796,0.3054149949472662,0.03038027549946027,4.343429493003475e-06,1.1540267369865085,190.7001118902117,35,COMPLETE
5514,44.95608206614934,5.952577017917315,2026-10-06 03:40:48.063998,2026-10-06 03:44:01.740479,0 days 00:03:13.676481,0.9158653711831447,0.2965654106455736,0.4120579376102117,5.245413993140336,0.33279388005294136,94.61146042672904,1.484226923085714,5.8774721288796,0.3936576523393438,0.03038027549946027,4.343429493003475e-06,0.7699502779177346,193.67634920589626,35,COMPLETE
5515,,,2026-10-06 03:40:48.145667,2026-10-06 03:40:48.757055,0 days 00:00:00.611388,0.8010869639365119,0.19189790819770397,0.31283532117804513,5.245413993140336,0.33279388005294136,98.6416708615901,0.9486097896290084,35.86671955459044,0.4212595585654096,0.0014026666125578876,,1.1540267369865085,,35,PRUNED
5516,28.96275751964211,1.2537992313373734,2026-10-06 03:40:48.987000,2026-10-06 03:44:02.813935,0 days 00:03:13.826935,0.32522926579248107,0.2965654106455736,0.02419422365425638,5.245413993140336,0.2395452449940939,98.6416708615901,1.484226923085714,1.0153135641267934,0.4212595585654096,0.023554272151894116,4.343429493003475e-06,1.1540267369865085,193.82680299226195,35,COMPLETE
5517,,,2026-10-06 03:41:14.974989,2026-10-06 03:41:16.196074,0 days 00:00:01.221085,0.7407180681038071,0.21606902729252941,0.5926143650576037,10.877854836518644,0.2395452449940939,98.6416708615901,0.7297455375332902,19.15408445903519,0.4212595585654096,0.006337898697541882,,0.7699502779177346,,35,PRUNED
5518,31.110055480736996,20.210165601985725,2026-10-06 03:41:15.068012,2026-10-06 03:44:30.078904,0 days 00:03:15.010892,0.7407180681038071,0.3710922296723819,0.807738690329122,10.877854836518644,0.33279388005294136,98.6416708615901,0.396687138771568,35.86671955459044,0.2975664073833317,0.033603489569597175,2.267358369341208e-06,1.4778123327832164,195.01075873710215,35,COMPLETE
5519,18.74446688352492,4.018742019544224,2026-10-06 03:41:17.209003,2026-10-06 03:44:31.376712,0 days 00:03:14.167709,0.8010869639365119,0.07861675458476158,0.807738690329122,21.183844928151355,0.33279388005294136,98.6416708615901,0.396687138771568,35.86671955459044,0.3787184497362417,0.03280586071940829,25.37239861958926,1.1540267369865085,194.1675858022645,35,COMPLETE
5520,40.68895658717961,10.62232818401035,2026-10-06 03:41:19.391999,2026-10-06 03:44:27.703871,0 days 00:03:08.311872,0.9158653711831447,0.8715336252138003,0.5667882730348237,10.877854836518644,0.2395452449940939,98.6416708615901,1.484226923085714,19.15408445903519,0.2975664073833317,0.03038027549946027,2.1038771230648366e-06,1.1540267369865085,188.31174105312675,35,COMPLETE
5521,,,2026-10-06 03:41:19.738004,2026-10-06 03:41:58.836393,0 days 00:00:39.098389,0.9158653711831447,0.2965654106455736,0.17554070773749708,6.596356110093848,0.6087670929915812,94.61146042672904,0.09099682444996804,5.8774721288796,0.4212595585654096,0.03038027549946027,4.343429493003475e-06,1.1540267369865085,,35,PRUNED
5522,19.362447273537942,2.1368691718173105,2026-10-06 03:41:21.032974,2026-10-06 03:44:35.547475,0 days 00:03:14.514501,0.51115025563667,0.3710922296723819,0.5667882730348237,5.245413993140336,0.33279388005294136,58.94160470153176,0.7297455375332902,19.15408445903519,0.08173395261699556,0.03280586071940829,3.87377004690572,0.6549174845087802,194.51437143515795,35,COMPLETE
5523,,,2026-10-06 03:41:22.190138,2026-10-06 03:41:23.498075,0 days 00:00:01.307937,0.51115025563667,0.19189790819770397,0.5926143650576037,7.244472656270025,1.1665070958268564,98.6416708615901,0.7638461919908635,59.88383671598239,0.08173395261699556,0.024099244621516126,,0.23886283196880004,,35,PRUNED
5524,,,2026-10-06 03:41:22.193953,2026-10-06 03:42:03.410104,0 days 00:00:41.216151,0.8010869639365119,0.7186098618255685,0.31283532117804513,7.244472656270025,0.33279388005294136,98.6416708615901,0.7638461919908635,47.99808575727438,0.3528130359553946,0.024099244621516126,4.343429493003475e-06,0.23886283196880004,,35,PRUNED
5525,,,2026-10-06 03:41:22.589009,2026-10-06 03:41:23.329078,0 days 00:00:00.740069,0.6775759777641851,0.2454924989231811,0.2345370319995722,5.245413993140336,0.33279388005294136,98.6416708615901,1.484226923085714,23.475624031055144,0.7122636649817122,0.024099244621516126,,0.23886283196880004,,35,PRUNED
5526,41.300287636914994,5.219695518698024,2026-10-06 03:41:22.621973,2026-10-06 03:44:37.941321,0 days 00:03:15.319348,0.32522926579248107,0.8717951055729352,0.4120579376102117,10.877854836518644,0.6087670929915812,98.6416708615901,1.484226923085714,5.8774721288796,0.007925456797868324,0.03038027549946027,4.343429493003475e-06,0.18365621173928237,195.3192239291966,35,COMPLETE
5527,,,2026-10-06 03:41:23.700003,2026-10-06 03:42:02.661050,0 days 00:00:38.961047,0.51115025563667,0.2284118304472575,0.4120579376102117,11.991629079089469,0.2395452449940939,98.6416708615901,1.080654620868664,19.15408445903519,0.4212595585654096,0.024099244621516126,4.343429493003475e-06,0.7296704665126732,,35,PRUNED
5528,45.09698460443071,7.507996089111855,2026-10-06 03:41:25.525075,2026-10-06 03:44:33.732034,0 days 00:03:08.206959,0.51115025563667,0.7186098618255685,0.4120579376102117,5.245413993140336,0.5557547632162355,98.6416708615901,0.6419517764288287,5.8774721288796,0.08173395261699556,0.024099244621516126,2.1038771230648366e-06,1.2974912099205862,188.20683094952255,35,COMPLETE
5529,,,2026-10-06 03:41:26.584995,2026-10-06 03:41:28.008239,0 days 00:00:01.423244,0.51115025563667,0.8717951055729352,0.5667882730348237,11.991629079089469,0.3519093950798047,94.61146042672904,0.396687138771568,45.6508402201298,0.6666889643845195,0.03038027549946027,,1.2974912099205862,,35,PRUNED
5530,46.28126730919416,3.8749382205520106,2026-10-06 03:41:28.282995,2026-10-06 03:44:39.984553,0 days 00:03:11.701558,0.9158653711831447,0.21606902729252941,0.2345370319995722,5.245413993140336,0.33279388005294136,94.61146042672904,0.7297455375332902,19.15408445903519,0.4212595585654096,0.03038027549946027,4.343429493003475e-06,0.7699502779177346,191.70144905801862,35,COMPLETE
5531,25.58679599408368,25.95904030958553,2026-10-06 03:41:28.731990,2026-10-06 03:44:43.307136,0 days 00:03:14.575146,0.51115025563667,0.2284118304472575,0.807738690329122,10.877854836518644,0.33279388005294136,98.6416708615901,0.7638461919908635,19.15408445903519,0.08173395261699556,0.024099244621516126,4.343429493003475e-06,0.23886283196880004,194.57501838169992,35,COMPLETE
5532,,,2026-10-06 03:41:55.315021,2026-10-06 03:41:55.995439,0 days 00:00:00.680418,0.9158653711831447,1.3917670903415396,0.4120579376102117,21.183844928151355,0.6087670929915812,98.6416708615901,1.080654620868664,45.6508402201298,0.32316592663909294,0.03038027549946027,,1.163746762509179,,35,PRUNED
5533,39.97013174696134,6.546379321208681,2026-10-06 03:41:56.209008,2026-10-06 03:45:07.748466,0 days 00:03:11.539458,0.27099712310767077,0.7186098618255685,0.4120579376102117,11.991629079089469,0.5557547632162355,98.6416708615901,0.2951838235399127,5.8774721288796,0.007925456797868324,0.03038027549946027,2.1038771230648366e-06,0.7699502779177346,191.5393230225891,35,COMPLETE
5534,40.82965281335058,9.412105637461435,2026-10-06 03:41:57.824002,2026-10-06 03:45:12.881852,0 days 00:03:15.057850,0.32522926579248107,0.3710922296723819,0.4120579376102117,5.245413993140336,0.33279388005294136,98.6416708615901,0.7297455375332902,19.15408445903519,0.2975664073833317,0.03038027549946027,2.1038771230648366e-06,1.2981960712878056,195.05771923065186,35,COMPLETE
5535,40.7956424813373,9.60628529809334,2026-10-06 03:41:58.836891,2026-10-06 03:45:11.611863,0 days 00:03:12.774972,0.32522926579248107,0.2965654106455736,0.4120579376102117,5.245413993140336,0.6087670929915812,98.6416708615901,1.080654620868664,19.15408445903519,0.007925456797868324,0.03038027549946027,2.1038771230648366e-06,1.1540267369865085,192.7748491615057,35,COMPLETE
5536,,,2026-10-06 03:42:00.220998,2026-10-06 03:42:02.179052,0 days 00:00:01.958054,0.7407180681038071,0.2284118304472575,0.5926143650576037,10.877854836518644,0.33279388005294136,98.6416708615901,1.4690823188003486,35.86671955459044,0.6759067884678802,0.03280586071940829,,1.1540267369865085,,35,PRUNED
5537,,,2026-10-06 03:42:00.294988,2026-10-06 03:42:00.722063,0 days 00:00:00.427075,0.6775759777641851,0.2284118304472575,0.5926143650576037,7.244472656270025,0.33279388005294136,98.6416708615901,1.4690823188003486,47.99808575727438,1.2001001571609549,0.024099244621516126,,0.23886283196880004,,35,PRUNED
5538,23.39922162547699,21.748577553804008,2026-10-06 03:42:00.614988,2026-10-06 03:45:13.237378,0 days 00:03:12.622390,0.32522926579248107,0.19189790819770397,0.778294044131552,26.48906700184528,0.33279388005294136,94.61146042672904,0.6419517764288287,19.15408445903519,0.3676044917349766,0.03038027549946027,4.343429493003475e-06,0.1281305020275954,192.62227937020361,35,COMPLETE
5539,16.060880427578788,3.9936548011842907,2026-10-06 03:42:00.778364,2026-10-06 03:45:17.659855,0 days 00:03:16.881491,1.1546551456676255,0.8717951055729352,0.5667882730348237,11.991629079089469,0.33279388005294136,10.347071786789444,1.484226923085714,5.8774721288796,0.007925456797868324,0.03038027549946027,4.343429493003475e-06,0.7065596890356483,196.88136567454785,35,COMPLETE
5540,40.393614319403426,8.730349814477995,2026-10-06 03:42:01.060995,2026-10-06 03:45:12.820285,0 days 00:03:11.759290,0.32522926579248107,0.8717951055729352,0.5667882730348237,10.877854836518644,0.33279388005294136,98.6416708615901,1.2898828018697517,5.8774721288796,0.08173395261699556,0.03038027549946027,2.1038771230648366e-06,1.2974912099205862,191.75916173215955,35,COMPLETE
5541,37.804668226851874,12.684923985943676,2026-10-06 03:42:01.064955,2026-10-06 03:45:15.335700,0 days 00:03:14.270745,1.1546551456676255,0.3710922296723819,0.5667882730348237,10.877854836518644,0.33279388005294136,98.6416708615901,1.484226923085714,35.86671955459044,0.007925456797868324,0.03280586071940829,4.343429493003475e-06,1.2974912099205862,194.27061836700886,35,COMPLETE
5542,36.56387743579403,14.506807726968951,2026-10-06 03:42:01.643998,2026-10-06 03:45:18.435615,0 days 00:03:16.791617,0.7407180681038071,0.7186098618255685,0.5926143650576037,10.877854836518644,0.5557547632162355,98.6416708615901,0.7297455375332902,41.66154811682372,0.007925456797868324,0.03038027549946027,4.343429493003475e-06,1.1189637809121078,196.79147977661341,35,COMPLETE
5543,53.621883451958844,2.1570899445991447,2026-10-06 03:42:03.427739,2026-10-06 03:45:15.115434,0 days 00:03:11.687695,0.9158653711831447,0.7186098618255685,0.2345370319995722,5.245413993140336,0.33279388005294136,94.61146042672904,0.6419517764288287,5.8774721288796,0.026937100580568585,0.03038027549946027,4.343429493003475e-06,1.1540267369865085,191.68758920952678,35,COMPLETE
5544,17.69718942827638,4.831574147990724,2026-10-06 03:42:03.430964,2026-10-06 03:45:14.995845,0 days 00:03:11.564881,0.8010869639365119,0.3710922296723819,0.5926143650576037,10.877854836518644,0.33279388005294136,1.2105928344629566,0.9486097896290084,5.8774721288796,0.2975664073833317,0.03038027549946027,4.343429493003475e-06,1.1540267369865085,191.56476080138236,35,COMPLETE
5545,,,2026-10-06 03:42:03.434943,2026-10-06 03:42:42.849921,0 days 00:00:39.414978,1.2172669036256365,0.3710922296723819,0.4120579376102117,5.245413993140336,0.2395452449940939,98.6416708615901,1.484226923085714,46.53365192017113,0.007925456797868324,0.03038027549946027,4.343429493003475e-06,1.1540267369865085,,35,PRUNED
5546,,,2026-10-06 03:42:03.476963,2026-10-06 03:43:58.961086,0 days 00:01:55.484123,0.7123418565646167,0.19189790819770397,0.5926143650576037,39.274393035818484,0.33279388005294136,98.6416708615901,1.2898828018697517,35.86671955459044,0.08173395261699556,0.024099244621516126,4.343429493003475e-06,1.1540267369865085,,35,PRUNED
5547,,,2026-10-06 03:42:05.782999,2026-10-06 03:42:06.686040,0 days 00:00:00.903041,1.1546551456676255,0.2454924989231811,0.2345370319995722,21.183844928151355,0.33279388005294136,94.61146042672904,1.484226923085714,45.6508402201298,0.3936576523393438,0.03038027549946027,,0.4444498274129267,,35,PRUNED
5548,,,2026-10-06 03:42:06.737997,2026-10-06 03:42:07.392059,0 days 00:00:00.654062,0.9158653711831447,0.19189790819770397,0.778294044131552,10.877854836518644,0.33279388005294136,94.61146042672904,1.484226923085714,35.86671955459044,0.4212595585654096,0.03038027549946027,,1.1540267369865085,,35,PRUNED
5549,54.06447520734075,2.160275196054588,2026-10-06 03:42:07.583010,2026-10-06 03:45:16.755213,0 days 00:03:09.172203,0.9158653711831447,0.8715336252138003,0.2345370319995722,5.245413993140336,0.2395452449940939,98.6416708615901,0.7297455375332902,5.60961396075229,0.2975664073833317,0.03038027549946027,2.1038771230648366e-06,1.1540267369865085,189.1720961118117,35,COMPLETE
5550,,,2026-10-06 03:42:11.731007,2026-10-06 03:42:12.934087,0 days 00:00:01.203080,1.1546551456676255,0.8717951055729352,0.5926143650576037,11.991629079089469,0.33279388005294136,98.6416708615901,1.2898828018697517,35.86671955459044,0.8409638775249946,0.03280586071940829,,1.2974912099205862,,35,PRUNED
5551,36.24644087214764,13.72417351602535,2026-10-06 03:42:13.168023,2026-10-06 03:45:09.909330,0 days 00:02:56.741307,0.7112273181968373,0.3710922296723819,0.5667882730348237,10.877854836518644,0.33279388005294136,98.6416708615901,1.0957160734286782,19.15408445903519,0.2975664073833317,0.03280586071940829,4.343429493003475e-06,1.1540267369865085,176.74117985647172,35,COMPLETE
5552,51.59319540665608,2.95607177842657,2026-10-06 03:42:25.671005,2026-10-06 03:45:31.376987,0 days 00:03:05.705982,0.51115025563667,0.2284118304472575,0.2345370319995722,5.245413993140336,0.33279388005294136,85.69762729633804,1.484226923085714,5.8774721288796,0.28988344429582863,0.03038027549946027,4.343429493003475e-06,1.1540267369865085,185.705852271989,35,COMPLETE
5553,35.702858723409,15.30745862383098,2026-10-06 03:42:30.712007,2026-10-06 03:45:46.322889,0 days 00:03:15.610882,0.8010869639365119,0.21606902729252941,0.5926143650576037,8.556213008137046,0.2395452449940939,98.6416708615901,1.2898828018697517,35.86671955459044,0.2975664073833317,0.03280586071940829,4.343429493003475e-06,1.1540267369865085,195.6107403067872,35,COMPLETE
