number,values_0,values_1,datetime_start,datetime_complete,duration,params_between_rest_spread,params_c_spread,params_c_val,params_input_force,params_k_between_spread,params_k_between_val,params_k_wall_spread,params_k_wall_val,params_m_spread,params_m_val,params_ridge_alpha,params_wall_rest_spread,user_attrs_duration_sec,system_attrs_NSGAIISampler:generation,state
4777,0.10515994933322363,1.1290094497399887,2026-10-06 03:13:43.793264,2026-10-06 03:16:56.398993,0 days 00:03:12.605729,0.8010869639365119,1.3120038127466738,0.01867501065028988,5.245413993140336,0.33279388005294136,85.69762729633804,1.484226923085714,35.86671955459044,0.28988344429582863,0.03038027549946027,4.343429493003475e-06,0.7699502779177346,192.60560473799706,30,COMPLETE
4778,42.81601688571095,4.617541467303223,2026-10-06 03:13:45.885003,2026-10-06 03:17:00.125056,0 days 00:03:14.240053,0.5460882258603675,0.21606902729252941,0.2345370319995722,11.991629079089469,0.33279388005294136,85.69762729633804,0.5063951458615146,7.242018006177657,0.28988344429582863,0.03038027549946027,4.343429493003475e-06,0.9129228544439851,194.23993653338403,30,COMPLETE
4779,29.48266984475236,23.642082794251863,2026-10-06 03:13:46.010243,2026-10-06 03:17:01.243501,0 days 00:03:15.233258,0.8010869639365119,0.21606902729252941,0.5673687007336011,21.183844928151355,0.2395452449940939,98.6416708615901,0.39552867473326975,45.6508402201298,0.2975664073833317,0.024099244621516126,4.343429493003475e-06,1.2974912099205862,195.2331328149885,30,COMPLETE
4780,32.312563136517824,19.18971330660289,2026-10-06 03:13:46.037968,2026-10-06 03:16:57.632784,0 days 00:03:11.594816,0.51115025563667,0.2284118304472575,0.5667882730348237,5.245413993140336,0.33279388005294136,98.6416708615901,1.4690823188003486,23.475624031055144,0.08173395261699556,0.024099244621516126,4.343429493003475e-06,0.23886283196880004,191.5946843419224,30,COMPLETE
4781,48.38685775301859,4.883847320714324,2026-10-06 03:13:46.306023,2026-10-06 03:16:55.711724,0 days 00:03:09.405701,0.9158653711831447,0.7186098618255685,0.4120579376102117,5.245413993140336,0.6087670929915812,98.6416708615901,0.5631021303469503,5.8774721288796,0.007925456797868324,0.03038027549946027,2.1038771230648366e-06,1.2267307691914986,189.40557589102536,30,COMPLETE
4782,43.975870311915045,1.4241045250328646,2026-10-06 03:13:46.585989,2026-10-06 03:17:02.002060,0 days 00:03:15.416071,0.9158653711831447,0.2284118304472575,0.12615106220885586,25.866182468639533,0.2395452449940939,94.61146042672904,0.7257345409495506,4.254493134812803,0.026937100580568585,0.03280586071940829,2.1038771230648366e-06,1.1540267369865085,195.41594290081412,30,COMPLETE
4783,32.30386037505834,16.832171798300568,2026-10-06 03:13:47.338308,2026-10-06 03:16:58.272448,0 days 00:03:10.934140,0.7407180681038071,0.3710922296723819,0.5926143650576037,32.57965004928208,0.33279388005294136,98.6416708615901,1.484226923085714,35.86671955459044,0.2975664073833317,0.03280586071940829,4.343429493003475e-06,1.1540267369865085,190.93401308357716,30,COMPLETE
4784,47.3613452052081,4.459731945315791,2026-10-06 03:13:47.583278,2026-10-06 03:17:03.385065,0 days 00:03:15.801787,0.7407180681038071,0.7186098618255685,0.4120579376102117,7.619426739600498,0.33279388005294136,98.6416708615901,1.484226923085714,5.8774721288796,0.28988344429582863,0.03280586071940829,4.343429493003475e-06,1.1540267369865085,195.80166432540864,30,COMPLETE
4785,37.413670184714846,10.463167332441612,2026-10-06 03:13:48.187994,2026-10-06 03:17:01.441085,0 days 00:03:13.253091,0.51115025563667,0.2965654106455736,0.4120579376102117,5.245413993140336,0.09534020566607909,94.61146042672904,0.3706363166279532,19.15408445903519,0.15450841561573675,0.03038027549946027,2.1038771230648366e-06,1.1540267369865085,193.25297482311726,30,COMPLETE
4786,34.53224534043655,4.661391500970327,2026-10-06 03:13:48.203965,2026-10-06 03:16:55.118927,0 days 00:03:06.914962,0.8010869639365119,0.6679680403920246,0.2345370319995722,21.183844928151355,0.33279388005294136,94.61146042672904,0.6419517764288287,45.6508402201298,0.28988344429582863,0.03038027549946027,2.1038771230648366e-06,1.1540267369865085,186.91484165936708,30,COMPLETE
4787,40.803472001250306,3.861105894545561,2026-10-06 03:13:49.877575,2026-10-06 03:16:58.631808,0 days 00:03:08.754233,0.8010869639365119,0.2284118304472575,0.2345370319995722,5.245413993140336,0.33279388005294136,85.69762729633804,1.080654620868664,5.8774721288796,0.08173395261699556,0.024099244621516126,4.343429493003475e-06,0.06813310163640623,188.75410526804626,30,COMPLETE
4788,39.09649438687604,8.517787278338664,2026-10-06 03:13:52.100996,2026-10-06 03:17:00.928850,0 days 00:03:08.827854,0.7407180681038071,0.8715336252138003,0.4120579376102117,10.877854836518644,0.33279388005294136,98.6416708615901,1.484226923085714,22.199255091930876,0.08173395261699556,0.03280586071940829,2.1038771230648366e-06,0.23886283196880004,188.82773061096668,30,COMPLETE
4789,41.15919266980636,9.4216499650454,2026-10-06 03:14:17.654124,2026-10-06 03:17:29.647439,0 days 00:03:11.993315,0.8010869639365119,0.04139957766231095,0.4120579376102117,5.245413993140336,0.2395452449940939,98.6416708615901,0.7297455375332902,19.15408445903519,0.4212595585654096,0.03038027549946027,4.343429493003475e-06,1.1540267369865085,191.99319770280272,30,COMPLETE
4790,34.98365793272206,16.23717645081004,2026-10-06 03:14:20.776007,2026-10-06 03:17:30.797682,0 days 00:03:10.021675,0.8010869639365119,0.2965654106455736,0.5667882730348237,11.991629079089469,0.33279388005294136,94.61146042672904,1.080654620868664,35.86671955459044,0.4212595585654096,0.03280586071940829,4.343429493003475e-06,1.1540267369865085,190.02155669033527,30,COMPLETE
4791,37.58453480754393,10.738833806004456,2026-10-06 03:14:22.320989,2026-10-06 03:17:33.603497,0 days 00:03:11.282508,0.8010869639365119,0.8717951055729352,0.4120579376102117,26.040693034666464,0.33279388005294136,98.6416708615901,1.2898828018697517,5.8774721288796,0.08981597176864942,0.021966873773064614,2.1038771230648366e-06,0.23886283196880004,191.28237857390195,30,COMPLETE
4792,33.334386084776774,15.449280117131778,2026-10-06 03:14:23.341165,2026-10-06 03:17:33.710592,0 days 00:03:10.369427,0.6509853276506137,0.21606902729252941,0.4048572799852933,11.991629079089469,0.33279388005294136,85.69762729633804,0.396687138771568,45.6508402201298,0.3787184497362417,0.03038027549946027,4.343429493003475e-06,0.7699502779177346,190.36931247916073,30,COMPLETE
4793,30.949790512348624,18.978400569207174,2026-10-06 03:14:23.344958,2026-10-06 03:17:35.701836,0 days 00:03:12.356878,0.51115025563667,0.2284118304472575,0.5667882730348237,11.991629079089469,0.33279388005294136,85.69762729633804,1.080654620868664,41.66154811682372,0.08173395261699556,0.03038027549946027,2.1038771230648366e-06,1.1540267369865085,192.35676618944854,30,COMPLETE
4794,45.9783135343241,5.336838873617413,2026-10-06 03:14:23.348948,2026-10-06 03:17:31.998351,0 days 00:03:08.649403,0.9158653711831447,0.8717951055729352,0.4120579376102117,5.245413993140336,0.22109373002326882,98.6416708615901,0.7518185550990375,5.8774721288796,0.08173395261699556,0.03280586071940829,4.343429493003475e-06,0.23886283196880004,188.6492882873863,30,COMPLETE
4795,45.55043016509447,2.3695222097479167,2026-10-06 03:14:23.352946,2026-10-06 03:17:32.123852,0 days 00:03:08.770906,0.51115025563667,0.7186098618255685,0.19400160111159936,30.22580932452649,0.6087670929915812,98.6416708615901,1.4690823188003486,5.8774721288796,0.08173395261699556,0.03280586071940829,4.343429493003475e-06,1.2974912099205862,188.77078759018332,30,COMPLETE
4796,38.603395204913696,3.527926923512666,2026-10-06 03:14:23.962163,2026-10-06 03:17:35.541843,0 days 00:03:11.579680,0.51115025563667,0.7186098618255685,0.4120579376102117,5.245413993140336,0.6087670929915812,94.61146042672904,1.080654620868664,45.6508402201298,0.026937100580568585,0.03038027549946027,0.002398127005860997,1.2974912099205862,191.5795634770766,30,COMPLETE
4797,,,2026-10-06 03:14:58.244011,2026-10-06 03:14:58.894037,0 days 00:00:00.650026,0.9158653711831447,0.19189790819770397,0.20358075665942357,11.991629079089469,0.33279388005294136,98.6416708615901,1.484226923085714,35.86671955459044,0.4212595585654096,0.03038027549946027,,0.7699502779177346,,30,PRUNED
4798,32.609524440631176,17.408969100606186,2026-10-06 03:14:59.108994,2026-10-06 03:18:08.934168,0 days 00:03:09.825174,0.055275814628781006,0.07861675458476158,0.5926143650576037,11.991629079089469,0.33279388005294136,94.61146042672904,1.2898828018697517,35.86671955459044,0.3054149949472662,0.03038027549946027,4.343429493003475e-06,1.2974912099205862,189.82504896167666,30,COMPLETE
4799,,,2026-10-06 03:14:59.805004,2026-10-06 03:15:00.974018,0 days 00:00:01.169014,0.8010869639365119,0.8717951055729352,0.19400160111159936,5.245413993140336,0.33279388005294136,94.61146042672904,1.2898828018697517,12.913368138031728,1.4808511416608399,0.021966873773064614,,1.2974912099205862,,30,PRUNED
4800,0.06107773063653885,1.231668943404557,2026-10-06 03:15:00.415436,2026-10-06 03:18:14.046300,0 days 00:03:13.630864,0.8010869639365119,0.7186098618255685,0.02332515831017691,5.245413993140336,0.33279388005294136,98.6416708615901,1.4690823188003486,8.42836924544936,0.28988344429582863,0.024099244621516126,4.343429493003475e-06,0.23886283196880004,193.6307449033484,30,COMPLETE
4801,48.69529766329554,3.9765807025940516,2026-10-06 03:15:01.032124,2026-10-06 03:18:12.715265,0 days 00:03:11.683141,0.51115025563667,0.7186098618255685,0.20358075665942357,5.245413993140336,0.33279388005294136,94.61146042672904,1.484226923085714,14.182822102930093,0.3054149949472662,0.024099244621516126,4.343429493003475e-06,0.23886283196880004,191.6830104086548,30,COMPLETE
4802,32.270746434705146,12.167407062066767,2026-10-06 03:15:01.048979,2026-10-06 03:18:11.874109,0 days 00:03:10.825130,0.8010869639365119,0.8707119160913633,0.5926143650576037,45.29168363060798,0.33279388005294136,98.6416708615901,1.2898828018697517,35.86671955459044,0.07017847076168365,0.03280586071940829,4.343429493003475e-06,1.1540267369865085,190.82501347735524,30,COMPLETE
4803,33.39900962383483,15.806790192341616,2026-10-06 03:15:02.004004,2026-10-06 03:18:13.504731,0 days 00:03:11.500727,0.7123418565646167,0.2284118304472575,0.5667882730348237,10.877854836518644,0.2395452449940939,85.69762729633804,1.4690823188003486,23.475624031055144,0.08173395261699556,0.03038027549946027,2.1038771230648366e-06,1.1540267369865085,191.5006092172116,30,COMPLETE
4804,24.61362082554728,1.6801550477799263,2026-10-06 03:15:02.823989,2026-10-06 03:18:14.068104,0 days 00:03:11.244115,0.1342063432401705,0.7186098618255685,0.5667882730348237,10.877854836518644,0.33279388005294136,98.6416708615901,0.6419517764288287,7.242018006177657,0.28988344429582863,0.03280586071940829,17.300210278823734,1.1540267369865085,191.24401589855552,30,COMPLETE
4805,32.70418211821801,18.376613229032635,2026-10-06 03:15:03.797179,2026-10-06 03:18:14.317196,0 days 00:03:10.520017,0.51115025563667,0.7186098618255685,0.5667882730348237,11.991629079089469,0.33279388005294136,98.6416708615901,0.7518185550990375,19.15408445903519,0.007925456797868324,0.024099244621516126,4.343429493003475e-06,0.6111027552819317,190.5198850762099,30,COMPLETE
4806,32.75907790955395,16.103044644564577,2026-10-06 03:15:04.816013,2026-10-06 03:18:11.765487,0 days 00:03:06.949474,0.51115025563667,0.19189790819770397,0.5667882730348237,10.877854836518644,0.33279388005294136,98.6416708615901,0.7518185550990375,19.15408445903519,0.007925456797868324,0.03038027549946027,4.343429493003475e-06,1.1540267369865085,186.9493454452604,31,COMPLETE
4807,,,2026-10-06 03:15:05.977157,2026-10-06 03:15:06.890060,0 days 00:00:00.912903,0.7123418565646167,0.19189790819770397,0.20358075665942357,11.991629079089469,0.33279388005294136,85.69762729633804,1.080654620868664,79.33929185991184,0.6496257903944023,0.024099244621516126,,1.1540267369865085,,31,PRUNED
4808,,,2026-10-06 03:15:06.971023,2026-10-06 03:15:08.134080,0 days 00:00:01.163057,0.8010869639365119,0.7186098618255685,0.2345370319995722,33.27755252716081,0.33279388005294136,94.61146042672904,0.6419517764288287,1.4056083189495427,0.28988344429582863,0.0024564577610765317,,1.1540267369865085,,31,PRUNED
4809,25.726912267893596,25.368871462834793,2026-10-06 03:15:08.367002,2026-10-06 03:18:17.703232,0 days 00:03:09.336230,0.9158653711831447,0.02051223829574006,0.807738690329122,21.183844928151355,0.33279388005294136,94.61146042672904,0.6419517764288287,35.86671955459044,0.3054149949472662,0.03038027549946027,2.1038771230648366e-06,0.7699502779177346,189.33610905893147,31,COMPLETE
4810,37.98181349701729,8.460046991580812,2026-10-06 03:15:33.344001,2026-10-06 03:18:42.083787,0 days 00:03:08.739786,0.51115025563667,0.19189790819770397,0.5667882730348237,5.245413993140336,0.6087670929915812,98.6416708615901,0.5631021303469503,5.8774721288796,0.08173395261699556,0.03038027549946027,4.343429493003475e-06,1.1540267369865085,188.73964868485928,31,COMPLETE
4811,40.013883600343334,8.225159659746385,2026-10-06 03:15:33.605015,2026-10-06 03:18:46.493424,0 days 00:03:12.888409,0.7407180681038071,0.8717951055729352,0.5667882730348237,11.991629079089469,0.2395452449940939,98.6416708615901,1.484226923085714,5.8774721288796,0.007925456797868324,0.03038027549946027,4.343429493003475e-06,1.1540267369865085,192.8882714547217,31,COMPLETE
4812,26.13395772809672,13.454320850537822,2026-10-06 03:15:37.229003,2026-10-06 03:18:49.763429,0 days 00:03:12.534426,0.8010869639365119,0.21606902729252941,0.5673687007336011,5.245413993140336,0.33279388005294136,18.516497537021436,1.484226923085714,35.86671955459044,0.15450841561573675,0.03280586071940829,4.343429493003475e-06,0.7699502779177346,192.53431380447,31,COMPLETE
4813,39.83158842591338,12.762778477732386,2026-10-06 03:15:37.354003,2026-10-06 03:18:49.418103,0 days 00:03:12.064100,0.32522926579248107,0.2965654106455736,0.4120579376102117,5.245413993140336,0.33279388005294136,94.61146042672904,1.484226923085714,19.15408445903519,0.15450841561573675,0.023554272151894116,2.1038771230648366e-06,1.1540267369865085,192.06396770384163,31,COMPLETE
4814,39.3164516602999,10.766754044232801,2026-10-06 03:15:37.454987,2026-10-06 03:18:50.224844,0 days 00:03:12.769857,0.51115025563667,0.8717951055729352,0.5667882730348237,10.877854836518644,0.33279388005294136,98.6416708615901,1.484226923085714,19.15408445903519,0.007925456797868324,0.03038027549946027,4.343429493003475e-06,1.2974912099205862,192.76961959991604,31,COMPLETE
4815,29.16626373462477,2.591052464836727,2026-10-06 03:15:38.327149,2026-10-06 03:18:49.493532,0 days 00:03:11.166383,0.51115025563667,0.2965654106455736,0.12615106220885586,5.245413993140336,0.2395452449940939,4.812965543651096,1.484226923085714,19.15408445903519,0.15450841561573675,0.03280586071940829,1.2572874926554717e-06,1.1540267369865085,191.16623992100358,31,COMPLETE
4816,25.809860792150783,26.62112792669938,2026-10-06 03:15:38.330957,2026-10-06 03:18:47.930849,0 days 00:03:09.599892,0.51115025563667,0.07861675458476158,0.807738690329122,21.183844928151355,0.3519093950798047,94.61146042672904,0.396687138771568,45.6508402201298,0.3054149949472662,0.03038027549946027,4.343429493003475e-06,1.2974912099205862,189.5997688639909,31,COMPLETE
4817,33.881139633637844,17.148396804031034,2026-10-06 03:15:39.276001,2026-10-06 03:18:49.577304,0 days 00:03:10.301303,0.51115025563667,0.19189790819770397,0.5667882730348237,10.877854836518644,0.33279388005294136,98.6416708615901,1.080654620868664,35.86671955459044,0.2975664073833317,0.03280586071940829,4.343429493003475e-06,1.1540267369865085,190.30118211731315,31,COMPLETE
4818,40.79635416753483,1.526180120843364,2026-10-06 03:15:40.194007,2026-10-06 03:18:49.320458,0 days 00:03:09.126451,0.8010869639365119,0.7665315544164196,0.2345370319995722,10.877854836518644,0.506401025718823,98.6416708615901,1.484226923085714,9.598356987443392,0.28988344429582863,0.03038027549946027,0.29020773312564324,1.2974912099205862,189.12631636764854,31,COMPLETE
4819,,,2026-10-06 03:15:42.644000,2026-10-06 03:15:43.344057,0 days 00:00:00.700057,0.7112273181968373,0.19189790819770397,0.5667882730348237,10.877854836518644,0.33279388005294136,98.6416708615901,1.2898828018697517,35.86671955459044,0.4212595585654096,0.03038027549946027,,1.2974912099205862,,31,PRUNED
4820,33.44981237283278,16.772486115714667,2026-10-06 03:15:43.031012,2026-10-06 03:18:53.507128,0 days 00:03:10.476116,0.51115025563667,0.2284118304472575,0.5667882730348237,10.877854836518644,0.2395452449940939,98.6416708615901,0.7518185550990375,19.15408445903519,0.2975664073833317,0.03038027549946027,4.343429493003475e-06,1.1540267369865085,190.47598902042955,31,COMPLETE
4821,,,2026-10-06 03:15:43.467998,2026-10-06 03:16:21.898089,0 days 00:00:38.430091,0.7407180681038071,0.7186098618255685,0.2345370319995722,5.245413993140336,0.6087670929915812,98.6416708615901,0.5631021303469503,10.452362063248279,0.28988344429582863,0.03038027549946027,4.343429493003475e-06,0.06813310163640623,,31,PRUNED
4822,55.14225287755951,1.6448155332942727,2026-10-06 03:15:43.572001,2026-10-06 03:18:54.581612,0 days 00:03:11.009611,0.6775759777641851,0.7186098618255685,0.12615106220885586,5.245413993140336,0.33279388005294136,94.61146042672904,1.4690823188003486,3.974910188443448,0.3054149949472662,0.024099244621516126,4.343429493003475e-06,0.23886283196880004,191.00948728155345,31,COMPLETE
4823,,,2026-10-06 03:15:44.509000,2026-10-06 03:16:22.175002,0 days 00:00:37.666002,0.4552666915436564,0.2965654106455736,0.4120579376102117,21.183844928151355,0.6087670929915812,94.61146042672904,1.484226923085714,45.6508402201298,0.15450841561573675,0.03038027549946027,2.1038771230648366e-06,1.2974912099205862,,31,PRUNED
4824,,,2026-10-06 03:16:01.611998,2026-10-06 03:16:41.505068,0 days 00:00:39.893070,0.51115025563667,0.2965654106455736,0.19400160111159936,5.245413993140336,0.6087670929915812,94.61146042672904,1.484226923085714,5.8774721288796,0.5246775142577667,0.03038027549946027,4.343429493003475e-06,0.25511374425413685,,31,PRUNED
4825,44.122274654742874,6.8005163414162295,2026-10-06 03:16:02.850012,2026-10-06 03:19:17.599874,0 days 00:03:14.749862,0.9158653711831447,0.7186098618255685,0.4120579376102117,11.991629079089469,0.5557547632162355,98.6416708615901,0.2951838235399127,5.8774721288796,0.007925456797868324,0.03038027549946027,4.343429493003475e-06,0.7699502779177346,194.7497323276475,31,COMPLETE
4826,,,2026-10-06 03:16:08.625349,2026-10-06 03:16:09.982069,0 days 00:00:01.356720,0.8010869639365119,0.7186098618255685,0.5667882730348237,43.7550561710793,0.33279388005294136,85.69762729633804,1.080654620868664,41.66154811682372,0.8021851597193783,0.024099244621516126,,0.7296704665126732,,31,PRUNED
4827,46.60655845964432,5.609943537687489,2026-10-06 03:16:10.717305,2026-10-06 03:19:28.757074,0 days 00:03:18.039769,0.9158653711831447,0.7186098618255685,0.4120579376102117,5.245413993140336,0.5557547632162355,98.6416708615901,0.6419517764288287,5.8774721288796,0.08173395261699556,0.03038027549946027,2.1038771230648366e-06,0.7699502779177346,198.03964530210942,31,COMPLETE
4828,38.10940935357365,8.630371636287549,2026-10-06 03:16:10.736201,2026-10-06 03:19:23.510560,0 days 00:03:12.774359,0.8010869639365119,0.21606902729252941,0.4120579376102117,11.991629079089469,0.2395452449940939,85.69762729633804,0.7297455375332902,19.15408445903519,0.4212595585654096,0.041742372404444235,4.343429493003475e-06,0.7699502779177346,192.77422913815826,31,COMPLETE
4829,33.6915379175378,16.53070732934946,2026-10-06 03:16:14.549010,2026-10-06 03:19:24.449863,0 days 00:03:09.900853,0.51115025563667,0.6677913230669543,0.807738690329122,10.877854836518644,0.3519093950798047,94.61146042672904,1.4690823188003486,23.475624031055144,0.2975664073833317,0.03038027549946027,4.343429493003475e-06,1.2974912099205862,189.90072601288557,31,COMPLETE
4830,50.29664074520227,2.9104535721862144,2026-10-06 03:16:15.308997,2026-10-06 03:19:28.647366,0 days 00:03:13.338369,0.8010869639365119,0.7186098618255685,0.2345370319995722,5.245413993140336,0.33279388005294136,94.61146042672904,1.484226923085714,19.15408445903519,0.21575926930563577,0.03038027549946027,4.343429493003475e-06,1.1540267369865085,193.3382376153022,31,COMPLETE
4831,43.231055314533634,5.058037362693029,2026-10-06 03:16:16.733292,2026-10-06 03:19:29.023875,0 days 00:03:12.290583,0.8010869639365119,0.2284118304472575,0.2345370319995722,11.991629079089469,0.33279388005294136,94.61146042672904,1.080654620868664,41.66154811682372,0.08173395261699556,0.03038027549946027,4.343429493003475e-06,1.1540267369865085,192.2904510339722,31,COMPLETE
4832,,,2026-10-06 03:16:17.848996,2026-10-06 03:16:54.642063,0 days 00:00:36.793067,1.1546551456676255,0.8717951055729352,0.03478124189991726,10.877854836518644,0.6450777773722716,98.6416708615901,1.484226923085714,19.15408445903519,0.2975664073833317,0.024099244621516126,4.343429493003475e-06,1.2974912099205862,,31,PRUNED
4833,,,2026-10-06 03:16:18.634186,2026-10-06 03:16:19.008060,0 days 00:00:00.373874,0.7123418565646167,0.3710922296723819,0.5667882730348237,5.245413993140336,0.6087670929915812,98.6416708615901,0.7297455375332902,41.66154811682372,1.42626576357646,0.03038027549946027,,0.3087654291085318,,31,PRUNED
4834,41.38303003944136,3.248414992952897,2026-10-06 03:16:18.637958,2026-10-06 03:19:28.671351,0 days 00:03:10.033393,0.51115025563667,0.8717951055729352,0.5667882730348237,5.245413993140336,0.33279388005294136,98.6416708615901,0.17852254062495237,41.66154811682372,0.08173395261699556,0.08349931915125772,2.1038771230648366e-06,1.209109649444219,190.03327612765133,31,COMPLETE
4835,,,2026-10-06 03:16:18.641946,2026-10-06 03:16:19.354025,0 days 00:00:00.712079,0.7407180681038071,1.0282431815545425,0.2345370319995722,43.28943640689937,0.33279388005294136,94.61146042672904,1.484226923085714,33.11081058531287,0.3936576523393438,0.03038027549946027,,1.1540267369865085,,31,PRUNED
