number,values_0,values_1,datetime_start,datetime_complete,duration,params_between_rest_spread,params_c_spread,params_c_val,params_input_force,params_k_between_spread,params_k_between_val,params_k_wall_spread,params_k_wall_val,params_m_spread,params_m_val,params_ridge_alpha,params_wall_rest_spread,user_attrs_duration_sec,system_attrs_NSGAIISampler:generation,state
260,,,2026-10-06 00:23:31.093993,2026-10-06 00:23:31.431098,0 days 00:00:00.337105,0.6726896742497583,0.7459519777018807,0.06378960990584374,37.88863320683409,1.3515313498856374,96.35260043616971,0.5915056102489658,17.949676698538074,0.4758692953010908,0.006391647737320778,,0.7913826730103013,,0,PRUNED
261,,,2026-10-06 00:23:31.097968,2026-10-06 00:23:32.206393,0 days 00:00:01.108425,0.8409166378238595,1.195076369282397,0.07526004638836942,7.933783454662088,0.24055889525280966,31.31838712565499,0.6211906497751815,20.582034522695988,0.9106337277582379,0.001279131983564361,,1.4006228450818055,,0,PRUNED
262,,,2026-10-06 00:23:31.219987,2026-10-06 00:23:32.618073,0 days 00:00:01.398086,0.8365516367701571,0.6777363626178166,0.6069928812797072,8.85794849669118,0.6453415554749173,38.862302685920824,0.30800965254846824,3.3007391614387402,0.8080837567651161,0.011057626908639106,,0.9613690936661236,,0,PRUNED
263,,,2026-10-06 00:23:31.531282,2026-10-06 00:23:33.286012,0 days 00:00:01.754730,0.17652641502838334,0.4646836237927034,0.19966732827119563,35.90883302132666,1.1537306087228412,5.337304055760468,0.5699186925624746,87.45312287732773,1.4019421058962889,0.08410033477501459,,0.9874042382511163,,0,PRUNED
264,,,2026-10-06 00:23:31.600197,2026-10-06 00:23:31.769926,0 days 00:00:00.169729,0.0016003272675925162,1.3426106197256675,0.02986977502017234,1.9267995407497986,0.599572648212912,4.81495033219396,0.6797409121634608,25.930608879851533,0.777814285143426,0.0010134421438669817,,1.4947311639072534,,0,PRUNED
265,5.636806088024661,1.1591612576395982,2026-10-06 00:23:31.603962,2026-10-06 00:26:47.414204,0 days 00:03:15.810242,0.15152398637589798,0.9591376938010874,0.015645248558277824,20.964736750225594,0.40813109686809257,1.5748104848330118,0.4311704027062506,53.839672880102654,0.7338449495662678,0.024499294326078454,8.896064978256299e-05,1.1898044490054134,195.81015339773148,0,COMPLETE
266,,,2026-10-06 00:23:31.777991,2026-10-06 00:24:15.072024,0 days 00:00:43.294033,0.6067636581154138,1.3247827598903026,0.011366289787716954,11.563271691237349,1.3523451008512148,1.7048268725006401,0.23395370290025264,6.3334117238540735,1.2098163070628083,0.013970250246366429,17.836356226837022,0.8974248950909247,,0,PRUNED
267,,,2026-10-06 00:23:31.952006,2026-10-06 00:23:33.226043,0 days 00:00:01.274037,0.5230204556052916,0.05443880894611991,0.1976554343283823,8.17223677090428,0.47407660888287567,6.555520021873683,0.734237697707575,54.876894962262114,0.44890047659123916,0.01030348925611726,,1.4834975467344524,,0,PRUNED
268,,,2026-10-06 00:23:32.089013,2026-10-06 00:24:15.415000,0 days 00:00:43.325987,0.2157968155597917,0.20456236629047875,0.015505051284269664,49.54011040834508,1.0830070956155016,24.774643160715357,0.3120096552129113,25.83962830472249,1.0110760006861201,0.02527257035781986,0.00010547313331823542,0.9976649937626616,,0,PRUNED
269,,,2026-10-06 00:23:32.092974,2026-10-06 00:23:32.215996,0 days 00:00:00.123022,0.619189646786094,1.2269132430629741,0.5221236440388435,22.85901291539292,1.4782964123925528,3.7582592885382886,1.436941279298782,35.962786877186225,0.595197110145549,0.05753487807984234,,0.6895775388279615,,0,PRUNED
270,,,2026-10-06 00:23:32.193008,2026-10-06 00:24:11.859052,0 days 00:00:39.666044,0.5928901113845741,0.5862503627206781,0.03403030574953665,26.495234993009515,0.33570256898974793,13.797347139220063,0.17968341441318442,6.864365452067892,0.3760545907127187,0.002690412873856433,0.05339383953580283,1.414990253404455,,0,PRUNED
271,,,2026-10-06 00:23:32.348010,2026-10-06 00:24:11.934029,0 days 00:00:39.586019,0.4420951524980952,0.2152234022540782,0.1990880944595294,18.126423596016352,0.5810438988879325,18.80383433934949,1.2014663132785321,4.936945299049879,1.1140152152861058,0.019187428144992802,0.0018768407260345433,0.30976169410330623,,0,PRUNED
272,,,2026-10-06 00:23:32.355998,2026-10-06 00:23:33.134065,0 days 00:00:00.778067,0.8654677608664434,0.14405101489361527,0.21740999647396858,44.800579516835555,1.4887860050336772,1.4398625674739591,0.09011470976927588,1.3895295257561635,1.1340856967955235,0.005493383979578255,,0.4376643524592275,,0,PRUNED
273,,,2026-10-06 00:23:32.397195,2026-10-06 00:23:33.259358,0 days 00:00:00.862163,0.5717755982404922,0.891408307573643,0.5589950317144353,25.376997639938732,1.0303051303850874,26.036217261452084,1.4450853841624194,10.083642945980362,0.7374915023819518,0.0011357602506886395,,0.2360166262466451,,0,PRUNED
274,,,2026-10-06 00:23:32.400968,2026-10-06 00:23:33.745028,0 days 00:00:01.344060,1.2084279118563546,1.3493223722455496,0.30085200052024336,20.49391180783077,0.9163290521635096,20.886348028888474,0.6037030560840491,25.54410492573684,0.5293057456842998,0.017099468959588984,,0.8812368414864011,,0,PRUNED
275,,,2026-10-06 00:23:32.444984,2026-10-06 00:23:33.062996,0 days 00:00:00.618012,1.2629311536304764,0.28981766612666277,0.15910976913212369,45.94091807216779,0.8318330067357286,22.955715578959975,0.8541810751876342,6.394691411942848,0.2611601220303671,0.001146178589320426,,0.7590127003878515,,0,PRUNED
276,,,2026-10-06 00:23:32.448971,2026-10-06 00:23:33.944393,0 days 00:00:01.495422,1.1163399780505694,0.21300095629921717,0.3062429608251228,25.143634670952526,1.475681835607055,36.82998131122465,1.4735279363275273,13.591601439973275,0.5111032874439612,0.0011607124638754057,,0.02968208641900416,,0,PRUNED
277,20.452059627532368,2.036814982059327,2026-10-06 00:23:32.492276,2026-10-06 00:26:48.215731,0 days 00:03:15.723455,0.6770638678448319,0.8641657538633513,0.14380325095362193,3.4620739608882896,1.3042035131738132,1.2274315086665717,0.994427909416057,4.422622340836764,0.00892847793231516,0.022882343104110674,9.939751973447084e-05,0.7536687621013615,195.72337338887155,0,COMPLETE
278,,,2026-10-06 00:23:32.600017,2026-10-06 00:23:33.250040,0 days 00:00:00.650023,1.3745640584725836,0.16236765245281276,0.47697793356906193,6.04503682711358,1.481904709916813,86.64995935184513,0.6678371470693616,1.0428778027863874,0.9294879727810471,0.009748668859918194,,1.4251499687539635,,0,PRUNED
279,,,2026-10-06 00:23:32.612425,2026-10-06 00:23:33.073017,0 days 00:00:00.460592,0.1769300278192626,0.2641265789871939,0.086327582375181,45.0837523733688,1.2987610182084945,32.77897858267042,0.3448003047247739,14.782540275521166,0.9558469752823604,0.0035883392744520642,,0.9207097591060228,,0,PRUNED
280,,,2026-10-06 00:23:32.770004,2026-10-06 00:23:33.302517,0 days 00:00:00.532513,0.5083087894051042,0.9231278218970681,0.24654727342999808,6.806035883513632,0.13285544956584477,11.041803290165257,0.9254289853203086,8.949782351485462,0.332631808148648,0.009706346306610724,,1.2134024621655628,,0,PRUNED
281,,,2026-10-06 00:23:32.959990,2026-10-06 00:23:34.173996,0 days 00:00:01.214006,1.405743655188207,1.162200654229895,0.20339240108175463,10.02479534082886,0.24709505545272115,7.806548956276993,1.2828724850301352,6.04197651773308,0.7725081137684158,0.032235905414404,,0.8231463814102231,,0,PRUNED
282,30.630221909416527,1.239916138692772,2026-10-06 00:23:33.176009,2026-10-06 00:26:50.685436,0 days 00:03:17.509427,1.357969497150361,0.05070269677760797,0.01601099923763594,4.581872998370829,0.4026532374184388,21.293301063157596,1.3183053339164592,1.2944663048261367,0.2035416105161263,0.00753651846031847,94.94802616228229,0.6672475869331794,197.50931855663657,0,COMPLETE
283,,,2026-10-06 00:23:33.220164,2026-10-06 00:23:34.342957,0 days 00:00:01.122793,1.0355067934897453,1.473417222472357,0.012561407256596567,22.981922658189067,0.1300536109401922,13.29646211123146,0.8766102008573537,39.77892401223737,0.27660714870744135,0.0013916521639479754,,0.7456341730431413,,0,PRUNED
284,,,2026-10-06 00:23:33.229978,2026-10-06 00:24:15.401043,0 days 00:00:42.171065,0.4233366034419658,0.4058467382672414,0.020993206666869678,2.574156080518673,1.1865628818987952,97.48432160226913,1.2008841565096358,52.2567765856921,0.5319002863748066,0.09799294313066918,0.051774975357671664,0.7938651446136575,,0,PRUNED
285,28.414033058706014,1.1763404911829225,2026-10-06 00:23:33.259624,2026-10-06 00:26:50.089810,0 days 00:03:16.830186,1.2283882752598665,1.113863428943894,0.017013548715314953,2.622247171974451,0.24371437053502076,6.732262947085417,1.1385233903966399,1.4046378634192214,0.7049616071366901,0.015398897683114494,1.3391711597062983e-06,0.6692500727084494,196.83010434545577,0,COMPLETE
286,10.63619783206428,1.182565875708213,2026-10-06 00:23:33.446998,2026-10-06 00:26:49.920111,0 days 00:03:16.473113,1.2464767825982441,0.6933697845024865,0.22119065670886823,30.494562000355078,0.848445949730469,2.257245537042047,0.7809956000907379,1.093839616660464,0.7962362950353556,0.09527590758351762,0.0033946532421828273,1.4326548090513986,196.4730242881924,0,COMPLETE
287,,,2026-10-06 00:23:34.808237,2026-10-06 00:23:35.488030,0 days 00:00:00.679793,0.08952289244626144,0.9526340781390581,0.2913290974388664,29.57125137896113,1.1954031253391821,33.092750653830265,0.7834161736042204,49.152176875716044,0.8150714665743769,0.0014842833767501416,,0.9183082746661511,,0,PRUNED
288,,,2026-10-06 00:23:34.811979,2026-10-06 00:23:35.362014,0 days 00:00:00.550035,1.0304263737749437,1.4401987691237375,0.3295700209880608,43.51936957677551,0.6464970316303236,1.1307117252570622,1.0716662193043809,16.315271427382843,0.0335788240164831,0.03856977453986674,,0.37197538245442846,,0,PRUNED
289,18.75817742855364,2.140702491196447,2026-10-06 00:23:34.907998,2026-10-06 00:26:46.550771,0 days 00:03:11.642773,1.213936682104642,0.4904269532974221,0.27878460551239015,31.126251232939538,1.331952985473508,18.822768063557522,1.351329269721595,2.770534732047563,0.43768226780177866,0.027427716658087842,9.977392003652891,1.0038685179198497,191.642675595358,0,COMPLETE
290,,,2026-10-06 00:23:34.911974,2026-10-06 00:23:35.286064,0 days 00:00:00.374090,0.9724752031713269,0.5861954281358868,0.45813752463892554,41.94040023940766,0.1759688157626439,37.86565856165861,1.0629556589801468,55.631159327187575,1.3438486406811352,0.006249261203513762,,0.22986392109123477,,0,PRUNED
291,,,2026-10-06 00:23:34.976994,2026-10-06 00:23:35.996035,0 days 00:00:01.019041,0.4177586516311831,0.9988448340573535,0.29393652000441783,46.426109055445465,0.24491465476839214,8.874521546808491,0.6230771955117911,13.80341991358816,0.9077019825731358,0.018422922841046636,,0.9903654042238826,,0,PRUNED
292,10.215893062688794,1.2394887725207797,2026-10-06 00:23:35.006051,2026-10-06 00:26:48.491597,0 days 00:03:13.485546,0.2535501809012687,0.13886430532968302,0.013804365338059432,8.278347433777846,1.1512898985354074,26.78714184610517,1.4255967604219972,12.451166062841187,0.14052601748450566,0.049540363218577015,0.2553243868260862,1.2044513015868148,193.48545249551535,0,COMPLETE
293,,,2026-10-06 00:23:35.009979,2026-10-06 00:23:35.344368,0 days 00:00:00.334389,1.1745309296824222,0.049251837799198894,0.01749429895296225,5.104124194773102,1.0719054494446945,2.3213739612203828,1.3552364244419874,42.86564948554547,1.0174680381503893,0.028330211937797178,,0.06427876172181479,,0,PRUNED
294,,,2026-10-06 00:23:35.163008,2026-10-06 00:23:35.930170,0 days 00:00:00.767162,0.007254853832944774,1.435445469102576,0.10166864081982817,39.04373752495015,0.9499068816293967,57.20641772800242,1.1679867800903203,2.8614248218447154,1.0845183179006945,0.004281926360044316,,0.6495047633011002,,0,PRUNED
295,9.052107943529885,1.500835733048416,2026-10-06 00:23:35.174982,2026-10-06 00:26:52.354827,0 days 00:03:17.179845,0.7713402425267915,1.1212774360167863,0.07448082639126528,48.22308598280125,1.2305625902693413,2.8686601921296857,0.013170705419541295,9.440036392500131,0.3085555968513993,0.012714681030510893,1.0081801910214272e-06,0.32724351672562724,197.17975039128214,0,COMPLETE
296,,,2026-10-06 00:23:35.267997,2026-10-06 00:23:35.585033,0 days 00:00:00.317036,1.11768895469345,0.994229384261651,0.6746532698553654,36.32564703600735,0.4136089918098283,5.579709604219063,1.4655173660495504,19.51208875964374,1.3193027894023115,0.0564617169033822,,1.099890177412012,,0,PRUNED
297,,,2026-10-06 00:23:35.271972,2026-10-06 00:23:36.355016,0 days 00:00:01.083044,0.4934161365136559,1.212964782800642,0.2598764430914037,2.2751130712766865,0.13311379506831766,2.910546072916696,1.4152487500750643,94.16720025732042,0.1366179564282839,0.01139210805014919,,0.6683953106442089,,0,PRUNED
298,12.794055259917005,1.1802335929147318,2026-10-06 00:23:35.286342,2026-10-06 00:26:49.087341,0 days 00:03:13.800999,0.024138828955328706,1.0765686869379585,0.1986877958984657,42.59475520183535,0.10461098131267149,10.368893971191545,1.3727117591853837,6.644625987701971,0.6010541227922037,0.057255652917170656,2.955859352673374e-06,0.7391172257754509,193.80090567748994,0,COMPLETE
299,,,2026-10-06 00:23:35.337994,2026-10-06 00:23:35.731006,0 days 00:00:00.393012,0.5106350775331776,0.27108007672386575,0.055626392348547285,10.383553008200131,1.4238724871349393,2.1557035509898754,0.833609734667409,67.54804705076975,0.7293799011889603,0.022639532558137422,,0.5194050838606845,,0,PRUNED
300,,,2026-10-06 00:23:35.519992,2026-10-06 00:23:35.815024,0 days 00:00:00.295032,0.8701276468939605,0.04797605680952027,0.038938007266025726,13.872947701267565,0.29550041651855674,44.48146091420735,0.28305710804762796,8.088132459288033,1.1019785933971074,0.0014643970538458534,,0.8747938619270275,,0,PRUNED
301,8.265312576463456,1.188068319968768,2026-10-06 00:23:35.848013,2026-10-06 00:26:48.595804,0 days 00:03:12.747791,1.2743609027338938,0.20599268678709703,0.01647681261903206,6.502664669913283,0.12170310528270206,42.20266080451361,0.2008614214806223,96.34294362815695,0.4230401052034166,0.03747503270475489,7.593859557185728,0.615257471220481,192.74771059677005,0,COMPLETE
302,,,2026-10-06 00:23:35.856170,2026-10-06 00:23:36.082017,0 days 00:00:00.225847,0.7995913324216152,0.05116824109956003,0.5326523166309347,10.970313418377026,0.7014231824686092,6.093928451339069,0.6303377751086559,68.21265664571395,0.16148584880002986,0.0024107441402462858,,0.8774859688816584,,0,PRUNED
303,,,2026-10-06 00:23:35.859969,2026-10-06 00:24:15.935048,0 days 00:00:40.075079,0.9215722996339917,0.44425060209727774,0.07084024503799738,36.2374238744382,1.0812692086981035,3.6541311685771793,0.599676911100983,3.0374985316384713,1.256073595964504,0.005529976082053281,1.2804202841850727,0.593073310293595,,0,PRUNED
304,,,2026-10-06 00:23:35.920134,2026-10-06 00:23:37.787168,0 days 00:00:01.867034,0.2605260873634814,1.003444053231013,0.02107516608448636,35.21451947542682,0.7442284655077931,46.784033244590866,0.3614915043820903,2.8206620003834115,0.9999342135700122,0.004763637810327362,,0.977601201962642,,0,PRUNED
305,,,2026-10-06 00:23:36.143006,2026-10-06 00:23:36.524213,0 days 00:00:00.381207,0.3675694559780438,1.3881619004310497,0.20068079145838605,4.0448620649340565,0.14382743965864542,66.50956282572015,0.547530276220884,3.960336523304231,0.35081198436423516,0.01213934522147494,,0.5582701028171633,,0,PRUNED
306,,,2026-10-06 00:23:36.150982,2026-10-06 00:24:18.386032,0 days 00:00:42.235050,1.1779206014657795,0.8067480257939361,0.043408216027483584,42.233700276506966,0.5629729699980133,70.63300029028835,1.2907893540372295,1.0187191431227565,0.8680470341091561,0.06655024272998208,2.0729783212831347e-06,1.476269979704416,,0,PRUNED
307,,,2026-10-06 00:23:36.208992,2026-10-06 00:23:37.245047,0 days 00:00:01.036055,0.4273244215891943,1.1759339452588542,0.028143746649480553,22.083681268601445,0.6528604605921179,4.984058936895771,0.7557730258697497,36.4451687588834,1.17701722507289,0.0020926452090470997,,0.08876967586864426,,0,PRUNED
308,9.578854938673766,1.1770331625839274,2026-10-06 00:23:36.212967,2026-10-06 00:26:48.181772,0 days 00:03:11.968805,0.3338950155597177,0.3517601765749498,0.017952401028006965,41.85785110168859,0.3078904290380984,7.905344897176902,0.30507014858622716,32.520380166773606,0.17678511159742955,0.00889816266205735,62.70579587989857,1.3545402023358846,191.96872109547257,0,COMPLETE
309,,,2026-10-06 00:23:36.301378,2026-10-06 00:23:37.283019,0 days 00:00:00.981641,0.4075321536994484,0.7509374781158782,0.35554134555791317,16.255366051109004,0.466865590689017,4.0876027386770275,1.0461529965660035,9.519500206474419,0.855762923730554,0.0011117701474586041,,0.947688234251431,,0,PRUNED
310,2.0021908453896717,1.2207550891931236,2026-10-06 00:23:36.360001,2026-10-06 00:26:46.388538,0 days 00:03:10.028537,1.005889366275816,0.44202684348707794,0.010512187642685498,27.394195410954808,0.2309926239328015,24.765080987002637,0.18601240232924526,50.35984851966978,0.18247842547136578,0.050286975400646375,1.8561874886761303,0.7991347833383745,190.02844316046685,0,COMPLETE
311,,,2026-10-06 00:23:36.363971,2026-10-06 00:23:36.746036,0 days 00:00:00.382065,0.6353170159471535,0.8406330048646203,0.09476890627724024,31.960759784102454,1.4505049899128353,22.392874476912443,0.19473953859581594,54.62036914968922,0.42276583803829476,0.007129739720780254,,0.7421284840354267,,0,PRUNED
312,,,2026-10-06 00:23:36.612000,2026-10-06 00:23:37.134027,0 days 00:00:00.522027,0.25225413966213645,0.09452025344189852,0.022819545893079267,1.6923687275560702,0.8049204100789558,1.669659447739091,0.7877846224366918,32.04511970242738,1.2155869540977076,0.0110424308813106,,0.7329090561389544,,0,PRUNED
313,,,2026-10-06 00:23:37.463198,2026-10-06 00:23:37.655034,0 days 00:00:00.191836,0.8925583910214843,0.6604796751259514,0.7346504187926158,32.887874022221716,1.2380629967831298,42.24974737823736,0.8280022552592443,28.202623509788616,0.6283351202267478,0.0021365330953359153,,0.743182471592901,,0,PRUNED
314,,,2026-10-06 00:23:37.466982,2026-10-06 00:23:37.846025,0 days 00:00:00.379043,0.5001373706714274,0.6499694313593007,0.04217459431385223,18.654724536931074,0.06353885502480294,16.021354094129848,0.7843570718062725,99.7602259306049,0.4510153082911057,0.030762452691970643,,1.066556750094283,,0,PRUNED
315,,,2026-10-06 00:23:37.470965,2026-10-06 00:23:37.773031,0 days 00:00:00.302066,0.19566203659648745,1.112131927181289,0.05698357642179495,39.66348668767159,0.8413102010182998,83.34786454664649,0.4342085565892155,3.0895068649053052,0.5869073660901676,0.001085097288823962,,0.9161482943768506,,0,PRUNED
316,,,2026-10-06 00:23:37.541000,2026-10-06 00:23:38.735777,0 days 00:00:01.194777,1.1479263587255017,0.06584902004897891,0.019665993345193315,30.656501654802568,0.20587863487100283,24.218314050721034,0.13700563799346482,2.513863387950514,0.2552782690289239,0.0010619407962700386,,0.16132999622909616,,0,PRUNED
317,5.364681118785889,1.1762383914563326,2026-10-06 00:23:37.544972,2026-10-06 00:26:44.770811,0 days 00:03:07.225839,0.8853783447725336,1.4206888974568064,0.05119062039653027,46.12969398715152,0.32604712278271397,2.610195522831451,0.4588802900208383,6.376645401230849,0.09480586598872398,0.04968955387547349,0.017437149685261714,0.1683129929870562,187.22575447056442,0,COMPLETE
318,,,2026-10-06 00:23:37.791029,2026-10-06 00:23:38.429010,0 days 00:00:00.637981,1.2157921641994014,1.4442649699072065,0.12112387583436045,12.507034298949664,0.32501492608945026,27.560580722621935,0.3603885703155742,34.461365431390334,0.5036800560752511,0.0027054431298711634,,0.8149466787893265,,0,PRUNED
319,,,2026-10-06 00:23:37.950994,2026-10-06 00:23:38.762019,0 days 00:00:00.811025,1.1626227475834838,1.4317929814825998,0.8420232893893352,18.612996521394496,0.37700549012595896,96.62470613806238,1.027806451253499,1.1119069778148236,0.04760303348094619,0.020424859573025332,,0.4568508599957076,,0,PRUNED
320,,,2026-10-06 00:23:38.129006,2026-10-06 00:23:38.974027,0 days 00:00:00.845021,0.9129881360687429,0.6470440542940803,0.4445512741624922,18.79883066636739,1.4653883604470268,97.6220629828702,0.9542957201895591,18.088604175412694,1.2694994647272515,0.006762445405942262,,1.3824916876171038,,0,PRUNED
321,,,2026-10-06 00:23:38.184165,2026-10-06 00:24:16.763000,0 days 00:00:38.578835,1.1909771739215782,0.43865516881307554,0.1039235862129135,19.43168772142682,0.28236804160631596,11.745291366885427,0.3693626124438005,2.523997480521906,1.2171508724221485,0.009839694089129708,0.00015756178200401056,1.1054704966018305,,0,PRUNED
322,,,2026-10-06 00:23:38.187980,2026-10-06 00:23:39.343067,0 days 00:00:01.155087,0.027078718746773867,1.105522170699933,0.1231386480919645,21.920911121847098,1.4915092856077505,15.956691118181906,1.3608118855983666,2.3083390671532977,0.12949540487261413,0.0011899607654467183,,0.6216127405601197,,0,PRUNED
323,,,2026-10-06 00:23:38.191973,2026-10-06 00:23:38.712185,0 days 00:00:00.520212,1.2655173426053143,1.479839668708297,0.5203508162787723,23.5338507154035,0.6282299799468167,3.0975959065908727,1.4679973281493568,6.881554910894123,0.6695339771874467,0.01619632637052549,,0.5906440014802692,,0,PRUNED
324,,,2026-10-06 00:23:38.195967,2026-10-06 00:23:39.047020,0 days 00:00:00.851053,0.8910887078448533,0.6817359966164138,0.24748614393095913,32.03576572685476,0.4639930375696969,5.76591312917082,1.0081767806080193,9.17227755075204,0.7627700833597352,0.010126056780921265,,0.906097871187914,,0,PRUNED
325,10.422467414997696,1.3257777922862004,2026-10-06 00:23:38.199965,2026-10-06 00:26:53.616477,0 days 00:03:15.416512,0.7473177034173601,0.91249097760833,0.027422035814939266,43.83325692757062,0.010184101452173133,6.916462904894192,1.414236068903067,1.0495380344842093,0.585173570426059,0.008370949063429214,7.768023270574987e-06,0.225082189367332,195.41641756612808,0,COMPLETE
326,,,2026-10-06 00:23:39.132183,2026-10-06 00:24:17.739060,0 days 00:00:38.606877,0.3619268421398353,0.40670483359332327,0.37229285288252645,9.483008571335153,0.29574870609345033,12.116214985141982,0.08761810057902397,45.0355720988637,1.333137542975091,0.028120115997081332,0.0068403665630958265,0.5106887991773803,,0,PRUNED
