number,values_0,values_1,datetime_start,datetime_complete,duration,params_between_rest_spread,params_c_spread,params_c_val,params_input_force,params_k_between_spread,params_k_between_val,params_k_wall_spread,params_k_wall_val,params_m_spread,params_m_val,params_ridge_alpha,params_wall_rest_spread,user_attrs_duration_sec,system_attrs_NSGAIISampler:generation,state
690,30.533842717788183,1.2823075602042837,2026-10-06 00:36:25.685999,2026-10-06 00:39:37.645598,0 days 00:03:11.959599,0.8861887783233188,0.4835105352725577,0.4120579376102117,16.606931230784816,0.3201011955575039,85.69762729633804,0.21292518523710352,2.029882838261563,0.2975664073833317,0.09765004764801033,9.389021170401149,0.2678812614884665,191.95950429607183,3,COMPLETE
691,,,2026-10-06 00:36:26.061159,2026-10-06 00:36:27.121017,0 days 00:00:01.059858,1.2356600307833205,0.5088079218375162,0.09005234812447538,5.245413993140336,0.2395452449940939,98.6416708615901,1.4594405107884705,4.314853216716561,1.4378857160730036,0.007361010447850752,,0.7296704665126732,,3,PRUNED
692,,,2026-10-06 00:36:26.064979,2026-10-06 00:36:28.284018,0 days 00:00:02.219039,0.9528582881543378,1.1232321841630997,0.5662816343755678,21.183844928151355,0.4341680398448426,26.22079615322774,1.2530644839615808,1.2001363989388558,0.4493735763474446,0.03038027549946027,,0.2678812614884665,,3,PRUNED
693,34.40814530780342,1.3735872410557632,2026-10-06 00:36:26.761001,2026-10-06 00:39:39.067034,0 days 00:03:12.306033,0.447684485641811,0.8304682506740793,0.34699519698385084,49.168071302148626,0.05714116461716917,85.69762729633804,1.191277759964359,5.8774721288796,0.2975664073833317,0.09765004764801033,2.9442330109354824,1.1540267369865085,192.30594701692462,3,COMPLETE
694,25.98754961059915,5.0810800506568174,2026-10-06 00:36:27.618309,2026-10-06 00:39:42.313375,0 days 00:03:14.695066,1.0457736346746487,0.3731992973752525,0.4120579376102117,21.183844928151355,0.2395452449940939,26.22079615322774,0.21292518523710352,1.3290341234086505,0.4493735763474446,0.024099244621516126,0.0006185581455600675,1.1137428294822522,194.694985720329,3,COMPLETE
695,22.93809394798035,1.6920746489907064,2026-10-06 00:36:27.621983,2026-10-06 00:39:38.333710,0 days 00:03:10.711727,0.19630735827449874,0.527164092890509,0.06022460482083565,1.7812607356211605,0.2395452449940939,2.9667093425059705,1.394035285276604,10.195345414647532,0.4212595585654096,0.024099244621516126,0.0006185581455600675,0.3066293241794842,190.71164535637945,3,COMPLETE
696,18.243714818518946,1.2281744691923975,2026-10-06 00:36:27.733018,2026-10-06 00:39:42.504821,0 days 00:03:14.771803,0.447684485641811,0.8304682506740793,0.34699519698385084,16.18523914545625,1.35460707310614,11.647781097448451,1.191277759964359,1.2001363989388558,0.04206136129933902,0.09765004764801033,0.00023455457478105328,1.1540267369865085,194.77170413639396,3,COMPLETE
697,12.619176953501569,16.675487012603767,2026-10-06 00:36:28.199983,2026-10-06 00:39:37.355152,0 days 00:03:09.155169,1.3426389093843176,0.24837341587000777,0.2169448017457144,9.868280842937416,1.0774031071944332,2.9667093425059705,0.06389754300029743,10.195345414647532,0.4212595585654096,0.006074688503901476,0.004475392410627206,0.21347726672360295,189.1550728743896,3,COMPLETE
698,,,2026-10-06 00:36:28.336126,2026-10-06 00:36:29.067983,0 days 00:00:00.731857,0.3834721347353825,0.2965654106455736,0.34699519698385084,18.677678184085455,1.4587170185674183,11.647781097448451,0.6419517764288287,23.475624031055144,0.089910785226051,0.0016798782617526683,,0.008646455689541255,,3,PRUNED
699,29.98248735560997,10.415771053594765,2026-10-06 00:36:28.403985,2026-10-06 00:39:39.931623,0 days 00:03:11.527638,0.447684485641811,0.2965654106455736,0.6443949852851695,18.489161893608337,0.2395452449940939,98.6416708615901,0.21292518523710352,5.8774721288796,0.08173395261699556,0.03280586071940829,0.00014447613183128302,1.1540267369865085,191.52754853386432,3,COMPLETE
700,,,2026-10-06 00:36:28.785005,2026-10-06 00:36:29.825037,0 days 00:00:01.040032,1.3426389093843176,0.4816372445589505,0.4120579376102117,12.534422156318627,0.8641627247678014,2.9667093425059705,1.2122785052154603,11.87360269152605,0.4212595585654096,0.006074688503901476,,1.3551028327468713,,3,PRUNED
701,14.679747628496866,6.6485687746037225,2026-10-06 00:36:29.075989,2026-10-06 00:39:39.315843,0 days 00:03:10.239854,0.3834721347353825,0.2965654106455736,0.5503090160144547,16.18523914545625,1.4587170185674183,11.647781097448451,0.6419517764288287,23.475624031055144,0.04206136129933902,0.03280586071940829,0.00023455457478105328,0.008646455689541255,190.23975930176675,3,COMPLETE
702,13.33578074234833,1.2045106115285473,2026-10-06 00:36:29.340006,2026-10-06 00:39:41.307375,0 days 00:03:11.967369,1.2243034508782207,0.5203487901288681,0.053131361676298165,37.82514248798617,0.4047073413009267,28.285734118696016,0.3082481893581244,1.0911664422198941,0.05609924456069537,0.03280586071940829,0.007120294513587467,0.7296704665126732,191.96728247404099,3,COMPLETE
703,17.248459840819123,3.4070522475609604,2026-10-06 00:36:29.975994,2026-10-06 00:39:41.500398,0 days 00:03:11.524404,0.447684485641811,0.3233389271032242,0.5799701872746303,11.991629079089469,0.6454873286650737,3.9357948336652977,0.12486747625813921,1.2001363989388558,0.6612894906970102,0.03671481463613098,0.00014447613183128302,1.3458907086260936,191.5243170587346,3,COMPLETE
704,29.351827188206574,1.352134284685494,2026-10-06 00:36:30.136154,2026-10-06 00:39:40.256818,0 days 00:03:10.120664,0.8861887783233188,0.26436360806232834,0.11369858697944095,19.522781869107995,0.631975484387248,25.088361291801984,0.4740161859265573,2.072575382240667,0.742842471971084,0.06668334722343025,2.1038771230648366e-06,0.7296704665126732,190.12057191506028,3,COMPLETE
705,23.26653074013381,12.179947062951708,2026-10-06 00:36:30.698992,2026-10-06 00:39:39.057700,0 days 00:03:08.358708,0.7737222815132565,0.5608376222859704,0.807738690329122,18.677678184085455,0.6688626104060442,25.088361291801984,0.19809840133758488,7.9874857515804925,0.5860574191614696,0.03280586071940829,0.00014447613183128302,0.9405267840694287,188.35860586352646,3,COMPLETE
706,14.377572729840788,1.9071124879747172,2026-10-06 00:36:55.355009,2026-10-06 00:40:03.762048,0 days 00:03:08.407039,0.39568328879440856,0.24837341587000777,0.587377575500352,5.814557047239577,0.8641627247678014,2.9667093425059705,0.4740161859265573,2.072575382240667,0.4212595585654096,0.06668334722343025,1.1762488306807034e-06,0.21347726672360295,188.40693798288703,3,COMPLETE
707,18.347969541082907,3.5630313955866537,2026-10-06 00:36:57.322011,2026-10-06 00:40:13.788388,0 days 00:03:16.466377,0.4428292606447327,0.3731992973752525,0.5662816343755678,16.606931230784816,1.1150028353905197,11.647781097448451,0.6165960852108494,2.029882838261563,0.405915846546168,0.03280586071940829,0.0011757094612474103,0.05322667642326201,196.46626583021134,3,COMPLETE
708,21.51173222129929,4.2995279086989235,2026-10-06 00:36:57.859565,2026-10-06 00:40:14.918300,0 days 00:03:17.058735,0.447684485641811,0.2965654106455736,0.6443949852851695,20.507499943336025,0.29675499538560296,28.285734118696016,0.6419517764288287,1.2001363989388558,0.089910785226051,0.03280586071940829,0.00014447613183128302,1.1540267369865085,197.05862787924707,3,COMPLETE
709,29.502414767815093,1.345881300539368,2026-10-06 00:37:00.208010,2026-10-06 00:40:09.547139,0 days 00:03:09.339129,0.447684485641811,0.3233389271032242,0.11720021795877078,41.645467536664455,0.6454873286650737,3.9357948336652977,0.12486747625813921,86.57068482598544,0.6612894906970102,0.037495759622009746,0.00014447613183128302,1.3458907086260936,189.33899356611073,3,COMPLETE
710,,,2026-10-06 00:37:00.960987,2026-10-06 00:37:02.287048,0 days 00:00:01.326061,0.2994157425323484,0.5088079218375162,0.8109782093767304,20.52402871779396,0.631975484387248,16.211255471509773,0.4740161859265573,1.1282993084044803,1.1791218744906238,0.014607835649683503,,0.12304193451880518,,3,PRUNED
711,,,2026-10-06 00:37:01.148017,2026-10-06 00:37:41.577435,0 days 00:00:40.429418,0.8861887783233188,0.07170570951995708,0.4120579376102117,16.606931230784816,1.0774031071944332,25.088361291801984,0.21292518523710352,2.029882838261563,0.08173395261699556,0.007361010447850752,2.5243860413612214e-06,0.6004925208325128,,3,PRUNED
712,22.495446835708602,1.8841660706170065,2026-10-06 00:37:01.185489,2026-10-06 00:40:18.318626,0 days 00:03:17.133137,0.39568328879440856,0.4774636695198178,0.18268747908623606,15.131455528370719,0.631975484387248,6.3983390904701665,0.6190885998388953,2.029882838261563,1.1791218744906238,0.06668334722343025,0.004475392410627206,1.4590216336255843,197.13303795363754,3,COMPLETE
713,20.400892640767363,9.337956748846574,2026-10-06 00:37:02.403330,2026-10-06 00:40:15.100780,0 days 00:03:12.697450,1.055584024289513,0.9056915392647674,0.6443949852851695,18.677678184085455,0.6120766046076821,16.211255471509773,0.6419517764288287,23.475624031055144,0.04206136129933902,0.03280586071940829,0.00023455457478105328,0.008646455689541255,192.69734678044915,3,COMPLETE
714,25.144127567575232,5.613317091397171,2026-10-06 00:37:02.487453,2026-10-06 00:40:16.017026,0 days 00:03:13.529573,0.51115025563667,0.5608376222859704,0.807738690329122,17.553296709297783,0.6688626104060442,25.088361291801984,0.19809840133758488,7.9874857515804925,0.5860574191614696,0.07297012210736925,3.680314106392975e-06,0.6004925208325128,193.52948107849807,3,COMPLETE
715,24.322250142159458,4.178230395837286,2026-10-06 00:37:03.262137,2026-10-06 00:40:15.250585,0 days 00:03:11.988448,0.3834721347353825,0.2965654106455736,0.2297655624989891,18.677678184085455,1.4587170185674183,28.285734118696016,0.6419517764288287,23.475624031055144,0.04206136129933902,0.03280586071940829,0.1779362878501945,0.7296704665126732,191.98835705779493,3,COMPLETE
716,11.199511046410722,5.252044153506694,2026-10-06 00:37:03.645193,2026-10-06 00:40:22.843648,0 days 00:03:19.198455,1.3426389093843176,0.24837341587000777,0.587377575500352,16.18523914545625,0.8641627247678014,2.9667093425059705,0.06389754300029743,10.195345414647532,0.4212595585654096,0.03280586071940829,0.03673941552765711,0.21347726672360295,199.1983491126448,3,COMPLETE
717,,,2026-10-06 00:37:03.648989,2026-10-06 00:37:05.268016,0 days 00:00:01.619027,0.6062262771251812,0.3543601040935676,0.4120579376102117,16.606931230784816,0.6454873286650737,3.9357948336652977,0.12486747625813921,86.57068482598544,0.6190501002082973,0.007361010447850752,,1.1137428294822522,,3,PRUNED
718,,,2026-10-06 00:37:03.814998,2026-10-06 00:37:44.084037,0 days 00:00:40.269039,0.7535562568504046,0.527164092890509,0.06022460482083565,18.489161893608337,0.2395452449940939,20.598464007188923,1.394035285276604,2.0330101929189524,0.7685554742107898,0.007361010447850752,0.0006185581455600675,0.6004925208325128,,3,PRUNED
719,,,2026-10-06 00:37:04.157605,2026-10-06 00:37:05.205038,0 days 00:00:01.047433,1.2356600307833205,0.5088079218375162,0.09005234812447538,14.737440680852005,1.0774031071944332,81.04706414748077,1.4594405107884705,4.314853216716561,0.17672380622360612,0.007361010447850752,,0.5142999062500755,,3,PRUNED
720,12.441277370549873,5.354521693881183,2026-10-06 00:37:04.290986,2026-10-06 00:40:16.363913,0 days 00:03:12.072927,0.7535562568504046,0.24837341587000777,0.587377575500352,12.404456665881645,1.0774031071944332,2.9615022659031585,0.6190885998388953,10.195345414647532,0.7685554742107898,0.032377402187099134,0.03673941552765711,0.21347726672360295,192.07284048758447,3,COMPLETE
721,,,2026-10-06 00:37:04.294989,2026-10-06 00:39:41.764020,0 days 00:02:37.469031,0.9323049410555256,0.2965654106455736,0.6443949852851695,18.677678184085455,1.4587170185674183,2.1048794976754106,0.6419517764288287,23.475624031055144,1.0749850412981183,0.02749864300312601,0.00023455457478105328,1.1888155686802921,,3,PRUNED
722,27.43011446133055,2.4564877563473493,2026-10-06 00:37:04.491997,2026-10-06 00:40:15.923586,0 days 00:03:11.431589,0.7535562568504046,0.3731992973752525,0.09005234812447538,5.245413993140336,1.0774031071944332,11.647781097448451,0.6190885998388953,23.475624031055144,0.7685554742107898,0.03280586071940829,0.004475392410627206,0.05322667642326201,191.43149272538722,3,COMPLETE
723,32.21246427066854,1.2522186431904576,2026-10-06 00:37:05.240997,2026-10-06 00:40:19.052820,0 days 00:03:13.811823,0.7737222815132565,0.15649587760248423,0.06022460482083565,17.553296709297783,0.2395452449940939,98.6416708615901,1.394035285276604,14.182822102930093,0.194083030357998,0.07297012210736925,2.1038771230648366e-06,0.9405267840694287,193.81173018272966,3,COMPLETE
724,30.200379112456268,2.1610334106020366,2026-10-06 00:37:05.344128,2026-10-06 00:40:17.806338,0 days 00:03:12.462210,0.7737222815132565,0.5608376222859704,0.3042089878823274,25.618205210843083,0.6688626104060442,25.088361291801984,0.9990601517843144,5.299460499774038,0.5860574191614696,0.07297012210736925,2.1038771230648366e-06,1.1888155686802921,192.46212137583643,3,COMPLETE
725,19.487059246189467,1.227152575792005,2026-10-06 00:37:05.428961,2026-10-06 00:40:15.975944,0 days 00:03:10.546983,0.7737222815132565,0.3233389271032242,0.11720021795877078,41.645467536664455,1.0827262909290307,3.9357948336652977,0.19809840133758488,86.57068482598544,0.5860574191614696,0.07297012210736925,2.1038771230648366e-06,0.9405267840694287,190.54688843898475,3,COMPLETE
726,22.842358311758716,2.105052342135444,2026-10-06 00:37:05.536014,2026-10-06 00:40:20.069810,0 days 00:03:14.533796,1.350503098526395,0.011151379315492593,0.08225225182467477,8.556213008137046,1.4257271037095816,7.596863112772716,0.20357229172011587,5.299460499774038,0.6168387269531914,0.02749864300312601,0.0051341657907994255,0.9040411163974774,194.53370739519596,3,COMPLETE
727,,,2026-10-06 00:37:06.887990,2026-10-06 00:37:07.838037,0 days 00:00:00.950047,1.3426389093843176,0.9451596471044744,0.587377575500352,37.82514248798617,0.8641627247678014,2.9667093425059705,0.3082481893581244,8.992579874506395,0.5501285210765905,0.006074688503901476,,0.21347726672360295,,3,PRUNED
728,27.950272796480505,1.5342047757364807,2026-10-06 00:37:07.884110,2026-10-06 00:40:19.977580,0 days 00:03:12.093470,0.447684485641811,0.8304682506740793,0.11720021795877078,41.645467536664455,0.05714116461716917,42.44223698016689,0.38106229976815414,5.8774721288796,0.6612894906970102,0.037495759622009746,0.00014447613183128302,1.3458907086260936,192.09338431619108,3,COMPLETE
729,16.05384616091389,3.1109708324049947,2026-10-06 00:37:08.659002,2026-10-06 00:40:19.947765,0 days 00:03:11.288763,0.4428292606447327,0.4835105352725577,0.2297655624989891,16.794110724016896,0.29675499538560296,2.9615022659031585,1.1005495658702966,2.0330101929189524,0.7685554742107898,0.022132402954529992,0.0011757094612474103,1.4091954145326726,191.28866179846227,3,COMPLETE
730,,,2026-10-06 00:37:08.768000,2026-10-06 00:37:09.098946,0 days 00:00:00.330946,0.6062262771251812,0.9056915392647674,0.11369858697944095,33.17033856339264,0.6454873286650737,3.9357948336652977,0.5631670018508641,86.57068482598544,1.1791218744906238,0.06668334722343025,,1.1137428294822522,,3,PRUNED
731,18.727804865923282,6.622488182372724,2026-10-06 00:37:09.781163,2026-10-06 00:40:20.682614,0 days 00:03:10.901451,0.7535562568504046,0.5088079218375162,0.09005234812447538,5.245413993140336,1.0774031071944332,2.9615022659031585,0.6190885998388953,4.314853216716561,0.17672380622360612,0.007361010447850752,1.9958034707972923e-06,0.5142999062500755,190.90136525034904,3,COMPLETE
732,,,2026-10-06 00:37:09.784971,2026-10-06 00:37:50.055029,0 days 00:00:40.270058,0.8861887783233188,0.4774636695198178,0.18268747908623606,15.131455528370719,0.6484645690572918,23.431033140917705,0.6190885998388953,2.029882838261563,0.26083598793965107,0.007361010447850752,0.004475392410627206,0.6004925208325128,,3,PRUNED
733,17.21454608782206,1.2448649935197356,2026-10-06 00:37:09.859985,2026-10-06 00:40:16.959861,0 days 00:03:07.099876,0.01499882791405005,1.0562250660985053,0.6443949852851695,11.991629079089469,0.6046626808156426,11.647781097448451,0.9356883984494996,23.475624031055144,0.007925456797868324,0.09765004764801033,0.00023455457478105328,0.008646455689541255,187.0997786410153,3,COMPLETE
734,27.892270949462368,3.2664232397057495,2026-10-06 00:37:09.863973,2026-10-06 00:40:21.050101,0 days 00:03:11.186128,1.350503098526395,0.7347826529652479,0.20358075665942357,8.556213008137046,1.4257271037095816,7.596863112772716,1.3355598077240103,11.86468393276075,0.6168387269531914,0.029771009616437947,0.0051341657907994255,0.9040411163974774,191.18603638000786,3,COMPLETE
735,,,2026-10-06 00:37:10.866146,2026-10-06 00:37:11.628062,0 days 00:00:00.761916,0.2994157425323484,0.2965654106455736,0.09005234812447538,5.245413993140336,1.0774031071944332,9.235458204740613,1.3345294444729143,23.475624031055144,0.7984093756046275,0.02001143124684617,,1.2523691713487404,,3,PRUNED
736,19.797507794254486,1.2569530109942977,2026-10-06 00:37:10.869972,2026-10-06 00:40:15.772612,0 days 00:03:04.902640,0.22557074171973307,0.3543601040935676,0.053131361676298165,33.17033856339264,0.4047073413009267,65.15119547276676,0.3082481893581244,31.577222997549846,0.6190501002082973,0.037495759622009746,1.7330071479363856e-05,1.1137428294822522,184.90254718624055,3,COMPLETE
737,22.932070240724975,5.288688460173304,2026-10-06 00:37:11.315995,2026-10-06 00:40:22.952791,0 days 00:03:11.636796,0.3834721347353825,1.06372043635494,0.11369858697944095,5.814557047239577,0.631975484387248,11.647781097448451,0.6419517764288287,23.475624031055144,0.04206136129933902,0.013236509715707638,0.022396826782160748,0.008646455689541255,191.63670437317342,3,COMPLETE
738,22.34541946691848,2.6943345257753872,2026-10-06 00:37:11.808027,2026-10-06 00:40:23.157718,0 days 00:03:11.349691,0.3834721347353825,0.8661787220393558,0.5662816343755678,21.183844928151355,1.35460707310614,1.2305092695987363,1.3264025205198402,38.342083961233584,0.7360596685479106,0.04307095774988902,0.005958227033600532,1.0281652581298224,191.34959925338626,3,COMPLETE
739,28.843359331738405,2.4184717780424365,2026-10-06 00:37:11.879160,2026-10-06 00:40:24.755295,0 days 00:03:12.876135,0.3395165906212997,0.3233389271032242,0.11720021795877078,21.183844928151355,0.6454873286650737,26.22079615322774,0.6419517764288287,86.57068482598544,0.46962213455178087,0.03038027549946027,0.00014447613183128302,0.7296704665126732,192.87603437155485,3,COMPLETE
740,19.434045562990356,1.5679247717641451,2026-10-06 00:37:41.302293,2026-10-06 00:40:54.837134,0 days 00:03:13.534841,0.3834721347353825,0.3731992973752525,0.2297655624989891,18.677678184085455,1.4587170185674183,11.647781097448451,1.1446866529412485,2.029882838261563,0.04206136129933902,0.03280586071940829,0.1779362878501945,0.05322667642326201,193.53474454768002,3,COMPLETE
741,,,2026-10-06 00:37:41.683996,2026-10-06 00:38:23.094045,0 days 00:00:41.410049,1.3426389093843176,0.24837341587000777,0.587377575500352,26.419606732453488,0.8641627247678014,13.825899524501587,0.06389754300029743,10.195345414647532,0.2584771137590037,0.006074688503901476,0.03673941552765711,0.21347726672360295,,3,PRUNED
742,23.113804653464,3.2892222887758775,2026-10-06 00:37:41.907998,2026-10-06 00:40:53.299100,0 days 00:03:11.391102,0.39568328879440856,0.8896400017615607,0.6443949852851695,18.677678184085455,1.4587170185674183,11.647781097448451,0.4740161859265573,23.475624031055144,0.04206136129933902,0.06668334722343025,1.1762488306807034e-06,0.9700520747024954,191.39100469835103,3,COMPLETE
743,20.61240156850234,4.944052905364979,2026-10-06 00:37:43.449989,2026-10-06 00:41:01.391809,0 days 00:03:17.941820,0.2994157425323484,0.5088079218375162,0.09005234812447538,5.245413993140336,1.0774031071944332,2.9615022659031585,0.6190885998388953,1.1282993084044803,0.7685554742107898,0.007361010447850752,0.0004693315590468239,0.8278277318226694,197.94173787999898,3,COMPLETE
744,20.10325406644809,1.3415136713505713,2026-10-06 00:37:44.191154,2026-10-06 00:40:57.330152,0 days 00:03:13.138998,0.19630735827449874,0.3233389271032242,0.06022460482083565,18.489161893608337,0.2395452449940939,3.9357948336652977,0.12486747625813921,14.182822102930093,0.6612894906970102,0.037495759622009746,0.0006185581455600675,1.3458907086260936,193.13889954145998,3,COMPLETE
745,,,2026-10-06 00:37:44.205279,2026-10-06 00:37:44.846035,0 days 00:00:00.640756,0.8861887783233188,0.4774636695198178,0.18268747908623606,15.131455528370719,0.6484645690572918,6.3983390904701665,0.6190885998388953,2.029882838261563,1.2687160408680729,0.007361010447850752,,0.6004925208325128,,3,PRUNED
746,,,2026-10-06 00:37:44.916283,2026-10-06 00:37:45.587008,0 days 00:00:00.670725,0.8861887783233188,0.3543601040935676,0.1026017143088177,33.17033856339264,0.17665571526270746,3.9357948336652977,0.6190885998388953,86.57068482598544,0.26083598793965107,0.007361010447850752,,1.1137428294822522,,3,PRUNED
747,23.214081752564795,1.9032744852387418,2026-10-06 00:37:45.795990,2026-10-06 00:40:59.895359,0 days 00:03:14.099369,0.2994157425323484,0.2284118304472575,0.5799701872746303,16.606931230784816,0.17665571526270746,25.088361291801984,1.1809764349713352,2.029882838261563,0.08173395261699556,0.08804378717982243,2.1038771230648366e-06,0.7296704665126732,194.0992788663134,3,COMPLETE
748,19.15763596469585,1.1533669604709615,2026-10-06 00:37:45.876155,2026-10-06 00:40:56.931818,0 days 00:03:11.055663,1.1917921473199087,0.8304682506740793,0.10626861340244535,49.168071302148626,0.05714116461716917,85.69762729633804,1.191277759964359,1.2001363989388558,0.573538310576864,0.05061331531697255,1.7201014311893553e-06,1.4242474729910322,191.05557163897902,3,COMPLETE
