number,values_0,values_1,datetime_start,datetime_complete,duration,params_between_rest_spread,params_c_spread,params_c_val,params_input_force,params_k_between_spread,params_k_between_val,params_k_wall_spread,params_k_wall_val,params_m_spread,params_m_val,params_ridge_alpha,params_wall_rest_spread,user_attrs_duration_sec,system_attrs_NSGAIISampler:generation,state
5554,39.84747489064197,11.620146130896227,2026-10-06 03:42:32.073012,2026-10-06 03:45:47.967514,0 days 00:03:15.894502,0.7112273181968373,0.8717951055729352,0.5667882730348237,10.877854836518644,0.33279388005294136,98.6416708615901,0.7518185550990375,19.15408445903519,0.3676044917349766,0.03280586071940829,4.343429493003475e-06,1.2974912099205862,195.89436717052013,35,COMPLETE
5555,,,2026-10-06 03:42:35.894988,2026-10-06 03:42:36.478055,0 days 00:00:00.583067,0.32522926579248107,1.3250358451823205,0.5667882730348237,10.877854836518644,0.7304621057483646,3.4835394409188445,1.484226923085714,19.15408445903519,0.3147662768626407,0.03038027549946027,,1.2974912099205862,,35,PRUNED
5556,28.45162244977622,22.49236582097703,2026-10-06 03:42:36.647002,2026-10-06 03:45:49.870720,0 days 00:03:13.223718,0.51115025563667,0.19189790819770397,0.5926143650576037,10.877854836518644,0.2395452449940939,98.6416708615901,0.7638461919908635,19.15408445903519,0.08173395261699556,0.024099244621516126,2.1038771230648366e-06,0.7699502779177346,193.22359438892454,35,COMPLETE
5557,,,2026-10-06 03:42:36.686977,2026-10-06 03:42:37.558084,0 days 00:00:00.871107,0.51115025563667,0.8715336252138003,0.5926143650576037,5.245413993140336,0.6087670929915812,98.6416708615901,1.484226923085714,47.99808575727438,0.08173395261699556,0.024099244621516126,,0.23886283196880004,,35,PRUNED
5558,,,2026-10-06 03:42:36.884992,2026-10-06 03:42:37.442057,0 days 00:00:00.557065,1.1546551456676255,0.2284118304472575,0.5667882730348237,11.991629079089469,1.039750727935783,98.6416708615901,0.7638461919908635,5.8774721288796,0.6569962864130753,0.024099244621516126,,0.23886283196880004,,35,PRUNED
5559,26.386420147537006,16.286966070584416,2026-10-06 03:42:36.911973,2026-10-06 03:45:53.087319,0 days 00:03:16.175346,0.9158653711831447,0.19189790819770397,0.778294044131552,47.409052638469,0.33279388005294136,98.6416708615901,0.6419517764288287,5.8774721288796,0.28988344429582863,0.03038027549946027,4.343429493003475e-06,0.1281305020275954,196.17521474324167,35,COMPLETE
5560,40.20784084571874,9.255005913339287,2026-10-06 03:42:37.768396,2026-10-06 03:45:53.745955,0 days 00:03:15.977559,0.8010869639365119,0.7186098618255685,0.5926143650576037,5.245413993140336,0.33279388005294136,98.6416708615901,1.484226923085714,35.86671955459044,0.007925456797868324,0.03038027549946027,4.343429493003475e-06,1.1540267369865085,195.977430569008,35,COMPLETE
5561,32.626317181654905,17.653531210749595,2026-10-06 03:42:37.792140,2026-10-06 03:45:49.590545,0 days 00:03:11.798405,0.8010869639365119,0.19189790819770397,0.5926143650576037,11.991629079089469,0.35603127755050534,85.69762729633804,1.2898828018697517,19.15408445903519,0.3147662768626407,0.03038027549946027,4.343429493003475e-06,0.7699502779177346,191.79827427398413,35,COMPLETE
5562,,,2026-10-06 03:42:37.811097,2026-10-06 03:42:38.495086,0 days 00:00:00.683989,0.7407180681038071,0.21606902729252941,0.17554070773749708,5.245413993140336,0.6087670929915812,98.6416708615901,0.7297455375332902,19.15408445903519,1.1079622155463622,0.03038027549946027,,1.1540267369865085,,35,PRUNED
5563,31.460185540420788,19.437944040808254,2026-10-06 03:42:37.895160,2026-10-06 03:45:51.764463,0 days 00:03:13.869303,0.6775759777641851,0.2284118304472575,0.5926143650576037,10.877854836518644,0.33279388005294136,98.6416708615901,0.7297455375332902,41.66154811682372,0.08173395261699556,0.03038027549946027,2.1038771230648366e-06,1.1570642934500739,193.86917151883245,35,COMPLETE
5564,47.94548510332076,5.057429038723258,2026-10-06 03:42:37.898969,2026-10-06 03:45:52.854967,0 days 00:03:14.955998,0.9158653711831447,0.8598037443596492,0.4120579376102117,5.245413993140336,0.5557547632162355,98.6416708615901,0.6419517764288287,5.8774721288796,0.08173395261699556,0.03038027549946027,2.1038771230648366e-06,0.7699502779177346,194.95587662793696,35,COMPLETE
5565,16.492618972713473,3.268712008648209,2026-10-06 03:42:38.661001,2026-10-06 03:45:49.701819,0 days 00:03:11.040818,0.9158653711831447,0.8717951055729352,0.4120579376102117,37.98310930554273,0.33279388005294136,10.91067716828838,0.6419517764288287,5.8774721288796,0.3676044917349766,0.03038027549946027,4.343429493003475e-06,1.2974912099205862,191.0406884616241,35,COMPLETE
5566,43.78829232429363,6.957414041584334,2026-10-06 03:42:39.951985,2026-10-06 03:45:52.607882,0 days 00:03:12.655897,0.9158653711831447,0.8598037443596492,0.5667882730348237,9.909443991221925,0.33279388005294136,98.6416708615901,1.484226923085714,5.8774721288796,0.08173395261699556,0.03038027549946027,2.1038771230648366e-06,1.2974912099205862,192.6557741742581,35,COMPLETE
5567,,,2026-10-06 03:42:42.944996,2026-10-06 03:42:44.194088,0 days 00:00:01.249092,0.8010869639365119,0.19189790819770397,0.12615106220885586,5.245413993140336,0.33279388005294136,94.61146042672904,1.2898828018697517,35.86671955459044,0.4212595585654096,0.021966873773064614,,0.7699502779177346,,35,PRUNED
5568,,,2026-10-06 03:42:43.077118,2026-10-06 03:42:43.779662,0 days 00:00:00.702544,0.9158653711831447,0.19189790819770397,0.5926143650576037,10.877854836518644,1.3873090193135478,98.6416708615901,1.2898828018697517,5.8774721288796,0.44676357119712734,0.03038027549946027,,0.23886283196880004,,35,PRUNED
