number,values_0,values_1,datetime_start,datetime_complete,duration,params_between_rest_spread,params_c_spread,params_c_val,params_input_force,params_k_between_spread,params_k_between_val,params_k_wall_spread,params_k_wall_val,params_m_spread,params_m_val,params_ridge_alpha,params_wall_rest_spread,user_attrs_duration_sec,system_attrs_NSGAIISampler:generation,state
3350,29.107908858470687,9.422367804138391,2026-10-06 02:19:46.072996,2026-10-06 02:22:57.507545,0 days 00:03:11.434549,0.51115025563667,0.7186098618255685,0.5667882730348237,38.44372746926889,0.2395452449940939,94.61146042672904,1.1051073568510361,5.8774721288796,0.026937100580568585,0.03280586071940829,2.1038771230648366e-06,0.20311733531676335,191.4344379529357,21,COMPLETE
3351,53.03534563471794,1.950286241801491,2026-10-06 02:19:46.114987,2026-10-06 02:22:56.536561,0 days 00:03:10.421574,0.4919537458910443,0.2965654106455736,0.19400160111159936,5.245413993140336,0.6087670929915812,98.6416708615901,0.7297455375332902,5.8774721288796,0.08173395261699556,0.03280586071940829,4.343429493003475e-06,1.2974912099205862,190.42145916447043,21,COMPLETE
3352,29.07481347967306,22.288700533715616,2026-10-06 02:19:46.118963,2026-10-06 02:22:59.212531,0 days 00:03:13.093568,0.51115025563667,0.21606902729252941,0.807738690329122,8.556213008137046,0.2395452449940939,98.6416708615901,1.080654620868664,35.86671955459044,0.3161737300984912,0.03280586071940829,4.343429493003475e-06,0.7699502779177346,193.09344439581037,21,COMPLETE
3353,8.275746919683105,1.2226982946711575,2026-10-06 02:19:46.122947,2026-10-06 02:23:00.564850,0 days 00:03:14.441903,0.51115025563667,0.7186098618255685,0.012752482836435833,5.245413993140336,0.506401025718823,85.69762729633804,0.6419517764288287,41.66154811682372,0.08173395261699556,0.03280586071940829,2.1038771230648366e-06,1.1540267369865085,194.44178807269782,21,COMPLETE
3354,31.8070747246007,4.435547547550191,2026-10-06 02:19:46.176123,2026-10-06 02:22:57.546841,0 days 00:03:11.370718,0.8010869639365119,0.07861675458476158,0.807738690329122,8.556213008137046,0.6087670929915812,85.69762729633804,1.484226923085714,1.4056083189495427,0.08173395261699556,0.03038027549946027,2.1038771230648366e-06,0.2678812614884665,191.37062034383416,21,COMPLETE
3355,,,2026-10-06 02:19:49.222154,2026-10-06 02:19:50.265044,0 days 00:00:01.042890,0.51115025563667,0.7640644838363926,0.5926143650576037,11.991629079089469,0.33279388005294136,1.9339976231617735,1.4690823188003486,35.86671955459044,0.4212595585654096,0.024099244621516126,,0.23886283196880004,,21,PRUNED
3356,41.642635003078524,8.903367144599503,2026-10-06 02:19:50.128999,2026-10-06 02:23:03.292838,0 days 00:03:13.163839,0.7123418565646167,0.2965654106455736,0.4120579376102117,5.245413993140336,0.6087670929915812,94.61146042672904,0.7297455375332902,14.182822102930093,0.08173395261699556,0.03038027549946027,2.1038771230648366e-06,1.1540267369865085,193.16372549533844,21,COMPLETE
3357,23.24392143441262,12.939290333824555,2026-10-06 02:19:50.334141,2026-10-06 02:23:01.444395,0 days 00:03:11.110254,0.8010869639365119,0.21606902729252941,0.5673687007336011,8.556213008137046,0.506401025718823,6.5140385803506495,0.7297455375332902,35.86671955459044,0.2975664073833317,0.03280586071940829,4.343429493003475e-06,1.0514225752143351,191.11015686299652,21,COMPLETE
3358,46.14382814800656,1.738655614004756,2026-10-06 02:19:50.337956,2026-10-06 02:23:02.405458,0 days 00:03:12.067502,0.9158653711831447,0.7186098618255685,0.12615106220885586,21.183844928151355,0.2395452449940939,94.61146042672904,1.2039894335702759,19.15408445903519,0.026937100580568585,0.03038027549946027,4.343429493003475e-06,1.2974912099205862,192.06739352829754,21,COMPLETE
3359,4.519528670695705,1.3016557008851848,2026-10-06 02:19:51.471546,2026-10-06 02:23:06.869530,0 days 00:03:15.397984,0.4424740157674028,0.036098303864161074,0.012490697308589956,8.556213008137046,0.2395452449940939,98.6416708615901,0.6419517764288287,1.4056083189495427,0.08173395261699556,0.03038027549946027,0.0003750271870227611,0.2678812614884665,195.39786230027676,21,COMPLETE
3360,40.2863589870686,1.3204189333681813,2026-10-06 02:19:51.474963,2026-10-06 02:23:01.387344,0 days 00:03:09.912381,0.7123418565646167,0.9277185443706824,0.12615106220885586,8.556213008137046,0.6087670929915812,85.69762729633804,0.7297455375332902,1.4056083189495427,0.08173395261699556,0.08845943719418886,2.1038771230648366e-06,0.2678812614884665,189.91227168496698,21,COMPLETE
3361,40.498141701139296,10.170406373062075,2026-10-06 02:19:53.165995,2026-10-06 02:22:59.096050,0 days 00:03:05.930055,0.7123418565646167,0.8717951055729352,0.5667882730348237,5.245413993140336,0.6087670929915812,94.61146042672904,0.7297455375332902,41.66154811682372,0.08173395261699556,0.03038027549946027,2.1038771230648366e-06,1.209109649444219,185.92994107026607,21,COMPLETE
3362,28.20571530442232,14.763128205464335,2026-10-06 02:19:54.678166,2026-10-06 02:23:02.990563,0 days 00:03:08.312397,0.51115025563667,0.2965654106455736,0.807738690329122,21.183844928151355,0.33279388005294136,98.6416708615901,1.080654620868664,5.8774721288796,0.08173395261699556,0.03280586071940829,2.1038771230648366e-06,0.23886283196880004,188.3122860956937,21,COMPLETE
3363,42.866369966262255,5.976967922464212,2026-10-06 02:20:18.159155,2026-10-06 02:23:34.287915,0 days 00:03:16.128760,0.7407180681038071,0.8271962166670193,0.4120579376102117,11.991629079089469,0.6087670929915812,94.61146042672904,1.080654620868664,5.8774721288796,0.007925456797868324,0.03038027549946027,2.1038771230648366e-06,0.15286867792747416,196.12864548992366,21,COMPLETE
3364,,,2026-10-06 02:20:19.470997,2026-10-06 02:20:59.926073,0 days 00:00:40.455076,0.8548572270960194,0.19189790819770397,0.4120579376102117,5.245413993140336,0.6087670929915812,98.6416708615901,1.4690823188003486,5.8774721288796,0.08173395261699556,0.021966873773064614,0.0003750271870227611,1.2267307691914986,,21,PRUNED
3365,45.31015992222136,5.458796260854748,2026-10-06 02:20:20.694011,2026-10-06 02:23:31.783206,0 days 00:03:11.089195,0.2994157425323484,0.7186098618255685,0.4120579376102117,5.245413993140336,0.6087670929915812,94.61146042672904,0.042933548629602636,5.8774721288796,0.007925456797868324,0.03038027549946027,2.1038771230648366e-06,1.1540267369865085,191.089071479626,21,COMPLETE
3366,34.67624820029084,7.804604787368269,2026-10-06 02:20:22.363007,2026-10-06 02:23:34.376734,0 days 00:03:12.013727,0.5887335414971868,0.5544556232332063,0.807738690329122,21.183844928151355,0.33279388005294136,98.6416708615901,1.4690823188003486,2.064375155489988,0.08173395261699556,0.03280586071940829,2.1038771230648366e-06,1.1540267369865085,192.0095947990194,21,COMPLETE
3367,,,2026-10-06 02:20:22.567000,2026-10-06 02:20:23.629052,0 days 00:00:01.062052,0.51115025563667,1.148595925477086,0.807738690329122,21.183844928151355,0.3049037081953532,98.6416708615901,1.484226923085714,45.6508402201298,0.007925456797868324,0.0048515316812315495,,0.23886283196880004,,21,PRUNED
3368,22.94907412430311,3.1225800175978167,2026-10-06 02:20:23.840988,2026-10-06 02:23:36.325937,0 days 00:03:12.484949,0.7407180681038071,0.2965654106455736,0.12615106220885586,5.245413993140336,0.2395452449940939,4.536596826377628,0.6419517764288287,5.8774721288796,0.4212595585654096,0.03038027549946027,4.343429493003475e-06,1.1540267369865085,192.48483306914568,21,COMPLETE
3369,46.02315759093149,4.814881952105113,2026-10-06 02:20:24.606026,2026-10-06 02:23:35.875447,0 days 00:03:11.269421,1.4644809848335274,0.8717951055729352,0.4120579376102117,2.8962441218839254,0.33058700229849197,94.61146042672904,0.7297455375332902,24.7033276028984,0.08173395261699556,0.03038027549946027,2.1038771230648366e-06,1.1540267369865085,191.26931224018335,21,COMPLETE
3370,53.34727692833866,2.2059439301767902,2026-10-06 02:20:24.707986,2026-10-06 02:23:35.426342,0 days 00:03:10.718356,0.51115025563667,0.2965654106455736,0.20358075665942357,5.245413993140336,0.6087670929915812,94.61146042672904,1.484226923085714,5.8774721288796,0.08173395261699556,0.03038027549946027,4.343429493003475e-06,1.2974912099205862,190.71823724359274,21,COMPLETE
3371,48.2912928344178,4.011044793514609,2026-10-06 02:20:25.154006,2026-10-06 02:23:41.052008,0 days 00:03:15.898002,0.51115025563667,0.7186098618255685,0.20358075665942357,5.245413993140336,0.33279388005294136,98.6416708615901,1.0592700530314583,14.182822102930093,0.3054149949472662,0.024099244621516126,4.343429493003475e-06,0.23886283196880004,195.89789285045117,21,COMPLETE
3372,49.59764588566494,2.0222828736214176,2026-10-06 02:20:25.376991,2026-10-06 02:23:33.734521,0 days 00:03:08.357530,0.51115025563667,0.2965654106455736,0.19400160111159936,5.245413993140336,0.6087670929915812,94.61146042672904,1.4690823188003486,5.8774721288796,0.08173395261699556,0.03038027549946027,4.343429493003475e-06,1.2974912099205862,188.3574064206332,21,COMPLETE
3373,51.73463118497746,1.6693228587247722,2026-10-06 02:20:27.280000,2026-10-06 02:23:39.431543,0 days 00:03:12.151543,0.8010869639365119,0.19189790819770397,0.12615106220885586,15.062075855790775,0.2395452449940939,98.6416708615901,1.484226923085714,1.4056083189495427,0.08173395261699556,0.021966873773064614,0.0003750271870227611,0.2678812614884665,192.15143640339375,21,COMPLETE
3374,54.785953832104155,1.3329089110447114,2026-10-06 02:20:28.200000,2026-10-06 02:23:41.202422,0 days 00:03:13.002422,0.8010869639365119,0.19189790819770397,0.12615106220885586,8.556213008137046,0.6087670929915812,94.61146042672904,1.484226923085714,1.2239940939934817,0.2514141313768673,0.03280586071940829,4.343429493003475e-06,0.2678812614884665,193.00231081806123,21,COMPLETE
3375,57.91564221028225,1.2763702194450168,2026-10-06 02:20:28.264135,2026-10-06 02:23:42.341014,0 days 00:03:14.076879,0.8010869639365119,0.19189790819770397,0.12615106220885586,5.245413993140336,0.2395452449940939,94.61146042672904,1.2898828018697517,1.4056083189495427,0.08173395261699556,0.021966873773064614,2.1038771230648366e-06,1.2974912099205862,194.07677130959928,21,COMPLETE
3376,,,2026-10-06 02:20:28.676012,2026-10-06 02:20:29.402479,0 days 00:00:00.726467,0.51115025563667,0.2965654106455736,0.5667882730348237,21.183844928151355,1.461445278135022,98.6416708615901,1.484226923085714,12.371756168223909,0.2975664073833317,0.03038027549946027,,1.2974912099205862,,21,PRUNED
3377,34.981651728498335,8.892930887240531,2026-10-06 02:20:29.976670,2026-10-06 02:23:41.120788,0 days 00:03:11.144118,0.51115025563667,0.8717951055729352,0.5667882730348237,40.25340893314259,0.506401025718823,85.69762729633804,1.484226923085714,5.8774721288796,0.007925456797868324,0.03280586071940829,2.1038771230648366e-06,1.0514225752143351,191.1440107980743,21,COMPLETE
3378,44.083499566989666,6.401066600574952,2026-10-06 02:20:32.455173,2026-10-06 02:23:41.900118,0 days 00:03:09.444945,0.51115025563667,0.8717951055729352,0.4120579376102117,8.556213008137046,0.2395452449940939,98.6416708615901,0.7087151047775566,6.2296041386818795,0.3054149949472662,0.03038027549946027,4.343429493003475e-06,1.1540267369865085,189.44451129902154,21,COMPLETE
3379,,,2026-10-06 02:20:55.709247,2026-10-06 02:20:56.949604,0 days 00:00:01.240357,0.51115025563667,0.2965654106455736,0.20358075665942357,5.245413993140336,0.6087670929915812,98.6416708615901,0.7297455375332902,14.182822102930093,0.3054149949472662,0.0011903228602772968,,1.1540267369865085,,21,PRUNED
3380,36.87328697440453,8.15659400979874,2026-10-06 02:20:57.311006,2026-10-06 02:24:14.046348,0 days 00:03:16.735342,0.51115025563667,0.19189790819770397,0.5926143650576037,5.343050688320007,0.33279388005294136,94.61146042672904,1.484226923085714,5.8774721288796,0.2975664073833317,0.03038027549946027,4.343429493003475e-06,1.1540267369865085,196.7352237738669,21,COMPLETE
3381,26.928243800584074,14.640972628235717,2026-10-06 02:21:00.256219,2026-10-06 02:24:14.408996,0 days 00:03:14.152777,0.51115025563667,0.07861675458476158,0.807738690329122,30.086104159840495,0.33279388005294136,98.6416708615901,1.080654620868664,5.514195433879196,0.3054149949472662,0.03280586071940829,4.343429493003475e-06,0.23886283196880004,194.15266651846468,21,COMPLETE
3382,43.18387883605264,1.2745604293304589,2026-10-06 02:21:01.892995,2026-10-06 02:24:08.378616,0 days 00:03:06.485621,0.9158653711831447,0.8717951055729352,0.12615106220885586,5.245413993140336,0.33279388005294136,85.69762729633804,1.080654620868664,5.8774721288796,0.007925456797868324,0.07695314362991068,2.1038771230648366e-06,1.1540267369865085,186.48549718689173,21,COMPLETE
3383,51.98713116465386,1.9388924368513636,2026-10-06 02:21:01.912965,2026-10-06 02:24:14.925685,0 days 00:03:13.012720,0.37638510139556036,0.2965654106455736,0.19400160111159936,5.245413993140336,0.6087670929915812,98.6416708615901,0.8682908999061202,5.8774721288796,0.08173395261699556,0.03280586071940829,4.343429493003475e-06,1.1540267369865085,193.01262022648007,21,COMPLETE
3384,21.352297015604172,6.788609587356068,2026-10-06 02:21:04.257999,2026-10-06 02:24:17.022290,0 days 00:03:12.764291,0.7123418565646167,0.2965654106455736,0.4120579376102117,5.245413993140336,0.6087670929915812,5.844162688334801,0.7297455375332902,5.8774721288796,0.08173395261699556,0.03038027549946027,2.1038771230648366e-06,1.1540267369865085,192.7641720175743,21,COMPLETE
3385,45.36150097669251,5.376961258870617,2026-10-06 02:21:04.411482,2026-10-06 02:24:19.492171,0 days 00:03:15.080689,0.7407180681038071,0.2965654106455736,0.2760412166124885,10.877854836518644,0.33279388005294136,98.6416708615901,1.484226923085714,35.86671955459044,0.28988344429582863,0.03280586071940829,4.343429493003475e-06,1.1540267369865085,195.08058611117303,21,COMPLETE
3386,41.64046468179659,1.4796955635490834,2026-10-06 02:21:04.517172,2026-10-06 02:24:19.485028,0 days 00:03:14.967856,0.9158653711831447,0.7186098618255685,0.12615106220885586,5.245413993140336,0.2395452449940939,94.61146042672904,1.3303656343791816,41.03335787372256,0.3372985396418654,0.03038027549946027,2.1038771230648366e-06,1.1540267369865085,194.96775346342474,21,COMPLETE
3387,44.23152750004855,6.52679128939069,2026-10-06 02:21:04.771281,2026-10-06 02:24:18.313661,0 days 00:03:13.542380,0.7123418565646167,0.2284118304472575,0.4120579376102117,5.245413993140336,0.6087670929915812,94.61146042672904,0.7297455375332902,5.8774721288796,0.08173395261699556,0.03038027549946027,2.1038771230648366e-06,1.2267307691914986,193.54227634798735,21,COMPLETE
3388,37.303410484425385,8.45386100946325,2026-10-06 02:21:04.983059,2026-10-06 02:24:14.740864,0 days 00:03:09.757805,0.51115025563667,0.3866474651098283,0.5667882730348237,8.556213008137046,0.2395452449940939,98.6416708615901,0.7297455375332902,5.037635802187405,0.05418056250811232,0.03280586071940829,4.343429493003475e-06,1.2974912099205862,189.75768492277712,21,COMPLETE
3389,30.257756338800625,18.520404231999727,2026-10-06 02:21:05.029236,2026-10-06 02:24:17.620215,0 days 00:03:12.590979,0.51115025563667,0.07861675458476158,0.5667882730348237,20.000726109884642,0.33279388005294136,85.69762729633804,1.080654620868664,45.6508402201298,0.007925456797868324,0.03280586071940829,2.1038771230648366e-06,1.3890637168667692,192.5908726612106,21,COMPLETE
3390,10.190607494807063,1.2781186588244895,2026-10-06 02:21:05.342322,2026-10-06 02:24:17.466350,0 days 00:03:12.124028,0.8010869639365119,0.9277185443706824,0.12615106220885586,8.556213008137046,0.33279388005294136,1.1315704364258128,0.21292518523710352,1.4056083189495427,0.3372985396418654,0.03038027549946027,4.343429493003475e-06,0.2678812614884665,192.1239292146638,21,COMPLETE
3391,55.445755398832226,1.5785401286358751,2026-10-06 02:21:07.177989,2026-10-06 02:24:20.169726,0 days 00:03:12.991737,0.51115025563667,0.48628333026250986,0.20358075665942357,5.343050688320007,0.6087670929915812,94.61146042672904,1.484226923085714,2.064375155489988,0.08173395261699556,0.03280586071940829,4.343429493003475e-06,1.1540267369865085,192.99163102079183,21,COMPLETE
3392,,,2026-10-06 02:21:07.287794,2026-10-06 02:21:07.462993,0 days 00:00:00.175199,0.51115025563667,0.21606902729252941,0.03940084667882682,8.556213008137046,0.2395452449940939,98.6416708615901,1.484226923085714,35.86671955459044,0.3054149949472662,0.024099244621516126,,0.7699502779177346,,21,PRUNED
3393,28.016666354960307,11.805007489616587,2026-10-06 02:21:07.290964,2026-10-06 02:24:20.304966,0 days 00:03:13.014002,0.32454074816322837,0.2284118304472575,0.4120579376102117,21.183844928151355,0.1613246765282345,98.6416708615901,1.484226923085714,19.15408445903519,0.08173395261699556,0.03280586071940829,4.343429493003475e-06,0.23886283196880004,193.01389745622873,21,COMPLETE
3394,50.64494762438821,3.1296677162926296,2026-10-06 02:21:07.294957,2026-10-06 02:24:21.669978,0 days 00:03:14.375021,0.51115025563667,0.7186098618255685,0.20358075665942357,5.245413993140336,0.33279388005294136,98.6416708615901,1.4690823188003486,14.182822102930093,0.2975664073833317,0.024099244621516126,4.343429493003475e-06,1.1540267369865085,194.3749296963215,21,COMPLETE
3395,19.195782061266197,1.6928097685767414,2026-10-06 02:21:07.298946,2026-10-06 02:24:18.603477,0 days 00:03:11.304531,0.9158653711831447,0.7186098618255685,0.12615106220885586,5.245413993140336,0.2395452449940939,1.0483439334559743,1.4927428113518229,5.8774721288796,0.026937100580568585,0.03038027549946027,2.1038771230648366e-06,1.1540267369865085,191.30444174818695,21,COMPLETE
3396,54.697526325701276,1.3201611091464902,2026-10-06 02:21:07.306965,2026-10-06 02:24:17.277538,0 days 00:03:09.970573,1.0105601694562825,0.2284118304472575,0.12615106220885586,5.245413993140336,0.33279388005294136,94.61146042672904,0.6419517764288287,5.8774721288796,0.08173395261699556,0.03038027549946027,4.343429493003475e-06,0.00453004707648208,189.97046706452966,21,COMPLETE
3397,36.872189625772464,14.070248345923298,2026-10-06 02:21:07.740987,2026-10-06 02:24:19.259830,0 days 00:03:11.518843,0.7407180681038071,0.19189790819770397,0.5926143650576037,5.245413993140336,0.33279388005294136,94.61146042672904,1.484226923085714,35.86671955459044,0.2975664073833317,0.03038027549946027,2.1038771230648366e-06,1.1540267369865085,191.51873800344765,21,COMPLETE
3398,42.48087266880825,5.124704887926594,2026-10-06 02:21:08.893147,2026-10-06 02:24:21.474124,0 days 00:03:12.580977,0.8010869639365119,0.21606902729252941,0.2345370319995722,8.556213008137046,0.2395452449940939,98.6416708615901,0.7297455375332902,35.86671955459044,0.08173395261699556,0.03038027549946027,4.343429493003475e-06,0.8615062813016334,192.58086615148932,21,COMPLETE
3399,33.785602640255505,8.188016317242793,2026-10-06 02:21:40.680003,2026-10-06 02:24:52.773665,0 days 00:03:12.093662,0.8010869639365119,0.2965654106455736,0.4120579376102117,25.689558627366285,0.2395452449940939,85.69762729633804,0.7297455375332902,5.8774721288796,0.08173395261699556,0.03038027549946027,2.1038771230648366e-06,1.209109649444219,192.09354497957975,21,COMPLETE
3400,47.202716528947775,2.804028852514586,2026-10-06 02:21:41.168277,2026-10-06 02:24:48.171464,0 days 00:03:07.003187,1.4644809848335274,0.9277185443706824,0.24387130631785606,8.556213008137046,0.2395452449940939,86.6015482918717,0.7297455375332902,6.2296041386818795,0.06802941049346445,0.03038027549946027,0.00023428333292156852,0.2678812614884665,187.00306638609618,21,COMPLETE
3401,48.28573407626875,2.4462989777496302,2026-10-06 02:21:42.487376,2026-10-06 02:24:49.299485,0 days 00:03:06.812109,0.51115025563667,0.19189790819770397,0.20358075665942357,10.877854836518644,0.506401025718823,98.6416708615901,0.6419517764288287,5.8774721288796,0.08173395261699556,0.03280586071940829,4.343429493003475e-06,1.1540267369865085,186.8119882037863,21,COMPLETE
3402,,,2026-10-06 02:21:42.943998,2026-10-06 02:21:43.828001,0 days 00:00:00.884003,0.7407180681038071,1.4978600843681797,0.5667882730348237,5.245413993140336,0.6087670929915812,85.69762729633804,0.6419517764288287,41.66154811682372,0.08173395261699556,0.03038027549946027,,1.2974912099205862,,21,PRUNED
3403,55.57742392070308,1.3234177321564078,2026-10-06 02:21:44.414165,2026-10-06 02:24:58.684873,0 days 00:03:14.270708,0.8010869639365119,0.19189790819770397,0.12615106220885586,8.556213008137046,0.2395452449940939,98.6416708615901,1.2898828018697517,1.4056083189495427,0.08173395261699556,0.021966873773064614,0.0003750271870227611,0.2678812614884665,194.27060347609222,21,COMPLETE
3404,53.27465919792553,1.7941093065178086,2026-10-06 02:21:44.462995,2026-10-06 02:24:55.840453,0 days 00:03:11.377458,0.51115025563667,0.2965654106455736,0.19400160111159936,5.245413993140336,0.2395452449940939,94.61146042672904,1.3303656343791816,5.8774721288796,0.026937100580568585,0.03280586071940829,2.1038771230648366e-06,1.2974912099205862,191.3773488169536,21,COMPLETE
3405,53.32753390499734,1.5744800445931195,2026-10-06 02:21:44.788115,2026-10-06 02:24:57.186642,0 days 00:03:12.398527,0.8010869639365119,0.3856261384586317,0.12615106220885586,8.556213008137046,0.2395452449940939,98.6416708615901,1.2898828018697517,1.4056083189495427,0.3054149949472662,0.021966873773064614,0.0003750271870227611,0.2678812614884665,192.39840273652226,21,COMPLETE
3406,,,2026-10-06 02:21:45.441996,2026-10-06 02:21:46.311047,0 days 00:00:00.869051,0.6775759777641851,1.0026494280792957,0.5667882730348237,11.991629079089469,0.33279388005294136,98.6416708615901,1.4690823188003486,41.66154811682372,0.08173395261699556,0.024099244621516126,,1.1540267369865085,,21,PRUNED
3407,,,2026-10-06 02:21:45.823145,2026-10-06 02:21:46.478053,0 days 00:00:00.654908,1.3948483108588494,0.07861675458476158,0.4120579376102117,5.245413993140336,0.6087670929915812,94.61146042672904,1.080654620868664,45.6508402201298,0.007925456797868324,0.003953968390080134,,1.1540267369865085,,21,PRUNED
