number,values_0,values_1,datetime_start,datetime_complete,duration,params_between_rest_spread,params_c_spread,params_c_val,params_input_force,params_k_between_spread,params_k_between_val,params_k_wall_spread,params_k_wall_val,params_m_spread,params_m_val,params_ridge_alpha,params_wall_rest_spread,user_attrs_duration_sec,system_attrs_NSGAIISampler:generation,state
2225,48.21859489121105,1.9630060211716276,2026-10-06 01:35:35.025993,2026-10-06 01:38:45.981425,0 days 00:03:10.955432,0.2994157425323484,0.19189790819770397,0.20358075665942357,8.556213008137046,0.6087670929915812,94.61146042672904,0.21292518523710352,3.4986940086270097,0.08173395261699556,0.03280586071940829,0.00014447613183128302,1.1540267369865085,190.95532917510718,13,COMPLETE
2226,34.666093879694806,12.361138114825701,2026-10-06 01:35:35.602005,2026-10-06 01:38:46.484355,0 days 00:03:10.882350,0.8010869639365119,0.3233389271032242,0.6443949852851695,10.877854836518644,0.2395452449940939,85.69762729633804,0.12486747625813921,5.8774721288796,0.2975664073833317,0.03280586071940829,2.1038771230648366e-06,1.1540267369865085,190.8822525208816,13,COMPLETE
2227,36.40163165723489,10.66200240302859,2026-10-06 01:35:35.744144,2026-10-06 01:38:46.528617,0 days 00:03:10.784473,0.4919537458910443,0.8717951055729352,0.4120579376102117,18.489161893608337,0.2395452449940939,85.69762729633804,0.21292518523710352,23.475624031055144,0.4212595585654096,0.03038027549946027,0.00014447613183128302,1.1540267369865085,190.78437816351652,13,COMPLETE
2228,37.26584499162545,7.73876372552488,2026-10-06 01:35:37.341197,2026-10-06 01:38:46.119569,0 days 00:03:08.778372,0.447684485641811,0.7186098618255685,0.4120579376102117,18.489161893608337,0.2395452449940939,98.6416708615901,0.21292518523710352,5.8774721288796,0.08173395261699556,0.03038027549946027,0.00014447613183128302,1.1540267369865085,188.77827749215066,13,COMPLETE
2229,41.243838505538946,4.845965476450354,2026-10-06 01:35:39.326007,2026-10-06 01:38:48.819691,0 days 00:03:09.493684,1.4994629833852269,0.8717951055729352,0.5007349343976268,8.556213008137046,0.6454873286650737,85.69762729633804,1.3460422977121211,23.475624031055144,0.08173395261699556,0.03280586071940829,0.00014447613183128302,1.2974912099205862,189.4935824656859,13,COMPLETE
2230,34.23886093143782,12.476484205783368,2026-10-06 01:36:09.196004,2026-10-06 01:39:18.270446,0 days 00:03:09.074442,1.1779651535039977,0.3233389271032242,0.4120579376102117,8.556213008137046,0.2395452449940939,85.69762729633804,0.7297455375332902,86.57068482598544,0.08173395261699556,0.03038027549946027,0.00014447613183128302,0.6298110096990894,189.07432939764112,13,COMPLETE
2231,32.151065200394534,15.653222855390283,2026-10-06 01:36:09.585987,2026-10-06 01:39:22.852731,0 days 00:03:13.266744,0.4919537458910443,0.21606902729252941,0.5007349343976268,18.386910920395536,0.2395452449940939,98.6416708615901,0.21292518523710352,19.15408445903519,0.4212595585654096,0.03038027549946027,0.00014447613183128302,1.1540267369865085,193.2666308367625,13,COMPLETE
2232,17.04553886513797,3.754548779425401,2026-10-06 01:36:10.012132,2026-10-06 01:39:22.668239,0 days 00:03:12.656107,0.51115025563667,0.7186098618255685,0.4120579376102117,18.386910920395536,0.2395452449940939,1.788703871591109,0.6664311074859364,19.15408445903519,0.4212595585654096,0.02749864300312601,0.00014447613183128302,1.3635581381619835,192.6560046626255,13,COMPLETE
2233,43.72743109875673,4.577184990123097,2026-10-06 01:36:10.677394,2026-10-06 01:39:22.537158,0 days 00:03:11.859764,0.51115025563667,0.7186098618255685,0.2763185324454943,18.386910920395536,0.6087670929915812,94.61146042672904,0.6419517764288287,5.299460499774038,0.026937100580568585,0.02749864300312601,0.00014447613183128302,1.3635581381619835,191.8596695344895,13,COMPLETE
2234,0.15910440733898493,1.1175837442667054,2026-10-06 01:36:11.374999,2026-10-06 01:39:22.391768,0 days 00:03:11.016769,0.4919537458910443,0.177449314301855,0.01028344654572546,26.32081026796135,0.2395452449940939,85.69762729633804,1.2768154369695417,14.182822102930093,0.08173395261699556,0.03280586071940829,4.343429493003475e-06,0.7296704665126732,191.01665970589966,13,COMPLETE
2235,,,2026-10-06 01:36:11.674394,2026-10-06 01:36:12.242016,0 days 00:00:00.567622,1.2876869449322021,0.8717951055729352,0.728543388899584,10.877854836518644,0.6454873286650737,98.6416708615901,1.484226923085714,19.15408445903519,0.4212595585654096,0.03280586071940829,,1.2974912099205862,,13,PRUNED
2236,55.791147105420805,1.3455423278655831,2026-10-06 01:36:12.223995,2026-10-06 01:39:22.250373,0 days 00:03:10.026378,1.3273971517677068,0.2284118304472575,0.1347521461063753,8.695206399809345,0.05714116461716917,98.6416708615901,1.191277759964359,5.299460499774038,0.18589067298139156,0.02749864300312601,0.00014447613183128302,1.2267307691914986,190.0262794625014,13,COMPLETE
2237,46.01667467608824,4.728213543941605,2026-10-06 01:36:12.430165,2026-10-06 01:39:24.117846,0 days 00:03:11.687681,0.51115025563667,0.7186098618255685,0.4120579376102117,5.245413993140336,0.6087670929915812,94.61146042672904,0.6419517764288287,5.8774721288796,0.08173395261699556,0.03280586071940829,1.200084963761539e-05,1.1540267369865085,191.6875822423026,13,COMPLETE
2238,,,2026-10-06 01:36:12.511989,2026-10-06 01:36:13.222042,0 days 00:00:00.710053,0.447684485641811,0.9155865276680029,0.4120579376102117,14.226158550912755,0.2395452449940939,98.6416708615901,1.484226923085714,39.748773436561954,0.2975664073833317,0.03038027549946027,,1.1540267369865085,,13,PRUNED
2239,37.815790769108915,9.411457541844175,2026-10-06 01:36:12.606127,2026-10-06 01:39:25.284426,0 days 00:03:12.678299,0.869383100277167,0.2965654106455736,0.4120579376102117,18.489161893608337,0.2395452449940939,98.6416708615901,1.484226923085714,14.182822102930093,0.08173395261699556,0.03280586071940829,2.1038771230648366e-06,1.1540267369865085,192.67819313984364,13,COMPLETE
2240,32.98012773219895,13.796280135774943,2026-10-06 01:36:13.537003,2026-10-06 01:39:21.352555,0 days 00:03:07.815552,0.8010869639365119,0.3233389271032242,0.5007349343976268,11.991629079089469,0.2395452449940939,98.6416708615901,0.12486747625813921,86.57068482598544,0.2975664073833317,0.03280586071940829,0.00014447613183128302,1.1540267369865085,187.8154372284189,13,COMPLETE
2241,36.14193159987322,9.403515865683744,2026-10-06 01:36:15.552001,2026-10-06 01:39:27.528371,0 days 00:03:11.976370,0.4919537458910443,0.11907837016900008,0.4120579376102117,21.183844928151355,0.33279388005294136,98.6416708615901,1.080654620868664,19.15408445903519,0.4212595585654096,0.03597247577116608,2.1038771230648366e-06,1.1540267369865085,191.9762547109276,13,COMPLETE
2242,,,2026-10-06 01:36:16.671998,2026-10-06 01:36:17.986047,0 days 00:00:01.314049,0.4919537458910443,0.8717951055729352,0.20358075665942357,18.489161893608337,0.506401025718823,98.6416708615901,1.484226923085714,41.66154811682372,0.2975664073833317,0.03038027549946027,,1.1540267369865085,,13,PRUNED
2243,,,2026-10-06 01:36:18.008734,2026-10-06 01:36:18.934061,0 days 00:00:00.925327,0.447684485641811,0.3233389271032242,0.6443949852851695,18.489161893608337,0.2395452449940939,98.6416708615901,1.484226923085714,86.57068482598544,0.08173395261699556,0.03280586071940829,,1.1540267369865085,,13,PRUNED
2244,32.23246513768893,17.356494626546755,2026-10-06 01:36:19.128991,2026-10-06 01:39:24.997369,0 days 00:03:05.868378,0.8010869639365119,0.3233389271032242,0.6443949852851695,11.991629079089469,0.2395452449940939,98.6416708615901,0.12486747625813921,23.475624031055144,0.2975664073833317,0.03280586071940829,4.343429493003475e-06,1.1540267369865085,185.86827323026955,13,COMPLETE
2245,35.064515237527594,13.679426309180302,2026-10-06 01:36:42.097997,2026-10-06 01:39:51.685856,0 days 00:03:09.587859,0.9406060057135405,0.8717951055729352,0.5667882730348237,18.489161893608337,0.506401025718823,98.6416708615901,0.21292518523710352,41.66154811682372,0.007925456797868324,0.03038027549946027,4.343429493003475e-06,1.2974912099205862,189.58774141222239,13,COMPLETE
2246,34.25815226824652,14.831695110936181,2026-10-06 01:36:44.667003,2026-10-06 01:39:57.675610,0 days 00:03:13.008607,0.51115025563667,0.2965654106455736,0.5667882730348237,8.556213008137046,0.2395452449940939,85.69762729633804,1.3460422977121211,23.475624031055144,0.3372985396418654,0.03038027549946027,1.200084963761539e-05,1.2974912099205862,193.00849804654717,13,COMPLETE
2247,35.436132121351804,6.848196911288396,2026-10-06 01:36:45.676455,2026-10-06 01:39:57.354583,0 days 00:03:11.678128,0.51115025563667,0.7186098618255685,0.4120579376102117,46.503993098777094,0.6087670929915812,94.61146042672904,0.21292518523710352,5.8774721288796,0.026937100580568585,0.03038027549946027,0.00014447613183128302,1.2086549621801865,191.67802256252617,13,COMPLETE
2248,35.162626364056315,8.63950487353791,2026-10-06 01:36:47.260992,2026-10-06 01:39:59.550872,0 days 00:03:12.289880,0.8010869639365119,0.2965654106455736,0.4120579376102117,18.489161893608337,0.2395452449940939,85.69762729633804,1.484226923085714,5.8774721288796,0.08173395261699556,0.03280586071940829,2.1038771230648366e-06,0.2678812614884665,192.28977596852928,13,COMPLETE
2249,33.14493228582474,13.177301195744185,2026-10-06 01:36:48.021004,2026-10-06 01:39:57.715155,0 days 00:03:09.694151,0.8010869639365119,0.3233389271032242,0.5007349343976268,18.489161893608337,0.2395452449940939,98.6416708615901,0.21292518523710352,23.475624031055144,0.2975664073833317,0.03280586071940829,0.00014447613183128302,1.2974912099205862,189.6940428558737,13,COMPLETE
2250,46.26798498122217,3.0975018577889095,2026-10-06 01:36:49.049022,2026-10-06 01:40:04.264161,0 days 00:03:15.215139,0.447684485641811,0.19189790819770397,0.20358075665942357,18.489161893608337,0.2395452449940939,98.6416708615901,1.484226923085714,5.8774721288796,0.4212595585654096,0.03038027549946027,2.1038771230648366e-06,1.1540267369865085,195.21503525041044,13,COMPLETE
2251,,,2026-10-06 01:36:50.876001,2026-10-06 01:36:51.890049,0 days 00:00:01.014048,0.51115025563667,0.2965654106455736,0.13599428175469513,18.489161893608337,0.33279388005294136,98.6416708615901,1.4690823188003486,14.182822102930093,0.08173395261699556,0.004903722321403168,,0.30673616238509677,,13,PRUNED
2252,47.3935249681207,5.155032368081969,2026-10-06 01:36:50.902978,2026-10-06 01:40:04.096609,0 days 00:03:13.193631,0.447684485641811,0.9266743065052385,0.4120579376102117,5.245413993140336,0.6087670929915812,98.6416708615901,0.6419517764288287,5.8774721288796,0.08173395261699556,0.03038027549946027,2.1038771230648366e-06,1.1540267369865085,193.193527742289,13,COMPLETE
2253,,,2026-10-06 01:36:52.199153,2026-10-06 01:36:53.047047,0 days 00:00:00.847894,0.4919537458910443,0.2965654106455736,0.4120579376102117,10.877854836518644,0.2395452449940939,98.6416708615901,1.3429346594026503,19.15408445903519,0.4212595585654096,0.0021994679219054314,,1.1540267369865085,,13,PRUNED
2254,40.784520609303534,6.663163002743238,2026-10-06 01:36:53.159990,2026-10-06 01:40:04.211955,0 days 00:03:11.051965,0.2994157425323484,0.2965654106455736,0.20358075665942357,5.245413993140336,0.5855379267962546,85.69762729633804,0.21292518523710352,74.66720979940638,0.08173395261699556,0.024099244621516126,4.343429493003475e-06,0.739405563829868,191.051871788688,13,COMPLETE
2255,32.5794125421659,16.14369064231802,2026-10-06 01:36:53.163960,2026-10-06 01:40:02.546747,0 days 00:03:09.382787,0.51115025563667,0.7186098618255685,0.5662816343755678,17.416106151114885,0.05714116461716917,94.61146042672904,1.191277759964359,45.6508402201298,0.18589067298139156,0.02749864300312601,0.00023455457478105328,1.1540267369865085,189.38267174735665,13,COMPLETE
2256,37.8599400984063,9.17556816600818,2026-10-06 01:36:55.377007,2026-10-06 01:40:04.675324,0 days 00:03:09.298317,0.4919537458910443,0.2965654106455736,0.4120579376102117,10.877854836518644,0.6454873286650737,85.69762729633804,1.3460422977121211,19.15408445903519,0.08173395261699556,0.03280586071940829,0.00014447613183128302,1.1540267369865085,189.29821501951665,13,COMPLETE
2257,45.87026016009162,3.1319180543582004,2026-10-06 01:37:23.790052,2026-10-06 01:40:38.661845,0 days 00:03:14.871793,0.447684485641811,0.19189790819770397,0.20358075665942357,8.556213008137046,0.2395452449940939,85.69762729633804,1.191277759964359,11.86468393276075,0.3372985396418654,0.03038027549946027,0.0006185581455600675,1.1540267369865085,194.87167906854302,13,COMPLETE
2258,49.75342473459089,1.4886517545914286,2026-10-06 01:37:26.215123,2026-10-06 01:40:37.654828,0 days 00:03:11.439705,0.8010869639365119,0.19189790819770397,0.20358075665942357,8.556213008137046,0.2395452449940939,85.69762729633804,0.28762966283015495,1.4056083189495427,0.3372985396418654,0.03038027549946027,0.0006185581455600675,0.6298110096990894,191.43960036803037,13,COMPLETE
2259,,,2026-10-06 01:37:26.218979,2026-10-06 01:38:08.107026,0 days 00:00:41.888047,0.9158653711831447,0.7186098618255685,0.4120579376102117,13.359444199122356,1.031892006132731,94.61146042672904,0.6419517764288287,5.299460499774038,0.026937100580568585,0.03038027549946027,0.00014447613183128302,1.1540267369865085,,13,PRUNED
2260,48.64076542912095,1.9081564409843512,2026-10-06 01:37:26.222957,2026-10-06 01:40:38.724355,0 days 00:03:12.501398,0.2994157425323484,0.08102647512511829,0.1347521461063753,5.245413993140336,0.5855379267962546,85.69762729633804,1.191277759964359,20.4004304097776,0.08173395261699556,0.03038027549946027,4.343429493003475e-06,1.1540267369865085,192.50130633451045,13,COMPLETE
2261,38.28312149310733,2.5899637845277876,2026-10-06 01:37:27.692535,2026-10-06 01:40:38.481486,0 days 00:03:10.788951,0.447684485641811,0.19189790819770397,0.20358075665942357,30.164326399773863,0.2395452449940939,85.69762729633804,0.21292518523710352,3.4986940086270097,0.2975664073833317,0.03280586071940829,0.00014447613183128302,1.1540267369865085,190.7888476671651,13,COMPLETE
2262,,,2026-10-06 01:37:28.077992,2026-10-06 01:37:28.492042,0 days 00:00:00.414050,1.4644809848335274,0.3233389271032242,0.4120579376102117,14.226158550912755,0.2395452449940939,98.6416708615901,1.484226923085714,86.57068482598544,0.08173395261699556,0.024099244621516126,,1.2974912099205862,,13,PRUNED
2263,,,2026-10-06 01:37:28.834001,2026-10-06 01:38:09.218035,0 days 00:00:40.384034,0.4919537458910443,0.3233389271032242,0.4120579376102117,10.877854836518644,1.1201117882025438,85.69762729633804,1.484226923085714,19.15408445903519,0.4212595585654096,0.03280586071940829,0.00014447613183128302,0.2678812614884665,,13,PRUNED
2264,37.65066877683129,8.118916133250352,2026-10-06 01:37:29.699994,2026-10-06 01:40:45.345497,0 days 00:03:15.645503,0.447684485641811,0.7186098618255685,0.5007349343976268,8.556213008137046,0.2395452449940939,98.6416708615901,1.484226923085714,19.15408445903519,0.08173395261699556,0.03038027549946027,0.00014447613183128302,1.1540267369865085,195.6454017451033,13,COMPLETE
2265,28.15602061656508,20.635680905022557,2026-10-06 01:37:29.727979,2026-10-06 01:40:43.970878,0 days 00:03:14.242899,0.447684485641811,0.3233389271032242,0.6443949852851695,18.489161893608337,0.2395452449940939,98.6416708615901,0.12486747625813921,86.57068482598544,0.2975664073833317,0.03280586071940829,0.00014447613183128302,1.1540267369865085,194.24279641266912,13,COMPLETE
2266,,,2026-10-06 01:37:57.388659,2026-10-06 01:38:33.604041,0 days 00:00:36.215382,1.0988539513335946,0.21606902729252941,0.4120579376102117,8.556213008137046,0.2395452449940939,98.6416708615901,0.21292518523710352,3.4986940086270097,0.08173395261699556,0.012220421598802524,0.00014447613183128302,0.7484799845382546,,13,PRUNED
2267,41.02754535364358,4.830915560820236,2026-10-06 01:37:57.391976,2026-10-06 01:41:11.227853,0 days 00:03:13.835877,1.4644809848335274,0.8717951055729352,0.4120579376102117,11.991629079089469,0.6454873286650737,98.6416708615901,1.3460422977121211,23.475624031055144,0.08173395261699556,0.03280586071940829,2.1038771230648366e-06,1.1540267369865085,193.83575990516692,13,COMPLETE
2268,44.576049041491316,1.9369152055251546,2026-10-06 01:37:58.635010,2026-10-06 01:41:13.981875,0 days 00:03:15.346865,0.447684485641811,0.7186098618255685,0.12615106220885586,15.027486366578986,0.2395452449940939,85.69762729633804,0.21292518523710352,5.8774721288796,0.2975664073833317,0.03038027549946027,2.1038771230648366e-06,0.2678812614884665,195.3467455804348,13,COMPLETE
2269,29.209439590021116,17.452520014078402,2026-10-06 01:38:00.728019,2026-10-06 01:41:15.175835,0 days 00:03:14.447816,0.41976561361593057,0.7186098618255685,0.5667882730348237,17.37291573074149,0.05714116461716917,98.6416708615901,0.21292518523710352,41.66154811682372,0.007925456797868324,0.03038027549946027,4.343429493003475e-06,1.3635581381619835,194.44771667569876,13,COMPLETE
2270,33.477077268193874,17.32388903050517,2026-10-06 01:38:01.083131,2026-10-06 01:41:18.243582,0 days 00:03:17.160451,0.447684485641811,0.7186098618255685,0.807738690329122,14.529739720236316,0.2395452449940939,98.6416708615901,1.080654620868664,14.182822102930093,0.4212595585654096,0.03038027549946027,2.1038771230648366e-06,1.1540267369865085,197.16035232972354,13,COMPLETE
2271,43.73615465263056,6.733419950744102,2026-10-06 01:38:02.797001,2026-10-06 01:41:16.640545,0 days 00:03:13.843544,1.4644809848335274,0.8717951055729352,0.5667882730348237,11.991629079089469,0.6454873286650737,85.69762729633804,1.3460422977121211,6.935971850933617,0.08173395261699556,0.03280586071940829,1.405411903695181e-06,1.2974912099205862,193.8434387696907,13,COMPLETE
2272,36.39210418533463,9.254327048544994,2026-10-06 01:38:02.960130,2026-10-06 01:41:14.762041,0 days 00:03:11.801911,0.51115025563667,0.7186098618255685,0.5662816343755678,18.386910920395536,0.05714116461716917,85.69762729633804,1.191277759964359,5.299460499774038,0.5860574191614696,0.02749864300312601,0.00014447613183128302,1.3635581381619835,191.80180194415152,13,COMPLETE
2273,37.20800033449302,11.147821296701284,2026-10-06 01:38:03.598226,2026-10-06 01:41:19.329574,0 days 00:03:15.731348,1.4644809848335274,0.8786722073540696,0.5667882730348237,8.556213008137046,0.2395452449940939,98.6416708615901,0.21292518523710352,23.475624031055144,0.08173395261699556,0.03038027549946027,4.343429493003475e-06,1.1540267369865085,195.73124353773892,13,COMPLETE
2274,24.655283596505235,10.350810813673668,2026-10-06 01:38:04.118821,2026-10-06 01:41:18.992629,0 days 00:03:14.873808,0.51115025563667,0.2965654106455736,0.807738690329122,11.455591092364289,0.06929084743087993,94.61146042672904,0.934007844741954,7.368797166461692,0.18589067298139156,0.024099244621516126,0.00023455457478105328,1.1540267369865085,194.8737071081996,13,COMPLETE
2275,31.413078576035144,12.327277233558839,2026-10-06 01:38:04.492138,2026-10-06 01:41:18.092536,0 days 00:03:13.600398,0.51115025563667,0.2965654106455736,0.4120579376102117,21.183844928151355,0.506401025718823,98.6416708615901,1.080654620868664,23.475624031055144,0.007925456797868324,0.03280586071940829,4.343429493003475e-06,0.08786894474505036,193.60028898250312,14,COMPLETE
2276,34.64997655916211,9.629969234569696,2026-10-06 01:38:05.354146,2026-10-06 01:41:17.177199,0 days 00:03:11.823053,0.8010869639365119,0.2284118304472575,0.4120579376102117,8.556213008137046,0.2395452449940939,85.69762729633804,0.1427184809693618,14.182822102930093,0.3372985396418654,0.03038027549946027,0.0003750271870227611,0.2678812614884665,191.82295725494623,14,COMPLETE
2277,,,2026-10-06 01:38:06.304161,2026-10-06 01:38:47.908197,0 days 00:00:41.604036,0.51115025563667,0.2965654106455736,0.5662816343755678,21.183844928151355,0.6891672315671695,94.61146042672904,1.4690823188003486,20.4004304097776,0.04206136129933902,0.024099244621516126,4.343429493003475e-06,1.2974912099205862,,14,PRUNED
2278,39.17362997225521,2.877341309058535,2026-10-06 01:38:06.307969,2026-10-06 01:41:20.781828,0 days 00:03:14.473859,0.4919537458910443,0.2284118304472575,0.20358075665942357,13.359444199122356,0.33279388005294136,85.69762729633804,0.12486747625813921,5.299460499774038,0.5860574191614696,0.03280586071940829,0.00014447613183128302,1.1540267369865085,194.4737597340718,14,COMPLETE
2279,25.87664888950374,22.09623015247014,2026-10-06 01:38:08.073006,2026-10-06 01:41:20.123685,0 days 00:03:12.050679,0.51115025563667,0.3233389271032242,0.6443949852851695,11.991629079089469,0.2395452449940939,85.69762729633804,0.12486747625813921,23.475624031055144,0.2975664073833317,0.024099244621516126,0.00014447613183128302,0.22420936382869971,192.0505824200809,14,COMPLETE
2280,23.16883937848429,17.653964462595923,2026-10-06 01:38:08.163988,2026-10-06 01:41:17.952444,0 days 00:03:09.788456,0.51115025563667,0.2965654106455736,0.807738690329122,21.183844928151355,0.05714116461716917,98.6416708615901,1.080654620868664,14.182822102930093,0.04206136129933902,0.024099244621516126,0.00023455457478105328,1.1540267369865085,189.78835465107113,14,COMPLETE
2281,,,2026-10-06 01:38:08.743131,2026-10-06 01:38:48.616062,0 days 00:00:39.872931,0.51115025563667,0.2965654106455736,0.4120579376102117,18.489161893608337,0.8694304636820855,98.6416708615901,1.484226923085714,14.182822102930093,0.08173395261699556,0.024099244621516126,8.379810853707607e-05,1.2974912099205862,,14,PRUNED
2282,,,2026-10-06 01:38:09.723152,2026-10-06 01:38:10.004081,0 days 00:00:00.280929,0.8010869639365119,1.3665596959163704,0.20358075665942357,8.556213008137046,0.6454873286650737,85.69762729633804,1.191277759964359,1.4056083189495427,0.18589067298139156,0.03038027549946027,,0.2678812614884665,,14,PRUNED
2283,42.6066735722311,6.79002866078405,2026-10-06 01:38:10.692162,2026-10-06 01:41:20.080812,0 days 00:03:09.388650,1.2349294162160471,0.19189790819770397,0.4120579376102117,8.695206399809345,0.4319038627926991,98.6416708615901,1.484226923085714,12.679341468861017,0.2975664073833317,0.03038027549946027,4.4855461540449864e-05,1.1540267369865085,189.38855243194848,14,COMPLETE
