number,values_0,values_1,datetime_start,datetime_complete,duration,params_between_rest_spread,params_c_spread,params_c_val,params_input_force,params_k_between_spread,params_k_between_val,params_k_wall_spread,params_k_wall_val,params_m_spread,params_m_val,params_ridge_alpha,params_wall_rest_spread,user_attrs_duration_sec,system_attrs_NSGAIISampler:generation,state
3706,31.695016434324135,7.070512053784652,2026-10-06 02:33:18.267998,2026-10-06 02:36:31.111845,0 days 00:03:12.843847,0.8010869639365119,0.2284118304472575,0.25997253952832144,38.499478988681716,0.2395452449940939,98.6416708615901,0.7174798260289867,35.86671955459044,0.2975664073833317,0.03280586071940829,4.343429493003475e-06,0.793581682198572,192.8437331886962,23,COMPLETE
3707,46.96271124967342,3.7369405221659515,2026-10-06 02:33:19.044994,2026-10-06 02:36:30.132048,0 days 00:03:11.087054,0.8010869639365119,0.43106660563125637,0.2345370319995722,5.245413993140336,0.14692212651879782,98.6416708615901,0.6419517764288287,19.23087639447768,0.08626828579229934,0.03038027549946027,2.1038771230648366e-06,1.2974912099205862,191.08694958128035,23,COMPLETE
3708,,,2026-10-06 02:33:19.733975,2026-10-06 02:35:16.657073,0 days 00:01:56.923098,0.51115025563667,0.07861675458476158,0.20358075665942357,10.877854836518644,0.3049037081953532,98.6416708615901,1.408722467682375,45.6508402201298,0.007925456797868324,0.03280586071940829,4.343429493003475e-06,1.1540267369865085,,23,PRUNED
3709,45.204193183862074,1.2408965500616107,2026-10-06 02:33:19.873324,2026-10-06 02:36:30.816577,0 days 00:03:10.943253,0.32522926579248107,0.21606902729252941,0.04325971603019128,5.245413993140336,0.2395452449940939,94.61146042672904,1.484226923085714,19.15408445903519,0.15450841561573675,0.03038027549946027,2.1038771230648366e-06,1.1540267369865085,190.94314012955874,23,COMPLETE
3710,54.43054738054451,1.2884387625835405,2026-10-06 02:33:20.200152,2026-10-06 02:36:32.088203,0 days 00:03:11.888051,0.8010869639365119,0.7186098618255685,0.12615106220885586,8.556213008137046,0.2395452449940939,98.6416708615901,0.21292518523710352,1.4056083189495427,0.36721765856781885,0.03038027549946027,4.343429493003475e-06,1.0208410761948281,191.88793139532208,23,COMPLETE
3711,33.981215740565446,14.917200807886072,2026-10-06 02:33:21.608001,2026-10-06 02:36:34.133259,0 days 00:03:12.525258,0.51115025563667,0.19189790819770397,0.5667882730348237,5.245413993140336,0.33279388005294136,98.6416708615901,0.6419517764288287,35.86671955459044,0.08173395261699556,0.03280586071940829,2.1038771230648366e-06,1.1540267369865085,192.52513849828392,23,COMPLETE
3712,,,2026-10-06 02:33:23.435999,2026-10-06 02:34:02.680058,0 days 00:00:39.244059,0.51115025563667,0.8717951055729352,0.20358075665942357,20.000726109884642,1.0321812909235888,85.69762729633804,1.080654620868664,5.8774721288796,0.007925456797868324,0.03280586071940829,4.343429493003475e-06,1.1540267369865085,,23,PRUNED
3713,,,2026-10-06 02:33:45.677082,2026-10-06 02:33:46.909063,0 days 00:00:01.231981,0.9158653711831447,0.2284118304472575,0.4120579376102117,10.877854836518644,0.6087670929915812,98.6416708615901,1.080654620868664,23.475624031055144,0.7143133227704566,0.024099244621516126,,1.1540267369865085,,23,PRUNED
3714,33.881139633637844,17.148396804031034,2026-10-06 02:33:47.057848,2026-10-06 02:37:08.628026,0 days 00:03:21.570178,0.51115025563667,0.19189790819770397,0.5667882730348237,10.877854836518644,0.33279388005294136,98.6416708615901,1.080654620868664,35.86671955459044,0.2975664073833317,0.03280586071940829,4.343429493003475e-06,1.1540267369865085,201.5700626615435,23,COMPLETE
3715,51.520094623059705,2.108958617119943,2026-10-06 02:33:49.971190,2026-10-06 02:36:59.278929,0 days 00:03:09.307739,0.51115025563667,0.2965654106455736,0.19400160111159936,5.245413993140336,0.6087670929915812,94.61146042672904,0.6419517764288287,8.308832536750588,0.08173395261699556,0.03280586071940829,4.343429493003475e-06,1.2974912099205862,189.30762124154717,23,COMPLETE
3716,31.459680693396155,6.940116927538814,2026-10-06 02:33:51.284160,2026-10-06 02:37:04.315262,0 days 00:03:13.031102,0.51115025563667,0.19189790819770397,0.807738690329122,24.48943394911996,0.506401025718823,94.61146042672904,0.2613723001927779,12.371756168223909,0.007925456797868324,0.07026961656613251,4.343429493003475e-06,1.2974912099205862,193.03098512254655,23,COMPLETE
3717,35.487676469470884,9.249996122279773,2026-10-06 02:33:51.301130,2026-10-06 02:37:00.281863,0 days 00:03:08.980733,0.8010869639365119,0.8717951055729352,0.5667882730348237,39.9672708791318,0.33279388005294136,85.69762729633804,1.484226923085714,5.8774721288796,0.007925456797868324,0.03038027549946027,4.343429493003475e-06,1.3890637168667692,188.98061057645828,23,COMPLETE
3718,39.274146840626756,4.082344654127157,2026-10-06 02:33:51.944123,2026-10-06 02:37:05.432530,0 days 00:03:13.488407,0.51115025563667,0.07861675458476158,0.19400160111159936,21.183844928151355,0.3049037081953532,94.61146042672904,1.080654620868664,45.6508402201298,0.08173395261699556,0.03280586071940829,4.343429493003475e-06,1.2974912099205862,193.4882876202464,23,COMPLETE
3719,,,2026-10-06 02:33:52.360009,2026-10-06 02:33:52.676027,0 days 00:00:00.316018,0.51115025563667,0.48628333026250986,0.5926143650576037,12.214752017762354,0.6087670929915812,98.6416708615901,1.484226923085714,45.6508402201298,0.08173395261699556,0.007495539298560663,,0.7699502779177346,,23,PRUNED
3720,,,2026-10-06 02:33:53.509154,2026-10-06 02:34:31.230796,0 days 00:00:37.721642,0.7123418565646167,0.2965654106455736,0.5140636250000957,5.245413993140336,0.6087670929915812,94.61146042672904,0.8124273413505371,5.8774721288796,0.5583714885562449,0.03038027549946027,2.1038771230648366e-06,1.209109649444219,,23,PRUNED
3721,53.458576814034394,2.084797345798303,2026-10-06 02:33:53.556986,2026-10-06 02:37:04.751850,0 days 00:03:11.194864,0.8010869639365119,0.8717951055729352,0.2345370319995722,8.556213008137046,0.33279388005294136,98.6416708615901,1.484226923085714,5.8774721288796,0.28988344429582863,0.03038027549946027,4.343429493003475e-06,1.1540267369865085,191.19473961554468,23,COMPLETE
3722,,,2026-10-06 02:33:53.560958,2026-10-06 02:33:54.431056,0 days 00:00:00.870098,0.8548572270960194,0.2284118304472575,0.5926143650576037,11.991629079089469,0.6087670929915812,98.6416708615901,1.4690823188003486,35.86671955459044,0.4212595585654096,0.03038027549946027,,1.2267307691914986,,23,PRUNED
3723,37.51755266767485,10.411692531054406,2026-10-06 02:33:53.818998,2026-10-06 02:37:11.907139,0 days 00:03:18.088141,0.7123418565646167,0.8717951055729352,0.5667882730348237,5.245413993140336,0.6087670929915812,46.6206095990353,0.9896370153324239,41.66154811682372,0.005456083650334731,0.03038027549946027,4.343429493003475e-06,1.1540267369865085,198.08802154753357,23,COMPLETE
3724,22.27805596966723,12.454159552918632,2026-10-06 02:33:54.704153,2026-10-06 02:37:08.335372,0 days 00:03:13.631219,0.7407180681038071,0.19189790819770397,0.5926143650576037,25.71319869056925,0.33279388005294136,11.198145156326026,1.484226923085714,35.86671955459044,0.2975664073833317,0.03280586071940829,4.343429493003475e-06,1.1540267369865085,193.63112023938447,23,COMPLETE
3725,51.554140666586264,2.3364660817463387,2026-10-06 02:33:54.707961,2026-10-06 02:37:02.537851,0 days 00:03:07.829890,0.5635478548033449,0.07861675458476158,0.20358075665942357,10.877854836518644,0.506401025718823,98.6416708615901,1.484226923085714,5.8774721288796,0.2975664073833317,0.03280586071940829,5.411539664035814e-06,1.1540267369865085,187.82977828010917,23,COMPLETE
3726,,,2026-10-06 02:33:56.176998,2026-10-06 02:35:54.334032,0 days 00:01:58.157034,0.7407180681038071,0.19189790819770397,0.807738690329122,10.877854836518644,0.6087670929915812,98.6416708615901,1.484226923085714,35.86671955459044,0.08173395261699556,0.03038027549946027,4.343429493003475e-06,1.1540267369865085,,23,PRUNED
3727,38.27739897770674,11.156244954210974,2026-10-06 02:33:56.848681,2026-10-06 02:37:07.759671,0 days 00:03:10.910990,0.51115025563667,0.8717951055729352,0.5667882730348237,10.877854836518644,0.506401025718823,94.61146042672904,1.080654620868664,45.6508402201298,0.2975664073833317,0.03280586071940829,4.343429493003475e-06,1.3890637168667692,190.9108721120283,23,COMPLETE
3728,,,2026-10-06 02:33:57.320001,2026-10-06 02:34:38.131049,0 days 00:00:40.811048,0.51115025563667,0.2965654106455736,0.19400160111159936,21.183844928151355,0.6087670929915812,94.61146042672904,1.4690823188003486,45.6508402201298,0.08173395261699556,0.03038027549946027,2.1038771230648366e-06,1.2974912099205862,,23,PRUNED
3729,29.946709377176877,21.278896135237858,2026-10-06 02:33:58.688117,2026-10-06 02:37:10.031941,0 days 00:03:11.343824,0.51115025563667,0.33878016845649295,0.807738690329122,8.556213008137046,0.2395452449940939,98.6416708615901,1.080654620868664,35.86671955459044,0.3161737300984912,0.03280586071940829,4.343429493003475e-06,0.7699502779177346,191.34371711220592,23,COMPLETE
3730,43.34951574838469,6.497361827243123,2026-10-06 02:34:02.141280,2026-10-06 02:37:09.661226,0 days 00:03:07.519946,0.8548572270960194,0.2284118304472575,0.4120579376102117,5.245413993140336,0.6087670929915812,98.6416708615901,1.4690823188003486,12.371756168223909,0.08173395261699556,0.03280586071940829,4.343429493003475e-06,0.9805782441406774,187.51983390655369,23,COMPLETE
3731,36.37146365917998,10.23960716179333,2026-10-06 02:34:02.791993,2026-10-06 02:37:08.325890,0 days 00:03:05.533897,0.011995120368030021,0.19189790819770397,0.5667882730348237,5.245413993140336,0.6087670929915812,94.61146042672904,0.7297455375332902,12.371756168223909,0.08173395261699556,0.03280586071940829,4.343429493003475e-06,1.209109649444219,185.5337902205065,23,COMPLETE
3732,46.76454808601382,2.9351518230049596,2026-10-06 02:34:22.634999,2026-10-06 02:37:35.802865,0 days 00:03:13.167866,0.7123418565646167,0.2965654106455736,0.4120579376102117,5.245413993140336,0.6087670929915812,94.61146042672904,0.7297455375332902,1.7608550023384777,0.08173395261699556,0.03038027549946027,4.343429493003475e-06,1.1540267369865085,193.16774591244757,23,COMPLETE
3733,35.83752550715072,14.599639049688566,2026-10-06 02:34:29.535006,2026-10-06 02:37:38.449272,0 days 00:03:08.914266,0.6775759777641851,0.015729811528175652,0.5667882730348237,10.877854836518644,0.33279388005294136,98.6416708615901,1.4690823188003486,22.147149529807503,0.3676044917349766,0.03280586071940829,4.343429493003475e-06,1.1540267369865085,188.91413608379662,23,COMPLETE
3734,50.76512071662778,1.4011034205586412,2026-10-06 02:34:30.717018,2026-10-06 02:37:47.247289,0 days 00:03:16.530271,0.51115025563667,0.07861675458476158,0.12615106220885586,17.01286660946578,0.2395452449940939,94.61146042672904,0.21292518523710352,1.4056083189495427,0.2975664073833317,0.03280586071940829,0.00023428333292156852,0.2655918260683632,196.53014669939876,23,COMPLETE
3735,52.71903250748909,1.730246412459843,2026-10-06 02:34:31.346163,2026-10-06 02:37:45.090841,0 days 00:03:13.744678,0.51115025563667,0.07861675458476158,0.20358075665942357,5.245413993140336,0.506401025718823,94.61146042672904,1.484226923085714,5.8774721288796,0.08173395261699556,0.042418671182615796,5.411539664035814e-06,1.1540267369865085,193.74458057805896,23,COMPLETE
3736,33.41231430891414,19.342288158990563,2026-10-06 02:34:31.349959,2026-10-06 02:37:46.278786,0 days 00:03:14.928827,0.6775759777641851,0.2284118304472575,0.5667882730348237,10.877854836518644,0.2395452449940939,98.6416708615901,1.4690823188003486,23.475624031055144,0.2975664073833317,0.024099244621516126,4.343429493003475e-06,1.1540267369865085,194.92871675547212,23,COMPLETE
3737,37.09541730254411,1.3901690811735552,2026-10-06 02:34:31.735996,2026-10-06 02:37:41.465882,0 days 00:03:09.729886,0.51115025563667,0.4790829015241262,0.4120579376102117,5.245413993140336,0.33279388005294136,94.61146042672904,1.484226923085714,1.2952124686710498,0.08173395261699556,0.03038027549946027,0.003130847057576255,1.1540267369865085,189.72975062858313,23,COMPLETE
3738,,,2026-10-06 02:34:31.747971,2026-10-06 02:35:10.406314,0 days 00:00:38.658343,0.7123418565646167,0.19189790819770397,0.4120579376102117,5.245413993140336,0.6087670929915812,94.61146042672904,0.07973624332426016,1.4056083189495427,0.08173395261699556,0.021966873773064614,0.0003750271870227611,0.2678812614884665,,23,PRUNED
3739,,,2026-10-06 02:34:32.890987,2026-10-06 02:35:11.575628,0 days 00:00:38.684641,0.574370455173962,0.07861675458476158,0.20358075665942357,5.245413993140336,0.33279388005294136,98.6416708615901,1.484226923085714,45.6508402201298,0.007925456797868324,0.024099244621516126,4.343429493003475e-06,1.238858125517278,,23,PRUNED
3740,37.96189285928399,10.466658007842506,2026-10-06 02:34:33.965503,2026-10-06 02:37:45.659237,0 days 00:03:11.693734,0.7407180681038071,0.21606902729252941,0.4120579376102117,5.245413993140336,0.2395452449940939,94.61146042672904,0.7297455375332902,19.15408445903519,0.08173395261699556,0.03038027549946027,4.343429493003475e-06,0.7699502779177346,191.69362386502326,24,COMPLETE
3741,55.09103494132661,1.3533562839673414,2026-10-06 02:34:35.655992,2026-10-06 02:37:45.978004,0 days 00:03:10.322012,0.32522926579248107,0.7186098618255685,0.2345370319995722,5.245413993140336,0.33279388005294136,94.61146042672904,1.484226923085714,1.0728342829887523,0.15450841561573675,0.03038027549946027,2.1038771230648366e-06,1.1540267369865085,190.32191524188966,24,COMPLETE
3742,48.00195467205649,2.6899849539324707,2026-10-06 02:34:35.725598,2026-10-06 02:37:45.973823,0 days 00:03:10.248225,0.51115025563667,0.2965654106455736,0.19400160111159936,21.183844928151355,0.4601280284433392,94.61146042672904,1.4690823188003486,5.8774721288796,0.08173395261699556,0.03280586071940829,4.343429493003475e-06,1.2974912099205862,190.24811940267682,24,COMPLETE
3743,52.08404284963061,1.2550227500328957,2026-10-06 02:34:36.495002,2026-10-06 02:37:50.066213,0 days 00:03:13.571211,0.51115025563667,0.07861675458476158,0.07390489131567475,10.877854836518644,0.506401025718823,94.61146042672904,1.484226923085714,5.8774721288796,0.2975664073833317,0.03280586071940829,5.411539664035814e-06,1.1540267369865085,193.57109441421926,24,COMPLETE
3744,32.37144625181769,16.517332460481185,2026-10-06 02:34:37.196000,2026-10-06 02:37:47.682834,0 days 00:03:10.486834,0.51115025563667,0.7186098618255685,0.807738690329122,5.245413993140336,0.33279388005294136,94.61146042672904,1.484226923085714,45.6508402201298,0.007925456797868324,0.03280586071940829,4.343429493003475e-06,0.23886283196880004,190.48672690894455,24,COMPLETE
3745,46.28839484705428,2.5976849961162234,2026-10-06 02:34:37.462999,2026-10-06 02:37:48.064699,0 days 00:03:10.601700,0.51115025563667,0.2965654106455736,0.20358075665942357,21.183844928151355,0.506401025718823,94.61146042672904,1.080654620868664,5.8774721288796,0.2975664073833317,0.03280586071940829,1.4487554497533122e-05,1.1540267369865085,190.6015941426158,24,COMPLETE
3746,56.24249324340151,1.2811531745930222,2026-10-06 02:34:38.183997,2026-10-06 02:37:46.846165,0 days 00:03:08.662168,0.8010869639365119,0.2965654106455736,0.12615106220885586,12.140194944880118,0.33279388005294136,98.6416708615901,0.7297455375332902,1.4056083189495427,0.08981597176864942,0.021966873773064614,4.343429493003475e-06,1.3890637168667692,188.66205024253577,24,COMPLETE
3747,38.79136896352632,6.044430775391391,2026-10-06 02:34:38.295989,2026-10-06 02:37:50.905884,0 days 00:03:12.609895,0.8377124041157578,0.2965654106455736,0.5667882730348237,5.245413993140336,0.6087670929915812,98.6416708615901,1.1572653974039357,5.8774721288796,0.08173395261699556,0.03280586071940829,4.343429493003475e-06,1.1540267369865085,192.60665711946785,24,COMPLETE
3748,33.427902186353776,13.985469277368336,2026-10-06 02:35:00.573156,2026-10-06 02:38:12.061773,0 days 00:03:11.488617,0.8010869639365119,0.19189790819770397,0.5926143650576037,20.657840231296426,0.2395452449940939,98.6416708615901,0.7297455375332902,6.2296041386818795,0.4212595585654096,0.03038027549946027,4.343429493003475e-06,0.7699502779177346,191.48849333636463,24,COMPLETE
3749,56.83266593359967,1.297086105833511,2026-10-06 02:35:10.950138,2026-10-06 02:38:24.430210,0 days 00:03:13.480072,0.9158653711831447,0.21606902729252941,0.12615106220885586,8.556213008137046,0.2395452449940939,98.6416708615901,1.080654620868664,1.1445112738702679,0.3161737300984912,0.03280586071940829,2.1038771230648366e-06,1.1540267369865085,193.47994961868972,24,COMPLETE
3750,,,2026-10-06 02:35:11.538137,2026-10-06 02:35:51.285060,0 days 00:00:39.746923,0.7407180681038071,0.8717951055729352,0.5926143650576037,11.991629079089469,1.112973543513475,85.69762729633804,1.484226923085714,12.94979851809499,0.007925456797868324,0.03038027549946027,4.343429493003475e-06,1.1540267369865085,,24,PRUNED
3751,36.10141003033003,13.955196411179747,2026-10-06 02:35:11.576054,2026-10-06 02:38:23.941795,0 days 00:03:12.365741,0.4919537458910443,0.22303528101664244,0.5667882730348237,8.556213008137046,0.2395452449940939,98.6416708615901,1.4690823188003486,23.475624031055144,0.2975664073833317,0.03280586071940829,4.343429493003475e-06,1.1540267369865085,192.36562533676624,24,COMPLETE
3752,37.166293630017385,12.66566446972978,2026-10-06 02:35:12.205002,2026-10-06 02:38:23.595395,0 days 00:03:11.390393,0.51115025563667,0.8717951055729352,0.5667882730348237,11.991629079089469,0.33279388005294136,98.6416708615901,0.7518185550990375,19.15408445903519,0.007925456797868324,0.03038027549946027,4.343429493003475e-06,1.2974912099205862,191.3902758397162,24,COMPLETE
3753,53.03803445550361,2.1019875094026657,2026-10-06 02:35:13.196152,2026-10-06 02:38:24.646796,0 days 00:03:11.450644,0.51115025563667,0.7186098618255685,0.20358075665942357,5.245413993140336,0.6087670929915812,94.61146042672904,1.484226923085714,5.8774721288796,0.08173395261699556,0.03038027549946027,4.343429493003475e-06,1.1540267369865085,191.45052830129862,24,COMPLETE
3754,,,2026-10-06 02:35:13.199964,2026-10-06 02:35:14.030034,0 days 00:00:00.830070,0.7407180681038071,0.21606902729252941,0.06002437470958023,11.991629079089469,0.33279388005294136,94.61146042672904,1.4690823188003486,35.86671955459044,0.4212595585654096,0.03038027549946027,,0.7699502779177346,,24,PRUNED
3755,43.39747788994059,3.077129459402191,2026-10-06 02:35:14.275995,2026-10-06 02:38:24.658500,0 days 00:03:10.382505,0.51115025563667,0.4059743006777643,0.2345370319995722,10.877854836518644,0.506401025718823,98.6416708615901,1.484226923085714,12.371756168223909,0.28988344429582863,0.03038027549946027,4.343429493003475e-06,1.2974912099205862,190.3824009168893,24,COMPLETE
3756,56.968855936885824,1.2785809289666752,2026-10-06 02:35:14.506221,2026-10-06 02:38:22.544279,0 days 00:03:08.038058,0.8010869639365119,0.7186098618255685,0.12615106220885586,5.245413993140336,0.33279388005294136,94.61146042672904,1.2898828018697517,5.8774721288796,0.08981597176864942,0.021966873773064614,4.343429493003475e-06,1.1540267369865085,188.0379425128922,24,COMPLETE
3757,47.977475617624556,1.6770226623048992,2026-10-06 02:35:17.221149,2026-10-06 02:38:29.849753,0 days 00:03:12.628604,1.4881177806115715,0.07861675458476158,0.20358075665942357,10.877854836518644,0.506401025718823,98.6416708615901,1.484226923085714,5.8774721288796,0.2975664073833317,0.03280586071940829,5.411539664035814e-06,1.1540267369865085,192.62848273199052,24,COMPLETE
3758,41.83525581162856,6.203183581959118,2026-10-06 02:35:47.006506,2026-10-06 02:39:00.767853,0 days 00:03:13.761347,0.9158653711831447,0.7186098618255685,0.4120579376102117,5.245413993140336,0.6087670929915812,94.61146042672904,0.6419517764288287,19.15408445903519,0.15450841561573675,0.03038027549946027,1.597301551377323e-05,1.1234259465225545,193.7612235704437,24,COMPLETE
3759,,,2026-10-06 02:35:47.139171,2026-10-06 02:36:27.933044,0 days 00:00:40.793873,0.51115025563667,0.7186098618255685,0.4120579376102117,10.877854836518644,0.506401025718823,94.61146042672904,0.6419517764288287,5.8774721288796,0.44723449532502413,0.03038027549946027,4.343429493003475e-06,1.1540267369865085,,24,PRUNED
3760,28.417580326364696,6.201206544126024,2026-10-06 02:35:48.489140,2026-10-06 02:39:01.596745,0 days 00:03:13.107605,0.51115025563667,0.07861675458476158,0.807738690329122,21.183844928151355,0.3519093950798047,94.61146042672904,1.080654620868664,1.625853126739272,0.007925456797868324,0.03280586071940829,4.343429493003475e-06,0.005638210125797294,193.1074881851673,24,COMPLETE
3761,26.478808511735576,16.215336247711527,2026-10-06 02:35:50.559997,2026-10-06 02:39:04.472249,0 days 00:03:13.912252,0.51115025563667,0.07861675458476158,0.807738690329122,21.183844928151355,0.3519093950798047,94.61146042672904,1.080654620868664,5.8774721288796,0.08173395261699556,0.03038027549946027,4.343429493003475e-06,0.23886283196880004,193.91213485505432,24,COMPLETE
3762,26.89951777139326,23.369867987172977,2026-10-06 02:35:51.013998,2026-10-06 02:39:02.002480,0 days 00:03:10.988482,0.51115025563667,0.2284118304472575,0.807738690329122,12.214752017762354,0.33279388005294136,98.6416708615901,1.484226923085714,32.871670130537545,0.08173395261699556,0.03280586071940829,4.343429493003475e-06,0.23886283196880004,190.9883734639734,24,COMPLETE
3763,39.397520628143965,10.213772142102828,2026-10-06 02:35:51.526993,2026-10-06 02:39:05.149710,0 days 00:03:13.622717,0.51115025563667,0.2965654106455736,0.4120579376102117,5.245413993140336,0.33279388005294136,98.6416708615901,0.6419517764288287,19.15408445903519,0.28988344429582863,0.03038027549946027,2.1038771230648366e-06,1.1540267369865085,193.62259760499,24,COMPLETE
3764,,,2026-10-06 02:35:52.057009,2026-10-06 02:36:30.934060,0 days 00:00:38.877051,0.9158653711831447,0.7186098618255685,0.2345370319995722,5.245413993140336,1.378143720412792,98.6416708615901,1.484226923085714,5.8774721288796,0.007925456797868324,0.03038027549946027,2.1038771230648366e-06,1.1540267369865085,,24,PRUNED
