number,values_0,values_1,datetime_start,datetime_complete,duration,params_between_rest_spread,params_c_spread,params_c_val,params_input_force,params_k_between_spread,params_k_between_val,params_k_wall_spread,params_k_wall_val,params_m_spread,params_m_val,params_ridge_alpha,params_wall_rest_spread,user_attrs_duration_sec,system_attrs_NSGAIISampler:generation,state
1578,43.28482964852477,1.4064591610457498,2026-10-06 01:09:53.886997,2026-10-06 01:13:04.372388,0 days 00:03:10.485391,0.51115025563667,0.3233389271032242,0.6443949852851695,5.245413993140336,0.2395452449940939,98.6416708615901,0.21292518523710352,2.072575382240667,0.08173395261699556,0.09765004764801033,3.680314106392975e-06,1.1540267369865085,190.4852985078469,9,COMPLETE
1579,44.23789087213484,1.2569029901343147,2026-10-06 01:09:54.146160,2026-10-06 01:13:10.462504,0 days 00:03:16.316344,0.8010869639365119,0.3233389271032242,0.14983378604248454,21.183844928151355,0.2395452449940939,98.6416708615901,0.21292518523710352,1.2001363989388558,0.4212595585654096,0.09765004764801033,0.0006185581455600675,0.8058674861235949,196.31623332109302,9,COMPLETE
1580,43.23836714744828,3.3813727382691137,2026-10-06 01:09:55.154287,2026-10-06 01:13:07.002404,0 days 00:03:11.848117,0.51115025563667,0.19189790819770397,0.20358075665942357,21.183844928151355,0.2395452449940939,98.6416708615901,1.080654620868664,7.678826333899472,0.08173395261699556,0.03038027549946027,0.00014447613183128302,1.2974912099205862,191.8480225848034,9,COMPLETE
1581,46.90230459374684,2.101610432407979,2026-10-06 01:09:55.551996,2026-10-06 01:13:05.185590,0 days 00:03:09.633594,0.51115025563667,0.3731992973752525,0.1347521461063753,8.695206399809345,0.2395452449940939,85.69762729633804,1.080654620868664,23.475624031055144,0.04206136129933902,0.02495557211524677,0.0003750271870227611,1.2974912099205862,189.633504120633,9,COMPLETE
1582,42.228984894885606,2.171245387925257,2026-10-06 01:09:56.069156,2026-10-06 01:13:05.970890,0 days 00:03:09.901734,0.8010869639365119,0.7186098618255685,0.4120579376102117,37.96976966935484,0.2395452449940939,85.69762729633804,1.191277759964359,5.299460499774038,0.9823023625553735,0.09765004764801033,0.00014447613183128302,0.932371028629428,189.9016376985237,9,COMPLETE
1583,,,2026-10-06 01:09:56.123988,2026-10-06 01:10:35.051042,0 days 00:00:38.927054,0.3395165906212997,0.3233389271032242,0.4120579376102117,21.183844928151355,0.2395452449940939,98.6416708615901,0.8147245215699996,1.2001363989388558,0.6109788377712722,0.03280586071940829,0.0006185581455600675,1.1540267369865085,,9,PRUNED
1584,19.533559686248594,1.1686879051088244,2026-10-06 01:09:56.492000,2026-10-06 01:13:08.453860,0 days 00:03:11.961860,0.51115025563667,0.4217525987261245,0.02525654791309752,8.556213008137046,0.506401025718823,85.69762729633804,1.080654620868664,41.66154811682372,0.007925456797868324,0.03280586071940829,4.343429493003475e-06,0.2678812614884665,191.96175829973072,9,COMPLETE
1585,,,2026-10-06 01:09:57.028008,2026-10-06 01:09:57.975038,0 days 00:00:00.947030,0.2994157425323484,0.2643876192282454,0.6443949852851695,18.489161893608337,0.05714116461716917,98.6416708615901,1.191277759964359,60.70927617963063,0.5860574191614696,0.037495759622009746,,1.3635581381619835,,9,PRUNED
1586,,,2026-10-06 01:09:57.035971,2026-10-06 01:10:33.974019,0 days 00:00:36.938048,0.447684485641811,0.8717951055729352,0.5667882730348237,21.183844928151355,0.2395452449940939,98.6416708615901,1.080654620868664,86.57068482598544,0.08173395261699556,0.03280586071940829,0.00014447613183128302,1.1540267369865085,,9,PRUNED
1587,46.904031870874675,3.727042382583905,2026-10-06 01:09:58.029021,2026-10-06 01:13:10.230675,0 days 00:03:12.201654,0.51115025563667,0.19189790819770397,0.20358075665942357,13.359444199122356,0.2395452449940939,85.69762729633804,0.21292518523710352,5.299460499774038,0.5860574191614696,0.03038027549946027,0.00014447613183128302,1.3635581381619835,192.20155173912644,9,COMPLETE
1588,50.781117607349316,1.5914532607444163,2026-10-06 01:10:24.733001,2026-10-06 01:13:37.380687,0 days 00:03:12.647686,0.447684485641811,0.3731992973752525,0.1347521461063753,8.695206399809345,0.05714116461716917,85.69762729633804,1.191277759964359,5.8774721288796,0.18589067298139156,0.03038027549946027,0.00023455457478105328,1.1540267369865085,192.6475712461397,9,COMPLETE
1589,14.282152836714465,2.9481251119437983,2026-10-06 01:10:27.040007,2026-10-06 01:13:39.461598,0 days 00:03:12.421591,0.8010869639365119,0.19189790819770397,0.20358075665942357,8.556213008137046,1.0774031071944332,2.9667093425059705,0.21292518523710352,7.442467673671907,0.2975664073833317,0.03038027549946027,0.004475392410627206,0.2678812614884665,192.42148308176547,9,COMPLETE
1590,27.09022089985972,16.11865907298432,2026-10-06 01:10:27.978021,2026-10-06 01:13:36.373855,0 days 00:03:08.395834,0.51115025563667,0.4835105352725577,0.807738690329122,18.386910920395536,0.573262704172143,57.46371301545641,1.191277759964359,5.8774721288796,0.04206136129933902,0.024099244621516126,3.680314106392975e-06,1.2974912099205862,188.3957146331668,9,COMPLETE
1591,30.643188028280395,12.414610945258712,2026-10-06 01:10:28.293156,2026-10-06 01:13:42.098987,0 days 00:03:13.805831,0.447684485641811,0.3233389271032242,0.4120579376102117,10.877854836518644,0.2395452449940939,85.69762729633804,0.21292518523710352,86.57068482598544,0.08173395261699556,0.03280586071940829,0.00014447613183128302,1.1540267369865085,193.8057217663154,9,COMPLETE
1592,,,2026-10-06 01:10:28.327992,2026-10-06 01:12:26.072039,0 days 00:01:57.744047,0.447684485641811,0.2965654106455736,0.6443949852851695,18.489161893608337,0.2395452449940939,98.6416708615901,1.0186668346995258,86.57068482598544,0.08173395261699556,0.03280586071940829,0.00014447613183128302,1.1540267369865085,,9,PRUNED
1593,27.144365154942896,14.16599404538226,2026-10-06 01:10:29.390006,2026-10-06 01:13:40.144955,0 days 00:03:10.754949,0.447684485641811,0.3233389271032242,0.6443949852851695,10.877854836518644,0.2395452449940939,98.6416708615901,0.44870530193008085,86.57068482598544,0.08173395261699556,0.03280586071940829,0.0006185581455600675,1.1540267369865085,190.7548337355256,9,COMPLETE
1594,44.468948716698435,1.2866748146425178,2026-10-06 01:10:29.472257,2026-10-06 01:13:42.750431,0 days 00:03:13.278174,0.8010869639365119,0.4835105352725577,0.24545415825768097,11.991629079089469,0.6688626104060442,85.69762729633804,0.21292518523710352,1.2001363989388558,0.2975664073833317,0.09765004764801033,0.0006185581455600675,0.2678812614884665,193.27806520834565,9,COMPLETE
1595,9.67788160376479,16.413003755058813,2026-10-06 01:10:30.204169,2026-10-06 01:13:43.322553,0 days 00:03:13.118384,0.447684485641811,0.24837341587000777,0.2169448017457144,18.489161893608337,0.2395452449940939,2.9667093425059705,0.12486747625813921,10.195345414647532,0.4212595585654096,0.006074688503901476,0.004475392410627206,0.21347726672360295,193.11828271392733,9,COMPLETE
1596,22.899409646326,3.1152286066503674,2026-10-06 01:10:31.147999,2026-10-06 01:13:42.515519,0 days 00:03:11.367520,0.447684485641811,0.2965654106455736,0.5667882730348237,21.183844928151355,0.2395452449940939,98.6416708615901,1.080654620868664,5.8774721288796,0.04206136129933902,0.03280586071940829,11.36906367770425,1.1540267369865085,191.36742108222097,9,COMPLETE
1597,29.54997590784699,5.613277533257042,2026-10-06 01:10:32.407007,2026-10-06 01:13:43.367029,0 days 00:03:10.960022,0.8010869639365119,0.19189790819770397,0.5667882730348237,8.556213008137046,0.22522110370940268,85.69762729633804,0.21292518523710352,4.201468531986245,0.08173395261699556,0.03280586071940829,0.0006185581455600675,0.7296704665126732,190.95993300434202,9,COMPLETE
1598,32.34766858220247,10.89500156623849,2026-10-06 01:10:33.594166,2026-10-06 01:13:48.774974,0 days 00:03:15.180808,0.19630735827449874,0.3233389271032242,0.4120579376102117,13.274665131196004,0.2395452449940939,98.6416708615901,0.21292518523710352,41.66154811682372,0.007925456797868324,0.03280586071940829,0.0006185581455600675,1.4449414148301858,195.18070291075855,9,COMPLETE
1599,38.95930140273345,3.071991420979352,2026-10-06 01:10:33.597963,2026-10-06 01:13:45.034829,0 days 00:03:11.436866,0.3395165906212997,0.3233389271032242,0.4120579376102117,21.183844928151355,0.2395452449940939,98.6416708615901,0.6190885998388953,1.2001363989388558,0.0339817434061539,0.03280586071940829,1.1762488306807034e-06,1.1540267369865085,191.436768501997,9,COMPLETE
1600,46.64138603216577,1.375737382442224,2026-10-06 01:10:34.136027,2026-10-06 01:13:46.077596,0 days 00:03:11.941569,0.51115025563667,0.4835105352725577,0.5799701872746303,5.245413993140336,0.6688626104060442,85.69762729633804,0.7964747556623476,2.072575382240667,0.2975664073833317,0.09765004764801033,1.1762488306807034e-06,1.069023190452476,191.9414648739621,9,COMPLETE
1601,30.157567099533765,10.483267023257069,2026-10-06 01:10:34.352014,2026-10-06 01:13:41.579514,0 days 00:03:07.227500,1.2349294162160471,0.2965654106455736,0.5667882730348237,8.556213008137046,0.2395452449940939,85.69762729633804,0.21292518523710352,14.182822102930093,0.08173395261699556,0.03280586071940829,0.00014447613183128302,0.2678812614884665,187.22740131430328,9,COMPLETE
1602,34.24437855770192,5.670178012480369,2026-10-06 01:10:35.272990,2026-10-06 01:13:44.797527,0 days 00:03:09.524537,0.8010869639365119,0.19189790819770397,0.4120579376102117,8.556213008137046,0.2395452449940939,85.69762729633804,0.21292518523710352,5.8774721288796,0.08173395261699556,0.03038027549946027,0.0006185581455600675,1.1540267369865085,189.52443326078355,9,COMPLETE
1603,29.28524730807832,18.26889364726412,2026-10-06 01:10:35.316982,2026-10-06 01:13:44.105135,0 days 00:03:08.788153,0.447684485641811,0.3233389271032242,0.4120579376102117,14.226158550912755,0.2395452449940939,98.6416708615901,0.21292518523710352,86.57068482598544,0.08173395261699556,0.024099244621516126,0.00014447613183128302,1.1540267369865085,188.78806282486767,9,COMPLETE
1604,41.14271146171339,2.4672560626931572,2026-10-06 01:11:11.069998,2026-10-06 01:14:22.527095,0 days 00:03:11.457097,0.51115025563667,0.4774636695198178,0.5667882730348237,5.245413993140336,0.2395452449940939,85.69762729633804,0.6190885998388953,1.2001363989388558,0.18589067298139156,0.037495759622009746,1.1762488306807034e-06,1.2974912099205862,191.45699441898614,9,COMPLETE
1605,,,2026-10-06 01:11:14.191999,2026-10-06 01:11:52.270040,0 days 00:00:38.078041,0.51115025563667,0.2284118304472575,0.2134586502746349,17.819386047696536,0.012171422282250266,98.6416708615901,0.21292518523710352,2.072575382240667,1.309773637362904,0.09765004764801033,3.680314106392975e-06,0.7296704665126732,,9,PRUNED
1606,40.3913426259163,7.175309693829795,2026-10-06 01:11:23.686006,2026-10-06 01:14:19.481644,0 days 00:02:55.795638,0.447684485641811,0.7186098618255685,0.4120579376102117,18.489161893608337,0.2395452449940939,98.6416708615901,1.484226923085714,5.8774721288796,0.08173395261699556,0.03280586071940829,2.1038771230648366e-06,1.1540267369865085,175.7955270614475,9,COMPLETE
1607,41.13927040069517,2.2835699514428427,2026-10-06 01:11:30.980006,2026-10-06 01:14:45.964701,0 days 00:03:14.984695,0.8010869639365119,0.2965654106455736,0.4120579376102117,14.260399041721424,0.6454873286650737,98.6416708615901,0.21292518523710352,1.2001363989388558,0.08173395261699556,0.03280586071940829,0.00014447613183128302,1.1540267369865085,194.98458655830473,9,COMPLETE
1608,,,2026-10-06 01:11:41.480007,2026-10-06 01:11:42.399031,0 days 00:00:00.919024,0.447684485641811,0.6304882739135024,0.4120579376102117,47.62105098684776,0.2395452449940939,85.69762729633804,1.484226923085714,23.475624031055144,1.089314450023952,0.03280586071940829,,1.2974912099205862,,9,PRUNED
1609,,,2026-10-06 01:11:42.641111,2026-10-06 01:12:22.064481,0 days 00:00:39.423370,0.3395165906212997,0.3233389271032242,0.4120579376102117,17.553296709297783,0.2395452449940939,85.69762729633804,1.191277759964359,5.8774721288796,0.6979007106917119,0.03280586071940829,0.0006185581455600675,1.1540267369865085,,9,PRUNED
1610,,,2026-10-06 01:11:45.257002,2026-10-06 01:11:46.303039,0 days 00:00:01.046037,0.4919537458910443,0.2965654106455736,0.4120579376102117,18.489161893608337,0.2395452449940939,98.6416708615901,0.21292518523710352,10.195345414647532,0.4212595585654096,0.006074688503901476,,0.21347726672360295,,9,PRUNED
1611,39.988623451490284,1.937539855219811,2026-10-06 01:11:45.307984,2026-10-06 01:14:55.307457,0 days 00:03:09.999473,1.4529446487484987,0.3731992973752525,0.1347521461063753,18.489161893608337,0.2395452449940939,85.69762729633804,0.6419517764288287,23.475624031055144,0.08173395261699556,0.03280586071940829,0.00014447613183128302,0.6069618734849955,189.99936242680997,9,COMPLETE
1612,,,2026-10-06 01:11:46.240994,2026-10-06 01:11:46.849015,0 days 00:00:00.608021,0.447684485641811,1.4847242886940024,0.20358075665942357,18.386910920395536,0.2395452449940939,85.69762729633804,1.191277759964359,5.5191612940100665,0.08173395261699556,0.03038027549946027,,1.1540267369865085,,9,PRUNED
1613,,,2026-10-06 01:11:46.373261,2026-10-06 01:11:47.310028,0 days 00:00:00.936767,0.51115025563667,0.2965654106455736,0.5667882730348237,5.245413993140336,0.6688626104060442,85.69762729633804,1.080654620868664,23.475624031055144,0.6353936504592018,0.0011729053327151936,,0.7296704665126732,,9,PRUNED
1614,39.5433266744403,4.283878561703899,2026-10-06 01:11:46.418972,2026-10-06 01:15:02.747910,0 days 00:03:16.328938,0.447684485641811,0.4835105352725577,0.807738690329122,18.386910920395536,0.05714116461716917,85.69762729633804,1.191277759964359,5.8774721288796,0.6979007106917119,0.09765004764801033,3.680314106392975e-06,1.1540267369865085,196.32868657633662,9,COMPLETE
1615,26.871255946394264,2.5674488583717303,2026-10-06 01:11:47.730213,2026-10-06 01:15:02.430903,0 days 00:03:14.700690,0.8010869639365119,0.19189790819770397,0.8456965565649746,10.517467008748584,0.2395452449940939,98.6416708615901,0.7297455375332902,1.4056083189495427,0.08173395261699556,0.03038027549946027,0.0006185581455600675,1.2139299004838662,194.70059708599,9,COMPLETE
1616,2.1041254573992325,1.1923676420932936,2026-10-06 01:11:49.921993,2026-10-06 01:15:00.454963,0 days 00:03:10.532970,0.8010869639365119,0.7186098618255685,0.01957829084788475,18.386910920395536,0.05714116461716917,85.69762729633804,1.191277759964359,1.2001363989388558,0.2975664073833317,0.09765004764801033,0.0006185581455600675,0.2678812614884665,190.53286880534142,9,COMPLETE
1617,46.24422551117537,1.3307267153899234,2026-10-06 01:11:49.949982,2026-10-06 01:15:00.237666,0 days 00:03:10.287684,0.51115025563667,0.5473503576024913,0.24545415825768097,17.553296709297783,0.6688626104060442,85.69762729633804,0.4740161859265573,2.072575382240667,0.7685554742107898,0.09765004764801033,0.00013268195215392629,1.2139299004838662,190.28757985588163,9,COMPLETE
1618,,,2026-10-06 01:11:49.953964,2026-10-06 01:11:51.162051,0 days 00:00:01.208087,0.51115025563667,1.2931071795808506,0.6443949852851695,5.245413993140336,0.6688626104060442,98.6416708615901,1.191277759964359,2.072575382240667,0.6353936504592018,0.016516356622722956,,0.7296704665126732,,9,PRUNED
1619,38.22506201776663,1.7501021877272174,2026-10-06 01:11:49.957966,2026-10-06 01:14:58.217910,0 days 00:03:08.259944,0.4919537458910443,0.3731992973752525,0.08801580603742233,9.868280842937416,0.3201011955575039,46.31102753614511,0.6419517764288287,19.15408445903519,0.4212595585654096,0.03038027549946027,0.004475392410627206,0.6069618734849955,188.2598416879773,9,COMPLETE
1620,50.41662832056422,1.5101649280013492,2026-10-06 01:11:49.961952,2026-10-06 01:15:02.137418,0 days 00:03:12.175466,0.8010869639365119,0.19189790819770397,0.20358075665942357,11.991629079089469,0.6454873286650737,85.69762729633804,0.21292518523710352,1.2001363989388558,0.2975664073833317,0.03038027549946027,0.0006185581455600675,0.2678812614884665,192.17536570504308,9,COMPLETE
1621,37.80523153309355,8.985444176431669,2026-10-06 01:11:52.144178,2026-10-06 01:14:58.940753,0 days 00:03:06.796575,0.8010869639365119,0.2965654106455736,0.4120579376102117,8.556213008137046,0.2395452449940939,85.69762729633804,0.21292518523710352,11.86468393276075,0.5182614449347602,0.03280586071940829,0.00014447613183128302,0.2678812614884665,186.79647500161082,9,COMPLETE
1622,41.58415929549479,1.3574955201939582,2026-10-06 01:11:52.147981,2026-10-06 01:15:03.941833,0 days 00:03:11.793852,0.8010869639365119,0.3233389271032242,0.6443949852851695,18.489161893608337,0.2395452449940939,98.6416708615901,0.12486747625813921,1.2001363989388558,0.08173395261699556,0.09765004764801033,0.00014447613183128302,1.1540267369865085,191.79374746792018,9,COMPLETE
1623,50.28102504126436,1.6321925629659262,2026-10-06 01:11:52.364999,2026-10-06 01:14:59.174205,0 days 00:03:06.809206,0.8010869639365119,0.19189790819770397,0.20358075665942357,8.556213008137046,0.2395452449940939,85.69762729633804,0.7297455375332902,1.4056083189495427,0.2975664073833317,0.03038027549946027,0.0006185581455600675,0.6298110096990894,186.8091005049646,9,COMPLETE
1624,,,2026-10-06 01:12:18.972553,2026-10-06 01:12:20.310401,0 days 00:00:01.337848,0.51115025563667,0.4835105352725577,0.5799701872746303,45.87982582138568,0.6688626104060442,85.69762729633804,1.4690823188003486,14.182822102930093,0.08173395261699556,0.003928039417929716,,0.7296704665126732,,9,PRUNED
1625,35.352889625365435,4.10635696169374,2026-10-06 01:12:19.864168,2026-10-06 01:15:32.976979,0 days 00:03:13.112811,0.8010869639365119,0.19189790819770397,0.20358075665942357,21.183844928151355,0.2395452449940939,85.69762729633804,0.21292518523710352,23.475624031055144,0.18589067298139156,0.03038027549946027,0.0006185581455600675,1.2974912099205862,193.11270157713443,9,COMPLETE
1626,47.81137745507973,1.7662310208319347,2026-10-06 01:12:20.490075,2026-10-06 01:15:35.622415,0 days 00:03:15.132340,0.2994157425323484,1.012439712223232,0.1347521461063753,5.245413993140336,0.6087670929915812,94.61146042672904,0.6419517764288287,23.475624031055144,0.08173395261699556,0.03038027549946027,0.00023455457478105328,0.739405563829868,195.13224306423217,9,COMPLETE
1627,19.67136544665268,2.624086537848327,2026-10-06 01:12:20.904014,2026-10-06 01:15:34.339285,0 days 00:03:13.435271,0.447684485641811,0.7186098618255685,0.6443949852851695,18.489161893608337,0.2395452449940939,8.75166858516453,0.21292518523710352,1.2001363989388558,0.5860574191614696,0.03280586071940829,0.05140764413906024,1.3635581381619835,193.43518010806292,9,COMPLETE
1628,47.08296629092598,2.627129868596322,2026-10-06 01:12:21.634990,2026-10-06 01:15:37.360877,0 days 00:03:15.725887,0.8010869639365119,0.19189790819770397,0.20358075665942357,8.556213008137046,0.2395452449940939,98.6416708615901,0.21292518523710352,5.8774721288796,0.08173395261699556,0.03038027549946027,0.00014447613183128302,0.2678812614884665,195.72578483074903,9,COMPLETE
1629,39.57287592837295,1.322725213701555,2026-10-06 01:12:22.296006,2026-10-06 01:15:33.497208,0 days 00:03:11.201202,0.3395165906212997,1.012439712223232,0.09005234812447538,21.183844928151355,0.2395452449940939,85.69762729633804,0.21292518523710352,5.8774721288796,0.007925456797868324,0.03280586071940829,4.276291157086008,1.4891500624393408,191.20109781157225,9,COMPLETE
1630,,,2026-10-06 01:12:22.833004,2026-10-06 01:13:03.209993,0 days 00:00:40.376989,0.19630735827449874,0.2965654106455736,0.4120579376102117,18.489161893608337,0.6569330564762668,98.6416708615901,0.21292518523710352,14.182822102930093,0.2975664073833317,0.024099244621516126,0.0006185581455600675,1.4449414148301858,,9,PRUNED
1631,32.853564960862386,11.014340666075649,2026-10-06 01:12:23.538381,2026-10-06 01:15:34.150535,0 days 00:03:10.612154,0.8010869639365119,0.21606902729252941,0.5007349343976268,8.556213008137046,0.2395452449940939,85.69762729633804,0.21292518523710352,13.452165885186684,0.2975664073833317,0.03280586071940829,0.00014447613183128302,0.2678812614884665,190.61204037629068,9,COMPLETE
1632,29.258579595645255,13.416493761562192,2026-10-06 01:12:25.215992,2026-10-06 01:15:37.920163,0 days 00:03:12.704171,0.8010869639365119,0.3233389271032242,0.6443949852851695,11.991629079089469,0.2395452449940939,85.69762729633804,0.12486747625813921,11.86468393276075,0.2975664073833317,0.03280586071940829,0.00014447613183128302,0.22420936382869971,192.70407400466502,9,COMPLETE
1633,43.2834360129922,2.360606621395645,2026-10-06 01:12:25.780986,2026-10-06 01:15:36.859819,0 days 00:03:11.078833,0.8861887783233188,0.24837341587000777,0.4120579376102117,16.606931230784816,0.012171422282250266,98.6416708615901,0.06389754300029743,10.195345414647532,0.6353936504592018,0.09765004764801033,0.0006185581455600675,0.21347726672360295,191.07873937953264,9,COMPLETE
1634,43.29078238447046,3.7969653834047166,2026-10-06 01:12:27.112200,2026-10-06 01:15:37.502902,0 days 00:03:10.390702,0.8010869639365119,0.3731992973752525,0.20358075665942357,8.556213008137046,0.3201011955575039,85.69762729633804,0.6419517764288287,23.475624031055144,0.08173395261699556,0.03038027549946027,0.0006185581455600675,0.6069618734849955,190.39049397595227,9,COMPLETE
1635,34.21903957795514,2.98268265474575,2026-10-06 01:12:27.115973,2026-10-06 01:15:41.226495,0 days 00:03:14.110522,0.51115025563667,1.012439712223232,0.20358075665942357,43.68174485836712,0.6087670929915812,98.6416708615901,0.21292518523710352,14.182822102930093,0.08173395261699556,0.03038027549946027,4.5422590867206e-06,0.30673616238509677,194.1104269400239,9,COMPLETE
1636,43.87585986624828,1.2847770805526992,2026-10-06 01:12:27.119968,2026-10-06 01:15:42.375929,0 days 00:03:15.255961,0.51115025563667,0.4835105352725577,0.24545415825768097,18.489161893608337,0.6688626104060442,85.69762729633804,0.4740161859265573,2.072575382240667,0.4212595585654096,0.09765004764801033,0.0006185581455600675,1.2139299004838662,195.2558593051508,9,COMPLETE
