number,values_0,values_1,datetime_start,datetime_complete,duration,params_between_rest_spread,params_c_spread,params_c_val,params_input_force,params_k_between_spread,params_k_between_val,params_k_wall_spread,params_k_wall_val,params_m_spread,params_m_val,params_ridge_alpha,params_wall_rest_spread,user_attrs_duration_sec,system_attrs_NSGAIISampler:generation,state
5374,42.47132775594109,6.936391449795183,2026-10-06 03:36:07.702655,2026-10-06 03:39:19.109634,0 days 00:03:11.406979,0.9158653711831447,0.7186098618255685,0.4120579376102117,5.245413993140336,0.33279388005294136,98.6416708615901,0.6419517764288287,5.8774721288796,0.026937100580568585,0.024099244621516126,2.1038771230648366e-06,0.23886283196880004,191.40684653352946,34,COMPLETE
5375,17.215440704988517,1.240878024651642,2026-10-06 03:36:09.636097,2026-10-06 03:39:23.472411,0 days 00:03:13.836314,1.1546551456676255,0.8717951055729352,0.04923104811852138,27.638790330076326,0.33279388005294136,98.6416708615901,1.484226923085714,5.8774721288796,0.3676044917349766,0.03038027549946027,4.343429493003475e-06,1.4628665430868277,193.83618520852178,34,COMPLETE
5376,34.477379459978486,13.893916347782625,2026-10-06 03:36:10.203001,2026-10-06 03:39:25.391113,0 days 00:03:15.188112,1.4572694251196645,0.2965654106455736,0.4120579376102117,11.991629079089469,0.33279388005294136,94.61146042672904,1.2898828018697517,35.86671955459044,0.4212595585654096,0.03038027549946027,4.343429493003475e-06,0.03567474021585654,195.1879875632003,34,COMPLETE
5377,34.43375313381085,14.618434981128717,2026-10-06 03:36:10.598033,2026-10-06 03:39:23.250833,0 days 00:03:12.652800,1.1546551456676255,0.3710922296723819,0.5926143650576037,10.877854836518644,0.33279388005294136,98.6416708615901,0.7297455375332902,19.15408445903519,0.007925456797868324,0.03280586071940829,4.343429493003475e-06,0.7699502779177346,192.65266357827932,34,COMPLETE
5378,,,2026-10-06 03:36:11.517157,2026-10-06 03:36:12.409054,0 days 00:00:00.891897,0.51115025563667,0.7186098618255685,0.20358075665942357,5.245413993140336,0.33279388005294136,98.6416708615901,0.9486097896290084,87.18642688477011,0.3054149949472662,0.024099244621516126,,1.1540267369865085,,34,PRUNED
5379,,,2026-10-06 03:36:11.520963,2026-10-06 03:36:12.250084,0 days 00:00:00.729121,0.8010869639365119,1.2623192175867066,0.31283532117804513,5.245413993140336,0.3519093950798047,98.6416708615901,0.9486097896290084,5.8774721288796,0.4212595585654096,0.03038027549946027,,1.1540267369865085,,34,PRUNED
5380,,,2026-10-06 03:36:12.005782,2026-10-06 03:36:13.211063,0 days 00:00:01.205281,0.51115025563667,0.3710922296723819,0.5926143650576037,5.245413993140336,0.08232543081071286,98.6416708615901,1.484226923085714,70.65786676274145,0.007925456797868324,0.024099244621516126,,1.1540267369865085,,34,PRUNED
5381,17.877391531439223,1.2068609577463825,2026-10-06 03:36:12.351001,2026-10-06 03:39:24.890682,0 days 00:03:12.539681,0.32522926579248107,0.8717951055729352,0.020180676442507543,10.877854836518644,0.33279388005294136,98.6416708615901,1.484226923085714,19.15408445903519,0.3676044917349766,0.03038027549946027,2.1038771230648366e-06,1.2974912099205862,192.5395521754399,34,COMPLETE
5382,,,2026-10-06 03:36:12.645003,2026-10-06 03:36:13.963105,0 days 00:00:01.318102,0.51115025563667,0.8717951055729352,0.5926143650576037,7.244472656270025,0.33279388005294136,98.6416708615901,0.7638461919908635,19.15408445903519,0.3676044917349766,0.024099244621516126,,1.2974912099205862,,34,PRUNED
5383,37.35546647805391,12.114111308091193,2026-10-06 03:36:13.284991,2026-10-06 03:39:26.883209,0 days 00:03:13.598218,1.1546551456676255,0.3710922296723819,0.5926143650576037,22.07993609591031,0.33279388005294136,98.6416708615901,1.484226923085714,5.8774721288796,0.28988344429582863,0.03038027549946027,4.343429493003475e-06,1.1540267369865085,193.5980874877423,34,COMPLETE
5384,48.168599758461106,3.896965238204771,2026-10-06 03:36:13.739004,2026-10-06 03:39:24.849098,0 days 00:03:11.110094,0.7407180681038071,0.2965654106455736,0.2345370319995722,5.245413993140336,0.33279388005294136,98.6416708615901,1.484226923085714,19.15408445903519,0.4212595585654096,0.03038027549946027,4.343429493003475e-06,1.1540267369865085,191.10996669717133,34,COMPLETE
5385,28.968738012589927,1.3206861337438682,2026-10-06 03:36:14.363119,2026-10-06 03:39:23.001144,0 days 00:03:08.638025,0.9158653711831447,0.8717951055729352,0.4120579376102117,11.991629079089469,0.6087670929915812,98.6416708615901,1.080654620868664,5.8774721288796,0.007925456797868324,0.03038027549946027,19.227969420171142,1.1540267369865085,188.63789673428982,34,COMPLETE
5386,53.605146831292664,1.491839679887359,2026-10-06 03:36:14.590787,2026-10-06 03:39:21.630868,0 days 00:03:07.040081,0.9158653711831447,0.6199904984035387,0.17554070773749708,5.245413993140336,0.6087670929915812,94.61146042672904,1.2330504351557787,5.8774721288796,0.08173395261699556,0.03038027549946027,4.343429493003475e-06,1.1540267369865085,187.0399508588016,34,COMPLETE
5387,56.019785044949664,1.3607614066735119,2026-10-06 03:36:15.078676,2026-10-06 03:39:29.776931,0 days 00:03:14.698255,0.9158653711831447,0.8715336252138003,0.17554070773749708,5.245413993140336,0.5557547632162355,98.6416708615901,1.484226923085714,5.8774721288796,0.08173395261699556,0.03038027549946027,2.1038771230648366e-06,1.1540267369865085,194.69813050702214,34,COMPLETE
5388,34.50555742646172,17.04572986432093,2026-10-06 03:36:15.081957,2026-10-06 03:39:29.710229,0 days 00:03:14.628272,0.7112273181968373,0.3710922296723819,0.5926143650576037,10.877854836518644,0.3401805510640987,98.6416708615901,0.7518185550990375,35.86671955459044,0.3676044917349766,0.03280586071940829,4.343429493003475e-06,1.1540267369865085,194.62815373949707,34,COMPLETE
5389,22.6026836265573,29.06500352506807,2026-10-06 03:36:15.104105,2026-10-06 03:39:27.971062,0 days 00:03:12.866957,0.51115025563667,0.07861675458476158,0.807738690329122,21.183844928151355,0.33279388005294136,94.61146042672904,0.6419517764288287,45.6508402201298,0.3054149949472662,0.03038027549946027,2.1038771230648366e-06,0.1281305020275954,192.86683134175837,34,COMPLETE
5390,,,2026-10-06 03:36:15.143963,2026-10-06 03:36:57.179039,0 days 00:00:42.035076,0.9158653711831447,0.7186098618255685,0.4120579376102117,49.19863289235279,0.5557547632162355,98.6416708615901,0.6419517764288287,5.8774721288796,0.08173395261699556,0.020472579023426533,2.1038771230648366e-06,0.7699502779177346,,34,PRUNED
5391,52.480800587753194,1.7722414744794426,2026-10-06 03:36:16.495005,2026-10-06 03:39:27.757816,0 days 00:03:11.262811,0.8010869639365119,0.2965654106455736,0.12615106220885586,5.245413993140336,0.2395452449940939,98.6416708615901,1.2898828018697517,18.345158065358607,0.08981597176864942,0.021966873773064614,4.343429493003475e-06,1.1540267369865085,191.26269487198442,34,COMPLETE
5392,32.85115237661768,10.62852328579776,2026-10-06 03:36:18.009005,2026-10-06 03:39:28.427870,0 days 00:03:10.418865,0.8996959948504997,0.2284118304472575,0.4120579376102117,12.214752017762354,0.33279388005294136,94.61146042672904,1.484226923085714,19.15408445903519,0.15450841561573675,0.023554272151894116,0.0005059865796906312,0.6971092400050343,190.41872095968574,34,COMPLETE
5393,29.42333397549647,21.72177625716383,2026-10-06 03:36:20.768024,2026-10-06 03:39:29.576365,0 days 00:03:08.808341,0.8010869639365119,0.19189790819770397,0.5926143650576037,11.991629079089469,0.33279388005294136,85.69762729633804,1.2898828018697517,35.86671955459044,0.4212595585654096,0.03038027549946027,4.343429493003475e-06,0.2047033270992492,188.8082138337195,34,COMPLETE
5394,30.878810505984347,12.968615914876732,2026-10-06 03:36:44.049163,2026-10-06 03:40:00.482595,0 days 00:03:16.433432,0.6775759777641851,0.2284118304472575,0.5926143650576037,5.245413993140336,0.33279388005294136,98.6416708615901,1.4690823188003486,23.475624031055144,0.3054149949472662,0.024099244621516126,2.1038771230648366e-06,1.1570642934500739,196.43329643830657,34,COMPLETE
5395,26.628875780566496,26.626938934113493,2026-10-06 03:36:45.920001,2026-10-06 03:39:59.743801,0 days 00:03:13.823800,1.1546551456676255,0.2284118304472575,0.807738690329122,11.991629079089469,0.33279388005294136,98.6416708615901,0.7638461919908635,41.66154811682372,0.08173395261699556,0.024099244621516126,4.343429493003475e-06,0.948979450156419,193.8236683588475,34,COMPLETE
5396,36.55375589285455,12.007661322048119,2026-10-06 03:36:49.320003,2026-10-06 03:40:02.288215,0 days 00:03:12.968212,0.8010869639365119,0.21606902729252941,0.4120579376102117,11.991629079089469,0.2395452449940939,98.6416708615901,1.080654620868664,35.86671955459044,0.007925456797868324,0.03038027549946027,2.1038771230648366e-06,1.1540267369865085,192.96809211559594,34,COMPLETE
5397,46.06920641120843,4.232788248116744,2026-10-06 03:36:50.241014,2026-10-06 03:40:01.710590,0 days 00:03:11.469576,0.8010869639365119,0.21606902729252941,0.2345370319995722,8.556213008137046,0.2395452449940939,98.6416708615901,1.3355403123935816,35.86671955459044,0.2975664073833317,0.03038027549946027,4.343429493003475e-06,1.1540267369865085,191.46943677775562,34,COMPLETE
5398,55.241236017220174,1.381493955572732,2026-10-06 03:36:52.220363,2026-10-06 03:40:06.980001,0 days 00:03:14.759638,0.8010869639365119,1.1712595667628913,0.2345370319995722,3.584915687151878,0.33279388005294136,98.6416708615901,1.484226923085714,5.8774721288796,0.28988344429582863,0.03038027549946027,4.343429493003475e-06,1.1540267369865085,194.75952066946775,34,COMPLETE
5399,37.958118497893054,1.2302687360836775,2026-10-06 03:36:52.316012,2026-10-06 03:40:06.710841,0 days 00:03:14.394829,0.51115025563667,0.8715336252138003,0.05769010185287337,5.245413993140336,0.649517818652046,98.6416708615901,1.484226923085714,19.15408445903519,0.08173395261699556,0.03038027549946027,2.1038771230648366e-06,1.2974912099205862,194.3947194730863,34,COMPLETE
5400,46.381660440464614,5.523538024732591,2026-10-06 03:36:53.503006,2026-10-06 03:40:01.583977,0 days 00:03:08.080971,0.5757087647678744,0.7186098618255685,0.4120579376102117,11.991629079089469,0.5557547632162355,98.6416708615901,1.484226923085714,4.970613914571253,0.007925456797868324,0.03038027549946027,4.343429493003475e-06,1.3704649411046304,188.08084915112704,34,COMPLETE
5401,53.52160783320797,2.379301877951079,2026-10-06 03:36:53.863991,2026-10-06 03:40:07.469458,0 days 00:03:13.605467,0.8010869639365119,0.2454924989231811,0.2345370319995722,5.245413993140336,0.33279388005294136,94.61146042672904,1.484226923085714,7.242018006177657,0.28988344429582863,0.03038027549946027,4.343429493003475e-06,1.1540267369865085,193.605335152708,34,COMPLETE
5402,45.962819270835766,2.1399411182152592,2026-10-06 03:36:54.871994,2026-10-06 03:40:06.426423,0 days 00:03:11.554429,1.2115052231743892,0.2965654106455736,0.4120579376102117,11.991629079089469,0.33279388005294136,98.6416708615901,1.484226923085714,19.15408445903519,0.3676044917349766,0.09250177415037583,4.343429493003475e-06,1.1540267369865085,191.55431686807424,34,COMPLETE
5403,49.18214396433006,2.322528814331183,2026-10-06 03:36:55.641931,2026-10-06 03:40:04.108844,0 days 00:03:08.466913,0.6035701184525539,0.7186098618255685,0.2345370319995722,5.245413993140336,0.33279388005294136,98.6416708615901,0.6419517764288287,7.242018006177657,0.28988344429582863,0.03038027549946027,4.343429493003475e-06,1.1540267369865085,188.4667903073132,34,COMPLETE
5404,43.756019747667416,7.480175026442593,2026-10-06 03:36:55.861115,2026-10-06 03:40:08.425822,0 days 00:03:12.564707,0.9158653711831447,0.07861675458476158,0.4120579376102117,5.245413993140336,0.2395452449940939,98.6416708615901,0.396687138771568,5.8774721288796,0.3787184497362417,0.03038027549946027,2.267358369341208e-06,0.7699502779177346,192.56458484195173,34,COMPLETE
5405,45.76379565805084,4.4718663109764245,2026-10-06 03:36:57.153229,2026-10-06 03:40:06.301415,0 days 00:03:09.148186,0.9158653711831447,0.07861675458476158,0.2345370319995722,5.245413993140336,0.6087670929915812,94.61146042672904,1.080654620868664,45.6508402201298,0.007925456797868324,0.03038027549946027,2.1038771230648366e-06,1.2974912099205862,189.14805618487298,34,COMPLETE
5406,43.18533408700053,7.818743425069837,2026-10-06 03:36:57.194981,2026-10-06 03:40:09.524442,0 days 00:03:12.329461,0.7407180681038071,0.2965654106455736,0.4120579376102117,15.604367635954219,0.2395452449940939,98.6416708615901,1.484226923085714,5.8774721288796,0.4212595585654096,0.03280586071940829,4.343429493003475e-06,1.1540267369865085,192.32932962849736,34,COMPLETE
5407,23.280590341021178,1.1847026789238968,2026-10-06 03:36:57.830003,2026-10-06 03:40:06.621874,0 days 00:03:08.791871,0.8010869639365119,0.8717951055729352,0.041835153870264076,5.245413993140336,0.33279388005294136,98.6416708615901,0.7518185550990375,19.15408445903519,0.28988344429582863,0.03280586071940829,4.343429493003475e-06,1.2974912099205862,188.79173951689154,34,COMPLETE
5408,25.90606339333875,8.2854906793659,2026-10-06 03:36:58.474995,2026-10-06 03:40:08.700281,0 days 00:03:10.225286,0.6775759777641851,0.19189790819770397,0.5926143650576037,11.991629079089469,0.33279388005294136,98.6416708615901,0.2426634652788004,23.475624031055144,0.2975664073833317,0.03038027549946027,0.02152506628658585,0.7699502779177346,190.22517409641296,34,COMPLETE
5409,33.919648483057685,17.059848008122675,2026-10-06 03:37:29.136129,2026-10-06 03:40:45.751839,0 days 00:03:16.615710,0.32522926579248107,0.19189790819770397,0.4120579376102117,5.245413993140336,0.2395452449940939,94.61146042672904,1.484226923085714,41.66154811682372,0.15450841561573675,0.024099244621516126,4.343429493003475e-06,0.23886283196880004,196.6155936382711,34,COMPLETE
5410,31.32422145666365,22.13396925722849,2026-10-06 03:37:29.350431,2026-10-06 03:40:42.872507,0 days 00:03:13.522076,0.8010869639365119,0.21606902729252941,0.5673687007336011,8.556213008137046,0.2395452449940939,98.6416708615901,0.7297455375332902,35.86671955459044,0.2975664073833317,0.024099244621516126,4.343429493003475e-06,0.7699502779177346,193.52126161474735,34,COMPLETE
5411,,,2026-10-06 03:37:30.444200,2026-10-06 03:37:31.183343,0 days 00:00:00.739143,0.8010869639365119,0.8717951055729352,0.12615106220885586,10.877854836518644,0.2395452449940939,94.61146042672904,1.2898828018697517,60.33924001142206,0.08981597176864942,0.021966873773064614,,0.7699502779177346,,34,PRUNED
5412,40.207257599760155,8.866973938037708,2026-10-06 03:37:31.434125,2026-10-06 03:40:47.297606,0 days 00:03:15.863481,0.9158653711831447,0.21606902729252941,0.4120579376102117,5.245413993140336,0.6087670929915812,94.61146042672904,0.6419517764288287,19.15408445903519,0.026937100580568585,0.03038027549946027,4.343429493003475e-06,1.1540267369865085,195.86335804406554,34,COMPLETE
5413,44.586083135795185,1.4487599072446105,2026-10-06 03:37:32.855437,2026-10-06 03:40:45.483666,0 days 00:03:12.628229,0.51115025563667,0.2965654106455736,0.0877527869571475,21.358327080487467,0.2395452449940939,94.61146042672904,0.396687138771568,5.8774721288796,0.3936576523393438,0.03038027549946027,2.267358369341208e-06,0.7699502779177346,192.62810857314616,34,COMPLETE
5414,0.09086282276859522,1.1699292169304343,2026-10-06 03:37:34.207993,2026-10-06 03:40:42.463497,0 days 00:03:08.255504,0.8010869639365119,0.2965654106455736,0.04204707967280574,8.556213008137046,0.33279388005294136,94.61146042672904,1.484226923085714,5.8774721288796,0.08981597176864942,0.021966873773064614,4.343429493003475e-06,1.3890637168667692,188.255387426354,34,COMPLETE
5415,,,2026-10-06 03:37:34.414953,2026-10-06 03:37:35.688065,0 days 00:00:01.273112,0.7112273181968373,1.2741785313175573,0.5667882730348237,21.183844928151355,0.33279388005294136,71.86960559341742,0.7249287687509238,19.15408445903519,0.3676044917349766,0.038684027541916195,,0.1281305020275954,,34,PRUNED
5416,,,2026-10-06 03:37:35.364151,2026-10-06 03:37:36.283058,0 days 00:00:00.918907,0.9158653711831447,0.8715336252138003,0.807738690329122,21.183844928151355,0.3519093950798047,94.61146042672904,1.484226923085714,45.6508402201298,0.08173395261699556,0.0026584284704985893,,1.1540267369865085,,34,PRUNED
5417,26.081046890782318,25.37657681337951,2026-10-06 03:37:35.699998,2026-10-06 03:40:48.119703,0 days 00:03:12.419705,0.18768842926084683,0.07861675458476158,0.807738690329122,21.183844928151355,0.3474140603684674,94.61146042672904,1.080654620868664,45.6508402201298,0.007925456797868324,0.03038027549946027,2.1038771230648366e-06,1.2974912099205862,192.4195911847055,34,COMPLETE
5418,28.201770814152418,9.763498695286467,2026-10-06 03:37:36.459998,2026-10-06 03:40:47.215240,0 days 00:03:10.755242,0.9158653711831447,0.07861675458476158,0.807738690329122,5.245413993140336,0.13205087729019693,98.6416708615901,0.396687138771568,5.8774721288796,0.08173395261699556,0.03038027549946027,2.267358369341208e-06,0.7699502779177346,190.75512042362243,34,COMPLETE
5419,,,2026-10-06 03:38:01.976997,2026-10-06 03:38:03.273341,0 days 00:00:01.296344,0.8010869639365119,0.2965654106455736,0.5926143650576037,11.991629079089469,0.33279388005294136,94.61146042672904,1.484226923085714,5.8774721288796,1.4781017967403953,0.03038027549946027,,1.1540267369865085,,34,PRUNED
5420,33.0133441886529,17.260958366486864,2026-10-06 03:38:03.517155,2026-10-06 03:41:14.966859,0 days 00:03:11.449704,0.6775759777641851,0.2284118304472575,0.5926143650576037,21.183844928151355,0.3519093950798047,94.61146042672904,1.4690823188003486,23.475624031055144,0.31165549480973637,0.03038027549946027,4.343429493003475e-06,1.2974912099205862,191.44957172684371,34,COMPLETE
5421,33.00863515569203,14.024392774635434,2026-10-06 03:38:05.639369,2026-10-06 03:41:21.211929,0 days 00:03:15.572560,0.51115025563667,0.2284118304472575,0.4120579376102117,11.991629079089469,0.33279388005294136,98.6416708615901,1.2898828018697517,41.66154811682372,0.08173395261699556,0.03038027549946027,2.1038771230648366e-06,0.23886283196880004,195.57243920490146,34,COMPLETE
5422,56.543057222207345,1.3590631665892305,2026-10-06 03:38:06.417019,2026-10-06 03:41:19.596448,0 days 00:03:13.179429,0.9158653711831447,0.8715336252138003,0.17554070773749708,5.245413993140336,0.6087670929915812,98.6416708615901,1.484226923085714,5.8774721288796,0.08173395261699556,0.03038027549946027,2.1038771230648366e-06,1.1540267369865085,193.179298507981,34,COMPLETE
5423,37.58746861068909,11.174387548477068,2026-10-06 03:38:07.308018,2026-10-06 03:41:19.285721,0 days 00:03:11.977703,0.7407180681038071,0.2965654106455736,0.4120579376102117,8.556213008137046,0.2395452449940939,62.50565807147683,1.484226923085714,35.86671955459044,0.4212595585654096,0.03280586071940829,4.343429493003475e-06,1.1540267369865085,191.97756867203861,34,COMPLETE
5424,,,2026-10-06 03:38:07.802008,2026-10-06 03:38:48.531052,0 days 00:00:40.729044,0.32522926579248107,0.2965654106455736,0.4120579376102117,2.951416270529748,0.5702389263944633,94.61146042672904,1.484226923085714,19.15408445903519,0.4212595585654096,0.03038027549946027,2.1038771230648366e-06,1.1540267369865085,,35,PRUNED
5425,,,2026-10-06 03:38:07.810112,2026-10-06 03:38:08.718064,0 days 00:00:00.907952,0.9158653711831447,0.7186098618255685,0.4120579376102117,11.991629079089469,0.33279388005294136,94.61146042672904,1.2898828018697517,5.8774721288796,1.0519463494420815,0.0020351687221829015,,0.7699502779177346,,35,PRUNED
5426,,,2026-10-06 03:38:08.908116,2026-10-06 03:38:09.286004,0 days 00:00:00.377888,0.8010869639365119,0.21606902729252941,0.5673687007336011,8.556213008137046,0.33279388005294136,98.6416708615901,1.484226923085714,35.86671955459044,0.2975664073833317,0.024099244621516126,,1.2974912099205862,,35,PRUNED
5427,42.77992756262135,2.612643278327659,2026-10-06 03:38:09.226463,2026-10-06 03:41:20.984285,0 days 00:03:11.757822,0.51115025563667,0.2454924989231811,0.2502454465111663,7.244472656270025,0.33279388005294136,98.6416708615901,1.484226923085714,47.99808575727438,0.3054149949472662,0.057729529934464986,4.343429493003475e-06,0.23886283196880004,191.75768806319684,35,COMPLETE
5428,29.223539561963502,23.98355091883506,2026-10-06 03:38:10.401667,2026-10-06 03:41:22.399213,0 days 00:03:11.997546,0.7123418565646167,0.19189790819770397,0.5926143650576037,10.877854836518644,0.2395452449940939,98.6416708615901,0.7638461919908635,41.66154811682372,0.08173395261699556,0.024099244621516126,4.343429493003475e-06,1.1540267369865085,191.99742655269802,35,COMPLETE
5429,15.30366438220075,1.9358686224195645,2026-10-06 03:38:10.555269,2026-10-06 03:41:21.032541,0 days 00:03:10.477272,0.51115025563667,0.19189790819770397,0.5926143650576037,7.244472656270025,0.2395452449940939,98.6416708615901,0.42508265281114443,47.99808575727438,0.08173395261699556,0.024099244621516126,87.0699999605567,0.23886283196880004,190.47714581806213,35,COMPLETE
5430,25.848328882729398,23.68046342394671,2026-10-06 03:38:10.903997,2026-10-06 03:41:22.209702,0 days 00:03:11.305705,0.51115025563667,0.07861675458476158,0.807738690329122,10.877854836518644,0.3519093950798047,94.61146042672904,0.396687138771568,41.66154811682372,0.08173395261699556,0.03038027549946027,4.343429493003475e-06,1.2974912099205862,191.30560175701976,35,COMPLETE
5431,48.79914690589626,2.8623161609275964,2026-10-06 03:38:11.270988,2026-10-06 03:41:26.380427,0 days 00:03:15.109439,0.51115025563667,0.2454924989231811,0.2345370319995722,7.244472656270025,0.33279388005294136,98.6416708615901,0.7638461919908635,5.207621074183237,0.08173395261699556,0.03038027549946027,4.343429493003475e-06,1.1540267369865085,195.1093107284978,35,COMPLETE
5432,,,2026-10-06 03:38:11.660003,2026-10-06 03:38:50.965064,0 days 00:00:39.305061,0.9158653711831447,0.7186098618255685,0.778294044131552,21.183844928151355,0.6087670929915812,98.6416708615901,0.6419517764288287,5.8774721288796,0.3054149949472662,0.03038027549946027,2.1038771230648366e-06,0.1281305020275954,,35,PRUNED
