number,values_0,values_1,datetime_start,datetime_complete,duration,params_between_rest_spread,params_c_spread,params_c_val,params_input_force,params_k_between_spread,params_k_between_val,params_k_wall_spread,params_k_wall_val,params_m_spread,params_m_val,params_ridge_alpha,params_wall_rest_spread,user_attrs_duration_sec,system_attrs_NSGAIISampler:generation,state
5314,37.0679756510699,2.4057393215963336,2026-10-06 03:33:42.315166,2026-10-06 03:36:49.196298,0 days 00:03:06.881132,1.1546551456676255,0.8717951055729352,0.4120579376102117,11.991629079089469,0.02562720249225592,98.6416708615901,1.2898828018697517,5.8774721288796,0.08173395261699556,0.03038027549946027,0.009527758865809928,1.2974912099205862,186.8809938915074,34,COMPLETE
5315,,,2026-10-06 03:33:43.560001,2026-10-06 03:34:20.638973,0 days 00:00:37.078972,0.9158653711831447,0.7186098618255685,0.807738690329122,12.214752017762354,0.33279388005294136,98.6416708615901,0.456342626273439,41.66154811682372,0.4466896488125526,0.03038027549946027,2.1038771230648366e-06,0.23886283196880004,,34,PRUNED
5316,47.75693346014508,2.8681708747288956,2026-10-06 03:33:43.571957,2026-10-06 03:36:57.639806,0 days 00:03:14.067849,0.8010869639365119,0.19189790819770397,0.2345370319995722,8.298861293462107,0.6087670929915812,98.6416708615901,1.2898828018697517,5.8774721288796,0.08173395261699556,0.03280586071940829,4.343429493003475e-06,0.16657668942032194,194.06772563233972,34,COMPLETE
5317,,,2026-10-06 03:33:43.575951,2026-10-06 03:33:43.891048,0 days 00:00:00.315097,0.9158653711831447,0.19189790819770397,0.17554070773749708,21.183844928151355,0.6087670929915812,98.6416708615901,1.484226923085714,45.6508402201298,0.3054149949472662,0.03038027549946027,,1.1540267369865085,,34,PRUNED
5318,,,2026-10-06 03:33:44.160003,2026-10-06 03:33:45.278059,0 days 00:00:01.118056,0.51115025563667,1.3649500433174626,0.5926143650576037,7.244472656270025,0.2395452449940939,98.6416708615901,0.7297455375332902,41.66154811682372,0.08173395261699556,0.024099244621516126,,0.23886283196880004,,34,PRUNED
5319,,,2026-10-06 03:33:44.257710,2026-10-06 03:34:20.234060,0 days 00:00:35.976350,0.8010869639365119,0.21606902729252941,0.5673687007336011,8.556213008137046,0.6087670929915812,98.6416708615901,1.080654620868664,5.8774721288796,0.2975664073833317,0.03038027549946027,4.343429493003475e-06,0.340588235326186,,34,PRUNED
5320,15.581152175825457,3.3724841958269227,2026-10-06 03:33:45.526007,2026-10-06 03:36:55.725091,0 days 00:03:10.199084,0.8010869639365119,0.2965654106455736,0.4120579376102117,6.9030748818314125,0.2395452449940939,1.5112510647822168,1.484226923085714,5.8774721288796,0.4212595585654096,0.03280586071940829,2.1038771230648366e-06,0.3022156954362404,190.19896611571312,34,COMPLETE
5321,18.609443862976033,10.484770600627844,2026-10-06 03:33:46.364993,2026-10-06 03:36:57.617206,0 days 00:03:11.252213,0.51115025563667,0.19189790819770397,0.5926143650576037,12.214752017762354,0.042890876744170636,98.6416708615901,0.49162799279875363,41.66154811682372,0.08173395261699556,0.024099244621516126,1.1133710154885605,0.23886283196880004,191.25208428595215,34,COMPLETE
5322,,,2026-10-06 03:34:14.224003,2026-10-06 03:34:53.222069,0 days 00:00:38.998066,0.9158653711831447,0.4476106698501559,0.4120579376102117,28.127104320209686,0.6087670929915812,85.69762729633804,1.2898828018697517,35.86671955459044,0.4212595585654096,0.03038027549946027,4.343429493003475e-06,0.7699502779177346,,34,PRUNED
5323,,,2026-10-06 03:34:16.002981,2026-10-06 03:34:57.280063,0 days 00:00:41.277082,0.51115025563667,0.1596216132174495,0.20358075665942357,11.991629079089469,0.33279388005294136,98.6416708615901,1.080654620868664,41.66154811682372,0.3054149949472662,0.024099244621516126,4.343429493003475e-06,0.7296704665126732,,34,PRUNED
5324,44.176096529047115,2.5050287259301274,2026-10-06 03:34:17.624991,2026-10-06 03:37:32.681978,0 days 00:03:15.056987,0.7941453801831695,0.7186098618255685,0.5926143650576037,10.877854836518644,0.506401025718823,94.61146042672904,1.484226923085714,1.1445112738702679,0.23966352609329233,0.03038027549946027,4.343429493003475e-06,1.1540267369865085,195.05685666389763,34,COMPLETE
5325,43.849804487678156,6.030210759686251,2026-10-06 03:34:18.548992,2026-10-06 03:37:28.967364,0 days 00:03:10.418372,0.1758077879693249,0.7186098618255685,0.4120579376102117,5.245413993140336,0.33279388005294136,98.6416708615901,1.484226923085714,5.8774721288796,0.4212595585654096,0.03038027549946027,4.343429493003475e-06,0.6695016319763065,190.4182654377073,34,COMPLETE
5326,33.441777725071105,16.63695761235469,2026-10-06 03:34:18.610984,2026-10-06 03:37:28.930659,0 days 00:03:10.319675,0.8010869639365119,0.2284118304472575,0.5926143650576037,10.877854836518644,0.33279388005294136,85.69762729633804,1.2898828018697517,23.475624031055144,0.2975664073833317,0.03038027549946027,4.343429493003475e-06,1.1570642934500739,190.31955219991505,34,COMPLETE
5327,,,2026-10-06 03:34:20.100981,2026-10-06 03:34:59.199055,0 days 00:00:39.098074,0.51115025563667,0.7186098618255685,0.20358075665942357,5.245413993140336,0.6087670929915812,98.6416708615901,1.484226923085714,14.182822102930093,0.3054149949472662,0.03038027549946027,4.343429493003475e-06,1.2974912099205862,,34,PRUNED
5328,47.972750618861234,4.54533377769654,2026-10-06 03:34:20.528158,2026-10-06 03:37:34.774451,0 days 00:03:14.246293,0.8010869639365119,0.8717951055729352,0.3270658559023828,11.991629079089469,0.33279388005294136,98.6416708615901,1.484226923085714,7.242018006177657,0.007925456797868324,0.03038027549946027,4.343429493003475e-06,1.1540267369865085,194.24616024643183,34,COMPLETE
5329,,,2026-10-06 03:34:20.531955,2026-10-06 03:35:00.678041,0 days 00:00:40.146086,0.8010869639365119,0.3710922296723819,0.5926143650576037,8.483099182555552,0.33279388005294136,98.6416708615901,1.484226923085714,7.242018006177657,0.2975664073833317,0.015258457107540657,4.343429493003475e-06,1.1540267369865085,,34,PRUNED
5330,18.28054935540944,1.219175336297535,2026-10-06 03:34:21.419172,2026-10-06 03:37:34.110336,0 days 00:03:12.691164,0.8010869639365119,0.8717951055729352,0.12615106220885586,47.39124320771096,0.33279388005294136,94.61146042672904,1.2898828018697517,1.4056083189495427,0.08981597176864942,0.021966873773064614,4.343429493003475e-06,1.3890637168667692,192.6910457732156,34,COMPLETE
5331,44.841567112194994,4.52314980577837,2026-10-06 03:34:21.575981,2026-10-06 03:37:34.195633,0 days 00:03:12.619652,1.1546551456676255,0.8715336252138003,0.5926143650576037,5.245413993140336,0.33279388005294136,98.6416708615901,1.484226923085714,5.8774721288796,0.007925456797868324,0.03280586071940829,2.1038771230648366e-06,1.1540267369865085,192.61953667085618,34,COMPLETE
5332,55.79296368342034,1.6503505034731203,2026-10-06 03:34:22.390005,2026-10-06 03:37:30.035369,0 days 00:03:07.645364,0.8010869639365119,0.8715336252138003,0.2345370319995722,5.245413993140336,0.33279388005294136,98.6416708615901,1.2898828018697517,1.4056083189495427,0.08173395261699556,0.021966873773064614,5.240903679623924e-06,0.7043440375156889,187.64524454344064,34,COMPLETE
5333,18.94359116357888,15.294143003770003,2026-10-06 03:34:50.231004,2026-10-06 03:38:07.066803,0 days 00:03:16.835799,0.51115025563667,0.21606902729252941,0.5673687007336011,8.556213008137046,0.33279388005294136,2.6989544315954737,0.7297455375332902,35.86671955459044,0.08173395261699556,0.024099244621516126,4.343429493003475e-06,0.7296704665126732,196.83566862996668,34,COMPLETE
5334,25.656648081412875,26.83099710203122,2026-10-06 03:34:53.279144,2026-10-06 03:38:01.549041,0 days 00:03:08.269897,0.51115025563667,0.2454924989231811,0.807738690329122,21.183844928151355,0.33279388005294136,98.6416708615901,1.484226923085714,45.6508402201298,0.3054149949472662,0.03038027549946027,4.343429493003475e-06,0.4444498274129267,188.269765637815,34,COMPLETE
5335,,,2026-10-06 03:34:54.040933,2026-10-06 03:35:31.202074,0 days 00:00:37.161141,0.8010869639365119,0.6107554055584723,0.4120579376102117,23.071203914928493,0.6087670929915812,98.6416708615901,1.2898828018697517,5.8774721288796,0.08173395261699556,0.019399651330292457,2.1038771230648366e-06,0.7699502779177346,,34,PRUNED
5336,,,2026-10-06 03:34:54.069121,2026-10-06 03:34:54.279026,0 days 00:00:00.209905,0.7407180681038071,0.3710922296723819,0.5926143650576037,10.877854836518644,0.33279388005294136,98.6416708615901,1.484226923085714,35.86671955459044,0.4212595585654096,0.03280586071940829,,1.1540267369865085,,34,PRUNED
5337,27.30109037510266,26.14481170332702,2026-10-06 03:34:54.567857,2026-10-06 03:38:06.012499,0 days 00:03:11.444642,0.51115025563667,0.19189790819770397,0.5926143650576037,7.244472656270025,0.2395452449940939,98.6416708615901,0.7638461919908635,47.99808575727438,0.08173395261699556,0.024099244621516126,4.343429493003475e-06,0.23886283196880004,191.44451832398772,34,COMPLETE
5338,45.995895479822394,6.611023453939323,2026-10-06 03:34:54.587119,2026-10-06 03:38:11.495845,0 days 00:03:16.908726,0.32522926579248107,0.7186098618255685,0.4120579376102117,5.245413993140336,0.33279388005294136,98.6416708615901,1.484226923085714,19.15408445903519,0.3676044917349766,0.03038027549946027,2.1038771230648366e-06,1.2974912099205862,196.90859576687217,34,COMPLETE
5339,33.02317122699833,19.040220524696004,2026-10-06 03:34:54.636121,2026-10-06 03:38:07.472862,0 days 00:03:12.836741,0.7407180681038071,0.3710922296723819,0.5926143650576037,10.877854836518644,0.33279388005294136,98.6416708615901,0.7297455375332902,41.66154811682372,0.2975664073833317,0.03038027549946027,2.1038771230648366e-06,0.9918515562238799,192.83662130404264,34,COMPLETE
5340,50.483775628071534,2.847952560737645,2026-10-06 03:34:55.112988,2026-10-06 03:38:05.638910,0 days 00:03:10.525922,0.8010869639365119,0.2284118304472575,0.19512938377672728,5.245413993140336,0.33279388005294136,98.6416708615901,1.4690823188003486,23.475624031055144,0.21575926930563577,0.024099244621516126,4.343429493003475e-06,1.1540267369865085,190.52579502761364,34,COMPLETE
5341,35.98705002459724,12.632446951027434,2026-10-06 03:34:55.480292,2026-10-06 03:38:09.033220,0 days 00:03:13.552928,0.32522926579248107,0.8717951055729352,0.5667882730348237,10.877854836518644,0.33279388005294136,98.6416708615901,1.484226923085714,35.86671955459044,0.007925456797868324,0.03280586071940829,4.343429493003475e-06,0.5555860400481452,193.55280814226717,34,COMPLETE
5342,,,2026-10-06 03:34:55.759457,2026-10-06 03:34:56.585082,0 days 00:00:00.825625,0.51115025563667,0.07861675458476158,0.4120579376102117,11.991629079089469,0.6087670929915812,98.6416708615901,1.080654620868664,45.6508402201298,0.906738092963608,0.03038027549946027,,1.1540267369865085,,34,PRUNED
5343,,,2026-10-06 03:34:56.677994,2026-10-06 03:34:57.946070,0 days 00:00:01.268076,0.8010869639365119,1.2226622078950742,0.4120579376102117,5.245413993140336,0.33279388005294136,98.6416708615901,0.6419517764288287,5.8774721288796,0.08981597176864942,0.03038027549946027,,1.3890637168667692,,34,PRUNED
5344,,,2026-10-06 03:34:58.180181,2026-10-06 03:34:59.480059,0 days 00:00:01.299878,1.2703159503932415,0.5870315050783771,0.5667882730348237,5.245413993140336,0.33279388005294136,98.6416708615901,1.4690823188003486,6.592996704223951,0.4212595585654096,0.0022906065652698775,,0.23886283196880004,,34,PRUNED
5345,44.614839277426924,4.8294119017063775,2026-10-06 03:34:58.183957,2026-10-06 03:38:10.509088,0 days 00:03:12.325131,0.51115025563667,0.7186098618255685,0.20358075665942357,10.141321135934461,0.33279388005294136,98.6416708615901,1.484226923085714,14.182822102930093,0.3054149949472662,0.024099244621516126,4.343429493003475e-06,0.23886283196880004,192.32502378709614,34,COMPLETE
5346,,,2026-10-06 03:34:58.187942,2026-10-06 03:35:38.934011,0 days 00:00:40.746069,1.251414932353969,0.7186098618255685,0.4120579376102117,5.245413993140336,0.6087670929915812,98.6416708615901,0.6419517764288287,5.8774721288796,0.3054149949472662,0.03038027549946027,7.73732914638056e-06,1.1540267369865085,,34,PRUNED
5347,,,2026-10-06 03:34:58.191946,2026-10-06 03:34:59.422051,0 days 00:00:01.230105,0.6775759777641851,0.2284118304472575,0.5926143650576037,10.877854836518644,0.33279388005294136,98.6416708615901,1.484226923085714,23.475624031055144,0.2975664073833317,0.011331657663512415,,1.1540267369865085,,34,PRUNED
5348,0.3807996403736679,1.2754941616840376,2026-10-06 03:34:58.195943,2026-10-06 03:38:07.369835,0 days 00:03:09.173892,0.7407180681038071,0.3710922296723819,0.03545733447916929,10.877854836518644,0.33279388005294136,98.6416708615901,1.073171384051157,5.8774721288796,0.2975664073833317,0.03280586071940829,4.343429493003475e-06,1.1540267369865085,189.17378757707775,34,COMPLETE
5349,32.64362373371466,9.075703031480206,2026-10-06 03:34:59.527985,2026-10-06 03:38:10.401205,0 days 00:03:10.873220,0.9771984323197447,0.7186098618255685,0.31283532117804513,36.36067602375541,0.33279388005294136,98.6416708615901,0.7638461919908635,41.66154811682372,0.08173395261699556,0.024099244621516126,4.343429493003475e-06,1.1540267369865085,190.87309458572417,34,COMPLETE
5350,,,2026-10-06 03:34:59.928048,2026-10-06 03:35:37.106066,0 days 00:00:37.178018,0.7407180681038071,0.21606902729252941,0.5926143650576037,10.877854836518644,0.2395452449940939,98.6416708615901,0.7638461919908635,19.15408445903519,0.4212595585654096,0.024099244621516126,2.1038771230648366e-06,1.1540267369865085,,34,PRUNED
5351,,,2026-10-06 03:34:59.956134,2026-10-06 03:35:00.603068,0 days 00:00:00.646934,0.51115025563667,0.7186098618255685,0.807738690329122,5.245413993140336,0.33279388005294136,94.61146042672904,1.4690823188003486,1.9161125491303383,0.3054149949472662,0.024099244621516126,,1.2974912099205862,,34,PRUNED
5352,,,2026-10-06 03:35:00.776132,2026-10-06 03:35:38.266061,0 days 00:00:37.489929,0.7407180681038071,0.7186098618255685,0.5926143650576037,5.245413993140336,0.5557547632162355,98.6416708615901,0.7297455375332902,5.8774721288796,0.4212595585654096,0.03038027549946027,2.1038771230648366e-06,0.7699502779177346,,34,PRUNED
5353,47.24120292630617,2.721507071056477,2026-10-06 03:35:00.779952,2026-10-06 03:38:12.536003,0 days 00:03:11.756051,0.8010869639365119,0.8715336252138003,0.31283532117804513,5.245413993140336,0.33279388005294136,98.6416708615901,0.9486097896290084,5.8774721288796,0.4212595585654096,0.03038027549946027,5.580771640441825e-05,0.7699502779177346,191.75591884274036,34,COMPLETE
5354,35.47162783557898,9.937687319990822,2026-10-06 03:35:00.783942,2026-10-06 03:38:10.452188,0 days 00:03:09.668246,0.7123418565646167,0.3710922296723819,0.5667882730348237,5.245413993140336,0.33279388005294136,98.6416708615901,0.7297455375332902,41.66154811682372,0.3936576523393438,0.03038027549946027,4.288047572828231e-05,1.1540267369865085,189.66813901253045,34,COMPLETE
5355,35.374092758911345,4.9006263045572185,2026-10-06 03:35:28.323476,2026-10-06 03:38:41.542304,0 days 00:03:13.218828,0.51115025563667,0.2965654106455736,0.2345370319995722,46.910970945492366,0.33279388005294136,94.61146042672904,0.6419517764288287,5.8774721288796,0.3936576523393438,0.03038027549946027,4.343429493003475e-06,0.14653497604620547,193.21869458258152,34,COMPLETE
5356,19.89074948683194,18.626885790156834,2026-10-06 03:35:29.045000,2026-10-06 03:38:45.044678,0 days 00:03:15.999678,0.51115025563667,0.21606902729252941,0.5926143650576037,8.556213008137046,0.2395452449940939,6.859956476675124,0.7638461919908635,41.66154811682372,0.08173395261699556,0.024099244621516126,4.343429493003475e-06,0.7699502779177346,195.99954750295728,34,COMPLETE
5357,36.70174203754466,14.73863772616203,2026-10-06 03:35:29.784023,2026-10-06 03:38:36.314311,0 days 00:03:06.530288,0.7407180681038071,0.3710922296723819,0.5926143650576037,10.877854836518644,0.33279388005294136,98.6416708615901,1.484226923085714,35.86671955459044,0.2975664073833317,0.03280586071940829,4.343429493003475e-06,1.1540267369865085,186.53015649318695,34,COMPLETE
5358,48.386667538351325,5.071745025945623,2026-10-06 03:35:31.296126,2026-10-06 03:38:48.091746,0 days 00:03:16.795620,0.9158653711831447,0.7186098618255685,0.4120579376102117,5.245413993140336,0.6087670929915812,94.61146042672904,0.6419517764288287,5.8774721288796,0.026937100580568585,0.03038027549946027,2.1038771230648366e-06,1.1540267369865085,196.7954859416932,34,COMPLETE
5359,,,2026-10-06 03:35:32.552149,2026-10-06 03:35:33.542040,0 days 00:00:00.989891,0.9158653711831447,0.19189790819770397,0.4120579376102117,11.991629079089469,0.33279388005294136,94.61146042672904,0.6419517764288287,5.8774721288796,1.411249884330529,0.03038027549946027,,0.7699502779177346,,34,PRUNED
5360,,,2026-10-06 03:35:33.558123,2026-10-06 03:36:14.287079,0 days 00:00:40.728956,0.9158653711831447,0.19189790819770397,0.4120579376102117,31.06734753696614,0.6087670929915812,98.6416708615901,0.6419517764288287,41.66154811682372,0.08173395261699556,0.024099244621516126,4.343429493003475e-06,0.23886283196880004,,34,PRUNED
5361,53.08942744716762,1.6776882153495705,2026-10-06 03:35:34.082993,2026-10-06 03:38:45.505619,0 days 00:03:11.422626,0.9158653711831447,0.8715336252138003,0.17554070773749708,11.991629079089469,0.6087670929915812,98.6416708615901,1.484226923085714,5.8774721288796,0.08173395261699556,0.03038027549946027,4.343429493003475e-06,1.1540267369865085,191.42250194214284,34,COMPLETE
5362,48.26250894608399,2.662862515716614,2026-10-06 03:35:36.243988,2026-10-06 03:38:48.326817,0 days 00:03:12.082829,0.9158653711831447,0.7186098618255685,0.4120579376102117,5.245413993140336,0.6087670929915812,98.6416708615901,1.080654620868664,2.394886838397689,0.007925456797868324,0.03038027549946027,4.343429493003475e-06,0.5697884115560876,192.0826899399981,34,COMPLETE
5363,,,2026-10-06 03:35:36.564116,2026-10-06 03:35:37.519086,0 days 00:00:00.954970,0.51115025563667,1.062221286094215,0.5667882730348237,10.877854836518644,0.33279388005294136,85.69762729633804,0.7297455375332902,41.66154811682372,0.2975664073833317,0.024099244621516126,,1.1540267369865085,,34,PRUNED
5364,43.33193623922779,7.521694661645633,2026-10-06 03:35:38.571168,2026-10-06 03:38:47.848462,0 days 00:03:09.277294,0.51115025563667,0.07861675458476158,0.31283532117804513,5.245413993140336,0.33279388005294136,98.6416708615901,0.9486097896290084,45.6508402201298,0.3054149949472662,0.03038027549946027,4.343429493003475e-06,1.2974912099205862,189.2771915514022,34,COMPLETE
5365,40.36953769397819,8.18916251068752,2026-10-06 03:35:38.574962,2026-10-06 03:38:47.559542,0 days 00:03:08.984580,0.7407180681038071,0.21606902729252941,0.4120579376102117,10.877854836518644,0.5557547632162355,98.6416708615901,0.7297455375332902,5.8774721288796,0.007925456797868324,0.03038027549946027,4.343429493003475e-06,0.7699502779177346,188.98445698991418,34,COMPLETE
5366,33.34402881211904,4.801392877407443,2026-10-06 03:35:38.578955,2026-10-06 03:38:50.349255,0 days 00:03:11.770300,0.8010869639365119,0.19189790819770397,0.2345370319995722,45.12332840661072,0.33279388005294136,98.6416708615901,0.7638461919908635,19.15408445903519,0.08173395261699556,0.03038027549946027,4.343429493003475e-06,1.1540267369865085,191.77019744273275,34,COMPLETE
5367,38.29623404282283,12.695581603326957,2026-10-06 03:35:38.582938,2026-10-06 03:38:54.088195,0 days 00:03:15.505257,0.51115025563667,0.8717951055729352,0.5667882730348237,10.877854836518644,0.33279388005294136,98.6416708615901,0.20891506144622152,19.15408445903519,0.3676044917349766,0.03038027549946027,4.343429493003475e-06,1.2974912099205862,195.505132031627,34,COMPLETE
5368,51.87716188600219,1.4322452809808395,2026-10-06 03:35:39.699509,2026-10-06 03:38:47.744839,0 days 00:03:08.045330,0.8010869639365119,0.8717951055729352,0.12615106220885586,21.183844928151355,0.33279388005294136,94.61146042672904,1.2898828018697517,1.4056083189495427,0.3787184497362417,0.03038027549946027,4.343429493003475e-06,0.7699502779177346,188.04520934727043,34,COMPLETE
5369,46.28802134647651,5.096368956557072,2026-10-06 03:35:58.487152,2026-10-06 03:39:08.884061,0 days 00:03:10.396909,0.7407180681038071,0.7186098618255685,0.4120579376102117,5.245413993140336,0.7309513626215645,98.6416708615901,1.3208460914866746,5.8774721288796,0.0395510748730144,0.03038027549946027,4.343429493003475e-06,0.7699502779177346,190.39677684754133,34,COMPLETE
5370,43.4768923179348,6.497431625907853,2026-10-06 03:36:02.496007,2026-10-06 03:39:14.254878,0 days 00:03:11.758871,0.51115025563667,0.2965654106455736,0.4120579376102117,5.245413993140336,0.33279388005294136,94.61146042672904,1.484226923085714,5.8774721288796,0.007925456797868324,0.03038027549946027,4.343429493003475e-06,1.1540267369865085,191.75873820856214,34,COMPLETE
5371,,,2026-10-06 03:36:02.802605,2026-10-06 03:36:04.159242,0 days 00:00:01.356637,1.1546551456676255,0.07861675458476158,0.807738690329122,11.991629079089469,0.33279388005294136,98.6416708615901,1.484226923085714,45.6508402201298,0.3787184497362417,0.03038027549946027,,1.1540267369865085,,34,PRUNED
5372,49.09759450438719,3.3829294209745884,2026-10-06 03:36:04.270011,2026-10-06 03:39:20.768609,0 days 00:03:16.498598,0.7112273181968373,0.7186098618255685,0.2345370319995722,5.245413993140336,0.33279388005294136,94.61146042672904,0.7518185550990375,19.15408445903519,0.3676044917349766,0.03038027549946027,4.343429493003475e-06,1.1540267369865085,196.49846991803497,34,COMPLETE
5373,48.65116458072181,2.7868686717203,2026-10-06 03:36:04.925081,2026-10-06 03:39:17.878537,0 days 00:03:12.953456,0.7112273181968373,0.8717951055729352,0.2345370319995722,10.877854836518644,0.33279388005294136,98.6416708615901,1.484226923085714,19.15408445903519,0.3676044917349766,0.03280586071940829,4.343429493003475e-06,1.2974912099205862,192.9533272460103,34,COMPLETE
