number,values_0,values_1,datetime_start,datetime_complete,duration,params_between_rest_spread,params_c_spread,params_c_val,params_input_force,params_k_between_spread,params_k_between_val,params_k_wall_spread,params_k_wall_val,params_m_spread,params_m_val,params_ridge_alpha,params_wall_rest_spread,user_attrs_duration_sec,system_attrs_NSGAIISampler:generation,state
3587,35.14569750418228,13.130969214824571,2026-10-06 02:28:44.344993,2026-10-06 02:31:52.912320,0 days 00:03:08.567327,0.7123418565646167,0.8717951055729352,0.5667882730348237,26.759443468289952,0.506401025718823,85.69762729633804,1.080654620868664,41.66154811682372,0.2975664073833317,0.03280586071940829,2.1038771230648366e-06,1.2974912099205862,188.56720311380923,22,COMPLETE
3588,28.013368391968648,23.976950156522378,2026-10-06 02:28:45.092995,2026-10-06 02:32:00.639195,0 days 00:03:15.546200,0.51115025563667,0.21606902729252941,0.807738690329122,8.556213008137046,0.33279388005294136,98.6416708615901,1.080654620868664,35.86671955459044,0.3161737300984912,0.03280586071940829,4.343429493003475e-06,0.23886283196880004,195.54608088359237,22,COMPLETE
3589,45.96757723393924,3.9800361207783297,2026-10-06 02:28:45.565285,2026-10-06 02:31:56.900292,0 days 00:03:11.335007,0.8010869639365119,0.19189790819770397,0.2345370319995722,5.245413993140336,0.3895248788420937,94.61146042672904,1.2898828018697517,18.041358017160412,0.08173395261699556,0.03038027549946027,4.343429493003475e-06,0.23886283196880004,191.33488106168807,22,COMPLETE
3590,44.10000850415623,6.657993543618537,2026-10-06 02:28:47.838989,2026-10-06 02:32:02.221174,0 days 00:03:14.382185,0.51115025563667,0.474343091358739,0.4120579376102117,5.245413993140336,0.6087670929915812,94.61146042672904,0.6419517764288287,5.8774721288796,0.026937100580568585,0.03038027549946027,2.1038771230648366e-06,1.1540267369865085,194.38207389973104,22,COMPLETE
3591,,,2026-10-06 02:28:47.872139,2026-10-06 02:28:49.387023,0 days 00:00:01.514884,0.51115025563667,0.2965654106455736,0.19400160111159936,4.511276682455236,0.33279388005294136,98.6416708615901,1.080654620868664,5.8774721288796,1.2892621071654835,0.03280586071940829,,1.2974912099205862,,22,PRUNED
3592,,,2026-10-06 02:28:50.120993,2026-10-06 02:30:43.279078,0 days 00:01:53.158085,0.7407180681038071,0.19189790819770397,0.5926143650576037,10.877854836518644,0.33279388005294136,85.69762729633804,1.484226923085714,35.86671955459044,0.08173395261699556,0.024099244621516126,4.343429493003475e-06,1.1540267369865085,,22,PRUNED
3593,,,2026-10-06 02:28:50.721997,2026-10-06 02:28:51.743054,0 days 00:00:01.021057,0.51115025563667,1.3600750602094882,0.807738690329122,21.183844928151355,0.33279388005294136,98.6416708615901,1.080654620868664,27.74488264480385,0.08173395261699556,0.03280586071940829,,1.1540267369865085,,22,PRUNED
3594,,,2026-10-06 02:28:50.729962,2026-10-06 02:30:44.807008,0 days 00:01:54.077046,0.51115025563667,0.19189790819770397,0.4120579376102117,10.877854836518644,0.6087670929915812,98.6416708615901,1.484226923085714,35.86671955459044,0.08173395261699556,0.03038027549946027,4.343429493003475e-06,1.1540267369865085,,22,PRUNED
3595,48.31181147319551,3.774824803601828,2026-10-06 02:28:51.917004,2026-10-06 02:32:02.629213,0 days 00:03:10.712209,0.7123418565646167,0.8717951055729352,0.20358075665942357,5.245413993140336,0.33279388005294136,94.61146042672904,1.484226923085714,14.182822102930093,0.08173395261699556,0.024099244621516126,2.1038771230648366e-06,0.23886283196880004,190.71209615655243,22,COMPLETE
3596,37.66311289519176,9.82286156228651,2026-10-06 02:29:15.220175,2026-10-06 02:32:28.779908,0 days 00:03:13.559733,0.9158653711831447,0.19189790819770397,0.5926143650576037,10.877854836518644,0.33279388005294136,94.61146042672904,1.484226923085714,5.1396607155359195,0.2975664073833317,0.03038027549946027,4.343429493003475e-06,1.1540267369865085,193.5596137624234,23,COMPLETE
3597,33.34897740717262,16.473105020353703,2026-10-06 02:29:20.030997,2026-10-06 02:32:37.003139,0 days 00:03:16.972142,0.51115025563667,0.19189790819770397,0.5667882730348237,10.877854836518644,0.506401025718823,98.6416708615901,0.35846820750520236,19.15408445903519,0.15450841561573675,0.03038027549946027,4.343429493003475e-06,1.2974912099205862,196.97202544566244,23,COMPLETE
3598,,,2026-10-06 02:29:20.260022,2026-10-06 02:29:21.534448,0 days 00:00:01.274426,1.4644809848335274,0.8717951055729352,0.5667882730348237,45.217692155722396,1.407169025566234,98.6416708615901,0.7297455375332902,6.2296041386818795,0.2975664073833317,0.024099244621516126,,1.1540267369865085,,23,PRUNED
3599,,,2026-10-06 02:29:21.948002,2026-10-06 02:29:23.310041,0 days 00:00:01.362039,0.7123418565646167,0.2965654106455736,0.4120579376102117,12.214752017762354,0.6087670929915812,94.61146042672904,0.7297455375332902,45.6508402201298,1.4674006613903758,0.03038027549946027,,0.23886283196880004,,23,PRUNED
3600,,,2026-10-06 02:29:23.342123,2026-10-06 02:29:23.981053,0 days 00:00:00.638930,0.7407180681038071,1.011216403903357,0.5926143650576037,11.991629079089469,0.3598302574075525,98.6416708615901,0.7297455375332902,35.86671955459044,0.4212595585654096,0.03038027549946027,,0.7699502779177346,,23,PRUNED
3601,47.95251450083897,4.005064288711344,2026-10-06 02:29:24.196126,2026-10-06 02:32:37.540185,0 days 00:03:13.344059,0.7123418565646167,0.7186098618255685,0.20358075665942357,5.245413993140336,0.33279388005294136,98.6416708615901,0.6419517764288287,14.182822102930093,0.3054149949472662,0.024099244621516126,4.343429493003475e-06,0.23698838143008322,193.34395998623222,23,COMPLETE
3602,37.36539547780516,9.736106802782023,2026-10-06 02:29:24.199959,2026-10-06 02:32:32.438791,0 days 00:03:08.238832,0.51115025563667,0.3446944372508332,0.5667882730348237,10.877854836518644,0.6852815888933588,98.6416708615901,0.6308415175519311,5.8774721288796,0.026937100580568585,0.03280586071940829,4.343429493003475e-06,1.1540267369865085,188.23865391127765,23,COMPLETE
3603,,,2026-10-06 02:29:24.519004,2026-10-06 02:30:02.847042,0 days 00:00:38.328038,0.51115025563667,0.07861675458476158,0.5667882730348237,4.160277810137751,0.9993341321856237,94.61146042672904,1.080654620868664,45.6508402201298,0.007925456797868324,0.03280586071940829,4.343429493003475e-06,0.23886283196880004,,23,PRUNED
3604,37.703738586019384,9.136228409304325,2026-10-06 02:29:24.727995,2026-10-06 02:32:37.520476,0 days 00:03:12.792481,0.51115025563667,0.2965654106455736,0.4120579376102117,20.000726109884642,0.2395452449940939,85.69762729633804,1.080654620868664,6.2296041386818795,0.4212595585654096,0.03280586071940829,4.343429493003475e-06,1.1540267369865085,192.79237023741007,23,COMPLETE
3605,24.627447755925825,7.681512662201424,2026-10-06 02:29:26.371994,2026-10-06 02:32:39.204521,0 days 00:03:12.832527,0.51115025563667,0.48628333026250986,0.807738690329122,5.343050688320007,0.6087670929915812,19.0934938866719,1.484226923085714,5.8774721288796,0.08173395261699556,0.03280586071940829,4.343429493003475e-06,1.1540267369865085,192.83240959979594,23,COMPLETE
3606,48.77397855288463,4.784340664736284,2026-10-06 02:29:26.631994,2026-10-06 02:32:35.838771,0 days 00:03:09.206777,0.9158653711831447,0.7186098618255685,0.4120579376102117,5.245413993140336,0.6087670929915812,98.6416708615901,1.080654620868664,5.8774721288796,0.007925456797868324,0.03038027549946027,2.1038771230648366e-06,1.1540267369865085,189.20665577054024,23,COMPLETE
3607,35.79745182894881,15.895944313644224,2026-10-06 02:29:26.760024,2026-10-06 02:32:37.441275,0 days 00:03:10.681251,0.7407180681038071,0.19189790819770397,0.5926143650576037,10.877854836518644,0.33279388005294136,98.6416708615901,1.484226923085714,35.86671955459044,0.2975664073833317,0.03280586071940829,4.343429493003475e-06,1.1540267369865085,190.68113819416612,23,COMPLETE
3608,44.39878637843606,6.186629329633069,2026-10-06 02:29:27.941171,2026-10-06 02:32:39.209567,0 days 00:03:11.268396,0.7123418565646167,0.2965654106455736,0.4120579376102117,5.245413993140336,0.6087670929915812,98.6416708615901,0.6419517764288287,5.8774721288796,0.08173395261699556,0.03038027549946027,4.343429493003475e-06,1.1540267369865085,191.26829370018095,23,COMPLETE
3609,46.24228069058537,3.351196314460903,2026-10-06 02:29:28.530001,2026-10-06 02:32:42.722832,0 days 00:03:14.192831,0.51115025563667,0.07861675458476158,0.20358075665942357,10.877854836518644,0.33279388005294136,98.6416708615901,1.484226923085714,35.86671955459044,0.2975664073833317,0.03280586071940829,5.411539664035814e-06,1.1540267369865085,194.19271423853934,23,COMPLETE
3610,39.52140629674053,3.4577715684140307,2026-10-06 02:29:29.184999,2026-10-06 02:32:35.091674,0 days 00:03:05.906675,0.51115025563667,0.9277185443706824,0.12615106220885586,11.991629079089469,0.2395452449940939,85.69762729633804,0.21292518523710352,41.66154811682372,0.08173395261699556,0.024099244621516126,0.00023428333292156852,0.7296704665126732,185.90655102580786,23,COMPLETE
3611,15.318276420817488,1.182187337904215,2026-10-06 02:29:29.261792,2026-10-06 02:32:43.819844,0 days 00:03:14.558052,0.51115025563667,0.2284118304472575,0.029520736983048326,21.183844928151355,0.33279388005294136,98.6416708615901,1.080654620868664,11.472809767903243,0.08173395261699556,0.03280586071940829,4.343429493003475e-06,0.23886283196880004,194.55793630331755,23,COMPLETE
3612,,,2026-10-06 02:29:33.878175,2026-10-06 02:30:14.770090,0 days 00:00:40.891915,0.51115025563667,0.48628333026250986,0.20358075665942357,5.245413993140336,0.6087670929915812,94.61146042672904,1.484226923085714,5.8774721288796,0.2975664073833317,0.03038027549946027,0.00039975836202938775,1.1540267369865085,,23,PRUNED
3613,36.25502994961289,12.467572982126601,2026-10-06 02:29:57.115996,2026-10-06 02:33:12.070130,0 days 00:03:14.954134,0.51115025563667,0.2965654106455736,0.4120579376102117,11.991629079089469,0.33279388005294136,98.6416708615901,1.080654620868664,41.66154811682372,0.007925456797868324,0.03038027549946027,4.343429493003475e-06,1.1540267369865085,194.9540262427181,23,COMPLETE
3614,8.527939370739329,1.228719688536787,2026-10-06 02:29:59.020017,2026-10-06 02:33:14.789037,0 days 00:03:15.769020,0.51115025563667,0.7186098618255685,0.034764978376438604,5.245413993140336,0.32425700010485836,98.6416708615901,1.484226923085714,35.86671955459044,0.2975664073833317,0.03038027549946027,4.343429493003475e-06,1.1540267369865085,195.7688862439245,23,COMPLETE
3615,24.155748797355677,24.78626558525536,2026-10-06 02:29:59.404160,2026-10-06 02:33:14.028131,0 days 00:03:14.623971,0.51115025563667,0.07861675458476158,0.807738690329122,49.5872145267739,0.33279388005294136,94.61146042672904,1.080654620868664,45.6508402201298,0.007925456797868324,0.03280586071940829,2.1038771230648366e-06,1.3890637168667692,194.62387270107865,23,COMPLETE
3616,41.30395862032064,9.176045253554793,2026-10-06 02:29:59.407970,2026-10-06 02:33:13.998759,0 days 00:03:14.590789,0.4919537458910443,0.2965654106455736,0.4120579376102117,8.556213008137046,0.2395452449940939,98.6416708615901,1.484226923085714,19.15408445903519,0.4212595585654096,0.03280586071940829,4.343429493003475e-06,1.1540267369865085,194.59068056195974,23,COMPLETE
3617,40.72531596070902,9.406841605430479,2026-10-06 02:30:00.020017,2026-10-06 02:33:13.093185,0 days 00:03:13.073168,0.32522926579248107,0.2965654106455736,0.4120579376102117,5.245413993140336,0.24059490511230391,94.61146042672904,1.484226923085714,19.15408445903519,0.08173395261699556,0.03038027549946027,2.1038771230648366e-06,1.1540267369865085,193.0730616375804,23,COMPLETE
3618,44.05700680802017,6.366889878714621,2026-10-06 02:30:01.503992,2026-10-06 02:33:12.143023,0 days 00:03:10.639031,0.7407180681038071,0.2284118304472575,0.4120579376102117,5.245413993140336,0.2395452449940939,98.6416708615901,0.7718344015656748,5.8774721288796,0.4212595585654096,0.03038027549946027,4.343429493003475e-06,1.4186274942013264,190.63893107231706,23,COMPLETE
3619,47.42056859636318,1.609363272356961,2026-10-06 02:30:01.818998,2026-10-06 02:33:13.782278,0 days 00:03:11.963280,0.51115025563667,0.9277185443706824,0.12615106220885586,5.245413993140336,0.2395452449940939,98.6416708615901,0.21292518523710352,19.15408445903519,0.3372985396418654,0.03038027549946027,0.00023428333292156852,0.360100133784889,191.96316278446466,23,COMPLETE
3620,22.460251750832462,1.9393480271824526,2026-10-06 02:30:02.794005,2026-10-06 02:33:19.753692,0 days 00:03:16.959687,0.51115025563667,0.49706235476746663,0.807738690329122,5.245413993140336,0.6087670929915812,94.61146042672904,1.080654620868664,45.6508402201298,0.08173395261699556,0.03038027549946027,0.8797865224451602,1.1540267369865085,196.95958507433534,23,COMPLETE
3621,39.397520628143965,10.213772142102828,2026-10-06 02:30:02.863244,2026-10-06 02:33:14.383842,0 days 00:03:11.520598,0.51115025563667,0.2965654106455736,0.4120579376102117,5.245413993140336,0.33279388005294136,98.6416708615901,0.6419517764288287,19.15408445903519,0.28988344429582863,0.03038027549946027,2.1038771230648366e-06,1.1540267369865085,191.5204822421074,23,COMPLETE
3622,31.887631593699393,20.13716377984768,2026-10-06 02:30:02.909103,2026-10-06 02:33:18.207418,0 days 00:03:15.298315,0.8010869639365119,0.19189790819770397,0.5926143650576037,11.991629079089469,0.33279388005294136,85.69762729633804,1.2898828018697517,35.86671955459044,0.4212595585654096,0.03038027549946027,4.343429493003475e-06,0.7699502779177346,195.29820908233523,23,COMPLETE
3623,36.263229634042396,11.232628630464275,2026-10-06 02:30:04.793992,2026-10-06 02:33:16.266913,0 days 00:03:11.472921,0.51115025563667,0.19189790819770397,0.5667882730348237,10.877854836518644,0.6087670929915812,98.6416708615901,0.6419517764288287,5.8774721288796,0.026937100580568585,0.03038027549946027,4.343429493003475e-06,1.1540267369865085,191.4728070218116,23,COMPLETE
3624,32.68902413090292,15.143979311212854,2026-10-06 02:30:05.952990,2026-10-06 02:33:16.613628,0 days 00:03:10.660638,1.215492784437505,0.21606902729252941,0.5926143650576037,5.245413993140336,0.2395452449940939,98.6416708615901,0.6419517764288287,35.86671955459044,0.08173395261699556,0.03038027549946027,2.1038771230648366e-06,1.1540267369865085,190.6605258649215,23,COMPLETE
3625,32.98838143994827,3.892254892414093,2026-10-06 02:30:06.961997,2026-10-06 02:33:17.507573,0 days 00:03:10.545576,0.51115025563667,0.48628333026250986,0.807738690329122,24.561198819047842,0.506401025718823,98.6416708615901,1.484226923085714,1.0772238701355874,0.08173395261699556,0.03280586071940829,4.343429493003475e-06,0.23886283196880004,190.54546296130866,23,COMPLETE
3626,32.980116902070286,11.72402271793305,2026-10-06 02:30:07.943000,2026-10-06 02:33:21.510556,0 days 00:03:13.567556,1.4644809848335274,0.4660370525015884,0.4120579376102117,21.183844928151355,0.3049037081953532,94.61146042672904,0.7297455375332902,45.6508402201298,0.007925456797868324,0.03038027549946027,4.343429493003475e-06,1.1540267369865085,193.5674331402406,23,COMPLETE
3627,27.16702138999215,10.12583647211311,2026-10-06 02:30:07.998147,2026-10-06 02:33:19.395322,0 days 00:03:11.397175,0.51115025563667,0.028858066763430723,0.807738690329122,5.245413993140336,0.14692212651879782,94.61146042672904,1.080654620868664,5.8774721288796,0.007925456797868324,0.03280586071940829,4.343429493003475e-06,0.23886283196880004,191.397060633637,23,COMPLETE
3628,52.20310112689579,1.8136317392419787,2026-10-06 02:30:08.001961,2026-10-06 02:33:19.726489,0 days 00:03:11.724528,0.7407180681038071,0.8717951055729352,0.20358075665942357,11.991629079089469,0.33279388005294136,98.6416708615901,1.484226923085714,5.8774721288796,0.007925456797868324,0.03280586071940829,4.343429493003475e-06,1.1540267369865085,191.72442549280822,23,COMPLETE
3629,,,2026-10-06 02:30:08.858082,2026-10-06 02:30:10.403245,0 days 00:00:01.545163,0.6775759777641851,0.8717951055729352,0.5667882730348237,11.991629079089469,0.2395452449940939,98.6416708615901,1.4690823188003486,23.475624031055144,0.007925456797868324,0.024099244621516126,,1.2974912099205862,,23,PRUNED
3630,44.66341628309346,6.394009790787308,2026-10-06 02:30:10.466617,2026-10-06 02:33:18.801268,0 days 00:03:08.334651,0.7123418565646167,0.2965654106455736,0.4120579376102117,5.245413993140336,0.6087670929915812,94.61146042672904,0.8124273413505371,5.8774721288796,0.08173395261699556,0.03038027549946027,2.1038771230648366e-06,1.209109649444219,188.33453228045255,23,COMPLETE
3631,,,2026-10-06 02:30:15.016062,2026-10-06 02:30:16.217061,0 days 00:00:01.200999,0.9158653711831447,0.7186098618255685,0.12615106220885586,5.245413993140336,0.2395452449940939,94.61146042672904,1.3303656343791816,5.8774721288796,0.007925456797868324,0.0072624142220008995,,1.3890637168667692,,23,PRUNED
3632,,,2026-10-06 02:30:16.392000,2026-10-06 02:30:17.653073,0 days 00:00:01.261073,0.8010869639365119,0.8717951055729352,0.21330520723412066,20.000726109884642,0.33279388005294136,85.69762729633804,1.080654620868664,45.6508402201298,1.2840248207968428,0.021966873773064614,,1.3890637168667692,,23,PRUNED
3633,37.29190836134539,4.2194352855692685,2026-10-06 02:30:17.864003,2026-10-06 02:33:45.644018,0 days 00:03:27.780015,0.8010869639365119,0.19189790819770397,0.5926143650576037,8.556213008137046,0.2395452449940939,85.69762729633804,1.484226923085714,1.4056083189495427,0.3372985396418654,0.03280586071940829,4.343429493003475e-06,0.2678812614884665,207.77989138104022,23,COMPLETE
3634,48.716257267398035,1.6446490204992315,2026-10-06 02:30:39.126997,2026-10-06 02:33:53.014911,0 days 00:03:13.887914,0.33765169211426516,0.2284118304472575,0.12615106220885586,10.877854836518644,0.2395452449940939,94.61146042672904,1.4690823188003486,1.4056083189495427,0.08173395261699556,0.021966873773064614,4.343429493003475e-06,0.2678812614884665,193.88779530860484,23,COMPLETE
3635,36.97300610046277,1.3914810933054222,2026-10-06 02:30:39.195992,2026-10-06 02:33:49.797976,0 days 00:03:10.601984,0.5146263045009976,0.07861675458476158,0.04049141162757705,5.245413993140336,0.506401025718823,94.61146042672904,1.4690823188003486,5.8774721288796,0.2975664073833317,0.03280586071940829,5.411539664035814e-06,1.1540267369865085,190.6018651649356,23,COMPLETE
3636,49.06260146262877,2.713486609847082,2026-10-06 02:30:39.405006,2026-10-06 02:33:52.164978,0 days 00:03:12.759972,0.51115025563667,0.07861675458476158,0.20358075665942357,10.877854836518644,0.506401025718823,94.61146042672904,1.484226923085714,5.8774721288796,0.2975664073833317,0.03280586071940829,5.411539664035814e-06,0.629817591994035,192.7598536517471,23,COMPLETE
3637,32.19619574586281,8.69618208609909,2026-10-06 02:30:40.041010,2026-10-06 02:33:51.790632,0 days 00:03:11.749622,0.51115025563667,0.2965654106455736,0.4120579376102117,10.877854836518644,0.506401025718823,35.25375644437924,1.484226923085714,6.2296041386818795,0.4212595585654096,0.03280586071940829,4.343429493003475e-06,1.1540267369865085,191.74950321670622,23,COMPLETE
3638,56.870940280330544,1.3114666844547345,2026-10-06 02:30:42.530980,2026-10-06 02:33:53.569689,0 days 00:03:11.038709,0.9158653711831447,0.2284118304472575,0.12615106220885586,5.245413993140336,0.2395452449940939,94.61146042672904,0.7257345409495506,1.1445112738702679,0.026937100580568585,0.03280586071940829,2.1038771230648366e-06,1.1540267369865085,191.03861119039357,23,COMPLETE
3639,45.267758560537814,4.223336532733739,2026-10-06 02:30:42.940984,2026-10-06 02:33:56.665488,0 days 00:03:13.724504,1.4644809848335274,0.8717951055729352,0.4120579376102117,8.556213008137046,0.2395452449940939,86.6015482918717,1.1474106957734853,6.2296041386818795,0.06802941049346445,0.03038027549946027,4.343429493003475e-06,1.4520988281727742,193.72438670508564,23,COMPLETE
3640,40.203958179284406,3.5558867852931924,2026-10-06 02:30:43.495004,2026-10-06 02:33:50.611699,0 days 00:03:07.116695,0.51115025563667,0.8717951055729352,0.20163686341928677,21.183844928151355,0.33279388005294136,85.69762729633804,1.080654620868664,45.6508402201298,0.007925456797868324,0.03280586071940829,4.343429493003475e-06,1.3320201945904828,187.116578258574,23,COMPLETE
3641,51.30462667546508,1.9920118030622629,2026-10-06 02:30:43.776995,2026-10-06 02:34:02.140825,0 days 00:03:18.363830,0.51115025563667,0.7186098618255685,0.19400160111159936,5.245413993140336,0.6087670929915812,94.61146042672904,1.4690823188003486,5.8774721288796,0.08173395261699556,0.03280586071940829,4.343429493003475e-06,0.23886283196880004,198.36370901577175,23,COMPLETE
3642,,,2026-10-06 02:30:44.298831,2026-10-06 02:30:45.304048,0 days 00:00:01.005217,0.51115025563667,1.2293885750088454,0.807738690329122,5.245413993140336,0.6087670929915812,94.61146042672904,1.080654620868664,45.6508402201298,0.08173395261699556,0.03280586071940829,,1.1540267369865085,,23,PRUNED
3643,,,2026-10-06 02:30:44.878990,2026-10-06 02:30:46.043068,0 days 00:00:01.164078,0.6775759777641851,0.1864222894326552,0.5667882730348237,5.245413993140336,0.6087670929915812,94.61146042672904,1.4690823188003486,5.8774721288796,0.9488094307786352,0.024099244621516126,,1.1540267369865085,,23,PRUNED
3644,38.48392228336223,6.739861299659706,2026-10-06 02:30:44.949989,2026-10-06 02:33:55.711838,0 days 00:03:10.761849,0.51115025563667,0.19189790819770397,0.5667882730348237,5.245413993140336,0.2395452449940939,98.6416708615901,1.484226923085714,5.8774721288796,0.3614565702563778,0.03280586071940829,4.343429493003475e-06,1.1540267369865085,190.76173642650247,23,COMPLETE
3645,,,2026-10-06 02:30:45.107061,2026-10-06 02:30:46.376047,0 days 00:00:01.268986,0.6775759777641851,0.2284118304472575,0.01870706311165851,2.7399705877692497,0.6087670929915812,94.61146042672904,1.4690823188003486,23.475624031055144,0.2975664073833317,0.003675826308277125,,1.1540267369865085,,23,PRUNED
3646,,,2026-10-06 02:30:45.110981,2026-10-06 02:30:46.587035,0 days 00:00:01.476054,0.6775759777641851,0.2284118304472575,0.5667882730348237,10.877854836518644,0.2395452449940939,98.6416708615901,1.4690823188003486,23.475624031055144,0.9219998963111629,0.017640914710434885,,1.1540267369865085,,23,PRUNED
