number,values_0,values_1,datetime_start,datetime_complete,duration,params_between_rest_spread,params_c_spread,params_c_val,params_input_force,params_k_between_spread,params_k_between_val,params_k_wall_spread,params_k_wall_val,params_m_spread,params_m_val,params_ridge_alpha,params_wall_rest_spread,user_attrs_duration_sec,system_attrs_NSGAIISampler:generation,state
1932,41.763477151498414,4.471904726521734,2026-10-06 01:23:53.411075,2026-10-06 01:27:03.040974,0 days 00:03:09.629899,0.6416655413198389,0.19189790819770397,0.20358075665942357,10.417788171180245,0.33279388005294136,85.69762729633804,0.21292518523710352,86.57068482598544,0.2975664073833317,0.03038027549946027,4.343429493003475e-06,1.1540267369865085,189.629789323546,11,COMPLETE
1933,34.31517771297625,8.773426737821854,2026-10-06 01:23:55.437005,2026-10-06 01:27:07.526892,0 days 00:03:12.089887,0.447684485641811,0.3233389271032242,0.4120579376102117,8.695206399809345,0.05714116461716917,85.69762729633804,1.191277759964359,5.8774721288796,0.18589067298139156,0.024099244621516126,0.00014447613183128302,1.1540267369865085,192.08978102635592,11,COMPLETE
1934,46.90230459374684,2.101610432407979,2026-10-06 01:23:55.666995,2026-10-06 01:27:08.051394,0 days 00:03:12.384399,0.51115025563667,0.3731992973752525,0.1347521461063753,8.695206399809345,0.2395452449940939,85.69762729633804,1.080654620868664,23.475624031055144,0.04206136129933902,0.02495557211524677,0.0003750271870227611,1.2974912099205862,192.3842818113044,11,COMPLETE
1935,45.562531147933974,2.069504922289286,2026-10-06 01:23:57.071283,2026-10-06 01:27:08.850831,0 days 00:03:11.779548,0.447684485641811,0.19189790819770397,0.1347521461063753,8.695206399809345,0.2395452449940939,85.69762729633804,1.191277759964359,5.8774721288796,0.08173395261699556,0.03038027549946027,0.00023455457478105328,0.2678812614884665,191.77944315504283,11,COMPLETE
1936,38.47069632103565,5.324107778118488,2026-10-06 01:23:58.320990,2026-10-06 01:27:13.057519,0 days 00:03:14.736529,0.51115025563667,0.8717951055729352,0.5667882730348237,8.556213008137046,0.2395452449940939,98.6416708615901,1.080654620868664,5.8774721288796,0.08173395261699556,0.03038027549946027,0.00014447613183128302,1.2974912099205862,194.73643310088664,11,COMPLETE
1937,24.362126394420827,1.2446454044934996,2026-10-06 01:23:59.052981,2026-10-06 01:27:10.972025,0 days 00:03:11.919044,0.447684485641811,0.7186098618255685,0.031291807430824395,18.489161893608337,0.2395452449940939,85.69762729633804,0.12486747625813921,5.8774721288796,0.2975664073833317,0.03280586071940829,0.00014447613183128302,1.1540267369865085,191.9189502345398,11,COMPLETE
1938,47.52273360301134,3.817633314259546,2026-10-06 01:24:00.792155,2026-10-06 01:27:15.569652,0 days 00:03:14.777497,0.8010869639365119,0.19189790819770397,0.20358075665942357,8.556213008137046,0.33279388005294136,98.6416708615901,1.4690823188003486,14.182822102930093,0.08173395261699556,0.024099244621516126,0.00014447613183128302,0.7296704665126732,194.77739590592682,11,COMPLETE
1939,15.17088116862044,6.205254252536317,2026-10-06 01:24:35.565990,2026-10-06 01:27:48.319594,0 days 00:03:12.753604,0.51115025563667,0.2965654106455736,0.4120579376102117,18.489161893608337,0.33279388005294136,3.4146504722124202,0.21292518523710352,14.182822102930093,0.2975664073833317,0.03280586071940829,0.00014447613183128302,1.1540267369865085,192.75350003689528,11,COMPLETE
1940,50.781117607349316,1.5914532607444163,2026-10-06 01:24:36.045343,2026-10-06 01:27:51.043272,0 days 00:03:14.997929,0.447684485641811,0.3731992973752525,0.1347521461063753,8.695206399809345,0.05714116461716917,85.69762729633804,1.191277759964359,5.8774721288796,0.18589067298139156,0.03038027549946027,0.00023455457478105328,1.1540267369865085,194.99782977532595,11,COMPLETE
1941,47.22027630188425,2.7084979987612523,2026-10-06 01:24:37.417763,2026-10-06 01:27:50.727411,0 days 00:03:13.309648,0.8010869639365119,0.19189790819770397,0.20358075665942357,8.556213008137046,0.2395452449940939,98.6416708615901,0.21292518523710352,5.8774721288796,0.08173395261699556,0.03038027549946027,2.2470692931598487e-05,0.2678812614884665,193.30888432264328,11,COMPLETE
1942,,,2026-10-06 01:24:37.771995,2026-10-06 01:25:19.914011,0 days 00:00:42.142016,0.51115025563667,0.8717951055729352,0.5667882730348237,21.183844928151355,0.8382964427209505,85.69762729633804,1.080654620868664,23.475624031055144,0.18589067298139156,0.03280586071940829,0.00014447613183128302,1.2974912099205862,,11,PRUNED
1943,40.18565498246436,2.5623177753333564,2026-10-06 01:24:38.127147,2026-10-06 01:27:50.354329,0 days 00:03:12.227182,0.8010869639365119,0.19189790819770397,0.20492615704713227,8.556213008137046,0.33279388005294136,98.6416708615901,0.185675750536475,14.182822102930093,0.08173395261699556,0.03280586071940829,0.0006185581455600675,0.2678812614884665,192.22707341983914,11,COMPLETE
1944,,,2026-10-06 01:24:38.155973,2026-10-06 01:24:38.561019,0 days 00:00:00.405046,0.51115025563667,0.2965654106455736,0.5667882730348237,11.991629079089469,0.2395452449940939,94.61146042672904,0.12486747625813921,23.475624031055144,0.2975664073833317,0.0015545754569930498,,0.22420936382869971,,11,PRUNED
1945,44.98078065829085,5.805196107269309,2026-10-06 01:24:39.382163,2026-10-06 01:27:51.355984,0 days 00:03:11.973821,0.2994157425323484,0.7186098618255685,0.4120579376102117,5.245413993140336,0.6087670929915812,94.61146042672904,0.6419517764288287,5.8774721288796,0.08173395261699556,0.03038027549946027,2.1038771230648366e-06,1.1540267369865085,191.97371411137283,11,COMPLETE
1946,38.068828177651234,6.9333676815156355,2026-10-06 01:24:39.385976,2026-10-06 01:27:49.897013,0 days 00:03:10.511037,0.447684485641811,0.7186098618255685,0.4120579376102117,18.489161893608337,0.2395452449940939,98.6416708615901,0.12486747625813921,5.8774721288796,0.08173395261699556,0.03280586071940829,0.00014447613183128302,1.1540267369865085,190.51093823928386,11,COMPLETE
1947,30.741958062957764,14.166070476021144,2026-10-06 01:24:39.397968,2026-10-06 01:27:48.423017,0 days 00:03:09.025049,0.51115025563667,0.3233389271032242,0.5667882730348237,18.489161893608337,0.2395452449940939,98.6416708615901,1.080654620868664,23.475624031055144,0.04206136129933902,0.03280586071940829,0.00014447613183128302,1.2974912099205862,189.02495149057359,11,COMPLETE
1948,34.32683501724973,11.979315003924754,2026-10-06 01:24:40.781999,2026-10-06 01:27:51.019054,0 days 00:03:10.237055,0.4919537458910443,0.2965654106455736,0.4120579376102117,18.489161893608337,0.5855379267962546,98.6416708615901,0.21292518523710352,20.4004304097776,0.04206136129933902,0.03038027549946027,0.00014447613183128302,1.1540267369865085,190.23694415856153,11,COMPLETE
1949,48.917558083330476,1.645442562744393,2026-10-06 01:25:08.824132,2026-10-06 01:28:20.424861,0 days 00:03:11.600729,0.447684485641811,0.6688758533796784,0.1347521461063753,5.245413993140336,0.05714116461716917,94.61146042672904,0.6419517764288287,23.475624031055144,0.18589067298139156,0.03038027549946027,0.00023455457478105328,0.739405563829868,191.60061260964721,11,COMPLETE
1950,52.54297576910125,1.2814963679225655,2026-10-06 01:25:10.879756,2026-10-06 01:28:23.082884,0 days 00:03:12.203128,0.2994157425323484,0.8810526943988384,0.1347521461063753,11.991629079089469,0.3923780464982028,94.61146042672904,0.6419517764288287,1.2001363989388558,0.2975664073833317,0.03038027549946027,0.00023455457478105328,0.2678812614884665,192.20299206953496,11,COMPLETE
1951,30.04567392960279,14.716441498278328,2026-10-06 01:25:12.380009,2026-10-06 01:28:25.680830,0 days 00:03:13.300821,0.8010869639365119,0.3233389271032242,0.5662816343755678,11.991629079089469,0.2395452449940939,94.61146042672904,1.4690823188003486,20.4004304097776,0.04206136129933902,0.03280586071940829,0.00014447613183128302,0.22420936382869971,193.30071328300983,11,COMPLETE
1952,44.50287469036124,2.8544578639928204,2026-10-06 01:25:13.355670,2026-10-06 01:28:21.658406,0 days 00:03:08.302736,0.447684485641811,0.3233389271032242,0.4120579376102117,14.226158550912755,0.2395452449940939,98.6416708615901,1.191277759964359,5.8774721288796,0.6979007106917119,0.07297012210736925,0.00014447613183128302,0.7583301215698598,188.3026305520907,11,COMPLETE
1953,26.29863972696007,10.936569651647034,2026-10-06 01:25:13.627137,2026-10-06 01:28:24.317632,0 days 00:03:10.690495,0.447684485641811,0.2284118304472575,0.807738690329122,18.489161893608337,0.33279388005294136,98.6416708615901,0.07004512166929189,5.8774721288796,0.18589067298139156,0.03280586071940829,0.00023455457478105328,0.30673616238509677,190.69038739521056,11,COMPLETE
1954,42.63376244911714,2.283135569624523,2026-10-06 01:25:14.440551,2026-10-06 01:28:27.324026,0 days 00:03:12.883475,0.2994157425323484,0.2284118304472575,0.1347521461063753,10.877854836518644,0.33279388005294136,94.61146042672904,0.12486747625813921,23.475624031055144,0.08173395261699556,0.03038027549946027,4.343429493003475e-06,1.1540267369865085,192.88337532430887,11,COMPLETE
1955,29.689971794186636,11.255650910540403,2026-10-06 01:25:14.443968,2026-10-06 01:28:23.992562,0 days 00:03:09.548594,0.447684485641811,0.8717951055729352,0.4120579376102117,21.183844928151355,0.2395452449940939,85.69762729633804,0.9356883984494996,41.66154811682372,0.08173395261699556,0.03280586071940829,4.343429493003475e-06,0.30673616238509677,189.54848541598767,11,COMPLETE
1956,47.256178724803206,2.701457608847104,2026-10-06 01:25:14.502407,2026-10-06 01:28:30.219606,0 days 00:03:15.717199,0.51115025563667,0.8717951055729352,0.20358075665942357,5.245413993140336,0.6087670929915812,85.69762729633804,0.21292518523710352,14.182822102930093,0.08173395261699556,0.03038027549946027,0.0006185581455600675,0.739405563829868,195.71708306018263,11,COMPLETE
1957,40.17025854639092,4.569470158238744,2026-10-06 01:25:15.655993,2026-10-06 01:28:27.639666,0 days 00:03:11.983673,0.8010869639365119,0.2965654106455736,0.20358075665942357,18.489161893608337,0.2395452449940939,98.6416708615901,0.21292518523710352,19.15408445903519,0.4212595585654096,0.03038027549946027,0.00014447613183128302,0.2678812614884665,191.98356993496418,11,COMPLETE
1958,38.606526217868655,1.8059037864988023,2026-10-06 01:25:17.989170,2026-10-06 01:28:29.534967,0 days 00:03:11.545797,0.447684485641811,0.3731992973752525,0.1347521461063753,37.232781114039966,0.2516847837625862,85.69762729633804,0.44959282273689194,5.299460499774038,0.18589067298139156,0.03038027549946027,0.00023455457478105328,1.1540267369865085,191.54569012112916,11,COMPLETE
1959,,,2026-10-06 01:25:17.992963,2026-10-06 01:25:18.644060,0 days 00:00:00.651097,0.51115025563667,0.8717951055729352,0.807738690329122,21.183844928151355,0.2395452449940939,9.75902904198166,1.080654620868664,23.475624031055144,0.08173395261699556,0.03280586071940829,,1.2974912099205862,,11,PRUNED
1960,39.43302884638831,7.004194036539638,2026-10-06 01:25:17.996957,2026-10-06 01:28:28.366750,0 days 00:03:10.369793,1.2349294162160471,0.8717951055729352,0.5667882730348237,11.991629079089469,0.2395452449940939,98.6416708615901,1.3460422977121211,23.475624031055144,0.08173395261699556,0.03280586071940829,0.00014447613183128302,1.1540267369865085,190.36969337705523,11,COMPLETE
1961,7.503398062654992,1.2132888446233627,2026-10-06 01:25:19.075142,2026-10-06 01:28:27.501467,0 days 00:03:08.426325,0.8010869639365119,0.29617537592597154,0.01728128610122737,18.489161893608337,0.2395452449940939,41.25943591402417,0.21292518523710352,19.15408445903519,0.2975664073833317,0.03038027549946027,0.0006185581455600675,0.6298110096990894,188.42621386051178,11,COMPLETE
1962,24.582654883518437,15.289308446830464,2026-10-06 01:25:20.063988,2026-10-06 01:28:28.874136,0 days 00:03:08.810148,1.2349294162160471,0.2284118304472575,0.807738690329122,18.489161893608337,0.4319038627926991,98.6416708615901,0.21292518523710352,14.182822102930093,0.08173395261699556,0.024099244621516126,0.00014447613183128302,0.7296704665126732,188.81005189940333,11,COMPLETE
1963,,,2026-10-06 01:25:20.071961,2026-10-06 01:25:20.611049,0 days 00:00:00.539088,1.4644809848335274,0.8717951055729352,0.5667882730348237,11.991629079089469,0.6454873286650737,85.69762729633804,1.3460422977121211,23.475624031055144,1.4687510826506478,0.03280586071940829,,1.2974912099205862,,11,PRUNED
1964,,,2026-10-06 01:25:20.520161,2026-10-06 01:25:58.954056,0 days 00:00:38.433895,0.2994157425323484,0.7186098618255685,0.30722606785750417,18.489161893608337,0.6087670929915812,98.6416708615901,0.21292518523710352,14.182822102930093,0.5860574191614696,0.03038027549946027,0.0006185581455600675,0.739405563829868,,11,PRUNED
1965,27.48454121342609,17.175369882481963,2026-10-06 01:25:21.124168,2026-10-06 01:28:29.061978,0 days 00:03:07.937810,0.8010869639365119,0.19189790819770397,0.807738690329122,10.517467008748584,0.5604278253075035,85.69762729633804,1.080654620868664,14.182822102930093,0.08173395261699556,0.024099244621516126,1.7569095815580446e-05,1.2974912099205862,187.9377171229571,11,COMPLETE
1966,,,2026-10-06 01:25:47.252000,2026-10-06 01:26:27.786832,0 days 00:00:40.534832,0.2638436607402185,0.2965654106455736,0.4120579376102117,27.316422946830087,0.6087670929915812,98.6416708615901,1.4690823188003486,5.8774721288796,0.2975664073833317,0.03038027549946027,2.1038771230648366e-06,1.1540267369865085,,11,PRUNED
1967,,,2026-10-06 01:25:49.651995,2026-10-06 01:25:50.306040,0 days 00:00:00.654045,1.4644809848335274,0.7186098618255685,0.5667882730348237,49.11720223293702,0.2395452449940939,98.6416708615901,1.3460422977121211,23.475624031055144,1.0272135856034956,0.03280586071940829,,0.6996793505492536,,11,PRUNED
1968,33.54431774543521,12.496360304069388,2026-10-06 01:25:49.967016,2026-10-06 01:29:02.724325,0 days 00:03:12.757309,0.4919537458910443,0.2965654106455736,0.4120579376102117,18.489161893608337,0.2395452449940939,98.6416708615901,0.21292518523710352,11.86468393276075,0.4212595585654096,0.03038027549946027,0.00014447613183128302,0.2678812614884665,192.7571978168562,11,COMPLETE
1969,41.83260849216838,3.027837690112284,2026-10-06 01:25:50.474008,2026-10-06 01:29:04.077593,0 days 00:03:13.603585,0.447684485641811,0.7186098618255685,0.4120579376102117,11.991629079089469,0.2395452449940939,85.69762729633804,0.6419517764288287,1.1791643313065823,0.08173395261699556,0.03280586071940829,2.1038771230648366e-06,0.30673616238509677,193.60347355902195,11,COMPLETE
1970,24.70325847232875,17.51603543457475,2026-10-06 01:25:51.152836,2026-10-06 01:29:03.972528,0 days 00:03:12.819692,0.51115025563667,0.3233389271032242,0.5662816343755678,18.489161893608337,0.2395452449940939,94.61146042672904,0.12486747625813921,19.15408445903519,0.4212595585654096,0.024099244621516126,4.343429493003475e-06,0.5082400640102416,192.81957863923162,11,COMPLETE
1971,48.53610603099612,1.3562325656031449,2026-10-06 01:25:51.839979,2026-10-06 01:29:07.504934,0 days 00:03:15.664955,1.4289196402521915,0.7186098618255685,0.1593741204778631,8.556213008137046,0.2395452449940939,85.69762729633804,0.21292518523710352,5.8774721288796,0.6979007106917119,0.07297012210736925,2.1038771230648366e-06,0.2678812614884665,195.66485034953803,11,COMPLETE
1972,35.635886445039645,8.962389675734915,2026-10-06 01:25:52.259606,2026-10-06 01:29:04.612735,0 days 00:03:12.353129,1.2349294162160471,0.2965654106455736,0.4120579376102117,18.489161893608337,0.2395452449940939,98.6416708615901,0.21292518523710352,14.182822102930093,0.08173395261699556,0.03280586071940829,0.00014447613183128302,1.1540267369865085,192.353027747944,11,COMPLETE
1973,48.90874786075797,1.4155894796931316,2026-10-06 01:25:54.184830,2026-10-06 01:29:04.930277,0 days 00:03:10.745447,0.8010869639365119,0.19189790819770397,0.20358075665942357,11.991629079089469,0.6087670929915812,94.61146042672904,0.21292518523710352,1.2001363989388558,0.08173395261699556,0.03038027549946027,0.0006185581455600675,1.1540267369865085,190.7453420860693,11,COMPLETE
1974,39.35633675264695,5.926594892544564,2026-10-06 01:25:55.097887,2026-10-06 01:29:09.146506,0 days 00:03:14.048619,1.4644809848335274,0.8717951055729352,0.5667882730348237,11.991629079089469,0.6454873286650737,98.6416708615901,1.3460422977121211,23.475624031055144,0.08173395261699556,0.03280586071940829,0.00014447613183128302,1.2974912099205862,194.04851308930665,11,COMPLETE
1975,39.4550941551541,7.650585183926967,2026-10-06 01:25:55.158832,2026-10-06 01:29:08.169198,0 days 00:03:13.010366,0.8883777949129625,0.2965654106455736,0.4120579376102117,8.556213008137046,0.2395452449940939,98.6416708615901,0.21292518523710352,14.182822102930093,0.5182614449347602,0.03280586071940829,0.00014447613183128302,1.1540267369865085,193.01026666164398,11,COMPLETE
1976,25.616255609723765,20.333237578190367,2026-10-06 01:25:55.384154,2026-10-06 01:29:07.517610,0 days 00:03:12.133456,0.447684485641811,0.3233389271032242,0.6443949852851695,18.489161893608337,0.2395452449940939,98.6416708615901,0.21292518523710352,86.57068482598544,0.08173395261699556,0.03280586071940829,0.00014447613183128302,1.1540267369865085,192.1333628576249,11,COMPLETE
1977,25.835832065673383,20.23643189438208,2026-10-06 01:25:55.883491,2026-10-06 01:29:10.095922,0 days 00:03:14.212431,0.447684485641811,0.3233389271032242,0.6443949852851695,18.489161893608337,0.2395452449940939,98.6416708615901,0.12486747625813921,86.57068482598544,0.08173395261699556,0.03280586071940829,0.00014447613183128302,1.1540267369865085,194.21233314555138,11,COMPLETE
1978,14.541329844795587,11.626290032702444,2026-10-06 01:25:55.998022,2026-10-06 01:29:05.437455,0 days 00:03:09.439433,0.447684485641811,0.3233389271032242,0.6443949852851695,18.489161893608337,0.2395452449940939,16.338975330356487,0.12486747625813921,14.182822102930093,0.08173395261699556,0.03280586071940829,0.00014447613183128302,0.30673616238509677,189.43933393526822,11,COMPLETE
1979,50.70473489856289,1.2497302695018448,2026-10-06 01:25:56.001973,2026-10-06 01:29:07.405944,0 days 00:03:11.403971,0.8010869639365119,1.012439712223232,0.20358075665942357,5.245413993140336,0.6087670929915812,85.69762729633804,0.6419517764288287,1.4056083189495427,0.08173395261699556,0.04863478132852248,0.0006185581455600675,0.739405563829868,191.40385656803846,11,COMPLETE
1980,22.87386983651252,2.907755177008811,2026-10-06 01:25:56.700002,2026-10-06 01:29:10.788820,0 days 00:03:14.088818,0.8010869639365119,0.2965654106455736,0.4120579376102117,18.489161893608337,0.2395452449940939,85.69762729633804,0.21292518523710352,19.15408445903519,0.4212595585654096,0.03038027549946027,63.92673521747891,1.1540267369865085,194.08872116263956,11,COMPLETE
1981,,,2026-10-06 01:25:57.240023,2026-10-06 01:25:58.053505,0 days 00:00:00.813482,0.447684485641811,1.4009192996282303,0.20751438778631046,10.877854836518644,0.33279388005294136,11.042877398529232,1.484226923085714,5.8774721288796,0.2975664073833317,0.03280586071940829,,1.1540267369865085,,11,PRUNED
1982,48.93174186859265,1.5668659455103016,2026-10-06 01:25:57.768984,2026-10-06 01:29:07.694507,0 days 00:03:09.925523,0.8010869639365119,0.08871732260587595,0.12615106220885586,8.556213008137046,0.2395452449940939,98.6416708615901,0.21292518523710352,5.8774721288796,0.34180644732805543,0.03038027549946027,0.0003750271870227611,0.2678812614884665,189.92542716488242,11,COMPLETE
1983,43.311358847869826,1.3221741798177082,2026-10-06 01:25:57.805978,2026-10-06 01:29:08.363777,0 days 00:03:10.557799,0.8010869639365119,0.19189790819770397,0.20358075665942357,11.991629079089469,0.2395452449940939,85.69762729633804,0.21292518523710352,1.2001363989388558,0.2975664073833317,0.03280586071940829,0.12256251737736763,0.2678812614884665,190.55769268795848,11,COMPLETE
1984,22.46337814390485,25.331265190478,2026-10-06 01:25:58.496010,2026-10-06 01:29:12.332483,0 days 00:03:13.836473,0.33013815151034553,0.3233389271032242,0.6443949852851695,18.489161893608337,0.2395452449940939,85.69762729633804,0.12486747625813921,86.57068482598544,0.3372985396418654,0.03038027549946027,0.0003750271870227611,0.2678812614884665,193.83636828232557,11,COMPLETE
1985,36.574714335489524,9.09197252082909,2026-10-06 01:25:58.827012,2026-10-06 01:29:09.491640,0 days 00:03:10.664628,1.4644809848335274,0.8717951055729352,0.5667882730348237,11.991629079089469,0.6454873286650737,85.69762729633804,0.28024000540066646,23.475624031055144,0.08173395261699556,0.03280586071940829,0.00014447613183128302,1.2974912099205862,190.6645250832662,11,COMPLETE
1986,28.336439203311397,6.287659916934185,2026-10-06 01:25:58.970152,2026-10-06 01:29:05.767993,0 days 00:03:06.797841,0.51115025563667,0.2965654106455736,0.20358075665942357,18.489161893608337,0.2395452449940939,38.630822289695985,0.7297455375332902,19.15408445903519,0.4212595585654096,0.03038027549946027,4.343429493003475e-06,0.6298110096990894,186.7977452930063,11,COMPLETE
1987,41.203579409481094,6.127240148148393,2026-10-06 01:25:58.997986,2026-10-06 01:29:13.785647,0 days 00:03:14.787661,0.8010869639365119,0.8717951055729352,0.4120579376102117,11.991629079089469,0.2395452449940939,85.69762729633804,1.3460422977121211,11.86468393276075,0.08173395261699556,0.03280586071940829,0.00014447613183128302,1.2974912099205862,194.78755233436823,11,COMPLETE
1988,,,2026-10-06 01:26:00.300001,2026-10-06 01:26:01.526041,0 days 00:00:01.226040,0.4919537458910443,0.2965654106455736,0.5662816343755678,21.183844928151355,0.2395452449940939,94.61146042672904,1.4690823188003486,20.4004304097776,0.4212595585654096,0.024099244621516126,,1.2974912099205862,,11,PRUNED
1989,22.537455443057457,5.207488234560152,2026-10-06 01:26:01.736000,2026-10-06 01:29:11.713077,0 days 00:03:09.977077,0.8010869639365119,0.3233389271032242,0.5007349343976268,8.556213008137046,0.2395452449940939,85.69762729633804,0.24213301101237877,86.57068482598544,0.2975664073833317,0.03280586071940829,2.8419583403198962,0.2678812614884665,189.9769701762125,11,COMPLETE
