number,values_0,values_1,datetime_start,datetime_complete,duration,params_between_rest_spread,params_c_spread,params_c_val,params_input_force,params_k_between_spread,params_k_between_val,params_k_wall_spread,params_k_wall_val,params_m_spread,params_m_val,params_ridge_alpha,params_wall_rest_spread,user_attrs_duration_sec,system_attrs_NSGAIISampler:generation,state
129,,,2026-10-06 00:20:19.053009,2026-10-06 00:20:58.574003,0 days 00:00:39.520994,1.124846504059521,0.4544746714723027,0.04556952532241588,43.85742700459861,1.3178329129096729,8.458813630786477,1.14345383582126,3.0306200555815255,0.8010502748786255,0.010889301383190027,0.8863809233247792,1.413313739444786,,0,PRUNED
130,,,2026-10-06 00:20:19.256181,2026-10-06 00:20:20.187998,0 days 00:00:00.931817,0.36647519740996815,0.538988985151457,0.06614395321020346,12.625384828531608,0.17820131951641466,62.87753857071891,1.373216153809433,3.7048559500625498,1.179642683945958,0.0012765253897386217,,0.07582582163866558,,0,PRUNED
131,12.001178918530055,1.2773869525736017,2026-10-06 00:20:19.300469,2026-10-06 00:23:30.950721,0 days 00:03:11.650252,1.1917921473199087,1.4171906161132197,0.10626861340244535,45.71166719648704,1.4317078561911907,9.235458204740613,0.8823290122861125,32.10047515575226,0.573538310576864,0.05061331531697255,1.7201014311893553e-06,1.4242474729910322,191.65016892924905,0,COMPLETE
132,7.4981003366673065,1.2505087765770984,2026-10-06 00:20:19.303973,2026-10-06 00:23:33.734953,0 days 00:03:14.430980,0.28264339038386793,0.5857891977105831,0.042685540093465056,33.001074208937,0.9809601024047299,2.249261103529477,0.2295657218022611,18.756371973043514,0.21135046551174902,0.0164025553557207,2.469320294960663e-05,0.4798845505629669,194.43088284134865,0,COMPLETE
133,38.62706613785868,1.233707349101869,2026-10-06 00:20:19.305488,2026-10-06 00:23:27.813699,0 days 00:03:08.508211,0.6672137354754455,0.1544379750618336,0.03240094579624807,4.264385735936695,0.4424930116262647,49.7837090928796,1.1068767969628939,2.688509826508115,0.0236399030193733,0.026718092033143594,3.7310590236616203,0.17248374444296138,188.50812290143222,0,COMPLETE
134,,,2026-10-06 00:20:19.448003,2026-10-06 00:20:20.103034,0 days 00:00:00.655031,0.1710120279257069,0.41436750684094725,0.7948202459946232,12.342626498838664,0.40432604583144754,17.65208516518242,1.1844049539837824,31.125607494730215,0.1064133815615208,0.0031802902338121165,,0.45039489323712395,,0,PRUNED
135,,,2026-10-06 00:20:19.527998,2026-10-06 00:20:19.802349,0 days 00:00:00.274351,1.388943031647293,0.7613870178918916,0.011020759443260463,15.763611679160473,1.185398969575338,33.226849492807396,0.5672450111837577,2.789628628037127,0.547860276785409,0.0013582793999844442,,0.09951060491195113,,0,PRUNED
136,,,2026-10-06 00:20:19.751005,2026-10-06 00:20:20.407083,0 days 00:00:00.656078,0.2870420377027918,1.0094140082577168,0.5326834981992646,13.835721892955778,0.5418867780088599,13.945777622801733,0.4516713554597508,1.0656724657200947,0.0540109088228809,0.0016881679946514595,,1.3253984279969746,,0,PRUNED
137,30.480345504647552,3.607590229659939,2026-10-06 00:20:20.220009,2026-10-06 00:23:29.275961,0 days 00:03:09.055952,0.4428292606447327,0.4500057657713351,0.2297655624989891,8.794323001260684,0.29675499538560296,28.285734118696016,0.6165960852108494,1.6947971224041727,0.05609924456069537,0.022132402954529992,0.0011757094612474103,0.9092751429584793,189.05585612449795,0,COMPLETE
138,32.52489361377894,1.5282173744390506,2026-10-06 00:20:20.452170,2026-10-06 00:23:29.712388,0 days 00:03:09.260218,0.19630735827449874,0.527164092890509,0.06022460482083565,18.489161893608337,0.2395452449940939,98.6416708615901,1.394035285276604,14.182822102930093,0.194083030357998,0.024099244621516126,0.0006185581455600675,0.3066293241794842,189.26014164555818,0,COMPLETE
139,11.969758917916245,1.2260078846936941,2026-10-06 00:20:20.540986,2026-10-06 00:23:33.259289,0 days 00:03:12.718303,0.798082603573892,1.051493678344854,0.12125789976794615,38.572121642841566,1.1509937859748838,11.856028716887618,1.0009897136145718,2.0921682296907163,0.2835286104557563,0.06444934332054923,5.5657416650404236e-06,1.367260210840509,192.71822061855346,0,COMPLETE
140,6.367756447896571,1.2430501407353,2026-10-06 00:20:20.549011,2026-10-06 00:23:26.395274,0 days 00:03:05.846263,0.40850457384124506,1.4213742695162754,0.012563215214587592,28.438804330347757,0.7710589782617625,3.0919376442930018,0.552627040231007,1.074139221580048,0.10391133624423021,0.020403158402949238,0.000932205033998621,0.6939321720421103,185.8461620202288,0,COMPLETE
141,,,2026-10-06 00:20:20.879945,2026-10-06 00:21:00.497067,0 days 00:00:39.617122,0.08008633837001122,0.4322529548204325,0.07259928448472949,45.83998674272295,1.3416391448023506,14.369842132559395,0.9703828942875825,2.410279236949362,1.0786551850566708,0.033189178155057654,4.100447337306435e-06,1.4666466672973963,,0,PRUNED
142,18.19066769806992,2.007661351876733,2026-10-06 00:20:47.174294,2026-10-06 00:24:06.620967,0 days 00:03:19.446673,1.2356600307833205,1.0727474658147056,0.053140281504859645,10.893933886904785,0.4356325661572324,6.9633024006904245,1.4594405107884705,4.314853216716561,0.17672380622360612,0.0075122423922312385,1.9958034707972923e-06,0.5142999062500755,199.446579602547,0,COMPLETE
143,,,2026-10-06 00:20:47.875305,2026-10-06 00:20:49.821838,0 days 00:00:01.946533,1.2331666612138594,1.028557937305508,0.04040111414818433,28.52729357997768,1.1401256595787217,33.84376451997641,0.9308231201164792,2.4741973347129393,1.4788086725660012,0.001637723622088452,,1.300445826388752,,0,PRUNED
144,4.599839707918063,1.219728725929946,2026-10-06 00:20:49.878011,2026-10-06 00:24:12.740474,0 days 00:03:22.862463,0.490755943789681,0.14439229129246978,0.01851829868765842,38.666392265045474,0.34208820035103354,20.402542360021066,0.2347804247111684,39.17739517247416,0.40303709296947005,0.026618413216025507,7.787498276771757e-05,0.8918377750441677,202.86237273085862,0,COMPLETE
145,,,2026-10-06 00:20:50.526217,2026-10-06 00:20:51.043067,0 days 00:00:00.516850,0.6329385838714734,1.1820318278986819,0.3566634425107592,17.64063343267353,0.8403606924823902,21.36492302420262,1.2477654717439215,27.00621232272751,0.16454842396187136,0.0325139143481865,,0.7710696636169732,,0,PRUNED
146,29.502414767815093,1.345881300539368,2026-10-06 00:20:51.043509,2026-10-06 00:24:11.904067,0 days 00:03:20.860558,0.447684485641811,0.3233389271032242,0.11720021795877078,41.645467536664455,0.6454873286650737,3.9357948336652977,0.12486747625813921,86.57068482598544,0.6612894906970102,0.037495759622009746,0.00014447613183128302,1.3458907086260936,200.8604737529531,0,COMPLETE
147,,,2026-10-06 00:20:51.050983,2026-10-06 00:20:51.321867,0 days 00:00:00.270884,1.3354192663810465,1.1565955424374659,0.02000942071543153,36.55245367699301,0.43606184862434794,2.6977314846372082,1.0978724972662737,58.781306361763164,0.3923122699230194,0.02495596197793714,,0.46559287486933004,,0,PRUNED
148,,,2026-10-06 00:20:51.799143,2026-10-06 00:20:52.197174,0 days 00:00:00.398031,1.3928900236974084,0.4733914944418257,0.02114928003637464,4.027401287840854,0.4548202452655387,61.40583028555256,1.068373980434529,1.3247410144933351,0.7864743253132518,0.001270304550031168,,1.185700199621925,,0,PRUNED
149,,,2026-10-06 00:20:51.951992,2026-10-06 00:20:52.312194,0 days 00:00:00.360202,0.839798343139688,1.2495910726690393,0.04120768117701188,19.197755230265972,0.6802032786101129,9.565978369261108,1.2801379570046179,22.99696735251184,1.4706613713729286,0.014161435052723794,,0.18839741490439416,,0,PRUNED
150,,,2026-10-06 00:20:52.375986,2026-10-06 00:20:52.704043,0 days 00:00:00.328057,1.2781225948132526,1.4922485365775355,0.010166245402907169,4.665457256559117,0.06513344665594967,67.08661743551203,0.11272227346275576,1.494216969390878,0.44000024569080487,0.00351068897917218,,0.2973500565664431,,0,PRUNED
151,,,2026-10-06 00:20:53.681173,2026-10-06 00:20:54.180000,0 days 00:00:00.498827,0.31636913395542204,1.0345141069960155,0.10134715771523246,18.737755524034526,1.1782974196705869,7.076072932990861,0.042158768810681424,1.2378439950601623,0.36905907817077577,0.004832940100208296,,1.0979065859808919,,0,PRUNED
152,,,2026-10-06 00:20:53.681866,2026-10-06 00:21:35.509026,0 days 00:00:41.827160,0.019100364167292383,0.17853963324861083,0.11806378810860062,8.549549819794487,1.2937206986620013,12.512274211341717,0.9363468602208425,1.5381544209155156,1.2394489617450781,0.060840584316673635,9.423604985391381e-06,0.756349400718302,,0,PRUNED
153,,,2026-10-06 00:20:53.683262,2026-10-06 00:20:54.150015,0 days 00:00:00.466753,1.2567749603403513,1.3592786658270428,0.04045984447688763,23.001266185031394,0.8761396578625773,48.983141649980666,0.10248827779481934,40.91348993235504,0.5774924904024762,0.014147981910266567,,1.1151937265818994,,0,PRUNED
154,,,2026-10-06 00:20:54.143981,2026-10-06 00:23:34.466804,0 days 00:02:40.322823,1.204295456598371,0.39863133596371775,0.3940853968776739,20.320935308625902,1.16143896296262,1.7367820433314671,0.05679516584686212,23.431486227965692,1.1902086721705967,0.04631015191056974,0.015401067950519107,0.6088432405563915,,0,PRUNED
155,30.76899035960339,2.5466919140444153,2026-10-06 00:20:54.416144,2026-10-06 00:24:16.103612,0 days 00:03:21.687468,0.6827221414534205,1.0063686402870011,0.2855621425269466,28.57472873030879,1.0618519127617727,28.83376728625734,1.469047543876778,13.743967708880357,0.730072318079044,0.05043705302283207,1.5293444671815869e-06,1.0564178440403436,201.6873656641692,0,COMPLETE
156,,,2026-10-06 00:20:54.722996,2026-10-06 00:20:55.336991,0 days 00:00:00.613995,0.38079417222855094,0.10441049615756992,0.12575506028348576,38.78631150658024,0.8738826031999088,94.53452252635842,0.8363099496399073,7.472004936316485,0.9920645760801962,0.0027970960255600977,,0.124928032048503,,0,PRUNED
157,,,2026-10-06 00:20:55.128027,2026-10-06 00:20:55.707161,0 days 00:00:00.579134,1.2869949860330385,0.7835450276913875,0.08981311116964726,14.763922161534522,0.9492792228970516,28.055343215314497,0.9473284858457836,51.469319097310425,1.4143095404480581,0.033639026485838615,,0.6751272449798833,,0,PRUNED
158,,,2026-10-06 00:20:55.522334,2026-10-06 00:20:56.335026,0 days 00:00:00.812692,1.0380173596741062,1.0537280124099357,0.4462069733494172,32.65752249972451,1.1730480898565956,24.9535381618122,0.4573521919371174,8.973123613760423,0.9053658176823343,0.030121462006631853,,1.180826048655105,,0,PRUNED
159,,,2026-10-06 00:20:55.620996,2026-10-06 00:20:55.998000,0 days 00:00:00.377004,0.9728768148989588,1.4595003572008958,0.06046322094061766,31.54490503048894,0.8968091293493473,1.4119480502944644,0.9920969001497132,71.9148936739143,1.0893474471060287,0.0015636369218012612,,0.01570280328575363,,0,PRUNED
160,,,2026-10-06 00:20:56.273016,2026-10-06 00:20:56.765024,0 days 00:00:00.492008,0.5038552126813437,0.1175158492032497,0.01474971698238207,44.36965454528654,1.2573949002410938,2.448894779173773,1.179074974136433,22.040988850667183,0.22221649418858247,0.002492029388883188,,0.11838566008613327,,0,PRUNED
161,,,2026-10-06 00:20:56.838180,2026-10-06 00:20:57.920185,0 days 00:00:01.082005,0.5123989011701467,1.349835220486478,0.1174759287311878,9.69150894649236,1.0872982145189167,2.12304475747374,1.042008243523248,31.085736839677892,0.3576830507749438,0.001168777449071481,,0.8980522881998221,,0,PRUNED
162,,,2026-10-06 00:20:56.841970,2026-10-06 00:20:57.122226,0 days 00:00:00.280256,1.4288949914485116,1.0128128706662338,0.32518144055258685,20.863104562989346,0.30082170004335324,17.915182637576702,0.3697432887236769,1.9798096083474024,0.30061771741881094,0.010847748682824492,,0.9809847174320845,,0,PRUNED
163,,,2026-10-06 00:20:56.954993,2026-10-06 00:20:57.124543,0 days 00:00:00.169550,0.21912452203146493,0.14431168470195993,0.5532033739676954,39.816477414540266,1.0225868882400586,29.458187903357068,0.04345584680564418,3.441504932113732,1.1561703137019794,0.013006967636702598,,0.5036579902616869,,0,PRUNED
164,35.34541600788823,1.2771960057661882,2026-10-06 00:20:57.108834,2026-10-06 00:24:02.933630,0 days 00:03:05.824796,0.9528582881543378,0.4835105352725577,0.1347521461063753,8.695206399809345,0.3201011955575039,39.51588933199152,0.7964747556623476,1.2001363989388558,0.2975664073833317,0.03974320607069727,2.9442330109354824,0.2678812614884665,185.82469933852553,0,COMPLETE
165,,,2026-10-06 00:20:57.164993,2026-10-06 00:20:57.893982,0 days 00:00:00.728989,1.412980845057798,0.1656191182192288,0.24914084097202846,35.28546162466452,0.7582362908888844,45.013081266757546,0.48339358182910847,12.95201107894013,0.535410720132806,0.004455868240855208,,1.4048976658045889,,0,PRUNED
166,,,2026-10-06 00:20:57.252004,2026-10-06 00:20:57.374988,0 days 00:00:00.122984,0.5537179632967055,0.3942483568959612,0.11182040836340652,24.446501951824857,0.7311679746546201,37.16102262464213,0.10444698595894258,46.680575521003945,0.5870323578055393,0.006687995693419109,,1.2009356141762113,,0,PRUNED
167,,,2026-10-06 00:20:57.296409,2026-10-06 00:20:57.859037,0 days 00:00:00.562628,0.18373082727363338,1.000884996458989,0.5120763693006863,35.04128585113323,0.7178457647900114,1.0548970618339086,1.1301312907214898,22.54207222078693,0.2529583799379875,0.006245823711536621,,0.8634213887156024,,0,PRUNED
168,,,2026-10-06 00:20:57.586156,2026-10-06 00:20:57.871174,0 days 00:00:00.285018,1.3715281701932671,0.6780851071832924,0.2521776115473833,26.073713612523637,0.19678495338542584,1.006696319513973,1.4377263282154533,31.541486313311086,0.6407541743222303,0.002619954595088803,,0.6593114318171429,,0,PRUNED
169,16.759059257838413,1.303628536169613,2026-10-06 00:20:57.931994,2026-10-06 00:24:18.299818,0 days 00:03:20.367824,0.5925009102375125,0.5579109660070806,0.020157182334554175,17.765479645856683,1.195107491304682,7.6598437059629045,0.27816164569031876,11.62128220325721,0.244846742300102,0.007630801766738701,0.0020172466054726853,1.3808636053249912,200.36773052159697,0,COMPLETE
170,,,2026-10-06 00:20:57.969982,2026-10-06 00:20:58.194015,0 days 00:00:00.224033,0.9336251156475465,0.37587747893482815,0.03217551452582774,35.01764247796897,0.7434706576014842,28.163090798660882,0.6825110770853435,2.7409602377905964,1.200011216327891,0.0012426617896151423,,0.41596745037240124,,0,PRUNED
171,5.012637929156755,1.1857099809361953,2026-10-06 00:20:58.065002,2026-10-06 00:24:06.568773,0 days 00:03:08.503771,0.26010411782364107,0.24836366535846777,0.011075248241557244,25.23634985746125,0.3052039083020928,1.4121115702690885,1.1874762250207995,3.85769759967879,0.3752697933915291,0.037872760390844196,39.895220520405104,0.6196424697028045,188.50366892293096,0,COMPLETE
172,,,2026-10-06 00:20:58.121410,2026-10-06 00:20:58.702031,0 days 00:00:00.580621,0.9099154346233378,0.5939589333965001,0.061834295900622234,15.119150570238613,1.0171447291656621,3.307581537647448,0.024972322127189917,45.06519744520709,1.3185952305932016,0.006547912023929749,,0.4819640477936362,,0,PRUNED
173,24.64059965886575,1.9461142662081536,2026-10-06 00:20:58.206000,2026-10-06 00:24:14.969352,0 days 00:03:16.763352,0.4725729082810274,0.22620608024949762,0.026859423269668885,3.6761097441954034,0.9042933250029952,6.979390299197009,0.955078825801913,7.791207973091792,0.5745292953532752,0.011741819866698948,8.525532412469221e-05,0.18993588101221764,196.76325190253556,0,COMPLETE
174,12.065266412309036,1.3845326288351862,2026-10-06 00:20:58.741997,2026-10-06 00:24:13.453453,0 days 00:03:14.711456,0.0004995418471544499,1.1360327001868515,0.10039376646739337,44.473179426828516,0.45912101651513276,10.950758194006,0.8916152265341888,24.936807648852803,0.10576530160041625,0.023355060170598654,0.041420947006754694,1.0476662250746989,194.71137213055044,0,COMPLETE
175,,,2026-10-06 00:20:58.832988,2026-10-06 00:20:59.226126,0 days 00:00:00.393138,0.8446593947787586,0.720746407163628,0.037049711864060315,34.513429936892365,0.7368675934384283,18.34472532142409,1.0231141469189882,64.472816842498,0.26460842494226566,0.009203644771176425,,0.042376291023321744,,0,PRUNED
176,,,2026-10-06 00:20:58.992001,2026-10-06 00:21:36.585060,0 days 00:00:37.593059,0.6055227127888874,0.6859760703029968,0.15228581218469908,47.051790567479586,0.7731396657197827,20.948175094081794,0.15788267432256753,1.1991245664679655,0.445763374086273,0.00987782367197323,0.561209013887579,0.4005684300078337,,0,PRUNED
177,,,2026-10-06 00:20:59.073001,2026-10-06 00:21:38.569761,0 days 00:00:39.496760,0.14986232650802678,1.4939928086275769,0.02512071516405304,36.32082384332588,0.2850332237383394,91.88933172767679,0.19235916892448063,1.4106598102138403,1.2301528653009437,0.08957637509114928,0.42516854768988543,0.20943279951772675,,0,PRUNED
178,33.26443256631707,1.3731258008114162,2026-10-06 00:20:59.085126,2026-10-06 00:24:15.094502,0 days 00:03:16.009376,1.2605225613478528,0.43573238901622435,0.0468703978195095,4.615648258802936,0.9874692590814694,1.153958828569807,0.7419750061424097,34.37443321102433,0.471086896562711,0.017643754155980185,0.03367707460154281,1.4602036137117638,196.00928737875074,0,COMPLETE
179,,,2026-10-06 00:20:59.265992,2026-10-06 00:20:59.550030,0 days 00:00:00.284038,0.8033931318865302,1.3402786668434448,0.8016681930009776,18.734546345178018,0.2226759032777662,38.358268401817945,0.671562533934758,6.746968965304195,0.8965453941176595,0.02458950954662418,,0.3879513705699248,,0,PRUNED
180,13.98678119292388,7.208128584417079,2026-10-06 00:21:00.120182,2026-10-06 00:24:04.136575,0 days 00:03:04.016393,0.3834721347353825,0.2965654106455736,0.6443949852851695,18.677678184085455,1.4587170185674183,11.647781097448451,0.6419517764288287,23.475624031055144,0.04206136129933902,0.03280586071940829,0.00023455457478105328,0.008646455689541255,184.01629919186234,0,COMPLETE
181,,,2026-10-06 00:21:00.443996,2026-10-06 00:21:00.870200,0 days 00:00:00.426204,0.8746378257074998,1.0288480698245432,0.36239239426531955,45.03707373285498,0.7753483767489396,3.277608044325286,0.3027444714930604,52.659342729254,0.18900549101615077,0.005414937800985929,,0.965779913896385,,0,PRUNED
182,,,2026-10-06 00:21:00.941995,2026-10-06 00:21:01.306100,0 days 00:00:00.364105,1.3288815437002346,1.164621634065068,0.030628046059797666,42.02426915398694,1.4983358501006871,2.343923963543806,0.5726790765404728,11.147578849480366,0.8044057303027932,0.0033224006582845697,,0.5046800434058495,,0,PRUNED
183,,,2026-10-06 00:21:01.026140,2026-10-06 00:21:02.270171,0 days 00:00:01.244031,0.3036117402189612,0.12037630723835963,0.037958330966590285,40.371325242632,0.6323930597340213,3.224097590932682,0.31066951069961185,25.64398744306268,1.3902975384792777,0.0019209538213095414,,0.9887042182668533,,0,PRUNED
184,,,2026-10-06 00:21:01.344009,2026-10-06 00:21:01.623023,0 days 00:00:00.279014,0.9167148010097592,0.7462593937893962,0.010598310735784981,48.86335028830015,1.2976078493503886,46.07580910078432,1.1751058636432137,53.28843906726109,0.6814881036134708,0.014143210869859988,,0.7149640331774607,,0,PRUNED
185,28.53353358050237,1.610421478170815,2026-10-06 00:21:01.626994,2026-10-06 00:24:15.458816,0 days 00:03:13.831822,1.0539534533837265,0.9599205530920012,0.08157088046740732,14.291922132803638,1.1975633803254782,15.739691180421286,0.44977319911521163,4.245790658057517,0.24839607848410794,0.0190835940100456,0.004649404284836545,1.4458038786026286,193.83173520769924,0,COMPLETE
186,,,2026-10-06 00:21:01.922027,2026-10-06 00:21:02.320066,0 days 00:00:00.398039,0.41824363734019154,0.5361988127618728,0.034279323721540196,8.239319664882295,0.21627648722500614,17.786430366979165,1.301422419516967,5.53702721065556,1.1427358054109837,0.009271642725820846,,0.08905865530579693,,0,PRUNED
187,17.91525868258279,1.2897198130675829,2026-10-06 00:21:02.340005,2026-10-06 00:24:14.293097,0 days 00:03:11.953092,0.34040871425313524,1.1480620357461708,0.11172943849278202,5.159047012366899,1.2919013799477819,6.148555506544648,0.17919177922991758,4.83003624830183,1.358398783511515,0.09143429790659492,1.0977597869275666e-05,1.0225378522320065,191.9529935279861,0,COMPLETE
188,,,2026-10-06 00:21:02.659998,2026-10-06 00:22:57.012019,0 days 00:01:54.352021,0.6917968246296997,0.8239134759508968,0.03891983650999703,22.486499559248212,1.4376911234747345,2.8054775554661484,1.3362924242820045,24.988189948922283,0.06297499826975395,0.01387895376627194,1.6502261579834122e-06,0.8304056116371572,,0,PRUNED
189,,,2026-10-06 00:21:36.527020,2026-10-06 00:21:36.680002,0 days 00:00:00.152982,1.4110897532638886,0.797459726186245,0.02099627480869471,37.16449547277486,0.7903595285645932,1.8535995540386079,1.2487029700598127,66.63485492747127,1.2753576519887044,0.02427375172754467,,1.2597108350086132,,0,PRUNED
190,13.841272461615475,7.567350447706934,2026-10-06 00:21:37.041172,2026-10-06 00:24:50.117155,0 days 00:03:13.075983,0.4663473110594327,0.19701435252871013,0.059388841333630996,3.5912099241429623,1.004656671517838,1.0456472924087752,0.5557879450983975,1.390645065308781,0.05495821028527159,0.003253665726513886,0.01890555377103899,0.7521849747905474,193.07588501181453,0,COMPLETE
191,,,2026-10-06 00:21:37.238000,2026-10-06 00:21:37.584022,0 days 00:00:00.346022,0.9316683378652166,0.8529386613465444,0.5493246868768431,9.615379265195118,1.332677280416973,2.3860184301895546,0.5276712322158501,6.060393819629571,0.1727239002500457,0.0017723514828091086,,1.2988546442079398,,0,PRUNED
192,,,2026-10-06 00:21:37.623993,2026-10-06 00:21:38.072031,0 days 00:00:00.448038,0.8654067802357468,0.8637606834643292,0.012301725545180005,23.413043218150396,0.1902959835700344,13.908337053414057,0.42226387136076465,2.5840040138527947,1.1612804685402118,0.00465744541865354,,1.2549474925451085,,0,PRUNED
193,,,2026-10-06 00:21:38.680003,2026-10-06 00:21:39.047037,0 days 00:00:00.367034,0.8956138088665928,1.1251113939247361,0.40932695310900197,47.42806745380184,0.4257957685747892,2.363887651355652,1.3416613042615961,2.1983010875185633,0.8666531932811566,0.0014277742836520289,,1.396298187469367,,0,PRUNED
