number,values_0,values_1,datetime_start,datetime_complete,duration,params_between_rest_spread,params_c_spread,params_c_val,params_input_force,params_k_between_spread,params_k_between_val,params_k_wall_spread,params_k_wall_val,params_m_spread,params_m_val,params_ridge_alpha,params_wall_rest_spread,user_attrs_duration_sec,system_attrs_NSGAIISampler:generation,state
925,40.74122934465661,1.632197950223755,2026-10-06 00:45:58.420006,2026-10-06 00:49:11.808829,0 days 00:03:13.388823,0.447684485641811,0.6886553323051294,0.34699519698385084,18.489161893608337,0.05714116461716917,98.6416708615901,1.191277759964359,14.182822102930093,0.2975664073833317,0.09765004764801033,0.0006185581455600675,1.1540267369865085,193.3887119377032,4,COMPLETE
926,14.318370651000043,1.3249297430108609,2026-10-06 00:46:01.164194,2026-10-06 00:49:16.244377,0 days 00:03:15.080183,0.447684485641811,0.3233389271032242,0.11720021795877078,41.645467536664455,0.6454873286650737,3.9357948336652977,0.12486747625813921,86.57068482598544,0.6612894906970102,0.037495759622009746,0.00014447613183128302,0.4665058005088435,195.0800787564367,4,COMPLETE
927,36.424613590865555,1.259363938648877,2026-10-06 00:46:02.136424,2026-10-06 00:49:17.107336,0 days 00:03:14.970912,0.4919537458910443,0.3731992973752525,0.1347521461063753,6.5457042290126815,0.3201011955575039,94.61146042672904,0.7980598365171948,1.2001363989388558,0.2975664073833317,0.03038027549946027,2.9442330109354824,0.15533800542608628,194.9708165852353,4,COMPLETE
928,27.139042680448107,1.3305332978992843,2026-10-06 00:46:02.138320,2026-10-06 00:49:18.241823,0 days 00:03:16.103503,0.4919537458910443,0.5608376222859704,0.1347521461063753,17.553296709297783,0.3201011955575039,25.088361291801984,0.19809840133758488,7.9874857515804925,0.7101126722155671,0.07297012210736925,2.9442330109354824,0.6004925208325128,196.1033923951909,4,COMPLETE
929,34.23661017629491,1.343920065044368,2026-10-06 00:46:03.141587,2026-10-06 00:49:18.103275,0 days 00:03:14.961688,0.39568328879440856,0.9056915392647674,0.11369858697944095,5.814557047239577,0.631975484387248,16.211255471509773,0.4740161859265573,2.072575382240667,1.1791218744906238,0.06668334722343025,0.026840913163384963,0.9700520747024954,194.96160265989602,4,COMPLETE
930,,,2026-10-06 00:46:03.300172,2026-10-06 00:48:41.470050,0 days 00:02:38.169878,1.2322122339650545,0.2965654106455736,0.6443949852851695,12.38564349713148,0.2395452449940939,2.9667093425059705,0.06389754300029743,5.8774721288796,0.4212595585654096,0.006074688503901476,0.00014447613183128302,1.1540267369865085,,4,PRUNED
931,24.751953331265845,3.057785647253085,2026-10-06 00:46:04.100999,2026-10-06 00:49:13.960148,0 days 00:03:09.859149,0.3834721347353825,1.1810724855624324,0.2297655624989891,18.677678184085455,0.4315633938641509,28.285734118696016,0.6419517764288287,23.475624031055144,0.04206136129933902,0.03280586071940829,0.1779362878501945,0.7296704665126732,189.85904265847057,4,COMPLETE
932,22.549004491932024,1.6418008233791208,2026-10-06 00:46:04.819996,2026-10-06 00:49:20.269497,0 days 00:03:15.449501,0.51115025563667,1.1810724855624324,0.2297655624989891,21.183844928151355,1.35460707310614,11.647781097448451,1.1446866529412485,10.195345414647532,0.04206136129933902,0.03038027549946027,0.1779362878501945,1.3635581381619835,195.44940508715808,4,COMPLETE
933,,,2026-10-06 00:46:05.021986,2026-10-06 00:46:05.942040,0 days 00:00:00.920054,1.0457736346746487,0.3731992973752525,0.587377575500352,12.404456665881645,0.43628567866646467,26.22079615322774,0.06389754300029743,20.53635023779151,0.4493735763474446,0.006074688503901476,,1.1137428294822522,,4,PRUNED
934,,,2026-10-06 00:46:05.413020,2026-10-06 00:46:06.249016,0 days 00:00:00.835996,0.4919537458910443,0.9501122322869743,0.807738690329122,8.695206399809345,0.6688626104060442,25.088361291801984,0.7964747556623476,7.9874857515804925,0.5860574191614696,0.03038027549946027,,1.1137428294822522,,4,PRUNED
935,,,2026-10-06 00:46:06.147993,2026-10-06 00:46:07.792020,0 days 00:00:01.644027,0.19630735827449874,1.153860830867786,0.587377575500352,18.489161893608337,0.8641627247678014,2.9667093425059705,0.06389754300029743,14.182822102930093,0.194083030357998,0.024099244621516126,,0.3066293241794842,,4,PRUNED
936,19.94762332836634,6.849830262617948,2026-10-06 00:46:06.273129,2026-10-06 00:49:17.860093,0 days 00:03:11.586964,0.7535562568504046,0.5088079218375162,0.09005234812447538,5.245413993140336,1.2196983823634606,2.9615022659031585,0.6190885998388953,2.0330101929189524,0.7685554742107898,0.007361010447850752,0.004475392410627206,0.6004925208325128,191.58687333669513,4,COMPLETE
937,7.411319184361008,1.280246162448279,2026-10-06 00:46:06.991172,2026-10-06 00:49:20.034191,0 days 00:03:13.043019,0.8861887783233188,0.4835105352725577,0.06022460482083565,16.606931230784816,0.3201011955575039,98.6416708615901,0.21292518523710352,75.29451967329351,0.194083030357998,0.024099244621516126,0.0006185581455600675,1.4292221150484932,193.04293347988278,4,COMPLETE
938,,,2026-10-06 00:46:06.994974,2026-10-06 00:46:49.386005,0 days 00:00:42.391031,0.7737222815132565,0.527164092890509,0.06022460482083565,18.489161893608337,0.2395452449940939,98.6416708615901,0.07930140236573197,14.182822102930093,0.5860574191614696,0.03280586071940829,0.05313766941872738,0.3066293241794842,,4,PRUNED
939,,,2026-10-06 00:46:07.025215,2026-10-06 00:46:45.186012,0 days 00:00:38.160797,0.8010869639365119,0.3233389271032242,0.20358075665942357,8.556213008137046,1.4257271037095816,85.69762729633804,0.7964747556623476,1.2001363989388558,0.2975664073833317,0.029771009616437947,0.0051341657907994255,0.2678812614884665,,4,PRUNED
940,,,2026-10-06 00:46:07.058150,2026-10-06 00:46:07.850041,0 days 00:00:00.791891,0.19630735827449874,0.2965654106455736,0.4120579376102117,18.489161893608337,1.4587170185674183,98.6416708615901,0.6419517764288287,23.475624031055144,0.573538310576864,0.024099244621516126,,0.7296704665126732,,4,PRUNED
941,21.379046668262266,4.752426454016758,2026-10-06 00:46:07.061971,2026-10-06 00:49:17.299527,0 days 00:03:10.237556,0.51115025563667,0.26436360806232834,0.5662816343755678,21.183844928151355,0.631975484387248,25.088361291801984,0.6322735599605585,2.072575382240667,0.04206136129933902,0.03038027549946027,0.005958227033600532,1.3635581381619835,190.23746745474637,4,COMPLETE
942,27.7347453233194,4.466570049485632,2026-10-06 00:46:07.073967,2026-10-06 00:49:19.804065,0 days 00:03:12.730098,0.4428292606447327,0.011151379315492593,0.3042089878823274,11.910918541531306,0.5855379267962546,28.285734118696016,1.1005495658702966,1.2001363989388558,0.2975664073833317,0.022132402954529992,0.0011757094612474103,0.2678812614884665,192.73000629805028,4,COMPLETE
943,,,2026-10-06 00:46:07.840156,2026-10-06 00:46:08.401043,0 days 00:00:00.560887,1.350503098526395,0.9056915392647674,0.6443949852851695,18.677678184085455,1.4257271037095816,16.211255471509773,1.3355598077240103,11.86468393276075,0.6168387269531914,0.03280586071940829,,0.008646455689541255,,4,PRUNED
944,,,2026-10-06 00:46:07.843970,2026-10-06 00:46:46.492265,0 days 00:00:38.648295,0.39568328879440856,0.3233389271032242,0.5799701872746303,5.814557047239577,1.0774031071944332,85.69762729633804,0.7964747556623476,2.9177508597205857,0.7685554742107898,0.06668334722343025,1.1762488306807034e-06,0.2678812614884665,,4,PRUNED
945,,,2026-10-06 00:46:08.498008,2026-10-06 00:46:47.142020,0 days 00:00:38.644012,0.51115025563667,0.5088079218375162,0.16421616848836035,18.878997155051945,1.0774031071944332,11.647781097448451,0.6190885998388953,2.0330101929189524,0.7685554742107898,0.007361010447850752,0.00023455457478105328,0.6069618734849955,,4,PRUNED
946,31.40033955334285,9.531909868949846,2026-10-06 00:46:08.588150,2026-10-06 00:49:23.364431,0 days 00:03:14.776281,0.447684485641811,0.8304682506740793,0.6443949852851695,41.645467536664455,0.2395452449940939,98.6416708615901,0.38106229976815414,5.8774721288796,0.08173395261699556,0.03280586071940829,0.00014447613183128302,1.3458907086260936,194.77618968579918,4,COMPLETE
947,54.14587364058102,1.3433868233801944,2026-10-06 00:46:08.591969,2026-10-06 00:49:20.322879,0 days 00:03:11.730910,0.2994157425323484,0.3731992973752525,0.1347521461063753,8.695206399809345,0.17841476310622684,85.69762729633804,0.9356883984494996,1.2001363989388558,0.2975664073833317,0.03038027549946027,0.0004693315590468239,1.4891500624393408,191.73082660324872,4,COMPLETE
948,30.826378701918713,10.965316529917475,2026-10-06 00:46:09.078151,2026-10-06 00:49:24.645852,0 days 00:03:15.567701,0.447684485641811,0.2965654106455736,0.6443949852851695,18.489161893608337,0.4424930116262647,98.6416708615901,0.21292518523710352,5.8774721288796,0.0236399030193733,0.03280586071940829,8.21812412213416e-05,0.17248374444296138,195.56759214121848,4,COMPLETE
949,,,2026-10-06 00:46:22.916005,2026-10-06 00:46:24.228282,0 days 00:00:01.312277,0.4919537458910443,0.3731992973752525,0.1347521461063753,8.695206399809345,0.3201011955575039,94.61146042672904,0.7964747556623476,1.2001363989388558,1.3469487431623972,0.03038027549946027,,1.1137428294822522,,4,PRUNED
950,18.831121297351164,5.2530132330894475,2026-10-06 00:46:24.425014,2026-10-06 00:49:18.710257,0 days 00:02:54.285243,0.945681584244386,0.5088079218375162,0.09005234812447538,5.245413993140336,1.0774031071944332,2.9615022659031585,1.4594405107884705,4.314853216716561,0.17672380622360612,0.007361010447850752,0.09643469304314127,0.5142999062500755,174.28514019120485,4,COMPLETE
951,20.21535876390081,10.418691050440017,2026-10-06 00:46:31.221019,2026-10-06 00:49:43.964327,0 days 00:03:12.743308,1.0457736346746487,0.23167866199025283,0.4120579376102117,16.606931230784816,0.17665571526270746,25.088361291801984,0.7526552440739871,2.029882838261563,0.26083598793965107,0.014717588731654706,0.0006185581455600675,0.31745615048849035,192.74320018012077,4,COMPLETE
952,,,2026-10-06 00:46:35.293002,2026-10-06 00:46:36.257385,0 days 00:00:00.964383,0.7535562568504046,0.07170570951995708,0.08436864120216854,21.183844928151355,0.6454873286650737,26.22079615322774,0.6190885998388953,86.57068482598544,0.46962213455178087,0.009652536191471698,,0.6004925208325128,,4,PRUNED
953,25.175570455797253,3.644335591195241,2026-10-06 00:46:35.928998,2026-10-06 00:49:52.675857,0 days 00:03:16.746859,0.7737222815132565,0.5608376222859704,0.807738690329122,5.814557047239577,1.0774031071944332,16.211255471509773,0.4740161859265573,7.9874857515804925,0.5860574191614696,0.06668334722343025,0.0003905126153844371,0.9405267840694287,196.7467512153089,4,COMPLETE
954,15.54633951277375,14.943577601228853,2026-10-06 00:46:35.931982,2026-10-06 00:49:49.566440,0 days 00:03:13.634458,0.7737222815132565,0.2965654106455736,0.807738690329122,18.677678184085455,0.6688626104060442,28.285734118696016,0.19809840133758488,23.475624031055144,0.19650346116773892,0.03280586071940829,0.00014447613183128302,0.7296704665126732,193.63435429055244,4,COMPLETE
955,,,2026-10-06 00:46:36.329124,2026-10-06 00:46:38.045400,0 days 00:00:01.716276,0.7535562568504046,0.4835105352725577,0.4120579376102117,5.245413993140336,1.0774031071944332,1.2365311224338353,0.046890065619512755,2.029882838261563,0.7685554742107898,0.007361010447850752,,0.6004925208325128,,4,PRUNED
956,22.8680581376493,4.440993927409998,2026-10-06 00:46:38.054991,2026-10-06 00:49:51.648858,0 days 00:03:13.593867,0.51115025563667,0.8661787220393558,0.5662816343755678,21.183844928151355,1.35460707310614,11.647781097448451,0.38106229976815414,5.8774721288796,0.04206136129933902,0.03038027549946027,0.00014447613183128302,1.3458907086260936,193.5937645584345,4,COMPLETE
957,18.3343114072023,4.258536514420546,2026-10-06 00:46:40.492015,2026-10-06 00:49:54.797129,0 days 00:03:14.305114,0.6672137354754455,0.9056915392647674,0.6443949852851695,18.677678184085455,0.4424930116262647,16.211255471509773,1.1068767969628939,2.688509826508115,0.0236399030193733,0.03280586071940829,0.00023455457478105328,0.17248374444296138,194.30500962398946,4,COMPLETE
958,,,2026-10-06 00:46:42.540506,2026-10-06 00:46:43.534024,0 days 00:00:00.993518,0.447684485641811,0.3233389271032242,0.11720021795877078,41.645467536664455,0.6454873286650737,3.9357948336652977,0.12486747625813921,86.57068482598544,0.6612894906970102,0.01682290594756725,,1.3458907086260936,,4,PRUNED
959,,,2026-10-06 00:46:43.003992,2026-10-06 00:46:43.397051,0 days 00:00:00.393059,0.9323049410555256,0.3731992973752525,0.3042089878823274,8.695206399809345,0.5350264368751236,94.61146042672904,0.20357229172011587,1.2001363989388558,1.0749850412981183,0.02749864300312601,,1.1137428294822522,,4,PRUNED
960,,,2026-10-06 00:46:43.557992,2026-10-06 00:46:43.937003,0 days 00:00:00.379011,0.8861887783233188,1.4235474142502542,0.2297655624989891,16.794110724016896,0.631975484387248,28.285734118696016,1.1005495658702966,2.072575382240667,0.2975664073833317,0.022132402954529992,,0.2678812614884665,,4,PRUNED
961,30.533842717788183,1.2823075602042837,2026-10-06 00:46:43.618248,2026-10-06 00:50:00.113865,0 days 00:03:16.495617,0.8861887783233188,0.4835105352725577,0.4120579376102117,16.606931230784816,0.3201011955575039,85.69762729633804,0.21292518523710352,2.029882838261563,0.2975664073833317,0.09765004764801033,9.389021170401149,0.2678812614884665,196.4955363664776,4,COMPLETE
962,33.9341737049797,1.2322768302071627,2026-10-06 00:46:44.177994,2026-10-06 00:49:57.951408,0 days 00:03:13.773414,0.4428292606447327,0.2284118304472575,0.07859802647453193,5.245413993140336,0.17665571526270746,28.285734118696016,0.6190885998388953,2.029882838261563,0.05609924456069537,0.03280586071940829,0.1779362878501945,0.7296704665126732,193.77330673020333,4,COMPLETE
963,29.351827188206574,1.352134284685494,2026-10-06 00:46:45.130154,2026-10-06 00:49:58.656300,0 days 00:03:13.526146,0.8861887783233188,0.26436360806232834,0.11369858697944095,19.522781869107995,0.631975484387248,25.088361291801984,0.4740161859265573,2.072575382240667,0.742842471971084,0.06668334722343025,2.1038771230648366e-06,0.7296704665126732,193.52604591008276,4,COMPLETE
964,36.293040077147346,1.3223409819479848,2026-10-06 00:46:45.133966,2026-10-06 00:50:00.747036,0 days 00:03:15.613070,0.19630735827449874,0.527164092890509,0.06022460482083565,12.133207711917281,0.2395452449940939,26.22079615322774,1.394035285276604,1.3290341234086505,0.4493735763474446,0.024099244621516126,0.0006185581455600675,0.3066293241794842,195.61297710984945,4,COMPLETE
965,27.665838877755505,5.912312602001944,2026-10-06 00:46:45.222984,2026-10-06 00:50:00.713430,0 days 00:03:15.490446,0.51115025563667,0.8661787220393558,0.5662816343755678,21.183844928151355,1.35460707310614,11.647781097448451,1.1446866529412485,23.475624031055144,0.04206136129933902,0.03038027549946027,0.005958227033600532,1.3635581381619835,195.4903571503237,4,COMPLETE
966,30.704559807163974,1.7356550198742782,2026-10-06 00:46:45.620997,2026-10-06 00:50:00.625047,0 days 00:03:15.004050,0.4919537458910443,0.8432009049142877,0.11720021795877078,5.245413993140336,0.3201011955575039,3.9357948336652977,0.7964747556623476,86.57068482598544,0.46962213455178087,0.037495759622009746,0.00014447613183128302,0.6004925208325128,195.00395640637726,5,COMPLETE
967,30.570372072105613,2.7933356298596204,2026-10-06 00:46:45.795147,2026-10-06 00:49:58.253823,0 days 00:03:12.458676,0.19630735827449874,0.3233389271032242,0.5799701872746303,18.489161893608337,0.2493529863494679,85.69762729633804,0.7964747556623476,14.182822102930093,0.2975664073833317,0.09765004764801033,0.0006185581455600675,0.02354241118726219,192.45859044976532,5,COMPLETE
968,39.0958941341304,5.988333207533052,2026-10-06 00:46:45.798968,2026-10-06 00:49:55.429913,0 days 00:03:09.630945,0.447684485641811,0.7186098618255685,0.807738690329122,18.386910920395536,0.05714116461716917,85.69762729633804,1.191277759964359,5.8774721288796,0.6979007106917119,0.07297012210736925,2.1038771230648366e-06,1.1540267369865085,189.63085209857672,5,COMPLETE
969,,,2026-10-06 00:46:46.743993,2026-10-06 00:46:48.174032,0 days 00:00:01.430039,0.51115025563667,1.0562250660985053,0.5662816343755678,11.991629079089469,1.35460707310614,11.647781097448451,0.5374406135088594,23.475624031055144,0.03078637272600071,0.03038027549946027,,1.3635581381619835,,5,PRUNED
970,35.28232720600521,1.144179257629243,2026-10-06 00:46:47.192301,2026-10-06 00:49:57.890062,0 days 00:03:10.697761,0.2994157425323484,0.5088079218375162,0.11369858697944095,5.245413993140336,1.0774031071944332,85.69762729633804,1.4594405107884705,4.314853216716561,0.17672380622360612,0.09765004764801033,1.9958034707972923e-06,0.5142999062500755,190.6976669523865,5,COMPLETE
971,,,2026-10-06 00:46:47.880007,2026-10-06 00:46:48.494013,0 days 00:00:00.614006,1.3426389093843176,0.7160909586073003,0.4120579376102117,12.404456665881645,0.2395452449940939,2.9667093425059705,0.06389754300029743,1.3290341234086505,0.46603572549454914,0.006074688503901476,,1.1137428294822522,,5,PRUNED
972,17.43556099155674,9.65562410279341,2026-10-06 00:46:48.177979,2026-10-06 00:49:57.702338,0 days 00:03:09.524359,0.7535562568504046,0.5088079218375162,0.09005234812447538,5.245413993140336,0.6454873286650737,2.9615022659031585,0.12486747625813921,4.314853216716561,0.7319457801577378,0.007361010447850752,0.004475392410627206,0.05322667642326201,189.52426154352725,5,COMPLETE
973,26.260733174054934,23.33732847739676,2026-10-06 00:46:48.272978,2026-10-06 00:49:57.213670,0 days 00:03:08.940692,0.51115025563667,0.2284118304472575,0.807738690329122,18.489161893608337,0.33279388005294136,98.6416708615901,1.4690823188003486,14.182822102930093,0.08173395261699556,0.024099244621516126,4.343429493003475e-06,0.7296704665126732,188.9406021879986,5,COMPLETE
974,9.127876483296344,10.616672286536707,2026-10-06 00:46:48.519990,2026-10-06 00:49:55.990810,0 days 00:03:07.470820,1.3426389093843176,0.24837341587000777,0.587377575500352,12.404456665881645,0.8641627247678014,2.9667093425059705,0.06389754300029743,10.195345414647532,0.4212595585654096,0.006074688503901476,0.03673941552765711,0.21347726672360295,187.47072674054652,5,COMPLETE
975,,,2026-10-06 00:46:48.634997,2026-10-06 00:46:48.948058,0 days 00:00:00.313061,0.8861887783233188,0.7347826529652479,0.20358075665942357,16.606931230784816,1.4257271037095816,7.596863112772716,1.3355598077240103,11.86468393276075,0.6168387269531914,0.001954548165360697,,0.7296704665126732,,5,PRUNED
976,27.491158444394745,3.823769625379411,2026-10-06 00:46:49.340002,2026-10-06 00:50:01.300672,0 days 00:03:11.960670,1.2356600307833205,0.5088079218375162,0.0622491376328977,5.245413993140336,1.121474347389435,2.9615022659031585,1.4594405107884705,4.314853216716561,0.2975664073833317,0.007361010447850752,1.9958034707972923e-06,1.409752754419799,191.96057251375169,5,COMPLETE
977,,,2026-10-06 00:46:49.386455,2026-10-06 00:47:28.634009,0 days 00:00:39.247554,0.7737222815132565,0.5608376222859704,0.18268747908623606,17.553296709297783,0.6688626104060442,25.088361291801984,0.19809840133758488,7.9874857515804925,0.26083598793965107,0.007361010447850752,2.1038771230648366e-06,0.9405267840694287,,5,PRUNED
978,27.63441653195638,1.4015308882533941,2026-10-06 00:46:49.389967,2026-10-06 00:49:58.673918,0 days 00:03:09.283951,0.1811389550538815,1.0562250660985053,0.11369858697944095,5.814557047239577,0.8663317408057906,16.211255471509773,0.5374406135088594,16.362643426754982,0.742842471971084,0.06668334722343025,1.1762488306807034e-06,0.7296704665126732,189.2838638490066,5,COMPLETE
979,26.705039065581246,1.5641584238139492,2026-10-06 00:46:49.442979,2026-10-06 00:49:56.774852,0 days 00:03:07.331873,1.2555087838602845,0.5608376222859704,0.3042089878823274,25.618205210843083,0.25443053971259644,25.088361291801984,0.6190885998388953,2.029882838261563,0.5860574191614696,0.07297012210736925,0.004475392410627206,1.1888155686802921,187.33179512806237,5,COMPLETE
980,44.45371984755267,1.2846767909518788,2026-10-06 00:46:49.446956,2026-10-06 00:50:00.698696,0 days 00:03:11.251740,0.8010869639365119,0.3233389271032242,0.4120579376102117,10.877854836518644,0.2395452449940939,85.69762729633804,0.21292518523710352,1.2001363989388558,0.2975664073833317,0.09765004764801033,0.0006185581455600675,0.7296704665126732,191.2516446514055,5,COMPLETE
981,19.74092170390004,1.4899228988744926,2026-10-06 00:46:50.140162,2026-10-06 00:50:00.107540,0 days 00:03:09.967378,0.51115025563667,0.5088079218375162,0.09005234812447538,21.183844928151355,1.0774031071944332,11.647781097448451,0.6471627928418558,23.475624031055144,0.04206136129933902,0.03038027549946027,0.005958227033600532,0.6301824533249056,189.96728747710586,5,COMPLETE
982,29.116880004747124,8.039515381169299,2026-10-06 00:47:18.076660,2026-10-06 00:50:35.943502,0 days 00:03:17.866842,0.9323049410555256,0.5608376222859704,0.3042089878823274,18.677678184085455,0.5855379267962546,25.088361291801984,0.19809840133758488,5.299460499774038,0.5860574191614696,0.02749864300312601,0.00014447613183128302,0.9405267840694287,197.8667308986187,5,COMPLETE
983,17.001745440871638,11.721847799730629,2026-10-06 00:47:20.316010,2026-10-06 00:50:34.319818,0 days 00:03:14.003808,1.3426389093843176,0.3731992973752525,0.9085752022059369,9.868280842937416,0.2395452449940939,26.22079615322774,0.06389754300029743,10.195345414647532,0.007925456797868324,0.024099244621516126,0.0005104435594619652,1.1137428294822522,194.00371372886002,5,COMPLETE
984,,,2026-10-06 00:47:20.359993,2026-10-06 00:47:58.099016,0 days 00:00:37.739023,1.3426389093843176,1.0562250660985053,0.2297655624989891,8.794323001260684,0.8337281412740074,85.69762729633804,0.6165960852108494,10.195345414647532,0.007925456797868324,0.022132402954529992,0.0011757094612474103,0.9092751429584793,,5,PRUNED
