number,values_0,values_1,datetime_start,datetime_complete,duration,params_between_rest_spread,params_c_spread,params_c_val,params_input_force,params_k_between_spread,params_k_between_val,params_k_wall_spread,params_k_wall_val,params_m_spread,params_m_val,params_ridge_alpha,params_wall_rest_spread,user_attrs_duration_sec,system_attrs_NSGAIISampler:generation,state
1343,36.39210418533463,9.254327048544994,2026-10-06 01:00:17.551005,2026-10-06 01:03:28.431153,0 days 00:03:10.880148,0.51115025563667,0.7186098618255685,0.5662816343755678,18.386910920395536,0.05714116461716917,85.69762729633804,1.191277759964359,5.299460499774038,0.5860574191614696,0.02749864300312601,0.00014447613183128302,1.3635581381619835,190.88004811108112,7,COMPLETE
1344,34.33057219584402,12.78214530979544,2026-10-06 01:00:17.994997,2026-10-06 01:03:27.884661,0 days 00:03:09.889664,0.4919537458910443,0.2965654106455736,0.4120579376102117,18.489161893608337,0.2395452449940939,98.6416708615901,0.21292518523710352,19.15408445903519,0.4212595585654096,0.03038027549946027,0.00014447613183128302,1.1540267369865085,189.88957241922617,7,COMPLETE
1345,22.931838494420752,9.261365244051632,2026-10-06 01:00:18.002974,2026-10-06 01:03:29.018450,0 days 00:03:11.015476,1.3426389093843176,0.3233389271032242,0.6443949852851695,9.868280842937416,0.2395452449940939,2.9667093425059705,0.12486747625813921,86.57068482598544,0.4212595585654096,0.03280586071940829,0.00014447613183128302,1.1540267369865085,191.01538638863713,7,COMPLETE
1346,37.23029411453708,3.342452248704989,2026-10-06 01:00:18.559998,2026-10-06 01:03:27.640939,0 days 00:03:09.080941,0.51115025563667,0.3233389271032242,0.5799701872746303,17.553296709297783,0.6688626104060442,98.6416708615901,0.12486747625813921,23.475624031055144,0.08173395261699556,0.09765004764801033,0.00014447613183128302,1.1540267369865085,189.0808451604098,7,COMPLETE
1347,,,2026-10-06 01:00:19.875003,2026-10-06 01:00:20.268029,0 days 00:00:00.393026,1.4777906856287137,0.4774636695198178,0.6443949852851695,18.489161893608337,0.6307905590212067,98.6416708615901,0.12486747625813921,11.86468393276075,0.26083598793965107,0.007361010447850752,,1.1540267369865085,,7,PRUNED
1348,,,2026-10-06 01:00:19.977777,2026-10-06 01:00:21.059038,0 days 00:00:01.081261,0.4919537458910443,0.3731992973752525,0.2169448017457144,9.868280842937416,1.296288388898442,98.6416708615901,0.21292518523710352,19.15408445903519,0.08173395261699556,0.024099244621516126,,0.7296704665126732,,7,PRUNED
1349,7.0173214257826215,2.405768359376644,2026-10-06 01:00:20.242002,2026-10-06 01:03:29.631831,0 days 00:03:09.389829,0.8010869639365119,0.2284118304472575,0.807738690329122,10.877854836518644,0.2395452449940939,6.386073446187435,0.21292518523710352,5.8774721288796,0.08173395261699556,0.024099244621516126,60.781092906580604,0.7296704665126732,189.38972624577582,7,COMPLETE
1350,18.849754242149064,2.5166942804612296,2026-10-06 01:00:20.479011,2026-10-06 01:03:25.444682,0 days 00:03:04.965671,0.51115025563667,0.2965654106455736,0.5799701872746303,16.18523914545625,1.0774031071944332,10.639702372668511,1.080654620868664,23.475624031055144,0.04206136129933902,0.09765004764801033,0.00014447613183128302,0.2674042742310065,184.96556920092553,7,COMPLETE
1351,42.78592047492262,3.2903709667607264,2026-10-06 01:00:21.126020,2026-10-06 01:03:30.327157,0 days 00:03:09.201137,0.8010869639365119,0.19189790819770397,0.20358075665942357,8.556213008137046,0.2395452449940939,85.69762729633804,0.21292518523710352,11.86468393276075,0.08173395261699556,0.03038027549946027,0.0006185581455600675,0.7296704665126732,189.20105256605893,7,COMPLETE
1352,,,2026-10-06 01:00:49.956169,2026-10-06 01:00:50.710033,0 days 00:00:00.753864,0.8861887783233188,0.8492103927882507,0.03289965166180166,8.556213008137046,1.4257271037095816,7.596863112772716,0.21292518523710352,11.86468393276075,0.6353936504592018,0.0035125772298659074,,0.7296704665126732,,7,PRUNED
1353,24.042711101865113,1.6539020412286023,2026-10-06 01:00:50.735988,2026-10-06 01:04:00.119838,0 days 00:03:09.383850,0.51115025563667,0.8661787220393558,0.13425295579832713,21.183844928151355,0.6688626104060442,4.937742765084751,0.9642498819660295,23.475624031055144,0.04206136129933902,0.03038027549946027,3.680314106392975e-06,1.3635581381619835,189.38374154362828,7,COMPLETE
1354,18.252148792090825,5.342505215522472,2026-10-06 01:00:50.747978,2026-10-06 01:03:59.774324,0 days 00:03:09.026346,1.0139483568167253,0.5608376222859704,0.5662816343755678,18.677678184085455,1.35460707310614,25.088361291801984,0.19809840133758488,7.9874857515804925,0.4396619671776935,0.02749864300312601,0.03301179485594041,0.9405267840694287,189.02623336110264,7,COMPLETE
1355,11.584585262068359,20.10763298066366,2026-10-06 01:00:52.016998,2026-10-06 01:04:00.044293,0 days 00:03:08.027295,0.8010869639365119,0.24837341587000777,0.2169448017457144,8.556213008137046,0.2395452449940939,2.9667093425059705,0.06389754300029743,11.86468393276075,0.2975664073833317,0.006074688503901476,0.0006185581455600675,0.2678812614884665,188.02718941867352,7,COMPLETE
1356,,,2026-10-06 01:00:52.861990,2026-10-06 01:00:53.283089,0 days 00:00:00.421099,0.51115025563667,0.8661787220393558,0.38982289253275176,21.183844928151355,0.2500525496355183,98.6416708615901,1.1446866529412485,86.57068482598544,0.08173395261699556,0.004813786269123908,,1.2974912099205862,,7,PRUNED
1357,33.53214981779455,9.690772830086878,2026-10-06 01:00:52.885981,2026-10-06 01:04:04.925820,0 days 00:03:12.039839,0.51115025563667,0.2965654106455736,0.5667882730348237,18.489161893608337,0.2395452449940939,98.6416708615901,1.3697314805799814,5.8774721288796,0.04206136129933902,0.03280586071940829,0.00014447613183128302,1.2974912099205862,192.03974422905594,7,COMPLETE
1358,36.686710387615015,2.7340139460504846,2026-10-06 01:00:53.833249,2026-10-06 01:04:06.785598,0 days 00:03:12.952349,0.8010869639365119,0.3233389271032242,0.5799701872746303,11.991629079089469,0.6454873286650737,85.69762729633804,0.7964747556623476,1.2001363989388558,0.2975664073833317,0.03280586071940829,0.00014447613183128302,0.2678812614884665,192.9522552965209,7,COMPLETE
1359,23.70719627068692,10.905231806985588,2026-10-06 01:00:54.513770,2026-10-06 01:04:09.387839,0 days 00:03:14.874069,1.4946470585767804,0.3233389271032242,0.807738690329122,17.553296709297783,0.6137839771901864,3.9357948336652977,0.19809840133758488,86.57068482598544,0.5860574191614696,0.037495759622009746,0.00014447613183128302,1.3458907086260936,194.87396046891809,7,COMPLETE
1360,36.79605981161106,3.687212588801246,2026-10-06 01:00:55.331001,2026-10-06 01:04:04.698627,0 days 00:03:09.367626,0.8010869639365119,0.3233389271032242,0.5799701872746303,11.991629079089469,0.6454873286650737,98.6416708615901,0.7964747556623476,55.84886757605039,0.2975664073833317,0.09765004764801033,0.0006185581455600675,0.2678812614884665,189.36752614192665,7,COMPLETE
1361,31.289193458148212,1.660788381004991,2026-10-06 01:00:56.832150,2026-10-06 01:04:06.798549,0 days 00:03:09.966399,0.51115025563667,0.3731992973752525,0.09005234812447538,17.553296709297783,0.22406516971450202,25.088361291801984,0.19809840133758488,7.9874857515804925,0.5860574191614696,0.03280586071940829,3.680314106392975e-06,1.2139299004838662,189.96630982588977,7,COMPLETE
1362,21.304651541787884,11.801072524431053,2026-10-06 01:00:57.223989,2026-10-06 01:04:08.335675,0 days 00:03:11.111686,0.19630735827449874,0.3233389271032242,0.4120579376102117,40.132128907957544,0.5960509261939652,25.088361291801984,1.1446866529412485,14.182822102930093,0.5860574191614696,0.024099244621516126,0.00014447613183128302,1.3635581381619835,191.11158978566527,7,COMPLETE
1363,,,2026-10-06 01:00:57.796000,2026-10-06 01:01:37.025038,0 days 00:00:39.229038,0.19630735827449874,0.3233389271032242,0.09005234812447538,18.489161893608337,0.6688626104060442,85.69762729633804,0.21292518523710352,23.475624031055144,0.7685554742107898,0.03280586071940829,0.00014447613183128302,1.126031437957653,,7,PRUNED
1364,37.04020195515418,2.398788209032073,2026-10-06 01:00:58.400010,2026-10-06 01:04:06.466623,0 days 00:03:08.066613,0.19630735827449874,0.5088079218375162,0.4120579376102117,18.489161893608337,0.2395452449940939,98.6416708615901,0.21292518523710352,23.475624031055144,0.2975664073833317,0.09765004764801033,0.00014447613183128302,1.1540267369865085,188.06651779543608,7,COMPLETE
1365,38.35718968506111,5.388909987085195,2026-10-06 01:01:25.109009,2026-10-06 01:04:35.903338,0 days 00:03:10.794329,0.4428292606447327,0.9437136059941653,0.2297655624989891,8.794323001260684,0.29675499538560296,28.285734118696016,0.6165960852108494,7.352882562168511,0.9008223466085625,0.02749864300312601,0.0011757094612474103,1.3635581381619835,190.79420435708016,7,COMPLETE
1366,,,2026-10-06 01:01:30.971362,2026-10-06 01:02:14.867059,0 days 00:00:43.895697,0.05928217819853554,0.2284118304472575,0.026898172476864098,8.556213008137046,1.0944345510750257,85.69762729633804,0.21292518523710352,14.182822102930093,0.08173395261699556,0.024099244621516126,0.0006185581455600675,0.2678812614884665,,7,PRUNED
1367,15.907853533870007,8.383999369011791,2026-10-06 01:01:35.543158,2026-10-06 01:04:48.556990,0 days 00:03:13.013832,0.3395165906212997,0.2965654106455736,0.6443949852851695,18.489161893608337,0.2395452449940939,10.500957735744803,0.538892582053957,5.8774721288796,0.08173395261699556,0.03280586071940829,0.00014447613183128302,1.1540267369865085,193.01372838020325,7,COMPLETE
1368,40.485058869244824,1.427692418694119,2026-10-06 01:01:37.279002,2026-10-06 01:04:51.968323,0 days 00:03:14.689321,0.447684485641811,0.3233389271032242,0.5799701872746303,18.489161893608337,1.0126342536422681,85.69762729633804,0.12486747625813921,1.2001363989388558,0.2975664073833317,0.09765004764801033,0.00014447613183128302,1.1540267369865085,194.68921288102865,7,COMPLETE
1369,16.066166650089947,18.122172377793458,2026-10-06 01:02:00.180005,2026-10-06 01:05:09.010662,0 days 00:03:08.830657,0.8010869639365119,0.3233389271032242,0.4120579376102117,18.489161893608337,1.0126342536422681,2.9615022659031585,0.7964747556623476,10.110644718889565,0.2975664073833317,0.007361010447850752,0.00014447613183128302,1.3635581381619835,188.8305517816916,7,COMPLETE
1370,34.20046933697786,6.17502737570299,2026-10-06 01:02:04.672005,2026-10-06 01:05:16.823228,0 days 00:03:12.151223,0.51115025563667,0.8661787220393558,0.4120579376102117,21.183844928151355,0.2395452449940939,98.6416708615901,1.1446866529412485,23.475624031055144,0.2975664073833317,0.03280586071940829,0.0006185581455600675,1.4449414148301858,192.15110982116312,7,COMPLETE
1371,,,2026-10-06 01:02:06.742155,2026-10-06 01:02:47.314004,0 days 00:00:40.571849,0.447684485641811,0.2965654106455736,0.6443949852851695,18.489161893608337,0.6688626104060442,98.6416708615901,0.19809840133758488,7.9874857515804925,0.5860574191614696,0.03280586071940829,3.680314106392975e-06,1.1540267369865085,,7,PRUNED
1372,25.314658362983437,1.786543656302788,2026-10-06 01:02:06.745968,2026-10-06 01:05:19.610195,0 days 00:03:12.864227,0.8010869639365119,1.0562250660985053,0.1057467088262885,8.556213008137046,0.2395452449940939,11.647781097448451,0.21292518523710352,11.86468393276075,0.2975664073833317,0.03038027549946027,0.0006185581455600675,0.9040411163974774,192.86413146182895,7,COMPLETE
1373,,,2026-10-06 01:02:07.555014,2026-10-06 01:02:08.568312,0 days 00:00:01.013298,0.51115025563667,0.2284118304472575,0.807738690329122,18.489161893608337,0.33279388005294136,98.6416708615901,1.4690823188003486,14.182822102930093,1.0572204928756408,0.024099244621516126,,0.7296704665126732,,7,PRUNED
1374,,,2026-10-06 01:02:08.609121,2026-10-06 01:02:09.869028,0 days 00:00:01.259907,0.8010869639365119,0.4774636695198178,0.4120579376102117,8.556213008137046,1.4257271037095816,85.69762729633804,0.04926666101045768,14.182822102930093,0.08173395261699556,0.024099244621516126,,0.7296704665126732,,7,PRUNED
1375,42.13140014360659,2.3486002787793567,2026-10-06 01:02:09.787120,2026-10-06 01:05:18.636828,0 days 00:03:08.849708,0.814512762324531,0.8541317836504744,0.20358075665942357,10.877854836518644,0.33279388005294136,25.088361291801984,1.3355598077240103,1.5058451922178924,0.7685554742107898,0.03280586071940829,0.0006185581455600675,1.2139299004838662,188.84960294421762,7,COMPLETE
1376,24.10241210289313,2.6980966660257915,2026-10-06 01:02:10.439000,2026-10-06 01:05:20.475830,0 days 00:03:10.036830,0.51115025563667,0.5352198637350962,0.5662816343755678,44.35922283052058,0.2395452449940939,25.088361291801984,1.1446866529412485,23.475624031055144,0.08173395261699556,0.09765004764801033,0.00014447613183128302,1.1540267369865085,190.03672908432782,7,COMPLETE
1377,39.720831996584096,5.037451197497026,2026-10-06 01:02:10.460139,2026-10-06 01:05:23.810417,0 days 00:03:13.350278,0.447684485641811,0.4835105352725577,0.807738690329122,18.386910920395536,0.05714116461716917,85.69762729633804,1.191277759964359,5.8774721288796,0.8996277050200923,0.09765004764801033,3.680314106392975e-06,1.1540267369865085,193.3501721052453,7,COMPLETE
1378,36.41994210602289,2.8616501169066706,2026-10-06 01:02:10.567997,2026-10-06 01:05:22.118678,0 days 00:03:11.550681,0.447684485641811,0.3233389271032242,0.6443949852851695,18.489161893608337,0.6454873286650737,98.6416708615901,0.7964747556623476,1.2001363989388558,0.2975664073833317,0.037495759622009746,0.00014447613183128302,0.739432853580476,191.55058899335563,7,COMPLETE
1379,36.94869156555207,2.0993391041705936,2026-10-06 01:02:11.522982,2026-10-06 01:05:22.192412,0 days 00:03:10.669430,0.447684485641811,0.3233389271032242,0.4120579376102117,10.877854836518644,0.2395452449940939,98.6416708615901,0.21292518523710352,23.475624031055144,0.08173395261699556,0.09765004764801033,0.0006185581455600675,0.7296704665126732,190.6693435832858,7,COMPLETE
1380,18.872100774166807,1.91071318707063,2026-10-06 01:02:11.844155,2026-10-06 01:05:23.898559,0 days 00:03:12.054404,0.51115025563667,0.8661787220393558,0.5662816343755678,21.183844928151355,1.35460707310614,11.647781097448451,0.19809840133758488,23.475624031055144,0.04206136129933902,0.09765004764801033,0.013694552096082427,1.3635581381619835,192.05430732760578,7,COMPLETE
1381,,,2026-10-06 01:02:11.847974,2026-10-06 01:02:12.466013,0 days 00:00:00.618039,0.8861887783233188,0.4774636695198178,0.5799701872746303,8.556213008137046,0.22606000946623261,85.69762729633804,0.9356883984494996,11.86468393276075,0.26083598793965107,0.007361010447850752,,1.4891500624393408,,7,PRUNED
1382,35.420028814706846,2.9968946108116192,2026-10-06 01:02:13.023158,2026-10-06 01:05:21.568676,0 days 00:03:08.545518,0.51115025563667,0.3233389271032242,0.5799701872746303,17.553296709297783,1.1073025710730513,85.69762729633804,0.19809840133758488,7.9874857515804925,0.5860574191614696,0.09765004764801033,0.00018475514705603715,0.2678812614884665,188.54542643018067,7,COMPLETE
1383,22.1378739220418,3.1352286170834,2026-10-06 01:02:14.780002,2026-10-06 01:05:22.054118,0 days 00:03:07.274116,0.8010869639365119,0.19189790819770397,0.20358075665942357,27.01908417058165,0.2395452449940939,4.937742765084751,0.9642498819660295,23.475624031055144,0.2975664073833317,0.03038027549946027,0.0006185581455600675,1.3635581381619835,187.27402165532112,7,COMPLETE
1384,21.37447174285103,1.1523388832581165,2026-10-06 01:02:15.384159,2026-10-06 01:05:22.961187,0 days 00:03:07.577028,0.8010869639365119,0.24837341587000777,0.04713545397783398,11.991629079089469,1.0774031071944332,98.6416708615901,0.21292518523710352,12.839086697455192,0.2975664073833317,0.09765004764801033,0.0006185581455600675,0.2678812614884665,187.5769412489608,7,COMPLETE
1385,13.889226262046185,1.4288238789873966,2026-10-06 01:02:42.333014,2026-10-06 01:05:59.743151,0 days 00:03:17.410137,0.4919537458910443,0.3233389271032242,0.6565584354267013,8.695206399809345,0.6454873286650737,3.9357948336652977,0.7964747556623476,1.2001363989388558,0.2975664073833317,0.09765004764801033,0.00014447613183128302,0.2678812614884665,197.4100375007838,7,COMPLETE
1386,41.01191085335945,2.1942525975525635,2026-10-06 01:02:42.584343,2026-10-06 01:05:52.675657,0 days 00:03:10.091314,0.51115025563667,0.4835105352725577,0.4120579376102117,16.606931230784816,0.6688626104060442,85.69762729633804,0.21292518523710352,7.9874857515804925,0.6353936504592018,0.09765004764801033,3.680314106392975e-06,0.7296704665126732,190.09120842721313,7,COMPLETE
1387,22.007989439785113,16.763043685991022,2026-10-06 01:02:43.338142,2026-10-06 01:05:58.413205,0 days 00:03:15.075063,0.4919537458910443,0.3233389271032242,0.09005234812447538,5.245413993140336,0.3201011955575039,3.9357948336652977,0.7297455375332902,2.072575382240667,0.7685554742107898,0.004518380348772708,0.0007567159133484538,1.3458907086260936,195.07496140990406,7,COMPLETE
1388,25.636775979157523,5.0936038059451905,2026-10-06 01:02:43.345996,2026-10-06 01:05:56.193612,0 days 00:03:12.847616,0.4428292606447327,0.2965654106455736,0.2080983772131898,18.489161893608337,0.29675499538560296,28.285734118696016,0.6165960852108494,21.12503690949245,0.05609924456069537,0.03280586071940829,0.00014447613183128302,0.9092751429584793,192.84751297347248,7,COMPLETE
1389,47.60611339182942,1.2782846543287143,2026-10-06 01:02:44.424008,2026-10-06 01:05:59.666713,0 days 00:03:15.242705,0.2994157425323484,1.0562250660985053,0.5799701872746303,11.991629079089469,0.6046626808156426,98.6416708615901,0.9846411924597731,1.2001363989388558,0.2975664073833317,0.09765004764801033,8.90872109641944e-06,1.4891500624393408,195.24260796327144,7,COMPLETE
1390,,,2026-10-06 01:02:44.488004,2026-10-06 01:03:22.091318,0 days 00:00:37.603314,0.447684485641811,0.3233389271032242,0.5799701872746303,18.489161893608337,1.0126342536422681,85.69762729633804,0.7964747556623476,23.475624031055144,0.23938615634365867,0.03280586071940829,0.00014447613183128302,1.1540267369865085,,7,PRUNED
1391,33.17346683913839,9.773891014852913,2026-10-06 01:02:45.447004,2026-10-06 01:05:59.138728,0 days 00:03:13.691724,0.447684485641811,0.3233389271032242,0.4120579376102117,18.489161893608337,0.2395452449940939,98.6416708615901,0.12486747625813921,14.182822102930093,0.08173395261699556,0.03280586071940829,0.00014447613183128302,1.1540267369865085,193.69162173382938,7,COMPLETE
1392,29.12074879830205,2.4507392710951166,2026-10-06 01:02:46.255639,2026-10-06 01:05:55.652498,0 days 00:03:09.396859,0.05883632117925841,0.3233389271032242,0.5662816343755678,4.296040366747958,0.05632337005458432,25.088361291801984,1.0331081802186994,5.299460499774038,0.5860574191614696,0.070813796856806,0.00014447613183128302,1.1540267369865085,189.39675088506192,7,COMPLETE
1393,29.878094319496853,4.030153745739486,2026-10-06 01:02:47.590003,2026-10-06 01:05:59.689351,0 days 00:03:12.099348,0.51115025563667,0.7186098618255685,0.5662816343755678,18.677678184085455,0.05714116461716917,25.088361291801984,1.1446866529412485,5.8774721288796,0.6979007106917119,0.07297012210736925,2.1038771230648366e-06,1.1540267369865085,192.09925475995988,7,COMPLETE
1394,21.99553206456497,12.753170934819533,2026-10-06 01:02:48.852161,2026-10-06 01:06:01.190966,0 days 00:03:12.338805,0.5544324755349066,0.3233389271032242,0.6565584354267013,18.489161893608337,0.2395452449940939,12.52367463682636,0.12486747625813921,86.57068482598544,0.2975664073833317,0.037495759622009746,0.00014447613183128302,1.3458907086260936,192.33871010877192,7,COMPLETE
1395,35.15172757484032,1.4051883065558777,2026-10-06 01:02:48.855971,2026-10-06 01:06:03.946604,0 days 00:03:15.090633,0.38120678029223415,0.4774636695198178,0.09005234812447538,5.245413993140336,1.0774031071944332,25.088361291801984,0.6190885998388953,3.3682939997173422,0.26083598793965107,0.03280586071940829,0.00014447613183128302,0.10482418025643858,195.09053656551987,7,COMPLETE
1396,32.940860683481375,3.130549286499713,2026-10-06 01:02:48.863978,2026-10-06 01:06:03.614465,0 days 00:03:14.750487,0.7535562568504046,0.4774636695198178,0.18268747908623606,5.245413993140336,1.0774031071944332,6.3983390904701665,0.6190885998388953,86.57068482598544,0.2251609475484761,0.037495759622009746,0.00014447613183128302,0.6004925208325128,194.7503978246823,7,COMPLETE
1397,,,2026-10-06 01:02:49.495983,2026-10-06 01:02:50.224032,0 days 00:00:00.728049,0.26989726424712684,1.0562250660985053,0.5799701872746303,21.183844928151355,0.6046626808156426,85.69762729633804,0.9356883984494996,23.475624031055144,0.007925456797868324,0.03038027549946027,,1.4891500624393408,,7,PRUNED
1398,42.47017218102862,2.1348583396723573,2026-10-06 01:02:49.878175,2026-10-06 01:06:03.459409,0 days 00:03:13.581234,0.814512762324531,0.4835105352725577,0.4120579376102117,16.606931230784816,0.6688626104060442,85.69762729633804,0.21292518523710352,7.9874857515804925,0.6168387269531914,0.09765004764801033,3.680314106392975e-06,0.9040411163974774,193.58113981131464,7,COMPLETE
1399,,,2026-10-06 01:02:50.140002,2026-10-06 01:03:30.954988,0 days 00:00:40.814986,0.447684485641811,0.2965654106455736,0.4120579376102117,16.060308641823198,0.2395452449940939,5.1014380090710585,1.311774978883342,86.57068482598544,0.04990956062644919,0.03280586071940829,0.00014447613183128302,1.1540267369865085,,7,PRUNED
1400,26.873741715495374,7.996580779712978,2026-10-06 01:02:50.307990,2026-10-06 01:06:01.383269,0 days 00:03:11.075279,0.38120678029223415,0.5088079218375162,0.4120579376102117,18.489161893608337,0.2395452449940939,25.088361291801984,0.21292518523710352,4.314853216716561,0.7685554742107898,0.03280586071940829,4.343429493003475e-06,1.23919528100858,191.07518848590553,7,COMPLETE
1401,43.3188653801763,3.6321705703329448,2026-10-06 01:02:51.629593,2026-10-06 01:06:00.259583,0 days 00:03:08.629990,0.534900229985442,0.19189790819770397,0.20358075665942357,8.556213008137046,0.3201011955575039,94.61146042672904,0.21292518523710352,11.86468393276075,0.2975664073833317,0.03038027549946027,0.0006185581455600675,0.2678812614884665,188.6299004610628,7,COMPLETE
