number,values_0,values_1,datetime_start,datetime_complete,duration,params_between_rest_spread,params_c_spread,params_c_val,params_input_force,params_k_between_spread,params_k_between_val,params_k_wall_spread,params_k_wall_val,params_m_spread,params_m_val,params_ridge_alpha,params_wall_rest_spread,user_attrs_duration_sec,system_attrs_NSGAIISampler:generation,state
2049,41.58587259521581,6.241046642570354,2026-10-06 01:29:04.632983,2026-10-06 01:32:16.087383,0 days 00:03:11.454400,1.2349294162160471,0.8717951055729352,0.4120579376102117,11.991629079089469,0.6454873286650737,85.69762729633804,0.21292518523710352,14.182822102930093,0.08173395261699556,0.03280586071940829,0.00014447613183128302,1.2974912099205862,191.45429341495037,12,COMPLETE
2050,37.43304385543402,3.0988923718772012,2026-10-06 01:29:05.045131,2026-10-06 01:32:20.112322,0 days 00:03:15.067191,0.447684485641811,0.8717951055729352,0.5689705310235358,21.183844928151355,0.2395452449940939,85.69762729633804,1.080654620868664,1.2602449610748783,0.18589067298139156,0.03280586071940829,0.00014447613183128302,1.2974912099205862,195.06708955671638,12,COMPLETE
2051,41.941048753519276,3.053883892510006,2026-10-06 01:29:05.163991,2026-10-06 01:32:13.264895,0 days 00:03:08.100904,1.3740854618706235,0.2965654106455736,0.4120579376102117,8.556213008137046,0.2395452449940939,85.69762729633804,0.21292518523710352,2.0954019693673196,0.3372985396418654,0.03280586071940829,0.00014447613183128302,0.2678812614884665,188.10078744310886,12,COMPLETE
2052,39.654766840249124,5.351004262308028,2026-10-06 01:29:05.532003,2026-10-06 01:32:20.178776,0 days 00:03:14.646773,1.2349294162160471,0.8717951055729352,0.807738690329122,18.489161893608337,0.4319038627926991,85.69762729633804,1.191277759964359,14.182822102930093,0.08173395261699556,0.07297012210736925,2.1038771230648366e-06,1.1540267369865085,194.6466726064682,12,COMPLETE
2053,29.599382850760925,7.559836297100189,2026-10-06 01:29:06.205986,2026-10-06 01:32:18.739815,0 days 00:03:12.533829,0.51115025563667,0.7186098618255685,0.807738690329122,18.386910920395536,0.05714116461716917,85.69762729633804,1.080654620868664,5.299460499774038,0.08173395261699556,0.039589557824778104,0.00014447613183128302,1.2974912099205862,192.53373092971742,12,COMPLETE
2054,50.483155044945455,1.522140812085321,2026-10-06 01:29:07.701995,2026-10-06 01:32:18.623138,0 days 00:03:10.921143,0.39617975638621106,0.3731992973752525,0.1347521461063753,8.695206399809345,0.05714116461716917,85.69762729633804,1.191277759964359,5.8774721288796,0.18589067298139156,0.03038027549946027,0.00023455457478105328,1.1540267369865085,190.9210449680686,12,COMPLETE
2055,,,2026-10-06 01:29:08.372172,2026-10-06 01:29:10.019032,0 days 00:00:01.646860,0.447684485641811,1.4483638508893137,0.4120579376102117,8.556213008137046,0.2395452449940939,85.69762729633804,0.21292518523710352,11.86468393276075,0.08173395261699556,0.03280586071940829,,1.1540267369865085,,12,PRUNED
2056,33.181749466883566,9.992651763992106,2026-10-06 01:29:08.375963,2026-10-06 01:32:18.856797,0 days 00:03:10.480834,0.51115025563667,0.7186098618255685,0.5662816343755678,21.183844928151355,0.05714116461716917,85.69762729633804,1.3744496047583206,5.299460499774038,0.222423003592295,0.02749864300312601,0.00014447613183128302,1.2974912099205862,190.48073910735548,12,COMPLETE
2057,,,2026-10-06 01:29:08.379970,2026-10-06 01:29:09.298065,0 days 00:00:00.918095,0.4919537458910443,1.1598892146543314,0.5926143650576037,18.386910920395536,0.2395452449940939,85.69762729633804,0.12486747625813921,19.15408445903519,0.08173395261699556,0.03038027549946027,,1.1540267369865085,,12,PRUNED
2058,,,2026-10-06 01:29:08.383960,2026-10-06 01:29:08.944045,0 days 00:00:00.560085,0.51115025563667,0.8717951055729352,0.5667882730348237,21.183844928151355,0.2395452449940939,85.69762729633804,1.080654620868664,14.182822102930093,1.2999204965316862,0.03280586071940829,,1.2974912099205862,,12,PRUNED
2059,,,2026-10-06 01:29:08.510971,2026-10-06 01:29:09.759699,0 days 00:00:01.248728,0.51115025563667,1.3293234445568105,0.20358075665942357,8.556213008137046,0.2395452449940939,98.6416708615901,1.2535994900987903,11.86468393276075,0.3372985396418654,0.03038027549946027,,0.2678812614884665,,12,PRUNED
2060,45.96062682463776,2.6055454331276913,2026-10-06 01:29:09.183150,2026-10-06 01:32:20.149771,0 days 00:03:10.966621,0.447684485641811,0.3233389271032242,0.20358075665942357,10.877854836518644,0.2395452449940939,98.6416708615901,0.12486747625813921,5.8774721288796,0.08173395261699556,0.03280586071940829,2.1038771230648366e-06,1.1540267369865085,190.96652775257826,12,COMPLETE
2061,38.70093085614815,8.80865203780819,2026-10-06 01:29:09.333984,2026-10-06 01:32:21.971594,0 days 00:03:12.637610,0.51115025563667,0.8717951055729352,0.4120579376102117,13.757640625895716,0.4319038627926991,85.69762729633804,0.21292518523710352,23.475624031055144,0.4212595585654096,0.03280586071940829,0.00014447613183128302,1.1540267369865085,192.63750316761434,12,COMPLETE
2062,47.50433417393822,1.756699769092021,2026-10-06 01:29:09.772172,2026-10-06 01:32:17.602981,0 days 00:03:07.830809,0.447684485641811,0.3731992973752525,0.1347521461063753,21.183844928151355,0.5855379267962546,94.61146042672904,1.191277759964359,5.8774721288796,0.04206136129933902,0.03038027549946027,4.343429493003475e-06,1.1540267369865085,187.83070923108608,12,COMPLETE
2063,13.37561017194822,3.692180329469636,2026-10-06 01:29:09.775969,2026-10-06 01:32:19.772767,0 days 00:03:09.996798,0.8010869639365119,0.3233389271032242,0.6443949852851695,11.991629079089469,0.2395452449940939,1.950993129258651,1.191277759964359,5.8774721288796,0.18589067298139156,0.03280586071940829,0.00014447613183128302,1.1540267369865085,189.99668769165874,12,COMPLETE
2064,42.20479460486135,7.235600008323904,2026-10-06 01:29:09.872969,2026-10-06 01:32:19.893181,0 days 00:03:10.020212,0.447684485641811,0.7186098618255685,0.4120579376102117,8.556213008137046,0.2395452449940939,85.69762729633804,1.484226923085714,11.86468393276075,0.2975664073833317,0.03280586071940829,2.1038771230648366e-06,1.1540267369865085,190.0201101191342,12,COMPLETE
2065,33.7713324130079,14.703447414629373,2026-10-06 01:29:10.721153,2026-10-06 01:32:20.129480,0 days 00:03:09.408327,0.2994157425323484,0.7186098618255685,0.807738690329122,5.245413993140336,0.6087670929915812,85.69762729633804,0.6419517764288287,24.08236696555858,0.08173395261699556,0.03038027549946027,2.1038771230648366e-06,1.1540267369865085,189.40823758020997,12,COMPLETE
2066,41.78999945641164,4.862325706638031,2026-10-06 01:29:10.724959,2026-10-06 01:32:24.128964,0 days 00:03:13.404005,0.2994157425323484,0.2965654106455736,0.20358075665942357,5.245413993140336,0.05714116461716917,85.69762729633804,0.21292518523710352,20.4004304097776,0.18589067298139156,0.024099244621516126,0.00023455457478105328,1.1540267369865085,193.4038964221254,12,COMPLETE
2067,14.165627225880774,1.2413135308499363,2026-10-06 01:29:10.821138,2026-10-06 01:32:20.393808,0 days 00:03:09.572670,0.8010869639365119,0.3233389271032242,0.023824688740084355,7.391947745608094,0.2395452449940939,85.69762729633804,0.12486747625813921,86.57068482598544,0.2975664073833317,0.03280586071940829,0.06208472766721681,0.2678812614884665,189.5725646307692,12,COMPLETE
2068,33.94445278851812,9.928131928799514,2026-10-06 01:29:11.734002,2026-10-06 01:32:21.424740,0 days 00:03:09.690738,0.3538148965582516,0.2965654106455736,0.4120579376102117,18.489161893608337,0.4319038627926991,98.6416708615901,0.12486747625813921,14.182822102930093,0.08173395261699556,0.03280586071940829,0.00014447613183128302,1.1540267369865085,189.69063511956483,12,COMPLETE
2069,34.23008099701518,8.81188483010624,2026-10-06 01:29:12.351999,2026-10-06 01:32:22.613976,0 days 00:03:10.261977,0.8010869639365119,0.2965654106455736,0.4120579376102117,8.556213008137046,0.2395452449940939,85.69762729633804,0.2546545249614488,11.86468393276075,0.1013834278887199,0.03280586071940829,0.00014447613183128302,0.2678812614884665,190.2618826907128,12,COMPLETE
2070,33.18774966808652,14.39737606403785,2026-10-06 01:29:14.045002,2026-10-06 01:32:27.170848,0 days 00:03:13.125846,0.447684485641811,0.3233389271032242,0.4120579376102117,18.489161893608337,0.33279388005294136,98.6416708615901,0.12486747625813921,14.182822102930093,0.2975664073833317,0.024099244621516126,0.00014447613183128302,1.1540267369865085,193.1257389364764,12,COMPLETE
2071,,,2026-10-06 01:29:41.522006,2026-10-06 01:30:19.908236,0 days 00:00:38.386230,0.51115025563667,0.19189790819770397,0.20358075665942357,18.489161893608337,0.6454873286650737,85.69762729633804,1.4690823188003486,14.182822102930093,0.2975664073833317,0.024099244621516126,0.0006185581455600675,0.7296704665126732,,12,PRUNED
2072,35.03381888731599,6.23232542444325,2026-10-06 01:29:43.899150,2026-10-06 01:32:58.390765,0 days 00:03:14.491615,0.8010869639365119,0.19189790819770397,0.20358075665942357,11.991629079089469,0.2395452449940939,85.69762729633804,0.12486747625813921,86.57068482598544,0.2975664073833317,0.03038027549946027,0.00014447613183128302,0.2678812614884665,194.49150813464075,12,COMPLETE
2073,31.38800855241857,15.318485083655188,2026-10-06 01:29:44.206147,2026-10-06 01:32:59.499661,0 days 00:03:15.293514,1.4644809848335274,0.3233389271032242,0.5007349343976268,8.556213008137046,0.2395452449940939,85.69762729633804,0.12486747625813921,86.57068482598544,0.2975664073833317,0.03280586071940829,0.00014447613183128302,0.2678812614884665,195.2934146039188,12,COMPLETE
2074,34.96996238013075,12.041616950824261,2026-10-06 01:29:45.325760,2026-10-06 01:32:58.852940,0 days 00:03:13.527180,0.447684485641811,0.3731992973752525,0.4120579376102117,18.489161893608337,0.33279388005294136,98.6416708615901,1.191277759964359,5.8774721288796,0.2975664073833317,0.024099244621516126,0.00014447613183128302,0.7296704665126732,193.52708912547678,12,COMPLETE
2075,28.94412456314642,12.346280845769487,2026-10-06 01:29:45.943103,2026-10-06 01:32:58.836791,0 days 00:03:12.893688,0.51115025563667,0.2965654106455736,0.807738690329122,21.183844928151355,0.2395452449940939,98.6416708615901,1.080654620868664,4.717533903672269,0.08173395261699556,0.03280586071940829,1.7569095815580446e-05,1.1540267369865085,192.89358166139573,12,COMPLETE
2076,,,2026-10-06 01:29:47.977991,2026-10-06 01:30:25.643539,0 days 00:00:37.665548,0.8010869639365119,1.1433586581623656,0.12615106220885586,8.556213008137046,0.6454873286650737,85.69762729633804,0.21292518523710352,1.4056083189495427,0.3372985396418654,0.03038027549946027,0.0006185581455600675,0.2678812614884665,,12,PRUNED
2077,29.510380708029743,21.09033091204742,2026-10-06 01:29:47.989970,2026-10-06 01:32:58.491720,0 days 00:03:10.501750,0.51115025563667,0.2965654106455736,0.5926143650576037,18.386910920395536,0.33279388005294136,94.61146042672904,1.080654620868664,19.15408445903519,0.04206136129933902,0.024099244621516126,1.7569095815580446e-05,1.2974912099205862,190.50164491962641,12,COMPLETE
2078,,,2026-10-06 01:29:48.023974,2026-10-06 01:29:48.994039,0 days 00:00:00.970065,0.8010869639365119,0.3233389271032242,0.1347521461063753,8.695206399809345,0.05714116461716917,85.69762729633804,1.191277759964359,86.57068482598544,0.18589067298139156,0.03038027549946027,,0.22420936382869971,,12,PRUNED
2079,26.331053598132474,16.071920395065398,2026-10-06 01:29:48.536018,2026-10-06 01:32:59.330395,0 days 00:03:10.794377,0.4919537458910443,0.29617537592597154,0.4120579376102117,18.489161893608337,0.2395452449940939,85.69762729633804,0.12486747625813921,86.57068482598544,0.2975664073833317,0.03280586071940829,0.00014447613183128302,0.22420936382869971,190.7942815106362,12,COMPLETE
2080,48.454286010066234,2.5423155223515903,2026-10-06 01:29:49.283986,2026-10-06 01:33:03.919182,0 days 00:03:14.635196,0.8010869639365119,0.19189790819770397,0.20358075665942357,8.556213008137046,0.6087670929915812,85.69762729633804,0.6419517764288287,5.8774721288796,0.2975664073833317,0.03038027549946027,0.0006185581455600675,1.1540267369865085,194.63508508820087,12,COMPLETE
2081,37.91025965862735,8.317567800075512,2026-10-06 01:29:49.408997,2026-10-06 01:32:59.677647,0 days 00:03:10.268650,0.447684485641811,0.7186098618255685,0.4120579376102117,18.489161893608337,0.2395452449940939,85.69762729633804,0.21292518523710352,5.8774721288796,0.2975664073833317,0.03038027549946027,2.1038771230648366e-06,1.1540267369865085,190.26854496169835,12,COMPLETE
2082,,,2026-10-06 01:29:50.308997,2026-10-06 01:29:51.630060,0 days 00:00:01.321063,1.4644809848335274,0.8717951055729352,0.1347521461063753,8.695206399809345,0.6454873286650737,85.69762729633804,1.3460422977121211,5.8774721288796,1.0893355941315557,0.03280586071940829,,1.2974912099205862,,12,PRUNED
2083,36.11247166093818,2.294143553940432,2026-10-06 01:29:52.045009,2026-10-06 01:32:57.637873,0 days 00:03:05.592864,0.8010869639365119,0.19189790819770397,0.20358075665942357,8.556213008137046,0.05714116461716917,27.185538708687087,1.191277759964359,1.4056083189495427,0.18589067298139156,0.03038027549946027,0.00023455457478105328,1.1540267369865085,185.59276037383825,12,COMPLETE
2084,44.00639899160112,6.230771579134046,2026-10-06 01:30:15.696009,2026-10-06 01:33:32.108197,0 days 00:03:16.412188,1.4644809848335274,0.19189790819770397,0.4120579376102117,8.556213008137046,0.2395452449940939,85.69762729633804,1.484226923085714,5.8774721288796,0.08173395261699556,0.03038027549946027,2.1038771230648366e-06,1.2974912099205862,196.41207688767463,12,COMPLETE
2085,,,2026-10-06 01:30:16.820005,2026-10-06 01:30:56.101057,0 days 00:00:39.281052,0.6416655413198389,0.2965654106455736,0.17330203936059302,10.877854836518644,0.2395452449940939,98.6416708615901,0.6171519991290626,86.57068482598544,0.4212595585654096,0.03038027549946027,0.00014447613183128302,1.1540267369865085,,12,PRUNED
2086,39.103031258778074,7.8349767145553235,2026-10-06 01:30:19.904000,2026-10-06 01:33:32.567859,0 days 00:03:12.663859,0.8010869639365119,0.3233389271032242,0.3754511308514532,11.991629079089469,0.33279388005294136,98.6416708615901,0.9261640888917848,14.182822102930093,0.08173395261699556,0.03280586071940829,0.00014447613183128302,0.7296704665126732,192.663743683137,12,COMPLETE
2087,,,2026-10-06 01:30:19.911985,2026-10-06 01:31:00.514048,0 days 00:00:40.602063,1.2493410664918718,0.7186098618255685,0.6443949852851695,18.489161893608337,0.33279388005294136,98.6416708615901,0.12486747625813921,5.299460499774038,0.5860574191614696,0.03280586071940829,4.343429493003475e-06,0.5629634327682491,,12,PRUNED
2088,37.295031715973415,1.9489350509297152,2026-10-06 01:30:20.563986,2026-10-06 01:33:33.118693,0 days 00:03:12.554707,0.51115025563667,0.2284118304472575,0.17330203936059302,36.49539320312539,0.2395452449940939,85.69762729633804,1.080654620868664,14.182822102930093,0.18589067298139156,0.04638648904557496,4.343429493003475e-06,1.2974912099205862,192.5546139329672,12,COMPLETE
2089,44.26781800901417,3.3714501519216133,2026-10-06 01:30:21.366014,2026-10-06 01:33:29.867356,0 days 00:03:08.501342,0.51115025563667,0.19189790819770397,0.20358075665942357,18.489161893608337,0.33279388005294136,98.6416708615901,1.484226923085714,14.182822102930093,0.08173395261699556,0.03038027549946027,4.343429493003475e-06,1.1540267369865085,188.50122468173504,12,COMPLETE
2090,38.317874596957466,8.72191007795724,2026-10-06 01:30:23.758003,2026-10-06 01:33:36.060262,0 days 00:03:12.302259,1.41774299885024,0.2965654106455736,0.4120579376102117,8.556213008137046,0.2395452449940939,85.69762729633804,0.21292518523710352,11.86468393276075,0.5182614449347602,0.03280586071940829,0.00014447613183128302,0.2678812614884665,192.30215673614293,12,COMPLETE
2091,45.50399297116276,2.848477603345647,2026-10-06 01:30:24.507980,2026-10-06 01:33:35.472962,0 days 00:03:10.964982,0.6416655413198389,0.3233389271032242,0.17330203936059302,8.556213008137046,0.2395452449940939,98.6416708615901,0.18631205311790439,86.57068482598544,0.3676044917349766,0.03280586071940829,0.00014447613183128302,1.1540267369865085,190.96488974057138,12,COMPLETE
2092,,,2026-10-06 01:30:26.616004,2026-10-06 01:30:28.108021,0 days 00:00:01.492017,0.447684485641811,0.3731992973752525,0.4120579376102117,18.489161893608337,0.2395452449940939,85.69762729633804,1.191277759964359,19.15408445903519,0.4212595585654096,0.0015651281693739977,,1.1540267369865085,,12,PRUNED
2093,,,2026-10-06 01:30:26.627976,2026-10-06 01:30:27.292030,0 days 00:00:00.664054,0.4919537458910443,0.29617537592597154,0.4120579376102117,11.991629079089469,1.185916281737124,77.16539870430441,0.21292518523710352,86.57068482598544,0.4212595585654096,0.005868619928438615,,1.1540267369865085,,12,PRUNED
2094,19.05584972194941,10.915229515405203,2026-10-06 01:30:27.888174,2026-10-06 01:33:37.281476,0 days 00:03:09.393302,0.8010869639365119,0.19189790819770397,0.807738690329122,8.556213008137046,0.3211814628677837,85.69762729633804,0.21292518523710352,14.182822102930093,0.04206136129933902,0.01449571165210411,0.0006185581455600675,0.44581323238863185,189.39320341404527,12,COMPLETE
2095,28.40359494287419,16.27796964206053,2026-10-06 01:30:27.891972,2026-10-06 01:33:35.438925,0 days 00:03:07.546953,0.8010869639365119,0.2965654106455736,0.6443949852851695,11.991629079089469,0.2395452449940939,85.69762729633804,0.12486747625813921,86.57068482598544,0.2975664073833317,0.03280586071940829,0.00014447613183128302,1.1540267369865085,187.54685668088496,12,COMPLETE
2096,50.2417606068008,1.685702501902074,2026-10-06 01:30:27.926983,2026-10-06 01:33:41.675265,0 days 00:03:13.748282,0.447684485641811,0.3731992973752525,0.1347521461063753,8.695206399809345,0.05714116461716917,85.69762729633804,1.0751992847803171,5.8774721288796,0.18589067298139156,0.03038027549946027,0.00023455457478105328,1.1540267369865085,193.74817049410194,12,COMPLETE
2097,,,2026-10-06 01:30:28.323994,2026-10-06 01:31:05.016023,0 days 00:00:36.692029,0.447684485641811,0.7186098618255685,0.6443949852851695,18.489161893608337,0.769685769871671,98.6416708615901,0.12486747625813921,86.57068482598544,0.08173395261699556,0.03280586071940829,0.00014447613183128302,1.1540267369865085,,12,PRUNED
2098,45.03848791847722,3.78524432452517,2026-10-06 01:30:46.633000,2026-10-06 01:33:43.049924,0 days 00:02:56.416924,0.8010869639365119,0.19189790819770397,0.20358075665942357,8.556213008137046,0.2395452449940939,85.69762729633804,0.21292518523710352,11.86468393276075,0.3372985396418654,0.03038027549946027,0.0006185581455600675,0.7184412074921378,176.4168153386563,12,COMPLETE
2099,,,2026-10-06 01:30:56.199995,2026-10-06 01:31:36.698039,0 days 00:00:40.498044,0.6416655413198389,0.2003045690150459,0.17330203936059302,13.359444199122356,0.33279388005294136,85.69762729633804,0.21292518523710352,5.299460499774038,0.5860574191614696,0.03038027549946027,0.00014447613183128302,1.3635581381619835,,12,PRUNED
2100,,,2026-10-06 01:31:00.785999,2026-10-06 01:31:40.075038,0 days 00:00:39.289039,0.51115025563667,0.5563765737058914,0.807738690329122,18.489161893608337,0.33279388005294136,85.69762729633804,1.191277759964359,14.182822102930093,0.6979007106917119,0.024099244621516126,4.343429493003475e-06,1.1540267369865085,,12,PRUNED
2101,46.73124100324659,1.945705734577639,2026-10-06 01:31:00.888991,2026-10-06 01:34:14.020470,0 days 00:03:13.131479,0.8010869639365119,0.2965654106455736,0.1347521461063753,8.556213008137046,0.05714116461716917,85.69762729633804,0.21292518523710352,11.86468393276075,0.5182614449347602,0.03038027549946027,0.00014447613183128302,0.2678812614884665,193.1313764322549,12,COMPLETE
2102,34.46603308135951,4.083836237186254,2026-10-06 01:31:02.254991,2026-10-06 01:34:09.389441,0 days 00:03:07.134450,0.51115025563667,0.2965654106455736,0.5667882730348237,21.183844928151355,0.2395452449940939,98.6416708615901,1.080654620868664,1.2001363989388558,0.04206136129933902,0.03038027549946027,0.00014447613183128302,1.2974912099205862,187.13431968726218,12,COMPLETE
2103,29.970391957099757,1.6118678437840046,2026-10-06 01:31:03.420006,2026-10-06 01:34:14.343706,0 days 00:03:10.923700,1.4644809848335274,0.8717951055729352,0.4120579376102117,8.556213008137046,0.2395452449940939,85.69762729633804,0.7766561024327447,5.8774721288796,0.08173395261699556,0.03038027549946027,0.7517720094932357,1.2974912099205862,190.9236007751897,12,COMPLETE
2104,47.95789625445339,1.6223229893539475,2026-10-06 01:31:04.529938,2026-10-06 01:34:17.092822,0 days 00:03:12.562884,1.2712071197807482,0.19189790819770397,0.12615106220885586,8.556213008137046,0.2395452449940939,85.69762729633804,0.21292518523710352,5.8774721288796,0.2975664073833317,0.03038027549946027,0.0006185581455600675,0.2678812614884665,192.5627878922969,12,COMPLETE
2105,28.287012603763323,5.345320952458899,2026-10-06 01:31:04.859593,2026-10-06 01:34:17.493308,0 days 00:03:12.633715,0.51115025563667,0.19189790819770397,0.807738690329122,8.556213008137046,0.33279388005294136,98.6416708615901,0.21292518523710352,3.4986940086270097,0.08173395261699556,0.03280586071940829,0.00014447613183128302,1.1540267369865085,192.63360852003098,12,COMPLETE
2106,,,2026-10-06 01:31:05.252568,2026-10-06 01:31:43.949985,0 days 00:00:38.697417,0.447684485641811,0.3731992973752525,0.1347521461063753,8.695206399809345,0.8749225031030461,85.69762729633804,1.191277759964359,5.8774721288796,0.18589067298139156,0.03038027549946027,0.00023455457478105328,1.1540267369865085,,12,PRUNED
2107,17.767664778768978,12.20201332897313,2026-10-06 01:31:05.255972,2026-10-06 01:34:16.873816,0 days 00:03:11.617844,0.51115025563667,0.2965654106455736,0.4120579376102117,21.183844928151355,0.33279388005294136,12.580487108964219,1.080654620868664,14.182822102930093,0.2975664073833317,0.024099244621516126,1.7569095815580446e-05,0.7296704665126732,191.6177323879674,12,COMPLETE
