number,values_0,values_1,datetime_start,datetime_complete,duration,params_between_rest_spread,params_c_spread,params_c_val,params_input_force,params_k_between_spread,params_k_between_val,params_k_wall_spread,params_k_wall_val,params_m_spread,params_m_val,params_ridge_alpha,params_wall_rest_spread,user_attrs_duration_sec,system_attrs_NSGAIISampler:generation,state
3468,,,2026-10-06 02:24:17.352870,2026-10-06 02:24:56.900044,0 days 00:00:39.547174,0.7123418565646167,0.21606902729252941,0.5926143650576037,5.245413993140336,0.6087670929915812,85.69762729633804,0.6419517764288287,35.86671955459044,0.4212595585654096,0.03038027549946027,4.343429493003475e-06,0.7699502779177346,,22,PRUNED
3469,43.25777258162695,2.0286998605360007,2026-10-06 02:24:17.432975,2026-10-06 02:27:28.359335,0 days 00:03:10.926360,0.51115025563667,0.7186098618255685,0.4120579376102117,5.245413993140336,0.6454873286650737,94.61146042672904,1.2898828018697517,2.064375155489988,0.08173395261699556,0.03280586071940829,0.0003750271870227611,0.2678812614884665,190.92626055981964,22,COMPLETE
3470,,,2026-10-06 02:24:17.531215,2026-10-06 02:24:18.261029,0 days 00:00:00.729814,0.8010869639365119,1.05583697510411,0.2345370319995722,5.245413993140336,0.33279388005294136,98.6416708615901,1.484226923085714,5.8774721288796,1.248423637773319,0.03038027549946027,,1.1540267369865085,,22,PRUNED
3471,44.44904378538591,1.5251500996187057,2026-10-06 02:24:17.802997,2026-10-06 02:27:29.814437,0 days 00:03:12.011440,0.51115025563667,0.2965654106455736,0.20358075665942357,12.638263364316181,0.6087670929915812,94.61146042672904,0.7297455375332902,14.182822102930093,0.08173395261699556,0.06197618193023497,2.1038771230648366e-06,1.1540267369865085,192.0113303018734,22,COMPLETE
3472,35.13209069746709,13.113627167070687,2026-10-06 02:24:18.560140,2026-10-06 02:27:28.992022,0 days 00:03:10.431882,1.4657196987773347,0.5662544859658787,0.5667882730348237,20.000726109884642,0.33279388005294136,85.69762729633804,1.080654620868664,45.6508402201298,0.007925456797868324,0.03280586071940829,4.343429493003475e-06,1.3890637168667692,190.43176359683275,22,COMPLETE
3473,43.53690614646975,6.587232136803221,2026-10-06 02:24:18.563958,2026-10-06 02:27:30.764935,0 days 00:03:12.200977,0.51115025563667,0.19189790819770397,0.3503673191636761,5.245413993140336,0.3895248788420937,94.61146042672904,1.2898828018697517,18.041358017160412,0.08173395261699556,0.03280586071940829,4.343429493003475e-06,1.2974912099205862,192.20087731815875,22,COMPLETE
3474,39.51474260492178,6.20561921604661,2026-10-06 02:24:19.017997,2026-10-06 02:27:33.130374,0 days 00:03:14.112377,0.7407180681038071,0.21606902729252941,0.2303811292813314,11.991629079089469,0.33279388005294136,85.69762729633804,0.410962796528564,35.86671955459044,0.4212595585654096,0.03038027549946027,4.343429493003475e-06,0.7699502779177346,194.1122707752511,22,COMPLETE
3475,31.344509536732254,1.4201245130596813,2026-10-06 02:24:19.419978,2026-10-06 02:27:34.018827,0 days 00:03:14.598849,0.2994157425323484,0.7186098618255685,0.20358075665942357,5.245413993140336,0.33279388005294136,94.61146042672904,1.484226923085714,14.182822102930093,0.08083896657622497,0.03038027549946027,3.401400013963416,0.23886283196880004,194.5987472133711,22,COMPLETE
3476,33.76158450864343,15.897733782235534,2026-10-06 02:24:19.645081,2026-10-06 02:27:31.480579,0 days 00:03:11.835498,0.51115025563667,0.2965654106455736,0.5667882730348237,21.183844928151355,0.33279388005294136,98.6416708615901,1.484226923085714,19.15408445903519,0.28988344429582863,0.03038027549946027,4.343429493003475e-06,1.2974912099205862,191.8353943489492,22,COMPLETE
3477,,,2026-10-06 02:24:20.365164,2026-10-06 02:24:20.667060,0 days 00:00:00.301896,0.51115025563667,0.19189790819770397,0.5667882730348237,10.877854836518644,0.6087670929915812,98.6416708615901,0.8398899121870413,5.8774721288796,0.08173395261699556,0.0031460249860479923,,1.2974912099205862,,22,PRUNED
3478,,,2026-10-06 02:24:20.485000,2026-10-06 02:24:21.360031,0 days 00:00:00.875031,0.51115025563667,0.19189790819770397,0.20358075665942357,5.245413993140336,0.506401025718823,98.6416708615901,1.484226923085714,14.182822102930093,1.4993234549196988,0.024099244621516126,,0.030348681452487813,,22,PRUNED
3479,50.743720413126134,2.511104212297033,2026-10-06 02:24:21.057004,2026-10-06 02:27:33.268585,0 days 00:03:12.211581,0.51115025563667,0.07861675458476158,0.20358075665942357,10.877854836518644,0.506401025718823,98.6416708615901,1.484226923085714,5.8774721288796,0.2975664073833317,0.03280586071940829,5.411539664035814e-06,1.1540267369865085,192.21147151477635,22,COMPLETE
3480,51.48037522984921,1.4687476629346077,2026-10-06 02:24:21.571137,2026-10-06 02:27:30.518209,0 days 00:03:08.947072,0.9158653711831447,0.07861675458476158,0.12615106220885586,5.245413993140336,0.2395452449940939,94.61146042672904,1.080654620868664,45.6508402201298,0.007925456797868324,0.03038027549946027,2.1038771230648366e-06,1.1540267369865085,188.9469628725201,22,COMPLETE
3481,,,2026-10-06 02:24:21.659990,2026-10-06 02:24:21.989020,0 days 00:00:00.329030,0.51115025563667,0.7186098618255685,0.20358075665942357,5.245413993140336,0.33279388005294136,98.6416708615901,1.080654620868664,14.182822102930093,0.7699197439691423,0.024099244621516126,,0.23886283196880004,,22,PRUNED
3482,51.8849307548375,2.2086130127541965,2026-10-06 02:24:21.663953,2026-10-06 02:27:31.903932,0 days 00:03:10.239979,0.51115025563667,0.2965654106455736,0.20358075665942357,10.877854836518644,0.506401025718823,94.61146042672904,1.484226923085714,5.8774721288796,0.2975664073833317,0.03280586071940829,4.343429493003475e-06,1.1540267369865085,190.2398678921163,22,COMPLETE
3483,30.619036191394617,20.31306849603433,2026-10-06 02:24:21.673959,2026-10-06 02:27:32.673458,0 days 00:03:10.999499,0.51115025563667,0.2284118304472575,0.5667882730348237,11.991629079089469,0.33279388005294136,98.6416708615901,0.7087151047775566,14.182822102930093,0.3054149949472662,0.024099244621516126,4.343429493003475e-06,0.5899246087140019,190.99938732292503,22,COMPLETE
3484,28.481446239542144,22.35121680218189,2026-10-06 02:24:23.288009,2026-10-06 02:27:31.285873,0 days 00:03:07.997864,0.51115025563667,0.2284118304472575,0.5926143650576037,21.183844928151355,0.2395452449940939,98.6416708615901,0.7297455375332902,35.86671955459044,0.4212595585654096,0.03038027549946027,4.343429493003475e-06,0.7699502779177346,187.99775162152946,22,COMPLETE
3485,46.3174471299689,2.3855249269590986,2026-10-06 02:24:23.299965,2026-10-06 02:27:30.238033,0 days 00:03:06.938068,0.51115025563667,0.2965654106455736,0.19400160111159936,18.242202710173547,0.6087670929915812,94.61146042672904,1.484226923085714,5.8774721288796,0.2975664073833317,0.03280586071940829,4.343429493003475e-06,1.2974912099205862,186.93795239459723,22,COMPLETE
3486,40.159880006747855,6.912721228445688,2026-10-06 02:24:48.489035,2026-10-06 02:27:57.722177,0 days 00:03:09.233142,0.8010869639365119,0.2284118304472575,0.2345370319995722,18.489161893608337,0.33279388005294136,98.6416708615901,0.2835721918441499,14.182822102930093,0.28988344429582863,0.024099244621516126,4.343429493003475e-06,1.1540267369865085,189.2330147223547,22,COMPLETE
3487,43.013463443333464,1.2765072308537853,2026-10-06 02:24:49.047997,2026-10-06 02:28:03.048891,0 days 00:03:14.000894,0.51115025563667,0.7186098618255685,0.2345370319995722,5.245413993140336,0.14692212651879782,85.69762729633804,1.080654620868664,5.8774721288796,0.029034746247867227,0.08196900878787354,2.1038771230648366e-06,1.2974912099205862,194.00076496601105,22,COMPLETE
3488,54.36376885088398,1.4006821270449432,2026-10-06 02:24:49.639006,2026-10-06 02:28:06.409832,0 days 00:03:16.770826,0.4654196458492876,0.7186098618255685,0.12615106220885586,5.245413993140336,0.2395452449940939,94.61146042672904,1.3303656343791816,5.8774721288796,0.026937100580568585,0.03038027549946027,2.1038771230648366e-06,1.1540267369865085,196.77071475517005,22,COMPLETE
3489,37.12246012463545,10.60843172524573,2026-10-06 02:24:52.781999,2026-10-06 02:28:03.192813,0 days 00:03:10.410814,0.51115025563667,0.07861675458476158,0.5667882730348237,10.877854836518644,0.33279388005294136,94.61146042672904,1.484226923085714,5.8774721288796,0.3676044917349766,0.03280586071940829,5.411539664035814e-06,1.1540267369865085,190.41062584612519,22,COMPLETE
3490,32.24299470233123,6.358979017412102,2026-10-06 02:24:53.656168,2026-10-06 02:28:03.609251,0 days 00:03:09.953083,1.4644809848335274,0.19189790819770397,0.3503673191636761,43.07653912988521,0.3895248788420937,94.61146042672904,0.7297455375332902,18.041358017160412,0.08173395261699556,0.03280586071940829,4.343429493003475e-06,1.2974912099205862,189.95297338068485,22,COMPLETE
3491,28.24546539208189,10.701435311671203,2026-10-06 02:24:56.538157,2026-10-06 02:28:06.046032,0 days 00:03:09.507875,0.51115025563667,0.2284118304472575,0.807738690329122,5.245413993140336,0.33279388005294136,98.6416708615901,0.7087151047775566,5.8774721288796,0.08173395261699556,0.024099244621516126,4.343429493003475e-06,0.23886283196880004,189.50776905473322,22,COMPLETE
3492,41.27597631405142,9.935100826784211,2026-10-06 02:24:56.966118,2026-10-06 02:28:07.411187,0 days 00:03:10.445069,0.7407180681038071,0.21606902729252941,0.4120579376102117,5.245413993140336,0.2395452449940939,98.6416708615901,0.7297455375332902,19.15408445903519,0.4212595585654096,0.03038027549946027,4.343429493003475e-06,0.7699502779177346,190.4449656466022,22,COMPLETE
3493,,,2026-10-06 02:24:57.550799,2026-10-06 02:24:57.767012,0 days 00:00:00.216213,0.7123418565646167,1.440428240202681,0.4120579376102117,5.245413993140336,0.6087670929915812,94.61146042672904,0.7297455375332902,5.8774721288796,0.08173395261699556,0.009777847403876301,,1.209109649444219,,22,PRUNED
3494,44.75297928801346,5.6731910823528695,2026-10-06 02:24:57.898088,2026-10-06 02:28:08.263508,0 days 00:03:10.365420,0.51115025563667,0.7186098618255685,0.4120579376102117,5.245413993140336,0.6087670929915812,94.61146042672904,1.484226923085714,5.8774721288796,0.007925456797868324,0.03038027549946027,4.343429493003475e-06,0.23886283196880004,190.36531302519143,22,COMPLETE
3495,43.46632705877535,6.660408597624783,2026-10-06 02:24:58.588992,2026-10-06 02:28:08.955856,0 days 00:03:10.366864,0.8010869639365119,0.7186098618255685,0.4120579376102117,5.245413993140336,0.14692212651879782,98.6416708615901,1.484226923085714,19.15408445903519,0.15450841561573675,0.03038027549946027,4.343429493003475e-06,1.1540267369865085,190.36673481483012,22,COMPLETE
3496,44.27266090959509,2.3844402733766215,2026-10-06 02:24:58.688978,2026-10-06 02:28:10.404539,0 days 00:03:11.715561,0.51115025563667,0.8717951055729352,0.5667882730348237,5.245413993140336,0.3049037081953532,94.61146042672904,1.080654620868664,1.4056083189495427,0.007925456797868324,0.03280586071940829,2.1038771230648366e-06,1.2974912099205862,191.715447566472,22,COMPLETE
3497,41.78521908950478,7.254677139138984,2026-10-06 02:24:59.671178,2026-10-06 02:28:09.830299,0 days 00:03:10.159121,0.9158653711831447,0.7186098618255685,0.4120579376102117,11.991629079089469,0.33279388005294136,85.69762729633804,1.4690823188003486,5.8774721288796,0.12455809628276332,0.03038027549946027,4.343429493003475e-06,0.33670217830738985,190.15900448337197,22,COMPLETE
3498,33.881139633637844,17.148396804031034,2026-10-06 02:25:01.084990,2026-10-06 02:28:07.079203,0 days 00:03:05.994213,0.51115025563667,0.19189790819770397,0.5667882730348237,10.877854836518644,0.33279388005294136,98.6416708615901,1.080654620868664,35.86671955459044,0.2975664073833317,0.03280586071940829,4.343429493003475e-06,1.1540267369865085,185.99409910384566,22,COMPLETE
3499,,,2026-10-06 02:25:25.030177,2026-10-06 02:26:04.523104,0 days 00:00:39.492927,1.0506868238717344,0.8717951055729352,0.4120579376102117,5.245413993140336,1.0406410051889579,85.69762729633804,1.080654620868664,41.66154811682372,0.08173395261699556,0.03038027549946027,2.1038771230648366e-06,1.1540267369865085,,22,PRUNED
3500,,,2026-10-06 02:25:33.280127,2026-10-06 02:26:12.599015,0 days 00:00:39.318888,0.51115025563667,0.2284118304472575,0.807738690329122,5.245413993140336,0.6087670929915812,98.6416708615901,0.6419517764288287,14.182822102930093,0.3054149949472662,0.024099244621516126,4.343429493003475e-06,1.1540267369865085,,22,PRUNED
3501,40.20744870780418,3.94499916729424,2026-10-06 02:25:33.315120,2026-10-06 02:28:45.393414,0 days 00:03:12.078294,1.2679181775024182,0.7186098618255685,0.4120579376102117,5.245413993140336,0.6087670929915812,94.61146042672904,0.6419517764288287,5.8774721288796,0.28988344429582863,0.03038027549946027,2.1038771230648366e-06,1.1540267369865085,192.07817753776908,22,COMPLETE
3502,46.24053124573263,1.2801288660531231,2026-10-06 02:25:34.645494,2026-10-06 02:28:47.467397,0 days 00:03:12.821903,0.9158653711831447,0.19189790819770397,0.12615106220885586,5.245413993140336,0.3895248788420937,94.61146042672904,1.2898828018697517,18.041358017160412,0.026937100580568585,0.03038027549946027,0.12867911039996338,1.2974912099205862,192.82178626861423,22,COMPLETE
3503,44.10845430447007,2.090345619498478,2026-10-06 02:25:35.395982,2026-10-06 02:28:43.366409,0 days 00:03:07.970427,0.7407180681038071,0.2965654106455736,0.4120579376102117,10.877854836518644,0.2395452449940939,98.6416708615901,0.7297455375332902,6.2296041386818795,0.2975664073833317,0.08581064170614394,4.343429493003475e-06,0.4603650188350907,187.97030676715076,22,COMPLETE
3504,,,2026-10-06 02:25:35.488998,2026-10-06 02:25:36.798020,0 days 00:00:01.309022,0.7123418565646167,0.48628333026250986,0.4120579376102117,5.245413993140336,0.6087670929915812,94.61146042672904,1.484226923085714,5.8774721288796,1.2609816585945057,0.03038027549946027,,1.1540267369865085,,22,PRUNED
3505,,,2026-10-06 02:25:36.854131,2026-10-06 02:25:38.370043,0 days 00:00:01.515912,0.9158653711831447,0.7186098618255685,0.4120579376102117,5.245413993140336,0.6087670929915812,94.61146042672904,0.6419517764288287,1.8787780038585815,0.026937100580568585,0.0049924856624786376,,1.1540267369865085,,22,PRUNED
3506,45.80680258262191,2.798819996733905,2026-10-06 02:25:38.028992,2026-10-06 02:28:44.866437,0 days 00:03:06.837445,0.51115025563667,0.07861675458476158,0.20358075665942357,10.877854836518644,0.6087670929915812,94.61146042672904,1.484226923085714,5.8774721288796,0.08173395261699556,0.03038027549946027,2.1038771230648366e-06,1.1540267369865085,186.83733083866537,22,COMPLETE
3507,39.79221786830881,7.327672587104768,2026-10-06 02:25:38.508999,2026-10-06 02:28:49.642582,0 days 00:03:11.133583,0.7407180681038071,0.7186098618255685,0.5667882730348237,5.245413993140336,0.33279388005294136,85.69762729633804,0.6419517764288287,5.8774721288796,0.08173395261699556,0.03038027549946027,4.343429493003475e-06,1.2974912099205862,191.1334756873548,22,COMPLETE
3508,43.80761824703353,6.184968624542572,2026-10-06 02:25:38.664139,2026-10-06 02:28:50.589545,0 days 00:03:11.925406,0.51115025563667,0.2965654106455736,0.3503673191636761,5.245413993140336,0.26202380630770544,98.6416708615901,1.2898828018697517,19.15408445903519,0.08173395261699556,0.03280586071940829,4.343429493003475e-06,1.2974912099205862,191.9252882450819,22,COMPLETE
3509,53.301176607875334,1.385882560853914,2026-10-06 02:26:04.615021,2026-10-06 02:29:15.110678,0 days 00:03:10.495657,0.8010869639365119,0.19189790819770397,0.12615106220885586,10.877854836518644,0.506401025718823,94.61146042672904,1.2898828018697517,1.4056083189495427,0.08173395261699556,0.021966873773064614,4.343429493003475e-06,0.2678812614884665,190.49553882423788,22,COMPLETE
3510,,,2026-10-06 02:26:08.395005,2026-10-06 02:26:47.904066,0 days 00:00:39.509061,0.4919537458910443,0.2965654106455736,0.4120579376102117,5.245413993140336,0.6087670929915812,98.6416708615901,0.7297455375332902,31.24202501487233,0.4212595585654096,0.03280586071940829,4.343429493003475e-06,1.209109649444219,,22,PRUNED
3511,34.6562802694804,11.637581310808299,2026-10-06 02:26:08.824138,2026-10-06 02:29:19.925990,0 days 00:03:11.101852,0.7123418565646167,0.2965654106455736,0.4120579376102117,19.010344061748107,0.6087670929915812,98.6416708615901,1.484226923085714,14.182822102930093,0.08173395261699556,0.03038027549946027,4.343429493003475e-06,0.23886283196880004,191.10172801557928,22,COMPLETE
3512,45.83613036364642,4.727166252817709,2026-10-06 02:26:09.843223,2026-10-06 02:29:20.075794,0 days 00:03:10.232571,0.51115025563667,0.7186098618255685,0.3503673191636761,5.245413993140336,0.2395452449940939,94.61146042672904,1.3303656343791816,5.8774721288796,0.08173395261699556,0.03280586071940829,2.1038771230648366e-06,0.8535595915768464,190.2324546361342,22,COMPLETE
3513,27.97515228103349,3.8180481270676347,2026-10-06 02:26:10.207995,2026-10-06 02:29:24.296050,0 days 00:03:14.088055,0.51115025563667,0.07861675458476158,0.20358075665942357,5.245413993140336,0.33279388005294136,9.092569028988976,1.484226923085714,5.8774721288796,0.28988344429582863,0.03038027549946027,4.343429493003475e-06,1.1540267369865085,194.08795155398548,22,COMPLETE
3514,40.58848100979192,10.54225734642582,2026-10-06 02:26:10.750323,2026-10-06 02:29:24.164425,0 days 00:03:13.414102,0.51115025563667,0.2965654106455736,0.4120579376102117,5.245413993140336,0.33279388005294136,98.6416708615901,1.214714648057557,38.054699770605254,0.28988344429582863,0.03038027549946027,4.413077134625943e-06,1.1540267369865085,193.41399397421628,22,COMPLETE
3515,41.648215847767474,8.63947690890759,2026-10-06 02:26:12.660054,2026-10-06 02:29:26.466755,0 days 00:03:13.806701,0.9158653711831447,0.7186098618255685,0.4120579376102117,8.556213008137046,0.506401025718823,94.61146042672904,0.7297455375332902,24.7033276028984,0.06802941049346445,0.03038027549946027,4.343429493003475e-06,1.1540267369865085,193.8065836308524,22,COMPLETE
3516,32.482817395072495,18.36515428152969,2026-10-06 02:26:13.371992,2026-10-06 02:29:25.812375,0 days 00:03:12.440383,0.51115025563667,0.48628333026250986,0.5926143650576037,7.115377405800125,0.6087670929915812,98.6416708615901,0.7297455375332902,45.6508402201298,0.08173395261699556,0.03038027549946027,4.343429493003475e-06,0.23886283196880004,192.44027495011687,22,COMPLETE
3517,29.959045407161444,18.043465121632465,2026-10-06 02:26:13.424981,2026-10-06 02:29:24.389823,0 days 00:03:10.964842,0.32522926579248107,0.2284118304472575,0.5667882730348237,10.877854836518644,0.33279388005294136,94.61146042672904,1.4690823188003486,23.475624031055144,0.2975664073833317,0.03038027549946027,4.343429493003475e-06,0.12550599148889752,190.96473967842758,22,COMPLETE
3518,54.98246968543983,1.7903434023651943,2026-10-06 02:26:14.208007,2026-10-06 02:29:26.056239,0 days 00:03:11.848232,0.7123418565646167,0.19189790819770397,0.20358075665942357,5.245413993140336,0.506401025718823,94.61146042672904,1.484226923085714,5.8774721288796,0.2975664073833317,0.03280586071940829,2.1038771230648366e-06,1.209109649444219,191.8481233669445,22,COMPLETE
3519,,,2026-10-06 02:26:14.787986,2026-10-06 02:26:56.091051,0 days 00:00:41.303065,0.51115025563667,0.7186098618255685,0.4120579376102117,5.245413993140336,0.6087670929915812,98.6416708615901,1.484226923085714,5.8774721288796,0.28988344429582863,0.03038027549946027,4.343429493003475e-06,1.1540267369865085,,22,PRUNED
3520,39.23526040112254,8.757215140173525,2026-10-06 02:26:15.464000,2026-10-06 02:29:27.217224,0 days 00:03:11.753224,1.4644809848335274,0.07861675458476158,0.4120579376102117,8.556213008137046,0.3049037081953532,86.6015482918717,1.080654620868664,6.2296041386818795,0.007925456797868324,0.03038027549946027,4.343429493003475e-06,0.23886283196880004,191.75310632400215,22,COMPLETE
3521,,,2026-10-06 02:26:16.463999,2026-10-06 02:26:17.785059,0 days 00:00:01.321060,0.9158653711831447,0.7186098618255685,0.12615106220885586,5.245413993140336,0.506401025718823,98.6416708615901,1.484226923085714,49.19284375944045,0.2975664073833317,0.03280586071940829,,1.2974912099205862,,22,PRUNED
3522,37.49912026379112,6.18976998922953,2026-10-06 02:26:16.547139,2026-10-06 02:29:27.861899,0 days 00:03:11.314760,0.9158653711831447,0.7186098618255685,0.4120579376102117,41.36162943569383,0.6087670929915812,98.6416708615901,0.6419517764288287,5.8774721288796,0.026937100580568585,0.03038027549946027,2.1038771230648366e-06,1.1540267369865085,191.31464308407158,22,COMPLETE
3523,44.889205497079296,6.424083150722111,2026-10-06 02:26:17.903999,2026-10-06 02:29:28.547164,0 days 00:03:10.643165,0.7123418565646167,0.2965654106455736,0.4120579376102117,5.245413993140336,0.6087670929915812,94.61146042672904,0.7297455375332902,5.8774721288796,0.007925456797868324,0.03038027549946027,2.1038771230648366e-06,1.2974912099205862,190.6430645287037,22,COMPLETE
3524,44.13556515609606,7.3169070579768585,2026-10-06 02:26:21.040220,2026-10-06 02:29:33.699077,0 days 00:03:12.658857,0.32522926579248107,0.5162918010675435,0.4120579376102117,5.245413993140336,0.506401025718823,94.61146042672904,1.484226923085714,19.15408445903519,0.2975664073833317,0.03280586071940829,2.1038771230648366e-06,1.1540267369865085,192.65873743593693,22,COMPLETE
3525,41.21346067915584,7.126126509802887,2026-10-06 02:26:46.130079,2026-10-06 02:29:59.256237,0 days 00:03:13.126158,0.8548572270960194,0.2284118304472575,0.4120579376102117,5.245413993140336,0.012852287379985172,98.6416708615901,1.484226923085714,14.182822102930093,0.08173395261699556,0.03038027549946027,4.343429493003475e-06,1.2267307691914986,193.12604261282831,22,COMPLETE
3526,34.12959851977471,14.713645028681947,2026-10-06 02:26:46.517008,2026-10-06 02:29:56.882910,0 days 00:03:10.365902,0.21617308596340112,0.2965654106455736,0.5673687007336011,5.234637224795336,0.33279388005294136,98.6416708615901,0.7297455375332902,19.15408445903519,0.2975664073833317,0.03038027549946027,4.343429493003475e-06,0.7699502779177346,190.3657761439681,22,COMPLETE
