number,values_0,values_1,datetime_start,datetime_complete,duration,params_between_rest_spread,params_c_spread,params_c_val,params_input_force,params_k_between_spread,params_k_between_val,params_k_wall_spread,params_k_wall_val,params_m_spread,params_m_val,params_ridge_alpha,params_wall_rest_spread,user_attrs_duration_sec,system_attrs_NSGAIISampler:generation,state
4002,46.40403190258206,3.4932826764836973,2026-10-06 02:44:52.954978,2026-10-06 02:48:03.221269,0 days 00:03:10.266291,0.51115025563667,0.07861675458476158,0.4120579376102117,5.245413993140336,0.6087670929915812,94.61146042672904,0.6510672629721186,2.064375155489988,0.197925606556968,0.03280586071940829,2.1038771230648366e-06,1.1540267369865085,190.26618169154972,25,COMPLETE
4003,46.388550283730666,5.036822504587784,2026-10-06 02:44:53.095988,2026-10-06 02:48:02.321490,0 days 00:03:09.225502,0.9158653711831447,0.7186098618255685,0.4120579376102117,5.245413993140336,0.33279388005294136,98.6416708615901,1.080654620868664,13.287491970817165,0.08173395261699556,0.03280586071940829,4.343429493003475e-06,1.2267307691914986,189.22539349738508,25,COMPLETE
4004,,,2026-10-06 02:44:53.897994,2026-10-06 02:45:30.454100,0 days 00:00:36.556106,0.8010869639365119,0.2284118304472575,0.4120579376102117,5.245413993140336,0.6087670929915812,98.6416708615901,1.4690823188003486,35.86671955459044,0.4212595585654096,0.03038027549946027,4.343429493003475e-06,0.37002304854428736,,25,PRUNED
4005,30.12325522086287,5.066304653319134,2026-10-06 02:45:26.088989,2026-10-06 02:48:38.626883,0 days 00:03:12.537894,0.51115025563667,0.07861675458476158,0.807738690329122,21.183844928151355,0.6087670929915812,94.61146042672904,1.080654620868664,1.4403805247519221,0.3054149949472662,0.03280586071940829,2.1038771230648366e-06,1.2974912099205862,192.5377693856135,25,COMPLETE
4006,42.79691174132739,8.297949022785106,2026-10-06 02:45:27.581728,2026-10-06 02:48:39.436919,0 days 00:03:11.855191,0.8548572270960194,0.2965654106455736,0.4120579376102117,5.245413993140336,0.6087670929915812,98.6416708615901,0.7297455375332902,14.182822102930093,0.08173395261699556,0.03038027549946027,4.343429493003475e-06,1.1540267369865085,191.8550840606913,25,COMPLETE
4007,,,2026-10-06 02:45:28.155995,2026-10-06 02:45:28.799150,0 days 00:00:00.643155,0.51115025563667,0.07861675458476158,0.5926143650576037,10.877854836518644,0.6087670929915812,94.61146042672904,0.5826088267482126,35.86671955459044,0.007925456797868324,0.005596472166783744,,1.1540267369865085,,25,PRUNED
4008,38.01174834096206,7.944067905817834,2026-10-06 02:45:28.469999,2026-10-06 02:48:39.103694,0 days 00:03:10.633695,0.51115025563667,0.2284118304472575,0.5667882730348237,5.245413993140336,0.33279388005294136,94.61146042672904,1.080654620868664,5.8774721288796,0.2975664073833317,0.03280586071940829,4.343429493003475e-06,1.1540267369865085,190.63359028287232,25,COMPLETE
4009,40.33914538975974,4.863311579272586,2026-10-06 02:45:28.920002,2026-10-06 02:48:41.296572,0 days 00:03:12.376570,0.8010869639365119,0.7186098618255685,0.2345370319995722,11.991629079089469,0.33279388005294136,85.69762729633804,1.080654620868664,41.66154811682372,0.08173395261699556,0.03038027549946027,4.343429493003475e-06,0.7296704665126732,192.3764543356374,25,COMPLETE
4010,33.200606950964186,12.270267043211685,2026-10-06 02:45:30.103001,2026-10-06 02:48:40.004097,0 days 00:03:09.901096,0.51115025563667,0.48628333026250986,0.807738690329122,12.214752017762354,0.6087670929915812,98.6416708615901,1.4690823188003486,5.8774721288796,0.08173395261699556,0.03038027549946027,4.343429493003475e-06,0.7296704665126732,189.90098197944462,25,COMPLETE
4011,26.26078826409536,22.184775787421113,2026-10-06 02:45:31.452156,2026-10-06 02:48:45.774616,0 days 00:03:14.322460,0.51115025563667,0.07861675458476158,0.807738690329122,10.877854836518644,0.33279388005294136,98.6416708615901,0.39552867473326975,45.6508402201298,0.007925456797868324,0.03280586071940829,4.343429493003475e-06,1.3890637168667692,194.32234160974622,25,COMPLETE
4012,,,2026-10-06 02:45:32.156003,2026-10-06 02:46:10.343051,0 days 00:00:38.187048,0.7407180681038071,0.21606902729252941,0.4120579376102117,5.245413993140336,0.6087670929915812,98.6416708615901,0.7297455375332902,19.15408445903519,0.4212595585654096,0.03038027549946027,4.343429493003475e-06,0.23886283196880004,,25,PRUNED
4013,45.28873053651679,5.732929758956197,2026-10-06 02:45:32.886991,2026-10-06 02:48:44.487124,0 days 00:03:11.600133,0.51115025563667,0.8717951055729352,0.3553335533494119,5.245413993140336,0.33279388005294136,98.6416708615901,1.080654620868664,19.15408445903519,0.007925456797868324,0.03038027549946027,2.1038771230648366e-06,1.2974912099205862,191.6000226661563,25,COMPLETE
4014,35.754536900766574,13.35161581864557,2026-10-06 02:45:59.577016,2026-10-06 02:49:14.047236,0 days 00:03:14.470220,0.51115025563667,0.8717951055729352,0.5667882730348237,17.949935567681482,0.2395452449940939,94.61146042672904,1.080654620868664,41.66154811682372,0.3161737300984912,0.03280586071940829,2.1038771230648366e-06,1.209109649444219,194.47009330894798,25,COMPLETE
4015,50.39634223719738,2.7203978805374636,2026-10-06 02:46:00.017017,2026-10-06 02:49:11.692269,0 days 00:03:11.675252,0.51115025563667,0.07861675458476158,0.20358075665942357,5.343050688320007,0.3519093950798047,94.61146042672904,1.080654620868664,5.8774721288796,0.2676757451529202,0.03038027549946027,4.343429493003475e-06,0.23886283196880004,191.6751252161339,25,COMPLETE
4016,39.80294390049484,10.747635815946724,2026-10-06 02:46:01.571016,2026-10-06 02:49:18.191858,0 days 00:03:16.620842,1.4644809848335274,0.35609025019760965,0.4120579376102117,8.556213008137046,0.2395452449940939,98.6416708615901,0.7297455375332902,24.7033276028984,0.2975664073833317,0.03038027549946027,4.343429493003475e-06,0.7699502779177346,196.62070968281478,25,COMPLETE
4017,30.976956577903213,20.746296183649413,2026-10-06 02:46:01.771009,2026-10-06 02:49:11.901956,0 days 00:03:10.130947,0.51115025563667,0.2284118304472575,0.5926143650576037,11.991629079089469,0.33279388005294136,85.69762729633804,1.2898828018697517,41.66154811682372,0.4212595585654096,0.03038027549946027,4.343429493003475e-06,0.7296704665126732,190.1308165686205,25,COMPLETE
4018,44.621905613297905,5.430161058266535,2026-10-06 02:46:02.606622,2026-10-06 02:49:14.549677,0 days 00:03:11.943055,0.9158653711831447,0.7186098618255685,0.5667882730348237,5.245413993140336,0.6087670929915812,98.6416708615901,1.484226923085714,5.8774721288796,0.007925456797868324,0.03038027549946027,2.1038771230648366e-06,1.1540267369865085,191.94294002931565,25,COMPLETE
4019,,,2026-10-06 02:46:03.268988,2026-10-06 02:46:41.184584,0 days 00:00:37.915596,0.51115025563667,0.7186098618255685,0.5667882730348237,5.245413993140336,1.2405914805302056,94.61146042672904,1.080654620868664,41.66154811682372,0.28988344429582863,0.03038027549946027,4.343429493003475e-06,0.137755868760996,,25,PRUNED
4020,28.90553483059971,21.46640659143396,2026-10-06 02:46:03.433169,2026-10-06 02:49:16.963678,0 days 00:03:13.530509,0.51115025563667,0.2284118304472575,0.5667882730348237,18.489161893608337,0.33279388005294136,98.6416708615901,1.4690823188003486,14.182822102930093,0.2975664073833317,0.024099244621516126,4.343429493003475e-06,0.23886283196880004,193.5303849708289,25,COMPLETE
4021,31.720586842678205,11.662183691199335,2026-10-06 02:46:03.816004,2026-10-06 02:49:16.743850,0 days 00:03:12.927846,0.51115025563667,0.2965654106455736,0.807738690329122,10.877854836518644,0.2395452449940939,94.61146042672904,1.484226923085714,5.8774721288796,0.3161737300984912,0.03280586071940829,4.343429493003475e-06,1.1540267369865085,192.92772497795522,25,COMPLETE
4022,,,2026-10-06 02:46:05.768112,2026-10-06 02:46:44.034433,0 days 00:00:38.266321,0.51115025563667,0.12012392749078848,0.20358075665942357,5.245413993140336,0.6087670929915812,98.6416708615901,1.484226923085714,19.15408445903519,0.28988344429582863,0.03038027549946027,4.343429493003475e-06,1.1540267369865085,,25,PRUNED
4023,,,2026-10-06 02:46:07.968151,2026-10-06 02:46:08.710069,0 days 00:00:00.741918,0.51115025563667,0.8717951055729352,0.5926143650576037,10.877854836518644,0.33279388005294136,98.6416708615901,1.080654620868664,45.6508402201298,0.2975664073833317,0.01180938315398448,,1.3890637168667692,,25,PRUNED
4024,53.52517655909619,1.8276931443535216,2026-10-06 02:46:09.305171,2026-10-06 02:49:22.844756,0 days 00:03:13.539585,0.51115025563667,0.8717951055729352,0.19400160111159936,5.245413993140336,0.33279388005294136,98.6416708615901,1.4690823188003486,5.8774721288796,0.33299024748873257,0.03038027549946027,4.343429493003475e-06,0.7761454902500418,193.53946116100997,25,COMPLETE
4025,32.76857437207495,18.969733058212622,2026-10-06 02:46:09.308963,2026-10-06 02:49:21.262215,0 days 00:03:11.953252,0.7407180681038071,0.19189790819770397,0.5926143650576037,10.877854836518644,0.33279388005294136,85.69762729633804,1.2898828018697517,35.86671955459044,0.4212595585654096,0.03280586071940829,4.343429493003475e-06,0.7699502779177346,191.95314807631075,25,COMPLETE
4026,,,2026-10-06 02:46:09.312948,2026-10-06 02:46:10.038073,0 days 00:00:00.725125,0.9158653711831447,0.7186098618255685,0.5667882730348237,5.245413993140336,0.6087670929915812,94.61146042672904,0.7297455375332902,5.8774721288796,1.201285107744101,0.03038027549946027,,1.1525814495208708,,25,PRUNED
4027,29.255880149991572,13.859037777323813,2026-10-06 02:46:09.316941,2026-10-06 02:49:22.859071,0 days 00:03:13.542130,0.8010869639365119,0.21606902729252941,0.5673687007336011,8.556213008137046,0.2395452449940939,85.69762729633804,0.7297455375332902,35.86671955459044,0.2975664073833317,0.03038027549946027,0.00023428333292156852,0.7699502779177346,193.5420288965106,25,COMPLETE
4028,31.32422145666365,22.13396925722849,2026-10-06 02:46:09.832013,2026-10-06 02:49:18.970821,0 days 00:03:09.138808,0.8010869639365119,0.21606902729252941,0.5673687007336011,8.556213008137046,0.2395452449940939,98.6416708615901,0.7297455375332902,35.86671955459044,0.2975664073833317,0.024099244621516126,4.343429493003475e-06,0.7699502779177346,189.1386975441128,26,COMPLETE
4029,36.60159229007087,11.581241422401082,2026-10-06 02:46:10.457994,2026-10-06 02:49:16.272022,0 days 00:03:05.814028,0.51115025563667,0.19189790819770397,0.4120579376102117,8.556213008137046,0.33279388005294136,86.6015482918717,0.7297455375332902,24.7033276028984,0.2975664073833317,0.03280586071940829,4.343429493003475e-06,1.1540267369865085,185.81390224955976,26,COMPLETE
4030,21.092186527174388,8.636302536891815,2026-10-06 02:46:10.996006,2026-10-06 02:49:22.627470,0 days 00:03:11.631464,0.51115025563667,0.2284118304472575,0.5667882730348237,11.991629079089469,1.2800086377129833,2.8408770684641462,0.7518185550990375,19.15408445903519,0.2975664073833317,0.03038027549946027,4.343429493003475e-06,1.2974912099205862,191.6306250197813,26,COMPLETE
4031,38.091201746673775,6.034771271754109,2026-10-06 02:46:12.036001,2026-10-06 02:49:24.270697,0 days 00:03:12.234696,0.7407180681038071,0.2965654106455736,0.5926143650576037,10.877854836518644,0.33279388005294136,98.6416708615901,1.484226923085714,3.1233149452473583,0.2975664073833317,0.03038027549946027,4.343429493003475e-06,1.1540267369865085,192.2345786448568,26,COMPLETE
4032,54.190183720871644,1.3138030106929737,2026-10-06 02:46:12.441290,2026-10-06 02:49:21.038793,0 days 00:03:08.597503,0.51115025563667,0.2965654106455736,0.12615106220885586,11.991629079089469,0.2395452449940939,98.6416708615901,0.7257345409495506,1.1445112738702679,0.007925456797868324,0.03038027549946027,2.1038771230648366e-06,1.1540267369865085,188.59738509822637,26,COMPLETE
4033,33.677635544587886,18.49511459599147,2026-10-06 02:46:32.511008,2026-10-06 02:49:44.565081,0 days 00:03:12.054073,0.7407180681038071,0.3710922296723819,0.5926143650576037,10.877854836518644,0.33279388005294136,98.6416708615901,0.7297455375332902,41.66154811682372,0.2975664073833317,0.03038027549946027,2.1038771230648366e-06,1.1540267369865085,192.0539513938129,26,COMPLETE
4034,,,2026-10-06 02:46:34.698205,2026-10-06 02:46:36.012652,0 days 00:00:01.314447,0.15553196343176806,1.4031802963897304,0.4120579376102117,5.245413993140336,0.6087670929915812,98.6416708615901,0.6419517764288287,5.8774721288796,0.08173395261699556,0.03038027549946027,,1.1540267369865085,,26,PRUNED
4035,48.683676234446466,2.0444740444201646,2026-10-06 02:46:36.103249,2026-10-06 02:49:49.245703,0 days 00:03:13.142454,0.51115025563667,0.2965654106455736,0.19400160111159936,10.877854836518644,0.6087670929915812,98.6416708615901,1.484226923085714,5.8774721288796,0.08173395261699556,0.03280586071940829,4.343429493003475e-06,1.2974912099205862,193.14233101066202,26,COMPLETE
4036,36.93287451357778,12.037859555115572,2026-10-06 02:46:39.536006,2026-10-06 02:49:54.122308,0 days 00:03:14.586302,0.7123418565646167,0.3710922296723819,0.4120579376102117,10.877854836518644,0.33279388005294136,98.6416708615901,0.7297455375332902,35.86671955459044,0.08173395261699556,0.03038027549946027,2.1038771230648366e-06,1.1540267369865085,194.58617937378585,26,COMPLETE
4037,43.806378260011456,6.627743300875544,2026-10-06 02:46:41.303012,2026-10-06 02:49:52.384482,0 days 00:03:11.081470,0.7123418565646167,0.8717951055729352,0.4120579376102117,5.245413993140336,0.6087670929915812,94.61146042672904,0.7297455375332902,24.7033276028984,0.06802941049346445,0.03038027549946027,2.1038771230648366e-06,1.1540267369865085,191.08135367836803,26,COMPLETE
4038,31.887631593699393,20.13716377984768,2026-10-06 02:46:42.032004,2026-10-06 02:49:57.244402,0 days 00:03:15.212398,0.8010869639365119,0.19189790819770397,0.5926143650576037,11.991629079089469,0.33279388005294136,85.69762729633804,1.2898828018697517,35.86671955459044,0.4212595585654096,0.03038027549946027,4.343429493003475e-06,0.7699502779177346,195.21228292398155,26,COMPLETE
4039,,,2026-10-06 02:46:44.056006,2026-10-06 02:47:22.442071,0 days 00:00:38.386065,0.51115025563667,0.2965654106455736,0.4120579376102117,5.245413993140336,0.6087670929915812,94.61146042672904,0.6419517764288287,6.2296041386818795,0.4212595585654096,0.03038027549946027,4.343429493003475e-06,1.1540267369865085,,26,PRUNED
4040,,,2026-10-06 02:46:44.193448,2026-10-06 02:47:24.944053,0 days 00:00:40.750605,0.9158653711831447,0.7186098618255685,0.4120579376102117,5.245413993140336,0.6087670929915812,98.6416708615901,1.484226923085714,5.8774721288796,0.3054149949472662,0.03038027549946027,4.343429493003475e-06,0.23886283196880004,,26,PRUNED
4041,38.7296826206564,3.167442003505439,2026-10-06 02:46:44.196964,2026-10-06 02:49:57.385599,0 days 00:03:13.188635,0.8010869639365119,0.8717951055729352,0.2345370319995722,10.877854836518644,0.33279388005294136,94.61146042672904,0.6419517764288287,45.6508402201298,0.3676044917349766,0.03280586071940829,4.343429493003475e-06,1.1540267369865085,193.18853891361505,26,COMPLETE
4042,35.63449727841284,14.346753716487846,2026-10-06 02:46:44.271982,2026-10-06 02:49:58.054510,0 days 00:03:13.782528,0.6775759777641851,0.2284118304472575,0.5667882730348237,10.877854836518644,0.2395452449940939,94.61146042672904,1.4690823188003486,23.475624031055144,0.2975664073833317,0.03280586071940829,4.343429493003475e-06,1.2974912099205862,193.78239993564785,26,COMPLETE
4043,,,2026-10-06 02:46:45.200007,2026-10-06 02:46:45.667355,0 days 00:00:00.467348,0.51115025563667,0.8717951055729352,0.5667882730348237,10.877854836518644,0.33279388005294136,85.69762729633804,1.2898828018697517,45.6508402201298,0.4212595585654096,0.03280586071940829,,1.1727804212500388,,26,PRUNED
4044,33.881139633637844,17.148396804031034,2026-10-06 02:46:45.603985,2026-10-06 02:49:57.058577,0 days 00:03:11.454592,0.51115025563667,0.19189790819770397,0.5667882730348237,10.877854836518644,0.33279388005294136,98.6416708615901,1.080654620868664,35.86671955459044,0.2975664073833317,0.03280586071940829,4.343429493003475e-06,1.1540267369865085,191.45447445195168,26,COMPLETE
4045,37.79904479516489,3.167342724020328,2026-10-06 02:46:45.703137,2026-10-06 02:49:54.442148,0 days 00:03:08.739011,0.51115025563667,0.19189790819770397,0.5667882730348237,10.877854836518644,0.33279388005294136,94.61146042672904,1.080654620868664,12.371756168223909,0.2975664073833317,0.07344811082636352,0.0008249820204112184,1.3890637168667692,188.73888475541025,26,COMPLETE
4046,29.73518638111226,17.74386586744633,2026-10-06 02:46:46.697991,2026-10-06 02:49:56.423269,0 days 00:03:09.725278,0.51115025563667,0.7186098618255685,0.807738690329122,21.183844928151355,0.33279388005294136,98.6416708615901,1.484226923085714,14.182822102930093,0.3054149949472662,0.03280586071940829,4.343429493003475e-06,0.23886283196880004,189.72515329439193,26,COMPLETE
4047,,,2026-10-06 02:46:47.484003,2026-10-06 02:47:26.863809,0 days 00:00:39.379806,0.9158653711831447,0.8715336252138003,0.4120579376102117,5.245413993140336,0.6087670929915812,98.6416708615901,0.6419517764288287,6.2296041386818795,0.4212595585654096,0.03280586071940829,4.343429493003475e-06,0.23886283196880004,,26,PRUNED
4048,54.05828313954371,1.815354208523722,2026-10-06 02:46:47.495971,2026-10-06 02:49:57.202117,0 days 00:03:09.706146,0.8010869639365119,0.7186098618255685,0.2345370319995722,5.245413993140336,0.33279388005294136,94.61146042672904,1.484226923085714,5.8774721288796,0.28988344429582863,0.03038027549946027,4.343429493003475e-06,1.1540267369865085,189.70603649318218,26,COMPLETE
4049,38.15151305100354,10.436664616386276,2026-10-06 02:46:47.512973,2026-10-06 02:49:59.113845,0 days 00:03:11.600872,1.4644809848335274,0.3710922296723819,0.4120579376102117,8.556213008137046,0.33279388005294136,86.6015482918717,0.7297455375332902,24.7033276028984,0.06802941049346445,0.03038027549946027,4.343429493003475e-06,1.1540267369865085,191.6007579760626,26,COMPLETE
4050,33.529230814062764,16.291666390409986,2026-10-06 02:46:49.552007,2026-10-06 02:50:01.126812,0 days 00:03:11.574805,0.51115025563667,0.2965654106455736,0.5667882730348237,5.245413993140336,0.33279388005294136,94.61146042672904,0.7257345409495506,41.66154811682372,0.08173395261699556,0.03038027549946027,2.1038771230648366e-06,1.1540267369865085,191.5746821090579,26,COMPLETE
4051,41.07550723418797,9.274711948085754,2026-10-06 02:46:51.963307,2026-10-06 02:50:03.863976,0 days 00:03:11.900669,0.51115025563667,0.2965654106455736,0.4120579376102117,5.245413993140336,0.33980795123242635,94.61146042672904,1.484226923085714,19.15408445903519,0.15450841561573675,0.03280586071940829,2.1038771230648366e-06,0.5542559607772126,191.90055140294135,26,COMPLETE
4052,22.53513890180114,11.681677332506569,2026-10-06 02:47:18.774998,2026-10-06 02:50:32.018861,0 days 00:03:13.243863,0.7407180681038071,0.21606902729252941,0.4120579376102117,5.245413993140336,0.2395452449940939,12.931514730097202,1.186112662944985,19.15408445903519,0.4212595585654096,0.03038027549946027,4.343429493003475e-06,0.29786927406811137,193.24373436160386,26,COMPLETE
4053,,,2026-10-06 02:47:19.084999,2026-10-06 02:48:01.966054,0 days 00:00:42.881055,0.8010869639365119,0.2965654106455736,0.2345370319995722,8.556213008137046,0.6087670929915812,94.61146042672904,1.484226923085714,5.8774721288796,0.4212595585654096,0.03280586071940829,4.343429493003475e-06,1.1540267369865085,,26,PRUNED
4054,,,2026-10-06 02:47:21.352177,2026-10-06 02:47:22.101972,0 days 00:00:00.749795,0.8010869639365119,0.19189790819770397,0.2345370319995722,5.245413993140336,0.33279388005294136,98.6416708615901,1.080654620868664,35.86671955459044,1.0201155134252569,0.03280586071940829,,1.1540267369865085,,26,PRUNED
4055,,,2026-10-06 02:47:22.197327,2026-10-06 02:47:22.868076,0 days 00:00:00.670749,0.9158653711831447,0.7186098618255685,0.4120579376102117,5.245413993140336,1.3869300538949703,94.61146042672904,0.6419517764288287,5.8774721288796,0.28988344429582863,0.002428310902972961,,1.1540267369865085,,26,PRUNED
4056,51.255891555995845,2.8092434717952335,2026-10-06 02:47:22.233324,2026-10-06 02:50:33.602551,0 days 00:03:11.369227,0.8010869639365119,0.3710922296723819,0.2345370319995722,10.877854836518644,0.33279388005294136,98.6416708615901,1.484226923085714,5.8774721288796,0.28988344429582863,0.03038027549946027,4.343429493003475e-06,1.1540267369865085,191.369105652906,26,COMPLETE
4057,51.84132445543996,2.423949706049839,2026-10-06 02:47:22.281926,2026-10-06 02:50:35.184194,0 days 00:03:12.902268,0.51115025563667,0.7186098618255685,0.20358075665942357,5.245413993140336,0.33279388005294136,94.61146042672904,1.484226923085714,7.242018006177657,0.3054149949472662,0.03038027549946027,4.343429493003475e-06,0.23886283196880004,192.90216977149248,26,COMPLETE
4058,,,2026-10-06 02:47:22.892007,2026-10-06 02:48:00.243073,0 days 00:00:37.351066,0.7123418565646167,0.8717951055729352,0.2345370319995722,5.245413993140336,0.6087670929915812,94.61146042672904,0.7953316773148593,12.371756168223909,0.28988344429582863,0.03038027549946027,2.1038771230648366e-06,1.209109649444219,,26,PRUNED
4059,5.381881991832182,1.1902899578264805,2026-10-06 02:47:23.058012,2026-10-06 02:50:36.090843,0 days 00:03:13.032831,0.4919537458910443,0.19189790819770397,0.015490177480100634,8.556213008137046,0.33279388005294136,98.6416708615901,1.2898828018697517,6.2296041386818795,0.4212595585654096,0.03038027549946027,4.343429493003475e-06,0.7699502779177346,193.0327105494216,26,COMPLETE
4060,,,2026-10-06 02:47:23.303009,2026-10-06 02:48:04.339964,0 days 00:00:41.036955,0.51115025563667,0.19189790819770397,0.20358075665942357,11.991629079089469,0.8689389330121867,98.6416708615901,1.2898828018697517,14.182822102930093,0.3054149949472662,0.024099244621516126,4.343429493003475e-06,0.23886283196880004,,26,PRUNED
4061,24.04715894136993,1.5628424094776379,2026-10-06 02:47:23.496990,2026-10-06 02:50:37.262211,0 days 00:03:13.765221,0.51115025563667,0.19189790819770397,0.5667882730348237,5.245413993140336,0.33279388005294136,98.6416708615901,1.484226923085714,35.86671955459044,0.28988344429582863,0.03038027549946027,1.42100899206673,1.2974912099205862,193.76510483957827,26,COMPLETE
