number,values_0,values_1,datetime_start,datetime_complete,duration,params_between_rest_spread,params_c_spread,params_c_val,params_input_force,params_k_between_spread,params_k_between_val,params_k_wall_spread,params_k_wall_val,params_m_spread,params_m_val,params_ridge_alpha,params_wall_rest_spread,user_attrs_duration_sec,system_attrs_NSGAIISampler:generation,state
1104,,,2026-10-06 00:52:24.476009,2026-10-06 00:52:25.937039,0 days 00:00:01.461030,0.19630735827449874,0.8661787220393558,0.4120579376102117,21.183844928151355,1.35460707310614,98.6416708615901,0.9944492535241214,23.475624031055144,0.04206136129933902,0.0033658571076340474,,0.7296704665126732,,5,PRUNED
1105,12.896845532257903,8.429482814514047,2026-10-06 00:52:26.035999,2026-10-06 00:55:38.890869,0 days 00:03:12.854870,1.3426389093843176,0.3731992973752525,0.7695483292562977,12.404456665881645,0.8641627247678014,2.9667093425059705,0.06389754300029743,38.443080655293386,0.7685554742107898,0.03280586071940829,0.03673941552765711,0.0038888774159797634,192.85475131869316,5,COMPLETE
1106,30.43874218337728,1.6887306096506964,2026-10-06 00:52:26.464035,2026-10-06 00:55:34.115081,0 days 00:03:07.651046,0.7737222815132565,0.5608376222859704,0.3042089878823274,25.618205210843083,0.6688626104060442,25.088361291801984,1.3633078369678724,5.299460499774038,0.3819656637586494,0.07297012210736925,1.3261360597637932e-05,1.1888155686802921,187.65093245729804,5,COMPLETE
1107,28.89103713429922,2.8626550775149497,2026-10-06 00:52:26.805000,2026-10-06 00:55:41.625705,0 days 00:03:14.820705,0.3395165906212997,0.3233389271032242,0.11720021795877078,21.183844928151355,0.6454873286650737,26.22079615322774,0.6190885998388953,86.57068482598544,0.26083598793965107,0.03038027549946027,0.004475392410627206,0.6004925208325128,194.82059810403734,5,COMPLETE
1108,19.22765824233441,7.404063884688631,2026-10-06 00:52:26.980178,2026-10-06 00:55:39.063480,0 days 00:03:12.083302,0.51115025563667,0.4835105352725577,0.5662816343755678,21.183844928151355,0.6688626104060442,11.647781097448451,0.7999627772245643,7.9874857515804925,0.04206136129933902,0.03038027549946027,0.005958227033600532,1.3635581381619835,192.08320392109454,5,COMPLETE
1109,28.776055874337857,2.8345953690116525,2026-10-06 00:52:27.445107,2026-10-06 00:55:40.095818,0 days 00:03:12.650711,1.350503098526395,0.7347826529652479,0.20358075665942357,21.183844928151355,0.2395452449940939,26.22079615322774,1.3355598077240103,11.86468393276075,0.33479883276868083,0.029771009616437947,0.0051341657907994255,0.9040411163974774,192.6506038121879,5,COMPLETE
1110,27.79774754004783,8.804187829858279,2026-10-06 00:52:29.279996,2026-10-06 00:55:41.159538,0 days 00:03:11.879542,1.1758762570166907,0.5608376222859704,0.4120579376102117,16.606931230784816,0.6688626104060442,25.088361291801984,0.19809840133758488,7.9874857515804925,0.5860574191614696,0.03280586071940829,0.00014447613183128302,0.9405267840694287,191.87945074029267,5,COMPLETE
1111,31.577541683727997,1.1582661011565265,2026-10-06 00:52:29.912982,2026-10-06 00:55:42.268292,0 days 00:03:12.355310,0.2994157425323484,1.2633184046265589,0.11369858697944095,11.991629079089469,1.0126342536422681,85.69762729633804,0.7964747556623476,5.080944351768113,0.2975664073833317,0.09765004764801033,0.0004693315590468239,0.9782665597870212,192.35521332267672,5,COMPLETE
1112,33.07341069277432,1.2566517757053408,2026-10-06 00:52:30.529999,2026-10-06 00:55:40.292725,0 days 00:03:09.762726,0.7737222815132565,0.5608376222859704,0.20358075665942357,2.326125368031012,0.9800983880531571,32.24112977574014,0.7964747556623476,1.2001363989388558,0.5860574191614696,0.09765004764801033,0.00014447613183128302,0.9040411163974774,189.7626241510734,5,COMPLETE
1113,27.063900358424444,3.5632402497688576,2026-10-06 00:52:31.128186,2026-10-06 00:55:42.575484,0 days 00:03:11.447298,0.8861887783233188,0.4774636695198178,0.807738690329122,16.606931230784816,0.17665571526270746,25.088361291801984,0.6190885998388953,2.029882838261563,0.5860574191614696,0.07297012210736925,2.1038771230648366e-06,0.6004925208325128,191.44720388855785,5,COMPLETE
1114,34.93986922199209,1.282499352588672,2026-10-06 00:52:31.676984,2026-10-06 00:55:43.134794,0 days 00:03:11.457810,0.51115025563667,0.8661787220393558,0.2770498023824366,16.18523914545625,1.35460707310614,85.69762729633804,0.6419517764288287,5.8774721288796,0.04206136129933902,0.09765004764801033,0.00023455457478105328,1.1540267369865085,191.45771961472929,5,COMPLETE
1115,,,2026-10-06 00:52:32.287294,2026-10-06 00:52:34.246993,0 days 00:00:01.959699,0.9929645629798314,0.4774636695198178,0.587377575500352,5.245413993140336,1.0774031071944332,6.3983390904701665,0.06389754300029743,2.0330101929189524,0.4212595585654096,0.007361010447850752,,0.21347726672360295,,5,PRUNED
1116,22.540811930468152,1.2972256191147733,2026-10-06 00:52:32.591107,2026-10-06 00:55:43.195749,0 days 00:03:10.604642,0.51115025563667,0.8661787220393558,0.09487331341180218,21.183844928151355,1.35460707310614,11.647781097448451,1.1446866529412485,86.57068482598544,0.04206136129933902,0.06965432954656549,0.00014447613183128302,1.1540267369865085,190.60455673281103,5,COMPLETE
1117,9.016933095573188,1.1582355079751148,2026-10-06 00:52:33.428012,2026-10-06 00:55:41.393545,0 days 00:03:07.965533,0.51115025563667,1.0562250660985053,0.03636310482838899,9.868280842937416,1.0774031071944332,11.647781097448451,0.06389754300029743,23.475624031055144,0.04206136129933902,0.09765004764801033,0.00023455457478105328,0.6069618734849955,187.96543118730187,5,COMPLETE
1118,,,2026-10-06 00:52:33.621999,2026-10-06 00:52:34.224992,0 days 00:00:00.602993,0.4428292606447327,0.2574860568159506,0.2297655624989891,18.677678184085455,0.17665571526270746,11.647781097448451,1.4518343428525478,28.635527540695765,1.0726139382376867,0.03280586071940829,,0.05322667642326201,,5,PRUNED
1119,32.16910069779665,4.981451183343694,2026-10-06 00:52:33.757490,2026-10-06 00:55:47.147821,0 days 00:03:13.390331,0.8010869639365119,0.3233389271032242,0.5799701872746303,18.489161893608337,0.2395452449940939,85.69762729633804,0.7964747556623476,86.57068482598544,0.2975664073833317,0.09765004764801033,0.00014447613183128302,0.2678812614884665,193.39023432228714,5,COMPLETE
1120,,,2026-10-06 00:52:34.683436,2026-10-06 00:52:35.186041,0 days 00:00:00.502605,0.19630735827449874,0.24837341587000777,0.06022460482083565,12.404456665881645,0.8641627247678014,98.6416708615901,0.06389754300029743,14.182822102930093,0.194083030357998,0.006074688503901476,,1.2192879738215034,,5,PRUNED
1121,17.220012061726102,1.3561173982945136,2026-10-06 00:52:34.686971,2026-10-06 00:55:44.403143,0 days 00:03:09.716172,0.51115025563667,0.8661787220393558,0.06061281390802416,16.18523914545625,1.35460707310614,11.647781097448451,0.6419517764288287,23.475624031055144,0.04206136129933902,0.03280586071940829,0.00023455457478105328,0.6069618734849955,189.71608649101108,5,COMPLETE
1122,33.87415724198739,5.862569318970575,2026-10-06 00:52:35.205994,2026-10-06 00:55:50.645641,0 days 00:03:15.439647,0.4919537458910443,0.3731992973752525,0.2169448017457144,9.868280842937416,0.3201011955575039,46.31102753614511,0.6419517764288287,19.15408445903519,0.4212595585654096,0.03038027549946027,0.004475392410627206,0.6069618734849955,195.4395471829921,6,COMPLETE
1123,,,2026-10-06 00:52:35.939172,2026-10-06 00:53:14.177058,0 days 00:00:38.237886,0.447684485641811,0.3233389271032242,0.2297655624989891,18.489161893608337,0.29675499538560296,98.6416708615901,0.12486747625813921,86.57068482598544,0.2975664073833317,0.022132402954529992,0.00014447613183128302,0.2678812614884665,,6,PRUNED
1124,28.689627684126357,13.553918172571747,2026-10-06 00:52:35.942973,2026-10-06 00:55:42.601801,0 days 00:03:06.658828,0.19630735827449874,0.3233389271032242,0.4120579376102117,40.132128907957544,0.2395452449940939,98.6416708615901,0.21292518523710352,14.182822102930093,0.2975664073833317,0.024099244621516126,0.0006185581455600675,1.4449414148301858,186.658746086061,6,COMPLETE
1125,9.470183039098007,1.162319799015961,2026-10-06 00:52:35.946963,2026-10-06 00:55:47.953617,0 days 00:03:12.006654,0.6672137354754455,0.2965654106455736,0.03240094579624807,4.264385735936695,0.6454873286650737,1.2305092695987363,1.1068767969628939,2.6763324534230017,0.0236399030193733,0.037495759622009746,8.057382607958031e-05,0.17248374444296138,192.00656053237617,6,COMPLETE
1126,14.101677425752218,11.529102266233442,2026-10-06 00:52:35.950959,2026-10-06 00:55:50.197251,0 days 00:03:14.246292,0.51115025563667,0.5608376222859704,0.5662816343755678,18.677678184085455,0.6454873286650737,11.647781097448451,0.12486747625813921,86.57068482598544,0.04206136129933902,0.03280586071940829,2.6621584907926446e-06,0.05322667642326201,194.24620384164155,6,COMPLETE
1127,35.635886445039645,8.962389675734915,2026-10-06 00:52:36.320997,2026-10-06 00:55:45.818320,0 days 00:03:09.497323,1.2349294162160471,0.2965654106455736,0.4120579376102117,18.489161893608337,0.2395452449940939,98.6416708615901,0.21292518523710352,14.182822102930093,0.08173395261699556,0.03280586071940829,0.00014447613183128302,1.1540267369865085,189.49723063223064,6,COMPLETE
1128,,,2026-10-06 00:53:00.208006,2026-10-06 00:53:01.087555,0 days 00:00:00.879549,0.51115025563667,0.8661787220393558,0.807738690329122,46.66244681230189,1.35460707310614,12.933084957417954,1.1446866529412485,7.9874857515804925,0.04206136129933902,0.03280586071940829,,0.9405267840694287,,6,PRUNED
1129,18.18249694668838,6.544660201720029,2026-10-06 00:53:01.511014,2026-10-06 00:56:14.603854,0 days 00:03:13.092840,0.51115025563667,0.8661787220393558,0.5662816343755678,21.183844928151355,1.35460707310614,11.647781097448451,0.10683830996716182,23.475624031055144,0.04206136129933902,0.03038027549946027,0.00023455457478105328,0.6069618734849955,193.09272941201925,6,COMPLETE
1130,,,2026-10-06 00:53:03.630997,2026-10-06 00:53:04.312241,0 days 00:00:00.681244,0.8861887783233188,0.2284118304472575,0.4120579376102117,5.245413993140336,1.0774031071944332,98.6416708615901,0.8826864849052192,14.182822102930093,0.6353936504592018,0.007361010447850752,,0.7296704665126732,,6,PRUNED
1131,,,2026-10-06 00:53:04.312697,2026-10-06 00:53:04.816358,0 days 00:00:00.503661,0.8010869639365119,0.3233389271032242,0.4120579376102117,40.25002928795184,1.0126342536422681,98.6416708615901,0.21292518523710352,23.475624031055144,0.2975664073833317,0.021043014860557117,,1.3635581381619835,,6,PRUNED
1132,27.376347837463868,2.0145559148583634,2026-10-06 00:53:04.532995,2026-10-06 00:56:15.961456,0 days 00:03:11.428461,0.2579034890138464,0.7186098618255685,0.18268747908623606,18.386910920395536,1.0774031071944332,6.3983390904701665,0.6190885998388953,86.57068482598544,0.26083598793965107,0.037495759622009746,2.1038771230648366e-06,0.7053101066909226,191.42834782972932,6,COMPLETE
1133,15.417103768479777,14.40512011066817,2026-10-06 00:53:05.315329,2026-10-06 00:56:16.601764,0 days 00:03:11.286435,0.8861887783233188,0.4774636695198178,0.4120579376102117,8.556213008137046,1.4257271037095816,7.596863112772716,0.04926666101045768,11.86468393276075,0.26083598793965107,0.007361010447850752,0.004475392410627206,0.9040411163974774,191.2863205038011,6,COMPLETE
1134,,,2026-10-06 00:53:07.287001,2026-10-06 00:53:48.247000,0 days 00:00:40.959999,1.2356600307833205,0.2284118304472575,0.0622491376328977,18.489161893608337,0.33279388005294136,2.9615022659031585,1.4690823188003486,14.182822102930093,0.08173395261699556,0.007361010447850752,1.9958034707972923e-06,0.7296704665126732,,6,PRUNED
1135,32.87235540775213,1.8005072205945658,2026-10-06 00:53:07.836010,2026-10-06 00:56:22.124173,0 days 00:03:14.288163,0.6672137354754455,0.1544379750618336,0.5799701872746303,4.264385735936695,0.4424930116262647,49.7837090928796,1.1068767969628939,13.096617051152101,0.007925456797868324,0.09765004764801033,0.0004693315590468239,1.4891500624393408,194.28807126358151,6,COMPLETE
1136,0.09491182284516744,1.2106780294906243,2026-10-06 00:53:09.572156,2026-10-06 00:56:20.912957,0 days 00:03:11.340801,0.8010869639365119,0.3233389271032242,0.015846450134790267,8.695206399809345,0.3201011955575039,94.61146042672904,0.6419517764288287,23.475624031055144,0.2975664073833317,0.024099244621516126,0.0006185581455600675,0.2678812614884665,191.34069596324116,6,COMPLETE
1137,,,2026-10-06 00:53:09.667990,2026-10-06 00:53:10.931004,0 days 00:00:01.263014,0.51115025563667,0.4774636695198178,0.5662816343755678,21.183844928151355,1.35460707310614,25.088361291801984,0.21292518523710352,2.029882838261563,0.03773539637407064,0.007361010447850752,,0.7296704665126732,,6,PRUNED
1138,13.174221315425862,15.187188353611624,2026-10-06 00:53:10.262998,2026-10-06 00:56:22.095574,0 days 00:03:11.832576,0.19630735827449874,0.5088079218375162,0.4120579376102117,18.489161893608337,0.2395452449940939,2.9615022659031585,0.21292518523710352,4.314853216716561,0.2975664073833317,0.007361010447850752,1.9958034707972923e-06,1.23919528100858,191.8324819561094,6,COMPLETE
1139,43.84252567769219,3.779428671452342,2026-10-06 00:53:10.996990,2026-10-06 00:56:23.218257,0 days 00:03:12.221267,0.8010869639365119,0.19189790819770397,0.20358075665942357,8.556213008137046,0.2395452449940939,85.69762729633804,0.21292518523710352,11.86468393276075,0.2975664073833317,0.03038027549946027,0.0006185581455600675,0.2678812614884665,192.22115974966437,6,COMPLETE
1140,,,2026-10-06 00:53:11.218000,2026-10-06 00:53:11.771029,0 days 00:00:00.553029,0.51115025563667,0.3233389271032242,0.4120579376102117,10.877854836518644,0.2395452449940939,85.69762729633804,0.21292518523710352,7.9874857515804925,0.6353936504592018,0.0023208171213807997,,0.7296704665126732,,6,PRUNED
1141,42.35218720050305,1.329054626283581,2026-10-06 00:53:11.303995,2026-10-06 00:56:22.341563,0 days 00:03:11.037568,0.447684485641811,0.3233389271032242,0.6443949852851695,18.489161893608337,0.6454873286650737,98.6416708615901,0.12486747625813921,1.2001363989388558,0.08173395261699556,0.09765004764801033,0.00014447613183128302,1.1540267369865085,191.03746746573597,6,COMPLETE
1142,29.08176722315259,2.221011271710129,2026-10-06 00:53:11.331981,2026-10-06 00:56:22.828316,0 days 00:03:11.496335,1.3426389093843176,0.9302063252756464,0.2297655624989891,16.794110724016896,0.2395452449940939,26.22079615322774,0.06389754300029743,1.2001363989388558,0.2975664073833317,0.022132402954529992,0.005039084173004545,1.1137428294822522,191.49623716250062,6,COMPLETE
1143,,,2026-10-06 00:53:11.340987,2026-10-06 00:53:11.765057,0 days 00:00:00.424070,0.7535562568504046,0.4774636695198178,0.18268747908623606,5.245413993140336,1.0774031071944332,98.6416708615901,0.6190885998388953,14.182822102930093,0.08173395261699556,0.007361010447850752,,0.7296704665126732,,6,PRUNED
1144,25.96533634218293,10.353046204144896,2026-10-06 00:53:11.794991,2026-10-06 00:56:26.525009,0 days 00:03:14.730018,0.51115025563667,0.5608376222859704,0.5662816343755678,18.677678184085455,0.5855379267962546,25.088361291801984,1.1446866529412485,5.299460499774038,0.5860574191614696,0.02749864300312601,0.00014447613183128302,1.3635581381619835,194.72991742938757,6,COMPLETE
1145,41.52263597327341,2.018774220486181,2026-10-06 00:53:11.871991,2026-10-06 00:56:22.344542,0 days 00:03:10.472551,0.38120678029223415,0.2284118304472575,0.09005234812447538,5.245413993140336,0.33279388005294136,25.088361291801984,0.4740161859265573,14.182822102930093,0.7685554742107898,0.03280586071940829,4.343429493003475e-06,1.2139299004838662,190.4724670033902,6,COMPLETE
1146,43.79868865522386,1.6015300670934023,2026-10-06 00:53:12.815165,2026-10-06 00:56:21.640186,0 days 00:03:08.825021,0.7737222815132565,0.13940158048941997,0.09005234812447538,5.245413993140336,0.6688626104060442,25.088361291801984,0.7297455375332902,2.072575382240667,0.7685554742107898,0.03280586071940829,1.1762488306807034e-06,1.2139299004838662,188.8249198840931,6,COMPLETE
1147,21.787866092454795,12.915338573386936,2026-10-06 00:53:12.818972,2026-10-06 00:56:21.543835,0 days 00:03:08.724863,0.8010869639365119,0.2284118304472575,0.807738690329122,10.877854836518644,0.2395452449940939,85.69762729633804,0.21292518523710352,14.182822102930093,0.08173395261699556,0.024099244621516126,0.0006185581455600675,0.7296704665126732,188.7247634222731,6,COMPLETE
1148,24.251832894218005,4.439714409887277,2026-10-06 00:53:12.822958,2026-10-06 00:56:23.711888,0 days 00:03:10.888930,0.4919537458910443,0.3731992973752525,0.6565584354267013,5.245413993140336,0.05714116461716917,3.9357948336652977,0.7964747556623476,86.57068482598544,0.2975664073833317,0.03280586071940829,0.004475392410627206,1.3458907086260936,190.8888287981972,6,COMPLETE
1149,31.938932730853857,2.277712044575061,2026-10-06 00:53:12.826955,2026-10-06 00:56:24.665989,0 days 00:03:11.839034,0.8010869639365119,0.10249109888486357,0.807738690329122,18.386910920395536,1.0126342536422681,85.69762729633804,1.191277759964359,5.8774721288796,0.2975664073833317,0.09765004764801033,0.014585246061204206,1.1540267369865085,191.83894614689052,6,COMPLETE
1150,26.9810291193668,2.436391347006554,2026-10-06 00:53:14.279994,2026-10-06 00:56:24.141372,0 days 00:03:09.861378,1.350503098526395,1.0562250660985053,0.20358075665942357,8.556213008137046,1.4257271037095816,7.596863112772716,1.3355598077240103,10.195345414647532,0.6168387269531914,0.029771009616437947,0.0005104435594619652,0.9040411163974774,189.86128816381097,6,COMPLETE
1151,34.372418715944875,3.061084106467768,2026-10-06 00:53:14.389926,2026-10-06 00:56:22.740138,0 days 00:03:08.350212,0.19630735827449874,0.3233389271032242,0.5799701872746303,18.489161893608337,1.0126342536422681,85.69762729633804,0.21292518523710352,23.475624031055144,0.08173395261699556,0.09765004764801033,0.00014447613183128302,1.126031437957653,188.3497202815488,6,COMPLETE
1152,,,2026-10-06 00:53:43.045007,2026-10-06 00:53:44.250044,0 days 00:00:01.205037,0.2994157425323484,0.8661787220393558,0.5662816343755678,21.183844928151355,0.6046626808156426,85.69762729633804,0.9356883984494996,23.475624031055144,0.04206136129933902,0.002240864862768452,,1.3635581381619835,,6,PRUNED
1153,25.040200876675918,3.1772432244827793,2026-10-06 00:53:44.347995,2026-10-06 00:56:57.749340,0 days 00:03:13.401345,0.8010869639365119,0.3233389271032242,0.5799701872746303,18.677678184085455,1.0126342536422681,25.088361291801984,0.19809840133758488,14.471455094512844,0.2975664073833317,0.09765004764801033,0.00014447613183128302,0.9405267840694287,193.40124293789268,6,COMPLETE
1154,27.13404940505199,1.3309716878855746,2026-10-06 00:53:46.440998,2026-10-06 00:57:03.521731,0 days 00:03:17.080733,0.5701638251710308,1.1810724855624324,0.18268747908623606,5.245413993140336,1.0774031071944332,28.285734118696016,1.394035285276604,86.57068482598544,0.4212595585654096,0.08166533253782522,0.1779362878501945,0.6004925208325128,197.08063622564077,6,COMPLETE
1155,41.15419810103915,1.2854148359415976,2026-10-06 00:53:47.880135,2026-10-06 00:56:58.503671,0 days 00:03:10.623536,0.19630735827449874,0.2574860568159506,0.04980106476904556,5.245413993140336,0.1691945555554032,98.6416708615901,0.12486747625813921,86.57068482598544,0.08173395261699556,0.03280586071940829,0.004475392410627206,0.7296704665126732,190.62344454787672,6,COMPLETE
1156,21.009067257642535,8.227243496240016,2026-10-06 00:53:48.311987,2026-10-06 00:56:59.345614,0 days 00:03:11.033627,0.3834721347353825,0.2965654106455736,0.6443949852851695,41.645467536664455,0.6454873286650737,1.2305092695987363,0.12486747625813921,86.57068482598544,0.7360596685479106,0.037495759622009746,8.057382607958031e-05,1.0281652581298224,191.03352405223995,6,COMPLETE
1157,37.830370837206345,1.6531996706028242,2026-10-06 00:53:48.755610,2026-10-06 00:57:01.387675,0 days 00:03:12.632065,1.3426389093843176,1.0562250660985053,0.5799701872746303,5.245413993140336,1.0774031071944332,85.69762729633804,0.6190885998388953,10.195345414647532,0.007925456797868324,0.09765004764801033,0.00014447613183128302,0.6004925208325128,192.631967516616,6,COMPLETE
1158,29.26199864827342,2.5559639066212165,2026-10-06 00:53:49.270990,2026-10-06 00:57:02.106984,0 days 00:03:12.835994,0.7535562568504046,0.4500057657713351,0.18268747908623606,25.769847002353305,1.0774031071944332,28.285734118696016,0.7977439735692515,1.6947971224041727,0.26083598793965107,0.022132402954529992,0.0011757094612474103,0.9092751429584793,192.83588888961822,6,COMPLETE
1159,30.31424985079635,3.5827952352740717,2026-10-06 00:53:49.403000,2026-10-06 00:57:02.971604,0 days 00:03:13.568604,0.814512762324531,1.0562250660985053,0.20358075665942357,10.877854836518644,0.2395452449940939,11.647781097448451,1.3355598077240103,11.86468393276075,0.6168387269531914,0.03038027549946027,0.0006185581455600675,0.9040411163974774,193.56850084941834,6,COMPLETE
1160,41.01972852595632,1.3271775530432157,2026-10-06 00:53:49.809151,2026-10-06 00:57:02.446297,0 days 00:03:12.637146,0.8010869639365119,0.3233389271032242,0.5799701872746303,10.877854836518644,0.2395452449940939,85.69762729633804,0.21292518523710352,1.2001363989388558,0.2975664073833317,0.09765004764801033,0.0006185581455600675,0.7296704665126732,192.63705139886588,6,COMPLETE
1161,,,2026-10-06 00:53:49.820974,2026-10-06 00:53:50.302006,0 days 00:00:00.481032,0.447684485641811,0.4774636695198178,0.4120579376102117,18.489161893608337,0.2395452449940939,98.6416708615901,0.21292518523710352,5.8774721288796,0.26083598793965107,0.007361010447850752,,0.6004925208325128,,6,PRUNED
1162,19.684432009488393,1.725129604919549,2026-10-06 00:53:49.824967,2026-10-06 00:57:02.536867,0 days 00:03:12.711900,0.8010869639365119,1.0562250660985053,0.5662816343755678,10.877854836518644,1.35460707310614,11.647781097448451,0.06389754300029743,23.475624031055144,0.04206136129933902,0.09765004764801033,0.005958227033600532,1.4891500624393408,192.71181059069932,6,COMPLETE
