number,values_0,values_1,datetime_start,datetime_complete,duration,params_between_rest_spread,params_c_spread,params_c_val,params_input_force,params_k_between_spread,params_k_between_val,params_k_wall_spread,params_k_wall_val,params_m_spread,params_m_val,params_ridge_alpha,params_wall_rest_spread,user_attrs_duration_sec,system_attrs_NSGAIISampler:generation,state
0,,,2026-10-06 00:20:06.373091,2026-10-06 00:20:09.842956,0 days 00:00:03.469865,0.05810099971252719,1.4074932489431005,0.6428680466858206,3.66492946264522,1.3431170563126507,65.19728768633699,1.1987590021746721,2.288395402775883,0.42478819991760547,0.001194753813715533,,1.1365388381144605,,0,PRUNED
1,,,2026-10-06 00:20:06.378492,2026-10-06 00:20:09.846237,0 days 00:00:03.467745,1.0653211809015337,1.2359158156541996,0.11610022161626703,4.36833666481925,1.4729707966609153,17.211672107632477,0.5724526137022714,39.44748113643279,1.3393595832974623,0.018117209078279874,,0.05483606852420597,,0,PRUNED
2,,,2026-10-06 00:20:06.405697,2026-10-06 00:20:09.853012,0 days 00:00:03.447315,0.6469965225496326,0.0612338019952704,0.3240751998039532,31.467470668907755,1.4742611148846165,78.4841309872401,0.6142922534841313,40.99132833398225,0.18062645490804663,0.0026148436118454254,,1.182434957623685,,0,PRUNED
3,0.8364659658186815,1.1851641980888923,2026-10-06 00:20:06.439737,2026-10-06 00:23:23.489836,0 days 00:03:17.050099,0.8669692776588983,1.081415170852333,0.010266223518995452,20.77821877636435,0.5504684300756264,26.073973839977942,0.34117660588459536,95.36265021678588,0.16567404774215416,0.021503800747863646,0.003857305350781067,0.6949598068220638,197.05000432953238,0,COMPLETE
4,,,2026-10-06 00:20:06.444986,2026-10-06 00:20:09.895268,0 days 00:00:03.450282,1.1236620255053524,0.15537817612306226,0.07050045924105923,16.874497009925374,0.32647345073339334,22.132574051186996,0.4583783035024982,22.41120820561143,1.2880378498792182,0.003720108676130948,,1.051027348504439,,0,PRUNED
5,,,2026-10-06 00:20:06.463144,2026-10-06 00:20:10.002095,0 days 00:00:03.538951,0.2810757015332157,0.9573732687114554,0.01971346954711005,17.667441399021868,0.5988936131024889,19.403880922927126,0.20521016342522347,7.43779975428183,0.588229061134711,0.004154085135988764,,0.5579650250819879,,0,PRUNED
6,,,2026-10-06 00:20:06.468688,2026-10-06 00:20:10.006981,0 days 00:00:03.538293,1.2765923960015955,0.12245105735541972,0.02524186131868332,43.049101432441226,1.0021024006986612,29.841379701901044,0.7817959031754882,88.57533694705971,1.2868963973571659,0.004390083889431531,,0.8106127001554164,,0,PRUNED
7,,,2026-10-06 00:20:06.475604,2026-10-06 00:20:10.004561,0 days 00:00:03.528957,0.8785354128262699,0.941618994497684,0.4028480086818538,12.6372078271405,0.36961576979053484,22.640264902833657,1.0689972448079066,9.011436459031126,0.08720537723255861,0.0019458701830849644,,1.4839127397282532,,0,PRUNED
8,,,2026-10-06 00:20:06.482340,2026-10-06 00:20:50.090520,0 days 00:00:43.608180,0.44723294754151444,0.4599202937603876,0.054022866283247206,4.333332760880127,1.3920207064241037,5.321273731727299,0.2148962988347412,7.195299587196983,0.09138841116465624,0.00239800732451441,0.46356470937021077,1.3414664576368742,,0,PRUNED
9,,,2026-10-06 00:20:06.487880,2026-10-06 00:20:47.820081,0 days 00:00:41.332201,0.5000117862409359,0.39148375843722033,0.2874277021555234,47.29022240417009,0.4163366559298684,7.822033932907504,0.967958944181655,7.448761719608937,1.2472932511282078,0.017035030323399782,0.2525921578386339,0.646658888838825,,0,PRUNED
10,,,2026-10-06 00:20:06.492985,2026-10-06 00:20:10.975883,0 days 00:00:04.482898,1.4258350192138833,0.7668956644001677,0.24931811268650558,35.79850793322728,0.1329203149981414,2.8153495627035845,1.1321116853958313,1.0786700145990147,1.4860438156996698,0.018494439904674583,,0.5768958530993604,,0,PRUNED
11,,,2026-10-06 00:20:06.511070,2026-10-06 00:20:10.734932,0 days 00:00:04.223862,1.4630248868297655,0.3184372847771243,0.07236683960217564,38.37289178708045,0.6411926526166546,2.5310550702265164,1.2162442278073207,93.94094489908362,1.1658430729684959,0.005054518881126315,,0.4211120864717272,,0,PRUNED
12,,,2026-10-06 00:20:06.520043,2026-10-06 00:20:47.026156,0 days 00:00:40.506113,0.14101370834848165,1.2381190143868468,0.02630289400190637,14.265327094969402,1.2057418061515088,12.228210913584022,0.39833948735310976,3.217822231478305,0.8794806057176869,0.015428335829275991,2.866132318938141,0.26122144844828116,,0,PRUNED
13,,,2026-10-06 00:20:06.529181,2026-10-06 00:20:10.713739,0 days 00:00:04.184558,1.1457178253266644,0.028665939790942507,0.9505459578812396,2.9080681218696403,1.2292079227862687,2.877229821430548,0.9827692009231255,9.456855657958501,1.199123043439045,0.0017910576507252525,,0.9738455861937807,,0,PRUNED
14,,,2026-10-06 00:20:06.534484,2026-10-06 00:20:10.728467,0 days 00:00:04.193983,1.469362180325857,0.474722068476566,0.41106173414171737,42.630792941858175,0.05209912575114345,21.57508270599945,0.9056825316234347,70.52823459192683,1.0166720349732308,0.005439227451596303,,1.3235305951369978,,0,PRUNED
15,7.9453679541022115,1.2897592953896835,2026-10-06 00:20:06.544488,2026-10-06 00:23:23.909835,0 days 00:03:17.365347,0.018148119798633067,0.412843900788044,0.019577635460823275,27.989553209249944,0.0867486708956362,6.65933944531556,0.5270605565304336,12.464214493324025,0.9880464780428212,0.01823448258676749,0.0019064044987409372,0.505449096654713,197.3652590829879,0,COMPLETE
16,17.670191775761406,4.9306230251740795,2026-10-06 00:20:06.552100,2026-10-06 00:23:32.384905,0 days 00:03:25.832805,0.44302975454438503,0.03589241939230381,0.9136447417382892,35.214476438758595,0.8611517197525734,61.523198623023674,1.2774205311592197,37.25694322017278,0.3981164215924415,0.04676397558818303,50.331366073611754,1.2797917165216257,205.8327311752364,0,COMPLETE
17,,,2026-10-06 00:20:06.556808,2026-10-06 00:20:10.813036,0 days 00:00:04.256228,1.1857001029545913,0.016952578083103298,0.10506407787686997,39.990521485411634,0.4493644569434507,34.176914530100724,0.29207055481860833,38.18817966606958,1.2509670445072163,0.02211924830296176,,0.009785298665247522,,0,PRUNED
18,,,2026-10-06 00:20:06.570732,2026-10-06 00:20:50.611047,0 days 00:00:44.040315,0.8439695008436405,0.4182600358970563,0.02983153274297343,40.126224696117745,0.0780938821196116,1.8162265519810328,0.33905516645380857,57.15815385128421,0.9036063800805669,0.031030818457263243,20.96418820261461,0.9988998722391733,,0,PRUNED
19,13.92719268644978,2.2905544946293372,2026-10-06 00:20:06.583530,2026-10-06 00:23:29.559489,0 days 00:03:22.975959,1.1528556986073335,0.14548761687974193,0.03706303152753862,37.14155522147211,1.3277492237003208,1.0099394084514903,0.4416815336496338,3.46641753826188,0.9035620594723017,0.008071106332559346,2.174905460591264,0.42784406768033983,202.9758810279891,0,COMPLETE
20,15.066314050886248,1.3249351866523158,2026-10-06 00:20:06.606434,2026-10-06 00:23:28.353223,0 days 00:03:21.746789,1.350503098526395,0.7347826529652479,0.08225225182467477,48.627835214953386,1.4257271037095816,7.596863112772716,1.3355598077240103,11.86468393276075,0.6168387269531914,0.039857659168572264,6.012937021051859e-06,0.9040411163974774,201.74670864548534,0,COMPLETE
21,,,2026-10-06 00:20:06.619878,2026-10-06 00:20:11.983475,0 days 00:00:05.363597,0.6734114258072175,0.14928475374464933,0.05650993765509901,43.38563365539951,0.4576145010348518,21.81546884390885,1.3007645647135955,55.947153929903735,0.7833832597315851,0.03579957810275661,,0.1515194224346309,,0,PRUNED
22,,,2026-10-06 00:20:06.627002,2026-10-06 00:20:51.742499,0 days 00:00:45.115497,0.8443021804035723,0.45165920807225574,0.021380890162403268,22.973680998741386,1.37832304991603,6.228369758865951,0.5272364470080155,15.218791794843703,1.33869895845706,0.04659089353763069,0.0773308589060746,1.4327515555665868,,0,PRUNED
23,7.481323054534625,2.3292245626057673,2026-10-06 00:20:06.651243,2026-10-06 00:23:33.147702,0 days 00:03:26.496459,0.060546265388346066,0.3302844949144075,0.0532413230490498,42.71119523260305,0.8841889724070015,2.16310059126409,0.15832097569838427,4.013161563125493,0.101223175087373,0.00558127631887117,0.0020274192488541187,0.7281876790380687,206.49638419691473,0,COMPLETE
24,,,2026-10-06 00:20:06.664749,2026-10-06 00:20:11.995832,0 days 00:00:05.331083,1.3994357395690964,1.170420435790398,0.2872731144076308,36.348071666546375,0.41903158140994184,7.85650509470544,0.9836462512258052,55.32876586550267,0.044789401089077974,0.0012156776955516485,,1.23548108730874,,0,PRUNED
25,,,2026-10-06 00:20:06.679450,2026-10-06 00:20:12.318027,0 days 00:00:05.638577,0.7391199130207932,1.2835442229613745,0.21423017912667455,37.12490071201379,1.4688927846614794,9.14682023065211,0.5299580256448013,3.1878473228729334,1.4537604684164045,0.025863832832067037,,0.047995839532668894,,0,PRUNED
26,14.48742512817525,1.9658033793789937,2026-10-06 00:20:06.684222,2026-10-06 00:23:39.227233,0 days 00:03:32.543011,0.3683390040074734,1.3789902886736445,0.04749114604633338,10.199976215490157,0.1838893604528366,7.848796072177387,0.7477341941415828,12.140720562726722,0.24599212191664255,0.011317627845130504,0.6610017588449868,0.1032534210991699,212.54289911780506,0,COMPLETE
27,,,2026-10-06 00:20:06.688818,2026-10-06 00:20:12.503845,0 days 00:00:05.815027,0.8846611250580605,1.0207527938950536,0.4887046098414359,28.53652577288395,0.6920700913358024,36.792077668278615,1.0985444564509592,61.18893214892371,1.4732664204238084,0.028165188733925494,,0.7407270259032932,,0,PRUNED
28,31.105091098369407,1.2438553509463741,2026-10-06 00:20:06.693378,2026-10-06 00:23:31.856700,0 days 00:03:25.163322,0.39568328879440856,0.26436360806232834,0.11369858697944095,5.814557047239577,0.631975484387248,16.211255471509773,0.4740161859265573,2.9177508597205857,0.742842471971084,0.06668334722343025,1.1762488306807034e-06,1.2901400551275988,205.16324725653976,0,COMPLETE
29,,,2026-10-06 00:20:06.714740,2026-10-06 00:20:13.259057,0 days 00:00:06.544317,0.9127690476202175,1.4311759288434187,0.04166068403273716,43.32261176098351,1.3824157682953149,55.021625679618865,0.4884511812792028,1.1742216798503435,0.44779227457500526,0.004383776630527914,,0.2101081949468851,,0,PRUNED
30,,,2026-10-06 00:20:06.732124,2026-10-06 00:20:54.590008,0 days 00:00:47.857884,1.1993519832186992,0.30644923210741504,0.08482658560566955,7.362350663312706,1.3155496543426377,1.610131855980504,0.524290212219602,1.316985368754365,1.0865051121836415,0.003197253887974413,0.005152626605749082,0.06912930883173729,,0,PRUNED
31,23.57643284250669,1.640528046560561,2026-10-06 00:20:06.750270,2026-10-06 00:23:27.667952,0 days 00:03:20.917682,0.05008148914855248,1.1505274476627716,0.34699519698385084,49.168071302148626,0.05714116461716917,42.44223698016689,0.38106229976815414,5.8774721288796,0.089910785226051,0.05018770758699738,0.020982657779287442,1.1540267369865085,200.9175901506096,0,COMPLETE
32,,,2026-10-06 00:20:06.767279,2026-10-06 00:20:56.529529,0 days 00:00:49.762250,0.5958172523261978,0.07307234622562736,0.7970048988128019,38.97971127237077,0.8595431886796272,61.35350912887289,1.3925287970076643,23.64970188567295,0.8576374127904182,0.07358929504776782,0.0036440849704072603,0.8234015538054006,,0,PRUNED
33,,,2026-10-06 00:20:06.772894,2026-10-06 00:20:14.066459,0 days 00:00:07.293565,0.9410525204596946,1.0235494813968375,0.0713656346277003,3.874070268538377,0.09739459735733069,2.3798959540137785,0.3626879117243299,1.8785978803450096,0.8360680074120688,0.0018943699610533484,,1.4454418222094998,,0,PRUNED
34,,,2026-10-06 00:20:06.790122,2026-10-06 00:20:56.826039,0 days 00:00:50.035917,0.7459037656888222,0.5031067825052846,0.08039257856551614,16.221841012017848,0.9367846862977781,18.419870858156294,0.5554792658011766,1.770181352770559,1.4406389960059767,0.02728545806294533,14.071326024413649,0.7445699013376863,,0,PRUNED
35,,,2026-10-06 00:20:06.794840,2026-10-06 00:20:14.718093,0 days 00:00:07.923253,0.9299994110677268,1.2016058833569163,0.025007040313108447,45.076189437259174,0.8042480181095756,1.4249114151445454,0.8113746271925131,16.902498425774894,1.1617851332171918,0.00376976163017552,,0.07857035421064279,,0,PRUNED
36,19.84623459727294,2.7848042016916947,2026-10-06 00:20:06.812494,2026-10-06 00:23:33.479317,0 days 00:03:26.666823,0.51115025563667,0.8661787220393558,0.5667882730348237,16.18523914545625,1.35460707310614,1.8968903642736075,0.3849061930847223,28.91431118099489,0.9858114614951333,0.09451323812326916,3.680314106392975e-06,0.6069618734849955,206.66674488410354,0,COMPLETE
37,,,2026-10-06 00:20:06.830124,2026-10-06 00:20:14.812556,0 days 00:00:07.982432,0.8022023511439784,0.9951415036210625,0.031974896056931115,38.746873107304566,1.2057906119187423,21.238493210134582,1.0096300173916273,1.8545005201283866,0.24042231010555298,0.001175972453667155,,0.761672731012846,,0,PRUNED
38,,,2026-10-06 00:20:06.847189,2026-10-06 00:20:14.820333,0 days 00:00:07.973144,0.1669390589043801,0.5911757655082452,0.022365254245745432,15.597162119902265,0.5008513836505869,1.2735459477621622,1.0740652826610453,18.567654276355423,0.40327107413920676,0.006192434399765628,,1.2759434653989228,,0,PRUNED
39,,,2026-10-06 00:20:06.864128,2026-10-06 00:20:14.800024,0 days 00:00:07.935896,1.1722220984397187,0.5426783097379908,0.528473958813565,16.001693463662455,1.4829805934037548,9.235412243055722,0.6687687581130921,1.9746873480985208,0.7147094709994255,0.0028949468112837193,,1.2930920794307543,,0,PRUNED
40,,,2026-10-06 00:20:06.882101,2026-10-06 00:20:14.641879,0 days 00:00:07.759778,0.32405781708320053,0.9163854597371279,0.019914259412172453,34.93849724204598,0.6422252071097119,41.653759213294094,1.4225446487145725,77.10203835656132,0.6148428575846671,0.006668270833350791,,0.2299949517456183,,0,PRUNED
41,16.416868709840983,1.2624836292681187,2026-10-06 00:20:06.899141,2026-10-06 00:23:32.024808,0 days 00:03:25.125667,1.2061564360408807,0.1430034465046131,0.08837582562659566,25.234946341998025,1.2957825863457457,1.2305092695987363,0.09918475277409838,38.342083961233584,0.7360596685479106,0.04307095774988902,25.884048700332063,1.0281652581298224,205.1255858419463,0,COMPLETE
42,,,2026-10-06 00:20:06.917133,2026-10-06 00:20:14.938567,0 days 00:00:08.021434,1.3979612461019826,0.6213798155178241,0.013214410880413273,25.261662915284557,0.5986044253108664,6.950348475316849,0.5100037143225243,34.09690016271456,0.5198984827486162,0.006350802385569598,,1.3208851366703915,,0,PRUNED
43,9.67981893897549,1.2144949437813013,2026-10-06 00:20:06.921775,2026-10-06 00:23:29.870575,0 days 00:03:22.948800,0.5039637495205975,0.4251772613094948,0.012211327202938348,42.06372542616837,1.2900779429460325,1.5113429742994924,1.1280116891888747,2.3373796601487378,0.30661206121250795,0.026403953217699373,3.6616593639518453e-06,1.419125977545681,202.94873123895377,0,COMPLETE
44,5.222250937586402,1.2272187070842215,2026-10-06 00:20:06.939130,2026-10-06 00:23:29.386948,0 days 00:03:22.447818,0.4302692709543224,1.2810910972027436,0.02069954761389965,48.659380697768356,0.033838830671290676,15.526949838424914,0.7421915903262628,2.217638298279108,1.2828433614923278,0.08695836233498018,0.023563324916347852,1.1150061462044734,202.44773492403328,0,COMPLETE
45,13.224586242640527,1.2972123340144055,2026-10-06 00:20:06.943886,2026-10-06 00:23:28.803683,0 days 00:03:21.859797,0.06702146612037119,0.6742804161302214,0.6653298622185286,11.453469267944222,0.6771629944811298,2.9411184445840823,1.1786567612495638,2.202768260511427,0.885501161747389,0.06871273907969615,11.098946419923507,0.8336722019806058,201.85970880277455,0,COMPLETE
46,,,2026-10-06 00:20:06.961112,2026-10-06 00:20:16.412040,0 days 00:00:09.450928,0.5108082682779942,0.9564410422053286,0.011498082813069625,5.421879963554356,0.9961826023279589,23.642305435929757,0.5712228886849744,57.17013126875474,0.7967376397751533,0.011099417560521465,,0.10806077174312789,,0,PRUNED
47,,,2026-10-06 00:20:06.965840,2026-10-06 00:20:16.454978,0 days 00:00:09.489138,0.007583877036476061,0.843925709733029,0.01604284340569695,12.213352978374903,1.059447863392422,46.17557701841689,0.45886927796244315,27.217185189053858,0.19912655946697727,0.01355234724200024,,0.7947729841450423,,0,PRUNED
48,11.656301051465642,1.6211510588125426,2026-10-06 00:20:06.983134,2026-10-06 00:23:29.573988,0 days 00:03:22.590854,0.8624802261655569,0.6501700509580446,0.6124338974866915,14.08966309271077,0.8836007847582239,1.141452592801382,0.6870604803970851,81.49491139905747,0.034451088911187255,0.05649962959904967,73.078783196993,0.6589736786459215,202.59077900461853,0,COMPLETE
49,,,2026-10-06 00:20:06.987933,2026-10-06 00:20:16.984183,0 days 00:00:09.996250,0.180255647368033,1.033879723518774,0.014353514468148379,43.764127817583805,1.0628017284967983,3.4577610966913546,0.9564603724847764,7.502499130379287,1.3385648020854022,0.01711058210184345,,1.0343628363985515,,0,PRUNED
50,,,2026-10-06 00:20:07.005115,2026-10-06 00:20:17.418071,0 days 00:00:10.412956,0.1034940252259256,1.3915906066606465,0.04358930194560732,22.853366591912174,1.0744658645702259,64.15140559079704,0.9177278123018174,9.530766740019219,1.3484995716602155,0.002398264941987709,,0.2108725470133458,,0,PRUNED
51,,,2026-10-06 00:20:07.022568,2026-10-06 00:20:17.528064,0 days 00:00:10.505496,1.1476717045670843,1.083489890805132,0.8798811870691551,21.337680236093124,1.2456469154415644,38.95087451644195,1.4565203052134592,15.812885439155794,0.07307093673164,0.0015582204390652463,,1.039112360334519,,0,PRUNED
52,,,2026-10-06 00:20:07.040114,2026-10-06 00:22:52.583011,0 days 00:02:45.542897,1.1948824120099992,0.4491471097936153,0.13613703644378974,27.938443616613544,0.7551044998557315,1.5619042625314534,1.3674237217387857,2.946604958754934,0.6532532163579932,0.002665552788622017,11.918152237618987,0.9575127504401779,,0,PRUNED
53,,,2026-10-06 00:20:07.057352,2026-10-06 00:20:18.513170,0 days 00:00:11.455818,0.6577154784629962,0.4380542092308143,0.08263790099395783,42.72470372193159,0.5697751011020082,67.89665632058578,0.6850988548825172,24.536824249763693,0.876103367326643,0.0031979915829466474,,0.6994162038107663,,0,PRUNED
54,,,2026-10-06 00:20:07.075143,2026-10-06 00:20:18.895014,0 days 00:00:11.819871,1.3507459413790726,1.3151034234291317,0.17390990873638765,41.26495178075957,0.8917046849896723,53.47550518828658,0.43486732699609565,2.7602075109680086,0.030756840309883793,0.00524137411473351,,0.17652019449509554,,0,PRUNED
55,,,2026-10-06 00:20:07.092119,2026-10-06 00:20:17.887991,0 days 00:00:10.795872,1.2725856433806322,0.8077173900547139,0.03652819354571438,16.740997672107913,0.9630830917379851,6.720427312358795,1.0038468458814693,9.106109475500931,1.3956026998878879,0.02934932005301951,,0.893112971163035,,0,PRUNED
56,15.824710328820819,1.6721593584161436,2026-10-06 00:20:07.096824,2026-10-06 00:23:31.249437,0 days 00:03:24.152613,1.0121924212183635,0.18176572098585708,0.13494347608245139,8.556213008137046,0.03380872232355703,3.2854396341739385,0.4963749931892908,1.8688105434515534,0.48923768793752204,0.029771009616437947,29.057063991695806,1.1827732174347347,204.15254469309002,0,COMPLETE
57,,,2026-10-06 00:20:07.117091,2026-10-06 00:20:18.876026,0 days 00:00:11.758935,1.2655080817790096,0.7372158450342854,0.0169126505030491,21.376817452355322,0.32842993866030734,57.49179292105273,0.4690679494857955,1.3281915990248594,1.3187755499039064,0.0012532460323581014,,1.471591920239046,,0,PRUNED
58,,,2026-10-06 00:20:07.141105,2026-10-06 00:21:01.218039,0 days 00:00:54.076934,1.3692399002845355,0.3532298367819505,0.09637336265196092,17.05104883458242,1.2571356015362607,9.43584715710932,0.23894637323826523,1.9984868578000552,0.6899053567788687,0.004387856402280118,1.7569853188297324,0.4428091054180016,,0,PRUNED
59,,,2026-10-06 00:20:07.163724,2026-10-06 00:20:18.445034,0 days 00:00:11.281310,0.7179421167605322,0.9916663160340126,0.022214407236121825,29.14544607616859,0.8943568634892191,39.283412220911266,0.1567863605166746,6.67498829168649,0.9073600708422589,0.0028866809114602484,,0.14463459409388074,,0,PRUNED
60,,,2026-10-06 00:20:07.181302,2026-10-06 00:20:18.518979,0 days 00:00:11.337677,0.9784702454395058,0.36123975908812483,0.8835751988671244,38.666140233608054,0.7341106582547539,1.260437414956896,0.6470178434207473,60.02686539161374,0.5175987241983915,0.006928798449493051,,1.3710079260031978,,0,PRUNED
61,3.0174394908023308,1.2032377551770108,2026-10-06 00:20:07.198523,2026-10-06 00:23:34.120330,0 days 00:03:26.921807,0.11194100745841229,0.9563120461373492,0.014783693437078525,38.03736785107325,0.10552252205769203,12.792145302067274,0.8973072865027596,4.0307057330683245,0.541607524504667,0.04875818193070004,0.00033444501883062857,0.6540378194181338,206.9217268815264,0,COMPLETE
62,,,2026-10-06 00:20:07.216104,2026-10-06 00:20:18.435439,0 days 00:00:11.219335,0.5881862032267916,0.7449738803546953,0.3916814171699842,35.55649370402898,0.09808521509519025,1.2232851398738411,1.4574918679337607,26.92305256178533,0.6537678818644501,0.0032104598818963126,,1.1634757415091608,,0,PRUNED
63,,,2026-10-06 00:20:07.220875,2026-10-06 00:20:55.956038,0 days 00:00:48.735163,0.6006432669535273,1.2289827702920337,0.016129653236881626,36.105342535264455,1.0111096074301955,12.503988745829709,0.9381277825258212,3.838522021001744,0.8905453616118986,0.022196221211764962,0.05482228050807426,1.3027621662178415,,0,PRUNED
