number,values_0,values_1,datetime_start,datetime_complete,duration,params_between_rest_spread,params_c_spread,params_c_val,params_input_force,params_k_between_spread,params_k_between_val,params_k_wall_spread,params_k_wall_val,params_m_spread,params_m_val,params_ridge_alpha,params_wall_rest_spread,user_attrs_duration_sec,system_attrs_NSGAIISampler:generation,state
5133,24.719086673191054,11.196314261486094,2026-10-06 03:27:15.443988,2026-10-06 03:30:27.203940,0 days 00:03:11.759952,0.7123418565646167,0.07861675458476158,0.5926143650576037,10.877854836518644,0.6087670929915812,3.7403947741191828,1.4690823188003486,45.6508402201298,0.2975664073833317,0.03038027549946027,4.343429493003475e-06,1.1540267369865085,191.75984652806073,33,COMPLETE
5134,30.547634138293063,20.8546595849305,2026-10-06 03:27:15.720012,2026-10-06 03:30:28.655298,0 days 00:03:12.935286,0.9158653711831447,0.19189790819770397,0.5926143650576037,7.244472656270025,0.2395452449940939,98.6416708615901,0.7638461919908635,35.86671955459044,0.08173395261699556,0.024099244621516126,4.343429493003475e-06,0.7699502779177346,192.93516559991986,33,COMPLETE
5135,54.55634213838181,1.303173948830649,2026-10-06 03:27:16.498584,2026-10-06 03:30:25.971751,0 days 00:03:09.473167,0.8010869639365119,0.7186098618255685,0.12473365325853412,11.991629079089469,0.33279388005294136,94.61146042672904,1.484226923085714,5.8774721288796,0.3936576523393438,0.03038027549946027,4.343429493003475e-06,1.1540267369865085,189.47306257486343,33,COMPLETE
5136,34.02092229179412,17.758883367766387,2026-10-06 03:27:16.629115,2026-10-06 03:30:26.770601,0 days 00:03:10.141486,0.7407180681038071,0.21606902729252941,0.5926143650576037,10.877854836518644,0.2395452449940939,98.6416708615901,0.7297455375332902,19.15408445903519,0.4212595585654096,0.03038027549946027,2.1038771230648366e-06,0.7699502779177346,190.1413654461503,33,COMPLETE
5137,39.39692697094194,9.901418826603054,2026-10-06 03:27:18.427984,2026-10-06 03:30:29.399613,0 days 00:03:10.971629,1.1546551456676255,0.2965654106455736,0.5667882730348237,11.991629079089469,0.33279388005294136,94.61146042672904,1.484226923085714,5.8774721288796,0.3936576523393438,0.03038027549946027,4.343429493003475e-06,1.1540267369865085,190.97150546964258,33,COMPLETE
5138,,,2026-10-06 03:27:37.701012,2026-10-06 03:27:38.950081,0 days 00:00:01.249069,0.32522926579248107,0.2965654106455736,0.4120579376102117,5.245413993140336,0.9865678938585828,85.69762729633804,1.484226923085714,96.34228131964339,0.08173395261699556,0.0036495660595329163,,0.7296704665126732,,33,PRUNED
5139,,,2026-10-06 03:27:39.093296,2026-10-06 03:27:40.429063,0 days 00:00:01.335767,0.51115025563667,0.21606902729252941,0.4120579376102117,17.76241655250916,0.33279388005294136,85.69762729633804,0.06357020464405883,19.15408445903519,0.4212595585654096,0.0019527185928626255,,0.7699502779177346,,33,PRUNED
5140,44.469054607275005,5.644809679804498,2026-10-06 03:27:40.548017,2026-10-06 03:30:54.573978,0 days 00:03:14.025961,0.51115025563667,0.7186098618255685,0.4120579376102117,5.245413993140336,0.33279388005294136,94.61146042672904,0.6419517764288287,5.8774721288796,0.026937100580568585,0.03038027549946027,4.343429493003475e-06,1.1540267369865085,194.0258297836408,33,COMPLETE
5141,32.59205104873311,10.284002085027948,2026-10-06 03:27:48.740010,2026-10-06 03:31:02.310819,0 days 00:03:13.570809,0.9158653711831447,0.21606902729252941,0.4120579376102117,35.81861578514699,0.6087670929915812,98.6416708615901,0.7297455375332902,19.15408445903519,0.007925456797868324,0.03038027549946027,2.1038771230648366e-06,1.1540267369865085,193.57068896573037,33,COMPLETE
5142,,,2026-10-06 03:27:49.479387,2026-10-06 03:28:29.553028,0 days 00:00:40.073641,0.9158653711831447,0.2965654106455736,0.2345370319995722,5.245413993140336,0.6087670929915812,98.6416708615901,1.484226923085714,5.8774721288796,0.3936576523393438,0.03038027549946027,4.343429493003475e-06,1.2974912099205862,,33,PRUNED
5143,,,2026-10-06 03:27:50.176997,2026-10-06 03:30:27.880119,0 days 00:02:37.703122,0.51115025563667,0.07861675458476158,0.807738690329122,21.183844928151355,0.3519093950798047,17.863232583080816,0.2772678499367636,45.6508402201298,1.054820420532272,0.03038027549946027,4.343429493003475e-06,1.2974912099205862,,33,PRUNED
5144,52.24457081690524,1.4311320607792481,2026-10-06 03:27:50.968995,2026-10-06 03:31:06.322832,0 days 00:03:15.353837,0.8010869639365119,0.7186098618255685,0.2345370319995722,10.877854836518644,0.506401025718823,98.6416708615901,1.484226923085714,1.1445112738702679,0.28988344429582863,0.03038027549946027,0.0007643294085591938,0.06813310163640623,195.35373646207154,33,COMPLETE
5145,,,2026-10-06 03:27:51.714994,2026-10-06 03:27:52.222061,0 days 00:00:00.507067,0.9158653711831447,1.4577289811284795,0.5926143650576037,37.518532089211426,0.2395452449940939,98.6416708615901,0.2951838235399127,41.66154811682372,0.08173395261699556,0.024099244621516126,,0.9638646410845565,,33,PRUNED
5146,,,2026-10-06 03:27:52.415007,2026-10-06 03:28:27.679293,0 days 00:00:35.264286,0.6261788801282305,0.19189790819770397,0.5667882730348237,10.877854836518644,0.33279388005294136,98.6416708615901,0.7518185550990375,23.475624031055144,0.3676044917349766,0.024099244621516126,4.343429493003475e-06,1.2974912099205862,,33,PRUNED
5147,27.81470457260799,9.39815117711103,2026-10-06 03:27:53.614153,2026-10-06 03:31:06.269629,0 days 00:03:12.655476,0.51115025563667,0.07861675458476158,0.6263681509339898,21.183844928151355,0.3519093950798047,94.61146042672904,1.484226923085714,19.15408445903519,0.3054149949472662,0.03280586071940829,0.01425335758850952,1.1540267369865085,192.65536082163453,33,COMPLETE
5148,41.25404385754019,8.938696993725175,2026-10-06 03:27:55.736008,2026-10-06 03:31:04.154022,0 days 00:03:08.418014,0.32522926579248107,0.7186098618255685,0.5667882730348237,5.245413993140336,0.33279388005294136,98.6416708615901,1.484226923085714,19.15408445903519,0.3676044917349766,0.03038027549946027,4.343429493003475e-06,1.2974912099205862,188.4178843619302,33,COMPLETE
5149,25.56156834401137,25.98702704864852,2026-10-06 03:27:56.081159,2026-10-06 03:31:06.171162,0 days 00:03:10.090003,0.51115025563667,0.19189790819770397,0.778294044131552,21.183844928151355,0.3519093950798047,94.61146042672904,0.6419517764288287,35.86671955459044,0.4212595585654096,0.03038027549946027,4.343429493003475e-06,0.7699502779177346,190.0898824390024,33,COMPLETE
5150,,,2026-10-06 03:27:56.084966,2026-10-06 03:27:56.952372,0 days 00:00:00.867406,0.7407180681038071,1.1891258799302495,0.5926143650576037,7.244472656270025,0.6435675252042123,98.6416708615901,1.484226923085714,35.86671955459044,0.08173395261699556,0.03280586071940829,,0.23886283196880004,,33,PRUNED
5151,49.95628174100171,3.4151455744094714,2026-10-06 03:27:57.230999,2026-10-06 03:31:05.815925,0 days 00:03:08.584926,0.8010869639365119,0.7186098618255685,0.31283532117804513,5.245413993140336,0.33279388005294136,98.6416708615901,0.9486097896290084,5.8774721288796,0.4212595585654096,0.03038027549946027,4.343429493003475e-06,1.1540267369865085,188.5848068157211,33,COMPLETE
5152,,,2026-10-06 03:27:57.277990,2026-10-06 03:27:57.618103,0 days 00:00:00.340113,0.51115025563667,1.0488707694684916,0.5926143650576037,10.877854836518644,0.2395452449940939,94.61146042672904,1.4690823188003486,23.475624031055144,0.007925456797868324,0.03038027549946027,,1.2974912099205862,,33,PRUNED
5153,31.24267161205277,17.887414516967556,2026-10-06 03:27:57.894997,2026-10-06 03:31:05.853303,0 days 00:03:07.958306,0.7123418565646167,0.2284118304472575,0.5667882730348237,5.245413993140336,0.33279388005294136,98.6416708615901,0.8058815826628162,41.66154811682372,0.08173395261699556,0.024099244621516126,4.343429493003475e-06,0.7296704665126732,187.95819438062608,33,COMPLETE
5154,,,2026-10-06 03:28:22.696031,2026-10-06 03:28:24.531063,0 days 00:00:01.835032,0.8010869639365119,0.8717951055729352,0.5667882730348237,10.877854836518644,0.33279388005294136,98.6416708615901,0.7518185550990375,19.15408445903519,0.4212595585654096,0.03038027549946027,,1.2974912099205862,,33,PRUNED
5155,39.00602120558624,6.4704608909819,2026-10-06 03:28:24.556158,2026-10-06 03:31:40.849732,0 days 00:03:16.293574,0.7407180681038071,0.7186098618255685,0.4120579376102117,5.245413993140336,0.6087670929915812,98.6416708615901,0.6419517764288287,41.66154811682372,0.026937100580568585,0.03038027549946027,2.1038771230648366e-06,1.1540267369865085,196.29342719353735,33,COMPLETE
5156,29.223539561963502,23.98355091883506,2026-10-06 03:28:25.168248,2026-10-06 03:31:35.583865,0 days 00:03:10.415617,0.7123418565646167,0.19189790819770397,0.5926143650576037,10.877854836518644,0.2395452449940939,98.6416708615901,0.7638461919908635,41.66154811682372,0.08173395261699556,0.024099244621516126,4.343429493003475e-06,1.1540267369865085,190.41548684984446,33,COMPLETE
5157,,,2026-10-06 03:28:25.171966,2026-10-06 03:29:02.570094,0 days 00:00:37.398128,0.6775759777641851,0.3710922296723819,0.5667882730348237,5.245413993140336,0.6087670929915812,98.6416708615901,1.4690823188003486,41.66154811682372,0.3054149949472662,0.03038027549946027,4.343429493003475e-06,0.3087654291085318,,33,PRUNED
5158,25.4803023330925,1.2323392546727807,2026-10-06 03:28:25.428020,2026-10-06 03:31:42.263896,0 days 00:03:16.835876,0.9158653711831447,0.2300030730593145,0.049893622221414136,10.877854836518644,0.2395452449940939,98.6416708615901,1.4690823188003486,30.331514705756458,0.2975664073833317,0.03038027549946027,4.343429493003475e-06,1.1540267369865085,196.83564686682075,33,COMPLETE
5159,25.809860792150783,26.62112792669938,2026-10-06 03:28:27.763987,2026-10-06 03:31:46.153824,0 days 00:03:18.389837,0.51115025563667,0.07861675458476158,0.807738690329122,21.183844928151355,0.3519093950798047,94.61146042672904,0.396687138771568,45.6508402201298,0.3054149949472662,0.03038027549946027,4.343429493003475e-06,1.2974912099205862,198.38973290473223,33,COMPLETE
5160,30.106898739143652,14.458206857935926,2026-10-06 03:28:29.606991,2026-10-06 03:31:44.773878,0 days 00:03:15.166887,0.7407180681038071,0.21606902729252941,0.5926143650576037,10.877854836518644,0.2395452449940939,98.6416708615901,0.7297455375332902,19.15408445903519,0.5210661428334639,0.03038027549946027,2.1038771230648366e-06,0.7699502779177346,195.16676853504032,33,COMPLETE
5161,23.553228021663287,27.874146210889467,2026-10-06 03:28:29.624000,2026-10-06 03:31:42.781116,0 days 00:03:13.157116,0.51115025563667,0.07861675458476158,0.8554669261329271,21.183844928151355,0.3519093950798047,94.61146042672904,0.396687138771568,45.6508402201298,0.007925456797868324,0.03038027549946027,2.1038771230648366e-06,1.2974912099205862,193.15700709354132,33,COMPLETE
5162,44.836393123658425,6.2037937368389,2026-10-06 03:28:31.185988,2026-10-06 03:31:44.452884,0 days 00:03:13.266896,0.8010869639365119,0.2965654106455736,0.4120579376102117,5.245413993140336,0.33279388005294136,94.61146042672904,1.484226923085714,7.242018006177657,0.28988344429582863,0.03038027549946027,2.1038771230648366e-06,1.1540267369865085,193.26677380036563,33,COMPLETE
5163,41.85774394552072,6.086446190326085,2026-10-06 03:28:31.194814,2026-10-06 03:31:43.133133,0 days 00:03:11.938319,0.8010869639365119,0.2284118304472575,0.2345370319995722,11.991629079089469,0.33279388005294136,73.92291677327528,1.080654620868664,7.242018006177657,0.08173395261699556,0.024099244621516126,4.343429493003475e-06,1.1540267369865085,191.9382074456662,33,COMPLETE
5164,33.279148376870154,11.319058323465548,2026-10-06 03:28:31.197948,2026-10-06 03:31:42.210101,0 days 00:03:11.012153,0.51115025563667,0.2284118304472575,0.4120579376102117,5.245413993140336,0.2076408105675145,98.6416708615901,1.080654620868664,19.15408445903519,0.4212595585654096,0.024099244621516126,4.343429493003475e-06,0.7296704665126732,191.01204637717456,33,COMPLETE
5165,0.26011448624759365,1.2095850550657834,2026-10-06 03:28:32.754002,2026-10-06 03:31:45.061864,0 days 00:03:12.307862,0.9158653711831447,0.2284118304472575,0.012232351942918789,11.991629079089469,0.5557547632162355,85.69762729633804,0.6419517764288287,5.8774721288796,0.08173395261699556,0.024099244621516126,4.343429493003475e-06,0.7296704665126732,192.30776339769363,33,COMPLETE
5166,33.50477020924561,19.669378897270523,2026-10-06 03:28:33.388153,2026-10-06 03:31:42.175966,0 days 00:03:08.787813,0.6775759777641851,0.2284118304472575,0.5926143650576037,10.877854836518644,0.33279388005294136,98.6416708615901,1.4690823188003486,23.475624031055144,0.2975664073833317,0.024099244621516126,2.1038771230648366e-06,1.1570642934500739,188.7876959266141,33,COMPLETE
5167,,,2026-10-06 03:28:54.025140,2026-10-06 03:29:33.437049,0 days 00:00:39.411909,0.7407180681038071,0.3710922296723819,0.5926143650576037,10.877854836518644,0.5863867861229872,98.6416708615901,0.7297455375332902,23.475624031055144,0.2975664073833317,0.03038027549946027,2.1038771230648366e-06,1.1540267369865085,,33,PRUNED
5168,,,2026-10-06 03:29:03.052667,2026-10-06 03:29:42.933038,0 days 00:00:39.880371,0.5191677200171883,0.8715336252138003,0.020136091089996155,5.245413993140336,0.6087670929915812,98.6416708615901,1.484226923085714,5.8774721288796,0.3936576523393438,0.03038027549946027,2.1038771230648366e-06,1.2974912099205862,,33,PRUNED
5169,46.353109604109974,6.1217506813288285,2026-10-06 03:29:04.271009,2026-10-06 03:32:18.186720,0 days 00:03:13.915711,0.9158653711831447,0.7186098618255685,0.4120579376102117,11.991629079089469,0.6087670929915812,98.6416708615901,1.080654620868664,5.8774721288796,0.007925456797868324,0.03038027549946027,2.1038771230648366e-06,1.1540267369865085,193.91557296738029,33,COMPLETE
5170,,,2026-10-06 03:29:06.084996,2026-10-06 03:29:07.517430,0 days 00:00:01.432434,0.7407180681038071,0.19189790819770397,0.5926143650576037,10.877854836518644,0.33279388005294136,98.6416708615901,1.484226923085714,35.86671955459044,0.4212595585654096,0.03280586071940829,,1.1540267369865085,,33,PRUNED
5171,,,2026-10-06 03:29:07.172127,2026-10-06 03:29:46.018059,0 days 00:00:38.845932,0.32522926579248107,0.3594023389304707,0.4120579376102117,10.877854836518644,0.2395452449940939,98.6416708615901,1.484226923085714,5.8774721288796,0.4212595585654096,0.020572065656485554,4.343429493003475e-06,1.2974912099205862,,33,PRUNED
5172,,,2026-10-06 03:29:07.649994,2026-10-06 03:29:08.447081,0 days 00:00:00.797087,0.51115025563667,0.07861675458476158,0.2345370319995722,5.245413993140336,0.3519093950798047,94.61146042672904,1.484226923085714,45.6508402201298,0.28988344429582863,0.03038027549946027,,1.2974912099205862,,33,PRUNED
5173,,,2026-10-06 03:29:08.933145,2026-10-06 03:29:09.317111,0 days 00:00:00.383966,0.51115025563667,0.07861675458476158,0.807738690329122,21.183844928151355,1.405589926697179,98.6416708615901,0.396687138771568,41.66154811682372,0.3787184497362417,0.03038027549946027,,0.23886283196880004,,33,PRUNED
5174,46.477225959065535,5.436582523648081,2026-10-06 03:29:09.471001,2026-10-06 03:32:19.628835,0 days 00:03:10.157834,0.9158653711831447,0.2965654106455736,0.4120579376102117,5.245413993140336,0.6087670929915812,94.61146042672904,1.484226923085714,5.8774721288796,0.08173395261699556,0.03038027549946027,2.1038771230648366e-06,1.1540267369865085,190.157604156062,33,COMPLETE
5175,,,2026-10-06 03:29:09.708176,2026-10-06 03:29:10.202042,0 days 00:00:00.493866,0.32522926579248107,0.2965654106455736,0.5926143650576037,5.245413993140336,0.2395452449940939,94.61146042672904,1.484226923085714,19.15408445903519,0.927909957371907,0.03038027549946027,,1.1540267369865085,,33,PRUNED
5176,,,2026-10-06 03:29:10.128999,2026-10-06 03:29:10.554060,0 days 00:00:00.425061,1.1546551456676255,0.3710922296723819,0.13366034083807832,5.245413993140336,1.4553137079763356,98.6416708615901,1.484226923085714,41.66154811682372,0.3676044917349766,0.03038027549946027,,1.2974912099205862,,33,PRUNED
5177,,,2026-10-06 03:29:10.772172,2026-10-06 03:29:11.496082,0 days 00:00:00.723910,0.8010869639365119,0.7186098618255685,0.807738690329122,12.214752017762354,0.33279388005294136,98.6416708615901,1.484226923085714,41.66154811682372,0.28988344429582863,0.03038027549946027,,1.1540267369865085,,33,PRUNED
5178,45.15316249281237,5.3337493361311985,2026-10-06 03:29:10.775957,2026-10-06 03:32:23.128729,0 days 00:03:12.352772,0.51115025563667,0.2965654106455736,0.4120579376102117,5.245413993140336,0.33279388005294136,98.6416708615901,1.484226923085714,5.8774721288796,0.15450841561573675,0.03280586071940829,4.343429493003475e-06,1.1540267369865085,192.35265942197293,33,COMPLETE
5179,,,2026-10-06 03:29:10.779945,2026-10-06 03:29:12.252056,0 days 00:00:01.472111,0.8753842917217163,0.8715336252138003,0.807738690329122,21.183844928151355,0.6087670929915812,94.61146042672904,1.484226923085714,5.8774721288796,0.08173395261699556,0.03038027549946027,,1.4790292570344676,,33,PRUNED
5180,48.77742715995921,2.0163699833403053,2026-10-06 03:29:10.969004,2026-10-06 03:32:23.322810,0 days 00:03:12.353806,0.9158653711831447,0.7186098618255685,0.2345370319995722,5.245413993140336,0.6087670929915812,94.61146042672904,0.6419517764288287,5.8774721288796,0.08173395261699556,0.03038027549946027,2.1038771230648366e-06,1.1540267369865085,192.3536805640906,33,COMPLETE
5181,46.03973509873889,3.8401889426290614,2026-10-06 03:29:12.367985,2026-10-06 03:32:20.117580,0 days 00:03:07.749595,0.8010869639365119,0.19189790819770397,0.2345370319995722,11.991629079089469,0.33279388005294136,85.69762729633804,1.484226923085714,5.8774721288796,0.4212595585654096,0.03038027549946027,4.343429493003475e-06,0.7699502779177346,187.74948534648865,33,COMPLETE
5182,24.888291560907906,26.93203515984363,2026-10-06 03:29:12.483986,2026-10-06 03:32:20.057752,0 days 00:03:07.573766,0.9158653711831447,0.19189790819770397,0.778294044131552,21.183844928151355,0.33279388005294136,94.61146042672904,0.6419517764288287,45.6508402201298,0.3054149949472662,0.03038027549946027,4.343429493003475e-06,0.1281305020275954,187.57365302089602,33,COMPLETE
5183,,,2026-10-06 03:29:12.491966,2026-10-06 03:29:12.704489,0 days 00:00:00.212523,0.7407180681038071,0.7186098618255685,0.2345370319995722,10.877854836518644,0.33279388005294136,94.61146042672904,0.6419517764288287,41.66154811682372,0.2975664073833317,0.007608463131974621,,1.1540267369865085,,33,PRUNED
5184,54.85554706856628,1.3288062395936744,2026-10-06 03:29:12.929007,2026-10-06 03:32:20.432842,0 days 00:03:07.503835,0.8010869639365119,0.2454924989231811,0.12615106220885586,10.877854836518644,0.506401025718823,98.6416708615901,1.484226923085714,5.8774721288796,0.28988344429582863,0.03038027549946027,2.1038771230648366e-06,1.2974912099205862,187.50371616892517,33,COMPLETE
5185,35.43231923914942,15.246905789429366,2026-10-06 03:29:13.572157,2026-10-06 03:32:22.991960,0 days 00:03:09.419803,0.32522926579248107,0.21606902729252941,0.5673687007336011,8.556213008137046,0.2395452449940939,94.61146042672904,1.484226923085714,19.15408445903519,0.2975664073833317,0.03038027549946027,4.343429493003475e-06,1.1540267369865085,189.41968495212495,33,COMPLETE
5186,,,2026-10-06 03:29:14.497009,2026-10-06 03:29:53.589083,0 days 00:00:39.092074,0.9158653711831447,0.8715336252138003,0.2345370319995722,5.245413993140336,0.6087670929915812,94.61146042672904,1.484226923085714,48.92872277712389,0.08173395261699556,0.03038027549946027,2.1038771230648366e-06,0.06813310163640623,,33,PRUNED
5187,48.4845640655728,3.8435720727311864,2026-10-06 03:29:33.455037,2026-10-06 03:32:53.102634,0 days 00:03:19.647597,0.5750658244356358,0.1774853464918587,0.2345370319995722,5.245413993140336,0.33279388005294136,98.6416708615901,1.484226923085714,7.242018006177657,0.28988344429582863,0.03038027549946027,4.343429493003475e-06,0.03334204897664861,199.6474639205262,33,COMPLETE
5188,,,2026-10-06 03:29:35.133096,2026-10-06 03:29:36.546245,0 days 00:00:01.413149,0.7407180681038071,0.3710922296723819,0.5926143650576037,10.877854836518644,0.33279388005294136,98.6416708615901,0.7297455375332902,41.66154811682372,1.1889582563628451,0.03038027549946027,,1.1540267369865085,,33,PRUNED
5189,,,2026-10-06 03:29:36.626008,2026-10-06 03:29:37.789637,0 days 00:00:01.163629,0.9158653711831447,0.7186098618255685,0.5667882730348237,44.86162996702144,0.2395452449940939,98.6416708615901,0.6419517764288287,5.8774721288796,0.9696523892624503,0.03038027549946027,,1.1540267369865085,,33,PRUNED
5190,57.284170661466376,1.2982926005784376,2026-10-06 03:29:37.427004,2026-10-06 03:32:51.879039,0 days 00:03:14.452035,0.7407180681038071,0.3710922296723819,0.12615106220885586,10.877854836518644,0.506401025718823,94.61146042672904,1.484226923085714,1.1445112738702679,0.026937100580568585,0.03038027549946027,2.1038771230648366e-06,1.2974912099205862,194.4518955759704,33,COMPLETE
5191,32.54065710994335,16.38845906825415,2026-10-06 03:29:37.805229,2026-10-06 03:32:49.050086,0 days 00:03:11.244857,0.51115025563667,0.30758546045292645,0.5667882730348237,10.877854836518644,0.33279388005294136,85.69762729633804,1.080654620868664,35.86671955459044,0.08173395261699556,0.03280586071940829,4.343429493003475e-06,1.1540267369865085,191.24471954163164,33,COMPLETE
5192,38.425332587728214,1.9123069690224046,2026-10-06 03:29:41.130364,2026-10-06 03:32:55.388280,0 days 00:03:14.257916,0.7941453801831695,0.7186098618255685,0.12615106220885586,10.877854836518644,0.2395452449940939,94.61146042672904,1.4690823188003486,23.475624031055144,0.2975664073833317,0.024099244621516126,4.343429493003475e-06,1.1540267369865085,194.25778613239527,33,COMPLETE
5193,26.69624278501999,2.4627793724100955,2026-10-06 03:29:42.919264,2026-10-06 03:32:55.957703,0 days 00:03:13.038439,0.8010869639365119,0.07861675458476158,0.807738690329122,5.245413993140336,0.33279388005294136,94.61146042672904,1.2898828018697517,1.2928609201129306,0.3054149949472662,0.021966873773064614,4.343429493003475e-06,1.3890637168667692,193.03832370974123,33,COMPLETE
