number,values_0,values_1,datetime_start,datetime_complete,duration,params_between_rest_spread,params_c_spread,params_c_val,params_input_force,params_k_between_spread,params_k_between_val,params_k_wall_spread,params_k_wall_val,params_m_spread,params_m_val,params_ridge_alpha,params_wall_rest_spread,user_attrs_duration_sec,system_attrs_NSGAIISampler:generation,state
5433,,,2026-10-06 03:38:12.691003,2026-10-06 03:38:13.582059,0 days 00:00:00.891056,0.8010869639365119,0.8717951055729352,0.5667882730348237,5.245413993140336,0.33279388005294136,98.6416708615901,0.9486097896290084,19.15408445903519,0.4212595585654096,0.03038027549946027,,1.1540267369865085,,35,PRUNED
5434,23.225828774786386,16.638980727310948,2026-10-06 03:38:13.678997,2026-10-06 03:41:28.727877,0 days 00:03:15.048880,0.51115025563667,0.3710922296723819,0.5667882730348237,21.183844928151355,0.33279388005294136,49.885073137164994,1.484226923085714,45.6508402201298,0.3054149949472662,0.03038027549946027,0.011952310322059184,0.4444498274129267,195.048749611713,35,COMPLETE
5435,,,2026-10-06 03:38:36.476041,2026-10-06 03:39:17.836066,0 days 00:00:41.360025,0.9158653711831447,0.19189790819770397,0.17554070773749708,11.991629079089469,0.6087670929915812,85.69762729633804,1.484226923085714,5.8774721288796,0.4212595585654096,0.03038027549946027,4.343429493003475e-06,0.7699502779177346,,35,PRUNED
5436,52.851704284448616,1.3543492876070018,2026-10-06 03:38:42.154003,2026-10-06 03:41:55.067127,0 days 00:03:12.913124,0.9158653711831447,0.19189790819770397,0.12040153032015434,10.877854836518644,0.33279388005294136,98.6416708615901,1.2898828018697517,5.8774721288796,0.007925456797868324,0.03280586071940829,4.343429493003475e-06,0.7699502779177346,192.91299300640821,35,COMPLETE
5437,39.47194348756486,8.569606176289133,2026-10-06 03:38:45.167015,2026-10-06 03:41:57.284916,0 days 00:03:12.117901,0.51115025563667,0.21966346658883684,0.4120579376102117,5.245413993140336,0.33279388005294136,94.61146042672904,0.48978269983423206,19.15408445903519,0.15450841561573675,0.03470793529966492,2.1038771230648366e-06,1.1540267369865085,192.11776930000633,35,COMPLETE
5438,,,2026-10-06 03:38:45.685124,2026-10-06 03:39:27.142057,0 days 00:00:41.456933,0.8010869639365119,0.2454924989231811,0.5926143650576037,5.245413993140336,0.8752338073079233,98.6416708615901,0.7297455375332902,5.8774721288796,0.28988344429582863,0.03038027549946027,4.343429493003475e-06,0.13645358872799607,,35,PRUNED
5439,29.34699773758849,19.622247269084866,2026-10-06 03:38:47.831990,2026-10-06 03:42:00.049026,0 days 00:03:12.217036,0.2292499153806402,0.2284118304472575,0.5667882730348237,10.877854836518644,0.2395452449940939,98.6416708615901,1.080654620868664,41.66154811682372,0.08173395261699556,0.03038027549946027,2.1038771230648366e-06,0.7296704665126732,192.21690660249442,35,COMPLETE
5440,,,2026-10-06 03:38:47.835959,2026-10-06 03:38:48.542042,0 days 00:00:00.706083,0.7407180681038071,1.461082733130322,0.5926143650576037,10.877854836518644,0.2395452449940939,98.6416708615901,0.7297455375332902,93.7001979426407,0.4212595585654096,0.03038027549946027,,0.7699502779177346,,35,PRUNED
5441,38.190906727115646,9.614014422805692,2026-10-06 03:38:48.120721,2026-10-06 03:42:00.137492,0 days 00:03:12.016771,0.8010869639365119,0.8715336252138003,0.4120579376102117,11.991629079089469,0.33279388005294136,98.6416708615901,1.2898828018697517,41.66154811682372,0.08173395261699556,0.03038027549946027,2.1038771230648366e-06,0.3087654291085318,192.01663851272315,35,COMPLETE
5442,,,2026-10-06 03:38:48.821176,2026-10-06 03:39:26.689053,0 days 00:00:37.867877,0.8010869639365119,0.21606902729252941,0.5673687007336011,8.556213008137046,0.2395452449940939,98.6416708615901,0.7297455375332902,19.15408445903519,0.4212595585654096,0.024099244621516126,4.343429493003475e-06,0.7699502779177346,,35,PRUNED
5443,34.36832511230608,12.107306598331455,2026-10-06 03:38:48.824958,2026-10-06 03:42:00.408598,0 days 00:03:11.583640,0.8010869639365119,0.19189790819770397,0.5926143650576037,11.991629079089469,0.33279388005294136,85.69762729633804,1.2898828018697517,5.8774721288796,0.11698074357255434,0.03038027549946027,4.343429493003475e-06,1.1540267369865085,191.58353252336383,35,COMPLETE
5444,37.4825852677657,9.353381344136803,2026-10-06 03:38:48.828946,2026-10-06 03:42:02.434811,0 days 00:03:13.605865,0.9158653711831447,0.8598037443596492,0.4120579376102117,21.183844928151355,0.6087670929915812,94.61146042672904,0.6419517764288287,45.6508402201298,0.08173395261699556,0.03038027549946027,1.1514367314622355e-06,1.1540267369865085,193.60573797672987,35,COMPLETE
5445,25.745948591333605,1.3967751593722553,2026-10-06 03:38:48.832943,2026-10-06 03:42:00.606916,0 days 00:03:11.773973,0.9158653711831447,0.7186098618255685,0.4120579376102117,11.991629079089469,0.33279388005294136,98.6416708615901,0.2951838235399127,5.8774721288796,0.007925456797868324,0.03038027549946027,44.04702575877896,0.7699502779177346,191.77386199776083,35,COMPLETE
5446,27.1798371019422,2.5995130020041826,2026-10-06 03:38:50.500009,2026-10-06 03:42:01.370305,0 days 00:03:10.870296,0.9158653711831447,0.7186098618255685,0.2345370319995722,5.245413993140336,0.33279388005294136,14.042846273183889,0.6419517764288287,5.8774721288796,0.026937100580568585,0.03038027549946027,0.025250122767689415,1.1540267369865085,190.87017083354294,35,COMPLETE
5447,0.2016993725006487,1.2266278222850207,2026-10-06 03:38:51.304992,2026-10-06 03:42:00.318195,0 days 00:03:09.013203,0.9158653711831447,0.8717951055729352,0.014478058268389786,27.967514800316653,0.33279388005294136,94.61146042672904,0.7518185550990375,9.247627753116504,0.3676044917349766,0.03038027549946027,4.343429493003475e-06,1.1540267369865085,189.0130979688838,35,COMPLETE
5448,26.815538582529303,4.137119119449717,2026-10-06 03:38:54.532009,2026-10-06 03:42:05.371558,0 days 00:03:10.839549,1.0626532588599806,0.8717035403641651,0.31283532117804513,11.991629079089469,0.6087670929915812,9.379153474370794,0.9486097896290084,5.8774721288796,0.4212595585654096,0.03038027549946027,4.343429493003475e-06,1.1540267369865085,190.83941986970603,35,COMPLETE
5449,51.32446698640051,3.205717234759476,2026-10-06 03:39:09.089005,2026-10-06 03:42:11.677086,0 days 00:03:02.588081,0.6775759777641851,0.2454924989231811,0.2345370319995722,5.245413993140336,0.33279388005294136,98.6416708615901,1.4690823188003486,5.8774721288796,0.3054149949472662,0.024099244621516126,4.343429493003475e-06,1.1024955894971888,182.58795277960598,35,COMPLETE
5450,33.7196634516536,18.255164739735363,2026-10-06 03:39:14.287018,2026-10-06 03:42:25.632478,0 days 00:03:11.345460,0.8010869639365119,0.19189790819770397,0.5926143650576037,11.991629079089469,0.33279388005294136,85.69762729633804,1.2898828018697517,23.475624031055144,0.4212595585654096,0.03038027549946027,2.1038771230648366e-06,1.1570642934500739,191.34532761760056,35,COMPLETE
5451,,,2026-10-06 03:39:17.903011,2026-10-06 03:41:15.003220,0 days 00:01:57.100209,0.7123418565646167,0.2284118304472575,0.5667882730348237,5.245413993140336,0.33279388005294136,1.509850039614691,1.4690823188003486,41.66154811682372,0.2975664073833317,0.024099244621516126,2.1038771230648366e-06,1.1570642934500739,,35,PRUNED
5452,47.390786818461166,5.415748886883091,2026-10-06 03:39:18.078004,2026-10-06 03:42:30.511462,0 days 00:03:12.433458,0.5528412097177615,0.7186098618255685,0.4120579376102117,5.245413993140336,0.6087670929915812,98.6416708615901,1.080654620868664,5.8774721288796,0.007925456797868324,0.03038027549946027,2.1038771230648366e-06,1.1540267369865085,192.43332477100194,35,COMPLETE
5453,43.24400297025547,7.203922436592292,2026-10-06 03:39:19.122005,2026-10-06 03:42:31.999707,0 days 00:03:12.877702,0.9158653711831447,0.7186098618255685,0.4120579376102117,10.877854836518644,0.33279388005294136,98.6416708615901,0.6419517764288287,5.8774721288796,0.2975664073833317,0.03038027549946027,2.1038771230648366e-06,0.7699502779177346,192.87756441906095,35,COMPLETE
5454,57.03149693136461,1.280835704052707,2026-10-06 03:39:20.830070,2026-10-06 03:42:36.734803,0 days 00:03:15.904733,1.4589473492867777,0.2965654106455736,0.12615106220885586,5.245413993140336,0.33279388005294136,98.6416708615901,1.484226923085714,1.1445112738702679,0.4212595585654096,0.03564033683340229,1.8076650553256543e-05,1.2974912099205862,195.9046181263402,35,COMPLETE
5455,,,2026-10-06 03:39:22.352157,2026-10-06 03:39:23.554057,0 days 00:00:01.201900,0.9158653711831447,0.8715336252138003,0.4120579376102117,5.245413993140336,0.7326006991803313,98.6416708615901,0.43848521415279024,5.8774721288796,1.1449189370999278,0.024099244621516126,,0.23886283196880004,,35,PRUNED
5456,42.81528886845238,3.882207549882342,2026-10-06 03:39:23.085999,2026-10-06 03:42:35.291137,0 days 00:03:12.205138,0.32522926579248107,0.2965654106455736,0.2345370319995722,28.48525594123887,0.5087567086453684,98.6416708615901,1.484226923085714,5.8774721288796,0.28988344429582863,0.03038027549946027,4.343429493003475e-06,1.1540267369865085,192.2050064029172,35,COMPLETE
5457,,,2026-10-06 03:39:23.588279,2026-10-06 03:39:24.524070,0 days 00:00:00.935791,0.8010869639365119,0.8715336252138003,0.5926143650576037,11.991629079089469,0.33279388005294136,98.6416708615901,1.2898828018697517,5.8774721288796,0.4212595585654096,0.03280586071940829,,0.7699502779177346,,35,PRUNED
5458,37.16801633120465,2.338589404398663,2026-10-06 03:39:23.980881,2026-10-06 03:42:36.706096,0 days 00:03:12.725215,1.1546551456676255,0.8598037443596492,0.5667882730348237,11.991629079089469,0.6087670929915812,98.6416708615901,1.484226923085714,19.15408445903519,0.08173395261699556,0.04203448324112482,0.022182833624995006,1.1540267369865085,192.72510174196213,35,COMPLETE
5459,33.55117630902287,18.482881227522608,2026-10-06 03:39:24.088999,2026-10-06 03:42:36.260648,0 days 00:03:12.171649,0.8010869639365119,0.7186098618255685,0.5926143650576037,10.877854836518644,0.33279388005294136,98.6416708615901,1.2898828018697517,23.475624031055144,0.3054149949472662,0.0251496956559595,4.343429493003475e-06,0.23886283196880004,192.1715201223269,35,COMPLETE
5460,,,2026-10-06 03:39:24.592992,2026-10-06 03:40:03.131353,0 days 00:00:38.538361,0.51115025563667,0.2284118304472575,0.5667882730348237,11.991629079089469,0.33279388005294136,98.6416708615901,1.484226923085714,41.66154811682372,0.08173395261699556,0.024099244621516126,4.343429493003475e-06,0.7296704665126732,,35,PRUNED
5461,,,2026-10-06 03:39:25.023994,2026-10-06 03:40:04.672061,0 days 00:00:39.648067,0.9158653711831447,0.4627994950754335,0.4120579376102117,11.991629079089469,0.6087670929915812,98.6416708615901,1.484226923085714,5.8774721288796,0.3936576523393438,0.03038027549946027,2.1038771230648366e-06,0.07813155575960457,,35,PRUNED
5462,36.12112438311869,12.661103287603796,2026-10-06 03:39:25.548685,2026-10-06 03:42:37.862345,0 days 00:03:12.313660,0.7407180681038071,0.21606902729252941,0.5926143650576037,10.877854836518644,0.2395452449940939,98.6416708615901,0.7297455375332902,19.15408445903519,0.4212595585654096,0.042668518237734876,2.1038771230648366e-06,0.7699502779177346,192.31353231705725,35,COMPLETE
5463,42.95609767775401,7.3357531941273235,2026-10-06 03:39:25.551973,2026-10-06 03:42:37.602876,0 days 00:03:12.050903,0.7407180681038071,0.8715336252138003,0.4120579376102117,10.877854836518644,0.33279388005294136,98.6416708615901,1.484226923085714,35.86671955459044,0.08173395261699556,0.03280586071940829,2.1038771230648366e-06,1.1540267369865085,192.05077951867133,35,COMPLETE
5464,30.4758646431809,18.692840553553985,2026-10-06 03:39:26.732986,2026-10-06 03:42:37.431873,0 days 00:03:10.698887,0.51115025563667,0.07861675458476158,0.5667882730348237,5.245413993140336,0.2395452449940939,98.6416708615901,0.396687138771568,41.66154811682372,0.08173395261699556,0.03038027549946027,2.1038771230648366e-06,0.7699502779177346,190.69876062497497,35,COMPLETE
5465,,,2026-10-06 03:39:27.217997,2026-10-06 03:40:07.968069,0 days 00:00:40.750072,0.51115025563667,0.8598037443596492,0.4120579376102117,5.245413993140336,0.6087670929915812,98.6416708615901,0.6419517764288287,5.8774721288796,0.3936576523393438,0.03038027549946027,4.343429493003475e-06,1.1540267369865085,,35,PRUNED
5466,,,2026-10-06 03:39:27.584129,2026-10-06 03:39:28.043088,0 days 00:00:00.458959,0.7407180681038071,1.1490303266653652,0.4120579376102117,5.245413993140336,0.33279388005294136,37.6074086426387,0.7518185550990375,19.15408445903519,0.3676044917349766,0.03280586071940829,,0.7699502779177346,,35,PRUNED
5467,31.40370959898762,20.28934198899156,2026-10-06 03:39:28.200167,2026-10-06 03:42:43.025977,0 days 00:03:14.825810,0.51115025563667,0.2284118304472575,0.5667882730348237,11.991629079089469,0.33279388005294136,98.6416708615901,1.080654620868664,18.29490000512209,0.08173395261699556,0.024099244621516126,4.343429493003475e-06,1.1540267369865085,194.82569772284478,35,COMPLETE
5468,,,2026-10-06 03:39:28.287994,2026-10-06 03:39:28.915039,0 days 00:00:00.627045,0.8010869639365119,0.8598037443596492,0.4120579376102117,5.245413993140336,0.33279388005294136,98.6416708615901,1.484226923085714,5.8774721288796,0.28988344429582863,0.0011742213957721419,,1.1540267369865085,,35,PRUNED
5469,,,2026-10-06 03:39:28.860006,2026-10-06 03:40:06.014044,0 days 00:00:37.154038,0.51115025563667,0.07861675458476158,0.807738690329122,11.991629079089469,0.6087670929915812,94.61146042672904,1.1828458231023664,5.8774721288796,0.3936576523393438,0.03038027549946027,4.343429493003475e-06,1.1540267369865085,,35,PRUNED
5470,0.0850307422404679,1.1874717361932365,2026-10-06 03:39:28.951140,2026-10-06 03:42:43.544922,0 days 00:03:14.593782,0.9158653711831447,0.19189790819770397,0.026861168401955175,11.991629079089469,0.2395452449940939,94.61146042672904,0.7638461919908635,35.86671955459044,0.08173395261699556,0.024099244621516126,2.1038771230648366e-06,0.7699502779177346,194.59364839084446,35,COMPLETE
5471,47.98075495845601,3.6355930416484927,2026-10-06 03:39:29.031975,2026-10-06 03:42:39.829884,0 days 00:03:10.797909,0.9158653711831447,0.8715336252138003,0.4120579376102117,5.245413993140336,0.6087670929915812,94.61146042672904,0.6419517764288287,5.8774721288796,0.08173395261699556,0.03038027549946027,4.343429493003475e-06,1.2974912099205862,190.7977943327278,35,COMPLETE
5472,0.06590401568274036,1.1711755735897382,2026-10-06 03:39:29.777394,2026-10-06 03:42:43.942474,0 days 00:03:14.165080,0.9158653711831447,0.8715336252138003,0.016736503695138544,5.245413993140336,0.2395452449940939,98.6416708615901,1.484226923085714,5.8774721288796,0.08173395261699556,0.03038027549946027,2.1038771230648366e-06,0.23886283196880004,194.16426686756313,35,COMPLETE
5473,,,2026-10-06 03:39:29.973014,2026-10-06 03:40:46.471016,0 days 00:01:16.498002,1.1546551456676255,0.3710922296723819,0.5926143650576037,5.235074774435686,0.33279388005294136,98.6416708615901,1.484226923085714,41.66154811682372,0.007925456797868324,0.024099244621516126,4.343429493003475e-06,1.1540267369865085,,35,PRUNED
5474,55.829362791879966,1.2576693763511,2026-10-06 03:39:30.136050,2026-10-06 03:42:46.046248,0 days 00:03:15.910198,0.8010869639365119,0.8717951055729352,0.12615106220885586,5.245413993140336,0.6087670929915812,94.61146042672904,1.2898828018697517,5.8774721288796,0.08981597176864942,0.03038027549946027,4.343429493003475e-06,1.1540267369865085,195.91006133984774,35,COMPLETE
5475,,,2026-10-06 03:39:59.892609,2026-10-06 03:40:01.319078,0 days 00:00:01.426469,0.9158653711831447,0.7186098618255685,0.4120579376102117,5.245413993140336,0.6087670929915812,98.6416708615901,0.6419517764288287,5.8774721288796,0.08173395261699556,0.0014336542835959214,,1.1540267369865085,,35,PRUNED
5476,40.68026638627559,10.864878917518292,2026-10-06 03:40:00.873013,2026-10-06 03:43:13.594433,0 days 00:03:12.721420,0.32522926579248107,0.8717951055729352,0.5667882730348237,10.877854836518644,0.33279388005294136,98.6416708615901,1.484226923085714,19.15408445903519,0.3676044917349766,0.03038027549946027,4.343429493003475e-06,1.2974912099205862,192.7212753528729,35,COMPLETE
5477,,,2026-10-06 03:40:01.429116,2026-10-06 03:40:40.330112,0 days 00:00:38.900996,0.8010869639365119,0.21606902729252941,0.5673687007336011,8.556213008137046,0.33279388005294136,98.6416708615901,0.7297455375332902,35.86671955459044,0.2975664073833317,0.024099244621516126,0.0009116552737223872,1.1540267369865085,,35,PRUNED
5478,,,2026-10-06 03:40:02.053003,2026-10-06 03:40:39.700837,0 days 00:00:37.647834,0.32522926579248107,0.6882613644382032,0.5926143650576037,10.877854836518644,0.33279388005294136,94.61146042672904,0.6141994081833896,19.15408445903519,0.4212595585654096,0.023554272151894116,2.1038771230648366e-06,0.7699502779177346,,35,PRUNED
5479,,,2026-10-06 03:40:02.188993,2026-10-06 03:40:03.412065,0 days 00:00:01.223072,0.1868706669994592,0.7186098618255685,0.4120579376102117,5.245413993140336,0.6087670929915812,94.61146042672904,1.1474617295658638,2.7799242662208044,0.4212595585654096,0.0061818863857544685,,1.1540267369865085,,35,PRUNED
5480,49.95628174100171,3.4151455744094714,2026-10-06 03:40:02.335984,2026-10-06 03:43:17.311868,0 days 00:03:14.975884,0.8010869639365119,0.7186098618255685,0.31283532117804513,5.245413993140336,0.33279388005294136,98.6416708615901,0.9486097896290084,5.8774721288796,0.4212595585654096,0.03038027549946027,4.343429493003475e-06,1.1540267369865085,194.97575467824936,35,COMPLETE
5481,,,2026-10-06 03:40:03.568996,2026-10-06 03:40:04.022995,0 days 00:00:00.453999,0.546880609247004,0.2965654106455736,0.5926143650576037,10.877854836518644,0.33279388005294136,98.6416708615901,1.2898828018697517,19.15408445903519,0.4212595585654096,0.009928065737408273,,1.1540267369865085,,35,PRUNED
5482,25.934586698446726,26.865861242084733,2026-10-06 03:40:03.698002,2026-10-06 03:43:17.322814,0 days 00:03:13.624812,0.9158653711831447,0.19189790819770397,0.778294044131552,11.991629079089469,0.2395452449940939,98.6416708615901,0.7638461919908635,35.86671955459044,0.08173395261699556,0.024099244621516126,4.343429493003475e-06,0.7699502779177346,193.62469614576548,35,COMPLETE
5483,47.38866499278596,5.153297654995944,2026-10-06 03:40:04.837185,2026-10-06 03:43:20.342806,0 days 00:03:15.505621,0.9158653711831447,0.8598037443596492,0.4120579376102117,5.245413993140336,0.6087670929915812,98.6416708615901,0.6419517764288287,5.8774721288796,0.08173395261699556,0.03038027549946027,2.1038771230648366e-06,0.23886283196880004,195.50555126555264,35,COMPLETE
5484,22.171400286050382,9.441035240733157,2026-10-06 03:40:04.840970,2026-10-06 03:43:20.342535,0 days 00:03:15.501565,0.51115025563667,0.19189790819770397,0.5926143650576037,7.244472656270025,0.2395452449940939,98.6416708615901,0.7638461919908635,47.99808575727438,0.08173395261699556,0.024099244621516126,0.055485810778376596,0.23886283196880004,195.50143125280738,35,COMPLETE
5485,46.60814430721594,5.6625272213106355,2026-10-06 03:40:04.844944,2026-10-06 03:43:14.768870,0 days 00:03:09.923926,0.7407180681038071,0.7186098618255685,0.4120579376102117,5.245413993140336,0.5557547632162355,98.6416708615901,0.6419517764288287,5.8774721288796,0.08173395261699556,0.03038027549946027,2.1038771230648366e-06,1.1540267369865085,189.92380206286907,35,COMPLETE
5486,44.20351486851731,7.307566401919702,2026-10-06 03:40:06.386999,2026-10-06 03:43:18.747430,0 days 00:03:12.360431,0.9158653711831447,0.7186098618255685,0.4120579376102117,10.877854836518644,0.2395452449940939,98.6416708615901,0.2951838235399127,4.6640316224320735,0.4212595585654096,0.03038027549946027,2.1038771230648366e-06,0.7699502779177346,192.36030428670347,35,COMPLETE
5487,,,2026-10-06 03:40:06.687005,2026-10-06 03:40:44.564060,0 days 00:00:37.877055,0.8010869639365119,0.2965654106455736,0.12615106220885586,11.991629079089469,0.33279388005294136,94.61146042672904,1.484226923085714,5.8774721288796,0.3936576523393438,0.021966873773064614,4.343429493003475e-06,1.1540267369865085,,35,PRUNED
5488,40.545743455903924,10.61235691199088,2026-10-06 03:40:06.865144,2026-10-06 03:43:19.211045,0 days 00:03:12.345901,0.832405308773518,0.8717951055729352,0.5667882730348237,10.877854836518644,0.33279388005294136,98.6416708615901,1.484226923085714,19.15408445903519,0.3676044917349766,0.03038027549946027,4.343429493003475e-06,1.2974912099205862,192.34577247593552,35,COMPLETE
5489,41.27597631405142,9.935100826784211,2026-10-06 03:40:06.900974,2026-10-06 03:43:16.049439,0 days 00:03:09.148465,0.7407180681038071,0.21606902729252941,0.4120579376102117,5.245413993140336,0.2395452449940939,98.6416708615901,0.7297455375332902,19.15408445903519,0.4212595585654096,0.03038027549946027,4.343429493003475e-06,0.7699502779177346,189.1483388384804,35,COMPLETE
5490,,,2026-10-06 03:40:07.484989,2026-10-06 03:40:08.565075,0 days 00:00:01.080086,0.6499215870087314,0.7186098618255685,0.16720851678453727,21.183844928151355,0.33279388005294136,98.6416708615901,0.9486097896290084,45.6508402201298,0.784270650419123,0.03038027549946027,,1.1540267369865085,,35,PRUNED
5491,54.593728706781846,1.2648207912044223,2026-10-06 03:40:07.546639,2026-10-06 03:43:22.092858,0 days 00:03:14.546219,0.51115025563667,0.07861675458476158,0.12615106220885586,5.245413993140336,0.33279388005294136,94.61146042672904,0.396687138771568,1.1445112738702679,0.3054149949472662,0.03038027549946027,4.343429493003475e-06,1.2974912099205862,194.54609662666917,35,COMPLETE
5492,56.322067276314996,1.5734898408154256,2026-10-06 03:40:07.903997,2026-10-06 03:43:18.987127,0 days 00:03:11.083130,0.9292974731995457,0.8717951055729352,0.2345370319995722,5.245413993140336,0.33279388005294136,94.61146042672904,1.2898828018697517,5.8774721288796,0.026937100580568585,0.03038027549946027,4.343429493003475e-06,1.3890637168667692,191.08301722817123,35,COMPLETE
