number,values_0,values_1,datetime_start,datetime_complete,duration,params_between_rest_spread,params_c_spread,params_c_val,params_input_force,params_k_between_spread,params_k_between_val,params_k_wall_spread,params_k_wall_val,params_m_spread,params_m_val,params_ridge_alpha,params_wall_rest_spread,user_attrs_duration_sec,system_attrs_NSGAIISampler:generation,state
5194,33.409636259633054,18.2877320665831,2026-10-06 03:29:43.094012,2026-10-06 03:32:55.428510,0 days 00:03:12.334498,0.8010869639365119,0.2965654106455736,0.5926143650576037,11.991629079089469,0.33279388005294136,94.61146042672904,1.484226923085714,35.86671955459044,0.3936576523393438,0.03038027549946027,4.343429493003475e-06,0.7699502779177346,192.33436383865774,33,COMPLETE
5195,35.278041283135096,13.867807209446266,2026-10-06 03:29:43.500170,2026-10-06 03:32:54.191875,0 days 00:03:10.691705,0.6775759777641851,0.2965654106455736,0.5667882730348237,10.877854836518644,0.12888473575591808,98.6416708615901,1.484226923085714,19.15408445903519,0.2975664073833317,0.03038027549946027,2.1038771230648366e-06,1.1540267369865085,190.69157257769257,33,COMPLETE
5196,46.60655845964432,5.609943537687489,2026-10-06 03:29:43.986004,2026-10-06 03:32:57.588478,0 days 00:03:13.602474,0.9158653711831447,0.7186098618255685,0.4120579376102117,5.245413993140336,0.5557547632162355,98.6416708615901,0.6419517764288287,5.8774721288796,0.08173395261699556,0.03038027549946027,2.1038771230648366e-06,0.7699502779177346,193.60234838724136,33,COMPLETE
5197,32.77917897920958,17.43094123314628,2026-10-06 03:29:46.136038,2026-10-06 03:32:57.764289,0 days 00:03:11.628251,0.6775759777641851,0.2284118304472575,0.5667882730348237,10.877854836518644,0.2395452449940939,94.61146042672904,0.6419517764288287,23.475624031055144,0.28988344429582863,0.03038027549946027,4.343429493003475e-06,1.1540267369865085,191.62811712548137,33,COMPLETE
5198,,,2026-10-06 03:29:47.949003,2026-10-06 03:30:28.111051,0 days 00:00:40.162048,0.9158653711831447,0.5196941052271992,0.4120579376102117,5.245413993140336,0.6087670929915812,94.61146042672904,1.484226923085714,5.8774721288796,0.4212595585654096,0.03038027549946027,4.343429493003475e-06,1.1540267369865085,,33,PRUNED
5199,41.66354705027276,9.50120589750587,2026-10-06 03:29:48.039981,2026-10-06 03:33:00.669762,0 days 00:03:12.629781,0.7407180681038071,0.21606902729252941,0.4120579376102117,5.245413993140336,0.2395452449940939,98.6416708615901,1.397078438730964,19.15408445903519,0.4212595585654096,0.03038027549946027,4.343429493003475e-06,0.7699502779177346,192.6296472568065,33,COMPLETE
5200,27.185898674227957,26.697214008409777,2026-10-06 03:29:48.481984,2026-10-06 03:32:59.505626,0 days 00:03:11.023642,0.51115025563667,0.07861675458476158,0.807738690329122,11.991629079089469,0.2395452449940939,85.69762729633804,1.2898828018697517,35.86671955459044,0.3787184497362417,0.03038027549946027,2.267358369341208e-06,0.7699502779177346,191.02351753227413,33,COMPLETE
5201,,,2026-10-06 03:29:49.344476,2026-10-06 03:30:27.968071,0 days 00:00:38.623595,0.8010869639365119,0.21606902729252941,0.5926143650576037,35.61889415730119,1.0528785239462726,98.6416708615901,0.7297455375332902,35.86671955459044,0.4212595585654096,0.03280586071940829,4.343429493003475e-06,0.7699502779177346,,33,PRUNED
5202,40.85770247887239,8.548335217202128,2026-10-06 03:29:49.428986,2026-10-06 03:33:01.726360,0 days 00:03:12.297374,0.9158653711831447,0.7186098618255685,0.4120579376102117,7.244472656270025,0.5557547632162355,98.6416708615901,0.7638461919908635,41.66154811682372,0.08173395261699556,0.03038027549946027,4.343429493003475e-06,0.7699502779177346,192.29725775122643,33,COMPLETE
5203,38.33736661783834,11.098589264685577,2026-10-06 03:29:49.924515,2026-10-06 03:33:00.269840,0 days 00:03:10.345325,0.9158653711831447,0.7186098618255685,0.5667882730348237,5.245413993140336,0.5557547632162355,98.6416708615901,0.7297455375332902,41.66154811682372,0.007925456797868324,0.03038027549946027,4.343429493003475e-06,0.7699502779177346,190.34520495682955,33,COMPLETE
5204,,,2026-10-06 03:29:51.194163,2026-10-06 03:29:52.088065,0 days 00:00:00.893902,0.9158653711831447,0.07861675458476158,0.807738690329122,5.245413993140336,0.3519093950798047,98.6416708615901,0.396687138771568,45.6508402201298,0.7228743013326648,0.03038027549946027,,1.2974912099205862,,33,PRUNED
5205,21.240379736517202,6.00324442103691,2026-10-06 03:29:51.197956,2026-10-06 03:33:01.415547,0 days 00:03:10.217591,0.7407180681038071,0.2965654106455736,0.4120579376102117,5.245413993140336,0.2395452449940939,1.689993005731035,1.380348009594341,5.8774721288796,0.4212595585654096,0.023554272151894116,4.343429493003475e-06,1.1540267369865085,190.21748035866767,33,COMPLETE
5206,20.529579116441422,2.2228326059610484,2026-10-06 03:29:51.201950,2026-10-06 03:33:03.666588,0 days 00:03:12.464638,0.7941453801831695,0.8717951055729352,0.32751821022179034,5.245413993140336,0.33279388005294136,4.160969221217594,1.484226923085714,1.4056083189495427,0.026937100580568585,0.03038027549946027,4.343429493003475e-06,0.14184098035969206,192.46452308259904,33,COMPLETE
5207,26.133362149945846,25.071642376096488,2026-10-06 03:29:51.734998,2026-10-06 03:33:01.015782,0 days 00:03:09.280784,0.51115025563667,0.07861675458476158,0.807738690329122,10.877854836518644,0.2395452449940939,98.6416708615901,0.6330638561916593,45.6508402201298,0.2975664073833317,0.024099244621516126,4.343429493003475e-06,1.2974912099205862,189.2806569589302,33,COMPLETE
5208,34.56660159290737,15.301817514137833,2026-10-06 03:29:52.216002,2026-10-06 03:32:59.637138,0 days 00:03:07.421136,0.9158653711831447,0.2965654106455736,0.5667882730348237,10.877854836518644,0.33279388005294136,98.6416708615901,0.6419517764288287,19.15408445903519,0.026937100580568585,0.03038027549946027,2.1038771230648366e-06,1.1540267369865085,187.42101824004203,33,COMPLETE
5209,32.81064808709991,7.835629226927628,2026-10-06 03:29:53.127998,2026-10-06 03:33:04.292595,0 days 00:03:11.164597,0.7123418565646167,0.8715336252138003,0.5667882730348237,45.83920888156677,0.6087670929915812,98.6416708615901,1.484226923085714,5.8774721288796,0.08173395261699556,0.03038027549946027,2.1038771230648366e-06,0.3087654291085318,191.1644726926461,33,COMPLETE
5210,31.8577992766706,16.967242439947416,2026-10-06 03:29:53.637154,2026-10-06 03:33:01.727692,0 days 00:03:08.090538,0.32522926579248107,0.2965654106455736,0.5667882730348237,10.877854836518644,0.3519093950798047,94.61146042672904,0.396687138771568,19.15408445903519,0.2975664073833317,0.03038027549946027,2.1038771230648366e-06,1.1540267369865085,188.0904398765415,33,COMPLETE
5211,,,2026-10-06 03:29:53.714026,2026-10-06 03:30:32.799084,0 days 00:00:39.085058,0.8010869639365119,0.7186098618255685,0.5926143650576037,11.991629079089469,0.5557547632162355,85.69762729633804,0.6419517764288287,5.8774721288796,0.4212595585654096,0.03038027549946027,2.1038771230648366e-06,0.7699502779177346,,33,PRUNED
5212,42.14747601545283,9.577708164694538,2026-10-06 03:30:15.104007,2026-10-06 03:33:41.282856,0 days 00:03:26.178849,1.1546551456676255,0.8717951055729352,0.5667882730348237,11.991629079089469,0.33279388005294136,98.6416708615901,1.484226923085714,19.15408445903519,0.3676044917349766,0.03038027549946027,4.343429493003475e-06,1.2974912099205862,206.178723921068,33,COMPLETE
5213,43.368499426493095,4.615123684009882,2026-10-06 03:30:20.308004,2026-10-06 03:33:35.915749,0 days 00:03:15.607745,0.51115025563667,0.07861675458476158,0.2345370319995722,21.183844928151355,0.33279388005294136,98.6416708615901,1.484226923085714,5.8774721288796,0.28988344429582863,0.03038027549946027,2.267358369341208e-06,0.7699502779177346,195.6076139556244,33,COMPLETE
5214,,,2026-10-06 03:30:22.266000,2026-10-06 03:30:23.165772,0 days 00:00:00.899772,0.7407180681038071,0.3710922296723819,0.5926143650576037,10.877854836518644,0.33279388005294136,98.6416708615901,0.7297455375332902,19.15408445903519,0.2975664073833317,0.0016246175744582842,,0.7699502779177346,,33,PRUNED
5215,35.033306773677175,12.468747637407782,2026-10-06 03:30:23.150160,2026-10-06 03:33:34.125346,0 days 00:03:10.975186,0.8010869639365119,0.3710922296723819,0.4120579376102117,11.991629079089469,0.6087670929915812,98.6416708615901,1.2898828018697517,41.66154811682372,0.08173395261699556,0.03038027549946027,0.0005535284173284685,0.3087654291085318,190.97504873014987,33,COMPLETE
5216,,,2026-10-06 03:30:23.166185,2026-10-06 03:30:23.874060,0 days 00:00:00.707875,0.9158653711831447,1.4427865495726553,0.2345370319995722,5.245413993140336,0.5557547632162355,98.6416708615901,0.2951838235399127,5.8774721288796,0.8914181840112294,0.03038027549946027,,1.2974912099205862,,33,PRUNED
5217,22.009542507940317,17.966720448917645,2026-10-06 03:30:23.949991,2026-10-06 03:33:34.369012,0 days 00:03:10.419021,0.32522926579248107,0.2965654106455736,0.778294044131552,5.245413993140336,0.33279388005294136,13.018839751928311,0.6419517764288287,35.86671955459044,0.4212595585654096,0.03038027549946027,2.1038771230648366e-06,0.7699502779177346,190.41889262199402,33,COMPLETE
5218,29.249175626865707,24.25267921175238,2026-10-06 03:30:23.978242,2026-10-06 03:33:37.309685,0 days 00:03:13.331443,0.51115025563667,0.19189790819770397,0.5667882730348237,7.244472656270025,0.33279388005294136,98.6416708615901,1.080654620868664,41.66154811682372,0.08173395261699556,0.024099244621516126,4.343429493003475e-06,0.23886283196880004,193.3313303263858,33,COMPLETE
5219,,,2026-10-06 03:30:25.962266,2026-10-06 03:30:27.151059,0 days 00:00:01.188793,0.8010869639365119,0.21606902729252941,0.5673687007336011,11.991629079089469,0.2395452449940939,98.6416708615901,1.484226923085714,35.86671955459044,0.3676044917349766,0.03038027549946027,,1.2974912099205862,,33,PRUNED
5220,,,2026-10-06 03:30:27.086581,2026-10-06 03:30:27.733090,0 days 00:00:00.646509,0.51115025563667,0.2284118304472575,0.807738690329122,12.214752017762354,1.4331962315582365,94.61146042672904,0.7638461919908635,19.15408445903519,0.08173395261699556,0.024099244621516126,,0.23886283196880004,,33,PRUNED
5221,41.94909584793138,8.63393982145454,2026-10-06 03:30:27.089972,2026-10-06 03:33:40.217614,0 days 00:03:13.127642,0.6775759777641851,0.8715336252138003,0.4120579376102117,5.245413993140336,0.33279388005294136,98.6416708615901,1.1922115594809921,23.475624031055144,0.08173395261699556,0.024099244621516126,4.343429493003475e-06,0.7699502779177346,193.12753702141345,33,COMPLETE
5222,29.89646249284337,15.07199393162258,2026-10-06 03:30:27.093952,2026-10-06 03:33:35.575246,0 days 00:03:08.481294,0.8010869639365119,0.19189790819770397,0.6224591024949259,41.8972262425059,0.33279388005294136,85.69762729633804,1.2898828018697517,7.242018006177657,0.28988344429582863,0.03038027549946027,4.343429493003475e-06,1.255338974070924,188.48117217980325,33,COMPLETE
5223,13.82169336958204,1.1459819286368835,2026-10-06 03:30:27.232380,2026-10-06 03:33:38.042380,0 days 00:03:10.810000,1.1546551456676255,0.3710922296723819,0.0473966734207821,5.245413993140336,0.33279388005294136,98.6416708615901,0.7297455375332902,41.66154811682372,0.08173395261699556,0.03038027549946027,4.343429493003475e-06,0.3087654291085318,190.80988806020468,33,COMPLETE
5224,,,2026-10-06 03:30:27.256337,2026-10-06 03:31:04.887046,0 days 00:00:37.630709,0.9158653711831447,0.7186098618255685,0.778294044131552,11.991629079089469,0.5557547632162355,94.61146042672904,0.2951838235399127,35.86671955459044,0.4212595585654096,0.03038027549946027,2.1038771230648366e-06,0.7699502779177346,,33,PRUNED
5225,54.89958621182495,1.5543866804798743,2026-10-06 03:30:27.290962,2026-10-06 03:33:40.321765,0 days 00:03:13.030803,0.8010869639365119,0.8717951055729352,0.2345370319995722,5.245413993140336,0.33279388005294136,98.6416708615901,1.484226923085714,5.8774721288796,0.28988344429582863,0.03038027549946027,4.343429493003475e-06,1.2974912099205862,193.0306858671829,33,COMPLETE
5226,31.383516161165403,1.6428998923247338,2026-10-06 03:30:28.758187,2026-10-06 03:33:42.356517,0 days 00:03:13.598330,0.51115025563667,0.8715336252138003,0.2345370319995722,11.991629079089469,0.33279388005294136,85.69762729633804,1.484226923085714,5.8774721288796,0.08173395261699556,0.024099244621516126,7.370947376461115,0.7296704665126732,193.59821715112776,33,COMPLETE
5227,39.05721492347512,12.006350928869919,2026-10-06 03:30:29.093154,2026-10-06 03:33:42.479558,0 days 00:03:13.386404,0.7112273181968373,0.8717951055729352,0.5667882730348237,10.877854836518644,0.33279388005294136,94.61146042672904,0.7518185550990375,19.15408445903519,0.3676044917349766,0.03280586071940829,4.343429493003475e-06,1.1540267369865085,193.38627789076418,33,COMPLETE
5228,49.893305863631085,1.2406959093462064,2026-10-06 03:30:29.096957,2026-10-06 03:33:33.446904,0 days 00:03:04.349947,0.9158653711831447,0.7186098618255685,0.2345370319995722,5.245413993140336,0.33279388005294136,94.61146042672904,0.6419517764288287,2.7499708207709337,0.007925456797868324,0.06961621442729841,4.343429493003475e-06,0.7699502779177346,184.34966877941042,33,COMPLETE
5229,26.369867760066576,1.288046127656019,2026-10-06 03:30:29.104952,2026-10-06 03:33:37.981263,0 days 00:03:08.876311,0.9158653711831447,0.7186098618255685,0.4120579376102117,5.245413993140336,0.5557547632162355,98.6416708615901,0.6419517764288287,5.8774721288796,0.08173395261699556,0.03038027549946027,7.630325302943223,0.7699502779177346,188.876193693839,33,COMPLETE
5230,,,2026-10-06 03:30:29.112955,2026-10-06 03:31:11.270084,0 days 00:00:42.157129,0.7123418565646167,0.7186098618255685,0.5926143650576037,10.877854836518644,0.6087670929915812,98.6416708615901,0.6419517764288287,5.8774721288796,0.2975664073833317,0.03038027549946027,2.1038771230648366e-06,1.1540267369865085,,33,PRUNED
5231,,,2026-10-06 03:30:29.163957,2026-10-06 03:30:29.820064,0 days 00:00:00.656107,0.8010869639365119,0.7186098618255685,0.2345370319995722,5.245413993140336,0.33279388005294136,98.6416708615901,1.484226923085714,41.66154811682372,1.2432703076180696,0.006548173131822631,,0.3410346002828536,,33,PRUNED
5232,40.522894135418255,7.3726867895509125,2026-10-06 03:30:30.284153,2026-10-06 03:33:37.711931,0 days 00:03:07.427778,0.7407180681038071,0.2965654106455736,0.4120579376102117,8.556213008137046,0.2395452449940939,98.6416708615901,0.7638461919908635,2.4285757239594012,0.08173395261699556,0.024099244621516126,4.343429493003475e-06,0.23886283196880004,187.42765628080815,33,COMPLETE
5233,27.528172510793848,25.82426673857414,2026-10-06 03:30:30.287959,2026-10-06 03:33:38.851042,0 days 00:03:08.563083,0.51115025563667,0.07861675458476158,0.807738690329122,21.183844928151355,0.6087670929915812,94.61146042672904,1.080654620868664,45.6508402201298,0.007925456797868324,0.03038027549946027,2.1038771230648366e-06,1.2974912099205862,188.56296402122825,33,COMPLETE
5234,,,2026-10-06 03:30:33.013184,2026-10-06 03:30:34.150071,0 days 00:00:01.136887,0.51115025563667,0.21606902729252941,0.5667882730348237,5.245413993140336,0.33279388005294136,98.6416708615901,1.080654620868664,41.66154811682372,0.4212595585654096,0.024099244621516126,,0.7699502779177346,,33,PRUNED
5235,56.15275959016499,1.3000202394482936,2026-10-06 03:30:34.363989,2026-10-06 03:33:46.079144,0 days 00:03:11.715155,0.8010869639365119,0.7186098618255685,0.12615106220885586,10.877854836518644,0.23320421389355023,94.61146042672904,1.2898828018697517,1.1445112738702679,0.026937100580568585,0.03038027549946027,4.343429493003475e-06,0.7699502779177346,191.7150255823508,33,COMPLETE
5236,,,2026-10-06 03:30:54.759996,2026-10-06 03:31:35.005630,0 days 00:00:40.245634,0.9158653711831447,0.7186098618255685,0.4120579376102117,11.991629079089469,0.5557547632162355,98.6416708615901,1.484226923085714,5.8774721288796,0.3936576523393438,0.03038027549946027,4.343429493003475e-06,0.7699502779177346,,33,PRUNED
5237,,,2026-10-06 03:31:02.331354,2026-10-06 03:31:43.175045,0 days 00:00:40.843691,0.8010869639365119,0.21606902729252941,0.5673687007336011,21.183844928151355,0.3519093950798047,94.61146042672904,0.7297455375332902,35.86671955459044,0.3054149949472662,0.024099244621516126,4.343429493003475e-06,0.7699502779177346,,33,PRUNED
5238,28.990510480693718,1.8846505133331555,2026-10-06 03:31:04.290125,2026-10-06 03:34:20.662315,0 days 00:03:16.372190,0.9158653711831447,0.7186098618255685,0.20358075665942357,5.245413993140336,0.33279388005294136,98.6416708615901,1.484226923085714,14.182822102930093,0.007925456797868324,0.024099244621516126,4.343429493003475e-06,0.7699502779177346,196.37206140346825,33,COMPLETE
5239,28.24166754500402,25.72553718318499,2026-10-06 03:31:04.940120,2026-10-06 03:34:18.536997,0 days 00:03:13.596877,0.7407180681038071,0.21606902729252941,0.807738690329122,10.877854836518644,0.2395452449940939,98.6416708615901,0.396687138771568,45.6508402201298,0.3787184497362417,0.03038027549946027,2.267358369341208e-06,0.7699502779177346,193.5967589681968,33,COMPLETE
5240,39.29927338101307,5.2153374164221225,2026-10-06 03:31:06.278154,2026-10-06 03:34:21.644403,0 days 00:03:15.366249,0.8010869639365119,0.19189790819770397,0.5926143650576037,20.70974732409164,0.33279388005294136,85.69762729633804,1.2898828018697517,5.8774721288796,0.4212595585654096,0.06581494919381288,4.343429493003475e-06,1.2974912099205862,195.36613960564137,33,COMPLETE
5241,45.88329216863222,4.623929967845867,2026-10-06 03:31:06.306964,2026-10-06 03:34:17.677460,0 days 00:03:11.370496,0.9158653711831447,0.8715336252138003,0.4120579376102117,5.245413993140336,0.7290443796150832,98.6416708615901,0.6419517764288287,5.8774721288796,0.08173395261699556,0.03038027549946027,2.1038771230648366e-06,0.23886283196880004,191.37038559932262,33,COMPLETE
5242,49.43149781441413,4.3785530886242015,2026-10-06 03:31:06.552990,2026-10-06 03:34:19.906671,0 days 00:03:13.353681,0.9158653711831447,0.8717951055729352,0.4120579376102117,5.245413993140336,0.6087670929915812,94.61146042672904,0.6419517764288287,5.8774721288796,0.08981597176864942,0.03038027549946027,2.1038771230648366e-06,1.3890637168667692,193.35355748981237,33,COMPLETE
5243,,,2026-10-06 03:31:07.093010,2026-10-06 03:31:07.946065,0 days 00:00:00.853055,0.8010869639365119,0.19189790819770397,0.5926143650576037,36.943566345562964,0.33279388005294136,98.6416708615901,1.2898828018697517,19.15408445903519,0.4212595585654096,0.001961599233037716,,1.1540267369865085,,33,PRUNED
5244,26.785535337043804,16.807113715019703,2026-10-06 03:31:07.620006,2026-10-06 03:34:15.930065,0 days 00:03:08.310059,0.7791502254532707,0.07861675458476158,0.807738690329122,5.245413993140336,0.33279388005294136,94.61146042672904,0.396687138771568,45.6508402201298,0.15450841561573675,0.03038027549946027,4.343429493003475e-06,1.1540267369865085,188.30993979237974,33,COMPLETE
5245,56.98548482443581,1.2386309077462787,2026-10-06 03:31:08.143025,2026-10-06 03:34:17.465532,0 days 00:03:09.322507,0.9158653711831447,0.8717951055729352,0.12615106220885586,5.245413993140336,0.016534863688913326,94.61146042672904,1.484226923085714,1.4056083189495427,0.08173395261699556,0.021966873773064614,2.1038771230648366e-06,1.2974912099205862,189.3223647652194,33,COMPLETE
5246,25.682798468787702,3.4939924294887965,2026-10-06 03:31:11.492985,2026-10-06 03:34:19.626737,0 days 00:03:08.133752,0.8010869639365119,0.2921008828016569,0.5926143650576037,10.877854836518644,0.33279388005294136,98.6416708615901,1.484226923085714,35.86671955459044,0.2975664073833317,0.03038027549946027,1.044468467178657,1.1540267369865085,188.13363445550203,33,COMPLETE
5247,,,2026-10-06 03:31:35.345029,2026-10-06 03:32:17.167064,0 days 00:00:41.822035,1.49559941549959,0.49516066577639667,0.2345370319995722,5.245413993140336,0.6096442455899296,98.6416708615901,1.484226923085714,5.8774721288796,0.28988344429582863,0.03038027549946027,4.343429493003475e-06,1.1540267369865085,,33,PRUNED
5248,,,2026-10-06 03:31:35.859011,2026-10-06 03:31:37.187200,0 days 00:00:01.328189,0.8010869639365119,0.7186098618255685,0.5667882730348237,5.245413993140336,0.33279388005294136,98.6416708615901,1.484226923085714,5.8774721288796,0.2975664073833317,0.0029742082928592944,,0.06813310163640623,,33,PRUNED
5249,16.30742833274968,9.734412118780842,2026-10-06 03:31:37.309009,2026-10-06 03:34:49.839226,0 days 00:03:12.530217,0.9158653711831447,0.19189790819770397,0.5667882730348237,11.991629079089469,0.33279388005294136,3.0575497830656944,0.6419517764288287,19.15408445903519,0.4212595585654096,0.03038027549946027,2.1038771230648366e-06,0.7699502779177346,192.5300772720948,33,COMPLETE
5250,42.722330308091166,7.108510666988329,2026-10-06 03:31:41.168144,2026-10-06 03:34:53.744980,0 days 00:03:12.576836,0.7407180681038071,0.21606902729252941,0.4120579376102117,5.245413993140336,0.2395452449940939,98.6416708615901,0.7297455375332902,5.8774721288796,0.007925456797868324,0.03038027549946027,2.1038771230648366e-06,1.1540267369865085,192.57671285420656,33,COMPLETE
5251,24.021648849576312,8.181225918752384,2026-10-06 03:31:42.222136,2026-10-06 03:34:56.828009,0 days 00:03:14.605873,0.7407180681038071,0.19189790819770397,0.778294044131552,11.991629079089469,0.2395452449940939,98.6416708615901,0.6419517764288287,19.15408445903519,0.4212595585654096,0.03038027549946027,0.027653362114113716,0.7699502779177346,194.60573625843972,33,COMPLETE
5252,15.2441702862955,17.055458728857733,2026-10-06 03:31:42.225960,2026-10-06 03:34:55.097465,0 days 00:03:12.871505,0.5750658244356358,0.7186098618255685,0.807738690329122,34.3313968991309,0.33279388005294136,24.90640858674412,0.7609050847389773,45.6508402201298,0.28988344429582863,0.03038027549946027,4.343429493003475e-06,0.03334204897664861,192.8713845303282,33,COMPLETE
5253,27.950442081886603,1.9732437502414353,2026-10-06 03:31:42.702996,2026-10-06 03:34:53.819011,0 days 00:03:11.116015,0.8010869639365119,0.2965654106455736,0.12615106220885586,5.245413993140336,0.33279388005294136,1.4068145020190341,1.2898828018697517,19.15408445903519,0.08981597176864942,0.03280586071940829,4.343429493003475e-06,1.3890637168667692,191.11589810997248,33,COMPLETE
