number,values_0,values_1,datetime_start,datetime_complete,duration,params_between_rest_spread,params_c_spread,params_c_val,params_input_force,params_k_between_spread,params_k_between_val,params_k_wall_spread,params_k_wall_val,params_m_spread,params_m_val,params_ridge_alpha,params_wall_rest_spread,user_attrs_duration_sec,system_attrs_NSGAIISampler:generation,state
3408,34.12334254639078,14.874554105413358,2026-10-06 02:21:46.333993,2026-10-06 02:24:59.234259,0 days 00:03:12.900266,0.51115025563667,0.19189790819770397,0.5926143650576037,10.877854836518644,0.33279388005294136,98.6416708615901,1.484226923085714,12.371756168223909,0.2975664073833317,0.03280586071940829,4.343429493003475e-06,0.5702648821265162,192.9001465179026,21,COMPLETE
3409,53.75780255277325,1.7782522977942472,2026-10-06 02:21:46.981996,2026-10-06 02:24:57.760823,0 days 00:03:10.778827,0.9438309081386129,0.2965654106455736,0.20358075665942357,10.877854836518644,0.33279388005294136,98.6416708615901,1.484226923085714,5.8774721288796,0.28988344429582863,0.03280586071940829,4.343429493003475e-06,1.0295695128781066,190.7787163052708,21,COMPLETE
3410,30.93024249713064,22.08046769863438,2026-10-06 02:21:47.836996,2026-10-06 02:25:01.019843,0 days 00:03:13.182847,0.6775759777641851,0.21606902729252941,0.5667882730348237,10.877854836518644,0.2395452449940939,98.6416708615901,0.7297455375332902,23.475624031055144,0.2975664073833317,0.024099244621516126,4.343429493003475e-06,0.7699502779177346,193.1827279245481,21,COMPLETE
3411,32.04122356102331,5.915717186142636,2026-10-06 02:22:12.213446,2026-10-06 02:25:24.661910,0 days 00:03:12.448464,0.51115025563667,0.7186098618255685,0.807738690329122,31.287387416841113,0.33279388005294136,98.6416708615901,1.080654620868664,1.92503614027803,0.08173395261699556,0.03280586071940829,4.343429493003475e-06,0.23471691947573275,192.44834510795772,21,COMPLETE
3412,30.861280251145587,18.839445158907818,2026-10-06 02:22:19.064997,2026-10-06 02:25:33.258808,0 days 00:03:14.193811,1.3031744201937339,0.48628333026250986,0.807738690329122,18.489161893608337,0.33279388005294136,94.61146042672904,1.484226923085714,14.182822102930093,0.08173395261699556,0.03038027549946027,4.343429493003475e-06,0.545445897941309,194.19369433633983,21,COMPLETE
3413,,,2026-10-06 02:22:19.836215,2026-10-06 02:22:20.727156,0 days 00:00:00.890941,0.8010869639365119,0.9277185443706824,0.807738690329122,18.489161893608337,0.2395452449940939,85.69762729633804,0.7087151047775566,14.182822102930093,0.3054149949472662,0.03038027549946027,,0.23886283196880004,,21,PRUNED
3414,42.71038788180333,2.886859822421946,2026-10-06 02:22:19.904142,2026-10-06 02:25:35.240345,0 days 00:03:15.336203,0.51115025563667,0.8717951055729352,0.5667882730348237,5.245413993140336,0.3049037081953532,94.61146042672904,1.080654620868664,2.064375155489988,0.08173395261699556,0.03280586071940829,2.1038771230648366e-06,1.2974912099205862,195.3360912417993,21,COMPLETE
3415,,,2026-10-06 02:22:20.616265,2026-10-06 02:22:21.481044,0 days 00:00:00.864779,0.7123418565646167,0.2965654106455736,0.4120579376102117,5.245413993140336,0.6087670929915812,94.61146042672904,0.7588176724826874,5.8774721288796,1.1684351076395343,0.03038027549946027,,1.1540267369865085,,21,PRUNED
3416,30.627578803857045,9.9985726938376,2026-10-06 02:22:20.742982,2026-10-06 02:25:37.671447,0 days 00:03:16.928465,0.2994157425323484,0.7186098618255685,0.4120579376102117,5.245413993140336,0.6087670929915812,12.969837341581503,0.6419517764288287,16.053487878924358,0.6958568875001848,0.03038027549946027,2.1038771230648366e-06,1.1540267369865085,196.9283452341333,21,COMPLETE
3417,40.295609577760544,9.835712683832085,2026-10-06 02:22:20.908997,2026-10-06 02:25:33.287595,0 days 00:03:12.378598,0.9158653711831447,0.7186098618255685,0.4120579376102117,11.991629079089469,0.6087670929915812,85.69762729633804,1.080654620868664,41.66154811682372,0.08173395261699556,0.03038027549946027,4.343429493003475e-06,1.1540267369865085,192.3784983055666,21,COMPLETE
3418,,,2026-10-06 02:22:21.569264,2026-10-06 02:22:23.334048,0 days 00:00:01.764784,0.51115025563667,0.8717951055729352,0.4120579376102117,11.991629079089469,0.6087670929915812,85.69762729633804,0.931424763230962,41.66154811682372,0.08173395261699556,0.0036232798971190076,,0.6988205803166775,,21,PRUNED
3419,54.74806333096475,1.4423437003593123,2026-10-06 02:22:21.794435,2026-10-06 02:25:35.363828,0 days 00:03:13.569393,0.51115025563667,0.48628333026250986,0.20358075665942357,5.343050688320007,0.6087670929915812,94.61146042672904,0.6419517764288287,1.0499757152412537,0.08173395261699556,0.03038027549946027,4.343429493003475e-06,1.1540267369865085,193.56927604135126,21,COMPLETE
3420,,,2026-10-06 02:22:22.391986,2026-10-06 02:24:21.191063,0 days 00:01:58.799077,0.8496512879410887,0.2284118304472575,0.22171028696842698,5.245413993140336,0.6087670929915812,98.6416708615901,1.4690823188003486,35.86671955459044,0.08173395261699556,0.03038027549946027,4.343429493003475e-06,1.2267307691914986,,21,PRUNED
3421,,,2026-10-06 02:22:23.367980,2026-10-06 02:23:01.019077,0 days 00:00:37.651097,0.8010869639365119,0.31421620160850683,0.2345370319995722,5.245413993140336,0.2395452449940939,94.61146042672904,0.6419517764288287,5.8774721288796,0.5704043599471293,0.021966873773064614,4.343429493003475e-06,0.2678812614884665,,21,PRUNED
3422,50.58668907640531,1.3677336019298307,2026-10-06 02:22:23.794158,2026-10-06 02:25:34.510205,0 days 00:03:10.716047,0.8010869639365119,0.07861675458476158,0.12615106220885586,21.183844928151355,0.2395452449940939,98.6416708615901,1.080654620868664,1.4056083189495427,0.3054149949472662,0.03038027549946027,2.1038771230648366e-06,0.23886283196880004,190.715933595784,21,COMPLETE
3423,5.531763095526823,1.2640750781371313,2026-10-06 02:22:29.397405,2026-10-06 02:25:37.923599,0 days 00:03:08.526194,0.51115025563667,0.2965654106455736,0.02337296697154413,21.183844928151355,0.3049037081953532,94.61146042672904,1.080654620868664,19.15408445903519,0.28988344429582863,0.03038027549946027,4.343429493003475e-06,0.23886283196880004,188.52607451565564,21,COMPLETE
3424,,,2026-10-06 02:22:52.824914,2026-10-06 02:23:33.132481,0 days 00:00:40.307567,0.51115025563667,0.07861675458476158,0.12615106220885586,5.245413993140336,0.6087670929915812,94.61146042672904,1.2898828018697517,45.6508402201298,0.08173395261699556,0.021966873773064614,2.6279379890152312,1.2974912099205862,,21,PRUNED
3425,,,2026-10-06 02:22:56.555984,2026-10-06 02:22:57.561197,0 days 00:00:01.005213,0.4919537458910443,1.2607370957638926,0.4120579376102117,8.556213008137046,0.2395452449940939,98.6416708615901,0.7297455375332902,6.2296041386818795,0.4212595585654096,0.03280586071940829,,1.1540267369865085,,21,PRUNED
3426,22.01326418606984,27.383634340490158,2026-10-06 02:22:56.772467,2026-10-06 02:26:09.703608,0 days 00:03:12.931141,0.51115025563667,0.07861675458476158,0.807738690329122,21.183844928151355,0.3049037081953532,94.61146042672904,1.080654620868664,45.6508402201298,0.007925456797868324,0.03280586071940829,4.343429493003475e-06,0.23886283196880004,192.9310263497755,21,COMPLETE
3427,42.736623081761415,1.6565312759887387,2026-10-06 02:22:57.857999,2026-10-06 02:26:08.648281,0 days 00:03:10.790282,0.8010869639365119,0.9277185443706824,0.12615106220885586,8.556213008137046,0.6796321135663396,85.69762729633804,1.2898828018697517,18.041358017160412,0.08173395261699556,0.03280586071940829,4.343429493003475e-06,0.2678812614884665,190.79016555659473,21,COMPLETE
3428,47.76448180256743,5.275122119729638,2026-10-06 02:22:57.861963,2026-10-06 02:26:07.935861,0 days 00:03:10.073898,0.9158653711831447,0.7186098618255685,0.4120579376102117,5.245413993140336,0.6087670929915812,94.61146042672904,1.080654620868664,5.8774721288796,0.08173395261699556,0.03038027549946027,2.1038771230648366e-06,1.1540267369865085,190.07378070801497,21,COMPLETE
3429,27.00073384910786,3.493474022154901,2026-10-06 02:22:57.873954,2026-10-06 02:26:10.383286,0 days 00:03:12.509332,0.4169823647633384,0.19189790819770397,0.20358075665942357,10.877854836518644,0.506401025718823,13.177161051202594,1.484226923085714,5.8774721288796,0.08173395261699556,0.03038027549946027,2.1038771230648366e-06,1.0514225752143351,192.5092212529853,21,COMPLETE
3430,16.63438484442629,1.1864260870473071,2026-10-06 02:22:59.116009,2026-10-06 02:26:15.202532,0 days 00:03:16.086523,0.2994157425323484,0.7186098618255685,0.018492855965712877,8.556213008137046,0.6087670929915812,85.69762729633804,0.21292518523710352,5.8774721288796,0.3372985396418654,0.0789599406473581,0.00023428333292156852,1.1540267369865085,196.08641522284597,21,COMPLETE
3431,44.93760348153797,2.963411765663568,2026-10-06 02:22:59.345100,2026-10-06 02:26:09.417778,0 days 00:03:10.072678,0.51115025563667,0.9277185443706824,0.4120579376102117,8.556213008137046,0.2395452449940939,85.69762729633804,1.484226923085714,1.4056083189495427,0.28988344429582863,0.03038027549946027,4.343429493003475e-06,0.2678812614884665,190.072553277947,21,COMPLETE
3432,15.954811528156075,8.476962739257468,2026-10-06 02:23:00.756128,2026-10-06 02:26:15.246165,0 days 00:03:14.490037,0.8010869639365119,0.19189790819770397,0.4120579376102117,8.556213008137046,0.2395452449940939,3.717901124407838,0.6419517764288287,40.29430615948382,0.08173395261699556,0.03038027549946027,0.0003750271870227611,0.2678812614884665,194.489929407835,21,COMPLETE
3433,46.225388324771714,5.4578625281854585,2026-10-06 02:23:01.464144,2026-10-06 02:26:13.150328,0 days 00:03:11.686184,0.51115025563667,0.7186098618255685,0.4120579376102117,5.245413993140336,0.6087670929915812,98.6416708615901,0.6419517764288287,5.8774721288796,0.08173395261699556,0.03038027549946027,4.343429493003475e-06,1.1540267369865085,191.68608304765075,21,COMPLETE
3434,,,2026-10-06 02:23:01.683988,2026-10-06 02:23:02.602055,0 days 00:00:00.918067,0.7407180681038071,0.2965654106455736,0.5667882730348237,11.991629079089469,0.33279388005294136,98.6416708615901,0.7297455375332902,35.86671955459044,0.9099765858502191,0.03038027549946027,,0.7699502779177346,,21,PRUNED
3435,,,2026-10-06 02:23:02.684000,2026-10-06 02:23:03.320050,0 days 00:00:00.636050,0.9158653711831447,0.2965654106455736,0.20358075665942357,11.991629079089469,0.6087670929915812,98.6416708615901,1.080654620868664,41.66154811682372,0.3054149949472662,0.009680863706072717,,1.1540267369865085,,21,PRUNED
3436,30.690770678466343,13.59150888967708,2026-10-06 02:23:02.993985,2026-10-06 02:26:13.323069,0 days 00:03:10.329084,0.51115025563667,0.2965654106455736,0.4120579376102117,21.183844928151355,0.33279388005294136,81.78000866445406,0.7297455375332902,19.15408445903519,0.4212595585654096,0.03280586071940829,4.343429493003475e-06,0.33463881181029576,190.32896925508976,21,COMPLETE
3437,36.46705485385591,13.655175105505226,2026-10-06 02:23:03.333549,2026-10-06 02:26:15.986651,0 days 00:03:12.653102,0.6775759777641851,0.2284118304472575,0.5667882730348237,5.245413993140336,0.6087670929915812,94.61146042672904,1.080654620868664,23.475624031055144,0.007925456797868324,0.03038027549946027,2.1038771230648366e-06,1.2974912099205862,192.65299255866557,21,COMPLETE
3438,,,2026-10-06 02:23:03.844004,2026-10-06 02:23:04.606027,0 days 00:00:00.762023,0.51115025563667,0.2965654106455736,0.4120579376102117,20.000726109884642,0.2395452449940939,85.69762729633804,0.7297455375332902,45.6508402201298,0.4212595585654096,0.002514860134273154,,1.1540267369865085,,21,PRUNED
3439,38.07641227582384,10.600123799469804,2026-10-06 02:23:03.897989,2026-10-06 02:26:13.460450,0 days 00:03:09.562461,0.2994157425323484,0.7186098618255685,0.4120579376102117,10.877854836518644,0.33279388005294136,94.61146042672904,1.080654620868664,45.6508402201298,0.08173395261699556,0.03038027549946027,2.1038771230648366e-06,1.1540267369865085,189.5623614443466,21,COMPLETE
3440,,,2026-10-06 02:23:04.248020,2026-10-06 02:23:04.871072,0 days 00:00:00.623052,0.9158653711831447,0.8717951055729352,0.4120579376102117,8.556213008137046,0.506401025718823,86.6015482918717,0.7297455375332902,71.12645222357934,0.06802941049346445,0.002202811149450899,,1.1540267369865085,,21,PRUNED
3441,51.70260539678079,1.7001866342585732,2026-10-06 02:23:04.973163,2026-10-06 02:26:20.655785,0 days 00:03:15.682622,0.9158653711831447,0.48628333026250986,0.20358075665942357,5.343050688320007,0.6087670929915812,85.69762729633804,1.484226923085714,5.8774721288796,0.08173395261699556,0.03038027549946027,4.343429493003475e-06,1.1540267369865085,195.6825037356466,21,COMPLETE
3442,,,2026-10-06 02:23:05.064985,2026-10-06 02:23:44.167062,0 days 00:00:39.102077,0.51115025563667,0.7186098618255685,0.807738690329122,21.183844928151355,0.6087670929915812,94.61146042672904,1.080654620868664,45.6508402201298,0.44356438383841296,0.03038027549946027,2.1038771230648366e-06,1.2974912099205862,,21,PRUNED
3443,39.52434604107492,10.22014722362016,2026-10-06 02:23:06.900007,2026-10-06 02:26:14.630530,0 days 00:03:07.730523,0.51115025563667,0.2965654106455736,0.4120579376102117,5.245413993140336,0.29146958595225325,98.6416708615901,1.484226923085714,19.15408445903519,0.28988344429582863,0.03280586071940829,4.343429493003475e-06,0.06251191492870928,187.73041166272014,21,COMPLETE
3444,0.31206057408745674,1.1876350985013278,2026-10-06 02:23:32.176012,2026-10-06 02:26:46.727342,0 days 00:03:14.551330,0.51115025563667,0.2965654106455736,0.011735378061352478,46.35705467542971,0.506401025718823,98.6416708615901,1.484226923085714,5.8774721288796,0.2975664073833317,0.03038027549946027,2.1038771230648366e-06,1.0514225752143351,194.5512068113312,22,COMPLETE
3445,,,2026-10-06 02:23:33.588005,2026-10-06 02:23:34.279420,0 days 00:00:00.691415,0.51115025563667,0.2284118304472575,0.2345370319995722,5.245413993140336,0.33279388005294136,98.6416708615901,1.484226923085714,5.8774721288796,0.28988344429582863,0.0021504092238067455,,1.1540267369865085,,22,PRUNED
3446,,,2026-10-06 02:23:33.981004,2026-10-06 02:23:34.435168,0 days 00:00:00.454164,0.8010869639365119,1.4550848714565618,0.4120579376102117,5.245413993140336,0.33279388005294136,98.6416708615901,1.484226923085714,19.15408445903519,0.28988344429582863,0.03038027549946027,,1.1070658705784446,,22,PRUNED
3447,32.90700614427405,18.528864450422976,2026-10-06 02:23:34.565181,2026-10-06 02:26:46.327188,0 days 00:03:11.762007,0.51115025563667,0.2965654106455736,0.5667882730348237,11.991629079089469,0.33279388005294136,94.61146042672904,1.484226923085714,19.15408445903519,0.15450841561573675,0.024099244621516126,4.343429493003475e-06,1.1540267369865085,191.76188402436674,22,COMPLETE
3448,27.411189817747886,21.428788807532115,2026-10-06 02:23:34.568973,2026-10-06 02:26:47.182372,0 days 00:03:12.613399,0.51115025563667,0.2284118304472575,0.807738690329122,21.183844928151355,0.33279388005294136,94.61146042672904,1.080654620868664,15.800827314044621,0.007925456797868324,0.03038027549946027,2.1038771230648366e-06,1.2974912099205862,192.61328445281833,22,COMPLETE
3449,22.01326418606984,27.383634340490158,2026-10-06 02:23:34.572952,2026-10-06 02:26:47.656008,0 days 00:03:13.083056,0.51115025563667,0.07861675458476158,0.807738690329122,21.183844928151355,0.3049037081953532,94.61146042672904,1.080654620868664,45.6508402201298,0.007925456797868324,0.03280586071940829,4.343429493003475e-06,0.23886283196880004,193.08293893374503,22,COMPLETE
3450,37.74950790038751,7.425605241642608,2026-10-06 02:23:34.576953,2026-10-06 02:26:46.002256,0 days 00:03:11.425303,0.51115025563667,0.8717951055729352,0.4120579376102117,21.183844928151355,0.2395452449940939,98.6416708615901,0.7297455375332902,6.2296041386818795,0.08173395261699556,0.03038027549946027,4.343429493003475e-06,0.9672961964229467,191.425181905739,22,COMPLETE
3451,,,2026-10-06 02:23:35.707438,2026-10-06 02:24:13.861052,0 days 00:00:38.153614,0.4919537458910443,0.07861675458476158,0.4120579376102117,8.556213008137046,0.8621567478432097,98.6416708615901,1.080654620868664,45.6508402201298,0.007925456797868324,0.03280586071940829,4.343429493003475e-06,1.1540267369865085,,22,PRUNED
3452,,,2026-10-06 02:23:35.902990,2026-10-06 02:23:36.296997,0 days 00:00:00.394007,0.7123418565646167,0.2965654106455736,0.024717750410090354,24.82575964905314,0.6087670929915812,6.386446191653126,0.7297455375332902,5.8774721288796,0.08173395261699556,0.0014412477751615674,,1.209109649444219,,22,PRUNED
3453,37.69161000024746,5.23822752272794,2026-10-06 02:23:36.696143,2026-10-06 02:26:49.447692,0 days 00:03:12.751549,0.7123418565646167,0.07861675458476158,0.4120579376102117,18.313734901933746,0.3049037081953532,94.61146042672904,0.6406919176429674,1.8632927640607868,0.007925456797868324,0.03038027549946027,4.343429493003475e-06,0.23886283196880004,192.75143366213888,22,COMPLETE
3454,40.842802619177455,2.544115114327906,2026-10-06 02:23:36.707961,2026-10-06 02:26:47.349889,0 days 00:03:10.641928,1.2578229644249848,0.7186098618255685,0.807738690329122,5.245413993140336,0.6454873286650737,94.61146042672904,1.4690823188003486,2.064375155489988,0.08173395261699556,0.03280586071940829,2.1038771230648366e-06,1.1540267369865085,190.64180808793753,22,COMPLETE
3455,36.03698620434617,12.17419984865443,2026-10-06 02:23:39.635987,2026-10-06 02:26:55.438022,0 days 00:03:15.802035,0.7407180681038071,0.2965654106455736,0.5926143650576037,11.991629079089469,0.2395452449940939,85.69762729633804,1.4690823188003486,6.2296041386818795,0.4212595585654096,0.03280586071940829,1.0404416312447e-06,0.7699502779177346,195.80193083081394,22,COMPLETE
3456,26.20793058551009,25.554672746891832,2026-10-06 02:23:41.729648,2026-10-06 02:26:54.580553,0 days 00:03:12.850905,0.51115025563667,0.48628333026250986,0.807738690329122,12.214752017762354,0.3049037081953532,94.61146042672904,1.080654620868664,45.6508402201298,0.08173395261699556,0.03038027549946027,4.343429493003475e-06,0.23886283196880004,192.85078523494303,22,COMPLETE
3457,44.89077560065461,5.503823302001263,2026-10-06 02:23:41.732962,2026-10-06 02:26:55.456433,0 days 00:03:13.723471,0.2994157425323484,0.7186098618255685,0.4120579376102117,5.245413993140336,0.6087670929915812,94.61146042672904,0.46676722456135644,5.8774721288796,0.08173395261699556,0.03038027549946027,4.343429493003475e-06,1.2267307691914986,193.7233757469803,22,COMPLETE
3458,26.352904682779013,1.8394601726247573,2026-10-06 02:23:41.736945,2026-10-06 02:26:54.582216,0 days 00:03:12.845271,0.7407180681038071,1.0763652745040515,0.12615106220885586,5.245413993140336,0.2395452449940939,4.020455400249154,1.2898828018697517,35.86671955459044,0.4212595585654096,0.03038027549946027,4.343429493003475e-06,0.7699502779177346,192.8451789971441,22,COMPLETE
3459,48.298720574096606,1.2906786783429283,2026-10-06 02:23:42.375638,2026-10-06 02:26:52.697534,0 days 00:03:10.321896,0.4919537458910443,0.2965654106455736,0.06732952838327579,8.556213008137046,0.2395452449940939,98.6416708615901,0.7297455375332902,6.2296041386818795,0.28988344429582863,0.03280586071940829,4.343429493003475e-06,1.1540267369865085,190.3217787304893,22,COMPLETE
3460,31.032903158116262,21.457061274539896,2026-10-06 02:23:42.627988,2026-10-06 02:26:50.654909,0 days 00:03:08.026921,0.5909947906994936,0.21606902729252941,0.5926143650576037,11.991629079089469,0.2395452449940939,85.69762729633804,1.2293602675726911,35.86671955459044,0.4212595585654096,0.03038027549946027,4.343429493003475e-06,0.7699502779177346,188.02680808585137,22,COMPLETE
3461,37.54407273942737,3.3703139743963266,2026-10-06 02:23:44.330156,2026-10-06 02:26:56.825612,0 days 00:03:12.495456,0.51115025563667,0.7186098618255685,0.20358075665942357,27.717129853434816,0.33279388005294136,85.69762729633804,1.109190798375411,14.182822102930093,0.007925456797868324,0.03038027549946027,4.343429493003475e-06,0.9043262295252158,192.49533982668072,22,COMPLETE
3462,,,2026-10-06 02:24:08.841386,2026-10-06 02:24:49.019114,0 days 00:00:40.177728,0.51115025563667,0.7186098618255685,0.807738690329122,12.214752017762354,0.6087670929915812,94.61146042672904,1.484226923085714,45.6508402201298,0.08173395261699556,0.03038027549946027,4.134276556654183e-05,1.1540267369865085,,22,PRUNED
3463,44.66341628309346,6.394009790787308,2026-10-06 02:24:14.081005,2026-10-06 02:27:26.639781,0 days 00:03:12.558776,0.7123418565646167,0.2965654106455736,0.4120579376102117,5.245413993140336,0.6087670929915812,94.61146042672904,0.8124273413505371,5.8774721288796,0.08173395261699556,0.03038027549946027,2.1038771230648366e-06,1.209109649444219,192.558662337251,22,COMPLETE
3464,52.21661292804648,1.4395324576532023,2026-10-06 02:24:14.832159,2026-10-06 02:27:24.434911,0 days 00:03:09.602752,0.51115025563667,0.2965654106455736,0.12615106220885586,5.245413993140336,0.33279388005294136,94.61146042672904,1.3303656343791816,19.15408445903519,0.28988344429582863,0.03038027549946027,4.343429493003475e-06,1.1540267369865085,189.60263809934258,22,COMPLETE
3465,,,2026-10-06 02:24:14.835961,2026-10-06 02:24:53.092053,0 days 00:00:38.256092,0.8508154272812957,0.8717951055729352,0.5667882730348237,5.245413993140336,1.145131408784476,94.61146042672904,1.484226923085714,19.15408445903519,0.28988344429582863,0.03038027549946027,4.343429493003475e-06,1.209109649444219,,22,PRUNED
3466,27.354389005842698,23.584325043860595,2026-10-06 02:24:14.867972,2026-10-06 02:27:27.000690,0 days 00:03:12.132718,0.51115025563667,0.21606902729252941,0.807738690329122,11.991629079089469,0.3049037081953532,94.61146042672904,1.080654620868664,45.6508402201298,0.4212595585654096,0.03038027549946027,4.343429493003475e-06,0.7699502779177346,192.13261009007692,22,COMPLETE
3467,10.456959929222213,1.2204688833869717,2026-10-06 02:24:15.229003,2026-10-06 02:27:27.624037,0 days 00:03:12.395034,0.51115025563667,0.2965654106455736,0.021241565434069222,12.214752017762354,0.6087670929915812,94.61146042672904,0.7297455375332902,45.6508402201298,0.08173395261699556,0.03038027549946027,2.617190586425833e-05,1.1540267369865085,192.39492713846266,22,COMPLETE
