number,values_0,values_1,datetime_start,datetime_complete,duration,params_between_rest_spread,params_c_spread,params_c_val,params_input_force,params_k_between_spread,params_k_between_val,params_k_wall_spread,params_k_wall_val,params_m_spread,params_m_val,params_ridge_alpha,params_wall_rest_spread,user_attrs_duration_sec,system_attrs_NSGAIISampler:generation,state
4122,,,2026-10-06 02:49:25.759993,2026-10-06 02:49:26.534047,0 days 00:00:00.774054,0.8010869639365119,1.1420759869010866,0.5926143650576037,11.991629079089469,0.33279388005294136,94.61146042672904,1.2898828018697517,35.86671955459044,0.4212595585654096,0.03038027549946027,,1.1540267369865085,,26,PRUNED
4123,33.2603149263517,14.74820352447089,2026-10-06 02:49:26.415158,2026-10-06 02:52:37.589291,0 days 00:03:11.174133,0.7407180681038071,0.07861675458476158,0.4120579376102117,21.183844928151355,0.3519093950798047,94.61146042672904,0.7297455375332902,45.6508402201298,0.3054149949472662,0.03038027549946027,4.343429493003475e-06,1.2974912099205862,191.17403355892748,26,COMPLETE
4124,45.18793915698451,7.509417462652655,2026-10-06 02:49:26.418963,2026-10-06 02:52:36.296064,0 days 00:03:09.877101,0.9158653711831447,0.21606902729252941,0.4120579376102117,11.991629079089469,0.33279388005294136,98.6416708615901,1.4690823188003486,5.8774721288796,0.4212595585654096,0.03038027549946027,2.1038771230648366e-06,1.3935899481993523,189.87698678206652,26,COMPLETE
4125,23.936351127559128,26.21829533036074,2026-10-06 02:49:26.768840,2026-10-06 02:52:53.051967,0 days 00:03:26.283127,0.4336871881179664,0.07861675458476158,0.807738690329122,21.183844928151355,0.6087670929915812,94.61146042672904,1.484226923085714,45.6508402201298,0.08173395261699556,0.03038027549946027,4.343429493003475e-06,0.23886283196880004,206.2830011928454,26,COMPLETE
4126,40.3083454488053,8.57100747491937,2026-10-06 02:49:44.612005,2026-10-06 02:52:51.762335,0 days 00:03:07.150330,0.9158653711831447,0.2965654106455736,0.4120579376102117,5.245413993140336,0.2395452449940939,94.61146042672904,0.7257345409495506,19.15408445903519,0.08173395261699556,0.03038027549946027,4.343429493003475e-06,1.1540267369865085,187.15020765922964,26,COMPLETE
4127,,,2026-10-06 02:49:49.545717,2026-10-06 02:49:50.190101,0 days 00:00:00.644384,0.51115025563667,1.456054827291977,0.2345370319995722,5.245413993140336,0.33279388005294136,98.6416708615901,0.5220580932135117,19.15408445903519,0.28988344429582863,0.005097806579428247,,1.1540267369865085,,26,PRUNED
4128,29.798043682676052,22.305943160619286,2026-10-06 02:49:50.777166,2026-10-06 02:53:00.363575,0 days 00:03:09.586409,0.51115025563667,0.375604540516181,0.807738690329122,10.877854836518644,0.33279388005294136,94.61146042672904,1.080654620868664,35.86671955459044,0.007925456797868324,0.03038027549946027,2.1038771230648366e-06,1.1753266320896327,189.58628338668495,26,COMPLETE
4129,42.89631152854154,7.33794121834379,2026-10-06 02:49:52.945155,2026-10-06 02:53:03.775318,0 days 00:03:10.830163,0.4919537458910443,0.2965654106455736,0.4120579376102117,8.556213008137046,0.2395452449940939,98.6416708615901,0.7297455375332902,6.2296041386818795,0.4212595585654096,0.03280586071940829,4.343429493003475e-06,1.1540267369865085,190.83003647904843,26,COMPLETE
4130,,,2026-10-06 02:49:54.211992,2026-10-06 02:49:55.002042,0 days 00:00:00.790050,0.8010869639365119,0.2284118304472575,0.12615106220885586,5.245413993140336,0.2395452449940939,79.5897118469704,0.7257345409495506,5.8774721288796,0.28988344429582863,0.0015427691779299896,,1.1540267369865085,,26,PRUNED
4131,,,2026-10-06 02:49:54.442625,2026-10-06 02:50:34.750603,0 days 00:00:40.307978,0.9158653711831447,0.48628333026250986,0.4120579376102117,18.420638446526212,1.0767926998400164,98.6416708615901,0.3939103624903662,5.8774721288796,0.28988344429582863,0.03038027549946027,4.343429493003475e-06,1.1540267369865085,,26,PRUNED
4132,29.871272482431852,19.051883693548856,2026-10-06 02:49:54.994122,2026-10-06 02:53:08.610388,0 days 00:03:13.616266,0.9158653711831447,0.2284118304472575,0.5667882730348237,11.991629079089469,0.6087670929915812,85.69762729633804,1.080654620868664,41.66154811682372,0.08173395261699556,0.03038027549946027,2.1038771230648366e-06,0.23886283196880004,193.61615036427975,26,COMPLETE
4133,47.76240948719363,2.6215542159699083,2026-10-06 02:49:55.497903,2026-10-06 02:53:07.998943,0 days 00:03:12.501040,0.9158653711831447,0.7186098618255685,0.2345370319995722,10.877854836518644,0.506401025718823,94.61146042672904,0.6419517764288287,5.8774721288796,0.28988344429582863,0.03038027549946027,4.343429493003475e-06,1.2974912099205862,192.50092198420316,26,COMPLETE
4134,37.10300955635725,8.736370062218288,2026-10-06 02:49:57.247991,2026-10-06 02:53:06.262132,0 days 00:03:09.014141,0.7123418565646167,0.3710922296723819,0.5926143650576037,5.245413993140336,0.33279388005294136,94.61146042672904,0.6419517764288287,5.8774721288796,0.2975664073833317,0.03038027549946027,4.343429493003475e-06,0.8790389534070755,189.01401493698359,26,COMPLETE
4135,44.04771633195097,6.099121313323734,2026-10-06 02:49:57.297108,2026-10-06 02:53:07.716682,0 days 00:03:10.419574,0.4085010983107948,0.2965654106455736,0.4120579376102117,5.245413993140336,0.6087670929915812,94.61146042672904,1.484226923085714,5.8774721288796,0.08173395261699556,0.03038027549946027,4.343429493003475e-06,1.1540267369865085,190.41946280095726,26,COMPLETE
4136,27.721179934907724,14.127305360999996,2026-10-06 02:49:57.511870,2026-10-06 02:53:08.350681,0 days 00:03:10.838811,0.8010869639365119,0.2965654106455736,0.4120579376102117,38.79836889505854,0.33279388005294136,85.69762729633804,0.2463648736507031,35.86671955459044,0.4212595585654096,0.03038027549946027,2.1038771230648366e-06,0.7699502779177346,190.83868994563818,26,COMPLETE
4137,,,2026-10-06 02:49:57.516003,2026-10-06 02:50:35.111028,0 days 00:00:37.595025,0.4919537458910443,0.2965654106455736,0.4120579376102117,5.245413993140336,0.6087670929915812,98.6416708615901,0.7297455375332902,5.8774721288796,0.4212595585654096,0.03038027549946027,4.343429493003475e-06,1.47715077894276,,26,PRUNED
4138,34.260334687793524,17.53220321219439,2026-10-06 02:49:58.630900,2026-10-06 02:53:08.480685,0 days 00:03:09.849785,0.8010869639365119,0.21606902729252941,0.5667882730348237,8.556213008137046,0.2395452449940939,98.6416708615901,0.7297455375332902,18.137353313664523,0.2975664073833317,0.024099244621516126,4.343429493003475e-06,1.2974912099205862,189.8496717941016,26,COMPLETE
4139,54.48137193691631,1.356205515255859,2026-10-06 02:49:58.634870,2026-10-06 02:53:08.937232,0 days 00:03:10.302362,0.51115025563667,0.9277185443706824,0.12615106220885586,8.556213008137046,0.33279388005294136,94.61146042672904,0.21292518523710352,1.4056083189495427,0.3372985396418654,0.03038027549946027,4.343429493003475e-06,0.2678812614884665,190.30224360339344,26,COMPLETE
4140,52.1217592050149,2.488470996853069,2026-10-06 02:49:59.801004,2026-10-06 02:53:13.371146,0 days 00:03:13.570142,0.8010869639365119,0.2965654106455736,0.2345370319995722,8.556213008137046,0.2395452449940939,98.6416708615901,1.484226923085714,6.2296041386818795,0.28988344429582863,0.03280586071940829,4.343429493003475e-06,1.1540267369865085,193.5700170127675,26,COMPLETE
4141,24.460528135980233,27.6939055373019,2026-10-06 02:50:01.781839,2026-10-06 02:53:13.732201,0 days 00:03:11.950362,0.51115025563667,0.07861675458476158,0.807738690329122,21.183844928151355,0.3519093950798047,94.61146042672904,0.6419517764288287,45.6508402201298,0.08173395261699556,0.03038027549946027,4.343429493003475e-06,1.1540267369865085,191.95023801270872,26,COMPLETE
4142,23.707672763048105,3.5705523566977178,2026-10-06 02:50:02.075999,2026-10-06 02:53:08.968838,0 days 00:03:06.892839,0.8010869639365119,0.21606902729252941,0.5673687007336011,8.556213008137046,0.2395452449940939,98.6416708615901,0.7297455375332902,35.86671955459044,0.2975664073833317,0.03038027549946027,1.4963786042698104,0.7699502779177346,186.892724131234,26,COMPLETE
4143,,,2026-10-06 02:50:04.184012,2026-10-06 02:50:05.465078,0 days 00:00:01.281066,0.51115025563667,0.21606902729252941,0.807738690329122,11.991629079089469,0.6087670929915812,85.69762729633804,1.080654620868664,45.6508402201298,0.4212595585654096,0.03038027549946027,,1.2974912099205862,,26,PRUNED
4144,38.496717448828974,4.557833535541194,2026-10-06 02:50:05.708015,2026-10-06 02:53:19.220804,0 days 00:03:13.512789,0.51115025563667,0.07861675458476158,0.20358075665942357,21.183844928151355,0.33279388005294136,98.6416708615901,1.484226923085714,14.182822102930093,0.3054149949472662,0.03280586071940829,4.343429493003475e-06,0.23886283196880004,193.51266325823963,26,COMPLETE
4145,45.784954334747226,3.797792218156229,2026-10-06 02:50:32.379170,2026-10-06 02:53:46.194096,0 days 00:03:13.814926,0.8010869639365119,0.7186098618255685,0.20358075665942357,5.245413993140336,0.506401025718823,48.08449394627037,1.484226923085714,14.182822102930093,0.1938893553971185,0.024099244621516126,4.343429493003475e-06,1.2974912099205862,193.81480330694467,26,COMPLETE
4146,45.4781764822746,5.588242706854076,2026-10-06 02:50:32.907019,2026-10-06 02:53:42.297870,0 days 00:03:09.390851,0.9158653711831447,0.48628333026250986,0.4120579376102117,5.343050688320007,0.6087670929915812,94.61146042672904,0.6419517764288287,5.8774721288796,0.08173395261699556,0.03038027549946027,4.343429493003475e-06,1.1540267369865085,189.39072154648602,26,COMPLETE
4147,37.86360379676652,3.773644438987104,2026-10-06 02:50:33.672991,2026-10-06 02:53:48.265636,0 days 00:03:14.592645,0.8010869639365119,0.19189790819770397,0.5926143650576037,6.230880731002458,0.33279388005294136,85.69762729633804,1.2898828018697517,1.4056083189495427,0.4212595585654096,0.03038027549946027,4.343429493003475e-06,0.2678812614884665,194.59252847917378,26,COMPLETE
4148,43.39000621082143,6.076046446572586,2026-10-06 02:50:34.996005,2026-10-06 02:53:50.953469,0 days 00:03:15.957464,0.51115025563667,0.21606902729252941,0.20358075665942357,8.556213008137046,0.2395452449940939,98.6416708615901,1.484226923085714,14.182822102930093,0.3161737300984912,0.024099244621516126,4.343429493003475e-06,0.23886283196880004,195.9573477394879,26,COMPLETE
4149,20.50700354812333,1.4376792001223504,2026-10-06 02:50:35.141120,2026-10-06 02:53:50.325540,0 days 00:03:15.184420,0.05181671185353082,0.2965654106455736,0.4120579376102117,5.245413993140336,0.2395452449940939,94.61146042672904,0.7257345409495506,19.15408445903519,0.08173395261699556,0.03038027549946027,43.439449226259086,1.1540267369865085,195.18431887216866,26,COMPLETE
4150,30.485440104535563,19.49599053995839,2026-10-06 02:50:36.303093,2026-10-06 02:53:48.609430,0 days 00:03:12.306337,0.51115025563667,0.2284118304472575,0.5926143650576037,11.991629079089469,0.33279388005294136,85.69762729633804,1.4690823188003486,35.86671955459044,0.08173395261699556,0.03038027549946027,4.343429493003475e-06,0.7296704665126732,192.30622596107423,26,COMPLETE
4151,28.68614390540057,21.848242115567338,2026-10-06 02:50:36.306969,2026-10-06 02:53:49.661275,0 days 00:03:13.354306,0.8010869639365119,0.07861675458476158,0.5926143650576037,11.991629079089469,0.3519093950798047,85.69762729633804,1.080654620868664,47.8749970957239,0.3054149949472662,0.03038027549946027,4.343429493003475e-06,0.37324215272948597,193.35418730415404,26,COMPLETE
4152,,,2026-10-06 02:50:36.310950,2026-10-06 02:51:16.318058,0 days 00:00:40.007108,0.32522926579248107,0.8717951055729352,0.5667882730348237,5.245413993140336,0.6087670929915812,94.61146042672904,1.484226923085714,41.66154811682372,0.08173395261699556,0.03038027549946027,2.1038771230648366e-06,1.1540267369865085,,26,PRUNED
4153,,,2026-10-06 02:50:36.314947,2026-10-06 02:50:36.837066,0 days 00:00:00.522119,0.51115025563667,0.2965654106455736,0.4120579376102117,5.245413993140336,0.33279388005294136,98.6416708615901,1.484226923085714,12.378265840063797,0.28988344429582863,0.002069288558277727,,1.1540267369865085,,26,PRUNED
4154,40.62609785235729,7.560814155779966,2026-10-06 02:50:37.121003,2026-10-06 02:53:44.019702,0 days 00:03:06.898699,0.9158653711831447,0.7186098618255685,0.4120579376102117,5.245413993140336,0.33279388005294136,94.61146042672904,0.6419517764288287,35.764841509768864,0.08173395261699556,0.03038027549946027,4.343429493003475e-06,1.2267307691914986,186.89857073593885,26,COMPLETE
4155,47.35981872862358,5.415632349688226,2026-10-06 02:50:37.691194,2026-10-06 02:53:50.888779,0 days 00:03:13.197585,0.7123418565646167,0.7186098618255685,0.4120579376102117,5.245413993140336,0.6087670929915812,94.61146042672904,0.7297455375332902,5.8774721288796,0.007925456797868324,0.03038027549946027,2.1038771230648366e-06,1.1540267369865085,193.19746879022568,26,COMPLETE
4156,27.02687216743656,2.1438303463596684,2026-10-06 02:50:37.805136,2026-10-06 02:53:50.918222,0 days 00:03:13.113086,0.9158653711831447,0.19189790819770397,0.5926143650576037,5.245413993140336,0.6087670929915812,98.6416708615901,1.080654620868664,5.8774721288796,0.007925456797868324,0.03038027549946027,0.09286022732621262,0.16471469807601846,193.11298637185246,26,COMPLETE
4157,,,2026-10-06 02:50:37.838119,2026-10-06 02:52:34.509075,0 days 00:01:56.670956,0.6775759777641851,0.2284118304472575,0.5667882730348237,11.991629079089469,0.33279388005294136,1.7551874830076728,1.4690823188003486,41.66154811682372,0.08173395261699556,0.024099244621516126,4.343429493003475e-06,1.1540267369865085,,26,PRUNED
4158,56.870940280330544,1.3114666844547345,2026-10-06 02:50:38.606152,2026-10-06 02:53:50.620525,0 days 00:03:12.014373,0.9158653711831447,0.2284118304472575,0.12615106220885586,5.245413993140336,0.2395452449940939,94.61146042672904,0.7257345409495506,1.1445112738702679,0.026937100580568585,0.03280586071940829,2.1038771230648366e-06,1.1540267369865085,192.0142723619938,26,COMPLETE
4159,42.56365981912636,6.424445258973875,2026-10-06 02:50:39.166142,2026-10-06 02:53:49.892842,0 days 00:03:10.726700,0.8161167718500558,0.2965654106455736,0.4120579376102117,5.245413993140336,0.33279388005294136,94.61146042672904,0.6419517764288287,5.8774721288796,0.08173395261699556,0.03038027549946027,4.343429493003475e-06,1.1540267369865085,190.72658395953476,26,COMPLETE
4160,,,2026-10-06 02:50:39.995132,2026-10-06 02:51:16.925125,0 days 00:00:36.929993,0.7407180681038071,0.3710922296723819,0.20358075665942357,10.877854836518644,0.33279388005294136,98.6416708615901,1.484226923085714,35.86671955459044,0.3054149949472662,0.024099244621516126,4.343429493003475e-06,0.23886283196880004,,26,PRUNED
4161,48.69374634236182,2.5799756562095153,2026-10-06 02:50:40.603114,2026-10-06 02:53:52.524031,0 days 00:03:11.920917,0.51115025563667,0.2965654106455736,0.19400160111159936,11.991629079089469,0.33279388005294136,98.6416708615901,1.4690823188003486,19.15408445903519,0.15611232579416562,0.03038027549946027,4.343429493003475e-06,1.2974912099205862,191.9207962229848,26,COMPLETE
4162,,,2026-10-06 02:50:41.056994,2026-10-06 02:51:19.430029,0 days 00:00:38.373035,0.7123418565646167,0.2965654106455736,0.4120579376102117,5.245413993140336,0.6087670929915812,94.61146042672904,1.484226923085714,19.15408445903519,0.28988344429582863,0.03038027549946027,4.343429493003475e-06,1.1540267369865085,,26,PRUNED
4163,42.29627851131839,4.260389335074111,2026-10-06 02:51:09.039014,2026-10-06 02:54:18.298596,0 days 00:03:09.259582,0.6775759777641851,0.2284118304472575,0.5667882730348237,5.245413993140336,0.2395452449940939,94.61146042672904,1.4690823188003486,23.475624031055144,0.026937100580568585,0.07032817062774366,2.1038771230648366e-06,1.1540267369865085,189.2594579970464,26,COMPLETE
4164,37.31202642069784,12.357889429234822,2026-10-06 02:51:12.444218,2026-10-06 02:54:31.665101,0 days 00:03:19.220883,0.51115025563667,0.3710922296723819,0.5667882730348237,10.877854836518644,0.33279388005294136,98.6416708615901,1.484226923085714,12.371756168223909,0.2975664073833317,0.03280586071940829,4.343429493003475e-06,1.1540267369865085,199.22075860761106,26,COMPLETE
4165,57.66145222421217,1.1990073855050818,2026-10-06 02:51:13.917295,2026-10-06 02:54:26.935534,0 days 00:03:13.018239,0.9158653711831447,0.8717951055729352,0.12615106220885586,5.245413993140336,0.33279388005294136,98.6416708615901,1.2898828018697517,1.4056083189495427,0.007925456797868324,0.03038027549946027,2.1038771230648366e-06,1.1540267369865085,193.0181140638888,26,COMPLETE
4166,42.50121617426051,7.1178201784028285,2026-10-06 02:51:14.272002,2026-10-06 02:54:23.996988,0 days 00:03:09.724986,0.32522926579248107,0.2965654106455736,0.4120579376102117,5.245413993140336,0.33279388005294136,94.61146042672904,1.484226923085714,5.8774721288796,0.08173395261699556,0.03038027549946027,2.1038771230648366e-06,1.1540267369865085,189.72486678138375,26,COMPLETE
4167,26.730123992884096,15.559790311364413,2026-10-06 02:51:14.765980,2026-10-06 02:54:24.336842,0 days 00:03:09.570862,0.51115025563667,0.21606902729252941,0.807738690329122,46.67394241504321,0.2395452449940939,98.6416708615901,0.7297455375332902,6.2296041386818795,0.4212595585654096,0.03280586071940829,4.343429493003475e-06,0.7699502779177346,189.5707491133362,26,COMPLETE
4168,33.881139633637844,17.148396804031034,2026-10-06 02:51:15.287012,2026-10-06 02:54:26.334537,0 days 00:03:11.047525,0.51115025563667,0.19189790819770397,0.5667882730348237,10.877854836518644,0.33279388005294136,98.6416708615901,1.080654620868664,35.86671955459044,0.2975664073833317,0.03280586071940829,4.343429493003475e-06,1.1540267369865085,191.04740439355373,26,COMPLETE
4169,52.258207912596106,1.8189602353925025,2026-10-06 02:51:15.523996,2026-10-06 02:54:30.877298,0 days 00:03:15.353302,0.51115025563667,0.48628333026250986,0.20358075665942357,5.343050688320007,0.6087670929915812,94.61146042672904,1.484226923085714,3.875356721855529,0.15450841561573675,0.03038027549946027,4.343429493003475e-06,1.1540267369865085,195.35318192001432,26,COMPLETE
4170,34.156618874758834,16.824009194533343,2026-10-06 02:51:16.452995,2026-10-06 02:54:28.318754,0 days 00:03:11.865759,0.8010869639365119,0.19189790819770397,0.5926143650576037,10.877854836518644,0.33279388005294136,94.61146042672904,1.1062390612869386,35.86671955459044,0.2975664073833317,0.03280586071940829,4.343429493003475e-06,1.1540267369865085,191.86563215311617,26,COMPLETE
4171,,,2026-10-06 02:51:16.648163,2026-10-06 02:51:17.292053,0 days 00:00:00.643890,0.8010869639365119,0.19189790819770397,0.5673687007336011,10.877854836518644,1.3611994670689558,98.6416708615901,0.7297455375332902,35.86671955459044,0.2975664073833317,0.03280586071940829,,1.1540267369865085,,26,PRUNED
4172,46.65765971580548,5.459672072773913,2026-10-06 02:51:16.925580,2026-10-06 02:54:25.621657,0 days 00:03:08.696077,1.4644809848335274,0.8717951055729352,0.4120579376102117,8.556213008137046,0.506401025718823,86.6015482918717,0.6419517764288287,5.8774721288796,0.08173395261699556,0.03038027549946027,4.343429493003475e-06,1.1540267369865085,188.6959585538134,26,COMPLETE
4173,,,2026-10-06 02:51:17.442004,2026-10-06 02:51:18.916052,0 days 00:00:01.474048,0.8010869639365119,0.19189790819770397,0.5667882730348237,5.245413993140336,0.33279388005294136,98.6416708615901,1.2898828018697517,1.4056083189495427,0.08981597176864942,0.0025634807064082773,,1.2974912099205862,,26,PRUNED
4174,,,2026-10-06 02:51:17.448230,2026-10-06 02:51:53.963043,0 days 00:00:36.514813,0.7123418565646167,0.2965654106455736,0.4120579376102117,8.556213008137046,0.6087670929915812,98.6416708615901,0.7297455375332902,5.8774721288796,0.6518968571902624,0.03038027549946027,2.1038771230648366e-06,1.1540267369865085,,26,PRUNED
4175,38.05458124225216,8.056434109911306,2026-10-06 02:51:19.227153,2026-10-06 02:54:30.489038,0 days 00:03:11.261885,0.9158653711831447,0.07861675458476158,0.4120579376102117,21.183844928151355,0.6087670929915812,94.61146042672904,0.6419517764288287,5.8774721288796,0.051065055709339446,0.03038027549946027,4.343429493003475e-06,1.2974912099205862,191.26176762022078,26,COMPLETE
4176,38.08038379036877,8.814002802803392,2026-10-06 02:51:20.232151,2026-10-06 02:54:31.021260,0 days 00:03:10.789109,0.9158653711831447,0.8715336252138003,0.4120579376102117,10.877854836518644,0.33279388005294136,98.6416708615901,0.6419517764288287,35.86671955459044,0.2975664073833317,0.03280586071940829,4.343429493003475e-06,0.23886283196880004,190.78899446781725,26,COMPLETE
4177,,,2026-10-06 02:51:47.282010,2026-10-06 02:51:48.198346,0 days 00:00:00.916336,0.51115025563667,0.19189790819770397,0.5667882730348237,10.877854836518644,0.506401025718823,98.6416708615901,1.484226923085714,12.371756168223909,0.2975664073833317,0.0019592424462850466,,1.2974912099205862,,26,PRUNED
4178,46.7621947460939,5.008214862985924,2026-10-06 02:51:48.330011,2026-10-06 02:55:00.923755,0 days 00:03:12.593744,0.7123418565646167,0.8875109878496348,0.4120579376102117,5.245413993140336,0.6087670929915812,94.61146042672904,0.6419517764288287,5.8774721288796,0.08173395261699556,0.03038027549946027,2.1038771230648366e-06,0.23886283196880004,192.59360880684108,26,COMPLETE
4179,47.271573113572664,1.248886570812084,2026-10-06 02:51:51.295998,2026-10-06 02:55:03.577225,0 days 00:03:12.281227,0.8010869639365119,0.7186098618255685,0.2345370319995722,5.245413993140336,0.33279388005294136,98.6416708615901,1.484226923085714,5.8774721288796,0.28988344429582863,0.09343001530555599,4.343429493003475e-06,1.1540267369865085,192.28111607022583,26,COMPLETE
4180,41.36580786246276,9.56253388198949,2026-10-06 02:51:51.656018,2026-10-06 02:55:03.768830,0 days 00:03:12.112812,0.9158653711831447,0.2965654106455736,0.4120579376102117,5.245413993140336,0.6087670929915812,98.6416708615901,1.484226923085714,19.15408445903519,0.08173395261699556,0.03038027549946027,2.1038771230648366e-06,0.23886283196880004,192.11270426027477,26,COMPLETE
