number,values_0,values_1,datetime_start,datetime_complete,duration,params_between_rest_spread,params_c_spread,params_c_val,params_input_force,params_k_between_spread,params_k_between_val,params_k_wall_spread,params_k_wall_val,params_m_spread,params_m_val,params_ridge_alpha,params_wall_rest_spread,user_attrs_duration_sec,system_attrs_NSGAIISampler:generation,state
1223,13.73732971736529,3.313476120886862,2026-10-06 00:56:23.143956,2026-10-06 00:59:35.734440,0 days 00:03:12.590484,0.51115025563667,0.3233389271032242,0.5799701872746303,10.877854836518644,0.2395452449940939,4.937742765084751,0.9642498819660295,1.2001363989388558,0.2975664073833317,0.03038027549946027,0.0006185581455600675,0.2678812614884665,192.5903857462108,6,COMPLETE
1224,,,2026-10-06 00:56:23.147953,2026-10-06 00:56:24.167314,0 days 00:00:01.019361,0.447684485641811,0.24837341587000777,0.807738690329122,9.868280842937416,1.0774031071944332,85.69762729633804,1.191277759964359,10.195345414647532,0.6979007106917119,0.006074688503901476,,0.21347726672360295,,6,PRUNED
1225,23.002201403854965,4.96466203768976,2026-10-06 00:56:23.413016,2026-10-06 00:59:36.982546,0 days 00:03:13.569530,0.8010869639365119,0.4835105352725577,0.5799701872746303,16.794110724016896,0.2395452449940939,28.285734118696016,0.21292518523710352,1.2001363989388558,0.2975664073833317,0.024099244621516126,0.0006185581455600675,0.2678812614884665,193.56944118160754,6,COMPLETE
1226,29.05155235074456,1.3968979072659233,2026-10-06 00:56:24.189153,2026-10-06 00:59:32.381998,0 days 00:03:08.192845,0.51115025563667,0.8661787220393558,0.5799701872746303,11.991629079089469,1.35460707310614,85.69762729633804,0.9356883984494996,23.475624031055144,0.007925456797868324,0.09765004764801033,3.541678299589102,1.4891500624393408,188.19273982476443,6,COMPLETE
1227,,,2026-10-06 00:56:24.192968,2026-10-06 00:56:25.563012,0 days 00:00:01.370044,0.2994157425323484,1.0562250660985053,0.5662816343755678,48.88220664993239,0.6046626808156426,85.69762729633804,1.1446866529412485,7.9874857515804925,0.04206136129933902,0.01357803375358514,,1.3635581381619835,,6,PRUNED
1228,24.875759997512528,4.76620277159573,2026-10-06 00:56:24.251993,2026-10-06 00:59:41.431393,0 days 00:03:17.179400,0.447684485641811,0.7186098618255685,0.9085752022059369,18.386910920395536,0.05714116461716917,26.22079615322774,1.191277759964359,10.195345414647532,0.007925456797868324,0.07297012210736925,2.1038771230648366e-06,1.1540267369865085,197.17929281666875,6,COMPLETE
1229,26.183963258818295,2.609403112547892,2026-10-06 00:56:24.338998,2026-10-06 00:59:35.469895,0 days 00:03:11.130897,1.3426389093843176,1.0562250660985053,0.9085752022059369,10.877854836518644,0.2395452449940939,26.22079615322774,0.06389754300029743,10.195345414647532,0.2975664073833317,0.09765004764801033,0.0005104435594619652,1.1137428294822522,191.13078975398093,6,COMPLETE
1230,,,2026-10-06 00:56:24.732631,2026-10-06 00:56:25.432050,0 days 00:00:00.699419,0.4919537458910443,0.3233389271032242,0.6443949852851695,8.695206399809345,0.2395452449940939,3.9357948336652977,0.7653789609102462,86.57068482598544,0.2975664073833317,0.016480469235405797,,1.3458907086260936,,6,PRUNED
1231,,,2026-10-06 00:56:25.183552,2026-10-06 00:56:25.999035,0 days 00:00:00.815483,1.321034544393569,1.3885633301975155,0.5662816343755678,21.183844928151355,1.35460707310614,98.6416708615901,1.1446866529412485,23.475624031055144,0.08173395261699556,0.03280586071940829,,1.1540267369865085,,6,PRUNED
1232,13.66745536717238,1.4159191834987344,2026-10-06 00:56:25.909166,2026-10-06 00:59:38.879707,0 days 00:03:12.970541,0.7737222815132565,1.0562250660985053,0.807738690329122,18.677678184085455,0.6046626808156426,1.9769923786782757,0.19809840133758488,2.961455179590327,0.5860574191614696,0.09765004764801033,0.0004693315590468239,1.4891500624393408,192.9704426601529,6,COMPLETE
1233,19.636397839128296,12.057981133216604,2026-10-06 00:56:25.911971,2026-10-06 00:59:39.368830,0 days 00:03:13.456859,0.3834721347353825,0.2965654106455736,0.6443949852851695,41.645467536664455,0.6454873286650737,1.2305092695987363,0.12486747625813921,86.57068482598544,0.7360596685479106,0.024099244621516126,8.057382607958031e-05,1.0281652581298224,193.4567631855607,6,COMPLETE
1234,,,2026-10-06 00:56:25.915958,2026-10-06 00:56:27.218018,0 days 00:00:01.302060,1.3426389093843176,1.0562250660985053,0.5799701872746303,9.868280842937416,0.2395452449940939,85.69762729633804,0.06389754300029743,10.195345414647532,0.08173395261699556,0.03280586071940829,,1.1540267369865085,,6,PRUNED
1235,20.233326784724813,3.8916989533662942,2026-10-06 00:56:25.919965,2026-10-06 00:59:36.042907,0 days 00:03:10.122942,1.3426389093843176,0.3233389271032242,0.9085752022059369,11.991629079089469,0.6454873286650737,26.22079615322774,0.06389754300029743,1.2001363989388558,0.2975664073833317,0.024099244621516126,0.0006185581455600675,0.2678812614884665,190.12286115530878,6,COMPLETE
1236,41.90815736357479,2.7607563234619676,2026-10-06 00:56:26.486149,2026-10-06 00:59:35.869587,0 days 00:03:09.383438,0.19630735827449874,0.3731992973752525,0.09005234812447538,5.245413993140336,0.2395452449940939,40.51003035235989,0.4740161859265573,14.182822102930093,0.7685554742107898,0.024099244621516126,0.0006185581455600675,0.8301913868387292,189.383355287835,6,COMPLETE
1237,35.260887920202805,1.444860298520774,2026-10-06 00:56:26.804000,2026-10-06 00:59:36.979092,0 days 00:03:10.175092,0.1348447635679823,0.3731992973752525,0.09005234812447538,5.245413993140336,1.0774031071944332,25.013387272742126,0.6190885998388953,86.57068482598544,0.26083598793965107,0.037495759622009746,0.00014447613183128302,0.6004925208325128,190.17499978467822,6,COMPLETE
1238,,,2026-10-06 00:56:27.314004,2026-10-06 00:56:28.166044,0 days 00:00:00.852040,0.7737222815132565,0.4500057657713351,0.09005234812447538,5.245413993140336,1.1607554094998982,28.285734118696016,0.6190885998388953,7.9874857515804925,0.7685554742107898,0.002525250550027277,,0.0038888774159797634,,6,PRUNED
1239,31.040682010183,11.097704704327494,2026-10-06 00:56:28.241990,2026-10-06 00:59:35.837780,0 days 00:03:07.595790,0.7558468006943146,0.3233389271032242,0.6443949852851695,21.183844928151355,0.2395452449940939,98.6416708615901,0.538892582053957,5.8774721288796,0.08173395261699556,0.03280586071940829,0.00014447613183128302,1.1540267369865085,187.59569842740893,6,COMPLETE
1240,44.6660147061083,1.3101717802430746,2026-10-06 00:56:28.487007,2026-10-06 00:59:40.491406,0 days 00:03:12.004399,0.8010869639365119,0.3233389271032242,0.5799701872746303,10.877854836518644,0.6454873286650737,85.69762729633804,0.7964747556623476,1.2001363989388558,0.2975664073833317,0.09765004764801033,0.00014447613183128302,0.2678812614884665,192.00429963786155,6,COMPLETE
1241,25.93578317880275,24.074289103405604,2026-10-06 00:56:57.995993,2026-10-06 01:00:07.134683,0 days 00:03:09.138690,0.447684485641811,0.2284118304472575,0.807738690329122,18.386910920395536,0.05714116461716917,98.6416708615901,1.4690823188003486,14.182822102930093,0.08173395261699556,0.024099244621516126,2.1038771230648366e-06,1.1540267369865085,189.1385837253183,6,COMPLETE
1242,34.661256136663766,1.530089284381156,2026-10-06 00:56:58.515994,2026-10-06 01:00:14.131817,0 days 00:03:15.615823,0.8010869639365119,0.3233389271032242,0.4120579376102117,16.606931230784816,1.4932652729671005,85.69762729633804,0.21292518523710352,3.640363331047021,0.2975664073833317,0.09765004764801033,0.0006185581455600675,0.7296704665126732,195.61573580652475,6,COMPLETE
1243,30.801788130003793,16.54068957801389,2026-10-06 00:56:59.083017,2026-10-06 01:00:13.353918,0 days 00:03:14.270901,0.3395165906212997,0.2284118304472575,0.6443949852851695,21.183844928151355,0.33279388005294136,98.6416708615901,1.4690823188003486,14.182822102930093,0.08173395261699556,0.03280586071940829,4.343429493003475e-06,1.1540267369865085,194.2707993136719,6,COMPLETE
1244,14.577868625780606,3.2392574655470487,2026-10-06 00:56:59.382135,2026-10-06 01:00:09.124489,0 days 00:03:09.742354,0.51115025563667,0.24837341587000777,0.2169448017457144,9.868280842937416,1.35460707310614,2.9667093425059705,0.06389754300029743,23.475624031055144,0.4212595585654096,0.03038027549946027,5.408454955199626e-06,0.21347726672360295,189.74224445875734,6,COMPLETE
1245,22.00517687418923,7.184638186574241,2026-10-06 00:57:02.152994,2026-10-06 01:00:19.273643,0 days 00:03:17.120649,0.447684485641811,0.5608376222859704,0.6443949852851695,28.912854124743163,1.188539193370075,25.088361291801984,0.21292518523710352,5.8774721288796,0.5860574191614696,0.03280586071940829,0.00014447613183128302,0.984036704227313,197.12054860498756,6,COMPLETE
1246,27.9398991825155,1.802790957349791,2026-10-06 00:57:02.210112,2026-10-06 01:00:15.860103,0 days 00:03:13.649991,0.7535562568504046,0.4835105352725577,0.807738690329122,17.553296709297783,0.6454873286650737,85.69762729633804,0.19809840133758488,7.9874857515804925,0.5860574191614696,0.09765004764801033,0.8750530665638577,0.2678812614884665,193.64990592282265,6,COMPLETE
1247,,,2026-10-06 00:57:02.253976,2026-10-06 00:57:03.465010,0 days 00:00:01.211034,0.447684485641811,0.9742421714469984,0.4120579376102117,18.386910920395536,0.012171422282250266,85.69762729633804,0.21292518523710352,5.8774721288796,0.6353936504592018,0.00800206596632396,,1.1540267369865085,,6,PRUNED
1248,,,2026-10-06 00:57:02.286991,2026-10-06 00:57:43.274005,0 days 00:00:40.987014,0.51115025563667,0.8317395103448288,0.0622491376328977,8.556213008137046,1.4257271037095816,11.647781097448451,1.4594405107884705,4.314853216716561,0.8423991685160084,0.02334892618861545,0.002337981028655364,1.409752754419799,,6,PRUNED
1249,,,2026-10-06 00:57:02.776992,2026-10-06 00:57:03.141964,0 days 00:00:00.364972,0.8861887783233188,0.3233389271032242,0.011653645801354329,18.489161893608337,0.2395452449940939,98.6416708615901,0.6190885998388953,86.57068482598544,0.26083598793965107,0.007361010447850752,,1.1540267369865085,,6,PRUNED
1250,11.578920778744251,14.17533080972925,2026-10-06 00:57:03.250000,2026-10-06 01:00:15.766339,0 days 00:03:12.516339,1.3426389093843176,0.24837341587000777,0.5799701872746303,9.868280842937416,1.0774031071944332,2.9667093425059705,0.06389754300029743,10.195345414647532,0.007925456797868324,0.006074688503901476,0.0005104435594619652,1.4891500624393408,192.51625312119722,6,COMPLETE
1251,,,2026-10-06 00:57:03.504996,2026-10-06 00:57:42.225025,0 days 00:00:38.720029,0.51115025563667,0.4835105352725577,0.2297655624989891,8.556213008137046,1.4257271037095816,28.285734118696016,1.3355598077240103,1.2001363989388558,0.2975664073833317,0.022132402954529992,0.002337981028655364,0.9040411163974774,,6,PRUNED
1252,9.25297891960932,1.4275730381642369,2026-10-06 00:57:03.958593,2026-10-06 01:00:16.762826,0 days 00:03:12.804233,0.4428292606447327,0.3731992973752525,0.1347521461063753,8.695206399809345,0.3201011955575039,1.1908834426884285,0.6419517764288287,1.3542380477545695,0.04206136129933902,0.03038027549946027,32.98151058976768,0.6069618734849955,192.80413571652025,6,COMPLETE
1253,,,2026-10-06 00:57:03.961966,2026-10-06 00:57:04.656053,0 days 00:00:00.694087,1.3426389093843176,1.0562250660985053,0.5799701872746303,9.868280842937416,0.4424930116262647,85.69762729633804,1.1068767969628939,2.688509826508115,0.007925456797868324,0.026718092033143594,,0.17248374444296138,,6,PRUNED
1254,28.680773270123403,3.9942893324054065,2026-10-06 00:57:03.965956,2026-10-06 01:00:17.530092,0 days 00:03:13.564136,0.4428292606447327,0.4835105352725577,0.2297655624989891,16.794110724016896,0.2395452449940939,28.285734118696016,0.538892582053957,5.8774721288796,0.2975664073833317,0.03280586071940829,0.0011757094612474103,1.1540267369865085,193.56404051091522,6,COMPLETE
1255,27.312266868421098,18.640389440126768,2026-10-06 00:57:03.969959,2026-10-06 01:00:15.627818,0 days 00:03:11.657859,0.4919537458910443,0.3731992973752525,0.6443949852851695,18.489161893608337,0.3201011955575039,98.6416708615901,0.6419517764288287,23.475624031055144,0.08173395261699556,0.03038027549946027,0.00023455457478105328,0.6069618734849955,191.65776942577213,6,COMPLETE
1256,25.835832065673383,20.23643189438208,2026-10-06 00:57:04.222993,2026-10-06 01:00:17.492897,0 days 00:03:13.269904,0.447684485641811,0.3233389271032242,0.6443949852851695,18.489161893608337,0.2395452449940939,98.6416708615901,0.12486747625813921,86.57068482598544,0.08173395261699556,0.03280586071940829,0.00014447613183128302,1.1540267369865085,193.2698025824502,6,COMPLETE
1257,16.192607268652786,1.073357946370987,2026-10-06 00:57:05.294997,2026-10-06 01:00:17.141601,0 days 00:03:11.846604,0.51115025563667,0.5088079218375162,0.0622491376328977,5.245413993140336,1.35460707310614,2.9615022659031585,1.4594405107884705,23.475624031055144,0.007925456797868324,0.09765004764801033,1.9958034707972923e-06,1.409752754419799,191.84650490712374,6,COMPLETE
1258,26.553158455728767,5.047716326084331,2026-10-06 00:57:05.643996,2026-10-06 01:00:11.402602,0 days 00:03:05.758606,0.4919537458910443,0.2284118304472575,0.4120579376102117,18.489161893608337,0.2395452449940939,3.9357948336652977,0.7964747556623476,86.57068482598544,0.08173395261699556,0.037495759622009746,0.00014447613183128302,1.3458907086260936,185.75850798003376,6,COMPLETE
1259,,,2026-10-06 00:57:06.068165,2026-10-06 00:57:43.689052,0 days 00:00:37.620887,0.51115025563667,0.4835105352725577,0.4120579376102117,18.489161893608337,0.6688626104060442,98.6416708615901,0.19809840133758488,14.182822102930093,1.3085581863145919,0.09765004764801033,0.0006185581455600675,0.7296704665126732,,6,PRUNED
1260,,,2026-10-06 00:57:06.071971,2026-10-06 00:57:06.532037,0 days 00:00:00.460066,0.447684485641811,1.0562250660985053,0.5799701872746303,18.489161893608337,0.7306248063232155,85.69762729633804,0.06389754300029743,10.195345414647532,0.08173395261699556,0.023925937561207335,,1.1540267369865085,,6,PRUNED
1261,26.676911958189812,2.969641974801684,2026-10-06 00:57:06.775161,2026-10-06 01:00:15.733822,0 days 00:03:08.958661,0.51115025563667,0.8661787220393558,0.807738690329122,17.553296709297783,0.6688626104060442,25.088361291801984,1.1446866529412485,7.9874857515804925,0.04206136129933902,0.07297012210736925,0.005958227033600532,0.9405267840694287,188.95856653433293,6,COMPLETE
1262,27.799074747635597,1.2637616182704194,2026-10-06 00:57:07.386177,2026-10-06 01:00:13.948026,0 days 00:03:06.561849,0.8861887783233188,1.0562250660985053,0.5799701872746303,11.991629079089469,0.6046626808156426,25.088361291801984,0.6190885998388953,2.029882838261563,0.007925456797868324,0.09765004764801033,0.004475392410627206,1.4891500624393408,186.56174987275153,6,COMPLETE
1263,,,2026-10-06 00:57:36.524016,2026-10-06 00:57:37.632002,0 days 00:00:01.107986,0.15470229427582943,0.7347826529652479,0.5799701872746303,11.991629079089469,1.4257271037095816,85.69762729633804,1.3355598077240103,23.475624031055144,0.6168387269531914,0.03038027549946027,,0.9040411163974774,,6,PRUNED
1264,17.745190585201236,1.2599654784575733,2026-10-06 00:57:37.054142,2026-10-06 01:00:49.668761,0 days 00:03:12.614619,0.2994157425323484,1.0562250660985053,0.05470007673986079,11.991629079089469,1.0774031071944332,2.718760908018147,0.9356883984494996,86.57068482598544,0.007925456797868324,0.037495759622009746,0.00014447613183128302,0.6004925208325128,192.6145089175552,6,COMPLETE
1265,32.42950976980469,2.0664068672047344,2026-10-06 00:57:37.826005,2026-10-06 01:00:50.273501,0 days 00:03:12.447496,0.51115025563667,0.8661787220393558,0.4120579376102117,11.991629079089469,0.2395452449940939,62.169668474804055,0.21292518523710352,23.475624031055144,0.08173395261699556,0.09765004764801033,0.00023455457478105328,1.4891500624393408,192.44739046134055,6,COMPLETE
1266,42.464093872061014,1.8375559842760043,2026-10-06 00:57:38.607996,2026-10-06 01:00:52.773699,0 days 00:03:14.165703,0.447684485641811,1.1810724855624324,0.2297655624989891,18.677678184085455,0.17665571526270746,85.69762729633804,1.191277759964359,5.8774721288796,0.4212595585654096,0.03280586071940829,0.1779362878501945,1.1540267369865085,194.16560110263526,6,COMPLETE
1267,,,2026-10-06 00:57:38.663986,2026-10-06 00:57:39.437387,0 days 00:00:00.773401,0.4428292606447327,0.4835105352725577,0.2297655624989891,18.489161893608337,0.29675499538560296,98.6416708615901,1.1005495658702966,86.57068482598544,0.08173395261699556,0.017679264971508783,,0.2678812614884665,,6,PRUNED
1268,25.04144170755848,3.593703733477013,2026-10-06 00:57:39.560114,2026-10-06 01:00:51.858955,0 days 00:03:12.298841,0.7737222815132565,0.5608376222859704,0.807738690329122,9.868280842937416,0.6688626104060442,25.088361291801984,0.19809840133758488,7.9874857515804925,0.5860574191614696,0.07297012210736925,0.004475392410627206,0.21347726672360295,192.29874095506966,6,COMPLETE
1269,,,2026-10-06 00:57:40.716041,2026-10-06 00:58:22.091044,0 days 00:00:41.375003,0.4428292606447327,0.4835105352725577,0.2297655624989891,17.553296709297783,0.29675499538560296,85.69762729633804,0.19809840133758488,7.9874857515804925,0.5860574191614696,0.022132402954529992,3.680314106392975e-06,0.2678812614884665,,6,PRUNED
1270,35.703411873276124,1.8605450655505744,2026-10-06 00:57:42.697999,2026-10-06 01:00:53.321795,0 days 00:03:10.623796,0.8010869639365119,0.7186098618255685,0.807738690329122,42.72932644724055,0.05714116461716917,85.69762729633804,1.4372468546361232,1.2001363989388558,0.2975664073833317,0.07297012210736925,0.0006185581455600675,1.1540267369865085,190.62369883805513,6,COMPLETE
1271,28.483706948010354,7.83327810306524,2026-10-06 00:57:42.896464,2026-10-06 01:00:57.204148,0 days 00:03:14.307684,0.7737222815132565,0.5608376222859704,0.3042089878823274,18.677678184085455,0.7367706797614144,25.088361291801984,0.19809840133758488,5.299460499774038,0.5860574191614696,0.02749864300312601,1.1762488306807034e-06,0.9405267840694287,194.30758172925562,6,COMPLETE
1272,35.613114565530665,4.539760008862616,2026-10-06 00:57:42.899971,2026-10-06 01:00:52.666458,0 days 00:03:09.766487,0.51115025563667,0.4835105352725577,0.807738690329122,17.553296709297783,0.6688626104060442,85.69762729633804,0.19809840133758488,7.9874857515804925,0.5860574191614696,0.09765004764801033,3.680314106392975e-06,0.2678812614884665,189.7663888214156,6,COMPLETE
1273,,,2026-10-06 00:57:42.903958,2026-10-06 00:57:44.370229,0 days 00:00:01.466271,0.3834721347353825,0.3233389271032242,0.5799701872746303,11.991629079089469,0.6454873286650737,1.2305092695987363,0.7964747556623476,85.77547539527733,0.7360596685479106,0.005548317903196737,,1.0281652581298224,,6,PRUNED
1274,18.01623233980942,11.71161314821092,2026-10-06 00:57:43.791166,2026-10-06 01:00:56.369696,0 days 00:03:12.578530,0.7535562568504046,0.3287733358967356,0.18268747908623606,5.245413993140336,0.2395452449940939,6.3983390904701665,0.6190885998388953,2.0330101929189524,0.26083598793965107,0.007361010447850752,0.004475392410627206,1.1540267369865085,192.57844181265682,6,COMPLETE
1275,26.621828852231886,2.4149050773280907,2026-10-06 00:57:43.794974,2026-10-06 01:00:56.986968,0 days 00:03:13.191994,0.51115025563667,0.4835105352725577,0.2297655624989891,8.794323001260684,1.0113734992867571,28.285734118696016,0.21292518523710352,1.6947971224041727,0.05609924456069537,0.022132402954529992,0.5933495603193757,0.9092751429584793,193.1918935086578,6,COMPLETE
1276,31.458576608800758,5.450807566185162,2026-10-06 00:57:44.590999,2026-10-06 01:00:57.362586,0 days 00:03:12.771587,0.51115025563667,0.5300851683382626,0.807738690329122,17.553296709297783,0.6688626104060442,85.69762729633804,0.19809840133758488,34.33197455623436,0.5860574191614696,0.09765004764801033,0.00014447613183128302,0.9405267840694287,192.77149181533605,6,COMPLETE
1277,25.93598992474138,7.0137149386127575,2026-10-06 00:58:10.398000,2026-10-06 01:01:25.021449,0 days 00:03:14.623449,0.51115025563667,0.8661787220393558,0.5667882730348237,21.183844928151355,0.2395452449940939,11.647781097448451,1.1446866529412485,23.475624031055144,0.04206136129933902,0.03280586071940829,0.00014447613183128302,1.2974912099205862,194.62334355991334,6,COMPLETE
1278,39.11549219347265,2.650585837624407,2026-10-06 00:58:19.878002,2026-10-06 01:01:35.263825,0 days 00:03:15.385823,0.814512762324531,1.0562250660985053,0.5799701872746303,18.489161893608337,0.3593183424110313,85.69762729633804,1.3355598077240103,23.475624031055144,0.08173395261699556,0.08594953658287854,0.00014447613183128302,0.9040411163974774,195.38572268188,7,COMPLETE
1279,46.309773026935886,1.3327308342757256,2026-10-06 00:58:22.281002,2026-10-06 01:01:30.665761,0 days 00:03:08.384759,0.48893522260329214,0.3233389271032242,0.5799701872746303,5.245413993140336,0.6688626104060442,85.69762729633804,0.7964747556623476,1.2001363989388558,0.2975664073833317,0.09765004764801033,1.1762488306807034e-06,0.2678812614884665,188.3846619585529,7,COMPLETE
1280,,,2026-10-06 00:58:48.227886,2026-10-06 00:58:49.840336,0 days 00:00:01.612450,0.51115025563667,0.4835105352725577,0.9270484082811088,34.73594611100706,1.1073025710730513,7.596863112772716,0.04926666101045768,11.86468393276075,0.26083598793965107,0.007361010447850752,,0.2678812614884665,,7,PRUNED
1281,41.15419810103915,1.2854148359415976,2026-10-06 00:58:49.840785,2026-10-06 01:02:00.164975,0 days 00:03:10.324190,0.19630735827449874,0.2574860568159506,0.04980106476904556,5.245413993140336,0.1691945555554032,98.6416708615901,0.12486747625813921,86.57068482598544,0.08173395261699556,0.03280586071940829,0.004475392410627206,0.7296704665126732,190.32409235369414,7,COMPLETE
1282,47.14111900955665,1.3948747689713017,2026-10-06 00:58:52.657005,2026-10-06 01:02:05.115883,0 days 00:03:12.458878,0.2994157425323484,1.012439712223232,0.09005234812447538,5.245413993140336,0.6087670929915812,85.69762729633804,0.4740161859265573,14.182822102930093,0.007925456797868324,0.03280586071940829,4.343429493003475e-06,1.4891500624393408,192.45864335540682,7,COMPLETE
