number,values_0,values_1,datetime_start,datetime_complete,duration,params_between_rest_spread,params_c_spread,params_c_val,params_input_force,params_k_between_spread,params_k_between_val,params_k_wall_spread,params_k_wall_val,params_m_spread,params_m_val,params_ridge_alpha,params_wall_rest_spread,user_attrs_duration_sec,system_attrs_NSGAIISampler:generation,state
3884,37.0877749919119,2.812581874912145,2026-10-06 02:40:20.784270,2026-10-06 02:43:31.834534,0 days 00:03:11.050264,0.51115025563667,0.07861675458476158,0.20358075665942357,47.79450448769911,0.33279388005294136,94.61146042672904,1.484226923085714,5.8774721288796,0.4212595585654096,0.03280586071940829,4.343429493003475e-06,1.1540267369865085,191.0501516861841,24,COMPLETE
3885,27.24387649464801,26.24325849459552,2026-10-06 02:40:22.041006,2026-10-06 02:43:35.725663,0 days 00:03:13.684657,0.51115025563667,0.07861675458476158,0.807738690329122,11.991629079089469,0.3049037081953532,85.69762729633804,1.080654620868664,45.6508402201298,0.4212595585654096,0.03280586071940829,4.343429493003475e-06,0.7699502779177346,193.68454654235393,24,COMPLETE
3886,23.021411935146777,8.814199984018925,2026-10-06 02:40:22.421351,2026-10-06 02:43:36.764576,0 days 00:03:14.343225,0.8152081106866195,0.7186098618255685,0.2345370319995722,10.877854836518644,0.506401025718823,1.652085935375946,0.6419517764288287,12.817078730948806,0.08173395261699556,0.01112264840224207,4.343429493003475e-06,1.2974912099205862,194.3431031582877,25,COMPLETE
3887,42.715111756237185,1.2464365709317307,2026-10-06 02:40:23.962993,2026-10-06 02:43:32.654459,0 days 00:03:08.691466,0.7407180681038071,0.2284118304472575,0.06455279405055286,10.877854836518644,0.33279388005294136,98.6416708615901,1.4690823188003486,23.475624031055144,0.2975664073833317,0.03280586071940829,4.343429493003475e-06,0.6913643678806869,188.6913467971608,25,COMPLETE
3888,48.83456029409574,3.099793997165585,2026-10-06 02:40:24.451328,2026-10-06 02:43:31.947353,0 days 00:03:07.496025,0.51115025563667,0.7186098618255685,0.2695280289241613,5.245413993140336,0.14692212651879782,98.6416708615901,0.6419517764288287,5.8774721288796,0.08173395261699556,0.03038027549946027,4.343429493003475e-06,1.1540267369865085,187.49591670185328,25,COMPLETE
3889,25.809860792150783,26.62112792669938,2026-10-06 02:40:24.463967,2026-10-06 02:43:39.568700,0 days 00:03:15.104733,0.51115025563667,0.07861675458476158,0.807738690329122,21.183844928151355,0.3519093950798047,94.61146042672904,0.396687138771568,45.6508402201298,0.3054149949472662,0.03038027549946027,4.343429493003475e-06,1.2974912099205862,195.10461129341274,25,COMPLETE
3890,28.607854272374027,21.071883088391782,2026-10-06 02:40:51.307999,2026-10-06 02:44:06.177842,0 days 00:03:14.869843,0.51115025563667,0.46836344547485087,0.807738690329122,8.556213008137046,0.2395452449940939,98.6416708615901,0.7297455375332902,35.86671955459044,0.007925456797868324,0.03280586071940829,4.343429493003475e-06,0.7699502779177346,194.86972267739475,25,COMPLETE
3891,25.6854921243911,3.625342701461003,2026-10-06 02:40:54.292206,2026-10-06 02:44:06.363797,0 days 00:03:12.071591,0.9158653711831447,0.7186098618255685,0.807738690329122,8.556213008137046,0.2395452449940939,82.33980804768737,1.080654620868664,35.86671955459044,0.3161737300984912,0.03038027549946027,0.12286569285167176,1.1540267369865085,192.0714587951079,25,COMPLETE
3892,33.946680756076674,16.131844117079407,2026-10-06 02:40:57.014978,2026-10-06 02:44:11.382790,0 days 00:03:14.367812,0.7407180681038071,0.5343257096572898,0.6290415630883314,10.877854836518644,0.33279388005294136,98.6416708615901,0.7297455375332902,35.86671955459044,0.08173395261699556,0.03280586071940829,4.343429493003475e-06,1.209109649444219,194.367707378231,25,COMPLETE
3893,39.32634356045943,1.6725192713186714,2026-10-06 02:40:57.293163,2026-10-06 02:44:07.560707,0 days 00:03:10.267544,0.7407180681038071,1.3844023524247469,0.12615106220885586,11.991629079089469,0.33279388005294136,85.69762729633804,0.3923186692705924,35.86671955459044,0.026937100580568585,0.03038027549946027,4.343429493003475e-06,0.7699502779177346,190.2674231408164,25,COMPLETE
3894,39.26087833164246,11.443970167010532,2026-10-06 02:40:57.296973,2026-10-06 02:44:11.854444,0 days 00:03:14.557471,0.51115025563667,0.8717951055729352,0.5667882730348237,10.877854836518644,0.33279388005294136,94.61146042672904,1.080654620868664,45.6508402201298,0.3676044917349766,0.03280586071940829,4.343429493003475e-06,1.3890637168667692,194.5573733765632,25,COMPLETE
3895,46.577148298835155,4.9504089285548165,2026-10-06 02:40:59.421178,2026-10-06 02:44:11.782644,0 days 00:03:12.361466,0.8548572270960194,0.2284118304472575,0.4120579376102117,5.245413993140336,0.506401025718823,98.6416708615901,1.4690823188003486,5.8774721288796,0.28988344429582863,0.03038027549946027,4.343429493003475e-06,1.2974912099205862,192.361357008107,25,COMPLETE
3896,50.964647400105775,2.898741238939179,2026-10-06 02:40:59.424961,2026-10-06 02:44:08.931748,0 days 00:03:09.506787,0.8010869639365119,0.7186098618255685,0.2345370319995722,5.245413993140336,0.33279388005294136,94.61146042672904,0.6419517764288287,7.242018006177657,0.28988344429582863,0.03038027549946027,4.343429493003475e-06,1.1540267369865085,189.5066727725789,25,COMPLETE
3897,,,2026-10-06 02:40:59.428949,2026-10-06 02:41:00.272225,0 days 00:00:00.843276,0.51115025563667,0.7186098618255685,0.4120579376102117,10.877854836518644,0.6087670929915812,94.61146042672904,0.8120190482365466,12.371756168223909,0.28988344429582863,0.004239221599341941,,1.1540267369865085,,25,PRUNED
3898,,,2026-10-06 02:40:59.432945,2026-10-06 02:41:00.702065,0 days 00:00:01.269120,0.51115025563667,0.07861675458476158,0.027014019972095897,10.877854836518644,0.3049037081953532,94.61146042672904,1.080654620868664,45.6508402201298,0.007925456797868324,0.0011170599885278114,,0.23886283196880004,,25,PRUNED
3899,,,2026-10-06 02:40:59.436945,2026-10-06 02:40:59.837936,0 days 00:00:00.400991,0.51115025563667,0.48628333026250986,0.807738690329122,12.214752017762354,0.6087670929915812,98.6416708615901,1.484226923085714,35.86671955459044,1.1269180673934733,0.03280586071940829,,0.23886283196880004,,25,PRUNED
3900,40.549836698857675,9.894341557737452,2026-10-06 02:40:59.557270,2026-10-06 02:44:13.363040,0 days 00:03:13.805770,0.51115025563667,0.8717951055729352,0.5667882730348237,11.991629079089469,0.506401025718823,98.6416708615901,1.484226923085714,19.15408445903519,0.007925456797868324,0.03280586071940829,4.343429493003475e-06,1.2974912099205862,193.80565361119807,25,COMPLETE
3901,46.61765043027954,2.84957599207274,2026-10-06 02:41:00.385156,2026-10-06 02:44:08.454543,0 days 00:03:08.069387,0.51115025563667,0.48628333026250986,0.20358075665942357,19.812904094698418,0.6087670929915812,94.61146042672904,1.484226923085714,5.8774721288796,0.08173395261699556,0.03038027549946027,4.343429493003475e-06,1.1540267369865085,188.069271851331,25,COMPLETE
3902,45.86891265863514,3.738974160376173,2026-10-06 02:41:00.439986,2026-10-06 02:44:10.349918,0 days 00:03:09.909932,0.8010869639365119,0.7186098618255685,0.4120579376102117,5.245413993140336,0.14692212651879782,98.6416708615901,0.6419517764288287,2.7027742202777216,0.08173395261699556,0.03038027549946027,4.343429493003475e-06,0.23886283196880004,189.90982150379568,25,COMPLETE
3903,25.73826160808057,4.185575847985722,2026-10-06 02:41:00.451979,2026-10-06 02:44:12.610737,0 days 00:03:12.158758,0.9158653711831447,0.2965654106455736,0.807738690329122,5.245413993140336,0.2395452449940939,46.890773088578975,0.7257345409495506,1.1445112738702679,0.08173395261699556,0.03038027549946027,2.1038771230648366e-06,0.7699502779177346,192.1586400102824,25,COMPLETE
3904,,,2026-10-06 02:41:00.455948,2026-10-06 02:41:00.994786,0 days 00:00:00.538838,0.51115025563667,0.19189790819770397,0.5667882730348237,11.991629079089469,0.6087670929915812,98.6416708615901,0.6419517764288287,35.86671955459044,1.495231347212348,0.03280586071940829,,1.1540267369865085,,25,PRUNED
3905,51.84471215989777,2.8778059276847436,2026-10-06 02:41:00.459948,2026-10-06 02:44:13.669609,0 days 00:03:13.209661,0.8010869639365119,0.7186098618255685,0.2345370319995722,5.245413993140336,0.33279388005294136,98.6416708615901,1.484226923085714,5.8774721288796,0.28988344429582863,0.03038027549946027,4.343429493003475e-06,0.06813310163640623,193.20956094935536,25,COMPLETE
3906,30.65443403189419,17.138820810154606,2026-10-06 02:41:00.806998,2026-10-06 02:44:13.366158,0 days 00:03:12.559160,0.7407180681038071,0.19189790819770397,0.5667882730348237,45.93975364558627,0.33279388005294136,98.6416708615901,1.484226923085714,35.86671955459044,0.2975664073833317,0.03280586071940829,4.343429493003475e-06,1.2974912099205862,192.5590531602502,25,COMPLETE
3907,,,2026-10-06 02:41:01.487010,2026-10-06 02:41:02.554049,0 days 00:00:01.067039,0.6775759777641851,0.2284118304472575,0.5667882730348237,5.245413993140336,0.2395452449940939,39.82538055190204,1.4690823188003486,23.475624031055144,1.0199738796739726,0.03280586071940829,,0.7296704665126732,,25,PRUNED
3908,31.32422145666365,22.13396925722849,2026-10-06 02:41:02.784151,2026-10-06 02:44:11.815174,0 days 00:03:09.031023,0.8010869639365119,0.21606902729252941,0.5673687007336011,8.556213008137046,0.2395452449940939,98.6416708615901,0.7297455375332902,35.86671955459044,0.2975664073833317,0.024099244621516126,4.343429493003475e-06,0.7699502779177346,189.03091746009886,25,COMPLETE
3909,,,2026-10-06 02:41:03.579995,2026-10-06 02:41:03.978068,0 days 00:00:00.398073,0.7407180681038071,0.21606902729252941,0.4120579376102117,11.991629079089469,0.6087670929915812,85.69762729633804,1.4690823188003486,5.8774721288796,0.4212595585654096,0.001953204697943462,,1.1540267369865085,,25,PRUNED
3910,,,2026-10-06 02:41:04.107155,2026-10-06 02:41:42.132055,0 days 00:00:38.024900,0.8010869639365119,0.7186098618255685,0.5673687007336011,40.75672972015569,0.506401025718823,98.6416708615901,0.7297455375332902,35.86671955459044,0.2975664073833317,0.03038027549946027,32.84695518384123,0.7699502779177346,,25,PRUNED
3911,51.13769344739236,2.5793875216038056,2026-10-06 02:41:04.114955,2026-10-06 02:44:11.165293,0 days 00:03:07.050338,0.51115025563667,0.12012392749078848,0.20358075665942357,5.245413993140336,0.33279388005294136,98.6416708615901,1.484226923085714,19.15408445903519,0.28988344429582863,0.03038027549946027,1.197029688347185e-05,1.1540267369865085,187.05023425631225,25,COMPLETE
3912,41.05194911475884,7.491616944918599,2026-10-06 02:41:04.122946,2026-10-06 02:44:14.705012,0 days 00:03:10.582066,0.8548572270960194,0.8717951055729352,0.4120579376102117,5.245413993140336,0.1025708650539025,86.6015482918717,0.7297455375332902,24.7033276028984,0.06802941049346445,0.03038027549946027,9.961126120810584e-06,1.1540267369865085,190.58195437770337,25,COMPLETE
3913,49.481435466497956,2.783254397639887,2026-10-06 02:41:27.398983,2026-10-06 02:44:43.377719,0 days 00:03:15.978736,0.51115025563667,0.7186098618255685,0.4120579376102117,5.245413993140336,0.6454873286650737,94.61146042672904,1.4690823188003486,2.064375155489988,0.08173395261699556,0.03280586071940829,2.1038771230648366e-06,1.1540267369865085,195.97861366346478,25,COMPLETE
3914,38.41460407339689,10.710063432743661,2026-10-06 02:41:34.222057,2026-10-06 02:44:46.007503,0 days 00:03:11.785446,0.51115025563667,0.8717951055729352,0.5667882730348237,13.437138308838358,0.6087670929915812,94.61146042672904,1.080654620868664,20.337840588450838,0.08173395261699556,0.03280586071940829,4.343429493003475e-06,1.209109649444219,191.7853358387947,25,COMPLETE
3915,32.51494818534255,16.48422653175846,2026-10-06 02:41:34.637071,2026-10-06 02:44:46.421420,0 days 00:03:11.784349,0.51115025563667,0.19189790819770397,0.5667882730348237,10.877854836518644,0.6087670929915812,98.6416708615901,1.080654620868664,14.182822102930093,0.08173395261699556,0.03038027549946027,2.1038771230648366e-06,0.16129242208468897,191.78424323070794,25,COMPLETE
3916,47.47052856093855,5.122277172956654,2026-10-06 02:41:35.525150,2026-10-06 02:44:48.951682,0 days 00:03:13.426532,0.9158653711831447,0.8715336252138003,0.4120579376102117,5.245413993140336,0.6087670929915812,98.6416708615901,0.6419517764288287,5.8774721288796,0.08173395261699556,0.03038027549946027,2.1038771230648366e-06,0.23886283196880004,193.42642005626112,25,COMPLETE
3917,16.96390454652361,1.0672928690268815,2026-10-06 02:41:37.838166,2026-10-06 02:44:49.185641,0 days 00:03:11.347475,0.03661751219402054,0.21606902729252941,0.019083160706918914,11.991629079089469,0.36206991841525393,85.69762729633804,1.4690823188003486,35.86671955459044,0.4212595585654096,0.03038027549946027,0.02220724772907569,0.7699502779177346,191.34735905285925,25,COMPLETE
3918,49.34018474315847,2.557459373418165,2026-10-06 02:41:38.377979,2026-10-06 02:44:52.197400,0 days 00:03:13.819421,0.51115025563667,0.07861675458476158,0.20358075665942357,5.245413993140336,0.6087670929915812,94.61146042672904,0.396727784032652,5.8774721288796,0.007925456797868324,0.03038027549946027,5.411539664035814e-06,1.1540267369865085,193.81930190883577,25,COMPLETE
3919,31.89949337887066,14.595673605783093,2026-10-06 02:41:39.891149,2026-10-06 02:44:50.801854,0 days 00:03:10.910705,0.51115025563667,0.07861675458476158,0.4120579376102117,10.877854836518644,0.6087670929915812,94.61146042672904,0.6419517764288287,37.6396408304979,0.007925456797868324,0.03038027549946027,2.1038771230648366e-06,0.23886283196880004,190.9105930859223,25,COMPLETE
3920,55.770724546299505,1.283583490304736,2026-10-06 02:41:39.894966,2026-10-06 02:44:51.853921,0 days 00:03:11.958955,0.9158653711831447,0.7186098618255685,0.12615106220885586,5.245413993140336,0.2395452449940939,94.61146042672904,0.6419517764288287,1.1445112738702679,0.026937100580568585,0.03038027549946027,2.1038771230648366e-06,1.1540267369865085,191.95884752366692,25,COMPLETE
3921,,,2026-10-06 02:41:40.773584,2026-10-06 02:41:41.269051,0 days 00:00:00.495467,0.51115025563667,0.19189790819770397,0.5667882730348237,10.877854836518644,0.33279388005294136,98.6416708615901,1.080654620868664,45.6508402201298,0.2975664073833317,0.007101901956064225,,0.23886283196880004,,25,PRUNED
3922,,,2026-10-06 02:41:41.536151,2026-10-06 02:41:42.424047,0 days 00:00:00.887896,0.7123418565646167,0.2965654106455736,0.4120579376102117,21.183844928151355,0.6087670929915812,98.6416708615901,0.0917417797594215,45.6508402201298,1.0094166782506102,0.008040715426602675,,1.2974912099205862,,25,PRUNED
3923,41.62408143817291,5.6456260051587135,2026-10-06 02:41:42.224985,2026-10-06 02:44:53.858257,0 days 00:03:11.633272,0.8010869639365119,0.07861675458476158,0.2345370319995722,5.245413993140336,0.3049037081953532,94.61146042672904,1.080654620868664,45.6508402201298,0.08173395261699556,0.03038027549946027,4.343429493003475e-06,0.23886283196880004,191.6331562809646,25,COMPLETE
3924,53.09506336714412,2.431871393338473,2026-10-06 02:41:42.908159,2026-10-06 02:44:48.904572,0 days 00:03:05.996413,0.8010869639365119,0.2965654106455736,0.2345370319995722,8.556213008137046,0.2395452449940939,98.6416708615901,1.484226923085714,5.8774721288796,0.4212595585654096,0.03280586071940829,4.343429493003475e-06,1.1540267369865085,185.99629532080144,25,COMPLETE
3925,,,2026-10-06 02:42:11.055040,2026-10-06 02:42:11.703471,0 days 00:00:00.648431,0.51115025563667,0.2284118304472575,0.5667882730348237,10.877854836518644,0.3049037081953532,98.6416708615901,1.080654620868664,45.6508402201298,0.2975664073833317,0.024099244621516126,,1.1540267369865085,,25,PRUNED
3926,,,2026-10-06 02:42:11.918019,2026-10-06 02:42:51.893086,0 days 00:00:39.975067,0.51115025563667,0.19189790819770397,0.5667882730348237,35.61108360762061,0.6087670929915812,98.6416708615901,1.484226923085714,12.371756168223909,0.4195957801211804,0.03038027549946027,4.343429493003475e-06,1.2974912099205862,,25,PRUNED
3927,42.70494536956312,7.995885429737754,2026-10-06 02:42:13.217889,2026-10-06 02:45:25.785976,0 days 00:03:12.568087,0.51115025563667,0.2965654106455736,0.4120579376102117,5.245413993140336,0.33279388005294136,94.61146042672904,1.484226923085714,19.15408445903519,0.15450841561573675,0.03280586071940829,2.1038771230648366e-06,1.1540267369865085,192.56796015053988,25,COMPLETE
3928,53.59081108121389,1.2727534780820464,2026-10-06 02:42:13.783994,2026-10-06 02:45:28.019473,0 days 00:03:14.235479,1.4755517542554537,0.48628333026250986,0.20358075665942357,5.343050688320007,0.6087670929915812,94.61146042672904,1.1787680300696781,5.8774721288796,0.6758501381599304,0.06611507565755508,4.343429493003475e-06,1.1540267369865085,194.23536822386086,25,COMPLETE
3929,36.70174203754466,14.73863772616203,2026-10-06 02:42:15.609768,2026-10-06 02:45:27.264171,0 days 00:03:11.654403,0.7407180681038071,0.3710922296723819,0.5926143650576037,10.877854836518644,0.33279388005294136,98.6416708615901,1.484226923085714,35.86671955459044,0.2975664073833317,0.03280586071940829,4.343429493003475e-06,1.1540267369865085,191.6542931161821,25,COMPLETE
3930,32.72134635275838,8.367359364537869,2026-10-06 02:42:17.921156,2026-10-06 02:45:32.615101,0 days 00:03:14.693945,0.51115025563667,0.7186098618255685,0.807738690329122,5.245413993140336,0.01435241466791537,94.61146042672904,1.484226923085714,5.8774721288796,0.08173395261699556,0.03038027549946027,2.1038771230648366e-06,1.1540267369865085,194.6938279522583,25,COMPLETE
3931,25.07786261275296,20.58985605155648,2026-10-06 02:42:17.924973,2026-10-06 02:45:28.160959,0 days 00:03:10.235986,0.8010869639365119,0.07861675458476158,0.807738690329122,21.183844928151355,0.510080028510024,98.6416708615901,0.39552867473326975,45.6508402201298,0.28988344429582863,0.03038027549946027,4.343429493003475e-06,1.2974912099205862,190.23588612675667,25,COMPLETE
3932,,,2026-10-06 02:42:22.337993,2026-10-06 02:42:59.920045,0 days 00:00:37.582052,1.0795024476278936,0.2965654106455736,0.5673687007336011,5.245413993140336,0.6087670929915812,98.6416708615901,0.6419517764288287,35.86671955459044,0.2975664073833317,0.024099244621516126,4.343429493003475e-06,1.1540267369865085,,25,PRUNED
3933,49.02808971212191,1.648267115146024,2026-10-06 02:42:23.500796,2026-10-06 02:45:31.974519,0 days 00:03:08.473723,0.51115025563667,0.21606902729252941,0.12615106220885586,8.556213008137046,0.2395452449940939,94.61146042672904,1.175847312462576,35.86671955459044,0.3161737300984912,0.03280586071940829,0.0002941072700833879,1.1540267369865085,188.47360127884895,25,COMPLETE
3934,31.991502363484056,11.781111502781675,2026-10-06 02:42:47.307112,2026-10-06 02:46:03.213504,0 days 00:03:15.906392,0.31949814552737515,0.2965654106455736,0.4120579376102117,5.245413993140336,0.506401025718823,45.73622686593068,0.6419517764288287,24.7033276028984,0.08173395261699556,0.03038027549946027,2.1038771230648366e-06,1.1540267369865085,195.90627549402416,25,COMPLETE
3935,25.625135639900584,4.101620751311532,2026-10-06 02:42:48.234890,2026-10-06 02:46:02.046159,0 days 00:03:13.811269,0.2994157425323484,0.2965654106455736,0.4120579376102117,8.556213008137046,0.2395452449940939,94.61146042672904,0.6419517764288287,5.8774721288796,0.08173395261699556,0.01710257914968443,0.6351946856718974,1.1540267369865085,193.81114496663213,25,COMPLETE
3936,,,2026-10-06 02:42:48.241976,2026-10-06 02:43:28.063447,0 days 00:00:39.821471,0.51115025563667,0.7186098618255685,0.807738690329122,12.214752017762354,0.9737122704745267,94.61146042672904,1.484226923085714,13.287491970817165,0.08173395261699556,0.03280586071940829,9.32007319572302,0.23886283196880004,,25,PRUNED
3937,54.69317696682028,1.4093097253079498,2026-10-06 02:42:48.745596,2026-10-06 02:45:59.809799,0 days 00:03:11.064203,0.8010869639365119,0.9277185443706824,0.12615106220885586,8.556213008137046,0.2395452449940939,85.69762729633804,0.997450966108024,1.4056083189495427,0.3372985396418654,0.03038027549946027,0.00023428333292156852,0.2678812614884665,191.06408448331058,25,COMPLETE
3938,28.820666531962125,19.68145591042243,2026-10-06 02:42:49.059327,2026-10-06 02:46:03.554542,0 days 00:03:14.495215,0.8010869639365119,0.07861675458476158,0.807738690329122,11.991629079089469,0.6087670929915812,98.6416708615901,0.39552867473326975,19.15408445903519,0.007925456797868324,0.03038027549946027,4.343429493003475e-06,1.2974912099205862,194.4950838247314,25,COMPLETE
3939,,,2026-10-06 02:42:49.640012,2026-10-06 02:43:27.610058,0 days 00:00:37.970046,0.8010869639365119,0.07861675458476158,0.807738690329122,21.183844928151355,0.6087670929915812,98.6416708615901,1.2646946220052917,35.86671955459044,0.2975664073833317,0.03280586071940829,4.343429493003475e-06,1.2974912099205862,,25,PRUNED
3940,40.29726591511777,10.841163539285054,2026-10-06 02:42:50.109713,2026-10-06 02:46:03.340071,0 days 00:03:13.230358,0.8010869639365119,0.2965654106455736,0.4120579376102117,5.245413993140336,0.33279388005294136,94.61146042672904,1.2898828018697517,35.86671955459044,0.4212595585654096,0.03038027549946027,2.1038771230648366e-06,0.7699502779177346,193.23024932760745,25,COMPLETE
3941,27.72084492432889,1.9982852102441375,2026-10-06 02:42:50.260172,2026-10-06 02:46:01.679848,0 days 00:03:11.419676,0.8548572270960194,0.2284118304472575,0.20358075665942357,42.67257343129719,0.6087670929915812,82.21045871949565,1.484226923085714,5.8774721288796,0.08173395261699556,0.03280586071940829,4.343429493003475e-06,1.1540267369865085,191.41955457348377,25,COMPLETE
3942,31.32422145666365,22.13396925722849,2026-10-06 02:42:52.021154,2026-10-06 02:46:01.500569,0 days 00:03:09.479415,0.8010869639365119,0.21606902729252941,0.5673687007336011,8.556213008137046,0.2395452449940939,98.6416708615901,0.7297455375332902,35.86671955459044,0.2975664073833317,0.024099244621516126,4.343429493003475e-06,0.7699502779177346,189.47928524762392,25,COMPLETE
