number,values_0,values_1,datetime_start,datetime_complete,duration,params_between_rest_spread,params_c_spread,params_c_val,params_input_force,params_k_between_spread,params_k_between_val,params_k_wall_spread,params_k_wall_val,params_m_spread,params_m_val,params_ridge_alpha,params_wall_rest_spread,user_attrs_duration_sec,system_attrs_NSGAIISampler:generation,state
3943,47.320417902255315,4.210421483835911,2026-10-06 02:42:52.040987,2026-10-06 02:46:05.755844,0 days 00:03:13.714857,0.9158653711831447,0.7186098618255685,0.4120579376102117,5.245413993140336,0.6087670929915812,98.6416708615901,1.080654620868664,5.8774721288796,0.007925456797868324,0.03038027549946027,2.1038771230648366e-06,1.2974912099205862,193.71475011855364,25,COMPLETE
3944,34.57288570741014,16.516414769764225,2026-10-06 02:42:52.070310,2026-10-06 02:46:07.235680,0 days 00:03:15.165370,0.51115025563667,0.19189790819770397,0.5667882730348237,10.877854836518644,0.33279388005294136,98.6416708615901,1.080654620868664,35.86671955459044,0.2975664073833317,0.03280586071940829,4.343429493003475e-06,1.2974912099205862,195.16525227949023,25,COMPLETE
3945,,,2026-10-06 02:42:52.079454,2026-10-06 02:43:30.344016,0 days 00:00:38.264562,0.7407180681038071,0.8717951055729352,0.4120579376102117,17.267085156977053,0.6087670929915812,94.61146042672904,1.2898828018697517,1.4056083189495427,0.08981597176864942,0.021966873773064614,4.343429493003475e-06,1.1540267369865085,,25,PRUNED
3946,28.623788811841774,20.05163164874008,2026-10-06 02:42:52.740002,2026-10-06 02:45:59.569853,0 days 00:03:06.829851,0.51115025563667,0.21606902729252941,0.5926143650576037,29.427533571722226,0.33279388005294136,85.69762729633804,1.4690823188003486,35.86671955459044,0.4212595585654096,0.03280586071940829,2.2240012044252096e-06,0.7699502779177346,186.82972939126194,25,COMPLETE
3947,,,2026-10-06 02:42:54.111119,2026-10-06 02:42:54.567047,0 days 00:00:00.455928,0.8010869639365119,0.8717951055729352,0.20358075665942357,5.245413993140336,0.33279388005294136,98.6416708615901,1.484226923085714,1.4056083189495427,0.3054149949472662,0.004333389068109008,,0.23886283196880004,,25,PRUNED
3948,,,2026-10-06 02:42:55.533158,2026-10-06 02:43:34.216062,0 days 00:00:38.682904,0.51115025563667,0.12012392749078848,0.19400160111159936,28.99536450160834,1.3116218313171095,98.6416708615901,1.4690823188003486,1.6145163923700643,0.08173395261699556,0.03280586071940829,4.343429493003475e-06,0.7296704665126732,,25,PRUNED
3949,41.195602408508236,8.106943541728462,2026-10-06 02:42:55.536960,2026-10-06 02:46:09.070902,0 days 00:03:13.533942,0.7407180681038071,0.7186098618255685,0.4120579376102117,5.245413993140336,0.2395452449940939,98.6416708615901,0.6419517764288287,19.15408445903519,0.08173395261699556,0.03038027549946027,4.343429493003475e-06,0.7699502779177346,193.5338267562911,25,COMPLETE
3950,46.71980316824141,2.2846618089247426,2026-10-06 02:42:55.540950,2026-10-06 02:46:09.472965,0 days 00:03:13.932015,0.8010869639365119,0.7186098618255685,0.5673687007336011,5.245413993140336,0.6087670929915812,98.6416708615901,0.7297455375332902,5.8774721288796,0.007925456797868324,0.07516091326007164,4.343429493003475e-06,0.7699502779177346,193.93190499581397,25,COMPLETE
3951,,,2026-10-06 02:42:55.574968,2026-10-06 02:42:57.088633,0 days 00:00:01.513665,0.51115025563667,0.07861675458476158,0.5673687007336011,21.183844928151355,1.2738592752805988,94.61146042672904,0.7297455375332902,45.6508402201298,0.3054149949472662,0.03280586071940829,,0.7699502779177346,,25,PRUNED
3952,34.21904633981079,5.777331660663211,2026-10-06 02:42:57.336017,2026-10-06 02:46:08.014816,0 days 00:03:10.678799,0.9158653711831447,0.48628333026250986,0.807738690329122,5.245413993140336,0.33279388005294136,94.61146042672904,1.484226923085714,5.8774721288796,0.28988344429582863,0.03038027549946027,4.343429493003475e-06,1.1540267369865085,190.6787062678486,25,COMPLETE
3953,51.124354410252764,2.5280800794491203,2026-10-06 02:42:58.065141,2026-10-06 02:46:11.751603,0 days 00:03:13.686462,0.8010869639365119,0.7186098618255685,0.2345370319995722,10.877854836518644,0.506401025718823,98.6416708615901,1.484226923085714,5.8774721288796,0.2975664073833317,0.03038027549946027,4.343429493003475e-06,1.2974912099205862,193.686344306916,25,COMPLETE
3954,38.495982048390445,7.56491281136894,2026-10-06 02:42:59.781991,2026-10-06 02:46:08.013624,0 days 00:03:08.231633,0.32522926579248107,1.051681554137008,0.4120579376102117,21.183844928151355,0.6087670929915812,94.61146042672904,1.080654620868664,19.15408445903519,0.007925456797868324,0.03038027549946027,2.1038771230648366e-06,1.1540267369865085,188.23153092805296,25,COMPLETE
3955,34.33816088648062,11.924044109332076,2026-10-06 02:43:00.334156,2026-10-06 02:46:12.440832,0 days 00:03:12.106676,0.41826367384159757,0.2965654106455736,0.4120579376102117,21.183844928151355,0.6087670929915812,94.61146042672904,1.080654620868664,45.6508402201298,0.007925456797868324,0.03038027549946027,2.1038771230648366e-06,1.2974912099205862,192.10655495803803,25,COMPLETE
3956,37.91573329463033,10.916455427230716,2026-10-06 02:43:21.966017,2026-10-06 02:46:32.400160,0 days 00:03:10.434143,0.51115025563667,0.7186098618255685,0.4120579376102117,10.877854836518644,0.6087670929915812,94.61146042672904,1.080654620868664,45.6508402201298,0.007925456797868324,0.03038027549946027,4.343429493003475e-06,0.7202718622533266,190.4340037498623,25,COMPLETE
3957,34.40140212527949,4.986197284251885,2026-10-06 02:43:25.347006,2026-10-06 02:46:34.577689,0 days 00:03:09.230683,0.51115025563667,0.48628333026250986,0.807738690329122,10.877854836518644,0.6087670929915812,94.61146042672904,1.484226923085714,1.67820880051954,0.08173395261699556,0.03280586071940829,5.411539664035814e-06,0.23886283196880004,189.2305589998141,25,COMPLETE
3958,46.04028857925722,3.1926081805277016,2026-10-06 02:43:27.169986,2026-10-06 02:46:43.833425,0 days 00:03:16.663439,0.51115025563667,0.2965654106455736,0.4120579376102117,5.245413993140336,0.6087670929915812,98.6416708615901,0.8742483304230797,14.182822102930093,0.28988344429582863,0.05622953080054239,4.343429493003475e-06,1.1540267369865085,196.66332310438156,25,COMPLETE
3959,23.72332173547975,3.8387691882007893,2026-10-06 02:43:28.132183,2026-10-06 02:46:42.007507,0 days 00:03:13.875324,0.8010869639365119,0.7186098618255685,0.2345370319995722,10.877854836518644,0.33279388005294136,3.3035697866017992,0.6419517764288287,13.287491970817165,0.28326362725339566,0.03038027549946027,4.343429493003475e-06,1.3890637168667692,193.87520457524806,25,COMPLETE
3960,33.75756022353771,9.421310275183508,2026-10-06 02:43:28.158406,2026-10-06 02:46:39.172581,0 days 00:03:11.014175,0.51115025563667,0.7186098618255685,0.807738690329122,5.245413993140336,0.14692212651879782,92.43545151133723,0.7087151047775566,5.8774721288796,0.3054149949472662,0.03038027549946027,4.343429493003475e-06,0.23886283196880004,191.01405068673193,25,COMPLETE
3961,39.24348085153853,9.24908510319936,2026-10-06 02:43:30.141102,2026-10-06 02:46:45.953776,0 days 00:03:15.812674,0.51115025563667,0.7186098618255685,0.5667882730348237,5.245413993140336,0.33279388005294136,94.61146042672904,1.080654620868664,13.287491970817165,0.28988344429582863,0.03038027549946027,4.343429493003475e-06,1.1540267369865085,195.81255448050797,25,COMPLETE
3962,26.341192949769862,25.524145033529823,2026-10-06 02:43:30.565280,2026-10-06 02:46:45.131369,0 days 00:03:14.566089,0.51115025563667,0.2965654106455736,0.807738690329122,21.183844928151355,0.6087670929915812,94.61146042672904,1.080654620868664,45.6508402201298,0.08173395261699556,0.03038027549946027,4.343429493003475e-06,0.7267151033644573,194.56597915943712,25,COMPLETE
3963,43.475922839213034,4.33404432584191,2026-10-06 02:43:30.584966,2026-10-06 02:46:46.464840,0 days 00:03:15.879874,0.7407180681038071,0.19189790819770397,0.26568092681807726,10.877854836518644,0.33279388005294136,98.6416708615901,1.484226923085714,19.15408445903519,0.2975664073833317,0.03280586071940829,4.343429493003475e-06,1.1540267369865085,195.8797606592998,25,COMPLETE
3964,,,2026-10-06 02:43:32.177141,2026-10-06 02:44:14.473198,0 days 00:00:42.296057,0.8010869639365119,0.07861675458476158,0.807738690329122,21.183844928151355,1.0843666769575004,98.6416708615901,0.39552867473326975,45.6508402201298,0.007925456797868324,0.03038027549946027,4.343429493003475e-06,1.2974912099205862,,25,PRUNED
3965,29.851201145729238,22.553900938860707,2026-10-06 02:43:32.527999,2026-10-06 02:46:45.429219,0 days 00:03:12.901220,0.8010869639365119,0.48628333026250986,0.807738690329122,12.214752017762354,0.6087670929915812,98.6416708615901,1.484226923085714,45.6508402201298,0.08173395261699556,0.03038027549946027,4.343429493003475e-06,0.23886283196880004,192.90109705366194,25,COMPLETE
3966,44.77450870645008,6.484394983383878,2026-10-06 02:43:32.966994,2026-10-06 02:46:44.003720,0 days 00:03:11.036726,0.39152502651047416,0.7186098618255685,0.4120579376102117,5.245413993140336,0.506401025718823,98.6416708615901,0.6419517764288287,12.371756168223909,0.2975664073833317,0.03038027549946027,4.343429493003475e-06,1.1540267369865085,191.03661751002073,25,COMPLETE
3967,,,2026-10-06 02:43:34.530550,2026-10-06 02:43:35.708078,0 days 00:00:01.177528,0.9158653711831447,0.7186098618255685,0.041363514159345645,10.877854836518644,0.2395452449940939,94.61146042672904,1.080654620868664,39.33964555052763,0.2975664073833317,0.024099244621516126,,1.1540267369865085,,25,PRUNED
3968,20.73057598214231,6.191241178713318,2026-10-06 02:43:35.800297,2026-10-06 02:46:44.002360,0 days 00:03:08.202063,0.51115025563667,0.7186098618255685,0.4120579376102117,5.245413993140336,0.33279388005294136,3.798472599703003,1.478344044202386,19.15408445903519,0.28988344429582863,0.024099244621516126,4.343429493003475e-06,0.23886283196880004,188.20195340830833,25,COMPLETE
3969,45.41137671700371,5.370352333373434,2026-10-06 02:43:35.843973,2026-10-06 02:46:49.160835,0 days 00:03:13.316862,0.32522926579248107,0.7186098618255685,0.4120579376102117,5.245413993140336,0.33279388005294136,94.61146042672904,1.484226923085714,5.8774721288796,0.08173395261699556,0.03038027549946027,4.343429493003475e-06,1.1540267369865085,193.3167399102822,25,COMPLETE
3970,41.27597631405142,9.935100826784211,2026-10-06 02:43:37.212158,2026-10-06 02:46:47.476096,0 days 00:03:10.263938,0.7407180681038071,0.21606902729252941,0.4120579376102117,5.245413993140336,0.2395452449940939,98.6416708615901,0.7297455375332902,19.15408445903519,0.4212595585654096,0.03038027549946027,4.343429493003475e-06,0.7699502779177346,190.26382566522807,25,COMPLETE
3971,31.893966938667255,9.55967819177463,2026-10-06 02:43:37.899999,2026-10-06 02:46:47.137180,0 days 00:03:09.237181,0.2994157425323484,0.8717951055729352,0.5667882730348237,39.70074566579006,0.33279388005294136,94.61146042672904,0.7518185550990375,5.8774721288796,0.08323294546820853,0.03038027549946027,2.1038771230648366e-06,1.2974912099205862,189.23706335481256,25,COMPLETE
3972,,,2026-10-06 02:43:39.708023,2026-10-06 02:43:40.798080,0 days 00:00:01.090057,0.51115025563667,0.2965654106455736,0.20358075665942357,19.216395652564763,0.33279388005294136,94.61146042672904,1.484226923085714,41.66154811682372,1.1022488715043426,0.03280586071940829,,0.9527918877363891,,25,PRUNED
3973,31.680532125403186,19.67344568533976,2026-10-06 02:43:40.892153,2026-10-06 02:46:51.746344,0 days 00:03:10.854191,0.51115025563667,0.48628333026250986,0.807738690329122,5.245413993140336,0.6454873286650737,94.61146042672904,1.484226923085714,45.6508402201298,0.08173395261699556,0.03038027549946027,2.1038771230648366e-06,0.23886283196880004,190.85406809672713,25,COMPLETE
3974,40.15784858068789,3.5295980158136997,2026-10-06 02:44:06.274997,2026-10-06 02:47:18.595640,0 days 00:03:12.320643,0.7407180681038071,0.21606902729252941,0.4120579376102117,11.991629079089469,0.6087670929915812,94.61146042672904,0.6419517764288287,35.86671955459044,0.4212595585654096,0.0762976415675116,2.1038771230648366e-06,0.7699502779177346,192.32052410021424,25,COMPLETE
3975,43.71464128429482,6.210479616851408,2026-10-06 02:44:06.953998,2026-10-06 02:47:18.702606,0 days 00:03:11.748608,0.2994157425323484,0.7186098618255685,0.4120579376102117,5.245413993140336,0.37381026655221433,94.61146042672904,0.6419517764288287,5.8774721288796,0.08173395261699556,0.03038027549946027,2.1038771230648366e-06,1.1540267369865085,191.74849151540548,25,COMPLETE
3976,35.543887258848734,15.29557607041787,2026-10-06 02:44:08.209116,2026-10-06 02:47:25.565036,0 days 00:03:17.355920,0.7123418565646167,0.2965654106455736,0.5667882730348237,10.877854836518644,0.506401025718823,94.61146042672904,0.7297455375332902,14.182822102930093,0.2975664073833317,0.03038027549946027,1.3617627685579875e-06,1.1540267369865085,197.355801907368,25,COMPLETE
3977,,,2026-10-06 02:44:08.687995,2026-10-06 02:44:09.638039,0 days 00:00:00.950044,0.7407180681038071,1.2887934281542783,0.4120579376102117,11.991629079089469,0.33279388005294136,98.6416708615901,1.2898828018697517,3.759078365832632,0.4212595585654096,0.03038027549946027,,0.7699502779177346,,25,PRUNED
3978,41.59944847175234,9.69786023339004,2026-10-06 02:44:09.195976,2026-10-06 02:47:23.476900,0 days 00:03:14.280924,0.8010869639365119,0.8717951055729352,0.5667882730348237,10.877854836518644,0.33279388005294136,98.6416708615901,1.484226923085714,12.371756168223909,0.28988344429582863,0.03038027549946027,4.343429493003475e-06,1.3890637168667692,194.28081647772342,25,COMPLETE
3979,41.017312007904934,4.66351813070367,2026-10-06 02:44:09.835016,2026-10-06 02:47:22.080842,0 days 00:03:12.245826,0.7123418565646167,0.2965654106455736,0.4120579376102117,5.245413993140336,0.5451310378646976,55.72349468003326,1.4690823188003486,2.064375155489988,0.08173395261699556,0.03038027549946027,2.1038771230648366e-06,1.1540267369865085,192.24570995382965,25,COMPLETE
3980,0.08678024334920721,1.1775126192992298,2026-10-06 02:44:10.526157,2026-10-06 02:47:21.144897,0 days 00:03:10.618740,0.7123418565646167,0.8717951055729352,0.014558063070113482,5.245413993140336,0.6087670929915812,94.61146042672904,0.7297455375332902,24.7033276028984,0.06802941049346445,0.03038027549946027,2.1038771230648366e-06,1.1540267369865085,190.6186250988394,25,COMPLETE
3981,39.991463702635336,10.963366997139179,2026-10-06 02:44:11.247982,2026-10-06 02:47:24.993517,0 days 00:03:13.745535,0.51115025563667,0.8717951055729352,0.5667882730348237,10.877854836518644,0.33279388005294136,98.6416708615901,1.484226923085714,19.15408445903519,0.2975664073833317,0.03038027549946027,4.343429493003475e-06,1.2974912099205862,193.7454449562356,25,COMPLETE
3982,36.20727228311925,8.569899090570782,2026-10-06 02:44:11.733001,2026-10-06 02:47:23.334577,0 days 00:03:11.601576,0.8010869639365119,0.7186098618255685,0.4120579376102117,5.245413993140336,0.5124417656291484,30.35711129140748,1.0774545259548494,24.7033276028984,0.06802941049346445,0.03038027549946027,4.343429493003475e-06,1.3780646630958242,191.6014664825052,25,COMPLETE
3983,42.224062017314886,7.57318367037392,2026-10-06 02:44:11.998997,2026-10-06 02:47:25.498438,0 days 00:03:13.499441,0.51115025563667,0.07861675458476158,0.4120579376102117,5.245413993140336,0.6087670929915812,94.61146042672904,0.6419517764288287,5.8774721288796,0.007925456797868324,0.03038027549946027,2.1038771230648366e-06,1.1540267369865085,193.4993288014084,25,COMPLETE
3984,,,2026-10-06 02:44:12.139985,2026-10-06 02:44:12.890054,0 days 00:00:00.750069,0.51115025563667,0.2284118304472575,0.807738690329122,5.245413993140336,0.33279388005294136,98.6416708615901,0.7087151047775566,14.182822102930093,0.8154000661085645,0.024099244621516126,,0.23886283196880004,,25,PRUNED
3985,27.528172510793848,25.82426673857414,2026-10-06 02:44:12.166993,2026-10-06 02:47:23.092472,0 days 00:03:10.925479,0.51115025563667,0.07861675458476158,0.807738690329122,21.183844928151355,0.6087670929915812,94.61146042672904,1.080654620868664,45.6508402201298,0.007925456797868324,0.03038027549946027,2.1038771230648366e-06,1.2974912099205862,190.9253702936694,25,COMPLETE
3986,33.41231430891414,19.342288158990563,2026-10-06 02:44:12.856001,2026-10-06 02:47:26.217055,0 days 00:03:13.361054,0.6775759777641851,0.2284118304472575,0.5667882730348237,10.877854836518644,0.2395452449940939,98.6416708615901,1.4690823188003486,23.475624031055144,0.2975664073833317,0.024099244621516126,4.343429493003475e-06,1.1540267369865085,193.3609267277643,25,COMPLETE
3987,,,2026-10-06 02:44:12.950987,2026-10-06 02:44:52.961040,0 days 00:00:40.010053,0.51115025563667,0.48628333026250986,0.807738690329122,21.26824949697856,0.6087670929915812,98.6416708615901,1.484226923085714,36.27162435529097,0.3161737300984912,0.03280586071940829,4.343429493003475e-06,0.23886283196880004,,25,PRUNED
3988,34.30546688605671,5.38007046521048,2026-10-06 02:44:13.658006,2026-10-06 02:47:21.879395,0 days 00:03:08.221389,1.1310879916447023,0.8717951055729352,0.5667882730348237,11.991629079089469,0.33279388005294136,98.6416708615901,0.7257345409495506,19.15408445903519,0.007925456797868324,0.03307426944276236,0.005220361128780363,1.1540267369865085,188.22127349115908,25,COMPLETE
3989,42.38209218256422,1.1253878150534424,2026-10-06 02:44:13.670048,2026-10-06 02:47:24.998118,0 days 00:03:11.328070,0.51115025563667,0.07861675458476158,0.054560634961050236,21.183844928151355,0.3519093950798047,98.6416708615901,1.080654620868664,5.8774721288796,0.3054149949472662,0.03426846993106254,4.343429493003475e-06,0.23886283196880004,191.32798260543495,25,COMPLETE
3990,19.72620100563866,2.6804103801210966,2026-10-06 02:44:13.846000,2026-10-06 02:47:24.991829,0 days 00:03:11.145829,0.8010869639365119,0.12012392749078848,0.12615106220885586,5.245413993140336,0.2395452449940939,2.243383977746346,1.484226923085714,19.15408445903519,0.3372985396418654,0.03038027549946027,4.343429493003475e-06,0.2678812614884665,191.14572412427515,25,COMPLETE
3991,26.9071856855313,22.01438259728229,2026-10-06 02:44:14.476970,2026-10-06 02:47:26.030796,0 days 00:03:11.553826,0.8010869639365119,0.19189790819770397,0.5926143650576037,38.53440092614398,0.33279388005294136,85.69762729633804,1.2898828018697517,35.86671955459044,0.4212595585654096,0.03038027549946027,4.343429493003475e-06,0.7699502779177346,191.5537106730044,25,COMPLETE
3992,33.67607277141925,14.240950566285836,2026-10-06 02:44:14.912983,2026-10-06 02:47:23.579828,0 days 00:03:08.666845,0.9158653711831447,0.2284118304472575,0.5667882730348237,10.877854836518644,0.33279388005294136,98.6416708615901,1.4690823188003486,13.287491970817165,0.28326362725339566,0.024099244621516126,4.343429493003475e-06,1.1540267369865085,188.66674083378166,25,COMPLETE
3993,,,2026-10-06 02:44:43.661013,2026-10-06 02:44:44.752072,0 days 00:00:01.091059,0.8010869639365119,0.2965654106455736,0.4120579376102117,11.991629079089469,0.2892270260679985,85.69762729633804,0.9031432766487935,35.86671955459044,1.4595506846458308,0.03038027549946027,,1.1540267369865085,,25,PRUNED
3994,41.419888657739634,9.299405376753832,2026-10-06 02:44:45.088002,2026-10-06 02:47:57.135464,0 days 00:03:12.047462,0.32522926579248107,0.2965654106455736,0.4120579376102117,5.245413993140336,0.33279388005294136,94.61146042672904,1.484226923085714,19.15408445903519,0.28988344429582863,0.03038027549946027,4.343429493003475e-06,1.1540267369865085,192.04731584526598,25,COMPLETE
3995,35.36263504661839,12.453209497618737,2026-10-06 02:44:46.103072,2026-10-06 02:47:59.997575,0 days 00:03:13.894503,0.51115025563667,0.7186098618255685,0.807738690329122,10.877854836518644,0.2395452449940939,98.6416708615901,1.484226923085714,12.371756168223909,0.3161737300984912,0.03280586071940829,4.343429493003475e-06,1.2974912099205862,193.89438299648464,25,COMPLETE
3996,41.79547260914129,7.38365529188077,2026-10-06 02:44:46.807006,2026-10-06 02:47:59.690164,0 days 00:03:12.883158,0.51115025563667,0.7186098618255685,0.4120579376102117,8.556213008137046,0.2395452449940939,98.6416708615901,1.4690823188003486,23.475624031055144,0.08173395261699556,0.03280586071940829,4.343429493003475e-06,1.1540267369865085,192.8830424118787,25,COMPLETE
3997,51.47473817072661,2.3161682562155876,2026-10-06 02:44:49.189997,2026-10-06 02:48:02.371691,0 days 00:03:13.181694,0.8010869639365119,0.48628333026250986,0.20358075665942357,5.343050688320007,0.6087670929915812,94.61146042672904,0.3328974890009333,5.8774721288796,0.08173395261699556,0.03038027549946027,4.343429493003475e-06,0.23886283196880004,193.18158630095422,25,COMPLETE
3998,,,2026-10-06 02:44:49.213972,2026-10-06 02:45:27.910314,0 days 00:00:38.696342,0.51115025563667,0.7186098618255685,0.4120579376102117,5.245413993140336,0.8050370238588587,94.61146042672904,1.080654620868664,2.064375155489988,0.3054149949472662,0.03280586071940829,2.1038771230648366e-06,0.23886283196880004,,25,PRUNED
3999,35.75401495654678,14.445482452381908,2026-10-06 02:44:49.442980,2026-10-06 02:48:03.515254,0 days 00:03:14.072274,0.6752020992196692,0.19189790819770397,0.5926143650576037,8.556213008137046,0.2395452449940939,98.6416708615901,1.4690823188003486,23.475624031055144,0.2975664073833317,0.03280586071940829,4.343429493003475e-06,1.1540267369865085,194.0721706515178,25,COMPLETE
4000,41.75905719462808,1.8317213025649173,2026-10-06 02:44:51.208007,2026-10-06 02:48:04.284031,0 days 00:03:13.076024,0.8010869639365119,0.2284118304472575,0.12615106220885586,5.245413993140336,0.2395452449940939,94.61146042672904,1.4690823188003486,23.475624031055144,0.08981597176864942,0.021966873773064614,4.343429493003475e-06,1.1540267369865085,193.07584268786013,25,COMPLETE
4001,19.861995698383165,2.746506923051446,2026-10-06 02:44:52.943000,2026-10-06 02:48:02.009268,0 days 00:03:09.066268,0.7407180681038071,0.7186098618255685,0.5926143650576037,11.991629079089469,0.6087670929915812,3.146195442822444,1.484226923085714,1.3120297468917719,0.2975664073833317,0.03038027549946027,2.1038771230648366e-06,1.1540267369865085,189.06615138426423,25,COMPLETE
