number,values_0,values_1,datetime_start,datetime_complete,duration,params_between_rest_spread,params_c_spread,params_c_val,params_input_force,params_k_between_spread,params_k_between_val,params_k_wall_spread,params_k_wall_val,params_m_spread,params_m_val,params_ridge_alpha,params_wall_rest_spread,user_attrs_duration_sec,system_attrs_NSGAIISampler:generation,state
1519,,,2026-10-06 01:07:18.593628,2026-10-06 01:07:55.974021,0 days 00:00:37.380393,0.447684485641811,0.3233389271032242,0.49682027566646103,18.489161893608337,1.3998442215411138,85.69762729633804,0.21292518523710352,4.314853216716561,0.2975664073833317,0.03330385230549897,2.1038771230648366e-06,1.23919528100858,,8,PRUNED
1520,42.41874788053302,1.4148151857842688,2026-10-06 01:07:19.369002,2026-10-06 01:10:33.198275,0 days 00:03:13.829273,0.3395165906212997,0.7186098618255685,0.6443949852851695,10.877854836518644,0.019346727819252174,98.6416708615901,0.21292518523710352,1.2001363989388558,0.2975664073833317,0.07297012210736925,0.00014447613183128302,1.1540267369865085,193.82917106710374,8,COMPLETE
1521,31.588466124160057,10.337096859210945,2026-10-06 01:07:19.830998,2026-10-06 01:10:35.208758,0 days 00:03:15.377760,0.2994157425323484,0.3005640562145132,0.5662816343755678,18.386910920395536,0.6046626808156426,85.69762729633804,0.9356883984494996,5.8774721288796,0.007925456797868324,0.02749864300312601,0.0004693315590468239,1.4891500624393408,195.3776523526758,8,COMPLETE
1522,33.8251066631612,10.053422820943691,2026-10-06 01:07:19.914149,2026-10-06 01:10:31.827799,0 days 00:03:11.913650,1.2349294162160471,0.2965654106455736,0.4120579376102117,18.489161893608337,0.3201011955575039,94.61146042672904,0.6419517764288287,14.182822102930093,0.04206136129933902,0.03038027549946027,0.00023455457478105328,0.6069618734849955,191.91354519687593,8,COMPLETE
1523,43.533400056430004,1.8973799918495102,2026-10-06 01:07:20.818164,2026-10-06 01:10:29.525249,0 days 00:03:08.707085,1.3026806192622487,0.2284118304472575,0.4120579376102117,16.606931230784816,0.012171422282250266,98.6416708615901,0.21292518523710352,14.182822102930093,0.6353936504592018,0.09765004764801033,0.0006185581455600675,0.7296704665126732,188.7069923300296,8,COMPLETE
1524,29.519980844638052,12.483705787023284,2026-10-06 01:07:20.867004,2026-10-06 01:10:31.003012,0 days 00:03:10.136008,0.447684485641811,0.3233389271032242,0.4120579376102117,18.489161893608337,0.2395452449940939,98.6416708615901,0.12486747625813921,86.57068482598544,0.08173395261699556,0.03280586071940829,0.00014447613183128302,1.1540267369865085,190.1359063377604,8,COMPLETE
1525,26.628398505022638,3.3627474869324496,2026-10-06 01:07:21.349000,2026-10-06 01:10:33.275322,0 days 00:03:11.926322,0.447684485641811,0.3233389271032242,0.807738690329122,10.877854836518644,0.02941198549834556,85.69762729633804,0.895379480044991,1.2001363989388558,0.2975664073833317,0.024099244621516126,0.00014447613183128302,1.2139299004838662,191.9262264771387,8,COMPLETE
1526,16.132781942781342,15.580435573739539,2026-10-06 01:07:56.316164,2026-10-06 01:11:10.992837,0 days 00:03:14.676673,0.447684485641811,0.4774636695198178,0.6443949852851695,18.489161893608337,0.2395452449940939,16.428906187254956,0.12486747625813921,40.384304320301766,0.08173395261699556,0.03280586071940829,0.00014447613183128302,0.6004925208325128,194.67656556610018,8,COMPLETE
1527,11.954426272739926,1.2723347736884119,2026-10-06 01:07:57.556012,2026-10-06 01:11:13.623739,0 days 00:03:16.067727,0.5724579732273616,0.3233389271032242,0.5799701872746303,11.991629079089469,0.6454873286650737,2.7723871541554193,0.21292518523710352,1.2001363989388558,0.2975664073833317,0.09765004764801033,0.0006185581455600675,0.2678812614884665,196.06762037612498,8,COMPLETE
1528,,,2026-10-06 01:08:14.634748,2026-10-06 01:08:15.946776,0 days 00:00:01.312028,0.8010869639365119,0.19189790819770397,0.807738690329122,18.489161893608337,0.33279388005294136,85.69762729633804,0.21292518523710352,14.182822102930093,0.08173395261699556,0.00357428833959795,,0.30673616238509677,,8,PRUNED
1529,34.30391818987488,5.8298392998349575,2026-10-06 01:08:15.996997,2026-10-06 01:11:23.444032,0 days 00:03:07.447035,0.814512762324531,0.2284118304472575,0.807738690329122,18.489161893608337,0.33279388005294136,98.6416708615901,1.2298176809191366,14.182822102930093,0.08173395261699556,0.08594953658287854,4.343429493003475e-06,0.7296704665126732,187.44693051557988,8,COMPLETE
1530,23.80315366086502,14.693086148523781,2026-10-06 01:08:20.397008,2026-10-06 01:11:30.638884,0 days 00:03:10.241876,0.51115025563667,0.598945472111341,0.6443949852851695,18.489161893608337,0.6688626104060442,30.4353134398972,0.12486747625813921,23.475624031055144,0.08173395261699556,0.03038027549946027,0.00014447613183128302,1.3635581381619835,190.2417707266286,8,COMPLETE
1531,32.101199404639736,11.874299174649632,2026-10-06 01:08:27.210794,2026-10-06 01:11:51.249837,0 days 00:03:24.039043,0.38120678029223415,0.3233389271032242,0.6443949852851695,5.245413993140336,0.2395452449940939,98.6416708615901,0.12486747625813921,14.182822102930093,0.08173395261699556,0.03280586071940829,5.336913032039631e-06,1.1540267369865085,204.03893688879907,8,COMPLETE
1532,19.051802731224207,2.9268532231817117,2026-10-06 01:08:32.816292,2026-10-06 01:11:44.799273,0 days 00:03:11.982981,0.4919537458910443,0.3731992973752525,0.2169448017457144,9.868280842937416,0.3201011955575039,1.0839342910414393,0.6419517764288287,19.15408445903519,0.4212595585654096,0.03038027549946027,0.004475392410627206,0.6069618734849955,191.98287953343242,8,COMPLETE
1533,,,2026-10-06 01:08:33.997520,2026-10-06 01:09:16.317934,0 days 00:00:42.320414,0.08520591853979403,0.3233389271032242,0.807738690329122,5.245413993140336,0.6688626104060442,85.69762729633804,0.7964747556623476,1.2001363989388558,0.2975664073833317,0.024099244621516126,1.1762488306807034e-06,0.2678812614884665,,8,PRUNED
1534,27.03547071692028,15.360989973129158,2026-10-06 01:08:34.000977,2026-10-06 01:11:41.441102,0 days 00:03:07.440125,0.8010869639365119,0.2284118304472575,0.807738690329122,5.245413993140336,0.33279388005294136,85.69762729633804,1.4690823188003486,14.182822102930093,0.08173395261699556,0.024099244621516126,4.343429493003475e-06,0.571410523923638,187.44001172389835,8,COMPLETE
1535,14.329593314946269,1.5743635376389797,2026-10-06 01:08:34.004952,2026-10-06 01:11:47.284603,0 days 00:03:13.279651,0.19630735827449874,0.2284118304472575,0.1473248428798334,18.677678184085455,0.5855379267962546,1.199553945291579,1.4690823188003486,14.182822102930093,0.08173395261699556,0.024099244621516126,4.343429493003475e-06,0.7296704665126732,193.27954956889153,8,COMPLETE
1536,28.751591806205163,19.446103943885397,2026-10-06 01:08:35.206369,2026-10-06 01:11:45.245491,0 days 00:03:10.039122,0.51115025563667,0.2965654106455736,0.5667882730348237,18.489161893608337,0.33279388005294136,94.61146042672904,1.080654620868664,14.182822102930093,0.04206136129933902,0.024099244621516126,0.00014447613183128302,0.7296704665126732,190.0390250235796,8,COMPLETE
1537,19.31803274336925,1.24224177790384,2026-10-06 01:08:35.209971,2026-10-06 01:11:47.714198,0 days 00:03:12.504227,0.48893522260329214,0.3233389271032242,0.04882159886267126,17.553296709297783,0.6688626104060442,85.69762729633804,0.12486747625813921,23.475624031055144,0.08173395261699556,0.09765004764801033,1.1762488306807034e-06,0.2678812614884665,192.5041239997372,8,COMPLETE
1538,,,2026-10-06 01:08:35.298133,2026-10-06 01:08:35.590404,0 days 00:00:00.292271,0.8010869639365119,0.3233389271032242,0.3042089878823274,11.991629079089469,0.6454873286650737,85.69762729633804,0.7964747556623476,5.299460499774038,0.03257012326913594,0.002104186782179472,,0.2678812614884665,,8,PRUNED
1539,33.094124359371186,5.4889865286137764,2026-10-06 01:08:35.984997,2026-10-06 01:11:45.932489,0 days 00:03:09.947492,0.51115025563667,0.2284118304472575,0.807738690329122,18.489161893608337,0.3593183424110313,98.6416708615901,1.3355598077240103,14.182822102930093,0.08173395261699556,0.08594953658287854,0.00014447613183128302,0.7296704665126732,189.94738890137523,8,COMPLETE
1540,34.223515228571685,4.599503310007006,2026-10-06 01:08:37.335986,2026-10-06 01:11:46.257306,0 days 00:03:08.921320,0.3395165906212997,0.7186098618255685,0.6443949852851695,21.183844928151355,0.3177252312760398,98.6416708615901,0.6419517764288287,19.15408445903519,0.08173395261699556,0.07297012210736925,0.00014447613183128302,1.1540267369865085,188.9212242262438,8,COMPLETE
1541,22.29279710225706,26.476450071290923,2026-10-06 01:08:38.068998,2026-10-06 01:11:49.299916,0 days 00:03:11.230918,0.51115025563667,0.2284118304472575,0.807738690329122,18.489161893608337,0.2395452449940939,98.6416708615901,0.12486747625813921,86.57068482598544,0.08173395261699556,0.03280586071940829,5.597870075110893e-05,0.7296704665126732,191.23082044068724,8,COMPLETE
1542,21.69610643163775,2.855931498850838,2026-10-06 01:08:38.098889,2026-10-06 01:11:47.959876,0 days 00:03:09.860987,0.447684485641811,0.3233389271032242,0.807738690329122,18.489161893608337,0.05714116461716917,85.69762729633804,1.191277759964359,5.8774721288796,0.6979007106917119,0.03280586071940829,1.7213419503672671,1.1540267369865085,189.86088395677507,8,COMPLETE
1543,39.974558011758525,2.8989990791247413,2026-10-06 01:09:04.121994,2026-10-06 01:12:18.941515,0 days 00:03:14.819521,0.814512762324531,1.0562250660985053,0.5799701872746303,11.991629079089469,0.6454873286650737,85.69762729633804,1.191277759964359,23.475624031055144,0.2975664073833317,0.08594953658287854,2.1038771230648366e-06,0.2324345311721589,194.8194090630859,8,COMPLETE
1544,35.09038304562633,4.910134429800264,2026-10-06 01:09:08.830995,2026-10-06 01:12:21.536638,0 days 00:03:12.705643,0.447684485641811,0.3233389271032242,0.807738690329122,11.991629079089469,0.6454873286650737,85.69762729633804,1.191277759964359,5.8774721288796,0.2975664073833317,0.07297012210736925,2.1038771230648366e-06,0.13028316703018678,192.70553566422313,8,COMPLETE
1545,34.79611234753647,3.3046691865774127,2026-10-06 01:09:09.280157,2026-10-06 01:12:22.413910,0 days 00:03:13.133753,0.447684485641811,0.3233389271032242,0.5799701872746303,17.553296709297783,0.2395452449940939,98.6416708615901,0.12486747625813921,23.475624031055144,0.08173395261699556,0.09765004764801033,0.00014447613183128302,1.1540267369865085,193.13363960850984,8,COMPLETE
1546,43.064456148675916,1.2783832058781628,2026-10-06 01:09:09.434290,2026-10-06 01:12:20.761401,0 days 00:03:11.327111,0.19630735827449874,0.4835105352725577,0.2134586502746349,5.245413993140336,0.6688626104060442,98.6416708615901,0.21292518523710352,2.072575382240667,0.08173395261699556,0.09765004764801033,0.0006185581455600675,0.7296704665126732,191.32700932957232,8,COMPLETE
1547,43.67426698507908,3.353328495607383,2026-10-06 01:09:09.848992,2026-10-06 01:12:18.792365,0 days 00:03:08.943373,0.7695072956448032,0.19189790819770397,0.20358075665942357,8.556213008137046,0.2395452449940939,85.69762729633804,0.21292518523710352,11.86468393276075,0.20278874188479556,0.03038027549946027,0.0006185581455600675,0.2678812614884665,188.9432611586526,8,COMPLETE
1548,25.835832065673383,20.23643189438208,2026-10-06 01:09:10.661420,2026-10-06 01:12:22.622469,0 days 00:03:11.961049,0.447684485641811,0.3233389271032242,0.6443949852851695,18.489161893608337,0.2395452449940939,98.6416708615901,0.12486747625813921,86.57068482598544,0.08173395261699556,0.03280586071940829,0.00014447613183128302,1.1540267369865085,191.9609441505745,8,COMPLETE
1549,25.68312581916326,10.639747479574785,2026-10-06 01:09:11.563889,2026-10-06 01:12:25.106564,0 days 00:03:13.542675,0.447684485641811,0.2965654106455736,0.807738690329122,18.489161893608337,0.05714116461716917,98.6416708615901,0.21292518523710352,5.8774721288796,0.08173395261699556,0.03280586071940829,0.00014447613183128302,1.1540267369865085,193.54257248993963,8,COMPLETE
1550,43.78494969401042,1.8680449964497532,2026-10-06 01:09:11.571975,2026-10-06 01:12:27.853626,0 days 00:03:16.281651,0.48893522260329214,0.3233389271032242,0.5799701872746303,5.245413993140336,0.2395452449940939,85.69762729633804,0.6190885998388953,3.6093097341737126,0.2975664073833317,0.09765004764801033,1.1762488306807034e-06,0.2678812614884665,196.281554996036,8,COMPLETE
1551,,,2026-10-06 01:09:12.637001,2026-10-06 01:09:14.539021,0 days 00:00:01.902020,0.5343597091539269,0.3233389271032242,0.6443949852851695,15.854172330850838,0.2395452449940939,98.6416708615901,1.3681509697230303,86.57068482598544,0.08173395261699556,0.03280586071940829,,1.1540267369865085,,8,PRUNED
1552,43.500467458475114,3.9329831482831414,2026-10-06 01:09:13.381988,2026-10-06 01:12:25.979292,0 days 00:03:12.597304,0.51115025563667,0.2965654106455736,0.20358075665942357,8.556213008137046,0.2395452449940939,85.69762729633804,0.21292518523710352,23.475624031055144,0.2975664073833317,0.03038027549946027,0.00014447613183128302,1.2974912099205862,192.59721054229885,8,COMPLETE
1553,44.416863243148576,1.3043877898029814,2026-10-06 01:09:14.645986,2026-10-06 01:12:28.256253,0 days 00:03:13.610267,0.2994157425323484,0.2965654106455736,0.09005234812447538,5.245413993140336,0.6087670929915812,98.6416708615901,0.21292518523710352,14.182822102930093,0.007925456797868324,0.03280586071940829,0.00014447613183128302,1.4891500624393408,193.6101734554395,8,COMPLETE
1554,,,2026-10-06 01:09:16.405192,2026-10-06 01:09:16.938036,0 days 00:00:00.532844,0.51115025563667,0.8717951055729352,0.012661211164194108,21.183844928151355,0.2395452449940939,85.69762729633804,1.080654620868664,23.475624031055144,0.04206136129933902,0.008706866814653314,,1.2974912099205862,,8,PRUNED
1555,33.81044687480935,4.924833715347441,2026-10-06 01:09:16.408981,2026-10-06 01:12:27.597215,0 days 00:03:11.188234,0.447684485641811,0.3233389271032242,0.2169448017457144,18.489161893608337,0.3201011955575039,98.6416708615901,0.12486747625813921,19.15408445903519,0.08173395261699556,0.03038027549946027,0.004475392410627206,0.6069618734849955,191.18814173713326,8,COMPLETE
1556,39.820754323169865,1.4123723261344152,2026-10-06 01:09:16.412962,2026-10-06 01:12:25.736896,0 days 00:03:09.323934,0.2994157425323484,1.012439712223232,0.09005234812447538,5.245413993140336,0.6087670929915812,85.69762729633804,0.4740161859265573,14.182822102930093,0.007925456797868324,0.03038027549946027,4.343429493003475e-06,1.4016184146586637,189.3238391680643,8,COMPLETE
1557,14.99702153498587,1.2028445513149184,2026-10-06 01:09:16.416967,2026-10-06 01:12:26.768904,0 days 00:03:10.351937,0.3395165906212997,0.7186098618255685,0.038494610109683164,17.553296709297783,0.9060242956194129,98.6416708615901,0.19809840133758488,44.84870845733319,0.08173395261699556,0.09765004764801033,7.44626065792738,0.2678812614884665,190.35183216817677,8,COMPLETE
1558,44.64947775533984,1.3190449621223603,2026-10-06 01:09:16.420962,2026-10-06 01:12:26.867305,0 days 00:03:10.446343,0.8010869639365119,0.3233389271032242,0.5799701872746303,11.991629079089469,0.6454873286650737,85.69762729633804,0.7964747556623476,1.2001363989388558,0.2975664073833317,0.09765004764801033,0.00014447613183128302,0.2678812614884665,190.44624365959316,8,COMPLETE
1559,36.14733955510426,11.487799635299416,2026-10-06 01:09:16.424957,2026-10-06 01:12:25.653690,0 days 00:03:09.228733,0.7182372742236625,0.3233389271032242,0.4120579376102117,10.877854836518644,0.2395452449940939,98.6416708615901,0.21292518523710352,14.182822102930093,0.2975664073833317,0.024099244621516126,0.00014447613183128302,1.4449414148301858,189.2286381823942,8,COMPLETE
1560,41.81561231300662,4.6186258980853685,2026-10-06 01:09:16.471988,2026-10-06 01:12:28.113971,0 days 00:03:11.641983,0.2994157425323484,1.0562250660985053,0.4120579376102117,11.991629079089469,0.6046626808156426,86.47267936890665,0.21292518523710352,5.8774721288796,0.007925456797868324,0.03038027549946027,0.0004693315590468239,1.4891500624393408,191.6418904038146,8,COMPLETE
1561,,,2026-10-06 01:09:17.384013,2026-10-06 01:09:55.528023,0 days 00:00:38.144010,0.447684485641811,0.3233389271032242,0.5799701872746303,17.553296709297783,0.6688626104060442,98.6416708615901,0.12486747625813921,86.57068482598544,0.6028404111452825,0.03280586071940829,0.00014447613183128302,0.35502279315695756,,8,PRUNED
1562,28.878526194668257,13.54968497096162,2026-10-06 01:09:18.515003,2026-10-06 01:12:26.055830,0 days 00:03:07.540827,0.51115025563667,0.27872818349961387,0.5662816343755678,18.386910920395536,0.05714116461716917,85.69762729633804,1.191277759964359,14.182822102930093,0.08173395261699556,0.03280586071940829,0.00014447613183128302,1.3635581381619835,187.54073168244213,8,COMPLETE
1563,,,2026-10-06 01:09:43.102014,2026-10-06 01:09:43.856039,0 days 00:00:00.754025,0.447684485641811,1.0562250660985053,0.5799701872746303,18.489161893608337,0.6046626808156426,85.69762729633804,0.12486747625813921,86.57068482598544,0.08173395261699556,0.03280586071940829,,1.4891500624393408,,8,PRUNED
1564,34.65628032410467,11.729883895190776,2026-10-06 01:09:43.889050,2026-10-06 01:13:00.718847,0 days 00:03:16.829797,0.4919537458910443,0.3233389271032242,0.4120579376102117,21.183844928151355,0.2395452449940939,98.6416708615901,0.7889578502606744,19.15408445903519,0.4212595585654096,0.03038027549946027,0.00014447613183128302,1.1540267369865085,196.8296903502196,8,COMPLETE
1565,,,2026-10-06 01:09:47.128002,2026-10-06 01:09:48.291224,0 days 00:00:01.163222,0.2994157425323484,1.012439712223232,0.5667882730348237,21.183844928151355,0.6087670929915812,94.61146042672904,0.4740161859265573,14.182822102930093,0.007925456797868324,0.03280586071940829,,1.4891500624393408,,8,PRUNED
1566,8.404845202913863,1.2061574162431303,2026-10-06 01:09:47.732008,2026-10-06 01:12:56.349870,0 days 00:03:08.617862,0.447684485641811,0.4835105352725577,0.012987161417556996,17.553296709297783,0.05714116461716917,85.69762729633804,1.191277759964359,5.8774721288796,0.6979007106917119,0.09765004764801033,0.0004193774360123505,1.1540267369865085,188.61775081977248,8,COMPLETE
1567,,,2026-10-06 01:09:48.164998,2026-10-06 01:10:29.174055,0 days 00:00:41.009057,0.447684485641811,0.24837341587000777,0.2169448017457144,18.386910920395536,1.0774031071944332,85.69762729633804,1.191277759964359,10.195345414647532,0.6979007106917119,0.09765004764801033,0.004475392410627206,0.21347726672360295,,9,PRUNED
1568,,,2026-10-06 01:09:48.328997,2026-10-06 01:09:48.659700,0 days 00:00:00.330703,1.3426389093843176,0.4835105352725577,0.4120579376102117,17.553296709297783,1.0774031071944332,2.9667093425059705,1.191277759964359,5.8774721288796,0.6979007106917119,0.006074688503901476,,0.7296704665126732,,9,PRUNED
1569,37.65209934556002,8.844106793634786,2026-10-06 01:09:49.672156,2026-10-06 01:13:00.772267,0 days 00:03:11.100111,1.2349294162160471,0.2965654106455736,0.4120579376102117,18.489161893608337,0.4319038627926991,98.6416708615901,0.21292518523710352,14.182822102930093,0.08173395261699556,0.03280586071940829,0.00014447613183128302,1.1540267369865085,191.1000147666782,9,COMPLETE
1570,34.328903160689386,12.783630011449791,2026-10-06 01:09:49.675970,2026-10-06 01:13:07.085373,0 days 00:03:17.409403,0.4919537458910443,0.29617537592597154,0.4120579376102117,18.489161893608337,0.2395452449940939,98.6416708615901,0.21292518523710352,19.15408445903519,0.4212595585654096,0.03038027549946027,0.00014447613183128302,1.1540267369865085,197.40931275300682,9,COMPLETE
1571,37.3795374788117,5.493437662391246,2026-10-06 01:09:49.679962,2026-10-06 01:13:03.863211,0 days 00:03:14.183249,0.8010869639365119,0.3233389271032242,0.20358075665942357,8.556213008137046,0.2395452449940939,98.6416708615901,0.12486747625813921,86.57068482598544,0.08173395261699556,0.03038027549946027,0.00014447613183128302,0.2678812614884665,194.18315737042576,9,COMPLETE
1572,,,2026-10-06 01:09:50.315980,2026-10-06 01:09:51.143347,0 days 00:00:00.827367,0.8010869639365119,0.3233389271032242,0.6443949852851695,35.07225031103469,0.05714116461716917,79.53779585449129,1.191277759964359,86.57068482598544,0.2975664073833317,0.011647962180949961,,1.1540267369865085,,9,PRUNED
1573,32.34562886476929,13.715460421345623,2026-10-06 01:09:50.709990,2026-10-06 01:13:03.663611,0 days 00:03:12.953621,0.51115025563667,0.8717951055729352,0.807738690329122,21.183844928151355,0.33279388005294136,85.69762729633804,1.080654620868664,23.475624031055144,0.08173395261699556,0.039589557824778104,4.343429493003475e-06,1.2974912099205862,192.95351947005838,9,COMPLETE
1574,35.50930034076407,8.039473070438662,2026-10-06 01:09:50.766998,2026-10-06 01:13:03.532822,0 days 00:03:12.765824,0.447684485641811,0.2965654106455736,0.4120579376102117,10.877854836518644,0.2395452449940939,85.69762729633804,0.21292518523710352,14.182822102930093,0.2975664073833317,0.037732353172350436,0.00014447613183128302,1.1540267369865085,192.76562967244536,9,COMPLETE
1575,34.47591895155806,6.994502256072512,2026-10-06 01:09:51.072005,2026-10-06 01:13:05.076974,0 days 00:03:14.004969,0.51115025563667,0.7186098618255685,0.6443949852851695,21.183844928151355,0.6454873286650737,85.69762729633804,1.080654620868664,5.8774721288796,0.08173395261699556,0.04251664148569155,0.00014447613183128302,0.5533521364249849,194.0048738270998,9,COMPLETE
1576,44.62495809348019,3.0514427752066497,2026-10-06 01:09:51.554003,2026-10-06 01:13:04.602822,0 days 00:03:13.048819,0.6416655413198389,0.2284118304472575,0.17330203936059302,10.877854836518644,0.33279388005294136,98.6416708615901,0.12486747625813921,86.57068482598544,0.3676044917349766,0.03280586071940829,4.343429493003475e-06,1.1540267369865085,193.04872131254524,9,COMPLETE
1577,26.22353966338638,14.144328193116728,2026-10-06 01:09:53.443154,2026-10-06 01:13:03.911809,0 days 00:03:10.468655,0.447684485641811,0.3233389271032242,0.807738690329122,18.489161893608337,0.05714116461716917,85.69762729633804,0.12486747625813921,5.8774721288796,0.08173395261699556,0.03280586071940829,3.680314106392975e-06,1.1540267369865085,190.46856512781233,9,COMPLETE
