number,values_0,values_1,datetime_start,datetime_complete,duration,params_between_rest_spread,params_c_spread,params_c_val,params_input_force,params_k_between_spread,params_k_between_val,params_k_wall_spread,params_k_wall_val,params_m_spread,params_m_val,params_ridge_alpha,params_wall_rest_spread,user_attrs_duration_sec,system_attrs_NSGAIISampler:generation,state
1461,31.537730870350458,10.753842792602955,2026-10-06 01:05:22.952164,2026-10-06 01:08:32.815963,0 days 00:03:09.863799,0.8010869639365119,0.2965654106455736,0.5667882730348237,8.556213008137046,0.2395452449940939,85.69762729633804,0.21292518523710352,11.86468393276075,0.2975664073833317,0.03280586071940829,0.00014447613183128302,0.2678812614884665,189.86369531974196,8,COMPLETE
1462,46.38941058253754,1.3365631649249536,2026-10-06 01:05:22.955979,2026-10-06 01:08:37.743834,0 days 00:03:14.787855,0.51115025563667,0.4835105352725577,0.24545415825768097,17.553296709297783,0.6688626104060442,85.69762729633804,0.4740161859265573,2.072575382240667,0.7685554742107898,0.09765004764801033,1.1762488306807034e-06,1.2139299004838662,194.7877483200282,8,COMPLETE
1463,26.69359965038162,21.42922549772639,2026-10-06 01:05:23.569978,2026-10-06 01:08:35.258819,0 days 00:03:11.688841,0.8010869639365119,0.3233389271032242,0.6443949852851695,11.991629079089469,0.2395452449940939,85.69762729633804,0.12486747625813921,86.57068482598544,0.2975664073833317,0.03280586071940829,0.00014447613183128302,0.22420936382869971,191.68874840252101,8,COMPLETE
1464,37.810792339850174,7.160387808119109,2026-10-06 01:05:24.553177,2026-10-06 01:08:37.312212,0 days 00:03:12.759035,0.447684485641811,0.7186098618255685,0.6443949852851695,18.489161893608337,0.05714116461716917,98.6416708615901,1.191277759964359,5.299460499774038,0.5860574191614696,0.037495759622009746,0.00014447613183128302,1.3635581381619835,192.75894177611917,8,COMPLETE
1465,44.55891156668328,1.9121950903341145,2026-10-06 01:05:24.556970,2026-10-06 01:08:37.170191,0 days 00:03:12.613221,0.8010869639365119,0.4835105352725577,0.4120579376102117,17.553296709297783,0.2395452449940939,85.69762729633804,1.191277759964359,5.8774721288796,0.6979007106917119,0.09765004764801033,0.00018475514705603715,0.7296704665126732,192.6131240595132,8,COMPLETE
1466,14.268893933372102,1.8496528317626475,2026-10-06 01:05:53.568198,2026-10-06 01:09:03.655884,0 days 00:03:10.087686,0.8861887783233188,0.6172509845361579,0.4120579376102117,16.606931230784816,0.012171422282250266,1.6078586758815725,0.21292518523710352,14.182822102930093,0.6353936504592018,0.09765004764801033,0.0006185581455600675,0.7296704665126732,190.08756983466446,8,COMPLETE
1467,,,2026-10-06 01:05:56.040030,2026-10-06 01:05:57.283032,0 days 00:00:01.243002,0.2994157425323484,1.364917018145095,0.5799701872746303,11.991629079089469,0.6046626808156426,85.69762729633804,0.9356883984494996,5.8774721288796,0.7685554742107898,0.09765004764801033,,1.4891500624393408,,8,PRUNED
1468,12.087637294218236,1.5532625378262273,2026-10-06 01:05:56.294010,2026-10-06 01:09:09.373591,0 days 00:03:13.079581,0.447684485641811,0.3233389271032242,0.3042089878823274,11.991629079089469,0.05714116461716917,2.884805321520096,0.7964747556623476,5.299460499774038,0.6979007106917119,0.09765004764801033,0.00018475514705603715,0.2678812614884665,193.07947222795337,8,COMPLETE
1469,10.723916777230073,6.571367296995739,2026-10-06 01:05:56.578166,2026-10-06 01:09:10.575074,0 days 00:03:13.996908,0.51115025563667,0.06267297241930458,0.807738690329122,17.553296709297783,0.2395452449940939,1.2604961792096265,0.19809840133758488,7.9874857515804925,0.5860574191614696,0.024099244621516126,0.0006185581455600675,1.4449414148301858,193.99680393654853,8,COMPLETE
1470,45.910807784529375,1.3044277664047776,2026-10-06 01:05:57.306245,2026-10-06 01:09:12.477055,0 days 00:03:15.170810,0.447684485641811,0.3233389271032242,0.4120579376102117,10.877854836518644,0.2395452449940939,98.6416708615901,0.21292518523710352,1.2001363989388558,0.2975664073833317,0.09765004764801033,0.0006185581455600675,0.2678812614884665,195.17070627212524,8,COMPLETE
1471,42.10075497060514,1.7403025050923613,2026-10-06 01:05:58.583996,2026-10-06 01:09:09.572881,0 days 00:03:10.988885,0.51115025563667,1.0562250660985053,0.5799701872746303,11.991629079089469,0.6046626808156426,85.69762729633804,1.080654620868664,5.8774721288796,0.18589067298139156,0.09765004764801033,0.00014447613183128302,1.2974912099205862,190.98877634387463,8,COMPLETE
1472,28.080167580001774,7.387131874987898,2026-10-06 01:05:59.281375,2026-10-06 01:09:08.455909,0 days 00:03:09.174534,0.7737222815132565,0.3233389271032242,0.6443949852851695,5.245413993140336,0.2395452449940939,25.088361291801984,0.4740161859265573,2.072575382240667,0.7685554742107898,0.03280586071940829,1.1762488306807034e-06,1.2139299004838662,189.17428275570273,8,COMPLETE
1473,24.30060788706656,7.518057642394432,2026-10-06 01:05:59.743592,2026-10-06 01:09:10.739924,0 days 00:03:10.996332,0.51115025563667,0.4835105352725577,0.807738690329122,5.245413993140336,0.6688626104060442,20.484083011052785,0.19809840133758488,2.339495732233612,0.7685554742107898,0.03280586071940829,3.680314106392975e-06,0.2678812614884665,190.99623959697783,8,COMPLETE
1474,34.43101434510827,1.2879319703797423,2026-10-06 01:05:59.922341,2026-10-06 01:09:09.078798,0 days 00:03:09.156457,0.410114118909709,0.13940158048941997,0.02153876335626353,5.245413993140336,0.6688626104060442,25.088361291801984,0.7297455375332902,2.072575382240667,0.7685554742107898,0.03280586071940829,1.1762488306807034e-06,1.2139299004838662,189.15634414646775,8,COMPLETE
1475,,,2026-10-06 01:06:00.523999,2026-10-06 01:06:02.132448,0 days 00:00:01.608449,0.814512762324531,1.0562250660985053,0.09005234812447538,18.489161893608337,0.6688626104060442,85.69762729633804,0.4740161859265573,2.072575382240667,0.7685554742107898,0.0016029423581626879,,0.9040411163974774,,8,PRUNED
1476,44.05402646826121,2.1089247887816462,2026-10-06 01:06:00.610909,2026-10-06 01:09:14.711023,0 days 00:03:14.100114,0.51115025563667,0.4835105352725577,0.5799701872746303,5.245413993140336,0.6688626104060442,85.69762729633804,0.7964747556623476,7.9874857515804925,0.2975664073833317,0.09765004764801033,1.1762488306807034e-06,1.069023190452476,194.1000143326819,8,COMPLETE
1477,27.14891880238296,9.179894646817694,2026-10-06 01:06:00.798007,2026-10-06 01:09:14.388598,0 days 00:03:13.590591,0.447684485641811,0.2965654106455736,0.6443949852851695,8.556213008137046,0.2395452449940939,98.6416708615901,0.21292518523710352,11.86468393276075,0.08173395261699556,0.03038027549946027,0.0006185581455600675,1.1540267369865085,193.59048499912024,8,COMPLETE
1478,,,2026-10-06 01:06:01.335518,2026-10-06 01:06:38.607047,0 days 00:00:37.271529,1.4069934088669998,0.2965654106455736,0.5667882730348237,14.206838937097514,0.5855379267962546,25.088361291801984,1.4690823188003486,5.8774721288796,1.0406659477886606,0.03280586071940829,0.00014447613183128302,1.1540267369865085,,8,PRUNED
1479,45.480741224668954,1.9270894356320556,2026-10-06 01:06:01.863988,2026-10-06 01:09:13.370008,0 days 00:03:11.506020,0.9547537710708291,0.3731992973752525,0.2169448017457144,9.868280842937416,0.2395452449940939,46.31102753614511,0.21292518523710352,1.2001363989388558,0.2975664073833317,0.03280586071940829,0.00014447613183128302,1.1540267369865085,191.50592761300504,8,COMPLETE
1480,,,2026-10-06 01:06:02.496157,2026-10-06 01:06:03.202687,0 days 00:00:00.706530,0.19630735827449874,0.5088079218375162,0.4120579376102117,11.991629079089469,0.6454873286650737,2.9615022659031585,0.21292518523710352,1.2001363989388558,0.2975664073833317,0.0010594936239875928,,1.23919528100858,,8,PRUNED
1481,25.835832065673383,20.23643189438208,2026-10-06 01:06:02.560985,2026-10-06 01:09:15.722462,0 days 00:03:13.161477,0.447684485641811,0.3233389271032242,0.6443949852851695,18.489161893608337,0.2395452449940939,98.6416708615901,0.12486747625813921,86.57068482598544,0.08173395261699556,0.03280586071940829,0.00014447613183128302,1.1540267369865085,193.1613719575107,8,COMPLETE
1482,28.83286214066269,5.506077335034368,2026-10-06 01:06:02.889005,2026-10-06 01:09:13.979197,0 days 00:03:11.090192,0.27369280804921775,0.3233389271032242,0.807738690329122,11.991629079089469,0.2395452449940939,85.69762729633804,1.191277759964359,11.86468393276075,0.2975664073833317,0.07297012210736925,0.0006185581455600675,0.2678812614884665,191.09009598288685,8,COMPLETE
1483,32.996222017027534,9.741730558003587,2026-10-06 01:06:03.467990,2026-10-06 01:09:11.314833,0 days 00:03:07.846843,0.4919537458910443,0.2965654106455736,0.4120579376102117,18.489161893608337,0.2395452449940939,98.6416708615901,0.21292518523710352,14.182822102930093,0.08173395261699556,0.03280586071940829,0.00014447613183128302,1.1540267369865085,187.84674989059567,8,COMPLETE
1484,39.3529418800872,1.2604297634114787,2026-10-06 01:06:03.635148,2026-10-06 01:09:14.441396,0 days 00:03:10.806248,0.33754580153466107,0.19189790819770397,0.20358075665942357,11.991629079089469,0.2395452449940939,85.69762729633804,0.7964747556623476,1.2001363989388558,0.08173395261699556,0.09765004764801033,1.71694595402454e-06,0.2678812614884665,190.80615610070527,8,COMPLETE
1485,25.342689070411303,18.80481263222211,2026-10-06 01:06:03.987209,2026-10-06 01:09:15.245850,0 days 00:03:11.258641,0.814512762324531,0.2284118304472575,0.807738690329122,30.56783540061065,0.3593183424110313,98.6416708615901,1.3355598077240103,14.182822102930093,0.08173395261699556,0.03280586071940829,0.00014447613183128302,0.30673616238509677,191.25853990390897,8,COMPLETE
1486,40.145365746615965,2.2277308024229394,2026-10-06 01:06:04.489005,2026-10-06 01:09:18.475036,0 days 00:03:13.986031,0.8010869639365119,0.3233389271032242,0.4120579376102117,10.877854836518644,0.2395452449940939,85.69762729633804,0.21292518523710352,1.2001363989388558,0.2908323649578259,0.03280586071940829,0.00014447613183128302,0.7296704665126732,193.98592831101269,8,COMPLETE
1487,,,2026-10-06 01:06:07.004898,2026-10-06 01:06:44.414014,0 days 00:00:37.409116,0.447684485641811,0.4835105352725577,0.807738690329122,17.553296709297783,1.1073025710730513,85.69762729633804,0.19809840133758488,7.9874857515804925,0.6979007106917119,0.09765004764801033,3.680314106392975e-06,1.1797711660206056,,8,PRUNED
1488,38.1095584262537,3.6132762048996163,2026-10-06 01:06:33.426044,2026-10-06 01:09:47.815386,0 days 00:03:14.389342,0.8010869639365119,0.3233389271032242,0.5799701872746303,5.245413993140336,0.2395452449940939,85.69762729633804,0.7964747556623476,1.2001363989388558,0.08173395261699556,0.03038027549946027,1.1762488306807034e-06,0.7296704665126732,194.38922513835132,8,COMPLETE
1489,38.409180891091864,3.9097148656905283,2026-10-06 01:06:33.675009,2026-10-06 01:09:47.674770,0 days 00:03:13.999761,0.9968179005246929,0.19189790819770397,0.20358075665942357,21.183844928151355,0.2395452449940939,85.69762729633804,1.080654620868664,23.475624031055144,0.04206136129933902,0.03280586071940829,0.00014447613183128302,0.7296704665126732,193.99964700546116,8,COMPLETE
1490,,,2026-10-06 01:06:34.352029,2026-10-06 01:07:12.742523,0 days 00:00:38.390494,0.447684485641811,0.2965654106455736,0.6443949852851695,18.489161893608337,0.6454873286650737,98.6416708615901,0.21292518523710352,5.8774721288796,0.2975664073833317,0.03280586071940829,0.00014447613183128302,1.1540267369865085,,8,PRUNED
1491,47.83129490027464,1.2984261801123829,2026-10-06 01:06:35.988002,2026-10-06 01:09:47.071033,0 days 00:03:11.083031,0.8010869639365119,0.2965654106455736,0.4120579376102117,18.489161893608337,0.5047956786898977,98.6416708615901,0.21292518523710352,1.2001363989388558,0.4212595585654096,0.09765004764801033,0.0006185581455600675,0.8058674861235949,191.0829159617424,8,COMPLETE
1492,36.313451290779895,12.237701623322614,2026-10-06 01:06:36.454460,2026-10-06 01:09:42.729382,0 days 00:03:06.274922,0.51115025563667,0.8717951055729352,0.5667882730348237,21.183844928151355,0.506401025718823,85.69762729633804,1.080654620868664,41.66154811682372,0.007925456797868324,0.03280586071940829,4.343429493003475e-06,1.2974912099205862,186.27481687255204,8,COMPLETE
1493,,,2026-10-06 01:06:38.707991,2026-10-06 01:06:39.191022,0 days 00:00:00.483031,0.19630735827449874,0.7186098618255685,0.4120579376102117,21.183844928151355,0.9060242956194129,2.9615022659031585,1.0613632048604686,4.314853216716561,0.05055326030810908,0.007361010447850752,,1.23919528100858,,8,PRUNED
1494,11.461763866469756,12.839800864034368,2026-10-06 01:06:38.869133,2026-10-06 01:09:49.427210,0 days 00:03:10.558077,1.3426389093843176,0.24837341587000777,0.11345979664645688,11.991629079089469,0.6046626808156426,2.9667093425059705,0.06389754300029743,10.195345414647532,0.007925456797868324,0.006074688503901476,0.0004693315590468239,0.21347726672360295,190.5579772023484,8,COMPLETE
1495,14.268829863629431,17.614654189230336,2026-10-06 01:06:38.872968,2026-10-06 01:09:50.511877,0 days 00:03:11.638909,0.501812288424025,0.5088079218375162,0.20358075665942357,8.556213008137046,0.2395452449940939,2.9615022659031585,0.21292518523710352,11.86468393276075,0.08173395261699556,0.007361010447850752,0.0006185581455600675,0.7296704665126732,191.63864924013615,8,COMPLETE
1496,,,2026-10-06 01:06:39.363992,2026-10-06 01:07:20.306409,0 days 00:00:40.942417,0.51115025563667,0.3233389271032242,0.5662816343755678,10.877854836518644,0.2395452449940939,85.69762729633804,1.191277759964359,5.299460499774038,0.5860574191614696,0.02749864300312601,0.0006185581455600675,1.3635581381619835,,8,PRUNED
1497,16.34596705872817,1.2048251933907368,2026-10-06 01:06:40.065994,2026-10-06 01:09:52.805005,0 days 00:03:12.739011,0.447684485641811,0.3233389271032242,0.022424580159444502,18.489161893608337,0.2395452449940939,85.69762729633804,0.21292518523710352,11.86468393276075,0.08173395261699556,0.03280586071940829,0.00014447613183128302,0.2678812614884665,192.73890897072852,8,COMPLETE
1498,37.06349395858407,8.81204413417362,2026-10-06 01:06:40.081979,2026-10-06 01:09:50.688082,0 days 00:03:10.606103,0.4919537458910443,0.2965654106455736,0.4120579376102117,8.556213008137046,0.2395452449940939,98.6416708615901,0.21292518523710352,11.86468393276075,0.2975664073833317,0.03038027549946027,0.00014447613183128302,1.1540267369865085,190.60600799508393,8,COMPLETE
1499,46.7363975841193,2.749663224376887,2026-10-06 01:06:40.694188,2026-10-06 01:09:56.700741,0 days 00:03:16.006553,0.8010869639365119,0.19189790819770397,0.20358075665942357,8.556213008137046,0.2395452449940939,85.69762729633804,0.21292518523710352,4.654538580459028,0.2975664073833317,0.03038027549946027,0.0006185581455600675,0.2678812614884665,196.0064496975392,8,COMPLETE
1500,37.95924892894821,2.0167473531569238,2026-10-06 01:06:40.697962,2026-10-06 01:09:50.542729,0 days 00:03:09.844767,0.8861887783233188,0.4774636695198178,0.4120579376102117,16.606931230784816,0.2395452449940939,98.6416708615901,0.21292518523710352,14.182822102930093,0.08173395261699556,0.09765004764801033,0.00014447613183128302,0.6004925208325128,189.8446785332635,8,COMPLETE
1501,10.361925422154002,14.056434722556267,2026-10-06 01:06:40.701964,2026-10-06 01:09:50.303812,0 days 00:03:09.601848,0.19630735827449874,0.3233389271032242,0.3042089878823274,18.489161893608337,0.6454873286650737,2.9615022659031585,0.21292518523710352,16.321393889459628,0.45983452037060485,0.007361010447850752,1.9958034707972923e-06,0.2678812614884665,189.601767398417,8,COMPLETE
1502,24.41208442791785,10.87212300556942,2026-10-06 01:06:40.705956,2026-10-06 01:09:53.850342,0 days 00:03:13.144386,0.17955955602755946,0.8717951055729352,0.5667882730348237,18.489161893608337,0.2395452449940939,48.51768204711886,0.6190885998388953,23.475624031055144,0.18589067298139156,0.037495759622009746,0.00014447613183128302,0.6004925208325128,193.1442944696173,8,COMPLETE
1503,28.1436601830965,3.334085196517134,2026-10-06 01:06:40.759987,2026-10-06 01:09:56.082322,0 days 00:03:15.322335,0.19630735827449874,0.3233389271032242,0.807738690329122,40.132128907957544,0.2395452449940939,98.6416708615901,0.11203912764568646,7.9874857515804925,0.2975664073833317,0.09765004764801033,3.680314106392975e-06,0.6948466552154693,195.32223979290575,8,COMPLETE
1504,40.437627721327246,3.7618319486492657,2026-10-06 01:06:40.763966,2026-10-06 01:09:55.041694,0 days 00:03:14.277728,0.8010869639365119,0.2965654106455736,0.3368044338364014,3.9940321735543374,0.2395452449940939,94.61146042672904,1.080654620868664,14.182822102930093,0.04206136129933902,0.024099244621516126,0.00014447613183128302,1.2974912099205862,194.27763444371521,8,COMPLETE
1505,46.851291249036635,1.6204845826224596,2026-10-06 01:06:41.188012,2026-10-06 01:09:49.229075,0 days 00:03:08.041063,0.38120678029223415,0.3233389271032242,0.3042089878823274,11.991629079089469,0.6454873286650737,85.69762729633804,0.4740161859265573,5.299460499774038,0.7685554742107898,0.08742167546975452,4.343429493003475e-06,1.2139299004838662,188.0409609489143,8,COMPLETE
1506,31.24922833676273,6.998697329244372,2026-10-06 01:06:42.123003,2026-10-06 01:09:54.916453,0 days 00:03:12.793450,1.439562523240065,0.3731992973752525,0.5662816343755678,8.695206399809345,0.05714116461716917,94.61146042672904,0.6419517764288287,5.299460499774038,0.04206136129933902,0.03038027549946027,0.00014447613183128302,0.40997466328302967,192.7933408524841,8,COMPLETE
1507,,,2026-10-06 01:06:42.736998,2026-10-06 01:07:20.244058,0 days 00:00:37.507060,0.447684485641811,0.3233389271032242,0.6443949852851695,18.489161893608337,0.6688626104060442,98.6416708615901,0.12486747625813921,86.57068482598544,0.08173395261699556,0.03038027549946027,0.00014447613183128302,1.3635581381619835,,8,PRUNED
1508,29.853339756609422,3.693672820012899,2026-10-06 01:06:43.250481,2026-10-06 01:09:53.510331,0 days 00:03:10.259850,0.48893522260329214,0.3731992973752525,0.5799701872746303,9.868280842937416,0.3201011955575039,46.31102753614511,0.6419517764288287,19.15408445903519,0.2975664073833317,0.09765004764801033,1.1762488306807034e-06,0.2678812614884665,190.25975789595395,8,COMPLETE
1509,41.52263597327341,2.018774220486181,2026-10-06 01:06:44.525995,2026-10-06 01:09:56.588096,0 days 00:03:12.062101,0.38120678029223415,0.2284118304472575,0.09005234812447538,5.245413993140336,0.33279388005294136,25.088361291801984,0.4740161859265573,14.182822102930093,0.7685554742107898,0.03280586071940829,4.343429493003475e-06,1.2139299004838662,192.06200560275465,8,COMPLETE
1510,29.947875490837713,13.952444567847747,2026-10-06 01:06:45.596016,2026-10-06 01:09:56.248215,0 days 00:03:10.652199,0.51115025563667,0.8717951055729352,0.6443949852851695,38.411467647167186,0.2395452449940939,85.69762729633804,1.080654620868664,23.475624031055144,0.18589067298139156,0.03280586071940829,0.00014447613183128302,1.2974912099205862,190.6520897820592,8,COMPLETE
1511,32.60329776873344,3.444404190471883,2026-10-06 01:07:12.556727,2026-10-06 01:10:24.687941,0 days 00:03:12.131214,0.447684485641811,0.2284118304472575,0.6443949852851695,18.489161893608337,0.2395452449940939,98.6416708615901,0.21292518523710352,14.182822102930093,0.08173395261699556,0.09765004764801033,0.00014447613183128302,0.7296704665126732,192.13110030069947,8,COMPLETE
1512,22.437410630585084,5.726303657729964,2026-10-06 01:07:13.073110,2026-10-06 01:10:26.908854,0 days 00:03:13.835744,0.19630735827449874,0.5088079218375162,0.4120579376102117,18.489161893608337,0.2395452449940939,2.9615022659031585,0.21292518523710352,49.83088065223101,0.04206136129933902,0.03280586071940829,1.9958034707972923e-06,1.23919528100858,193.83562838472426,8,COMPLETE
1513,32.11367318271975,10.626620128296324,2026-10-06 01:07:16.339983,2026-10-06 01:10:28.103369,0 days 00:03:11.763386,0.447684485641811,0.2965654106455736,0.5667882730348237,21.183844928151355,0.2395452449940939,98.6416708615901,1.080654620868664,5.8774721288796,0.04206136129933902,0.03280586071940829,0.00014447613183128302,1.1540267369865085,191.763274602592,8,COMPLETE
1514,23.207660823288155,13.935864468753733,2026-10-06 01:07:16.443984,2026-10-06 01:10:28.535571,0 days 00:03:12.091587,0.8010869639365119,0.5088079218375162,0.4120579376102117,8.556213008137046,0.2395452449940939,44.374378420065604,0.21292518523710352,4.314853216716561,0.08173395261699556,0.007361010447850752,0.0006185581455600675,1.23919528100858,192.0914908759296,8,COMPLETE
1515,17.796775202833743,1.437244213192757,2026-10-06 01:07:17.283989,2026-10-06 01:10:28.178783,0 days 00:03:10.894794,0.48893522260329214,0.3233389271032242,0.5799701872746303,18.386910920395536,0.7599851141616152,12.432549473543315,1.191277759964359,1.2001363989388558,0.2975664073833317,0.09765004764801033,1.1762488306807034e-06,0.2678812614884665,190.8946903301403,8,COMPLETE
1516,28.75827552831266,5.068963863163799,2026-10-06 01:07:17.891016,2026-10-06 01:10:27.859809,0 days 00:03:09.968793,0.51115025563667,0.3233389271032242,0.807738690329122,18.386910920395536,0.05714116461716917,85.69762729633804,0.12486747625813921,23.475624031055144,0.08173395261699556,0.09765004764801033,0.00014447613183128302,1.1540267369865085,189.96869063284248,8,COMPLETE
1517,24.534666493525684,15.291327616604894,2026-10-06 01:07:17.961157,2026-10-06 01:10:34.320617,0 days 00:03:16.359460,0.3395165906212997,0.3233389271032242,0.6443949852851695,21.183844928151355,0.07732105173638026,98.6416708615901,0.538892582053957,14.182822102930093,0.08173395261699556,0.03280586071940829,0.0006185581455600675,0.27019435437453126,196.35936704464257,8,COMPLETE
1518,,,2026-10-06 01:07:18.501668,2026-10-06 01:07:19.936029,0 days 00:00:01.434361,0.51115025563667,1.3019282251251378,0.5662816343755678,18.489161893608337,0.6688626104060442,2.3087569213632704,1.4690823188003486,23.475624031055144,0.08173395261699556,0.024099244621516126,,1.3635581381619835,,8,PRUNED
