number,values_0,values_1,datetime_start,datetime_complete,duration,params_between_rest_spread,params_c_spread,params_c_val,params_input_force,params_k_between_spread,params_k_between_val,params_k_wall_spread,params_k_wall_val,params_m_spread,params_m_val,params_ridge_alpha,params_wall_rest_spread,user_attrs_duration_sec,system_attrs_NSGAIISampler:generation,state
3647,,,2026-10-06 02:30:45.845868,2026-10-06 02:31:24.555058,0 days 00:00:38.709190,0.2994157425323484,0.21606902729252941,0.4120579376102117,8.556213008137046,0.6087670929915812,94.61146042672904,0.6419517764288287,35.86671955459044,0.2975664073833317,0.03038027549946027,4.343429493003475e-06,0.7699502779177346,,23,PRUNED
3648,,,2026-10-06 02:30:46.587480,2026-10-06 02:30:46.811040,0 days 00:00:00.223560,0.7667145987143462,0.7186098618255685,0.4120579376102117,5.245413993140336,0.6087670929915812,94.61146042672904,1.080654620868664,41.66154811682372,0.007925456797868324,0.0043407779859462,,1.2974912099205862,,23,PRUNED
3649,,,2026-10-06 02:30:46.590957,2026-10-06 02:30:47.940763,0 days 00:00:01.349806,0.7407180681038071,1.0404011192028682,0.5667882730348237,11.991629079089469,0.33279388005294136,85.69762729633804,1.4690823188003486,12.371756168223909,0.4212595585654096,0.03280586071940829,,1.2974912099205862,,23,PRUNED
3650,44.86871687369551,4.247183941793337,2026-10-06 02:30:46.594942,2026-10-06 02:33:57.244712,0 days 00:03:10.649770,0.8010869639365119,0.2965654106455736,0.2345370319995722,5.245413993140336,0.33279388005294136,98.6416708615901,1.3458509905017717,24.178359275269184,0.08173395261699556,0.03038027549946027,4.343429493003475e-06,0.23886283196880004,190.6496645603329,23,COMPLETE
3651,58.57756586178952,1.253851536050874,2026-10-06 02:30:47.234001,2026-10-06 02:33:58.630255,0 days 00:03:11.396254,0.8010869639365119,0.8717951055729352,0.12615106220885586,5.245413993140336,0.33279388005294136,94.61146042672904,1.2898828018697517,1.4056083189495427,0.08981597176864942,0.021966873773064614,4.343429493003475e-06,1.3890637168667692,191.39614430069923,23,COMPLETE
3652,42.010782959315314,7.339968563432506,2026-10-06 02:30:48.035993,2026-10-06 02:33:53.398482,0 days 00:03:05.362489,0.4919537458910443,0.07861675458476158,0.4120579376102117,8.556213008137046,0.506401025718823,94.61146042672904,0.7297455375332902,6.2296041386818795,0.2975664073833317,0.03280586071940829,4.343429493003475e-06,1.1540267369865085,185.36238860338926,23,COMPLETE
3653,32.063620926779265,1.687659514359079,2026-10-06 02:31:07.290028,2026-10-06 02:34:22.406607,0 days 00:03:15.116579,0.8010869639365119,0.19189790819770397,0.5667882730348237,5.245413993140336,0.2395452449940939,85.69762729633804,1.2898828018697517,1.4056083189495427,0.08173395261699556,0.03280586071940829,0.0003750271870227611,1.3890637168667692,195.11645522993058,23,COMPLETE
3654,,,2026-10-06 02:31:15.930207,2026-10-06 02:31:55.856033,0 days 00:00:39.925826,0.8010869639365119,0.7186098618255685,0.2345370319995722,5.245413993140336,0.6087670929915812,98.6416708615901,0.8124273413505371,5.8774721288796,0.27778129041576566,0.03038027549946027,2.1038771230648366e-06,1.209109649444219,,23,PRUNED
3655,38.39929930255471,9.453237187642722,2026-10-06 02:31:17.346000,2026-10-06 02:34:30.425653,0 days 00:03:13.079653,0.2994157425323484,0.8717951055729352,0.5667882730348237,11.991629079089469,0.33279388005294136,94.61146042672904,1.080654620868664,5.8774721288796,0.08173395261699556,0.03038027549946027,4.343429493003475e-06,1.1540267369865085,193.07953567709774,23,COMPLETE
3656,39.721927544728416,9.223998102614535,2026-10-06 02:31:17.446985,2026-10-06 02:34:29.378638,0 days 00:03:11.931653,0.51115025563667,0.7186098618255685,0.4120579376102117,5.245413993140336,0.6087670929915812,94.61146042672904,1.080654620868664,45.6508402201298,0.007925456797868324,0.03280586071940829,2.1038771230648366e-06,0.23886283196880004,191.9315325859934,23,COMPLETE
3657,,,2026-10-06 02:31:19.704004,2026-10-06 02:33:14.189202,0 days 00:01:54.485198,0.7407180681038071,0.21606902729252941,0.4120579376102117,11.991629079089469,0.6087670929915812,85.69762729633804,1.4690823188003486,35.86671955459044,0.026937100580568585,0.03038027549946027,2.1038771230648366e-06,1.1540267369865085,,23,PRUNED
3658,22.45298983126073,27.095090437966647,2026-10-06 02:31:20.419984,2026-10-06 02:34:31.625589,0 days 00:03:11.205605,0.51115025563667,0.07861675458476158,0.807738690329122,21.183844928151355,0.3519093950798047,94.61146042672904,1.080654620868664,45.6508402201298,0.007925456797868324,0.03280586071940829,4.343429493003475e-06,0.23886283196880004,191.20549990795553,23,COMPLETE
3659,,,2026-10-06 02:31:21.468176,2026-10-06 02:31:21.897036,0 days 00:00:00.428860,0.51115025563667,0.2965654106455736,0.20358075665942357,5.245413993140336,1.0879123614675135,94.61146042672904,1.484226923085714,5.8774721288796,1.0156692867793917,0.03280586071940829,,1.1540267369865085,,23,PRUNED
3660,48.92436005031298,3.1686162011135828,2026-10-06 02:31:21.471968,2026-10-06 02:34:30.590837,0 days 00:03:09.118869,0.8010869639365119,0.7186098618255685,0.2345370319995722,10.877854836518644,0.506401025718823,98.6416708615901,1.484226923085714,12.371756168223909,0.28988344429582863,0.03038027549946027,4.343429493003475e-06,1.2974912099205862,189.11875469982624,23,COMPLETE
3661,33.41231430891414,19.342288158990563,2026-10-06 02:31:23.347162,2026-10-06 02:34:36.389504,0 days 00:03:13.042342,0.6775759777641851,0.2284118304472575,0.5667882730348237,10.877854836518644,0.2395452449940939,98.6416708615901,1.4690823188003486,23.475624031055144,0.2975664073833317,0.024099244621516126,4.343429493003475e-06,1.1540267369865085,193.04223024565727,23,COMPLETE
3662,39.87187366055949,8.137198250201063,2026-10-06 02:31:23.350956,2026-10-06 02:34:35.370212,0 days 00:03:12.019256,0.7407180681038071,0.7186098618255685,0.5926143650576037,5.245413993140336,0.14692212651879782,98.6416708615901,0.7297455375332902,5.8774721288796,0.4212595585654096,0.03038027549946027,4.343429493003475e-06,0.23886283196880004,192.0191400470212,23,COMPLETE
3663,34.41803712963623,9.782599160966575,2026-10-06 02:31:23.354949,2026-10-06 02:34:32.857229,0 days 00:03:09.502280,0.51115025563667,0.8717951055729352,0.5667882730348237,20.000726109884642,0.33279388005294136,85.69762729633804,1.080654620868664,45.6508402201298,0.007925456797868324,0.03280586071940829,0.003140109463516852,1.3890637168667692,189.50218095164746,23,COMPLETE
3664,26.671666625205354,9.761688695588,2026-10-06 02:31:23.396109,2026-10-06 02:34:36.979843,0 days 00:03:13.583734,0.51115025563667,0.2284118304472575,0.807738690329122,5.245413993140336,0.33279388005294136,98.6416708615901,1.484226923085714,45.6508402201298,0.2975664073833317,0.03280586071940829,0.00041889750906285426,0.47095115863374787,193.5836228216067,23,COMPLETE
3665,24.37651844280804,24.661707538399682,2026-10-06 02:31:23.841585,2026-10-06 02:34:36.312687,0 days 00:03:12.471102,0.51115025563667,0.48628333026250986,0.807738690329122,21.183844928151355,0.3049037081953532,94.61146042672904,1.080654620868664,45.6508402201298,0.007925456797868324,0.03280586071940829,4.343429493003475e-06,0.23886283196880004,192.47099865600467,23,COMPLETE
3666,35.86262141470132,12.092629468461542,2026-10-06 02:31:23.998005,2026-10-06 02:34:35.387560,0 days 00:03:11.389555,0.51115025563667,0.2284118304472575,0.4120579376102117,5.245413993140336,0.33279388005294136,85.69762729633804,0.5165505806281113,41.66154811682372,0.08173395261699556,0.03038027549946027,4.343429493003475e-06,1.2267307691914986,191.38944887556136,23,COMPLETE
3667,44.958368491864924,2.8163199006764894,2026-10-06 02:31:24.519998,2026-10-06 02:34:30.324178,0 days 00:03:05.804180,0.51115025563667,0.21606902729252941,0.20358075665942357,10.877854836518644,0.2395452449940939,98.6416708615901,0.7297455375332902,5.8774721288796,0.2975664073833317,0.03038027549946027,0.005083378443332096,0.7699502779177346,185.80406197533011,23,COMPLETE
3668,45.0097166208687,2.1004244070910585,2026-10-06 02:31:25.224999,2026-10-06 02:34:33.798279,0 days 00:03:08.573280,0.0415995376021579,0.7186098618255685,0.4120579376102117,5.245413993140336,0.6454873286650737,94.61146042672904,0.6419517764288287,2.064375155489988,0.08173395261699556,0.03280586071940829,4.343429493003475e-06,1.1540267369865085,188.57316573616117,23,COMPLETE
3669,28.970739399314198,15.312030829658482,2026-10-06 02:31:25.329994,2026-10-06 02:34:37.994708,0 days 00:03:12.664714,0.51115025563667,0.19189790819770397,0.807738690329122,10.877854836518644,0.506401025718823,71.95183684835841,1.484226923085714,12.371756168223909,0.08173395261699556,0.03280586071940829,4.343429493003475e-06,1.2974912099205862,192.66460729110986,23,COMPLETE
3670,37.06149117616956,12.801901562450743,2026-10-06 02:31:53.204452,2026-10-06 02:35:00.296426,0 days 00:03:07.091974,0.8010869639365119,0.19189790819770397,0.4120579376102117,2.875140852186341,0.2395452449940939,94.61146042672904,1.2898828018697517,19.15408445903519,0.08173395261699556,0.021966873773064614,4.343429493003475e-06,0.2678812614884665,187.0918543934822,23,COMPLETE
3671,,,2026-10-06 02:31:56.128000,2026-10-06 02:33:51.202054,0 days 00:01:55.074054,0.51115025563667,0.21606902729252941,0.016991920775702548,11.991629079089469,0.6454873286650737,98.6416708615901,1.4690823188003486,35.86671955459044,0.08173395261699556,0.03038027549946027,4.343429493003475e-06,1.1540267369865085,,23,PRUNED
3672,33.745647091380874,14.679196294142525,2026-10-06 02:31:56.928004,2026-10-06 02:35:12.422994,0 days 00:03:15.494990,0.4919537458910443,0.2284118304472575,0.5667882730348237,8.556213008137046,0.33279388005294136,98.6416708615901,1.080654620868664,6.2296041386818795,0.08173395261699556,0.024099244621516126,4.343429493003475e-06,0.7296704665126732,195.49487958848476,23,COMPLETE
3673,,,2026-10-06 02:31:57.535140,2026-10-06 02:31:57.974036,0 days 00:00:00.438896,0.51115025563667,0.07861675458476158,0.807738690329122,21.183844928151355,0.6087670929915812,94.61146042672904,1.080654620868664,5.8774721288796,1.1161755131036504,0.03280586071940829,,1.1540267369865085,,23,PRUNED
3674,33.48381017475716,19.421657587170323,2026-10-06 02:31:58.876002,2026-10-06 02:35:11.593900,0 days 00:03:12.717898,0.4919537458910443,0.2965654106455736,0.5667882730348237,10.877854836518644,0.2395452449940939,98.6416708615901,1.4690823188003486,23.475624031055144,0.2975664073833317,0.024099244621516126,4.343429493003475e-06,1.0534089180843287,192.71780625451356,23,COMPLETE
3675,31.143286790864988,1.7746680788935998,2026-10-06 02:32:00.955000,2026-10-06 02:35:12.491817,0 days 00:03:11.536817,0.51115025563667,0.7186098618255685,0.4120579376102117,5.245413993140336,0.33279388005294136,98.6416708615901,1.484226923085714,19.15408445903519,0.15450841561573675,0.03038027549946027,0.24063599825777388,1.1540267369865085,191.53669880982488,23,COMPLETE
3676,,,2026-10-06 02:32:02.380992,2026-10-06 02:32:02.936532,0 days 00:00:00.555540,0.51115025563667,0.7186098618255685,0.20358075665942357,5.245413993140336,0.8956982601321593,98.6416708615901,1.484226923085714,14.182822102930093,0.3054149949472662,0.024099244621516126,,1.3181156204733133,,23,PRUNED
3677,21.999482811731273,1.3483427002263708,2026-10-06 02:32:03.208165,2026-10-06 02:35:14.458963,0 days 00:03:11.250798,0.4675750893982804,0.7186098618255685,0.4120579376102117,5.245413993140336,1.243327700015157,51.001569188740234,1.4690823188003486,5.8774721288796,0.08173395261699556,0.03038027549946027,5.858806460912625,1.2267307691914986,191.25068484805524,23,COMPLETE
3678,46.12865479658886,5.463342619959756,2026-10-06 02:32:03.211965,2026-10-06 02:35:10.980306,0 days 00:03:07.768341,0.51115025563667,0.7186098618255685,0.4120579376102117,5.245413993140336,0.6087670929915812,94.61146042672904,0.6419517764288287,5.8774721288796,0.08173395261699556,0.03038027549946027,4.343429493003475e-06,1.3920705156147477,187.76824145577848,23,COMPLETE
3679,,,2026-10-06 02:32:29.118039,2026-10-06 02:33:08.368100,0 days 00:00:39.250061,0.51115025563667,0.07861675458476158,0.20358075665942357,5.245413993140336,0.506401025718823,98.6416708615901,1.484226923085714,45.6508402201298,0.007925456797868324,0.03280586071940829,4.343429493003475e-06,1.1540267369865085,,23,PRUNED
3680,8.446282231785693,1.1786181949655097,2026-10-06 02:32:32.552009,2026-10-06 02:35:46.810310,0 days 00:03:14.258301,1.4644809848335274,0.3504633242738125,0.022952993086781486,21.81991182040044,0.2395452449940939,86.6015482918717,0.7297455375332902,6.2296041386818795,0.3372985396418654,0.03038027549946027,4.343429493003475e-06,0.2678812614884665,194.2581904940307,23,COMPLETE
3681,27.354673899067528,24.230382152961255,2026-10-06 02:32:35.388995,2026-10-06 02:35:48.336544,0 days 00:03:12.947549,0.51115025563667,0.07861675458476158,0.807738690329122,21.183844928151355,0.6087670929915812,94.61146042672904,1.080654620868664,24.7033276028984,0.007925456797868324,0.03038027549946027,4.343429493003475e-06,1.1540267369865085,192.94743391685188,23,COMPLETE
3682,,,2026-10-06 02:32:35.925999,2026-10-06 02:32:36.758060,0 days 00:00:00.832061,0.8548572270960194,1.0823193508251283,0.4120579376102117,5.245413993140336,0.6087670929915812,98.6416708615901,1.4690823188003486,5.8774721288796,0.08173395261699556,0.03038027549946027,,1.2267307691914986,,23,PRUNED
3683,19.747170295466585,1.4130683881728932,2026-10-06 02:32:37.130566,2026-10-06 02:35:46.785332,0 days 00:03:09.654766,0.51115025563667,0.7186098618255685,0.5667882730348237,5.245413993140336,0.33279388005294136,98.6416708615901,0.6419517764288287,41.66154811682372,0.08173395261699556,0.024099244621516126,35.3045584731365,0.7296704665126732,189.65464571397752,23,COMPLETE
3684,35.79745182894881,15.895944313644224,2026-10-06 02:32:37.167984,2026-10-06 02:35:50.459859,0 days 00:03:13.291875,0.7407180681038071,0.19189790819770397,0.5926143650576037,10.877854836518644,0.33279388005294136,98.6416708615901,1.484226923085714,35.86671955459044,0.2975664073833317,0.03280586071940829,4.343429493003475e-06,1.1540267369865085,193.29176282137632,23,COMPLETE
3685,30.606991476283582,13.134218616857865,2026-10-06 02:32:37.580005,2026-10-06 02:35:50.815681,0 days 00:03:13.235676,0.51115025563667,0.2965654106455736,0.807738690329122,5.245413993140336,0.33279388005294136,98.6416708615901,1.080654620868664,19.15408445903519,0.08173395261699556,0.03280586071940829,4.343429493003475e-06,1.1540267369865085,193.2355635203421,23,COMPLETE
3686,43.2287681477756,6.603153101713644,2026-10-06 02:32:37.583962,2026-10-06 02:35:53.351023,0 days 00:03:15.767061,0.51115025563667,0.2965654106455736,0.4120579376102117,5.245413993140336,0.6087670929915812,94.61146042672904,0.6419517764288287,5.8774721288796,0.08173395261699556,0.03038027549946027,4.343429493003475e-06,1.1540267369865085,195.766956968233,23,COMPLETE
3687,31.438511912312457,5.804686225550015,2026-10-06 02:32:38.133128,2026-10-06 02:35:51.787836,0 days 00:03:13.654708,0.8010869639365119,0.7186098618255685,0.4120579376102117,5.245413993140336,0.2395452449940939,43.419551578457174,0.6419517764288287,5.8774721288796,0.08173395261699556,0.03038027549946027,0.0003750271870227611,0.2678812614884665,193.65459439810365,23,COMPLETE
3688,33.909335383660974,15.116317191731678,2026-10-06 02:32:39.530997,2026-10-06 02:35:53.294818,0 days 00:03:13.763821,1.1148746881958491,0.2965654106455736,0.5667882730348237,11.991629079089469,0.506401025718823,85.69762729633804,1.484226923085714,41.66154811682372,0.2975664073833317,0.03280586071940829,4.343429493003475e-06,0.7296704665126732,193.7637190669775,23,COMPLETE
3689,,,2026-10-06 02:32:39.856158,2026-10-06 02:32:41.468062,0 days 00:00:01.611904,0.8010869639365119,0.21606902729252941,0.20358075665942357,38.965328352310024,0.506401025718823,98.6416708615901,1.484226923085714,35.86671955459044,0.2975664073833317,0.024099244621516126,,0.7699502779177346,,23,PRUNED
3690,22.01326418606984,27.383634340490158,2026-10-06 02:32:41.503991,2026-10-06 02:35:53.399586,0 days 00:03:11.895595,0.51115025563667,0.07861675458476158,0.807738690329122,21.183844928151355,0.3049037081953532,94.61146042672904,1.080654620868664,45.6508402201298,0.007925456797868324,0.03280586071940829,4.343429493003475e-06,0.23886283196880004,191.8954948047176,23,COMPLETE
3691,50.78904343882772,2.4995707078835707,2026-10-06 02:32:43.032005,2026-10-06 02:35:52.233051,0 days 00:03:09.201046,0.51115025563667,0.07861675458476158,0.20358075665942357,5.245413993140336,0.33279388005294136,94.61146042672904,1.484226923085714,14.182822102930093,0.2975664073833317,0.03280586071940829,4.343429493003475e-06,1.1540267369865085,189.20093374047428,23,COMPLETE
3692,,,2026-10-06 02:32:43.867986,2026-10-06 02:33:22.990058,0 days 00:00:39.122072,0.9158653711831447,0.7186098618255685,0.4120579376102117,5.245413993140336,0.6087670929915812,94.61146042672904,1.080654620868664,1.4056083189495427,0.08173395261699556,0.021966873773064614,0.0003750271870227611,1.2974912099205862,,23,PRUNED
3693,42.94204873521744,6.533940085591797,2026-10-06 02:33:08.614015,2026-10-06 02:36:20.318417,0 days 00:03:11.704402,0.32522926579248107,0.2965654106455736,0.4120579376102117,5.245413993140336,0.33279388005294136,98.6416708615901,1.484226923085714,5.8774721288796,0.08173395261699556,0.03038027549946027,4.343429493003475e-06,1.1540267369865085,191.7042779950425,23,COMPLETE
3694,41.07653289115258,6.254481983998936,2026-10-06 02:33:12.415008,2026-10-06 02:36:27.068621,0 days 00:03:14.653613,0.51115025563667,0.7186098618255685,0.4120579376102117,10.877854836518644,0.16317017463470784,94.61146042672904,1.080654620868664,5.8774721288796,0.08173395261699556,0.03280586071940829,4.343429493003475e-06,1.1540267369865085,194.6534921899438,23,COMPLETE
3695,46.461466175583254,3.0026766462291015,2026-10-06 02:33:12.629166,2026-10-06 02:36:26.285403,0 days 00:03:13.656237,0.51115025563667,0.2965654106455736,0.20358075665942357,10.877854836518644,0.33279388005294136,94.61146042672904,1.484226923085714,19.15408445903519,0.28988344429582863,0.03280586071940829,4.343429493003475e-06,1.1540267369865085,193.65613283589482,23,COMPLETE
3696,38.5919667221021,11.369297712651715,2026-10-06 02:33:13.112027,2026-10-06 02:36:22.415911,0 days 00:03:09.303884,0.51115025563667,0.8717951055729352,0.5667882730348237,10.877854836518644,0.33279388005294136,94.61146042672904,1.080654620868664,45.6508402201298,0.08173395261699556,0.03280586071940829,2.1038771230648366e-06,1.3890637168667692,189.3037637108937,23,COMPLETE
3697,48.949184579766005,4.63885306203444,2026-10-06 02:33:13.979994,2026-10-06 02:36:28.724311,0 days 00:03:14.744317,0.9158653711831447,0.8717951055729352,0.4120579376102117,5.245413993140336,0.506401025718823,94.61146042672904,0.7297455375332902,5.8774721288796,0.06802941049346445,0.03038027549946027,2.1038771230648366e-06,1.2974912099205862,194.74421149492264,23,COMPLETE
3698,50.953102966719236,2.347211962338571,2026-10-06 02:33:14.052974,2026-10-06 02:36:23.966044,0 days 00:03:09.913070,1.4644809848335274,0.8717951055729352,0.20358075665942357,8.556213008137046,0.506401025718823,86.6015482918717,0.7297455375332902,6.2296041386818795,0.06802941049346445,0.03038027549946027,4.343429493003475e-06,0.20140812576654227,189.91295372042805,23,COMPLETE
3699,25.522509806475338,20.57901948553497,2026-10-06 02:33:14.661417,2026-10-06 02:36:26.276606,0 days 00:03:11.615189,0.8010869639365119,0.2284118304472575,0.5673687007336011,41.29266202576029,0.2395452449940939,98.6416708615901,0.7297455375332902,35.86671955459044,0.2975664073833317,0.03038027549946027,4.343429493003475e-06,0.7699502779177346,191.61507050786167,23,COMPLETE
3700,,,2026-10-06 02:33:14.829004,2026-10-06 02:33:52.187248,0 days 00:00:37.358244,0.51115025563667,0.48628333026250986,0.2230060513823063,12.214752017762354,0.6087670929915812,98.6416708615901,1.484226923085714,35.86671955459044,0.4212595585654096,0.03038027549946027,4.343429493003475e-06,0.7699502779177346,,23,PRUNED
3701,36.5268896593691,10.866370921497515,2026-10-06 02:33:14.852977,2026-10-06 02:36:25.002424,0 days 00:03:10.149447,0.044561239611282444,0.2965654106455736,0.4120579376102117,5.245413993140336,0.2395452449940939,98.6416708615901,0.729214771492709,35.86671955459044,0.28988344429582863,0.03038027549946027,4.343429493003475e-06,0.7699502779177346,190.14932620432228,23,COMPLETE
3702,0.14151168392776853,1.1090852461577696,2026-10-06 02:33:15.701154,2026-10-06 02:36:24.101327,0 days 00:03:08.400173,0.5527057120267587,0.2284118304472575,0.010871560088406555,21.183844928151355,0.506401025718823,98.6416708615901,1.484226923085714,6.932482323070033,0.08173395261699556,0.03280586071940829,4.343429493003475e-06,1.1540267369865085,188.40005380660295,23,COMPLETE
3703,40.54583294438084,4.66651769095756,2026-10-06 02:33:16.356134,2026-10-06 02:36:31.599656,0 days 00:03:15.243522,0.8010869639365119,0.7186098618255685,0.2345370319995722,21.183844928151355,0.6087670929915812,98.6416708615901,0.6419517764288287,45.6508402201298,0.08173395261699556,0.03038027549946027,4.34707888553096e-06,1.2974912099205862,195.2434195280075,23,COMPLETE
3704,54.96510848175543,1.6705076063301862,2026-10-06 02:33:16.748569,2026-10-06 02:36:30.446412,0 days 00:03:13.697843,0.8010869639365119,0.2965654106455736,0.19400160111159936,5.245413993140336,0.6087670929915812,94.61146042672904,1.2898828018697517,5.8774721288796,0.08173395261699556,0.03280586071940829,4.343429493003475e-06,1.2974912099205862,193.69773041643202,23,COMPLETE
3705,31.124479001985385,13.426362421069577,2026-10-06 02:33:17.519980,2026-10-06 02:36:28.344843,0 days 00:03:10.824863,0.51115025563667,0.07861675458476158,0.4120579376102117,21.183844928151355,0.6387297644535963,94.61146042672904,0.6419517764288287,45.6508402201298,0.007925456797868324,0.03038027549946027,4.343429493003475e-06,1.1540267369865085,190.8247507913038,23,COMPLETE
