number,values_0,values_1,datetime_start,datetime_complete,duration,params_between_rest_spread,params_c_spread,params_c_val,params_input_force,params_k_between_spread,params_k_between_val,params_k_wall_spread,params_k_wall_val,params_m_spread,params_m_val,params_ridge_alpha,params_wall_rest_spread,user_attrs_duration_sec,system_attrs_NSGAIISampler:generation,state
571,16.952262569099798,2.1906524027904126,2026-10-06 00:30:44.278004,2026-10-06 00:33:50.289951,0 days 00:03:06.011947,0.7535562568504046,0.5088079218375162,0.7677731464020287,5.245413993140336,1.3162890024975238,4.62415388938126,1.3992166339695558,2.0330101929189524,0.8174949864204357,0.042098694451988765,0.004475392410627206,0.8231346114245193,186.01185462996364,2,COMPLETE
572,19.84416819138182,5.830675013631677,2026-10-06 00:30:44.703008,2026-10-06 00:33:55.594824,0 days 00:03:10.891816,0.3834721347353825,0.2965654106455736,0.6443949852851695,25.234946341998025,1.2957825863457457,1.2305092695987363,0.6419517764288287,38.342083961233584,0.7360596685479106,0.04307095774988902,8.057382607958031e-05,1.0281652581298224,190.89170587155968,2,COMPLETE
573,10.08912856078748,1.2489350149561667,2026-10-06 00:30:45.330012,2026-10-06 00:33:56.204841,0 days 00:03:10.874829,0.6143081518772575,0.48953185343259,0.06022460482083565,47.557189846268756,0.2395452449940939,28.49625208483805,1.4226961162923975,14.182822102930093,0.194083030357998,0.024099244621516126,4.740679786656538e-06,0.3066293241794842,190.87474830634892,2,COMPLETE
574,,,2026-10-06 00:30:46.944003,2026-10-06 00:30:48.056061,0 days 00:00:01.112058,0.8861887783233188,1.2272056149722106,0.4120579376102117,8.695206399809345,0.3201011955575039,39.51588933199152,0.21292518523710352,1.2001363989388558,0.08173395261699556,0.03974320607069727,,0.2678812614884665,,2,PRUNED
575,,,2026-10-06 00:30:48.294008,2026-10-06 00:30:49.051047,0 days 00:00:00.757039,0.5768678928443426,1.0275798857022826,0.7677731464020287,49.168071302148626,0.05714116461716917,4.62415388938126,0.6429618406964179,5.8774721288796,0.089910785226051,0.05018770758699738,,0.8231346114245193,,2,PRUNED
576,,,2026-10-06 00:30:48.861020,2026-10-06 00:31:28.468047,0 days 00:00:39.607027,0.7535562568504046,0.5088079218375162,0.09005234812447538,33.17033856339264,0.17665571526270746,28.49625208483805,0.21292518523710352,2.029882838261563,0.7685554742107898,0.007361010447850752,0.00025109321465952223,0.6004925208325128,,2,PRUNED
577,5.83095544798956,3.0285827175709286,2026-10-06 00:30:49.183007,2026-10-06 00:33:56.201811,0 days 00:03:07.018804,0.2994157425323484,0.5088079218375162,0.2297655624989891,40.76310557207865,0.29675499538560296,2.9615022659031585,0.6190885998388953,1.1282993084044803,0.05609924456069537,0.007361010447850752,0.0011757094612474103,1.4891500624393408,187.01871480420232,2,COMPLETE
578,22.172745667678377,4.124224252376629,2026-10-06 00:31:15.806000,2026-10-06 00:34:29.299373,0 days 00:03:13.493373,0.51115025563667,0.4774636695198178,0.5667882730348237,16.18523914545625,0.17665571526270746,25.088361291801984,0.3849061930847223,28.91431118099489,0.26083598793965107,0.09451323812326916,3.680314106392975e-06,0.6004925208325128,193.49328182823956,2,COMPLETE
579,14.424628225754812,4.23502505788284,2026-10-06 00:31:15.807849,2026-10-06 00:34:30.582045,0 days 00:03:14.774196,0.7029342189191757,0.2284118304472575,0.4120579376102117,37.573879857032495,0.3201011955575039,32.46841509414121,0.21292518523710352,1.2001363989388558,0.08173395261699556,0.008187777701692859,7.3239416885903,0.7296704665126732,194.77410928625613,2,COMPLETE
580,15.570017628685713,8.489310903689866,2026-10-06 00:31:16.387112,2026-10-06 00:34:31.235879,0 days 00:03:14.848767,0.8861887783233188,0.4774636695198178,0.18268747908623606,15.131455528370719,0.6484645690572918,6.3983390904701665,0.6190885998388953,2.029882838261563,0.26083598793965107,0.007361010447850752,0.004475392410627206,0.6004925208325128,194.8486674213782,2,COMPLETE
581,,,2026-10-06 00:31:18.097992,2026-10-06 00:31:18.517008,0 days 00:00:00.419016,0.5768678928443426,0.5095240001595626,0.7677731464020287,3.6720203383380485,1.3162890024975238,2.9615022659031585,0.6429618406964179,2.0330101929189524,0.7685554742107898,0.007361010447850752,,0.24042826613868218,,2,PRUNED
582,13.446030183995811,1.8718586860765196,2026-10-06 00:31:18.845999,2026-10-06 00:34:30.601576,0 days 00:03:11.755577,0.24174364545359744,0.26436360806232834,0.9752752213731002,26.349959130402702,0.7937673647242127,16.30213849757902,0.4740161859265573,2.9177508597205857,0.3260597041603945,0.06668334722343025,6.709762564240109,0.5322556354147161,191.75549686793238,2,COMPLETE
583,18.783043732130675,1.1298140852783858,2026-10-06 00:31:19.720985,2026-10-06 00:34:30.133571,0 days 00:03:10.412586,0.9528582881543378,0.4835105352725577,0.03240094579624807,4.264385735936695,0.3201011955575039,49.7837090928796,1.1068767969628939,2.688509826508115,0.94887413327044,0.09765004764801033,3.7310590236616203,0.2678812614884665,190.4124939693138,2,COMPLETE
584,36.33616145585832,1.2557140567841614,2026-10-06 00:31:20.632151,2026-10-06 00:34:32.847941,0 days 00:03:12.215790,0.447684485641811,0.8304682506740793,0.34699519698385084,49.168071302148626,0.05714116461716917,85.69762729633804,1.191277759964359,1.2001363989388558,0.2975664073833317,0.09765004764801033,2.9442330109354824,1.1540267369865085,192.21569672971964,2,COMPLETE
585,,,2026-10-06 00:31:20.822144,2026-10-06 00:31:23.344916,0 days 00:00:02.522772,0.51115025563667,1.2936563863130903,0.5667882730348237,18.677678184085455,1.4587170185674183,9.235458204740613,0.3849061930847223,2.0679979866331895,0.573538310576864,0.05061331531697255,,1.4242474729910322,,2,PRUNED
586,27.665838877755505,5.912312602001944,2026-10-06 00:31:22.572139,2026-10-06 00:34:35.498070,0 days 00:03:12.925931,0.51115025563667,0.8661787220393558,0.5662816343755678,21.183844928151355,1.35460707310614,11.647781097448451,1.1446866529412485,23.475624031055144,0.04206136129933902,0.03038027549946027,0.005958227033600532,1.3635581381619835,192.9258472332731,2,COMPLETE
587,,,2026-10-06 00:31:23.377001,2026-10-06 00:31:24.602043,0 days 00:00:01.225042,0.9528582881543378,0.5088079218375162,0.07151223625743275,11.991629079089469,0.3201011955575039,85.69762729633804,0.6190885998388953,1.2001363989388558,0.2975664073833317,0.007361010447850752,,0.6004925208325128,,2,PRUNED
588,,,2026-10-06 00:31:24.850002,2026-10-06 00:31:25.730702,0 days 00:00:00.880700,0.39568328879440856,0.4912316077114617,0.11369858697944095,5.814557047239577,0.631975484387248,1.529640202658084,1.164395082841941,2.072575382240667,1.1791218744906238,0.002325730101743871,,0.5306304553896439,,2,PRUNED
589,22.287220312232975,3.4786652737317034,2026-10-06 00:31:25.973997,2026-10-06 00:34:35.209208,0 days 00:03:09.235211,0.2751127501817048,0.3731992973752525,0.5662816343755678,21.183844928151355,0.4341680398448426,26.22079615322774,1.1446866529412485,1.3290341234086505,0.4493735763474446,0.03038027549946027,0.005958227033600532,1.1137428294822522,189.23511521983892,2,COMPLETE
590,23.336438127713503,1.4534585058380955,2026-10-06 00:31:28.574002,2026-10-06 00:34:37.611136,0 days 00:03:09.037134,0.05008148914855248,0.9056915392647674,0.34110152318098685,5.814557047239577,0.05714116461716917,16.211255471509773,0.4740161859265573,2.072575382240667,0.089910785226051,0.06668334722343025,1.1762488306807034e-06,0.9700520747024954,189.037034236826,2,COMPLETE
591,24.783666392709698,1.2558528462654346,2026-10-06 00:31:55.792141,2026-10-06 00:35:07.268957,0 days 00:03:11.476816,0.8861887783233188,1.445228401004806,0.4120579376102117,16.606931230784816,0.17665571526270746,25.088361291801984,1.2122785052154603,2.029882838261563,0.089910785226051,0.08804378717982243,0.020982657779287442,0.7296704665126732,191.4767014812678,2,COMPLETE
592,18.18323654034615,1.1610177889311297,2026-10-06 00:32:35.139167,2026-10-06 00:35:45.879825,0 days 00:03:10.740658,0.447684485641811,0.3233389271032242,0.11720021795877078,18.286292721649534,0.6454873286650737,1.529640202658084,1.164395082841941,86.57068482598544,0.7115414226689059,0.09604367333658836,0.00014447613183128302,0.6004925208325128,190.74056857358664,2,COMPLETE
593,23.29762198159345,1.1338326113775725,2026-10-06 00:33:02.574014,2026-10-06 00:36:20.412780,0 days 00:03:17.838766,0.6672137354754455,0.1544379750618336,0.03240094579624807,4.264385735936695,0.4424930116262647,49.7837090928796,1.1068767969628939,2.688509826508115,0.43311690216980636,0.07297012210736925,1.0393766090385316e-05,0.17248374444296138,197.33262555580586,2,COMPLETE
594,19.23486393262926,6.763265006175131,2026-10-06 00:33:08.544024,2026-10-06 00:36:21.483322,0 days 00:03:12.939298,0.2994157425323484,0.5088079218375162,0.09005234812447538,5.245413993140336,1.0774031071944332,2.9615022659031585,0.6190885998388953,2.0330101929189524,0.7685554742107898,0.007361010447850752,0.0004693315590468239,0.6004925208325128,192.9391934191808,2,COMPLETE
595,,,2026-10-06 00:33:08.646996,2026-10-06 00:35:45.694018,0 days 00:02:37.047022,1.0703266774752578,0.18176572098585708,0.13494347608245139,8.556213008137046,0.6214878688098426,3.2854396341739385,1.164395082841941,1.2726643023599822,0.7115414226689059,0.002325730101743871,2.0676443908208606e-05,1.1827732174347347,,2,PRUNED
596,10.720890923354677,1.2520587921355597,2026-10-06 00:33:10.854006,2026-10-06 00:36:24.372337,0 days 00:03:13.518331,0.3834721347353825,0.2965654106455736,0.03240094579624807,25.234946341998025,0.39248214117546354,32.94629054195232,0.09918475277409838,23.475624031055144,0.7360596685479106,0.04307095774988902,0.00023455457478105328,0.008646455689541255,193.51824741717428,2,COMPLETE
597,25.102874610370414,2.4070257033194666,2026-10-06 00:33:11.114175,2026-10-06 00:36:21.676922,0 days 00:03:10.562747,0.4428292606447327,0.2284118304472575,0.2297655624989891,18.677678184085455,0.17665571526270746,28.285734118696016,0.6165960852108494,2.029882838261563,0.05609924456069537,0.03280586071940829,0.1779362878501945,0.7296704665126732,190.56263846810907,2,COMPLETE
598,18.595516581263347,1.5122416690310856,2026-10-06 00:33:11.591170,2026-10-06 00:36:23.042742,0 days 00:03:11.451572,1.2356600307833205,0.6742804161302214,0.10110884516639028,11.453469267944222,1.4587170185674183,6.9633024006904245,0.6419517764288287,4.314853216716561,0.17672380622360612,0.03280586071940829,1.9958034707972923e-06,0.008646455689541255,191.45147474389523,2,COMPLETE
599,41.24538704948101,5.313460646676056,2026-10-06 00:33:12.137992,2026-10-06 00:36:23.951702,0 days 00:03:11.813710,0.447684485641811,0.8304682506740793,0.34699519698385084,5.814557047239577,0.05714116461716917,42.44223698016689,0.4740161859265573,4.140773826912236,0.742842471971084,0.037495759622009746,1.1762488306807034e-06,1.1540267369865085,191.8136179940775,2,COMPLETE
600,18.412677023486957,1.1836569223400182,2026-10-06 00:33:12.453995,2026-10-06 00:36:26.530253,0 days 00:03:14.076258,1.2356600307833205,1.0727474658147056,0.03240094579624807,10.893933886904785,0.7146445333446991,49.7837090928796,0.09918475277409838,4.314853216716561,0.17672380622360612,0.04307095774988902,1.9958034707972923e-06,0.5142999062500755,194.07616617623717,2,COMPLETE
601,19.55890572805422,1.996495445197763,2026-10-06 00:33:13.543213,2026-10-06 00:36:24.735248,0 days 00:03:11.192035,0.39568328879440856,0.9056915392647674,0.6443949852851695,18.677678184085455,1.4587170185674183,11.647781097448451,0.17179128474706273,2.072575382240667,0.04206136129933902,0.03280586071940829,0.00023455457478105328,0.008646455689541255,191.1919454447925,2,COMPLETE
602,,,2026-10-06 00:33:15.122169,2026-10-06 00:33:15.411999,0 days 00:00:00.289830,0.2994157425323484,0.5088079218375162,0.8327273230574656,5.245413993140336,1.0774031071944332,2.9615022659031585,0.6190885998388953,1.1282993084044803,0.7685554742107898,0.007361010447850752,,0.6004925208325128,,2,PRUNED
603,,,2026-10-06 00:33:15.125974,2026-10-06 00:33:16.040030,0 days 00:00:00.914056,0.2994157425323484,0.4835105352725577,0.010578980277957064,5.245413993140336,1.0774031071944332,85.69762729633804,0.6190885998388953,1.2001363989388558,0.8082725188057143,0.007361010447850752,,1.4891500624393408,,2,PRUNED
604,,,2026-10-06 00:33:15.216994,2026-10-06 00:33:15.986024,0 days 00:00:00.769030,0.51115025563667,0.5088079218375162,0.5667882730348237,16.18523914545625,1.35460707310614,2.9615022659031585,0.6419517764288287,1.1282993084044803,0.04206136129933902,0.007361010447850752,,0.6069618734849955,,2,PRUNED
605,30.18272338088564,1.3537832854196419,2026-10-06 00:33:15.220986,2026-10-06 00:36:26.552467,0 days 00:03:11.331481,0.39568328879440856,0.9056915392647674,0.08225225182467477,5.814557047239577,1.4257271037095816,16.211255471509773,0.4740161859265573,2.072575382240667,0.6168387269531914,0.029771009616437947,0.0051341657907994255,0.9700520747024954,191.3313998579979,2,COMPLETE
606,45.66501359824999,1.3280045942671597,2026-10-06 00:33:15.628013,2026-10-06 00:36:24.600570,0 days 00:03:08.972557,0.9528582881543378,0.4835105352725577,0.11369858697944095,8.695206399809345,0.631975484387248,39.51588933199152,1.1647505077348432,2.072575382240667,0.2975664073833317,0.03974320607069727,1.1762488306807034e-06,0.9700520747024954,188.97245616279542,2,COMPLETE
607,42.74104431708229,1.3661815227980716,2026-10-06 00:33:16.069172,2026-10-06 00:36:29.770672,0 days 00:03:13.701500,0.8861887783233188,0.2284118304472575,0.5799701872746303,16.606931230784816,0.6046626808156426,85.69762729633804,0.21292518523710352,2.029882838261563,0.08173395261699556,0.09765004764801033,0.0004693315590468239,1.4891500624393408,193.70140366628766,2,COMPLETE
608,18.16029780205015,1.6838587179772806,2026-10-06 00:33:16.072973,2026-10-06 00:36:25.236817,0 days 00:03:09.163844,0.7029342189191757,0.34160086046150906,0.9752752213731002,37.573879857032495,0.3201011955575039,32.46841509414121,0.42875890372816183,1.2001363989388558,0.6036024673763625,0.05619125401223478,2.9442330109354824,0.5322556354147161,189.16375280823559,2,COMPLETE
609,29.72724175973729,1.3903705567447537,2026-10-06 00:33:16.280457,2026-10-06 00:36:28.834349,0 days 00:03:12.553892,0.447684485641811,0.3233389271032242,0.20090750750328015,41.645467536664455,0.6454873286650737,39.51588933199152,0.7964747556623476,1.2001363989388558,0.2975664073833317,0.037495759622009746,0.00014447613183128302,0.2678812614884665,192.55379599705338,2,COMPLETE
610,26.949538300341374,1.7895248575057228,2026-10-06 00:33:16.440993,2026-10-06 00:36:25.807968,0 days 00:03:09.366975,1.1917921473199087,0.3233389271032242,0.11720021795877078,18.677678184085455,1.4587170185674183,9.235458204740613,0.6419517764288287,23.475624031055144,0.573538310576864,0.037495759622009746,1.7201014311893553e-06,1.4242474729910322,189.3668860429898,2,COMPLETE
611,34.54417282705139,1.820111932028289,2026-10-06 00:33:17.164183,2026-10-06 00:36:24.842494,0 days 00:03:07.678311,0.05008148914855248,0.2965654106455736,0.10626861340244535,18.677678184085455,0.45457909594116247,42.44223698016689,0.6419517764288287,23.475624031055144,0.573538310576864,0.02911692019429424,1.1762488306807034e-06,1.4242474729910322,187.6782242655754,2,COMPLETE
612,38.20949928251166,2.402815128034814,2026-10-06 00:33:17.167970,2026-10-06 00:36:27.609874,0 days 00:03:10.441904,0.9528582881543378,0.2284118304472575,0.1347521461063753,8.695206399809345,0.3201011955575039,25.088361291801984,0.21292518523710352,1.2001363989388558,0.2975664073833317,0.022173665055789153,2.1038771230648366e-06,0.2678812614884665,190.4418180398643,2,COMPLETE
613,,,2026-10-06 00:33:17.171968,2026-10-06 00:33:17.476981,0 days 00:00:00.305013,0.9323049410555256,0.527164092890509,0.06022460482083565,18.489161893608337,0.2395452449940939,98.6416708615901,1.394035285276604,5.299460499774038,1.0749850412981183,0.02749864300312601,,0.3066293241794842,,2,PRUNED
614,,,2026-10-06 00:33:17.175970,2026-10-06 00:33:17.646040,0 days 00:00:00.470070,0.51115025563667,0.4912316077114617,0.5667882730348237,48.42684891165389,0.6214878688098426,1.8968903642736075,0.3849061930847223,1.2726643023599822,0.9858114614951333,0.002325730101743871,,0.6069618734849955,,2,PRUNED
615,13.753727756657128,1.2144076257604108,2026-10-06 00:33:17.179968,2026-10-06 00:36:27.533033,0 days 00:03:10.353065,0.39568328879440856,0.9056915392647674,0.09005234812447538,5.814557047239577,0.631975484387248,2.9615022659031585,0.2714322340997901,2.072575382240667,0.7685554742107898,0.06668334722343025,1.1762488306807034e-06,0.6004925208325128,190.35297970846295,2,COMPLETE
616,,,2026-10-06 00:33:17.782169,2026-10-06 00:33:18.265045,0 days 00:00:00.482876,0.7535562568504046,0.41930250301931776,0.09005234812447538,5.245413993140336,1.0774031071944332,32.46841509414121,0.42875890372816183,1.2001363989388558,0.2975664073833317,0.007361010447850752,,0.6004925208325128,,2,PRUNED
617,21.875828026923482,1.7942011234715802,2026-10-06 00:33:17.785979,2026-10-06 00:36:24.345871,0 days 00:03:06.559892,0.05008148914855248,0.4500057657713351,0.2297655624989891,49.168071302148626,0.5727398877466168,28.285734118696016,0.38106229976815414,1.6947971224041727,0.089910785226051,0.022132402954529992,0.0011757094612474103,1.1540267369865085,186.55980028025806,2,COMPLETE
618,16.200704707386286,1.362447048066835,2026-10-06 00:33:17.895137,2026-10-06 00:36:24.075433,0 days 00:03:06.180296,1.350503098526395,0.1430034465046131,0.08837582562659566,8.556213008137046,1.4257271037095816,1.2305092695987363,1.3355598077240103,11.86468393276075,0.6168387269531914,0.029771009616437947,25.884048700332063,0.9040411163974774,186.18021140433848,2,COMPLETE
619,20.943797791939193,7.877279350577613,2026-10-06 00:33:17.938111,2026-10-06 00:36:28.251279,0 days 00:03:10.313168,0.447684485641811,0.3233389271032242,0.34699519698385084,49.168071302148626,0.05714116461716917,42.44223698016689,0.12486747625813921,86.57068482598544,0.089910785226051,0.037495759622009746,0.020982657779287442,1.3458907086260936,190.31307766679674,2,COMPLETE
620,9.258301177556177,1.9216405199053177,2026-10-06 00:33:18.496989,2026-10-06 00:36:27.959599,0 days 00:03:09.462610,0.05008148914855248,0.2965654106455736,0.6443949852851695,30.58982030764644,0.631975484387248,2.249261103529477,0.4740161859265573,5.8774721288796,0.7226586490727309,0.05018770758699738,3.2364647146636534,0.008646455689541255,189.46252633444965,2,COMPLETE
621,,,2026-10-06 00:33:18.820004,2026-10-06 00:33:55.932008,0 days 00:00:37.112004,0.3834721347353825,0.2965654106455736,0.09005234812447538,18.677678184085455,1.0774031071944332,11.647781097448451,0.6419517764288287,23.475624031055144,0.04206136129933902,0.007361010447850752,0.00023455457478105328,0.6004925208325128,,2,PRUNED
622,9.27052763158409,3.2018484471843864,2026-10-06 00:33:43.819009,2026-10-06 00:36:55.339854,0 days 00:03:11.520845,0.3834721347353825,0.2965654106455736,0.3042089878823274,18.677678184085455,0.5855379267962546,2.1048794976754106,1.0349997544992304,23.011054538640472,0.04206136129933902,0.02749864300312601,3.736607894112202e-06,0.008646455689541255,191.52073763590306,2,COMPLETE
623,18.911310503661376,1.5381195040588787,2026-10-06 00:33:45.528023,2026-10-06 00:36:57.637197,0 days 00:03:12.109174,0.24174364545359744,0.8661787220393558,0.5667882730348237,16.18523914545625,1.35460707310614,16.30213849757902,0.37957125799835345,1.6233717926239137,0.3260597041603945,0.03280586071940829,6.709762564240109,0.5322556354147161,192.10907211713493,2,COMPLETE
624,8.380829219637143,3.696394405307074,2026-10-06 00:33:45.967003,2026-10-06 00:37:01.064827,0 days 00:03:15.097824,0.3834721347353825,0.4855208797804896,0.6443949852851695,21.454616106813628,0.6484645690572918,2.249261103529477,0.6419517764288287,18.756371973043514,0.28272489366851505,0.03280586071940829,5.946780992788637,0.008646455689541255,195.09772140718997,2,COMPLETE
625,48.611666868085386,1.372356276105624,2026-10-06 00:33:47.036053,2026-10-06 00:37:00.001044,0 days 00:03:12.964991,0.8861887783233188,0.9056915392647674,0.4120579376102117,5.814557047239577,0.631975484387248,77.95991588974933,0.21292518523710352,2.072575382240667,0.08173395261699556,0.06668334722343025,2.1038771230648366e-06,0.7296704665126732,192.96488980669528,2,COMPLETE
626,,,2026-10-06 00:33:47.868269,2026-10-06 00:33:48.270028,0 days 00:00:00.401759,1.0703266774752578,0.3731992973752525,0.06866269864156459,48.42684891165389,0.6214878688098426,26.22079615322774,1.1446866529412485,1.3290341234086505,0.7115414226689059,0.002325730101743871,,0.5306304553896439,,2,PRUNED
627,32.74935704128909,11.6337949264978,2026-10-06 00:33:47.873975,2026-10-06 00:36:57.023221,0 days 00:03:09.149246,0.2994157425323484,0.5088079218375162,0.09005234812447538,5.245413993140336,0.29675499538560296,28.285734118696016,0.6165960852108494,9.035356874405386,0.05609924456069537,0.007361010447850752,0.0004693315590468239,0.9092751429584793,189.14913710672408,2,COMPLETE
628,33.67744409314679,1.1981043844710442,2026-10-06 00:33:48.588990,2026-10-06 00:37:03.538489,0 days 00:03:14.949499,0.2994157425323484,0.5088079218375162,0.1026017143088177,5.245413993140336,1.0774031071944332,28.49625208483805,1.4226961162923975,1.1282993084044803,0.7685554742107898,0.07771036114219086,0.013371800794754347,1.4891500624393408,194.9494109628722,2,COMPLETE
629,12.108174773225524,3.777630226368837,2026-10-06 00:33:48.590880,2026-10-06 00:37:04.059031,0 days 00:03:15.468151,0.7535562568504046,0.3233389271032242,0.09005234812447538,41.645467536664455,1.0774031071944332,2.9615022659031585,0.6190885998388953,2.0330101929189524,0.6612894906970102,0.007361010447850752,0.00014447613183128302,1.3458907086260936,195.46806970983744,2,COMPLETE
630,20.060279504500368,2.6026408223556725,2026-10-06 00:33:49.035995,2026-10-06 00:37:00.576451,0 days 00:03:11.540456,1.2356600307833205,1.0727474658147056,0.053140281504859645,10.893933886904785,0.4356325661572324,6.9633024006904245,1.4594405107884705,8.22272981524772,0.5334847006124417,0.0075122423922312385,1.9958034707972923e-06,0.5142999062500755,191.54035960044712,2,COMPLETE
