number,values_0,values_1,datetime_start,datetime_complete,duration,params_between_rest_spread,params_c_spread,params_c_val,params_input_force,params_k_between_spread,params_k_between_val,params_k_wall_spread,params_k_wall_val,params_m_spread,params_m_val,params_ridge_alpha,params_wall_rest_spread,user_attrs_duration_sec,system_attrs_NSGAIISampler:generation,state
2698,,,2026-10-06 01:54:37.289240,2026-10-06 01:55:19.202048,0 days 00:00:41.912808,0.4919537458910443,0.2284118304472575,0.4120579376102117,11.991629079089469,0.33279388005294136,85.69762729633804,1.484226923085714,19.15408445903519,0.4212595585654096,0.024099244621516126,4.343429493003475e-06,0.7296704665126732,,16,PRUNED
2699,21.473146772224634,6.290148844340628,2026-10-06 01:54:37.618027,2026-10-06 01:57:51.930373,0 days 00:03:14.312346,1.4644809848335274,0.2965654106455736,0.4120579376102117,18.386910920395536,0.2395452449940939,2.134972337886983,1.0379859873693402,19.15408445903519,0.08173395261699556,0.03038027549946027,0.00014447613183128302,1.323184094944831,194.31222479511052,16,COMPLETE
2700,,,2026-10-06 01:54:37.944008,2026-10-06 01:54:39.606206,0 days 00:00:01.662198,0.51115025563667,0.2284118304472575,0.5926143650576037,10.877854836518644,0.3049037081953532,94.61146042672904,1.080654620868664,86.57068482598544,0.3676044917349766,0.01713926611578816,,1.2974912099205862,,16,PRUNED
2701,36.08053268587145,11.746920932595124,2026-10-06 01:54:39.679005,2026-10-06 01:57:53.259564,0 days 00:03:13.580559,0.6775759777641851,0.2965654106455736,0.4120579376102117,18.386910920395536,0.2395452449940939,94.61146042672904,1.484226923085714,14.182822102930093,0.4212595585654096,0.03038027549946027,4.343429493003475e-06,0.7296704665126732,193.58044699579477,16,COMPLETE
2702,24.96275692498208,6.087750722096965,2026-10-06 01:54:43.741992,2026-10-06 01:57:53.860762,0 days 00:03:10.118770,1.4644809848335274,0.37725036366261994,0.4120579376102117,5.245413993140336,0.6087670929915812,10.880552215325194,0.7676342683241102,5.8774721288796,0.08173395261699556,0.03280586071940829,2.1038771230648366e-06,1.2974912099205862,190.11864902917296,16,COMPLETE
2703,,,2026-10-06 01:54:44.261284,2026-10-06 01:54:45.477042,0 days 00:00:01.215758,0.447684485641811,0.7186098618255685,0.807738690329122,21.183844928151355,0.33279388005294136,98.6416708615901,1.080654620868664,14.182822102930093,0.20228027253351216,0.024099244621516126,,1.1540267369865085,,16,PRUNED
2704,,,2026-10-06 01:54:44.387212,2026-10-06 01:54:45.030051,0 days 00:00:00.642839,0.51115025563667,0.2284118304472575,0.5667882730348237,11.991629079089469,0.33279388005294136,85.69762729633804,1.4690823188003486,23.475624031055144,0.08173395261699556,0.0064143437625302805,,0.739405563829868,,16,PRUNED
2705,43.98805738979077,4.363853815272953,2026-10-06 01:54:45.380166,2026-10-06 01:57:57.941137,0 days 00:03:12.560971,0.8010869639365119,0.19189790819770397,0.20358075665942357,13.359444199122356,0.2395452449940939,85.69762729633804,0.15391153517613315,5.299460499774038,0.08173395261699556,0.021966873773064614,0.00014447613183128302,1.3635581381619835,192.56086292862892,16,COMPLETE
2706,,,2026-10-06 01:54:45.383971,2026-10-06 01:54:47.296047,0 days 00:00:01.912076,0.9476506359660919,1.1002627685564383,0.4120579376102117,21.183844928151355,0.6087670929915812,85.69762729633804,1.391645143115787,5.8774721288796,0.08173395261699556,0.024099244621516126,,1.1540267369865085,,16,PRUNED
2707,27.94945376293544,17.237951081940338,2026-10-06 01:54:45.618159,2026-10-06 01:57:58.213285,0 days 00:03:12.595126,0.51115025563667,0.2284118304472575,0.807738690329122,18.489161893608337,0.2395452449940939,98.6416708615901,1.4690823188003486,5.8774721288796,0.08173395261699556,0.024099244621516126,2.1038771230648366e-06,1.2974912099205862,192.59502034448087,16,COMPLETE
2708,,,2026-10-06 01:54:47.336161,2026-10-06 01:55:25.083031,0 days 00:00:37.746870,0.51115025563667,0.2284118304472575,0.5667882730348237,11.991629079089469,0.5107984033930089,85.69762729633804,1.4690823188003486,23.475624031055144,0.3054149949472662,0.024099244621516126,4.343429493003475e-06,0.23886283196880004,,16,PRUNED
2709,40.745938213501695,6.771891556397305,2026-10-06 01:54:47.339962,2026-10-06 01:57:59.255833,0 days 00:03:11.915871,0.4919537458910443,0.9277185443706824,0.4120579376102117,8.556213008137046,0.2395452449940939,98.6416708615901,0.21292518523710352,19.15408445903519,0.3372985396418654,0.03038027549946027,0.00023428333292156852,1.1540267369865085,191.9157672394067,16,COMPLETE
2710,,,2026-10-06 01:54:47.347954,2026-10-06 01:54:47.853032,0 days 00:00:00.505078,0.51115025563667,0.42375197291337563,0.4120579376102117,10.877854836518644,0.33279388005294136,85.69762729633804,1.484226923085714,86.57068482598544,0.3676044917349766,0.03280586071940829,,1.1540267369865085,,16,PRUNED
2711,39.175827552256095,1.2610309461139386,2026-10-06 01:54:47.351951,2026-10-06 01:57:55.891591,0 days 00:03:08.539640,1.1362947958913423,0.19189790819770397,0.12615106220885586,8.556213008137046,0.2395452449940939,98.6416708615901,1.484226923085714,1.626890668406405,0.4212595585654096,0.03038027549946027,0.19687464445424666,0.2678812614884665,188.53954357746989,16,COMPLETE
2712,39.190716210837735,9.93782808133012,2026-10-06 01:54:47.355946,2026-10-06 01:58:02.145403,0 days 00:03:14.789457,0.2994157425323484,0.8717951055729352,0.5667882730348237,5.245413993140336,0.6087670929915812,94.61146042672904,0.6419517764288287,41.66154811682372,0.007925456797868324,0.03038027549946027,2.1038771230648366e-06,1.2974912099205862,194.78935202397406,16,COMPLETE
2713,34.79967471253374,5.8853381756673775,2026-10-06 01:54:48.164224,2026-10-06 01:57:58.656646,0 days 00:03:10.492422,1.4644809848335274,0.5603388488487746,0.5667882730348237,21.183844928151355,0.2395452449940939,85.69762729633804,1.484226923085714,5.8774721288796,0.08173395261699556,0.03280586071940829,0.0007989853150806779,1.2974912099205862,190.4923109486699,16,COMPLETE
2714,33.57515143505183,15.49275476972144,2026-10-06 01:54:48.900996,2026-10-06 01:57:58.089898,0 days 00:03:09.188902,1.4644809848335274,0.2284118304472575,0.5667882730348237,18.386910920395536,0.2395452449940939,85.69762729633804,1.484226923085714,19.15408445903519,0.08173395261699556,0.03038027549946027,4.343429493003475e-06,1.323184094944831,189.18868234287947,16,COMPLETE
2715,35.509154693168774,8.279820293191017,2026-10-06 01:54:49.630985,2026-10-06 01:58:04.368800,0 days 00:03:14.737815,0.2994157425323484,0.2284118304472575,0.4120579376102117,18.489161893608337,0.2395452449940939,85.69762729633804,1.4690823188003486,5.8774721288796,0.08173395261699556,0.03280586071940829,2.1038771230648366e-06,1.2267307691914986,194.73769586440176,16,COMPLETE
2716,,,2026-10-06 01:54:50.293994,2026-10-06 01:54:50.682056,0 days 00:00:00.388062,0.51115025563667,0.2965654106455736,0.5667882730348237,8.556213008137046,0.2395452449940939,85.69762729633804,0.7297455375332902,6.2296041386818795,1.4149864930110596,0.03280586071940829,,1.2974912099205862,,16,PRUNED
2717,55.57742392070308,1.3234177321564078,2026-10-06 01:54:51.240001,2026-10-06 01:57:58.738198,0 days 00:03:07.498197,0.8010869639365119,0.19189790819770397,0.12615106220885586,8.556213008137046,0.2395452449940939,98.6416708615901,1.2898828018697517,1.4056083189495427,0.08173395261699556,0.021966873773064614,0.0003750271870227611,0.2678812614884665,187.49808347877115,17,COMPLETE
2718,45.66543123234929,3.3954929506868323,2026-10-06 01:54:51.788010,2026-10-06 01:58:03.322901,0 days 00:03:11.534891,0.51115025563667,0.19189790819770397,0.20358075665942357,10.877854836518644,0.506401025718823,98.6416708615901,1.484226923085714,41.66154811682372,0.2975664073833317,0.03280586071940829,4.343429493003475e-06,1.1540267369865085,191.53478618897498,17,COMPLETE
2719,0.10027103455720869,1.2308205493722677,2026-10-06 01:54:51.792132,2026-10-06 01:58:00.624337,0 days 00:03:08.832205,0.4919537458910443,0.2965654106455736,0.022139961217382535,18.489161893608337,0.2395452449940939,98.6416708615901,0.6340132877118871,41.66154811682372,0.4212595585654096,0.03038027549946027,4.343429493003475e-06,0.18638909618587451,188.8320926707238,17,COMPLETE
2720,37.845643375843395,10.131649510249542,2026-10-06 01:54:51.795956,2026-10-06 01:57:59.271073,0 days 00:03:07.475117,0.4919537458910443,0.2965654106455736,0.4120579376102117,10.877854836518644,0.2395452449940939,98.6416708615901,1.484226923085714,19.15408445903519,0.08173395261699556,0.03038027549946027,2.1038771230648366e-06,1.0902892978770886,187.47502458747476,17,COMPLETE
2721,,,2026-10-06 01:55:19.252999,2026-10-06 01:55:58.719508,0 days 00:00:39.466509,0.4919537458910443,0.2965654106455736,0.4120579376102117,10.877854836518644,0.6087670929915812,98.6416708615901,1.484226923085714,19.15408445903519,0.4212595585654096,0.03038027549946027,2.1038771230648366e-06,1.1540267369865085,,17,PRUNED
2722,30.294156011626875,5.780133907258347,2026-10-06 01:55:20.879004,2026-10-06 01:58:37.592688,0 days 00:03:16.713684,0.2994157425323484,0.2965654106455736,0.6290480665412675,5.245413993140336,0.33279388005294136,98.6416708615901,1.4690823188003486,5.8774721288796,0.08173395261699556,0.02457815068738394,0.00014447613183128302,1.2267307691914986,196.71357312705368,17,COMPLETE
2723,,,2026-10-06 01:55:21.609000,2026-10-06 01:55:22.043295,0 days 00:00:00.434295,0.51115025563667,0.8717951055729352,0.5667882730348237,21.183844928151355,0.6087670929915812,85.69762729633804,1.4690823188003486,4.533707820989116,0.007925456797868324,0.005293614426677587,,1.2974912099205862,,17,PRUNED
2724,39.19614539186871,6.4718831021347265,2026-10-06 01:55:22.188010,2026-10-06 01:58:35.237052,0 days 00:03:13.049042,0.4919537458910443,0.2965654106455736,0.5667882730348237,10.877854836518644,0.2395452449940939,85.69762729633804,1.484226923085714,2.242999725827817,0.4212595585654096,0.03280586071940829,2.1038771230648366e-06,1.3389903759180033,193.04894000664353,17,COMPLETE
2725,,,2026-10-06 01:55:22.309075,2026-10-06 01:55:22.777069,0 days 00:00:00.467994,0.51115025563667,0.8717951055729352,0.5667882730348237,18.489161893608337,0.33279388005294136,98.6416708615901,1.4690823188003486,41.66154811682372,0.007925456797868324,0.011749032430177728,,0.04756600275047118,,17,PRUNED
2726,46.53655843082767,2.9072948114473647,2026-10-06 01:55:22.988994,2026-10-06 01:58:36.037853,0 days 00:03:13.048859,0.51115025563667,0.2284118304472575,0.20358075665942357,10.877854836518644,0.33279388005294136,85.69762729633804,1.080654620868664,5.8774721288796,0.2975664073833317,0.03038027549946027,4.343429493003475e-06,1.1540267369865085,193.04874342028052,17,COMPLETE
2727,44.82083333812973,5.344686454584895,2026-10-06 01:55:22.992971,2026-10-06 01:58:36.132921,0 days 00:03:13.139950,0.4919537458910443,0.2965654106455736,0.4120579376102117,10.877854836518644,0.33279388005294136,98.6416708615901,1.484226923085714,2.75239634617587,0.28988344429582863,0.03280586071940829,4.343429493003475e-06,1.1540267369865085,193.13984947744757,17,COMPLETE
2728,46.0137895479845,4.896499785421254,2026-10-06 01:55:23.229289,2026-10-06 01:58:37.252784,0 days 00:03:14.023495,0.2994157425323484,0.92335463271891,0.4120579376102117,5.245413993140336,0.6087670929915812,94.61146042672904,0.6419517764288287,5.8774721288796,0.08173395261699556,0.03280586071940829,2.1038771230648366e-06,0.9131145184158906,194.02339765336365,17,COMPLETE
2729,25.206930013264774,25.947701827906318,2026-10-06 01:55:23.557988,2026-10-06 01:58:37.963321,0 days 00:03:14.405333,0.51115025563667,0.2284118304472575,0.807738690329122,18.489161893608337,0.33279388005294136,98.6416708615901,0.7087151047775566,14.182822102930093,0.3054149949472662,0.024099244621516126,4.343429493003475e-06,0.23886283196880004,194.40521783009171,17,COMPLETE
2730,48.758422637285854,1.6973625014895826,2026-10-06 01:55:23.710990,2026-10-06 01:58:33.798408,0 days 00:03:10.087418,0.9158653711831447,0.7186098618255685,0.12615106220885586,18.489161893608337,0.2395452449940939,98.6416708615901,1.3303656343791816,5.8774721288796,0.026937100580568585,0.024099244621516126,2.1038771230648366e-06,0.7296704665126732,190.0872842334211,17,COMPLETE
2731,33.975355917477565,15.00014649306314,2026-10-06 01:55:24.930001,2026-10-06 01:58:37.527343,0 days 00:03:12.597342,0.51115025563667,0.2965654106455736,0.4120579376102117,18.489161893608337,0.33279388005294136,98.6416708615901,1.4690823188003486,14.182822102930093,0.2975664073833317,0.024099244621516126,0.00014447613183128302,0.7296704665126732,192.59723454900086,17,COMPLETE
2732,43.591766310195254,1.378955495131124,2026-10-06 01:55:25.151994,2026-10-06 01:58:39.649606,0 days 00:03:14.497612,0.2994157425323484,0.2965654106455736,0.4120579376102117,5.245413993140336,0.506401025718823,85.69762729633804,0.1432927909628255,5.8774721288796,0.007925456797868324,0.0957440468385377,2.1038771230648366e-06,1.2974912099205862,194.4975072685629,17,COMPLETE
2733,46.88644898100801,1.809460035729023,2026-10-06 01:55:25.325341,2026-10-06 01:58:37.409388,0 days 00:03:12.084047,0.5496522836378268,0.6074286497927346,0.12615106220885586,8.556213008137046,0.2395452449940939,85.69762729633804,1.2898828018697517,19.15408445903519,0.08173395261699556,0.03038027549946027,0.00014447613183128302,0.2678812614884665,192.08393602073193,17,COMPLETE
2734,42.851185642194125,7.66838692363636,2026-10-06 01:55:26.023156,2026-10-06 01:58:40.625969,0 days 00:03:14.602813,1.4644809848335274,0.8717951055729352,0.4120579376102117,8.556213008137046,0.506401025718823,86.6015482918717,0.7297455375332902,24.7033276028984,0.06802941049346445,0.03038027549946027,4.343429493003475e-06,1.1540267369865085,194.60271067731082,17,COMPLETE
2735,40.295609577760544,9.835712683832085,2026-10-06 01:55:26.026967,2026-10-06 01:58:35.854220,0 days 00:03:09.827253,0.9158653711831447,0.7186098618255685,0.4120579376102117,11.991629079089469,0.6087670929915812,85.69762729633804,1.080654620868664,41.66154811682372,0.08173395261699556,0.03038027549946027,4.343429493003475e-06,1.1540267369865085,189.8271530745551,17,COMPLETE
2736,40.71809321088868,8.072198030373874,2026-10-06 01:55:26.133998,2026-10-06 01:58:36.317834,0 days 00:03:10.183836,0.51115025563667,0.2284118304472575,0.4120579376102117,5.245413993140336,0.33279388005294136,94.61146042672904,1.180096250393855,5.8774721288796,0.007925456797868324,0.03038027549946027,2.1038771230648366e-06,0.23886283196880004,190.18372413422912,17,COMPLETE
2737,55.546837495375236,1.3618051539707445,2026-10-06 01:55:27.539994,2026-10-06 01:58:39.861607,0 days 00:03:12.321613,0.8010869639365119,0.2965654106455736,0.12615106220885586,5.245413993140336,0.33279388005294136,94.61146042672904,0.6419517764288287,5.8774721288796,0.08173395261699556,0.03038027549946027,2.1038771230648366e-06,1.1540267369865085,192.32149609643966,17,COMPLETE
2738,25.013790872418973,4.872738598638583,2026-10-06 01:55:28.006154,2026-10-06 01:58:40.479172,0 days 00:03:12.473018,0.51115025563667,0.2965654106455736,0.807738690329122,21.183844928151355,0.05714116461716917,98.6416708615901,1.4690823188003486,1.1325673856558065,0.08173395261699556,0.024099244621516126,0.00023455457478105328,1.0182969682515919,192.47291140351444,17,COMPLETE
2739,44.46755091663714,3.3315414841846644,2026-10-06 01:55:28.022978,2026-10-06 01:58:39.327843,0 days 00:03:11.304865,0.51115025563667,0.19189790819770397,0.20358075665942357,11.991629079089469,0.2395452449940939,98.6416708615901,1.4690823188003486,23.475624031055144,0.2975664073833317,0.03038027549946027,4.343429493003475e-06,1.1540267369865085,191.30476453807205,17,COMPLETE
2740,30.472760766714696,15.548091597067437,2026-10-06 01:55:58.520020,2026-10-06 01:59:13.352230,0 days 00:03:14.832210,0.51115025563667,0.2284118304472575,0.807738690329122,5.245413993140336,0.31653687884259535,98.6416708615901,1.180096250393855,14.182822102930093,0.4212595585654096,0.03028084389712506,4.343429493003475e-06,0.23886283196880004,194.8321052864194,17,COMPLETE
2741,,,2026-10-06 01:55:58.842009,2026-10-06 01:56:00.064655,0 days 00:00:01.222646,1.4644809848335274,0.8717951055729352,0.807738690329122,18.489161893608337,0.2395452449940939,1.3789522250702388,1.180096250393855,5.8774721288796,0.9715902798067483,0.03280586071940829,,0.23886283196880004,,17,PRUNED
2742,42.889962225999874,7.327150561912382,2026-10-06 01:56:00.231992,2026-10-06 01:59:09.813487,0 days 00:03:09.581495,0.4919537458910443,0.2965654106455736,0.4120579376102117,8.556213008137046,0.2395452449940939,94.61146042672904,0.6419517764288287,5.8774721288796,0.4569515635345158,0.03280586071940829,4.343429493003475e-06,1.1540267369865085,189.58138565067202,17,COMPLETE
2743,,,2026-10-06 01:56:01.634410,2026-10-06 01:56:02.357716,0 days 00:00:00.723306,0.2994157425323484,0.2284118304472575,0.4120579376102117,10.877854836518644,0.8835920325197191,85.69762729633804,0.6419517764288287,86.57068482598544,0.3676044917349766,0.03038027549946027,,1.3394386238043683,,17,PRUNED
2744,38.283752057053,3.041362333443832,2026-10-06 01:56:01.637964,2026-10-06 01:59:12.512841,0 days 00:03:10.874877,0.51115025563667,0.8717951055729352,0.5667882730348237,21.183844928151355,0.506401025718823,85.69762729633804,1.080654620868664,23.475624031055144,0.08173395261699556,0.08421965113348752,4.343429493003475e-06,1.2974912099205862,190.8747627986595,17,COMPLETE
2745,,,2026-10-06 01:56:02.407153,2026-10-06 01:56:42.316242,0 days 00:00:39.909089,0.4919537458910443,0.2284118304472575,0.1355595496908734,11.991629079089469,0.33279388005294136,85.69762729633804,1.080654620868664,83.65916820851162,0.3676044917349766,0.03280586071940829,4.343429493003475e-06,0.7296704665126732,,17,PRUNED
2746,,,2026-10-06 01:56:02.410962,2026-10-06 01:56:02.983077,0 days 00:00:00.572115,0.51115025563667,0.2965654106455736,0.4120579376102117,18.489161893608337,0.2395452449940939,98.6416708615901,1.4690823188003486,5.8774721288796,0.08173395261699556,0.0064143437625302805,,0.739405563829868,,17,PRUNED
2747,37.71836857748325,3.2401756750732638,2026-10-06 01:56:02.556987,2026-10-06 01:59:11.265764,0 days 00:03:08.708777,0.447684485641811,0.19189790819770397,0.20358075665942357,47.43228668589225,0.2395452449940939,98.6416708615901,1.484226923085714,5.8774721288796,0.2975664073833317,0.03038027549946027,2.1038771230648366e-06,1.1540267369865085,188.70865407027304,17,COMPLETE
2748,33.00738525759674,9.808259749661227,2026-10-06 01:56:03.484164,2026-10-06 01:59:18.048571,0 days 00:03:14.564407,0.2994157425323484,0.2284118304472575,0.5667882730348237,21.183844928151355,0.6087670929915812,98.6416708615901,1.080654620868664,5.8774721288796,0.007925456797868324,0.03280586071940829,0.00021432300877068412,1.0987838912138725,194.56430588662624,17,COMPLETE
2749,43.76094256320499,2.6962742017162444,2026-10-06 01:56:03.487967,2026-10-06 01:59:17.570000,0 days 00:03:14.082033,0.51115025563667,0.2284118304472575,0.17215046081419655,21.183844928151355,0.6087670929915812,85.69762729633804,1.080654620868664,5.8774721288796,0.007925456797868324,0.03038027549946027,4.343429493003475e-06,1.2267307691914986,194.08193061314523,17,COMPLETE
2750,0.08532375726415067,1.2042495292962538,2026-10-06 01:56:03.958999,2026-10-06 01:59:17.884536,0 days 00:03:13.925537,0.9158653711831447,0.7186098618255685,0.021831039909441605,5.245413993140336,0.2395452449940939,85.69762729633804,1.080654620868664,1.12954470544491,0.007925456797868324,0.03038027549946027,0.00023428333292156852,0.2678812614884665,193.92543012928218,17,COMPLETE
2751,40.36849256242097,8.709297894170046,2026-10-06 01:56:04.673983,2026-10-06 01:59:19.938129,0 days 00:03:15.264146,0.51115025563667,0.8717951055729352,0.4120579376102117,8.556213008137046,0.2395452449940939,85.69762729633804,0.7297455375332902,41.66154811682372,0.007925456797868324,0.03280586071940829,4.343429493003475e-06,1.2974912099205862,195.264041505754,17,COMPLETE
2752,47.882622022298335,2.2917228971270163,2026-10-06 01:56:05.807994,2026-10-06 01:59:17.071112,0 days 00:03:11.263118,0.11425946557700195,0.19189790819770397,0.20358075665942357,10.877854836518644,0.506401025718823,98.6416708615901,1.484226923085714,5.8774721288796,0.2975664073833317,0.03280586071940829,4.343429493003475e-06,1.1540267369865085,191.26300138700753,17,COMPLETE
2753,,,2026-10-06 01:56:05.854981,2026-10-06 01:56:06.263779,0 days 00:00:00.408798,0.2994157425323484,0.4425907431416187,0.15904058169967977,11.991629079089469,0.6087670929915812,94.61146042672904,1.4690823188003486,23.475624031055144,0.08173395261699556,0.0014732949878804402,,1.1540267369865085,,17,PRUNED
2754,19.25760218610056,1.888886046434751,2026-10-06 01:56:06.460000,2026-10-06 01:59:20.243676,0 days 00:03:13.783676,0.8010869639365119,0.7752285206284105,0.12615106220885586,8.556213008137046,0.2395452449940939,1.4388523341399708,1.3303656343791816,5.8774721288796,0.026937100580568585,0.021966873773064614,2.1038771230648366e-06,1.1540267369865085,193.783569695428,17,COMPLETE
2755,,,2026-10-06 01:56:06.972011,2026-10-06 01:56:44.349037,0 days 00:00:37.377026,1.0137028199834126,0.8717951055729352,0.14535616224227094,5.245413993140336,0.6087670929915812,85.69762729633804,0.6419517764288287,5.8774721288796,0.748994727868368,0.03038027549946027,2.1038771230648366e-06,1.2974912099205862,,17,PRUNED
2756,24.457925564684196,1.468506439539639,2026-10-06 01:56:19.356011,2026-10-06 01:59:14.871842,0 days 00:02:55.515831,0.5156983599544654,0.9220380770796947,0.20358075665942357,44.3090371140927,0.33279388005294136,26.973472692599714,1.484226923085714,19.15408445903519,0.08173395261699556,0.05184264123762648,0.07339047651498713,1.1540267369865085,175.51572323869914,17,COMPLETE
2757,36.396443285918664,9.424973594101628,2026-10-06 01:56:39.449995,2026-10-06 01:59:53.934333,0 days 00:03:14.484338,0.4919537458910443,0.8717951055729352,0.4120579376102117,21.183844928151355,0.2395452449940939,85.69762729633804,0.6419517764288287,19.15408445903519,0.4212595585654096,0.03038027549946027,0.0031098473986685532,1.1540267369865085,194.48422531411052,17,COMPLETE
