number,values_0,values_1,datetime_start,datetime_complete,duration,params_between_rest_spread,params_c_spread,params_c_val,params_input_force,params_k_between_spread,params_k_between_val,params_k_wall_spread,params_k_wall_val,params_m_spread,params_m_val,params_ridge_alpha,params_wall_rest_spread,user_attrs_duration_sec,system_attrs_NSGAIISampler:generation,state
5254,,,2026-10-06 03:31:43.232152,2026-10-06 03:31:44.001069,0 days 00:00:00.768917,0.51115025563667,0.8715336252138003,0.807738690329122,21.183844928151355,0.3519093950798047,98.6416708615901,0.6419517764288287,5.8774721288796,0.3054149949472662,0.03038027549946027,,1.2974912099205862,,33,PRUNED
5255,43.5105391282509,6.651931772574577,2026-10-06 03:31:43.268108,2026-10-06 03:34:55.403999,0 days 00:03:12.135891,0.8010869639365119,0.7186098618255685,0.4120579376102117,11.991629079089469,0.5557547632162355,98.6416708615901,1.484226923085714,5.8774721288796,0.007925456797868324,0.03038027549946027,4.343429493003475e-06,0.06813310163640623,192.13577794283628,33,COMPLETE
5256,50.58920878344791,2.6857311059199334,2026-10-06 03:31:44.234628,2026-10-06 03:34:54.463441,0 days 00:03:10.228813,0.8010869639365119,0.7186098618255685,0.20358075665942357,5.245413993140336,0.33279388005294136,85.69762729633804,1.484226923085714,14.182822102930093,0.4212595585654096,0.03038027549946027,4.343429493003475e-06,0.7699502779177346,190.22868502233177,33,COMPLETE
5257,,,2026-10-06 03:31:44.473519,2026-10-06 03:31:45.060025,0 days 00:00:00.586506,1.1546551456676255,0.2965654106455736,0.5483465506743098,11.991629079089469,0.33279388005294136,94.61146042672904,1.484226923085714,5.8774721288796,1.4060376006868471,0.03038027549946027,,1.1540267369865085,,33,PRUNED
5258,33.84216403287853,4.46350751124531,2026-10-06 03:31:45.030171,2026-10-06 03:34:54.284230,0 days 00:03:09.254059,0.8010869639365119,0.7186098618255685,0.2345370319995722,5.245413993140336,0.33279388005294136,11.249822200290376,1.484226923085714,19.15408445903519,0.21575926930563577,0.03038027549946027,4.343429493003475e-06,1.1540267369865085,189.2539409380406,33,COMPLETE
5259,51.05849763189083,2.748708499588844,2026-10-06 03:31:45.033959,2026-10-06 03:34:57.666864,0 days 00:03:12.632905,0.8010869639365119,0.7186098618255685,0.2345370319995722,5.245413993140336,0.33279388005294136,94.61146042672904,0.6419517764288287,7.242018006177657,0.08173395261699556,0.03038027549946027,4.343429493003475e-06,1.1540267369865085,192.63277429156005,33,COMPLETE
5260,25.809860792150783,26.62112792669938,2026-10-06 03:31:46.142140,2026-10-06 03:34:53.507763,0 days 00:03:07.365623,0.51115025563667,0.07861675458476158,0.807738690329122,21.183844928151355,0.3519093950798047,94.61146042672904,0.396687138771568,45.6508402201298,0.3054149949472662,0.03038027549946027,4.343429493003475e-06,1.2974912099205862,187.36550317611545,33,COMPLETE
5261,,,2026-10-06 03:31:46.145955,2026-10-06 03:31:47.087081,0 days 00:00:00.941126,0.7941453801831695,0.19189790819770397,0.12615106220885586,7.244472656270025,0.2395452449940939,1.289522689779416,0.7638461919908635,41.66154811682372,1.29033831165715,0.03038027549946027,,1.2974912099205862,,33,PRUNED
5262,29.280406060798363,19.678144789955336,2026-10-06 03:31:46.838746,2026-10-06 03:34:57.439836,0 days 00:03:10.601090,0.51115025563667,0.19189790819770397,0.5926143650576037,7.244472656270025,0.2395452449940939,98.6416708615901,0.7638461919908635,41.66154811682372,0.08173395261699556,0.03280586071940829,4.343429493003475e-06,0.23886283196880004,190.6009706137702,33,COMPLETE
5263,52.714479169789755,1.5066937070447919,2026-10-06 03:31:47.408000,2026-10-06 03:35:00.703165,0 days 00:03:13.295165,0.8010869639365119,0.7186098618255685,0.12615106220885586,10.877854836518644,0.33279388005294136,98.6416708615901,1.484226923085714,5.8774721288796,0.28988344429582863,0.03038027549946027,4.343429493003475e-06,0.38142915116575143,193.29505120962858,33,COMPLETE
5264,34.02201653299553,1.2904724436356916,2026-10-06 03:32:17.275988,2026-10-06 03:35:29.654882,0 days 00:03:12.378894,0.8010869639365119,0.7186098618255685,0.2345370319995722,5.245413993140336,0.33279388005294136,98.6416708615901,1.484226923085714,5.8774721288796,0.28988344429582863,0.03038027549946027,0.8710405841831045,1.2974912099205862,192.37875796295702,33,COMPLETE
5265,15.09727495908625,4.020928043744576,2026-10-06 03:32:18.370161,2026-10-06 03:35:28.311232,0 days 00:03:09.941071,0.9158653711831447,0.3710922296723819,0.4120579376102117,11.991629079089469,0.5557547632162355,1.356788967003467,0.2951838235399127,5.8774721288796,0.2975664073833317,0.03280586071940829,4.343429493003475e-06,1.1540267369865085,189.9409331837669,33,COMPLETE
5266,27.26385862378392,26.32771940507637,2026-10-06 03:32:19.985210,2026-10-06 03:35:28.394923,0 days 00:03:08.409713,0.51115025563667,0.2284118304472575,0.807738690329122,21.183844928151355,0.33279388005294136,94.61146042672904,0.7638461919908635,41.66154811682372,0.3054149949472662,0.03038027549946027,4.343429493003475e-06,1.2974912099205862,188.40959869418293,33,COMPLETE
5267,,,2026-10-06 03:32:20.757999,2026-10-06 03:33:03.794056,0 days 00:00:43.036057,0.6775759777641851,0.19189790819770397,0.778294044131552,21.183844928151355,0.33279388005294136,98.6416708615901,0.6419517764288287,45.6508402201298,0.3054149949472662,0.024099244621516126,4.343429493003475e-06,0.23886283196880004,,34,PRUNED
5268,53.82629283439186,1.2925856388559172,2026-10-06 03:32:20.998151,2026-10-06 03:35:32.346551,0 days 00:03:11.348400,0.8010869639365119,0.8715336252138003,0.11104407437243265,5.245413993140336,0.6087670929915812,98.6416708615901,0.6419517764288287,5.8774721288796,0.08173395261699556,0.03038027549946027,2.1038771230648366e-06,1.1540267369865085,191.3482709173113,34,COMPLETE
5269,,,2026-10-06 03:32:21.001953,2026-10-06 03:32:21.793041,0 days 00:00:00.791088,0.8010869639365119,0.7186098618255685,0.2345370319995722,11.991629079089469,0.33279388005294136,85.69762729633804,1.484226923085714,35.86671955459044,0.4212595585654096,0.03038027549946027,,1.1540267369865085,,34,PRUNED
5270,38.92747703486607,11.425420795447275,2026-10-06 03:32:22.006156,2026-10-06 03:35:36.506619,0 days 00:03:14.500463,0.7112273181968373,0.8717951055729352,0.5667882730348237,10.877854836518644,0.33279388005294136,98.6416708615901,0.17061492808975387,19.15408445903519,0.3676044917349766,0.03280586071940829,4.343429493003475e-06,1.2974912099205862,194.50034369248897,34,COMPLETE
5271,26.693767764330545,25.93676300339085,2026-10-06 03:32:23.056980,2026-10-06 03:35:37.564799,0 days 00:03:14.507819,0.9158653711831447,0.19189790819770397,0.778294044131552,12.973529327940128,0.33279388005294136,94.61146042672904,0.6419517764288287,45.6508402201298,0.3054149949472662,0.03038027549946027,4.343429493003475e-06,0.1281305020275954,194.50769017077982,34,COMPLETE
5272,33.24284999161343,16.82866205268061,2026-10-06 03:32:24.156001,2026-10-06 03:35:35.959961,0 days 00:03:11.803960,0.51115025563667,0.07861675458476158,0.5667882730348237,21.183844928151355,0.33279388005294136,98.6416708615901,1.484226923085714,19.15408445903519,0.3676044917349766,0.03038027549946027,4.343429493003475e-06,1.2974912099205862,191.80383317545056,34,COMPLETE
5273,37.175350802409824,13.863831491171801,2026-10-06 03:32:24.283985,2026-10-06 03:35:33.983544,0 days 00:03:09.699559,0.8010869639365119,0.42215936673683396,0.5667882730348237,10.877854836518644,0.33279388005294136,98.6416708615901,1.484226923085714,19.15408445903519,0.3147662768626407,0.03038027549946027,4.343429493003475e-06,1.2974912099205862,189.69943031389266,34,COMPLETE
5274,49.09298006083277,4.546809406933051,2026-10-06 03:32:49.146159,2026-10-06 03:35:58.249148,0 days 00:03:09.102989,0.9158653711831447,0.8598037443596492,0.4120579376102117,5.245413993140336,0.6087670929915812,98.6416708615901,0.6419517764288287,5.8774721288796,0.08173395261699556,0.03038027549946027,2.1038771230648366e-06,1.1540267369865085,189.10285789426416,34,COMPLETE
5275,36.93365139444281,12.039532044928864,2026-10-06 03:32:52.058036,2026-10-06 03:36:04.768673,0 days 00:03:12.710637,1.1546551456676255,0.07861675458476158,0.5667882730348237,21.183844928151355,0.33279388005294136,98.6416708615901,0.396687138771568,5.8774721288796,0.3054149949472662,0.03038027549946027,4.343429493003475e-06,1.2974912099205862,192.7105054007843,34,COMPLETE
5276,40.68026638627559,10.864878917518292,2026-10-06 03:32:53.298026,2026-10-06 03:36:02.491855,0 days 00:03:09.193829,0.32522926579248107,0.8717951055729352,0.5667882730348237,10.877854836518644,0.33279388005294136,98.6416708615901,1.484226923085714,19.15408445903519,0.3676044917349766,0.03038027549946027,4.343429493003475e-06,1.2974912099205862,189.19369844999164,34,COMPLETE
5277,40.07252093591345,8.560969927316322,2026-10-06 03:32:54.458135,2026-10-06 03:36:02.769101,0 days 00:03:08.310966,0.7112273181968373,0.2965654106455736,0.5667882730348237,8.556213008137046,0.2395452449940939,98.6416708615901,1.484226923085714,5.8774721288796,0.4212595585654096,0.03280586071940829,4.343429493003475e-06,1.1540267369865085,188.31083363760263,34,COMPLETE
5278,16.659527189503475,9.04078238480943,2026-10-06 03:32:55.464001,2026-10-06 03:36:07.648994,0 days 00:03:12.184993,0.012134291635669536,0.19189790819770397,0.778294044131552,21.183844928151355,0.33279388005294136,1.7035678083527857,0.6419517764288287,19.15408445903519,0.3054149949472662,0.03038027549946027,2.1038771230648366e-06,1.1540267369865085,192.18486490566283,34,COMPLETE
5279,34.84341463281709,15.17655398081191,2026-10-06 03:32:56.125502,2026-10-06 03:36:10.321876,0 days 00:03:14.196374,0.6775759777641851,0.2284118304472575,0.5667882730348237,11.991629079089469,0.33279388005294136,98.6416708615901,1.4690823188003486,23.475624031055144,0.007925456797868324,0.03038027549946027,4.343429493003475e-06,1.1570642934500739,194.19612693041563,34,COMPLETE
5280,56.13112457592458,1.3401869438943503,2026-10-06 03:32:56.181235,2026-10-06 03:36:13.459480,0 days 00:03:17.278245,0.8010869639365119,0.7186098618255685,0.1553339068211247,5.245413993140336,0.33279388005294136,94.61146042672904,1.2898828018697517,5.8774721288796,0.28988344429582863,0.03038027549946027,4.343429493003475e-06,1.1540267369865085,197.27811425644904,34,COMPLETE
5281,39.77077335260638,10.271191053155862,2026-10-06 03:32:57.888281,2026-10-06 03:36:09.379865,0 days 00:03:11.491584,0.51115025563667,0.21606902729252941,0.4120579376102117,5.245413993140336,0.6087670929915812,98.6416708615901,1.080654620868664,19.15408445903519,0.007925456797868324,0.03038027549946027,2.1038771230648366e-06,0.7699502779177346,191.49145338032395,34,COMPLETE
5282,36.61421891805898,13.947806676315697,2026-10-06 03:32:57.933699,2026-10-06 03:36:09.974975,0 days 00:03:12.041276,0.6775759777641851,0.7186098618255685,0.5667882730348237,11.991629079089469,0.33279388005294136,98.6416708615901,1.4690823188003486,23.475624031055144,0.3054149949472662,0.03038027549946027,4.343429493003475e-06,0.7699502779177346,192.04114891588688,34,COMPLETE
5283,49.15423606356772,3.054564580866966,2026-10-06 03:33:00.298163,2026-10-06 03:36:15.041803,0 days 00:03:14.743640,0.0832323033296612,0.8715336252138003,0.2345370319995722,5.245413993140336,0.13149721085712268,94.61146042672904,1.484226923085714,19.15408445903519,0.08173395261699556,0.03280586071940829,2.1038771230648366e-06,1.2974912099205862,194.74352036230266,34,COMPLETE
5284,16.093563025036786,9.788045018387518,2026-10-06 03:33:00.301963,2026-10-06 03:36:14.355075,0 days 00:03:14.053112,0.9158653711831447,0.7186098618255685,0.5667882730348237,43.21305384026566,0.6087670929915812,26.080248525359977,1.080654620868664,41.66154811682372,0.08173395261699556,0.03038027549946027,2.1038771230648366e-06,0.3087654291085318,194.05299992579967,34,COMPLETE
5285,,,2026-10-06 03:33:00.770000,2026-10-06 03:33:01.426046,0 days 00:00:00.656046,0.51115025563667,0.7186098618255685,0.4120579376102117,5.245413993140336,0.33279388005294136,98.6416708615901,0.6419517764288287,41.66154811682372,0.08173395261699556,0.002277571134591679,,0.7699502779177346,,34,PRUNED
5286,24.236723869684717,5.919523138306577,2026-10-06 03:33:01.280554,2026-10-06 03:36:10.514149,0 days 00:03:09.233595,0.51115025563667,0.2965654106455736,0.4120579376102117,43.19958724275345,0.33279388005294136,94.61146042672904,1.484226923085714,19.15408445903519,0.15450841561573675,0.024099244621516126,10.83916106775929,1.1540267369865085,189.2334637567401,34,COMPLETE
5287,16.097105660344127,3.6128869987841883,2026-10-06 03:33:01.482052,2026-10-06 03:36:11.243313,0 days 00:03:09.761261,0.9158653711831447,0.7186098618255685,0.4120579376102117,8.556213008137046,0.4330705405525328,2.6058338914111454,0.27690782945358494,5.8774721288796,0.08173395261699556,0.03280586071940829,2.1038771230648366e-06,0.7699502779177346,189.76112770941108,34,COMPLETE
5288,48.386667538351325,5.071745025945623,2026-10-06 03:33:01.621000,2026-10-06 03:36:14.590472,0 days 00:03:12.969472,0.9158653711831447,0.7186098618255685,0.4120579376102117,5.245413993140336,0.6087670929915812,94.61146042672904,0.6419517764288287,5.8774721288796,0.026937100580568585,0.03038027549946027,2.1038771230648366e-06,1.1540267369865085,192.96935091726482,34,COMPLETE
5289,,,2026-10-06 03:33:01.863178,2026-10-06 03:33:03.590059,0 days 00:00:01.726881,0.7123418565646167,0.2284118304472575,0.5926143650576037,12.214752017762354,0.21321218080808985,98.6416708615901,0.7638461919908635,41.66154811682372,1.0185482862748914,0.024099244621516126,,1.1540267369865085,,34,PRUNED
5290,34.126089604315794,14.66444554141551,2026-10-06 03:33:01.866958,2026-10-06 03:36:14.972857,0 days 00:03:13.105899,0.51115025563667,0.7186098618255685,0.4120579376102117,11.991629079089469,0.5647483811328002,85.69762729633804,0.6419517764288287,41.66154811682372,0.026937100580568585,0.024099244621516126,4.343429493003475e-06,0.7296704665126732,193.10577121656388,34,COMPLETE
5291,52.02382310941137,2.605841532025919,2026-10-06 03:33:01.870955,2026-10-06 03:36:11.783850,0 days 00:03:09.912895,0.7407180681038071,0.2965654106455736,0.2345370319995722,8.556213008137046,0.2395452449940939,94.61146042672904,1.484226923085714,5.8774721288796,0.3936576523393438,0.03038027549946027,4.343429493003475e-06,1.4651196769177315,189.91278138943017,34,COMPLETE
5292,,,2026-10-06 03:33:03.949165,2026-10-06 03:33:43.777036,0 days 00:00:39.827871,0.9158653711831447,0.19189790819770397,0.5926143650576037,10.877854836518644,0.33279388005294136,94.61146042672904,0.6419517764288287,1.5986610080754176,0.5975334690696983,0.03038027549946027,4.343429493003475e-06,0.1281305020275954,,34,PRUNED
5293,57.3497749696095,1.3281200568045177,2026-10-06 03:33:03.952964,2026-10-06 03:36:17.949426,0 days 00:03:13.996462,0.51115025563667,0.7186098618255685,0.12615106220885586,5.245413993140336,0.33279388005294136,94.61146042672904,1.484226923085714,1.1445112738702679,0.3054149949472662,0.024099244621516126,4.343429493003475e-06,1.2974912099205862,193.99634522665292,34,COMPLETE
5294,26.850186766535312,23.97779882062444,2026-10-06 03:33:03.956945,2026-10-06 03:36:15.901665,0 days 00:03:11.944720,0.51115025563667,0.07861675458476158,0.807738690329122,11.991629079089469,0.33279388005294136,94.61146042672904,0.396687138771568,35.86671955459044,0.4212595585654096,0.03038027549946027,4.343429493003475e-06,0.7699502779177346,191.94461425300688,34,COMPLETE
5295,33.79349163575513,11.619522269058141,2026-10-06 03:33:04.731999,2026-10-06 03:36:20.539082,0 days 00:03:15.807083,1.1546551456676255,0.2965654106455736,0.778294044131552,11.991629079089469,0.03153286371352454,94.61146042672904,1.484226923085714,5.8774721288796,0.4212595585654096,0.03038027549946027,2.1038771230648366e-06,1.1540267369865085,195.80694806575775,34,COMPLETE
5296,41.80048077687728,3.862851344066482,2026-10-06 03:33:34.029047,2026-10-06 03:36:43.489907,0 days 00:03:09.460860,0.6775759777641851,0.07861675458476158,0.5926143650576037,7.541469452510082,0.6087670929915812,94.61146042672904,1.4690823188003486,45.6508402201298,0.007925456797868324,0.08879556326875362,2.1038771230648366e-06,1.1570642934500739,189.46071815304458,34,COMPLETE
5297,55.30114134183452,1.2732610174215426,2026-10-06 03:33:34.556369,2026-10-06 03:36:45.593883,0 days 00:03:11.037514,0.7941453801831695,0.7186098618255685,0.12615106220885586,10.877854836518644,0.506401025718823,98.6416708615901,1.484226923085714,1.1445112738702679,0.026937100580568585,0.03038027549946027,2.1038771230648366e-06,1.1540267369865085,191.0373751455918,34,COMPLETE
5298,40.17636697633785,10.49998084758279,2026-10-06 03:33:34.643989,2026-10-06 03:36:49.700475,0 days 00:03:15.056486,0.5520386345005124,0.8717951055729352,0.5667882730348237,10.877854836518644,0.33279388005294136,98.6416708615901,1.2898828018697517,19.15408445903519,0.3676044917349766,0.03280586071940829,4.343429493003475e-06,1.1540267369865085,195.0563526339829,34,COMPLETE
5299,35.62354853855616,12.658274032158639,2026-10-06 03:33:35.726026,2026-10-06 03:36:55.147849,0 days 00:03:19.421823,0.9158653711831447,0.7186098618255685,0.4120579376102117,10.877854836518644,0.5561828259403023,98.6416708615901,0.2951838235399127,41.66154811682372,0.007925456797868324,0.024099244621516126,4.343429493003475e-06,0.7699502779177346,199.42169182933867,34,COMPLETE
5300,,,2026-10-06 03:33:36.069146,2026-10-06 03:34:14.145432,0 days 00:00:38.076286,0.8010869639365119,0.053508224293052686,0.31283532117804513,6.157866592275875,0.33279388005294136,98.6416708615901,0.7638461919908635,41.66154811682372,0.4212595585654096,0.024099244621516126,4.343429493003475e-06,1.1540267369865085,,34,PRUNED
5301,24.65837042196229,28.563604694646173,2026-10-06 03:33:38.042802,2026-10-06 03:36:51.341539,0 days 00:03:13.298737,0.51115025563667,0.2284118304472575,0.807738690329122,12.214752017762354,0.33279388005294136,98.6416708615901,0.7638461919908635,25.07111222989994,0.08173395261699556,0.024099244621516126,4.343429493003475e-06,0.23886283196880004,193.29862415138632,34,COMPLETE
5302,,,2026-10-06 03:33:38.082978,2026-10-06 03:33:38.503307,0 days 00:00:00.420329,0.9158653711831447,0.8717951055729352,0.18734059532625008,21.906442424488343,0.6087670929915812,98.6416708615901,0.6419517764288287,5.8774721288796,0.08173395261699556,0.005265865282204886,,1.2974912099205862,,34,PRUNED
5303,,,2026-10-06 03:33:38.129971,2026-10-06 03:33:39.638606,0 days 00:00:01.508635,0.8010869639365119,0.8715336252138003,0.4120579376102117,11.991629079089469,0.33279388005294136,98.6416708615901,1.2898828018697517,5.8774721288796,0.08173395261699556,0.007325505322190011,,0.7699502779177346,,34,PRUNED
5304,,,2026-10-06 03:33:38.578990,2026-10-06 03:33:40.022407,0 days 00:00:01.443417,0.8010869639365119,0.7186098618255685,0.5926143650576037,11.991629079089469,0.33279388005294136,98.6416708615901,0.6419517764288287,6.1146365862772845,0.08173395261699556,0.006160645298115366,,0.7699502779177346,,34,PRUNED
5305,53.621883451958844,2.1570899445991447,2026-10-06 03:33:38.607985,2026-10-06 03:36:54.755015,0 days 00:03:16.147030,0.9158653711831447,0.7186098618255685,0.2345370319995722,5.245413993140336,0.33279388005294136,94.61146042672904,0.6419517764288287,5.8774721288796,0.026937100580568585,0.03038027549946027,4.343429493003475e-06,1.1540267369865085,196.14690774586052,34,COMPLETE
5306,,,2026-10-06 03:33:40.201147,2026-10-06 03:33:40.846058,0 days 00:00:00.644911,0.9158653711831447,0.8715336252138003,0.807738690329122,44.687373454211595,0.6087670929915812,62.71484730664848,0.396687138771568,5.8774721288796,0.08173395261699556,0.03038027549946027,,0.7699502779177346,,34,PRUNED
5307,48.561389573014,2.2992040346443052,2026-10-06 03:33:40.240986,2026-10-06 03:36:56.648981,0 days 00:03:16.407995,0.9158653711831447,0.2284118304472575,0.17554070773749708,5.245413993140336,0.6087670929915812,98.6416708615901,0.7638461919908635,41.66154811682372,0.08173395261699556,0.03038027549946027,4.343429493003475e-06,1.1540267369865085,196.40786587260664,34,COMPLETE
5308,33.677635544587886,18.49511459599147,2026-10-06 03:33:40.713998,2026-10-06 03:36:52.031275,0 days 00:03:11.317277,0.7407180681038071,0.3710922296723819,0.5926143650576037,10.877854836518644,0.33279388005294136,98.6416708615901,0.7297455375332902,41.66154811682372,0.2975664073833317,0.03038027549946027,2.1038771230648366e-06,1.1540267369865085,191.31715377699584,34,COMPLETE
5309,32.66835295764011,16.066472930332495,2026-10-06 03:33:40.734143,2026-10-06 03:36:51.382057,0 days 00:03:10.647914,0.6775759777641851,0.7186098618255685,0.5926143650576037,10.877854836518644,0.33279388005294136,98.6416708615901,0.041213698751703776,35.86671955459044,0.2975664073833317,0.03280586071940829,4.343429493003475e-06,0.23886283196880004,190.6477975770831,34,COMPLETE
5310,,,2026-10-06 03:33:40.737953,2026-10-06 03:33:41.174030,0 days 00:00:00.436077,0.8010869639365119,0.8715336252138003,0.5673687007336011,8.556213008137046,0.2395452449940939,98.6416708615901,0.7297455375332902,35.86671955459044,0.2975664073833317,0.024099244621516126,,0.7699502779177346,,34,PRUNED
5311,,,2026-10-06 03:33:41.311161,2026-10-06 03:33:41.522990,0 days 00:00:00.211829,0.7941453801831695,1.447156147747185,0.5667882730348237,10.877854836518644,0.506401025718823,98.6416708615901,1.484226923085714,1.1445112738702679,0.026937100580568585,0.03038027549946027,,1.2974912099205862,,34,PRUNED
5312,,,2026-10-06 03:33:41.336974,2026-10-06 03:33:42.638703,0 days 00:00:01.301729,0.9158653711831447,0.7186098618255685,0.4120579376102117,5.245413993140336,0.6087670929915812,98.6416708615901,1.080654620868664,5.8774721288796,0.007925456797868324,0.010970619104301851,,1.1540267369865085,,34,PRUNED
5313,51.311337110504,3.3290450004949568,2026-10-06 03:33:41.344955,2026-10-06 03:36:52.190849,0 days 00:03:10.845894,0.9158653711831447,0.8715336252138003,0.2345370319995722,5.245413993140336,0.2395452449940939,98.6416708615901,1.484226923085714,5.60961396075229,0.08173395261699556,0.024099244621516126,2.1038771230648366e-06,0.23886283196880004,190.84577577468008,34,COMPLETE
