number,values_0,values_1,datetime_start,datetime_complete,duration,params_between_rest_spread,params_c_spread,params_c_val,params_input_force,params_k_between_spread,params_k_between_val,params_k_wall_spread,params_k_wall_val,params_m_spread,params_m_val,params_ridge_alpha,params_wall_rest_spread,user_attrs_duration_sec,system_attrs_NSGAIISampler:generation,state
4836,,,2026-10-06 03:16:19.230158,2026-10-06 03:18:13.583065,0 days 00:01:54.352907,0.51115025563667,0.2965654106455736,0.4120579376102117,5.245413993140336,0.6087670929915812,94.61146042672904,1.4690823188003486,35.86671955459044,0.08173395261699556,0.03038027549946027,4.343429493003475e-06,1.2974912099205862,,31,PRUNED
4837,37.654350116764746,11.620211245900105,2026-10-06 03:16:19.560146,2026-10-06 03:19:34.355193,0 days 00:03:14.795047,0.51115025563667,0.539467376438843,0.5926143650576037,5.245413993140336,0.33279388005294136,98.6416708615901,1.2898828018697517,13.16138779859196,0.4212595585654096,0.03280586071940829,4.343429493003475e-06,0.23886283196880004,194.79491589125246,31,COMPLETE
4838,,,2026-10-06 03:16:19.567966,2026-10-06 03:16:20.281052,0 days 00:00:00.713086,0.6519412499093628,0.21606902729252941,0.4120579376102117,5.245413993140336,0.33279388005294136,94.61146042672904,1.484226923085714,35.86671955459044,0.7274723741348457,0.024099244621516126,,1.1540267369865085,,31,PRUNED
4839,42.541898238905574,5.042083622450876,2026-10-06 03:16:20.297130,2026-10-06 03:19:27.521855,0 days 00:03:07.224725,0.8010869639365119,0.7186098618255685,0.2345370319995722,10.877854836518644,0.2710535769432444,98.6416708615901,1.4690823188003486,23.475624031055144,0.3054149949472662,0.03038027549946027,2.4004379923567916e-05,0.23886283196880004,187.22460051532835,31,COMPLETE
4840,,,2026-10-06 03:16:22.223153,2026-10-06 03:16:22.531050,0 days 00:00:00.307897,0.8010869639365119,0.2284118304472575,0.5667882730348237,5.245413993140336,0.33279388005294136,98.6416708615901,1.4690823188003486,35.86671955459044,0.2975664073833317,0.024099244621516126,,0.7699502779177346,,31,PRUNED
4841,27.500971746731636,21.202324344452695,2026-10-06 03:16:22.242963,2026-10-06 03:19:37.001363,0 days 00:03:14.758400,0.8010869639365119,0.2965654106455736,0.807738690329122,21.183844928151355,0.33279388005294136,98.6416708615901,0.39552867473326975,19.15408445903519,0.007925456797868324,0.03038027549946027,4.343429493003475e-06,1.2974912099205862,194.758277207613,31,COMPLETE
4842,26.881590895397284,25.810549956873793,2026-10-06 03:16:22.619001,2026-10-06 03:19:34.210385,0 days 00:03:11.591384,0.7123418565646167,0.07861675458476158,0.807738690329122,21.183844928151355,0.6087670929915812,94.61146042672904,0.7297455375332902,45.6508402201298,0.08173395261699556,0.03038027549946027,2.1038771230648366e-06,1.2974912099205862,191.59126101713628,31,COMPLETE
4843,41.12333076371015,8.671729843867649,2026-10-06 03:16:25.053005,2026-10-06 03:19:35.893418,0 days 00:03:10.840413,0.51115025563667,0.8715336252138003,0.4120579376102117,5.245413993140336,0.6087670929915812,98.6416708615901,0.6419517764288287,41.66154811682372,0.08173395261699556,0.03038027549946027,4.343429493003475e-06,0.7296704665126732,190.84028749540448,31,COMPLETE
4844,29.744840459927172,7.397914705772399,2026-10-06 03:16:30.257016,2026-10-06 03:20:01.334735,0 days 00:03:31.077719,0.8010869639365119,0.07861675458476158,0.807738690329122,21.183844928151355,0.40225015654148927,83.55120070409211,0.39552867473326975,1.8942750085528364,0.007925456797868324,0.03280586071940829,4.343429493003475e-06,1.1540267369865085,211.0775862466544,31,COMPLETE
4845,56.87564281024064,1.3046990880878384,2026-10-06 03:16:41.529013,2026-10-06 03:19:51.296870,0 days 00:03:09.767857,0.7941453801831695,0.7186098618255685,0.12615106220885586,10.877854836518644,0.506401025718823,94.61146042672904,1.484226923085714,1.1445112738702679,0.026937100580568585,0.03038027549946027,2.1038771230648366e-06,1.2974912099205862,189.767732151784,31,COMPLETE
4846,43.801685390755594,6.357587691621909,2026-10-06 03:16:44.160005,2026-10-06 03:20:11.402142,0 days 00:03:27.242137,0.7407180681038071,0.8717951055729352,0.5667882730348237,5.245413993140336,0.33279388005294136,98.6416708615901,1.3840400518247518,23.475624031055144,0.3676044917349766,0.037011197228830645,4.343429493003475e-06,1.423974117682985,207.24202225357294,31,COMPLETE
4847,,,2026-10-06 03:16:48.415002,2026-10-06 03:17:28.306755,0 days 00:00:39.891753,0.6775759777641851,0.8715336252138003,0.4120579376102117,10.877854836518644,0.6087670929915812,98.6416708615901,0.6419517764288287,23.475624031055144,0.2975664073833317,0.03038027549946027,2.1038771230648366e-06,0.801074915600186,,31,PRUNED
4848,29.74083765452324,20.85168614716376,2026-10-06 03:16:48.561317,2026-10-06 03:19:59.149501,0 days 00:03:10.588184,0.51115025563667,0.19189790819770397,0.5667882730348237,10.877854836518644,0.33279388005294136,98.6416708615901,0.7297455375332902,35.86671955459044,0.2975664073833317,0.03038027549946027,2.1038771230648366e-06,0.3087654291085318,190.5880637895316,31,COMPLETE
4849,39.918861129213326,2.234929832285428,2026-10-06 03:16:49.700005,2026-10-06 03:20:01.888135,0 days 00:03:12.188130,0.7112273181968373,0.8717951055729352,0.4120579376102117,5.245413993140336,0.16808999070984243,98.6416708615901,0.7518185550990375,5.8774721288796,0.026937100580568585,0.03280586071940829,0.001057360749330297,1.2974912099205862,192.18800511583686,31,COMPLETE
4850,,,2026-10-06 03:16:52.232016,2026-10-06 03:17:34.960084,0 days 00:00:42.728068,0.9158653711831447,0.7186098618255685,0.4120579376102117,5.245413993140336,0.5557547632162355,98.6416708615901,1.2898828018697517,5.8774721288796,0.4212595585654096,0.03038027549946027,4.343429493003475e-06,1.1540267369865085,,31,PRUNED
4851,19.704449829342714,27.085167543217636,2026-10-06 03:16:55.014159,2026-10-06 03:20:06.984022,0 days 00:03:11.969863,0.51115025563667,0.07861675458476158,0.807738690329122,21.183844928151355,0.3519093950798047,36.28653076823548,0.396687138771568,45.6508402201298,0.2975664073833317,0.03038027549946027,4.343429493003475e-06,1.1540267369865085,191.96500888187438,31,COMPLETE
4852,33.36628272657299,6.096447722954845,2026-10-06 03:16:55.440987,2026-10-06 03:20:07.918910,0 days 00:03:12.477923,0.9158653711831447,0.8717951055729352,0.5667882730348237,10.877854836518644,0.2395452449940939,94.61146042672904,0.7297455375332902,19.15408445903519,0.026937100580568585,0.03038027549946027,0.0025840375813388893,1.1540267369865085,192.47781557776034,31,COMPLETE
4853,38.60402843930074,2.867089244072982,2026-10-06 03:16:55.539980,2026-10-06 03:20:09.541304,0 days 00:03:14.001324,0.51115025563667,0.2965654106455736,0.20358075665942357,5.245413993140336,0.6087670929915812,25.545174593127737,1.484226923085714,5.8774721288796,0.08173395261699556,0.03280586071940829,4.343429493003475e-06,1.3890637168667692,194.00123070552945,31,COMPLETE
4854,,,2026-10-06 03:16:55.997161,2026-10-06 03:16:56.659026,0 days 00:00:00.661865,0.51115025563667,0.8717951055729352,0.20358075665942357,5.245413993140336,0.2395452449940939,94.61146042672904,1.484226923085714,5.8774721288796,0.3936576523393438,0.004275013620532406,,1.1540267369865085,,31,PRUNED
4855,25.815771459951076,26.161739826720293,2026-10-06 03:16:56.000957,2026-10-06 03:20:07.896378,0 days 00:03:11.895421,0.7123418565646167,0.07861675458476158,0.807738690329122,21.183844928151355,0.6087670929915812,94.61146042672904,0.396687138771568,45.6508402201298,0.08173395261699556,0.03038027549946027,4.343429493003475e-06,1.2974912099205862,191.89530502725393,31,COMPLETE
4856,34.0194837904597,5.3156878685874105,2026-10-06 03:16:56.667148,2026-10-06 03:20:09.524174,0 days 00:03:12.857026,1.4402867757047222,0.2965654106455736,0.4120579376102117,40.48103367686667,0.33279388005294136,94.61146042672904,1.484226923085714,5.8774721288796,0.4212595585654096,0.03038027549946027,4.343429493003475e-06,1.1540267369865085,192.85692269261926,31,COMPLETE
4857,,,2026-10-06 03:16:56.670959,2026-10-06 03:16:57.831953,0 days 00:00:01.160994,0.51115025563667,1.0482043392415714,0.5667882730348237,11.991629079089469,0.33279388005294136,98.6416708615901,1.080654620868664,41.66154811682372,0.08173395261699556,0.03280586071940829,,0.7296704665126732,,31,PRUNED
4858,40.57749765819484,3.6219369377543407,2026-10-06 03:16:56.699966,2026-10-06 03:20:11.035601,0 days 00:03:14.335635,0.7407180681038071,0.3710922296723819,0.20358075665942357,10.877854836518644,0.33279388005294136,37.87970435208358,0.7297455375332902,1.4056083189495427,0.3054149949472662,0.024099244621516126,2.1038771230648366e-06,1.1540267369865085,194.33552724309266,31,COMPLETE
4859,50.92755151482794,1.3958955531173871,2026-10-06 03:16:58.144142,2026-10-06 03:20:09.529027,0 days 00:03:11.384885,0.8010869639365119,0.8717951055729352,0.12615106220885586,5.245413993140336,0.33279388005294136,98.6416708615901,1.2898828018697517,41.66154811682372,0.08981597176864942,0.03038027549946027,2.1038771230648366e-06,1.3890637168667692,191.38478914275765,31,COMPLETE
4860,,,2026-10-06 03:16:58.147958,2026-10-06 03:17:38.460020,0 days 00:00:40.312062,0.6775759777641851,0.2965654106455736,0.4120579376102117,5.245413993140336,0.6087670929915812,98.6416708615901,1.4690823188003486,23.475624031055144,0.2975664073833317,0.024099244621516126,0.0006502197483841067,1.1540267369865085,,31,PRUNED
4861,18.41347437129744,1.2123663426184526,2026-10-06 03:16:59.137147,2026-10-06 03:20:11.000264,0 days 00:03:11.863117,0.9158653711831447,0.19189790819770397,0.012987974109243664,5.245413993140336,0.5557547632162355,19.44767486809598,0.6419517764288287,35.86671955459044,0.08173395261699556,0.03038027549946027,4.343429493003475e-06,1.1540267369865085,191.86300611309707,31,COMPLETE
4862,55.62664788660347,1.6589802012046087,2026-10-06 03:16:59.156968,2026-10-06 03:20:13.453657,0 days 00:03:14.296689,0.9158653711831447,0.8715336252138003,0.2345370319995722,5.245413993140336,0.6087670929915812,98.6416708615901,1.484226923085714,5.8774721288796,0.08173395261699556,0.03038027549946027,2.1038771230648366e-06,1.2974912099205862,194.29657520074397,31,COMPLETE
4863,42.70494536956312,7.995885429737754,2026-10-06 03:17:00.503000,2026-10-06 03:20:08.635832,0 days 00:03:08.132832,0.51115025563667,0.2965654106455736,0.4120579376102117,5.245413993140336,0.33279388005294136,94.61146042672904,1.484226923085714,19.15408445903519,0.15450841561573675,0.03280586071940829,2.1038771230648366e-06,1.1540267369865085,188.13272696267813,31,COMPLETE
4864,50.637915727673075,2.144065439864165,2026-10-06 03:17:00.966495,2026-10-06 03:20:13.298796,0 days 00:03:12.332301,0.51115025563667,0.2965654106455736,0.19400160111159936,5.245413993140336,0.6087670929915812,94.61146042672904,1.4690823188003486,5.8774721288796,0.08173395261699556,0.03280586071940829,4.343429493003475e-06,0.40588654466286495,192.3321877233684,31,COMPLETE
4865,43.01190043821934,5.224462640864555,2026-10-06 03:17:01.571989,2026-10-06 03:20:07.506400,0 days 00:03:05.934411,0.8010869639365119,0.7186098618255685,0.2345370319995722,5.245413993140336,0.33279388005294136,85.69762729633804,1.484226923085714,41.66154811682372,0.28988344429582863,0.03038027549946027,4.343429493003475e-06,0.06813310163640623,185.9342902796343,31,COMPLETE
4866,40.66644382888295,2.31860293833046,2026-10-06 03:17:01.575959,2026-10-06 03:20:12.574609,0 days 00:03:10.998650,0.51115025563667,0.07861675458476158,0.19400160111159936,21.183844928151355,0.6087670929915812,94.61146042672904,0.39552867473326975,5.8774721288796,0.007925456797868324,0.03280586071940829,0.41611987225207947,1.2974912099205862,190.9985295822844,31,COMPLETE
4867,49.84315366680623,3.383434032376996,2026-10-06 03:17:02.076997,2026-10-06 03:20:13.209849,0 days 00:03:11.132852,0.5750658244356358,0.7186098618255685,0.2345370319995722,5.245413993140336,0.33279388005294136,98.6416708615901,1.484226923085714,7.242018006177657,0.28988344429582863,0.03038027549946027,4.343429493003475e-06,0.03334204897664861,191.13272798340768,31,COMPLETE
4868,34.27695015152724,8.502800004495757,2026-10-06 03:17:03.563995,2026-10-06 03:20:13.868617,0 days 00:03:10.304622,0.6775759777641851,0.2284118304472575,0.4120579376102117,10.877854836518644,0.2395452449940939,98.6416708615901,1.4690823188003486,5.8774721288796,0.4212595585654096,0.024099244621516126,4.343429493003475e-06,1.1540267369865085,190.30451204720885,31,COMPLETE
4869,33.49159030066244,15.85984358770518,2026-10-06 03:17:28.497003,2026-10-06 03:20:43.451866,0 days 00:03:14.954863,0.51115025563667,0.7186098618255685,0.5667882730348237,11.991629079089469,0.33279388005294136,94.61146042672904,1.080654620868664,41.66154811682372,0.08173395261699556,0.03038027549946027,4.343429493003475e-06,0.7296704665126732,194.95473779644817,31,COMPLETE
4870,45.361213102785044,2.5337578758802453,2026-10-06 03:17:29.852012,2026-10-06 03:20:40.866855,0 days 00:03:11.014843,0.51115025563667,0.2965654106455736,0.4120579376102117,5.245413993140336,0.33279388005294136,98.6416708615901,0.07777911808490734,1.4056083189495427,0.19756202862942324,0.03280586071940829,4.343429493003475e-06,1.1540267369865085,191.0147121725604,31,COMPLETE
4871,42.09555847270367,8.502416969063013,2026-10-06 03:17:30.921998,2026-10-06 03:20:45.211379,0 days 00:03:14.289381,0.8010869639365119,0.7186098618255685,0.5667882730348237,5.245413993140336,0.506401025718823,94.61146042672904,1.484226923085714,12.371756168223909,0.28988344429582863,0.03038027549946027,2.1038771230648366e-06,1.2974912099205862,194.28927059285343,31,COMPLETE
4872,32.81482995610624,19.603060071849207,2026-10-06 03:17:32.054194,2026-10-06 03:20:45.080277,0 days 00:03:13.026083,0.7123418565646167,0.19189790819770397,0.5926143650576037,10.877854836518644,0.2395452449940939,98.6416708615901,1.4690823188003486,23.475624031055144,0.2975664073833317,0.024099244621516126,4.343429493003475e-06,1.1540267369865085,193.0259510334581,31,COMPLETE
4873,,,2026-10-06 03:17:32.744152,2026-10-06 03:18:15.117069,0 days 00:00:42.372917,0.6775759777641851,0.7186098618255685,0.5667882730348237,5.245413993140336,0.6087670929915812,98.6416708615901,1.080654620868664,5.8774721288796,0.007925456797868324,0.017836895966768043,2.1038771230648366e-06,1.1540267369865085,,31,PRUNED
4874,35.93115274784869,3.7207665090889543,2026-10-06 03:17:33.808163,2026-10-06 03:20:44.539849,0 days 00:03:10.731686,0.8010869639365119,0.7186098618255685,0.2345370319995722,5.245413993140336,1.0732458677070826,14.165772073739205,1.484226923085714,19.15408445903519,0.15450841561573675,0.03038027549946027,4.343429493003475e-06,1.1540267369865085,190.7315619615838,31,COMPLETE
4875,34.416704570715524,10.67422520687743,2026-10-06 03:17:33.811955,2026-10-06 03:20:47.861690,0 days 00:03:14.049735,0.6775759777641851,0.7186098618255685,0.5667882730348237,26.404166346856726,0.33279388005294136,98.6416708615901,1.484226923085714,5.8774721288796,0.28988344429582863,0.03038027549946027,4.343429493003475e-06,0.23886283196880004,194.0496038487181,31,COMPLETE
4876,25.269105892015958,4.74927280031737,2026-10-06 03:17:35.110163,2026-10-06 03:20:44.973098,0 days 00:03:09.862935,0.51115025563667,0.8717951055729352,0.5667882730348237,11.991629079089469,0.33279388005294136,1.475050915194132,0.7518185550990375,19.15408445903519,0.007925456797868324,0.03038027549946027,4.343429493003475e-06,1.2974912099205862,189.86281390674412,31,COMPLETE
4877,38.8401680794922,7.882462630353801,2026-10-06 03:17:35.782989,2026-10-06 03:20:47.129626,0 days 00:03:11.346637,0.8010869639365119,0.07861675458476158,0.4120579376102117,21.183844928151355,0.2395452449940939,94.61146042672904,0.396687138771568,3.4310187612493688,0.3787184497362417,0.03038027549946027,2.1038771230648366e-06,0.7699502779177346,191.34652104321867,31,COMPLETE
4878,23.07906633687026,7.693280224302202,2026-10-06 03:17:35.786967,2026-10-06 03:20:43.116723,0 days 00:03:07.329756,0.9158653711831447,0.19189790819770397,0.778294044131552,11.991629079089469,0.12358889152694846,94.61146042672904,0.6419517764288287,35.86671955459044,0.4212595585654096,0.03038027549946027,0.05870662722096066,0.7699502779177346,187.32963244710118,31,COMPLETE
4879,,,2026-10-06 03:17:38.490131,2026-10-06 03:18:15.939030,0 days 00:00:37.448899,0.9158653711831447,0.2965654106455736,0.4120579376102117,5.245413993140336,0.6087670929915812,94.61146042672904,0.6419517764288287,5.8774721288796,0.4212595585654096,0.03038027549946027,2.1038771230648366e-06,0.7699502779177346,,31,PRUNED
4880,,,2026-10-06 03:18:09.703432,2026-10-06 03:18:10.638047,0 days 00:00:00.934615,0.8010869639365119,0.7186098618255685,0.5667882730348237,10.877854836518644,0.33279388005294136,98.6416708615901,1.484226923085714,5.8774721288796,1.0221405301056332,0.03038027549946027,,1.2974912099205862,,31,PRUNED
4881,32.61808730147201,15.977132996659485,2026-10-06 03:18:10.680988,2026-10-06 03:21:23.389309,0 days 00:03:12.708321,0.51115025563667,0.8717951055729352,0.5673687007336011,18.568898609442545,0.2395452449940939,98.6416708615901,0.7297455375332902,35.86671955459044,0.2975664073833317,0.03038027549946027,4.343429493003475e-06,0.7699502779177346,192.70819961931556,31,COMPLETE
4882,,,2026-10-06 03:18:12.087983,2026-10-06 03:18:14.062415,0 days 00:00:01.974432,0.51115025563667,0.2284118304472575,0.5926143650576037,11.991629079089469,1.2798380242510596,98.6416708615901,1.484226923085714,33.66814431190279,0.2975664073833317,0.003927060148392708,,1.1540267369865085,,31,PRUNED
4883,39.343254216923974,12.261981092064307,2026-10-06 03:18:12.157229,2026-10-06 03:21:27.368867,0 days 00:03:15.211638,0.7407180681038071,0.8717951055729352,0.5667882730348237,10.877854836518644,0.33279388005294136,98.6416708615901,0.7297455375332902,19.15408445903519,0.3676044917349766,0.03038027549946027,4.343429493003475e-06,1.2974912099205862,195.21151541825384,31,COMPLETE
4884,,,2026-10-06 03:18:12.856357,2026-10-06 03:18:54.913079,0 days 00:00:42.056722,0.51115025563667,0.2284118304472575,0.5667882730348237,11.991629079089469,0.9218117772685044,85.69762729633804,0.6419517764288287,35.86671955459044,0.4212595585654096,0.03038027549946027,4.343429493003475e-06,0.7296704665126732,,31,PRUNED
4885,39.27598705998375,9.839751865355998,2026-10-06 03:18:14.095985,2026-10-06 03:21:26.366055,0 days 00:03:12.270070,0.9158653711831447,0.19189790819770397,0.4120579376102117,5.245413993140336,0.33279388005294136,98.6416708615901,0.6419517764288287,35.86671955459044,0.08173395261699556,0.03038027549946027,4.343429493003475e-06,1.1540267369865085,192.26995705999434,31,COMPLETE
4886,37.92459457004882,2.175347344621977,2026-10-06 03:18:14.116147,2026-10-06 03:21:26.493593,0 days 00:03:12.377446,1.1573050368226816,0.6864903809832632,0.4120579376102117,5.245413993140336,0.33279388005294136,98.6416708615901,1.484226923085714,5.8774721288796,0.28988344429582863,0.03038027549946027,0.003148133427503649,0.23886283196880004,192.37733234930784,31,COMPLETE
4887,40.74371300164223,3.3907830887448958,2026-10-06 03:18:14.143974,2026-10-06 03:21:25.881432,0 days 00:03:11.737458,0.9050292070273812,0.7186098618255685,0.2345370319995722,10.877854836518644,0.33279388005294136,98.6416708615901,1.484226923085714,19.15408445903519,0.28988344429582863,0.03038027549946027,0.034974351594711524,0.06813310163640623,191.73733588960022,31,COMPLETE
4888,44.479926872766264,6.385879232749866,2026-10-06 03:18:14.147953,2026-10-06 03:21:30.871785,0 days 00:03:16.723832,0.9158653711831447,0.3710922296723819,0.4120579376102117,5.245413993140336,0.6087670929915812,98.6416708615901,0.7297455375332902,5.8774721288796,0.08173395261699556,0.03038027549946027,2.1038771230648366e-06,0.7375656677955604,196.72370868828148,31,COMPLETE
4889,,,2026-10-06 03:18:14.151952,2026-10-06 03:18:15.585467,0 days 00:00:01.433515,1.1546551456676255,0.2965654106455736,0.2345370319995722,11.991629079089469,1.4253083189513864,94.61146042672904,1.484226923085714,5.8774721288796,0.3936576523393438,0.03038027549946027,,1.1540267369865085,,31,PRUNED
4890,31.126818679815017,14.303296293524394,2026-10-06 03:18:14.763151,2026-10-06 03:21:27.049960,0 days 00:03:12.286809,0.8010869639365119,0.2965654106455736,0.5667882730348237,8.556213008137046,0.33279388005294136,98.6416708615901,1.484226923085714,19.15408445903519,0.2975664073833317,0.024099244621516126,4.343429493003475e-06,0.7699502779177346,192.2866904148832,31,COMPLETE
4891,,,2026-10-06 03:18:15.488004,2026-10-06 03:18:16.458666,0 days 00:00:00.970662,0.7123418565646167,0.3710922296723819,0.5667882730348237,10.877854836518644,1.3097560518004272,98.6416708615901,0.7297455375332902,41.66154811682372,0.2975664073833317,0.03038027549946027,,1.1540267369865085,,31,PRUNED
4892,,,2026-10-06 03:18:15.727006,2026-10-06 03:18:54.644558,0 days 00:00:38.917552,0.7407180681038071,0.7186098618255685,0.4120579376102117,10.877854836518644,0.5557547632162355,98.6416708615901,0.7297455375332902,5.131565914214879,0.3676044917349766,0.03038027549946027,4.343429493003475e-06,0.7699502779177346,,31,PRUNED
4893,33.46270393184235,13.586394129932415,2026-10-06 03:18:16.783612,2026-10-06 03:21:27.278353,0 days 00:03:10.494741,0.7407180681038071,0.2284118304472575,0.4120579376102117,21.183844928151355,0.6087670929915812,98.6416708615901,0.5631021303469503,45.6508402201298,0.007925456797868324,0.03038027549946027,4.343429493003475e-06,1.2974912099205862,190.49461922608316,31,COMPLETE
4894,35.53821741744365,16.071148568748374,2026-10-06 03:18:16.786968,2026-10-06 03:21:29.837859,0 days 00:03:13.050891,0.7123418565646167,0.3710922296723819,0.5667882730348237,5.245413993140336,0.6087670929915812,98.6416708615901,1.484226923085714,58.60466203383182,0.08173395261699556,0.03038027549946027,4.343429493003475e-06,0.3087654291085318,193.0507593024522,31,COMPLETE
