number,values_0,values_1,datetime_start,datetime_complete,duration,params_between_rest_spread,params_c_spread,params_c_val,params_input_force,params_k_between_spread,params_k_between_val,params_k_wall_spread,params_k_wall_val,params_m_spread,params_m_val,params_ridge_alpha,params_wall_rest_spread,user_attrs_duration_sec,system_attrs_NSGAIISampler:generation,state
631,17.577187485326398,6.502346094284433,2026-10-06 00:33:49.447194,2026-10-06 00:37:04.068633,0 days 00:03:14.621439,0.44302975454438503,0.34160086046150906,0.9752752213731002,35.214476438758595,0.9635159511291951,61.523198623023674,0.5145175038196539,37.25694322017278,0.3260597041603945,0.04676397558818303,6.709762564240109,1.2797917165216257,194.62135990709066,2,COMPLETE
632,20.499259467589493,1.6852117995853293,2026-10-06 00:33:50.467342,2026-10-06 00:37:10.791184,0 days 00:03:20.323842,0.19630735827449874,0.527164092890509,0.08225225182467477,8.556213008137046,0.2395452449940939,7.596863112772716,1.3355598077240103,14.182822102930093,0.2881882741772265,0.029771009616437947,0.0006185581455600675,0.3066293241794842,200.32373221218586,2,COMPLETE
633,14.370871179926434,2.320579773040229,2026-10-06 00:33:50.846823,2026-10-06 00:37:04.518600,0 days 00:03:13.671777,1.0703266774752578,0.6742804161302214,0.41766365127221794,11.453469267944222,0.6214878688098426,2.9411184445840823,0.6419517764288287,1.2726643023599822,0.885501161747389,0.03280586071940829,0.9756586804302976,0.008646455689541255,193.67169480212033,2,COMPLETE
634,,,2026-10-06 00:33:50.849975,2026-10-06 00:33:52.298013,0 days 00:00:01.448038,0.3834721347353825,1.1550229539828618,0.20395241992550933,37.712237560937105,1.0774031071944332,11.647781097448451,0.6419517764288287,2.0330101929189524,0.12388052219704532,0.007361010447850752,,0.6004925208325128,,2,PRUNED
635,,,2026-10-06 00:33:50.853960,2026-10-06 00:33:51.499007,0 days 00:00:00.645047,0.2994157425323484,1.0562250660985053,0.09005234812447538,11.991629079089469,1.0774031071944332,2.9615022659031585,0.9356883984494996,1.1282993084044803,0.7685554742107898,0.007361010447850752,,1.4891500624393408,,2,PRUNED
636,30.53122520440636,2.006028227842351,2026-10-06 00:33:50.948991,2026-10-06 00:37:00.703360,0 days 00:03:09.754369,0.7535562568504046,0.5088079218375162,0.03240094579624807,4.264385735936695,1.0774031071944332,10.39230648895567,0.6190885998388953,2.0330101929189524,0.0236399030193733,0.007361010447850752,3.7310590236616203,0.17248374444296138,189.75427438132465,2,COMPLETE
637,24.769666984133945,2.0482335275633607,2026-10-06 00:33:51.177987,2026-10-06 00:37:03.652831,0 days 00:03:12.474844,0.5875351067981476,0.5088079218375162,0.09005234812447538,5.245413993140336,1.0774031071944332,2.9615022659031585,0.6190885998388953,11.86468393276075,0.6168387269531914,0.029771009616437947,0.0004693315590468239,0.9040411163974774,192.47475508786738,2,COMPLETE
638,,,2026-10-06 00:33:51.660147,2026-10-06 00:34:34.572017,0 days 00:00:42.911870,0.05008148914855248,1.0727474658147056,0.053140281504859645,49.168071302148626,0.3627551689847614,42.44223698016689,0.4740161859265573,4.314853216716561,0.17672380622360612,0.0075122423922312385,1.9958034707972923e-06,0.05929124568255001,,2,PRUNED
639,33.28117793839264,2.0873508071065143,2026-10-06 00:33:51.663970,2026-10-06 00:37:04.000121,0 days 00:03:12.336151,0.05008148914855248,0.4835105352725577,0.5799701872746303,49.168071302148626,0.3201011955575039,85.69762729633804,0.7964747556623476,5.8774721288796,0.7226586490727309,0.09765004764801033,1.1762488306807034e-06,1.1843796208347568,192.33605895843357,2,COMPLETE
640,,,2026-10-06 00:33:51.667965,2026-10-06 00:33:52.104120,0 days 00:00:00.436155,0.7535562568504046,0.4733848275023652,0.09005234812447538,11.991629079089469,1.4273883744951263,85.69762729633804,1.2574276597717193,40.74932408047231,0.2975664073833317,0.007361010447850752,,0.6004925208325128,,2,PRUNED
641,24.917382744773107,1.3105988773098844,2026-10-06 00:33:51.671962,2026-10-06 00:37:08.415813,0 days 00:03:16.743851,1.1917921473199087,0.2965654106455736,0.08837582562659566,18.677678184085455,0.5855379267962546,9.235458204740613,0.6419517764288287,90.94034447121946,0.573538310576864,0.05061331531697255,25.884048700332063,1.0281652581298224,196.74375471659005,2,COMPLETE
642,30.50053360491619,3.6161565439610985,2026-10-06 00:33:52.322998,2026-10-06 00:37:08.477400,0 days 00:03:16.154402,0.4428292606447327,0.4500057657713351,0.2297655624989891,8.794323001260684,0.29675499538560296,28.285734118696016,0.6165960852108494,1.6947971224041727,0.05609924456069537,0.022132402954529992,0.001131397924980619,0.9092751429584793,196.1543095819652,2,COMPLETE
643,28.344859065815076,1.2267215350158829,2026-10-06 00:33:52.485580,2026-10-06 00:37:03.477224,0 days 00:03:10.991644,0.22557074171973307,0.5203487901288681,0.053131361676298165,37.82514248798617,0.4047073413009267,65.15119547276676,0.3082481893581244,1.0911664422198941,0.5501285210765905,0.06489821168481985,1.3801561048855656e-05,1.0498365290372507,190.9915603818372,2,COMPLETE
644,14.557233687353136,4.203694160835299,2026-10-06 00:33:52.646999,2026-10-06 00:37:04.005542,0 days 00:03:11.358543,0.8861887783233188,0.2284118304472575,0.6443949852851695,41.645467536664455,0.6454873286650737,25.088361291801984,0.12486747625813921,2.029882838261563,0.04206136129933902,0.03280586071940829,0.00014447613183128302,0.7296704665126732,191.35846370924264,2,COMPLETE
645,11.287522370659072,1.2311917520583462,2026-10-06 00:33:52.762996,2026-10-06 00:37:02.329427,0 days 00:03:09.566431,0.6672137354754455,0.8304682506740793,0.03240094579624807,25.234946341998025,0.4424930116262647,42.44223698016689,0.09918475277409838,19.185669944513595,0.7360596685479106,0.04307095774988902,25.884048700332063,0.4532202238406652,189.56633987184614,2,COMPLETE
646,13.562682664016581,1.3463273446864876,2026-10-06 00:33:53.830997,2026-10-06 00:37:03.449424,0 days 00:03:09.618427,0.9323049410555256,1.1505274476627716,0.019577635460823275,11.910918541531306,0.631975484387248,42.44223698016689,0.4740161859265573,12.464214493324025,0.4977745587525221,0.05018770758699738,3.736607894112202e-06,1.476422959409267,189.61832432448864,2,COMPLETE
647,37.086931621483394,1.3603462136940467,2026-10-06 00:33:53.929001,2026-10-06 00:37:09.688811,0 days 00:03:15.759810,0.9528582881543378,0.2965654106455736,0.5799701872746303,18.677678184085455,1.4587170185674183,85.69762729633804,0.6419517764288287,1.2001363989388558,0.04206136129933902,0.09765004764801033,0.00023455457478105328,0.008646455689541255,195.75971962604672,2,COMPLETE
648,11.8910046525297,3.912918948412763,2026-10-06 00:33:56.164166,2026-10-06 00:37:09.664724,0 days 00:03:13.500558,0.24174364545359744,0.34160086046150906,0.9752752213731002,26.349959130402702,0.9635159511291951,9.750079720054545,0.38106229976815414,22.831665907494386,0.3260597041603945,0.05619125401223478,6.709762564240109,0.5322556354147161,193.50045863352716,2,COMPLETE
649,,,2026-10-06 00:33:56.179982,2026-10-06 00:34:37.903027,0 days 00:00:41.723045,1.1917921473199087,0.2965654106455736,0.2297655624989891,16.606931230784816,1.1150028353905197,23.75651437630374,0.6419517764288287,2.029882838261563,1.2965106736052783,0.05061331531697255,0.0011757094612474103,1.4242474729910322,,2,PRUNED
650,7.139812710354148,1.2358160824211926,2026-10-06 00:33:56.183971,2026-10-06 00:37:10.553742,0 days 00:03:14.369771,0.22557074171973307,0.412843900788044,0.053131361676298165,37.82514248798617,0.0867486708956362,6.65933944531556,0.6241253008122853,1.0911664422198941,0.5501285210765905,0.02749864300312601,3.736607894112202e-06,1.1888155686802921,194.36967497691512,2,COMPLETE
651,,,2026-10-06 00:33:56.258593,2026-10-06 00:34:33.470041,0 days 00:00:37.211448,1.1917921473199087,0.2965654106455736,0.11369858697944095,18.677678184085455,1.4587170185674183,12.416392621461206,0.4740161859265573,23.475624031055144,1.1791218744906238,0.05061331531697255,10.96197030700072,1.4242474729910322,,2,PRUNED
652,18.179092088933935,1.4721381898856005,2026-10-06 00:33:56.265964,2026-10-06 00:37:08.429722,0 days 00:03:12.163758,0.7535562568504046,0.03589241939230381,0.09005234812447538,5.245413993140336,1.0774031071944332,2.9615022659031585,0.6190885998388953,2.0330101929189524,0.7685554742107898,0.04676397558818303,0.004475392410627206,0.6004925208325128,192.16366836428642,2,COMPLETE
653,,,2026-10-06 00:33:56.574997,2026-10-06 00:36:30.509045,0 days 00:02:33.934048,0.3834721347353825,0.2965654106455736,0.6443949852851695,49.94511193460218,0.5855379267962546,11.647781097448451,0.8020216750855762,5.299460499774038,1.0749850412981183,0.03280586071940829,0.00023455457478105328,0.008646455689541255,,2,PRUNED
654,20.09042023344819,7.774229800971568,2026-10-06 00:33:57.573529,2026-10-06 00:37:11.442090,0 days 00:03:13.868561,0.51115025563667,0.4500057657713351,0.5667882730348237,24.68754421318881,0.29675499538560296,25.102549947900073,0.6419517764288287,1.6947971224041727,0.04206136129933902,0.022132402954529992,0.00023455457478105328,0.9092751429584793,193.8684740588069,2,COMPLETE
655,18.5035010451031,1.835908615018874,2026-10-06 00:33:57.692005,2026-10-06 00:37:06.663669,0 days 00:03:08.971664,1.350503098526395,0.26436360806232834,0.11369858697944095,38.03216961009623,1.4257271037095816,16.211255471509773,0.4740161859265573,11.86468393276075,0.6168387269531914,0.029771009616437947,1.1762488306807034e-06,1.2901400551275988,188.97156863380224,2,COMPLETE
656,,,2026-10-06 00:33:58.671870,2026-10-06 00:33:59.294120,0 days 00:00:00.622250,1.0703266774752578,0.2965654106455736,0.6443949852851695,48.42684891165389,0.6214878688098426,2.249261103529477,0.6419517764288287,1.2726643023599822,0.7115414226689059,0.002325730101743871,,0.008646455689541255,,2,PRUNED
657,15.211633832148546,7.400779627857704,2026-10-06 00:33:59.332012,2026-10-06 00:37:10.817770,0 days 00:03:11.485758,0.3834721347353825,0.2965654106455736,0.6443949852851695,11.453469267944222,1.4587170185674183,11.647781097448451,0.6419517764288287,23.475624031055144,0.04206136129933902,0.03280586071940829,0.00016614878985142712,0.008646455689541255,191.48566555418074,2,COMPLETE
658,13.238128002825439,10.080780772950211,2026-10-06 00:34:30.181122,2026-10-06 00:37:41.185974,0 days 00:03:11.004852,0.3834721347353825,0.2965654106455736,0.6443949852851695,18.677678184085455,0.7292976919325562,11.647781097448451,0.6419517764288287,23.475624031055144,0.04206136129933902,0.03280586071940829,0.00023455457478105328,0.008646455689541255,191.0047595212236,2,COMPLETE
659,29.116028044341313,1.4100237691287707,2026-10-06 00:34:30.814189,2026-10-06 00:37:44.112658,0 days 00:03:13.298469,0.39568328879440856,0.9056915392647674,0.11369858697944095,16.04580170130606,0.631975484387248,16.211255471509773,0.4740161859265573,2.072575382240667,1.1791218744906238,0.06668334722343025,1.1762488306807034e-06,0.9700520747024954,193.2983838841319,2,COMPLETE
660,3.3716696777678914,1.2166432925133643,2026-10-06 00:34:30.817989,2026-10-06 00:37:41.274128,0 days 00:03:10.456139,0.9323049410555256,0.011151379315492593,0.03691044593463759,37.82514248798617,0.4047073413009267,65.15119547276676,0.9378400746980367,1.0911664422198941,0.5501285210765905,0.02749864300312601,3.736607894112202e-06,1.0498365290372507,190.4560483507812,2,COMPLETE
661,,,2026-10-06 00:34:30.914984,2026-10-06 00:35:10.563048,0 days 00:00:39.648064,0.447684485641811,0.011151379315492593,0.11720021795877078,11.910918541531306,0.6454873286650737,3.9357948336652977,0.12486747625813921,86.57068482598544,1.0749850412981183,0.037495759622009746,3.736607894112202e-06,1.1888155686802921,,2,PRUNED
662,,,2026-10-06 00:34:32.493997,2026-10-06 00:34:32.810070,0 days 00:00:00.316073,0.6672137354754455,0.6742804161302214,0.03240094579624807,11.453469267944222,1.4587170185674183,49.7837090928796,1.1068767969628939,2.688509826508115,0.0236399030193733,0.004343879504608125,,0.008646455689541255,,2,PRUNED
663,7.944063668503807,1.2004699176403395,2026-10-06 00:34:33.189011,2026-10-06 00:37:45.609453,0 days 00:03:12.420442,0.39568328879440856,0.26436360806232834,0.11369858697944095,43.25686048677116,0.6046626808156426,6.085461014325654,0.9356883984494996,1.1282993084044803,0.007925456797868324,0.09765004764801033,0.0004693315590468239,1.2901400551275988,192.42035380750895,2,COMPLETE
664,15.824710328820819,1.6721593584161436,2026-10-06 00:34:33.316896,2026-10-06 00:37:48.921683,0 days 00:03:15.604787,1.0121924212183635,0.18176572098585708,0.13494347608245139,8.556213008137046,0.03380872232355703,3.2854396341739385,0.4963749931892908,1.8688105434515534,0.48923768793752204,0.029771009616437947,29.057063991695806,1.1827732174347347,195.60468365903944,2,COMPLETE
665,24.477082779572576,2.33100401453357,2026-10-06 00:34:33.988149,2026-10-06 00:37:45.511974,0 days 00:03:11.523825,0.4925134373433494,0.4835105352725577,0.34185201920879726,8.695206399809345,0.9635159511291951,39.51588933199152,0.7964747556623476,28.783843951904867,0.3260597041603945,0.05619125401223478,2.9442330109354824,0.2678812614884665,191.52373245265335,2,COMPLETE
666,32.26921264943139,1.413026607974571,2026-10-06 00:34:34.603131,2026-10-06 00:37:43.209734,0 days 00:03:08.606603,1.350503098526395,0.7347826529652479,0.08225225182467477,8.794323001260684,1.4257271037095816,28.285734118696016,0.6165960852108494,1.6947971224041727,0.05609924456069537,0.022132402954529992,0.0011757094612474103,0.9040411163974774,188.60650796815753,2,COMPLETE
667,34.34253544456463,1.3541112595062526,2026-10-06 00:34:35.444002,2026-10-06 00:37:45.995764,0 days 00:03:10.551762,0.39568328879440856,1.3015706306944081,0.11369858697944095,5.814557047239577,0.631975484387248,16.211255471509773,0.4740161859265573,2.072575382240667,1.1791218744906238,0.06668334722343025,0.0003349737357616302,0.9700520747024954,190.55167262256145,2,COMPLETE
668,,,2026-10-06 00:34:35.741002,2026-10-06 00:35:14.226183,0 days 00:00:38.485181,0.05008148914855248,1.1505274476627716,0.11369858697944095,49.168071302148626,0.631975484387248,67.65542966781119,0.8188793443696586,5.8774721288796,0.7226586490727309,0.05018770758699738,1.1762488306807034e-06,0.9079833352553481,,2,PRUNED
669,28.225112178748837,3.88747187999604,2026-10-06 00:34:37.864026,2026-10-06 00:37:45.886419,0 days 00:03:08.022393,0.44302975454438503,0.3233389271032242,0.1347521461063753,8.695206399809345,0.04712329560136058,23.074852308493487,0.7964747556623476,86.57068482598544,0.6612894906970102,0.037495759622009746,0.00014447613183128302,0.2678812614884665,188.02230602595955,2,COMPLETE
670,12.256478255870217,1.3281264746879315,2026-10-06 00:34:38.419998,2026-10-06 00:37:45.749329,0 days 00:03:07.329331,0.6062262771251812,0.3731992973752525,0.1026017143088177,21.183844928151355,0.4341680398448426,3.9357948336652977,1.1446866529412485,1.3290341234086505,0.6190501002082973,0.03038027549946027,0.005958227033600532,1.1137428294822522,187.32923416327685,2,COMPLETE
671,14.933662818497158,1.5206074441487933,2026-10-06 00:35:08.073001,2026-10-06 00:38:15.757404,0 days 00:03:07.684403,0.5768678928443426,0.3233389271032242,0.11720021795877078,41.645467536664455,1.3162890024975238,4.62415388938126,0.6429618406964179,4.410590557839572,0.8174949864204357,0.042098694451988765,0.00014447613183128302,1.3458907086260936,187.68429500143975,2,COMPLETE
672,13.179404088417636,1.218084390949072,2026-10-06 00:35:11.520147,2026-10-06 00:38:24.862309,0 days 00:03:13.342162,0.51115025563667,0.8661787220393558,0.5667882730348237,4.194238377190949,1.35460707310614,1.8968903642736075,0.3849061930847223,2.029882838261563,0.08173395261699556,0.08804378717982243,8.001643614539236e-05,0.7296704665126732,193.34207092318684,2,COMPLETE
673,22.532272791645852,3.2165478698648,2026-10-06 00:35:14.457004,2026-10-06 00:38:27.076304,0 days 00:03:12.619300,0.8861887783233188,0.3233389271032242,0.4120579376102117,41.645467536664455,0.6454873286650737,25.088361291801984,0.21292518523710352,2.029882838261563,0.6612894906970102,0.037495759622009746,2.1038771230648366e-06,1.3458907086260936,192.61920845415443,2,COMPLETE
674,,,2026-10-06 00:35:45.714120,2026-10-06 00:35:46.138069,0 days 00:00:00.423949,0.3834721347353825,0.2965654106455736,0.6443949852851695,18.677678184085455,1.4587170185674183,11.647781097448451,0.6419517764288287,23.475624031055144,1.3703639561948238,0.03280586071940829,,0.008646455689541255,,2,PRUNED
675,,,2026-10-06 00:35:46.622996,2026-10-06 00:35:48.742008,0 days 00:00:02.119012,0.8422270380497037,0.4912316077114617,0.11720021795877078,41.645467536664455,0.6454873286650737,1.529640202658084,1.164395082841941,86.57068482598544,0.7115414226689059,0.037495759622009746,,1.3458907086260936,,2,PRUNED
676,,,2026-10-06 00:35:46.884152,2026-10-06 00:35:47.157022,0 days 00:00:00.272870,0.4428292606447327,0.2284118304472575,0.2297655624989891,16.606931230784816,1.1150028353905197,23.75651437630374,0.6165960852108494,2.029882838261563,0.7989724522417251,0.0010492224534557663,,0.9092751429584793,,2,PRUNED
677,12.967027993202795,5.013471249111472,2026-10-06 00:35:47.259011,2026-10-06 00:38:53.004541,0 days 00:03:05.745530,0.3834721347353825,0.011151379315492593,0.41766365127221794,11.910918541531306,1.4587170185674183,1.0558703314013573,0.20357229172011587,5.299460499774038,0.885501161747389,0.02749864300312601,0.00023455457478105328,1.1888155686802921,185.74542414490134,2,COMPLETE
678,28.296146053063875,1.2720879160607033,2026-10-06 00:35:48.828001,2026-10-06 00:39:02.605759,0 days 00:03:13.777758,0.4428292606447327,0.2284118304472575,0.2297655624989891,11.320348234604193,1.1150028353905197,28.285734118696016,0.6165960852108494,2.029882838261563,0.05609924456069537,0.08804378717982243,0.0011757094612474103,0.9092751429584793,193.77766417711973,2,COMPLETE
679,,,2026-10-06 00:36:20.549018,2026-10-06 00:36:21.864035,0 days 00:00:01.315017,0.8861887783233188,0.4774636695198178,0.4854904156185659,8.695206399809345,0.17665571526270746,23.074852308493487,0.6190885998388953,1.2001363989388558,0.3981164215924415,0.007361010447850752,,0.2678812614884665,,2,PRUNED
680,29.502414767815093,1.345881300539368,2026-10-06 00:36:21.766996,2026-10-06 00:39:35.379034,0 days 00:03:13.612038,0.447684485641811,0.3233389271032242,0.11720021795877078,41.645467536664455,0.6454873286650737,3.9357948336652977,0.12486747625813921,86.57068482598544,0.6612894906970102,0.037495759622009746,0.00014447613183128302,1.3458907086260936,193.6119392560795,3,COMPLETE
681,29.482585394613967,1.3306809194572256,2026-10-06 00:36:21.782982,2026-10-06 00:39:35.800441,0 days 00:03:14.017459,0.39568328879440856,0.5088079218375162,0.09005234812447538,5.814557047239577,1.0774031071944332,16.211255471509773,0.4740161859265573,2.9177508597205857,0.7685554742107898,0.06668334722343025,1.1762488306807034e-06,1.2901400551275988,194.0173511635512,3,COMPLETE
682,37.293374198791824,1.2580218419760052,2026-10-06 00:36:22.194005,2026-10-06 00:39:34.737222,0 days 00:03:12.543217,0.4919537458910443,0.3731992973752525,0.1347521461063753,8.695206399809345,0.3201011955575039,94.61146042672904,0.7964747556623476,1.2001363989388558,0.2975664073833317,0.03038027549946027,2.9442330109354824,1.1137428294822522,192.54311043862253,3,COMPLETE
683,21.99557468026889,1.3590006223339506,2026-10-06 00:36:23.275997,2026-10-06 00:39:33.524870,0 days 00:03:10.248873,0.5497070813126055,0.43483357227077696,0.08430510430610826,13.489616096494146,1.4587170185674183,11.647781097448451,0.023810010345485577,5.8774721288796,0.04206136129933902,0.037495759622009746,0.00014447613183128302,1.3458907086260936,190.2487612394616,3,COMPLETE
684,16.62077806162376,1.3772579604448572,2026-10-06 00:36:24.052991,2026-10-06 00:39:37.512271,0 days 00:03:13.459280,0.2751127501817048,0.5088079218375162,0.09005234812447538,5.245413993140336,0.4341680398448426,2.9615022659031585,1.4594405107884705,1.3290341234086505,0.4493735763474446,0.03038027549946027,0.005958227033600532,0.5142999062500755,193.45918914861977,3,COMPLETE
685,23.09851395376441,1.2951119553090302,2026-10-06 00:36:24.587079,2026-10-06 00:39:41.378820,0 days 00:03:16.791741,0.6062262771251812,0.527164092890509,0.06022460482083565,18.489161893608337,0.6454873286650737,3.9357948336652977,0.12486747625813921,86.57068482598544,0.194083030357998,0.024099244621516126,1.7330071479363856e-05,1.1137428294822522,196.79164823144674,3,COMPLETE
686,32.89049156048707,1.2895251099215426,2026-10-06 00:36:24.701217,2026-10-06 00:39:42.684631,0 days 00:03:17.983414,0.6672137354754455,0.1544379750618336,0.03240094579624807,4.264385735936695,1.0126342536422681,49.7837090928796,1.1068767969628939,23.475624031055144,0.0236399030193733,0.03038027549946027,3.7310590236616203,1.3635581381619835,197.98331251274794,3,COMPLETE
687,,,2026-10-06 00:36:24.791112,2026-10-06 00:37:03.230163,0 days 00:00:38.439051,0.3834721347353825,0.3731992973752525,0.34699519698385084,17.877625873882295,1.4587170185674183,85.69762729633804,1.191277759964359,1.2001363989388558,0.2975664073833317,0.03280586071940829,2.9568975239984287e-06,1.1540267369865085,,3,PRUNED
688,31.773570426630265,3.035430970642479,2026-10-06 00:36:25.224893,2026-10-06 00:39:40.745522,0 days 00:03:15.520629,0.4428292606447327,1.1810724855624324,0.2297655624989891,18.677678184085455,0.17665571526270746,28.285734118696016,1.394035285276604,10.195345414647532,0.4212595585654096,0.03280586071940829,0.1779362878501945,0.7296704665126732,195.5205283202231,3,COMPLETE
689,20.220822617501394,1.2965949229179667,2026-10-06 00:36:25.454911,2026-10-06 00:39:38.656104,0 days 00:03:13.201193,0.7535562568504046,0.5088079218375162,0.10626861340244535,18.677678184085455,1.0774031071944332,9.235458204740613,0.6190885998388953,2.0330101929189524,0.7685554742107898,0.05061331531697255,22.630657016775704,1.4242474729910322,193.20110501162708,3,COMPLETE
