number,values_0,values_1,datetime_start,datetime_complete,duration,params_between_rest_spread,params_c_spread,params_c_val,params_input_force,params_k_between_spread,params_k_between_val,params_k_wall_spread,params_k_wall_val,params_m_spread,params_m_val,params_ridge_alpha,params_wall_rest_spread,user_attrs_duration_sec,system_attrs_NSGAIISampler:generation,state
3825,0.09008302599364798,1.1879889447974603,2026-10-06 02:37:47.989948,2026-10-06 02:41:00.269845,0 days 00:03:12.279897,0.9158653711831447,0.2284118304472575,0.01401983034149323,5.245413993140336,0.7260833803503226,98.6416708615901,0.6419517764288287,5.8774721288796,0.08173395261699556,0.03038027549946027,2.1038771230648366e-06,1.2267307691914986,192.2797850444913,24,COMPLETE
3826,38.645030583138876,4.494303833644976,2026-10-06 02:37:47.993942,2026-10-06 02:40:58.463246,0 days 00:03:10.469304,0.4919537458910443,0.2965654106455736,0.2345370319995722,34.553981027679136,0.2395452449940939,98.6416708615901,1.484226923085714,12.371756168223909,0.28988344429582863,0.03280586071940829,4.343429493003475e-06,1.2974912099205862,190.46919960621744,24,COMPLETE
3827,33.09159596201798,19.863020149818187,2026-10-06 02:37:48.217155,2026-10-06 02:41:03.891249,0 days 00:03:15.674094,0.51115025563667,0.2284118304472575,0.5667882730348237,10.877854836518644,0.2395452449940939,94.61146042672904,1.4690823188003486,23.475624031055144,0.2975664073833317,0.024099244621516126,4.343429493003475e-06,1.1540267369865085,195.6739690490067,24,COMPLETE
3828,31.219772554064786,10.448289855066621,2026-10-06 02:37:49.332158,2026-10-06 02:40:58.612193,0 days 00:03:09.280035,0.8010869639365119,0.2965654106455736,0.6528524784863969,10.877854836518644,0.6087670929915812,94.61146042672904,0.6419517764288287,5.8774721288796,0.28988344429582863,0.03038027549946027,2.1038771230648366e-06,0.7755186489812931,189.27953427564353,24,COMPLETE
3829,,,2026-10-06 02:37:49.741729,2026-10-06 02:37:50.366061,0 days 00:00:00.624332,0.51115025563667,0.21606902729252941,0.4120579376102117,5.245413993140336,0.2395452449940939,98.6416708615901,1.080654620868664,19.15408445903519,0.007925456797868324,0.0038411172221312147,,0.7699502779177346,,24,PRUNED
3830,48.386667538351325,5.071745025945623,2026-10-06 02:37:50.442153,2026-10-06 02:41:04.098660,0 days 00:03:13.656507,0.9158653711831447,0.7186098618255685,0.4120579376102117,5.245413993140336,0.6087670929915812,94.61146042672904,0.6419517764288287,5.8774721288796,0.026937100580568585,0.03038027549946027,2.1038771230648366e-06,1.1540267369865085,193.65639017987996,24,COMPLETE
3831,56.680458980869844,1.3529290025129481,2026-10-06 02:37:50.445959,2026-10-06 02:40:59.541553,0 days 00:03:09.095594,0.51115025563667,0.8717951055729352,0.20358075665942357,5.245413993140336,0.33279388005294136,94.61146042672904,1.484226923085714,1.4056083189495427,0.08981597176864942,0.024099244621516126,4.343429493003475e-06,1.3890637168667692,189.09549295622855,24,COMPLETE
3832,46.325889440662365,2.901231626963158,2026-10-06 02:37:51.522003,2026-10-06 02:41:03.059280,0 days 00:03:11.537277,0.51115025563667,0.2965654106455736,0.20358075665942357,8.556213008137046,0.2395452449940939,85.69762729633804,0.21292518523710352,5.8774721288796,0.2975664073833317,0.03280586071940829,0.00023428333292156852,1.1540267369865085,191.53715919330716,24,COMPLETE
3833,39.38353468588669,3.718250087544717,2026-10-06 02:38:12.325025,2026-10-06 02:41:27.193889,0 days 00:03:14.868864,0.32522926579248107,0.8717951055729352,0.4120579376102117,43.446699334808095,0.5528423276843912,94.61146042672904,1.484226923085714,2.0798401234344324,0.06802941049346445,0.03038027549946027,4.343429493003475e-06,1.1540267369865085,194.86873020231724,24,COMPLETE
3834,52.78610122026206,1.6881091901621919,2026-10-06 02:38:23.240014,2026-10-06 02:41:39.125400,0 days 00:03:15.885386,0.51115025563667,0.8717951055729352,0.20358075665942357,10.877854836518644,0.506401025718823,98.6416708615901,1.484226923085714,5.8774721288796,0.3676044917349766,0.03280586071940829,4.343429493003475e-06,1.3890637168667692,195.8852708498016,24,COMPLETE
3835,40.462988750571434,1.7291210884166435,2026-10-06 02:38:24.064999,2026-10-06 02:41:34.619706,0 days 00:03:10.554707,0.9158653711831447,0.7186098618255685,0.20358075665942357,5.245413993140336,0.6087670929915812,94.61146042672904,0.6419517764288287,5.8774721288796,0.2975664073833317,0.03038027549946027,4.343429493003475e-06,1.1540267369865085,190.55458761844784,24,COMPLETE
3836,35.18486107933825,13.555620412205464,2026-10-06 02:38:24.430564,2026-10-06 02:41:38.225138,0 days 00:03:13.794574,0.7407180681038071,0.8717951055729352,0.5667882730348237,11.991629079089469,0.33279388005294136,85.69762729633804,0.5301951152807874,41.66154811682372,0.007925456797868324,0.03038027549946027,4.343429493003475e-06,1.2974912099205862,193.79445771314204,24,COMPLETE
3837,54.14535668901645,1.936128235601009,2026-10-06 02:38:24.695169,2026-10-06 02:41:37.728240,0 days 00:03:13.033071,0.51115025563667,0.2965654106455736,0.19400160111159936,5.245413993140336,0.6087670929915812,94.61146042672904,1.4690823188003486,5.8774721288796,0.08173395261699556,0.03280586071940829,4.343429493003475e-06,1.2974912099205862,193.03295290563256,24,COMPLETE
3838,34.88712870938364,15.44968047788559,2026-10-06 02:38:24.823993,2026-10-06 02:41:34.204854,0 days 00:03:09.380861,0.51115025563667,0.2965654106455736,0.5667882730348237,10.877854836518644,0.506401025718823,94.61146042672904,1.080654620868664,45.6508402201298,0.007925456797868324,0.03280586071940829,4.343429493003475e-06,1.3890637168667692,189.38073401805013,24,COMPLETE
3839,51.508974549477465,1.4866137726689042,2026-10-06 02:38:25.124142,2026-10-06 02:41:34.911551,0 days 00:03:09.787409,0.51115025563667,0.8717951055729352,0.12615106220885586,21.183844928151355,0.3519093950798047,94.61146042672904,1.080654620868664,1.4056083189495427,0.08981597176864942,0.021966873773064614,4.343429493003475e-06,1.3890637168667692,189.78728234022856,24,COMPLETE
3840,50.047724631950445,2.4431087731014074,2026-10-06 02:38:26.304992,2026-10-06 02:41:40.239852,0 days 00:03:13.934860,0.51115025563667,0.7186098618255685,0.20358075665942357,5.245413993140336,0.14692212651879782,94.61146042672904,0.6419517764288287,5.8774721288796,0.08173395261699556,0.03038027549946027,4.343429493003475e-06,0.23886283196880004,193.93473500013351,24,COMPLETE
3841,33.245586704408275,5.048816293318984,2026-10-06 02:38:28.281666,2026-10-06 02:41:38.857961,0 days 00:03:10.576295,0.8010869639365119,0.2965654106455736,0.2345370319995722,42.64594024482028,0.33279388005294136,94.61146042672904,1.484226923085714,19.15408445903519,0.15450841561573675,0.03038027549946027,4.343429493003475e-06,0.5441527308709606,190.5761799979955,24,COMPLETE
3842,,,2026-10-06 02:38:30.113000,2026-10-06 02:39:08.721066,0 days 00:00:38.608066,0.51115025563667,0.19189790819770397,0.20358075665942357,10.877854836518644,0.7133275790269553,85.69762729633804,1.2898828018697517,5.8774721288796,0.4212595585654096,0.03038027549946027,4.343429493003475e-06,1.293482514332715,,24,PRUNED
3843,0.13797098551028605,1.1866072097092686,2026-10-06 02:39:00.848024,2026-10-06 02:42:10.122510,0 days 00:03:09.274486,0.7407180681038071,0.2284118304472575,0.013881718984533224,35.0322170947218,0.33279388005294136,85.69762729633804,0.7257345409495506,41.66154811682372,0.007925456797868324,0.03038027549946027,4.343429493003475e-06,1.1540267369865085,189.27435637265444,24,COMPLETE
3844,32.92847663226617,17.44271069059396,2026-10-06 02:39:01.955116,2026-10-06 02:42:13.628503,0 days 00:03:11.673387,0.51115025563667,0.19189790819770397,0.5667882730348237,10.877854836518644,0.33279388005294136,85.69762729633804,1.080654620868664,35.86671955459044,0.2975664073833317,0.03280586071940829,4.343429493003475e-06,1.1540267369865085,191.67325479909778,24,COMPLETE
3845,51.47947198851193,1.4252653313645514,2026-10-06 02:39:02.664992,2026-10-06 02:42:15.459059,0 days 00:03:12.794067,0.51115025563667,0.7186098618255685,0.07651834320555152,5.245413993140336,0.33279388005294136,98.6416708615901,1.484226923085714,14.182822102930093,0.3054149949472662,0.024099244621516126,4.343429493003475e-06,0.23886283196880004,192.79394981544465,24,COMPLETE
3846,56.598135065153244,1.2406479613576529,2026-10-06 02:39:04.728999,2026-10-06 02:42:12.869929,0 days 00:03:08.140930,0.8010869639365119,0.8717951055729352,0.12615106220885586,5.245413993140336,0.3049037081953532,94.61146042672904,1.2898828018697517,1.4056083189495427,0.007925456797868324,0.03280586071940829,4.343429493003475e-06,0.23886283196880004,188.1406841967255,24,COMPLETE
3847,33.82710751366843,18.141524904730726,2026-10-06 02:39:05.577149,2026-10-06 02:42:17.455839,0 days 00:03:11.878690,0.8010869639365119,0.2284118304472575,0.5673687007336011,8.556213008137046,0.2395452449940939,98.6416708615901,0.7087151047775566,14.182822102930093,0.3054149949472662,0.024099244621516126,4.343429493003475e-06,0.7699502779177346,191.8785756295547,24,COMPLETE
3848,26.39864769370785,22.469480637341547,2026-10-06 02:39:07.896990,2026-10-06 02:42:16.966841,0 days 00:03:09.069851,0.8010869639365119,0.07861675458476158,0.807738690329122,11.991629079089469,0.3519093950798047,94.61146042672904,1.2898828018697517,45.6508402201298,0.4212595585654096,0.03280586071940829,4.343429493003475e-06,0.23886283196880004,189.06973504275084,24,COMPLETE
3849,,,2026-10-06 02:39:08.902997,2026-10-06 02:39:09.574357,0 days 00:00:00.671360,0.51115025563667,0.07861675458476158,0.807738690329122,21.183844928151355,0.3049037081953532,94.61146042672904,1.080654620868664,45.6508402201298,0.38876735078105756,0.03038027549946027,,1.2974912099205862,,24,PRUNED
3850,34.56720517173278,16.87573369031368,2026-10-06 02:39:09.863992,2026-10-06 02:42:23.264776,0 days 00:03:13.400784,0.7407180681038071,0.3854986577118159,0.5926143650576037,10.877854836518644,0.33279388005294136,85.69762729633804,1.484226923085714,35.86671955459044,0.2975664073833317,0.03038027549946027,4.343429493003475e-06,1.1540267369865085,193.4006592137739,24,COMPLETE
3851,43.838216432741724,7.225415521371424,2026-10-06 02:39:10.344012,2026-10-06 02:42:22.093227,0 days 00:03:11.749215,0.51115025563667,0.2965654106455736,0.4120579376102117,5.245413993140336,0.33279388005294136,98.6416708615901,0.6419517764288287,5.8774721288796,0.28988344429582863,0.03038027549946027,2.1038771230648366e-06,1.1540267369865085,191.74909214209765,24,COMPLETE
3852,,,2026-10-06 02:39:32.225014,2026-10-06 02:40:11.237265,0 days 00:00:39.012251,1.4640567233853452,0.2965654106455736,0.7716935143195477,8.556213008137046,1.1868065225813522,98.6416708615901,0.7297455375332902,19.15408445903519,0.15450841561573675,0.03038027549946027,4.343429493003475e-06,1.1540267369865085,,24,PRUNED
3853,47.507222453332574,1.5623367044894576,2026-10-06 02:39:34.496016,2026-10-06 02:42:47.979375,0 days 00:03:13.483359,0.7407180681038071,0.2284118304472575,0.12615106220885586,10.877854836518644,0.2395452449940939,98.6416708615901,1.484226923085714,35.86671955459044,0.026937100580568585,0.03280586071940829,4.343429493003475e-06,1.1540267369865085,193.48323733359575,24,COMPLETE
3854,48.22634750181334,3.0951647935791082,2026-10-06 02:39:34.520000,2026-10-06 02:42:47.828219,0 days 00:03:13.308219,0.32522926579248107,0.2965654106455736,0.20358075665942357,5.245413993140336,0.6087670929915812,94.61146042672904,1.484226923085714,19.15408445903519,0.08173395261699556,0.03038027549946027,4.343429493003475e-06,0.8631431068641631,193.30809343606234,24,COMPLETE
3855,40.4602328598961,13.332930584544687,2026-10-06 02:39:35.747113,2026-10-06 02:42:47.155896,0 days 00:03:11.408783,0.8010869639365119,0.8717951055729352,0.4120579376102117,5.245413993140336,0.14692212651879782,98.6416708615901,0.7297455375332902,41.66154811682372,0.08173395261699556,0.019125155130627437,2.1038771230648366e-06,1.209109649444219,191.40864611696452,24,COMPLETE
3856,34.13941318198511,10.732847140515803,2026-10-06 02:39:38.005343,2026-10-06 02:42:50.192642,0 days 00:03:12.187299,1.46417961044138,0.21606902729252941,0.5673687007336011,5.245413993140336,0.33279388005294136,98.6416708615901,0.5056826853200846,35.86671955459044,0.2975664073833317,0.03038027549946027,2.1038771230648366e-06,1.1540267369865085,192.18717859406024,24,COMPLETE
3857,25.565602149745523,26.062131766275947,2026-10-06 02:39:38.195011,2026-10-06 02:42:48.427048,0 days 00:03:10.232037,0.51115025563667,0.07861675458476158,0.807738690329122,12.214752017762354,0.6087670929915812,98.6416708615901,1.080654620868664,45.6508402201298,0.007925456797868324,0.03280586071940829,4.343429493003475e-06,0.23886283196880004,190.23190845176578,24,COMPLETE
3858,25.435962896562298,26.90073826605036,2026-10-06 02:39:38.558997,2026-10-06 02:42:48.745130,0 days 00:03:10.186133,0.51115025563667,0.2965654106455736,0.807738690329122,11.991629079089469,0.33279388005294136,98.6416708615901,1.080654620868664,45.6508402201298,0.08173395261699556,0.03038027549946027,4.343429493003475e-06,0.23886283196880004,190.1860125316307,24,COMPLETE
3859,32.31637917838389,2.500955307436153,2026-10-06 02:39:39.041184,2026-10-06 02:42:51.851041,0 days 00:03:12.809857,0.9158653711831447,0.07861675458476158,0.807738690329122,5.245413993140336,0.3519093950798047,94.61146042672904,0.7257345409495506,1.1445112738702679,0.026937100580568585,0.03280586071940829,2.1038771230648366e-06,1.1540267369865085,192.80974892154336,24,COMPLETE
3860,23.27648963266963,1.2073073959622564,2026-10-06 02:39:39.044975,2026-10-06 02:42:50.038477,0 days 00:03:10.993502,0.2994157425323484,0.8717951055729352,0.05140422055658518,20.000726109884642,0.33279388005294136,19.73323950197318,0.6419517764288287,45.6508402201298,0.007925456797868324,0.03038027549946027,4.343429493003475e-06,1.1540267369865085,190.99339302349836,24,COMPLETE
3861,21.243378112158744,16.936966642283306,2026-10-06 02:39:39.048951,2026-10-06 02:42:51.835527,0 days 00:03:12.786576,0.8010869639365119,0.07861675458476158,0.807738690329122,21.183844928151355,0.14692212651879782,98.6416708615901,1.080654620868664,19.15408445903519,0.007925456797868324,0.03038027549946027,0.002111007451017842,0.23886283196880004,192.7864627726376,24,COMPLETE
3862,54.394382127364324,1.4803036305062216,2026-10-06 02:39:40.220141,2026-10-06 02:42:54.080844,0 days 00:03:13.860703,0.8010869639365119,0.21606902729252941,0.12615106220885586,8.556213008137046,0.2395452449940939,85.69762729633804,1.080654620868664,1.4056083189495427,0.3372985396418654,0.03038027549946027,4.343429493003475e-06,0.2678812614884665,193.86058599222451,24,COMPLETE
3863,,,2026-10-06 02:39:40.803996,2026-10-06 02:39:42.152024,0 days 00:00:01.348028,0.51115025563667,0.8717951055729352,0.5667882730348237,11.991629079089469,0.33279388005294136,98.6416708615901,1.080654620868664,35.86671955459044,0.2975664073833317,0.005580378148371959,,1.1540267369865085,,24,PRUNED
3864,31.466168743925827,11.547784330138615,2026-10-06 02:39:41.091990,2026-10-06 02:42:49.534768,0 days 00:03:08.442778,0.8548572270960194,0.21606902729252941,0.807738690329122,8.556213008137046,0.2395452449940939,98.6416708615901,1.080654620868664,5.8774721288796,0.3161737300984912,0.03038027549946027,4.343429493003475e-06,0.7699502779177346,188.44264428783208,24,COMPLETE
3865,,,2026-10-06 02:39:41.246987,2026-10-06 02:39:42.154343,0 days 00:00:00.907356,0.5800660141864349,0.8717951055729352,0.5667882730348237,20.000726109884642,0.33279388005294136,85.69762729633804,1.080654620868664,45.6508402201298,1.0663819802401513,0.03280586071940829,,1.3890637168667692,,24,PRUNED
3866,36.03811456819519,8.66290325315388,2026-10-06 02:39:42.724007,2026-10-06 02:42:55.497423,0 days 00:03:12.773416,0.7407180681038071,0.19189790819770397,0.5926143650576037,5.245413993140336,0.33279388005294136,98.6416708615901,0.6647046004234107,5.8774721288796,0.08173395261699556,0.03038027549946027,4.343429493003475e-06,1.1540267369865085,192.77330656629056,24,COMPLETE
3867,,,2026-10-06 02:39:42.914997,2026-10-06 02:39:43.290075,0 days 00:00:00.375078,0.51115025563667,0.7186098618255685,0.20358075665942357,5.245413993140336,0.3049037081953532,98.6416708615901,1.080654620868664,45.6508402201298,0.7031863186954617,0.03280586071940829,,0.23886283196880004,,24,PRUNED
3868,48.933241135177184,2.860077371502422,2026-10-06 02:39:42.927600,2026-10-06 02:42:55.139891,0 days 00:03:12.212291,0.7407180681038071,0.19189790819770397,0.20358075665942357,5.245413993140336,0.33279388005294136,98.6416708615901,0.9451214114950863,35.86671955459044,0.3054149949472662,0.03280586071940829,4.343429493003475e-06,1.1540267369865085,192.21217866055667,24,COMPLETE
3869,40.86915857069617,7.195375596452869,2026-10-06 02:39:43.264004,2026-10-06 02:42:51.622089,0 days 00:03:08.358085,0.7407180681038071,0.7186098618255685,0.4120579376102117,11.991629079089469,0.33279388005294136,85.69762729633804,0.6419517764288287,5.8774721288796,0.007925456797868324,0.03038027549946027,4.343429493003475e-06,1.2974912099205862,188.35796905029565,24,COMPLETE
3870,,,2026-10-06 02:39:44.072992,2026-10-06 02:39:44.970074,0 days 00:00:00.897082,0.8146948678679466,0.2965654106455736,0.4120579376102117,11.991629079089469,0.33279388005294136,94.61146042672904,1.484226923085714,19.15408445903519,0.7637024689394131,0.03038027549946027,,1.1540267369865085,,24,PRUNED
3871,36.05214919702787,12.249526691605794,2026-10-06 02:39:44.093121,2026-10-06 02:42:54.927971,0 days 00:03:10.834850,0.51115025563667,0.19189790819770397,0.5667882730348237,10.877854836518644,0.33279388005294136,98.6416708615901,1.080654620868664,8.60074763782948,0.2975664073833317,0.03280586071940829,4.343429493003475e-06,1.1540267369865085,190.8347392687574,24,COMPLETE
3872,37.866489885072085,11.27004592762252,2026-10-06 02:39:44.096953,2026-10-06 02:42:52.694263,0 days 00:03:08.597310,0.51115025563667,0.07861675458476158,0.4120579376102117,5.245413993140336,0.3049037081953532,94.61146042672904,1.080654620868664,45.6508402201298,0.007925456797868324,0.03280586071940829,4.343429493003475e-06,1.1540267369865085,188.59719487372786,24,COMPLETE
3873,33.64533530871639,13.539538191380302,2026-10-06 02:39:45.237004,2026-10-06 02:42:57.650548,0 days 00:03:12.413544,0.51115025563667,0.8717951055729352,0.5667882730348237,21.183844928151355,0.3049037081953532,94.61146042672904,1.080654620868664,41.66154811682372,0.007925456797868324,0.03038027549946027,4.343429493003475e-06,1.209109649444219,192.41342885233462,24,COMPLETE
3874,,,2026-10-06 02:39:46.656999,2026-10-06 02:39:47.482010,0 days 00:00:00.825011,0.002977106003553387,0.8717951055729352,0.20358075665942357,5.245413993140336,0.506401025718823,94.61146042672904,1.484226923085714,3.5058994140142072,1.2530159706149644,0.021966873773064614,,1.1540267369865085,,24,PRUNED
3875,46.16609093304205,2.604365308575787,2026-10-06 02:39:47.550003,2026-10-06 02:42:59.511576,0 days 00:03:11.961573,0.51115025563667,0.07861675458476158,0.20358075665942357,10.877854836518644,0.506401025718823,94.61146042672904,0.7297455375332902,5.8774721288796,0.2975664073833317,0.03038027549946027,0.004005919044996029,1.1540267369865085,191.96145543828607,24,COMPLETE
3876,35.415050976564686,13.165492041582318,2026-10-06 02:40:11.237731,2026-10-06 02:43:21.562779,0 days 00:03:10.325048,0.51115025563667,0.21606902729252941,0.5926143650576037,11.991629079089469,0.506401025718823,85.69762729633804,1.484226923085714,9.009466863706752,0.4212595585654096,0.03280586071940829,4.343429493003475e-06,1.1540267369865085,190.3249273588881,24,COMPLETE
3877,,,2026-10-06 02:40:14.717998,2026-10-06 02:40:15.266103,0 days 00:00:00.548105,0.51115025563667,0.2284118304472575,0.03203078506192588,11.991629079089469,0.33279388005294136,85.69762729633804,1.080654620868664,41.66154811682372,1.1135047495817318,0.03038027549946027,,0.7296704665126732,,24,PRUNED
3878,15.482245895561721,6.045135418152747,2026-10-06 02:40:15.038190,2026-10-06 02:43:27.040916,0 days 00:03:12.002726,0.51115025563667,0.19189790819770397,0.5667882730348237,10.877854836518644,0.33279388005294136,1.80580549031628,0.6419517764288287,5.8774721288796,0.2975664073833317,0.03038027549946027,4.343429493003475e-06,1.1540267369865085,192.00260292552412,24,COMPLETE
3879,30.123804040379497,18.685225513496835,2026-10-06 02:40:15.464999,2026-10-06 02:43:25.258979,0 days 00:03:09.793980,1.1325163080763967,0.21606902729252941,0.807738690329122,8.556213008137046,0.2395452449940939,98.6416708615901,1.080654620868664,35.86671955459044,0.3161737300984912,0.03280586071940829,4.343429493003475e-06,0.7699502779177346,189.7938544927165,24,COMPLETE
3880,13.37681676910565,1.421824087864056,2026-10-06 02:40:17.604000,2026-10-06 02:43:30.359033,0 days 00:03:12.755033,0.9158653711831447,0.2284118304472575,0.12615106220885586,5.245413993140336,0.6087670929915812,1.3884686824708907,0.6419517764288287,1.1445112738702679,0.026937100580568585,0.03280586071940829,2.1038771230648366e-06,1.1540267369865085,192.75491595081985,24,COMPLETE
3881,,,2026-10-06 02:40:18.952998,2026-10-06 02:41:00.399043,0 days 00:00:41.446045,0.8010869639365119,0.21606902729252941,0.047002659745205524,8.556213008137046,0.2395452449940939,98.6416708615901,0.7297455375332902,35.86671955459044,0.4212595585654096,0.024099244621516126,4.343429493003475e-06,0.8170082557984225,,24,PRUNED
3882,42.773243318130724,1.9883066377211343,2026-10-06 02:40:19.870187,2026-10-06 02:43:30.074107,0 days 00:03:10.203920,0.3194780704612019,1.1459735575518928,0.12615106220885586,8.556213008137046,0.2395452449940939,98.6416708615901,0.21292518523710352,22.18909831528809,0.3372985396418654,0.03038027549946027,2.8711239674780613e-06,0.013469334538490751,190.20380428433418,24,COMPLETE
3883,31.472435622046028,19.49260359248845,2026-10-06 02:40:20.448025,2026-10-06 02:43:37.246146,0 days 00:03:16.798121,0.51115025563667,0.7186098618255685,0.807738690329122,21.183844928151355,0.6087670929915812,98.6416708615901,0.6419517764288287,45.6508402201298,0.08173395261699556,0.03280586071940829,4.343429493003475e-06,1.1540267369865085,196.79801085125655,24,COMPLETE
