number,values_0,values_1,datetime_start,datetime_complete,duration,params_between_rest_spread,params_c_spread,params_c_val,params_input_force,params_k_between_spread,params_k_between_val,params_k_wall_spread,params_k_wall_val,params_m_spread,params_m_val,params_ridge_alpha,params_wall_rest_spread,user_attrs_duration_sec,system_attrs_NSGAIISampler:generation,state
4360,26.077448189716097,11.382015503576048,2026-10-06 02:58:51.144011,2026-10-06 03:01:59.713461,0 days 00:03:08.569450,0.51115025563667,0.3710922296723819,0.4120579376102117,10.877854836518644,0.33279388005294136,7.605767937596801,0.6419517764288287,41.66154811682372,0.2975664073833317,0.03038027549946027,2.1038771230648366e-06,1.1540267369865085,188.56931695714593,28,COMPLETE
4361,57.54529563389599,1.2629549488436882,2026-10-06 02:58:51.910501,2026-10-06 03:02:02.558633,0 days 00:03:10.648132,0.9158653711831447,0.2965654106455736,0.12615106220885586,5.245413993140336,0.2395452449940939,94.61146042672904,0.7257345409495506,1.1445112738702679,0.08173395261699556,0.03038027549946027,2.1038771230648366e-06,1.1540267369865085,190.6480091754347,28,COMPLETE
4362,34.04601214650884,11.909262562137773,2026-10-06 02:58:51.917981,2026-10-06 03:02:05.710947,0 days 00:03:13.792966,0.51115025563667,0.2965654106455736,0.5926143650576037,20.397510746948925,0.33279388005294136,94.61146042672904,1.4690823188003486,5.8774721288796,0.08173395261699556,0.03280586071940829,4.343429493003475e-06,1.1540267369865085,193.79282497242093,28,COMPLETE
4363,,,2026-10-06 02:58:54.194006,2026-10-06 02:58:54.978040,0 days 00:00:00.784034,0.51115025563667,0.07861675458476158,0.807738690329122,21.183844928151355,0.2395452449940939,98.6416708615901,0.396687138771568,45.6508402201298,0.3787184497362417,0.0013754045726597898,,0.7699502779177346,,28,PRUNED
4364,26.64986920435441,18.340097964747255,2026-10-06 02:58:54.271992,2026-10-06 03:02:07.625069,0 days 00:03:13.353077,0.51115025563667,0.07861675458476158,0.807738690329122,10.877854836518644,0.33279388005294136,94.61146042672904,0.7297455375332902,41.66154811682372,0.3054149949472662,0.03038027549946027,7.17876333017016e-05,1.2974912099205862,193.35295671690255,28,COMPLETE
4365,38.02130040532243,7.879367716192136,2026-10-06 02:58:54.337225,2026-10-06 03:02:04.268408,0 days 00:03:09.931183,0.9158653711831447,0.7186098618255685,0.4120579376102117,5.245413993140336,0.33279388005294136,37.03755042687915,1.080654620868664,5.8774721288796,0.5127152365298926,0.03038027549946027,2.1038771230648366e-06,1.1540267369865085,189.9310585455969,28,COMPLETE
4366,49.70069236641756,3.0140864227304838,2026-10-06 02:58:54.658003,2026-10-06 03:02:10.620816,0 days 00:03:15.962813,0.8010869639365119,0.7186098618255685,0.2345370319995722,5.245413993140336,0.33279388005294136,94.61146042672904,1.484226923085714,19.15408445903519,0.15450841561573675,0.03038027549946027,4.343429493003475e-06,1.1540267369865085,195.962697211653,28,COMPLETE
4367,,,2026-10-06 02:58:54.854357,2026-10-06 02:59:32.979066,0 days 00:00:38.124709,0.51115025563667,0.19189790819770397,0.5667882730348237,10.877854836518644,0.6087670929915812,98.6416708615901,1.484226923085714,12.371756168223909,0.2975664073833317,0.03038027549946027,2.1038771230648366e-06,1.254504010112191,,28,PRUNED
4368,,,2026-10-06 02:58:55.149005,2026-10-06 02:58:55.960029,0 days 00:00:00.811024,0.8548572270960194,0.2284118304472575,0.5667882730348237,5.245413993140336,0.2395452449940939,98.6416708615901,1.4690823188003486,23.475624031055144,1.3310459013079574,0.03038027549946027,,1.2267307691914986,,28,PRUNED
4369,31.30886996937348,20.271178846113486,2026-10-06 02:58:55.847145,2026-10-06 03:02:10.644554,0 days 00:03:14.797409,0.51115025563667,0.48628333026250986,0.807738690329122,5.245413993140336,0.6087670929915812,98.6416708615901,1.080654620868664,35.86671955459044,0.08173395261699556,0.03038027549946027,2.1038771230648366e-06,0.23886283196880004,194.7973035480827,28,COMPLETE
4370,43.57822978200561,7.360120814590488,2026-10-06 02:58:55.976115,2026-10-06 03:02:04.569094,0 days 00:03:08.592979,0.8010869639365119,0.2965654106455736,0.4120579376102117,5.245413993140336,0.33279388005294136,94.61146042672904,0.6419517764288287,5.8774721288796,0.4212595585654096,0.03038027549946027,2.1038771230648366e-06,0.7699502779177346,188.59286100417376,28,COMPLETE
4371,,,2026-10-06 02:58:56.840016,2026-10-06 02:58:59.018065,0 days 00:00:02.178049,0.8010869639365119,0.8715336252138003,0.4120579376102117,38.859555751209086,0.6087670929915812,98.6416708615901,0.6419517764288287,5.8774721288796,0.2975664073833317,0.015609944269981803,,0.7699502779177346,,28,PRUNED
4372,,,2026-10-06 02:58:57.132990,2026-10-06 02:59:33.878028,0 days 00:00:36.745038,0.7407180681038071,0.7186098618255685,0.4120579376102117,5.245413993140336,0.6087670929915812,98.6416708615901,1.080654620868664,19.15408445903519,0.5129439375993092,0.03038027549946027,2.1038771230648366e-06,1.1540267369865085,,28,PRUNED
4373,,,2026-10-06 02:58:57.854150,2026-10-06 02:58:58.771069,0 days 00:00:00.916919,0.51115025563667,0.07861675458476158,0.807738690329122,21.183844928151355,0.2395452449940939,98.6416708615901,0.396687138771568,45.6508402201298,0.3787184497362417,0.0021222315199427356,,0.7699502779177346,,28,PRUNED
4374,40.66483463467744,5.475715096302873,2026-10-06 02:58:59.732630,2026-10-06 03:02:06.612694,0 days 00:03:06.880064,0.51115025563667,0.8717951055729352,0.5667882730348237,10.877854836518644,0.33279388005294136,98.6416708615901,1.080654620868664,41.66154811682372,0.08173395261699556,0.05933744813773719,4.343429493003475e-06,1.2974912099205862,186.87994145974517,28,COMPLETE
4375,31.763371770217343,14.732637578910067,2026-10-06 02:58:59.735969,2026-10-06 03:02:09.468858,0 days 00:03:09.732889,0.8548572270960194,0.2284118304472575,0.807738690329122,21.183844928151355,0.6087670929915812,98.6416708615901,1.080654620868664,5.8774721288796,0.08173395261699556,0.03038027549946027,4.343429493003475e-06,1.2267307691914986,189.7327891662717,28,COMPLETE
4376,,,2026-10-06 02:58:59.876001,2026-10-06 02:59:00.529031,0 days 00:00:00.653030,0.8548572270960194,0.21606902729252941,0.4120579376102117,8.556213008137046,0.6087670929915812,98.6416708615901,0.5631021303469503,35.86671955459044,1.1062743843764493,0.024099244621516126,,0.7699502779177346,,28,PRUNED
4377,32.17425413195383,10.650245195561391,2026-10-06 02:59:00.008142,2026-10-06 03:02:13.674515,0 days 00:03:13.666373,0.8010869639365119,0.2284118304472575,0.4120579376102117,5.245413993140336,0.506401025718823,41.690863180030114,0.5631021303469503,12.371756168223909,0.28988344429582863,0.03038027549946027,4.343429493003475e-06,1.1266510612293925,193.66625894233584,28,COMPLETE
4378,40.38590387924599,9.609568275570247,2026-10-06 02:59:00.778993,2026-10-06 03:02:12.109972,0 days 00:03:11.330979,0.7349123322129982,0.2965654106455736,0.4120579376102117,5.245413993140336,0.33279388005294136,94.61146042672904,1.2898828018697517,19.15408445903519,0.15450841561573675,0.03038027549946027,2.1038771230648366e-06,0.7699502779177346,191.33087137434632,28,COMPLETE
4379,,,2026-10-06 02:59:01.228006,2026-10-06 02:59:42.810104,0 days 00:00:41.582098,0.51115025563667,0.07861675458476158,0.807738690329122,21.183844928151355,0.5557547632162355,98.6416708615901,0.396687138771568,45.6508402201298,0.3787184497362417,0.03038027549946027,2.1038771230648366e-06,0.7699502779177346,,28,PRUNED
4380,25.62179697535027,26.518957060903766,2026-10-06 02:59:01.925007,2026-10-06 03:02:13.593540,0 days 00:03:11.668533,0.51115025563667,0.07861675458476158,0.807738690329122,21.183844928151355,0.3519093950798047,94.61146042672904,0.27646302535127043,45.6508402201298,0.3054149949472662,0.03038027549946027,4.343429493003475e-06,1.2974912099205862,191.66841174196452,28,COMPLETE
4381,,,2026-10-06 02:59:03.099158,2026-10-06 02:59:03.972060,0 days 00:00:00.872902,0.8548572270960194,0.7186098618255685,0.2345370319995722,5.245413993140336,0.6087670929915812,98.6416708615901,1.4690823188003486,5.8774721288796,0.8323833749636387,0.03038027549946027,,1.13920295109868,,28,PRUNED
4382,10.935509609568204,1.4476552672680545,2026-10-06 02:59:04.196007,2026-10-06 03:02:12.264898,0 days 00:03:08.068891,0.8010869639365119,0.2965654106455736,0.19400160111159936,43.15263442089001,0.6087670929915812,3.295844494184038,1.484226923085714,5.8774721288796,0.08173395261699556,0.03280586071940829,4.343429493003475e-06,1.2974912099205862,188.0687818620354,28,COMPLETE
4383,34.23040474146033,15.848841539826799,2026-10-06 02:59:27.284044,2026-10-06 03:02:37.034257,0 days 00:03:09.750213,1.1546551456676255,0.03718171917589408,0.5667882730348237,18.538269048184436,0.6087670929915812,98.6416708615901,0.7297455375332902,14.182822102930093,0.007925456797868324,0.03038027549946027,2.1038771230648366e-06,1.1540267369865085,189.75008582044393,28,COMPLETE
4384,34.107462367300336,4.3612636799529625,2026-10-06 02:59:30.614292,2026-10-06 03:02:42.668555,0 days 00:03:12.054263,0.8010869639365119,0.7186098618255685,0.2345370319995722,5.245413993140336,0.33279388005294136,25.79234823503344,1.484226923085714,5.8774721288796,0.28988344429582863,0.03038027549946027,4.343429493003475e-06,0.08121331816495808,192.0541419023648,28,COMPLETE
4385,35.54194644936264,15.901612606674021,2026-10-06 02:59:30.637976,2026-10-06 03:02:44.135921,0 days 00:03:13.497945,0.6775759777641851,0.7186098618255685,0.5667882730348237,5.245413993140336,0.33279388005294136,98.6416708615901,1.4690823188003486,23.475624031055144,0.3054149949472662,0.024099244621516126,4.343429493003475e-06,0.23886283196880004,193.49780570343137,28,COMPLETE
4386,42.59732603395988,3.2734099072385234,2026-10-06 02:59:31.871999,2026-10-06 03:02:42.975387,0 days 00:03:11.103388,0.7407180681038071,0.2965654106455736,0.4120579376102117,47.94277082913593,0.33279388005294136,98.6416708615901,1.2898828018697517,1.4056083189495427,0.4212595585654096,0.03280586071940829,4.343429493003475e-06,1.3890637168667692,191.10326048918068,28,COMPLETE
4387,,,2026-10-06 02:59:33.137000,2026-10-06 02:59:33.718521,0 days 00:00:00.581521,0.8010869639365119,0.07861675458476158,0.807738690329122,21.183844928151355,1.1647959394330165,98.6416708615901,0.7297455375332902,45.6508402201298,0.2975664073833317,0.03038027549946027,,1.2974912099205862,,28,PRUNED
4388,33.76916021079095,17.053088535549122,2026-10-06 02:59:33.823982,2026-10-06 03:02:37.360444,0 days 00:03:03.536462,0.7407180681038071,0.3710922296723819,0.5926143650576037,10.877854836518644,0.33279388005294136,98.6416708615901,0.4881549444578172,35.86671955459044,0.2975664073833317,0.03280586071940829,4.343429493003475e-06,1.1540267369865085,183.53633923828602,28,COMPLETE
4389,32.276686999437985,13.235815399236428,2026-10-06 02:59:33.894122,2026-10-06 03:02:44.659248,0 days 00:03:10.765126,0.7407180681038071,0.19189790819770397,0.4120579376102117,25.867828445886826,0.33279388005294136,85.69762729633804,1.080654620868664,35.86671955459044,0.2975664073833317,0.03038027549946027,4.343429493003475e-06,1.1540267369865085,190.76500782649964,28,COMPLETE
4390,48.19935179019203,2.6358183478466763,2026-10-06 02:59:33.897959,2026-10-06 03:02:46.674562,0 days 00:03:12.776603,0.51115025563667,0.07861675458476158,0.19400160111159936,9.199499725616429,0.6087670929915812,94.61146042672904,1.102858553722218,5.8774721288796,0.007925456797868324,0.03038027549946027,2.1038771230648366e-06,1.2974912099205862,192.77648842521012,28,COMPLETE
4391,,,2026-10-06 02:59:34.755999,2026-10-06 02:59:35.322066,0 days 00:00:00.566067,0.7407180681038071,0.3710922296723819,0.4120579376102117,8.556213008137046,0.09546531762953042,98.6416708615901,1.484226923085714,41.66154811682372,0.4212595585654096,0.0015241546034203202,,1.1540267369865085,,28,PRUNED
4392,,,2026-10-06 02:59:35.528166,2026-10-06 02:59:37.422047,0 days 00:00:01.893881,0.51115025563667,0.48628333026250986,0.4120579376102117,12.214752017762354,0.33279388005294136,94.61146042672904,1.484226923085714,45.6508402201298,0.08173395261699556,0.015023849182758713,,0.23886283196880004,,28,PRUNED
4393,55.18603177180959,1.4984814907568422,2026-10-06 02:59:35.721987,2026-10-06 03:02:47.441279,0 days 00:03:11.719292,0.9158653711831447,0.7186098618255685,0.2824896526670076,5.245413993140336,0.2395452449940939,98.6416708615901,0.7257345409495506,1.1445112738702679,0.007925456797868324,0.03280586071940829,2.1038771230648366e-06,1.1540267369865085,191.7191794887185,28,COMPLETE
4394,52.85243294591892,1.385445218871705,2026-10-06 02:59:36.626408,2026-10-06 03:02:54.078608,0 days 00:03:17.452200,0.9158653711831447,0.2965654106455736,0.4120579376102117,5.245413993140336,0.2395452449940939,98.6416708615901,0.7257345409495506,1.1445112738702679,0.28988344429582863,0.04942983510172262,2.1038771230648366e-06,1.1540267369865085,197.45207911822945,28,COMPLETE
4395,,,2026-10-06 02:59:36.629964,2026-10-06 02:59:37.702178,0 days 00:00:01.072214,0.51115025563667,0.7186098618255685,0.2345370319995722,5.245413993140336,0.506401025718823,98.6416708615901,1.484226923085714,77.20991981282468,0.3054149949472662,0.003669751114452124,,1.2974912099205862,,28,PRUNED
4396,,,2026-10-06 02:59:37.112029,2026-10-06 02:59:38.010074,0 days 00:00:00.898045,0.7407180681038071,0.3710922296723819,0.5926143650576037,10.877854836518644,0.33279388005294136,98.6416708615901,1.484226923085714,35.86671955459044,0.2975664073833317,0.003435544851761564,,1.1540267369865085,,28,PRUNED
4397,,,2026-10-06 02:59:38.268156,2026-10-06 02:59:39.100149,0 days 00:00:00.831993,0.7123418565646167,0.19189790819770397,0.4120579376102117,5.245413993140336,0.2395452449940939,94.61146042672904,0.7257345409495506,1.1445112738702679,0.08173395261699556,0.0019987670381663184,,1.1540267369865085,,28,PRUNED
4398,40.258537360062405,9.578170874083197,2026-10-06 02:59:38.271960,2026-10-06 03:02:49.577871,0 days 00:03:11.305911,0.51115025563667,0.19189790819770397,0.4120579376102117,5.245413993140336,0.33279388005294136,85.69762729633804,1.484226923085714,19.15408445903519,0.15450841561573675,0.03038027549946027,2.1038771230648366e-06,1.1540267369865085,191.3058026889339,28,COMPLETE
4399,,,2026-10-06 02:59:38.275945,2026-10-06 02:59:38.592005,0 days 00:00:00.316060,0.51115025563667,0.2965654106455736,0.807738690329122,21.183844928151355,0.33279388005294136,94.61146042672904,1.484226923085714,45.6508402201298,0.3936576523393438,0.03038027549946027,,0.7699502779177346,,28,PRUNED
4400,40.52110793722161,1.8058677696546006,2026-10-06 02:59:39.543999,2026-10-06 03:02:50.540844,0 days 00:03:10.996845,0.8010869639365119,0.07861675458476158,0.0881413928442144,10.877854836518644,0.2395452449940939,98.6416708615901,0.39552867473326975,45.6508402201298,0.2975664073833317,0.024099244621516126,4.343429493003475e-06,0.7735168533170795,190.99672911688685,28,COMPLETE
4401,37.401729054414055,12.420222041760054,2026-10-06 02:59:39.559978,2026-10-06 03:02:48.704014,0 days 00:03:09.144036,0.51115025563667,0.2965654106455736,0.4120579376102117,11.991629079089469,0.33279388005294136,85.69762729633804,1.484226923085714,35.86671955459044,0.28988344429582863,0.03038027549946027,4.343429493003475e-06,1.2446694362299304,189.1439171526581,28,COMPLETE
4402,44.550443769084936,1.3414233288178354,2026-10-06 02:59:40.166988,2026-10-06 03:02:48.839770,0 days 00:03:08.672782,0.51115025563667,0.2965654106455736,0.19400160111159936,5.245413993140336,0.33279388005294136,94.61146042672904,1.4690823188003486,5.8774721288796,0.15450841561573675,0.03280586071940829,0.04143653397372214,1.1540267369865085,188.6726508103311,28,COMPLETE
4403,21.51039306063882,4.350304298663654,2026-10-06 02:59:40.251140,2026-10-06 03:02:51.486642,0 days 00:03:11.235502,1.3581136095130657,0.07861675458476158,0.5926143650576037,21.183844928151355,0.33279388005294136,94.61146042672904,0.39116038611595266,35.86671955459044,0.2975664073833317,0.03280586071940829,10.46211693685711,1.2974912099205862,191.23538503423333,28,COMPLETE
4404,,,2026-10-06 02:59:40.254957,2026-10-06 03:00:20.486065,0 days 00:00:40.231108,0.7407180681038071,0.19189790819770397,0.5667882730348237,8.556213008137046,0.33279388005294136,98.6416708615901,0.657614393748629,5.052648122379431,0.7497597404230232,0.03280586071940829,4.343429493003475e-06,1.2974912099205862,,28,PRUNED
4405,26.53913759616729,20.004427153204173,2026-10-06 02:59:43.032004,2026-10-06 03:02:54.112282,0 days 00:03:11.080278,1.42777484847898,0.07861675458476158,0.807738690329122,27.695845461470537,0.6087670929915812,98.6416708615901,1.080654620868664,45.6508402201298,0.007925456797868324,0.03038027549946027,2.1038771230648366e-06,1.2974912099205862,191.08016910217702,28,COMPLETE
4406,31.128357525767683,3.7197727035588666,2026-10-06 03:00:09.832152,2026-10-06 03:03:20.819882,0 days 00:03:10.987730,0.7123418565646167,0.19189790819770397,0.4120579376102117,5.245413993140336,0.6087670929915812,85.69762729633804,0.7297455375332902,14.182822102930093,0.08173395261699556,0.03038027549946027,0.012731006363628202,1.1540267369865085,190.98759750463068,28,COMPLETE
4407,28.82104404799635,1.3499861457340723,2026-10-06 03:00:11.252996,2026-10-06 03:03:28.283843,0 days 00:03:17.030847,0.51115025563667,0.7186098618255685,0.20358075665942357,5.245413993140336,0.33279388005294136,98.6416708615901,1.3738129475607725,12.371756168223909,0.28988344429582863,0.024099244621516126,28.339617489338597,0.23886283196880004,197.03072652593255,28,COMPLETE
4408,36.76124166887864,10.601974031864264,2026-10-06 03:00:11.723991,2026-10-06 03:03:29.218656,0 days 00:03:17.494665,0.51115025563667,0.2284118304472575,0.4120579376102117,5.245413993140336,0.2395452449940939,94.61146042672904,0.7257345409495506,19.15408445903519,0.026937100580568585,0.03038027549946027,4.343429493003475e-06,0.7990821633855985,197.4945360245183,28,COMPLETE
4409,,,2026-10-06 03:00:11.925182,2026-10-06 03:02:07.059522,0 days 00:01:55.134340,0.51115025563667,0.19189790819770397,0.5667882730348237,11.991629079089469,0.33279388005294136,98.6416708615901,1.484226923085714,35.86671955459044,0.007925456797868324,0.03038027549946027,4.343429493003475e-06,1.2974912099205862,,28,PRUNED
4410,46.60655845964432,5.609943537687489,2026-10-06 03:00:12.376005,2026-10-06 03:03:25.133968,0 days 00:03:12.757963,0.9158653711831447,0.7186098618255685,0.4120579376102117,5.245413993140336,0.5557547632162355,98.6416708615901,0.6419517764288287,5.8774721288796,0.08173395261699556,0.03038027549946027,2.1038771230648366e-06,0.7699502779177346,192.7578482395038,28,COMPLETE
4411,34.59272143299321,16.71217991808432,2026-10-06 03:00:12.561165,2026-10-06 03:03:21.977833,0 days 00:03:09.416668,0.7123418565646167,0.3710922296723819,0.5667882730348237,5.245413993140336,0.6087670929915812,98.6416708615901,0.7297455375332902,41.66154811682372,0.08173395261699556,0.03038027549946027,2.1038771230648366e-06,0.3087654291085318,189.4165355777368,28,COMPLETE
4412,,,2026-10-06 03:00:12.572974,2026-10-06 03:00:50.405879,0 days 00:00:37.832905,0.7407180681038071,0.21606902729252941,0.5926143650576037,11.991629079089469,0.8555515623904386,85.69762729633804,1.4690823188003486,35.86671955459044,0.4212595585654096,0.03038027549946027,4.343429493003475e-06,0.7699502779177346,,28,PRUNED
4413,34.44343314325221,7.733944958558949,2026-10-06 03:00:13.049131,2026-10-06 03:03:28.097856,0 days 00:03:15.048725,0.8548572270960194,0.19189790819770397,0.4120579376102117,48.30144033070259,0.33279388005294136,98.6416708615901,1.3226567598083954,5.8774721288796,0.08173395261699556,0.03038027549946027,4.343429493003475e-06,1.2267307691914986,195.04859617725015,28,COMPLETE
4414,47.770836639871305,4.290350680374303,2026-10-06 03:00:14.039998,2026-10-06 03:03:28.341996,0 days 00:03:14.301998,0.51115025563667,0.9227827307613549,0.4120579376102117,5.245413993140336,0.6087670929915812,94.61146042672904,1.4690823188003486,5.8774721288796,0.08173395261699556,0.03038027549946027,4.343429493003475e-06,1.2974912099205862,194.3018979486078,28,COMPLETE
4415,,,2026-10-06 03:00:14.793571,2026-10-06 03:02:09.187761,0 days 00:01:54.394190,0.13888247635207412,0.8059564568849952,0.5667882730348237,11.991629079089469,0.33279388005294136,85.69762729633804,1.484226923085714,41.66154811682372,0.08173395261699556,0.024099244621516126,0.0003477530376583508,0.7296704665126732,,28,PRUNED
4416,29.133019901154306,21.01226351011926,2026-10-06 03:00:16.056984,2026-10-06 03:03:27.343354,0 days 00:03:11.286370,0.32522926579248107,0.07861675458476158,0.807738690329122,21.183844928151355,0.6087670929915812,98.6416708615901,1.484226923085714,19.15408445903519,0.15450841561573675,0.03038027549946027,2.1038771230648366e-06,1.2974912099205862,191.28627007454634,28,COMPLETE
4417,,,2026-10-06 03:00:17.052997,2026-10-06 03:02:15.358057,0 days 00:01:58.305060,0.51115025563667,0.2965654106455736,0.4120579376102117,5.245413993140336,0.6087670929915812,5.476340020155588,1.484226923085714,5.8774721288796,0.15450841561573675,0.004122583049993789,4.343429493003475e-06,1.2974912099205862,,28,PRUNED
4418,48.92436005031298,3.1686162011135828,2026-10-06 03:00:17.084134,2026-10-06 03:03:26.991459,0 days 00:03:09.907325,0.8010869639365119,0.7186098618255685,0.2345370319995722,10.877854836518644,0.506401025718823,98.6416708615901,1.484226923085714,12.371756168223909,0.28988344429582863,0.03038027549946027,4.343429493003475e-06,1.2974912099205862,189.90722241811454,28,COMPLETE
4419,43.49069355008927,2.9644091858987665,2026-10-06 03:00:17.087957,2026-10-06 03:03:27.688404,0 days 00:03:10.600447,0.8010869639365119,0.8715336252138003,0.4120579376102117,5.245413993140336,0.6087670929915812,98.6416708615901,1.484226923085714,5.8774721288796,0.08173395261699556,0.03038027549946027,0.0004950061802496379,0.23886283196880004,190.60033044684678,28,COMPLETE
