number,values_0,values_1,datetime_start,datetime_complete,duration,params_between_rest_spread,params_c_spread,params_c_val,params_input_force,params_k_between_spread,params_k_between_val,params_k_wall_spread,params_k_wall_val,params_m_spread,params_m_val,params_ridge_alpha,params_wall_rest_spread,user_attrs_duration_sec,system_attrs_NSGAIISampler:generation,state
392,,,2026-10-06 00:24:17.684150,2026-10-06 00:24:18.239708,0 days 00:00:00.555558,0.6672137354754455,0.1430034465046131,0.03240094579624807,25.234946341998025,1.2957825863457457,49.7837090928796,1.1068767969628939,2.688509826508115,0.0236399030193733,0.01243296348474512,,0.17248374444296138,,1,PRUNED
393,17.11134678236683,1.2831144378371162,2026-10-06 00:24:18.410166,2026-10-06 00:27:34.393244,0 days 00:03:15.983078,0.6672137354754455,0.1430034465046131,0.03240094579624807,25.234946341998025,0.4424930116262647,49.7837090928796,0.09918475277409838,38.342083961233584,0.7360596685479106,0.04307095774988902,25.884048700332063,1.0281652581298224,195.98298062756658,1,COMPLETE
394,18.306153079001135,11.446863670858088,2026-10-06 00:24:18.426986,2026-10-06 00:27:30.607426,0 days 00:03:12.180440,0.8861887783233188,0.4774636695198178,0.4120579376102117,16.606931230784816,0.17665571526270746,25.088361291801984,0.6190885998388953,2.029882838261563,0.26083598793965107,0.007361010447850752,0.004475392410627206,0.6004925208325128,192.18035025149584,1,COMPLETE
395,29.502414767815093,1.345881300539368,2026-10-06 00:24:18.837000,2026-10-06 00:27:24.156820,0 days 00:03:05.319820,0.447684485641811,0.3233389271032242,0.11720021795877078,41.645467536664455,0.6454873286650737,3.9357948336652977,0.12486747625813921,86.57068482598544,0.6612894906970102,0.037495759622009746,0.00014447613183128302,1.3458907086260936,185.31972323637456,1,COMPLETE
396,27.477555975886474,1.4152919260265617,2026-10-06 00:24:19.054983,2026-10-06 00:27:28.577969,0 days 00:03:09.522986,1.1917921473199087,0.2965654106455736,0.10626861340244535,18.677678184085455,1.4587170185674183,9.235458204740613,0.6419517764288287,23.475624031055144,0.573538310576864,0.05061331531697255,1.7201014311893553e-06,1.4242474729910322,189.5228874012828,1,COMPLETE
397,,,2026-10-06 00:24:19.428160,2026-10-06 00:24:19.575051,0 days 00:00:00.146891,0.4428292606447327,1.0562250660985053,0.5799701872746303,8.794323001260684,0.29675499538560296,85.69762729633804,0.9356883984494996,1.1282993084044803,0.007925456797868324,0.022132402954529992,,1.4891500624393408,,1,PRUNED
398,12.850310424083952,1.2596674410082955,2026-10-06 00:24:19.844005,2026-10-06 00:27:27.152543,0 days 00:03:07.308538,1.1917921473199087,1.4171906161132197,0.10626861340244535,33.9380098820464,0.6972006830634494,7.125407644071185,0.8823290122861125,2.072575382240667,0.6090347819639532,0.03556734849252024,1.7201014311893553e-06,1.4242474729910322,187.30844372604042,1,COMPLETE
399,6.367756447896571,1.2430501407353,2026-10-06 00:24:32.400144,2026-10-06 00:28:01.225907,0 days 00:03:28.825763,0.40850457384124506,1.4213742695162754,0.012563215214587592,28.438804330347757,0.7710589782617625,3.0919376442930018,0.552627040231007,1.074139221580048,0.10391133624423021,0.020403158402949238,0.000932205033998621,0.6939321720421103,208.82566386740655,1,COMPLETE
400,16.039234093208297,2.572004162601339,2026-10-06 00:24:50.136167,2026-10-06 00:28:06.718571,0 days 00:03:16.582404,0.7029342189191757,0.41930250301931776,0.1347521461063753,37.573879857032495,0.3201011955575039,32.46841509414121,0.42875890372816183,1.2001363989388558,0.2975664073833317,0.008187777701692859,2.9442330109354824,0.2678812614884665,196.58230360690504,1,COMPLETE
401,35.43379237271525,1.4727778273850205,2026-10-06 00:24:50.159981,2026-10-06 00:28:03.965869,0 days 00:03:13.805888,0.39568328879440856,0.9056915392647674,0.11369858697944095,5.814557047239577,0.631975484387248,16.211255471509773,0.4740161859265573,2.072575382240667,1.1791218744906238,0.06668334722343025,1.1762488306807034e-06,0.9700520747024954,193.8057845737785,1,COMPLETE
402,12.805493307480367,1.3393495078345805,2026-10-06 00:24:53.214123,2026-10-06 00:28:07.636852,0 days 00:03:14.422729,0.28264339038386793,0.2965654106455736,0.0914688537346766,33.001074208937,1.4587170185674183,2.249261103529477,0.6419517764288287,18.756371973043514,0.21135046551174902,0.03280586071940829,0.00023455457478105328,0.4798845505629669,194.42263051494956,1,COMPLETE
403,19.95641593674582,1.3495506968728272,2026-10-06 00:24:55.517997,2026-10-06 00:28:05.639542,0 days 00:03:10.121545,1.1379129731684179,0.1430034465046131,0.08837582562659566,11.910918541531306,0.5855379267962546,1.2305092695987363,0.20357229172011587,38.342083961233584,1.0749850412981183,0.04307095774988902,25.884048700332063,1.0281652581298224,190.1214576466009,1,COMPLETE
404,,,2026-10-06 00:24:56.427133,2026-10-06 00:24:56.782031,0 days 00:00:00.354898,0.7535562568504046,0.527164092890509,0.09005234812447538,15.17648164928141,0.2395452449940939,98.6416708615901,1.394035285276604,14.182822102930093,0.7685554742107898,0.024099244621516126,,0.3066293241794842,,1,PRUNED
405,28.089113483304896,1.2864781468116222,2026-10-06 00:24:57.260169,2026-10-06 00:28:01.686568,0 days 00:03:04.426399,0.4428292606447327,0.2284118304472575,0.2297655624989891,16.606931230784816,1.1150028353905197,23.75651437630374,0.6165960852108494,2.029882838261563,0.405915846546168,0.08804378717982243,0.0011757094612474103,0.9092751429584793,184.42630132008344,1,COMPLETE
406,,,2026-10-06 00:26:04.520001,2026-10-06 00:28:41.710110,0 days 00:02:37.190109,0.51115025563667,0.6742804161302214,0.5667882730348237,16.18523914545625,1.35460707310614,2.9411184445840823,0.3849061930847223,2.202768260511427,1.3757940993053195,0.09451323812326916,3.680314106392975e-06,0.8336722019806058,,1,PRUNED
407,12.234853099928687,2.08962888134387,2026-10-06 00:26:13.041010,2026-10-06 00:29:18.422163,0 days 00:03:05.381153,0.19630735827449874,0.6742804161302214,0.43924077238643416,11.453469267944222,0.6771629944811298,2.9411184445840823,1.1786567612495638,2.202768260511427,0.194083030357998,0.024099244621516126,11.098946419923507,0.3066293241794842,185.3810613695532,1,COMPLETE
408,22.963137339620573,5.129382481217794,2026-10-06 00:26:26.399010,2026-10-06 00:29:50.315449,0 days 00:03:23.916439,0.2994157425323484,0.5088079218375162,0.09005234812447538,5.245413993140336,1.0774031071944332,2.9615022659031585,0.6190885998388953,1.1282993084044803,0.7685554742107898,0.007361010447850752,0.0004693315590468239,1.4891500624393408,203.9163350602612,1,COMPLETE
409,,,2026-10-06 00:26:33.347010,2026-10-06 00:26:34.400060,0 days 00:00:01.053050,0.2994157425323484,1.0562250660985053,0.5662816343755678,21.183844928151355,0.4341680398448426,85.69762729633804,0.9356883984494996,1.3290341234086505,0.007925456797868324,0.015181544289728061,,0.4404708764418815,,1,PRUNED
410,19.37710872696288,1.2385158826808373,2026-10-06 00:26:34.488062,2026-10-06 00:29:50.973386,0 days 00:03:16.485324,0.8861887783233188,0.866286093825257,0.1026017143088177,33.17033856339264,0.17665571526270746,28.49625208483805,0.21292518523710352,2.029882838261563,0.6190501002082973,0.08804378717982243,0.00025109321465952223,0.7296704665126732,196.4852218478918,1,COMPLETE
411,17.182964611246053,3.912228411567076,2026-10-06 00:26:39.348193,2026-10-06 00:29:51.557484,0 days 00:03:12.209291,0.8861887783233188,0.2284118304472575,0.6443949852851695,18.677678184085455,0.17665571526270746,25.088361291801984,0.6419517764288287,2.029882838261563,0.04206136129933902,0.03280586071940829,0.04158604233449397,0.7296704665126732,192.20918968319893,1,COMPLETE
412,6.750142160304833,1.192363752835665,2026-10-06 00:26:40.618990,2026-10-06 00:29:49.952017,0 days 00:03:09.333027,0.3682130327622703,0.6501700509580446,0.017069998532095714,14.08966309271077,0.8836007847582239,1.141452592801382,0.6870604803970851,1.1972711926573105,0.515029274137429,0.02010386455494312,5.294199628561887e-06,0.6445692020666484,189.33292519766837,1,COMPLETE
413,22.254059057493272,3.4972808826682913,2026-10-06 00:26:41.700348,2026-10-06 00:29:55.824795,0 days 00:03:14.124447,0.447684485641811,0.8304682506740793,0.34699519698385084,49.168071302148626,0.05714116461716917,42.44223698016689,0.38106229976815414,5.8774721288796,0.089910785226051,0.037495759622009746,0.00014447613183128302,1.1540267369865085,194.12032848782837,1,COMPLETE
414,28.344759001408278,1.2269449166629336,2026-10-06 00:26:43.522005,2026-10-06 00:29:57.072143,0 days 00:03:13.550138,0.22557074171973307,0.5203487901288681,0.053131361676298165,37.82514248798617,0.4047073413009267,65.15119547276676,0.3082481893581244,1.0911664422198941,0.5501285210765905,0.06489821168481985,0.007120294513587467,1.0498365290372507,193.55005055852234,1,COMPLETE
415,,,2026-10-06 00:26:43.762018,2026-10-06 00:26:44.099056,0 days 00:00:00.337038,0.7535562568504046,0.4912316077114617,0.06866269864156459,34.650705158035905,0.6214878688098426,43.73966881296391,0.6190885998388953,1.2726643023599822,0.7115414226689059,0.007361010447850752,,0.5306304553896439,,1,PRUNED
416,15.255302232470257,1.331507599749995,2026-10-06 00:26:44.285139,2026-10-06 00:29:55.800819,0 days 00:03:11.515680,1.3426389093843176,0.26436360806232834,0.11369858697944095,12.404456665881645,0.8641627247678014,2.9667093425059705,0.25492469724228567,10.195345414647532,0.4212595585654096,0.06668334722343025,1.1762488306807034e-06,1.2901400551275988,191.51558404322714,1,COMPLETE
417,4.339757632068445,1.1340833894693685,2026-10-06 00:26:44.667998,2026-10-06 00:29:58.158484,0 days 00:03:13.490486,0.8624802261655569,0.6501700509580446,0.03706303152753862,14.08966309271077,1.3277492237003208,1.0099394084514903,0.4416815336496338,1.2420835545533897,0.034451088911187255,0.05649962959904967,1.026257007697419e-06,0.42784406768033983,193.490399973467,1,COMPLETE
418,24.972206227774006,1.1726954568408274,2026-10-06 00:26:44.841000,2026-10-06 00:30:00.357660,0 days 00:03:15.516660,0.44302975454438503,0.03589241939230381,0.1347521461063753,8.695206399809345,0.04712329560136058,23.074852308493487,0.7964747556623476,1.2001363989388558,0.3981164215924415,0.04676397558818303,50.331366073611754,0.2678812614884665,195.5165698332712,1,COMPLETE
419,10.997957769691379,6.469702754217339,2026-10-06 00:26:45.556115,2026-10-06 00:29:57.440987,0 days 00:03:11.884872,1.0703266774752578,0.4912316077114617,0.06866269864156459,48.42684891165389,0.6214878688098426,1.529640202658084,1.164395082841941,1.2726643023599822,0.7115414226689059,0.002325730101743871,0.9756586804302976,0.6004925208325128,191.88477979693562,1,COMPLETE
420,13.853236219699946,1.2838067452065753,2026-10-06 00:26:45.990995,2026-10-06 00:30:00.977054,0 days 00:03:14.986059,0.447684485641811,1.0727474658147056,0.018849751653786887,10.893933886904785,0.6454873286650737,6.9633024006904245,0.12486747625813921,86.57068482598544,0.6277780475294816,0.037495759622009746,0.00014447613183128302,1.3458907086260936,194.98595967330039,1,COMPLETE
421,7.3768240231379085,1.2448106962155685,2026-10-06 00:26:46.455264,2026-10-06 00:29:57.051066,0 days 00:03:10.595802,0.4428292606447327,0.4500057657713351,0.10626861340244535,45.71166719648704,0.29675499538560296,9.235458204740613,1.1568096646817745,1.6947971224041727,0.05609924456069537,0.05061331531697255,0.0011757094612474103,0.9354219109755695,190.59571341890842,1,COMPLETE
422,,,2026-10-06 00:26:46.466984,2026-10-06 00:26:46.807127,0 days 00:00:00.340143,1.3426389093843176,0.3731992973752525,0.587377575500352,12.404456665881645,0.8641627247678014,26.22079615322774,0.06389754300029743,1.3290341234086505,0.4212595585654096,0.006074688503901476,,0.05322667642326201,,1,PRUNED
423,13.98678119292388,7.208128584417079,2026-10-06 00:26:46.815064,2026-10-06 00:29:55.479015,0 days 00:03:08.663951,0.3834721347353825,0.2965654106455736,0.6443949852851695,18.677678184085455,1.4587170185674183,11.647781097448451,0.6419517764288287,23.475624031055144,0.04206136129933902,0.03280586071940829,0.00023455457478105328,0.008646455689541255,188.66385527607054,1,COMPLETE
424,,,2026-10-06 00:26:47.434456,2026-10-06 00:26:48.047005,0 days 00:00:00.612549,0.7535562568504046,0.5088079218375162,0.9136447417382892,5.245413993140336,0.8611517197525734,2.9615022659031585,0.6190885998388953,37.25694322017278,0.7685554742107898,0.007361010447850752,,0.2866563056279642,,1,PRUNED
425,13.446476708783397,1.1875434202865378,2026-10-06 00:26:47.437968,2026-10-06 00:29:58.160492,0 days 00:03:10.722524,1.2061564360408807,0.1430034465046131,0.03392546973617492,25.234946341998025,0.10552252205769203,12.792145302067274,0.09918475277409838,38.342083961233584,0.541607524504667,0.04875818193070004,25.884048700332063,0.6540378194181338,190.72244676202536,1,COMPLETE
426,,,2026-10-06 00:26:47.552324,2026-10-06 00:26:48.033273,0 days 00:00:00.480949,0.8861887783233188,0.2284118304472575,0.4120579376102117,16.606931230784816,0.17665571526270746,25.088361291801984,0.21292518523710352,1.5710919859267627,0.08173395261699556,0.0011766248200332744,,0.7296704665126732,,1,PRUNED
427,22.085467750600422,6.193881879877525,2026-10-06 00:26:47.568435,2026-10-06 00:30:02.214768,0 days 00:03:14.646333,0.51115025563667,0.8661787220393558,0.5667882730348237,16.18523914545625,1.35460707310614,11.647781097448451,0.6419517764288287,23.475624031055144,0.04206136129933902,0.03280586071940829,0.00023455457478105328,0.6069618734849955,194.64624214265496,1,COMPLETE
428,13.637796268961523,1.16388755535219,2026-10-06 00:26:48.148137,2026-10-06 00:29:56.999843,0 days 00:03:08.851706,1.1133697916331504,0.1544379750618336,0.03240094579624807,4.264385735936695,0.9566073049482353,1.695244387836996,1.1068767969628939,1.1972711926573105,0.0236399030193733,0.026718092033143594,3.7310590236616203,0.17248374444296138,188.8516105329618,1,COMPLETE
429,5.420283968013569,1.313093281576934,2026-10-06 00:26:48.149976,2026-10-06 00:30:02.911447,0 days 00:03:14.761471,0.19630735827449874,0.527164092890509,0.019577635460823275,27.989553209249944,0.2395452449940939,6.65933944531556,0.5270605565304336,12.464214493324025,0.194083030357998,0.01823448258676749,0.0006185581455600675,0.505449096654713,194.7613830426708,1,COMPLETE
430,,,2026-10-06 00:26:48.206245,2026-10-06 00:26:49.524976,0 days 00:00:01.318731,1.222039604325715,1.0562250660985053,0.5799701872746303,32.6135236008597,0.5158215671134914,85.69762729633804,0.9356883984494996,1.1282993084044803,0.007925456797868324,0.003584169045982373,,1.4891500624393408,,1,PRUNED
431,20.21757547720417,1.225225105195523,2026-10-06 00:26:48.219964,2026-10-06 00:29:58.049558,0 days 00:03:09.829594,0.9323049410555256,0.412843900788044,0.019577635460823275,11.910918541531306,0.0867486708956362,6.65933944531556,0.6241253008122853,12.464214493324025,1.0749850412981183,0.02749864300312601,3.736607894112202e-06,1.1888155686802921,189.82949842326343,1,COMPLETE
432,15.054841522661869,1.2414921979516809,2026-10-06 00:26:48.834157,2026-10-06 00:30:03.569791,0 days 00:03:14.735634,1.2356600307833205,0.4251772613094948,0.012211327202938348,42.06372542616837,1.2900779429460325,1.5113429742994924,1.1280116891888747,4.314853216716561,0.30661206121250795,0.0075122423922312385,1.9958034707972923e-06,0.5142999062500755,194.7355282222852,1,COMPLETE
433,15.60932836828277,1.2524762108255805,2026-10-06 00:26:48.837971,2026-10-06 00:30:02.154323,0 days 00:03:13.316352,1.341237735773062,0.7347826529652479,0.08225225182467477,48.627835214953386,1.030025185014804,7.596863112772716,1.3355598077240103,11.86468393276075,0.6168387269531914,0.039857659168572264,6.012937021051859e-06,0.9040411163974774,193.31626541167498,1,COMPLETE
434,,,2026-10-06 00:26:49.123993,2026-10-06 00:26:49.593989,0 days 00:00:00.469996,0.3834721347353825,1.4171906161132197,0.6443949852851695,18.677678184085455,1.4317078561911907,9.235458204740613,0.3815353420754573,32.10047515575226,0.04206136129933902,0.03280586071940829,,1.4242474729910322,,1,PRUNED
435,13.036797226868336,4.6179725071577895,2026-10-06 00:26:49.251990,2026-10-06 00:29:58.529600,0 days 00:03:09.277610,0.24174364545359744,0.34160086046150906,0.9752752213731002,26.349959130402702,0.9635159511291951,16.30213849757902,0.37957125799835345,22.831665907494386,0.3260597041603945,0.05619125401223478,6.709762564240109,0.5322556354147161,189.27751195803285,1,COMPLETE
436,,,2026-10-06 00:26:49.699164,2026-10-06 00:26:50.458011,0 days 00:00:00.758847,0.5968671406517996,1.0727474658147056,0.012357559396787936,37.573879857032495,1.0327378798110685,6.9633024006904245,1.2306699450667287,6.446075435062826,0.8088812974847306,0.008187777701692859,,0.5142999062500755,,1,PRUNED
437,,,2026-10-06 00:26:49.716979,2026-10-06 00:26:50.104686,0 days 00:00:00.387707,0.44302975454438503,0.03589241939230381,0.11720021795877078,35.214476438758595,0.8611517197525734,3.9357948336652977,1.2774205311592197,86.57068482598544,0.3981164215924415,0.04676397558818303,,1.3458907086260936,,1,PRUNED
438,9.076237198807723,3.9393323435242795,2026-10-06 00:26:50.012990,2026-10-06 00:30:02.870319,0 days 00:03:12.857329,0.3834721347353825,0.2965654106455736,0.6443949852851695,21.454616106813628,0.9809601024047299,2.249261103529477,0.6419517764288287,18.756371973043514,0.21135046551174902,0.03280586071940829,0.007658070440377448,0.008646455689541255,192.85724263079464,1,COMPLETE
439,,,2026-10-06 00:26:50.323990,2026-10-06 00:26:50.926036,0 days 00:00:00.602046,0.06702146612037119,0.49819353124890614,0.05348597117965025,11.453469267944222,0.03380872232355703,3.2854396341739385,1.1786567612495638,66.25262072796882,0.48923768793752204,0.029771009616437947,,1.1827732174347347,,1,PRUNED
440,13.31500056475556,1.3637088595938371,2026-10-06 00:26:50.458305,2026-10-06 00:30:01.955632,0 days 00:03:11.497327,1.222039604325715,1.210990656890773,0.1805314837666613,32.6135236008597,0.5158215671134914,1.3172249836952743,0.3759554222918541,4.332775843407245,0.7238912457038249,0.03815775521393848,0.0004985841133207164,1.1957643162177314,191.49723704438657,1,COMPLETE
441,32.3756368545808,1.2546357498195184,2026-10-06 00:26:51.864200,2026-10-06 00:30:04.392167,0 days 00:03:12.527967,0.24174364545359744,1.0562250660985053,0.5799701872746303,26.349959130402702,0.6046626808156426,85.69762729633804,0.9356883984494996,1.1282993084044803,0.3260597041603945,0.09765004764801033,6.709762564240109,1.4891500624393408,192.5278699491173,1,COMPLETE
442,,,2026-10-06 00:26:51.867977,2026-10-06 00:26:52.292020,0 days 00:00:00.424043,0.2751127501817048,0.3731992973752525,0.5662816343755678,37.14155522147211,1.3277492237003208,26.22079615322774,0.4416815336496338,3.46641753826188,0.9035620594723017,0.008071106332559346,,0.42784406768033983,,1,PRUNED
443,,,2026-10-06 00:26:51.871975,2026-10-06 00:27:27.201998,0 days 00:00:35.330023,0.51115025563667,0.3731992973752525,0.5662816343755678,16.18523914545625,1.35460707310614,26.22079615322774,0.3849061930847223,28.91431118099489,0.9858114614951333,0.03038027549946027,3.680314106392975e-06,1.3276373780290252,,1,PRUNED
444,14.964004124555771,1.7031103033217718,2026-10-06 00:26:52.111997,2026-10-06 00:30:06.363287,0 days 00:03:14.251290,0.9528582881543378,0.4835105352725577,0.1347521461063753,2.6613724919259907,0.3201011955575039,1.695244387836996,0.844397660959296,1.8800165918356433,0.2975664073833317,0.02010386455494312,2.9442330109354824,0.6445692020666484,194.25118715129793,1,COMPLETE
445,,,2026-10-06 00:26:52.131981,2026-10-06 00:26:52.584018,0 days 00:00:00.452037,0.5768678928443426,0.3302844949144075,0.7677731464020287,42.71119523260305,1.3162890024975238,2.452999735981989,0.15832097569838427,4.013161563125493,0.8174949864204357,0.00558127631887117,,0.7281876790380687,,1,PRUNED
446,,,2026-10-06 00:26:52.238015,2026-10-06 00:26:52.982040,0 days 00:00:00.744025,1.1917921473199087,1.4213742695162754,0.4694379342496201,45.71166719648704,0.7710589782617625,9.235458204740613,0.552627040231007,32.10047515575226,0.10391133624423021,0.020403158402949238,,1.4242474729910322,,1,PRUNED
447,,,2026-10-06 00:26:52.281993,2026-10-06 00:27:29.151028,0 days 00:00:36.869035,1.1528556986073335,0.14548761687974193,0.03706303152753862,37.14155522147211,1.4317078561911907,9.235458204740613,0.8823290122861125,3.46641753826188,0.9035620594723017,0.008071106332559346,1.7201014311893553e-06,1.0454905094435503,,1,PRUNED
448,20.91627964525248,1.7924911058028001,2026-10-06 00:26:52.362994,2026-10-06 00:30:04.133379,0 days 00:03:11.770385,0.8861887783233188,0.41930250301931776,0.4120579376102117,37.573879857032495,0.17665571526270746,25.088361291801984,0.42875890372816183,6.446075435062826,0.08173395261699556,0.08804378717982243,0.07881192757560043,1.2551716806833457,191.77029046881944,1,COMPLETE
449,10.935992289959199,1.348016259498169,2026-10-06 00:26:52.808000,2026-10-06 00:30:00.670445,0 days 00:03:07.862445,0.6143081518772575,0.5857891977105831,0.042685540093465056,33.17033856339264,0.20713693920376897,28.49625208483805,0.2295657218022611,18.756371973043514,0.6190501002082973,0.0164025553557207,92.41424485303402,0.4798845505629669,187.86236184742302,1,COMPLETE
450,13.347415596904108,4.356669006656928,2026-10-06 00:26:53.068006,2026-10-06 00:30:01.485080,0 days 00:03:08.417074,0.3834721347353825,0.6742804161302214,0.41766365127221794,11.453469267944222,1.4587170185674183,2.9411184445840823,0.6419517764288287,23.475624031055144,0.885501161747389,0.03280586071940829,0.00023455457478105328,0.008646455689541255,188.4169813990593,1,COMPLETE
451,25.109934032310825,1.2211354969272832,2026-10-06 00:26:53.079983,2026-10-06 00:30:03.030788,0 days 00:03:09.950805,0.6062262771251812,0.3543601040935676,0.1026017143088177,33.17033856339264,0.6454873286650737,3.9357948336652977,0.12486747625813921,86.57068482598544,0.6190501002082973,0.037495759622009746,1.7330071479363856e-05,1.1137428294822522,189.95070610940456,1,COMPLETE
