number,values_0,values_1,datetime_start,datetime_complete,duration,params_between_rest_spread,params_c_spread,params_c_val,params_input_force,params_k_between_spread,params_k_between_val,params_k_wall_spread,params_k_wall_val,params_m_spread,params_m_val,params_ridge_alpha,params_wall_rest_spread,user_attrs_duration_sec,system_attrs_NSGAIISampler:generation,state
985,41.01191085335945,2.1942525975525635,2026-10-06 00:47:21.477123,2026-10-06 00:50:36.017786,0 days 00:03:14.540663,0.51115025563667,0.4835105352725577,0.4120579376102117,16.606931230784816,0.6688626104060442,85.69762729633804,0.21292518523710352,7.9874857515804925,0.6353936504592018,0.09765004764801033,3.680314106392975e-06,0.7296704665126732,194.5405603935942,5,COMPLETE
986,,,2026-10-06 00:47:22.109486,2026-10-06 00:48:03.079245,0 days 00:00:40.969759,0.39272466109368603,0.7347826529652479,0.14575862393931177,17.553296709297783,1.4257271037095816,65.02753717381299,1.3355598077240103,11.86468393276075,0.5860574191614696,0.07297012210736925,0.002337981028655364,0.6004925208325128,,5,PRUNED
987,,,2026-10-06 00:47:22.112981,2026-10-06 00:47:22.822016,0 days 00:00:00.709035,1.0457736346746487,0.3731992973752525,0.5799701872746303,6.15574517330259,0.9692291321199864,85.69762729633804,0.06389754300029743,1.3290341234086505,0.007925456797868324,0.001251548511310168,,1.1137428294822522,,5,PRUNED
988,47.459341072606925,1.3199549721789317,2026-10-06 00:47:22.578007,2026-10-06 00:50:35.944732,0 days 00:03:13.366725,0.8010869639365119,0.3233389271032242,0.4120579376102117,11.991629079089469,0.6454873286650737,98.6416708615901,0.21292518523710352,1.2001363989388558,0.2975664073833317,0.09765004764801033,0.0006185581455600675,0.2678812614884665,193.36662843078375,5,COMPLETE
989,,,2026-10-06 00:47:23.101153,2026-10-06 00:47:23.639041,0 days 00:00:00.537888,1.350503098526395,0.7347826529652479,0.587377575500352,8.556213008137046,1.4257271037095816,7.596863112772716,0.06389754300029743,6.119272135012632,0.6168387269531914,0.006074688503901476,,1.329365198523833,,5,PRUNED
990,23.954178151345783,5.112668680131946,2026-10-06 00:47:23.104973,2026-10-06 00:50:30.527821,0 days 00:03:07.422848,0.51115025563667,0.3233389271032242,0.8303122044757992,4.264385735936695,1.0126342536422681,11.647781097448451,1.4359508649483725,23.475624031055144,0.41562627541000197,0.041519365166873747,0.00023455457478105328,1.3635581381619835,187.4227404985577,5,COMPLETE
991,26.578549200703094,6.873923686586874,2026-10-06 00:47:23.318995,2026-10-06 00:50:35.472749,0 days 00:03:12.153754,0.51115025563667,0.5608376222859704,0.5662816343755678,18.677678184085455,1.35460707310614,25.088361291801984,1.1446866529412485,7.9874857515804925,0.04206136129933902,0.03280586071940829,2.6621584907926446e-06,1.3635581381619835,192.1536574549973,5,COMPLETE
992,,,2026-10-06 00:47:24.404157,2026-10-06 00:47:25.445042,0 days 00:00:01.040885,1.055584024289513,0.9056915392647674,0.6443949852851695,16.758233776966115,0.6120766046076821,16.211255471509773,0.6419517764288287,23.475624031055144,0.04206136129933902,0.013828732860602832,,0.008646455689541255,,5,PRUNED
993,36.327303876982,1.8777178520389495,2026-10-06 00:47:24.407969,2026-10-06 00:50:41.121660,0 days 00:03:16.713691,0.447684485641811,0.8304682506740793,0.5799701872746303,18.386910920395536,0.05714116461716917,85.69762729633804,1.191277759964359,5.8774721288796,0.007925456797868324,0.09765004764801033,0.0005104435594619652,1.4891500624393408,196.71359148807824,5,COMPLETE
994,,,2026-10-06 00:47:25.496997,2026-10-06 00:47:26.078996,0 days 00:00:00.581999,0.8010869639365119,0.3233389271032242,0.5799701872746303,11.991629079089469,0.6454873286650737,85.69762729633804,0.7964747556623476,1.2001363989388558,0.26083598793965107,0.007361010447850752,,0.6004925208325128,,5,PRUNED
995,18.471424823432404,1.2335738199672195,2026-10-06 00:47:25.504976,2026-10-06 00:50:40.485920,0 days 00:03:14.980944,0.6672137354754455,0.1544379750618336,0.03240094579624807,18.386910920395536,0.4424930116262647,49.7837090928796,1.1068767969628939,5.8774721288796,0.6979007106917119,0.09765004764801033,2.9442330109354824,0.17248374444296138,194.98085130471736,5,COMPLETE
996,36.246571463837086,1.3841122410596836,2026-10-06 00:47:25.558147,2026-10-06 00:50:35.079993,0 days 00:03:09.521846,0.8010869639365119,0.3233389271032242,0.5799701872746303,11.991629079089469,0.6454873286650737,44.85028076749667,0.7964747556623476,1.2001363989388558,0.2975664073833317,0.09765004764801033,0.00014447613183128302,0.2678812614884665,189.52175049018115,5,COMPLETE
997,19.99397451704345,8.329042340978337,2026-10-06 00:47:26.015003,2026-10-06 00:50:39.597383,0 days 00:03:13.582380,0.3834721347353825,0.3731992973752525,0.6443949852851695,41.645467536664455,0.6454873286650737,1.2305092695987363,0.21292518523710352,45.806217322375986,0.7360596685479106,0.037495759622009746,8.057382607958031e-05,1.1137428294822522,193.58228307776153,5,COMPLETE
998,33.42516100292131,3.1578119544043517,2026-10-06 00:47:26.960155,2026-10-06 00:50:41.554336,0 days 00:03:14.594181,0.7535562568504046,0.4774636695198178,0.18268747908623606,5.245413993140336,1.0774031071944332,6.3983390904701665,0.6190885998388953,86.57068482598544,0.26083598793965107,0.037495759622009746,0.00014447613183128302,0.6004925208325128,194.59408450126648,5,COMPLETE
999,37.89983362353881,2.0477458710959544,2026-10-06 00:47:26.963983,2026-10-06 00:50:37.457634,0 days 00:03:10.493651,0.51115025563667,0.8661787220393558,0.5799701872746303,11.991629079089469,1.35460707310614,85.69762729633804,0.9356883984494996,23.475624031055144,0.007925456797868324,0.09765004764801033,0.00023455457478105328,1.4891500624393408,190.49356528092176,5,COMPLETE
1000,,,2026-10-06 00:47:28.655991,2026-10-06 00:47:29.818026,0 days 00:00:01.162035,0.51115025563667,0.8661787220393558,0.5667882730348237,16.18523914545625,0.2395452449940939,11.647781097448451,0.21292518523710352,23.475624031055144,0.4493735763474446,0.024099244621516126,,0.6069618734849955,,5,PRUNED
1001,,,2026-10-06 00:47:30.041007,2026-10-06 00:47:31.189043,0 days 00:00:01.148036,0.51115025563667,0.3233389271032242,0.5662816343755678,21.183844928151355,1.2013276154528563,85.69762729633804,1.1446866529412485,23.475624031055144,0.2975664073833317,0.00321402373835883,,1.3635581381619835,,5,PRUNED
1002,35.47741597261681,1.2399156237493731,2026-10-06 00:47:31.501022,2026-10-06 00:50:37.686819,0 days 00:03:06.185797,0.8010869639365119,0.3233389271032242,0.11369858697944095,11.991629079089469,0.6046626808156426,85.69762729633804,0.5374406135088594,16.362643426754982,0.2975664073833317,0.09765004764801033,0.0006185581455600675,0.2678812614884665,186.18570136558264,5,COMPLETE
1003,9.462589982990266,1.1798360975093702,2026-10-06 00:47:57.479012,2026-10-06 00:51:11.086670,0 days 00:03:13.607658,0.2823737737437633,0.5088079218375162,0.09005234812447538,17.553296709297783,0.6688626104060442,2.9615022659031585,0.6190885998388953,2.0330101929189524,0.7685554742107898,0.07297012210736925,0.004475392410627206,0.6004925208325128,193.60754991229624,5,COMPLETE
1004,11.47197903187412,7.573902636518515,2026-10-06 00:47:58.033002,2026-10-06 00:51:13.948424,0 days 00:03:15.915422,0.4428292606447327,0.5088079218375162,0.2297655624989891,19.163597621163213,1.0774031071944332,2.9615022659031585,0.5663731106657214,5.032277942358433,0.2975664073833317,0.007361010447850752,0.0011757094612474103,0.5142999062500755,195.91532619297504,5,COMPLETE
1005,,,2026-10-06 00:47:58.183995,2026-10-06 00:47:58.804042,0 days 00:00:00.620047,0.6672137354754455,0.1544379750618336,0.03240094579624807,4.264385735936695,0.4424930116262647,11.647781097448451,1.1068767969628939,86.57068482598544,0.7319457801577378,0.026718092033143594,,0.17248374444296138,,5,PRUNED
1006,44.987496629249755,1.8986274441517552,2026-10-06 00:47:58.863997,2026-10-06 00:51:10.815109,0 days 00:03:11.951112,0.4919537458910443,0.3731992973752525,0.1347521461063753,8.695206399809345,0.3201011955575039,94.61146042672904,0.6419517764288287,23.475624031055144,0.04206136129933902,0.03038027549946027,0.00023455457478105328,0.6069618734849955,191.95101102627814,5,COMPLETE
1007,22.60065362878741,10.818395020863628,2026-10-06 00:48:00.243481,2026-10-06 00:51:11.560987,0 days 00:03:11.317506,0.51115025563667,0.598945472111341,0.807738690329122,21.183844928151355,0.6688626104060442,4.937742765084751,0.9642498819660295,23.475624031055144,0.04206136129933902,0.03038027549946027,3.680314106392975e-06,1.3635581381619835,191.31740979477763,5,COMPLETE
1008,20.784185980748976,6.142188201493017,2026-10-06 00:48:03.455228,2026-10-06 00:51:15.727845,0 days 00:03:12.272617,1.2179418076220643,0.5088079218375162,0.09005234812447538,5.245413993140336,0.6688626104060442,3.4240102551288216,1.4594405107884705,4.314853216716561,0.17672380622360612,0.007361010447850752,3.680314106392975e-06,0.5142999062500755,192.27251968160272,5,COMPLETE
1009,38.53313333641343,1.2529124336855086,2026-10-06 00:48:03.494994,2026-10-06 00:51:12.604236,0 days 00:03:09.109242,0.19630735827449874,0.2284118304472575,0.5799701872746303,18.489161893608337,0.6454873286650737,85.69762729633804,0.7964747556623476,1.2001363989388558,0.08173395261699556,0.09765004764801033,0.00014447613183128302,0.2678812614884665,189.10914362594485,5,COMPLETE
1010,,,2026-10-06 00:48:05.159154,2026-10-06 00:48:05.437063,0 days 00:00:00.277909,1.497363522981663,0.9898850363452489,0.6443949852851695,18.593917974290843,0.6454873286650737,85.69762729633804,0.9356883984494996,1.1282993084044803,0.7360596685479106,0.0068655977768893525,,1.0281652581298224,,5,PRUNED
1011,21.009067257642535,8.227243496240016,2026-10-06 00:48:06.158165,2026-10-06 00:51:18.420895,0 days 00:03:12.262730,0.3834721347353825,0.2965654106455736,0.6443949852851695,41.645467536664455,0.6454873286650737,1.2305092695987363,0.12486747625813921,86.57068482598544,0.7360596685479106,0.037495759622009746,8.057382607958031e-05,1.0281652581298224,192.26262412406504,5,COMPLETE
1012,16.5085340222637,7.188646495678359,2026-10-06 00:48:31.032460,2026-10-06 00:51:46.258835,0 days 00:03:15.226375,0.51115025563667,0.5608376222859704,0.807738690329122,21.183844928151355,0.6688626104060442,26.22079615322774,0.19809840133758488,10.347699122678327,0.5860574191614696,0.024099244621516126,5.096656343028053,0.6004925208325128,195.22628135140985,5,COMPLETE
1013,,,2026-10-06 00:48:39.709183,2026-10-06 00:49:20.200045,0 days 00:00:40.490862,0.447684485641811,0.8661787220393558,0.5667882730348237,16.18523914545625,1.35460707310614,98.6416708615901,0.21292518523710352,5.8774721288796,0.08173395261699556,0.03280586071940829,0.00023455457478105328,0.6069618734849955,,5,PRUNED
1014,32.71794086734541,1.5508197740626408,2026-10-06 00:48:40.024159,2026-10-06 00:51:59.021383,0 days 00:03:18.997224,0.3395165906212997,0.5088079218375162,0.09005234812447538,5.245413993140336,1.0774031071944332,2.9615022659031585,0.6419517764288287,86.57068482598544,0.46962213455178087,0.03038027549946027,0.00014447613183128302,0.6004925208325128,198.99711738340557,5,COMPLETE
1015,16.340750301618012,2.2707532811162805,2026-10-06 00:48:41.550989,2026-10-06 00:51:50.139746,0 days 00:03:08.588757,1.3426389093843176,0.24837341587000777,0.2169448017457144,10.877854836518644,1.0774031071944332,2.9667093425059705,0.06389754300029743,1.2001363989388558,0.4212595585654096,0.024099244621516126,0.004475392410627206,0.2678812614884665,188.58865134045482,5,COMPLETE
1016,22.18874218232088,3.902430828105346,2026-10-06 00:49:11.825298,2026-10-06 00:52:29.161010,0 days 00:03:17.335712,0.4428292606447327,0.5608376222859704,0.807738690329122,8.794323001260684,0.29675499538560296,25.088361291801984,0.19809840133758488,1.6947971224041727,0.5860574191614696,0.03280586071940829,0.0011757094612474103,0.24361771315897207,197.33560733217746,5,COMPLETE
1017,,,2026-10-06 00:49:12.724287,2026-10-06 00:49:14.663043,0 days 00:00:01.938756,0.20512120864030536,0.07170570951995708,0.09005234812447538,5.245413993140336,1.0774031071944332,3.709593390135044,0.6190885998388953,38.68735933604586,0.7685554742107898,0.007361010447850752,,0.6004925208325128,,5,PRUNED
1018,25.835832065673383,20.23643189438208,2026-10-06 00:49:12.917167,2026-10-06 00:52:24.138296,0 days 00:03:11.221129,0.447684485641811,0.3233389271032242,0.6443949852851695,18.489161893608337,0.2395452449940939,98.6416708615901,0.12486747625813921,86.57068482598544,0.08173395261699556,0.03280586071940829,0.00014447613183128302,1.1540267369865085,191.22102588508278,5,COMPLETE
1019,17.764101903262656,12.075090500032687,2026-10-06 00:49:14.049012,2026-10-06 00:52:27.163512,0 days 00:03:13.114500,0.8861887783233188,0.4774636695198178,0.4120579376102117,18.489161893608337,0.2395452449940939,25.088361291801984,0.21292518523710352,2.029882838261563,0.08173395261699556,0.007361010447850752,0.004475392410627206,0.7296704665126732,193.114397065714,5,COMPLETE
1020,43.45104773996811,1.5246595918393173,2026-10-06 00:49:15.169029,2026-10-06 00:52:26.875152,0 days 00:03:11.706123,0.7737222815132565,0.3731992973752525,0.09005234812447538,5.245413993140336,0.6688626104060442,25.088361291801984,0.4740161859265573,2.072575382240667,0.7685554742107898,0.03280586071940829,1.1762488306807034e-06,1.2139299004838662,191.70601505227387,5,COMPLETE
1021,,,2026-10-06 00:49:15.580367,2026-10-06 00:49:16.613513,0 days 00:00:01.033146,1.055584024289513,0.9056915392647674,0.6443949852851695,18.677678184085455,0.6120766046076821,28.285734118696016,0.6419517764288287,10.195345414647532,0.4212595585654096,0.03280586071940829,,0.7296704665126732,,5,PRUNED
1022,12.33123161242754,1.2773509109484933,2026-10-06 00:49:16.594996,2026-10-06 00:52:26.528801,0 days 00:03:09.933805,0.447684485641811,0.1544379750618336,0.6443949852851695,4.264385735936695,0.4424930116262647,9.588803188744247,1.1068767969628939,5.8774721288796,0.0236399030193733,0.08640179653362157,3.7310590236616203,0.17248374444296138,189.93370536156,5,COMPLETE
1023,15.811826132976828,10.869975991879251,2026-10-06 00:49:16.613946,2026-10-06 00:52:30.502077,0 days 00:03:13.888131,1.3426389093843176,0.18478566659951562,0.6443949852851695,36.451112019949996,0.8675525736075453,2.9667093425059705,0.06389754300029743,86.57068482598544,0.08173395261699556,0.03280586071940829,0.00014447613183128302,1.1540267369865085,193.88803767971694,5,COMPLETE
1024,18.59656969417133,12.367703615249479,2026-10-06 00:49:17.244770,2026-10-06 00:52:31.527046,0 days 00:03:14.282276,0.51115025563667,0.24837341587000777,0.5662816343755678,21.183844928151355,1.35460707310614,11.647781097448451,0.06389754300029743,23.475624031055144,0.04206136129933902,0.03038027549946027,5.408454955199626e-06,1.3635581381619835,194.28217504452914,5,COMPLETE
1025,,,2026-10-06 00:49:18.111191,2026-10-06 00:49:56.055035,0 days 00:00:37.943844,0.4428292606447327,0.3731992973752525,0.2297655624989891,18.677678184085455,0.17665571526270746,28.285734118696016,1.394035285276604,1.2001363989388558,1.1885908081286978,0.03280586071940829,2.4146028203241656e-06,0.7296704665126732,,5,PRUNED
1026,,,2026-10-06 00:49:18.272362,2026-10-06 00:49:19.535161,0 days 00:00:01.262799,1.3426389093843176,0.24837341587000777,0.587377575500352,12.404456665881645,0.8641627247678014,2.9667093425059705,0.6190885998388953,2.0330101929189524,0.7685554742107898,0.006074688503901476,,0.21347726672360295,,5,PRUNED
1027,,,2026-10-06 00:49:18.746440,2026-10-06 00:49:20.032006,0 days 00:00:01.285566,0.4919537458910443,1.018933183725019,0.6443949852851695,18.489161893608337,0.2395452449940939,98.6416708615901,0.21292518523710352,5.8774721288796,0.08173395261699556,0.03280586071940829,,1.1540267369865085,,5,PRUNED
1028,,,2026-10-06 00:49:18.839668,2026-10-06 00:49:19.795277,0 days 00:00:00.955609,0.7737222815132565,0.5608376222859704,0.3042089878823274,25.618205210843083,0.6688626104060442,25.088361291801984,0.9990601517843144,5.299460499774038,0.5860574191614696,0.006760174876127687,,1.1888155686802921,,5,PRUNED
1029,26.26719506277301,1.3542873233847499,2026-10-06 00:49:19.460155,2026-10-06 00:52:26.006630,0 days 00:03:06.546475,0.447684485641811,0.8304682506740793,0.34699519698385084,25.618205210843083,0.6688626104060442,25.088361291801984,1.191277759964359,6.4348571989819705,0.5860574191614696,0.09765004764801033,2.9442330109354824,1.3411879298416651,186.54637177288532,5,COMPLETE
1030,,,2026-10-06 00:49:19.705139,2026-10-06 00:49:20.887028,0 days 00:00:01.181889,0.9323049410555256,0.8661787220393558,0.3042089878823274,21.183844928151355,1.309952551510657,2.1048794976754106,1.1446866529412485,23.475624031055144,1.0749850412981183,0.02749864300312601,,1.3635581381619835,,5,PRUNED
1031,17.984040360420536,2.6723150357858163,2026-10-06 00:49:20.335193,2026-10-06 00:52:35.073809,0 days 00:03:14.738616,1.0457736346746487,0.7347826529652479,0.4120579376102117,21.183844928151355,0.2395452449940939,11.647781097448451,1.3355598077240103,1.3290341234086505,0.4493735763474446,0.03038027549946027,4.7406544702499725e-06,0.9040411163974774,194.73748275265098,5,COMPLETE
1032,7.474514256965875,1.166699491490409,2026-10-06 00:49:20.338965,2026-10-06 00:52:33.484711,0 days 00:03:13.145746,0.447684485641811,0.5608376222859704,0.01439651806326727,18.386910920395536,0.6688626104060442,85.69762729633804,0.9990601517843144,5.299460499774038,0.5860574191614696,0.07297012210736925,2.9442330109354824,1.1540267369865085,193.14565316867083,5,COMPLETE
1033,,,2026-10-06 00:49:20.342964,2026-10-06 00:49:21.514023,0 days 00:00:01.171059,0.447684485641811,0.8304682506740793,0.6443949852851695,41.645467536664455,0.05714116461716917,22.105039313587568,0.12486747625813921,5.8774721288796,0.7360596685479106,0.037495759622009746,,1.0281652581298224,,5,PRUNED
1034,32.293214080534234,2.5145237781388756,2026-10-06 00:49:20.390094,2026-10-06 00:52:35.220298,0 days 00:03:14.830204,0.447684485641811,1.1810724855624324,0.2297655624989891,18.489161893608337,0.17665571526270746,28.285734118696016,1.394035285276604,5.8774721288796,0.08173395261699556,0.03280586071940829,0.00014447613183128302,1.1540267369865085,194.83011787757277,5,COMPLETE
1035,19.596568004095836,3.269282232285567,2026-10-06 00:49:20.393974,2026-10-06 00:52:32.569838,0 days 00:03:12.175864,0.447684485641811,0.2965654106455736,0.09005234812447538,5.245413993140336,0.2395452449940939,2.9615022659031585,1.4594405107884705,4.314853216716561,0.08173395261699556,0.013407085263616753,0.00014447613183128302,0.5142999062500755,192.17577286809683,5,COMPLETE
1036,15.333443200320229,3.707532673921863,2026-10-06 00:49:20.772545,2026-10-06 00:52:33.536904,0 days 00:03:12.764359,0.3834721347353825,0.2965654106455736,0.6443949852851695,18.677678184085455,0.004726429546533628,1.2305092695987363,1.394035285276604,10.195345414647532,0.7360596685479106,0.037495759622009746,8.057382607958031e-05,0.7296704665126732,192.76426045410335,5,COMPLETE
1037,,,2026-10-06 00:49:21.362001,2026-10-06 00:49:22.482025,0 days 00:00:01.120024,0.7535562568504046,0.3068253897640539,0.03240094579624807,4.264385735936695,1.0774031071944332,49.7837090928796,1.1068767969628939,2.0330101929189524,0.0236399030193733,0.007361010447850752,,0.6004925208325128,,5,PRUNED
1038,18.56807755059147,3.4384076658297547,2026-10-06 00:49:21.378151,2026-10-06 00:52:29.862044,0 days 00:03:08.483893,0.8861887783233188,0.4774636695198178,0.6565584354267013,16.606931230784816,0.3201011955575039,11.206828277391748,0.6190885998388953,2.029882838261563,0.26083598793965107,0.037495759622009746,0.004475392410627206,1.3458907086260936,188.48380663059652,5,COMPLETE
1039,19.590490442448562,1.2834973974813555,2026-10-06 00:49:21.630734,2026-10-06 00:52:35.864545,0 days 00:03:14.233811,1.3426389093843176,1.0562250660985053,0.03366469110764931,9.868280842937416,0.05714116461716917,11.647781097448451,0.6190885998388953,10.195345414647532,1.1885908081286978,0.09765004764801033,0.0005104435594619652,1.1540267369865085,194.23371056187898,5,COMPLETE
1040,27.681167315483265,5.593943147788083,2026-10-06 00:49:22.540937,2026-10-06 00:52:34.958075,0 days 00:03:12.417138,0.51115025563667,0.8661787220393558,0.5667882730348237,21.183844928151355,1.35460707310614,11.647781097448451,1.1446866529412485,23.475624031055144,0.04206136129933902,0.03280586071940829,0.005958227033600532,1.2974912099205862,192.41704589594156,5,COMPLETE
1041,39.70671255524742,1.7929735830010682,2026-10-06 00:49:23.647709,2026-10-06 00:52:31.652133,0 days 00:03:08.004424,0.8010869639365119,1.0562250660985053,0.5799701872746303,10.877854836518644,0.2395452449940939,85.69762729633804,0.06389754300029743,10.195345414647532,0.2975664073833317,0.09765004764801033,0.0006185581455600675,1.4891500624393408,188.0043308129534,5,COMPLETE
1042,,,2026-10-06 00:49:24.732989,2026-10-06 00:49:25.822037,0 days 00:00:01.089048,0.51115025563667,1.1810724855624324,0.5667882730348237,16.18523914545625,0.17665571526270746,2.298183503681491,0.6419517764288287,23.475624031055144,0.04206136129933902,0.03280586071940829,,0.6069618734849955,,5,PRUNED
1043,29.205858378213684,10.568120315002277,2026-10-06 00:49:26.040001,2026-10-06 00:52:34.722795,0 days 00:03:08.682794,0.3395165906212997,0.3233389271032242,0.6443949852851695,21.183844928151355,0.2395452449940939,98.6416708615901,0.538892582053957,5.8774721288796,0.08173395261699556,0.03280586071940829,0.00014447613183128302,1.1540267369865085,188.68271055538207,5,COMPLETE
1044,27.054796184619683,2.2729364964660204,2026-10-06 00:49:44.214010,2026-10-06 00:52:59.777221,0 days 00:03:15.563211,0.7737222815132565,0.3731992973752525,0.09005234812447538,21.183844928151355,0.2395452449940939,26.22079615322774,0.21292518523710352,7.9874857515804925,0.4493735763474446,0.024099244621516126,0.00014447613183128302,0.0038888774159797634,195.5631022825837,5,COMPLETE
