number,values_0,values_1,datetime_start,datetime_complete,duration,params_between_rest_spread,params_c_spread,params_c_val,params_input_force,params_k_between_spread,params_k_between_val,params_k_wall_spread,params_k_wall_val,params_m_spread,params_m_val,params_ridge_alpha,params_wall_rest_spread,user_attrs_duration_sec,system_attrs_NSGAIISampler:generation,state
2344,29.619200380666975,16.761291506225337,2026-10-06 01:40:04.688166,2026-10-06 01:43:15.573548,0 days 00:03:10.885382,0.4919537458910443,0.2284118304472575,0.5926143650576037,18.386910920395536,0.33279388005294136,85.69762729633804,1.2205318815051402,23.475624031055144,0.08173395261699556,0.03038027549946027,0.00014447613183128302,1.3635581381619835,190.88527861889452,14,COMPLETE
2345,35.56170264641692,1.5965190766371185,2026-10-06 01:40:04.691967,2026-10-06 01:43:15.890204,0 days 00:03:11.198237,0.2994157425323484,0.7186098618255685,0.4120579376102117,5.245413993140336,0.2395452449940939,94.61146042672904,0.21292518523710352,1.4056083189495427,0.5637871312529068,0.03038027549946027,0.0003750271870227611,1.1540267369865085,191.19813798367977,14,COMPLETE
2346,11.257376381866536,5.349918491430837,2026-10-06 01:40:04.741974,2026-10-06 01:43:17.316318,0 days 00:03:12.574344,0.51115025563667,0.2284118304472575,0.807738690329122,18.489161893608337,0.33279388005294136,11.433182738419633,1.4690823188003486,14.182822102930093,0.08173395261699556,0.024099244621516126,10.30191071846242,0.7296704665126732,192.57364026922733,14,COMPLETE
2347,,,2026-10-06 01:40:06.154147,2026-10-06 01:41:59.959782,0 days 00:01:53.805635,0.51115025563667,0.7906024801578491,0.5667882730348237,21.183844928151355,0.506401025718823,94.61146042672904,1.080654620868664,41.66154811682372,0.007925456797868324,0.024099244621516126,0.00023455457478105328,1.1540267369865085,,14,PRUNED
2348,25.202041306865645,24.988568469907825,2026-10-06 01:40:37.841083,2026-10-06 01:43:48.451458,0 days 00:03:10.610375,0.51115025563667,0.2284118304472575,0.807738690329122,18.489161893608337,0.33279388005294136,98.6416708615901,1.180096250393855,14.182822102930093,0.3054149949472662,0.024099244621516126,4.343429493003475e-06,0.23886283196880004,190.61026984080672,14,COMPLETE
2349,31.237421151529958,11.431707118120455,2026-10-06 01:40:38.591996,2026-10-06 01:43:52.090463,0 days 00:03:13.498467,0.51115025563667,0.7186098618255685,0.5662816343755678,18.386910920395536,0.05714116461716917,85.69762729633804,1.080654620868664,5.299460499774038,0.18589067298139156,0.024099244621516126,0.00023455457478105328,1.1540267369865085,193.4983642399311,14,COMPLETE
2350,,,2026-10-06 01:40:38.698138,2026-10-06 01:41:17.146069,0 days 00:00:38.447931,0.8010869639365119,0.19189790819770397,0.12615106220885586,8.556213008137046,1.0476059175521377,85.69762729633804,0.21292518523710352,5.8774721288796,0.3372985396418654,0.03038027549946027,0.0010892501080500164,0.2678812614884665,,14,PRUNED
2351,,,2026-10-06 01:40:39.065154,2026-10-06 01:40:39.506022,0 days 00:00:00.440868,0.6775759777641851,0.8717951055729352,0.7134386236697742,21.183844928151355,0.506401025718823,85.69762729633804,1.484226923085714,20.4004304097776,0.2975664073833317,0.01414349770789928,,0.739405563829868,,14,PRUNED
2352,33.62333597013578,14.018768119616615,2026-10-06 01:40:40.254358,2026-10-06 01:43:53.560413,0 days 00:03:13.306055,0.51115025563667,0.2965654106455736,0.5667882730348237,11.991629079089469,0.6454873286650737,98.6416708615901,0.4073648655804066,14.182822102930093,0.08173395261699556,0.03280586071940829,4.343429493003475e-06,0.7296704665126732,193.30595295131207,14,COMPLETE
2353,30.75805407323395,14.633740723522319,2026-10-06 01:40:44.844144,2026-10-06 01:43:56.926118,0 days 00:03:12.081974,0.51115025563667,0.2965654106455736,0.5662816343755678,18.386910920395536,0.2395452449940939,79.59415820376813,1.191277759964359,5.299460499774038,0.2975664073833317,0.02749864300312601,4.343429493003475e-06,0.739405563829868,192.08187148626894,14,COMPLETE
2354,,,2026-10-06 01:40:45.584535,2026-10-06 01:41:21.273070,0 days 00:00:35.688535,0.4919537458910443,0.19189790819770397,0.12615106220885586,38.13328415535741,0.2395452449940939,98.6416708615901,1.2205318815051402,1.4056083189495427,0.4212595585654096,0.021966873773064614,28.45368255573758,0.2678812614884665,,14,PRUNED
2355,,,2026-10-06 01:41:11.366179,2026-10-06 01:41:12.622009,0 days 00:00:01.255830,0.51115025563667,0.8717951055729352,0.807738690329122,11.991629079089469,0.6454873286650737,85.69762729633804,1.3460422977121211,23.475624031055144,0.08173395261699556,0.03280586071940829,,1.2974912099205862,,14,PRUNED
2356,35.93381586552373,10.887465783386524,2026-10-06 01:41:12.768054,2026-10-06 01:44:27.200661,0 days 00:03:14.432607,0.2994157425323484,0.2965654106455736,0.4120579376102117,5.245413993140336,0.2395452449940939,98.6416708615901,0.21292518523710352,20.4004304097776,0.08173395261699556,0.03038027549946027,4.343429493003475e-06,0.739405563829868,194.43249177653342,14,COMPLETE
2357,52.285658008262615,1.5856955592280242,2026-10-06 01:41:14.442190,2026-10-06 01:44:24.661841,0 days 00:03:10.219651,0.8010869639365119,0.19189790819770397,0.1347521461063753,8.556213008137046,0.05714116461716917,85.69762729633804,0.561064291511302,1.4056083189495427,0.18589067298139156,0.024099244621516126,0.0003750271870227611,0.2678812614884665,190.21953698713332,14,COMPLETE
2358,14.154329857388149,10.963086531008596,2026-10-06 01:41:15.097001,2026-10-06 01:44:31.077350,0 days 00:03:15.980349,0.8010869639365119,0.3233389271032242,0.6443949852851695,11.991629079089469,0.2395452449940939,2.879717023618448,0.12486747625813921,86.57068482598544,0.2975664073833317,0.03280586071940829,0.00014447613183128302,0.22420936382869971,195.98023354355246,14,COMPLETE
2359,30.909144173437454,17.927873397613475,2026-10-06 01:41:15.176286,2026-10-06 01:44:25.149241,0 days 00:03:09.972955,0.51115025563667,0.2965654106455736,0.5662816343755678,21.183844928151355,0.5855379267962546,85.69762729633804,1.191277759964359,20.4004304097776,0.04206136129933902,0.02749864300312601,4.343429493003475e-06,1.2974912099205862,189.9728471757844,14,COMPLETE
2360,30.78159509095526,10.662464555281264,2026-10-06 01:41:16.836997,2026-10-06 01:44:33.391841,0 days 00:03:16.554844,1.4644809848335274,0.2284118304472575,0.5667882730348237,10.877854836518644,0.33279388005294136,85.69762729633804,0.12486747625813921,23.475624031055144,0.3676044917349766,0.03280586071940829,0.00014447613183128302,1.1540267369865085,196.55473083350807,14,COMPLETE
2361,32.90218386140765,5.953306019535262,2026-10-06 01:41:17.256256,2026-10-06 01:44:29.696721,0 days 00:03:12.440465,0.2994157425323484,0.2965654106455736,0.20358075665942357,21.183844928151355,0.33279388005294136,94.61146042672904,0.21292518523710352,14.182822102930093,0.08173395261699556,0.024099244621516126,1.7569095815580446e-05,0.739405563829868,192.44035878870636,14,COMPLETE
2362,25.646718444404126,6.565683401555435,2026-10-06 01:41:17.277964,2026-10-06 01:44:31.374831,0 days 00:03:14.096867,1.2349294162160471,0.7186098618255685,0.5662816343755678,8.695206399809345,0.4319038627926991,3.426296442941455,1.191277759964359,14.182822102930093,0.5860574191614696,0.02749864300312601,0.00014447613183128302,1.3635581381619835,194.096768502146,14,COMPLETE
2363,26.641795811923497,4.502368788481539,2026-10-06 01:41:18.217001,2026-10-06 01:44:30.565823,0 days 00:03:12.348822,0.9158653711831447,0.6921609477097026,0.4120579376102117,5.245413993140336,0.6087670929915812,3.128461498004959,1.191277759964359,14.182822102930093,0.08173395261699556,0.03038027549946027,0.00014447613183128302,1.1540267369865085,192.34872662462294,14,COMPLETE
2364,16.318705063538946,8.261374085564393,2026-10-06 01:41:18.394122,2026-10-06 01:44:29.733818,0 days 00:03:11.339696,0.51115025563667,0.2284118304472575,0.5667882730348237,18.489161893608337,0.33279388005294136,2.064331279834706,0.21292518523710352,23.475624031055144,0.4212595585654096,0.03038027549946027,0.0026308899788012098,1.2974912099205862,191.33959943708032,14,COMPLETE
2365,25.335606719367167,10.921010454627396,2026-10-06 01:41:18.460977,2026-10-06 01:44:35.054318,0 days 00:03:16.593341,0.9251989558225691,0.2965654106455736,0.4120579376102117,18.489161893608337,0.2395452449940939,26.973472692599714,1.484226923085714,23.475624031055144,0.08173395261699556,0.03280586071940829,4.343429493003475e-06,0.739405563829868,196.59323449246585,14,COMPLETE
2366,25.527057381406294,24.338391621029906,2026-10-06 01:41:19.222995,2026-10-06 01:44:30.537147,0 days 00:03:11.314152,0.51115025563667,0.2284118304472575,0.807738690329122,18.489161893608337,0.33279388005294136,94.61146042672904,1.2132885539797689,14.182822102930093,0.08173395261699556,0.024099244621516126,4.343429493003475e-06,0.7296704665126732,191.31405178364366,14,COMPLETE
2367,31.19031840847477,16.191559973355456,2026-10-06 01:41:20.053201,2026-10-06 01:44:32.892829,0 days 00:03:12.839628,0.51115025563667,0.2965654106455736,0.5667882730348237,21.183844928151355,0.2395452449940939,85.69762729633804,0.21292518523710352,14.182822102930093,0.4212595585654096,0.03280586071940829,4.343429493003475e-06,1.2974912099205862,192.83953190408647,14,COMPLETE
2368,,,2026-10-06 01:41:20.703004,2026-10-06 01:41:21.083084,0 days 00:00:00.380080,0.2994157425323484,0.7186098618255685,0.807738690329122,5.245413993140336,0.6087670929915812,94.61146042672904,0.6419517764288287,14.182822102930093,0.49249792776202267,0.024099244621516126,,0.7296704665126732,,14,PRUNED
2369,42.104978295634766,1.6228533843524098,2026-10-06 01:41:20.778753,2026-10-06 01:44:32.354104,0 days 00:03:11.575351,0.2994157425323484,0.3731992973752525,0.1347521461063753,8.695206399809345,0.05714116461716917,38.90569925989694,1.191277759964359,1.360257068639701,0.18589067298139156,0.03038027549946027,0.00014447613183128302,1.1540267369865085,191.57525540608913,14,COMPLETE
2370,,,2026-10-06 01:41:21.257025,2026-10-06 01:41:21.932059,0 days 00:00:00.675034,0.01839965066515392,0.7186098618255685,0.807738690329122,18.489161893608337,0.33279388005294136,94.61146042672904,1.4690823188003486,14.182822102930093,0.8828826159389462,0.02749864300312601,,0.5840153043040979,,14,PRUNED
2371,34.976970796886725,6.178116011218554,2026-10-06 01:41:21.797155,2026-10-06 01:44:31.653344,0 days 00:03:09.856189,1.4644809848335274,0.19189790819770397,0.5667882730348237,11.991629079089469,0.2395452449940939,85.69762729633804,0.21292518523710352,3.438964968530983,0.5860574191614696,0.03038027549946027,4.343429493003475e-06,1.1540267369865085,189.85608914028853,14,COMPLETE
2372,30.64706222307086,20.16676429685947,2026-10-06 01:41:21.799969,2026-10-06 01:44:30.615204,0 days 00:03:08.815235,0.4919537458910443,0.2284118304472575,0.5926143650576037,10.877854836518644,0.33279388005294136,85.69762729633804,0.12486747625813921,86.57068482598544,0.3676044917349766,0.03280586071940829,4.343429493003475e-06,1.1540267369865085,188.8151423158124,14,COMPLETE
2373,27.68124322535025,14.01521145354366,2026-10-06 01:41:22.192001,2026-10-06 01:44:32.908821,0 days 00:03:10.716820,0.9129003075419007,0.2965654106455736,0.807738690329122,18.489161893608337,0.2395452449940939,85.69762729633804,0.21292518523710352,14.182822102930093,0.4834463553012081,0.03280586071940829,0.0003750271870227611,1.1540267369865085,190.71672570798546,14,COMPLETE
2374,25.640083023802372,16.499080628708363,2026-10-06 01:41:51.865590,2026-10-06 01:45:05.303413,0 days 00:03:13.437823,0.51115025563667,0.2284118304472575,0.807738690329122,18.489161893608337,0.33279388005294136,98.6416708615901,1.4690823188003486,14.182822102930093,0.08173395261699556,0.03280586071940829,0.00033557588049117255,0.30673616238509677,193.43772399052978,14,COMPLETE
2375,13.46220929871124,1.1905906373357893,2026-10-06 01:41:51.969538,2026-10-06 01:45:06.720263,0 days 00:03:14.750725,0.2994157425323484,0.8717951055729352,0.010057687430030448,11.991629079089469,0.6454873286650737,94.61146042672904,0.6419517764288287,6.291485127317232,0.08173395261699556,0.03038027549946027,4.343429493003475e-06,1.1540267369865085,194.75061819516122,14,COMPLETE
2376,25.92722991752321,22.46391017813523,2026-10-06 01:41:54.505994,2026-10-06 01:45:07.137077,0 days 00:03:12.631083,0.51115025563667,0.2284118304472575,0.807738690329122,18.489161893608337,0.2395452449940939,85.69762729633804,1.4690823188003486,14.182822102930093,0.08173395261699556,0.024099244621516126,4.343429493003475e-06,1.2974912099205862,192.63098571728915,14,COMPLETE
2377,20.27986889701357,1.9360432749224987,2026-10-06 01:41:54.658002,2026-10-06 01:45:08.531811,0 days 00:03:13.873809,0.51115025563667,0.2284118304472575,0.5667882730348237,18.489161893608337,0.33279388005294136,1.982943650323843,1.4690823188003486,14.182822102930093,0.08173395261699556,0.08527617231996966,4.343429493003475e-06,1.2974912099205862,193.8737162379548,14,COMPLETE
2378,21.59870340034709,9.176950391367885,2026-10-06 01:41:54.892154,2026-10-06 01:45:08.595816,0 days 00:03:13.703662,0.51115025563667,0.2284118304472575,0.5662816343755678,18.386910920395536,0.05714116461716917,85.69762729633804,1.1853862328717928,5.299460499774038,0.5860574191614696,0.024099244621516126,0.00014447613183128302,0.7296704665126732,193.70357373636216,14,COMPLETE
2379,24.498949922970755,27.23243049114971,2026-10-06 01:41:54.912984,2026-10-06 01:45:08.576574,0 days 00:03:13.663590,0.51115025563667,0.2284118304472575,0.807738690329122,18.489161893608337,0.33279388005294136,85.69762729633804,1.4690823188003486,23.475624031055144,0.08173395261699556,0.024099244621516126,2.271157378637047e-06,0.7296704665126732,193.66350079979748,14,COMPLETE
2380,41.214503157633374,6.725031002861912,2026-10-06 01:41:56.273285,2026-10-06 01:45:08.434736,0 days 00:03:12.161451,0.51115025563667,0.7186098618255685,0.4120579376102117,18.386910920395536,0.2395452449940939,85.69762729633804,1.191277759964359,5.299460499774038,0.5860574191614696,0.03038027549946027,0.00014447613183128302,1.323184094944831,192.1613582894206,14,COMPLETE
2381,48.813649964574,2.490122004460178,2026-10-06 01:41:57.716414,2026-10-06 01:45:09.096546,0 days 00:03:11.380132,0.4919537458910443,0.19189790819770397,0.20358075665942357,8.556213008137046,0.2395452449940939,98.6416708615901,0.21292518523710352,3.4986940086270097,0.4834463553012081,0.03038027549946027,0.0003750271870227611,0.2678812614884665,191.3800348667428,14,COMPLETE
2382,39.470880308421364,8.36998684648855,2026-10-06 01:41:57.849573,2026-10-06 01:45:05.234943,0 days 00:03:07.385370,0.4919537458910443,0.8717951055729352,0.5667882730348237,11.991629079089469,0.2395452449940939,98.6416708615901,1.3460422977121211,19.15408445903519,0.4212595585654096,0.03280586071940829,0.00014447613183128302,1.3635581381619835,187.38526012282819,14,COMPLETE
2383,54.72992422884637,1.4956935772924338,2026-10-06 01:41:58.587986,2026-10-06 01:45:10.436086,0 days 00:03:11.848100,0.8010869639365119,0.2284118304472575,0.12615106220885586,10.877854836518644,0.2395452449940939,85.69762729633804,0.7489966841685296,1.4056083189495427,0.3372985396418654,0.03038027549946027,4.343429493003475e-06,1.1540267369865085,191.84799192287028,14,COMPLETE
2384,,,2026-10-06 01:41:59.627642,2026-10-06 01:42:00.259044,0 days 00:00:00.631402,0.8010869639365119,1.2433500608038228,0.4120579376102117,18.386910920395536,0.2395452449940939,85.69762729633804,1.484226923085714,5.8774721288796,0.08173395261699556,0.03038027549946027,,1.323184094944831,,14,PRUNED
2385,27.619815598956297,2.5238867059478514,2026-10-06 01:41:59.630968,2026-10-06 01:45:09.649790,0 days 00:03:10.018822,0.51115025563667,0.2965654106455736,0.4120579376102117,18.489161893608337,0.2395452449940939,85.69762729633804,1.484226923085714,5.299460499774038,0.18589067298139156,0.03280586071940829,2.922637204431546,1.2974912099205862,190.01872116234154,14,COMPLETE
2386,31.155340826602156,9.162122322183539,2026-10-06 01:41:59.832253,2026-10-06 01:45:08.195340,0 days 00:03:08.363087,1.2349294162160471,0.8717951055729352,0.4120579376102117,18.489161893608337,0.33279388005294136,85.69762729633804,0.1292651576106817,14.182822102930093,0.08173395261699556,0.024099244621516126,0.00014447613183128302,1.1540267369865085,188.36297371517867,14,COMPLETE
2387,33.19819695479665,4.4173629631077365,2026-10-06 01:42:00.708169,2026-10-06 01:45:10.070380,0 days 00:03:09.362211,0.8010869639365119,0.8717951055729352,0.5667882730348237,18.489161893608337,0.506401025718823,98.6416708615901,0.7297455375332902,6.2296041386818795,0.3016357308348546,0.03038027549946027,0.05552169009094831,0.13372080777454082,189.3621084075421,14,COMPLETE
2388,45.846538454352945,3.1451133786122103,2026-10-06 01:42:00.711964,2026-10-06 01:45:10.255898,0 days 00:03:09.543934,0.637341034669437,0.19189790819770397,0.12615106220885586,8.556213008137046,0.2395452449940939,85.69762729633804,1.2898828018697517,11.191386632502216,0.3372985396418654,0.021966873773064614,1.3594058500386151e-05,0.2678812614884665,189.54383761063218,14,COMPLETE
2389,30.791254611928906,7.907172142965001,2026-10-06 01:42:00.715957,2026-10-06 01:45:10.379849,0 days 00:03:09.663892,1.4644809848335274,0.8717951055729352,0.5667882730348237,11.991629079089469,0.6087670929915812,11.496145394665358,1.3460422977121211,23.475624031055144,0.08173395261699556,0.03038027549946027,2.1038771230648366e-06,1.2974912099205862,189.66379685513675,14,COMPLETE
2390,27.12936941636564,19.77363879607518,2026-10-06 01:42:01.320002,2026-10-06 01:45:06.073796,0 days 00:03:04.753794,0.51115025563667,0.2284118304472575,0.807738690329122,18.489161893608337,0.33279388005294136,98.6416708615901,1.4690823188003486,14.182822102930093,0.08173395261699556,0.03368957141097724,4.343429493003475e-06,0.30673616238509677,184.7536846678704,14,COMPLETE
2391,,,2026-10-06 01:42:01.538103,2026-10-06 01:42:41.266054,0 days 00:00:39.727951,0.51115025563667,0.2284118304472575,0.807738690329122,26.32081026796135,0.33279388005294136,98.6416708615901,1.4690823188003486,24.839273781583007,0.4834463553012081,0.03038027549946027,4.343429493003475e-06,0.2678812614884665,,14,PRUNED
2392,22.98996013526622,4.260493820490147,2026-10-06 01:42:01.549964,2026-10-06 01:45:11.757717,0 days 00:03:10.207753,0.51115025563667,0.2284118304472575,0.5716378000340863,18.489161893608337,0.2395452449940939,85.69762729633804,1.484226923085714,14.182822102930093,0.08173395261699556,0.03280586071940829,3.654531132614884,1.2974912099205862,190.20765326265246,14,COMPLETE
2393,,,2026-10-06 01:42:02.941009,2026-10-06 01:42:03.959043,0 days 00:00:01.018034,0.51115025563667,0.2965654106455736,0.20358075665942357,18.489161893608337,0.9082463928328456,98.6416708615901,0.9549497396720296,23.475624031055144,0.4212595585654096,0.024099244621516126,,1.2974912099205862,,14,PRUNED
2394,,,2026-10-06 01:42:03.195994,2026-10-06 01:42:04.484059,0 days 00:00:01.288065,0.8255077349354215,0.2284118304472575,0.807738690329122,10.15739093705812,0.0826950034211189,98.6416708615901,1.4690823188003486,14.182822102930093,1.2737270758899792,0.03038027549946027,,0.7296704665126732,,14,PRUNED
2395,51.471814551980756,1.8294457832218418,2026-10-06 01:42:03.962984,2026-10-06 01:45:10.760324,0 days 00:03:06.797340,0.8010869639365119,0.19189790819770397,0.20358075665942357,13.359444199122356,0.2395452449940939,85.69762729633804,0.21292518523710352,1.4056083189495427,0.5860574191614696,0.03038027549946027,0.00014447613183128302,0.2678812614884665,186.79723837133497,14,COMPLETE
2396,,,2026-10-06 01:42:04.557989,2026-10-06 01:42:44.850041,0 days 00:00:40.292052,0.4919537458910443,0.2284118304472575,0.4120579376102117,5.245413993140336,0.6087670929915812,98.6416708615901,1.4690823188003486,5.8774721288796,0.3676044917349766,0.03280586071940829,4.343429493003475e-06,1.0275097586972821,,14,PRUNED
2397,,,2026-10-06 01:42:30.719994,2026-10-06 01:42:31.665341,0 days 00:00:00.945347,0.51115025563667,1.351166155997395,0.5667882730348237,21.183844928151355,0.6087670929915812,85.69762729633804,0.6419517764288287,41.66154811682372,0.007925456797868324,0.03280586071940829,,1.2974912099205862,,14,PRUNED
2398,42.01768491478568,2.244198869435669,2026-10-06 01:42:31.650175,2026-10-06 01:45:41.885547,0 days 00:03:10.235372,0.447684485641811,1.1628681559496143,0.20358075665942357,18.386910920395536,0.2395452449940939,85.69762729633804,1.2205318815051402,19.15408445903519,0.4212595585654096,0.03280586071940829,0.00014447613183128302,1.1540267369865085,190.23525417223573,14,COMPLETE
2399,36.313451290779895,12.237701623322614,2026-10-06 01:42:31.673148,2026-10-06 01:45:45.483846,0 days 00:03:13.810698,0.51115025563667,0.8717951055729352,0.5667882730348237,21.183844928151355,0.506401025718823,85.69762729633804,1.080654620868664,41.66154811682372,0.007925456797868324,0.03280586071940829,4.343429493003475e-06,1.2974912099205862,193.81060129217803,14,COMPLETE
2400,48.01377139404497,2.1732211665973216,2026-10-06 01:42:31.723004,2026-10-06 01:45:45.249513,0 days 00:03:13.526509,0.51115025563667,0.19189790819770397,0.20358075665942357,18.489161893608337,0.33279388005294136,98.6416708615901,1.191277759964359,1.4056083189495427,0.2975664073833317,0.02749864300312601,0.00014447613183128302,0.9603114093295346,193.52640533912927,14,COMPLETE
2401,47.055612941162494,5.454593768233115,2026-10-06 01:42:32.656764,2026-10-06 01:45:46.182238,0 days 00:03:13.525474,0.2994157425323484,0.7186098618255685,0.4120579376102117,5.245413993140336,0.6087670929915812,94.61146042672904,1.354499925262138,5.8774721288796,0.026937100580568585,0.03038027549946027,2.1038771230648366e-06,1.3217795953635318,193.5253841644153,14,COMPLETE
2402,25.342365463495675,14.463791507843549,2026-10-06 01:42:33.359999,2026-10-06 01:45:41.885785,0 days 00:03:08.525786,1.4644809848335274,0.2965654106455736,0.807738690329122,11.991629079089469,0.33279388005294136,85.69762729633804,1.3460422977121211,23.475624031055144,0.08173395261699556,0.024099244621516126,0.00014447613183128302,0.7296704665126732,188.5257297521457,14,COMPLETE
