number,values_0,values_1,datetime_start,datetime_complete,duration,params_between_rest_spread,params_c_spread,params_c_val,params_input_force,params_k_between_spread,params_k_between_val,params_k_wall_spread,params_k_wall_val,params_m_spread,params_m_val,params_ridge_alpha,params_wall_rest_spread,user_attrs_duration_sec,system_attrs_NSGAIISampler:generation,state
5073,43.54792246424903,3.707696025871381,2026-10-06 03:25:19.470150,2026-10-06 03:28:31.181816,0 days 00:03:11.711666,0.7123418565646167,0.8717951055729352,0.2345370319995722,11.991629079089469,0.6087670929915812,94.61146042672904,0.7297455375332902,41.66154811682372,0.08173395261699556,0.03038027549946027,4.343429493003475e-06,1.209109649444219,191.71156579907984,32,COMPLETE
5074,48.73459267941782,4.4329353000474345,2026-10-06 03:25:20.433999,2026-10-06 03:28:32.773123,0 days 00:03:12.339124,0.9158653711831447,0.8715336252138003,0.4120579376102117,5.245413993140336,0.6087670929915812,94.61146042672904,0.6419517764288287,5.8774721288796,0.08173395261699556,0.03038027549946027,4.343429493003475e-06,1.1540267369865085,192.33900776784867,32,COMPLETE
5075,,,2026-10-06 03:25:21.349286,2026-10-06 03:25:58.818033,0 days 00:00:37.468747,0.51115025563667,0.07861675458476158,0.2345370319995722,5.245413993140336,0.6087670929915812,91.93166930033782,1.080654620868664,5.8774721288796,0.3936576523393438,0.03038027549946027,2.1038771230648366e-06,1.2974912099205862,,32,PRUNED
5076,,,2026-10-06 03:25:21.638003,2026-10-06 03:25:22.646047,0 days 00:00:01.008044,0.51115025563667,0.3731727990656338,0.21268159808461562,5.245413993140336,0.33279388005294136,94.61146042672904,1.484226923085714,35.86671955459044,0.3936576523393438,0.03038027549946027,,1.2974912099205862,,32,PRUNED
5077,44.67153760048093,4.7032967925305265,2026-10-06 03:25:22.680991,2026-10-06 03:28:32.389850,0 days 00:03:09.708859,0.8010869639365119,0.7186098618255685,0.20358075665942357,8.556213008137046,0.33279388005294136,98.6416708615901,1.484226923085714,14.182822102930093,0.2975664073833317,0.024099244621516126,4.343429493003475e-06,0.23886283196880004,189.7087362660095,32,COMPLETE
5078,42.40414522559419,2.288541780610549,2026-10-06 03:25:40.869001,2026-10-06 03:28:53.566616,0 days 00:03:12.697615,0.7941453801831695,0.2965654106455736,0.5366555156439644,5.245413993140336,0.506401025718823,94.61146042672904,1.484226923085714,1.1445112738702679,0.026937100580568585,0.03038027549946027,4.343429493003475e-06,1.2974912099205862,192.69748229160905,32,COMPLETE
5079,32.97900777853396,14.334155772717084,2026-10-06 03:25:50.184510,2026-10-06 03:29:03.886633,0 days 00:03:13.702123,0.51115025563667,0.7186098618255685,0.807738690329122,21.183844928151355,0.3519093950798047,94.61146042672904,0.396687138771568,5.8774721288796,0.3054149949472662,0.03038027549946027,2.1038771230648366e-06,1.1540267369865085,193.70200143475085,32,COMPLETE
5080,,,2026-10-06 03:25:53.412125,2026-10-06 03:25:54.403682,0 days 00:00:00.991557,0.8010869639365119,0.19189790819770397,0.5926143650576037,11.991629079089469,0.041215912138036326,85.69762729633804,1.2898828018697517,35.86671955459044,0.4212595585654096,0.002055127578581617,,1.1540267369865085,,32,PRUNED
5081,,,2026-10-06 03:25:54.045068,2026-10-06 03:25:54.680489,0 days 00:00:00.635421,0.51115025563667,0.7186098618255685,0.20358075665942357,5.245413993140336,0.33279388005294136,98.6416708615901,1.484226923085714,52.61867398283279,1.1671546309032728,0.024099244621516126,,0.23886283196880004,,32,PRUNED
5082,,,2026-10-06 03:25:54.460034,2026-10-06 03:25:54.958313,0 days 00:00:00.498279,0.51115025563667,0.8717951055729352,0.807738690329122,5.245413993140336,0.33279388005294136,94.61146042672904,1.080654620868664,1.4056083189495427,0.007925456797868324,0.021966873773064614,,1.3890637168667692,,32,PRUNED
5083,,,2026-10-06 03:25:54.802546,2026-10-06 03:25:55.711161,0 days 00:00:00.908615,0.7407180681038071,0.2965654106455736,0.4120579376102117,5.245413993140336,0.33279388005294136,94.61146042672904,1.484226923085714,19.15408445903519,0.8088987693638208,0.03038027549946027,,1.1540267369865085,,32,PRUNED
5084,41.4033094692791,10.253811843380529,2026-10-06 03:25:55.227999,2026-10-06 03:29:06.801829,0 days 00:03:11.573830,0.7407180681038071,0.21606902729252941,0.4120579376102117,5.245413993140336,0.2395452449940939,98.6416708615901,0.7297455375332902,19.15408445903519,0.4212595585654096,0.03038027549946027,2.1038771230648366e-06,0.7699502779177346,191.57359762117267,32,COMPLETE
5085,33.44190641361133,18.40354493028175,2026-10-06 03:25:55.690982,2026-10-06 03:29:09.813940,0 days 00:03:14.122958,0.7123418565646167,0.3710922296723819,0.5926143650576037,10.877854836518644,0.2395452449940939,98.6416708615901,0.7297455375332902,41.66154811682372,0.2975664073833317,0.03038027549946027,4.343429493003475e-06,1.1540267369865085,194.12283633928746,32,COMPLETE
5086,48.53577463888932,4.255816426763319,2026-10-06 03:25:55.842979,2026-10-06 03:29:05.996471,0 days 00:03:10.153492,0.7407180681038071,0.8717951055729352,0.4120579376102117,8.556213008137046,0.33279388005294136,98.6416708615901,1.484226923085714,5.8774721288796,0.4212595585654096,0.03280586071940829,4.343429493003475e-06,1.1540267369865085,190.1533648101613,32,COMPLETE
5087,,,2026-10-06 03:25:56.480990,2026-10-06 03:26:34.162918,0 days 00:00:37.681928,0.8010869639365119,0.2965654106455736,0.19400160111159936,11.991629079089469,1.1173493436709554,94.61146042672904,1.080654620868664,35.86671955459044,0.08173395261699556,0.03280586071940829,4.343429493003475e-06,1.2974912099205862,,32,PRUNED
5088,,,2026-10-06 03:25:57.034003,2026-10-06 03:25:57.932894,0 days 00:00:00.898891,0.7123418565646167,0.8717951055729352,0.2345370319995722,5.245413993140336,0.6087670929915812,98.6416708615901,1.484226923085714,41.66154811682372,0.35651553038245876,0.03038027549946027,,1.209109649444219,,32,PRUNED
5089,22.493027286411557,5.284460628473891,2026-10-06 03:25:57.248002,2026-10-06 03:29:09.613179,0 days 00:03:12.365177,0.8010869639365119,0.19189790819770397,0.5926143650576037,10.877854836518644,0.33279388005294136,79.82514774638318,0.6419517764288287,35.86671955459044,0.28988344429582863,0.03038027549946027,0.9407693430750097,1.1540267369865085,192.36505949962884,32,COMPLETE
5090,57.62138762618855,1.2984395016309165,2026-10-06 03:25:57.388984,2026-10-06 03:29:14.271148,0 days 00:03:16.882164,0.7941453801831695,0.2965654106455736,0.12615106220885586,8.556213008137046,0.2395452449940939,94.61146042672904,1.484226923085714,1.1445112738702679,0.4212595585654096,0.03280586071940829,2.1038771230648366e-06,1.2974912099205862,196.8820372959599,32,COMPLETE
5091,47.03609178931954,3.791158405470578,2026-10-06 03:25:58.758151,2026-10-06 03:29:10.135903,0 days 00:03:11.377752,0.8010869639365119,0.7186098618255685,0.2345370319995722,8.028672384211692,0.33279388005294136,98.6416708615901,0.9264089470571193,45.6508402201298,0.28988344429582863,0.03038027549946027,4.343429493003475e-06,1.2974912099205862,191.37764914520085,32,COMPLETE
5092,32.344553586199616,14.61070934523052,2026-10-06 03:25:58.767987,2026-10-06 03:29:10.615642,0 days 00:03:11.847655,0.9158653711831447,0.7186098618255685,0.5667882730348237,30.119475205964235,0.33279388005294136,85.69762729633804,1.080654620868664,41.66154811682372,0.007925456797868324,0.03038027549946027,4.343429493003475e-06,1.1540267369865085,191.84753390029073,32,COMPLETE
5093,10.452960406465085,2.733367182583759,2026-10-06 03:25:58.861810,2026-10-06 03:29:12.998707,0 days 00:03:14.136897,0.7407180681038071,0.3710922296723819,0.4120579376102117,35.25527674333904,0.6087670929915812,2.6187472708670474,1.484226923085714,11.643556088007719,0.2975664073833317,0.03038027549946027,2.1038771230648366e-06,0.7664512077432872,194.13678794167936,32,COMPLETE
5094,,,2026-10-06 03:26:01.000004,2026-10-06 03:26:01.980066,0 days 00:00:00.980062,0.51115025563667,0.8717951055729352,0.5667882730348237,10.877854836518644,0.33279388005294136,94.61146042672904,1.2898828018697517,35.86671955459044,0.2975664073833317,0.021966873773064614,,1.3890637168667692,,32,PRUNED
5095,36.03462913077138,9.575644514411419,2026-10-06 03:26:01.439043,2026-10-06 03:29:11.085504,0 days 00:03:09.646461,0.51115025563667,0.2284118304472575,0.5667882730348237,5.245413993140336,0.33279388005294136,98.6416708615901,0.6419517764288287,5.8774721288796,0.08173395261699556,0.03038027549946027,4.343429493003475e-06,0.7296704665126732,189.64634576626122,32,COMPLETE
5096,,,2026-10-06 03:26:02.004016,2026-10-06 03:26:39.536078,0 days 00:00:37.532062,0.7407180681038071,0.7186098618255685,0.4120579376102117,5.245413993140336,0.6087670929915812,98.6416708615901,1.484226923085714,5.8774721288796,0.28988344429582863,0.03038027549946027,4.343429493003475e-06,1.1540267369865085,,32,PRUNED
5097,0.08659260330122259,1.261404560458533,2026-10-06 03:26:23.326021,2026-10-06 03:29:36.974992,0 days 00:03:13.648971,0.51115025563667,0.07861675458476158,0.01305746793412166,10.877854836518644,0.33279388005294136,98.6416708615901,1.080654620868664,45.6508402201298,0.2975664073833317,0.03280586071940829,4.343429493003475e-06,1.2974912099205862,193.64884441159666,32,COMPLETE
5098,54.77462737722279,1.6273915608323724,2026-10-06 03:26:31.150992,2026-10-06 03:29:42.915348,0 days 00:03:11.764356,0.8010869639365119,0.7186098618255685,0.2345370319995722,5.245413993140336,0.33279388005294136,98.6416708615901,1.484226923085714,5.8774721288796,0.28988344429582863,0.03038027549946027,4.343429493003475e-06,1.2974912099205862,191.76422249432653,32,COMPLETE
5099,46.34543104246147,2.3944820000353566,2026-10-06 03:26:32.041009,2026-10-06 03:29:41.110854,0 days 00:03:09.069845,0.32522926579248107,0.7186098618255685,0.2345370319995722,5.245413993140336,0.33279388005294136,94.61146042672904,0.6419517764288287,7.242018006177657,0.15450841561573675,0.03038027549946027,2.1038771230648366e-06,1.1540267369865085,189.06972584221512,32,COMPLETE
5100,,,2026-10-06 03:26:33.425990,2026-10-06 03:26:34.027096,0 days 00:00:00.601106,0.8010869639365119,0.07861675458476158,0.2345370319995722,5.245413993140336,0.3519093950798047,98.6416708615901,1.484226923085714,45.6508402201298,0.3054149949472662,0.03038027549946027,,1.2974912099205862,,32,PRUNED
5101,51.97561585372788,1.9362349947595747,2026-10-06 03:26:33.694427,2026-10-06 03:29:50.664332,0 days 00:03:16.969905,0.51115025563667,0.7186098618255685,0.2345370319995722,5.245413993140336,0.33279388005294136,94.61146042672904,1.484226923085714,5.8774721288796,0.3936576523393438,0.03038027549946027,4.343429493003475e-06,1.1540267369865085,196.9697655281052,32,COMPLETE
5102,27.643697949626546,18.01327187193853,2026-10-06 03:26:34.795159,2026-10-06 03:29:34.762284,0 days 00:02:59.967125,0.51115025563667,0.2284118304472575,0.807738690329122,12.214752017762354,0.33279388005294136,98.6416708615901,1.484226923085714,7.242018006177657,0.28988344429582863,0.024099244621516126,4.343429493003475e-06,0.03334204897664861,179.9669998511672,32,COMPLETE
5103,,,2026-10-06 03:26:34.798741,2026-10-06 03:26:35.100039,0 days 00:00:00.301298,1.1546551456676255,0.8717951055729352,0.013235353574533225,11.991629079089469,0.33279388005294136,98.6416708615901,1.484226923085714,5.8774721288796,1.344354314935609,0.03038027549946027,,1.1540267369865085,,32,PRUNED
5104,,,2026-10-06 03:26:34.801885,2026-10-06 03:27:14.030452,0 days 00:00:39.228567,0.9158653711831447,0.8715336252138003,0.4120579376102117,5.245413993140336,0.6087670929915812,98.6416708615901,0.6419517764288287,5.8774721288796,0.6889739451809269,0.03038027549946027,2.1038771230648366e-06,0.23886283196880004,,32,PRUNED
5105,32.552013464674715,14.968697734821845,2026-10-06 03:26:35.381465,2026-10-06 03:29:47.892144,0 days 00:03:12.510679,0.6775759777641851,0.2284118304472575,0.6190945079061037,5.245413993140336,0.2395452449940939,98.6416708615901,1.4690823188003486,23.475624031055144,0.08173395261699556,0.024099244621516126,4.343429493003475e-06,1.1540267369865085,192.5105424420908,33,COMPLETE
5106,37.20363218267585,13.427224109668602,2026-10-06 03:26:35.561002,2026-10-06 03:29:47.737395,0 days 00:03:12.176393,1.1546551456676255,0.3710922296723819,0.5926143650576037,10.877854836518644,0.33279388005294136,98.6416708615901,1.484226923085714,35.86671955459044,0.007925456797868324,0.03280586071940829,4.343429493003475e-06,1.1540267369865085,192.17627205420285,33,COMPLETE
5107,42.14747601545283,9.577708164694538,2026-10-06 03:26:36.423194,2026-10-06 03:29:42.749684,0 days 00:03:06.326490,1.1546551456676255,0.8717951055729352,0.5667882730348237,11.991629079089469,0.33279388005294136,98.6416708615901,1.484226923085714,19.15408445903519,0.3676044917349766,0.03038027549946027,4.343429493003475e-06,1.2974912099205862,186.32636689115316,33,COMPLETE
5108,39.560992972362854,6.3772802454607485,2026-10-06 03:26:36.426964,2026-10-06 03:29:43.947062,0 days 00:03:07.520098,0.8010869639365119,0.2454924989231811,0.5667882730348237,5.245413993140336,0.33279388005294136,98.6416708615901,1.484226923085714,5.8774721288796,0.2975664073833317,0.03038027549946027,4.343429493003475e-06,1.1540267369865085,187.51997655350715,33,COMPLETE
5109,,,2026-10-06 03:26:36.430947,2026-10-06 03:26:36.813037,0 days 00:00:00.382090,0.7123418565646167,0.19189790819770397,0.807738690329122,21.183844928151355,0.6087670929915812,94.61146042672904,1.080654620868664,45.6508402201298,0.2975664073833317,0.024099244621516126,,1.2974912099205862,,33,PRUNED
5110,56.53385316950515,1.3587810168215118,2026-10-06 03:26:36.434957,2026-10-06 03:29:49.388770,0 days 00:03:12.953813,0.9158653711831447,0.8715336252138003,0.17554070773749708,5.245413993140336,0.6087670929915812,98.6416708615901,1.484226923085714,5.8774721288796,0.08173395261699556,0.03038027549946027,4.343429493003475e-06,1.1540267369865085,192.95370683073997,33,COMPLETE
5111,32.98093750405628,4.42166998495471,2026-10-06 03:26:36.438945,2026-10-06 03:29:50.199927,0 days 00:03:13.760982,0.7941453801831695,0.07861675458476158,0.807738690329122,21.183844928151355,0.2395452449940939,94.61146042672904,0.396687138771568,1.1445112738702679,0.3787184497362417,0.03038027549946027,2.1038771230648366e-06,1.2974912099205862,193.76086441334337,33,COMPLETE
5112,41.90023886400088,5.2202943054015245,2026-10-06 03:26:36.442951,2026-10-06 03:29:48.359007,0 days 00:03:11.916056,0.32522926579248107,0.2965654106455736,0.4120579376102117,5.245413993140336,0.33279388005294136,94.61146042672904,0.2951838235399127,1.7393539128828488,0.15450841561573675,0.023554272151894116,2.1038771230648366e-06,0.7699502779177346,191.91594304330647,33,COMPLETE
5113,,,2026-10-06 03:26:36.803003,2026-10-06 03:27:14.448371,0 days 00:00:37.645368,0.8010869639365119,0.7186098618255685,0.5667882730348237,5.245413993140336,0.6550514428556464,98.6416708615901,1.4690823188003486,23.475624031055144,0.28988344429582863,0.024099244621516126,4.343429493003475e-06,0.23886283196880004,,33,PRUNED
5114,53.25812333207168,2.3567808657080165,2026-10-06 03:26:36.977978,2026-10-06 03:29:49.549150,0 days 00:03:12.571172,0.51115025563667,0.2965654106455736,0.2345370319995722,5.245413993140336,0.33279388005294136,94.61146042672904,1.484226923085714,5.8774721288796,0.3936576523393438,0.03038027549946027,4.343429493003475e-06,1.2974912099205862,192.57104658335447,33,COMPLETE
5115,39.43965645560812,5.377681809081873,2026-10-06 03:26:38.160149,2026-10-06 03:29:49.122588,0 days 00:03:10.962439,1.1546551456676255,0.2454924989231811,0.5667882730348237,5.245413993140336,0.33279388005294136,98.6416708615901,1.484226923085714,5.8774721288796,0.1352200025549012,0.03038027549946027,4.343429493003475e-06,1.1540267369865085,190.96231389977038,33,COMPLETE
5116,32.61594223199283,7.207082530062484,2026-10-06 03:26:38.427996,2026-10-06 03:29:51.410312,0 days 00:03:12.982316,0.8010869639365119,0.7186098618255685,0.5926143650576037,5.245413993140336,0.33279388005294136,94.61146042672904,1.484226923085714,41.66154811682372,0.08173395261699556,0.03038027549946027,0.0007819221042318003,0.23886283196880004,192.9821860641241,33,COMPLETE
5117,35.29240283509664,11.156254797498363,2026-10-06 03:26:39.424001,2026-10-06 03:29:50.123599,0 days 00:03:10.699598,0.9158653711831447,0.7186098618255685,0.7004804780858044,19.008968816747014,0.5557547632162355,98.6416708615901,0.6419517764288287,5.8774721288796,0.08173395261699556,0.03038027549946027,2.1038771230648366e-06,0.7699502779177346,190.69947437942028,33,COMPLETE
5118,30.225027252839197,1.3092773707074057,2026-10-06 03:26:39.751159,2026-10-06 03:29:53.532864,0 days 00:03:13.781705,0.9158653711831447,0.8715336252138003,0.4120579376102117,5.245413993140336,0.33279388005294136,98.6416708615901,1.484226923085714,5.8774721288796,0.3054149949472662,0.03038027549946027,1.3619386253891617,0.23886283196880004,193.7815713007003,33,COMPLETE
5119,32.81482995610624,19.603060071849207,2026-10-06 03:26:39.788980,2026-10-06 03:29:52.687783,0 days 00:03:12.898803,0.7123418565646167,0.19189790819770397,0.5926143650576037,10.877854836518644,0.2395452449940939,98.6416708615901,1.4690823188003486,23.475624031055144,0.2975664073833317,0.024099244621516126,4.343429493003475e-06,1.1540267369865085,192.89867705293,33,COMPLETE
5120,,,2026-10-06 03:26:42.474009,2026-10-06 03:26:43.625073,0 days 00:00:01.151064,0.9158653711831447,0.19189790819770397,0.778294044131552,11.991629079089469,0.6087670929915812,98.6416708615901,0.6419517764288287,35.86671955459044,0.08173395261699556,0.004572272307451425,,0.7699502779177346,,33,PRUNED
5121,,,2026-10-06 03:26:43.838927,2026-10-06 03:26:45.004626,0 days 00:00:01.165699,0.8010869639365119,0.3710922296723819,0.12615106220885586,10.877854836518644,0.33279388005294136,94.61146042672904,1.484226923085714,35.86671955459044,0.2975664073833317,0.0017063984407778966,,1.1540267369865085,,33,PRUNED
5122,45.93380745361965,4.334570956482514,2026-10-06 03:26:45.231993,2026-10-06 03:30:14.623267,0 days 00:03:29.391274,0.51115025563667,0.2965654106455736,0.2345370319995722,10.877854836518644,0.33279388005294136,98.6416708615901,1.484226923085714,19.15408445903519,0.3936576523393438,0.03038027549946027,2.7964572452460484e-05,1.2974912099205862,209.39113859366626,33,COMPLETE
5123,41.36879697443592,8.258718523522369,2026-10-06 03:27:06.057023,2026-10-06 03:30:22.549977,0 days 00:03:16.492954,0.7112273181968373,0.8717951055729352,0.4120579376102117,10.877854836518644,0.2395452449940939,98.6416708615901,0.7518185550990375,19.15408445903519,0.3676044917349766,0.03280586071940829,4.343429493003475e-06,0.7699502779177346,196.49282811023295,33,COMPLETE
5124,26.683826499259386,1.9871699616903031,2026-10-06 03:27:06.581016,2026-10-06 03:30:22.076730,0 days 00:03:15.495714,0.9158653711831447,0.19189790819770397,0.12615106220885586,10.877854836518644,0.506401025718823,4.132879716885509,1.484226923085714,35.86671955459044,0.026937100580568585,0.03038027549946027,2.1038771230648366e-06,1.2974912099205862,195.49558841623366,33,COMPLETE
5125,39.83158842591338,12.762778477732386,2026-10-06 03:27:09.995165,2026-10-06 03:30:25.945962,0 days 00:03:15.950797,0.32522926579248107,0.2965654106455736,0.4120579376102117,5.245413993140336,0.33279388005294136,94.61146042672904,1.484226923085714,19.15408445903519,0.15450841561573675,0.023554272151894116,2.1038771230648366e-06,1.1540267369865085,195.95065993070602,33,COMPLETE
5126,38.59999615195398,11.4030556767702,2026-10-06 03:27:10.625917,2026-10-06 03:30:20.291873,0 days 00:03:09.665956,0.32522926579248107,0.2965654106455736,0.4120579376102117,5.245413993140336,0.33279388005294136,94.61146042672904,1.484226923085714,19.15408445903519,0.4212595585654096,0.03038027549946027,4.99278181146099e-06,0.1310809822069232,189.66581633873284,33,COMPLETE
5127,,,2026-10-06 03:27:11.032869,2026-10-06 03:27:11.867811,0 days 00:00:00.834942,0.9158653711831447,0.7186098618255685,0.3522998736573198,11.991629079089469,0.33279388005294136,1.1085694121627383,0.2951838235399127,5.8774721288796,0.007925456797868324,0.004413004578324843,,0.7699502779177346,,33,PRUNED
5128,39.46981526302484,3.9663371771849496,2026-10-06 03:27:11.260001,2026-10-06 03:30:23.933892,0 days 00:03:12.673891,0.9158653711831447,0.7186098618255685,0.4120579376102117,11.991629079089469,0.3519093950798047,94.61146042672904,0.396687138771568,45.6508402201298,0.007925456797868324,0.06296520888636122,4.343429493003475e-06,0.7699502779177346,192.67376668937504,33,COMPLETE
5129,,,2026-10-06 03:27:11.883985,2026-10-06 03:27:50.730055,0 days 00:00:38.846070,0.7407180681038071,0.3710922296723819,0.5926143650576037,10.877854836518644,0.6087670929915812,98.6416708615901,0.6419517764288287,35.86671955459044,0.2975664073833317,0.03038027549946027,2.1038771230648366e-06,1.1540267369865085,,33,PRUNED
5130,46.60655845964432,5.609943537687489,2026-10-06 03:27:14.448817,2026-10-06 03:30:25.606246,0 days 00:03:11.157429,0.9158653711831447,0.7186098618255685,0.4120579376102117,5.245413993140336,0.5557547632162355,98.6416708615901,0.6419517764288287,5.8774721288796,0.08173395261699556,0.03038027549946027,2.1038771230648366e-06,0.7699502779177346,191.15730403829366,33,COMPLETE
5131,35.737926381264444,1.9529221547949587,2026-10-06 03:27:14.451951,2026-10-06 03:30:27.215819,0 days 00:03:12.763868,0.8010869639365119,0.19189790819770397,0.2345370319995722,5.245413993140336,0.33279388005294136,85.69762729633804,1.484226923085714,35.86671955459044,0.4212595585654096,0.03038027549946027,0.134753012521636,0.7699502779177346,192.7637653592974,33,COMPLETE
5132,53.44108565215055,1.7202431135530487,2026-10-06 03:27:14.515962,2026-10-06 03:30:28.961749,0 days 00:03:14.445787,0.9158653711831447,0.8715336252138003,0.2345370319995722,5.245413993140336,0.6087670929915812,98.6416708615901,1.484226923085714,5.8774721288796,0.08173395261699556,0.03038027549946027,2.1038771230648366e-06,1.1540267369865085,194.44564867485315,33,COMPLETE
