number,values_0,values_1,datetime_start,datetime_complete,duration,params_between_rest_spread,params_c_spread,params_c_val,params_input_force,params_k_between_spread,params_k_between_val,params_k_wall_spread,params_k_wall_val,params_m_spread,params_m_val,params_ridge_alpha,params_wall_rest_spread,user_attrs_duration_sec,system_attrs_NSGAIISampler:generation,state
2108,29.29100689378955,15.780722545159005,2026-10-06 01:31:06.388988,2026-10-06 01:34:17.979832,0 days 00:03:11.590844,0.8010869639365119,0.8717951055729352,0.807738690329122,21.183844928151355,0.33279388005294136,85.69762729633804,1.080654620868664,39.31228008394096,0.08173395261699556,0.039589557824778104,4.343429493003475e-06,0.2678812614884665,191.59074414428324,12,COMPLETE
2109,,,2026-10-06 01:31:07.393180,2026-10-06 01:31:07.667057,0 days 00:00:00.273877,0.4919537458910443,0.21606902729252941,0.4120579376102117,18.489161893608337,0.2395452449940939,85.69762729633804,1.4690823188003486,42.761933999692346,0.2975664073833317,0.024099244621516126,,1.3635581381619835,,12,PRUNED
2110,34.50790269070272,5.578562000884028,2026-10-06 01:31:07.807008,2026-10-06 01:34:17.510379,0 days 00:03:09.703371,0.4919537458910443,0.21606902729252941,0.5926143650576037,8.556213008137046,0.2395452449940939,98.6416708615901,0.21292518523710352,3.4986940086270097,0.4212595585654096,0.03038027549946027,0.00014447613183128302,1.3635581381619835,189.70327491592616,12,COMPLETE
2111,,,2026-10-06 01:31:29.419446,2026-10-06 01:31:30.363031,0 days 00:00:00.943585,0.51115025563667,0.2965654106455736,0.1804837833653059,21.183844928151355,0.2395452449940939,85.69762729633804,0.21292518523710352,14.182822102930093,1.2423773578647839,0.03280586071940829,,1.2974912099205862,,12,PRUNED
2112,26.69359965038162,21.42922549772639,2026-10-06 01:31:30.408120,2026-10-06 01:34:46.215796,0 days 00:03:15.807676,0.8010869639365119,0.3233389271032242,0.6443949852851695,11.991629079089469,0.2395452449940939,85.69762729633804,0.12486747625813921,86.57068482598544,0.2975664073833317,0.03280586071940829,0.00014447613183128302,0.22420936382869971,195.80755451601,12,COMPLETE
2113,21.460804459543247,13.652708845638205,2026-10-06 01:31:34.016002,2026-10-06 01:34:50.964656,0 days 00:03:16.948654,0.51115025563667,0.2965654106455736,0.4120579376102117,18.489161893608337,0.2395452449940939,10.289654305529048,0.21292518523710352,86.57068482598544,0.08173395261699556,0.024099244621516126,0.00014447613183128302,1.1540267369865085,196.94853691197932,12,COMPLETE
2114,32.01332673961376,10.004043449442385,2026-10-06 01:31:35.804998,2026-10-06 01:34:45.033062,0 days 00:03:09.228064,0.8010869639365119,0.2965654106455736,0.4120579376102117,18.489161893608337,0.2395452449940939,85.69762729633804,0.21292518523710352,14.182822102930093,0.08173395261699556,0.03280586071940829,0.00014447613183128302,1.1540267369865085,189.22795267682523,12,COMPLETE
2115,47.48769679939063,2.416762867667546,2026-10-06 01:31:36.072033,2026-10-06 01:34:48.764438,0 days 00:03:12.692405,0.6416655413198389,0.2965654106455736,0.17330203936059302,8.556213008137046,0.33279388005294136,98.6416708615901,0.21292518523710352,11.86468393276075,0.3676044917349766,0.03280586071940829,1.969030522109686e-05,0.2678812614884665,192.69229520019144,12,COMPLETE
2116,35.43160029206457,12.038274131612793,2026-10-06 01:31:36.791016,2026-10-06 01:34:48.846677,0 days 00:03:12.055661,0.8010869639365119,0.2965654106455736,0.4120579376102117,18.489161893608337,0.2395452449940939,85.69762729633804,0.21292518523710352,23.475624031055144,0.5860574191614696,0.03280586071940829,0.00014447613183128302,1.2974912099205862,192.05555580556393,12,COMPLETE
2117,26.143742956339803,19.557052534022976,2026-10-06 01:31:37.148179,2026-10-06 01:34:50.970284,0 days 00:03:13.822105,0.7374635160932693,0.3233389271032242,0.6443949852851695,18.489161893608337,0.2395452449940939,98.6416708615901,0.12486747625813921,86.57068482598544,0.08173395261699556,0.03280586071940829,0.00014447613183128302,1.1540267369865085,193.82200322300196,12,COMPLETE
2118,31.055449618650776,16.84531222808312,2026-10-06 01:31:37.859214,2026-10-06 01:34:53.028798,0 days 00:03:15.169584,0.51115025563667,0.2965654106455736,0.5662816343755678,11.991629079089469,0.6454873286650737,85.69762729633804,1.4690823188003486,20.4004304097776,0.04206136129933902,0.03038027549946027,4.343429493003475e-06,0.2678812614884665,195.16948533430696,12,COMPLETE
2119,31.047173494109938,16.726160682869978,2026-10-06 01:31:38.196709,2026-10-06 01:34:50.111767,0 days 00:03:11.915058,0.24594291236227017,0.29617537592597154,0.5667882730348237,18.489161893608337,0.2395452449940939,85.69762729633804,1.080654620868664,19.15408445903519,0.4212595585654096,0.03038027549946027,0.00014447613183128302,1.2974912099205862,191.9149394594133,12,COMPLETE
2120,35.271945146314025,6.416377056893814,2026-10-06 01:31:38.400008,2026-10-06 01:34:51.565855,0 days 00:03:13.165847,0.2994157425323484,0.7186098618255685,0.4120579376102117,25.926890595324377,0.6087670929915812,85.69762729633804,0.6419517764288287,5.8774721288796,0.08173395261699556,0.03280586071940829,2.1038771230648366e-06,0.8880720945011893,193.16563525795937,12,COMPLETE
2121,30.11983880072331,8.093633090740907,2026-10-06 01:31:40.185997,2026-10-06 01:34:51.459660,0 days 00:03:11.273663,0.8010869639365119,0.7186098618255685,0.4120579376102117,44.85493829363819,0.2395452449940939,85.69762729633804,0.6419517764288287,11.86468393276075,0.08173395261699556,0.03038027549946027,2.1038771230648366e-06,1.1540267369865085,191.27355264127254,12,COMPLETE
2122,38.6796765453087,7.654483583965508,2026-10-06 01:31:41.413128,2026-10-06 01:34:54.040156,0 days 00:03:12.627028,1.2349294162160471,0.2965654106455736,0.4120579376102117,5.245413993140336,0.2395452449940939,85.69762729633804,0.21292518523710352,14.182822102930093,0.08173395261699556,0.03280586071940829,4.343429493003475e-06,1.1540267369865085,192.62691355124116,12,COMPLETE
2123,40.169375636920435,4.587068655215035,2026-10-06 01:31:42.200969,2026-10-06 01:34:53.673544,0 days 00:03:11.472575,0.2831102268912115,0.19189790819770397,0.20358075665942357,8.556213008137046,0.2395452449940939,85.69762729633804,0.21292518523710352,11.86468393276075,0.3372985396418654,0.03038027549946027,0.0006185581455600675,0.14078630389947044,191.47247283905745,12,COMPLETE
2124,39.833643992096256,4.033460168662842,2026-10-06 01:31:43.292151,2026-10-06 01:34:51.612706,0 days 00:03:08.320555,0.8010869639365119,0.19189790819770397,0.20358075665942357,10.877854836518644,0.2395452449940939,98.6416708615901,0.12486747625813921,86.57068482598544,0.2975664073833317,0.03038027549946027,2.1038771230648366e-06,1.1540267369865085,188.32046305201948,12,COMPLETE
2125,25.58248662841886,21.496928252923226,2026-10-06 01:31:44.101002,2026-10-06 01:34:52.990822,0 days 00:03:08.889820,0.51115025563667,0.2284118304472575,0.6443949852851695,18.489161893608337,0.2395452449940939,98.6416708615901,0.39737429585187056,14.182822102930093,0.08173395261699556,0.024099244621516126,0.00014447613183128302,0.38953443243792846,188.88972413819283,12,COMPLETE
2126,30.156077994519514,9.137242180521186,2026-10-06 01:31:44.367009,2026-10-06 01:34:52.911539,0 days 00:03:08.544530,0.51115025563667,0.19189790819770397,0.5662816343755678,8.556213008137046,0.2395452449940939,85.69762729633804,1.191277759964359,5.8774721288796,0.3372985396418654,0.02749864300312601,0.0003750271870227611,0.2678812614884665,188.5444308621809,12,COMPLETE
2127,22.05537408414298,1.7231672992265867,2026-10-06 01:31:44.600163,2026-10-06 01:34:54.380516,0 days 00:03:09.780353,0.8010869639365119,0.3731992973752525,0.1347521461063753,8.695206399809345,0.05714116461716917,7.24878976524954,0.21292518523710352,1.4056083189495427,0.2975664073833317,0.03038027549946027,0.0006185581455600675,0.2678812614884665,189.78026302251965,12,COMPLETE
2128,30.191447583294142,15.919911993779106,2026-10-06 01:32:13.460024,2026-10-06 01:35:29.638394,0 days 00:03:16.178370,0.51115025563667,0.2965654106455736,0.4120579376102117,21.183844928151355,0.2395452449940939,94.61146042672904,0.21292518523710352,19.15408445903519,0.04206136129933902,0.024099244621516126,1.7569095815580446e-05,1.2974912099205862,196.17826899327338,12,COMPLETE
2129,52.977403330074516,1.3850719683014714,2026-10-06 01:32:14.031010,2026-10-06 01:35:25.394510,0 days 00:03:11.363500,0.8010869639365119,0.19189790819770397,0.20358075665942357,8.556213008137046,0.48935274187166344,85.69762729633804,0.21292518523710352,1.4056083189495427,0.38515627220144993,0.03280586071940829,0.00014447613183128302,0.2678812614884665,191.36338250525296,12,COMPLETE
2130,33.42299606533875,1.9407010162896658,2026-10-06 01:32:15.513011,2026-10-06 01:35:31.400960,0 days 00:03:15.887949,0.8734469898924857,0.19189790819770397,0.5926143650576037,8.556213008137046,0.2395452449940939,85.69762729633804,1.1987769265222163,1.4056083189495427,0.4212595585654096,0.03038027549946027,0.0006185581455600675,1.3635581381619835,195.8878425769508,12,COMPLETE
2131,46.34813606215033,2.530530136888059,2026-10-06 01:32:16.180000,2026-10-06 01:35:30.537524,0 days 00:03:14.357524,0.4919537458910443,0.29617537592597154,0.4120579376102117,5.245413993140336,0.2395452449940939,98.6416708615901,0.21292518523710352,1.1695435743048601,0.4212595585654096,0.03038027549946027,4.343429493003475e-06,0.739405563829868,194.3574155420065,12,COMPLETE
2132,,,2026-10-06 01:32:16.240980,2026-10-06 01:32:16.727017,0 days 00:00:00.486037,0.51115025563667,0.2965654106455736,0.807738690329122,21.183844928151355,1.4554291626760967,98.6416708615901,1.484226923085714,99.16611085816622,0.04206136129933902,0.03038027549946027,,1.1540267369865085,,12,PRUNED
2133,34.15913334038241,5.452644410106783,2026-10-06 01:32:17.048002,2026-10-06 01:35:31.232775,0 days 00:03:14.184773,1.4644809848335274,0.8717951055729352,0.4120579376102117,18.489161893608337,0.4319038627926991,85.69762729633804,1.484226923085714,14.182822102930093,0.08173395261699556,0.03280586071940829,0.00014447613183128302,1.2974912099205862,194.18467286601663,12,COMPLETE
2134,,,2026-10-06 01:32:17.630986,2026-10-06 01:32:19.198038,0 days 00:00:01.567052,0.447684485641811,0.3233389271032242,0.6443949852851695,8.556213008137046,0.6454873286650737,98.6416708615901,1.1473999152317294,86.57068482598544,0.2975664073833317,0.03280586071940829,,1.1540267369865085,,12,PRUNED
2135,38.263612568093066,8.392272056020596,2026-10-06 01:32:18.781989,2026-10-06 01:35:32.595494,0 days 00:03:13.813505,0.51115025563667,0.2965654106455736,0.4120579376102117,8.556213008137046,0.2395452449940939,85.69762729633804,0.21292518523710352,11.86468393276075,0.5182614449347602,0.03280586071940829,0.00014447613183128302,1.2974912099205862,193.81268481258303,12,COMPLETE
2136,35.509389868134974,9.301266747323226,2026-10-06 01:32:18.798987,2026-10-06 01:35:29.759483,0 days 00:03:10.960496,0.447684485641811,0.2965654106455736,0.4120579376102117,10.877854836518644,0.2395452449940939,85.69762729633804,1.484226923085714,5.8774721288796,0.2975664073833317,0.03038027549946027,2.1038771230648366e-06,0.034366399764443833,190.96039958950132,12,COMPLETE
2137,29.665789747572394,21.524499327248208,2026-10-06 01:32:19.336005,2026-10-06 01:35:31.157528,0 days 00:03:11.821523,0.51115025563667,0.2284118304472575,0.5667882730348237,11.991629079089469,0.33279388005294136,85.69762729633804,1.4690823188003486,23.475624031055144,0.08173395261699556,0.024099244621516126,4.343429493003475e-06,0.7296704665126732,191.82141839247197,13,COMPLETE
2138,,,2026-10-06 01:32:19.893657,2026-10-06 01:33:01.186024,0 days 00:00:41.292367,0.8010869639365119,0.8717951055729352,0.052060326516385945,8.556213008137046,0.6454873286650737,85.69762729633804,0.7297455375332902,23.475624031055144,0.2975664073833317,0.03038027549946027,0.0006185581455600675,1.2974912099205862,,13,PRUNED
2139,36.90601763114019,2.9640018878051744,2026-10-06 01:32:19.934728,2026-10-06 01:35:32.282824,0 days 00:03:12.348096,0.2994157425323484,0.2965654106455736,0.20358075665942357,8.556213008137046,0.2395452449940939,85.69762729633804,0.21292518523710352,11.86468393276075,0.3372985396418654,0.03038027549946027,0.035164363343050356,0.739405563829868,192.34800107125193,13,COMPLETE
2140,28.834506076457984,14.307675422735931,2026-10-06 01:32:20.760175,2026-10-06 01:35:34.045781,0 days 00:03:13.285606,0.8010869639365119,0.2965654106455736,0.6443949852851695,11.991629079089469,0.2395452449940939,85.69762729633804,0.12486747625813921,19.15408445903519,0.2975664073833317,0.03038027549946027,0.00014447613183128302,1.1540267369865085,193.2854946218431,13,COMPLETE
2141,46.71116284315455,2.1351490018077404,2026-10-06 01:32:20.763968,2026-10-06 01:35:31.945989,0 days 00:03:11.182021,0.447684485641811,1.0337250266506703,0.20358075665942357,18.489161893608337,0.2395452449940939,97.41315077200129,1.484226923085714,5.8774721288796,0.2975664073833317,0.03038027549946027,2.1038771230648366e-06,1.1540267369865085,191.18191780522466,13,COMPLETE
2142,35.31800241343396,15.502253865215213,2026-10-06 01:32:20.767960,2026-10-06 01:35:30.132385,0 days 00:03:09.364425,0.6775759777641851,0.2965654106455736,0.4120579376102117,10.877854836518644,0.2395452449940939,85.69762729633804,1.484226923085714,20.4004304097776,0.2975664073833317,0.024099244621516126,4.343429493003475e-06,0.739405563829868,189.36433400772512,13,COMPLETE
2143,,,2026-10-06 01:32:20.771948,2026-10-06 01:32:21.391027,0 days 00:00:00.619079,0.4919537458910443,0.8717951055729352,0.2423037676853975,18.489161893608337,0.2395452449940939,85.69762729633804,1.484226923085714,86.57068482598544,0.08173395261699556,0.03280586071940829,,1.1540267369865085,,13,PRUNED
2144,,,2026-10-06 01:32:20.807969,2026-10-06 01:32:21.432028,0 days 00:00:00.624059,0.51115025563667,0.17775898342942742,0.5662816343755678,18.386910920395536,0.5855379267962546,94.61146042672904,1.4690823188003486,20.4004304097776,1.1015916318530286,0.0012185578136850088,,1.3635581381619835,,13,PRUNED
2145,55.57742392070308,1.3234177321564078,2026-10-06 01:32:21.080989,2026-10-06 01:35:37.307851,0 days 00:03:16.226862,0.8010869639365119,0.19189790819770397,0.12615106220885586,8.556213008137046,0.2395452449940939,98.6416708615901,1.2898828018697517,1.4056083189495427,0.08173395261699556,0.021966873773064614,0.0003750271870227611,0.2678812614884665,196.2267438257113,13,COMPLETE
2146,28.058072626046197,11.889073046356533,2026-10-06 01:32:21.458992,2026-10-06 01:35:32.207693,0 days 00:03:10.748701,0.51115025563667,0.37046486644993776,0.5662816343755678,18.386910920395536,0.05714116461716917,58.5902606644505,1.191277759964359,5.299460499774038,0.2975664073833317,0.02749864300312601,0.00014447613183128302,1.1540267369865085,190.74859615880996,13,COMPLETE
2147,36.313451290779895,12.237701623322614,2026-10-06 01:32:21.462975,2026-10-06 01:35:35.151573,0 days 00:03:13.688598,0.51115025563667,0.8717951055729352,0.5667882730348237,21.183844928151355,0.506401025718823,85.69762729633804,1.080654620868664,41.66154811682372,0.007925456797868324,0.03280586071940829,4.343429493003475e-06,1.2974912099205862,193.68849907815456,13,COMPLETE
2148,15.188884430009438,24.60612218069371,2026-10-06 01:32:21.741180,2026-10-06 01:35:33.266676,0 days 00:03:11.525496,0.51115025563667,0.2965654106455736,0.20358075665942357,18.489161893608337,0.2395452449940939,26.973472692599714,0.21292518523710352,23.475624031055144,0.08173395261699556,0.0064143437625302805,4.343429493003475e-06,0.739405563829868,191.5253941360861,13,COMPLETE
2149,30.585293522792504,16.1809944239062,2026-10-06 01:32:22.786148,2026-10-06 01:35:34.705611,0 days 00:03:11.919463,0.51115025563667,0.2284118304472575,0.4120579376102117,21.183844928151355,0.2395452449940939,98.6416708615901,0.022521959247839785,20.4004304097776,0.04206136129933902,0.024099244621516126,4.343429493003475e-06,1.2974912099205862,191.91936503723264,13,COMPLETE
2150,26.174260863825726,23.14308757339644,2026-10-06 01:32:23.819034,2026-10-06 01:35:34.905904,0 days 00:03:11.086870,0.51115025563667,0.2965654106455736,0.807738690329122,18.489161893608337,0.33279388005294136,94.61146042672904,1.4690823188003486,14.182822102930093,0.08173395261699556,0.024099244621516126,4.343429493003475e-06,0.7296704665126732,191.08677976764739,13,COMPLETE
2151,28.366136613911596,15.45103265683716,2026-10-06 01:32:24.504002,2026-10-06 01:35:34.593782,0 days 00:03:10.089780,0.51115025563667,0.2965654106455736,0.5667882730348237,21.183844928151355,0.2395452449940939,85.69762729633804,1.0769532958732384,23.475624031055144,0.5182614449347602,0.028707731426860107,1.200084963761539e-05,1.2974912099205862,190.0896704941988,13,COMPLETE
2152,43.811399735606955,4.63836050564082,2026-10-06 01:32:27.417002,2026-10-06 01:35:39.062026,0 days 00:03:11.645024,1.2349294162160471,0.8717951055729352,0.4120579376102117,8.695206399809345,0.4319038627926991,85.69762729633804,1.191277759964359,14.182822102930093,0.08173395261699556,0.03280586071940829,0.00014447613183128302,1.1540267369865085,191.6449149949476,13,COMPLETE
2153,25.373600950312884,15.361829871186584,2026-10-06 01:32:57.828110,2026-10-06 01:36:11.256448,0 days 00:03:13.428338,0.447684485641811,0.2965654106455736,0.807738690329122,21.183844928151355,0.33279388005294136,98.6416708615901,1.080654620868664,11.86468393276075,0.5182614449347602,0.03280586071940829,2.1038771230648366e-06,0.2678812614884665,193.42822345439345,13,COMPLETE
2154,14.822135074952518,3.72228118740082,2026-10-06 01:32:58.589253,2026-10-06 01:36:11.673957,0 days 00:03:13.084704,0.8010869639365119,0.19189790819770397,0.4120579376102117,8.556213008137046,0.2631935366617059,1.0644860226343982,1.484226923085714,19.15408445903519,0.3372985396418654,0.03280586071940829,2.1038771230648366e-06,0.2678812614884665,193.0846099453047,13,COMPLETE
2155,44.17961650991477,3.882675225569227,2026-10-06 01:32:58.721989,2026-10-06 01:36:10.619854,0 days 00:03:11.897865,0.4919537458910443,0.29617537592597154,0.22488407547547057,8.556213008137046,0.2395452449940939,98.6416708615901,0.21292518523710352,19.15408445903519,0.4212595585654096,0.03280586071940829,0.00014447613183128302,1.1540267369865085,191.89776853006333,13,COMPLETE
2156,33.975355917477565,15.00014649306314,2026-10-06 01:32:58.849115,2026-10-06 01:36:11.659098,0 days 00:03:12.809983,0.51115025563667,0.2965654106455736,0.4120579376102117,18.489161893608337,0.33279388005294136,98.6416708615901,1.4690823188003486,14.182822102930093,0.2975664073833317,0.024099244621516126,0.00014447613183128302,0.7296704665126732,192.80988688673824,13,COMPLETE
2157,,,2026-10-06 01:32:59.836160,2026-10-06 01:33:00.462007,0 days 00:00:00.625847,1.4644809848335274,0.8717951055729352,0.807738690329122,11.991629079089469,0.05714116461716917,98.6416708615901,1.3460422977121211,23.475624031055144,0.08173395261699556,0.024099244621516126,,1.1540267369865085,,13,PRUNED
2158,38.377006931136286,4.974274480889377,2026-10-06 01:32:59.847975,2026-10-06 01:36:15.214996,0 days 00:03:15.367021,0.51115025563667,0.2284118304472575,0.5667882730348237,21.183844928151355,0.4474113280938796,98.6416708615901,1.3460422977121211,1.51240549708499,0.04206136129933902,0.03280586071940829,1.200084963761539e-05,1.2974912099205862,195.36691838689148,13,COMPLETE
2159,32.67829593533543,4.19493862123149,2026-10-06 01:32:59.863974,2026-10-06 01:36:12.516797,0 days 00:03:12.652823,0.554843168272298,0.29617537592597154,0.20358075665942357,29.20625847767875,0.2395452449940939,85.69762729633804,0.21292518523710352,19.15408445903519,0.3372985396418654,0.03038027549946027,0.0006185581455600675,1.1540267369865085,192.6527263270691,13,COMPLETE
2160,23.444236379020122,23.905452865274558,2026-10-06 01:32:59.917994,2026-10-06 01:36:09.343103,0 days 00:03:09.425109,0.4919537458910443,0.2965654106455736,0.807738690329122,26.32081026796135,0.2395452449940939,85.69762729633804,0.21292518523710352,24.839273781583007,0.4834463553012081,0.03038027549946027,0.0003750271870227611,0.2678812614884665,189.42500904668123,13,COMPLETE
2161,8.97241765161162,1.352247909706968,2026-10-06 01:33:01.251151,2026-10-06 01:36:09.758829,0 days 00:03:08.507678,0.4919537458910443,0.03888151623532121,0.12615106220885586,8.556213008137046,0.2395452449940939,2.4213535109667466,0.6571243086411093,1.4056083189495427,0.4212595585654096,0.03038027549946027,4.343429493003475e-06,0.2678812614884665,188.507564522326,13,COMPLETE
2162,29.66257251467361,14.279862458994973,2026-10-06 01:33:01.487008,2026-10-06 01:36:09.069612,0 days 00:03:07.582604,0.4919537458910443,0.2965654106455736,0.4811379302145761,37.69684277757111,0.2395452449940939,98.6416708615901,1.4690823188003486,14.182822102930093,0.4212595585654096,0.03280586071940829,4.343429493003475e-06,0.30673616238509677,187.5825014198199,13,COMPLETE
2163,,,2026-10-06 01:33:04.258007,2026-10-06 01:33:04.757071,0 days 00:00:00.499064,0.4919537458910443,1.372674995532939,0.4120579376102117,10.877854836518644,1.1706667469542928,85.69762729633804,0.12486747625813921,86.57068482598544,0.08173395261699556,0.001305920730801523,,1.2974912099205862,,13,PRUNED
2164,53.72543712310197,1.4716262335554235,2026-10-06 01:33:05.088991,2026-10-06 01:36:16.497255,0 days 00:03:11.408264,0.8010869639365119,0.2284118304472575,0.12615106220885586,8.556213008137046,0.33279388005294136,98.6416708615901,1.4690823188003486,5.8774721288796,0.08173395261699556,0.03280586071940829,0.0003750271870227611,0.30673616238509677,191.4081535562873,13,COMPLETE
2165,41.74576700971712,6.803830201313254,2026-10-06 01:33:29.884094,2026-10-06 01:36:44.320067,0 days 00:03:14.435973,1.4644809848335274,0.8717951055729352,0.4120579376102117,18.386910920395536,0.2395452449940939,85.69762729633804,1.484226923085714,19.15408445903519,0.08173395261699556,0.03038027549946027,0.00014447613183128302,1.323184094944831,194.43586467765272,13,COMPLETE
