number,values_0,values_1,datetime_start,datetime_complete,duration,params_between_rest_spread,params_c_spread,params_c_val,params_input_force,params_k_between_spread,params_k_between_val,params_k_wall_spread,params_k_wall_val,params_m_spread,params_m_val,params_ridge_alpha,params_wall_rest_spread,user_attrs_duration_sec,system_attrs_NSGAIISampler:generation,state
2166,,,2026-10-06 01:33:32.344006,2026-10-06 01:33:33.523056,0 days 00:00:01.179050,1.2349294162160471,0.8717951055729352,0.4120579376102117,18.489161893608337,0.4319038627926991,85.69762729633804,0.21292518523710352,2.6349783883173092,1.0240545085403483,0.03280586071940829,,1.1540267369865085,,13,PRUNED
2167,41.58587259521581,6.241046642570354,2026-10-06 01:33:33.105133,2026-10-06 01:36:45.523074,0 days 00:03:12.417941,1.2349294162160471,0.8717951055729352,0.4120579376102117,11.991629079089469,0.6454873286650737,85.69762729633804,0.21292518523710352,14.182822102930093,0.08173395261699556,0.03280586071940829,0.00014447613183128302,1.2974912099205862,192.41783413663507,13,COMPLETE
2168,33.796184765516145,11.505615200408696,2026-10-06 01:33:33.337001,2026-10-06 01:36:48.633880,0 days 00:03:15.296879,0.05392583497517872,0.29617537592597154,0.5007349343976268,8.556213008137046,0.2395452449940939,98.6416708615901,0.21292518523710352,19.15408445903519,0.4212595585654096,0.03038027549946027,0.00025674160173079345,1.1540267369865085,195.29677238408476,13,COMPLETE
2169,,,2026-10-06 01:33:33.752002,2026-10-06 01:34:12.776055,0 days 00:00:39.024053,0.32833060873133435,0.2965654106455736,0.20358075665942357,5.245413993140336,0.2395452449940939,98.6416708615901,0.21292518523710352,20.4004304097776,0.4212595585654096,0.024099244621516126,0.00014447613183128302,0.739405563829868,,13,PRUNED
2170,26.797178821121832,18.041969895079625,2026-10-06 01:33:35.517990,2026-10-06 01:36:48.959061,0 days 00:03:13.441071,0.4919537458910443,0.2965654106455736,0.807738690329122,26.32081026796135,0.2395452449940939,98.6416708615901,0.21292518523710352,14.182822102930093,0.4212595585654096,0.03038027549946027,0.00014447613183128302,1.2974912099205862,193.44096285197884,13,COMPLETE
2171,31.952085301650015,13.770475799565473,2026-10-06 01:33:36.437004,2026-10-06 01:36:47.017543,0 days 00:03:10.580539,0.447684485641811,0.8717951055729352,0.5667882730348237,23.64485649719939,0.506401025718823,98.6416708615901,0.21292518523710352,86.57068482598544,0.007925456797868324,0.03280586071940829,0.00014447613183128302,1.0886664639608128,190.58042769506574,13,COMPLETE
2172,51.05416382607733,1.891120276721748,2026-10-06 01:33:36.464979,2026-10-06 01:36:47.560204,0 days 00:03:11.095225,0.51115025563667,0.2965654106455736,0.1347521461063753,8.695206399809345,0.05714116461716917,85.69762729633804,1.191277759964359,5.299460499774038,0.18589067298139156,0.024099244621516126,0.00023455457478105328,1.1540267369865085,191.09511446673423,13,COMPLETE
2173,34.09777928973701,14.42815922566922,2026-10-06 01:33:38.744179,2026-10-06 01:36:50.723828,0 days 00:03:11.979649,0.4919537458910443,0.2965654106455736,0.4120579376102117,5.245413993140336,0.1213629479440892,98.6416708615901,0.21292518523710352,20.4004304097776,0.08173395261699556,0.024099244621516126,4.343429493003475e-06,0.739405563829868,191.97955109924078,13,COMPLETE
2174,43.47555228859459,3.8281378233061876,2026-10-06 01:33:41.845004,2026-10-06 01:36:54.879458,0 days 00:03:13.034454,0.8010869639365119,0.19189790819770397,0.20358075665942357,8.556213008137046,0.2395452449940939,85.69762729633804,0.21292518523710352,11.86468393276075,0.2975664073833317,0.03038027549946027,0.0006185581455600675,0.6298110096990894,193.03434714581817,13,COMPLETE
2175,52.68782442366419,1.4007800055587447,2026-10-06 01:33:43.146292,2026-10-06 01:36:41.759544,0 days 00:02:58.613252,0.447684485641811,0.3731992973752525,0.1347521461063753,8.695206399809345,0.05714116461716917,85.69762729633804,1.191277759964359,1.4056083189495427,0.2975664073833317,0.03038027549946027,6.277053745147205e-06,0.6298110096990894,178.6131359115243,13,COMPLETE
2176,33.39290123084215,1.6961213055487891,2026-10-06 01:34:09.680182,2026-10-06 01:37:23.725478,0 days 00:03:14.045296,0.8010869639365119,0.19189790819770397,0.4120579376102117,8.556213008137046,0.2395452449940939,98.6416708615901,0.7297455375332902,1.4056083189495427,0.2975664073833317,0.024099244621516126,0.014572298528161193,1.1540267369865085,194.0451911156997,13,COMPLETE
2177,38.740761312953815,8.664871447285538,2026-10-06 01:34:12.873144,2026-10-06 01:37:25.910481,0 days 00:03:13.037337,0.8010869639365119,0.8717951055729352,0.5667882730348237,8.556213008137046,0.2395452449940939,98.6416708615901,0.7297455375332902,6.2296041386818795,0.007925456797868324,0.03038027549946027,4.343429493003475e-06,0.6298110096990894,193.0372361810878,13,COMPLETE
2178,,,2026-10-06 01:34:14.959991,2026-10-06 01:34:53.715029,0 days 00:00:38.755038,0.4919537458910443,0.29617537592597154,0.20358075665942357,8.556213008137046,0.2395452449940939,98.6416708615901,0.21292518523710352,3.4986940086270097,0.6884882877886469,0.03280586071940829,0.00014447613183128302,1.1540267369865085,,13,PRUNED
2179,28.217751748007935,5.801087729190994,2026-10-06 01:34:15.567992,2026-10-06 01:37:29.618629,0 days 00:03:14.050637,0.447684485641811,0.7186098618255685,0.4120579376102117,18.489161893608337,0.506401025718823,5.819456181385601,1.484226923085714,41.66154811682372,0.007925456797868324,0.03280586071940829,5.278118157605597e-05,1.1540267369865085,194.05052823014557,13,COMPLETE
2180,25.253559698420712,7.483427845313493,2026-10-06 01:34:17.023996,2026-10-06 01:37:28.044827,0 days 00:03:11.020831,0.51115025563667,0.2965654106455736,0.807738690329122,8.556213008137046,0.05714116461716917,85.69762729633804,0.21292518523710352,5.8774721288796,0.3372985396418654,0.024099244621516126,0.0003750271870227611,1.1540267369865085,191.02073017787188,13,COMPLETE
2181,38.593204053345964,7.053986996827387,2026-10-06 01:34:17.145995,2026-10-06 01:37:26.157348,0 days 00:03:09.011353,0.447684485641811,0.7186098618255685,0.4120579376102117,18.489161893608337,0.2395452449940939,85.69762729633804,1.484226923085714,5.652475222725327,0.08173395261699556,0.03280586071940829,2.1038771230648366e-06,1.1540267369865085,189.01125447358936,13,COMPLETE
2182,31.06468675659868,11.092027766968396,2026-10-06 01:34:17.838015,2026-10-06 01:37:26.143830,0 days 00:03:08.305815,0.4919537458910443,0.3731992973752525,0.5926143650576037,8.695206399809345,0.05714116461716917,85.69762729633804,1.191277759964359,20.499544970955437,0.3676044917349766,0.03038027549946027,0.00023455457478105328,1.1540267369865085,188.305704632774,13,COMPLETE
2183,30.51409927088816,6.947849172126168,2026-10-06 01:34:18.096172,2026-10-06 01:37:29.419442,0 days 00:03:11.323270,0.4919537458910443,0.3731992973752525,0.5926143650576037,8.695206399809345,0.05714116461716917,85.69762729633804,1.191277759964359,5.8774721288796,0.18589067298139156,0.03038027549946027,0.00023455457478105328,1.3635581381619835,191.32316888775676,13,COMPLETE
2184,39.41776832315043,2.8099121515771444,2026-10-06 01:34:18.473015,2026-10-06 01:37:27.573642,0 days 00:03:09.100627,0.4919537458910443,0.2284118304472575,0.20358075665942357,10.877854836518644,0.33279388005294136,85.69762729633804,0.21292518523710352,5.299460499774038,0.5860574191614696,0.03280586071940829,0.00014447613183128302,1.1540267369865085,189.10052160173655,13,COMPLETE
2185,,,2026-10-06 01:34:45.260010,2026-10-06 01:34:46.770606,0 days 00:00:01.510596,0.8010869639365119,1.204004308287126,0.4120579376102117,18.386910920395536,0.2395452449940939,85.69762729633804,0.21292518523710352,19.15408445903519,0.5182614449347602,0.03038027549946027,,1.1540267369865085,,13,PRUNED
2186,46.00029360852331,1.5503905254890467,2026-10-06 01:34:46.270015,2026-10-06 01:38:00.279006,0 days 00:03:14.008991,0.8010869639365119,0.19189790819770397,0.20358075665942357,18.420480294866078,0.6454873286650737,85.69762729633804,0.2982400719310237,1.4056083189495427,0.2975664073833317,0.03038027549946027,0.0006185581455600675,0.2678812614884665,194.0088666882366,13,COMPLETE
2187,20.64343111598267,13.642382886678211,2026-10-06 01:34:47.109591,2026-10-06 01:38:02.571369,0 days 00:03:15.461778,0.4919537458910443,0.2965654106455736,0.4120579376102117,8.556213008137046,0.506401025718823,14.764759149371386,0.21292518523710352,41.66154811682372,0.5182614449347602,0.03280586071940829,4.343429493003475e-06,0.2678812614884665,195.46166121121496,13,COMPLETE
2188,53.416809723613184,1.4193317095675901,2026-10-06 01:34:48.899995,2026-10-06 01:37:57.339858,0 days 00:03:08.439863,0.8010869639365119,0.19189790819770397,0.12615106220885586,8.556213008137046,0.2395452449940939,85.69762729633804,0.561064291511302,1.4056083189495427,0.3372985396418654,0.03038027549946027,0.0003750271870227611,0.2678812614884665,188.4397523915395,13,COMPLETE
2189,7.980148681990814,1.2656439966966144,2026-10-06 01:34:49.031053,2026-10-06 01:37:57.265422,0 days 00:03:08.234369,0.8010869639365119,0.2965654106455736,0.021442274522833996,8.556213008137046,0.2395452449940939,1.5271563161902022,0.21292518523710352,11.86468393276075,0.5182614449347602,0.03280586071940829,0.00014447613183128302,0.2678812614884665,188.23424927238375,13,COMPLETE
2190,27.93014794576976,18.13360595855486,2026-10-06 01:34:50.292906,2026-10-06 01:37:58.434307,0 days 00:03:08.141401,1.0633429311638949,0.3233389271032242,0.5667882730348237,18.489161893608337,0.506401025718823,98.6416708615901,0.21292518523710352,41.66154811682372,0.08173395261699556,0.024099244621516126,0.00014447613183128302,1.1540267369865085,188.14128312002867,13,COMPLETE
2191,35.0543376648,3.729481709954572,2026-10-06 01:34:51.041002,2026-10-06 01:38:00.943361,0 days 00:03:09.902359,0.4919537458910443,0.19189790819770397,0.4120579376102117,34.14460759719246,0.2395452449940939,85.69762729633804,0.21292518523710352,1.4056083189495427,0.2975664073833317,0.03038027549946027,0.0006185581455600675,1.1540267369865085,189.90224875789136,13,COMPLETE
2192,25.029417237120377,19.732731416105736,2026-10-06 01:34:51.508005,2026-10-06 01:38:04.926252,0 days 00:03:13.418247,0.7832215631086321,0.3233389271032242,0.6443949852851695,18.489161893608337,0.2395452449940939,85.69762729633804,0.12486747625813921,86.57068482598544,0.08173395261699556,0.03280586071940829,0.00014447613183128302,1.1540267369865085,193.41813574545085,13,COMPLETE
2193,34.990241808631026,2.1841209448311116,2026-10-06 01:34:52.279585,2026-10-06 01:38:02.747847,0 days 00:03:10.468262,1.4644809848335274,0.8717951055729352,0.20358075665942357,35.40664382659318,0.6454873286650737,85.69762729633804,1.3460422977121211,23.475624031055144,0.08173395261699556,0.03280586071940829,4.343429493003475e-06,1.1540267369865085,190.46814653743058,13,COMPLETE
2194,17.454693361266763,5.315706703266404,2026-10-06 01:34:52.282967,2026-10-06 01:38:06.997606,0 days 00:03:14.714639,0.447684485641811,0.7186098618255685,0.807738690329122,21.183844928151355,0.33279388005294136,22.508983644257277,1.080654620868664,14.182822102930093,0.04206136129933902,0.03280586071940829,6.734956444726953,1.1540267369865085,194.7145348712802,13,COMPLETE
2195,35.46945144581435,10.466120115951792,2026-10-06 01:34:52.286952,2026-10-06 01:38:04.016776,0 days 00:03:11.729824,0.51115025563667,0.7186098618255685,0.5662816343755678,18.489161893608337,0.33279388005294136,98.6416708615901,1.191277759964359,5.299460499774038,0.2975664073833317,0.02749864300312601,0.00014447613183128302,0.9603114093295346,191.72971891984344,13,COMPLETE
2196,43.279905680638656,3.944164053187399,2026-10-06 01:34:53.480153,2026-10-06 01:38:03.558617,0 days 00:03:10.078464,0.4919537458910443,0.19189790819770397,0.20358075665942357,8.556213008137046,0.506401025718823,85.69762729633804,0.21292518523710352,41.66154811682372,0.2975664073833317,0.03038027549946027,0.0006185581455600675,1.2974912099205862,190.07835595868528,13,COMPLETE
2197,,,2026-10-06 01:34:53.483965,2026-10-06 01:34:54.290021,0 days 00:00:00.806056,0.447684485641811,0.2284118304472575,0.807738690329122,5.245413993140336,0.6087670929915812,98.6416708615901,1.080654620868664,14.182822102930093,0.08173395261699556,0.003932773054204914,,1.1540267369865085,,13,PRUNED
2198,22.616897271135137,22.788777920290094,2026-10-06 01:34:54.049003,2026-10-06 01:38:05.997111,0 days 00:03:11.948108,0.5318406856061195,0.19189790819770397,0.807738690329122,37.83155492806491,0.2395452449940939,98.6416708615901,0.7297455375332902,14.182822102930093,0.08173395261699556,0.03038027549946027,4.343429493003475e-06,0.6298110096990894,191.94800949003547,13,COMPLETE
2199,,,2026-10-06 01:34:54.312166,2026-10-06 01:34:56.183037,0 days 00:00:01.870871,0.51115025563667,0.2284118304472575,0.4120579376102117,37.99440053564357,0.33279388005294136,98.6416708615901,1.4690823188003486,14.182822102930093,0.08173395261699556,0.0054214505464577414,,0.30673616238509677,,13,PRUNED
2200,,,2026-10-06 01:34:54.315957,2026-10-06 01:34:55.366033,0 days 00:00:01.050076,0.51115025563667,0.7186098618255685,0.5662816343755678,18.386910920395536,0.4319038627926991,85.69762729633804,1.191277759964359,5.299460499774038,0.5860574191614696,0.004602196830689175,,0.36208769379769207,,13,PRUNED
2201,22.068121536613923,1.2551163780522856,2026-10-06 01:34:54.319950,2026-10-06 01:38:08.373854,0 days 00:03:14.053904,1.4644809848335274,0.8717951055729352,0.03981273389606392,11.991629079089469,0.2395452449940939,98.6416708615901,0.3971484465667562,5.8774721288796,0.08173395261699556,0.03280586071940829,2.1038771230648366e-06,1.2974912099205862,194.05378965009004,13,COMPLETE
2202,50.45517803179032,1.4883217547908056,2026-10-06 01:34:54.384965,2026-10-06 01:38:05.575487,0 days 00:03:11.190522,0.8010869639365119,0.19189790819770397,0.14531725186512026,18.489161893608337,0.4319038627926991,85.69762729633804,0.21292518523710352,1.4056083189495427,0.08173395261699556,0.03038027549946027,0.0003750271870227611,0.2678812614884665,191.19042934291065,13,COMPLETE
2203,,,2026-10-06 01:34:54.443003,2026-10-06 01:35:34.553048,0 days 00:00:40.110045,0.51115025563667,0.2284118304472575,0.4120579376102117,18.489161893608337,0.6087670929915812,94.61146042672904,1.4690823188003486,3.71114862102243,0.8336211554668453,0.03280586071940829,2.1038771230648366e-06,1.1540267369865085,,13,PRUNED
2204,,,2026-10-06 01:34:55.503012,2026-10-06 01:34:56.009072,0 days 00:00:00.506060,0.51115025563667,0.2965654106455736,0.807738690329122,18.489161893608337,0.2395452449940939,98.6416708615901,1.4690823188003486,19.15408445903519,0.9308111031652453,0.03038027549946027,,1.1540267369865085,,13,PRUNED
2205,27.41156962941897,21.904774349858307,2026-10-06 01:34:56.408151,2026-10-06 01:38:04.329829,0 days 00:03:07.921678,0.4919537458910443,0.2965654106455736,0.5667882730348237,18.489161893608337,0.2395452449940939,98.6416708615901,0.21292518523710352,41.66154811682372,0.4212595585654096,0.03038027549946027,4.343429493003475e-06,0.18638909618587451,187.92156670615077,13,COMPLETE
2206,,,2026-10-06 01:34:56.432986,2026-10-06 01:36:53.000026,0 days 00:01:56.567040,1.2345475950702332,0.8717951055729352,0.38351035467626415,18.489161893608337,0.506401025718823,98.6416708615901,1.3460422977121211,41.66154811682372,0.08173395261699556,0.03038027549946027,4.343429493003475e-06,1.2974912099205862,,13,PRUNED
2207,46.1471630904383,5.275739405752873,2026-10-06 01:35:25.600023,2026-10-06 01:38:39.239814,0 days 00:03:13.639791,0.4566118397956985,0.7186098618255685,0.4161933581544802,5.245413993140336,0.6087670929915812,94.61146042672904,0.6419517764288287,5.8774721288796,0.08173395261699556,0.03280586071940829,2.1038771230648366e-06,1.1540267369865085,193.63967598043382,13,COMPLETE
2208,26.095988656029412,17.006694639981472,2026-10-06 01:35:29.956160,2026-10-06 01:38:41.725846,0 days 00:03:11.769686,0.51115025563667,0.2965654106455736,0.5667882730348237,11.991629079089469,0.05714116461716917,94.61146042672904,0.16207895266985956,23.475624031055144,0.08173395261699556,0.024099244621516126,0.00023455457478105328,1.1540267369865085,191.76958054676652,13,COMPLETE
2209,40.71083701478376,4.520263994918906,2026-10-06 01:35:29.959964,2026-10-06 01:38:43.964835,0 days 00:03:14.004871,0.447684485641811,0.2965654106455736,0.20358075665942357,5.245413993140336,0.2395452449940939,71.37804739271621,0.21292518523710352,86.57068482598544,0.08173395261699556,0.03280586071940829,4.343429493003475e-06,0.9983607988076781,194.00476478319615,13,COMPLETE
2210,25.37990149440759,19.053798317634445,2026-10-06 01:35:30.932160,2026-10-06 01:38:42.207826,0 days 00:03:11.275666,0.51115025563667,0.19189790819770397,0.6443949852851695,18.489161893608337,0.2395452449940939,98.6416708615901,0.12486747625813921,86.57068482598544,0.08173395261699556,0.03280586071940829,0.00014447613183128302,1.3635581381619835,191.27555999159813,13,COMPLETE
2211,40.942129064864716,2.3984925231206966,2026-10-06 01:35:30.935972,2026-10-06 01:38:41.119821,0 days 00:03:10.183849,0.51115025563667,0.19189790819770397,0.12615106220885586,19.553667288145707,0.2395452449940939,98.6416708615901,1.4690823188003486,14.182822102930093,0.2975664073833317,0.03038027549946027,0.00014447613183128302,0.2678812614884665,190.18375994451344,13,COMPLETE
2212,,,2026-10-06 01:35:31.327163,2026-10-06 01:35:32.758031,0 days 00:00:01.430868,0.62994332443342,0.8717951055729352,0.20358075665942357,18.489161893608337,0.506401025718823,98.6416708615901,0.21292518523710352,1.4056083189495427,1.1508634203954358,0.03038027549946027,,1.2974912099205862,,13,PRUNED
2213,43.33878530617043,1.3619478486114311,2026-10-06 01:35:31.561963,2026-10-06 01:38:41.095859,0 days 00:03:09.533896,0.51115025563667,0.21606902729252941,0.07863261807083356,18.386910920395536,0.2395452449940939,98.6416708615901,0.21292518523710352,19.15408445903519,0.4212595585654096,0.03038027549946027,0.00014447613183128302,1.3635581381619835,189.53378157597035,13,COMPLETE
2214,41.443940866934504,7.9873528033178465,2026-10-06 01:35:32.208354,2026-10-06 01:38:40.545491,0 days 00:03:08.337137,0.7714892715099089,0.7186098618255685,0.4120579376102117,18.489161893608337,0.33279388005294136,98.6416708615901,1.484226923085714,14.182822102930093,0.2975664073833317,0.03280586071940829,2.1038771230648366e-06,1.1540267369865085,188.33702958468348,13,COMPLETE
2215,39.681566456431746,10.734189542428405,2026-10-06 01:35:32.662886,2026-10-06 01:38:47.021087,0 days 00:03:14.358201,1.3054706697368088,0.8717951055729352,0.4120579376102117,5.245413993140336,0.2395452449940939,85.69762729633804,0.21292518523710352,20.4004304097776,0.08173395261699556,0.024099244621516126,2.1038771230648366e-06,0.739405563829868,194.35810648929328,13,COMPLETE
2216,39.67484345289355,3.4310774348585804,2026-10-06 01:35:32.665963,2026-10-06 01:38:41.106213,0 days 00:03:08.440250,0.447684485641811,0.7186098618255685,0.4120579376102117,5.245413993140336,0.05714116461716917,94.61146042672904,1.191277759964359,5.8774721288796,0.18589067298139156,0.03038027549946027,0.00023455457478105328,1.1540267369865085,188.44015327095985,13,COMPLETE
2217,34.8169445766837,11.236074406344972,2026-10-06 01:35:32.669952,2026-10-06 01:38:49.222578,0 days 00:03:16.552626,0.8010869639365119,0.3233389271032242,0.5007349343976268,8.556213008137046,0.2395452449940939,98.6416708615901,0.21292518523710352,19.15408445903519,0.4212595585654096,0.03280586071940829,0.00014447613183128302,0.2678812614884665,196.55252742674202,13,COMPLETE
2218,,,2026-10-06 01:35:32.839987,2026-10-06 01:36:12.163498,0 days 00:00:39.323511,0.2994157425323484,0.2965654106455736,0.4120579376102117,18.489161893608337,0.6087670929915812,98.6416708615901,1.152889443270534,5.8774721288796,0.2975664073833317,0.024099244621516126,0.00014447613183128302,1.25386303822533,,13,PRUNED
2219,,,2026-10-06 01:35:33.286987,2026-10-06 01:35:33.760031,0 days 00:00:00.473044,0.9158653711831447,0.7186098618255685,0.807738690329122,26.32081026796135,0.2395452449940939,98.6416708615901,0.21292518523710352,90.99230651090008,0.026937100580568585,0.0015491174705847812,,0.7296704665126732,,13,PRUNED
2220,29.61714166316162,18.59752693407915,2026-10-06 01:35:34.872180,2026-10-06 01:38:46.713914,0 days 00:03:11.841734,0.4919537458910443,0.3233389271032242,0.5926143650576037,10.877854836518644,0.33279388005294136,98.6416708615901,0.12486747625813921,86.57068482598544,0.08173395261699556,0.03280586071940829,4.343429493003475e-06,1.1540267369865085,191.8416369482875,13,COMPLETE
2221,40.33693273930204,9.745731485618327,2026-10-06 01:35:34.875963,2026-10-06 01:38:44.726832,0 days 00:03:09.850869,0.4919537458910443,0.2965654106455736,0.4120579376102117,10.877854836518644,0.2395452449940939,98.6416708615901,1.484226923085714,19.15408445903519,0.4212595585654096,0.03280586071940829,2.1038771230648366e-06,1.1540267369865085,189.85076940618455,13,COMPLETE
2222,38.35710513474824,1.2971491438827703,2026-10-06 01:35:34.879957,2026-10-06 01:38:43.778451,0 days 00:03:08.898494,0.4919537458910443,0.21606902729252941,0.05236157875763582,11.991629079089469,0.2395452449940939,85.69762729633804,0.12486747625813921,19.15408445903519,0.2975664073833317,0.03038027549946027,0.00014447613183128302,0.22420936382869971,188.89840134698898,13,COMPLETE
2223,42.714417524687484,8.101484272346546,2026-10-06 01:35:34.883962,2026-10-06 01:38:46.718562,0 days 00:03:11.834600,0.7108975713516442,0.7186098618255685,0.4120579376102117,10.877854836518644,0.2395452449940939,85.69762729633804,0.21292518523710352,5.8774721288796,0.4212595585654096,0.03038027549946027,2.1038771230648366e-06,1.1540267369865085,191.834515677765,13,COMPLETE
2224,36.9654251703029,7.7342603585038665,2026-10-06 01:35:34.887954,2026-10-06 01:38:49.466826,0 days 00:03:14.578872,1.2349294162160471,0.46865319704737085,0.4120579376102117,11.991629079089469,0.6454873286650737,85.69762729633804,0.21292518523710352,11.86468393276075,0.08173395261699556,0.03280586071940829,0.00014447613183128302,0.5827704934955276,194.5787602774799,13,COMPLETE
