number,values_0,values_1,datetime_start,datetime_complete,duration,params_between_rest_spread,params_c_spread,params_c_val,params_input_force,params_k_between_spread,params_k_between_val,params_k_wall_spread,params_k_wall_val,params_m_spread,params_m_val,params_ridge_alpha,params_wall_rest_spread,user_attrs_duration_sec,system_attrs_NSGAIISampler:generation,state
1283,,,2026-10-06 00:58:52.673010,2026-10-06 00:59:32.170288,0 days 00:00:39.497278,0.4919537458910443,0.8661787220393558,0.1347521461063753,8.695206399809345,1.35460707310614,94.61146042672904,0.6419517764288287,23.475624031055144,0.04206136129933902,0.03038027549946027,0.00023455457478105328,0.6069618734849955,,7,PRUNED
1284,,,2026-10-06 00:58:53.032002,2026-10-06 00:59:32.116109,0 days 00:00:39.084107,1.2349294162160471,0.2965654106455736,0.4120579376102117,18.489161893608337,0.9502923511338645,98.6416708615901,0.21292518523710352,14.182822102930093,0.08173395261699556,0.03280586071940829,0.00014447613183128302,1.1540267369865085,,7,PRUNED
1285,22.965921543295337,5.8335474059197026,2026-10-06 00:58:53.416001,2026-10-06 01:02:04.042595,0 days 00:03:10.626594,0.51115025563667,0.5608376222859704,0.5662816343755678,9.321778080359671,1.249328001416278,11.647781097448451,1.1446866529412485,5.299460499774038,0.32875958436070485,0.02749864300312601,0.00014447613183128302,1.3635581381619835,190.62648332398385,7,COMPLETE
1286,,,2026-10-06 00:58:54.361999,2026-10-06 00:58:55.918012,0 days 00:00:01.556013,0.7737222815132565,0.3233389271032242,0.09005234812447538,18.489161893608337,0.2395452449940939,92.19343747934096,1.3809620502794884,86.57068482598544,0.08173395261699556,0.03280586071940829,,0.0038888774159797634,,7,PRUNED
1287,39.917227196784154,2.8483548466289634,2026-10-06 00:58:55.276223,2026-10-06 01:02:05.214673,0 days 00:03:09.938450,0.3395165906212997,0.7186098618255685,0.6443949852851695,21.183844928151355,0.9060242956194129,98.6416708615901,1.191277759964359,5.8774721288796,0.08173395261699556,0.07297012210736925,0.00014447613183128302,1.1540267369865085,189.9383405968547,7,COMPLETE
1288,40.14062394441116,1.879471406073532,2026-10-06 00:58:55.933995,2026-10-06 01:02:10.172421,0 days 00:03:14.238426,0.51115025563667,0.4835105352725577,0.4120579376102117,16.606931230784816,0.6688626104060442,85.69762729633804,0.21292518523710352,7.9874857515804925,0.5860574191614696,0.09765004764801033,0.0051150877893897245,0.7296704665126732,194.23832211550325,7,COMPLETE
1289,25.835832065673383,20.23643189438208,2026-10-06 00:58:57.385993,2026-10-06 01:02:06.716951,0 days 00:03:09.330958,0.447684485641811,0.3233389271032242,0.6443949852851695,18.489161893608337,0.2395452449940939,98.6416708615901,0.12486747625813921,86.57068482598544,0.08173395261699556,0.03280586071940829,0.00014447613183128302,1.1540267369865085,189.3308631107211,7,COMPLETE
1290,26.379064898549917,13.17278073651451,2026-10-06 00:58:57.435136,2026-10-06 01:02:10.978620,0 days 00:03:13.543484,0.8010869639365119,0.2284118304472575,0.807738690329122,5.245413993140336,0.6688626104060442,85.69762729633804,0.7297455375332902,14.182822102930093,0.08173395261699556,0.024099244621516126,1.1762488306807034e-06,1.2139299004838662,193.54338016360998,7,COMPLETE
1291,,,2026-10-06 00:58:58.307989,2026-10-06 00:58:59.072986,0 days 00:00:00.764997,0.51115025563667,0.2284118304472575,0.5799701872746303,18.489161893608337,0.7723356395466034,98.6416708615901,1.4690823188003486,14.182822102930093,0.08173395261699556,0.003676148774988575,,1.3635581381619835,,7,PRUNED
1292,,,2026-10-06 00:58:59.175993,2026-10-06 00:59:39.302060,0 days 00:00:40.126067,0.447684485641811,0.4774636695198178,0.807738690329122,18.386910920395536,1.4257271037095816,85.69762729633804,1.191277759964359,5.8774721288796,0.26083598793965107,0.07297012210736925,2.1038771230648366e-06,1.1540267369865085,,7,PRUNED
1293,40.624696616820145,2.6243775540905645,2026-10-06 00:58:59.216152,2026-10-06 01:02:14.496396,0 days 00:03:15.280244,0.447684485641811,0.3233389271032242,0.4120579376102117,10.877854836518644,0.2395452449940939,85.69762729633804,0.21292518523710352,1.2001363989388558,0.2975664073833317,0.03280586071940829,0.00014447613183128302,1.1540267369865085,195.28013965301216,7,COMPLETE
1294,44.39847063844659,1.3549541557762037,2026-10-06 00:58:59.219966,2026-10-06 01:02:09.524369,0 days 00:03:10.304403,0.8010869639365119,0.3233389271032242,0.3042089878823274,11.991629079089469,0.6454873286650737,85.69762729633804,0.7964747556623476,5.299460499774038,0.45983452037060485,0.09765004764801033,0.00014447613183128302,0.2678812614884665,190.3043026411906,7,COMPLETE
1295,44.45371984755267,1.2846767909518788,2026-10-06 00:58:59.223959,2026-10-06 01:02:10.251126,0 days 00:03:11.027167,0.8010869639365119,0.3233389271032242,0.4120579376102117,10.877854836518644,0.2395452449940939,85.69762729633804,0.21292518523710352,1.2001363989388558,0.2975664073833317,0.09765004764801033,0.0006185581455600675,0.7296704665126732,191.02707640640438,7,COMPLETE
1296,,,2026-10-06 00:59:00.202155,2026-10-06 00:59:01.413101,0 days 00:00:01.210946,0.51115025563667,1.4297367582807334,0.5667882730348237,8.695206399809345,0.3201011955575039,11.647781097448451,1.1446866529412485,23.475624031055144,0.04206136129933902,0.03038027549946027,,1.2974912099205862,,7,PRUNED
1297,11.757531348951943,1.8239892478966195,2026-10-06 00:59:01.667003,2026-10-06 01:02:11.263397,0 days 00:03:09.596394,0.447684485641811,0.3233389271032242,0.4120579376102117,18.489161893608337,0.6454873286650737,4.447164565656289,0.21292518523710352,23.475624031055144,0.08173395261699556,0.09765004764801033,0.0006185581455600675,0.2678812614884665,189.5963045321405,7,COMPLETE
1298,28.47327065885499,2.7090506111223682,2026-10-06 00:59:05.291638,2026-10-06 01:02:10.979596,0 days 00:03:05.687958,0.2994157425323484,1.0562250660985053,0.807738690329122,18.677678184085455,0.6046626808156426,25.088361291801984,0.19809840133758488,7.9874857515804925,0.5860574191614696,0.09765004764801033,0.00014447613183128302,1.4891500624393408,185.68787314090878,7,COMPLETE
1299,,,2026-10-06 00:59:26.229334,2026-10-06 00:59:27.258039,0 days 00:00:01.028705,0.7737222815132565,0.3731992973752525,0.5662816343755678,5.245413993140336,0.5855379267962546,25.088361291801984,1.1446866529412485,76.3172031508422,0.540233288858369,0.02749864300312601,,1.2139299004838662,,7,PRUNED
1300,,,2026-10-06 00:59:27.258483,2026-10-06 00:59:28.551488,0 days 00:00:01.293005,1.022533978571432,0.3233389271032242,0.09005234812447538,5.245413993140336,0.6454873286650737,25.088361291801984,0.12486747625813921,1.2001363989388558,0.7685554742107898,0.0024826049630870084,,1.1540267369865085,,7,PRUNED
1301,18.38426931113388,4.2185340968575575,2026-10-06 00:59:28.852658,2026-10-06 01:02:42.583870,0 days 00:03:13.731212,0.4919537458910443,0.4774636695198178,0.2169448017457144,8.556213008137046,0.3201011955575039,7.596863112772716,0.04926666101045768,11.86468393276075,0.4212595585654096,0.03038027549946027,0.004475392410627206,0.6069618734849955,193.73109539505094,7,COMPLETE
1302,35.31840217731082,4.85202274228833,2026-10-06 00:59:30.180998,2026-10-06 01:02:43.462377,0 days 00:03:13.281379,0.447684485641811,0.3233389271032242,0.807738690329122,11.991629079089469,0.6454873286650737,85.69762729633804,1.191277759964359,5.8774721288796,0.2975664073833317,0.07297012210736925,2.1038771230648366e-06,0.2678812614884665,193.2812769645825,7,COMPLETE
1303,,,2026-10-06 00:59:32.382446,2026-10-06 00:59:33.118153,0 days 00:00:00.735707,0.8010869639365119,0.2284118304472575,0.03438237227899254,21.183844928151355,0.2395452449940939,98.6416708615901,1.080654620868664,14.182822102930093,1.4512510588637948,0.024099244621516126,,0.7296704665126732,,7,PRUNED
1304,,,2026-10-06 00:59:32.470009,2026-10-06 00:59:33.171026,0 days 00:00:00.701017,0.8010869639365119,1.2743072190362323,0.807738690329122,18.489161893608337,0.6454873286650737,98.6416708615901,1.4690823188003486,1.2001363989388558,0.2975664073833317,0.024099244621516126,,0.31975561459312485,,7,PRUNED
1305,33.329476709813505,11.828383620677014,2026-10-06 00:59:32.628997,2026-10-06 01:02:42.877800,0 days 00:03:10.248803,0.51115025563667,0.8717951055729352,0.5667882730348237,21.183844928151355,0.2395452449940939,85.69762729633804,1.080654620868664,23.475624031055144,0.18589067298139156,0.03280586071940829,0.00014447613183128302,1.2974912099205862,190.24869218375534,7,COMPLETE
1306,14.110450825267653,9.749124201420358,2026-10-06 00:59:32.976154,2026-10-06 01:02:43.254837,0 days 00:03:10.278683,0.19630735827449874,0.2284118304472575,0.4120579376102117,40.132128907957544,0.2395452449940939,25.088361291801984,0.21292518523710352,14.182822102930093,0.2975664073833317,0.024099244621516126,4.343429493003475e-06,0.6995926372441046,190.27857883553952,7,COMPLETE
1307,32.08303314267688,7.016166638639321,2026-10-06 00:59:33.035970,2026-10-06 01:02:46.073632,0 days 00:03:13.037662,0.447684485641811,0.4774636695198178,0.6443949852851695,18.489161893608337,0.2395452449940939,98.6416708615901,0.6190885998388953,3.6093097341737126,0.08173395261699556,0.037495759622009746,0.00014447613183128302,0.6004925208325128,193.03756360989064,7,COMPLETE
1308,8.129366931772035,1.1819264726792578,2026-10-06 00:59:33.269841,2026-10-06 01:02:43.416498,0 days 00:03:10.146657,1.1382279503790163,0.5608376222859704,0.01547461046560809,18.677678184085455,0.29675499538560296,25.088361291801984,1.1446866529412485,5.299460499774038,0.153323373484262,0.006530923453363513,0.0011757094612474103,1.3635581381619835,190.14655235782266,7,COMPLETE
1309,,,2026-10-06 00:59:33.637334,2026-10-06 01:00:14.526013,0 days 00:00:40.888679,0.447684485641811,0.3233389271032242,0.807738690329122,18.489161893608337,0.33279388005294136,98.6416708615901,1.4690823188003486,86.57068482598544,0.08173395261699556,0.03280586071940829,0.00014447613183128302,0.7296704665126732,,7,PRUNED
1310,40.761818592179864,1.4381327474692234,2026-10-06 00:59:33.791995,2026-10-06 01:02:45.397193,0 days 00:03:11.605198,0.447684485641811,0.4835105352725577,0.807738690329122,17.553296709297783,0.6688626104060442,98.6416708615901,0.19809840133758488,1.2001363989388558,0.08173395261699556,0.09765004764801033,3.680314106392975e-06,0.2678812614884665,191.60509908664972,7,COMPLETE
1311,28.224419502459817,6.9804536201101826,2026-10-06 00:59:33.914136,2026-10-06 01:02:48.649840,0 days 00:03:14.735704,1.116532013054544,0.5608376222859704,0.3042089878823274,18.677678184085455,0.5855379267962546,25.088361291801984,0.19809840133758488,5.299460499774038,0.5860574191614696,0.02749864300312601,0.00014447613183128302,0.9405267840694287,194.7356016105041,7,COMPLETE
1312,39.157129607128994,1.392515355841933,2026-10-06 00:59:34.515233,2026-10-06 01:02:50.153551,0 days 00:03:15.638318,0.447684485641811,0.3233389271032242,0.6443949852851695,18.489161893608337,0.2395452449940939,85.69762729633804,0.21292518523710352,1.2001363989388558,0.2975664073833317,0.09765004764801033,0.0006185581455600675,0.7296704665126732,195.6382199730724,7,COMPLETE
1313,,,2026-10-06 00:59:35.271123,2026-10-06 01:00:15.154043,0 days 00:00:39.882920,0.51115025563667,0.19189790819770397,0.20358075665942357,8.556213008137046,0.6688626104060442,85.69762729633804,0.21292518523710352,2.072575382240667,0.6353936504592018,0.03038027549946027,0.0006185581455600675,0.2678812614884665,,7,PRUNED
1314,2.01012754264437,1.1741182615997796,2026-10-06 00:59:35.841999,2026-10-06 01:02:48.140570,0 days 00:03:12.298571,1.47278934751838,0.8661787220393558,0.012509898464399975,16.18523914545625,1.0774031071944332,85.69762729633804,1.067329423463141,23.475624031055144,0.04206136129933902,0.09765004764801033,0.0005104435594619652,1.4891500624393408,192.298470816575,7,COMPLETE
1315,,,2026-10-06 00:59:36.021922,2026-10-06 00:59:36.546028,0 days 00:00:00.524106,0.51115025563667,0.2284118304472575,0.04980106476904556,6.155050451489913,1.403098084854016,98.6416708615901,1.4690823188003486,86.57068482598544,0.08173395261699556,0.03280586071940829,,0.7296704665126732,,7,PRUNED
1316,27.332263886595875,6.527620934194378,2026-10-06 00:59:36.023978,2026-10-06 01:02:48.446012,0 days 00:03:12.422034,0.5648359687819502,0.5608376222859704,0.5662816343755678,18.677678184085455,0.7636350951244117,25.088361291801984,1.1446866529412485,3.260794961767183,0.08173395261699556,0.03280586071940829,2.6621584907926446e-06,1.3635581381619835,192.42193768266588,7,COMPLETE
1317,,,2026-10-06 00:59:36.027958,2026-10-06 00:59:36.246047,0 days 00:00:00.218089,0.8370281480123642,1.0562250660985053,0.3042089878823274,18.677678184085455,0.2395452449940939,25.088361291801984,1.3355598077240103,5.299460499774038,0.5860574191614696,0.03038027549946027,,0.9040411163974774,,7,PRUNED
1318,32.11367318271975,10.626620128296324,2026-10-06 00:59:36.031958,2026-10-06 01:02:50.094441,0 days 00:03:14.062483,0.447684485641811,0.2965654106455736,0.5667882730348237,21.183844928151355,0.2395452449940939,98.6416708615901,1.080654620868664,5.8774721288796,0.04206136129933902,0.03280586071940829,0.00014447613183128302,1.1540267369865085,194.06238170620054,7,COMPLETE
1319,23.80315366086502,14.693086148523781,2026-10-06 00:59:36.138662,2026-10-06 01:02:41.951367,0 days 00:03:05.812705,0.51115025563667,0.598945472111341,0.6443949852851695,18.489161893608337,0.6688626104060442,30.4353134398972,0.12486747625813921,23.475624031055144,0.08173395261699556,0.03038027549946027,0.00014447613183128302,1.3635581381619835,185.812593200244,7,COMPLETE
1320,24.322605580176692,15.692151737820216,2026-10-06 00:59:36.663999,2026-10-06 01:02:50.998254,0 days 00:03:14.334255,1.4069934088669998,0.2284118304472575,0.5662816343755678,18.677678184085455,0.5855379267962546,25.088361291801984,1.4690823188003486,14.182822102930093,0.08173395261699556,0.024099244621516126,4.343429493003475e-06,1.3635581381619835,194.33415543381125,7,COMPLETE
1321,,,2026-10-06 00:59:36.797611,2026-10-06 01:00:17.296030,0 days 00:00:40.498419,0.3395165906212997,0.3233389271032242,0.6443949852851695,18.677678184085455,0.4084767377992343,25.088361291801984,1.1446866529412485,5.299460499774038,1.1044149200019626,0.02749864300312601,0.00014447613183128302,1.1540267369865085,,7,PRUNED
1322,38.118547855565005,3.261516765254621,2026-10-06 00:59:37.023989,2026-10-06 01:02:50.406634,0 days 00:03:13.382645,0.447684485641811,0.4835105352725577,0.807738690329122,17.553296709297783,0.05714116461716917,85.69762729633804,1.191277759964359,5.8774721288796,0.6979007106917119,0.09765004764801033,0.00018475514705603715,1.1540267369865085,193.38255179766566,7,COMPLETE
1323,26.030307018668488,9.981390419996478,2026-10-06 00:59:37.628496,2026-10-06 01:02:49.673091,0 days 00:03:12.044595,0.51115025563667,0.5608376222859704,0.5662816343755678,18.677678184085455,0.5855379267962546,25.088361291801984,1.4292566066009447,5.299460499774038,0.5860574191614696,0.02749864300312601,0.00014447613183128302,1.2514263362937597,192.04448932316154,7,COMPLETE
1324,23.235845876306637,10.645525846578131,2026-10-06 00:59:39.873996,2026-10-06 01:02:49.766550,0 days 00:03:09.892554,0.7737222815132565,0.5608376222859704,0.807738690329122,18.677678184085455,0.05714116461716917,25.088361291801984,1.191277759964359,5.8774721288796,0.5860574191614696,0.03280586071940829,0.00014447613183128302,1.1540267369865085,189.8924593059346,7,COMPLETE
1325,37.01425471341854,1.5015158273098534,2026-10-06 00:59:39.877968,2026-10-06 01:02:51.261698,0 days 00:03:11.383730,0.4428292606447327,0.3233389271032242,0.2297655624989891,8.794323001260684,1.0126342536422681,85.69762729633804,0.6165960852108494,23.475624031055144,0.05609924456069537,0.09765004764801033,0.0011757094612474103,0.9092751429584793,191.38363743480295,7,COMPLETE
1326,,,2026-10-06 00:59:40.088000,2026-10-06 00:59:40.418012,0 days 00:00:00.330012,0.447684485641811,1.2214773815000899,0.807738690329122,18.386910920395536,0.05714116461716917,85.69762729633804,0.6190885998388953,5.8774721288796,0.7685554742107898,0.03280586071940829,,0.0038888774159797634,,7,PRUNED
1327,,,2026-10-06 00:59:40.763158,2026-10-06 01:00:20.142027,0 days 00:00:39.378869,0.8010869639365119,0.3233389271032242,0.5799701872746303,21.183844928151355,1.35460707310614,48.0913510540302,0.7964747556623476,23.475624031055144,0.2975664073833317,0.03280586071940829,0.005958227033600532,0.2678812614884665,,7,PRUNED
1328,41.793580773038215,1.6963503778508744,2026-10-06 00:59:40.766976,2026-10-06 01:02:48.780292,0 days 00:03:08.013316,0.2994157425323484,1.0562250660985053,0.5799701872746303,11.991629079089469,0.6046626808156426,85.69762729633804,0.9356883984494996,5.8774721288796,0.007925456797868324,0.09765004764801033,0.0004693315590468239,1.4891500624393408,188.01321724057198,7,COMPLETE
1329,,,2026-10-06 00:59:41.872001,2026-10-06 01:00:19.905054,0 days 00:00:38.033053,0.3031094552567796,0.8661787220393558,0.5667882730348237,18.489161893608337,1.35460707310614,98.6416708615901,1.1446866529412485,23.475624031055144,0.08173395261699556,0.03280586071940829,0.005958227033600532,1.1540267369865085,,7,PRUNED
1330,27.685569127908252,8.202503201833082,2026-10-06 01:00:07.644013,2026-10-06 01:03:23.456211,0 days 00:03:15.812198,0.447684485641811,0.5608376222859704,0.3042089878823274,18.489161893608337,0.2395452449940939,25.088361291801984,0.21292518523710352,5.8774721288796,0.5860574191614696,0.02749864300312601,0.00014447613183128302,1.1540267369865085,195.81208424735814,7,COMPLETE
1331,43.19412623503699,1.209034545033734,2026-10-06 01:00:09.859158,2026-10-06 01:03:22.974280,0 days 00:03:13.115122,0.2994157425323484,1.0562250660985053,0.4120579376102117,28.64857234990077,0.6046626808156426,85.69762729633804,0.9356883984494996,1.1282993084044803,0.6353936504592018,0.09765004764801033,0.0004693315590468239,0.7296704665126732,193.11502260528505,7,COMPLETE
1332,37.949937038866224,2.4626913820931793,2026-10-06 01:00:11.411001,2026-10-06 01:03:24.860551,0 days 00:03:13.449550,0.19630735827449874,0.2284118304472575,0.4120579376102117,18.489161893608337,0.6688626104060442,98.6416708615901,0.21292518523710352,14.182822102930093,0.6353936504592018,0.09765004764801033,3.680314106392975e-06,0.7296704665126732,193.44945300277323,7,COMPLETE
1333,29.757253354485414,14.764598317610147,2026-10-06 01:00:13.507003,2026-10-06 01:03:23.963177,0 days 00:03:10.456174,0.51115025563667,0.2965654106455736,0.5667882730348237,21.183844928151355,0.2395452449940939,94.61146042672904,1.080654620868664,23.475624031055144,0.04206136129933902,0.03280586071940829,0.00014447613183128302,1.2974912099205862,190.45607254374772,7,COMPLETE
1334,35.101928982320345,2.3224438340826277,2026-10-06 01:00:14.290005,2026-10-06 01:03:30.301617,0 days 00:03:16.011612,0.8010869639365119,0.3233389271032242,0.5799701872746303,10.877854836518644,0.2395452449940939,85.69762729633804,0.21292518523710352,14.182822102930093,0.08173395261699556,0.09765004764801033,0.0006185581455600675,1.1540267369865085,196.01151602342725,7,COMPLETE
1335,31.208502312801492,2.2741927780703266,2026-10-06 01:00:15.340472,2026-10-06 01:03:28.347888,0 days 00:03:13.007416,0.51115025563667,0.8661787220393558,0.5799701872746303,11.991629079089469,1.35460707310614,40.99981961587344,0.9356883984494996,23.475624031055144,0.007925456797868324,0.09765004764801033,0.00023455457478105328,1.4891500624393408,193.00731105078012,7,COMPLETE
1336,29.921612448096216,5.290460871169789,2026-10-06 01:00:15.421926,2026-10-06 01:03:23.509886,0 days 00:03:08.087960,1.2349294162160471,0.2965654106455736,0.4120579376102117,18.489161893608337,1.3157744785079348,3.9357948336652977,0.7964747556623476,86.57068482598544,0.08173395261699556,0.042948124421665144,0.00014447613183128302,1.3458907086260936,188.08786230627447,7,COMPLETE
1337,26.9355005404227,20.189438978768802,2026-10-06 01:00:15.424960,2026-10-06 01:03:28.167820,0 days 00:03:12.742860,0.51115025563667,0.2284118304472575,0.807738690329122,18.489161893608337,0.33279388005294136,98.6416708615901,1.4690823188003486,14.182822102930093,0.08173395261699556,0.03280586071940829,4.343429493003475e-06,0.30673616238509677,192.74276591837406,7,COMPLETE
1338,39.93152740645017,1.2994023555942256,2026-10-06 01:00:15.766736,2026-10-06 01:03:26.073189,0 days 00:03:10.306453,0.447684485641811,0.3233389271032242,0.5799701872746303,18.489161893608337,0.15160925333776148,98.6416708615901,0.12486747625813921,1.2001363989388558,0.08173395261699556,0.09765004764801033,0.00014447613183128302,0.2678812614884665,190.30636238399893,7,COMPLETE
1339,25.684716584229808,13.636808114532364,2026-10-06 01:00:15.825435,2026-10-06 01:03:28.878820,0 days 00:03:13.053385,0.447684485641811,0.3233389271032242,0.6443949852851695,10.877854836518644,0.2395452449940939,98.6416708615901,0.12486747625813921,86.57068482598544,0.08173395261699556,0.03280586071940829,0.0006185581455600675,1.1540267369865085,193.05327974446118,7,COMPLETE
1340,16.691257610068714,1.6474995984914098,2026-10-06 01:00:16.876001,2026-10-06 01:03:29.130289,0 days 00:03:12.254288,0.7535562568504046,0.4774636695198178,0.18268747908623606,43.239110587280905,0.5199254393302677,6.3983390904701665,0.6190885998388953,86.57068482598544,0.26083598793965107,0.037495759622009746,0.00014447613183128302,0.6004925208325128,192.254199327901,7,COMPLETE
1341,36.099916656234754,3.7436626399632686,2026-10-06 01:00:17.312161,2026-10-06 01:03:32.576911,0 days 00:03:15.264750,0.8010869639365119,0.8661787220393558,0.20358075665942357,21.183844928151355,0.2395452449940939,85.69762729633804,1.1446866529412485,23.475624031055144,0.04206136129933902,0.03038027549946027,0.0006185581455600675,0.2678812614884665,195.26464897673577,7,COMPLETE
1342,,,2026-10-06 01:00:17.512995,2026-10-06 01:00:55.274058,0 days 00:00:37.761063,0.38120678029223415,0.4835105352725577,0.2134586502746349,5.245413993140336,0.6688626104060442,85.69762729633804,0.21292518523710352,14.182822102930093,0.7685554742107898,0.03280586071940829,4.343429493003475e-06,1.2139299004838662,,7,PRUNED
