number,values_0,values_1,datetime_start,datetime_complete,duration,params_between_rest_spread,params_c_spread,params_c_val,params_input_force,params_k_between_spread,params_k_between_val,params_k_wall_spread,params_k_wall_val,params_m_spread,params_m_val,params_ridge_alpha,params_wall_rest_spread,user_attrs_duration_sec,system_attrs_NSGAIISampler:generation,state
1873,29.4286702201699,11.369126409858197,2026-10-06 01:21:59.531004,2026-10-06 01:25:13.258423,0 days 00:03:13.727419,0.4919537458910443,0.7442797360171872,0.4120579376102117,18.489161893608337,0.2395452449940939,94.61146042672904,0.21292518523710352,19.15408445903519,0.4212595585654096,0.024099244621516126,0.00014447613183128302,1.1540267369865085,193.7273216675967,11,COMPLETE
1874,26.739636558503452,17.992293639812736,2026-10-06 01:21:59.676082,2026-10-06 01:25:11.754533,0 days 00:03:12.078451,0.8010869639365119,0.3233389271032242,0.807738690329122,21.183844928151355,0.33279388005294136,85.69762729633804,1.080654620868664,23.475624031055144,0.08173395261699556,0.03280586071940829,0.00014447613183128302,1.2974912099205862,192.07833809498698,11,COMPLETE
1875,28.053439950656212,10.916611950383796,2026-10-06 01:22:01.244001,2026-10-06 01:25:15.631921,0 days 00:03:14.387920,0.2994157425323484,0.3233389271032242,0.6443949852851695,5.245413993140336,0.31751420987933837,98.6416708615901,0.21292518523710352,41.03672873437926,0.08173395261699556,0.03038027549946027,0.00014447613183128302,1.1540267369865085,194.3878217060119,11,COMPLETE
1876,,,2026-10-06 01:22:03.016002,2026-10-06 01:22:43.026025,0 days 00:00:40.010023,0.51115025563667,0.19189790819770397,0.20358075665942357,13.359444199122356,0.2395452449940939,85.69762729633804,0.21292518523710352,55.83628997323682,0.5860574191614696,0.03038027549946027,0.00014447613183128302,1.3635581381619835,,11,PRUNED
1877,15.28405916663159,1.3470592006833615,2026-10-06 01:22:03.036131,2026-10-06 01:25:19.944896,0 days 00:03:16.908765,0.3266706199058158,0.3731992973752525,0.09074117059516555,8.695206399809345,0.05714116461716917,1.491233638014067,1.191277759964359,5.8774721288796,0.18589067298139156,0.03038027549946027,0.00023455457478105328,1.1540267369865085,196.9086659150198,11,COMPLETE
1878,43.70420365947052,4.005653875350227,2026-10-06 01:22:04.306177,2026-10-06 01:25:14.380008,0 days 00:03:10.073831,0.8010869639365119,0.19189790819770397,0.20358075665942357,8.556213008137046,0.2395452449940939,85.69762729633804,0.21292518523710352,11.86468393276075,0.3372985396418654,0.03038027549946027,0.0006185581455600675,0.2678812614884665,190.07373221963644,11,COMPLETE
1879,24.923246797147904,17.759797657561556,2026-10-06 01:22:04.309968,2026-10-06 01:25:14.054907,0 days 00:03:09.744939,0.447684485641811,0.3233389271032242,0.4120579376102117,44.928201852786714,0.33279388005294136,98.6416708615901,0.21292518523710352,86.57068482598544,0.08173395261699556,0.024099244621516126,4.343429493003475e-06,1.1540267369865085,189.74484455306083,11,COMPLETE
1880,,,2026-10-06 01:22:04.325978,2026-10-06 01:22:05.205059,0 days 00:00:00.879081,0.51115025563667,0.8947857417178653,0.807738690329122,8.695206399809345,0.05714116461716917,4.219252525993087,1.191277759964359,5.8774721288796,0.6979007106917119,0.0013862730940811907,,1.2974912099205862,,11,PRUNED
1881,28.454382601088202,12.705086963705096,2026-10-06 01:22:04.333960,2026-10-06 01:25:17.181521,0 days 00:03:12.847561,0.4919537458910443,0.2965654106455736,0.4120579376102117,21.183844928151355,0.2395452449940939,94.61146042672904,0.21292518523710352,14.182822102930093,0.4212595585654096,0.024099244621516126,1.7569095815580446e-05,1.1540267369865085,192.84746967349201,11,COMPLETE
1882,32.329038048525135,6.081731471892879,2026-10-06 01:22:05.266824,2026-10-06 01:25:16.110540,0 days 00:03:10.843716,0.447684485641811,0.7186098618255685,0.5525590843233967,18.489161893608337,0.05714116461716917,98.6416708615901,0.016534448494881837,86.57068482598544,0.08173395261699556,0.07297012210736925,2.1038771230648366e-06,1.1540267369865085,190.8436091672629,11,COMPLETE
1883,27.316473542271563,9.5863992342027,2026-10-06 01:22:05.317978,2026-10-06 01:25:13.865850,0 days 00:03:08.547872,0.447684485641811,0.3731992973752525,0.807738690329122,18.489161893608337,0.05714116461716917,98.6416708615901,1.191277759964359,5.036924976512043,0.18589067298139156,0.03280586071940829,0.00023455457478105328,1.1540267369865085,188.547761535272,11,COMPLETE
1884,29.686932389729588,10.619132978152393,2026-10-06 01:22:05.703151,2026-10-06 01:25:16.877914,0 days 00:03:11.174763,0.8010869639365119,0.19189790819770397,0.6443949852851695,18.489161893608337,0.2395452449940939,98.6416708615901,0.12486747625813921,5.8774721288796,0.08173395261699556,0.030645536600978882,0.00014447613183128302,1.1540267369865085,191.1746652116999,11,COMPLETE
1885,27.66748651441144,3.708433429103644,2026-10-06 01:22:07.828985,2026-10-06 01:25:20.129435,0 days 00:03:12.300450,0.51115025563667,0.8717951055729352,0.5667882730348237,21.183844928151355,0.2395452449940939,36.674490706849404,1.080654620868664,1.2001363989388558,0.18589067298139156,0.03280586071940829,0.0006185581455600675,0.2678812614884665,192.3003575867042,11,COMPLETE
1886,28.170768806088308,17.718876743775834,2026-10-06 01:22:38.332100,2026-10-06 01:25:49.565008,0 days 00:03:11.232908,0.51115025563667,0.2284118304472575,0.6443949852851695,18.489161893608337,0.2395452449940939,98.6416708615901,1.4690823188003486,14.182822102930093,0.08173395261699556,0.024099244621516126,0.00014447613183128302,1.1540267369865085,191.23279385641217,11,COMPLETE
1887,,,2026-10-06 01:22:38.974064,2026-10-06 01:22:39.522198,0 days 00:00:00.548134,0.8010869639365119,0.19189790819770397,0.20358075665942357,8.556213008137046,0.2395452449940939,85.69762729633804,0.7002288575081228,11.86468393276075,0.2975664073833317,0.0030661560662055315,,0.2678812614884665,,11,PRUNED
1888,,,2026-10-06 01:22:39.638134,2026-10-06 01:22:40.256987,0 days 00:00:00.618853,0.447684485641811,0.8717951055729352,0.6443949852851695,18.489161893608337,0.2395452449940939,98.6416708615901,1.191277759964359,42.72675100776849,0.5860574191614696,0.001199902831910484,,0.6819686313679494,,11,PRUNED
1889,48.67973202032042,2.9880762086422155,2026-10-06 01:22:40.314776,2026-10-06 01:25:49.364778,0 days 00:03:09.050002,0.447684485641811,0.19189790819770397,0.20358075665942357,10.877854836518644,0.2395452449940939,98.6416708615901,1.484226923085714,5.8774721288796,0.2975664073833317,0.03038027549946027,2.1038771230648366e-06,1.1540267369865085,189.04988425411284,11,COMPLETE
1890,31.896838820881566,12.723993517458592,2026-10-06 01:22:40.538801,2026-10-06 01:25:51.090148,0 days 00:03:10.551347,0.27910648759366985,0.3731992973752525,0.5667882730348237,11.991629079089469,0.2395452449940939,85.69762729633804,1.3460422977121211,23.475624031055144,0.08173395261699556,0.03280586071940829,0.00014447613183128302,1.2974912099205862,190.551248379983,11,COMPLETE
1891,48.188568313242584,1.5694017937425926,2026-10-06 01:22:40.574142,2026-10-06 01:25:47.007219,0 days 00:03:06.433077,0.7597628765704141,0.19189790819770397,0.20358075665942357,10.517467008748584,0.2395452449940939,85.69762729633804,0.7297455375332902,1.4056083189495427,0.08173395261699556,0.03038027549946027,0.0006185581455600675,1.2139299004838662,186.4329623952508,11,COMPLETE
1892,30.933357454890984,13.153537749911017,2026-10-06 01:22:40.577964,2026-10-06 01:25:55.158519,0 days 00:03:14.580555,0.5961290388166613,0.2965654106455736,0.5667882730348237,21.183844928151355,0.2395452449940939,94.61146042672904,1.080654620868664,14.182822102930093,0.04206136129933902,0.03280586071940829,0.00014447613183128302,1.2974912099205862,194.58046367485076,11,COMPLETE
1893,,,2026-10-06 01:22:40.589965,2026-10-06 01:22:41.651014,0 days 00:00:01.061049,0.8010869639365119,0.3233389271032242,0.6443949852851695,8.556213008137046,0.2395452449940939,85.69762729633804,0.21292518523710352,86.57068482598544,0.2975664073833317,0.014539875197330703,,0.2678812614884665,,11,PRUNED
1894,36.44474023960184,6.140892962853722,2026-10-06 01:22:40.593958,2026-10-06 01:25:51.805433,0 days 00:03:11.211475,0.8010869639365119,0.07070671910356391,0.4120579376102117,8.556213008137046,0.2395452449940939,98.6416708615901,0.21292518523710352,11.86468393276075,0.5182614449347602,0.03280586071940829,0.0018769560037333074,0.7296704665126732,191.21138777863234,11,COMPLETE
1895,31.12915512209181,1.2625957085418427,2026-10-06 01:22:41.711986,2026-10-06 01:25:56.918097,0 days 00:03:15.206111,0.51115025563667,0.8717951055729352,0.042231081776747226,21.183844928151355,0.2395452449940939,85.69762729633804,1.080654620868664,14.182822102930093,0.3871321494348025,0.03280586071940829,0.00014447613183128302,1.1540267369865085,195.20600480865687,11,COMPLETE
1896,37.80523153309355,8.985444176431669,2026-10-06 01:22:43.058129,2026-10-06 01:25:52.093402,0 days 00:03:09.035273,0.8010869639365119,0.2965654106455736,0.4120579376102117,8.556213008137046,0.2395452449940939,85.69762729633804,0.21292518523710352,11.86468393276075,0.5182614449347602,0.03280586071940829,0.00014447613183128302,0.2678812614884665,189.03516822960228,11,COMPLETE
1897,36.43799621876624,7.4218572801575595,2026-10-06 01:22:43.756008,2026-10-06 01:25:54.312158,0 days 00:03:10.556150,0.51115025563667,0.2965654106455736,0.5662816343755678,8.695206399809345,0.2395452449940939,85.69762729633804,1.080654620868664,23.475624031055144,0.04206136129933902,0.053429959033303595,4.343429493003475e-06,1.2974912099205862,190.55605632718652,11,COMPLETE
1898,40.304282236370305,1.9222735149460837,2026-10-06 01:22:44.362001,2026-10-06 01:25:55.920565,0 days 00:03:11.558564,0.51115025563667,0.19189790819770397,0.1347521461063753,13.359444199122356,0.05714116461716917,85.69762729633804,0.21292518523710352,5.299460499774038,0.5860574191614696,0.03038027549946027,0.00014447613183128302,1.1540267369865085,191.55847795959562,11,COMPLETE
1899,50.92978523334362,1.5028713083706242,2026-10-06 01:22:44.436524,2026-10-06 01:25:56.240113,0 days 00:03:11.803589,0.8010869639365119,0.19189790819770397,0.20358075665942357,8.556213008137046,0.6454873286650737,85.69762729633804,0.21292518523710352,1.4056083189495427,0.2975664073833317,0.03038027549946027,0.0006185581455600675,0.2678812614884665,191.80348129570484,11,COMPLETE
1900,45.27748146392098,5.479234935852823,2026-10-06 01:22:44.614000,2026-10-06 01:25:55.826275,0 days 00:03:11.212275,1.4644809848335274,0.8717951055729352,0.4120579376102117,18.489161893608337,0.2395452449940939,85.69762729633804,1.484226923085714,5.8774721288796,0.08173395261699556,0.03280586071940829,2.1038771230648366e-06,1.2974912099205862,191.21218878868967,11,COMPLETE
1901,,,2026-10-06 01:22:44.989013,2026-10-06 01:22:46.134036,0 days 00:00:01.145023,0.51115025563667,0.2965654106455736,0.5662816343755678,21.183844928151355,0.506401025718823,94.61146042672904,1.4690823188003486,41.66154811682372,0.4311381523748837,0.024099244621516126,,1.2974912099205862,,11,PRUNED
1902,40.68420179029985,4.519011270935181,2026-10-06 01:22:44.996983,2026-10-06 01:25:54.089461,0 days 00:03:09.092478,0.4919537458910443,0.19189790819770397,0.20358075665942357,10.517467008748584,0.2395452449940939,85.69762729633804,0.7297455375332902,53.661546275527805,0.08173395261699556,0.03038027549946027,0.0006185581455600675,1.1540267369865085,189.09237273223698,11,COMPLETE
1903,50.781117607349316,1.5914532607444163,2026-10-06 01:22:45.287985,2026-10-06 01:25:55.082476,0 days 00:03:09.794491,0.447684485641811,0.3731992973752525,0.1347521461063753,8.695206399809345,0.05714116461716917,85.69762729633804,1.191277759964359,5.8774721288796,0.18589067298139156,0.03038027549946027,0.00023455457478105328,1.1540267369865085,189.7943890541792,11,COMPLETE
1904,47.17441415182999,1.629946257076296,2026-10-06 01:22:46.100002,2026-10-06 01:25:54.996264,0 days 00:03:08.896262,0.447684485641811,0.3731992973752525,0.1347521461063753,8.695206399809345,0.2395452449940939,85.69762729633804,1.080654620868664,23.475624031055144,0.04206136129933902,0.03280586071940829,0.0003750271870227611,1.1540267369865085,188.89615682139993,11,COMPLETE
1905,,,2026-10-06 01:22:46.107971,2026-10-06 01:22:46.748031,0 days 00:00:00.640060,0.51115025563667,1.1297134908089193,0.5662816343755678,18.489161893608337,0.05714116461716917,98.6416708615901,1.4690823188003486,5.299460499774038,0.5860574191614696,0.02749864300312601,,1.3635581381619835,,11,PRUNED
1906,42.27532102950711,5.669404823520538,2026-10-06 01:22:46.145980,2026-10-06 01:25:56.943745,0 days 00:03:10.797765,0.2994157425323484,0.2965654106455736,0.20358075665942357,5.245413993140336,0.5855379267962546,85.69762729633804,0.21292518523710352,20.4004304097776,0.08173395261699556,0.024099244621516126,4.343429493003475e-06,0.739405563829868,190.79767354298383,11,COMPLETE
1907,38.676852197051936,4.242328069798036,2026-10-06 01:22:46.153966,2026-10-06 01:25:57.647527,0 days 00:03:11.493561,0.6416655413198389,0.2284118304472575,0.4120579376102117,18.489161893608337,0.2395452449940939,98.6416708615901,0.21292518523710352,1.9280823397532998,0.08173395261699556,0.03280586071940829,0.00014447613183128302,1.1540267369865085,191.49347029160708,11,COMPLETE
1908,30.875233704228158,1.9649517771784843,2026-10-06 01:22:46.161963,2026-10-06 01:25:59.936845,0 days 00:03:13.774882,0.51115025563667,0.8717951055729352,0.807738690329122,21.183844928151355,0.33279388005294136,98.6416708615901,1.4690823188003486,2.149929100656875,0.08173395261699556,0.039589557824778104,0.11005334646435047,1.2974912099205862,193.77476994413882,11,COMPLETE
1909,,,2026-10-06 01:22:46.682155,2026-10-06 01:22:47.430050,0 days 00:00:00.747895,0.51115025563667,1.449169213974462,0.5667882730348237,8.695206399809345,0.2395452449940939,94.61146042672904,1.080654620868664,23.475624031055144,0.04206136129933902,0.02495557211524677,,1.2974912099205862,,11,PRUNED
1910,,,2026-10-06 01:22:47.000151,2026-10-06 01:22:47.904052,0 days 00:00:00.903901,0.2994157425323484,1.012439712223232,0.4120579376102117,5.245413993140336,0.2395452449940939,94.61146042672904,0.21292518523710352,23.475624031055144,0.4212595585654096,0.013198797341115367,,1.1540267369865085,,11,PRUNED
1911,27.737948992289468,11.99499948022191,2026-10-06 01:22:47.519995,2026-10-06 01:25:55.825084,0 days 00:03:08.305089,0.51115025563667,0.2965654106455736,0.4120579376102117,25.86111201603272,0.2395452449940939,98.6416708615901,0.22793368570882772,14.182822102930093,0.2975664073833317,0.024099244621516126,0.03159661605420798,0.7296704665126732,188.30498850345612,11,COMPLETE
1912,,,2026-10-06 01:22:48.209031,2026-10-06 01:22:49.470795,0 days 00:00:01.261764,0.8010869639365119,0.2965654106455736,0.4120579376102117,8.556213008137046,0.2395452449940939,85.69762729633804,0.21292518523710352,11.86468393276075,1.1900401645123189,0.03038027549946027,,0.2678812614884665,,11,PRUNED
1913,31.696674564725583,10.03868727492534,2026-10-06 01:22:49.572995,2026-10-06 01:25:57.798382,0 days 00:03:08.225387,0.447684485641811,0.3233389271032242,0.42161810407106837,18.489161893608337,0.2395452449940939,85.69762729633804,0.12486747625813921,11.86468393276075,0.08173395261699556,0.03280586071940829,0.00014447613183128302,1.1540267369865085,188.22529490757734,11,COMPLETE
1914,,,2026-10-06 01:23:13.103009,2026-10-06 01:23:53.100226,0 days 00:00:39.997217,0.04882951974182742,0.7284935754300568,0.1347521461063753,8.695206399809345,0.2395452449940939,98.6416708615901,1.191277759964359,86.57068482598544,0.08173395261699556,0.03038027549946027,0.00014447613183128302,1.1540267369865085,,11,PRUNED
1915,,,2026-10-06 01:23:14.587993,2026-10-06 01:23:15.403346,0 days 00:00:00.815353,0.8010869639365119,0.3233389271032242,0.20358075665942357,18.489161893608337,0.2395452449940939,98.6416708615901,0.21292518523710352,86.57068482598544,0.08173395261699556,0.001849944735180031,,1.1540267369865085,,11,PRUNED
1916,29.757253354485414,14.764598317610147,2026-10-06 01:23:15.591027,2026-10-06 01:26:25.490697,0 days 00:03:09.899670,0.51115025563667,0.2965654106455736,0.5667882730348237,21.183844928151355,0.2395452449940939,94.61146042672904,1.080654620868664,23.475624031055144,0.04206136129933902,0.03280586071940829,0.00014447613183128302,1.2974912099205862,189.89955741818994,11,COMPLETE
1917,32.76212255133568,6.2143583934518025,2026-10-06 01:23:18.677993,2026-10-06 01:26:31.670932,0 days 00:03:12.992939,0.447684485641811,0.19189790819770397,0.20358075665942357,11.991629079089469,0.6454873286650737,27.801010209802207,0.21292518523710352,86.57068482598544,0.08173395261699556,0.03038027549946027,0.00014447613183128302,1.1540267369865085,192.992841726169,11,COMPLETE
1918,31.916295628031513,3.9556797744556094,2026-10-06 01:23:19.452011,2026-10-06 01:26:32.045917,0 days 00:03:12.593906,0.51115025563667,0.2965654106455736,0.17330203936059302,18.489161893608337,0.3826450327766182,98.6416708615901,0.12486747625813921,14.182822102930093,0.2975664073833317,0.024099244621516126,4.343429493003475e-06,0.7296704665126732,192.59381414111704,11,COMPLETE
1919,,,2026-10-06 01:23:19.518012,2026-10-06 01:23:19.858276,0 days 00:00:00.340264,0.51115025563667,0.2284118304472575,0.5662816343755678,18.386910920395536,0.05714116461716917,85.69762729633804,1.4690823188003486,14.182822102930093,0.08173395261699556,0.0022636221555315324,,0.7296704665126732,,11,PRUNED
1920,39.394302092327976,7.467343755757209,2026-10-06 01:23:20.101624,2026-10-06 01:26:31.259315,0 days 00:03:11.157691,1.2349294162160471,0.8717951055729352,0.4120579376102117,18.489161893608337,0.4319038627926991,85.69762729633804,0.21292518523710352,14.182822102930093,0.08173395261699556,0.03280586071940829,0.00014447613183128302,1.1540267369865085,191.1575853228569,11,COMPLETE
1921,29.05356681967536,9.278017437473636,2026-10-06 01:23:20.716802,2026-10-06 01:26:35.771181,0 days 00:03:15.054379,0.51115025563667,0.3233389271032242,0.6443949852851695,18.489161893608337,0.33279388005294136,98.6416708615901,1.4690823188003486,14.182822102930093,0.08173395261699556,0.03280586071940829,0.0036749679040399517,1.1540267369865085,195.0542723722756,11,COMPLETE
1922,37.65578461501847,7.137114132921176,2026-10-06 01:23:20.719963,2026-10-06 01:26:34.912762,0 days 00:03:14.192799,0.51115025563667,0.20995808699727936,0.4120579376102117,18.489161893608337,0.33279388005294136,98.6416708615901,1.4690823188003486,14.182822102930093,0.2975664073833317,0.04433422609659258,0.00014447613183128302,0.7296704665126732,194.19270081445575,11,COMPLETE
1923,,,2026-10-06 01:23:21.095047,2026-10-06 01:23:21.704042,0 days 00:00:00.608995,0.8010869639365119,1.121230926898692,0.4120579376102117,8.556213008137046,0.2395452449940939,34.7430644582798,0.12486747625813921,18.6992012511816,0.08173395261699556,0.03280586071940829,,1.1540267369865085,,11,PRUNED
1924,38.33939039316639,5.481195203359477,2026-10-06 01:23:21.644002,2026-10-06 01:26:37.766893,0 days 00:03:16.122891,0.51115025563667,0.3233389271032242,0.1347521461063753,8.695206399809345,0.2395452449940939,85.69762729633804,0.12486747625813921,23.475624031055144,0.04206136129933902,0.016733887553883886,0.0003750271870227611,0.2678812614884665,196.12279054149985,11,COMPLETE
1925,36.041060697723,4.420768291339025,2026-10-06 01:23:21.786991,2026-10-06 01:26:32.231236,0 days 00:03:10.444245,0.51115025563667,0.3233389271032242,0.20358075665942357,13.359444199122356,0.2395452449940939,37.36671368525319,0.21292518523710352,5.299460499774038,0.5860574191614696,0.03280586071940829,0.00014447613183128302,1.3635581381619835,190.44414214324206,11,COMPLETE
1926,46.19450036516855,2.1255609454968982,2026-10-06 01:23:21.970505,2026-10-06 01:26:32.282352,0 days 00:03:10.311847,0.4919537458910443,0.19189790819770397,0.20358075665942357,18.489161893608337,0.2395452449940939,85.69762729633804,0.21292518523710352,1.4056083189495427,0.2975664073833317,0.03038027549946027,0.00014447613183128302,1.1540267369865085,190.31174826808274,11,COMPLETE
1927,32.56006663121004,9.529920283154636,2026-10-06 01:23:22.083324,2026-10-06 01:26:37.052850,0 days 00:03:14.969526,0.51115025563667,0.2965654106455736,0.4120579376102117,18.489161893608337,0.4319038627926991,85.69762729633804,0.21292518523710352,14.182822102930093,0.08173395261699556,0.03280586071940829,0.0003750271870227611,1.1540267369865085,194.96941466536373,11,COMPLETE
1928,35.74281897270136,3.940358109396753,2026-10-06 01:23:22.700152,2026-10-06 01:26:30.698565,0 days 00:03:07.998413,0.51115025563667,0.8717951055729352,0.20358075665942357,21.183844928151355,0.33279388005294136,98.6416708615901,1.080654620868664,23.475624031055144,0.08173395261699556,0.03038027549946027,4.343429493003475e-06,0.2678812614884665,187.99830892775208,11,COMPLETE
1929,31.176884799184556,15.586747470852302,2026-10-06 01:23:24.139999,2026-10-06 01:26:31.480933,0 days 00:03:07.340934,0.4919537458910443,0.21606902729252941,0.5926143650576037,18.386910920395536,0.2395452449940939,85.69762729633804,1.2205318815051402,19.15408445903519,0.4212595585654096,0.03038027549946027,0.00014447613183128302,1.3635581381619835,187.34083636291325,11,COMPLETE
1930,34.522981041756125,12.38837194185317,2026-10-06 01:23:24.714001,2026-10-06 01:26:36.291807,0 days 00:03:11.577806,1.2349294162160471,0.2965654106455736,0.5662816343755678,18.489161893608337,0.2395452449940939,98.6416708615901,0.21292518523710352,14.182822102930093,0.4212595585654096,0.03280586071940829,0.00014447613183128302,1.2974912099205862,191.57770924363285,11,COMPLETE
1931,26.009091982759617,5.6639988583367264,2026-10-06 01:23:47.725740,2026-10-06 01:26:56.783850,0 days 00:03:09.058110,0.447684485641811,0.3233389271032242,0.807738690329122,18.386910920395536,0.05714116461716917,98.6416708615901,1.191277759964359,3.636857710586306,0.6612667155799399,0.03280586071940829,0.00014447613183128302,1.0896395358175321,189.05800132453442,11,COMPLETE
