number,values_0,values_1,datetime_start,datetime_complete,duration,params_between_rest_spread,params_c_spread,params_c_val,params_input_force,params_k_between_spread,params_k_between_val,params_k_wall_spread,params_k_wall_val,params_m_spread,params_m_val,params_ridge_alpha,params_wall_rest_spread,user_attrs_duration_sec,system_attrs_NSGAIISampler:generation,state
2403,27.77167153885992,13.519907913037132,2026-10-06 01:42:34.515142,2026-10-06 01:45:48.136617,0 days 00:03:13.621475,0.4919537458910443,0.2965654106455736,0.4120579376102117,18.489161893608337,0.2395452449940939,98.6416708615901,0.21292518523710352,41.66154811682372,0.08173395261699556,0.03280586071940829,4.343429493003475e-06,0.18638909618587451,193.6213616123423,14,COMPLETE
2404,31.90802493125027,17.76764502934175,2026-10-06 01:42:36.056015,2026-10-06 01:45:49.233019,0 days 00:03:13.177004,0.40777751919558103,0.7186098618255685,0.5662816343755678,18.489161893608337,0.33279388005294136,98.6416708615901,1.191277759964359,14.182822102930093,0.2975664073833317,0.024099244621516126,4.343429493003475e-06,0.7296704665126732,193.17689355183393,14,COMPLETE
2405,,,2026-10-06 01:42:36.072980,2026-10-06 01:42:36.576091,0 days 00:00:00.503111,0.51115025563667,0.3233389271032242,0.4120579376102117,11.991629079089469,0.2395452449940939,98.6416708615901,1.4690823188003486,23.475624031055144,0.08173395261699556,0.013308789029850759,,1.1540267369865085,,14,PRUNED
2406,34.353541104525085,9.907808727382049,2026-10-06 01:42:36.176132,2026-10-06 01:45:46.564857,0 days 00:03:10.388725,0.51115025563667,0.8717951055729352,0.5667882730348237,21.183844928151355,0.506401025718823,85.69762729633804,0.012172260043571581,6.2296041386818795,0.007925456797868324,0.03038027549946027,4.343429493003475e-06,0.6298110096990894,190.3886152645573,14,COMPLETE
2407,15.575210741032995,14.941277614557334,2026-10-06 01:42:36.744988,2026-10-06 01:45:46.017759,0 days 00:03:09.272771,0.8010869639365119,0.3233389271032242,0.6443949852851695,11.991629079089469,0.2395452449940939,8.742556089342424,0.12486747625813921,99.71720379897216,0.2975664073833317,0.03280586071940829,0.00014447613183128302,0.18638909618587451,189.27266451437026,14,COMPLETE
2408,,,2026-10-06 01:42:37.136998,2026-10-06 01:43:14.868024,0 days 00:00:37.731026,1.2349294162160471,0.8717951055729352,0.4120579376102117,18.489161893608337,1.3903881418122008,85.69762729633804,0.21292518523710352,14.182822102930093,0.08173395261699556,0.03280586071940829,0.00014447613183128302,1.1540267369865085,,14,PRUNED
2409,37.426126852457486,8.6278689265647,2026-10-06 01:42:37.331982,2026-10-06 01:45:47.131589,0 days 00:03:09.799607,0.447684485641811,0.7186098618255685,0.4120579376102117,18.489161893608337,0.2395452449940939,98.6416708615901,1.191277759964359,5.464827626284086,0.08173395261699556,0.02749864300312601,0.00014447613183128302,0.9773988783995607,189.79951289761811,14,COMPLETE
2410,53.74347667941741,1.457254847896368,2026-10-06 01:42:37.686985,2026-10-06 01:45:46.150160,0 days 00:03:08.463175,0.8010869639365119,0.19189790819770397,0.12615106220885586,8.556213008137046,0.2395452449940939,85.69762729633804,0.21292518523710352,1.4056083189495427,0.3372985396418654,0.03038027549946027,0.0003750271870227611,0.2678812614884665,188.46308009140193,14,COMPLETE
2411,,,2026-10-06 01:42:38.405987,2026-10-06 01:42:39.047038,0 days 00:00:00.641051,0.51115025563667,0.2965654106455736,0.5926143650576037,21.183844928151355,0.33279388005294136,85.69762729633804,1.4862354796436885,86.57068482598544,0.5552608106026444,0.024099244621516126,,1.1540267369865085,,14,PRUNED
2412,36.8455519655887,9.188828485414216,2026-10-06 01:42:39.595981,2026-10-06 01:45:50.717593,0 days 00:03:11.121612,0.51115025563667,0.8717951055729352,0.4120579376102117,8.695206399809345,0.33279388005294136,85.69762729633804,0.08471222894103364,23.475624031055144,0.08173395261699556,0.03280586071940829,4.343429493003475e-06,0.7296704665126732,191.1215028744191,14,COMPLETE
2413,,,2026-10-06 01:42:39.713985,2026-10-06 01:42:40.326050,0 days 00:00:00.612065,0.2994157425323484,0.19189790819770397,0.20358075665942357,5.245413993140336,1.39038254418193,94.61146042672904,0.21292518523710352,5.8774721288796,0.5860574191614696,0.03038027549946027,,0.5105575096601929,,14,PRUNED
2414,,,2026-10-06 01:42:40.711994,2026-10-06 01:42:41.596095,0 days 00:00:00.884101,0.51115025563667,0.2965654106455736,0.01096461100050531,18.489161893608337,0.33279388005294136,85.69762729633804,1.4690823188003486,23.475624031055144,1.072853616903266,0.024099244621516126,,0.7296704665126732,,14,PRUNED
2415,,,2026-10-06 01:42:41.284992,2026-10-06 01:43:19.742071,0 days 00:00:38.457079,0.2994157425323484,0.2284118304472575,0.5667882730348237,11.991629079089469,0.7228604139011896,98.6416708615901,1.3460422977121211,23.475624031055144,0.08173395261699556,0.03038027549946027,4.343429493003475e-06,1.2267307691914986,,14,PRUNED
2416,39.409116005684275,4.683563463204407,2026-10-06 01:42:41.843999,2026-10-06 01:45:49.988834,0 days 00:03:08.144835,0.4919537458910443,0.19189790819770397,0.20358075665942357,18.386910920395536,0.2395452449940939,85.69762729633804,0.21292518523710352,19.15408445903519,0.4212595585654096,0.03038027549946027,0.00014447613183128302,1.3635581381619835,188.14472903404385,14,COMPLETE
2417,,,2026-10-06 01:42:45.020002,2026-10-06 01:42:46.277043,0 days 00:00:01.257041,0.447684485641811,0.2284118304472575,0.4120579376102117,14.226158550912755,0.33279388005294136,98.6416708615901,1.4690823188003486,86.57068482598544,0.08173395261699556,0.03280586071940829,,1.1540267369865085,,14,PRUNED
2418,19.502373371978972,4.195277128191563,2026-10-06 01:42:46.492004,2026-10-06 01:46:05.550495,0 days 00:03:19.058491,0.51115025563667,0.7221047062422814,0.5662816343755678,18.386910920395536,0.05714116461716917,2.410144815491607,1.191277759964359,5.299460499774038,0.5860574191614696,0.02749864300312601,0.00014447613183128302,1.3635581381619835,199.05837816093117,14,COMPLETE
2419,,,2026-10-06 01:43:05.221020,2026-10-06 01:43:44.633261,0 days 00:00:39.412241,0.51115025563667,0.2284118304472575,0.4120579376102117,18.489161893608337,1.366664803918222,98.6416708615901,1.484226923085714,14.182822102930093,0.20053098610884335,0.03280586071940829,2.1038771230648366e-06,1.1137080086478488,,14,PRUNED
2420,25.182803325503315,1.5976376640105605,2026-10-06 01:43:09.463007,2026-10-06 01:46:19.945909,0 days 00:03:10.482902,1.0375519142366243,0.2284118304472575,0.4120579376102117,5.876440135964629,0.5628274934418647,85.69762729633804,0.6419517764288287,5.8774721288796,0.08173395261699556,0.024099244621516126,1.835069384592272,0.7296704665126732,190.48278167750686,14,COMPLETE
2421,33.52832738849211,14.415838521497284,2026-10-06 01:43:11.825005,2026-10-06 01:46:24.968888,0 days 00:03:13.143883,0.8010869639365119,0.7411040670971798,0.6443949852851695,11.991629079089469,0.2395452449940939,85.69762729633804,0.12486747625813921,86.57068482598544,0.2975664073833317,0.03280586071940829,2.619618533623561e-05,1.3635581381619835,193.1437821360305,14,COMPLETE
2422,,,2026-10-06 01:43:13.091987,2026-10-06 01:43:14.515049,0 days 00:00:01.423062,0.4919537458910443,0.29617537592597154,0.22488407547547057,8.556213008137046,0.2395452449940939,98.6416708615901,0.21292518523710352,19.15408445903519,1.13885182478535,0.03280586071940829,,1.1540267369865085,,14,PRUNED
2423,41.716160980825656,1.9542361739990168,2026-10-06 01:43:13.279977,2026-10-06 01:46:30.329116,0 days 00:03:17.049139,0.07418714469511739,0.7186098618255685,0.4120579376102117,10.877854836518644,0.2395452449940939,85.69762729633804,1.484226923085714,5.8774721288796,0.007925456797868324,0.06931498441684575,4.343429493003475e-06,1.1540267369865085,197.04902786575258,14,COMPLETE
2424,47.78487252133813,2.0133713799342647,2026-10-06 01:43:14.802990,2026-10-06 01:46:27.087770,0 days 00:03:12.284780,0.4919537458910443,0.29617537592597154,0.22488407547547057,2.700774627560553,0.2395452449940939,98.6416708615901,0.21292518523710352,19.15408445903519,0.4212595585654096,0.03280586071940829,0.00014447613183128302,1.1540267369865085,192.2846761662513,14,COMPLETE
2425,28.586467375488475,15.894524709851813,2026-10-06 01:43:14.971995,2026-10-06 01:46:25.795020,0 days 00:03:10.823025,0.4919537458910443,0.21606902729252941,0.5926143650576037,18.489161893608337,0.2395452449940939,85.69762729633804,0.8806203051333243,19.15408445903519,0.08173395261699556,0.03280586071940829,2.1038771230648366e-06,1.3635581381619835,190.82291430421174,14,COMPLETE
2426,22.161918761394773,1.2454560922154823,2026-10-06 01:43:15.547157,2026-10-06 01:46:27.148950,0 days 00:03:11.601793,1.2349294162160471,0.2965654106455736,0.10133136271059917,47.2367701704944,0.05714116461716917,85.69762729633804,1.191277759964359,5.299460499774038,0.18589067298139156,0.03280586071940829,0.00014447613183128302,1.1540267369865085,191.601692577824,14,COMPLETE
2427,37.13876335147288,3.2735809273550265,2026-10-06 01:43:16.183146,2026-10-06 01:46:27.090143,0 days 00:03:10.906997,0.2048931943208998,0.19189790819770397,0.20358075665942357,13.359444199122356,0.2395452449940939,85.69762729633804,0.21292518523710352,5.299460499774038,0.08173395261699556,0.03038027549946027,0.00014447613183128302,0.2678812614884665,190.9069031253457,14,COMPLETE
2428,37.05012344843324,11.167291217923454,2026-10-06 01:43:16.186959,2026-10-06 01:46:22.071621,0 days 00:03:05.884662,0.4919537458910443,0.29617537592597154,0.4120579376102117,8.556213008137046,0.2395452449940939,98.6416708615901,0.21292518523710352,87.6520079958663,0.4212595585654096,0.03280586071940829,0.00014447613183128302,1.1540267369865085,185.88455229159445,14,COMPLETE
2429,17.96960056956899,3.2379100501771747,2026-10-06 01:43:16.952593,2026-10-06 01:46:26.342601,0 days 00:03:09.390008,0.51115025563667,0.2284118304472575,0.20358075665942357,18.489161893608337,0.5855379267962546,3.342769511435242,1.4690823188003486,20.4004304097776,0.08173395261699556,0.024099244621516126,4.343429493003475e-06,0.739405563829868,189.389906167984,14,COMPLETE
2430,32.57576974209677,14.49951204529075,2026-10-06 01:43:17.726147,2026-10-06 01:46:27.998776,0 days 00:03:10.272629,0.51115025563667,0.2965654106455736,0.4120579376102117,18.489161893608337,0.2395452449940939,98.6416708615901,0.21292518523710352,23.475624031055144,0.4212595585654096,0.03038027549946027,4.343429493003475e-06,0.739405563829868,190.27252995502204,14,COMPLETE
2431,,,2026-10-06 01:43:19.960000,2026-10-06 01:43:21.481048,0 days 00:00:01.521048,0.51115025563667,0.7186098618255685,0.807738690329122,21.183844928151355,0.33279388005294136,1.2163698863036512,0.21292518523710352,23.475624031055144,0.04206136129933902,0.0064143437625302805,,1.1540267369865085,,14,PRUNED
2432,15.934741594364747,11.088143990521262,2026-10-06 01:43:21.505016,2026-10-06 01:46:43.989866,0 days 00:03:22.484850,0.51115025563667,0.2965654106455736,0.4120579376102117,18.489161893608337,0.2395452449940939,6.378996270134262,0.4163913285200417,14.182822102930093,0.08173395261699556,0.024099244621516126,0.00014447613183128302,1.1137080086478488,202.4847304141149,14,COMPLETE
2433,,,2026-10-06 01:43:44.679007,2026-10-06 01:43:46.235781,0 days 00:00:01.556774,0.3218652879970605,0.2965654106455736,0.807738690329122,21.183844928151355,0.05714116461716917,94.61146042672904,0.6419517764288287,45.6508402201298,1.0340571644064322,0.03038027549946027,,1.1540267369865085,,14,PRUNED
2434,33.88453515940094,6.983100104064957,2026-10-06 01:43:46.236244,2026-10-06 01:46:52.059796,0 days 00:03:05.823552,1.2349294162160471,0.8717951055729352,0.4120579376102117,18.489161893608337,0.4319038627926991,85.69762729633804,0.21292518523710352,19.15408445903519,0.08173395261699556,0.03038027549946027,0.00014447613183128302,1.1540267369865085,185.82344398647547,14,COMPLETE
2435,30.815292714025855,16.43089272977764,2026-10-06 01:43:48.846008,2026-10-06 01:47:03.019515,0 days 00:03:14.173507,0.51115025563667,0.2284118304472575,0.5926143650576037,10.877854836518644,0.33279388005294136,85.69762729633804,0.12486747625813921,14.182822102930093,0.3054149949472662,0.03280586071940829,4.343429493003475e-06,0.23886283196880004,194.1734011368826,15,COMPLETE
2436,40.50207840573256,3.0565723282457116,2026-10-06 01:43:52.182878,2026-10-06 01:47:03.964564,0 days 00:03:11.781686,1.2349294162160471,0.8717951055729352,0.20358075665942357,10.877854836518644,0.2395452449940939,40.925827656973496,1.191277759964359,5.8774721288796,0.2975664073833317,0.03038027549946027,4.343429493003475e-06,0.6298110096990894,191.781572711654,15,COMPLETE
2437,,,2026-10-06 01:43:53.904000,2026-10-06 01:44:31.550228,0 days 00:00:37.646228,0.6135613544494396,0.19189790819770397,0.20358075665942357,18.489161893608337,0.2395452449940939,98.6416708615901,1.191277759964359,5.299460499774038,0.5860574191614696,0.024972557907761136,0.00014447613183128302,1.3635581381619835,,15,PRUNED
2438,,,2026-10-06 01:43:57.461004,2026-10-06 01:43:57.588317,0 days 00:00:00.127313,0.51115025563667,0.2284118304472575,0.807738690329122,21.183844928151355,0.2395452449940939,98.6416708615901,1.484226923085714,5.8774721288796,1.2464560502755953,0.024099244621516126,,1.2974912099205862,,15,PRUNED
2439,42.52822981937814,2.865051354912276,2026-10-06 01:43:57.789010,2026-10-06 01:47:07.987932,0 days 00:03:10.198922,0.2994157425323484,0.2965654106455736,0.20358075665942357,5.245413993140336,0.5855379267962546,85.69762729633804,0.21292518523710352,20.4004304097776,0.08173395261699556,0.035428702680198536,4.343429493003475e-06,0.5587309978289045,190.19881326518953,15,COMPLETE
2440,55.04944211716412,1.3186545860810823,2026-10-06 01:44:25.066860,2026-10-06 01:47:35.285894,0 days 00:03:10.219034,0.9158653711831447,0.7186098618255685,0.12615106220885586,5.245413993140336,0.2395452449940939,94.61146042672904,0.21292518523710352,5.8774721288796,0.3372985396418654,0.03038027549946027,0.00023428333292156852,1.1540267369865085,190.21891389973462,15,COMPLETE
2441,34.31423928623618,14.924210036445546,2026-10-06 01:44:25.200997,2026-10-06 01:47:33.842861,0 days 00:03:08.641864,0.51115025563667,0.2284118304472575,0.5667882730348237,11.991629079089469,0.6454873286650737,98.6416708615901,1.4690823188003486,23.475624031055144,0.08173395261699556,0.03280586071940829,4.343429493003475e-06,0.9236242947103457,188.64174932986498,15,COMPLETE
2442,36.28539192529392,1.2751940375261626,2026-10-06 01:44:27.217294,2026-10-06 01:47:37.073636,0 days 00:03:09.856342,0.51115025563667,0.19189790819770397,0.05012890838257322,18.489161893608337,0.2395452449940939,85.69762729633804,0.21292518523710352,5.8774721288796,0.5860574191614696,0.03280586071940829,0.00014447613183128302,1.3635581381619835,189.85622203256935,15,COMPLETE
2443,54.14217905239902,1.5102596938853101,2026-10-06 01:44:29.734214,2026-10-06 01:47:35.057663,0 days 00:03:05.323449,0.9476506359660919,0.7186098618255685,0.1590591474247166,5.245413993140336,0.6087670929915812,94.61146042672904,1.4690823188003486,5.8774721288796,0.08173395261699556,0.024099244621516126,4.343429493003475e-06,1.1540267369865085,185.32334306556731,15,COMPLETE
2444,42.332202921504,1.7814788831987758,2026-10-06 01:44:31.600182,2026-10-06 01:47:39.941141,0 days 00:03:08.340959,0.4919537458910443,0.2284118304472575,0.12615106220885586,23.842188462531663,0.33279388005294136,98.6416708615901,1.2205318815051402,5.8774721288796,0.08173395261699556,0.03280586071940829,0.0003750271870227611,0.30673616238509677,188.3408600706607,15,COMPLETE
2445,43.29196462611252,3.6675874965109956,2026-10-06 01:44:31.786001,2026-10-06 01:47:41.267022,0 days 00:03:09.481021,0.9397598560686067,0.8717951055729352,0.5926143650576037,21.183844928151355,0.33279388005294136,85.69762729633804,1.484226923085714,5.8774721288796,0.3676044917349766,0.06876537360074889,2.1038771230648366e-06,1.1540267369865085,189.48092229571193,15,COMPLETE
2446,45.995838949346165,3.7217551861489406,2026-10-06 01:44:31.912010,2026-10-06 01:47:39.654371,0 days 00:03:07.742361,0.2994157425323484,0.2965654106455736,0.20358075665942357,5.245413993140336,0.6087670929915812,85.69762729633804,0.21292518523710352,5.8774721288796,0.08173395261699556,0.024099244621516126,2.1038771230648366e-06,0.739405563829868,187.74224480614066,15,COMPLETE
2447,38.60370421400187,7.226883097222112,2026-10-06 01:44:31.925073,2026-10-06 01:47:45.650248,0 days 00:03:13.725175,0.51115025563667,0.2965654106455736,0.4120579376102117,18.489161893608337,0.22367144809292122,98.6416708615901,1.080654620868664,5.8774721288796,0.2975664073833317,0.03280586071940829,0.00045876689994831454,1.2974912099205862,193.72506746370345,15,COMPLETE
2448,,,2026-10-06 01:44:31.960978,2026-10-06 01:44:32.198025,0 days 00:00:00.237047,0.51115025563667,0.2965654106455736,0.807738690329122,21.183844928151355,0.506401025718823,94.61146042672904,1.080654620868664,41.66154811682372,1.3488001432374244,0.024099244621516126,,1.2974912099205862,,15,PRUNED
2449,,,2026-10-06 01:44:31.968957,2026-10-06 01:45:11.380060,0 days 00:00:39.411103,0.2994157425323484,0.19189790819770397,0.4120579376102117,8.695206399809345,0.6087670929915812,98.6416708615901,1.484226923085714,12.679341468861017,0.2975664073833317,0.03038027549946027,2.1038771230648366e-06,0.5084705343933595,,15,PRUNED
2450,31.562207498745266,14.684899854138731,2026-10-06 01:44:32.306998,2026-10-06 01:47:39.830036,0 days 00:03:07.523038,0.447684485641811,0.7186098618255685,0.4120579376102117,11.991629079089469,0.2395452449940939,85.69762729633804,0.5521091059020469,23.475624031055144,0.08173395261699556,0.024099244621516126,2.1038771230648366e-06,0.7296704665126732,187.5229322379455,15,COMPLETE
2451,,,2026-10-06 01:44:33.004167,2026-10-06 01:44:33.861043,0 days 00:00:00.856876,0.447684485641811,0.7186098618255685,0.807738690329122,21.183844928151355,0.35726867236710363,98.6416708615901,0.10362853980009629,14.182822102930093,1.3399133834223718,0.03280586071940829,,1.2853436421868194,,15,PRUNED
2452,35.84319495967693,10.207440530367709,2026-10-06 01:44:33.007962,2026-10-06 01:47:38.319292,0 days 00:03:05.311330,0.51115025563667,0.8717951055729352,0.4120579376102117,21.183844928151355,0.506401025718823,85.69762729633804,0.6419517764288287,24.7033276028984,0.026937100580568585,0.03038027549946027,4.343429493003475e-06,1.1540267369865085,185.31123512703925,15,COMPLETE
2453,38.52456860538677,8.23770391234411,2026-10-06 01:44:33.011948,2026-10-06 01:47:47.590847,0 days 00:03:14.578899,0.51115025563667,0.894769375021705,0.5667882730348237,10.877854836518644,0.33279388005294136,85.69762729633804,1.484226923085714,5.8774721288796,0.08173395261699556,0.03280586071940829,4.343429493003475e-06,0.7296704665126732,194.57878780085593,15,COMPLETE
2454,26.4896941382407,11.102511116702109,2026-10-06 01:44:33.038973,2026-10-06 01:47:45.322250,0 days 00:03:12.283277,0.6775759777641851,0.2965654106455736,0.5667882730348237,11.991629079089469,0.2395452449940939,85.69762729633804,1.484226923085714,20.4004304097776,0.08173395261699556,0.024099244621516126,0.004106591095692407,0.7296704665126732,192.28317823354155,15,COMPLETE
2455,27.351010223210842,5.5750810310943075,2026-10-06 01:44:33.040970,2026-10-06 01:47:40.880835,0 days 00:03:07.839865,1.4644809848335274,0.8717951055729352,0.5667882730348237,49.88979330508618,0.04222442759753542,85.69762729633804,1.484226923085714,5.8774721288796,0.08173395261699556,0.03280586071940829,2.1038771230648366e-06,0.8714659000873144,187.8397616483271,15,COMPLETE
2456,29.034852541279786,19.404710672989967,2026-10-06 01:44:33.964171,2026-10-06 01:47:42.839782,0 days 00:03:08.875611,0.4919537458910443,0.2284118304472575,0.5926143650576037,10.877854836518644,0.33279388005294136,98.6416708615901,0.12486747625813921,14.182822102930093,0.08173395261699556,0.024099244621516126,3.237520947415894e-05,0.5731081751660072,188.87550855241716,15,COMPLETE
2457,32.12905607499989,19.660009564907792,2026-10-06 01:44:34.080997,2026-10-06 01:47:41.165258,0 days 00:03:07.084261,0.7407180681038071,0.21606902729252941,0.5926143650576037,11.991629079089469,0.33279388005294136,85.69762729633804,1.4690823188003486,35.86671955459044,0.4212595585654096,0.03038027549946027,4.343429493003475e-06,0.7699502779177346,187.0826598899439,15,COMPLETE
2458,,,2026-10-06 01:44:35.441999,2026-10-06 01:44:36.545036,0 days 00:00:01.103037,1.4644809848335274,1.3953433478039217,0.5667882730348237,21.183844928151355,0.6454873286650737,94.61146042672904,1.3460422977121211,23.475624031055144,0.08173395261699556,0.018630317669347893,,1.2974912099205862,,15,PRUNED
2459,42.89631152854154,7.33794121834379,2026-10-06 01:44:36.767001,2026-10-06 01:47:47.805626,0 days 00:03:11.038625,0.4919537458910443,0.2965654106455736,0.4120579376102117,8.556213008137046,0.2395452449940939,98.6416708615901,0.7297455375332902,6.2296041386818795,0.4212595585654096,0.03280586071940829,4.343429493003475e-06,1.1540267369865085,191.03851477056742,15,COMPLETE
2460,29.169718608009315,11.935097192139624,2026-10-06 01:45:05.266993,2026-10-06 01:48:18.151243,0 days 00:03:12.884250,0.8010869639365119,0.19189790819770397,0.5926143650576037,8.556213008137046,0.2395452449940939,85.69762729633804,0.21292518523710352,86.57068482598544,0.3676044917349766,0.03280586071940829,0.0003750271870227611,1.1540267369865085,192.884141234681,15,COMPLETE
2461,40.95475723498737,7.8411197392222025,2026-10-06 01:45:05.582008,2026-10-06 01:48:15.253674,0 days 00:03:09.671666,1.4644809848335274,0.8717951055729352,0.5667882730348237,21.183844928151355,0.2395452449940939,85.69762729633804,1.484226923085714,5.8774721288796,0.08173395261699556,0.03280586071940829,2.1038771230648366e-06,1.2974912099205862,189.67154555488378,15,COMPLETE
2462,,,2026-10-06 01:45:06.195992,2026-10-06 01:45:07.126025,0 days 00:00:00.930033,0.447684485641811,0.19189790819770397,0.20358075665942357,10.877854836518644,0.2395452449940939,98.6416708615901,1.484226923085714,5.8774721288796,1.4987188633204767,0.03038027549946027,,1.1540267369865085,,15,PRUNED
