number,values_0,values_1,datetime_start,datetime_complete,duration,params_between_rest_spread,params_c_spread,params_c_val,params_input_force,params_k_between_spread,params_k_between_val,params_k_wall_spread,params_k_wall_val,params_m_spread,params_m_val,params_ridge_alpha,params_wall_rest_spread,user_attrs_duration_sec,system_attrs_NSGAIISampler:generation,state
3527,22.001767970090107,3.5767827297943455,2026-10-06 02:26:46.940010,2026-10-06 02:30:01.031737,0 days 00:03:14.091727,0.8010869639365119,0.3626146479344774,0.2345370319995722,5.245413993140336,0.6087670929915812,3.1636233665033533,1.484226923085714,14.182822102930093,0.08173395261699556,0.03038027549946027,2.1038771230648366e-06,1.1540267369865085,194.09160002414137,22,COMPLETE
3528,46.78099325884466,2.045176875551869,2026-10-06 02:26:47.401994,2026-10-06 02:29:58.824998,0 days 00:03:11.423004,0.2994157425323484,0.2965654106455736,0.4120579376102117,5.245413993140336,0.6087670929915812,94.61146042672904,0.6419517764288287,5.8774721288796,0.08173395261699556,0.06764980654840715,9.984538035547358e-06,1.1540267369865085,191.42288817465305,22,COMPLETE
3529,38.90154949265068,4.474256024144003,2026-10-06 02:26:48.088172,2026-10-06 02:29:59.254139,0 days 00:03:11.165967,0.8010869639365119,0.2965654106455736,0.4120579376102117,5.245413993140336,0.6087670929915812,94.61146042672904,1.484226923085714,5.8774721288796,0.28988344429582863,0.03038027549946027,2.1038771230648366e-06,1.1540267369865085,191.16584785375744,22,COMPLETE
3530,38.44949213246982,3.447816865424864,2026-10-06 02:26:48.091963,2026-10-06 02:29:59.759639,0 days 00:03:11.667676,0.9158653711831447,0.7186098618255685,0.20358075665942357,5.245413993140336,0.33279388005294136,24.703532997328704,1.080654620868664,14.182822102930093,0.007925456797868324,0.03038027549946027,4.343429493003475e-06,1.2974912099205862,191.66754948347807,22,COMPLETE
3531,,,2026-10-06 02:26:48.151996,2026-10-06 02:26:48.746014,0 days 00:00:00.594018,0.7123418565646167,0.2284118304472575,0.5667882730348237,10.877854836518644,0.506401025718823,94.61146042672904,1.484226923085714,23.475624031055144,0.2975664073833317,0.013655992213605776,,1.1540267369865085,,22,PRUNED
3532,,,2026-10-06 02:26:49.104002,2026-10-06 02:26:49.630424,0 days 00:00:00.526422,0.51115025563667,0.48628333026250986,0.12615106220885586,5.343050688320007,0.2395452449940939,94.61146042672904,1.484226923085714,5.8774721288796,1.344574646862526,0.08944234747812355,,1.1540267369865085,,22,PRUNED
3533,52.26922169199547,1.9622147280093607,2026-10-06 02:26:49.658153,2026-10-06 02:30:01.421237,0 days 00:03:11.763084,0.51115025563667,0.2965654106455736,0.19400160111159936,5.245413993140336,0.6087670929915812,94.61146042672904,0.2094639365455077,5.8774721288796,0.08173395261699556,0.03280586071940829,4.343429493003475e-06,1.2974912099205862,191.76297583710402,22,COMPLETE
3534,,,2026-10-06 02:26:49.835991,2026-10-06 02:27:27.977044,0 days 00:00:38.141053,0.7123418565646167,0.2965654106455736,0.20358075665942357,5.245413993140336,1.2447639405874038,94.61146042672904,0.6419517764288287,5.8774721288796,0.2975664073833317,0.03280586071940829,2.1038771230648366e-06,1.0514225752143351,,22,PRUNED
3535,9.829549456617695,6.434002676900238,2026-10-06 02:26:50.890140,2026-10-06 02:30:06.795834,0 days 00:03:15.905694,0.8010869639365119,0.21606902729252941,0.807738690329122,18.489161893608337,0.2395452449940939,1.4895979741422836,0.7297455375332902,16.388536964254847,0.3054149949472662,0.024099244621516126,4.343429493003475e-06,0.23886283196880004,195.90558731928468,22,COMPLETE
3536,43.823648945373506,4.905631467237189,2026-10-06 02:26:52.752559,2026-10-06 02:30:07.448198,0 days 00:03:14.695639,0.51115025563667,0.8717951055729352,0.5667882730348237,10.877854836518644,0.33279388005294136,98.6416708615901,1.484226923085714,19.15408445903519,0.28988344429582863,0.05581068128997176,4.343429493003475e-06,1.3890637168667692,194.69552914332598,22,COMPLETE
3537,26.40319887259925,25.80043458929006,2026-10-06 02:26:55.372166,2026-10-06 02:30:08.676522,0 days 00:03:13.304356,0.51115025563667,0.07861675458476158,0.807738690329122,10.877854836518644,0.6087670929915812,94.61146042672904,1.484226923085714,45.6508402201298,0.08173395261699556,0.03038027549946027,4.343429493003475e-06,0.23886283196880004,193.30423575919122,22,COMPLETE
3538,46.435978983562165,5.286712552436631,2026-10-06 02:26:55.420273,2026-10-06 02:30:07.600846,0 days 00:03:12.180573,0.8548572270960194,0.2284118304472575,0.4120579376102117,5.245413993140336,0.6087670929915812,98.6416708615901,1.4690823188003486,5.8774721288796,0.08173395261699556,0.03038027549946027,4.343429493003475e-06,1.2267307691914986,192.1804544851184,22,COMPLETE
3539,33.0328266009963,16.127528105401115,2026-10-06 02:26:56.152042,2026-10-06 02:30:02.777425,0 days 00:03:06.625383,0.8010869639365119,0.21606902729252941,0.5673687007336011,8.556213008137046,0.506401025718823,86.6015482918717,0.7297455375332902,24.7033276028984,0.06802941049346445,0.03038027549946027,4.343429493003475e-06,1.1540267369865085,186.62526994384825,22,COMPLETE
3540,29.854956939446538,21.759048859206956,2026-10-06 02:26:56.158322,2026-10-06 02:30:05.942733,0 days 00:03:09.784411,0.51115025563667,0.5859811297088322,0.807738690329122,12.214752017762354,0.6087670929915812,98.6416708615901,1.484226923085714,45.6508402201298,0.08173395261699556,0.03038027549946027,4.343429493003475e-06,0.23886283196880004,189.78430062625557,22,COMPLETE
3541,28.233882957112293,13.572621558245519,2026-10-06 02:26:56.282991,2026-10-06 02:30:04.755559,0 days 00:03:08.472568,0.51115025563667,0.07861675458476158,0.4120579376102117,38.560654252505394,0.33279388005294136,98.6416708615901,1.080654620868664,19.15408445903519,0.28988344429582863,0.03280586071940829,4.343429493003475e-06,0.23886283196880004,188.47245552949607,22,COMPLETE
3542,40.930103097610335,8.694499307225605,2026-10-06 02:26:57.063004,2026-10-06 02:30:07.722237,0 days 00:03:10.659233,0.51115025563667,0.7186098618255685,0.4120579376102117,5.245413993140336,0.6454873286650737,98.6416708615901,1.4690823188003486,45.6508402201298,0.08173395261699556,0.03280586071940829,2.1038771230648366e-06,0.23886283196880004,190.6591234570369,22,COMPLETE
3543,43.53690614646975,6.587232136803221,2026-10-06 02:27:24.715012,2026-10-06 02:30:39.102610,0 days 00:03:14.387598,0.51115025563667,0.19189790819770397,0.3503673191636761,5.245413993140336,0.3895248788420937,94.61146042672904,1.2898828018697517,18.041358017160412,0.08173395261699556,0.03280586071940829,4.343429493003475e-06,1.2974912099205862,194.38747142627835,22,COMPLETE
3544,34.580680028330185,16.681726573078528,2026-10-06 02:27:26.847006,2026-10-06 02:30:39.016022,0 days 00:03:12.169016,0.7407180681038071,0.21606902729252941,0.5926143650576037,8.556213008137046,0.33279388005294136,85.69762729633804,1.4690823188003486,24.7033276028984,0.4212595585654096,0.03038027549946027,4.343429493003475e-06,1.0143867668238942,192.16889947652817,22,COMPLETE
3545,40.69179872552121,8.305431362047337,2026-10-06 02:27:27.049143,2026-10-06 02:30:39.283946,0 days 00:03:12.234803,0.7088572405144331,0.7186098618255685,0.5198463086652679,5.245413993140336,0.33279388005294136,98.6416708615901,1.484226923085714,5.8774721288796,0.3054149949472662,0.024099244621516126,4.343429493003475e-06,0.660132764623103,192.23469171859324,22,COMPLETE
3546,,,2026-10-06 02:27:28.176134,2026-10-06 02:28:08.238005,0 days 00:00:40.061871,0.9158653711831447,0.2965654106455736,0.4120579376102117,5.245413993140336,0.6087670929915812,98.6416708615901,0.6419517764288287,5.8774721288796,0.28988344429582863,0.03038027549946027,2.1038771230648366e-06,1.2974912099205862,,22,PRUNED
3547,,,2026-10-06 02:27:28.287970,2026-10-06 02:28:07.193041,0 days 00:00:38.905071,0.51115025563667,0.19189790819770397,0.3503673191636761,5.245413993140336,0.506401025718823,98.6416708615901,1.484226923085714,5.8774721288796,0.8534471408004796,0.03280586071940829,4.343429493003475e-06,1.1540267369865085,,22,PRUNED
3548,,,2026-10-06 02:27:28.804994,2026-10-06 02:28:08.265870,0 days 00:00:39.460876,0.51115025563667,0.2965654106455736,0.807738690329122,8.556213008137046,0.2395452449940939,98.6416708615901,1.484226923085714,48.28296475798791,0.3161737300984912,0.03038027549946027,4.343429493003475e-06,0.7699502779177346,,22,PRUNED
3549,46.79632428346965,5.693891118839579,2026-10-06 02:27:29.335993,2026-10-06 02:30:44.243625,0 days 00:03:14.907632,1.4644809848335274,0.8717951055729352,0.4120579376102117,5.245413993140336,0.506401025718823,94.61146042672904,1.080654620868664,24.7033276028984,0.007925456797868324,0.03038027549946027,2.1038771230648366e-06,1.1540267369865085,194.9075258411467,22,COMPLETE
3550,,,2026-10-06 02:27:30.027113,2026-10-06 02:27:30.373922,0 days 00:00:00.346809,0.8010869639365119,0.9277185443706824,0.5667882730348237,10.877854836518644,0.33279388005294136,85.69762729633804,0.21292518523710352,1.4056083189495427,0.3676044917349766,0.03038027549946027,,0.47387886797819667,,22,PRUNED
3551,20.56820879146749,1.9510887048813195,2026-10-06 02:27:30.299001,2026-10-06 02:30:40.013952,0 days 00:03:09.714951,0.51115025563667,0.19189790819770397,0.807738690329122,5.245413993140336,0.3895248788420937,94.61146042672904,1.2898828018697517,45.6508402201298,0.08173395261699556,0.03280586071940829,0.6897588023524995,1.2974912099205862,189.71483418624848,22,COMPLETE
3552,,,2026-10-06 02:27:30.630159,2026-10-06 02:27:32.865041,0 days 00:00:02.234882,0.51115025563667,0.2284118304472575,0.807738690329122,21.183844928151355,0.33279388005294136,98.6416708615901,1.080654620868664,45.6508402201298,0.08173395261699556,0.0020954713713099244,,0.23886283196880004,,22,PRUNED
3553,37.08161324918417,11.92243909295673,2026-10-06 02:27:30.789260,2026-10-06 02:30:44.788818,0 days 00:03:13.999558,0.51115025563667,0.19189790819770397,0.5667882730348237,8.556213008137046,0.2395452449940939,98.6416708615901,1.484226923085714,12.371756168223909,0.2975664073833317,0.03280586071940829,4.343429493003475e-06,1.2974912099205862,193.9994427319616,22,COMPLETE
3554,,,2026-10-06 02:27:31.423492,2026-10-06 02:29:28.980058,0 days 00:01:57.556566,0.51115025563667,0.21606902729252941,0.807738690329122,11.991629079089469,0.3049037081953532,94.61146042672904,1.4690823188003486,45.6508402201298,0.007925456797868324,0.03038027549946027,4.343429493003475e-06,0.7699502779177346,,22,PRUNED
3555,35.86985010538026,12.655023795200215,2026-10-06 02:27:31.559984,2026-10-06 02:30:42.460350,0 days 00:03:10.900366,0.51115025563667,0.8717951055729352,0.5667882730348237,20.000726109884642,0.35071000962346827,94.61146042672904,1.080654620868664,45.6508402201298,0.007925456797868324,0.03280586071940829,2.1038771230648366e-06,1.3890637168667692,190.900261730887,22,COMPLETE
3556,,,2026-10-06 02:27:31.944004,2026-10-06 02:27:32.287028,0 days 00:00:00.343024,0.51115025563667,0.07861675458476158,0.01118515747025777,5.245413993140336,0.6087670929915812,94.61146042672904,1.484226923085714,45.6508402201298,0.28988344429582863,0.03038027549946027,,1.2974912099205862,,22,PRUNED
3557,,,2026-10-06 02:27:32.089004,2026-10-06 02:28:13.047044,0 days 00:00:40.958040,1.4644809848335274,0.29015445493912545,0.4120579376102117,8.556213008137046,1.1006097896786828,86.6015482918717,0.7297455375332902,6.2296041386818795,0.06802941049346445,0.03038027549946027,4.343429493003475e-06,1.1540267369865085,,22,PRUNED
3558,,,2026-10-06 02:27:33.012153,2026-10-06 02:30:02.901002,0 days 00:02:29.888849,0.51115025563667,0.48628333026250986,0.4120579376102117,5.245413993140336,0.6087670929915812,3.2861491577116952,1.4690823188003486,5.8774721288796,1.2475873487837317,0.03038027549946027,2.1038771230648366e-06,1.1540267369865085,,22,PRUNED
3559,,,2026-10-06 02:27:33.023968,2026-10-06 02:27:33.927072,0 days 00:00:00.903104,0.7503983485339503,0.7186098618255685,0.4120579376102117,5.245413993140336,0.6087670929915812,98.6416708615901,0.6419517764288287,5.8774721288796,0.8239229006487245,0.03038027549946027,,1.1540267369865085,,22,PRUNED
3560,31.876006062505024,15.244665110963517,2026-10-06 02:27:33.044978,2026-10-06 02:30:44.812324,0 days 00:03:11.767346,0.8548572270960194,0.21606902729252941,0.5926143650576037,17.02739187866701,0.2395452449940939,98.6416708615901,1.4690823188003486,35.86671955459044,0.08173395261699556,0.03812066866741,4.343429493003475e-06,0.7699502779177346,191.7672457676381,22,COMPLETE
3561,,,2026-10-06 02:27:34.009992,2026-10-06 02:27:34.779043,0 days 00:00:00.769051,0.7407180681038071,0.8717951055729352,0.5926143650576037,11.991629079089469,0.33279388005294136,85.69762729633804,1.4690823188003486,35.86671955459044,0.4212595585654096,0.03038027549946027,,0.7699502779177346,,22,PRUNED
3562,42.9307405063612,7.354903664686374,2026-10-06 02:27:34.040139,2026-10-06 02:30:42.882440,0 days 00:03:08.842301,0.7123418565646167,0.8717951055729352,0.4120579376102117,10.19497405001465,0.6087670929915812,94.61146042672904,0.7297455375332902,14.182822102930093,0.08173395261699556,0.03038027549946027,2.1038771230648366e-06,1.209109649444219,188.84219011850655,22,COMPLETE
3563,39.77353822718504,8.18829784925,2026-10-06 02:27:34.060977,2026-10-06 02:30:44.182165,0 days 00:03:10.121188,0.51115025563667,0.8717951055729352,0.4120579376102117,18.499474465915746,0.5051511734741095,94.61146042672904,1.4690823188003486,24.7033276028984,0.08173395261699556,0.03038027549946027,4.343429493003475e-06,1.1540267369865085,190.1210799831897,22,COMPLETE
3564,36.039940775162506,5.494687771352646,2026-10-06 02:27:34.350004,2026-10-06 02:30:42.498040,0 days 00:03:08.148036,1.4644809848335274,0.8717951055729352,0.4120579376102117,8.556213008137046,0.506401025718823,86.6015482918717,0.7297455375332902,53.468482646700394,0.06802941049346445,0.03038027549946027,2.1038771230648366e-06,1.2974912099205862,188.14792853407562,22,COMPLETE
3565,,,2026-10-06 02:27:34.846001,2026-10-06 02:28:14.516051,0 days 00:00:39.670050,0.2994157425323484,0.7186098618255685,0.4120579376102117,5.245413993140336,0.6087670929915812,94.61146042672904,1.484226923085714,5.8774721288796,0.6215856886409699,0.03038027549946027,0.0018027201538467405,1.1540267369865085,,22,PRUNED
3566,27.038593423273635,24.400057946311385,2026-10-06 02:27:58.038013,2026-10-06 02:31:07.108776,0 days 00:03:09.070763,0.51115025563667,0.07861675458476158,0.807738690329122,21.183844928151355,0.506401025718823,85.69762729633804,1.080654620868664,45.6508402201298,0.007925456797868324,0.03280586071940829,2.1038771230648366e-06,1.3474905497023433,189.07063958980143,22,COMPLETE
3567,,,2026-10-06 02:28:03.063881,2026-10-06 02:28:44.027040,0 days 00:00:40.963159,0.51115025563667,0.07861675458476158,0.807738690329122,10.877854836518644,1.35676727005635,94.61146042672904,1.080654620868664,45.6508402201298,0.007925456797868324,0.03280586071940829,4.343429493003475e-06,0.23886283196880004,,22,PRUNED
3568,37.46085191975557,12.315139277997766,2026-10-06 02:28:03.454016,2026-10-06 02:31:17.404832,0 days 00:03:13.950816,0.7407180681038071,0.8717951055729352,0.5667882730348237,11.991629079089469,0.3049037081953532,85.69762729633804,1.080654620868664,41.66154811682372,0.007925456797868324,0.03038027549946027,4.343429493003475e-06,1.2974912099205862,193.95070157200098,22,COMPLETE
3569,25.6242444880017,1.2928242823481764,2026-10-06 02:28:04.060990,2026-10-06 02:31:15.263286,0 days 00:03:11.202296,0.9158653711831447,0.21606902729252941,0.807738690329122,8.556213008137046,0.6087670929915812,94.61146042672904,1.080654620868664,7.804479505738286,0.007925456797868324,0.0941341712948705,1.019485368709268,1.2974912099205862,191.20216660760343,22,COMPLETE
3570,44.87573308136649,2.9209068729315524,2026-10-06 02:28:06.344141,2026-10-06 02:31:23.878407,0 days 00:03:17.534266,0.8010869639365119,0.8717951055729352,0.5667882730348237,5.245413993140336,0.506401025718823,85.69762729633804,1.080654620868664,1.4056083189495427,0.007925456797868324,0.03038027549946027,2.1038771230648366e-06,0.2678812614884665,197.53415959794074,22,COMPLETE
3571,44.60011792744447,4.665294252218206,2026-10-06 02:28:06.426115,2026-10-06 02:31:16.891827,0 days 00:03:10.465712,1.4644809848335274,0.8717951055729352,0.4120579376102117,8.556213008137046,0.2395452449940939,94.61146042672904,0.6419517764288287,5.8774721288796,0.08173395261699556,0.03038027549946027,4.343429493003475e-06,1.1540267369865085,190.46547766402364,22,COMPLETE
3572,,,2026-10-06 02:28:07.242234,2026-10-06 02:28:08.243982,0 days 00:00:01.001748,0.51115025563667,0.7186098618255685,0.807738690329122,18.489161893608337,0.33279388005294136,98.6416708615901,0.7087151047775566,14.182822102930093,0.3054149949472662,0.024099244621516126,,1.1540267369865085,,22,PRUNED
3573,50.332041219078846,2.4206543719254885,2026-10-06 02:28:07.695001,2026-10-06 02:31:19.351316,0 days 00:03:11.656315,0.9158653711831447,0.8717951055729352,0.2828670292075425,5.245413993140336,0.2395452449940939,86.6015482918717,0.7297455375332902,2.3974723182102946,0.06802941049346445,0.03038027549946027,4.343429493003475e-06,0.5724236426539147,191.65619178395718,22,COMPLETE
3574,53.058435100223846,2.3066864550256483,2026-10-06 02:28:07.799985,2026-10-06 02:31:23.199002,0 days 00:03:15.399017,0.9158653711831447,0.7186098618255685,0.20358075665942357,10.877854836518644,0.2395452449940939,94.61146042672904,1.3303656343791816,5.8774721288796,0.2975664073833317,0.03038027549946027,2.1038771230648366e-06,1.1540267369865085,195.39890140201896,22,COMPLETE
3575,45.11504954758592,5.886545425197943,2026-10-06 02:28:08.308125,2026-10-06 02:31:23.656747,0 days 00:03:15.348622,0.51115025563667,0.48628333026250986,0.4120579376102117,5.343050688320007,0.6087670929915812,94.61146042672904,1.484226923085714,5.8774721288796,0.08173395261699556,0.03038027549946027,4.343429493003475e-06,1.1540267369865085,195.3485041912645,22,COMPLETE
3576,,,2026-10-06 02:28:09.243906,2026-10-06 02:28:10.961035,0 days 00:00:01.717129,0.8010869639365119,0.21606902729252941,0.5667882730348237,5.245413993140336,0.2395452449940939,98.6416708615901,0.1088570357148464,41.66154811682372,0.7143184205210388,0.001594214649660743,,0.42522697085151695,,22,PRUNED
3577,39.03605923713445,10.012283007356467,2026-10-06 02:28:09.247865,2026-10-06 02:31:20.344510,0 days 00:03:11.096645,1.4644809848335274,0.8717951055729352,0.5667882730348237,8.556213008137046,0.506401025718823,86.6015482918717,0.28590095894228923,24.7033276028984,0.06802941049346445,0.03280586071940829,4.343429493003475e-06,1.2974912099205862,191.09654219355434,22,COMPLETE
3578,45.782587041560106,5.6027849851700875,2026-10-06 02:28:09.251851,2026-10-06 02:31:20.954143,0 days 00:03:11.702292,0.51115025563667,0.7186098618255685,0.4120579376102117,5.245413993140336,0.6087670929915812,94.61146042672904,0.6419517764288287,5.8774721288796,0.08173395261699556,0.03038027549946027,4.343429493003475e-06,1.1540267369865085,191.70218945946544,22,COMPLETE
3579,,,2026-10-06 02:28:09.308876,2026-10-06 02:28:10.873151,0 days 00:00:01.564275,0.51115025563667,0.2284118304472575,0.807738690329122,18.489161893608337,1.3800483591081503,98.6416708615901,0.7087151047775566,14.182822102930093,0.3054149949472662,0.024099244621516126,,0.23886283196880004,,22,PRUNED
3580,9.067573600498132,1.2835063798580868,2026-10-06 02:28:09.916004,2026-10-06 02:31:23.395689,0 days 00:03:13.479685,0.9158653711831447,1.2168844444580598,0.12615106220885586,5.245413993140336,0.2395452449940939,94.61146042672904,1.3303656343791816,5.8774721288796,0.026937100580568585,0.015511248822809893,2.1038771230648366e-06,1.1540267369865085,193.47957804892212,22,COMPLETE
3581,37.19112860950191,4.66682355751355,2026-10-06 02:28:10.921142,2026-10-06 02:31:20.584128,0 days 00:03:09.662986,0.9158653711831447,0.7186098618255685,0.4120579376102117,5.245413993140336,0.2395452449940939,34.8376365325824,1.4690823188003486,2.064375155489988,0.026937100580568585,0.03038027549946027,2.1038771230648366e-06,1.1540267369865085,189.66288185771555,22,COMPLETE
3582,,,2026-10-06 02:28:12.044891,2026-10-06 02:28:47.486048,0 days 00:00:35.441157,0.8010869639365119,0.2965654106455736,0.5673687007336011,8.556213008137046,0.6087670929915812,98.6416708615901,0.7297455375332902,35.86671955459044,0.2975664073833317,0.0313561892073198,4.343429493003475e-06,1.1540267369865085,,22,PRUNED
3583,42.02465740895828,7.493070330287176,2026-10-06 02:28:12.048864,2026-10-06 02:31:22.458169,0 days 00:03:10.409305,0.8010869639365119,0.7186098618255685,0.4120579376102117,11.61162941418401,0.14692212651879782,94.61146042672904,0.6419517764288287,5.8774721288796,0.08173395261699556,0.03038027549946027,4.343429493003475e-06,1.2974912099205862,190.40918422024697,22,COMPLETE
3584,24.572614845858244,29.324502561478642,2026-10-06 02:28:13.243008,2026-10-06 02:31:24.098868,0 days 00:03:10.855860,0.51115025563667,0.2284118304472575,0.807738690329122,10.877854836518644,0.3049037081953532,85.69762729633804,1.080654620868664,45.6508402201298,0.08173395261699556,0.024099244621516126,4.343429493003475e-06,0.7296704665126732,190.8557460717857,22,COMPLETE
3585,49.647233662406904,2.7077328964609686,2026-10-06 02:28:14.804004,2026-10-06 02:31:22.083769,0 days 00:03:07.279765,0.51115025563667,0.2965654106455736,0.20358075665942357,5.245413993140336,0.33279388005294136,98.6416708615901,1.484226923085714,19.15408445903519,0.2975664073833317,0.03038027549946027,4.343429493003475e-06,1.051922296019367,187.27965103182942,22,COMPLETE
3586,27.976809240001007,4.576122952124932,2026-10-06 02:28:44.008987,2026-10-06 02:31:57.457400,0 days 00:03:13.448413,0.51115025563667,0.7186098618255685,0.2683437532727298,5.245413993140336,0.2395452449940939,6.840126406474265,1.3303656343791816,5.8774721288796,0.6777897038230662,0.03280586071940829,4.343429493003475e-06,1.1540267369865085,193.44829429220408,22,COMPLETE
