number,values_0,values_1,datetime_start,datetime_complete,duration,params_between_rest_spread,params_c_spread,params_c_val,params_input_force,params_k_between_spread,params_k_between_val,params_k_wall_spread,params_k_wall_val,params_m_spread,params_m_val,params_ridge_alpha,params_wall_rest_spread,user_attrs_duration_sec,system_attrs_NSGAIISampler:generation,state
3230,,,2026-10-06 02:15:13.255996,2026-10-06 02:15:53.868019,0 days 00:00:40.612023,0.51115025563667,0.2284118304472575,0.807738690329122,10.877854836518644,0.33279388005294136,98.6416708615901,0.48907881475194026,14.182822102930093,0.3676044917349766,0.024099244621516126,4.343429493003475e-06,0.23886283196880004,,20,PRUNED
3231,33.70410633667048,16.018008154415657,2026-10-06 02:15:13.495004,2026-10-06 02:18:27.229826,0 days 00:03:13.734822,0.51115025563667,0.2284118304472575,0.5667882730348237,5.245413993140336,0.33279388005294136,98.6416708615901,1.4690823188003486,23.475624031055144,0.08173395261699556,0.03038027549946027,4.343429493003475e-06,0.18666047319811135,193.73469945136458,20,COMPLETE
3232,28.555509026547647,14.546835551546884,2026-10-06 02:15:14.709115,2026-10-06 02:18:24.204837,0 days 00:03:09.495722,0.51115025563667,0.8717951055729352,0.5667882730348237,21.183844928151355,0.506401025718823,85.69762729633804,1.080654620868664,41.66154811682372,0.007925456797868324,0.03280586071940829,4.343429493003475e-06,0.11932801921714131,189.49559828080237,20,COMPLETE
3233,55.80606630124087,1.275998109677583,2026-10-06 02:15:15.699987,2026-10-06 02:18:26.549137,0 days 00:03:10.849150,0.8010869639365119,0.2284118304472575,0.12615106220885586,5.245413993140336,0.33279388005294136,98.6416708615901,1.4690823188003486,1.4056083189495427,0.08173395261699556,0.021966873773064614,0.0003750271870227611,0.2678812614884665,190.84903983026743,20,COMPLETE
3234,34.90101977726664,1.3713059029515473,2026-10-06 02:15:15.920537,2026-10-06 02:18:31.235701,0 days 00:03:15.315164,0.51115025563667,0.8717951055729352,0.12615106220885586,33.18246192397205,0.506401025718823,98.6416708615901,1.080654620868664,1.4056083189495427,0.007925456797868324,0.03280586071940829,1.605784484176877e-05,0.2678812614884665,195.31504833046347,20,COMPLETE
3235,,,2026-10-06 02:15:18.569995,2026-10-06 02:15:19.122054,0 days 00:00:00.552059,0.51115025563667,0.8717951055729352,0.5667882730348237,11.94268668896766,0.3049037081953532,85.69762729633804,0.6688408304798318,76.98027726782921,0.9711796498728832,0.03280586071940829,,1.2974912099205862,,20,PRUNED
3236,36.920992961636244,8.680316402104328,2026-10-06 02:15:20.204165,2026-10-06 02:18:31.734812,0 days 00:03:11.530647,0.51115025563667,0.2284118304472575,0.5667882730348237,5.245413993140336,0.33279388005294136,98.6416708615901,1.080654620868664,5.8774721288796,0.08173395261699556,0.03038027549946027,4.343429493003475e-06,1.1540267369865085,191.53052893001586,20,COMPLETE
3237,29.879103259466575,19.980355787087777,2026-10-06 02:15:20.207962,2026-10-06 02:18:31.466665,0 days 00:03:11.258703,0.51115025563667,0.21606902729252941,0.5667882730348237,11.991629079089469,0.33279388005294136,85.69762729633804,1.4690823188003486,23.475624031055144,0.4212595585654096,0.03038027549946027,4.343429493003475e-06,0.07209765487063619,191.25858960393816,20,COMPLETE
3238,,,2026-10-06 02:15:20.787015,2026-10-06 02:17:12.746017,0 days 00:01:51.959002,0.51115025563667,0.2965654106455736,0.05240373379585967,11.991629079089469,0.506401025718823,98.6416708615901,1.080654620868664,41.66154811682372,0.007925456797868324,0.024099244621516126,4.343429493003475e-06,1.0701137489844414,,20,PRUNED
3239,23.5985074377339,4.527916515269346,2026-10-06 02:15:20.831984,2026-10-06 02:18:34.818762,0 days 00:03:13.986778,0.7407180681038071,0.2965654106455736,0.6547454171181326,5.245413993140336,0.6087670929915812,58.394191100295004,0.7297455375332902,35.86671955459044,0.4212595585654096,0.03038027549946027,0.08688423611904444,1.1540267369865085,193.98666217084974,20,COMPLETE
3240,49.83391883900995,2.7788126516853873,2026-10-06 02:15:46.666024,2026-10-06 02:18:56.114245,0 days 00:03:09.448221,0.7407180681038071,0.2965654106455736,0.20358075665942357,5.245413993140336,0.2395452449940939,98.6416708615901,0.7297455375332902,14.182822102930093,0.3054149949472662,0.03038027549946027,4.343429493003475e-06,0.7699502779177346,189.44810107443482,20,COMPLETE
3241,50.10348919654366,2.1983843157395344,2026-10-06 02:15:48.832001,2026-10-06 02:19:02.174528,0 days 00:03:13.342527,1.4644809848335274,0.8717951055729352,0.20746727164338688,8.556213008137046,0.2395452449940939,86.6015482918717,0.7297455375332902,6.2296041386818795,0.08173395261699556,0.03038027549946027,4.343429493003475e-06,0.2678812614884665,193.34240515902638,20,COMPLETE
3242,31.81895763862233,16.563025450264412,2026-10-06 02:15:53.208298,2026-10-06 02:19:06.162310,0 days 00:03:12.954012,0.51115025563667,0.2965654106455736,0.5667882730348237,20.314964657112508,0.2395452449940939,98.6416708615901,1.484226923085714,20.4004304097776,0.28988344429582863,0.03280586071940829,4.343429493003475e-06,0.739405563829868,192.95388945471495,20,COMPLETE
3243,41.706603958569474,8.470009765415549,2026-10-06 02:15:53.904126,2026-10-06 02:19:05.245692,0 days 00:03:11.341566,0.8548572270960194,0.2284118304472575,0.4120579376102117,10.877854836518644,0.2395452449940939,98.6416708615901,1.4690823188003486,5.8774721288796,0.2975664073833317,0.03038027549946027,4.343429493003475e-06,0.739405563829868,191.3414539443329,20,COMPLETE
3244,51.3218961028068,1.656971511839675,2026-10-06 02:15:54.044989,2026-10-06 02:19:08.616922,0 days 00:03:14.571933,0.8010869639365119,0.2965654106455736,0.12615106220885586,10.877854836518644,0.2395452449940939,85.69762729633804,1.484226923085714,1.4056083189495427,0.2975664073833317,0.024099244621516126,2.1038771230648366e-06,0.2678812614884665,194.5718229804188,20,COMPLETE
3245,40.787542189980414,9.088324998064797,2026-10-06 02:15:55.752990,2026-10-06 02:19:08.442136,0 days 00:03:12.689146,0.51115025563667,0.8717951055729352,0.5667882730348237,5.245413993140336,0.506401025718823,85.69762729633804,1.080654620868664,41.66154811682372,0.007925456797868324,0.03280586071940829,4.343429493003475e-06,1.2974912099205862,192.68903127964586,20,COMPLETE
3246,,,2026-10-06 02:15:55.839233,2026-10-06 02:15:56.481034,0 days 00:00:00.641801,0.7407180681038071,0.21606902729252941,0.19332529910751112,5.245413993140336,0.2395452449940939,94.61146042672904,0.6419517764288287,5.8774721288796,0.08173395261699556,0.0020376297166908625,,0.7699502779177346,,20,PRUNED
3247,,,2026-10-06 02:15:58.049182,2026-10-06 02:16:00.374037,0 days 00:00:02.324855,0.51115025563667,0.2284118304472575,0.5667882730348237,49.37815597657113,0.6454873286650737,85.69762729633804,1.080654620868664,45.6508402201298,0.9048485801702485,0.03280586071940829,,0.09648416254052583,,20,PRUNED
3248,,,2026-10-06 02:15:58.052961,2026-10-06 02:17:57.346069,0 days 00:01:59.293108,0.5719300169960194,0.2284118304472575,0.5667882730348237,5.245413993140336,0.6087670929915812,98.6416708615901,1.4690823188003486,88.19750989074214,0.08173395261699556,0.03038027549946027,4.343429493003475e-06,0.07209765487063619,,20,PRUNED
3249,36.313451290779895,12.237701623322614,2026-10-06 02:15:58.264014,2026-10-06 02:19:10.162568,0 days 00:03:11.898554,0.51115025563667,0.8717951055729352,0.5667882730348237,21.183844928151355,0.506401025718823,85.69762729633804,1.080654620868664,41.66154811682372,0.007925456797868324,0.03280586071940829,4.343429493003475e-06,1.2974912099205862,191.89844498876482,20,COMPLETE
3250,36.83048066582689,15.200394934101267,2026-10-06 02:15:58.396992,2026-10-06 02:19:09.451297,0 days 00:03:11.054305,0.51115025563667,0.2965654106455736,0.4120579376102117,5.245413993140336,0.33279388005294136,98.6416708615901,1.080654620868664,41.66154811682372,0.08173395261699556,0.024099244621516126,4.343429493003475e-06,0.7296704665126732,191.05419626366347,20,COMPLETE
3251,,,2026-10-06 02:15:58.539019,2026-10-06 02:16:38.882064,0 days 00:00:40.343045,0.51115025563667,0.5801736418636423,0.5667882730348237,21.183844928151355,0.6454873286650737,98.6416708615901,1.4690823188003486,23.475624031055144,0.28988344429582863,0.03038027549946027,1.5155435907784238,0.47562182547945364,,20,PRUNED
3252,35.037445513073074,6.060379993932595,2026-10-06 02:15:59.880004,2026-10-06 02:19:10.244360,0 days 00:03:10.364356,0.51115025563667,0.7186098618255685,0.4120579376102117,45.938005150482994,0.6087670929915812,94.61146042672904,0.6419517764288287,5.8774721288796,0.08173395261699556,0.03280586071940829,2.1038771230648366e-06,1.1540267369865085,190.3642514301464,20,COMPLETE
3253,25.81318877000441,25.299948418737362,2026-10-06 02:15:59.899959,2026-10-06 02:19:13.665851,0 days 00:03:13.765892,0.6775759777641851,0.3070255615867859,0.807738690329122,10.877854836518644,0.33279388005294136,85.69762729633804,1.484226923085714,20.4004304097776,0.2975664073833317,0.024099244621516126,4.343429493003475e-06,0.18334742975305535,193.76577075198293,20,COMPLETE
3254,,,2026-10-06 02:16:00.161115,2026-10-06 02:16:00.751074,0 days 00:00:00.589959,0.51115025563667,0.7186098618255685,0.4120579376102117,5.245413993140336,1.480013389259878,98.6416708615901,0.8387775518000096,14.182822102930093,0.3054149949472662,0.024099244621516126,,0.23886283196880004,,20,PRUNED
3255,,,2026-10-06 02:16:01.058013,2026-10-06 02:16:01.822053,0 days 00:00:00.764040,0.51115025563667,0.2284118304472575,0.20358075665942357,11.991629079089469,1.1353724576327788,98.6416708615901,1.4690823188003486,81.2819343150518,0.2975664073833317,0.03280586071940829,,1.1540267369865085,,20,PRUNED
3256,46.61929151537096,1.954000417036376,2026-10-06 02:16:01.408005,2026-10-06 02:19:11.715835,0 days 00:03:10.307830,0.51115025563667,0.7186098618255685,0.12615106220885586,8.556213008137046,0.33279388005294136,98.6416708615901,0.21292518523710352,14.182822102930093,0.3372985396418654,0.03038027549946027,0.00023428333292156852,0.23886283196880004,190.30772150401026,20,COMPLETE
3257,,,2026-10-06 02:16:01.877997,2026-10-06 02:16:41.601062,0 days 00:00:39.723065,0.8010869639365119,0.2965654106455736,0.5673687007336011,10.896483012191844,0.6087670929915812,94.61146042672904,0.7297455375332902,35.86671955459044,0.2975664073833317,0.03280586071940829,4.343429493003475e-06,0.7699502779177346,,20,PRUNED
3258,35.37899284007505,11.403989489564346,2026-10-06 02:16:31.141295,2026-10-06 02:19:48.321328,0 days 00:03:17.180033,0.2994157425323484,0.2284118304472575,0.4120579376102117,5.245413993140336,0.33279388005294136,82.28925067646573,0.6419517764288287,23.475624031055144,0.08173395261699556,0.03038027549946027,4.343429493003475e-06,1.1540267369865085,197.17992203403264,20,COMPLETE
3259,28.06504832968717,7.028762869675784,2026-10-06 02:16:31.274982,2026-10-06 02:19:41.271186,0 days 00:03:09.996204,0.51115025563667,0.21606902729252941,0.5926143650576037,5.245413993140336,0.2395452449940939,1.083583725757302,0.7297455375332902,67.37777888369564,0.4212595585654096,0.03280586071940829,4.343429493003475e-06,1.2974912099205862,189.9960795957595,20,COMPLETE
3260,32.28910939889218,15.859476122442398,2026-10-06 02:16:33.218998,2026-10-06 02:19:45.426999,0 days 00:03:12.208001,0.51115025563667,0.398580259573638,0.5667882730348237,21.183844928151355,0.506401025718823,85.69762729633804,1.080654620868664,41.66154811682372,0.007925456797868324,0.03280586071940829,4.343429493003475e-06,1.2974912099205862,192.2078912248835,20,COMPLETE
3261,54.15986024424059,1.6439953710728155,2026-10-06 02:16:34.242149,2026-10-06 02:19:50.368127,0 days 00:03:16.125978,0.8010869639365119,0.19189790819770397,0.12615106220885586,8.556213008137046,0.2395452449940939,85.69762729633804,1.484226923085714,1.4056083189495427,0.08173395261699556,0.021966873773064614,2.1038771230648366e-06,0.2678812614884665,196.1258779009804,20,COMPLETE
3262,19.924698136927997,4.339299601571444,2026-10-06 02:16:34.290988,2026-10-06 02:19:45.378564,0 days 00:03:11.087576,0.6775759777641851,0.2965654106455736,0.4120579376102117,10.877854836518644,0.5512279293971453,1.615822831853346,1.484226923085714,5.8774721288796,0.538512921554094,0.03038027549946027,2.1038771230648366e-06,1.1540267369865085,191.08745904639363,20,COMPLETE
3263,,,2026-10-06 02:16:35.323989,2026-10-06 02:18:31.076035,0 days 00:01:55.752046,0.51115025563667,0.8717951055729352,0.20358075665942357,21.183844928151355,0.506401025718823,85.69762729633804,1.484226923085714,41.66154811682372,0.007925456797868324,0.03280586071940829,4.343429493003475e-06,1.1540267369865085,,20,PRUNED
3264,31.347929034443183,5.019995280133469,2026-10-06 02:16:35.357113,2026-10-06 02:19:45.133364,0 days 00:03:09.776251,0.8010869639365119,0.42453525742265014,0.5667882730348237,21.183844928151355,0.2395452449940939,98.6416708615901,1.2898828018697517,1.4056083189495427,0.007925456797868324,0.021966873773064614,0.0003750271870227611,0.2678812614884665,189.77613501995802,20,COMPLETE
3265,,,2026-10-06 02:16:36.128002,2026-10-06 02:17:14.865052,0 days 00:00:38.737050,0.51115025563667,0.2965654106455736,0.5667882730348237,26.68966083330752,0.9744425618128199,98.6416708615901,1.064949364317027,23.475624031055144,0.28988344429582863,0.03038027549946027,4.343429493003475e-06,1.2974912099205862,,20,PRUNED
3266,,,2026-10-06 02:16:36.207108,2026-10-06 02:17:17.669058,0 days 00:00:41.461950,0.51115025563667,0.2965654106455736,0.19400160111159936,10.877854836518644,1.303998139652567,98.6416708615901,1.4690823188003486,12.371756168223909,0.08173395261699556,0.03280586071940829,4.343429493003475e-06,1.2974912099205862,,20,PRUNED
3267,,,2026-10-06 02:16:36.210165,2026-10-06 02:17:14.373572,0 days 00:00:38.163407,0.6775759777641851,0.2965654106455736,0.4120579376102117,5.245413993140336,0.6087670929915812,94.61146042672904,1.484226923085714,20.4004304097776,0.2975664073833317,0.024099244621516126,2.1038771230648366e-06,1.1540267369865085,,20,PRUNED
3268,35.62035670336583,13.087938753795763,2026-10-06 02:16:37.168152,2026-10-06 02:19:45.698861,0 days 00:03:08.530709,0.51115025563667,0.7186098618255685,0.5667882730348237,11.991629079089469,0.6087670929915812,94.61146042672904,1.080654620868664,17.634123422651403,0.08173395261699556,0.03038027549946027,4.343429493003475e-06,0.7296704665126732,188.53060068190098,20,COMPLETE
3269,35.294481492441435,15.856936128882126,2026-10-06 02:16:38.443996,2026-10-06 02:19:50.017085,0 days 00:03:11.573089,0.6775759777641851,0.2284118304472575,0.4120579376102117,10.877854836518644,0.33279388005294136,98.6416708615901,0.7087151047775566,14.182822102930093,0.2975664073833317,0.024099244621516126,4.343429493003475e-06,0.23886283196880004,191.57297310885042,20,COMPLETE
3270,35.31800241343396,15.502253865215213,2026-10-06 02:16:38.885982,2026-10-06 02:19:54.430683,0 days 00:03:15.544701,0.6775759777641851,0.2965654106455736,0.4120579376102117,10.877854836518644,0.2395452449940939,85.69762729633804,1.484226923085714,20.4004304097776,0.2975664073833317,0.024099244621516126,4.343429493003475e-06,0.739405563829868,195.54458892997354,20,COMPLETE
3271,30.428735184847767,8.272157818820345,2026-10-06 02:16:39.744994,2026-10-06 02:19:50.120835,0 days 00:03:10.375841,0.2994157425323484,0.9203899290415751,0.4120579376102117,42.44977575739816,0.33279388005294136,94.61146042672904,1.080654620868664,45.6508402201298,0.3676044917349766,0.03280586071940829,4.343429493003475e-06,1.3890637168667692,190.37572992499918,20,COMPLETE
3272,32.28187361161294,19.71155332476696,2026-10-06 02:16:42.073992,2026-10-06 02:19:53.057713,0 days 00:03:10.983721,0.7123418565646167,0.21606902729252941,0.5926143650576037,11.991629079089469,0.33279388005294136,85.69762729633804,1.4690823188003486,35.86671955459044,0.4212595585654096,0.03038027549946027,2.1038771230648366e-06,0.7699502779177346,190.98360339179635,20,COMPLETE
3273,33.99918335782366,16.502591661160743,2026-10-06 02:17:05.206040,2026-10-06 02:20:19.213857,0 days 00:03:14.007817,0.7407180681038071,0.21606902729252941,0.5926143650576037,10.877854836518644,0.33279388005294136,85.69762729633804,1.4690823188003486,20.4004304097776,0.4212595585654096,0.03280586071940829,4.343429493003475e-06,0.739405563829868,194.0076968856156,20,COMPLETE
3274,,,2026-10-06 02:17:08.127989,2026-10-06 02:17:47.379421,0 days 00:00:39.251432,0.51115025563667,0.2284118304472575,0.5667882730348237,16.897331395503343,1.484793912018539,85.69762729633804,1.4690823188003486,23.475624031055144,0.08173395261699556,0.03280586071940829,4.343429493003475e-06,0.07209765487063619,,20,PRUNED
3275,39.318270714105765,10.040956316569227,2026-10-06 02:17:08.175993,2026-10-06 02:20:22.092780,0 days 00:03:13.916787,0.9158653711831447,0.7186098618255685,0.5667882730348237,5.245413993140336,0.3049037081953532,94.61146042672904,1.080654620868664,20.0761132418454,0.026937100580568585,0.03038027549946027,2.1038771230648366e-06,1.2974912099205862,193.91666105855256,20,COMPLETE
3276,57.757734880187535,1.2414100787717701,2026-10-06 02:17:08.467009,2026-10-06 02:20:22.162402,0 days 00:03:13.695393,0.8010869639365119,0.19189790819770397,0.12615106220885586,5.245413993140336,0.2395452449940939,98.6416708615901,1.484226923085714,1.4056083189495427,0.3054149949472662,0.03038027549946027,2.1038771230648366e-06,1.1540267369865085,193.69527620915323,20,COMPLETE
3277,30.19448162084644,20.64984090762401,2026-10-06 02:17:08.548115,2026-10-06 02:20:18.155292,0 days 00:03:09.607177,0.51115025563667,0.2284118304472575,0.5926143650576037,11.991629079089469,0.33279388005294136,85.69762729633804,1.080654620868664,41.66154811682372,0.4212595585654096,0.03038027549946027,4.343429493003475e-06,0.7699502779177346,189.6070525078103,20,COMPLETE
3278,,,2026-10-06 02:17:09.970006,2026-10-06 02:17:11.062792,0 days 00:00:01.092786,0.9158653711831447,1.4661316917496154,0.5667882730348237,11.991629079089469,0.6454873286650737,55.57667222398836,0.8648886233787918,5.8774721288796,0.08173395261699556,0.03280586071940829,,1.1540267369865085,,20,PRUNED
3279,30.631702796933247,23.242452839997107,2026-10-06 02:17:11.063235,2026-10-06 02:20:20.605291,0 days 00:03:09.542056,0.51115025563667,0.21606902729252941,0.5667882730348237,8.556213008137046,0.2395452449940939,98.6416708615901,0.7297455375332902,35.86671955459044,0.2975664073833317,0.024099244621516126,4.343429493003475e-06,0.7699502779177346,189.5419614892453,20,COMPLETE
3280,53.92847363260482,1.6265781200539013,2026-10-06 02:17:11.635294,2026-10-06 02:20:24.849728,0 days 00:03:13.214434,0.8010869639365119,0.3856261384586317,0.12615106220885586,8.556213008137046,0.2395452449940939,98.6416708615901,1.180096250393855,1.4056083189495427,0.3054149949472662,0.021966873773064614,2.1038771230648366e-06,0.23886283196880004,193.21432624571025,20,COMPLETE
3281,,,2026-10-06 02:17:12.123494,2026-10-06 02:17:50.252959,0 days 00:00:38.129465,0.51115025563667,0.2284118304472575,0.5667882730348237,11.991629079089469,0.6454873286650737,98.6416708615901,1.4997684698865932,23.475624031055144,0.08173395261699556,0.024099244621516126,4.343429493003475e-06,0.23886283196880004,,20,PRUNED
3282,33.259499576210736,10.097570246976545,2026-10-06 02:17:13.158997,2026-10-06 02:20:28.317068,0 days 00:03:15.158071,0.51115025563667,0.8717951055729352,0.5667882730348237,10.877854836518644,0.506401025718823,94.61146042672904,0.08550477284845637,41.66154811682372,0.3676044917349766,0.03280586071940829,4.343429493003475e-06,1.3890637168667692,195.15796466730535,20,COMPLETE
3283,45.57496786862155,1.6274043087170873,2026-10-06 02:17:14.079001,2026-10-06 02:20:28.185837,0 days 00:03:14.106836,0.9158653711831447,0.7186098618255685,0.20358075665942357,5.245413993140336,0.6087670929915812,98.6416708615901,0.6997833361656451,28.85715808052922,0.026937100580568585,0.03038027549946027,0.01228736166601579,1.1540267369865085,194.10673626791686,20,COMPLETE
3284,,,2026-10-06 02:17:14.700006,2026-10-06 02:17:15.700018,0 days 00:00:01.000012,0.51115025563667,0.2284118304472575,0.12615106220885586,18.489161893608337,1.4264222956764627,98.6416708615901,0.6419517764288287,5.8774721288796,0.3054149949472662,0.024099244621516126,,0.23886283196880004,,20,PRUNED
3285,42.83616341933781,3.0099035477207465,2026-10-06 02:17:14.722634,2026-10-06 02:20:25.053575,0 days 00:03:10.330941,1.4644809848335274,0.8717951055729352,0.4120579376102117,8.556213008137046,0.6454873286650737,86.6015482918717,1.4690823188003486,2.064375155489988,0.06802941049346445,0.03038027549946027,2.1038771230648366e-06,0.005721119400360242,190.33082693163306,20,COMPLETE
3286,49.68951789061697,2.5734396203605945,2026-10-06 02:17:15.097983,2026-10-06 02:20:26.948947,0 days 00:03:11.850964,0.51115025563667,0.8717951055729352,0.20358075665942357,5.245413993140336,0.7328910476136553,85.69762729633804,1.484226923085714,14.182822102930093,0.007925456797868324,0.03038027549946027,4.343429493003475e-06,1.1540267369865085,191.85085252020508,20,COMPLETE
3287,27.847052501186965,24.656480363336158,2026-10-06 02:17:15.723989,2026-10-06 02:20:24.648755,0 days 00:03:08.924766,0.51115025563667,0.2284118304472575,0.5667882730348237,11.991629079089469,0.33279388005294136,85.69762729633804,1.080654620868664,41.66154811682372,0.08173395261699556,0.024099244621516126,4.343429493003475e-06,0.7296704665126732,188.92465662304312,20,COMPLETE
3288,,,2026-10-06 02:17:16.200003,2026-10-06 02:17:54.201947,0 days 00:00:38.001944,0.4825884779829695,0.2284118304472575,0.4120579376102117,11.991629079089469,0.6087670929915812,98.6416708615901,0.6419517764288287,23.475624031055144,0.2792200473461657,0.03038027549946027,2.1038771230648366e-06,1.1540267369865085,,20,PRUNED
3289,48.386667538351325,5.071745025945623,2026-10-06 02:17:16.459998,2026-10-06 02:20:32.454693,0 days 00:03:15.994695,0.9158653711831447,0.7186098618255685,0.4120579376102117,5.245413993140336,0.6087670929915812,94.61146042672904,0.6419517764288287,5.8774721288796,0.026937100580568585,0.03038027549946027,2.1038771230648366e-06,1.1540267369865085,195.99457893706858,20,COMPLETE
