number,values_0,values_1,datetime_start,datetime_complete,duration,params_between_rest_spread,params_c_spread,params_c_val,params_input_force,params_k_between_spread,params_k_between_val,params_k_wall_spread,params_k_wall_val,params_m_spread,params_m_val,params_ridge_alpha,params_wall_rest_spread,user_attrs_duration_sec,system_attrs_NSGAIISampler:generation,state
2876,29.27061353405893,18.04412506145806,2026-10-06 02:01:11.864169,2026-10-06 02:04:22.677763,0 days 00:03:10.813594,0.51115025563667,0.2284118304472575,0.5926143650576037,5.245413993140336,0.3049037081953532,94.61146042672904,1.080654620868664,41.66154811682372,0.08173395261699556,0.024099244621516126,3.237520947415894e-05,0.5731081751660072,190.81348852068186,18,COMPLETE
2877,31.20896387848227,20.297973943503123,2026-10-06 02:01:11.867958,2026-10-06 02:04:23.797844,0 days 00:03:11.929886,0.4919537458910443,0.2284118304472575,0.5926143650576037,10.877854836518644,0.33279388005294136,85.69762729633804,0.31842513581456366,86.57068482598544,0.3676044917349766,0.03280586071940829,4.343429493003475e-06,1.1540267369865085,191.92965124174953,18,COMPLETE
2878,27.38121245634529,23.23373585847965,2026-10-06 02:01:11.871948,2026-10-06 02:04:26.041781,0 days 00:03:14.169833,0.51115025563667,0.2284118304472575,0.5667882730348237,11.991629079089469,0.33279388005294136,85.69762729633804,0.12486747625813921,23.475624031055144,0.08173395261699556,0.024099244621516126,4.343429493003475e-06,0.7296704665126732,194.16971596330404,18,COMPLETE
2879,35.846345373504604,12.514802269299075,2026-10-06 02:01:11.875946,2026-10-06 02:04:24.650939,0 days 00:03:12.774993,0.51115025563667,0.8717951055729352,0.5667882730348237,20.000726109884642,0.33279388005294136,85.69762729633804,1.080654620868664,45.6508402201298,0.007925456797868324,0.03280586071940829,4.343429493003475e-06,1.3890637168667692,192.77490269672126,18,COMPLETE
2880,,,2026-10-06 02:01:12.733991,2026-10-06 02:01:14.300040,0 days 00:00:01.566049,0.51115025563667,1.210318250065007,0.5667882730348237,21.183844928151355,0.33279388005294136,94.61146042672904,1.4690823188003486,23.475624031055144,0.08173395261699556,0.03280586071940829,,1.2974912099205862,,18,PRUNED
2881,17.626430095281442,1.2547578277327696,2026-10-06 02:01:13.252991,2026-10-06 02:04:25.447996,0 days 00:03:12.195005,0.8010869639365119,0.2284118304472575,0.12615106220885586,42.421601453216766,0.33279388005294136,85.69762729633804,1.484226923085714,1.4056083189495427,0.08173395261699556,0.024099244621516126,4.343429493003475e-06,0.7296704665126732,192.19489244185388,18,COMPLETE
2882,,,2026-10-06 02:01:13.725002,2026-10-06 02:03:05.532071,0 days 00:01:51.807069,0.51115025563667,0.8717951055729352,0.5667882730348237,10.877854836518644,0.506401025718823,98.6416708615901,1.484226923085714,41.66154811682372,0.007925456797868324,0.03280586071940829,4.343429493003475e-06,1.2974912099205862,,18,PRUNED
2883,33.439928881511165,9.932561499920253,2026-10-06 02:01:13.887998,2026-10-06 02:04:24.672900,0 days 00:03:10.784902,0.51115025563667,0.8717951055729352,0.5667882730348237,21.183844928151355,0.3049037081953532,94.61146042672904,1.080654620868664,41.66154811682372,0.007925456797868324,0.03280586071940829,0.004911688835399564,1.2974912099205862,190.78480916656554,18,COMPLETE
2884,52.67375401123485,1.492865475599883,2026-10-06 02:01:14.396994,2026-10-06 02:04:24.391833,0 days 00:03:09.994839,0.2994157425323484,0.2965654106455736,0.12615106220885586,5.245413993140336,0.6087670929915812,94.61146042672904,0.6419517764288287,5.8774721288796,0.08173395261699556,0.03038027549946027,2.1038771230648366e-06,1.1540267369865085,189.99472397565842,18,COMPLETE
2885,24.862041769885785,19.623178050594138,2026-10-06 02:01:14.964005,2026-10-06 02:04:23.929566,0 days 00:03:08.965561,0.4919537458910443,0.2284118304472575,0.5926143650576037,30.653608998485378,0.33279388005294136,85.69762729633804,0.12486747625813921,86.57068482598544,0.2399748693314484,0.03280586071940829,4.343429493003475e-06,1.1540267369865085,188.96546303480864,18,COMPLETE
2886,55.12372048509832,1.3347029876646763,2026-10-06 02:01:46.359986,2026-10-06 02:04:57.107301,0 days 00:03:10.747315,0.9158653711831447,0.7186098618255685,0.12615106220885586,5.245413993140336,0.2395452449940939,94.61146042672904,0.38915387001802365,5.8774721288796,0.007925456797868324,0.03038027549946027,0.00023428333292156852,1.1540267369865085,190.74720299988985,18,COMPLETE
2887,37.77329702660616,9.52790768066913,2026-10-06 02:01:47.827995,2026-10-06 02:04:57.091839,0 days 00:03:09.263844,0.51115025563667,0.8717951055729352,0.4120579376102117,21.183844928151355,0.6087670929915812,98.6416708615901,0.6419517764288287,24.7033276028984,0.026937100580568585,0.03038027549946027,4.343429493003475e-06,1.1540267369865085,189.26373176183552,18,COMPLETE
2888,40.94220212533142,6.518447634572363,2026-10-06 02:01:48.636168,2026-10-06 02:05:03.963037,0 days 00:03:15.326869,0.51115025563667,0.19189790819770397,0.4120579376102117,5.245413993140336,0.6087670929915812,64.34251143200477,1.4690823188003486,5.8774721288796,0.2975664073833317,0.03280586071940829,4.343429493003475e-06,1.2974912099205862,195.32649145834148,18,COMPLETE
2889,48.852585730066096,3.7739501977680923,2026-10-06 02:01:48.639981,2026-10-06 02:05:02.146071,0 days 00:03:13.506090,0.51115025563667,0.7186098618255685,0.20358075665942357,5.245413993140336,0.33279388005294136,98.6416708615901,1.484226923085714,14.182822102930093,0.3054149949472662,0.024099244621516126,4.343429493003475e-06,0.23886283196880004,193.5059888428077,18,COMPLETE
2890,,,2026-10-06 02:01:48.643951,2026-10-06 02:01:49.418048,0 days 00:00:00.774097,0.51115025563667,0.2284118304472575,0.5926143650576037,18.489161893608337,1.3496981308507183,98.6416708615901,0.12486747625813921,14.182822102930093,0.08173395261699556,0.024099244621516126,,0.23886283196880004,,18,PRUNED
2891,37.35875777986646,8.052425014017206,2026-10-06 02:01:48.692968,2026-10-06 02:04:59.413868,0 days 00:03:10.720900,0.2994157425323484,0.2284118304472575,0.4120579376102117,18.489161893608337,0.2395452449940939,98.6416708615901,1.4690823188003486,5.8774721288796,0.08173395261699556,0.03280586071940829,4.343429493003475e-06,1.2974912099205862,190.72079898789525,18,COMPLETE
2892,25.202041306865645,24.988568469907825,2026-10-06 02:01:49.769367,2026-10-06 02:05:00.751532,0 days 00:03:10.982165,0.51115025563667,0.2284118304472575,0.807738690329122,18.489161893608337,0.33279388005294136,98.6416708615901,1.180096250393855,14.182822102930093,0.3054149949472662,0.024099244621516126,4.343429493003475e-06,0.23886283196880004,190.98204849660397,18,COMPLETE
2893,,,2026-10-06 02:01:50.018990,2026-10-06 02:01:50.803026,0 days 00:00:00.784036,1.4644809848335274,0.8717951055729352,0.5667882730348237,11.991629079089469,0.33279388005294136,85.69762729633804,1.4690823188003486,5.8774721288796,0.08173395261699556,0.024099244621516126,,0.7296704665126732,,18,PRUNED
2894,27.376295296158446,23.238739211062995,2026-10-06 02:01:50.387999,2026-10-06 02:05:02.782269,0 days 00:03:12.394270,0.51115025563667,0.2284118304472575,0.5667882730348237,11.991629079089469,0.33279388005294136,85.69762729633804,0.11669408154099542,23.475624031055144,0.08173395261699556,0.024099244621516126,4.343429493003475e-06,0.7296704665126732,192.39415446761996,18,COMPLETE
2895,32.06561658465741,19.913396485299305,2026-10-06 02:01:50.899985,2026-10-06 02:05:04.863621,0 days 00:03:13.963636,0.7407180681038071,0.21606902729252941,0.5926143650576037,11.991629079089469,0.2395452449940939,98.6416708615901,0.7297455375332902,35.86671955459044,0.4212595585654096,0.03038027549946027,4.343429493003475e-06,0.7699502779177346,193.96351931802928,18,COMPLETE
2896,25.20197848224047,1.8969558678421672,2026-10-06 02:01:50.931979,2026-10-06 02:04:59.237726,0 days 00:03:08.305747,0.9158653711831447,0.8717951055729352,0.12615106220885586,21.183844928151355,0.2395452449940939,13.665759171621941,0.6419517764288287,24.7033276028984,0.4958980838147084,0.03038027549946027,4.343429493003475e-06,1.1540267369865085,188.30564159993082,18,COMPLETE
2897,12.205823160274013,2.8130973358363223,2026-10-06 02:01:52.152026,2026-10-06 02:05:00.958894,0 days 00:03:08.806868,0.51115025563667,0.2284118304472575,0.19400160111159936,11.991629079089469,0.08402198233090097,1.286900154400066,0.11130010747286617,5.8774721288796,0.08173395261699556,0.024099244621516126,4.343429493003475e-06,1.2974912099205862,188.80665023531765,18,COMPLETE
2898,55.926071532683935,1.264695595639516,2026-10-06 02:01:52.466993,2026-10-06 02:05:04.798294,0 days 00:03:12.331301,0.8010869639365119,0.7186098618255685,0.12615106220885586,8.556213008137046,0.2395452449940939,94.61146042672904,0.21292518523710352,1.4056083189495427,0.08173395261699556,0.03038027549946027,0.00023428333292156852,0.2678812614884665,192.33118680864573,18,COMPLETE
2899,,,2026-10-06 02:01:53.292149,2026-10-06 02:01:53.973051,0 days 00:00:00.680902,0.4919537458910443,1.3502953811392269,0.12615106220885586,10.877854836518644,0.33279388005294136,98.6416708615901,1.2898828018697517,86.57068482598544,0.3676044917349766,0.021966873773064614,,1.1540267369865085,,18,PRUNED
2900,,,2026-10-06 02:01:53.620014,2026-10-06 02:01:54.438038,0 days 00:00:00.818024,0.51115025563667,1.3076412155661166,0.12615106220885586,21.183844928151355,0.2395452449940939,85.69762729633804,1.484226923085714,41.66154811682372,0.08173395261699556,0.021966873773064614,,1.2974912099205862,,18,PRUNED
2901,25.375374405297453,4.476161902663476,2026-10-06 02:01:54.368003,2026-10-06 02:05:05.598057,0 days 00:03:11.230054,1.4644809848335274,0.2284118304472575,0.5667882730348237,18.489161893608337,0.2395452449940939,85.69762729633804,1.484226923085714,5.8774721288796,0.08173395261699556,0.024099244621516126,0.22559729170032003,0.7296704665126732,191.22994512226433,18,COMPLETE
2902,30.98745253210518,20.764229846169993,2026-10-06 02:01:54.485992,2026-10-06 02:05:03.200616,0 days 00:03:08.714624,0.8010869639365119,0.2965654106455736,0.5673687007336011,8.556213008137046,0.2395452449940939,85.69762729633804,0.21292518523710352,20.4004304097776,0.2975664073833317,0.024099244621516126,4.343429493003475e-06,0.739405563829868,188.7145161870867,18,COMPLETE
2903,43.243154967634844,1.350207214228393,2026-10-06 02:01:54.700006,2026-10-06 02:05:05.361006,0 days 00:03:10.661000,0.2994157425323484,0.7186098618255685,0.03880076247771675,5.245413993140336,0.6087670929915812,94.61146042672904,0.6419517764288287,5.8774721288796,0.08173395261699556,0.03280586071940829,4.343429493003475e-06,1.1540267369865085,190.66088855545968,18,COMPLETE
2904,31.90836875149546,17.186668885840927,2026-10-06 02:01:56.068995,2026-10-06 02:05:04.335066,0 days 00:03:08.266071,0.51115025563667,0.2284118304472575,0.5667882730348237,10.877854836518644,0.33279388005294136,98.6416708615901,1.4690823188003486,14.182822102930093,0.08173395261699556,0.024099244621516126,3.237520947415894e-05,0.7296704665126732,188.26597060170025,18,COMPLETE
2905,24.21081223003811,19.879761391852526,2026-10-06 02:02:22.638007,2026-10-06 02:05:33.676857,0 days 00:03:11.038850,0.2994157425323484,0.2284118304472575,0.807738690329122,18.489161893608337,0.33279388005294136,98.6416708615901,0.7087151047775566,14.182822102930093,0.3054149949472662,0.024099244621516126,4.343429493003475e-06,1.2267307691914986,191.03873377200216,18,COMPLETE
2906,0.09941269452540472,1.1658895659595534,2026-10-06 02:02:23.365001,2026-10-06 02:05:36.588912,0 days 00:03:13.223911,0.9158653711831447,0.8717951055729352,0.015810678736617383,10.877854836518644,0.2395452449940939,94.61146042672904,0.7364436519709451,5.8774721288796,0.3676044917349766,0.03280586071940829,2.1038771230648366e-06,1.3890637168667692,193.2237991951406,18,COMPLETE
2907,32.17470902463363,14.405215032094176,2026-10-06 02:02:25.542355,2026-10-06 02:05:38.478731,0 days 00:03:12.936376,0.4919537458910443,0.2284118304472575,0.5926143650576037,10.877854836518644,0.33279388005294136,85.69762729633804,0.12486747625813921,14.182822102930093,0.3676044917349766,0.03280586071940829,3.237520947415894e-05,1.1540267369865085,192.93625769764185,18,COMPLETE
2908,,,2026-10-06 02:02:26.498994,2026-10-06 02:03:06.822509,0 days 00:00:40.323515,0.8010869639365119,0.19189790819770397,0.12615106220885586,8.556213008137046,0.506401025718823,98.6416708615901,1.484226923085714,1.4056083189495427,0.2975664073833317,0.021966873773064614,0.0003750271870227611,0.2678812614884665,,18,PRUNED
2909,48.33421172105104,1.335842009830151,2026-10-06 02:02:26.963003,2026-10-06 02:05:40.199737,0 days 00:03:13.236734,0.8010869639365119,0.19189790819770397,0.12615106220885586,8.556213008137046,0.506401025718823,85.69762729633804,1.484226923085714,1.4056083189495427,0.007925456797868324,0.021966873773064614,2.1038771230648366e-06,1.2974912099205862,193.2366257244721,18,COMPLETE
2910,34.46525268821549,13.17020193556088,2026-10-06 02:02:27.536998,2026-10-06 02:05:37.634274,0 days 00:03:10.097276,0.51115025563667,0.8717951055729352,0.5926143650576037,10.877854836518644,0.506401025718823,85.69762729633804,0.12486747625813921,86.57068482598544,0.007925456797868324,0.03280586071940829,4.343429493003475e-06,1.1540267369865085,190.09715464618057,18,COMPLETE
2911,,,2026-10-06 02:02:28.829144,2026-10-06 02:02:29.264020,0 days 00:00:00.434876,0.2994157425323484,1.091858748651536,0.4120579376102117,5.245413993140336,0.6087670929915812,94.61146042672904,0.6419517764288287,19.15408445903519,0.08173395261699556,0.03038027549946027,,0.12205997763290011,,18,PRUNED
2912,,,2026-10-06 02:02:29.344008,2026-10-06 02:03:08.450058,0 days 00:00:39.106050,0.2994157425323484,0.6115773721639153,0.12615106220885586,5.245413993140336,0.6087670929915812,98.6416708615901,0.21292518523710352,5.8774721288796,0.3372985396418654,0.03038027549946027,0.00023428333292156852,1.2267307691914986,,18,PRUNED
2913,37.99093184971924,8.664287591785207,2026-10-06 02:02:30.816156,2026-10-06 02:05:41.190542,0 days 00:03:10.374386,0.2994157425323484,0.2965654106455736,0.4120579376102117,8.556213008137046,0.2395452449940939,98.6416708615901,0.6419517764288287,6.2296041386818795,0.08173395261699556,0.03038027549946027,2.1038771230648366e-06,0.951294754855698,190.37427859660238,18,COMPLETE
2914,31.87388790277321,17.750837217791116,2026-10-06 02:02:35.868011,2026-10-06 02:05:46.238435,0 days 00:03:10.370424,1.4385182806627632,0.2284118304472575,0.5926143650576037,10.877854836518644,0.33279388005294136,85.69762729633804,0.12486747625813921,86.57068482598544,0.3676044917349766,0.035827069046158865,5.408885102387685e-06,1.1540267369865085,190.37031389214098,18,COMPLETE
2915,43.52829560109315,5.79730344705073,2026-10-06 02:02:59.830294,2026-10-06 02:06:10.726853,0 days 00:03:10.896559,0.2994157425323484,0.7186098618255685,0.4120579376102117,11.991629079089469,0.6087670929915812,98.6416708615901,1.4690823188003486,5.8774721288796,0.08173395261699556,0.03280586071940829,4.343429493003475e-06,1.1540267369865085,190.89644385315478,18,COMPLETE
2916,42.77728304341213,2.0116771318662865,2026-10-06 02:03:01.404485,2026-10-06 02:06:14.891322,0 days 00:03:13.486837,0.8010869639365119,0.2965654106455736,0.12615106220885586,8.556213008137046,0.2395452449940939,98.6416708615901,0.6419517764288287,54.60999810475451,0.08173395261699556,0.03038027549946027,0.0003750271870227611,0.2678812614884665,193.48673522938043,18,COMPLETE
2917,22.01326418606984,27.383634340490158,2026-10-06 02:03:04.130210,2026-10-06 02:06:17.736322,0 days 00:03:13.606112,0.51115025563667,0.07861675458476158,0.807738690329122,21.183844928151355,0.3049037081953532,94.61146042672904,1.080654620868664,45.6508402201298,0.007925456797868324,0.03280586071940829,4.343429493003475e-06,0.23886283196880004,193.60600038338453,18,COMPLETE
2918,,,2026-10-06 02:03:05.968574,2026-10-06 02:03:45.941050,0 days 00:00:39.972476,1.0401216570538478,0.2284118304472575,0.12615106220885586,5.245413993140336,0.6087670929915812,98.6416708615901,1.4690823188003486,5.8774721288796,0.08173395261699556,0.021966873773064614,0.0003750271870227611,1.2267307691914986,,18,PRUNED
2919,10.011413068021914,1.1243616198948698,2026-10-06 02:03:06.195984,2026-10-06 02:06:19.536611,0 days 00:03:13.340627,0.4919537458910443,0.2284118304472575,0.018944633041003883,5.245413993140336,0.33279388005294136,94.61146042672904,0.6419517764288287,86.57068482598544,0.026937100580568585,0.03280586071940829,4.343429493003475e-06,1.1540267369865085,193.34052178170532,18,COMPLETE
2920,51.80556266041888,1.3338523889955576,2026-10-06 02:03:06.418011,2026-10-06 02:06:23.764326,0 days 00:03:17.346315,0.51115025563667,0.8717951055729352,0.10872311306318823,8.556213008137046,0.506401025718823,85.69762729633804,0.6419517764288287,1.4056083189495427,0.026937100580568585,0.03038027549946027,4.343429493003475e-06,1.1540267369865085,197.3461938854307,18,COMPLETE
2921,47.09597054667809,2.4565003934882146,2026-10-06 02:03:06.873993,2026-10-06 02:06:20.160288,0 days 00:03:13.286295,0.2994157425323484,0.2284118304472575,0.17317413217393238,16.494958394136063,0.6087670929915812,98.6416708615901,1.4690823188003486,5.8774721288796,0.08173395261699556,0.03038027549946027,4.343429493003475e-06,1.1540267369865085,193.28617781307548,18,COMPLETE
2922,53.59746980224511,1.4203409613989366,2026-10-06 02:03:07.180998,2026-10-06 02:06:16.948404,0 days 00:03:09.767406,0.9158653711831447,0.02695061571819879,0.12615106220885586,5.245413993140336,0.6087670929915812,85.69762729633804,1.3303656343791816,5.8774721288796,0.026937100580568585,0.03038027549946027,4.343429493003475e-06,1.1540267369865085,189.7672971105203,18,COMPLETE
2923,38.29660507260561,2.2223186417389815,2026-10-06 02:03:08.972153,2026-10-06 02:06:21.063858,0 days 00:03:12.091705,0.8010869639365119,0.19189790819770397,0.4120579376102117,8.556213008137046,0.2395452449940939,85.69762729633804,1.2898828018697517,1.4056083189495427,0.08173395261699556,0.03038027549946027,0.0003750271870227611,1.1540267369865085,192.091587273404,18,COMPLETE
2924,47.922715225561625,4.363660942587358,2026-10-06 02:03:08.975963,2026-10-06 02:06:16.455654,0 days 00:03:07.479691,1.1747087309960134,0.7424495566914788,0.4120579376102117,8.556213008137046,0.2395452449940939,98.6416708615901,1.4690823188003486,6.2296041386818795,0.06802941049346445,0.03280586071940829,4.343429493003475e-06,1.1540267369865085,187.4795762207359,18,COMPLETE
2925,,,2026-10-06 02:03:10.386759,2026-10-06 02:03:10.774047,0 days 00:00:00.387288,0.2994157425323484,1.3523544688509563,0.4120579376102117,29.61835418719983,0.6087670929915812,98.6416708615901,0.1631217890298241,20.4004304097776,0.08173395261699556,0.03038027549946027,,0.739405563829868,,18,PRUNED
2926,30.895762278271512,18.200548544482018,2026-10-06 02:03:10.907000,2026-10-06 02:06:19.622092,0 days 00:03:08.715092,0.51115025563667,0.2284919345261387,0.5667882730348237,11.991629079089469,0.33279388005294136,98.6416708615901,1.080654620868664,14.182822102930093,0.3054149949472662,0.024099244621516126,4.343429493003475e-06,0.7296704665126732,188.71499224565923,18,COMPLETE
2927,34.43982274405318,13.645457327892867,2026-10-06 02:03:11.337002,2026-10-06 02:06:21.619993,0 days 00:03:10.282991,1.4644809848335274,0.8717951055729352,0.5926143650576037,10.877854836518644,0.33279388005294136,85.69762729633804,0.12486747625813921,86.57068482598544,0.06802941049346445,0.03280586071940829,4.343429493003475e-06,1.1540267369865085,190.28288799989969,18,COMPLETE
2928,42.670160593031355,2.193865680868791,2026-10-06 02:03:14.115997,2026-10-06 02:06:25.621092,0 days 00:03:11.505095,0.8010869639365119,0.9277185443706824,0.4120579376102117,8.556213008137046,0.2395452449940939,85.69762729633804,0.21292518523710352,1.4056083189495427,0.08173395261699556,0.03280586071940829,0.00023428333292156852,0.2678812614884665,191.50497840717435,18,COMPLETE
2929,27.480752692280902,13.825058101030328,2026-10-06 02:03:36.156029,2026-10-06 02:06:48.368920,0 days 00:03:12.212891,0.51115025563667,0.2284118304472575,0.5667882730348237,8.556213008137046,0.2395452449940939,85.69762729633804,0.21292518523710352,23.475624031055144,0.08173395261699556,0.03280586071940829,0.00023428333292156852,0.2678812614884665,192.21276055369526,18,COMPLETE
2930,24.56765170729827,5.835060444223939,2026-10-06 02:03:37.714038,2026-10-06 02:06:50.317856,0 days 00:03:12.603818,0.5629575651415921,0.8717951055729352,0.4120579376102117,8.556213008137046,0.2395452449940939,9.613635564705163,0.7297455375332902,6.2296041386818795,0.06802941049346445,0.03038027549946027,4.343429493003475e-06,1.1540267369865085,192.60369192250073,18,COMPLETE
2931,,,2026-10-06 02:03:41.199999,2026-10-06 02:03:41.875064,0 days 00:00:00.675065,0.2994157425323484,1.1980480588212161,0.4120579376102117,5.245413993140336,0.6087670929915812,85.69762729633804,1.080654620868664,5.8774721288796,0.007925456797868324,0.03280586071940829,,1.2974912099205862,,18,PRUNED
2932,,,2026-10-06 02:03:42.123162,2026-10-06 02:03:42.719320,0 days 00:00:00.596158,0.9158653711831447,1.1695329926100793,0.5667882730348237,5.245413993140336,0.2395452449940939,2.0546808641220444,1.317825724519705,23.475624031055144,0.007925456797868324,0.03038027549946027,,1.1540267369865085,,18,PRUNED
2933,42.193339661482995,7.023102758121293,2026-10-06 02:03:42.171998,2026-10-06 02:06:54.501441,0 days 00:03:12.329443,0.51115025563667,0.2965654106455736,0.4120579376102117,5.245413993140336,0.33279388005294136,94.61146042672904,0.6419517764288287,5.8774721288796,0.08173395261699556,0.03038027549946027,2.1038771230648366e-06,1.1540267369865085,192.32933431118727,18,COMPLETE
2934,48.74503629130608,2.1721780661773913,2026-10-06 02:03:42.962997,2026-10-06 02:06:52.983128,0 days 00:03:10.020131,0.51115025563667,0.2965654106455736,0.1708428059153671,5.245413993140336,0.33279388005294136,94.61146042672904,0.705986464023281,45.6508402201298,0.007925456797868324,0.03280586071940829,4.343429493003475e-06,1.1540267369865085,190.0200119363144,18,COMPLETE
