number,values_0,values_1,datetime_start,datetime_complete,duration,params_between_rest_spread,params_c_spread,params_c_val,params_input_force,params_k_between_spread,params_k_between_val,params_k_wall_spread,params_k_wall_val,params_m_spread,params_m_val,params_ridge_alpha,params_wall_rest_spread,user_attrs_duration_sec,system_attrs_NSGAIISampler:generation,state
1755,37.51958661338118,7.283310298440203,2026-10-06 01:16:55.020004,2026-10-06 01:20:10.475540,0 days 00:03:15.455536,0.51115025563667,0.9620682997349559,0.4120579376102117,21.183844928151355,0.33279388005294136,85.69762729633804,1.080654620868664,23.475624031055144,0.2975664073833317,0.037732353172350436,4.343429493003475e-06,1.1540267369865085,195.45543272048235,10,COMPLETE
1756,41.801807837769665,3.6229326779549242,2026-10-06 01:16:55.428004,2026-10-06 01:20:06.157595,0 days 00:03:10.729591,0.51115025563667,0.2965654106455736,0.20358075665942357,21.183844928151355,0.2395452449940939,98.6416708615901,1.080654620868664,7.678826333899472,0.08173395261699556,0.03038027549946027,0.00014447613183128302,0.932600959128036,190.7294826209545,10,COMPLETE
1757,,,2026-10-06 01:16:56.341993,2026-10-06 01:16:57.191061,0 days 00:00:00.849068,0.26918741250679656,1.112747054243948,0.4120579376102117,18.489161893608337,0.2395452449940939,98.6416708615901,0.9071046541689525,14.182822102930093,0.08173395261699556,0.03280586071940829,,1.2974912099205862,,10,PRUNED
1758,40.98144217572107,4.497494138456476,2026-10-06 01:16:56.428987,2026-10-06 01:20:09.010828,0 days 00:03:12.581841,0.4919537458910443,0.07070671910356391,0.20358075665942357,8.556213008137046,0.2395452449940939,98.6416708615901,0.21292518523710352,32.090856214969556,0.4212595585654096,0.03038027549946027,0.0018769560037333074,0.7296704665126732,192.58174189087003,10,COMPLETE
1759,26.323495172377193,22.65157023919732,2026-10-06 01:16:56.482976,2026-10-06 01:20:08.128893,0 days 00:03:11.645917,0.51115025563667,0.2965654106455736,0.807738690329122,21.183844928151355,0.33279388005294136,94.61146042672904,1.080654620868664,14.182822102930093,0.04206136129933902,0.024099244621516126,1.7569095815580446e-05,1.2974912099205862,191.64581875130534,10,COMPLETE
1760,49.80869596504262,1.7613306587877822,2026-10-06 01:16:56.883994,2026-10-06 01:20:09.805824,0 days 00:03:12.921830,0.8010869639365119,0.19189790819770397,0.12615106220885586,8.556213008137046,0.2395452449940939,85.69762729633804,0.21292518523710352,5.8774721288796,0.3372985396418654,0.03038027549946027,0.0003750271870227611,0.2678812614884665,192.92172742728144,10,COMPLETE
1761,45.79696375321406,2.4608442363149257,2026-10-06 01:16:56.911968,2026-10-06 01:20:10.680963,0 days 00:03:13.768995,0.814512762324531,0.19189790819770397,0.20358075665942357,13.119593733718064,0.7514997893756489,98.6416708615901,1.3309651998610066,5.8774721288796,0.08173395261699556,0.03280586071940829,0.00014447613183128302,0.2678812614884665,193.7688920609653,10,COMPLETE
1762,,,2026-10-06 01:16:57.536480,2026-10-06 01:17:36.170036,0 days 00:00:38.633556,0.51115025563667,0.8717951055729352,0.4120579376102117,18.489161893608337,1.012497888448838,98.6416708615901,1.484226923085714,23.475624031055144,0.08173395261699556,0.03280586071940829,2.1038771230648366e-06,1.2974912099205862,,10,PRUNED
1763,29.222725382970843,15.13232353169614,2026-10-06 01:16:57.747983,2026-10-06 01:20:10.148987,0 days 00:03:12.401004,0.447684485641811,0.3233389271032242,0.4120579376102117,11.991629079089469,0.2395452449940939,85.69762729633804,0.9356883984494996,86.57068482598544,0.08173395261699556,0.03280586071940829,4.343429493003475e-06,0.30673616238509677,192.40090349130332,10,COMPLETE
1764,9.487711003198402,1.53316573232105,2026-10-06 01:16:58.627161,2026-10-06 01:20:14.245012,0 days 00:03:15.617851,0.8010869639365119,0.19189790819770397,0.20358075665942357,10.517467008748584,0.4346561606975362,1.5705446548812982,0.21292518523710352,1.4056083189495427,0.2975664073833317,0.03038027549946027,0.0006185581455600675,0.2678812614884665,195.61775036063045,10,COMPLETE
1765,34.33057219584402,12.78214530979544,2026-10-06 01:16:58.630971,2026-10-06 01:20:12.649401,0 days 00:03:14.018430,0.4919537458910443,0.2965654106455736,0.4120579376102117,18.489161893608337,0.2395452449940939,98.6416708615901,0.21292518523710352,19.15408445903519,0.4212595585654096,0.03038027549946027,0.00014447613183128302,1.1540267369865085,194.01833906397223,10,COMPLETE
1766,26.840145365464444,17.235573329609764,2026-10-06 01:16:58.634954,2026-10-06 01:20:11.913339,0 days 00:03:13.278385,0.51115025563667,0.2965654106455736,0.5662816343755678,18.489161893608337,0.2395452449940939,94.61146042672904,0.21292518523710352,19.15408445903519,0.4212595585654096,0.024099244621516126,4.343429493003475e-06,1.2974912099205862,193.27830235473812,10,COMPLETE
1767,,,2026-10-06 01:16:58.638956,2026-10-06 01:16:59.420151,0 days 00:00:00.781195,0.447684485641811,1.4580875710439996,0.4120579376102117,18.489161893608337,0.4715797287021785,94.61146042672904,0.954202730608916,31.642866771948064,0.04206136129933902,0.03280586071940829,,1.1540267369865085,,10,PRUNED
1768,39.8209505446727,1.5228299219351857,2026-10-06 01:16:58.646958,2026-10-06 01:20:11.882412,0 days 00:03:13.235454,0.447684485641811,0.4835105352725577,0.807738690329122,10.517467008748584,0.2395452449940939,85.69762729633804,0.7297455375332902,1.4056083189495427,0.08173395261699556,0.09765004764801033,3.680314106392975e-06,1.2139299004838662,193.23536399751902,10,COMPLETE
1769,,,2026-10-06 01:16:59.060997,2026-10-06 01:17:35.474039,0 days 00:00:36.413042,0.51115025563667,0.2965654106455736,0.5667882730348237,18.489161893608337,0.2395452449940939,98.6416708615901,1.080654620868664,14.182822102930093,0.6534784734233079,0.03280586071940829,0.00014447613183128302,1.2974912099205862,,10,PRUNED
1770,26.96893519879084,6.853962415236681,2026-10-06 01:17:00.006001,2026-10-06 01:20:07.176030,0 days 00:03:07.170029,0.18839166746679548,0.3233389271032242,0.26524842086461725,40.132128907957544,0.2395452449940939,98.6416708615901,0.21292518523710352,14.182822102930093,0.2975664073833317,0.024099244621516126,0.0006185581455600675,1.1540267369865085,187.16993332840502,10,COMPLETE
1771,28.962182827615997,8.134359285559189,2026-10-06 01:17:00.009968,2026-10-06 01:20:12.458707,0 days 00:03:12.448739,0.51115025563667,0.03425318982019021,0.807738690329122,18.386910920395536,0.05714116461716917,98.6416708615901,1.191277759964359,2.4869489215163925,0.04206136129933902,0.037495759622009746,3.680314106392975e-06,1.2974912099205862,192.44863969366997,10,COMPLETE
1772,26.99910207014136,4.3261801872551,2026-10-06 01:17:26.239050,2026-10-06 01:20:36.697621,0 days 00:03:10.458571,0.447684485641811,0.4835105352725577,0.9769952013227591,29.417022436543785,0.5855379267962546,30.052946023970115,1.4690823188003486,20.4004304097776,0.04206136129933902,0.09765004764801033,3.680314106392975e-06,1.2974912099205862,190.4584613898769,10,COMPLETE
1773,,,2026-10-06 01:17:30.596000,2026-10-06 01:17:31.323027,0 days 00:00:00.727027,0.8010869639365119,0.19189790819770397,0.20358075665942357,8.556213008137046,0.2395452449940939,98.6416708615901,0.11680284204777741,11.86468393276075,1.2418056245282334,0.03038027549946027,,1.2974912099205862,,10,PRUNED
1774,28.426341546462005,12.34882769852089,2026-10-06 01:17:31.358993,2026-10-06 01:20:44.675378,0 days 00:03:13.316385,0.51115025563667,0.3731992973752525,0.5667882730348237,8.695206399809345,0.2395452449940939,85.69762729633804,0.954202730608916,23.475624031055144,0.04206136129933902,0.02495557211524677,0.0003750271870227611,1.2974912099205862,193.31627683434635,10,COMPLETE
1775,21.022400031923688,2.9670298933083954,2026-10-06 01:17:32.194153,2026-10-06 01:20:43.915198,0 days 00:03:11.721045,0.51115025563667,0.2284118304472575,0.5662816343755678,18.489161893608337,0.5855379267962546,94.61146042672904,1.4690823188003486,14.182822102930093,0.08173395261699556,0.03280586071940829,69.24264723444102,0.6808331569863011,191.72093851305544,10,COMPLETE
1776,50.781117607349316,1.5914532607444163,2026-10-06 01:17:33.256000,2026-10-06 01:20:44.995861,0 days 00:03:11.739861,0.447684485641811,0.3731992973752525,0.1347521461063753,8.695206399809345,0.05714116461716917,85.69762729633804,1.191277759964359,5.8774721288796,0.18589067298139156,0.03038027549946027,0.00023455457478105328,1.1540267369865085,191.73976856749505,10,COMPLETE
1777,,,2026-10-06 01:17:35.858997,2026-10-06 01:20:12.402032,0 days 00:02:36.543035,0.447684485641811,0.7186098618255685,0.10498902344649229,18.386910920395536,0.05714116461716917,98.6416708615901,1.484226923085714,5.8774721288796,0.6979007106917119,0.03280586071940829,2.1038771230648366e-06,1.1540267369865085,,10,PRUNED
1778,33.9974148787086,9.631216000356792,2026-10-06 01:17:36.182319,2026-10-06 01:20:46.163996,0 days 00:03:09.981677,0.8010869639365119,0.21606902729252941,0.5926143650576037,18.386910920395536,0.05714116461716917,85.69762729633804,0.21292518523710352,5.299460499774038,0.5860574191614696,0.03280586071940829,0.00014447613183128302,1.3635581381619835,189.9815838271752,10,COMPLETE
1779,,,2026-10-06 01:18:02.235042,2026-10-06 01:18:03.822055,0 days 00:00:01.587013,0.51115025563667,1.2802992663387414,0.5667882730348237,21.183844928151355,0.2395452449940939,85.69762729633804,1.080654620868664,23.475624031055144,0.18589067298139156,0.03280586071940829,,1.2974912099205862,,10,PRUNED
1780,,,2026-10-06 01:18:03.937041,2026-10-06 01:18:46.574148,0 days 00:00:42.637107,1.4644809848335274,0.8717951055729352,0.6443949852851695,11.991629079089469,0.9420006008877061,85.69762729633804,0.12486747625813921,86.57068482598544,0.08173395261699556,0.03280586071940829,0.14311068923337597,1.1540267369865085,,10,PRUNED
1781,28.59900110540216,16.14944853917712,2026-10-06 01:18:10.504396,2026-10-06 01:21:22.253242,0 days 00:03:11.748846,0.8010869639365119,0.3233389271032242,0.6443949852851695,11.991629079089469,0.2395452449940939,85.69762729633804,0.12486747625813921,86.57068482598544,0.2975664073833317,0.03280586071940829,0.00014447613183128302,1.1540267369865085,191.748744440265,10,COMPLETE
1782,37.95606535966705,11.199779843645171,2026-10-06 01:18:11.776987,2026-10-06 01:21:26.307967,0 days 00:03:14.530980,0.51115025563667,0.2378530947287547,0.5109843287919977,5.245413993140336,0.6087670929915812,94.61146042672904,1.4690823188003486,14.182822102930093,0.08173395261699556,0.03038027549946027,4.343429493003475e-06,0.739405563829868,194.5308805666864,10,COMPLETE
1783,25.525082032368413,16.26693719033689,2026-10-06 01:18:12.482166,2026-10-06 01:21:21.840351,0 days 00:03:09.358185,0.19630735827449874,0.3233389271032242,0.807738690329122,18.386910920395536,0.573262704172143,98.6416708615901,0.21292518523710352,14.182822102930093,0.04206136129933902,0.024099244621516126,0.0006185581455600675,1.4449414148301858,189.35808990709484,10,COMPLETE
1784,30.874841922258554,12.00922350327776,2026-10-06 01:18:12.485967,2026-10-06 01:21:25.688212,0 days 00:03:13.202245,0.447684485641811,0.7186098618255685,0.5667882730348237,18.386910920395536,0.2395452449940939,85.69762729633804,0.954202730608916,23.475624031055144,0.04206136129933902,0.03280586071940829,0.00027101652831978105,1.1540267369865085,193.20213971380144,10,COMPLETE
1785,48.851116551241994,1.9462662407255857,2026-10-06 01:18:13.097002,2026-10-06 01:21:24.138687,0 days 00:03:11.041685,0.8010869639365119,0.19189790819770397,0.20358075665942357,10.517467008748584,0.2395452449940939,85.69762729633804,0.7297455375332902,2.6218373459933955,0.08173395261699556,0.03038027549946027,0.0006185581455600675,1.2139299004838662,191.0415792800486,10,COMPLETE
1786,35.17426159593831,2.0831640819592665,2026-10-06 01:18:15.086155,2026-10-06 01:21:26.795937,0 days 00:03:11.709782,1.4644809848335274,0.8717951055729352,0.5667882730348237,1.7632979184300608,0.6454873286650737,85.69762729633804,1.3460422977121211,23.475624031055144,0.08173395261699556,0.03280586071940829,0.00014447613183128302,0.20644317504067355,191.70969315525144,10,COMPLETE
1787,32.18931413361738,12.22197786189759,2026-10-06 01:18:15.089972,2026-10-06 01:21:29.460352,0 days 00:03:14.370380,0.4919537458910443,0.3233389271032242,0.4120579376102117,10.877854836518644,0.2395452449940939,98.6416708615901,0.21292518523710352,86.57068482598544,0.08173395261699556,0.03280586071940829,0.00014447613183128302,1.1540267369865085,194.37027321197093,10,COMPLETE
1788,16.21032986000484,11.824813170167872,2026-10-06 01:18:16.931006,2026-10-06 01:21:24.350393,0 days 00:03:07.419387,0.4919537458910443,0.2965654106455736,0.6443949852851695,18.489161893608337,0.2395452449940939,5.0970650288292205,0.21292518523710352,19.15408445903519,0.4212595585654096,0.03038027549946027,0.00014447613183128302,1.1540267369865085,187.41929217986763,10,COMPLETE
1789,40.59460229104097,2.704222759310945,2026-10-06 01:18:17.401005,2026-10-06 01:21:27.358973,0 days 00:03:09.957968,0.447684485641811,0.8717951055729352,0.5667882730348237,11.991629079089469,0.6454873286650737,85.69762729633804,1.3460422977121211,1.4425922399611748,0.18589067298139156,0.03280586071940829,0.00023455457478105328,1.1540267369865085,189.9578683907166,10,COMPLETE
1790,14.87690747900117,18.426080764578014,2026-10-06 01:18:46.312012,2026-10-06 01:21:57.982314,0 days 00:03:11.670302,0.51115025563667,0.3233389271032242,0.807738690329122,46.84217291331223,0.2395452449940939,57.46371301545641,0.21292518523710352,14.182822102930093,0.04206136129933902,0.024099244621516126,0.0006185581455600675,1.2974912099205862,191.67019382026047,10,COMPLETE
1791,37.89241276396798,6.832943642712411,2026-10-06 01:18:46.479996,2026-10-06 01:21:59.319992,0 days 00:03:12.839996,0.51115025563667,0.7073218152741095,0.5667882730348237,11.991629079089469,0.6454873286650737,85.69762729633804,0.21292518523710352,5.299460499774038,0.08173395261699556,0.03280586071940829,0.00014447613183128302,1.3635581381619835,192.83988798968494,10,COMPLETE
1792,25.37766374048983,4.638163644926409,2026-10-06 01:18:46.945998,2026-10-06 01:21:58.263828,0 days 00:03:11.317830,0.447684485641811,0.3233389271032242,0.20358075665942357,8.556213008137046,0.2395452449940939,22.804841548393437,0.12486747625813921,11.86468393276075,0.2975664073833317,0.03280586071940829,0.00014447613183128302,0.2678812614884665,191.317731984891,10,COMPLETE
1793,44.183320650791956,1.9696990877812424,2026-10-06 01:18:47.049144,2026-10-06 01:21:57.178660,0 days 00:03:10.129516,0.447684485641811,1.012439712223232,0.807738690329122,5.245413993140336,0.6087670929915812,94.61146042672904,0.6419517764288287,5.8774721288796,0.08173395261699556,0.09765004764801033,3.680314106392975e-06,1.1540267369865085,190.12940259929746,10,COMPLETE
1794,37.749656710419025,7.954247615425782,2026-10-06 01:18:47.070989,2026-10-06 01:21:59.551950,0 days 00:03:12.480961,0.447684485641811,0.7186098618255685,0.4120579376102117,21.183844928151355,0.5855379267962546,85.69762729633804,1.4690823188003486,20.4004304097776,0.04206136129933902,0.03280586071940829,4.343429493003475e-06,1.2974912099205862,192.48085529729724,10,COMPLETE
1795,,,2026-10-06 01:18:48.192218,2026-10-06 01:18:48.653019,0 days 00:00:00.460801,0.447684485641811,0.3233389271032242,0.6443949852851695,10.877854836518644,0.2395452449940939,98.6416708615901,0.44870530193008085,86.57068482598544,0.08173395261699556,0.0016421792360332044,,1.1540267369865085,,10,PRUNED
1796,48.84629375856848,1.5087933514817302,2026-10-06 01:18:48.668989,2026-10-06 01:22:04.388687,0 days 00:03:15.719698,0.447684485641811,0.19189790819770397,0.20358075665942357,8.556213008137046,0.2395452449940939,85.69762729633804,0.7297455375332902,5.8774721288796,0.6979007106917119,0.07297012210736925,2.1038771230648366e-06,0.6298110096990894,195.71961305756122,10,COMPLETE
1797,,,2026-10-06 01:18:48.897278,2026-10-06 01:18:49.517007,0 days 00:00:00.619729,0.51115025563667,0.3233389271032242,0.4120579376102117,21.183844928151355,0.2395452449940939,18.324483270249335,1.4690823188003486,20.4004304097776,1.0659180622492859,0.024099244621516126,,1.1540267369865085,,10,PRUNED
1798,,,2026-10-06 01:18:49.548979,2026-10-06 01:18:50.035036,0 days 00:00:00.486057,0.51115025563667,0.8717951055729352,0.5667882730348237,21.183844928151355,0.2395452449940939,29.560220545866393,0.24445170145728262,7.546791256856557,1.2155546325719635,0.03280586071940829,,1.2974912099205862,,10,PRUNED
1799,35.92755285831825,2.173586873109227,2026-10-06 01:18:49.552967,2026-10-06 01:22:03.547159,0 days 00:03:13.994192,0.30612137339280804,0.8717951055729352,0.1347521461063753,21.183844928151355,0.6087670929915812,85.69762729633804,1.080654620868664,23.475624031055144,0.18589067298139156,0.03038027549946027,0.00023455457478105328,0.739405563829868,193.99414635449648,10,COMPLETE
1800,24.90219587638261,2.5283442481866185,2026-10-06 01:18:50.268998,2026-10-06 01:22:02.479457,0 days 00:03:12.210459,0.51115025563667,0.7186098618255685,0.6443949852851695,18.489161893608337,0.05714116461716917,85.69762729633804,1.191277759964359,5.299460499774038,0.08173395261699556,0.037495759622009746,1.8714887335898098,1.2974912099205862,192.21035452745855,10,COMPLETE
1801,35.76178224734224,3.9064374904405708,2026-10-06 01:18:50.482204,2026-10-06 01:22:00.875266,0 days 00:03:10.393062,1.4644809848335274,0.8717951055729352,0.5667882730348237,18.489161893608337,0.6454873286650737,85.69762729633804,0.12486747625813921,96.2972664076338,0.08173395261699556,0.085235127953109,0.00014447613183128302,1.1540267369865085,190.39294639136642,10,COMPLETE
1802,28.5495758225835,16.764105549007525,2026-10-06 01:18:50.804066,2026-10-06 01:22:04.285731,0 days 00:03:13.481665,0.51115025563667,0.3233389271032242,0.6443949852851695,21.183844928151355,0.2395452449940939,94.61146042672904,1.080654620868664,23.475624031055144,0.04206136129933902,0.03280586071940829,0.00014447613183128302,1.1540267369865085,193.48157072346658,10,COMPLETE
1803,18.795005259784723,11.742502392066628,2026-10-06 01:18:51.395002,2026-10-06 01:22:04.381007,0 days 00:03:12.986005,0.13622701639409351,0.3233389271032242,0.6443949852851695,18.489161893608337,0.3593183424110313,98.6416708615901,0.12486747625813921,86.57068482598544,0.08173395261699556,0.03280586071940829,0.749830807857657,0.30673616238509677,192.9859147267416,10,COMPLETE
1804,,,2026-10-06 01:18:51.890694,2026-10-06 01:19:29.043068,0 days 00:00:37.152374,0.447684485641811,0.4835105352725577,0.4120579376102117,10.877854836518644,0.2395452449940939,85.69762729633804,0.21292518523710352,28.113038162605836,0.6979007106917119,0.037732353172350436,3.680314106392975e-06,1.1540267369865085,,10,PRUNED
1805,,,2026-10-06 01:18:52.840983,2026-10-06 01:18:53.424032,0 days 00:00:00.583049,0.8010869639365119,0.19189790819770397,0.20358075665942357,8.556213008137046,0.2395452449940939,98.6416708615901,0.21292518523710352,5.8774721288796,0.08173395261699556,0.003411564704300559,,0.2678812614884665,,10,PRUNED
1806,37.943863287987526,2.4161051046300948,2026-10-06 01:18:52.917152,2026-10-06 01:22:03.547052,0 days 00:03:10.629900,0.51115025563667,0.8717951055729352,0.20358075665942357,21.183844928151355,0.33279388005294136,85.69762729633804,0.21292518523710352,11.86468393276075,0.08173395261699556,0.039589557824778104,4.343429493003475e-06,0.2678812614884665,190.62980064190924,10,COMPLETE
1807,35.710007440650145,11.049238884751366,2026-10-06 01:18:53.780008,2026-10-06 01:22:04.228823,0 days 00:03:10.448815,0.6205695258223403,0.8717951055729352,0.5667882730348237,21.183844928151355,0.5181959847436819,85.69762729633804,1.080654620868664,23.475624031055144,0.08173395261699556,0.03280586071940829,0.00014447613183128302,1.2974912099205862,190.44871829077601,10,COMPLETE
1808,48.68734239251877,2.53496742292979,2026-10-06 01:18:53.791968,2026-10-06 01:22:02.576375,0 days 00:03:08.784407,0.8010869639365119,0.19189790819770397,0.20358075665942357,8.556213008137046,0.6454873286650737,85.69762729633804,0.21292518523710352,3.330414885794879,0.2975664073833317,0.03038027549946027,3.57512734961527e-06,0.2678812614884665,188.78430840931833,10,COMPLETE
1809,27.685426763368092,12.078319298539595,2026-10-06 01:19:25.133002,2026-10-06 01:22:40.226819,0 days 00:03:15.093817,0.447684485641811,0.3233389271032242,0.4120579376102117,14.226158550912755,0.2395452449940939,57.46371301545641,0.21292518523710352,6.6677186587223884,0.04206136129933902,0.024099244621516126,3.680314106392975e-06,1.1540267369865085,195.09371737204492,10,COMPLETE
1810,25.854411684637277,10.614631814663241,2026-10-06 01:19:25.239004,2026-10-06 01:22:40.194858,0 days 00:03:14.955854,0.8010869639365119,0.19189790819770397,0.807738690329122,8.556213008137046,0.2395452449940939,98.6416708615901,0.21292518523710352,23.475624031055144,0.08173395261699556,0.039589557824778104,0.00014447613183128302,1.2974912099205862,194.9557360028848,10,COMPLETE
1811,44.74713801322827,2.331275310764911,2026-10-06 01:19:25.570020,2026-10-06 01:22:38.298787,0 days 00:03:12.728767,0.51115025563667,0.8717951055729352,0.20358075665942357,10.517467008748584,0.2395452449940939,85.69762729633804,0.7297455375332902,23.475624031055144,0.08173395261699556,0.039589557824778104,4.343429493003475e-06,1.2974912099205862,192.72865528333932,10,COMPLETE
1812,46.92388781323352,1.2849883117985383,2026-10-06 01:19:26.319238,2026-10-06 01:22:39.733500,0 days 00:03:13.414262,0.447684485641811,0.2965654106455736,0.4120579376102117,18.489161893608337,0.5047956786898977,98.6416708615901,0.21292518523710352,1.2001363989388558,0.4212595585654096,0.09765004764801033,0.00014447613183128302,1.1540267369865085,193.4141700323671,10,COMPLETE
1813,31.044927051037757,13.819535642845427,2026-10-06 01:19:26.506997,2026-10-06 01:22:43.529670,0 days 00:03:17.022673,0.999997265523284,0.2965654106455736,0.5667882730348237,21.183844928151355,0.2395452449940939,94.61146042672904,0.954202730608916,23.475624031055144,0.04206136129933902,0.03280586071940829,0.00027101652831978105,1.2974912099205862,197.0225617159158,10,COMPLETE
