number,values_0,values_1,datetime_start,datetime_complete,duration,params_between_rest_spread,params_c_spread,params_c_val,params_input_force,params_k_between_spread,params_k_between_val,params_k_wall_spread,params_k_wall_val,params_m_spread,params_m_val,params_ridge_alpha,params_wall_rest_spread,user_attrs_duration_sec,system_attrs_NSGAIISampler:generation,state
1045,37.296185074150316,1.200301574398957,2026-10-06 00:49:49.728178,2026-10-06 00:53:03.590865,0 days 00:03:13.862687,0.8580887359534806,1.0562250660985053,0.11369858697944095,11.991629079089469,0.29675499538560296,85.69762729633804,0.5374406135088594,1.6947971224041727,0.742842471971084,0.09765004764801033,0.0011757094612474103,0.9092751429584793,193.86257359944284,5,COMPLETE
1046,,,2026-10-06 00:49:51.819005,2026-10-06 00:49:52.912069,0 days 00:00:01.093064,0.447684485641811,0.3233389271032242,0.6443949852851695,18.489161893608337,0.2395452449940939,2.9615022659031585,1.4594405107884705,86.57068482598544,0.08173395261699556,0.007361010447850752,,0.5142999062500755,,5,PRUNED
1047,31.030213478317005,6.479768961290342,2026-10-06 00:49:52.920162,2026-10-06 00:53:07.283169,0 days 00:03:14.363007,0.19630735827449874,0.2284118304472575,0.4120579376102117,4.264385735936695,0.13413529032133142,98.6416708615901,0.21292518523710352,14.182822102930093,0.0236399030193733,0.026718092033143594,0.0006185581455600675,0.7296704665126732,194.36290829535574,5,COMPLETE
1048,,,2026-10-06 00:49:53.176010,2026-10-06 00:50:31.154240,0 days 00:00:37.978230,0.26584925097834533,0.2965654106455736,0.4120579376102117,41.645467536664455,0.6454873286650737,98.6416708615901,0.21292518523710352,86.57068482598544,0.7360596685479106,0.037495759622009746,8.057382607958031e-05,0.7296704665126732,,5,PRUNED
1049,38.42436822306473,1.3326375466073117,2026-10-06 00:49:54.900007,2026-10-06 00:53:09.769196,0 days 00:03:14.869189,0.8010869639365119,0.3233389271032242,0.5799701872746303,40.68137789406692,0.05714116461716917,85.69762729633804,0.7964747556623476,1.2001363989388558,0.2975664073833317,0.09765004764801033,0.004475392410627206,1.1540267369865085,194.8690991755575,5,COMPLETE
1050,21.898504384555576,1.2694371479910647,2026-10-06 00:49:55.614998,2026-10-06 00:53:04.436722,0 days 00:03:08.821724,0.3395165906212997,0.2284118304472575,0.11720021795877078,16.606931230784816,0.6454873286650737,26.22079615322774,0.6190885998388953,14.182822102930093,0.26083598793965107,0.09765004764801033,0.029272072089378667,0.6004925208325128,188.82161126099527,5,COMPLETE
1051,,,2026-10-06 00:49:56.150140,2026-10-06 00:49:56.629370,0 days 00:00:00.479230,0.7535562568504046,0.6982287712798552,0.6443949852851695,5.245413993140336,0.2395452449940939,2.9615022659031585,0.21292518523710352,5.8774721288796,0.08173395261699556,0.007361010447850752,,0.6004925208325128,,5,PRUNED
1052,,,2026-10-06 00:49:56.234148,2026-10-06 00:49:56.687017,0 days 00:00:00.452869,0.8861887783233188,0.4774636695198178,0.6443949852851695,18.489161893608337,0.17665571526270746,25.088361291801984,0.11575120435477082,86.57068482598544,0.26083598793965107,0.007361010447850752,,1.1540267369865085,,5,PRUNED
1053,,,2026-10-06 00:49:56.933009,2026-10-06 00:49:58.134022,0 days 00:00:01.201013,0.4919537458910443,0.3233389271032242,0.589347288490563,5.245413993140336,0.3201011955575039,3.9357948336652977,0.7964747556623476,86.57068482598544,0.7685554742107898,0.03280586071940829,,1.3458907086260936,,5,PRUNED
1054,,,2026-10-06 00:49:57.588219,2026-10-06 00:50:37.275015,0 days 00:00:39.686796,0.3834721347353825,0.2965654106455736,0.6443949852851695,41.645467536664455,0.6454873286650737,85.69762729633804,0.7964747556623476,86.57068482598544,0.2975664073833317,0.037495759622009746,0.00014447613183128302,1.0281652581298224,,5,PRUNED
1055,22.385760508812346,2.78545594964569,2026-10-06 00:49:57.713990,2026-10-06 00:53:09.760275,0 days 00:03:12.046285,0.51115025563667,0.7347826529652479,0.20358075665942357,9.868280842937416,1.4257271037095816,11.647781097448451,1.3355598077240103,11.86468393276075,0.36668771275960627,0.03038027549946027,0.002337981028655364,0.21347726672360295,192.04619325324893,5,COMPLETE
1056,11.17356255723536,5.167707487112345,2026-10-06 00:49:57.725979,2026-10-06 00:53:10.332259,0 days 00:03:12.606280,0.7737222815132565,0.5608376222859704,0.807738690329122,40.13809426836068,1.0774031071944332,2.9667093425059705,0.06389754300029743,7.9874857515804925,0.4212595585654096,0.025319098405767283,0.004475392410627206,0.9405267840694287,192.60619266703725,5,COMPLETE
1057,22.399016213971393,1.4974173154691086,2026-10-06 00:49:58.166146,2026-10-06 00:53:12.252363,0 days 00:03:14.086217,0.447684485641811,0.8304682506740793,0.6565584354267013,18.386910920395536,1.059548238177312,3.9357948336652977,0.7964747556623476,86.57068482598544,0.6979007106917119,0.09765004764801033,2.9442330109354824,1.3458907086260936,194.0861164489761,5,COMPLETE
1058,13.204402577902684,1.3529579858043812,2026-10-06 00:49:58.197982,2026-10-06 00:53:07.624588,0 days 00:03:09.426606,0.447684485641811,0.5088079218375162,0.34699519698385084,5.245413993140336,0.05714116461716917,2.9615022659031585,1.3516164796002788,4.314853216716561,0.17672380622360612,0.09765004764801033,1.9958034707972923e-06,0.5142999062500755,189.426507756114,5,COMPLETE
1059,,,2026-10-06 00:49:58.448997,2026-10-06 00:50:41.502043,0 days 00:00:43.053046,0.8861887783233188,0.4774636695198178,0.4120579376102117,5.245413993140336,1.0774031071944332,98.6416708615901,0.21292518523710352,14.182822102930093,0.6353936504592018,0.09765004764801033,0.00035388507471792604,0.6004925208325128,,5,PRUNED
1060,,,2026-10-06 00:49:58.488998,2026-10-06 00:52:32.609031,0 days 00:02:34.120033,0.3830339884116664,0.3731992973752525,0.8963077992480584,17.553296709297783,0.6688626104060442,25.088361291801984,0.6190885998388953,7.9874857515804925,1.1885908081286978,0.07297012210736925,0.004475392410627206,1.1540267369865085,,5,PRUNED
1061,,,2026-10-06 00:49:58.656626,2026-10-06 00:49:59.445032,0 days 00:00:00.788406,1.3426389093843176,0.5910739271901191,0.587377575500352,12.404456665881645,0.8641627247678014,29.24681719313966,0.6190885998388953,10.195345414647532,0.4212595585654096,0.006074688503901476,,0.4308759536159532,,5,PRUNED
1062,12.526506302115365,24.760283597557418,2026-10-06 00:49:58.868287,2026-10-06 00:53:11.295450,0 days 00:03:12.427163,0.19630735827449874,0.3233389271032242,0.4120579376102117,18.489161893608337,0.2395452449940939,3.9357948336652977,0.21292518523710352,14.182822102930093,0.2975664073833317,0.004624033498939948,0.00014447613183128302,1.3458907086260936,192.42706549260765,5,COMPLETE
1063,15.270443979207325,6.032333712607425,2026-10-06 00:49:58.871994,2026-10-06 00:53:14.163483,0 days 00:03:15.291489,0.4428292606447327,0.3233389271032242,0.6565584354267013,8.695206399809345,0.29675499538560296,3.9357948336652977,0.7964747556623476,1.6947971224041727,0.2975664073833317,0.022132402954529992,1.8062818588882274e-05,1.3458907086260936,195.29137279186398,5,COMPLETE
1064,12.419058541748363,1.4500704306915226,2026-10-06 00:49:59.615989,2026-10-06 00:53:09.579816,0 days 00:03:09.963827,0.9323049410555256,0.527164092890509,0.06022460482083565,11.910918541531306,0.5855379267962546,2.1048794976754106,0.20357229172011587,5.299460499774038,0.194083030357998,0.02749864300312601,3.736607894112202e-06,1.1888155686802921,189.96373273339123,5,COMPLETE
1065,,,2026-10-06 00:50:00.269989,2026-10-06 00:50:01.767014,0 days 00:00:01.497025,1.350503098526395,0.7347826529652479,0.807738690329122,18.677678184085455,1.4257271037095816,25.088361291801984,1.3355598077240103,7.9874857515804925,1.0553091339667895,0.03280586071940829,,0.9405267840694287,,5,PRUNED
1066,,,2026-10-06 00:50:00.808000,2026-10-06 00:50:40.894033,0 days 00:00:40.086033,0.8010869639365119,0.3233389271032242,0.11369858697944095,11.991629079089469,0.2395452449940939,85.69762729633804,0.21292518523710352,1.2001363989388558,0.742842471971084,0.024099244621516126,0.0006185581455600675,0.7296704665126732,,5,PRUNED
1067,19.427103644696146,13.141903058206891,2026-10-06 00:50:00.882987,2026-10-06 00:53:09.431819,0 days 00:03:08.548832,0.51115025563667,0.5608376222859704,0.5667882730348237,16.18523914545625,0.6688626104060442,11.647781097448451,0.19809840133758488,23.475624031055144,0.5860574191614696,0.03280586071940829,2.1038771230648366e-06,0.6069618734849955,188.54873604420573,5,COMPLETE
1068,17.19643547409924,4.178799905578237,2026-10-06 00:50:01.360002,2026-10-06 00:53:10.423815,0 days 00:03:09.063813,0.7737222815132565,0.8661787220393558,0.5667882730348237,46.77905688905652,1.35460707310614,11.647781097448451,0.6419517764288287,23.475624031055144,0.4212595585654096,0.03280586071940829,0.004475392410627206,0.9405267840694287,189.0637226756662,5,COMPLETE
1069,30.480345504647552,3.607590229659939,2026-10-06 00:50:01.367980,2026-10-06 00:53:10.725766,0 days 00:03:09.357786,0.4428292606447327,0.4500057657713351,0.2297655624989891,8.794323001260684,0.29675499538560296,28.285734118696016,0.6165960852108494,1.6947971224041727,0.05609924456069537,0.022132402954529992,0.0011757094612474103,0.9092751429584793,189.35768399201334,5,COMPLETE
1070,18.488388067199743,10.863537987842983,2026-10-06 00:50:01.798999,2026-10-06 00:53:12.520016,0 days 00:03:10.721017,0.8861887783233188,0.4774636695198178,0.4120579376102117,16.606931230784816,0.17665571526270746,25.088361291801984,1.181732012182763,2.029882838261563,0.26083598793965107,0.007361010447850752,0.004475392410627206,0.6004925208325128,190.7209274834022,5,COMPLETE
1071,21.867737152658496,3.068808498628277,2026-10-06 00:50:01.892153,2026-10-06 00:53:10.071725,0 days 00:03:08.179572,0.51115025563667,0.8661787220393558,0.5667882730348237,16.18523914545625,1.35460707310614,11.647781097448451,0.6419517764288287,23.475624031055144,0.5860574191614696,0.07297012210736925,0.004475392410627206,0.6069618734849955,188.17946538049728,5,COMPLETE
1072,,,2026-10-06 00:50:01.919994,2026-10-06 00:50:39.635531,0 days 00:00:37.715537,0.7535562568504046,0.1544379750618336,0.03240094579624807,4.264385735936695,0.4424930116262647,49.7837090928796,0.6190885998388953,2.688509826508115,0.0236399030193733,0.007361010447850752,3.7310590236616203,0.6004925208325128,,5,PRUNED
1073,31.599077863878744,2.8083303396238914,2026-10-06 00:50:30.962014,2026-10-06 00:53:46.187361,0 days 00:03:15.225347,0.3395165906212997,0.3233389271032242,0.1347521461063753,21.183844928151355,0.3201011955575039,94.61146042672904,0.6190885998388953,86.57068482598544,0.2975664073833317,0.03038027549946027,2.9442330109354824,0.6004925208325128,195.22524566948414,5,COMPLETE
1074,37.289148347357475,1.1814603926471188,2026-10-06 00:50:31.242001,2026-10-06 00:53:42.762930,0 days 00:03:11.520929,0.51115025563667,1.0150929929818175,0.20358075665942357,8.556213008137046,1.0774031071944332,85.69762729633804,0.06389754300029743,1.5270420257010542,0.007925456797868324,0.09765004764801033,0.0005104435594619652,0.9040411163974774,191.52082405984402,5,COMPLETE
1075,,,2026-10-06 00:50:34.348126,2026-10-06 00:51:13.738040,0 days 00:00:39.389914,0.8010869639365119,0.3233389271032242,0.5799701872746303,19.057032152046013,0.6454873286650737,85.69762729633804,0.7964747556623476,1.2001363989388558,1.2487468890756674,0.09765004764801033,0.00014447613183128302,0.2678812614884665,,5,PRUNED
1076,29.600564941756886,2.41881127904215,2026-10-06 00:50:35.414996,2026-10-06 00:53:49.231070,0 days 00:03:13.816074,0.4919537458910443,0.3731992973752525,0.09005234812447538,8.695206399809345,0.3201011955575039,25.088361291801984,0.7964747556623476,22.76765459807132,0.7685554742107898,0.03038027549946027,2.9442330109354824,0.0038888774159797634,193.8159737298265,5,COMPLETE
1077,37.66839181575791,2.7292238599250425,2026-10-06 00:50:36.072162,2026-10-06 00:53:47.752397,0 days 00:03:11.680235,0.9787337231964304,0.4500057657713351,0.11720021795877078,8.794323001260684,0.6454873286650737,28.285734118696016,0.6190885998388953,86.57068482598544,0.26083598793965107,0.03038027549946027,0.0011757094612474103,0.6004925208325128,191.6801378186792,5,COMPLETE
1078,47.34759212360249,2.298362728532835,2026-10-06 00:50:36.075968,2026-10-06 00:53:50.777818,0 days 00:03:14.701850,0.8861887783233188,0.2284118304472575,0.2297655624989891,16.606931230784816,0.29675499538560296,98.6416708615901,0.21292518523710352,1.2001363989388558,0.08165794768700468,0.022132402954529992,0.0006185581455600675,0.2678812614884665,194.70176042802632,5,COMPLETE
1079,12.260713392560785,3.608772110018493,2026-10-06 00:50:36.079975,2026-10-06 00:53:49.978753,0 days 00:03:13.898778,1.2356600307833205,0.4500057657713351,0.09005234812447538,49.29044678188408,1.0774031071944332,2.9615022659031585,0.6165960852108494,4.314853216716561,0.17672380622360612,0.007361010447850752,1.9958034707972923e-06,0.9092751429584793,193.89867374580353,5,COMPLETE
1080,26.363641585011948,8.144759620971891,2026-10-06 00:50:36.582994,2026-10-06 00:53:49.012985,0 days 00:03:12.429991,0.7535562568504046,0.3233389271032242,0.5799701872746303,4.264385735936695,1.0126342536422681,11.647781097448451,0.7248315926531653,23.475624031055144,0.7685554742107898,0.03280586071940829,0.00014447613183128302,1.3635581381619835,192.42989283520728,5,COMPLETE
1081,,,2026-10-06 00:50:37.384991,2026-10-06 00:50:37.874056,0 days 00:00:00.489065,0.8861887783233188,0.2284118304472575,0.4120579376102117,16.606931230784816,0.012171422282250266,98.6416708615901,0.21292518523710352,14.182822102930093,0.7685554742107898,0.006751176673730692,,0.05322667642326201,,5,PRUNED
1082,17.442950792252322,12.441992475772171,2026-10-06 00:50:37.947999,2026-10-06 00:53:51.565478,0 days 00:03:13.617479,0.8010869639365119,0.3233389271032242,0.5799701872746303,10.877854836518644,0.2395452449940939,11.647781097448451,1.3355598077240103,11.86468393276075,0.3530518265752683,0.024099244621516126,0.0006185581455600675,0.2678812614884665,193.61738623678684,5,COMPLETE
1083,13.012328195975424,4.881968849076629,2026-10-06 00:50:38.439003,2026-10-06 00:53:51.781764,0 days 00:03:13.342761,0.4428292606447327,0.24837341587000777,0.2297655624989891,12.404456665881645,0.6214591733553628,2.9667093425059705,0.06389754300029743,3.931197378393482,0.8786218721209536,0.022132402954529992,0.3732703250428006,0.2678812614884665,193.34266449138522,5,COMPLETE
1084,17.56655135141677,11.759021485278456,2026-10-06 00:50:38.891009,2026-10-06 00:53:50.318436,0 days 00:03:11.427427,0.51115025563667,0.3233389271032242,0.6443949852851695,18.489161893608337,0.2395452449940939,13.181457191589926,0.6419517764288287,23.475624031055144,0.08173395261699556,0.03280586071940829,0.004475392410627206,1.1540267369865085,191.42734711244702,5,COMPLETE
1085,18.359770443882333,1.325298445678643,2026-10-06 00:50:39.749999,2026-10-06 00:53:55.769686,0 days 00:03:16.019687,0.2994157425323484,1.0562250660985053,0.5799701872746303,11.991629079089469,0.6046626808156426,7.596863112772716,1.3355598077240103,1.9366807143863374,0.007925456797868324,0.09765004764801033,0.0004693315590468239,0.9040411163974774,196.01957529131323,5,COMPLETE
1086,27.3578450757824,2.4484408180976653,2026-10-06 00:50:40.057164,2026-10-06 00:53:52.850603,0 days 00:03:12.793439,0.7535562568504046,0.3731992973752525,0.09005234812447538,5.245413993140336,1.0774031071944332,11.647781097448451,0.6190885998388953,23.475624031055144,0.7685554742107898,0.03280586071940829,0.009288012583605594,0.05322667642326201,192.7933435961604,5,COMPLETE
1087,,,2026-10-06 00:50:40.909992,2026-10-06 00:50:41.132004,0 days 00:00:00.222012,0.4919537458910443,0.4774636695198178,0.1347521461063753,8.971201744005825,0.3201011955575039,94.61146042672904,0.7964747556623476,1.2001363989388558,0.26083598793965107,0.007361010447850752,,1.1137428294822522,,5,PRUNED
1088,25.785095575138804,3.2320723980311192,2026-10-06 00:50:40.952984,2026-10-06 00:53:48.541522,0 days 00:03:07.588538,0.51115025563667,0.4835105352725577,0.807738690329122,8.794323001260684,0.29675499538560296,85.69762729633804,0.322590514712527,1.6947971224041727,0.05609924456069537,0.022132402954529992,0.0011757094612474103,0.2678812614884665,187.5884396424517,5,COMPLETE
1089,22.226508615654815,3.774279266030028,2026-10-06 00:50:41.567163,2026-10-06 00:53:49.511004,0 days 00:03:07.943841,0.7535562568504046,0.1544379750618336,0.03240094579624807,4.264385735936695,0.4424930116262647,2.9615022659031585,0.3578188233638099,2.688509826508115,0.7685554742107898,0.007361010447850752,3.7310590236616203,0.6004925208325128,187.94374023005366,5,COMPLETE
1090,14.628011244024913,2.3096485141586527,2026-10-06 00:50:41.570974,2026-10-06 00:53:49.686086,0 days 00:03:08.115112,0.4428292606447327,0.5608376222859704,0.807738690329122,5.290692704920544,0.17665571526270746,2.46887486306544,1.394035285276604,10.195345414647532,0.5860574191614696,0.03280586071940829,0.639517381314479,0.9405267840694287,188.11502484418452,5,COMPLETE
1091,16.100744669066156,1.215334006458963,2026-10-06 00:50:41.610983,2026-10-06 00:53:49.801110,0 days 00:03:08.190127,0.7737222815132565,0.5608376222859704,0.03240094579624807,17.553296709297783,0.6688626104060442,25.088361291801984,0.19809840133758488,2.688509826508115,0.5860574191614696,0.07297012210736925,2.1038771230648366e-06,0.9405267840694287,188.19003968313336,5,COMPLETE
1092,53.091547459922026,1.3436722453899153,2026-10-06 00:50:42.019999,2026-10-06 00:53:49.696779,0 days 00:03:07.676780,0.4919537458910443,1.0562250660985053,0.1347521461063753,8.695206399809345,0.3201011955575039,94.61146042672904,0.7964747556623476,1.2001363989388558,0.2975664073833317,0.03038027549946027,0.0004693315590468239,0.7296704665126732,187.67669640574604,5,COMPLETE
1093,52.536632576014384,1.4829496452541129,2026-10-06 00:51:11.103030,2026-10-06 00:54:24.351543,0 days 00:03:13.248513,0.8010869639365119,0.3233389271032242,0.1394114963198937,10.877854836518644,0.2395452449940939,85.69762729633804,0.21292518523710352,1.2001363989388558,0.2975664073833317,0.024099244621516126,0.0006185581455600675,0.2678812614884665,193.24840938672423,5,COMPLETE
1094,25.027372898325307,1.1603685524263547,2026-10-06 00:51:11.336998,2026-10-06 00:54:24.064801,0 days 00:03:12.727803,0.19630735827449874,0.527164092890509,0.06022460482083565,18.489161893608337,0.2395452449940939,85.69762729633804,1.394035285276604,14.182822102930093,0.194083030357998,0.09765004764801033,0.0006185581455600675,1.1540267369865085,192.7276894049719,5,COMPLETE
1095,9.838672049379685,14.616033652221365,2026-10-06 00:51:11.847174,2026-10-06 00:54:24.825681,0 days 00:03:12.978507,1.3426389093843176,0.24837341587000777,0.587377575500352,18.489161893608337,0.8641627247678014,2.9667093425059705,0.12486747625813921,10.195345414647532,0.08173395261699556,0.006074688503901476,0.00014447613183128302,1.0986643545560004,192.9783923458308,5,COMPLETE
1096,20.961637256072194,8.80978747675829,2026-10-06 00:51:13.053002,2026-10-06 00:54:23.823824,0 days 00:03:10.770822,0.9323049410555256,0.011151379315492593,0.09005234812447538,5.245413993140336,1.0774031071944332,2.9615022659031585,0.6190885998388953,2.0330101929189524,0.7685554742107898,0.007361010447850752,3.736607894112202e-06,1.1888155686802921,190.77061311528087,5,COMPLETE
1097,37.407373748440946,1.3637845309166212,2026-10-06 00:51:14.065002,2026-10-06 00:54:24.572567,0 days 00:03:10.507565,0.19630735827449874,0.2965654106455736,0.06022460482083565,18.489161893608337,0.2395452449940939,98.6416708615901,1.394035285276604,5.8774721288796,0.08173395261699556,0.024099244621516126,0.0006185581455600675,0.3066293241794842,190.50665259826928,5,COMPLETE
1098,19.057190547078346,1.7984350756128993,2026-10-06 00:51:14.109153,2026-10-06 00:54:28.737800,0 days 00:03:14.628647,0.7535562568504046,0.5088079218375162,0.11720021795877078,5.245413993140336,1.0774031071944332,2.9615022659031585,0.6190885998388953,2.0330101929189524,0.46962213455178087,0.03038027549946027,0.004475392410627206,0.6004925208325128,194.62853773497045,5,COMPLETE
1099,,,2026-10-06 00:51:16.127987,2026-10-06 00:53:50.363023,0 days 00:02:34.235036,0.51115025563667,0.4835105352725577,0.807738690329122,17.553296709297783,0.6688626104060442,11.647781097448451,0.19809840133758488,7.9874857515804925,1.1885908081286978,0.047263466606810974,0.004475392410627206,0.2678812614884665,,5,PRUNED
1100,12.31929484968041,16.653807633420172,2026-10-06 00:51:18.619996,2026-10-06 00:54:29.191624,0 days 00:03:10.571628,1.3426389093843176,0.24837341587000777,0.2169448017457144,11.879225148737884,1.0774031071944332,2.9667093425059705,0.06389754300029743,10.195345414647532,0.4212595585654096,0.006074688503901476,0.004475392410627206,0.21347726672360295,190.57154257036746,5,COMPLETE
1101,16.599916308447234,1.3831376410684215,2026-10-06 00:51:46.266987,2026-10-06 00:54:58.431613,0 days 00:03:12.164626,0.3395165906212997,0.5088079218375162,0.11720021795877078,49.38876798467917,0.7137045569317488,2.9615022659031585,0.6419517764288287,86.57068482598544,0.46962213455178087,0.03038027549946027,0.00014447613183128302,0.6004925208325128,192.1645236192271,5,COMPLETE
1102,,,2026-10-06 00:51:50.548100,2026-10-06 00:52:31.075041,0 days 00:00:40.526941,0.2994157425323484,0.5608376222859704,0.5799701872746303,11.991629079089469,0.6046626808156426,85.69762729633804,0.48813458921664094,1.1282993084044803,0.9124279461635039,0.09765004764801033,0.00014447613183128302,1.4891500624393408,,5,PRUNED
1103,19.269843969911257,10.669550370978673,2026-10-06 00:51:59.197999,2026-10-06 00:55:08.320417,0 days 00:03:09.122418,0.51115025563667,0.24837341587000777,0.5662816343755678,21.183844928151355,1.0774031071944332,11.647781097448451,1.1446866529412485,23.475624031055144,0.04206136129933902,0.03038027549946027,0.005958227033600532,0.8888802519498664,189.1223143413663,5,COMPLETE
