number,values_0,values_1,datetime_start,datetime_complete,duration,params_between_rest_spread,params_c_spread,params_c_val,params_input_force,params_k_between_spread,params_k_between_val,params_k_wall_spread,params_k_wall_val,params_m_spread,params_m_val,params_ridge_alpha,params_wall_rest_spread,user_attrs_duration_sec,system_attrs_NSGAIISampler:generation,state
2758,49.68609639845556,1.5148964113591656,2026-10-06 01:56:39.779152,2026-10-06 01:59:51.636425,0 days 00:03:11.857273,0.51115025563667,0.20614261983600785,0.12615106220885586,5.245413993140336,0.33279388005294136,98.6416708615901,0.21292518523710352,19.15408445903519,0.3372985396418654,0.03038027549946027,0.00023428333292156852,1.1540267369865085,191.85716564767063,17,COMPLETE
2759,41.29342464175933,4.780599495208728,2026-10-06 01:56:40.224996,2026-10-06 01:59:53.237759,0 days 00:03:13.012763,1.4644809848335274,0.8717951055729352,0.4120579376102117,17.441995067512533,0.33279388005294136,98.6416708615901,0.7297455375332902,6.2296041386818795,0.06802941049346445,0.03038027549946027,4.343429493003475e-06,1.1540267369865085,193.0126381572336,17,COMPLETE
2760,,,2026-10-06 01:56:42.503990,2026-10-06 01:57:21.179049,0 days 00:00:38.675059,0.51115025563667,0.2965654106455736,0.19400160111159936,18.489161893608337,0.6087670929915812,94.61146042672904,1.4690823188003486,5.8774721288796,0.7235700991343856,0.03280586071940829,4.343429493003475e-06,0.6612107628872745,,17,PRUNED
2761,41.51373294666338,1.6513855511609898,2026-10-06 01:56:43.943510,2026-10-06 01:59:56.942770,0 days 00:03:12.999260,0.51115025563667,0.8717951055729352,0.12867123428230837,11.991629079089469,0.6454873286650737,98.6416708615901,0.2638303543654441,23.475624031055144,0.007925456797868324,0.03280586071940829,4.343429493003475e-06,1.1540267369865085,192.99914354644716,17,COMPLETE
2762,24.696897866366765,12.142322951140272,2026-10-06 01:56:44.859001,2026-10-06 01:59:58.716858,0 days 00:03:13.857857,0.447684485641811,0.2284118304472575,0.807738690329122,10.877854836518644,0.2395452449940939,98.6416708615901,1.484226923085714,5.8774721288796,0.3054149949472662,0.019658008977964398,4.343429493003475e-06,1.1540267369865085,193.85774494241923,17,COMPLETE
2763,,,2026-10-06 01:56:45.964008,2026-10-06 01:56:47.125230,0 days 00:00:01.161222,1.4644809848335274,1.196118707267149,0.5667882730348237,18.386910920395536,0.33279388005294136,85.69762729633804,1.4690823188003486,23.475624031055144,0.08173395261699556,0.024099244621516126,,0.7296704665126732,,17,PRUNED
2764,46.435978983562165,5.286712552436631,2026-10-06 01:56:47.125669,2026-10-06 01:59:59.733432,0 days 00:03:12.607763,0.8548572270960194,0.2284118304472575,0.4120579376102117,5.245413993140336,0.6087670929915812,98.6416708615901,1.4690823188003486,5.8774721288796,0.08173395261699556,0.03038027549946027,4.343429493003475e-06,1.2267307691914986,192.60765942092985,17,COMPLETE
2765,42.4695318692833,7.129810343447925,2026-10-06 01:56:47.127988,2026-10-06 02:00:00.276357,0 days 00:03:13.148369,0.51115025563667,0.7186098618255685,0.5667882730348237,5.245413993140336,0.506401025718823,94.61146042672904,1.080654620868664,5.8774721288796,0.026937100580568585,0.03280586071940829,2.1038771230648366e-06,1.1540267369865085,193.14826341718435,17,COMPLETE
2766,30.36341812332027,16.47324418803969,2026-10-06 01:57:12.810014,2026-10-06 02:00:26.705212,0 days 00:03:13.895198,0.4919537458910443,0.2284118304472575,0.5667882730348237,10.877854836518644,0.5258583298127529,85.69762729633804,0.12486747625813921,41.66154811682372,0.007925456797868324,0.03280586071940829,4.343429493003475e-06,1.1540267369865085,193.89507883321494,17,COMPLETE
2767,43.382170870715655,6.186611107457698,2026-10-06 01:57:13.861997,2026-10-06 02:00:27.871777,0 days 00:03:14.009780,0.2994157425323484,0.7424495566914788,0.4120579376102117,8.556213008137046,0.20692789918679416,98.6416708615901,1.4690823188003486,5.8774721288796,0.06802941049346445,0.03038027549946027,4.343429493003475e-06,1.2267307691914986,194.0096727432683,17,COMPLETE
2768,44.79183839706336,3.2426322714573304,2026-10-06 01:57:17.048992,2026-10-06 02:00:27.839446,0 days 00:03:10.790454,0.51115025563667,0.2965654106455736,0.12615106220885586,8.556213008137046,0.33279388005294136,85.69762729633804,1.484226923085714,19.15408445903519,0.08173395261699556,0.021966873773064614,4.343429493003475e-06,0.2678812614884665,190.79034124221653,17,COMPLETE
2769,,,2026-10-06 01:57:17.109992,2026-10-06 01:57:54.858247,0 days 00:00:37.748255,0.4919537458910443,0.7186098618255685,0.6195148598869312,10.877854836518644,0.6087670929915812,85.69762729633804,0.12486747625813921,86.57068482598544,0.2920624205950966,0.03038027549946027,4.343429493003475e-06,1.1540267369865085,,17,PRUNED
2770,51.072583598455786,2.420758396597203,2026-10-06 01:57:18.439985,2026-10-06 02:00:29.201094,0 days 00:03:10.761109,0.51115025563667,0.19189790819770397,0.20358075665942357,10.877854836518644,0.506401025718823,98.6416708615901,1.484226923085714,5.8774721288796,0.2975664073833317,0.03280586071940829,4.343429493003475e-06,1.1540267369865085,190.76099783740938,17,COMPLETE
2771,39.26087833164246,11.443970167010532,2026-10-06 01:57:18.443963,2026-10-06 02:00:29.428833,0 days 00:03:10.984870,0.51115025563667,0.8717951055729352,0.5667882730348237,10.877854836518644,0.33279388005294136,94.61146042672904,1.080654620868664,45.6508402201298,0.3676044917349766,0.03280586071940829,4.343429493003475e-06,1.3890637168667692,190.98475691396743,17,COMPLETE
2772,45.20717622935457,2.7849078776071847,2026-10-06 01:57:19.061980,2026-10-06 02:00:30.804747,0 days 00:03:11.742767,0.51115025563667,0.7186098618255685,0.20358075665942357,5.245413993140336,0.6087670929915812,60.142358521858235,0.21292518523710352,5.8774721288796,0.08173395261699556,0.03038027549946027,4.343429493003475e-06,0.5240498572534003,191.74265417270362,17,COMPLETE
2773,39.78921306973499,3.153170597027046,2026-10-06 01:57:19.136017,2026-10-06 02:00:31.398335,0 days 00:03:12.262318,0.16912003421884259,0.2284118304472575,0.12615106220885586,8.556213008137046,0.33279388005294136,98.6416708615901,0.12486747625813921,14.182822102930093,0.08173395261699556,0.021966873773064614,3.237520947415894e-05,0.2678812614884665,192.26221252977848,17,COMPLETE
2774,,,2026-10-06 01:57:19.689611,2026-10-06 01:57:20.162044,0 days 00:00:00.472433,1.2071378367332484,1.252117366360731,0.5667882730348237,21.183844928151355,0.2395452449940939,85.69762729633804,1.484226923085714,41.66154811682372,0.007925456797868324,0.03280586071940829,,1.2974912099205862,,17,PRUNED
2775,38.71742105890241,8.7408502683975,2026-10-06 01:57:20.134997,2026-10-06 02:00:35.634198,0 days 00:03:15.499201,0.4919537458910443,0.8717951055729352,0.5667882730348237,21.183844928151355,0.506401025718823,98.6416708615901,0.7297455375332902,6.2296041386818795,0.007925456797868324,0.03280586071940829,4.343429493003475e-06,1.2974912099205862,195.49910059198737,17,COMPLETE
2776,42.19436333035214,2.083930356424732,2026-10-06 01:57:20.229992,2026-10-06 02:00:30.357849,0 days 00:03:10.127857,0.51115025563667,0.2401891670796546,0.12615106220885586,11.991629079089469,0.2395452449940939,85.69762729633804,1.4690823188003486,23.475624031055144,0.08173395261699556,0.03280586071940829,2.1038771230648366e-06,0.2678812614884665,190.12774036824703,17,COMPLETE
2777,27.023810147175737,17.1698990772986,2026-10-06 01:57:21.165166,2026-10-06 02:00:34.812844,0 days 00:03:13.647678,0.4919537458910443,0.2284118304472575,0.5667882730348237,21.183844928151355,0.423167756651917,85.69762729633804,0.12486747625813921,41.66154811682372,0.007925456797868324,0.03280586071940829,4.343429493003475e-06,1.1540267369865085,193.64755831938237,17,COMPLETE
2778,55.07602847995163,1.3442320623510553,2026-10-06 01:57:22.059158,2026-10-06 02:00:35.765657,0 days 00:03:13.706499,0.9158653711831447,0.7186098618255685,0.12615106220885586,5.245413993140336,0.2395452449940939,94.61146042672904,0.21292518523710352,5.8774721288796,0.007925456797868324,0.03038027549946027,0.00023428333292156852,1.1540267369865085,193.70639809593558,17,COMPLETE
2779,38.312424019421094,1.898933718287668,2026-10-06 01:57:22.062963,2026-10-06 02:00:31.665814,0 days 00:03:09.602851,0.4919537458910443,0.19189790819770397,0.5926143650576037,10.877854836518644,0.2395452449940939,98.6416708615901,0.12486747625813921,1.4056083189495427,0.08173395261699556,0.056792546327577575,3.237520947415894e-05,0.5731081751660072,189.60273221414536,17,COMPLETE
2780,35.18154262255653,2.1398339232144776,2026-10-06 01:57:22.129973,2026-10-06 02:00:34.115227,0 days 00:03:11.985254,0.51115025563667,0.2284118304472575,0.4120579376102117,5.245413993140336,0.6087670929915812,94.61146042672904,1.4690823188003486,5.8774721288796,0.08173395261699556,0.03280586071940829,0.009047271447255445,1.2974912099205862,191.98514598049223,17,COMPLETE
2781,,,2026-10-06 01:57:24.304999,2026-10-06 01:57:24.814025,0 days 00:00:00.509026,0.7407180681038071,0.7186098618255685,0.4120579376102117,5.245413993140336,1.3144448793787196,85.69762729633804,1.4690823188003486,35.86671955459044,1.396434736055424,0.03038027549946027,,0.33407624601428326,,17,PRUNED
2782,32.477130398715886,13.931682338890758,2026-10-06 01:57:25.361001,2026-10-06 02:00:35.553967,0 days 00:03:10.192966,0.51115025563667,0.2284118304472575,0.5667882730348237,21.183844928151355,0.6454873286650737,85.69762729633804,1.4690823188003486,14.182822102930093,0.007925456797868324,0.03280586071940829,4.343429493003475e-06,1.2974912099205862,190.1928574135527,17,COMPLETE
2783,51.50964473867085,2.4403291610815,2026-10-06 01:57:52.072046,2026-10-06 02:01:05.305377,0 days 00:03:13.233331,0.2994157425323484,0.2284118304472575,0.20358075665942357,5.245413993140336,0.6087670929915812,94.61146042672904,1.117223735344941,8.025400716250592,0.08173395261699556,0.03038027549946027,4.343429493003475e-06,1.2974912099205862,193.23321431223303,17,COMPLETE
2784,39.46727893062858,8.220236586250065,2026-10-06 01:57:53.366000,2026-10-06 02:01:08.124999,0 days 00:03:14.758999,0.7407180681038071,0.21606902729252941,0.4120579376102117,11.991629079089469,0.33279388005294136,94.61146042672904,0.6419517764288287,5.8774721288796,0.007925456797868324,0.03038027549946027,4.343429493003475e-06,1.2974912099205862,194.75888870749623,17,COMPLETE
2785,44.26215038632142,4.957979840701668,2026-10-06 01:57:53.928245,2026-10-06 02:01:09.214489,0 days 00:03:15.286244,1.4644809848335274,0.2965654106455736,0.4120579376102117,18.489161893608337,0.33279388005294136,98.6416708615901,1.4690823188003486,5.8774721288796,0.2975664073833317,0.03280586071940829,0.00014447613183128302,1.2974912099205862,195.28612883388996,17,COMPLETE
2786,55.413707041788484,1.316881351638112,2026-10-06 01:57:54.906002,2026-10-06 02:01:09.768279,0 days 00:03:14.862277,0.51115025563667,0.7186098618255685,0.12615106220885586,5.245413993140336,0.33279388005294136,94.61146042672904,1.3303656343791816,5.8774721288796,0.026937100580568585,0.03038027549946027,2.1038771230648366e-06,1.0564347729439354,194.86217606067657,17,COMPLETE
2787,40.50256818144429,8.298475833163861,2026-10-06 01:57:56.115997,2026-10-06 02:01:10.882628,0 days 00:03:14.766631,0.51115025563667,0.7186098618255685,0.4120579376102117,18.489161893608337,0.6087670929915812,98.6416708615901,1.4690823188003486,14.182822102930093,0.007925456797868324,0.03038027549946027,2.1038771230648366e-06,1.2974912099205862,194.7665178803727,17,COMPLETE
2788,25.39975399570332,18.869229631672653,2026-10-06 01:57:58.069107,2026-10-06 02:01:08.622039,0 days 00:03:10.552932,0.51115025563667,0.2284118304472575,0.807738690329122,21.183844928151355,0.33279388005294136,98.6416708615901,1.180096250393855,14.182822102930093,0.3054149949472662,0.024099244621516126,4.343429493003475e-06,1.2974912099205862,190.5528366183862,17,COMPLETE
2789,46.32429078119533,5.688672848571681,2026-10-06 01:57:59.422540,2026-10-06 02:01:12.928824,0 days 00:03:13.506284,0.51115025563667,0.8717951055729352,0.4120579376102117,5.245413993140336,0.6087670929915812,94.61146042672904,1.4690823188003486,23.475624031055144,0.007925456797868324,0.03280586071940829,4.343429493003475e-06,1.2974912099205862,193.50618819892406,17,COMPLETE
2790,30.93350120102685,13.498561454947675,2026-10-06 01:57:59.425969,2026-10-06 02:01:08.990337,0 days 00:03:09.564368,0.51115025563667,0.19189790819770397,0.807738690329122,10.877854836518644,0.05714116461716917,98.6416708615901,1.484226923085714,5.8774721288796,0.2975664073833317,0.03038027549946027,2.1038771230648366e-06,1.1540267369865085,189.56425674725324,17,COMPLETE
2791,19.023606101001537,1.2523962328885085,2026-10-06 01:57:59.429961,2026-10-06 02:01:13.422848,0 days 00:03:13.992887,0.8010869639365119,0.19189790819770397,0.04256414697877709,5.245413993140336,0.2395452449940939,98.6416708615901,1.4690823188003486,5.8774721288796,0.08173395261699556,0.03038027549946027,4.343429493003475e-06,0.2678812614884665,193.99277159571648,17,COMPLETE
2792,,,2026-10-06 01:57:59.433946,2026-10-06 01:58:00.193050,0 days 00:00:00.759104,0.51115025563667,0.2965654106455736,0.20358075665942357,18.489161893608337,0.2395452449940939,98.6416708615901,1.0546123457243035,14.182822102930093,0.08173395261699556,0.0064143437625302805,,0.739405563829868,,17,PRUNED
2793,35.89163819252177,13.248291067049035,2026-10-06 01:57:59.437953,2026-10-06 02:01:13.036484,0 days 00:03:13.598531,0.8010869639365119,0.8717951055729352,0.4120579376102117,21.183844928151355,0.506401025718823,94.61146042672904,0.6419517764288287,24.7033276028984,0.08173395261699556,0.021966873773064614,4.343429493003475e-06,1.1540267369865085,193.59844018518925,17,COMPLETE
2794,35.05896224847431,12.86941379172881,2026-10-06 01:57:59.441956,2026-10-06 02:01:09.469669,0 days 00:03:10.027713,0.51115025563667,0.8717951055729352,0.5667882730348237,21.183844928151355,0.3049037081953532,94.61146042672904,1.080654620868664,45.6508402201298,0.007925456797868324,0.03280586071940829,4.343429493003475e-06,1.2974912099205862,190.02761521190405,17,COMPLETE
2795,,,2026-10-06 01:58:01.012155,2026-10-06 01:58:39.110061,0 days 00:00:38.097906,0.51115025563667,0.2284118304472575,0.5667882730348237,5.245413993140336,0.6454873286650737,98.6416708615901,1.4690823188003486,23.475624031055144,0.1959100435198482,0.03038027549946027,2.1038771230648366e-06,1.1540267369865085,,17,PRUNED
2796,20.705048881257685,15.363514362496407,2026-10-06 01:58:01.015968,2026-10-06 02:01:11.416804,0 days 00:03:10.400836,0.51115025563667,0.2965654106455736,0.5667882730348237,21.183844928151355,0.2395452449940939,26.973472692599714,1.080654620868664,23.475624031055144,0.007925456797868324,0.03280586071940829,4.343429493003475e-06,0.739405563829868,190.400715068914,17,COMPLETE
2797,16.748098499896578,1.1145616452693008,2026-10-06 01:58:02.277001,2026-10-06 02:01:12.658443,0 days 00:03:10.381442,0.2994157425323484,0.19189790819770397,0.016208437922808395,5.245413993140336,0.6087670929915812,5.084683369365736,1.484226923085714,5.8774721288796,0.2975664073833317,0.03280586071940829,4.343429493003475e-06,1.2974912099205862,190.38133243471384,17,COMPLETE
2798,,,2026-10-06 01:58:03.589006,2026-10-06 01:58:42.010097,0 days 00:00:38.421091,0.2994157425323484,0.2284118304472575,0.12615106220885586,8.556213008137046,0.6087670929915812,98.6416708615901,0.6419517764288287,9.491772140858615,0.08173395261699556,0.021966873773064614,2.1038771230648366e-06,0.2678812614884665,,17,PRUNED
2799,30.027313708372922,19.95541749355161,2026-10-06 01:58:04.550003,2026-10-06 02:01:12.887407,0 days 00:03:08.337404,0.4919537458910443,0.2284118304472575,0.5926143650576037,11.991629079089469,0.33279388005294136,98.6416708615901,0.12486747625813921,14.182822102930093,0.08173395261699556,0.024099244621516126,4.343429493003475e-06,1.1540267369865085,188.33730317931622,17,COMPLETE
2800,27.672165855557502,20.162787187468794,2026-10-06 01:58:33.954109,2026-10-06 02:01:50.827578,0 days 00:03:16.873469,0.51115025563667,0.2284118304472575,0.807738690329122,18.489161893608337,0.33279388005294136,98.6416708615901,1.4690823188003486,14.182822102930093,0.08173395261699556,0.03038027549946027,4.343429493003475e-06,0.7296704665126732,196.87336215283722,17,COMPLETE
2801,,,2026-10-06 01:58:35.599985,2026-10-06 01:58:36.788003,0 days 00:00:01.188018,0.51115025563667,0.21606902729252941,0.5926143650576037,11.991629079089469,0.6087670929915812,85.69762729633804,1.4690823188003486,35.86671955459044,0.4212595585654096,0.02628912966720849,,0.7699502779177346,,17,PRUNED
2802,,,2026-10-06 01:58:36.068987,2026-10-06 01:58:36.552468,0 days 00:00:00.483481,0.51115025563667,1.3202824269074207,0.807738690329122,8.556213008137046,0.506401025718823,85.69762729633804,1.2898828018697517,1.4056083189495427,0.007925456797868324,0.024099244621516126,,1.4947167362038183,,17,PRUNED
2803,,,2026-10-06 01:58:36.305003,2026-10-06 01:58:36.984051,0 days 00:00:00.679048,0.9158653711831447,0.7186098618255685,0.12615106220885586,5.245413993140336,0.2395452449940939,94.61146042672904,0.2014205998723131,5.8774721288796,1.3161213949912232,0.03038027549946027,,1.1540267369865085,,17,PRUNED
2804,0.7836534438299354,1.222140334628705,2026-10-06 01:58:36.521581,2026-10-06 02:01:48.139015,0 days 00:03:11.617434,0.51115025563667,1.0830190379005729,0.013512294127307475,49.92197005718371,0.33279388005294136,85.69762729633804,1.080654620868664,2.981290490361243,0.08173395261699556,0.03038027549946027,4.343429493003475e-06,1.1540267369865085,191.61733260564506,17,COMPLETE
2805,7.927021308428688,1.2014400875209468,2026-10-06 01:58:36.524966,2026-10-06 02:01:48.453925,0 days 00:03:11.928959,1.4644809848335274,0.8717951055729352,0.022004714448199913,18.386910920395536,0.2395452449940939,85.69762729633804,0.3529466420388511,42.31203138695322,0.08173395261699556,0.03038027549946027,0.00014447613183128302,1.323184094944831,191.92884400300682,17,COMPLETE
2806,,,2026-10-06 01:58:36.769166,2026-10-06 01:59:52.245025,0 days 00:01:15.475859,0.51115025563667,0.2965654106455736,0.5667882730348237,5.245413993140336,0.2395452449940939,26.973472692599714,1.080654620868664,23.475624031055144,0.007925456797868324,0.0064143437625302805,2.1038771230648366e-06,0.739405563829868,,17,PRUNED
2807,37.96619577738211,2.693951753342052,2026-10-06 01:58:37.148160,2026-10-06 02:01:46.281572,0 days 00:03:09.133412,0.2712426632008319,0.19189790819770397,0.4120579376102117,8.556213008137046,0.2395452449940939,98.6416708615901,1.2898828018697517,1.4056083189495427,0.08173395261699556,0.03028084389712506,0.0003750271870227611,1.1540267369865085,189.133295933716,17,COMPLETE
2808,,,2026-10-06 01:58:37.151962,2026-10-06 02:00:34.125955,0 days 00:01:56.973993,0.51115025563667,0.2965654106455736,0.807738690329122,21.183844928151355,0.506401025718823,94.61146042672904,1.080654620868664,41.66154811682372,0.007925456797868324,0.024099244621516126,4.343429493003475e-06,1.2974912099205862,,17,PRUNED
2809,22.59759123406411,8.430657164614306,2026-10-06 01:58:38.027285,2026-10-06 02:01:48.627662,0 days 00:03:10.600377,0.51115025563667,0.2965654106455736,0.4120579376102117,10.877854836518644,0.2395452449940939,2.819188241123182,1.4690823188003486,19.15408445903519,0.2975664073833317,0.024099244621516126,0.00014447613183128302,1.2163622186203398,190.6002743607387,17,COMPLETE
2810,33.975355917477565,15.00014649306314,2026-10-06 01:58:38.030962,2026-10-06 02:01:50.007046,0 days 00:03:11.976084,0.51115025563667,0.2965654106455736,0.4120579376102117,18.489161893608337,0.33279388005294136,98.6416708615901,1.4690823188003486,14.182822102930093,0.2975664073833317,0.024099244621516126,0.00014447613183128302,0.7296704665126732,191.97598643228412,17,COMPLETE
2811,,,2026-10-06 01:58:38.034956,2026-10-06 01:59:19.250018,0 days 00:00:41.215062,0.9158653711831447,0.7186098618255685,0.12615106220885586,5.245413993140336,0.383361836739048,98.6416708615901,0.12486747625813921,14.182822102930093,0.3372985396418654,0.024099244621516126,0.00023428333292156852,1.1540267369865085,,17,PRUNED
2812,19.963613799075056,1.3179908596367904,2026-10-06 01:58:38.038960,2026-10-06 02:01:47.811970,0 days 00:03:09.773010,0.2994157425323484,0.2965654106455736,0.5667882730348237,5.245413993140336,0.2395452449940939,98.6416708615901,0.21292518523710352,5.8774721288796,0.4212595585654096,0.03028084389712506,17.922085935795774,0.18638909618587451,189.77291483338922,17,COMPLETE
2813,24.21580892428337,8.431680444603867,2026-10-06 01:58:38.250994,2026-10-06 02:01:47.833197,0 days 00:03:09.582203,0.51115025563667,0.2965654106455736,0.807738690329122,5.245413993140336,0.2395452449940939,94.61146042672904,0.21292518523710352,45.6508402201298,0.3372985396418654,0.024099244621516126,0.0003798829772294056,1.1540267369865085,189.58211686462164,17,COMPLETE
2814,49.26432606596511,2.173701157645374,2026-10-06 01:58:39.697158,2026-10-06 02:01:50.265490,0 days 00:03:10.568332,0.51115025563667,0.2965654106455736,0.17914277429417785,5.245413993140336,0.05714116461716917,94.61146042672904,1.1845830758698392,45.6508402201298,0.18589067298139156,0.03280586071940829,4.343429493003475e-06,1.1540267369865085,190.56822063215077,17,COMPLETE
2815,25.510815546480377,20.671368711140367,2026-10-06 01:58:39.700973,2026-10-06 02:01:52.709847,0 days 00:03:13.008874,0.51115025563667,0.2284118304472575,0.807738690329122,21.183844928151355,0.506401025718823,98.6416708615901,1.4690823188003486,14.182822102930093,0.007925456797868324,0.024099244621516126,0.00014447613183128302,0.7296704665126732,193.00876323785633,17,COMPLETE
2816,37.985883123630614,2.1084549966511967,2026-10-06 01:58:39.714968,2026-10-06 02:01:52.146370,0 days 00:03:12.431402,0.51115025563667,0.8717951055729352,0.19400160111159936,45.60819345124947,0.6087670929915812,85.69762729633804,1.080654620868664,5.8774721288796,0.08173395261699556,0.03280586071940829,4.343429493003475e-06,1.2974912099205862,192.43130258657038,17,COMPLETE
