number,values_0,values_1,datetime_start,datetime_complete,duration,params_between_rest_spread,params_c_spread,params_c_val,params_input_force,params_k_between_spread,params_k_between_val,params_k_wall_spread,params_k_wall_val,params_m_spread,params_m_val,params_ridge_alpha,params_wall_rest_spread,user_attrs_duration_sec,system_attrs_NSGAIISampler:generation,state
4181,36.957173611476215,13.103803720444585,2026-10-06 02:51:54.018277,2026-10-06 02:55:04.810841,0 days 00:03:10.792564,0.7407180681038071,0.19189790819770397,0.5926143650576037,10.877854836518644,0.506401025718823,98.6416708615901,1.484226923085714,12.371756168223909,0.2975664073833317,0.03280586071940829,4.343429493003475e-06,1.1540267369865085,190.79245392419398,26,COMPLETE
4182,43.08409746651218,5.509457193293932,2026-10-06 02:51:54.061989,2026-10-06 02:55:03.200937,0 days 00:03:09.138948,0.8010869639365119,0.7186098618255685,0.2345370319995722,5.245413993140336,0.33279388005294136,85.69762729633804,1.484226923085714,35.86671955459044,0.4212595585654096,0.03038027549946027,4.343429493003475e-06,0.047939373220724835,189.13882198557258,26,COMPLETE
4183,,,2026-10-06 02:51:54.094109,2026-10-06 02:52:30.675187,0 days 00:00:36.581078,0.51115025563667,0.7186098618255685,0.4120579376102117,10.877854836518644,0.6087670929915812,94.61146042672904,0.6419517764288287,45.6508402201298,0.3676044917349766,0.03280586071940829,0.16104979318381746,1.1540267369865085,,26,PRUNED
4184,23.78104018605135,26.000202786461944,2026-10-06 02:51:55.008993,2026-10-06 02:55:09.242722,0 days 00:03:14.233729,0.51115025563667,0.19189790819770397,0.807738690329122,39.465207141305044,0.33279388005294136,94.61146042672904,0.012325122806525757,45.6508402201298,0.3054149949472662,0.03280586071940829,4.343429493003475e-06,1.1540267369865085,194.23360054008663,26,COMPLETE
4185,30.11246704448546,1.294357908905556,2026-10-06 02:51:55.131988,2026-10-06 02:55:08.760853,0 days 00:03:13.628865,0.7123418565646167,0.8717951055729352,0.12615106220885586,5.245413993140336,0.6087670929915812,94.61146042672904,0.7257345409495506,6.561238778891461,0.026937100580568585,0.03280586071940829,74.34148571506135,1.2299642142720577,193.62874041683972,27,COMPLETE
4186,,,2026-10-06 02:51:55.683993,2026-10-06 02:52:33.336620,0 days 00:00:37.652627,0.51115025563667,0.19189790819770397,0.5667882730348237,10.877854836518644,0.7677955723876589,98.6416708615901,0.7518185550990375,35.86671955459044,0.2975664073833317,0.03038027549946027,4.343429493003475e-06,1.2974912099205862,,27,PRUNED
4187,,,2026-10-06 02:52:17.957005,2026-10-06 02:52:19.301286,0 days 00:00:01.344281,0.7407180681038071,0.19189790819770397,0.5926143650576037,8.556213008137046,0.33279388005294136,98.6416708615901,1.484226923085714,35.86671955459044,0.2975664073833317,0.0215308962471183,,1.1540267369865085,,27,PRUNED
4188,35.79745182894881,15.895944313644224,2026-10-06 02:52:19.520014,2026-10-06 02:55:35.421912,0 days 00:03:15.901898,0.7407180681038071,0.19189790819770397,0.5926143650576037,10.877854836518644,0.33279388005294136,98.6416708615901,1.484226923085714,35.86671955459044,0.2975664073833317,0.03280586071940829,4.343429493003475e-06,1.1540267369865085,195.90177333168685,27,COMPLETE
4189,27.286625275426026,24.580286030624865,2026-10-06 02:52:24.487038,2026-10-06 02:55:34.626642,0 days 00:03:10.139604,0.51115025563667,0.19189790819770397,0.807738690329122,21.183844928151355,0.3519093950798047,98.6416708615901,0.396687138771568,35.86671955459044,0.3054149949472662,0.03280586071940829,4.343429493003475e-06,1.2974912099205862,190.13948097079992,27,COMPLETE
4190,40.21964581753486,10.14117300896736,2026-10-06 02:52:25.692004,2026-10-06 02:55:40.475858,0 days 00:03:14.783854,0.7123418565646167,0.8717951055729352,0.5926143650576037,5.245413993140336,0.33279388005294136,85.69762729633804,1.2898828018697517,41.66154811682372,0.08173395261699556,0.03038027549946027,2.1038771230648366e-06,1.209109649444219,194.78373070061207,27,COMPLETE
4191,24.79624999518355,28.9850032562962,2026-10-06 02:52:27.854022,2026-10-06 02:55:39.134338,0 days 00:03:11.280316,0.51115025563667,0.07861675458476158,0.807738690329122,21.183844928151355,0.2395452449940939,98.6416708615901,0.396687138771568,45.6508402201298,0.3787184497362417,0.03038027549946027,2.267358369341208e-06,0.7699502779177346,191.28019628394395,27,COMPLETE
4192,,,2026-10-06 02:52:29.077013,2026-10-06 02:54:27.416997,0 days 00:01:58.339984,0.7407180681038071,0.19189790819770397,0.807738690329122,10.877854836518644,0.6087670929915812,98.6416708615901,1.484226923085714,35.86671955459044,0.007925456797868324,0.03038027549946027,4.343429493003475e-06,1.1540267369865085,,27,PRUNED
4193,,,2026-10-06 02:52:30.357010,2026-10-06 02:52:31.775057,0 days 00:00:01.418047,0.51115025563667,0.2284118304472575,0.5667882730348237,11.991629079089469,0.33279388005294136,85.69762729633804,1.080654620868664,5.753951009911086,0.08173395261699556,0.003219399862289335,,0.7296704665126732,,27,PRUNED
4194,,,2026-10-06 02:52:30.691001,2026-10-06 02:52:31.534441,0 days 00:00:00.843440,0.8010869639365119,0.48628333026250986,0.2345370319995722,29.56245838593373,0.93707525936053,94.61146042672904,1.484226923085714,5.8774721288796,0.729017203599435,0.03038027549946027,,0.06813310163640623,,27,PRUNED
4195,45.55040893835761,6.329846832767416,2026-10-06 02:52:30.774116,2026-10-06 02:55:44.264481,0 days 00:03:13.490365,0.7407180681038071,0.2965654106455736,0.4120579376102117,8.556213008137046,0.2395452449940939,98.6416708615901,1.484226923085714,5.8774721288796,0.4212595585654096,0.03280586071940829,4.343429493003475e-06,1.1540267369865085,193.49024124164134,27,COMPLETE
4196,30.170032730152645,2.0198494526627044,2026-10-06 02:52:31.168081,2026-10-06 02:55:40.562147,0 days 00:03:09.394066,0.7123418565646167,0.8293581707222666,0.5667882730348237,5.245413993140336,0.6087670929915812,94.61146042672904,1.080654620868664,41.66154811682372,0.007925456797868324,0.03038027549946027,0.21862450832251962,1.209109649444219,189.39394189603627,27,COMPLETE
4197,31.841193863158452,11.188646305660184,2026-10-06 02:52:31.748007,2026-10-06 02:55:40.340745,0 days 00:03:08.592738,0.8010869639365119,0.2965654106455736,0.807738690329122,5.245413993140336,0.5557547632162355,94.61146042672904,0.39552867473326975,6.9997703525981105,0.08173395261699556,0.03038027549946027,2.1038771230648366e-06,0.7699502779177346,188.5926065882668,27,COMPLETE
4198,48.77397855288463,4.784340664736284,2026-10-06 02:52:31.988016,2026-10-06 02:55:41.447751,0 days 00:03:09.459735,0.9158653711831447,0.7186098618255685,0.4120579376102117,5.245413993140336,0.6087670929915812,98.6416708615901,1.080654620868664,5.8774721288796,0.007925456797868324,0.03038027549946027,2.1038771230648366e-06,1.1540267369865085,189.45961637049913,27,COMPLETE
4199,27.18680226419233,1.244055709034214,2026-10-06 02:52:33.011158,2026-10-06 02:55:44.995557,0 days 00:03:11.984399,1.2160221486635985,0.2965654106455736,0.05092099212004278,5.245413993140336,0.6087670929915812,98.6416708615901,1.080654620868664,5.8774721288796,0.007925456797868324,0.03280586071940829,2.1038771230648366e-06,1.1540267369865085,191.98428485449404,27,COMPLETE
4200,29.881522679225487,18.672209047537052,2026-10-06 02:52:33.734993,2026-10-06 02:55:43.078631,0 days 00:03:09.343638,0.51115025563667,0.21606902729252941,0.807738690329122,5.245413993140336,0.33279388005294136,98.6416708615901,1.080654620868664,35.86671955459044,0.3161737300984912,0.03038027549946027,4.343429493003475e-06,0.7348206897571585,189.34351885132492,27,COMPLETE
4201,49.59764588566494,2.0222828736214176,2026-10-06 02:52:33.762124,2026-10-06 02:55:48.385857,0 days 00:03:14.623733,0.51115025563667,0.2965654106455736,0.19400160111159936,5.245413993140336,0.6087670929915812,94.61146042672904,1.4690823188003486,5.8774721288796,0.08173395261699556,0.03038027549946027,4.343429493003475e-06,1.2974912099205862,194.62360703758895,27,COMPLETE
4202,40.24139061322324,2.0997833835266726,2026-10-06 02:52:34.795007,2026-10-06 02:55:45.561082,0 days 00:03:10.766075,0.9158653711831447,0.2965654106455736,0.12615106220885586,12.214752017762354,0.2395452449940939,94.61146042672904,0.7257345409495506,45.6508402201298,0.08173395261699556,0.03038027549946027,4.343429493003475e-06,0.23886283196880004,190.76597340311855,27,COMPLETE
4203,39.229928624481076,11.538343920904445,2026-10-06 02:52:36.373995,2026-10-06 02:55:47.936201,0 days 00:03:11.562206,0.51115025563667,0.8717951055729352,0.5667882730348237,10.877854836518644,0.33279388005294136,98.6416708615901,0.7518185550990375,19.15408445903519,0.3676044917349766,0.03280586071940829,4.343429493003475e-06,1.2974912099205862,191.5620861314237,27,COMPLETE
4204,41.385172778724325,4.2011506536618795,2026-10-06 02:52:36.455993,2026-10-06 02:55:49.255259,0 days 00:03:12.799266,0.8010869639365119,0.19189790819770397,0.2345370319995722,33.31736115730093,0.506401025718823,98.6416708615901,1.484226923085714,12.371756168223909,0.2975664073833317,0.03280586071940829,4.343429493003475e-06,1.1540267369865085,192.7991482913494,27,COMPLETE
4205,,,2026-10-06 02:52:37.549008,2026-10-06 02:53:16.894086,0 days 00:00:39.345078,0.51115025563667,0.2965654106455736,0.4120579376102117,5.245413993140336,0.6087670929915812,98.6416708615901,0.48294736055421666,45.6508402201298,0.28988344429582863,0.03038027549946027,4.343429493003475e-06,0.23886283196880004,,27,PRUNED
4206,33.156834317123845,16.036361198403547,2026-10-06 02:52:37.832995,2026-10-06 02:55:46.063065,0 days 00:03:08.230070,0.8010869639365119,0.21606902729252941,0.5673687007336011,8.556213008137046,0.33279388005294136,98.6416708615901,0.7297455375332902,14.182822102930093,0.3054149949472662,0.024099244621516126,4.343429493003475e-06,0.7699502779177346,188.2299588760361,27,COMPLETE
4207,,,2026-10-06 02:52:37.961995,2026-10-06 02:53:17.662042,0 days 00:00:39.700047,0.8010869639365119,0.7186098618255685,0.4120579376102117,5.245413993140336,1.0082103679873926,98.6416708615901,0.6419517764288287,5.8774721288796,0.08173395261699556,0.03038027549946027,4.343429493003475e-06,1.1540267369865085,,27,PRUNED
4208,35.79745182894881,15.895944313644224,2026-10-06 02:52:51.782991,2026-10-06 02:56:00.174440,0 days 00:03:08.391449,0.7407180681038071,0.19189790819770397,0.5926143650576037,10.877854836518644,0.33279388005294136,98.6416708615901,1.484226923085714,35.86671955459044,0.2975664073833317,0.03280586071940829,4.343429493003475e-06,1.1540267369865085,188.39133274648339,27,COMPLETE
4209,38.83436461687357,8.985831724416563,2026-10-06 02:52:53.504023,2026-10-06 02:56:18.821201,0 days 00:03:25.317178,0.51115025563667,0.19189790819770397,0.5667882730348237,5.245413993140336,0.506401025718823,94.61146042672904,0.6419517764288287,5.8774721288796,0.2975664073833317,0.03038027549946027,2.1038771230648366e-06,1.2974912099205862,205.31704921554774,27,COMPLETE
4210,53.09506336714412,2.431871393338473,2026-10-06 02:53:00.684039,2026-10-06 02:56:14.663990,0 days 00:03:13.979951,0.8010869639365119,0.2965654106455736,0.2345370319995722,8.556213008137046,0.2395452449940939,98.6416708615901,1.484226923085714,5.8774721288796,0.4212595585654096,0.03280586071940829,4.343429493003475e-06,1.1540267369865085,193.97982743382454,27,COMPLETE
4211,37.27825789011245,11.940356024874236,2026-10-06 02:53:03.884011,2026-10-06 02:56:19.027547,0 days 00:03:15.143536,0.8010869639365119,0.19189790819770397,0.5926143650576037,10.877854836518644,0.33279388005294136,94.61146042672904,1.2898828018697517,7.505532509508565,0.4212595585654096,0.03038027549946027,4.343429493003475e-06,1.3890637168667692,195.14341074693948,27,COMPLETE
4212,,,2026-10-06 02:53:07.063164,2026-10-06 02:53:44.082163,0 days 00:00:37.018999,0.3947538553955463,0.19189790819770397,0.807738690329122,12.214752017762354,0.6087670929915812,94.61146042672904,0.6805852238656546,35.86671955459044,0.2975664073833317,0.03038027549946027,4.343429493003475e-06,1.1540267369865085,,27,PRUNED
4213,48.731667882293735,2.531046360270218,2026-10-06 02:53:08.003167,2026-10-06 02:56:20.173907,0 days 00:03:12.170740,0.8548572270960194,0.9277185443706824,0.4120579376102117,5.245413993140336,0.2395452449940939,98.6416708615901,1.4690823188003486,1.4056083189495427,0.08173395261699556,0.03038027549946027,4.343429493003475e-06,0.2678812614884665,192.17062054388225,27,COMPLETE
4214,48.92436005031298,3.1686162011135828,2026-10-06 02:53:08.224007,2026-10-06 02:56:21.330962,0 days 00:03:13.106955,0.8010869639365119,0.7186098618255685,0.2345370319995722,10.877854836518644,0.506401025718823,98.6416708615901,1.484226923085714,12.371756168223909,0.28988344429582863,0.03038027549946027,4.343429493003475e-06,1.2974912099205862,193.10662196297199,27,COMPLETE
4215,30.66839258079758,14.520058154261744,2026-10-06 02:53:08.610706,2026-10-06 02:56:23.611069,0 days 00:03:15.000363,0.51115025563667,0.8717951055729352,0.5667882730348237,43.36654291534149,0.33279388005294136,98.6416708615901,0.7518185550990375,35.86671955459044,0.2975664073833317,0.03280586071940829,4.343429493003475e-06,1.2974912099205862,195.00026054866612,27,COMPLETE
4216,52.40509659694332,2.5526061534529223,2026-10-06 02:53:08.854734,2026-10-06 02:56:20.539053,0 days 00:03:11.684319,0.8010869639365119,0.8059564568849952,0.2345370319995722,5.245413993140336,0.33279388005294136,98.6416708615901,1.484226923085714,5.8774721288796,0.007925456797868324,0.03038027549946027,4.343429493003475e-06,0.06813310163640623,191.68419340904802,27,COMPLETE
4217,55.65691247746781,1.562283330959823,2026-10-06 02:53:09.300001,2026-10-06 02:56:18.832518,0 days 00:03:09.532517,0.8010869639365119,0.8717951055729352,0.22803141627407691,5.245413993140336,0.6087670929915812,94.61146042672904,1.080654620868664,1.4056083189495427,0.007925456797868324,0.021966873773064614,4.343429493003475e-06,1.3890637168667692,189.5324064111337,27,COMPLETE
4218,51.18207605192896,2.7213258237108415,2026-10-06 02:53:10.728171,2026-10-06 02:56:23.365384,0 days 00:03:12.637213,0.51115025563667,0.8131192147851977,0.2345370319995722,5.245413993140336,0.33279388005294136,98.6416708615901,1.484226923085714,14.182822102930093,0.28988344429582863,0.03038027549946027,4.343429493003475e-06,1.1540267369865085,192.63711164146662,27,COMPLETE
4219,26.697121327539,20.499432075427407,2026-10-06 02:53:10.731960,2026-10-06 02:56:23.598298,0 days 00:03:12.866338,0.8010869639365119,0.07861675458476158,0.5673687007336011,21.183844928151355,0.2395452449940939,94.61146042672904,0.7297455375332902,35.86671955459044,0.02363394938892749,0.03038027549946027,4.343429493003475e-06,0.7699502779177346,192.8662200057879,27,COMPLETE
4220,,,2026-10-06 02:53:13.529991,2026-10-06 02:53:52.594988,0 days 00:00:39.064997,0.51115025563667,0.48628333026250986,0.4120579376102117,5.343050688320007,0.6087670929915812,94.61146042672904,1.324958114812681,19.15408445903519,0.4212595585654096,0.03038027549946027,4.343429493003475e-06,1.1540267369865085,,27,PRUNED
4221,35.69355614353235,13.328364454198985,2026-10-06 02:53:13.968997,2026-10-06 02:56:23.098373,0 days 00:03:09.129376,0.5642232423300713,0.2284118304472575,0.5667882730348237,12.533890515627043,0.2395452449940939,98.6416708615901,1.4690823188003486,12.371756168223909,0.2975664073833317,0.03280586071940829,4.343429493003475e-06,1.1540267369865085,189.1292463298887,27,COMPLETE
4222,,,2026-10-06 02:53:17.153005,2026-10-06 02:53:55.870075,0 days 00:00:38.717070,0.7123418565646167,0.19189790819770397,0.5667882730348237,10.877854836518644,0.6087670929915812,98.6416708615901,1.080654620868664,35.86671955459044,0.2975664073833317,0.03280586071940829,4.343429493003475e-06,1.1540267369865085,,27,PRUNED
4223,43.0434618953326,7.279886075890601,2026-10-06 02:53:17.715995,2026-10-06 02:56:26.335842,0 days 00:03:08.619847,0.963595762437768,0.8717951055729352,0.4120579376102117,10.877854836518644,0.33279388005294136,94.61146042672904,1.080654620868664,45.6508402201298,0.15450841561573675,0.03280586071940829,2.1038771230648366e-06,1.3890637168667692,188.61972645297647,27,COMPLETE
4224,,,2026-10-06 02:53:19.327993,2026-10-06 02:53:20.478076,0 days 00:00:01.150083,0.8010869639365119,1.3845434369737188,0.5667882730348237,10.877854836518644,0.33279388005294136,94.61146042672904,1.080654620868664,35.86671955459044,0.28988344429582863,0.03038027549946027,,1.1540267369865085,,27,PRUNED
4225,38.13394441424303,5.858556549592494,2026-10-06 02:53:20.720024,2026-10-06 02:56:43.587606,0 days 00:03:22.867582,0.7407180681038071,0.7186098618255685,0.4120579376102117,10.877854836518644,0.33279388005294136,98.6416708615901,0.6419517764288287,5.8774721288796,0.026937100580568585,0.03038027549946027,2.1038771230648366e-06,1.1540267369865085,202.86745600495487,27,COMPLETE
4226,29.848630297135706,15.067661350532418,2026-10-06 02:53:42.589003,2026-10-06 02:56:57.763947,0 days 00:03:15.174944,0.8010869639365119,0.19189790819770397,0.4120579376102117,8.066883726108458,0.5557547632162355,28.987804414573706,1.2898828018697517,35.86671955459044,0.4212595585654096,0.03038027549946027,4.343429493003475e-06,0.7699502779177346,195.17483380064368,27,COMPLETE
4227,44.133688142531845,6.485092690419138,2026-10-06 02:53:44.183989,2026-10-06 02:56:55.493165,0 days 00:03:11.309176,0.8548572270960194,0.2284118304472575,0.4120579376102117,5.245413993140336,0.6087670929915812,98.6416708615901,0.5631021303469503,5.8774721288796,0.08173395261699556,0.03038027549946027,4.343429493003475e-06,1.2267307691914986,191.309044001624,27,COMPLETE
4228,53.25812333207168,2.3567808657080165,2026-10-06 02:53:44.977013,2026-10-06 02:56:57.700021,0 days 00:03:12.723008,0.51115025563667,0.2965654106455736,0.2345370319995722,5.245413993140336,0.33279388005294136,94.61146042672904,1.484226923085714,5.8774721288796,0.3936576523393438,0.03038027549946027,4.343429493003475e-06,1.2974912099205862,192.72289004456252,27,COMPLETE
4229,23.230773417532852,1.2753384886392114,2026-10-06 02:53:46.621993,2026-10-06 02:56:57.405404,0 days 00:03:10.783411,0.2994157425323484,0.7186098618255685,0.4120579376102117,5.245413993140336,0.6087670929915812,94.61146042672904,0.6419517764288287,5.8774721288796,0.08173395261699556,0.03038027549946027,46.39379895404879,1.1540267369865085,190.78328194096684,27,COMPLETE
4230,27.57071083443224,21.78208041412839,2026-10-06 02:53:48.282113,2026-10-06 02:56:58.886978,0 days 00:03:10.604865,0.8010869639365119,0.2965654106455736,0.807738690329122,5.245413993140336,0.33279388005294136,94.61146042672904,0.396687138771568,45.6508402201298,0.08173395261699556,0.03038027549946027,2.1038771230648366e-06,0.23886283196880004,190.60474703926593,27,COMPLETE
4231,38.50904292641238,10.091088746779135,2026-10-06 02:53:48.653165,2026-10-06 02:57:00.569639,0 days 00:03:11.916474,0.7407180681038071,0.19189790819770397,0.5926143650576037,10.877854836518644,0.6087670929915812,94.61146042672904,1.484226923085714,5.8774721288796,0.2975664073833317,0.03280586071940829,4.343429493003475e-06,1.1540267369865085,191.91637539397925,27,COMPLETE
4232,55.26256056253912,1.2983818193114811,2026-10-06 02:53:50.312150,2026-10-06 02:57:01.969351,0 days 00:03:11.657201,0.8548572270960194,0.2284118304472575,0.08318461901670823,5.245413993140336,0.6087670929915812,98.6416708615901,1.4690823188003486,5.8774721288796,0.08173395261699556,0.03038027549946027,4.343429493003475e-06,1.2267307691914986,191.6570974290371,27,COMPLETE
4233,39.4613139774998,11.034197209764187,2026-10-06 02:53:50.315960,2026-10-06 02:57:03.788839,0 days 00:03:13.472879,0.7123418565646167,0.19189790819770397,0.4120579376102117,5.245413993140336,0.6087670929915812,85.69762729633804,1.080654620868664,35.86671955459044,0.08173395261699556,0.03038027549946027,2.1038771230648366e-06,1.1540267369865085,193.4727647472173,27,COMPLETE
4234,31.10182871009717,19.237307416202547,2026-10-06 02:53:50.769008,2026-10-06 02:56:59.626608,0 days 00:03:08.857600,0.8010869639365119,0.19189790819770397,0.5926143650576037,11.991629079089469,0.33279388005294136,85.69762729633804,1.080654620868664,35.86671955459044,0.2975664073833317,0.03280586071940829,4.343429493003475e-06,0.7699502779177346,188.85748793371022,27,COMPLETE
4235,34.09741875252071,15.50944204407103,2026-10-06 02:53:50.956981,2026-10-06 02:57:03.011403,0 days 00:03:12.054422,0.7407180681038071,0.48628333026250986,0.807738690329122,10.877854836518644,0.6087670929915812,98.6416708615901,1.484226923085714,11.713588400971695,0.08173395261699556,0.03038027549946027,2.1038771230648366e-06,1.1540267369865085,192.05430618487298,27,COMPLETE
4236,,,2026-10-06 02:53:51.136007,2026-10-06 02:53:51.706080,0 days 00:00:00.570073,0.7407180681038071,0.21606902729252941,0.5926143650576037,5.245413993140336,0.2395452449940939,98.6416708615901,0.7297455375332902,35.86671955459044,1.1356714623844482,0.03038027549946027,,0.7699502779177346,,27,PRUNED
4237,35.78122177654126,13.860246110098256,2026-10-06 02:53:52.361159,2026-10-06 02:57:04.744963,0 days 00:03:12.383804,0.51115025563667,0.8717951055729352,0.5667882730348237,11.991629079089469,0.33279388005294136,98.6416708615901,0.7518185550990375,35.86671955459044,0.007925456797868324,0.03038027549946027,4.343429493003475e-06,1.1540267369865085,192.38368501514196,27,COMPLETE
4238,41.444893868559454,6.560447668551393,2026-10-06 02:53:52.364961,2026-10-06 02:57:01.954840,0 days 00:03:09.589879,0.9158653711831447,0.7802475201001191,0.4120579376102117,26.598180427480774,0.6087670929915812,98.6416708615901,0.6419517764288287,5.8774721288796,0.08173395261699556,0.03038027549946027,4.343429493003475e-06,1.1540267369865085,189.58977230917662,27,COMPLETE
4239,,,2026-10-06 02:53:52.368951,2026-10-06 02:53:52.911079,0 days 00:00:00.542128,0.8010869639365119,0.8717951055729352,0.807738690329122,5.245413993140336,0.33279388005294136,94.61146042672904,1.2898828018697517,45.6508402201298,0.08981597176864942,0.03038027549946027,,1.2974912099205862,,27,PRUNED
