number,values_0,values_1,datetime_start,datetime_complete,duration,params_between_rest_spread,params_c_spread,params_c_val,params_input_force,params_k_between_spread,params_k_between_val,params_k_wall_spread,params_k_wall_val,params_m_spread,params_m_val,params_ridge_alpha,params_wall_rest_spread,user_attrs_duration_sec,system_attrs_NSGAIISampler:generation,state
512,15.242293429778574,1.2869450110556597,2026-10-06 00:29:57.655893,2026-10-06 00:33:12.367809,0 days 00:03:14.711916,1.350503098526395,0.34160086046150906,0.08225225182467477,49.547669123128415,1.4257271037095816,7.596863112772716,0.37957125799835345,22.831665907494386,0.3260597041603945,0.039857659168572264,6.709762564240109,0.9040411163974774,194.71183127630502,1,COMPLETE
513,,,2026-10-06 00:29:57.658981,2026-10-06 00:30:36.734027,0 days 00:00:39.075046,0.6143081518772575,0.3543601040935676,0.1026017143088177,13.179857308043706,1.4587170185674183,28.49625208483805,1.4226961162923975,7.035374111700989,0.6190501002082973,0.03280586071940829,0.00023455457478105328,1.1137428294822522,,1,PRUNED
514,22.206528287014756,2.2002618448036926,2026-10-06 00:29:58.077993,2026-10-06 00:33:13.223160,0 days 00:03:15.145167,0.8861887783233188,0.2284118304472575,0.4120579376102117,16.606931230784816,0.05714116461716917,25.088361291801984,0.38106229976815414,2.029882838261563,0.08173395261699556,0.05018770758699738,0.020982657779287442,0.7296704665126732,195.14506351482123,1,COMPLETE
515,,,2026-10-06 00:29:58.175993,2026-10-06 00:29:58.957047,0 days 00:00:00.781054,1.2356600307833205,0.6501700509580446,0.6124338974866915,14.08966309271077,0.8836007847582239,6.9633024006904245,0.6870604803970851,8.314109727440568,0.17672380622360612,0.0075122423922312385,,0.5142999062500755,,1,PRUNED
516,9.892489695169917,1.1463363025726496,2026-10-06 00:29:58.378022,2026-10-06 00:33:12.114488,0 days 00:03:13.736466,0.8861887783233188,0.2284118304472575,0.09005234812447538,5.245413993140336,1.0774031071944332,2.9615022659031585,0.21292518523710352,2.029882838261563,0.08173395261699556,0.08804378717982243,0.5675203799338447,0.6004925208325128,193.73636741377413,1,COMPLETE
517,9.93790239158087,1.2781282943686882,2026-10-06 00:29:58.389989,2026-10-06 00:33:15.607721,0 days 00:03:17.217732,1.0121924212183635,0.18176572098585708,0.6653298622185286,8.556213008137046,0.6771629944811298,2.9411184445840823,1.1786567612495638,2.202768260511427,0.885501161747389,0.06871273907969615,29.057063991695806,0.8336722019806058,197.2176259001717,1,COMPLETE
518,40.416192683285104,1.2994568034946692,2026-10-06 00:29:59.239367,2026-10-06 00:33:16.762628,0 days 00:03:17.523261,0.19630735827449874,1.0562250660985053,0.5799701872746303,11.991629079089469,0.2395452449940939,85.69762729633804,1.394035285276604,1.1282993084044803,0.194083030357998,0.09765004764801033,0.0004693315590468239,0.3066293241794842,197.52316708955914,1,COMPLETE
519,,,2026-10-06 00:29:59.258987,2026-10-06 00:30:00.654567,0 days 00:00:01.395580,0.06702146612037119,0.0719609588990518,0.6653298622185286,11.453469267944222,0.6771629944811298,2.9411184445840823,1.1786567612495638,28.91431118099489,0.9858114614951333,0.0035266610121178314,,0.6069618734849955,,1,PRUNED
520,18.169067512529697,3.485505634290943,2026-10-06 00:30:00.369990,2026-10-06 00:33:15.030748,0 days 00:03:14.660758,0.7737222815132565,0.5608376222859704,0.807738690329122,15.131455528370719,0.6688626104060442,6.3983390904701665,0.19809840133758488,7.9874857515804925,0.28272489366851505,0.07297012210736925,1.0393766090385316e-05,0.9405267840694287,194.66067005321383,1,COMPLETE
521,13.48764998978678,1.1926451558534015,2026-10-06 00:30:00.466994,2026-10-06 00:33:16.347814,0 days 00:03:15.880820,0.9876971634893037,0.527164092890509,0.017069998532095714,2.6613724919259907,0.2395452449940939,1.695244387836996,0.844397660959296,14.182822102930093,0.515029274137429,0.024099244621516126,0.0006185581455600675,0.3066293241794842,195.88073328323662,1,COMPLETE
522,6.185135441550051,1.3967069117442932,2026-10-06 00:30:00.703129,2026-10-06 00:33:13.654911,0 days 00:03:12.951782,1.0703266774752578,0.2986908724059523,0.807738690329122,17.553296709297783,0.6214878688098426,1.2128322117738528,1.164395082841941,1.2726643023599822,0.7115414226689059,0.07297012210736925,1.0393766090385316e-05,0.5306304553896439,192.95168501324952,1,COMPLETE
523,3.7235220404245837,1.233720526937347,2026-10-06 00:30:00.714176,2026-10-06 00:33:17.796050,0 days 00:03:17.081874,0.24174364545359744,0.03589241939230381,0.016848023321938417,26.349959130402702,0.8611517197525734,16.30213849757902,0.37957125799835345,37.25694322017278,0.3260597041603945,0.05619125401223478,6.709762564240109,0.5322556354147161,197.0817779554054,1,COMPLETE
524,,,2026-10-06 00:30:01.368009,2026-10-06 00:30:39.270022,0 days 00:00:37.902013,0.51115025563667,0.14259766956663966,0.06866269864156459,48.42684891165389,0.6214878688098426,1.8968903642736075,1.164395082841941,1.2726643023599822,0.9858114614951333,0.002325730101743871,0.9756586804302976,0.6069618734849955,,1,PRUNED
525,44.93814359046142,1.624753871884566,2026-10-06 00:30:01.681986,2026-10-06 00:33:13.786691,0 days 00:03:12.104705,0.9528582881543378,0.4835105352725577,0.1347521461063753,8.695206399809345,0.3201011955575039,29.676461454499634,0.7964747556623476,1.2001363989388558,0.8250204219390451,0.03974320607069727,8.174444683768576e-05,0.2678812614884665,192.10461163055152,1,COMPLETE
526,,,2026-10-06 00:30:02.239164,2026-10-06 00:30:03.210029,0 days 00:00:00.970865,0.9323049410555256,0.011151379315492593,0.10626861340244535,11.910918541531306,1.4317078561911907,2.1048794976754106,0.8823290122861125,32.10047515575226,1.0749850412981183,0.02749864300312601,,1.1888155686802921,,1,PRUNED
527,18.478325494400377,1.4775470010440896,2026-10-06 00:30:02.360004,2026-10-06 00:33:17.253622,0 days 00:03:14.893618,1.350503098526395,0.4855208797804896,0.08225225182467477,15.131455528370719,1.4257271037095816,6.3983390904701665,0.505586550523593,10.761802446374505,0.28272489366851505,0.027266574577678126,5.946780992788637,0.8584125346674989,194.89351892098784,1,COMPLETE
528,,,2026-10-06 00:30:02.562214,2026-10-06 00:30:40.440032,0 days 00:00:37.877818,1.2356600307833205,1.0727474658147056,0.053140281504859645,10.893933886904785,0.4356325661572324,11.647781097448451,0.6419517764288287,23.475624031055144,0.4511656524775557,0.0075122423922312385,0.0001574001054549899,0.008646455689541255,,1,PRUNED
529,,,2026-10-06 00:30:03.039007,2026-10-06 00:30:42.904566,0 days 00:00:39.865559,0.9528582881543378,0.4835105352725577,0.5799701872746303,5.814557047239577,1.4703615551159246,16.211255471509773,0.7964747556623476,2.072575382240667,1.1791218744906238,0.06668334722343025,0.17615791100445882,0.2678812614884665,,2,PRUNED
530,,,2026-10-06 00:30:03.805157,2026-10-06 00:30:04.215834,0 days 00:00:00.410677,0.447684485641811,0.3233389271032242,0.11720021795877078,11.910918541531306,0.6454873286650737,3.9357948336652977,0.6241253008122853,46.02743987444903,1.0749850412981183,0.037495759622009746,,1.1888155686802921,,2,PRUNED
531,21.135336174128707,5.619031479087525,2026-10-06 00:30:03.808977,2026-10-06 00:33:16.665236,0 days 00:03:12.856259,1.2356600307833205,0.5088079218375162,0.09005234812447538,5.245413993140336,1.0774031071944332,2.9615022659031585,1.4594405107884705,4.314853216716561,0.17672380622360612,0.007361010447850752,1.9958034707972923e-06,0.5142999062500755,192.85616758465767,2,COMPLETE
532,,,2026-10-06 00:30:03.812970,2026-10-06 00:30:04.727017,0 days 00:00:00.914047,0.24174364545359744,0.34160086046150906,0.9752752213731002,26.349959130402702,0.4184745826453805,1.9237620479458641,0.37957125799835345,22.831665907494386,0.3260597041603945,0.0026578763898832515,,0.5322556354147161,,2,PRUNED
533,22.651448935880786,3.934693641430693,2026-10-06 00:30:03.857120,2026-10-06 00:33:14.953821,0 days 00:03:11.096701,0.8861887783233188,0.2284118304472575,0.5662816343755678,21.183844928151355,0.4341680398448426,26.22079615322774,0.6419517764288287,1.3290341234086505,0.46962213455178087,0.03038027549946027,0.005958227033600532,0.7296704665126732,191.0966090168804,2,COMPLETE
534,,,2026-10-06 00:30:04.750172,2026-10-06 00:30:41.562030,0 days 00:00:36.811858,0.8861887783233188,0.4835105352725577,0.4120579376102117,29.851092097581464,0.3201011955575039,39.51588933199152,0.6190885998388953,1.2001363989388558,0.26083598793965107,0.007361010447850752,2.9442330109354824,0.6004925208325128,,2,PRUNED
535,21.908163584883997,2.704301145691968,2026-10-06 00:30:04.753986,2026-10-06 00:33:16.301192,0 days 00:03:11.547206,1.2869477763966,0.8661787220393558,0.5667882730348237,28.379944199924665,0.29675499538560296,28.285734118696016,0.6419517764288287,1.6947971224041727,0.05609924456069537,0.045100319563408264,0.0011757094612474103,0.6069618734849955,191.5471236044541,2,COMPLETE
536,8.891147533436415,1.1154651365309007,2026-10-06 00:30:04.853395,2026-10-06 00:33:16.192110,0 days 00:03:11.338715,0.7535562568504046,0.5203487901288681,0.09005234812447538,37.82514248798617,1.0774031071944332,3.562742759160338,0.3082481893581244,2.0330101929189524,0.5501285210765905,0.06489821168481985,0.007120294513587467,1.0498365290372507,191.33861417789012,2,COMPLETE
537,15.084492035995842,1.3570419462057681,2026-10-06 00:30:05.295988,2026-10-06 00:33:18.646434,0 days 00:03:13.350446,0.7535562568504046,0.8661787220393558,0.09005234812447538,5.245413993140336,1.35460707310614,2.9615022659031585,0.6419517764288287,2.0330101929189524,0.7685554742107898,0.03280586071940829,0.00023455457478105328,0.6004925208325128,193.35034379921854,2,COMPLETE
538,20.143175586008546,2.8031265392382676,2026-10-06 00:30:06.855028,2026-10-06 00:33:14.262606,0 days 00:03:07.407578,0.2751127501817048,0.2965654106455736,0.6443949852851695,18.677678184085455,0.8396366122912102,26.22079615322774,0.6419517764288287,1.3290341234086505,0.04206136129933902,0.03280586071940829,0.005958227033600532,0.05322667642326201,187.4074842473492,2,COMPLETE
539,9.987578017300539,3.1653968019332854,2026-10-06 00:30:28.004021,2026-10-06 00:33:46.639862,0 days 00:03:18.635841,0.05008148914855248,0.3543601040935676,0.7994666891608405,49.168071302148626,0.631975484387248,3.157541736907458,0.12486747625813921,5.8774721288796,0.6190501002082973,0.037495759622009746,1.1762488306807034e-06,1.1137428294822522,198.63573177158833,2,COMPLETE
540,25.8549547015234,1.1872928817115316,2026-10-06 00:30:33.635007,2026-10-06 00:33:50.245961,0 days 00:03:16.610954,0.8861887783233188,0.9056915392647674,0.11369858697944095,5.814557047239577,0.631975484387248,25.088361291801984,0.4740161859265573,2.072575382240667,0.08173395261699556,0.08804378717982243,2.1038771230648366e-06,0.7296704665126732,196.61085176095366,2,COMPLETE
541,21.065046187973913,3.23941849638768,2026-10-06 00:30:33.638992,2026-10-06 00:33:47.841857,0 days 00:03:14.202865,0.2751127501817048,0.3731992973752525,0.5662816343755678,21.183844928151355,0.4341680398448426,26.22079615322774,1.1446866529412485,1.3290341234086505,0.4493735763474446,0.03038027549946027,0.005958227033600532,0.05322667642326201,194.20275655947626,2,COMPLETE
542,10.944159872798517,6.578339831408384,2026-10-06 00:30:34.044999,2026-10-06 00:33:45.471618,0 days 00:03:11.426619,1.0703266774752578,0.4912316077114617,0.06866269864156459,48.42684891165389,0.6214878688098426,1.529640202658084,1.164395082841941,1.2726643023599822,0.7297245804945567,0.002325730101743871,0.9756586804302976,0.46895172197744694,191.4265157803893,2,COMPLETE
543,,,2026-10-06 00:30:34.764099,2026-10-06 00:30:35.645065,0 days 00:00:00.880966,0.9528582881543378,0.4835105352725577,0.019577635460823275,11.910918541531306,0.3201011955575039,85.69762729633804,0.6241253008122853,73.6089377598926,1.0749850412981183,0.024741305811858638,,0.2678812614884665,,2,PRUNED
544,,,2026-10-06 00:30:35.568002,2026-10-06 00:30:37.300385,0 days 00:00:01.732383,1.1917921473199087,0.2965654106455736,0.09005234812447538,5.245413993140336,1.4587170185674183,2.9615022659031585,0.6419517764288287,23.475624031055144,0.573538310576864,0.007361010447850752,,1.4242474729910322,,2,PRUNED
545,,,2026-10-06 00:30:35.780997,2026-10-06 00:30:36.314056,0 days 00:00:00.533059,1.2356600307833205,0.5095240001595626,0.7677731464020287,10.893933886904785,0.4356325661572324,6.9633024006904245,0.6429618406964179,4.410590557839572,0.6560103688859892,0.0075122423922312385,,0.8231346114245193,,2,PRUNED
546,6.352765830368096,1.1957708716798794,2026-10-06 00:30:36.468005,2026-10-06 00:33:47.487858,0 days 00:03:11.019853,0.447684485641811,1.1505274476627716,0.035349752796809644,49.168071302148626,0.631975484387248,42.44223698016689,0.4740161859265573,5.8774721288796,0.6612894906970102,0.037495759622009746,0.00014447613183128302,1.3458907086260936,191.01973391883075,2,COMPLETE
547,,,2026-10-06 00:30:36.479980,2026-10-06 00:30:36.814590,0 days 00:00:00.334610,0.51115025563667,0.2965654106455736,0.1013747538199289,35.08088043566391,1.35460707310614,11.647781097448451,0.6419517764288287,23.475624031055144,0.04206136129933902,0.0024731754422427804,,0.6069618734849955,,2,PRUNED
548,23.16382748494224,1.6719454593066958,2026-10-06 00:30:36.964125,2026-10-06 00:33:45.612165,0 days 00:03:08.648040,0.51115025563667,0.3233389271032242,0.11720021795877078,16.18523914545625,1.35460707310614,11.647781097448451,0.12486747625813921,23.475624031055144,0.04206136129933902,0.037495759622009746,0.00014447613183128302,1.3458907086260936,188.64793728571385,2,COMPLETE
549,8.725849964316518,2.9137666208445774,2026-10-06 00:30:37.140169,2026-10-06 00:33:43.665850,0 days 00:03:06.525681,0.7535562568504046,0.2965654106455736,0.09005234812447538,18.677678184085455,1.4587170185674183,2.9615022659031585,0.40006693613290817,2.0330101929189524,0.04206136129933902,0.007361010447850752,0.00023455457478105328,0.008646455689541255,186.5255766250193,2,COMPLETE
550,15.633864121414106,1.3813768603642806,2026-10-06 00:30:37.838997,2026-10-06 00:33:50.758250,0 days 00:03:12.919253,0.447684485641811,0.4835105352725577,0.11720021795877078,11.991629079089469,0.3201011955575039,3.9357948336652977,0.7964747556623476,1.2001363989388558,0.2975664073833317,0.037495759622009746,0.00014447613183128302,0.2678812614884665,192.9191507929936,2,COMPLETE
551,18.288576692824012,6.18909043719426,2026-10-06 00:30:38.016846,2026-10-06 00:33:49.399388,0 days 00:03:11.382542,0.447684485641811,0.2965654106455736,0.6443949852851695,18.677678184085455,1.4587170185674183,11.647781097448451,0.6419517764288287,5.8774721288796,0.089910785226051,0.03280586071940829,0.00014447613183128302,1.1540267369865085,191.3824354559183,2,COMPLETE
552,21.195100534725945,1.186695454142585,2026-10-06 00:30:38.157979,2026-10-06 00:33:48.215975,0 days 00:03:10.057996,0.6672137354754455,0.1544379750618336,0.03240094579624807,5.814557047239577,0.4424930116262647,49.7837090928796,1.1068767969628939,1.7187236751044166,0.0236399030193733,0.06668334722343025,3.7310590236616203,0.17248374444296138,190.05789670534432,2,COMPLETE
553,19.131236744870822,1.6647017013647225,2026-10-06 00:30:39.324989,2026-10-06 00:33:51.528402,0 days 00:03:12.203413,0.4428292606447327,0.6584184784754096,0.34699519698385084,49.168071302148626,1.1150028353905197,42.44223698016689,0.6165960852108494,2.029882838261563,0.405915846546168,0.037495759622009746,0.00014447613183128302,0.9092751429584793,192.2033309172839,2,COMPLETE
554,14.702959806016178,2.2325520813428312,2026-10-06 00:30:40.064934,2026-10-06 00:33:50.532404,0 days 00:03:10.467470,0.8861887783233188,0.4774636695198178,0.4120579376102117,4.264385735936695,0.17665571526270746,25.088361291801984,1.1068767969628939,2.688509826508115,0.0236399030193733,0.007361010447850752,3.7310590236616203,0.6004925208325128,190.46738080773503,2,COMPLETE
555,29.317286851658235,3.451595407107826,2026-10-06 00:30:40.067994,2026-10-06 00:33:57.538144,0 days 00:03:17.470150,0.4428292606447327,0.4835105352725577,0.2297655624989891,16.794110724016896,0.29675499538560296,28.285734118696016,1.1005495658702966,1.2001363989388558,0.2975664073833317,0.022132402954529992,0.0011757094612474103,0.2678812614884665,197.47005907539278,2,COMPLETE
556,14.54426686249442,1.1786640591592614,2026-10-06 00:30:40.071979,2026-10-06 00:33:51.564748,0 days 00:03:11.492769,0.6672137354754455,0.6023674354741626,0.03240094579624807,8.556213008137046,0.03380872232355703,3.2854396341739385,0.4654350015081319,2.688509826508115,0.48923768793752204,0.029771009616437947,29.057063991695806,1.1827732174347347,191.49268843606114,2,COMPLETE
557,9.724583127548623,3.303136757714106,2026-10-06 00:30:40.077563,2026-10-06 00:33:48.887537,0 days 00:03:08.809974,0.2751127501817048,0.3731992973752525,0.5662816343755678,21.183844928151355,0.8641627247678014,2.5744092545198884,1.1446866529412485,10.195345414647532,0.4212595585654096,0.03038027549946027,0.03673941552765711,0.05322667642326201,188.80989171843976,2,COMPLETE
558,34.700349771148694,1.212157980587412,2026-10-06 00:30:40.240150,2026-10-06 00:33:50.401417,0 days 00:03:10.161267,0.2994157425323484,0.5088079218375162,0.09005234812447538,5.814557047239577,0.631975484387248,16.211255471509773,0.4740161859265573,1.1282993084044803,1.1791218744906238,0.06668334722343025,1.1762488306807034e-06,0.12304193451880518,190.16116862557828,2,COMPLETE
559,14.796355745716104,6.199817933454542,2026-10-06 00:30:40.832990,2026-10-06 00:33:51.492573,0 days 00:03:10.659583,0.3834721347353825,0.3731992973752525,0.5662816343755678,18.677678184085455,1.4587170185674183,11.647781097448451,1.1446866529412485,23.475624031055144,0.04206136129933902,0.03280586071940829,0.005958227033600532,0.05322667642326201,190.65948840696365,2,COMPLETE
560,25.109934032310825,1.2211354969272832,2026-10-06 00:30:41.209983,2026-10-06 00:33:53.076816,0 days 00:03:11.866833,0.6062262771251812,0.3543601040935676,0.1026017143088177,33.17033856339264,0.6454873286650737,3.9357948336652977,0.12486747625813921,86.57068482598544,0.6190501002082973,0.037495759622009746,1.7330071479363856e-05,1.1137428294822522,191.8667455613613,2,COMPLETE
561,18.252153306149903,8.816928708799958,2026-10-06 00:30:41.771989,2026-10-06 00:33:55.926161,0 days 00:03:14.154172,0.7535562568504046,0.07170570951995708,0.09005234812447538,5.245413993140336,1.0774031071944332,2.9615022659031585,0.6190885998388953,2.0330101929189524,0.7685554742107898,0.007361010447850752,0.004475392410627206,0.6004925208325128,194.15407679323107,2,COMPLETE
562,,,2026-10-06 00:30:42.573178,2026-10-06 00:30:43.130056,0 days 00:00:00.556878,0.8861887783233188,0.3233389271032242,0.4120579376102117,10.322305198913119,0.6454873286650737,94.84682997583866,0.6190885998388953,86.57068482598544,0.6612894906970102,0.007361010447850752,,0.6004925208325128,,2,PRUNED
563,26.605267806012215,5.893584063077791,2026-10-06 00:30:42.576978,2026-10-06 00:33:55.963043,0 days 00:03:13.386065,0.7737222815132565,0.5608376222859704,0.807738690329122,17.553296709297783,0.6688626104060442,25.088361291801984,0.19809840133758488,7.9874857515804925,0.5860574191614696,0.07297012210736925,2.1038771230648366e-06,0.9405267840694287,193.385981538333,2,COMPLETE
564,20.766774709968825,1.351165483817573,2026-10-06 00:30:42.580966,2026-10-06 00:33:53.894667,0 days 00:03:11.313701,0.39568328879440856,0.2965654106455736,0.11369858697944095,5.814557047239577,1.4587170185674183,16.211255471509773,0.4740161859265573,23.475624031055144,0.04206136129933902,0.06668334722343025,0.00023455457478105328,0.008646455689541255,191.31361142545938,2,COMPLETE
565,16.265987599034634,2.644382684415158,2026-10-06 00:30:42.916011,2026-10-06 00:33:58.671417,0 days 00:03:15.755406,0.39568328879440856,0.5095240001595626,0.7677731464020287,5.814557047239577,1.3162890024975238,4.62415388938126,0.4740161859265573,2.072575382240667,0.8174949864204357,0.042098694451988765,0.006189002166843731,0.9700520747024954,195.75530399382114,2,COMPLETE
566,,,2026-10-06 00:30:43.092986,2026-10-06 00:30:44.198493,0 days 00:00:01.105507,0.8861887783233188,1.1847995176734265,0.4120579376102117,21.183844928151355,0.4341680398448426,25.391211688136313,0.5257938777904234,2.029882838261563,0.26083598793965107,0.007361010447850752,,0.6004925208325128,,2,PRUNED
567,22.93809394798035,1.6920746489907064,2026-10-06 00:30:43.370156,2026-10-06 00:33:52.484752,0 days 00:03:09.114596,0.19630735827449874,0.527164092890509,0.06022460482083565,1.7812607356211605,0.2395452449940939,2.9667093425059705,1.394035285276604,10.195345414647532,0.4212595585654096,0.024099244621516126,0.0006185581455600675,0.3066293241794842,189.1144862677902,2,COMPLETE
568,6.505732084097135,3.5362208838232547,2026-10-06 00:30:43.373973,2026-10-06 00:33:51.999883,0 days 00:03:08.625910,0.447684485641811,0.3233389271032242,0.11720021795877078,41.645467536664455,0.6454873286650737,3.9357948336652977,0.12486747625813921,2.029882838261563,0.26083598793965107,0.007361010447850752,0.09527124434634343,0.6004925208325128,188.62582014966756,2,COMPLETE
569,27.44461626744477,13.203792491622744,2026-10-06 00:30:43.451001,2026-10-06 00:33:50.429742,0 days 00:03:06.978741,0.19630735827449874,0.2284118304472575,0.4120579376102117,18.489161893608337,0.2395452449940939,98.6416708615901,0.21292518523710352,14.182822102930093,0.08173395261699556,0.024099244621516126,0.0006185581455600675,0.7296704665126732,186.97865486051887,2,COMPLETE
570,4.549599366378845,1.2088086473448878,2026-10-06 00:30:43.654831,2026-10-06 00:33:57.511828,0 days 00:03:13.856997,0.9323049410555256,1.1505274476627716,0.019577635460823275,26.8605066011462,0.05714116461716917,42.44223698016689,0.6241253008122853,5.8774721288796,0.089910785226051,0.05018770758699738,3.736607894112202e-06,0.8401495325768824,193.85689705237746,2,COMPLETE
