number,values_0,values_1,datetime_start,datetime_complete,duration,params_between_rest_spread,params_c_spread,params_c_val,params_input_force,params_k_between_spread,params_k_between_val,params_k_wall_spread,params_k_wall_val,params_m_spread,params_m_val,params_ridge_alpha,params_wall_rest_spread,user_attrs_duration_sec,system_attrs_NSGAIISampler:generation,state
2639,29.219306933631326,14.779131198888056,2026-10-06 01:52:08.837024,2026-10-06 01:55:23.425497,0 days 00:03:14.588473,0.51115025563667,0.3352655298284311,0.807738690329122,21.183844928151355,0.33279388005294136,98.6416708615901,1.080654620868664,5.8774721288796,0.08173395261699556,0.03280586071940829,2.1038771230648366e-06,0.7296704665126732,194.58836319483817,16,COMPLETE
2640,49.40920532731369,1.9490840375662186,2026-10-06 01:52:10.112986,2026-10-06 01:55:23.155329,0 days 00:03:13.042343,0.6735075377644191,0.2965654106455736,0.20358075665942357,10.877854836518644,0.2395452449940939,98.6416708615901,1.484226923085714,5.299460499774038,0.2975664073833317,0.03280586071940829,2.1038771230648366e-06,1.1540267369865085,193.04222995135933,16,COMPLETE
2641,43.60972122222889,6.016736271710705,2026-10-06 01:52:10.239001,2026-10-06 01:55:24.153723,0 days 00:03:13.914722,0.2994157425323484,0.8717951055729352,0.4120579376102117,5.245413993140336,0.6087670929915812,85.69762729633804,1.4690823188003486,14.182822102930093,0.08173395261699556,0.03280586071940829,4.343429493003475e-06,0.6298110096990894,193.91462326515466,16,COMPLETE
2642,36.285563134452815,8.899080420812439,2026-10-06 01:52:10.750159,2026-10-06 01:55:23.818690,0 days 00:03:13.068531,0.7407180681038071,0.7186098618255685,0.5926143650576037,18.489161893608337,0.33279388005294136,85.69762729633804,1.191277759964359,5.299460499774038,0.4212595585654096,0.03038027549946027,0.00014447613183128302,0.9603114093295346,193.06842187512666,16,COMPLETE
2643,20.760520580022515,3.653873209527726,2026-10-06 01:52:10.759978,2026-10-06 01:55:25.787621,0 days 00:03:15.027643,0.51115025563667,0.27373200351530586,0.4120579376102117,10.877854836518644,0.33279388005294136,1.0209174034689676,1.484226923085714,14.182822102930093,0.2975664073833317,0.03280586071940829,0.00014447613183128302,1.1540267369865085,195.02754283696413,16,COMPLETE
2644,24.58005868802466,22.80785926509859,2026-10-06 01:52:11.015522,2026-10-06 01:55:25.316768,0 days 00:03:14.301246,0.51115025563667,0.2965654106455736,0.807738690329122,21.183844928151355,0.2395452449940939,94.61146042672904,1.2142421912711632,20.4004304097776,0.2975664073833317,0.024099244621516126,0.00023455457478105328,0.739405563829868,194.30113832373172,16,COMPLETE
2645,30.299698842924347,20.15708294265135,2026-10-06 01:52:11.026969,2026-10-06 01:55:22.279704,0 days 00:03:11.252735,0.4919537458910443,0.21606902729252941,0.7398985012816648,22.040197786584443,0.33279388005294136,94.61146042672904,1.2205318815051402,14.182822102930093,0.4212595585654096,0.03038027549946027,4.343429493003475e-06,1.2974912099205862,191.25262743979692,16,COMPLETE
2646,34.9862499486523,9.152778502931813,2026-10-06 01:52:11.518986,2026-10-06 01:55:22.889912,0 days 00:03:11.370926,0.447684485641811,0.7186098618255685,0.807738690329122,5.245413993140336,0.33279388005294136,94.61146042672904,0.6419517764288287,6.513127023087194,0.08173395261699556,0.03038027549946027,2.1038771230648366e-06,1.1540267369865085,191.3708085808903,16,COMPLETE
2647,40.39764514040714,8.00867411567622,2026-10-06 01:52:11.663473,2026-10-06 01:55:20.249075,0 days 00:03:08.585602,0.9158653711831447,0.19189790819770397,0.4120579376102117,10.877854836518644,0.6087670929915812,94.61146042672904,0.6419517764288287,5.8774721288796,0.026937100580568585,0.03038027549946027,2.1038771230648366e-06,0.8052192855731234,188.58548124786466,16,COMPLETE
2648,35.71804205942017,12.86312471003179,2026-10-06 01:52:13.516993,2026-10-06 01:55:23.213041,0 days 00:03:09.696048,0.51115025563667,0.2284118304472575,0.4218655420375557,11.991629079089469,0.33279388005294136,85.69762729633804,1.4690823188003486,35.86671955459044,0.08173395261699556,0.03038027549946027,4.343429493003475e-06,1.0562372776429418,189.6959459418431,16,COMPLETE
2649,52.838036396715815,1.2321039078070082,2026-10-06 01:52:14.541027,2026-10-06 01:55:25.688629,0 days 00:03:11.147602,0.51115025563667,0.9277185443706824,0.12615106220885586,8.556213008137046,0.6472180960235107,85.69762729633804,0.21292518523710352,1.4056083189495427,0.007925456797868324,0.03280586071940829,0.00023428333292156852,0.14842079703974015,191.14749804977328,16,COMPLETE
2650,46.77326975890262,2.969423930717137,2026-10-06 01:52:16.260995,2026-10-06 01:55:27.103385,0 days 00:03:10.842390,0.2994157425323484,0.7186098618255685,0.4120579376102117,5.245413993140336,0.6087670929915812,85.69762729633804,0.21292518523710352,1.4056083189495427,0.3372985396418654,0.03038027549946027,2.1038771230648366e-06,1.1540267369865085,190.84227724466473,16,COMPLETE
2651,32.086673133930894,13.22648327071432,2026-10-06 01:52:17.228167,2026-10-06 01:55:27.107833,0 days 00:03:09.879666,0.9158653711831447,0.7186098618255685,0.5667882730348237,41.0357580911619,0.33279388005294136,94.61146042672904,0.6419517764288287,6.241267771158789,0.026937100580568585,0.024099244621516126,2.1038771230648366e-06,1.1540267369865085,189.87956203520298,16,COMPLETE
2652,33.17756292636466,16.373018755331994,2026-10-06 01:52:17.231966,2026-10-06 01:55:27.836827,0 days 00:03:10.604861,0.51115025563667,0.2284118304472575,0.5667882730348237,5.245413993140336,0.33279388005294136,98.6416708615901,1.4690823188003486,23.475624031055144,0.08173395261699556,0.03038027549946027,4.343429493003475e-06,0.07209765487063619,190.60476407501847,16,COMPLETE
2653,27.62494678433954,2.7638193174850367,2026-10-06 01:52:45.389989,2026-10-06 01:56:00.953159,0 days 00:03:15.563170,0.4919537458910443,0.2284118304472575,0.1590591474247166,10.877854836518644,0.33279388005294136,11.648281454811091,1.4690823188003486,5.8774721288796,0.3676044917349766,0.03280586071940829,4.343429493003475e-06,0.8385114456369718,195.56306910328567,16,COMPLETE
2654,45.27748146392098,5.479234935852823,2026-10-06 01:52:45.704011,2026-10-06 01:55:58.420324,0 days 00:03:12.716313,1.4644809848335274,0.8717951055729352,0.4120579376102117,18.489161893608337,0.2395452449940939,85.69762729633804,1.484226923085714,5.8774721288796,0.08173395261699556,0.03280586071940829,2.1038771230648366e-06,1.2974912099205862,192.71619924530387,16,COMPLETE
2655,43.57348050683163,6.376580818267542,2026-10-06 01:52:46.468015,2026-10-06 01:56:01.008407,0 days 00:03:14.540392,0.2994157425323484,0.2284118304472575,0.4120579376102117,5.245413993140336,0.6087670929915812,98.6416708615901,1.191277759964359,5.8774721288796,0.08173395261699556,0.03038027549946027,4.343429493003475e-06,1.2267307691914986,194.54029587376863,16,COMPLETE
2656,11.926903589849683,1.2098959073278355,2026-10-06 01:52:46.644991,2026-10-06 01:56:01.981712,0 days 00:03:15.336721,0.447684485641811,0.21606902729252941,0.024739468391748003,18.386910920395536,0.2395452449940939,98.6416708615901,1.484226923085714,5.8774721288796,0.4212595585654096,0.03038027549946027,4.343429493003475e-06,0.7296704665126732,195.33660811185837,16,COMPLETE
2657,,,2026-10-06 01:52:47.345990,2026-10-06 01:53:24.850800,0 days 00:00:37.504810,0.51115025563667,0.2965654106455736,0.4120579376102117,11.991629079089469,0.6454873286650737,98.6416708615901,1.4690823188003486,14.182822102930093,0.08173395261699556,0.024099244621516126,4.343429493003475e-06,1.1540267369865085,,16,PRUNED
2658,45.445549950249145,3.7909524646727344,2026-10-06 01:52:50.092002,2026-10-06 01:56:02.988111,0 days 00:03:12.896109,0.447684485641811,0.2965654106455736,0.20358075665942357,10.877854836518644,0.1611676281322112,98.6416708615901,1.484226923085714,19.15408445903519,0.4212595585654096,0.03038027549946027,2.1038771230648366e-06,1.1540267369865085,192.89600989874452,16,COMPLETE
2659,46.48526680607522,5.342904271892489,2026-10-06 01:52:51.527619,2026-10-06 01:56:02.134500,0 days 00:03:10.606881,0.2994157425323484,0.8717951055729352,0.4120579376102117,5.245413993140336,0.6087670929915812,94.61146042672904,0.6419517764288287,5.8774721288796,0.08173395261699556,0.03038027549946027,2.1038771230648366e-06,1.2974912099205862,190.60677956417203,16,COMPLETE
2660,30.9442592608675,6.137563692744744,2026-10-06 01:52:51.673004,2026-10-06 01:56:04.548712,0 days 00:03:12.875708,0.24056859974534606,0.7186098618255685,0.4120579376102117,5.245413993140336,0.6087670929915812,22.966068283171897,0.6419517764288287,5.8774721288796,0.1347426283195161,0.03038027549946027,2.1038771230648366e-06,1.1540267369865085,192.87559630069882,16,COMPLETE
2661,,,2026-10-06 01:52:52.364150,2026-10-06 01:52:52.688940,0 days 00:00:00.324790,0.51115025563667,0.8717951055729352,0.4120579376102117,18.489161893608337,0.33279388005294136,98.6416708615901,1.4690823188003486,5.8774721288796,0.6817578304996456,0.024099244621516126,,0.7296704665126732,,16,PRUNED
2662,47.10785939046383,1.648650156796346,2026-10-06 01:52:52.917486,2026-10-06 01:56:03.053784,0 days 00:03:10.136298,0.51115025563667,0.19189790819770397,0.20358075665942357,10.877854836518644,0.2395452449940939,85.69762729633804,1.484226923085714,1.4056083189495427,0.08173395261699556,0.03280586071940829,0.00023428333292156852,0.2678812614884665,190.13516982924193,16,COMPLETE
2663,,,2026-10-06 01:52:52.940982,2026-10-06 01:53:30.902017,0 days 00:00:37.961035,0.2994157425323484,0.2965654106455736,0.20358075665942357,3.018678588045003,0.6087670929915812,26.973472692599714,0.21292518523710352,5.8774721288796,0.08173395261699556,0.0064143437625302805,4.343429493003475e-06,0.739405563829868,,16,PRUNED
2664,26.981327293630876,24.822570588599447,2026-10-06 01:52:53.606010,2026-10-06 01:56:06.770476,0 days 00:03:13.164466,0.7617430135585397,0.2284118304472575,0.807738690329122,11.991629079089469,0.33279388005294136,98.6416708615901,1.080654620868664,22.863037430643686,0.08173395261699556,0.024099244621516126,4.343429493003475e-06,0.7296704665126732,193.16435850784183,16,COMPLETE
2665,16.658742664341986,10.634129949714017,2026-10-06 01:52:54.229992,2026-10-06 01:56:04.575825,0 days 00:03:10.345833,0.4919537458910443,0.2284118304472575,0.5926143650576037,10.877854836518644,0.33279388005294136,6.382015913384501,0.12486747625813921,10.302751939477757,0.3676044917349766,0.03280586071940829,4.343429493003475e-06,1.1540267369865085,190.34573440626264,16,COMPLETE
2666,37.718295631820006,8.072346636462248,2026-10-06 01:52:55.197008,2026-10-06 01:56:05.818881,0 days 00:03:10.621873,0.51115025563667,0.2965654106455736,0.4120579376102117,18.489161893608337,0.2395452449940939,85.69762729633804,1.484226923085714,5.8774721288796,0.08173395261699556,0.03280586071940829,2.1038771230648366e-06,1.2974912099205862,190.62177382595837,16,COMPLETE
2667,,,2026-10-06 01:53:10.659973,2026-10-06 01:53:11.748040,0 days 00:00:01.088067,0.51115025563667,0.2284118304472575,0.4120579376102117,18.489161893608337,0.33279388005294136,85.69762729633804,1.4690823188003486,86.57068482598544,0.3676044917349766,0.03280586071940829,,0.7296704665126732,,16,PRUNED
2668,,,2026-10-06 01:53:11.934035,2026-10-06 01:53:13.345242,0 days 00:00:01.411207,0.51115025563667,1.3409837281666936,0.807738690329122,18.489161893608337,0.6087670929915812,98.6416708615901,1.4690823188003486,5.8774721288796,0.08173395261699556,0.024099244621516126,,1.1540267369865085,,16,PRUNED
2669,43.714313939977,6.138250176448008,2026-10-06 01:53:13.389014,2026-10-06 01:56:19.115565,0 days 00:03:05.726551,0.2994157425323484,0.2284118304472575,0.4120579376102117,5.245413993140336,0.506401025718823,98.6416708615901,1.4690823188003486,5.8774721288796,0.08173395261699556,0.03038027549946027,4.343429493003475e-06,1.2267307691914986,185.72643749788404,16,COMPLETE
2670,,,2026-10-06 01:53:24.851236,2026-10-06 01:53:25.658048,0 days 00:00:00.806812,0.51115025563667,0.8717951055729352,0.807738690329122,21.183844928151355,0.05714116461716917,94.61146042672904,1.080654620868664,41.66154811682372,0.18589067298139156,0.03280586071940829,,1.2974912099205862,,16,PRUNED
2671,36.97589159192823,9.532307442242688,2026-10-06 01:53:25.935184,2026-10-06 01:56:39.105366,0 days 00:03:13.170182,0.4919537458910443,0.7186098618255685,0.5926143650576037,10.877854836518644,0.33279388005294136,98.6416708615901,1.191277759964359,5.299460499774038,0.2975664073833317,0.02749864300312601,3.237520947415894e-05,0.9603114093295346,193.1700634257868,16,COMPLETE
2672,,,2026-10-06 01:53:26.480006,2026-10-06 01:53:27.598047,0 days 00:00:01.118041,1.4644809848335274,1.2591852597336866,0.5667882730348237,21.183844928151355,1.1219725704605525,85.69762729633804,1.080654620868664,41.66154811682372,0.007925456797868324,0.03280586071940829,,1.2974912099205862,,16,PRUNED
2673,7.439040498792058,1.2658907201145293,2026-10-06 01:53:27.891995,2026-10-06 01:56:39.175206,0 days 00:03:11.283211,0.51115025563667,0.19189790819770397,0.12615106220885586,18.489161893608337,0.2395452449940939,1.0456674083460353,1.2898828018697517,1.4056083189495427,0.2975664073833317,0.02749864300312601,0.0003750271870227611,0.2678812614884665,191.28309729415923,16,COMPLETE
2674,,,2026-10-06 01:53:29.224994,2026-10-06 01:53:29.912044,0 days 00:00:00.687050,1.4644809848335274,1.2130161479561057,0.5926143650576037,21.183844928151355,0.33279388005294136,85.69762729633804,1.484226923085714,5.8774721288796,0.3676044917349766,0.03280586071940829,,1.2974912099205862,,16,PRUNED
2675,40.3384362112046,9.51098841601857,2026-10-06 01:53:29.452126,2026-10-06 01:56:47.017244,0 days 00:03:17.565118,0.51115025563667,0.2965654106455736,0.4120579376102117,10.877854836518644,0.2395452449940939,98.6416708615901,1.484226923085714,19.15408445903519,0.4212595585654096,0.03280586071940829,4.343429493003475e-06,1.1540267369865085,197.5650082072243,16,COMPLETE
2676,,,2026-10-06 01:53:30.339002,2026-10-06 01:53:31.009028,0 days 00:00:00.670026,0.51115025563667,0.2965654106455736,0.807738690329122,21.183844928151355,0.33279388005294136,85.69762729633804,1.080654620868664,45.6508402201298,0.3676044917349766,0.001985315066928493,,1.1540267369865085,,16,PRUNED
2677,25.966822313905432,22.588693399379007,2026-10-06 01:53:31.087988,2026-10-06 01:56:40.149182,0 days 00:03:09.061194,0.51115025563667,0.22496898462230025,0.5667882730348237,28.363576534662887,0.33279388005294136,85.69762729633804,1.4690823188003486,23.475624031055144,0.08173395261699556,0.024099244621516126,4.343429493003475e-06,0.7296704665126732,189.06109871156514,16,COMPLETE
2678,39.153385475751,2.807184441955617,2026-10-06 01:53:33.037146,2026-10-06 01:56:43.922038,0 days 00:03:10.884892,0.4919537458910443,0.2284118304472575,0.5926143650576037,10.877854836518644,0.33279388005294136,85.69762729633804,0.21292518523710352,1.4056083189495427,0.3676044917349766,0.04646579561376062,4.343429493003475e-06,0.2678812614884665,190.88478910643607,16,COMPLETE
2679,29.302783231561556,12.484886683858024,2026-10-06 01:53:33.040979,2026-10-06 01:56:45.917699,0 days 00:03:12.876720,0.4919537458910443,0.2965654106455736,0.4120579376102117,18.489161893608337,0.2395452449940939,98.6416708615901,0.21292518523710352,14.182822102930093,0.4212595585654096,0.024099244621516126,3.237520947415894e-05,1.1731061288695788,192.8766122367233,16,COMPLETE
2680,31.080372784926233,18.22295334908336,2026-10-06 01:53:59.691997,2026-10-06 01:57:13.857847,0 days 00:03:14.165850,1.4644809848335274,0.6380900259622037,0.8703953606582511,21.183844928151355,0.506401025718823,85.69762729633804,1.080654620868664,41.66154811682372,0.007925456797868324,0.03280586071940829,4.343429493003475e-06,1.2974912099205862,194.16573220305145,16,COMPLETE
2681,,,2026-10-06 01:54:01.455000,2026-10-06 01:54:02.994322,0 days 00:00:01.539322,1.4644809848335274,0.8717951055729352,0.5667882730348237,21.183844928151355,0.2395452449940939,85.69762729633804,1.484226923085714,5.8774721288796,0.08173395261699556,0.004806797307052786,,1.2974912099205862,,16,PRUNED
2682,8.40677888561589,1.3183826510225705,2026-10-06 01:54:02.703036,2026-10-06 01:57:12.549474,0 days 00:03:09.846438,0.51115025563667,0.2965654106455736,0.12615106220885586,18.489161893608337,0.33279388005294136,1.3674509825426884,1.484226923085714,1.4056083189495427,0.2975664073833317,0.021966873773064614,2.1038771230648366e-06,0.2678812614884665,189.84632429853082,16,COMPLETE
2683,38.90344891183792,2.437226035238566,2026-10-06 01:54:03.109160,2026-10-06 01:57:16.720705,0 days 00:03:13.611545,0.9476506359660919,0.7186098618255685,0.5667882730348237,5.245413993140336,0.6087670929915812,94.61146042672904,1.4690823188003486,5.8774721288796,0.08173395261699556,0.03280586071940829,0.0001282666398374068,1.1540267369865085,193.61143387760967,16,COMPLETE
2684,53.643856973097364,1.3546834288374585,2026-10-06 01:54:04.440009,2026-10-06 01:57:17.082148,0 days 00:03:12.642139,0.51115025563667,0.19189790819770397,0.12615106220885586,5.245413993140336,0.2395452449940939,98.6416708615901,1.2898828018697517,1.4056083189495427,0.08173395261699556,0.021966873773064614,0.0003750271870227611,0.2678812614884665,192.6420311750844,16,COMPLETE
2685,55.082045607615456,1.2362136840693008,2026-10-06 01:54:05.046000,2026-10-06 01:57:19.432647,0 days 00:03:14.386647,0.8010869639365119,0.9277185443706824,0.12615106220885586,8.695206399809345,0.2395452449940939,85.69762729633804,1.191277759964359,1.4056083189495427,0.08173395261699556,0.03038027549946027,0.00023428333292156852,1.0398982299460764,194.38653274159878,16,COMPLETE
2686,29.711723169976228,20.361652348088246,2026-10-06 01:54:05.584014,2026-10-06 01:57:18.337464,0 days 00:03:12.753450,0.51115025563667,0.2284118304472575,0.5926143650576037,18.386910920395536,0.33279388005294136,98.6416708615901,1.4690823188003486,14.182822102930093,0.08173395261699556,0.024099244621516126,4.343429493003475e-06,0.7296704665126732,192.7533467784524,16,COMPLETE
2687,31.189749540572016,4.930814913000571,2026-10-06 01:54:06.827997,2026-10-06 01:57:18.350851,0 days 00:03:11.522854,0.51115025563667,0.19189790819770397,0.12615106220885586,8.556213008137046,0.2395452449940939,37.27435511939568,1.080654620868664,41.66154811682372,0.08173395261699556,0.021966873773064614,4.343429493003475e-06,0.2678812614884665,191.52276517543942,16,COMPLETE
2688,36.23753865184672,4.241421642833944,2026-10-06 01:54:06.853138,2026-10-06 01:57:18.383761,0 days 00:03:11.530623,1.2349294162160471,0.7186098618255685,0.4120579376102117,8.695206399809345,0.6087670929915812,85.69762729633804,1.191277759964359,5.8774721288796,0.026937100580568585,0.03038027549946027,4.343429493003475e-06,0.6298110096990894,191.53052302263677,16,COMPLETE
2689,26.734584501247486,3.394183595521389,2026-10-06 01:54:07.031986,2026-10-06 01:57:19.054333,0 days 00:03:12.022347,0.51115025563667,0.2284118304472575,0.5667882730348237,5.245413993140336,0.6087670929915812,85.69762729633804,1.4690823188003486,5.8774721288796,0.08173395261699556,0.024099244621516126,0.03797672846385858,0.7296704665126732,192.0222505312413,16,COMPLETE
2690,47.999719540119436,1.577779253484783,2026-10-06 01:54:08.422162,2026-10-06 01:57:21.426834,0 days 00:03:13.004672,0.447684485641811,0.8717951055729352,0.16041414513537905,18.386910920395536,0.2395452449940939,85.69762729633804,1.484226923085714,1.4820969512820041,0.2975664073833317,0.03280586071940829,0.00014447613183128302,0.3942510912260334,193.00456465780735,16,COMPLETE
2691,22.602238048446186,1.3758373508024926,2026-10-06 01:54:08.425963,2026-10-06 01:57:20.711832,0 days 00:03:12.285869,0.51115025563667,0.8717951055729352,0.043534543065998396,21.183844928151355,0.506401025718823,85.69762729633804,1.080654620868664,41.66154811682372,0.007925456797868324,0.03280586071940829,4.343429493003475e-06,1.1540267369865085,192.2857661722228,16,COMPLETE
2692,,,2026-10-06 01:54:10.318153,2026-10-06 01:54:10.822055,0 days 00:00:00.503902,0.9476506359660919,0.7186098618255685,0.5667882730348237,11.710775031346763,1.2895971927470242,94.61146042672904,0.24822056901650302,5.8774721288796,0.457194005431291,0.024099244621516126,,0.18638909618587451,,16,PRUNED
2693,,,2026-10-06 01:54:10.840993,2026-10-06 01:54:12.775054,0 days 00:00:01.934061,1.2349294162160471,0.2965654106455736,0.4120579376102117,8.695206399809345,0.2395452449940939,85.69762729633804,1.191277759964359,23.475624031055144,0.4212595585654096,0.006579457635743546,,0.4050546490472307,,16,PRUNED
2694,,,2026-10-06 01:54:11.128015,2026-10-06 01:54:12.200052,0 days 00:00:01.072037,0.51115025563667,0.2284118304472575,0.5667882730348237,10.877854836518644,1.4761991293878287,85.69762729633804,0.12486747625813921,23.475624031055144,0.3676044917349766,0.024099244621516126,,0.7296704665126732,,16,PRUNED
2695,28.2019033794053,8.524098343501775,2026-10-06 01:54:12.383002,2026-10-06 01:57:20.000465,0 days 00:03:07.617463,0.51115025563667,0.2965654106455736,0.4120579376102117,8.556213008137046,0.2395452449940939,2.445598068889533,0.7297455375332902,41.66154811682372,0.4212595585654096,0.03280586071940829,4.343429493003475e-06,1.1540267369865085,187.61736052203923,16,COMPLETE
2696,42.8302536986316,7.420491494000754,2026-10-06 01:54:13.124158,2026-10-06 01:57:24.060472,0 days 00:03:10.936314,0.51115025563667,0.2284118304472575,0.4120579376102117,8.556213008137046,0.2395452449940939,98.6416708615901,0.7297455375332902,6.2296041386818795,0.4212595585654096,0.03280586071940829,4.343429493003475e-06,1.1540267369865085,190.93620375636965,16,COMPLETE
2697,31.449869983492977,15.322618742696767,2026-10-06 01:54:13.127962,2026-10-06 01:57:21.999694,0 days 00:03:08.871732,0.51115025563667,0.2965654106455736,0.4120579376102117,18.489161893608337,0.33279388005294136,98.6416708615901,0.21292518523710352,14.182822102930093,0.08173395261699556,0.024099244621516126,0.00014447613183128302,0.7296704665126732,188.87162260524929,16,COMPLETE
