number,values_0,values_1,datetime_start,datetime_complete,duration,params_between_rest_spread,params_c_spread,params_c_val,params_input_force,params_k_between_spread,params_k_between_val,params_k_wall_spread,params_k_wall_val,params_m_spread,params_m_val,params_ridge_alpha,params_wall_rest_spread,user_attrs_duration_sec,system_attrs_NSGAIISampler:generation,state
4240,29.335694693208335,17.956022952358392,2026-10-06 02:53:53.049180,2026-10-06 02:57:03.765477,0 days 00:03:10.716297,0.06689945847533801,0.19189790819770397,0.4255305729202439,11.991629079089469,0.33279388005294136,85.69762729633804,1.080654620868664,41.66154811682372,0.08173395261699556,0.024099244621516126,4.343429493003475e-06,0.7699502779177346,190.71618170663714,27,COMPLETE
4241,,,2026-10-06 02:53:53.052967,2026-10-06 02:53:54.301070,0 days 00:00:01.248103,0.8010869639365119,0.7186098618255685,0.2345370319995722,5.245413993140336,0.6087670929915812,18.610027315293728,1.484226923085714,5.8774721288796,0.026937100580568585,0.004017839351700333,,0.06813310163640623,,27,PRUNED
4242,34.60402086175234,14.034044882335845,2026-10-06 02:53:53.128984,2026-10-06 02:57:01.480837,0 days 00:03:08.351853,0.7407180681038071,0.19189790819770397,0.5926143650576037,10.877854836518644,0.506401025718823,98.6416708615901,0.22733391701326489,12.371756168223909,0.2975664073833317,0.03280586071940829,4.343429493003475e-06,1.2974912099205862,188.35174044501036,27,COMPLETE
4243,,,2026-10-06 02:53:54.520006,2026-10-06 02:54:32.695054,0 days 00:00:38.175048,0.8010869639365119,0.21606902729252941,0.807738690329122,10.877854836518644,0.9522272420030189,98.6416708615901,1.484226923085714,12.371756168223909,0.42968642573433347,0.03038027549946027,4.343429493003475e-06,1.2974912099205862,,27,PRUNED
4244,,,2026-10-06 02:53:56.128742,2026-10-06 02:53:57.270068,0 days 00:00:01.141326,0.51115025563667,1.477705155484243,0.807738690329122,11.991629079089469,0.6526618888173054,94.61146042672904,0.396687138771568,19.15408445903519,0.08173395261699556,0.03038027549946027,,1.2974912099205862,,27,PRUNED
4245,30.78613652689926,16.472914513344847,2026-10-06 02:53:57.547998,2026-10-06 02:57:05.827270,0 days 00:03:08.279272,0.51115025563667,0.21606902729252941,0.807738690329122,8.556213008137046,0.6087670929915812,94.61146042672904,0.7297455375332902,14.182822102930093,0.08173395261699556,0.03280586071940829,4.343429493003475e-06,1.1540267369865085,188.2791493916884,27,COMPLETE
4246,,,2026-10-06 02:54:18.439158,2026-10-06 02:54:19.661253,0 days 00:00:01.222095,0.38006078928274684,0.48628333026250986,0.5667882730348237,10.877854836518644,0.9704391599536131,94.61146042672904,1.4690823188003486,5.8774721288796,0.2975664073833317,0.004532228974614902,,1.1540267369865085,,27,PRUNED
4247,,,2026-10-06 02:54:19.661709,2026-10-06 02:54:21.094182,0 days 00:00:01.432473,0.51115025563667,0.2965654106455736,0.19400160111159936,5.245413993140336,0.6087670929915812,98.6416708615901,0.7518185550990375,10.742406971157363,0.9351802463195644,0.03038027549946027,,1.2974912099205862,,27,PRUNED
4248,41.31009937978397,8.57305988071846,2026-10-06 02:54:21.248012,2026-10-06 02:57:33.017586,0 days 00:03:11.769574,0.2994157425323484,0.7186098618255685,0.4120579376102117,5.245413993140336,0.2395452449940939,98.6416708615901,0.7050489238270052,23.475624031055144,0.2975664073833317,0.03038027549946027,4.343429493003475e-06,1.1540267369865085,191.76944493502378,27,COMPLETE
4249,43.721342400651274,6.85741991007738,2026-10-06 02:54:24.404242,2026-10-06 02:57:36.481862,0 days 00:03:12.077620,0.8010869639365119,0.2965654106455736,0.4120579376102117,5.245413993140336,0.5557547632162355,94.61146042672904,0.6419517764288287,5.8774721288796,0.08173395261699556,0.03038027549946027,2.1038771230648366e-06,0.7699502779177346,192.07749880757183,27,COMPLETE
4250,,,2026-10-06 02:54:24.432237,2026-10-06 02:55:03.295746,0 days 00:00:38.863509,0.51115025563667,0.19189790819770397,0.5667882730348237,10.877854836518644,0.6087670929915812,98.6416708615901,1.080654620868664,35.86671955459044,0.2975664073833317,0.03038027549946027,2.1038771230648366e-06,1.1540267369865085,,27,PRUNED
4251,40.72130910078715,6.2971370671535025,2026-10-06 02:54:26.210162,2026-10-06 02:57:39.852093,0 days 00:03:13.641931,0.1573454674891392,0.2965654106455736,0.4120579376102117,5.245413993140336,0.6087670929915812,94.61146042672904,0.6419517764288287,5.8774721288796,0.08173395261699556,0.03038027549946027,2.1038771230648366e-06,0.7699502779177346,193.64149897173047,27,COMPLETE
4252,40.13160159321609,5.989728422286614,2026-10-06 02:54:26.765143,2026-10-06 02:57:43.767551,0 days 00:03:17.002408,0.7123418565646167,0.2965654106455736,0.5926143650576037,10.877854836518644,0.6087670929915812,94.61146042672904,0.7297455375332902,2.318299919524875,0.2975664073833317,0.03280586071940829,4.343429493003475e-06,1.1540267369865085,197.00228969100863,27,COMPLETE
4253,37.50808048404416,11.694087745805508,2026-10-06 02:54:27.469158,2026-10-06 02:57:39.874289,0 days 00:03:12.405131,0.7407180681038071,0.6411683026816002,0.5667882730348237,10.877854836518644,0.506401025718823,85.69762729633804,1.484226923085714,12.371756168223909,0.4212595585654096,0.03280586071940829,4.343429493003475e-06,0.7699502779177346,192.40503215510398,27,COMPLETE
4254,,,2026-10-06 02:54:28.388043,2026-10-06 02:54:28.671003,0 days 00:00:00.282960,0.51115025563667,0.48628333026250986,0.20358075665942357,5.343050688320007,1.4774312832787693,94.61146042672904,1.484226923085714,5.8774721288796,0.3054149949472662,0.03038027549946027,,0.23886283196880004,,27,PRUNED
4255,17.954737344729597,4.248941283514727,2026-10-06 02:54:28.480987,2026-10-06 02:57:41.333076,0 days 00:03:12.852089,0.9158653711831447,0.2284118304472575,0.20358075665942357,5.245413993140336,0.2395452449940939,1.7537461899295819,1.484226923085714,14.182822102930093,0.3054149949472662,0.024099244621516126,2.1038771230648366e-06,0.23886283196880004,192.85198026057333,27,COMPLETE
4256,27.177631767974287,24.160125600364598,2026-10-06 02:54:29.463143,2026-10-06 02:57:42.368974,0 days 00:03:12.905831,0.51115025563667,0.48628333026250986,0.807738690329122,12.214752017762354,0.6087670929915812,94.61146042672904,0.557676215289644,45.6508402201298,0.08173395261699556,0.03038027549946027,1.2231168693053159e-05,0.23886283196880004,192.9057155661285,27,COMPLETE
4257,45.17919137726729,2.548002769811774,2026-10-06 02:54:30.635998,2026-10-06 02:57:41.345736,0 days 00:03:10.709738,0.7123418565646167,0.8717951055729352,0.5667882730348237,5.245413993140336,0.33279388005294136,94.61146042672904,0.7297455375332902,1.4056083189495427,0.08173395261699556,0.03038027549946027,2.1038771230648366e-06,1.209109649444219,190.7096286388114,27,COMPLETE
4258,17.243687891947285,1.5148416283435762,2026-10-06 02:54:31.539154,2026-10-06 02:57:43.792995,0 days 00:03:12.253841,0.51115025563667,0.8717951055729352,0.20358075665942357,10.877854836518644,0.6087670929915812,1.1348678342288896,1.4957396463808852,5.8774721288796,0.3676044917349766,0.03038027549946027,4.343429493003475e-06,1.3890637168667692,192.25372988637537,27,COMPLETE
4259,22.059812450031394,12.644316324578664,2026-10-06 02:54:31.542965,2026-10-06 02:57:44.365021,0 days 00:03:12.822056,0.51115025563667,0.39009610107888404,0.807738690329122,12.214752017762354,0.6087670929915812,30.970355185741326,1.484226923085714,5.8774721288796,0.08173395261699556,0.03038027549946027,4.343429493003475e-06,0.23886283196880004,192.82193809654564,27,COMPLETE
4260,35.08285797700002,11.620551967111453,2026-10-06 02:54:32.015998,2026-10-06 02:57:42.409924,0 days 00:03:10.393926,0.8010869639365119,0.21606902729252941,0.5926143650576037,5.245413993140336,0.33279388005294136,98.6416708615901,0.7297455375332902,19.15408445903519,0.4212595585654096,0.03038027549946027,4.343429493003475e-06,0.7699502779177346,190.39368989504874,27,COMPLETE
4261,28.220579402536735,2.5946633905164376,2026-10-06 02:54:32.706983,2026-10-06 02:57:42.953836,0 days 00:03:10.246853,0.51115025563667,0.2965654106455736,0.12615106220885586,5.245413993140336,0.33279388005294136,2.2417763608968646,1.484226923085714,19.15408445903519,0.3372985396418654,0.03038027549946027,4.343429493003475e-06,1.1540267369865085,190.24674370046705,27,COMPLETE
4262,,,2026-10-06 02:55:01.117117,2026-10-06 02:55:01.679407,0 days 00:00:00.562290,0.7123418565646167,0.2965654106455736,0.4120579376102117,5.245413993140336,1.3802629967569444,94.61146042672904,0.1983104038966933,14.182822102930093,0.08173395261699556,0.026084333133781914,,0.06813310163640623,,27,PRUNED
4263,,,2026-10-06 02:55:02.089291,2026-10-06 02:55:02.730053,0 days 00:00:00.640762,0.51115025563667,0.8717951055729352,0.807738690329122,11.991629079089469,0.33279388005294136,94.61146042672904,0.7518185550990375,19.15408445903519,0.007925456797868324,0.03038027549946027,,1.2974912099205862,,27,PRUNED
4264,,,2026-10-06 02:55:02.856001,2026-10-06 02:55:41.946062,0 days 00:00:39.090061,0.51115025563667,0.7186098618255685,0.19400160111159936,5.245413993140336,0.6087670929915812,94.61146042672904,1.4690823188003486,5.8774721288796,0.47866849023418334,0.03038027549946027,4.343429493003475e-06,1.2974912099205862,,27,PRUNED
4265,,,2026-10-06 02:55:03.719993,2026-10-06 02:55:05.025022,0 days 00:00:01.305029,0.7515305847559108,1.1756256144463233,0.5673687007336011,8.556213008137046,0.2395452449940939,94.61146042672904,0.7297455375332902,14.182822102930093,0.2975664073833317,0.024099244621516126,,0.7699502779177346,,27,PRUNED
4266,32.12905607499989,19.660009564907792,2026-10-06 02:55:03.769258,2026-10-06 02:58:18.062839,0 days 00:03:14.293581,0.7407180681038071,0.21606902729252941,0.5926143650576037,11.991629079089469,0.33279388005294136,85.69762729633804,1.4690823188003486,35.86671955459044,0.4212595585654096,0.03038027549946027,4.343429493003475e-06,0.7699502779177346,194.2934806123376,27,COMPLETE
4267,,,2026-10-06 02:55:04.136999,2026-10-06 02:55:04.999018,0 days 00:00:00.862019,0.8010869639365119,1.0572154476887887,0.2345370319995722,25.66302749744657,0.33279388005294136,98.6416708615901,1.484226923085714,5.8774721288796,0.3054149949472662,0.005668010634782505,,1.1540267369865085,,27,PRUNED
4268,17.778666266283626,4.494674701078269,2026-10-06 02:55:04.198713,2026-10-06 02:58:16.907670,0 days 00:03:12.708957,0.3975167966799123,0.19189790819770397,0.5667882730348237,5.245413993140336,0.33279388005294136,1.9253514366169218,1.4690823188003486,5.8774721288796,0.08173395261699556,0.03038027549946027,4.343429493003475e-06,1.2267307691914986,192.7088415203616,27,COMPLETE
4269,,,2026-10-06 02:55:04.936000,2026-10-06 02:55:05.691534,0 days 00:00:00.755534,0.51115025563667,0.8717951055729352,0.807738690329122,8.556213008137046,0.2395452449940939,94.61146042672904,1.080654620868664,1.4056083189495427,0.3161737300984912,0.021966873773064614,,0.7699502779177346,,27,PRUNED
4270,36.76413355688262,14.64575976703859,2026-10-06 02:55:05.175988,2026-10-06 02:58:15.964039,0 days 00:03:10.788051,0.7123418565646167,0.21606902729252941,0.4120579376102117,8.556213008137046,0.2395452449940939,94.61146042672904,0.7297455375332902,14.182822102930093,0.2975664073833317,0.024099244621516126,4.343429493003475e-06,0.7699502779177346,190.78792510647327,27,COMPLETE
4271,38.68752219370265,11.272633333561476,2026-10-06 02:55:05.179956,2026-10-06 02:58:19.314269,0 days 00:03:14.134313,0.51115025563667,0.07861675458476158,0.3892734184387754,10.877854836518644,0.33279388005294136,98.6416708615901,1.484226923085714,35.86671955459044,0.3054149949472662,0.03038027549946027,4.343429493003475e-06,1.2974912099205862,194.13419772777706,27,COMPLETE
4272,49.18914567183325,2.7643957416037486,2026-10-06 02:55:05.964716,2026-10-06 02:58:16.250927,0 days 00:03:10.286211,0.51115025563667,0.2965654106455736,0.2345370319995722,8.556213008137046,0.2395452449940939,94.61146042672904,1.484226923085714,5.8774721288796,0.4212595585654096,0.03038027549946027,4.343429493003475e-06,1.1540267369865085,190.2860975060612,27,COMPLETE
4273,43.65816743939767,5.5163105445221765,2026-10-06 02:55:08.844984,2026-10-06 02:58:18.096114,0 days 00:03:09.251130,0.8548572270960194,0.2284118304472575,0.4120579376102117,5.245413993140336,0.20665502505867123,94.61146042672904,1.484226923085714,5.8774721288796,0.15450841561573675,0.03038027549946027,4.343429493003475e-06,1.1540267369865085,189.25102803111076,27,COMPLETE
4274,,,2026-10-06 02:55:09.711996,2026-10-06 02:55:49.320797,0 days 00:00:39.608801,0.8010869639365119,0.7186098618255685,0.2345370319995722,5.245413993140336,0.33279388005294136,94.61146042672904,0.6419517764288287,7.242018006177657,0.5163646447550703,0.03038027549946027,4.343429493003475e-06,0.23886283196880004,,27,PRUNED
4275,54.387940354013026,1.8260504117065053,2026-10-06 02:55:34.805016,2026-10-06 02:58:49.462855,0 days 00:03:14.657839,0.8010869639365119,0.7186098618255685,0.2345370319995722,5.245413993140336,0.33279388005294136,94.61146042672904,1.2898828018697517,7.242018006177657,0.08981597176864942,0.03038027549946027,4.343429493003475e-06,1.3890637168667692,194.65770884044468,27,COMPLETE
4276,38.10676652405725,11.768918141495002,2026-10-06 02:55:35.981535,2026-10-06 02:58:50.585858,0 days 00:03:14.604323,0.2994157425323484,0.19189790819770397,0.4120579376102117,5.245413993140336,0.33279388005294136,94.61146042672904,0.6419517764288287,35.86671955459044,0.2975664073833317,0.03038027549946027,4.343429493003475e-06,1.2974912099205862,194.60419214703143,27,COMPLETE
4277,41.91934137937055,7.637834919675782,2026-10-06 02:55:39.203993,2026-10-06 02:58:53.739485,0 days 00:03:14.535492,0.7123418565646167,0.2965654106455736,0.4120579376102117,9.642465585015067,0.6087670929915812,94.61146042672904,0.6419517764288287,5.8774721288796,0.08173395261699556,0.03038027549946027,2.1038771230648366e-06,1.1540267369865085,194.53536994941533,27,COMPLETE
4278,,,2026-10-06 02:55:40.393091,2026-10-06 02:56:23.629043,0 days 00:00:43.235952,0.51115025563667,0.07861675458476158,0.5667882730348237,11.991629079089469,0.33279388005294136,85.69762729633804,1.080654620868664,41.66154811682372,0.5315352107326616,0.024099244621516126,4.343429493003475e-06,0.23886283196880004,,27,PRUNED
4279,32.12905607499989,19.660009564907792,2026-10-06 02:55:40.683005,2026-10-06 02:58:51.624181,0 days 00:03:10.941176,0.7407180681038071,0.21606902729252941,0.5926143650576037,11.991629079089469,0.33279388005294136,85.69762729633804,1.4690823188003486,35.86671955459044,0.4212595585654096,0.03038027549946027,4.343429493003475e-06,0.7699502779177346,190.94105416629463,27,COMPLETE
4280,37.55370468619613,12.509510279868229,2026-10-06 02:55:41.087162,2026-10-06 02:58:54.095293,0 days 00:03:13.008131,0.51115025563667,0.8717951055729352,0.5667882730348237,10.877854836518644,0.33279388005294136,98.6416708615901,0.7518185550990375,19.15408445903519,0.007925456797868324,0.03038027549946027,4.343429493003475e-06,1.2974912099205862,193.00800592731684,27,COMPLETE
4281,,,2026-10-06 02:55:41.477139,2026-10-06 02:55:42.969053,0 days 00:00:01.491914,0.7407180681038071,0.21606902729252941,0.5926143650576037,10.877854836518644,0.33279388005294136,98.6416708615901,1.4690823188003486,41.66154811682372,0.2975664073833317,0.020616317156177934,,0.1819955122537878,,27,PRUNED
4282,37.427079617497576,11.77569222685657,2026-10-06 02:55:42.216999,2026-10-06 02:58:51.603364,0 days 00:03:09.386365,0.32522926579248107,0.2965654106455736,0.4120579376102117,5.245413993140336,0.33279388005294136,94.61146042672904,0.40292724161170734,35.86671955459044,0.15450841561573675,0.03038027549946027,2.1038771230648366e-06,1.1540267369865085,189.38623549602926,27,COMPLETE
4283,45.243995213149375,6.241493033503123,2026-10-06 02:55:43.160323,2026-10-06 02:58:55.917638,0 days 00:03:12.757315,0.9158653711831447,0.8715336252138003,0.4120579376102117,5.245413993140336,0.33279388005294136,94.61146042672904,0.6419517764288287,7.242018006177657,0.28988344429582863,0.03038027549946027,4.343429493003475e-06,0.23886283196880004,192.75720769166946,27,COMPLETE
4284,38.34528081383094,5.390001684881841,2026-10-06 02:55:43.579904,2026-10-06 02:58:53.806225,0 days 00:03:10.226321,0.32522926579248107,0.19189790819770397,0.5926143650576037,10.877854836518644,0.33279388005294136,94.61146042672904,1.484226923085714,1.487711883157242,0.2975664073833317,0.03280586071940829,2.1038771230648366e-06,1.1540267369865085,190.22619566507638,27,COMPLETE
4285,,,2026-10-06 02:55:44.293130,2026-10-06 02:55:45.520046,0 days 00:00:01.226916,0.7123418565646167,0.2965654106455736,0.4120579376102117,5.245413993140336,0.6087670929915812,94.61146042672904,1.2898828018697517,41.66154811682372,0.4212595585654096,0.01146891949432573,,0.7699502779177346,,27,PRUNED
4286,,,2026-10-06 02:55:45.535990,2026-10-06 02:56:24.483064,0 days 00:00:38.947074,0.2994157425323484,0.21606902729252941,0.4120579376102117,5.245413993140336,0.6087670929915812,98.6416708615901,0.6419517764288287,5.8774721288796,0.4212595585654096,0.03038027549946027,2.1038771230648366e-06,0.7699502779177346,,27,PRUNED
4287,42.77520275326857,7.96947759936386,2026-10-06 02:55:45.555977,2026-10-06 02:58:59.702670,0 days 00:03:14.146693,0.8010869639365119,0.2965654106455736,0.4120579376102117,5.245413993140336,0.6087670929915812,98.6416708615901,0.7983177959182575,12.371756168223909,0.08173395261699556,0.03038027549946027,4.343429493003475e-06,1.1540267369865085,194.14657376054674,27,COMPLETE
4288,32.655368845037174,18.043874898989973,2026-10-06 02:55:45.797004,2026-10-06 02:58:55.539102,0 days 00:03:09.742098,0.51115025563667,0.19189790819770397,0.5667882730348237,10.877854836518644,0.33279388005294136,98.6416708615901,1.080654620868664,35.86671955459044,0.2975664073833317,0.03280586071940829,4.343429493003475e-06,0.7699502779177346,189.7419790616259,27,COMPLETE
4289,30.069097926099847,23.669699643710334,2026-10-06 02:55:46.197557,2026-10-06 02:58:59.767040,0 days 00:03:13.569483,0.51115025563667,0.21606902729252941,0.5673687007336011,8.556213008137046,0.2395452449940939,98.6416708615901,0.7297455375332902,35.86671955459044,0.2975664073833317,0.024099244621516126,4.343429493003475e-06,0.6443960696842288,193.5693759135902,27,COMPLETE
4290,48.03028806340946,3.253368459166642,2026-10-06 02:55:47.955007,2026-10-06 02:59:02.543362,0 days 00:03:14.588355,0.51115025563667,0.7186098618255685,0.2345370319995722,5.245413993140336,0.6087670929915812,98.6416708615901,1.080654620868664,45.6508402201298,0.007925456797868324,0.03038027549946027,4.343429493003475e-06,1.1540267369865085,194.5882239723578,27,COMPLETE
4291,37.595998219207885,9.017769027193376,2026-10-06 02:55:48.990144,2026-10-06 02:59:01.391482,0 days 00:03:12.401338,0.8010869639365119,0.21606902729252941,0.5926143650576037,5.245413993140336,0.33279388005294136,94.61146042672904,1.4690823188003486,7.242018006177657,0.4212595585654096,0.03038027549946027,4.343429493003475e-06,0.7699502779177346,192.40121480822563,27,COMPLETE
4292,43.0087587301808,7.074432755712714,2026-10-06 02:55:49.522002,2026-10-06 02:58:54.463806,0 days 00:03:04.941804,0.2994157425323484,0.7186098618255685,0.4120579376102117,5.245413993140336,0.6087670929915812,94.61146042672904,0.6419517764288287,19.15408445903519,0.08173395261699556,0.03280586071940829,2.1038771230648366e-06,1.1540267369865085,184.9416947644204,27,COMPLETE
4293,26.351398227425555,23.673858831536485,2026-10-06 02:55:49.529961,2026-10-06 02:59:00.801640,0 days 00:03:11.271679,0.8010869639365119,0.07861675458476158,0.807738690329122,10.877854836518644,0.33279388005294136,98.6416708615901,0.39552867473326975,85.3360983069666,0.007925456797868324,0.03280586071940829,4.343429493003475e-06,1.2974912099205862,191.2715765275061,27,COMPLETE
4294,23.33177593443572,10.19964356978539,2026-10-06 02:56:00.266474,2026-10-06 02:58:54.784670,0 days 00:02:54.518196,0.51115025563667,0.19189790819770397,0.5667882730348237,10.877854836518644,0.506401025718823,11.932696638158324,1.484226923085714,12.371756168223909,0.2975664073833317,0.03280586071940829,4.343429493003475e-06,1.2974912099205862,174.51808882690966,27,COMPLETE
4295,,,2026-10-06 02:56:14.774009,2026-10-06 02:56:15.526069,0 days 00:00:00.752060,0.51115025563667,0.8717951055729352,0.5667882730348237,11.991629079089469,0.33279388005294136,85.69762729633804,0.18886162978538107,19.15408445903519,0.007925456797868324,0.024099244621516126,,0.7296704665126732,,27,PRUNED
4296,42.10076262601573,8.377241141042898,2026-10-06 02:56:15.994012,2026-10-06 02:59:27.000967,0 days 00:03:11.006955,0.7123418565646167,0.8717951055729352,0.4120579376102117,5.245413993140336,0.6087670929915812,98.6416708615901,1.3139492318372383,41.66154811682372,0.08173395261699556,0.03038027549946027,2.1038771230648366e-06,0.23886283196880004,191.00682319980115,27,COMPLETE
4297,26.940019913476316,25.19385102541536,2026-10-06 02:56:19.065011,2026-10-06 02:59:30.605987,0 days 00:03:11.540976,0.51115025563667,0.21606902729252941,0.807738690329122,12.214752017762354,0.6087670929915812,98.6416708615901,1.484226923085714,45.6508402201298,0.08173395261699556,0.03038027549946027,4.343429493003475e-06,0.23886283196880004,191.54085240047425,27,COMPLETE
4298,,,2026-10-06 02:56:19.109491,2026-10-06 02:56:59.971077,0 days 00:00:40.861586,0.8010869639365119,0.19189790819770397,0.5926143650576037,11.991629079089469,0.33279388005294136,85.69762729633804,1.484226923085714,63.264441301960396,0.4212595585654096,0.03038027549946027,4.343429493003475e-06,0.06813310163640623,,27,PRUNED
4299,46.060645445686234,5.319997053103727,2026-10-06 02:56:19.268994,2026-10-06 02:59:38.793234,0 days 00:03:19.524240,0.8010869639365119,0.7186098618255685,0.4120579376102117,5.245413993140336,0.33279388005294136,98.6416708615901,0.7297455375332902,5.8774721288796,0.28988344429582863,0.03038027549946027,4.343429493003475e-06,1.1540267369865085,199.52410855237395,27,COMPLETE
