number,values_0,values_1,datetime_start,datetime_complete,duration,params_between_rest_spread,params_c_spread,params_c_val,params_input_force,params_k_between_spread,params_k_between_val,params_k_wall_spread,params_k_wall_val,params_m_spread,params_m_val,params_ridge_alpha,params_wall_rest_spread,user_attrs_duration_sec,system_attrs_NSGAIISampler:generation,state
1990,37.546203641783805,7.324035053791292,2026-10-06 01:26:26.022171,2026-10-06 01:29:41.191856,0 days 00:03:15.169685,0.447684485641811,0.21606902729252941,0.4120579376102117,18.386910920395536,0.05714116461716917,85.69762729633804,1.484226923085714,5.299460499774038,0.2975664073833317,0.03280586071940829,0.00014447613183128302,1.3635581381619835,195.16957446280867,11,COMPLETE
1991,,,2026-10-06 01:26:27.976471,2026-10-06 01:27:04.380081,0 days 00:00:36.403610,0.51115025563667,0.2284118304472575,0.807738690329122,18.386910920395536,0.33279388005294136,85.69762729633804,1.191277759964359,14.182822102930093,0.5860574191614696,0.02749864300312601,0.00014447613183128302,0.30673616238509677,,11,PRUNED
1992,,,2026-10-06 01:26:31.322986,2026-10-06 01:27:09.509031,0 days 00:00:38.186045,0.2994157425323484,1.012439712223232,0.20358075665942357,5.245413993140336,0.6087670929915812,98.6416708615901,0.21292518523710352,32.090856214969556,0.4212595585654096,0.03038027549946027,0.0018769560037333074,0.739405563829868,,11,PRUNED
1993,25.09779198846534,16.61590429907908,2026-10-06 01:26:31.386288,2026-10-06 01:29:44.178075,0 days 00:03:12.791787,0.447684485641811,0.3233389271032242,0.5007349343976268,18.489161893608337,0.2395452449940939,98.6416708615901,0.12486747625813921,86.57068482598544,0.2975664073833317,0.03280586071940829,0.01571017455281935,0.2678812614884665,192.7916880249977,11,COMPLETE
1994,,,2026-10-06 01:26:31.760167,2026-10-06 01:26:32.646029,0 days 00:00:00.885862,0.447684485641811,0.7186098618255685,0.6443949852851695,18.489161893608337,0.05714116461716917,85.69762729633804,1.191277759964359,86.57068482598544,0.6979007106917119,0.03280586071940829,,1.1540267369865085,,11,PRUNED
1995,28.623748651967777,15.722121492758967,2026-10-06 01:26:32.571311,2026-10-06 01:29:47.728876,0 days 00:03:15.157565,0.4919537458910443,0.3233389271032242,0.6443949852851695,18.489161893608337,0.2395452449940939,85.69762729633804,1.2205318815051402,19.15408445903519,0.08173395261699556,0.03038027549946027,0.00014447613183128302,1.3635581381619835,195.15746939834207,12,COMPLETE
1996,36.42309874743297,7.712457862386967,2026-10-06 01:26:32.574874,2026-10-06 01:29:50.271369,0 days 00:03:17.696495,0.8010869639365119,0.2965654106455736,0.5667882730348237,8.556213008137046,0.2395452449940939,98.6416708615901,1.080654620868664,11.86468393276075,0.5182614449347602,0.03280586071940829,0.00014447613183128302,1.2974912099205862,197.69638488441706,12,COMPLETE
1997,35.723831592043965,8.142431499124482,2026-10-06 01:26:32.578857,2026-10-06 01:29:45.885678,0 days 00:03:13.306821,0.51115025563667,0.2965654106455736,0.20358075665942357,5.245413993140336,0.5855379267962546,36.090761710904154,0.21292518523710352,20.4004304097776,0.5860574191614696,0.024099244621516126,0.00014447613183128302,0.7503027664453992,193.30672746524215,12,COMPLETE
1998,51.26275964621252,1.6903535685008757,2026-10-06 01:26:33.004382,2026-10-06 01:29:45.116745,0 days 00:03:12.112363,0.447684485641811,0.3731992973752525,0.1347521461063753,8.695206399809345,0.05714116461716917,85.69762729633804,1.191277759964359,5.299460499774038,0.18589067298139156,0.02749864300312601,0.00014447613183128302,1.1540267369865085,192.1122601479292,12,COMPLETE
1999,32.9676835891426,12.749949280302836,2026-10-06 01:26:33.007974,2026-10-06 01:29:43.486336,0 days 00:03:10.478362,0.4919537458910443,0.2965654106455736,0.4120579376102117,18.489161893608337,0.2395452449940939,85.69762729633804,0.21292518523710352,29.598739375217725,0.4212595585654096,0.03280586071940829,0.00014447613183128302,1.1540267369865085,190.47825549449772,12,COMPLETE
2000,34.53615200952139,11.27755124474739,2026-10-06 01:26:35.223001,2026-10-06 01:29:47.477359,0 days 00:03:12.254358,0.4919537458910443,0.29617537592597154,0.5007349343976268,8.556213008137046,0.2395452449940939,98.6416708615901,0.21292518523710352,19.15408445903519,0.4212595585654096,0.03038027549946027,0.00014447613183128302,1.1540267369865085,192.2541995048523,12,COMPLETE
2001,32.46236419479892,14.654140524559827,2026-10-06 01:26:36.049004,2026-10-06 01:29:48.049684,0 days 00:03:12.000680,0.51115025563667,0.2965654106455736,0.5667882730348237,21.183844928151355,0.6454873286650737,85.69762729633804,1.3460422977121211,23.475624031055144,0.04206136129933902,0.03280586071940829,1.200084963761539e-05,1.2974912099205862,192.00058419816196,12,COMPLETE
2002,,,2026-10-06 01:26:36.352109,2026-10-06 01:27:15.529993,0 days 00:00:39.177884,0.51115025563667,0.2965654106455736,0.4120579376102117,8.556213008137046,0.5855379267962546,94.61146042672904,0.21292518523710352,11.86468393276075,0.5182614449347602,0.024099244621516126,0.00014447613183128302,1.2974912099205862,,12,PRUNED
2003,31.96309200922342,10.81489472796806,2026-10-06 01:26:37.648150,2026-10-06 01:29:47.945846,0 days 00:03:10.297696,1.2349294162160471,0.3233389271032242,0.4120579376102117,18.489161893608337,0.2395452449940939,85.69762729633804,0.12335707128410667,14.182822102930093,0.08173395261699556,0.03280586071940829,0.00014447613183128302,0.22420936382869971,190.29759786929935,12,COMPLETE
2004,32.91788646437723,14.153210829901393,2026-10-06 01:26:37.774979,2026-10-06 01:29:47.275881,0 days 00:03:09.500902,0.8010869639365119,0.21606902729252941,0.4120579376102117,18.386910920395536,0.24898915063550275,85.69762729633804,0.21292518523710352,19.15408445903519,0.5182614449347602,0.03038027549946027,0.00014447613183128302,0.7484799845382546,189.5008026510477,12,COMPLETE
2005,,,2026-10-06 01:26:56.922222,2026-10-06 01:26:58.152416,0 days 00:00:01.230194,0.8010869639365119,0.3233389271032242,0.6443949852851695,18.489161893608337,0.2395452449940939,98.6416708615901,1.4690823188003486,86.57068482598544,0.2975664073833317,0.024099244621516126,,1.1540267369865085,,12,PRUNED
2006,,,2026-10-06 01:26:58.193028,2026-10-06 01:27:36.486050,0 days 00:00:38.293022,0.8010869639365119,0.2965654106455736,0.011489058325424862,18.489161893608337,0.2395452449940939,85.69762729633804,0.12486747625813921,86.57068482598544,0.5182614449347602,0.03280586071940829,0.00014447613183128302,1.1540267369865085,,12,PRUNED
2007,48.386667538351325,5.071745025945623,2026-10-06 01:27:03.396025,2026-10-06 01:30:16.655759,0 days 00:03:13.259734,0.9158653711831447,0.7186098618255685,0.4120579376102117,5.245413993140336,0.6087670929915812,94.61146042672904,0.6419517764288287,5.8774721288796,0.026937100580568585,0.03038027549946027,2.1038771230648366e-06,1.1540267369865085,193.25961249135435,12,COMPLETE
2008,31.10033636331683,8.274579458355944,2026-10-06 01:27:04.500569,2026-10-06 01:30:19.824473,0 days 00:03:15.323904,0.447684485641811,0.19189790819770397,0.807738690329122,8.556213008137046,0.33279388005294136,98.6416708615901,0.21292518523710352,3.4986940086270097,0.08173395261699556,0.03280586071940829,4.343429493003475e-06,1.1540267369865085,195.32378140185028,12,COMPLETE
2009,40.265104758058314,5.597048591552295,2026-10-06 01:27:07.548292,2026-10-06 01:30:15.413313,0 days 00:03:07.865021,1.3032667668648097,0.7186098618255685,0.6443949852851695,18.489161893608337,0.05714116461716917,98.6416708615901,1.191277759964359,5.299460499774038,0.5860574191614696,0.037495759622009746,0.00014447613183128302,1.3635581381619835,187.86489271372557,12,COMPLETE
2010,37.59266186223875,6.598143629617622,2026-10-06 01:27:08.164998,2026-10-06 01:30:23.702115,0 days 00:03:15.537117,0.447684485641811,0.7186098618255685,0.6443949852851695,11.991629079089469,0.05714116461716917,98.6416708615901,1.191277759964359,5.299460499774038,0.5860574191614696,0.03280586071940829,0.00014447613183128302,1.3635581381619835,195.5370090501383,12,COMPLETE
2011,42.29903768599172,1.8048930828707377,2026-10-06 01:27:09.103017,2026-10-06 01:30:21.279310,0 days 00:03:12.176293,0.7044796824808836,0.3731992973752525,0.1347521461063753,27.329413053470336,0.05714116461716917,85.69762729633804,0.21292518523710352,5.8774721288796,0.18589067298139156,0.03280586071940829,0.00023455457478105328,1.1540267369865085,192.17618719488382,12,COMPLETE
2012,29.057971646519718,1.7805872842948358,2026-10-06 01:27:09.663997,2026-10-06 01:30:20.382720,0 days 00:03:10.718723,0.8010869639365119,0.19189790819770397,0.5667882730348237,11.991629079089469,0.6454873286650737,85.69762729633804,1.3460422977121211,1.2001363989388558,0.08173395261699556,0.03280586071940829,0.04918836721955702,0.2678812614884665,190.71861148625612,12,COMPLETE
2013,17.595167336917058,13.194605806460604,2026-10-06 01:27:10.988000,2026-10-06 01:30:25.111442,0 days 00:03:14.123442,0.51115025563667,0.4406547036346807,0.5667882730348237,18.489161893608337,0.2395452449940939,13.46295214750814,1.080654620868664,9.4981050988806,0.08173395261699556,0.024099244621516126,0.00014447613183128302,0.7296704665126732,194.12333345413208,12,COMPLETE
2014,34.10501445659034,2.138572206804144,2026-10-06 01:27:13.475005,2026-10-06 01:30:24.320984,0 days 00:03:10.845979,1.219768494496939,0.3233389271032242,0.4120579376102117,18.489161893608337,0.2395452449940939,98.6416708615901,0.21292518523710352,1.6353888667195107,0.08173395261699556,0.03038027549946027,0.024664167393689353,1.1540267369865085,190.84587031695992,12,COMPLETE
2015,,,2026-10-06 01:27:15.573119,2026-10-06 01:27:16.063032,0 days 00:00:00.489913,0.51115025563667,0.7186098618255685,0.5662816343755678,41.54273767297686,0.05714116461716917,85.69762729633804,1.191277759964359,5.8774721288796,0.6979007106917119,0.0025897442549938196,,1.3635581381619835,,12,PRUNED
2016,35.96289747979421,9.923553719845586,2026-10-06 01:27:15.604981,2026-10-06 01:30:27.321677,0 days 00:03:11.716696,0.51115025563667,0.2284118304472575,0.4120579376102117,18.489161893608337,0.2395452449940939,98.6416708615901,1.484226923085714,14.182822102930093,0.08173395261699556,0.03280586071940829,2.1038771230648366e-06,1.1137080086478488,191.7165918201208,12,COMPLETE
2017,40.418883280272794,7.587323918003376,2026-10-06 01:27:16.123997,2026-10-06 01:30:27.766430,0 days 00:03:11.642433,1.4644809848335274,0.8717951055729352,0.5667882730348237,11.991629079089469,0.6454873286650737,98.6416708615901,1.3460422977121211,23.475624031055144,0.08173395261699556,0.03280586071940829,4.343429493003475e-06,1.1540267369865085,191.6423195404932,12,COMPLETE
2018,44.589716224011696,1.5324290517305412,2026-10-06 01:27:36.676000,2026-10-06 01:30:46.524423,0 days 00:03:09.848423,0.8010869639365119,0.3233389271032242,0.1347521461063753,21.183844928151355,0.05714116461716917,85.69762729633804,1.080654620868664,5.8774721288796,0.08173395261699556,0.03280586071940829,0.00014447613183128302,1.2974912099205862,189.84831223264337,12,COMPLETE
2019,31.41578676786699,14.568847730190319,2026-10-06 01:27:48.435133,2026-10-06 01:31:04.208387,0 days 00:03:15.773254,0.51115025563667,0.8717951055729352,0.6443949852851695,21.183844928151355,0.3142092090738327,98.6416708615901,0.12486747625813921,62.52499297418989,0.18589067298139156,0.03280586071940829,0.00014447613183128302,1.1540267369865085,195.77316147554666,12,COMPLETE
2020,24.91296129938999,18.066062761399618,2026-10-06 01:27:48.739983,2026-10-06 01:31:00.865466,0 days 00:03:12.125483,0.8010869639365119,0.1600774807386785,0.807738690329122,21.183844928151355,0.33279388005294136,85.69762729633804,1.080654620868664,27.18829761445633,0.04206136129933902,0.03038027549946027,0.0003750271870227611,1.2974912099205862,192.12537804525346,12,COMPLETE
2021,25.934445716521008,13.350446082065435,2026-10-06 01:27:50.148235,2026-10-06 01:31:06.599673,0 days 00:03:16.451438,0.51115025563667,0.2965654106455736,0.4120579376102117,18.489161893608337,0.33279388005294136,47.50064007424394,0.21292518523710352,14.182822102930093,0.2975664073833317,0.03038027549946027,0.00014447613183128302,0.7296704665126732,196.4513295032084,12,COMPLETE
2022,,,2026-10-06 01:27:50.800157,2026-10-06 01:27:51.894038,0 days 00:00:01.093881,0.447684485641811,0.19189790819770397,0.6443949852851695,8.556213008137046,1.173899439266434,98.6416708615901,1.191277759964359,5.299460499774038,0.5860574191614696,0.03280586071940829,,1.3635581381619835,,12,PRUNED
2023,34.41063297474595,14.503648653823523,2026-10-06 01:27:50.803965,2026-10-06 01:31:04.474896,0 days 00:03:13.670931,0.4919537458910443,0.8717951055729352,0.5667882730348237,18.489161893608337,0.506401025718823,98.6416708615901,0.21292518523710352,41.66154811682372,0.007925456797868324,0.03038027549946027,4.343429493003475e-06,1.2974912099205862,193.67083040252328,12,COMPLETE
2024,,,2026-10-06 01:27:52.912005,2026-10-06 01:27:54.514477,0 days 00:00:01.602472,0.8010869639365119,0.3233389271032242,0.5667882730348237,43.81707512922677,0.2395452449940939,85.69762729633804,1.080654620868664,86.57068482598544,0.2975664073833317,0.03280586071940829,,1.2974912099205862,,12,PRUNED
2025,,,2026-10-06 01:27:52.957985,2026-10-06 01:27:54.504039,0 days 00:00:01.546054,0.4919537458910443,0.29617537592597154,0.20358075665942357,13.359444199122356,0.2395452449940939,85.69762729633804,0.21292518523710352,19.15408445903519,0.4212595585654096,0.006087824878069029,,1.0233905495328992,,12,PRUNED
2026,48.98395484413559,1.449445630095069,2026-10-06 01:27:52.999983,2026-10-06 01:31:04.035904,0 days 00:03:11.035921,0.447684485641811,0.3731992973752525,0.1347521461063753,8.695206399809345,0.039445266898603004,98.6416708615901,1.191277759964359,5.8774721288796,0.08173395261699556,0.03038027549946027,0.0048759141709485915,1.1540267369865085,191.0358092840761,12,COMPLETE
2027,31.047192074895083,15.436579673228405,2026-10-06 01:27:53.096002,2026-10-06 01:31:02.198104,0 days 00:03:09.102102,0.447684485641811,0.3233389271032242,0.4120579376102117,21.183844928151355,0.2395452449940939,85.69762729633804,1.080654620868664,23.475624031055144,0.18589067298139156,0.024099244621516126,0.00014447613183128302,1.2974912099205862,189.10199643392116,12,COMPLETE
2028,42.188268451382406,3.721341875942729,2026-10-06 01:27:54.514911,2026-10-06 01:31:06.010167,0 days 00:03:11.495256,1.0051206101430603,0.2965654106455736,0.4120579376102117,23.21144630884278,0.2395452449940939,98.6416708615901,0.4624516418055852,1.6540863232913066,0.08173395261699556,0.03038027549946027,0.00014447613183128302,1.2974912099205862,191.49516874086112,12,COMPLETE
2029,42.27532102950711,5.669404823520538,2026-10-06 01:27:54.517962,2026-10-06 01:31:03.087552,0 days 00:03:08.569590,0.2994157425323484,0.2965654106455736,0.20358075665942357,5.245413993140336,0.5855379267962546,85.69762729633804,0.21292518523710352,20.4004304097776,0.08173395261699556,0.024099244621516126,4.343429493003475e-06,0.739405563829868,188.56949092354625,12,COMPLETE
2030,40.51906622394473,4.374644972137126,2026-10-06 01:28:20.429022,2026-10-06 01:31:35.697683,0 days 00:03:15.268661,1.3596906823858383,0.7186098618255685,0.4120579376102117,13.359444199122356,0.2395452449940939,85.69762729633804,0.21292518523710352,5.299460499774038,0.5860574191614696,0.03038027549946027,0.00014447613183128302,1.1540267369865085,195.26856160815805,12,COMPLETE
2031,26.625118166001478,21.87135022697473,2026-10-06 01:28:21.884997,2026-10-06 01:31:38.076839,0 days 00:03:16.191842,0.4919537458910443,0.2965654106455736,0.807738690329122,26.32081026796135,0.2395452449940939,98.6416708615901,0.21292518523710352,14.182822102930093,0.4212595585654096,0.03038027549946027,4.343429493003475e-06,0.7296704665126732,196.19172949902713,12,COMPLETE
2032,31.25770987938656,16.44949708583644,2026-10-06 01:28:23.211016,2026-10-06 01:31:29.358865,0 days 00:03:06.147849,0.447684485641811,0.7186098618255685,0.807738690329122,21.183844928151355,0.33279388005294136,98.6416708615901,1.080654620868664,14.182822102930093,0.04206136129933902,0.03280586071940829,2.1038771230648366e-06,1.1540267369865085,186.1477306317538,12,COMPLETE
2033,39.46407391898168,3.9205691708058623,2026-10-06 01:28:24.021134,2026-10-06 01:31:34.672324,0 days 00:03:10.651190,0.8010869639365119,0.19189790819770397,0.20358075665942357,8.556213008137046,0.2395452449940939,85.69762729633804,0.21292518523710352,23.475624031055144,0.08173395261699556,0.03280586071940829,0.00014447613183128302,0.2678812614884665,190.65107847377658,12,COMPLETE
2034,,,2026-10-06 01:28:24.555002,2026-10-06 01:29:04.537038,0 days 00:00:39.982036,0.4919537458910443,0.2965654106455736,0.807738690329122,18.489161893608337,0.33279388005294136,94.61146042672904,1.080654620868664,14.182822102930093,0.4212595585654096,0.024099244621516126,0.00014447613183128302,0.9003899219853813,,12,PRUNED
2035,30.64706222307086,20.16676429685947,2026-10-06 01:28:25.701284,2026-10-06 01:31:33.790853,0 days 00:03:08.089569,0.4919537458910443,0.2284118304472575,0.5926143650576037,10.877854836518644,0.33279388005294136,85.69762729633804,0.12486747625813921,86.57068482598544,0.3676044917349766,0.03280586071940829,4.343429493003475e-06,1.1540267369865085,188.08946204651147,12,COMPLETE
2036,24.31401231212381,24.535099624377825,2026-10-06 01:28:27.604008,2026-10-06 01:31:37.092837,0 days 00:03:09.488829,0.51115025563667,0.2965654106455736,0.807738690329122,21.183844928151355,0.05714116461716917,94.61146042672904,1.080654620868664,45.6508402201298,0.18589067298139156,0.024099244621516126,0.00023455457478105328,1.1540267369865085,189.48871775437146,12,COMPLETE
2037,30.078442368596363,14.73742894555932,2026-10-06 01:28:27.857007,2026-10-06 01:31:37.292740,0 days 00:03:09.435733,0.447684485641811,0.3731992973752525,0.5926143650576037,18.386910920395536,0.2395452449940939,85.69762729633804,1.2205318815051402,19.15408445903519,0.18589067298139156,0.03038027549946027,0.00023455457478105328,1.3635581381619835,189.4356165835634,12,COMPLETE
2038,37.46592585179137,5.092939224615836,2026-10-06 01:28:28.431005,2026-10-06 01:31:37.907035,0 days 00:03:09.476030,0.51115025563667,0.2965654106455736,0.20358075665942357,18.489161893608337,0.5855379267962546,98.6416708615901,0.21292518523710352,23.475624031055144,0.08173395261699556,0.03038027549946027,4.343429493003475e-06,0.6709124410696541,189.47593353316188,12,COMPLETE
2039,32.29268138264809,14.071785904721674,2026-10-06 01:28:29.074157,2026-10-06 01:31:41.733403,0 days 00:03:12.659246,0.8010869639365119,0.21606902729252941,0.5926143650576037,18.386910920395536,0.2395452449940939,85.69762729633804,0.21292518523710352,11.86468393276075,0.5860574191614696,0.03280586071940829,0.00014447613183128302,1.3635581381619835,192.65914270561188,12,COMPLETE
2040,28.90259546828322,15.47825044902877,2026-10-06 01:28:29.087985,2026-10-06 01:31:43.312653,0 days 00:03:14.224668,0.51115025563667,0.8717951055729352,0.807738690329122,21.183844928151355,0.33279388005294136,85.69762729633804,1.080654620868664,23.475624031055144,0.08173395261699556,0.039589557824778104,4.343429493003475e-06,0.30673616238509677,194.22457488905638,12,COMPLETE
2041,40.33693273930204,9.745731485618327,2026-10-06 01:28:30.227153,2026-10-06 01:31:43.537741,0 days 00:03:13.310588,0.4919537458910443,0.2965654106455736,0.4120579376102117,10.877854836518644,0.2395452449940939,98.6416708615901,1.484226923085714,19.15408445903519,0.4212595585654096,0.03280586071940829,2.1038771230648366e-06,1.1540267369865085,193.31047951057553,12,COMPLETE
2042,,,2026-10-06 01:28:30.359001,2026-10-06 01:28:31.504039,0 days 00:00:01.145038,1.4644809848335274,0.8717951055729352,0.4120579376102117,11.991629079089469,0.2395452449940939,85.69762729633804,1.484226923085714,86.57068482598544,1.1626539060402339,0.03280586071940829,,1.1540267369865085,,12,PRUNED
2043,,,2026-10-06 01:28:31.232012,2026-10-06 01:28:31.578061,0 days 00:00:00.346049,0.447684485641811,1.1836673845632923,0.807738690329122,18.489161893608337,0.05714116461716917,98.6416708615901,1.4690823188003486,5.8774721288796,0.08173395261699556,0.03038027549946027,,1.1540267369865085,,12,PRUNED
2044,37.77461537501016,7.191608034451343,2026-10-06 01:28:31.861159,2026-10-06 01:31:42.445388,0 days 00:03:10.584229,1.2349294162160471,0.8717951055729352,0.4120579376102117,18.489161893608337,0.1021166992215668,85.69762729633804,0.9051237740892448,14.182822102930093,0.1268781992660704,0.03280586071940829,0.00014447613183128302,1.1540267369865085,190.58412028755993,12,COMPLETE
2045,37.974364133386025,3.115984108084767,2026-10-06 01:28:31.864969,2026-10-06 01:31:41.131184,0 days 00:03:09.266215,0.51115025563667,0.9750366478413557,0.1347521461063753,18.489161893608337,0.05714116461716917,98.6416708615901,1.4690823188003486,5.8774721288796,0.18589067298139156,0.015282039072285395,0.00023455457478105328,1.1540267369865085,189.26611027587205,12,COMPLETE
2046,44.071045902554054,6.094530121511148,2026-10-06 01:29:03.216002,2026-10-06 01:32:13.825509,0 days 00:03:10.609507,0.2994157425323484,0.2284118304472575,0.4120579376102117,5.245413993140336,0.6087670929915812,98.6416708615901,1.4690823188003486,5.8774721288796,0.08173395261699556,0.03038027549946027,4.343429493003475e-06,1.2267307691914986,190.60939588863403,12,COMPLETE
2047,0.0655020985368954,1.3030154640854206,2026-10-06 01:29:04.384999,2026-10-06 01:32:15.964763,0 days 00:03:11.579764,0.7202571529828941,0.2965654106455736,0.010297094767026053,21.183844928151355,0.2395452449940939,94.61146042672904,1.080654620868664,20.4004304097776,0.04206136129933902,0.03280586071940829,4.5052356102974575e-06,1.2974912099205862,191.57964094541967,12,COMPLETE
2048,53.74347667941741,1.457254847896368,2026-10-06 01:29:04.566559,2026-10-06 01:32:15.246848,0 days 00:03:10.680289,0.8010869639365119,0.19189790819770397,0.12615106220885586,8.556213008137046,0.2395452449940939,85.69762729633804,0.21292518523710352,1.4056083189495427,0.3372985396418654,0.03038027549946027,0.0003750271870227611,0.2678812614884665,190.6801701867953,12,COMPLETE
