number,values_0,values_1,datetime_start,datetime_complete,duration,params_between_rest_spread,params_c_spread,params_c_val,params_input_force,params_k_between_spread,params_k_between_val,params_k_wall_spread,params_k_wall_val,params_m_spread,params_m_val,params_ridge_alpha,params_wall_rest_spread,user_attrs_duration_sec,system_attrs_NSGAIISampler:generation,state
2521,34.13391103335708,5.981078507524493,2026-10-06 01:47:40.605327,2026-10-06 01:50:55.175024,0 days 00:03:14.569697,0.447684485641811,0.7186098618255685,0.4120579376102117,40.12053196913095,0.6087670929915812,85.69762729633804,0.6419517764288287,5.8774721288796,0.026937100580568585,0.03280586071940829,2.1038771230648366e-06,1.1540267369865085,194.5695819389075,15,COMPLETE
2522,24.71741665387684,10.695605926942196,2026-10-06 01:47:40.975172,2026-10-06 01:50:53.539819,0 days 00:03:12.564647,0.51115025563667,0.23222965759487818,0.807738690329122,13.359444199122356,0.2395452449940939,85.69762729633804,1.080654620868664,5.299460499774038,0.18589067298139156,0.024099244621516126,0.00014447613183128302,1.1540267369865085,192.5645515313372,15,COMPLETE
2523,,,2026-10-06 01:47:40.976988,2026-10-06 01:47:41.482017,0 days 00:00:00.505029,0.51115025563667,0.2284118304472575,0.807738690329122,10.877854836518644,0.506401025718823,98.6416708615901,1.180096250393855,14.182822102930093,1.2433858614401831,0.024099244621516126,,0.23886283196880004,,15,PRUNED
2524,53.380695016003436,1.5344513208392359,2026-10-06 01:47:41.211988,2026-10-06 01:50:53.605126,0 days 00:03:12.393138,0.8010869639365119,0.7186098618255685,0.12615106220885586,5.245413993140336,0.2395452449940939,85.69762729633804,0.561064291511302,5.299460499774038,0.2975664073833317,0.03038027549946027,9.150303360977339e-05,1.1540267369865085,192.39304350409657,15,COMPLETE
2525,27.36653816192853,10.976668040082506,2026-10-06 01:47:41.538151,2026-10-06 01:50:54.506472,0 days 00:03:12.968321,0.51115025563667,0.2284118304472575,0.807738690329122,18.489161893608337,0.33279388005294136,98.6416708615901,1.484226923085714,5.299460499774038,0.08173395261699556,0.03028084389712506,0.00014447613183128302,0.7296704665126732,192.96822006627917,15,COMPLETE
2526,,,2026-10-06 01:47:41.541966,2026-10-06 01:47:43.074061,0 days 00:00:01.532095,0.51115025563667,0.2284118304472575,0.807738690329122,21.328424470169434,1.369629967048542,98.6416708615901,0.21292518523710352,38.84135463854434,0.08173395261699556,0.03038027549946027,,0.30673616238509677,,15,PRUNED
2527,43.09678055028523,3.212076616305086,2026-10-06 01:47:41.596976,2026-10-06 01:50:49.347461,0 days 00:03:07.750485,1.3840597747320362,0.2284118304472575,0.4120579376102117,5.245413993140336,0.6087670929915812,98.6416708615901,1.484226923085714,5.8774721288796,0.08173395261699556,0.03280586071940829,2.1038771230648366e-06,1.2974912099205862,187.7503760708496,15,COMPLETE
2528,38.46716990043946,4.721474681976146,2026-10-06 01:47:43.093996,2026-10-06 01:50:52.428816,0 days 00:03:09.334820,0.447684485641811,0.7186098618255685,0.4120579376102117,5.245413993140336,0.6087670929915812,94.61146042672904,0.6419517764288287,5.8774721288796,0.2975664073833317,0.03038027549946027,2.1038771230648366e-06,1.1540267369865085,189.33472465258092,15,COMPLETE
2529,,,2026-10-06 01:47:43.525144,2026-10-06 01:47:44.067015,0 days 00:00:00.541871,0.51115025563667,0.2965654106455736,0.4120579376102117,5.245413993140336,0.6087670929915812,98.6416708615901,1.4690823188003486,6.4680760461521905,0.4212595585654096,0.008382015433645224,,1.2974912099205862,,15,PRUNED
2530,29.172147195376606,23.089633315666756,2026-10-06 01:47:44.420001,2026-10-06 01:50:52.791354,0 days 00:03:08.371353,0.51115025563667,0.2284118304472575,0.5926143650576037,11.991629079089469,0.33279388005294136,66.8847727482925,1.4690823188003486,23.475624031055144,0.4212595585654096,0.024099244621516126,4.343429493003475e-06,0.8788918744558799,188.3712479872629,15,COMPLETE
2531,54.88907390166277,1.3143737157807482,2026-10-06 01:47:45.496006,2026-10-06 01:50:56.952590,0 days 00:03:11.456584,1.4644809848335274,0.8717951055729352,0.12615106220885586,5.245413993140336,0.18732743621315806,85.69762729633804,0.561064291511302,5.8774721288796,0.08173395261699556,0.03280586071940829,2.1038771230648366e-06,1.2974912099205862,191.45647746603936,15,COMPLETE
2532,,,2026-10-06 01:47:46.173261,2026-10-06 01:47:47.420024,0 days 00:00:01.246763,0.4919537458910443,0.2965654106455736,0.4120579376102117,18.489161893608337,0.2395452449940939,98.6416708615901,0.21292518523710352,23.475624031055144,1.3955335879112838,0.03038027549946027,,0.18638909618587451,,15,PRUNED
2533,32.086254035085304,7.722775330745508,2026-10-06 01:47:47.454995,2026-10-06 01:50:52.015431,0 days 00:03:04.560436,0.51115025563667,0.19189790819770397,0.42346414202137256,13.359444199122356,0.2395452449940939,85.69762729633804,0.21292518523710352,5.299460499774038,0.5860574191614696,0.03038027549946027,0.00014447613183128302,0.017517899593890995,184.56033118627965,15,COMPLETE
2534,44.12723395476014,5.250136718726009,2026-10-06 01:47:47.603191,2026-10-06 01:50:57.235694,0 days 00:03:09.632503,0.51115025563667,0.7186098618255685,0.4120579376102117,5.900732318346341,0.33279388005294136,94.61146042672904,1.080654620868664,5.8774721288796,0.04206136129933902,0.03038027549946027,1.7569095815580446e-05,1.2974912099205862,189.63239947799593,15,COMPLETE
2535,55.621497631960736,1.3369233473573914,2026-10-06 01:47:47.974997,2026-10-06 01:50:59.212841,0 days 00:03:11.237844,0.8010869639365119,0.19189790819770397,0.12615106220885586,8.556213008137046,0.33279388005294136,85.69762729633804,1.0953331250651295,1.4056083189495427,0.3372985396418654,0.03038027549946027,0.0003750271870227611,0.715456111514368,191.237733499147,15,COMPLETE
2536,36.146243237635105,12.232698786076506,2026-10-06 01:48:15.265872,2026-10-06 01:51:27.431642,0 days 00:03:12.165770,0.3914403289793146,0.8717951055729352,0.5667882730348237,21.183844928151355,0.506401025718823,85.69762729633804,1.080654620868664,41.66154811682372,0.007925456797868324,0.03280586071940829,4.343429493003475e-06,1.2974912099205862,192.16566981282085,15,COMPLETE
2537,24.2272862422029,4.94325321082026,2026-10-06 01:48:15.688122,2026-10-06 01:51:23.277025,0 days 00:03:07.588903,0.4919537458910443,0.7186098618255685,0.4120579376102117,10.877854836518644,0.2395452449940939,1.9107588835479847,0.6419517764288287,19.15408445903519,0.026937100580568585,0.03038027549946027,2.1038771230648366e-06,1.1540267369865085,187.58878941182047,15,COMPLETE
2538,30.521722115622925,8.506393522762865,2026-10-06 01:48:16.441447,2026-10-06 01:51:27.420164,0 days 00:03:10.978717,1.4644809848335274,0.2965654106455736,0.4120579376102117,18.489161893608337,0.2395452449940939,85.69762729633804,1.484226923085714,19.15408445903519,0.4212595585654096,0.03038027549946027,0.028195231051103196,0.18638909618587451,190.9785991469398,15,COMPLETE
2539,36.7800453213048,13.729711093335295,2026-10-06 01:48:17.868006,2026-10-06 01:51:32.683994,0 days 00:03:14.815988,0.2994157425323484,0.2965654106455736,0.4120579376102117,5.245413993140336,0.6087670929915812,85.69762729633804,1.4690823188003486,20.4004304097776,0.08173395261699556,0.024099244621516126,4.343429493003475e-06,0.739405563829868,194.8158816313371,15,COMPLETE
2540,29.043094684930573,15.432932794377978,2026-10-06 01:48:18.591385,2026-10-06 01:51:33.200838,0 days 00:03:14.609453,0.51115025563667,0.2965654106455736,0.5667882730348237,21.183844928151355,0.2395452449940939,98.6416708615901,0.21292518523710352,23.475624031055144,0.007925456797868324,0.03280586071940829,0.00014447613183128302,1.2974912099205862,194.6093405270949,15,COMPLETE
2541,52.08024459303126,1.5182590525836286,2026-10-06 01:48:18.655984,2026-10-06 01:51:29.896557,0 days 00:03:11.240573,0.8010869639365119,0.2965654106455736,0.12615106220885586,5.245413993140336,0.2395452449940939,85.69762729633804,1.484226923085714,20.4004304097776,0.2975664073833317,0.03038027549946027,4.343429493003475e-06,1.1540267369865085,191.24046465102583,15,COMPLETE
2542,46.0583130432081,1.6450540052464555,2026-10-06 01:48:19.544185,2026-10-06 01:51:27.723104,0 days 00:03:08.178919,0.51115025563667,0.8664037178498402,0.12615106220885586,5.245413993140336,0.506401025718823,85.69762729633804,1.080654620868664,41.66154811682372,0.026937100580568585,0.03038027549946027,4.343429493003475e-06,1.1540267369865085,188.17880127299577,15,COMPLETE
2543,55.853096567530564,1.264541383649136,2026-10-06 01:48:19.547974,2026-10-06 01:51:33.454892,0 days 00:03:13.906918,0.8010869639365119,0.7186098618255685,0.12615106220885586,5.245413993140336,0.2395452449940939,85.69762729633804,1.4690823188003486,1.0847705571525965,0.08173395261699556,0.03038027549946027,0.0003750271870227611,0.30673616238509677,193.90663991123438,15,COMPLETE
2544,44.0186724017453,5.277517048363503,2026-10-06 01:48:20.945004,2026-10-06 01:51:32.964829,0 days 00:03:12.019825,1.2349294162160471,0.8717951055729352,0.4120579376102117,8.695206399809345,0.2395452449940939,85.69762729633804,1.484226923085714,12.679341468861017,0.08173395261699556,0.03038027549946027,4.4855461540449864e-05,1.1540267369865085,192.01972293946892,15,COMPLETE
2545,34.712995614331696,10.902740002310082,2026-10-06 01:48:21.257663,2026-10-06 01:51:34.226835,0 days 00:03:12.969172,0.4919537458910443,0.8717951055729352,0.5667882730348237,18.489161893608337,0.2395452449940939,85.69762729633804,1.484226923085714,8.38198520731435,0.4212595585654096,0.03280586071940829,4.343429493003475e-06,0.18638909618587451,192.96906436048448,15,COMPLETE
2546,38.420268178199,2.922703528485795,2026-10-06 01:48:21.909160,2026-10-06 01:51:30.221968,0 days 00:03:08.312808,1.4644809848335274,0.8717951055729352,0.5667882730348237,11.991629079089469,0.6454873286650737,98.6416708615901,1.484226923085714,3.4640348924650315,0.08173395261699556,0.03280586071940829,4.343429493003475e-06,1.1540267369865085,188.31270521320403,15,COMPLETE
2547,43.09114535313849,5.7292020574397124,2026-10-06 01:48:21.912961,2026-10-06 01:51:34.272639,0 days 00:03:12.359678,0.4919537458910443,0.7186098618255685,0.4120579376102117,5.245413993140336,0.33279388005294136,85.69762729633804,0.12486747625813921,5.8774721288796,0.08173395261699556,0.03280586071940829,4.343429493003475e-06,1.1540267369865085,192.3595821103081,15,COMPLETE
2548,49.33683323676168,1.5638797605113544,2026-10-06 01:48:21.916964,2026-10-06 01:51:34.843595,0 days 00:03:12.926631,0.2994157425323484,0.2284118304472575,0.12615106220885586,5.245413993140336,0.2395452449940939,85.69762729633804,0.561064291511302,5.8774721288796,0.026937100580568585,0.03038027549946027,4.343429493003475e-06,1.0723022056260136,192.92652775719762,15,COMPLETE
2549,,,2026-10-06 01:48:21.975000,2026-10-06 01:49:01.134069,0 days 00:00:39.159069,0.51115025563667,0.19189790819770397,0.20358075665942357,13.359444199122356,0.2395452449940939,98.6416708615901,0.21292518523710352,41.66154811682372,0.5860574191614696,0.03038027549946027,0.00014447613183128302,0.18638909618587451,,15,PRUNED
2550,28.159963196596618,2.0369672079010313,2026-10-06 01:48:22.964147,2026-10-06 01:51:32.087477,0 days 00:03:09.123330,0.8010869639365119,0.2284118304472575,0.12615106220885586,8.556213008137046,0.5342822491889962,14.48969501608652,1.4173353355217682,5.8774721288796,0.007925456797868324,0.03280586071940829,0.0003750271870227611,0.30673616238509677,189.12321939505637,15,COMPLETE
2551,54.47038005084573,1.6885445833581776,2026-10-06 01:48:23.606016,2026-10-06 01:51:37.519569,0 days 00:03:13.913553,0.7746692791022431,0.7186098618255685,0.20358075665942357,5.245413993140336,0.6087670929915812,98.6416708615901,1.484226923085714,5.8774721288796,0.08173395261699556,0.03038027549946027,2.1038771230648366e-06,1.1540267369865085,193.91344557888806,15,COMPLETE
2552,32.12871606306753,16.088341961040364,2026-10-06 01:48:23.913987,2026-10-06 01:51:37.727840,0 days 00:03:13.813853,0.51115025563667,0.2965654106455736,0.4120579376102117,18.489161893608337,0.5855379267962546,85.69762729633804,0.21292518523710352,20.4004304097776,0.08173395261699556,0.024099244621516126,2.1038771230648366e-06,1.3229289994776186,193.8137426842004,15,COMPLETE
2553,40.426778164163245,4.133391728717765,2026-10-06 01:48:24.518993,2026-10-06 01:51:31.166884,0 days 00:03:06.647891,0.51115025563667,0.19189790819770397,0.20358075665942357,20.002268830821766,0.506401025718823,94.61146042672904,1.080654620868664,45.6508402201298,0.18589067298139156,0.03280586071940829,0.006988930163425219,1.1540267369865085,186.6477890899405,15,COMPLETE
2554,35.467847095557346,1.4011833023120754,2026-10-06 01:48:25.693146,2026-10-06 01:51:38.699556,0 days 00:03:13.006410,0.447684485641811,0.2284118304472575,0.07870178496294825,21.183844928151355,0.6454873286650737,98.6416708615901,1.4690823188003486,23.475624031055144,0.08173395261699556,0.03280586071940829,4.343429493003475e-06,1.1540267369865085,193.0063079725951,15,COMPLETE
2555,,,2026-10-06 01:48:26.524006,2026-10-06 01:49:04.959067,0 days 00:00:38.435061,0.4919537458910443,0.2965654106455736,0.04250731461569717,18.489161893608337,0.2395452449940939,26.973472692599714,0.21292518523710352,23.475624031055144,0.3676044917349766,0.0064143437625302805,4.343429493003475e-06,0.739405563829868,,15,PRUNED
2556,,,2026-10-06 01:48:56.684997,2026-10-06 01:49:34.190213,0 days 00:00:37.505216,0.447684485641811,0.7186098618255685,0.10296682302754379,21.183844928151355,0.33279388005294136,17.389894205169533,1.080654620868664,14.182822102930093,0.04206136129933902,0.006308636731900309,2.1038771230648366e-06,0.7296704665126732,,15,PRUNED
2557,,,2026-10-06 01:48:57.624005,2026-10-06 01:48:58.990041,0 days 00:00:01.366036,0.2994157425323484,0.2284118304472575,0.5662816343755678,5.245413993140336,0.6087670929915812,98.6416708615901,1.191277759964359,5.8774721288796,0.08173395261699556,0.012989902763724165,,1.2267307691914986,,15,PRUNED
2558,35.826058857438134,1.2735102177629438,2026-10-06 01:48:58.641990,2026-10-06 01:52:10.738053,0 days 00:03:12.096063,0.2994157425323484,0.2284118304472575,0.12615106220885586,8.556213008137046,0.6087670929915812,98.6416708615901,1.4690823188003486,5.8774721288796,0.08173395261699556,0.03038027549946027,10.130723313847362,1.2267307691914986,192.0959672862664,15,COMPLETE
2559,33.807943646245946,6.033954163831571,2026-10-06 01:48:58.780135,2026-10-06 01:52:11.116675,0 days 00:03:12.336540,0.8010869639365119,0.2284118304472575,0.5662816343755678,8.556213008137046,0.4377852442037885,98.6416708615901,1.4690823188003486,5.8774721288796,0.2975664073833317,0.02749864300312601,0.0003750271870227611,0.9603114093295346,192.33643974270672,15,COMPLETE
2560,26.194804744474844,1.6324815733104985,2026-10-06 01:48:59.562166,2026-10-06 01:52:12.665886,0 days 00:03:13.103720,1.4644809848335274,0.2965654106455736,0.4120579376102117,18.489161893608337,0.2395452449940939,85.69762729633804,1.484226923085714,11.86102923941428,0.2975664073833317,0.03280586071940829,26.045139789356977,1.1698099450991242,193.10361254122108,15,COMPLETE
2561,,,2026-10-06 01:48:59.565962,2026-10-06 01:49:39.305061,0 days 00:00:39.739099,0.6775759777641851,0.8717951055729352,0.05234796185090886,10.877854836518644,0.506401025718823,85.69762729633804,1.484226923085714,20.4004304097776,0.2975664073833317,0.024099244621516126,4.343429493003475e-06,0.739405563829868,,15,PRUNED
2562,43.148724800028106,2.1292050670102665,2026-10-06 01:48:59.569954,2026-10-06 01:52:10.561598,0 days 00:03:10.991644,1.4644809848335274,0.8717951055729352,0.5667882730348237,11.991629079089469,0.6454873286650737,85.69762729633804,1.3460422977121211,1.4660581669056525,0.08173395261699556,0.03280586071940829,0.00014447613183128302,1.2974912099205862,190.99155220296234,15,COMPLETE
2563,40.83737280944737,7.583780822568149,2026-10-06 01:48:59.573948,2026-10-06 01:52:09.917190,0 days 00:03:10.343242,0.447684485641811,0.7186098618255685,0.4120579376102117,10.877854836518644,0.2395452449940939,85.69762729633804,0.1906359158149859,5.8774721288796,0.2975664073833317,0.03280586071940829,2.1038771230648366e-06,1.1540267369865085,190.34314432833344,15,COMPLETE
2564,38.740761312953815,8.664871447285538,2026-10-06 01:49:00.742151,2026-10-06 01:52:10.222151,0 days 00:03:09.480000,0.8010869639365119,0.8717951055729352,0.5667882730348237,8.556213008137046,0.2395452449940939,98.6416708615901,0.7297455375332902,6.2296041386818795,0.007925456797868324,0.03038027549946027,4.343429493003475e-06,0.6298110096990894,189.4798997733742,15,COMPLETE
2565,,,2026-10-06 01:49:00.745958,2026-10-06 01:49:01.722015,0 days 00:00:00.976057,0.2994157425323484,0.3233389271032242,0.4120579376102117,5.245413993140336,0.2395452449940939,3.9074627741422154,1.4690823188003486,86.57068482598544,0.08173395261699556,0.024099244621516126,,1.1540267369865085,,15,PRUNED
2566,26.559385325374308,20.453797305582896,2026-10-06 01:49:00.798965,2026-10-06 01:52:10.248046,0 days 00:03:09.449081,0.4919537458910443,0.2965654106455736,0.5667882730348237,18.489161893608337,0.5866121287755336,94.61146042672904,0.21292518523710352,45.6508402201298,0.18589067298139156,0.03038027549946027,0.00023455457478105328,0.18638909618587451,189.44898663368076,15,COMPLETE
2567,,,2026-10-06 01:49:02.028194,2026-10-06 01:49:02.289022,0 days 00:00:00.260828,0.51115025563667,0.7186098618255685,0.5662816343755678,18.489161893608337,0.33279388005294136,85.69762729633804,0.10265924990360409,5.299460499774038,0.2975664073833317,0.0010672569231889482,,0.9603114093295346,,15,PRUNED
2568,28.264543819055824,5.325226713833503,2026-10-06 01:49:02.031974,2026-10-06 01:52:10.886936,0 days 00:03:08.854962,1.4644809848335274,0.37672369841426445,0.5667882730348237,21.183844928151355,0.2395452449940939,85.69762729633804,0.5510847129463368,3.3692802163996483,0.08173395261699556,0.03280586071940829,2.1038771230648366e-06,1.2974912099205862,188.8548499615863,15,COMPLETE
2569,,,2026-10-06 01:49:02.611989,2026-10-06 01:49:43.431047,0 days 00:00:40.819058,0.51115025563667,0.2965654106455736,0.5667882730348237,18.489161893608337,0.6454873286650737,98.6416708615901,0.21292518523710352,23.475624031055144,0.4212595585654096,0.03038027549946027,0.00014447613183128302,1.1540267369865085,,15,PRUNED
2570,34.00201729383421,12.774671598322483,2026-10-06 01:49:02.619974,2026-10-06 01:52:16.181017,0 days 00:03:13.561043,0.51115025563667,0.7186098618255685,0.807738690329122,21.183844928151355,0.33279388005294136,98.6416708615901,1.191277759964359,5.299460499774038,0.2975664073833317,0.03280586071940829,2.1038771230648366e-06,1.1540267369865085,193.56094402913004,15,COMPLETE
2571,53.36617591315255,1.419551699032786,2026-10-06 01:49:04.779001,2026-10-06 01:52:16.105401,0 days 00:03:11.326400,0.51115025563667,0.7186098618255685,0.12615106220885586,5.245413993140336,0.33279388005294136,98.6416708615901,1.3303656343791816,5.8774721288796,0.08173395261699556,0.03038027549946027,4.343429493003475e-06,0.7296704665126732,191.32629128918052,16,COMPLETE
2572,39.188865130053344,2.9452791871375306,2026-10-06 01:49:04.998999,2026-10-06 01:52:16.274283,0 days 00:03:11.275284,0.447684485641811,0.5181851367043366,0.16041414513537905,18.489161893608337,0.2395452449940939,98.6416708615901,1.180096250393855,14.182822102930093,0.2975664073833317,0.03280586071940829,4.343429493003475e-06,0.23886283196880004,191.27518123202026,16,COMPLETE
2573,,,2026-10-06 01:49:05.124006,2026-10-06 01:49:06.055051,0 days 00:00:00.931045,1.2349294162160471,0.8717951055729352,0.4120579376102117,8.695206399809345,1.2308954538812766,94.61146042672904,1.191277759964359,14.182822102930093,0.3372985396418654,0.03038027549946027,,0.6298110096990894,,16,PRUNED
2574,37.428353078349545,2.0047386977489157,2026-10-06 01:49:06.080001,2026-10-06 01:52:14.322023,0 days 00:03:08.242022,0.8010869639365119,0.7186979409702103,0.12615106220885586,21.183844928151355,0.2395452449940939,98.6416708615901,1.080654620868664,14.182822102930093,0.3372985396418654,0.03038027549946027,2.1038771230648366e-06,0.2678812614884665,188.24192063417286,16,COMPLETE
2575,,,2026-10-06 01:49:33.353006,2026-10-06 01:49:34.166047,0 days 00:00:00.813041,0.8010869639365119,0.2284118304472575,0.4218655420375557,5.245413993140336,0.2395452449940939,98.6416708615901,0.21292518523710352,14.182822102930093,0.08173395261699556,0.0011822363033480317,,0.7296704665126732,,16,PRUNED
2576,35.059196979176846,12.875555606170352,2026-10-06 01:49:34.387994,2026-10-06 01:52:47.169993,0 days 00:03:12.781999,0.51115025563667,0.8717951055729352,0.5667882730348237,21.183844928151355,0.3049037081953532,94.61146042672904,1.080654620868664,45.6508402201298,0.007925456797868324,0.03280586071940829,2.1038771230648366e-06,1.2974912099205862,192.78189441841096,16,COMPLETE
2577,49.38318905384342,2.076771579091912,2026-10-06 01:49:34.391974,2026-10-06 01:52:45.347828,0 days 00:03:10.955854,0.8010869639365119,0.19189790819770397,0.12615106220885586,8.556213008137046,0.2395452449940939,94.61146042672904,0.6419517764288287,5.8774721288796,0.08173395261699556,0.021966873773064614,2.1038771230648366e-06,0.2678812614884665,190.95575266890228,16,COMPLETE
2578,41.40735103123617,7.650833731869043,2026-10-06 01:49:35.176389,2026-10-06 01:52:55.009452,0 days 00:03:19.833063,1.4644809848335274,0.8717951055729352,0.5667882730348237,18.489161893608337,0.2395452449940939,85.69762729633804,1.484226923085714,5.8774721288796,0.08173395261699556,0.03280586071940829,2.1038771230648366e-06,1.2974912099205862,199.83294248953462,16,COMPLETE
2579,41.00151925368407,9.44556350947763,2026-10-06 01:49:35.200978,2026-10-06 01:52:46.028786,0 days 00:03:10.827808,0.51115025563667,0.8717951055729352,0.5667882730348237,5.245413993140336,0.506401025718823,85.69762729633804,1.080654620868664,41.66154811682372,0.007925456797868324,0.03280586071940829,2.1038771230648366e-06,1.2974912099205862,190.82768181152642,16,COMPLETE
