number,values_0,values_1,datetime_start,datetime_complete,duration,params_between_rest_spread,params_c_spread,params_c_val,params_input_force,params_k_between_spread,params_k_between_val,params_k_wall_spread,params_k_wall_val,params_m_spread,params_m_val,params_ridge_alpha,params_wall_rest_spread,user_attrs_duration_sec,system_attrs_NSGAIISampler:generation,state
4539,45.860972830101886,3.0370516497705218,2026-10-06 03:05:20.513143,2026-10-06 03:08:35.131832,0 days 00:03:14.618689,0.8010869639365119,0.8717951055729352,0.2345370319995722,5.245413993140336,0.506401025718823,53.98743122875639,1.2898828018697517,12.371756168223909,0.08981597176864942,0.03038027549946027,4.343429493003475e-06,1.3890637168667692,194.61857788823545,29,COMPLETE
4540,40.12599847527245,8.46010363092018,2026-10-06 03:05:20.584984,2026-10-06 03:08:31.540370,0 days 00:03:10.955386,0.9158653711831447,0.5227413453150547,0.5926143650576037,5.245413993140336,0.5557547632162355,98.6416708615901,0.7297455375332902,5.8774721288796,0.2975664073833317,0.03038027549946027,2.1038771230648366e-06,0.1791080544899078,190.95526422187686,29,COMPLETE
4541,30.274891091914924,20.869637361681335,2026-10-06 03:05:22.712988,2026-10-06 03:08:36.078253,0 days 00:03:13.365265,0.51115025563667,0.3710922296723819,0.807738690329122,10.877854836518644,0.2395452449940939,98.6416708615901,1.080654620868664,35.86671955459044,0.3161737300984912,0.03280586071940829,4.343429493003475e-06,1.1540267369865085,193.3651507999748,29,COMPLETE
4542,34.71390083954783,15.791713375634817,2026-10-06 03:05:22.733020,2026-10-06 03:08:33.754707,0 days 00:03:11.021687,0.51115025563667,0.3710922296723819,0.5926143650576037,8.556213008137046,0.2395452449940939,98.6416708615901,1.080654620868664,35.86671955459044,0.2975664073833317,0.03280586071940829,4.343429493003475e-06,1.1540267369865085,191.02156461961567,29,COMPLETE
4543,25.455180142387924,25.481846433662508,2026-10-06 03:05:22.896017,2026-10-06 03:08:28.863646,0 days 00:03:05.967629,0.7123418565646167,0.3710922296723819,0.807738690329122,21.183844928151355,0.6087670929915812,94.61146042672904,0.7297455375332902,45.6508402201298,0.08173395261699556,0.03038027549946027,2.1038771230648366e-06,0.3087654291085318,185.9675003476441,29,COMPLETE
4544,,,2026-10-06 03:05:23.219988,2026-10-06 03:06:02.369049,0 days 00:00:39.149061,0.8010869639365119,0.8717951055729352,0.4120579376102117,5.245413993140336,0.6087670929915812,94.61146042672904,1.2898828018697517,14.182822102930093,0.08981597176864942,0.021966873773064614,4.343429493003475e-06,1.3890637168667692,,29,PRUNED
4545,32.713195507804784,16.404428703795475,2026-10-06 03:05:25.139990,2026-10-06 03:08:37.804984,0 days 00:03:12.664994,0.7123418565646167,0.21606902729252941,0.5667882730348237,8.556213008137046,0.2395452449940939,98.6416708615901,1.080654620868664,35.86671955459044,0.08173395261699556,0.03280586071940829,4.343429493003475e-06,0.7699502779177346,192.66487392410636,29,COMPLETE
4546,35.89287399850507,15.542640925088161,2026-10-06 03:05:25.641995,2026-10-06 03:08:37.956849,0 days 00:03:12.314854,0.32522926579248107,0.2965654106455736,0.5667882730348237,10.877854836518644,0.33279388005294136,98.6416708615901,1.484226923085714,19.15408445903519,0.2975664073833317,0.03038027549946027,2.1038771230648366e-06,1.1540267369865085,192.3147395811975,29,COMPLETE
4547,,,2026-10-06 03:05:25.996996,2026-10-06 03:06:06.230060,0 days 00:00:40.233064,0.8010869639365119,0.48628333026250986,0.807738690329122,12.214752017762354,0.6087670929915812,85.69762729633804,1.2898828018697517,45.6508402201298,0.4212595585654096,0.03038027549946027,0.0010022137825150903,0.23886283196880004,,29,PRUNED
4548,38.26476805129399,7.977189010371428,2026-10-06 03:05:27.148000,2026-10-06 03:08:35.618281,0 days 00:03:08.470281,0.8010869639365119,0.7186098618255685,0.6487135936282084,5.245413993140336,0.33279388005294136,98.6416708615901,1.484226923085714,5.8774721288796,0.28988344429582863,0.03038027549946027,4.343429493003475e-06,0.06813310163640623,188.47015840094537,29,COMPLETE
4549,,,2026-10-06 03:05:27.548149,2026-10-06 03:05:27.952049,0 days 00:00:00.403900,0.6775759777641851,0.07861675458476158,0.5667882730348237,21.183844928151355,0.2395452449940939,98.6416708615901,1.4690823188003486,45.6508402201298,0.3787184497362417,0.024099244621516126,,1.1540267369865085,,29,PRUNED
4550,42.80902065748411,7.690513621154479,2026-10-06 03:05:27.628992,2026-10-06 03:08:35.671379,0 days 00:03:08.042387,0.8548572270960194,0.8717951055729352,0.5667882730348237,11.991629079089469,0.6087670929915812,98.6416708615901,0.9801048608947864,5.8774721288796,0.007925456797868324,0.03038027549946027,4.343429493003475e-06,1.1540267369865085,188.04226907063276,29,COMPLETE
4551,40.34910146591195,9.426833667646276,2026-10-06 03:05:28.464147,2026-10-06 03:08:39.818225,0 days 00:03:11.354078,0.51115025563667,0.7186098618255685,0.5667882730348237,10.877854836518644,0.506401025718823,98.6416708615901,1.080654620868664,5.8774721288796,0.2975664073833317,0.03038027549946027,4.343429493003475e-06,1.1540267369865085,191.35395344533026,29,COMPLETE
4552,40.351555936484466,10.029505755859834,2026-10-06 03:05:49.369999,2026-10-06 03:09:00.393892,0 days 00:03:11.023893,0.8010869639365119,0.8717951055729352,0.5667882730348237,5.245413993140336,0.33279388005294136,98.6416708615901,1.484226923085714,19.15408445903519,0.28988344429582863,0.03280586071940829,4.343429493003475e-06,0.06813310163640623,191.02376063074917,29,COMPLETE
4553,,,2026-10-06 03:05:50.092323,2026-10-06 03:06:29.338783,0 days 00:00:39.246460,0.51115025563667,0.19189790819770397,0.4120579376102117,5.245413993140336,0.6087670929915812,98.6416708615901,1.484226923085714,1.6870683999988119,0.2975664073833317,0.03038027549946027,2.1038771230648366e-06,1.2974912099205862,,29,PRUNED
4554,44.62513266525104,3.178838132439867,2026-10-06 03:05:53.947025,2026-10-06 03:09:08.028470,0 days 00:03:14.081445,0.6775759777641851,0.2284118304472575,0.40380352717547285,5.245413993140336,0.2395452449940939,98.6416708615901,1.484226923085714,1.4056083189495427,0.3054149949472662,0.024099244621516126,4.343429493003475e-06,1.1540267369865085,194.08131287712604,29,COMPLETE
4555,36.63708829300769,5.909435913137521,2026-10-06 03:05:53.954974,2026-10-06 03:09:05.263865,0 days 00:03:11.308891,0.9158653711831447,0.8715336252138003,0.4120579376102117,40.84536388667752,0.6087670929915812,98.6416708615901,0.6419517764288287,5.8774721288796,0.08173395261699556,0.03038027549946027,2.1038771230648366e-06,0.23886283196880004,191.3087709946558,29,COMPLETE
4556,,,2026-10-06 03:05:55.877990,2026-10-06 03:05:56.430997,0 days 00:00:00.553007,0.8010869639365119,0.7186098618255685,0.2345370319995722,5.245413993140336,1.404528911061218,98.6416708615901,1.484226923085714,19.15408445903519,0.15450841561573675,0.004801982458443038,,1.1540267369865085,,29,PRUNED
4557,0.09704116117203881,1.214817054465338,2026-10-06 03:05:56.144006,2026-10-06 03:09:08.121448,0 days 00:03:11.977442,0.51115025563667,0.19189790819770397,0.010481208701587454,11.991629079089469,0.33279388005294136,85.69762729633804,0.7518185550990375,6.831170633208421,0.007925456797868324,0.03038027549946027,0.07108162598033467,0.7699502779177346,191.97731439303607,29,COMPLETE
4558,44.18822181857527,6.351463908633672,2026-10-06 03:05:56.753153,2026-10-06 03:09:09.844808,0 days 00:03:13.091655,0.4485034787334775,0.7186098618255685,0.4120579376102117,5.245413993140336,0.2395452449940939,98.6416708615901,0.7297455375332902,7.242018006177657,0.28988344429582863,0.03038027549946027,4.343429493003475e-06,1.1540267369865085,193.09152209293097,29,COMPLETE
4559,,,2026-10-06 03:05:59.128200,2026-10-06 03:05:59.959037,0 days 00:00:00.830837,0.51115025563667,0.2965654106455736,0.4120579376102117,5.245413993140336,0.33279388005294136,94.61146042672904,1.484226923085714,19.15408445903519,0.9673544841420917,0.03280586071940829,,1.1540267369865085,,29,PRUNED
4560,30.511137233955367,7.579817192047756,2026-10-06 03:05:59.131955,2026-10-06 03:09:09.207689,0 days 00:03:10.075734,0.51115025563667,0.7186098618255685,0.807738690329122,5.245413993140336,0.6087670929915812,94.61146042672904,0.6419517764288287,7.242018006177657,0.28988344429582863,0.03038027549946027,4.343429493003475e-06,0.23886283196880004,190.07560750748962,29,COMPLETE
4561,,,2026-10-06 03:05:59.144978,2026-10-06 03:06:38.218062,0 days 00:00:39.073084,0.8010869639365119,0.2965654106455736,0.2345370319995722,8.556213008137046,0.506401025718823,98.6416708615901,1.484226923085714,5.8774721288796,0.4212595585654096,0.03280586071940829,4.343429493003475e-06,1.2974912099205862,,29,PRUNED
4562,,,2026-10-06 03:05:59.295999,2026-10-06 03:07:55.469077,0 days 00:01:56.173078,0.8010869639365119,0.7186098618255685,0.07531470930852918,21.183844928151355,0.33279388005294136,1.4113017392904224,1.484226923085714,45.6508402201298,0.007925456797868324,0.03038027549946027,4.343429493003475e-06,1.1540267369865085,,29,PRUNED
4563,49.70069236641756,3.0140864227304838,2026-10-06 03:05:59.981274,2026-10-06 03:09:12.791975,0 days 00:03:12.810701,0.8010869639365119,0.7186098618255685,0.2345370319995722,5.245413993140336,0.33279388005294136,94.61146042672904,1.484226923085714,19.15408445903519,0.15450841561573675,0.03038027549946027,4.343429493003475e-06,1.1540267369865085,192.81057818606496,29,COMPLETE
4564,8.267157186265665,1.4481289176062522,2026-10-06 03:05:59.984962,2026-10-06 03:09:11.237253,0 days 00:03:11.252291,0.7123418565646167,0.8717951055729352,0.2345370319995722,39.70607307742182,0.33279388005294136,2.32928971787441,1.484226923085714,5.8774721288796,0.007925456797868324,0.03038027549946027,2.1038771230648366e-06,0.06813310163640623,191.25217092223465,29,COMPLETE
4565,33.674162205651726,15.700529656520601,2026-10-06 03:06:01.120142,2026-10-06 03:09:15.166669,0 days 00:03:14.046527,0.51115025563667,0.21606902729252941,0.5926143650576037,10.877854836518644,0.33279388005294136,85.69762729633804,1.484226923085714,12.371756168223909,0.4212595585654096,0.03038027549946027,4.343429493003475e-06,0.7699502779177346,194.0464202510193,29,COMPLETE
4566,51.28494586522669,2.8647707939675473,2026-10-06 03:06:01.144067,2026-10-06 03:09:10.103111,0 days 00:03:08.959044,0.7407180681038071,0.2965654106455736,0.2345370319995722,5.245413993140336,0.2395452449940939,94.61146042672904,0.08734364692904972,5.8774721288796,0.3936576523393438,0.03038027549946027,4.343429493003475e-06,1.2974912099205862,188.9589165840298,29,COMPLETE
4567,31.483546734799848,15.983078190214439,2026-10-06 03:06:02.145382,2026-10-06 03:09:15.540296,0 days 00:03:13.394914,0.8548572270960194,0.2284118304472575,0.807738690329122,8.556213008137046,0.29827066861340307,98.6416708615901,1.4344475234819438,35.86671955459044,0.08173395261699556,0.03280586071940829,4.343429493003475e-06,1.2267307691914986,193.39480958785862,29,COMPLETE
4568,26.212637779379158,13.529796636085528,2026-10-06 03:06:02.148979,2026-10-06 03:09:15.201339,0 days 00:03:13.052360,0.51115025563667,0.19189790819770397,0.5926143650576037,5.245413993140336,0.33279388005294136,15.883700102563779,1.484226923085714,35.86671955459044,0.08173395261699556,0.03038027549946027,2.1038771230648366e-06,1.1540267369865085,193.05225877463818,29,COMPLETE
4569,,,2026-10-06 03:06:02.794994,2026-10-06 03:06:04.047054,0 days 00:00:01.252060,0.7123418565646167,0.7186098618255685,0.5667882730348237,5.245413993140336,0.10867990111580206,94.61146042672904,1.4690823188003486,41.66154811682372,0.3054149949472662,0.003667896939058773,,1.209109649444219,,29,PRUNED
4570,54.0655973082368,1.2858890333705817,2026-10-06 03:06:03.316564,2026-10-06 03:09:12.364061,0 days 00:03:09.047497,0.6489980049449453,0.7186098618255685,0.0937547085562857,5.994603093525881,0.6087670929915812,94.61146042672904,1.4690823188003486,5.8774721288796,0.026937100580568585,0.03280586071940829,2.1038771230648366e-06,1.1540267369865085,189.04737097676843,29,COMPLETE
4571,,,2026-10-06 03:06:04.062147,2026-10-06 03:06:06.240039,0 days 00:00:02.177892,0.7407180681038071,0.7186098618255685,0.2345370319995722,11.991629079089469,0.33279388005294136,85.69762729633804,1.4690823188003486,35.86671955459044,0.4212595585654096,0.03038027549946027,,1.2974912099205862,,29,PRUNED
4572,22.935858710606873,4.207059366393162,2026-10-06 03:06:05.336014,2026-10-06 03:09:15.074308,0 days 00:03:09.738294,0.9158653711831447,0.7186098618255685,0.4120579376102117,1.6119705202454615,0.5557547632162355,3.559605766925292,0.6419517764288287,5.8774721288796,0.08173395261699556,0.03038027549946027,2.1038771230648366e-06,0.7699502779177346,189.73816900420934,29,COMPLETE
4573,53.01407283824684,2.3675231055591412,2026-10-06 03:06:06.252118,2026-10-06 03:09:19.052121,0 days 00:03:12.800003,0.51115025563667,0.7186098618255685,0.20358075665942357,5.245413993140336,0.6087670929915812,98.6416708615901,1.484226923085714,5.8774721288796,0.007925456797868324,0.024099244621516126,2.1038771230648366e-06,1.1540267369865085,192.79988117981702,29,COMPLETE
4574,,,2026-10-06 03:06:06.255956,2026-10-06 03:06:06.963032,0 days 00:00:00.707076,0.8010869639365119,0.2284118304472575,0.12615106220885586,5.245413993140336,0.2395452449940939,94.61146042672904,1.2898828018697517,1.1445112738702679,0.8844215519345295,0.021966873773064614,,1.1540267369865085,,29,PRUNED
4575,,,2026-10-06 03:06:07.383147,2026-10-06 03:06:08.399056,0 days 00:00:01.015909,0.51115025563667,0.8717951055729352,0.807738690329122,11.991629079089469,0.33279388005294136,98.6416708615901,0.396687138771568,3.265755008248463,0.007925456797868324,0.03038027549946027,,1.2974912099205862,,29,PRUNED
4576,35.54195449642437,14.368574473852235,2026-10-06 03:06:07.936003,2026-10-06 03:09:17.907471,0 days 00:03:09.971468,0.6775759777641851,0.28618759768160085,0.5667882730348237,10.877854836518644,0.2395452449940939,98.6416708615901,0.7518185550990375,19.15408445903519,0.3676044917349766,0.03280586071940829,4.343429493003475e-06,1.2974912099205862,189.97134119272232,29,COMPLETE
4577,46.662339444015764,5.086554993666373,2026-10-06 03:06:08.526004,2026-10-06 03:09:20.674572,0 days 00:03:12.148568,0.51115025563667,0.7186098618255685,0.2345370319995722,5.245413993140336,0.33279388005294136,98.6416708615901,1.484226923085714,14.182822102930093,0.007925456797868324,0.024099244621516126,4.343429493003475e-06,0.23886283196880004,192.1484452104196,29,COMPLETE
4578,46.4959637041208,1.5387959475566202,2026-10-06 03:06:29.568015,2026-10-06 03:09:42.004858,0 days 00:03:12.436843,0.0782699695758255,0.21606902729252941,0.07266522508502421,5.245413993140336,0.2395452449940939,98.6416708615901,0.7297455375332902,35.86671955459044,0.2975664073833317,0.024099244621516126,4.343429493003475e-06,0.7699502779177346,192.4367084801197,29,COMPLETE
4579,28.912615826200827,20.896749313146895,2026-10-06 03:06:33.480000,2026-10-06 03:09:52.132907,0 days 00:03:18.652907,0.51115025563667,0.07861675458476158,0.5667882730348237,21.183844928151355,0.2395452449940939,98.6416708615901,0.07309692659764266,45.6508402201298,0.3787184497362417,0.03038027549946027,2.267358369341208e-06,1.1540267369865085,198.65278428792953,29,COMPLETE
4580,31.704317755682506,8.00234390872389,2026-10-06 03:06:35.902246,2026-10-06 03:09:49.995256,0 days 00:03:14.093010,1.0212858935671842,0.2965654106455736,0.5926143650576037,37.139894081485785,0.33279388005294136,85.69762729633804,1.484226923085714,19.15408445903519,0.15450841561573675,0.05557407843508449,4.343429493003475e-06,0.7699502779177346,194.0928925536573,29,COMPLETE
4581,42.70494536956312,7.995885429737754,2026-10-06 03:06:36.838197,2026-10-06 03:09:48.692200,0 days 00:03:11.854003,0.51115025563667,0.2965654106455736,0.4120579376102117,5.245413993140336,0.33279388005294136,94.61146042672904,1.484226923085714,19.15408445903519,0.15450841561573675,0.03280586071940829,2.1038771230648366e-06,1.1540267369865085,191.85388349089772,29,COMPLETE
4582,51.072837801334,1.8758919140577417,2026-10-06 03:06:37.056992,2026-10-06 03:09:50.874507,0 days 00:03:13.817515,0.32522926579248107,0.2965654106455736,0.1778364015560946,5.245413993140336,0.33279388005294136,94.61146042672904,1.484226923085714,19.15408445903519,0.15450841561573675,0.03280586071940829,2.1038771230648366e-06,1.1540267369865085,193.81740037165582,29,COMPLETE
4583,,,2026-10-06 03:06:38.356485,2026-10-06 03:07:16.382057,0 days 00:00:38.025572,0.51115025563667,0.2284118304472575,0.807738690329122,21.183844928151355,0.3519093950798047,94.61146042672904,0.396687138771568,1.1445112738702679,0.8432710278758828,0.03038027549946027,44.73251256794037,1.1540267369865085,,29,PRUNED
4584,,,2026-10-06 03:06:39.270012,2026-10-06 03:06:40.103231,0 days 00:00:00.833219,0.9158653711831447,0.2284118304472575,0.20358075665942357,5.245413993140336,0.33279388005294136,94.61146042672904,0.7257345409495506,1.1445112738702679,0.3054149949472662,0.010607060376259983,,1.1540267369865085,,29,PRUNED
4585,36.52646041025214,12.23028747588408,2026-10-06 03:06:40.139008,2026-10-06 03:09:49.199653,0 days 00:03:09.060645,1.1546551456676255,0.8717951055729352,0.5667882730348237,21.183844928151355,0.33279388005294136,98.6416708615901,1.080654620868664,45.6508402201298,0.007925456797868324,0.03038027549946027,2.1038771230648366e-06,1.1540267369865085,189.06053347326815,29,COMPLETE
4586,,,2026-10-06 03:06:40.781311,2026-10-06 03:06:41.404021,0 days 00:00:00.622710,0.51115025563667,0.21606902729252941,0.807738690329122,11.991629079089469,0.6087670929915812,85.69762729633804,1.4690823188003486,45.6508402201298,0.4212595585654096,0.03038027549946027,,0.7699502779177346,,29,PRUNED
4587,56.958721282109465,1.3248900895172524,2026-10-06 03:06:41.474292,2026-10-06 03:09:57.804864,0 days 00:03:16.330572,0.8010869639365119,0.7186098618255685,0.20358075665942357,5.245413993140336,0.33279388005294136,98.6416708615901,1.484226923085714,1.4056083189495427,0.28988344429582863,0.024099244621516126,4.343429493003475e-06,1.1540267369865085,196.33044845983386,29,COMPLETE
4588,36.7073537217345,14.728734246633135,2026-10-06 03:06:41.510980,2026-10-06 03:09:56.833482,0 days 00:03:15.322502,1.2110519705823857,0.19189790819770397,0.5926143650576037,10.877854836518644,0.33279388005294136,98.6416708615901,1.484226923085714,35.86671955459044,0.2975664073833317,0.03280586071940829,4.343429493003475e-06,1.1540267369865085,195.32239986397326,29,COMPLETE
4589,55.058443184013,1.7472133913591172,2026-10-06 03:06:41.547971,2026-10-06 03:09:54.122598,0 days 00:03:12.574627,0.8010869639365119,0.7186098618255685,0.2345370319995722,5.245413993140336,0.33279388005294136,98.6416708615901,1.484226923085714,5.8774721288796,0.28988344429582863,0.03038027549946027,4.343429493003475e-06,1.1540267369865085,192.57451584376395,29,COMPLETE
4590,45.61490306378188,5.647432995172819,2026-10-06 03:06:43.128993,2026-10-06 03:09:53.470985,0 days 00:03:10.341992,0.8010869639365119,0.7186098618255685,0.4120579376102117,5.245413993140336,0.33279388005294136,94.61146042672904,1.2220658942864178,7.242018006177657,0.08173395261699556,0.03038027549946027,4.343429493003475e-06,1.1540267369865085,190.34169197734445,29,COMPLETE
4591,44.39773055576101,3.8461533427121397,2026-10-06 03:06:43.683859,2026-10-06 03:09:52.973001,0 days 00:03:09.289142,0.8010869639365119,0.8717951055729352,0.2345370319995722,10.877854836518644,0.33279388005294136,98.6416708615901,1.4106872714514598,19.15408445903519,0.3676044917349766,0.03280586071940829,4.343429493003475e-06,0.06813310163640623,189.2890116656199,29,COMPLETE
4592,43.18859708683325,7.438435764579732,2026-10-06 03:06:44.632162,2026-10-06 03:09:55.334032,0 days 00:03:10.701870,1.1546551456676255,0.8717951055729352,0.5667882730348237,11.991629079089469,0.33279388005294136,98.6416708615901,1.484226923085714,5.8774721288796,0.007925456797868324,0.03038027549946027,4.343429493003475e-06,1.1540267369865085,190.70175202563405,29,COMPLETE
4593,44.00076865644511,4.606452199674886,2026-10-06 03:07:12.321023,2026-10-06 03:10:23.215507,0 days 00:03:10.894484,0.51115025563667,0.8717951055729352,0.4120579376102117,26.816118741569706,0.33279388005294136,98.6416708615901,1.484226923085714,1.4056083189495427,0.3054149949472662,0.024099244621516126,4.343429493003475e-06,1.3890637168667692,190.89434876758605,29,COMPLETE
4594,53.76984513779477,2.3465244362987416,2026-10-06 03:07:16.025010,2026-10-06 03:10:26.842410,0 days 00:03:10.817400,1.121305868118423,0.2965654106455736,0.2345370319995722,5.245413993140336,0.33279388005294136,94.61146042672904,1.080654620868664,5.8774721288796,0.3936576523393438,0.03038027549946027,4.343429493003475e-06,1.2974912099205862,190.81727065052837,29,COMPLETE
4595,51.99208640345679,2.4009319077584466,2026-10-06 03:07:16.414984,2026-10-06 03:10:25.005314,0 days 00:03:08.590330,0.8010869639365119,0.8717951055729352,0.22803141627407691,10.877854836518644,0.6087670929915812,94.61146042672904,1.4690823188003486,1.4056083189495427,0.007925456797868324,0.021966873773064614,4.343429493003475e-06,0.6460389009729095,188.59019520692527,29,COMPLETE
4596,17.59227063825563,10.241548609357102,2026-10-06 03:07:16.520122,2026-10-06 03:10:29.005924,0 days 00:03:12.485802,0.8010869639365119,0.19189790819770397,0.5667882730348237,5.245413993140336,0.6087670929915812,2.089131817920445,0.6419517764288287,35.86671955459044,0.4812358585223489,0.03280586071940829,4.343429493003475e-06,0.23886283196880004,192.4856714149937,29,COMPLETE
4597,38.57744722183144,10.197579394721489,2026-10-06 03:07:18.521994,2026-10-06 03:10:32.184805,0 days 00:03:13.662811,0.7123418565646167,0.2965654106455736,0.4120579376102117,11.991629079089469,0.6087670929915812,98.6416708615901,0.7297455375332902,14.182822102930093,0.007925456797868324,0.03038027549946027,4.343429493003475e-06,1.1540267369865085,193.6626988267526,29,COMPLETE
