number,values_0,values_1,datetime_start,datetime_complete,duration,params_between_rest_spread,params_c_spread,params_c_val,params_input_force,params_k_between_spread,params_k_between_val,params_k_wall_spread,params_k_wall_val,params_m_spread,params_m_val,params_ridge_alpha,params_wall_rest_spread,user_attrs_duration_sec,system_attrs_NSGAIISampler:generation,state
2935,8.59584371182866,1.2093382872818583,2026-10-06 02:03:43.563001,2026-10-06 02:06:57.657348,0 days 00:03:14.094347,0.8010869639365119,0.2284118304472575,0.012129484883401334,10.877854836518644,0.33279388005294136,45.26128201768843,0.12486747625813921,5.8774721288796,0.3676044917349766,0.03038027549946027,2.1038771230648366e-06,1.1540267369865085,194.0942414039746,18,COMPLETE
2936,0.09656625725547738,1.1719395394654022,2026-10-06 02:03:44.207298,2026-10-06 02:06:55.595475,0 days 00:03:11.388177,0.8010869639365119,0.2965654106455736,0.011421673989318717,5.245413993140336,0.6087670929915812,94.61146042672904,0.9552184657277533,5.8774721288796,0.08173395261699556,0.03038027549946027,2.1038771230648366e-06,1.1540267369865085,191.38806835003197,18,COMPLETE
2937,51.23025706430442,2.004018548380895,2026-10-06 02:03:46.132167,2026-10-06 02:06:55.637417,0 days 00:03:09.505250,0.51115025563667,1.2263283199410995,0.20358075665942357,10.877854836518644,0.6087670929915812,98.6416708615901,1.080654620868664,5.8774721288796,0.007925456797868324,0.03038027549946027,2.1038771230648366e-06,1.2974912099205862,189.50515137799084,18,COMPLETE
2938,38.35277307421491,10.511306782549216,2026-10-06 02:03:46.135988,2026-10-06 02:06:54.629832,0 days 00:03:08.493844,0.6775759777641851,0.2965654106455736,0.4120579376102117,5.245413993140336,0.2395452449940939,85.69762729633804,1.4690823188003486,20.4004304097776,0.08173395261699556,0.03038027549946027,4.343429493003475e-06,0.739405563829868,188.49373607058078,18,COMPLETE
2939,29.603090707963645,1.3198885702249985,2026-10-06 02:03:46.139952,2026-10-06 02:06:58.362840,0 days 00:03:12.222888,0.8010869639365119,0.2965654106455736,0.12615106220885586,8.556213008137046,0.33279388005294136,27.695265741387836,0.21292518523710352,1.4056083189495427,0.3372985396418654,0.03038027549946027,16.566718081225847,0.2678812614884665,192.22278693225235,18,COMPLETE
2940,43.00016957104556,7.039978052330525,2026-10-06 02:03:46.143953,2026-10-06 02:06:57.612203,0 days 00:03:11.468250,0.4919537458910443,0.7186098618255685,0.4120579376102117,10.877854836518644,0.33279388005294136,94.61146042672904,0.12486747625813921,5.8774721288796,0.3676044917349766,0.03280586071940829,2.1038771230648366e-06,1.1540267369865085,191.4681473141536,18,COMPLETE
2941,51.38225533324602,2.3681838510550604,2026-10-06 02:03:47.032125,2026-10-06 02:06:57.919290,0 days 00:03:10.887165,0.7036591451654972,0.19189790819770397,0.20358075665942357,10.877854836518644,0.506401025718823,98.6416708615901,1.484226923085714,5.8774721288796,0.2975664073833317,0.03038027549946027,4.343429493003475e-06,1.1540267369865085,190.88705286197364,18,COMPLETE
2942,27.613974022814453,17.983124181735615,2026-10-06 02:03:47.327165,2026-10-06 02:06:54.426383,0 days 00:03:07.099218,0.51115025563667,0.050742841978155484,0.5667882730348237,21.183844928151355,0.506401025718823,85.69762729633804,0.19249733454344864,41.66154811682372,0.007925456797868324,0.03280586071940829,4.343429493003475e-06,1.2974912099205862,187.09909389633685,18,COMPLETE
2943,30.581206006318233,18.525038757898496,2026-10-06 02:03:48.767154,2026-10-06 02:07:01.518212,0 days 00:03:12.751058,0.51115025563667,0.2284118304472575,0.5667882730348237,11.991629079089469,0.6087670929915812,98.6416708615901,1.080654620868664,23.475624031055144,0.08173395261699556,0.03038027549946027,4.343429493003475e-06,0.07209765487063619,192.75094723235816,18,COMPLETE
2944,53.61243844554572,1.5492308143971192,2026-10-06 02:03:50.231993,2026-10-06 02:06:57.670617,0 days 00:03:07.438624,1.4644809848335274,0.19189790819770397,0.20358075665942357,1.276892760779183,0.2395452449940939,86.6015482918717,0.7297455375332902,24.7033276028984,0.2975664073833317,0.03038027549946027,4.343429493003475e-06,1.1540267369865085,187.43852804973722,18,COMPLETE
2945,30.34557558919808,1.3762767069054544,2026-10-06 02:03:50.808982,2026-10-06 02:07:05.482423,0 days 00:03:14.673441,0.8010869639365119,0.9277185443706824,0.12615106220885586,5.245413993140336,0.2395452449940939,13.858441434819731,0.21292518523710352,1.4056083189495427,0.058655074528458806,0.03038027549946027,0.00023428333292156852,1.1540267369865085,194.67332960572094,18,COMPLETE
2946,54.15683564479417,1.492429336425495,2026-10-06 02:04:13.441162,2026-10-06 02:07:28.111838,0 days 00:03:14.670676,0.9158653711831447,0.7261473014601372,0.12615106220885586,5.245413993140336,0.2395452449940939,85.69762729633804,0.12486747625813921,5.8774721288796,0.3676044917349766,0.03038027549946027,2.1038771230648366e-06,1.1540267369865085,194.6705607427284,18,COMPLETE
2947,,,2026-10-06 02:04:18.101173,2026-10-06 02:04:19.433397,0 days 00:00:01.332224,0.8010869639365119,0.8717951055729352,0.4120579376102117,8.556213008137046,0.2395452449940939,85.69762729633804,0.21292518523710352,1.4056083189495427,1.4908917832359008,0.03038027549946027,,1.1540267369865085,,18,PRUNED
2948,39.41734465143544,9.09052044043429,2026-10-06 02:04:19.640150,2026-10-06 02:07:32.956819,0 days 00:03:13.316669,0.23828021730467935,0.8717951055729352,0.4120579376102117,10.877854836518644,0.2395452449940939,85.69762729633804,1.484226923085714,6.2296041386818795,0.06802941049346445,0.024099244621516126,4.343429493003475e-06,1.1540267369865085,193.31653986498713,18,COMPLETE
2949,35.84319495967693,10.207440530367709,2026-10-06 02:04:20.234170,2026-10-06 02:07:34.579440,0 days 00:03:14.345270,0.51115025563667,0.8717951055729352,0.4120579376102117,21.183844928151355,0.506401025718823,85.69762729633804,0.6419517764288287,24.7033276028984,0.026937100580568585,0.03038027549946027,4.343429493003475e-06,1.1540267369865085,194.345172887668,18,COMPLETE
2950,52.198837573728895,2.1471805325238824,2026-10-06 02:04:20.506004,2026-10-06 02:07:33.901519,0 days 00:03:13.395515,0.51115025563667,0.7186098618255685,0.20358075665942357,5.245413993140336,0.6087670929915812,85.69762729633804,1.080654620868664,5.8774721288796,0.08173395261699556,0.03038027549946027,4.343429493003475e-06,1.1540267369865085,193.3954022852704,18,COMPLETE
2951,,,2026-10-06 02:04:21.407360,2026-10-06 02:04:22.030250,0 days 00:00:00.622890,0.4919537458910443,0.8717951055729352,0.5667882730348237,5.245413993140336,0.5258583298127529,85.69762729633804,1.080654620868664,41.66154811682372,0.007925456797868324,0.02269097494091536,,1.1540267369865085,,18,PRUNED
2952,,,2026-10-06 02:04:22.254287,2026-10-06 02:04:59.981672,0 days 00:00:37.727385,0.51115025563667,0.8717951055729352,0.4120579376102117,8.556213008137046,1.4514822324385197,94.61146042672904,1.080654620868664,5.8774721288796,0.06802941049346445,0.03038027549946027,4.343429493003475e-06,1.3890637168667692,,18,PRUNED
2953,33.213656368024985,14.830242028233705,2026-10-06 02:04:22.257963,2026-10-06 02:07:33.261760,0 days 00:03:11.003797,0.4919537458910443,0.8717951055729352,0.5926143650576037,21.183844928151355,0.33279388005294136,85.69762729633804,0.12486747625813921,86.57068482598544,0.3676044917349766,0.03280586071940829,4.343429493003475e-06,1.1540267369865085,191.0036852285266,18,COMPLETE
2954,55.775386790770575,1.3403201740940043,2026-10-06 02:04:23.007446,2026-10-06 02:07:33.555922,0 days 00:03:10.548476,0.9158653711831447,0.7186098618255685,0.12615106220885586,5.245413993140336,0.6087670929915812,94.61146042672904,0.6419517764288287,5.8774721288796,0.007925456797868324,0.03038027549946027,0.00023428333292156852,1.1540267369865085,190.54836663231254,18,COMPLETE
2955,18.761489504068066,8.583068755050194,2026-10-06 02:04:23.062131,2026-10-06 02:07:35.758018,0 days 00:03:12.695887,0.51115025563667,0.2965654106455736,0.4120579376102117,8.217145606051242,0.33279388005294136,3.4113778548600817,0.21292518523710352,19.15408445903519,0.28988344429582863,0.03038027549946027,4.343429493003475e-06,1.1540267369865085,192.6957873655483,18,COMPLETE
2956,41.745970342186425,4.726795624857926,2026-10-06 02:04:23.872018,2026-10-06 02:07:37.252341,0 days 00:03:13.380323,0.9158653711831447,0.8717951055729352,0.4120579376102117,8.556213008137046,0.2395452449940939,94.61146042672904,0.7297455375332902,5.8774721288796,0.06802941049346445,0.03038027549946027,0.00023428333292156852,0.5849128276101176,193.3802172522992,18,COMPLETE
2957,,,2026-10-06 02:04:23.959992,2026-10-06 02:05:41.075392,0 days 00:01:17.115400,0.2994157425323484,0.1692372509205725,0.4120579376102117,5.245413993140336,0.6087670929915812,6.075907849365786,1.484226923085714,5.8774721288796,0.08173395261699556,0.0023381903922963213,4.343429493003475e-06,1.1540267369865085,,18,PRUNED
2958,21.94364990267295,4.2338282087274415,2026-10-06 02:04:24.886988,2026-10-06 02:07:36.736518,0 days 00:03:11.849530,0.9158653711831447,0.7186098618255685,0.4120579376102117,5.245413993140336,0.6087670929915812,2.529629318811385,0.6419517764288287,5.8774721288796,0.026937100580568585,0.03038027549946027,2.1038771230648366e-06,1.1540267369865085,191.8494268739596,18,COMPLETE
2959,54.42572114217796,1.403417233554462,2026-10-06 02:04:24.983756,2026-10-06 02:07:36.874892,0 days 00:03:11.891136,0.2994157425323484,0.7186098618255685,0.12615106220885586,5.245413993140336,0.2395452449940939,94.61146042672904,1.4690823188003486,5.8774721288796,0.007925456797868324,0.03038027549946027,4.343429493003475e-06,1.1540267369865085,191.89091762155294,18,COMPLETE
2960,12.565004952332208,1.636996736479962,2026-10-06 02:04:25.116634,2026-10-06 02:07:39.517842,0 days 00:03:14.401208,0.9158653711831447,0.7186098618255685,0.12615106220885586,5.245413993140336,0.6087670929915812,1.1040243366974898,0.6419517764288287,5.8774721288796,0.3372985396418654,0.03038027549946027,0.00023428333292156852,0.2678812614884665,194.40108977817,18,COMPLETE
2961,36.83188586472211,8.104115718047018,2026-10-06 02:04:25.699007,2026-10-06 02:07:33.609377,0 days 00:03:07.910370,0.2994157425323484,0.2284118304472575,0.4120579376102117,21.183844928151355,0.6087670929915812,85.69762729633804,1.4690823188003486,5.8774721288796,0.08173395261699556,0.03038027549946027,4.343429493003475e-06,1.2974912099205862,187.9102732539177,18,COMPLETE
2962,0.09777155246719929,1.1970953397027302,2026-10-06 02:04:26.351024,2026-10-06 02:07:36.611509,0 days 00:03:10.260485,0.8010869639365119,0.9277185443706824,0.02501210559720414,8.556213008137046,0.506401025718823,85.69762729633804,0.21292518523710352,41.66154811682372,0.3372985396418654,0.03038027549946027,0.6977089952055106,1.2974912099205862,190.26037952210754,18,COMPLETE
2963,,,2026-10-06 02:04:57.395010,2026-10-06 02:05:37.087040,0 days 00:00:39.692030,1.4525959068200738,0.19189790819770397,0.20358075665942357,10.877854836518644,0.6640385672013496,98.6416708615901,1.484226923085714,5.839028028161496,0.2975664073833317,0.03280586071940829,4.343429493003475e-06,1.1540267369865085,,18,PRUNED
2964,41.27166483368523,7.7766213078767095,2026-10-06 02:04:57.398969,2026-10-06 02:08:12.772224,0 days 00:03:15.373255,0.9158653711831447,0.7186098618255685,0.4120579376102117,18.489161893608337,0.2395452449940939,94.61146042672904,0.21292518523710352,5.8774721288796,0.007925456797868324,0.03038027549946027,2.1038771230648366e-06,1.1540267369865085,195.3731387173757,18,COMPLETE
2965,41.32338402121759,1.8322532308930097,2026-10-06 02:04:59.511813,2026-10-06 02:08:10.011297,0 days 00:03:10.499484,1.4644809848335274,0.8717951055729352,0.4120579376102117,18.489161893608337,0.2395452449940939,85.69762729633804,0.21292518523710352,1.4056083189495427,0.3372985396418654,0.03038027549946027,0.00023428333292156852,1.2974912099205862,190.4993622545153,18,COMPLETE
2966,39.446866912213565,1.8970003708868135,2026-10-06 02:04:59.580403,2026-10-06 02:08:13.382373,0 days 00:03:13.801970,0.51115025563667,0.8717951055729352,0.12615106220885586,21.183844928151355,0.506401025718823,85.69762729633804,0.21292518523710352,41.66154811682372,0.007925456797868324,0.03280586071940829,0.00023428333292156852,1.2974912099205862,193.8018558928743,18,COMPLETE
2967,42.645956938437145,6.624019739747876,2026-10-06 02:04:59.994124,2026-10-06 02:08:11.053475,0 days 00:03:11.059351,0.2994157425323484,0.7186098618255685,0.4120579376102117,10.877854836518644,0.6087670929915812,94.61146042672904,0.6419517764288287,5.8774721288796,0.08173395261699556,0.03038027549946027,2.1038771230648366e-06,1.457892617825176,191.0592360040173,18,COMPLETE
2968,43.05708414612353,6.343926345455985,2026-10-06 02:05:00.934000,2026-10-06 02:08:13.682549,0 days 00:03:12.748549,0.9948596070599034,0.8717951055729352,0.5667882730348237,10.877854836518644,0.2395452449940939,94.61146042672904,1.484226923085714,5.8774721288796,0.08173395261699556,0.03280586071940829,4.343429493003475e-06,1.3890637168667692,192.74844450689852,18,COMPLETE
2969,44.84233234402833,5.437790849726352,2026-10-06 02:05:02.259987,2026-10-06 02:08:16.310897,0 days 00:03:14.050910,0.2994157425323484,0.2284118304472575,0.4120579376102117,5.245413993140336,0.6087670929915812,98.6416708615901,1.4690823188003486,5.8774721288796,0.08173395261699556,0.03280586071940829,4.343429493003475e-06,1.2974912099205862,194.0506630241871,18,COMPLETE
2970,53.1857632402372,1.5517022120106359,2026-10-06 02:05:02.295984,2026-10-06 02:08:15.300931,0 days 00:03:13.004947,0.6775759777641851,0.2965654106455736,0.12615106220885586,10.877854836518644,0.2395452449940939,94.61146042672904,1.484226923085714,5.8774721288796,0.2975664073833317,0.03038027549946027,4.343429493003475e-06,1.1540267369865085,193.00483773089945,18,COMPLETE
2971,,,2026-10-06 02:05:03.532154,2026-10-06 02:05:04.470041,0 days 00:00:00.937887,0.51115025563667,1.2654235015281097,0.4120579376102117,5.245413993140336,0.506401025718823,85.69762729633804,0.6419517764288287,41.66154811682372,0.026937100580568585,0.03038027549946027,,1.1540267369865085,,18,PRUNED
2972,40.590274845145316,9.784410643592112,2026-10-06 02:05:03.535970,2026-10-06 02:08:16.202658,0 days 00:03:12.666688,0.51115025563667,0.8717951055729352,0.5667882730348237,5.245413993140336,0.3049037081953532,94.61146042672904,1.080654620868664,41.66154811682372,0.007925456797868324,0.03280586071940829,2.1038771230648366e-06,1.2974912099205862,192.66659021843225,18,COMPLETE
2973,54.07474772392692,1.755534470533191,2026-10-06 02:05:04.295141,2026-10-06 02:08:15.731496,0 days 00:03:11.436355,0.8010869639365119,0.9277185443706824,0.20358075665942357,8.556213008137046,0.2395452449940939,85.69762729633804,0.24686486414645548,1.4056083189495427,0.2975664073833317,0.03280586071940829,4.343429493003475e-06,1.1540267369865085,191.43624856509268,18,COMPLETE
2974,41.720632720410535,8.243178684553717,2026-10-06 02:05:04.868286,2026-10-06 02:08:18.626734,0 days 00:03:13.758448,0.51115025563667,0.8717951055729352,0.5667882730348237,5.245413993140336,0.33279388005294136,94.61146042672904,1.484226923085714,19.15408445903519,0.28988344429582863,0.03038027549946027,4.343429493003475e-06,1.2974912099205862,193.7583271851763,18,COMPLETE
2975,39.68907265065535,6.865539220517311,2026-10-06 02:05:05.031695,2026-10-06 02:08:15.086245,0 days 00:03:10.054550,0.2994157425323484,0.8831893513134392,0.4120579376102117,11.991629079089469,0.33279388005294136,85.69762729633804,1.4690823188003486,5.8774721288796,0.08173395261699556,0.03038027549946027,4.343429493003475e-06,0.7699502779177346,190.0544353928417,18,COMPLETE
2976,38.53124771560097,11.734512253529024,2026-10-06 02:05:05.516001,2026-10-06 02:08:15.822972,0 days 00:03:10.306971,0.8010869639365119,0.19189790819770397,0.4120579376102117,8.556213008137046,0.6087670929915812,98.6416708615901,1.080654620868664,41.66154811682372,0.08173395261699556,0.03038027549946027,4.343429493003475e-06,1.1540267369865085,190.30686432588845,18,COMPLETE
2977,0.05583839727828095,1.2145594988628563,2026-10-06 02:05:05.605990,2026-10-06 02:08:18.236820,0 days 00:03:12.630830,0.9158653711831447,0.7186098618255685,0.025178277285285666,5.245413993140336,0.2395452449940939,94.61146042672904,1.3303656343791816,5.8774721288796,0.026937100580568585,0.03038027549946027,2.1038771230648366e-06,1.1540267369865085,192.6307191522792,18,COMPLETE
2978,43.044643822032086,6.508113166458532,2026-10-06 02:05:06.432160,2026-10-06 02:08:18.277428,0 days 00:03:11.845268,0.2994157425323484,0.7186098618255685,0.4120579376102117,8.556213008137046,0.6087670929915812,94.61146042672904,0.7297455375332902,5.8774721288796,0.06802941049346445,0.03038027549946027,2.1038771230648366e-06,1.1540267369865085,191.84516597352922,18,COMPLETE
2979,32.893724063109765,14.815657537738508,2026-10-06 02:05:06.435962,2026-10-06 02:08:16.177548,0 days 00:03:09.741586,0.08589829255531056,0.2284118304472575,0.4120579376102117,10.010689305916475,0.2395452449940939,85.69762729633804,1.4690823188003486,20.4004304097776,0.2975664073833317,0.024099244621516126,4.343429493003475e-06,0.739405563829868,189.74148112814873,18,COMPLETE
2980,,,2026-10-06 02:05:33.686013,2026-10-06 02:05:35.606698,0 days 00:00:01.920685,0.51115025563667,0.7186098618255685,0.12615106220885586,5.245413993140336,1.0723578631854078,94.61146042672904,0.6419517764288287,5.8774721288796,0.632835649460642,0.03038027549946027,,1.1540267369865085,,18,PRUNED
2981,42.82497363333905,3.322266236924907,2026-10-06 02:05:35.866230,2026-10-06 02:08:48.475121,0 days 00:03:12.608891,0.51115025563667,0.8717951055729352,0.20358075665942357,21.183844928151355,0.6087670929915812,94.61146042672904,1.080654620868664,45.6508402201298,0.08173395261699556,0.03280586071940829,4.343429493003475e-06,1.2974912099205862,192.6087638065219,18,COMPLETE
2982,,,2026-10-06 02:05:37.001026,2026-10-06 02:06:15.599057,0 days 00:00:38.598031,0.2994157425323484,0.7424495566914788,0.5667882730348237,8.556213008137046,0.8419920180176619,98.6416708615901,1.080654620868664,41.66154811682372,0.007925456797868324,0.03280586071940829,4.343429493003475e-06,1.2974912099205862,,18,PRUNED
2983,,,2026-10-06 02:05:37.212195,2026-10-06 02:07:32.967387,0 days 00:01:55.755192,0.8548572270960194,0.8717951055729352,0.5667882730348237,10.877854836518644,0.6087670929915812,94.61146042672904,1.4690823188003486,45.6508402201298,0.14580165112831867,0.03280586071940829,4.343429493003475e-06,1.3890637168667692,,18,PRUNED
2984,38.11939273288081,9.582813407891756,2026-10-06 02:05:37.876151,2026-10-06 02:08:51.293204,0 days 00:03:13.417053,0.51115025563667,0.2965654106455736,0.5667882730348237,8.556213008137046,0.506401025718823,98.6416708615901,1.080654620868664,6.2296041386818795,0.007925456797868324,0.03280586071940829,4.343429493003475e-06,1.1540267369865085,193.41693955753,18,COMPLETE
2985,40.83306914555834,9.570384044629892,2026-10-06 02:05:38.550980,2026-10-06 02:08:49.903847,0 days 00:03:11.352867,0.51115025563667,0.8717951055729352,0.5667882730348237,5.245413993140336,0.33279388005294136,94.61146042672904,1.080654620868664,45.6508402201298,0.3676044917349766,0.03280586071940829,4.343429493003475e-06,1.1540267369865085,191.3527622325346,18,COMPLETE
2986,48.482089300369395,1.3588995550059884,2026-10-06 02:05:40.216169,2026-10-06 02:08:52.365681,0 days 00:03:12.149512,0.8010869639365119,0.8717951055729352,0.12615106220885586,5.245413993140336,0.3049037081953532,94.61146042672904,0.21292518523710352,41.66154811682372,0.007925456797868324,0.03038027549946027,0.00023428333292156852,1.2974912099205862,192.1493965871632,18,COMPLETE
2987,,,2026-10-06 02:05:41.222981,2026-10-06 02:05:42.551041,0 days 00:00:01.328060,0.447684485641811,0.7186098618255685,0.4120579376102117,5.245413993140336,0.2395452449940939,94.61146042672904,1.484226923085714,5.8774721288796,0.2975664073833317,0.008505275037654626,,1.1540267369865085,,18,PRUNED
2988,,,2026-10-06 02:05:41.792006,2026-10-06 02:06:18.987892,0 days 00:00:37.195886,0.51115025563667,0.19189790819770397,0.20358075665942357,10.877854836518644,0.7759601624097988,98.6416708615901,0.6419517764288287,5.8774721288796,0.2975664073833317,0.03280586071940829,4.343429493003475e-06,1.1540267369865085,,18,PRUNED
2989,44.94731882218623,5.488838769632335,2026-10-06 02:05:43.826017,2026-10-06 02:08:58.595771,0 days 00:03:14.769754,1.4644809848335274,0.7424495566914788,0.4120579376102117,8.556213008137046,0.2395452449940939,86.6015482918717,0.9693756103402131,6.2296041386818795,0.06802941049346445,0.03038027549946027,4.343429493003475e-06,1.2267307691914986,194.7696316326037,18,COMPLETE
2990,30.774121333005997,8.429366320497088,2026-10-06 02:05:46.238893,2026-10-06 02:08:58.870219,0 days 00:03:12.631326,0.447684485641811,0.2965654106455736,0.2790270612589006,10.877854836518644,0.2395452449940939,32.926844476489364,1.484226923085714,20.4004304097776,0.2975664073833317,0.03038027549946027,2.1038771230648366e-06,0.739405563829868,192.63123459462076,18,COMPLETE
2991,33.771379018461275,7.211621108982611,2026-10-06 02:06:10.761743,2026-10-06 02:09:24.408531,0 days 00:03:13.646788,0.2994157425323484,0.2284118304472575,0.4120579376102117,47.79983208664229,0.6087670929915812,98.6416708615901,1.4690823188003486,5.8774721288796,0.08173395261699556,0.03038027549946027,4.343429493003475e-06,1.2267307691914986,193.64666915219277,18,COMPLETE
2992,,,2026-10-06 02:06:14.949004,2026-10-06 02:06:53.934051,0 days 00:00:38.985047,0.21281127563142427,0.7186098618255685,0.4120579376102117,5.245413993140336,0.6087670929915812,98.6416708615901,0.7297455375332902,5.8774721288796,0.4212595585654096,0.03038027549946027,2.1038771230648366e-06,1.1540267369865085,,18,PRUNED
2993,,,2026-10-06 02:06:15.756008,2026-10-06 02:08:10.848256,0 days 00:01:55.092248,0.51115025563667,0.8717951055729352,0.5667882730348237,5.245413993140336,0.6087670929915812,85.69762729633804,1.4690823188003486,41.66154811682372,0.007925456797868324,0.03038027549946027,4.343429493003475e-06,1.2267307691914986,,18,PRUNED
