number,values_0,values_1,datetime_start,datetime_complete,duration,params_between_rest_spread,params_c_spread,params_c_val,params_input_force,params_k_between_spread,params_k_between_val,params_k_wall_spread,params_k_wall_val,params_m_spread,params_m_val,params_ridge_alpha,params_wall_rest_spread,user_attrs_duration_sec,system_attrs_NSGAIISampler:generation,state
4479,40.23089107579765,10.926541593477422,2026-10-06 03:02:49.692967,2026-10-06 03:06:01.935344,0 days 00:03:12.242377,1.1546551456676255,0.7186098618255685,0.5667882730348237,11.991629079089469,0.33279388005294136,98.6416708615901,1.484226923085714,14.182822102930093,0.3054149949472662,0.03038027549946027,4.343429493003475e-06,1.1540267369865085,192.2422549687326,28,COMPLETE
4480,50.380928429288446,3.034043058811175,2026-10-06 03:02:50.143986,2026-10-06 03:05:59.232492,0 days 00:03:09.088506,0.51115025563667,0.2965654106455736,0.23783004135208205,5.245413993140336,0.33279388005294136,94.61146042672904,1.125758083399929,7.242018006177657,0.28988344429582863,0.03038027549946027,4.343429493003475e-06,1.1540267369865085,189.0883992742747,28,COMPLETE
4481,,,2026-10-06 03:02:50.557122,2026-10-06 03:03:29.429986,0 days 00:00:38.872864,0.51115025563667,0.2965654106455736,0.19400160111159936,5.245413993140336,0.7155367757602545,98.6416708615901,0.7297455375332902,35.86671955459044,0.2975664073833317,0.024099244621516126,4.343429493003475e-06,0.7699502779177346,,28,PRUNED
4482,26.491760984253084,1.9954618503634134,2026-10-06 03:02:52.045005,2026-10-06 03:06:02.130786,0 days 00:03:10.085781,0.51115025563667,1.2862919794939531,0.19400160111159936,40.002197972714555,0.6087670929915812,98.6416708615901,1.4690823188003486,5.8774721288796,0.08173395261699556,0.03038027549946027,4.343429493003475e-06,0.06813310163640623,190.08565565943718,28,COMPLETE
4483,36.40213767919512,10.862404372279837,2026-10-06 03:02:53.730007,2026-10-06 03:06:01.831517,0 days 00:03:08.101510,0.8010869639365119,0.07861675458476158,0.4120579376102117,15.314883374627078,0.6087670929915812,94.61146042672904,0.39552867473326975,14.182822102930093,0.08173395261699556,0.03038027549946027,2.1038771230648366e-06,1.1540267369865085,188.1013821065426,28,COMPLETE
4484,44.32681078710662,3.3201170088661662,2026-10-06 03:02:54.263147,2026-10-06 03:06:07.743551,0 days 00:03:13.480404,0.7123418565646167,0.2965654106455736,0.2345370319995722,5.245413993140336,0.6087670929915812,94.61146042672904,0.7297455375332902,14.182822102930093,0.007925456797868324,0.03038027549946027,2.1038771230648366e-06,0.06813310163640623,193.48028960637748,28,COMPLETE
4485,40.98765019868273,8.002249164853929,2026-10-06 03:02:54.270972,2026-10-06 03:06:04.758119,0 days 00:03:10.487147,0.8010869639365119,0.3710922296723819,0.4120579376102117,10.877854836518644,0.5557547632162355,94.61146042672904,0.6419517764288287,5.8774721288796,0.08173395261699556,0.03038027549946027,4.343429493003475e-06,0.7250233473641423,190.48703045863658,28,COMPLETE
4486,31.10849680044683,18.22304666246105,2026-10-06 03:03:21.026014,2026-10-06 03:06:33.061871,0 days 00:03:12.035857,0.51115025563667,0.7186098618255685,0.807738690329122,5.245413993140336,0.2395452449940939,98.6416708615901,0.396687138771568,45.6508402201298,0.016685046607019305,0.03038027549946027,2.267358369341208e-06,0.7699502779177346,192.03573016263545,28,COMPLETE
4487,,,2026-10-06 03:03:22.523015,2026-10-06 03:03:23.019049,0 days 00:00:00.496034,0.9158653711831447,1.0308313174484818,0.5667882730348237,5.245413993140336,0.6087670929915812,98.6416708615901,0.6419517764288287,12.371756168223909,0.2975664073833317,0.03038027549946027,,1.2974912099205862,,28,PRUNED
4488,0.03961229300100796,1.3052204122679663,2026-10-06 03:03:23.121000,2026-10-06 03:06:36.806152,0 days 00:03:13.685152,0.51115025563667,0.7186098618255685,0.010430420456889805,5.245413993140336,0.33279388005294136,98.6416708615901,0.7518185550990375,5.8774721288796,0.007925456797868324,0.03038027549946027,4.343429493003475e-06,1.1540267369865085,193.68502808269113,28,COMPLETE
4489,48.16212706860746,1.9659983358073667,2026-10-06 03:03:25.170007,2026-10-06 03:06:35.758469,0 days 00:03:10.588462,0.8010869639365119,0.7186098618255685,0.2345370319995722,5.245413993140336,0.6087670929915812,98.6416708615901,1.484226923085714,5.8774721288796,0.007925456797868324,0.03038027549946027,2.1038771230648366e-06,0.06813310163640623,190.58833635319024,28,COMPLETE
4490,28.261425647789356,4.80380780904268,2026-10-06 03:03:27.135992,2026-10-06 03:06:41.446568,0 days 00:03:14.310576,0.7407180681038071,0.7186098618255685,0.4120579376102117,5.245413993140336,0.6087670929915812,8.767036650696424,1.484226923085714,5.8774721288796,0.007925456797868324,0.03038027549946027,4.343429493003475e-06,1.1540267369865085,194.31045931670815,28,COMPLETE
4491,,,2026-10-06 03:03:27.255976,2026-10-06 03:03:27.812063,0 days 00:00:00.556087,1.1546551456676255,0.8717951055729352,0.807738690329122,11.991629079089469,0.2395452449940939,98.6416708615901,1.484226923085714,45.6508402201298,0.3787184497362417,0.011085231544283947,,1.1540267369865085,,28,PRUNED
4492,,,2026-10-06 03:03:27.751989,2026-10-06 03:04:09.101051,0 days 00:00:41.349062,0.8010869639365119,0.7186098618255685,0.2345370319995722,5.245413993140336,0.7186402690634537,98.6416708615901,0.6419517764288287,5.8774721288796,0.28988344429582863,0.03038027549946027,2.1038771230648366e-06,0.06813310163640623,,28,PRUNED
4493,40.498141701139296,10.170406373062075,2026-10-06 03:03:27.953994,2026-10-06 03:06:38.837956,0 days 00:03:10.883962,0.7123418565646167,0.8717951055729352,0.5667882730348237,5.245413993140336,0.6087670929915812,94.61146042672904,0.7297455375332902,41.66154811682372,0.08173395261699556,0.03038027549946027,2.1038771230648366e-06,1.209109649444219,190.88384197372943,28,COMPLETE
4494,45.55040893835761,6.329846832767416,2026-10-06 03:03:28.297157,2026-10-06 03:06:41.483541,0 days 00:03:13.186384,0.7407180681038071,0.2965654106455736,0.4120579376102117,8.556213008137046,0.2395452449940939,98.6416708615901,1.484226923085714,5.8774721288796,0.4212595585654096,0.03280586071940829,4.343429493003475e-06,1.1540267369865085,193.18628238979727,29,COMPLETE
4495,51.0510272315148,2.570715324283903,2026-10-06 03:03:28.300971,2026-10-06 03:06:36.915373,0 days 00:03:08.614402,0.9158653711831447,0.7186098618255685,0.20358075665942357,12.697574227624772,0.33279388005294136,94.61146042672904,0.6419517764288287,5.8774721288796,0.3054149949472662,0.03038027549946027,2.1038771230648366e-06,1.3890637168667692,188.61429428029805,29,COMPLETE
4496,35.02105199649388,8.596991130883062,2026-10-06 03:03:28.351149,2026-10-06 03:06:43.299429,0 days 00:03:14.948280,0.8010869639365119,0.19189790819770397,0.5667882730348237,5.245413993140336,0.33279388005294136,85.69762729633804,0.32545611533710134,5.8774721288796,0.007925456797868324,0.03280586071940829,4.343429493003475e-06,1.1540267369865085,194.94816136639565,29,COMPLETE
4497,40.503408918756705,1.5919362670626436,2026-10-06 03:03:28.358956,2026-10-06 03:06:40.285747,0 days 00:03:11.926791,0.9158653711831447,0.07861675458476158,0.12615106220885586,5.245413993140336,0.6087670929915812,94.61146042672904,0.7257345409495506,45.6508402201298,0.026937100580568585,0.03280586071940829,0.0007928262540807812,1.1540267369865085,191.92668642662466,29,COMPLETE
4498,38.553280814183616,8.4704711423705,2026-10-06 03:03:30.461161,2026-10-06 03:06:43.952759,0 days 00:03:13.491598,0.7407180681038071,0.2965654106455736,0.4120579376102117,36.25529684395985,0.2395452449940939,98.6416708615901,1.414308335095218,5.8774721288796,0.4212595585654096,0.03280586071940829,4.343429493003475e-06,1.1540267369865085,193.4914735518396,29,COMPLETE
4499,,,2026-10-06 03:03:30.464954,2026-10-06 03:03:31.434062,0 days 00:00:00.969108,0.7407180681038071,0.07861675458476158,0.4120579376102117,8.556213008137046,0.3519093950798047,94.61146042672904,1.484226923085714,45.6508402201298,0.4212595585654096,0.03280586071940829,,1.1540267369865085,,29,PRUNED
4500,26.259673993569294,1.7783224321825624,2026-10-06 03:03:30.472945,2026-10-06 03:06:43.023004,0 days 00:03:12.550059,0.8010869639365119,0.8059564568849952,0.2345370319995722,8.556213008137046,0.2395452449940939,31.45343546315329,0.7297455375332902,5.8774721288796,0.2975664073833317,0.03038027549946027,11.645870675323623,0.7699502779177346,192.549944027327,29,COMPLETE
4501,,,2026-10-06 03:03:31.244000,2026-10-06 03:04:11.472076,0 days 00:00:40.228076,0.8010869639365119,0.19189790819770397,0.5667882730348237,11.991629079089469,0.909984615324319,85.69762729633804,1.2898828018697517,41.66154811682372,0.08173395261699556,0.028304311603591054,4.343429493003475e-06,0.7699502779177346,,29,PRUNED
4502,,,2026-10-06 03:03:31.726008,2026-10-06 03:03:32.238056,0 days 00:00:00.512048,0.8010869639365119,0.21606902729252941,0.2345370319995722,5.245413993140336,0.2395452449940939,98.6416708615901,0.7297455375332902,19.15408445903519,0.8583825449008711,0.03038027549946027,,0.7699502779177346,,29,PRUNED
4503,,,2026-10-06 03:03:31.729960,2026-10-06 03:04:10.855034,0 days 00:00:39.125074,0.9158653711831447,0.21606902729252941,0.807738690329122,5.245413993140336,1.4261112628614816,98.6416708615901,1.080654620868664,1.314398627510365,0.3161737300984912,0.03280586071940829,2.1038771230648366e-06,1.1540267369865085,,29,PRUNED
4504,,,2026-10-06 03:03:32.431301,2026-10-06 03:04:10.142030,0 days 00:00:37.710729,0.7123418565646167,0.8717951055729352,0.19400160111159936,7.667898869016681,0.6087670929915812,94.61146042672904,1.4690823188003486,41.66154811682372,0.08173395261699556,0.03038027549946027,4.343429493003475e-06,1.2974912099205862,,29,PRUNED
4505,,,2026-10-06 03:03:58.743915,2026-10-06 03:04:37.445166,0 days 00:00:38.701251,0.7123418565646167,0.7186098618255685,0.4120579376102117,5.245413993140336,0.8614306252441206,94.61146042672904,0.7297455375332902,9.293347639794549,0.026937100580568585,0.03038027549946027,2.1038771230648366e-06,0.3087654291085318,,29,PRUNED
4506,41.03108869208572,4.819062164247402,2026-10-06 03:04:01.199999,2026-10-06 03:07:15.211930,0 days 00:03:14.011931,1.255849893849689,0.7186098618255685,0.4120579376102117,9.483409619464478,0.6087670929915812,98.6416708615901,1.080654620868664,5.8774721288796,0.08352290923351802,0.03038027549946027,2.1038771230648366e-06,1.1540267369865085,194.01179374940693,29,COMPLETE
4507,42.57053007167391,9.327810724624923,2026-10-06 03:04:02.714053,2026-10-06 03:07:16.495956,0 days 00:03:13.781903,0.32522926579248107,0.2965654106455736,0.4120579376102117,5.245413993140336,0.33279388005294136,94.61146042672904,1.484226923085714,19.15408445903519,0.4212595585654096,0.03038027549946027,2.1038771230648366e-06,1.1540267369865085,193.78179166279733,29,COMPLETE
4508,27.847052501186965,24.656480363336158,2026-10-06 03:04:05.528555,2026-10-06 03:07:19.824309,0 days 00:03:14.295754,0.51115025563667,0.2284118304472575,0.5667882730348237,11.991629079089469,0.33279388005294136,85.69762729633804,1.080654620868664,41.66154811682372,0.08173395261699556,0.024099244621516126,4.343429493003475e-06,0.7296704665126732,194.29563017748296,29,COMPLETE
4509,38.3702841381997,10.960717228540236,2026-10-06 03:04:05.777142,2026-10-06 03:07:18.265118,0 days 00:03:12.487976,0.7407180681038071,0.3710922296723819,0.5926143650576037,5.245413993140336,0.33279388005294136,98.6416708615901,1.484226923085714,35.86671955459044,0.28988344429582863,0.03280586071940829,4.343429493003475e-06,1.1540267369865085,192.48785305954516,29,COMPLETE
4510,,,2026-10-06 03:04:05.875255,2026-10-06 03:04:06.548036,0 days 00:00:00.672781,0.7123418565646167,0.7186098618255685,0.4120579376102117,5.245413993140336,1.4742008726785931,94.61146042672904,0.7297455375332902,5.8774721288796,1.4455934875253036,0.03038027549946027,,1.209109649444219,,29,PRUNED
4511,35.38817472762319,3.9436275397382587,2026-10-06 03:04:06.533991,2026-10-06 03:07:21.469210,0 days 00:03:14.935219,0.32522926579248107,0.7186098618255685,0.2345370319995722,33.3402807695368,0.33279388005294136,94.61146042672904,1.484226923085714,19.15408445903519,0.15450841561573675,0.03038027549946027,4.343429493003475e-06,1.1540267369865085,194.93510200455785,29,COMPLETE
4512,,,2026-10-06 03:04:06.567981,2026-10-06 03:04:07.548070,0 days 00:00:00.980089,0.51115025563667,0.2965654106455736,0.2345370319995722,5.245413993140336,0.6087670929915812,94.61146042672904,1.1006325760636444,14.182822102930093,0.3936576523393438,0.008801007529107337,,1.2974912099205862,,29,PRUNED
4513,,,2026-10-06 03:04:07.428139,2026-10-06 03:04:07.965046,0 days 00:00:00.536907,0.8010869639365119,0.8717951055729352,0.807738690329122,21.183844928151355,0.6087670929915812,98.6416708615901,1.2644469590829157,2.792496886259519,0.08173395261699556,0.03038027549946027,,1.2974912099205862,,29,PRUNED
4514,29.368196745869106,23.7811210687402,2026-10-06 03:04:07.640982,2026-10-06 03:07:18.800018,0 days 00:03:11.159036,0.9158653711831447,0.19189790819770397,0.778294044131552,11.991629079089469,0.33279388005294136,94.61146042672904,0.6419517764288287,35.86671955459044,0.4212595585654096,0.03038027549946027,2.1038771230648366e-06,0.7699502779177346,191.1589209791273,29,COMPLETE
4515,23.019319905020605,10.463954559173523,2026-10-06 03:04:08.440167,2026-10-06 03:07:18.448704,0 days 00:03:10.008537,0.8010869639365119,0.2284118304472575,0.5673687007336011,5.245413993140336,0.33279388005294136,2.853340741752768,0.7297455375332902,35.86671955459044,0.08173395261699556,0.03038027549946027,4.343429493003475e-06,1.1540267369865085,190.00842723157257,29,COMPLETE
4516,29.076809582590613,10.629539793407156,2026-10-06 03:04:08.443968,2026-10-06 03:07:18.409191,0 days 00:03:09.965223,0.51115025563667,0.07861675458476158,0.807738690329122,2.7633309850881096,0.2395452449940939,98.6416708615901,0.396687138771568,45.6508402201298,0.3787184497362417,0.03038027549946027,4.343429493003475e-06,1.2974912099205862,189.96510911732912,29,COMPLETE
4517,,,2026-10-06 03:04:08.490972,2026-10-06 03:04:46.571056,0 days 00:00:38.080084,0.51115025563667,0.7186098618255685,0.5667882730348237,5.245413993140336,0.506401025718823,98.6416708615901,1.484226923085714,14.182822102930093,0.3054149949472662,0.024099244621516126,4.343429493003475e-06,0.23886283196880004,,29,PRUNED
4518,27.94147078090184,16.427601867971887,2026-10-06 03:04:08.494965,2026-10-06 03:07:20.152949,0 days 00:03:11.657984,0.51115025563667,0.19189790819770397,0.5667882730348237,41.47426341503311,0.33279388005294136,98.6416708615901,1.1994915220325892,35.86671955459044,0.2975664073833317,0.03280586071940829,0.009172210808617102,1.1540267369865085,191.6578670879826,29,COMPLETE
4519,44.05311875819109,6.187747601149273,2026-10-06 03:04:09.537007,2026-10-06 03:07:20.743584,0 days 00:03:11.206577,0.51115025563667,0.7186098618255685,0.4120579376102117,5.245413993140336,0.33279388005294136,85.69762729633804,1.080654620868664,5.8774721288796,0.026937100580568585,0.03038027549946027,2.1038771230648366e-06,1.1540267369865085,191.20645659510046,29,COMPLETE
4520,41.79067003935558,6.632918517191228,2026-10-06 03:04:10.197997,2026-10-06 03:07:19.374589,0 days 00:03:09.176592,0.7123418565646167,0.7186098618255685,0.4120579376102117,5.245413993140336,0.6087670929915812,94.61146042672904,0.7297455375332902,19.15408445903519,0.08173395261699556,0.03038027549946027,2.1038771230648366e-06,1.1540267369865085,189.17649194132537,29,COMPLETE
4521,22.824027388165952,10.847398222996988,2026-10-06 03:04:10.205965,2026-10-06 03:07:23.060525,0 days 00:03:12.854560,0.6775759777641851,0.2284118304472575,0.5926143650576037,10.877854836518644,0.33279388005294136,4.480632427749481,1.2898828018697517,23.475624031055144,0.2975664073833317,0.03038027549946027,4.343429493003475e-06,1.1540267369865085,192.85445384960622,29,COMPLETE
4522,47.36062315818098,3.0241764671564737,2026-10-06 03:04:11.236154,2026-10-06 03:07:23.192846,0 days 00:03:11.956692,0.51115025563667,0.21606902729252941,0.20358075665942357,5.245413993140336,0.33279388005294136,98.6416708615901,1.080654620868664,35.86671955459044,0.3161737300984912,0.03280586071940829,3.104256469821138e-06,0.7699502779177346,191.95658714976162,29,COMPLETE
4523,35.3199051502731,16.57590355361765,2026-10-06 03:04:11.629006,2026-10-06 03:07:19.233679,0 days 00:03:07.604673,0.8010869639365119,0.19189790819770397,0.5926143650576037,10.877854836518644,0.33279388005294136,98.6416708615901,1.2898828018697517,35.86671955459044,0.4212595585654096,0.03280586071940829,4.343429493003475e-06,1.1540267369865085,187.60455365944654,29,COMPLETE
4524,44.021986789583266,6.651184338714222,2026-10-06 03:04:37.847069,2026-10-06 03:07:46.111865,0 days 00:03:08.264796,0.7407180681038071,0.2284118304472575,0.4120579376102117,5.245413993140336,0.6087670929915812,98.6416708615901,0.5631021303469503,5.8774721288796,0.08173395261699556,0.03038027549946027,4.343429493003475e-06,1.2267307691914986,188.26466276217252,29,COMPLETE
4525,,,2026-10-06 03:04:40.929145,2026-10-06 03:05:19.304668,0 days 00:00:38.375523,0.7407180681038071,0.19189790819770397,0.5667882730348237,10.877854836518644,0.33279388005294136,98.6416708615901,1.484226923085714,12.371756168223909,0.689373073748754,0.03280586071940829,4.343429493003475e-06,1.1540267369865085,,29,PRUNED
4526,,,2026-10-06 03:04:41.703129,2026-10-06 03:04:42.371045,0 days 00:00:00.667916,0.51115025563667,0.48628333026250986,0.807738690329122,12.214752017762354,1.4170661830643199,98.6416708615901,1.484226923085714,10.216819698487967,0.08173395261699556,0.03038027549946027,,0.23886283196880004,,29,PRUNED
4527,28.028850308653553,9.548618677457032,2026-10-06 03:04:42.527994,2026-10-06 03:07:56.152859,0 days 00:03:13.624865,0.7123418565646167,0.3710922296723819,0.3095699025450674,49.42011127159109,0.6087670929915812,98.6416708615901,0.7297455375332902,35.86671955459044,0.08173395261699556,0.03038027549946027,2.6218434907532976e-05,0.3087654291085318,193.62473865784705,29,COMPLETE
4528,23.48746836618776,31.197345110894393,2026-10-06 03:04:42.603144,2026-10-06 03:07:56.023536,0 days 00:03:13.420392,0.51115025563667,0.2284118304472575,0.807738690329122,12.214752017762354,0.33279388005294136,98.6416708615901,0.7638461919908635,41.66154811682372,0.08173395261699556,0.024099244621516126,4.343429493003475e-06,0.23886283196880004,193.42029113229364,29,COMPLETE
4529,24.78972669372822,28.94322220760226,2026-10-06 03:04:43.187984,2026-10-06 03:07:57.476063,0 days 00:03:14.288079,0.51115025563667,0.07861675458476158,0.807738690329122,21.183844928151355,0.2395452449940939,98.6416708615901,0.396687138771568,45.6508402201298,0.3787184497362417,0.03038027549946027,4.343429493003475e-06,0.7699502779177346,194.28795806039125,29,COMPLETE
4530,40.92274782913601,10.0061007116247,2026-10-06 03:04:44.117149,2026-10-06 03:07:59.212234,0 days 00:03:15.095085,0.8680050140704405,0.2284118304472575,0.4120579376102117,5.245413993140336,0.33279388005294136,94.61146042672904,0.5631021303469503,35.86671955459044,0.4212595585654096,0.03038027549946027,4.343429493003475e-06,1.2267307691914986,195.09496219363064,29,COMPLETE
4531,,,2026-10-06 03:04:45.495571,2026-10-06 03:04:46.597050,0 days 00:00:01.101479,0.51115025563667,0.2965654106455736,0.4120579376102117,5.245413993140336,0.33279388005294136,94.61146042672904,1.484226923085714,19.15408445903519,0.3054149949472662,0.00127001034415927,,0.23886283196880004,,29,PRUNED
4532,,,2026-10-06 03:04:47.668999,2026-10-06 03:05:27.463051,0 days 00:00:39.794052,0.51115025563667,0.19189790819770397,0.5667882730348237,5.245413993140336,0.6087670929915812,98.6416708615901,1.080654620868664,12.371756168223909,0.2975664073833317,0.021966873773064614,4.343429493003475e-06,1.3890637168667692,,29,PRUNED
4533,28.561815881303488,22.273071305015645,2026-10-06 03:04:47.702001,2026-10-06 03:07:58.940020,0 days 00:03:11.238019,0.51115025563667,0.2284118304472575,0.5667882730348237,5.231219697441336,0.33279388005294136,85.69762729633804,0.17463631568925087,41.66154811682372,0.08173395261699556,0.024099244621516126,4.343429493003475e-06,0.6158635932707646,191.23790785577148,29,COMPLETE
4534,,,2026-10-06 03:05:13.735033,2026-10-06 03:07:12.055445,0 days 00:01:58.320412,0.4663656325329066,0.07861675458476158,0.5926143650576037,11.991629079089469,0.33279388005294136,94.61146042672904,1.2898828018697517,45.6508402201298,0.007925456797868324,0.03038027549946027,4.343429493003475e-06,1.2974912099205862,,29,PRUNED
4535,,,2026-10-06 03:05:17.862000,2026-10-06 03:05:59.010073,0 days 00:00:41.148073,0.51115025563667,0.21606902729252941,0.807738690329122,21.183844928151355,0.2395452449940939,98.6416708615901,0.396687138771568,45.6508402201298,0.6883225104579964,0.03038027549946027,2.267358369341208e-06,0.8013543053236383,,29,PRUNED
4536,52.882822875230616,2.0789031969712153,2026-10-06 03:05:18.176021,2026-10-06 03:08:28.284429,0 days 00:03:10.108408,0.8010869639365119,0.7186098618255685,0.2345370319995722,5.245413993140336,0.33279388005294136,94.61146042672904,1.2898828018697517,7.242018006177657,0.28988344429582863,0.03038027549946027,4.343429493003475e-06,1.3890637168667692,190.10827756579965,29,COMPLETE
4537,34.92367675283058,15.740438998004091,2026-10-06 03:05:19.572002,2026-10-06 03:08:36.799744,0 days 00:03:17.227742,0.7123418565646167,0.19189790819770397,0.5667882730348237,5.245413993140336,0.6087670929915812,94.61146042672904,0.7297455375332902,41.66154811682372,0.08173395261699556,0.03038027549946027,2.1038771230648366e-06,1.1540267369865085,197.22760892100632,29,COMPLETE
4538,,,2026-10-06 03:05:20.017450,2026-10-06 03:05:20.489540,0 days 00:00:00.472090,0.6775759777641851,0.8082311143997607,0.5667882730348237,8.609911052809215,0.33279388005294136,98.6416708615901,1.4690823188003486,41.66154811682372,0.2975664073833317,0.03038027549946027,,1.1540267369865085,,29,PRUNED
