number,values_0,values_1,datetime_start,datetime_complete,duration,params_between_rest_spread,params_c_spread,params_c_val,params_input_force,params_k_between_spread,params_k_between_val,params_k_wall_spread,params_k_wall_val,params_m_spread,params_m_val,params_ridge_alpha,params_wall_rest_spread,user_attrs_duration_sec,system_attrs_NSGAIISampler:generation,state
867,13.508943574951498,7.424179197541687,2026-10-06 00:42:55.444001,2026-10-06 00:46:06.982814,0 days 00:03:11.538813,1.3426389093843176,0.4542271345365055,0.4120579376102117,12.404456665881645,0.2395452449940939,2.9667093425059705,0.06389754300029743,14.182822102930093,0.08173395261699556,0.024099244621516126,0.0006185581455600675,0.7296704665126732,191.53872289601713,4,COMPLETE
868,38.62706613785868,1.233707349101869,2026-10-06 00:42:55.813168,2026-10-06 00:46:06.619590,0 days 00:03:10.806422,0.6672137354754455,0.1544379750618336,0.03240094579624807,4.264385735936695,0.4424930116262647,49.7837090928796,1.1068767969628939,2.688509826508115,0.0236399030193733,0.026718092033143594,3.7310590236616203,0.17248374444296138,190.80632698815316,4,COMPLETE
869,,,2026-10-06 00:42:55.816980,2026-10-06 00:42:56.507428,0 days 00:00:00.690448,0.8861887783233188,0.26436360806232834,0.11369858697944095,21.183844928151355,1.35460707310614,25.088361291801984,0.4740161859265573,2.072575382240667,0.04206136129933902,0.0033518106741836744,,1.3635581381619835,,4,PRUNED
870,11.269025446128571,3.3358953881221605,2026-10-06 00:42:56.961607,2026-10-06 00:46:06.866894,0 days 00:03:09.905287,0.2994157425323484,0.5088079218375162,0.11720021795877078,21.183844928151355,1.0774031071944332,2.9615022659031585,0.6190885998388953,2.0330101929189524,0.46962213455178087,0.007361010447850752,0.0004693315590468239,0.7296704665126732,189.90523961931467,4,COMPLETE
871,,,2026-10-06 00:42:57.052983,2026-10-06 00:42:57.299954,0 days 00:00:00.246971,0.7535562568504046,0.5088079218375162,0.436229667168193,5.245413993140336,1.0774031071944332,2.9615022659031585,0.6190885998388953,2.0330101929189524,0.7685554742107898,0.007361010447850752,,0.6004925208325128,,4,PRUNED
872,17.115899131356958,3.5718159096629587,2026-10-06 00:42:57.486984,2026-10-06 00:46:07.082745,0 days 00:03:09.595761,0.8861887783233188,0.26436360806232834,0.20358075665942357,19.522781869107995,1.4257271037095816,2.271841960313255,0.4740161859265573,11.86468393276075,0.742842471971084,0.029771009616437947,0.00035847695891217697,0.7296704665126732,189.5956676006317,4,COMPLETE
873,21.881849095413365,1.342313564583821,2026-10-06 00:42:57.518988,2026-10-06 00:46:06.294689,0 days 00:03:08.775701,0.6672137354754455,0.4835105352725577,0.4120579376102117,4.264385735936695,0.3201011955575039,49.7837090928796,1.1068767969628939,2.688509826508115,0.0236399030193733,0.026718092033143594,3.7310590236616203,0.2678812614884665,188.77561064157635,4,COMPLETE
874,38.14938285328244,2.0514548528483734,2026-10-06 00:43:12.742990,2026-10-06 00:46:22.574999,0 days 00:03:09.832009,0.8010869639365119,0.3233389271032242,0.5799701872746303,4.264385735936695,1.0126342536422681,85.69762729633804,0.7964747556623476,23.475624031055144,0.2975664073833317,0.09765004764801033,0.00014447613183128302,1.3635581381619835,189.83190565928817,4,COMPLETE
875,13.382253657857888,1.4489036594488414,2026-10-06 00:43:17.963005,2026-10-06 00:46:31.055703,0 days 00:03:13.092698,0.2994157425323484,0.011151379315492593,0.3042089878823274,15.290374797767692,0.6046626808156426,2.1048794976754106,0.20357229172011587,1.1282993084044803,1.0749850412981183,0.09765004764801033,0.0004693315590468239,1.1888155686802921,193.09260651282966,4,COMPLETE
876,14.557146416806443,1.173352963517741,2026-10-06 00:43:23.730992,2026-10-06 00:46:35.474837,0 days 00:03:11.743845,0.7535562568504046,0.07170570951995708,0.06022460482083565,18.489161893608337,1.0774031071944332,2.9615022659031585,1.393487336652699,2.0330101929189524,0.194083030357998,0.024099244621516126,0.004475392410627206,1.0126525888912754,191.7437458075583,4,COMPLETE
877,36.36740892911784,1.266376112063028,2026-10-06 00:43:24.777002,2026-10-06 00:46:35.449410,0 days 00:03:10.672408,0.447684485641811,0.8304682506740793,0.34699519698385084,18.386910920395536,0.05714116461716917,85.69762729633804,1.191277759964359,5.8774721288796,0.6979007106917119,0.09765004764801033,2.9442330109354824,1.1540267369865085,190.6723056603223,4,COMPLETE
878,36.46587492235635,1.2967316918692022,2026-10-06 00:43:24.899339,2026-10-06 00:46:35.032512,0 days 00:03:10.133173,0.2994157425323484,1.0562250660985053,0.11369858697944095,11.991629079089469,0.6046626808156426,85.69762729633804,0.5374406135088594,16.362643426754982,0.742842471971084,0.09765004764801033,0.0004693315590468239,0.7296704665126732,190.13307567778975,4,COMPLETE
879,18.024800654440803,6.982276833734864,2026-10-06 00:43:30.239183,2026-10-06 00:46:45.524979,0 days 00:03:15.285796,0.7737222815132565,0.5608376222859704,0.09005234812447538,5.245413993140336,0.733790835647756,2.9615022659031585,0.19809840133758488,4.314853216716561,0.17672380622360612,0.007361010447850752,1.9958034707972923e-06,0.5142999062500755,195.28570822253823,4,COMPLETE
880,,,2026-10-06 00:43:30.241556,2026-10-06 00:43:31.502032,0 days 00:00:01.260476,0.7737222815132565,0.5608376222859704,0.587377575500352,12.404456665881645,0.6688626104060442,2.9667093425059705,0.06389754300029743,10.195345414647532,0.5860574191614696,0.006074688503901476,,1.1888155686802921,,4,PRUNED
881,17.17171797605918,1.2839978294237286,2026-10-06 00:43:30.244448,2026-10-06 00:46:47.849321,0 days 00:03:17.604873,0.447684485641811,1.2031676389138661,0.11720021795877078,41.645467536664455,0.6454873286650737,25.80523397269796,0.12486747625813921,5.8774721288796,0.6612894906970102,0.037495759622009746,0.00014447613183128302,1.3458907086260936,197.60477037355304,4,COMPLETE
882,18.937330650055376,1.2168370996402156,2026-10-06 00:43:30.246415,2026-10-06 00:46:40.410083,0 days 00:03:10.163668,0.7737222815132565,0.5608376222859704,0.09005234812447538,25.618205210843083,1.0774031071944332,25.088361291801984,0.9990601517843144,5.299460499774038,0.5860574191614696,0.07297012210736925,0.004475392410627206,0.6763531641189404,190.16356710065156,4,COMPLETE
883,20.535754548267636,9.765870241929214,2026-10-06 00:43:30.248361,2026-10-06 00:46:42.009894,0 days 00:03:11.761533,0.7535562568504046,0.4774636695198178,0.18268747908623606,5.245413993140336,1.0774031071944332,6.3983390904701665,0.6190885998388953,2.0330101929189524,0.26083598793965107,0.007361010447850752,0.004475392410627206,0.6004925208325128,191.76144771371037,4,COMPLETE
884,20.96271615431374,5.762861738052358,2026-10-06 00:43:30.873734,2026-10-06 00:46:44.744140,0 days 00:03:13.870406,0.51115025563667,0.8661787220393558,0.5667882730348237,16.18523914545625,1.35460707310614,11.647781097448451,0.6419517764288287,23.475624031055144,0.4212595585654096,0.03280586071940829,0.004475392410627206,0.6069618734849955,193.87031479459256,4,COMPLETE
885,17.12198467678442,5.729452434176419,2026-10-06 00:43:32.287212,2026-10-06 00:46:42.893534,0 days 00:03:10.606322,0.19630735827449874,0.2965654106455736,0.6443949852851695,16.714123483725462,1.2957825863457457,1.2305092695987363,0.21292518523710352,38.342083961233584,0.7360596685479106,0.04307095774988902,0.0006185581455600675,1.0281652581298224,190.60622476227582,4,COMPLETE
886,,,2026-10-06 00:43:32.290971,2026-10-06 00:44:12.886038,0 days 00:00:40.595067,0.7737222815132565,0.15649587760248423,0.06022460482083565,17.553296709297783,0.2395452449940939,98.6416708615901,1.3355598077240103,14.182822102930093,0.6168387269531914,0.029771009616437947,2.1038771230648366e-06,0.3774425100940153,,4,PRUNED
887,10.016271711992168,1.2575689085602537,2026-10-06 00:43:32.294966,2026-10-06 00:46:45.373712,0 days 00:03:13.078746,0.447684485641811,0.5088079218375162,0.11720021795877078,41.645467536664455,1.0774031071944332,3.9357948336652977,1.4594405107884705,4.314853216716561,0.17672380622360612,0.037495759622009746,0.00014447613183128302,0.5142999062500755,193.0786601593718,4,COMPLETE
888,30.826845078773022,2.9987014073332867,2026-10-06 00:43:32.298975,2026-10-06 00:46:47.394081,0 days 00:03:15.095106,1.3099106311404314,0.4500057657713351,0.2297655624989891,8.794323001260684,0.29675499538560296,28.285734118696016,0.6165960852108494,1.6947971224041727,0.05609924456069537,0.022132402954529992,0.008731925786982824,0.9092751429584793,195.09501152019948,4,COMPLETE
889,35.613114565530665,4.539760008862616,2026-10-06 00:43:32.360016,2026-10-06 00:46:44.535001,0 days 00:03:12.174985,0.51115025563667,0.4835105352725577,0.807738690329122,17.553296709297783,0.6688626104060442,85.69762729633804,0.19809840133758488,7.9874857515804925,0.5860574191614696,0.09765004764801033,3.680314106392975e-06,0.2678812614884665,192.17489158455282,4,COMPLETE
890,,,2026-10-06 00:43:32.468997,2026-10-06 00:43:32.777989,0 days 00:00:00.308992,0.7535562568504046,0.3731992973752525,0.09005234812447538,5.245413993140336,1.0774031071944332,94.61146042672904,0.6190885998388953,1.2001363989388558,1.0480959825760754,0.03038027549946027,,0.6004925208325128,,4,PRUNED
891,,,2026-10-06 00:43:32.615008,2026-10-06 00:44:09.566055,0 days 00:00:36.951047,0.8861887783233188,0.26436360806232834,0.4120579376102117,16.606931230784816,0.3201011955575039,85.69762729633804,0.14580285510525814,2.072575382240667,1.0536738369046372,0.06668334722343025,2.1038771230648366e-06,0.7296704665126732,,4,PRUNED
892,30.746005861132687,2.924699682585252,2026-10-06 00:43:32.885992,2026-10-06 00:46:45.368773,0 days 00:03:12.482781,0.8010869639365119,0.3233389271032242,0.5799701872746303,10.877854836518644,0.2395452449940939,85.69762729633804,0.21292518523710352,1.2001363989388558,0.2975664073833317,0.024099244621516126,0.0006185581455600675,0.2678812614884665,192.48267908673733,4,COMPLETE
893,35.88683291142748,7.632478134605656,2026-10-06 00:43:33.005233,2026-10-06 00:46:49.111480,0 days 00:03:16.106247,0.4428292606447327,0.527164092890509,0.2297655624989891,18.677678184085455,0.2395452449940939,98.6416708615901,1.394035285276604,14.182822102930093,0.05609924456069537,0.024099244621516126,0.0006185581455600675,0.3066293241794842,196.1061389176175,4,COMPLETE
894,16.19257205829602,1.712879899982926,2026-10-06 00:43:34.464155,2026-10-06 00:46:49.404679,0 days 00:03:14.940524,0.9323049410555256,0.5088079218375162,0.09005234812447538,11.910918541531306,0.5855379267962546,2.1048794976754106,0.4740161859265573,1.1282993084044803,1.0749850412981183,0.02749864300312601,3.736607894112202e-06,1.1888155686802921,194.94044131413102,4,COMPLETE
895,39.424935094212586,1.8179587929919538,2026-10-06 00:43:35.156159,2026-10-06 00:46:46.975751,0 days 00:03:11.819592,1.3426389093843176,0.7503663025514731,0.5799701872746303,11.991629079089469,0.6046626808156426,85.69762729633804,0.9356883984494996,10.195345414647532,0.007925456797868324,0.09765004764801033,0.004475392410627206,0.36787272129501775,191.81948818266392,4,COMPLETE
896,24.06164172644852,1.218174796673404,2026-10-06 00:43:35.516993,2026-10-06 00:46:47.073019,0 days 00:03:11.556026,0.4428292606447327,0.4835105352725577,0.06022460482083565,4.170042238262035,0.29675499538560296,28.285734118696016,1.1005495658702966,14.182822102930093,0.194083030357998,0.0738912866995567,0.0006185581455600675,0.2678812614884665,191.55593706015497,4,COMPLETE
897,41.177729580658294,1.3175386205771764,2026-10-06 00:43:38.052989,2026-10-06 00:46:49.609338,0 days 00:03:11.556349,0.19630735827449874,0.3233389271032242,0.5799701872746303,18.489161893608337,0.6454873286650737,98.6416708615901,0.7964747556623476,1.2001363989388558,0.2975664073833317,0.09765004764801033,0.0006185581455600675,0.2678812614884665,191.55625029094517,4,COMPLETE
898,12.782962615194213,1.2209682671156508,2026-10-06 00:44:07.155993,2026-10-06 00:47:20.046282,0 days 00:03:12.890289,0.9323049410555256,0.011151379315492593,0.041545383384402675,9.868280842937416,0.5855379267962546,2.9667093425059705,0.06389754300029743,5.299460499774038,0.4212595585654096,0.02749864300312601,0.004475392410627206,0.21347726672360295,192.89019347541034,4,COMPLETE
899,17.472480394044844,1.4545775854698393,2026-10-06 00:44:07.211271,2026-10-06 00:47:17.669559,0 days 00:03:10.458288,1.350503098526395,0.4835105352725577,0.20358075665942357,8.556213008137046,0.3201011955575039,7.596863112772716,0.21292518523710352,11.86468393276075,0.6168387269531914,0.09765004764801033,9.389021170401149,0.2678812614884665,190.45818519126624,4,COMPLETE
900,,,2026-10-06 00:44:07.992148,2026-10-06 00:44:46.967572,0 days 00:00:38.975424,0.4919537458910443,0.3731992973752525,0.1347521461063753,8.695206399809345,1.2694728319708624,25.088361291801984,0.7964747556623476,1.2001363989388558,0.742842471971084,0.03038027549946027,2.1038771230648366e-06,0.7296704665126732,,4,PRUNED
901,,,2026-10-06 00:44:08.583997,2026-10-06 00:44:09.186352,0 days 00:00:00.602355,0.447684485641811,1.4934033331848096,0.11720021795877078,41.645467536664455,0.17665571526270746,5.06136749552128,0.6190885998388953,5.8774721288796,0.26083598793965107,0.007361010447850752,,0.6004925208325128,,4,PRUNED
902,8.047336846679187,6.68888719486738,2026-10-06 00:44:09.112043,2026-10-06 00:47:19.870231,0 days 00:03:10.758188,1.3426389093843176,0.24837341587000777,0.2297655624989891,18.677678184085455,0.028467417681234675,2.9667093425059705,0.06389754300029743,2.029882838261563,0.05609924456069537,0.006074688503901476,21.73322876383156,0.7296704665126732,190.7580828713253,4,COMPLETE
903,28.253570586591042,2.0783748315674195,2026-10-06 00:44:09.294995,2026-10-06 00:47:21.444907,0 days 00:03:12.149912,0.447684485641811,0.3233389271032242,0.11720021795877078,17.597634687112716,0.6454873286650737,9.235458204740613,0.6419517764288287,23.475624031055144,0.6612894906970102,0.037495759622009746,1.7201014311893553e-06,1.3458907086260936,192.14981519430876,4,COMPLETE
904,19.634526249864983,1.2050028137474038,2026-10-06 00:44:10.181404,2026-10-06 00:47:24.489006,0 days 00:03:14.307602,0.8861887783233188,0.3233389271032242,0.11720021795877078,41.645467536664455,0.6454873286650737,3.9357948336652977,0.12486747625813921,86.57068482598544,0.6612894906970102,0.09765004764801033,9.389021170401149,1.3458907086260936,194.30751660559326,4,COMPLETE
905,19.208620378243914,1.9429521472967812,2026-10-06 00:44:10.185000,2026-10-06 00:47:21.516644,0 days 00:03:11.331644,0.6672137354754455,0.5088079218375162,0.09005234812447538,5.245413993140336,1.0774031071944332,2.9615022659031585,1.1068767969628939,2.0330101929189524,0.7685554742107898,0.026718092033143594,0.004475392410627206,0.17248374444296138,191.33155902847648,4,COMPLETE
906,31.87996041088561,1.2610849721385815,2026-10-06 00:44:10.188982,2026-10-06 00:47:25.124812,0 days 00:03:14.935830,0.2994157425323484,0.5088079218375162,0.09005234812447538,15.131455528370719,0.631975484387248,16.211255471509773,0.4740161859265573,1.1282993084044803,1.1791218744906238,0.06668334722343025,1.1762488306807034e-06,0.9999124754551185,194.93573649600148,4,COMPLETE
907,10.89206101415707,1.1911134254183853,2026-10-06 00:44:11.107988,2026-10-06 00:47:21.606178,0 days 00:03:10.498190,0.7737222815132565,0.15649587760248423,0.06022460482083565,17.553296709297783,0.2395452449940939,2.5633505890786648,0.6419517764288287,23.475624031055144,0.194083030357998,0.07297012210736925,2.1038771230648366e-06,0.6069618734849955,190.49808850884438,4,COMPLETE
908,24.20352140735161,1.25411003618694,2026-10-06 00:44:11.845985,2026-10-06 00:47:23.580826,0 days 00:03:11.734841,0.8861887783233188,0.4835105352725577,0.4120579376102117,16.606931230784816,0.6688626104060442,25.088361291801984,0.19809840133758488,2.029882838261563,0.5860574191614696,0.09765004764801033,9.389021170401149,0.2678812614884665,191.7347376346588,4,COMPLETE
909,19.2728255884912,2.3074301790428704,2026-10-06 00:44:12.902993,2026-10-06 00:47:24.862660,0 days 00:03:11.959667,0.6690696741642126,0.4774636695198178,0.11720021795877078,15.131455528370719,0.05714116461716917,6.3983390904701665,0.38106229976815414,5.8774721288796,0.7456451850493864,0.037495759622009746,0.00014447613183128302,0.6004925208325128,191.95957571361214,4,COMPLETE
910,23.28489950429663,1.2389892040214825,2026-10-06 00:44:14.583996,2026-10-06 00:47:23.182247,0 days 00:03:08.598251,0.4428292606447327,0.5608376222859704,0.10968347377121004,25.618205210843083,0.17665571526270746,25.088361291801984,0.6353753242851136,10.558356341448922,0.4212595585654096,0.07297012210736925,0.1779362878501945,1.1293394796886886,188.5981624322012,4,COMPLETE
911,32.79258546238121,2.2163621739233133,2026-10-06 00:44:15.114982,2026-10-06 00:47:26.326792,0 days 00:03:11.211810,0.11821370734476372,0.1635601287139935,0.11720021795877078,5.814557047239577,0.05714116461716917,16.211255471509773,0.4740161859265573,5.8774721288796,0.6612894906970102,0.037495759622009746,1.1762488306807034e-06,1.3458907086260936,191.21170851308852,4,COMPLETE
912,8.368327581177882,11.286020252914666,2026-10-06 00:44:16.233408,2026-10-06 00:47:22.278846,0 days 00:03:06.045438,1.3426389093843176,0.24837341587000777,0.587377575500352,29.645098450878816,0.8641627247678014,2.9667093425059705,0.06389754300029743,10.195345414647532,0.4212595585654096,0.006074688503901476,0.03673941552765711,0.21347726672360295,186.04534699581563,4,COMPLETE
913,24.96615597959408,3.5703295816314986,2026-10-06 00:44:40.330016,2026-10-06 00:47:57.307146,0 days 00:03:16.977130,1.0457736346746487,0.3731992973752525,0.4120579376102117,15.131455528370719,1.0537731498929066,26.22079615322774,0.21292518523710352,1.3290341234086505,0.30484748822183677,0.024099244621516126,0.004475392410627206,0.6004925208325128,196.97702212445438,4,COMPLETE
914,28.345765456931485,2.588297268035061,2026-10-06 00:44:41.624045,2026-10-06 00:47:57.521612,0 days 00:03:15.897567,0.4428292606447327,0.2284118304472575,0.2297655624989891,5.814557047239577,0.17665571526270746,21.945340706162504,0.6165960852108494,2.9177508597205857,0.7685554742107898,0.03280586071940829,0.1779362878501945,0.7296704665126732,195.89746923744678,4,COMPLETE
915,,,2026-10-06 00:44:46.408024,2026-10-06 00:47:22.998030,0 days 00:02:36.590006,1.3426389093843176,0.24837341587000777,0.587377575500352,11.910918541531306,0.5855379267962546,2.9667093425059705,0.20357229172011587,5.299460499774038,1.0749850412981183,0.02749864300312601,3.736607894112202e-06,0.21347726672360295,,4,PRUNED
916,16.11762888915097,8.770641297366433,2026-10-06 00:44:47.548157,2026-10-06 00:48:00.066384,0 days 00:03:12.518227,0.19630735827449874,0.2284118304472575,0.4120579376102117,18.489161893608337,0.2395452449940939,19.107611963924317,0.21292518523710352,6.744516613319136,0.08173395261699556,0.024099244621516126,0.0006185581455600675,0.7296704665126732,192.5181307438761,4,COMPLETE
917,30.849277007307695,1.3149188354742312,2026-10-06 00:44:50.783983,2026-10-06 00:48:03.352765,0 days 00:03:12.568782,0.8861887783233188,0.2284118304472575,0.11369858697944095,18.677678184085455,0.17665571526270746,25.088361291801984,0.4740161859265573,2.072575382240667,0.742842471971084,0.06668334722343025,2.1038771230648366e-06,0.7296704665126732,192.56867933180183,4,COMPLETE
918,33.14293097495856,1.2702334804703692,2026-10-06 00:44:54.756003,2026-10-06 00:48:04.750851,0 days 00:03:09.994848,0.19630735827449874,0.527164092890509,0.06022460482083565,4.264385735936695,0.2395452449940939,49.7837090928796,1.394035285276604,14.182822102930093,0.194083030357998,0.03038027549946027,3.7310590236616203,0.3066293241794842,189.99474421981722,4,COMPLETE
919,26.264371068565367,1.8185727596245738,2026-10-06 00:45:12.145010,2026-10-06 00:48:31.031983,0 days 00:03:18.886973,1.1917921473199087,0.2284118304472575,0.10626861340244535,18.677678184085455,1.4587170185674183,9.235458204740613,1.2525598109690297,23.475624031055144,0.573538310576864,0.03280586071940829,1.7201014311893553e-06,1.4242474729910322,198.8868673061952,4,COMPLETE
920,19.699907984918102,3.5192700076902437,2026-10-06 00:45:28.785138,2026-10-06 00:48:39.084547,0 days 00:03:10.299409,0.3834721347353825,0.527164092890509,0.6443949852851695,18.489161893608337,1.2957825863457457,1.2305092695987363,1.2077802550009549,14.182822102930093,0.7360596685479106,0.04307095774988902,0.0006185581455600675,0.9700723102512465,190.29931463114917,4,COMPLETE
921,20.9243264380751,1.6939088771300252,2026-10-06 00:45:31.279239,2026-10-06 00:48:39.303457,0 days 00:03:08.024218,0.447684485641811,0.3233389271032242,0.11720021795877078,41.645467536664455,0.6454873286650737,28.285734118696016,0.12486747625813921,10.195345414647532,0.4212595585654096,0.03280586071940829,0.1779362878501945,0.7296704665126732,188.02412424609065,4,COMPLETE
922,34.566627057779314,1.2963861200482008,2026-10-06 00:45:55.001342,2026-10-06 00:49:12.831532,0 days 00:03:17.830190,0.4428292606447327,0.4835105352725577,0.2297655624989891,11.991629079089469,0.6046626808156426,28.285734118696016,0.9356883984494996,1.2001363989388558,0.2975664073833317,0.06572536256315432,0.0004693315590468239,1.4891500624393408,197.83009602781385,4,COMPLETE
923,17.768226987059364,1.2586613363554018,2026-10-06 00:45:56.614005,2026-10-06 00:49:12.723825,0 days 00:03:16.109820,0.6672137354754455,0.5088079218375162,0.03240094579624807,5.814557047239577,0.631975484387248,16.211255471509773,1.1068767969628939,2.688509826508115,0.0236399030193733,0.06668334722343025,1.1762488306807034e-06,0.12304193451880518,196.10973003972322,4,COMPLETE
924,34.772953640184866,1.543131979119566,2026-10-06 00:45:58.150000,2026-10-06 00:49:15.380858,0 days 00:03:17.230858,0.2994157425323484,0.5088079218375162,0.1347521461063753,8.695206399809345,0.3201011955575039,94.61146042672904,0.6190885998388953,31.112198270786564,0.2975664073833317,0.03038027549946027,2.9442330109354824,0.6004925208325128,197.2307411916554,4,COMPLETE
