number,values_0,values_1,datetime_start,datetime_complete,duration,params_between_rest_spread,params_c_spread,params_c_val,params_input_force,params_k_between_spread,params_k_between_val,params_k_wall_spread,params_k_wall_val,params_m_spread,params_m_val,params_ridge_alpha,params_wall_rest_spread,user_attrs_duration_sec,system_attrs_NSGAIISampler:generation,state
4895,24.408162247897884,27.273959958580683,2026-10-06 03:18:17.750996,2026-10-06 03:21:27.455292,0 days 00:03:09.704296,0.4252004180159871,0.07861675458476158,0.807738690329122,21.183844928151355,0.2395452449940939,98.6416708615901,0.396687138771568,45.6508402201298,0.3787184497362417,0.03038027549946027,2.267358369341208e-06,0.7699502779177346,189.7041999772191,31,COMPLETE
4896,,,2026-10-06 03:18:42.256042,2026-10-06 03:18:43.230108,0 days 00:00:00.974066,0.8010869639365119,0.8717951055729352,0.5667882730348237,5.245413993140336,0.33279388005294136,98.6416708615901,1.484226923085714,5.8774721288796,1.3891995387782416,0.03038027549946027,,1.1540267369865085,,31,PRUNED
4897,42.14747601545283,9.577708164694538,2026-10-06 03:18:43.503487,2026-10-06 03:21:53.822090,0 days 00:03:10.318603,1.1546551456676255,0.8717951055729352,0.5667882730348237,11.991629079089469,0.33279388005294136,98.6416708615901,1.484226923085714,19.15408445903519,0.3676044917349766,0.03038027549946027,4.343429493003475e-06,1.2974912099205862,190.31846789550036,31,COMPLETE
4898,34.891564910337365,12.573064021934153,2026-10-06 03:18:46.628006,2026-10-06 03:22:02.879718,0 days 00:03:16.251712,0.7407180681038071,0.19189790819770397,0.5926143650576037,5.245413993140336,0.2395452449940939,85.69762729633804,1.080654620868664,19.15408445903519,0.4212595585654096,0.03038027549946027,4.343429493003475e-06,1.1540267369865085,196.2515740841627,31,COMPLETE
4899,,,2026-10-06 03:18:47.946997,2026-10-06 03:19:28.649929,0 days 00:00:40.702932,0.6775759777641851,0.2284118304472575,0.5667882730348237,10.877854836518644,0.6292079314373586,98.6416708615901,1.4690823188003486,23.475624031055144,0.2975664073833317,0.024099244621516126,4.343429493003475e-06,1.1540267369865085,,31,PRUNED
4900,,,2026-10-06 03:18:49.433997,2026-10-06 03:18:50.606059,0 days 00:00:01.172062,0.8010869639365119,1.089524163187234,0.5926143650576037,10.877854836518644,0.33279388005294136,98.6416708615901,1.2898828018697517,5.8774721288796,0.4212595585654096,0.03280586071940829,,1.1540267369865085,,31,PRUNED
4901,44.24762861888818,6.5871649066000915,2026-10-06 03:18:49.727996,2026-10-06 03:22:01.770658,0 days 00:03:12.042662,1.1546551456676255,0.8717951055729352,0.5667882730348237,11.991629079089469,0.33279388005294136,98.6416708615901,1.484226923085714,5.8774721288796,0.3676044917349766,0.03038027549946027,4.343429493003475e-06,1.2974912099205862,192.04254223871976,31,COMPLETE
4902,27.273781260990443,10.215992321688455,2026-10-06 03:18:49.851997,2026-10-06 03:22:06.934225,0 days 00:03:17.082228,0.8010869639365119,0.19189790819770397,0.5926143650576037,5.245413993140336,0.9417528958240553,24.872053883151846,1.080654620868664,5.8774721288796,0.4212595585654096,0.03038027549946027,2.1038771230648366e-06,1.1540267369865085,197.08209927380085,31,COMPLETE
4903,39.0784225482256,6.322100622806556,2026-10-06 03:18:50.249448,2026-10-06 03:22:00.248382,0 days 00:03:09.998934,0.7407180681038071,0.2965654106455736,0.4120579376102117,5.245413993140336,0.33279388005294136,98.6416708615901,1.484226923085714,19.15408445903519,0.15450841561573675,0.03038027549946027,2.1038771230648366e-06,1.3588111603969844,189.99881071504205,31,COMPLETE
4904,32.818418096850316,18.748489064132965,2026-10-06 03:18:50.520999,2026-10-06 03:21:58.396879,0 days 00:03:07.875880,0.51115025563667,0.2284118304472575,0.5667882730348237,11.991629079089469,0.3519093950798047,85.69762729633804,1.080654620868664,41.66154811682372,0.3054149949472662,0.03038027549946027,4.343429493003475e-06,1.2974912099205862,187.87574580777436,31,COMPLETE
4905,23.371357465937127,6.649522471897804,2026-10-06 03:18:50.536973,2026-10-06 03:22:03.313118,0 days 00:03:12.776145,0.32522926579248107,0.2965654106455736,0.5667882730348237,10.877854836518644,0.33279388005294136,1.692557804261227,1.484226923085714,35.86671955459044,0.4212595585654096,0.03280586071940829,2.1038771230648366e-06,1.1540267369865085,192.77601414266974,31,COMPLETE
4906,40.8818974526569,9.029637445855867,2026-10-06 03:18:50.689005,2026-10-06 03:22:01.586614,0 days 00:03:10.897609,0.9940508823493313,0.8717951055729352,0.5667882730348237,11.991629079089469,0.2395452449940939,98.6416708615901,0.8036944731618473,5.8774721288796,0.007925456797868324,0.03038027549946027,4.343429493003475e-06,1.1540267369865085,190.8974838219583,31,COMPLETE
4907,16.150481946915985,1.2537078018088232,2026-10-06 03:18:53.748995,2026-10-06 03:22:08.661434,0 days 00:03:14.912439,0.3699574778296569,0.2965654106455736,0.025064087184645922,21.183844928151355,0.6087670929915812,98.6416708615901,0.5631021303469503,45.6508402201298,0.007925456797868324,0.03038027549946027,4.343429493003475e-06,1.2974912099205862,194.91231684666127,31,COMPLETE
4908,0.09044278705340204,1.1724960622489229,2026-10-06 03:18:55.118182,2026-10-06 03:22:07.515284,0 days 00:03:12.397102,1.1546551456676255,0.2965654106455736,0.014618262641789375,11.991629079089469,0.33279388005294136,94.61146042672904,1.484226923085714,5.8774721288796,0.3936576523393438,0.03038027549946027,4.343429493003475e-06,1.0353068498328204,192.3969858046621,31,COMPLETE
4909,,,2026-10-06 03:18:55.121974,2026-10-06 03:18:55.958064,0 days 00:00:00.836090,0.51115025563667,0.4241778055109726,0.20358075665942357,5.245413993140336,0.33279388005294136,98.6416708615901,1.484226923085714,14.182822102930093,0.697934657792844,0.024099244621516126,,1.2974912099205862,,31,PRUNED
4910,,,2026-10-06 03:18:55.163976,2026-10-06 03:18:55.686091,0 days 00:00:00.522115,0.51115025563667,0.2965654106455736,0.4120579376102117,5.245413993140336,0.33279388005294136,98.6416708615901,1.484226923085714,14.182822102930093,1.4243676158555283,0.03038027549946027,,0.23886283196880004,,31,PRUNED
4911,40.563158099037366,9.868790208602922,2026-10-06 03:18:56.049150,2026-10-06 03:22:05.172790,0 days 00:03:09.123640,0.7407180681038071,0.8717951055729352,0.5667882730348237,5.245413993140336,0.33279388005294136,98.6416708615901,0.7297455375332902,23.475624031055144,0.3676044917349766,0.03038027549946027,4.343429493003475e-06,1.2974912099205862,189.1234760088846,31,COMPLETE
4912,31.066980976318604,17.457941274172377,2026-10-06 03:18:56.121982,2026-10-06 03:22:07.632627,0 days 00:03:11.510645,0.7123418565646167,0.2284118304472575,0.5926143650576037,11.991629079089469,0.33279388005294136,85.69762729633804,1.080654620868664,15.914786905060868,0.08173395261699556,0.03038027549946027,4.343429493003475e-06,0.7296704665126732,191.51053886767477,31,COMPLETE
4913,26.382017542225906,13.617290130000512,2026-10-06 03:19:17.604006,2026-10-06 03:22:26.043866,0 days 00:03:08.439860,0.8010869639365119,0.7186098618255685,0.2345370319995722,5.245413993140336,0.33279388005294136,2.501612595291102,0.6419517764288287,19.15408445903519,0.15450841561573675,0.009309062406713592,4.343429493003475e-06,1.1540267369865085,188.43973399233073,31,COMPLETE
4914,35.45413158035263,15.275496548291526,2026-10-06 03:19:23.673219,2026-10-06 03:22:36.819867,0 days 00:03:13.146648,0.34817444401752673,0.07861675458476158,0.5667882730348237,5.245413993140336,0.6087670929915812,94.61146042672904,1.080654620868664,41.66154811682372,0.08173395261699556,0.03038027549946027,2.1038771230648366e-06,1.2974912099205862,193.14651990588754,31,COMPLETE
4915,38.33533888903817,8.39232039287205,2026-10-06 03:19:24.538998,2026-10-06 03:22:37.529730,0 days 00:03:12.990732,0.51115025563667,0.19189790819770397,0.5667882730348237,10.877854836518644,0.33279388005294136,98.6416708615901,1.080654620868664,3.3946412813911016,0.2975664073833317,0.03280586071940829,4.343429493003475e-06,1.1540267369865085,192.99059050995857,31,COMPLETE
4916,38.9750306229075,12.51625019660305,2026-10-06 03:19:27.611991,2026-10-06 03:22:44.721854,0 days 00:03:17.109863,0.7407180681038071,0.8717951055729352,0.5667882730348237,11.991629079089469,0.33279388005294136,98.6416708615901,0.7297455375332902,19.15408445903519,0.3676044917349766,0.03038027549946027,4.343429493003475e-06,1.2974912099205862,197.10973448399454,31,COMPLETE
4917,,,2026-10-06 03:19:28.866012,2026-10-06 03:19:29.555221,0 days 00:00:00.689209,0.9158653711831447,0.7186098618255685,0.4120579376102117,5.245413993140336,0.6087670929915812,98.6416708615901,0.6419517764288287,5.8774721288796,0.007925456797868324,0.00200119936430449,,1.1540267369865085,,31,PRUNED
4918,,,2026-10-06 03:19:30.130163,2026-10-06 03:19:30.607081,0 days 00:00:00.476918,0.7407180681038071,0.2965654106455736,0.4120579376102117,21.183844928151355,0.2395452449940939,98.6416708615901,1.484226923085714,45.6508402201298,0.3787184497362417,0.03038027549946027,,0.7699502779177346,,31,PRUNED
4919,25.301749303174475,27.054985165926453,2026-10-06 03:19:30.133960,2026-10-06 03:22:40.454994,0 days 00:03:10.321034,0.51115025563667,0.07861675458476158,0.807738690329122,21.183844928151355,0.6087670929915812,94.61146042672904,1.080654620868664,45.6508402201298,0.007925456797868324,0.03038027549946027,2.267358369341208e-06,0.7699502779177346,190.3209172124043,31,COMPLETE
4920,40.14896857321807,1.255499404499703,2026-10-06 03:19:30.145958,2026-10-06 03:22:42.410762,0 days 00:03:12.264804,1.1546551456676255,0.2965654106455736,0.12615106220885586,5.245413993140336,0.2395452449940939,94.61146042672904,1.484226923085714,1.1445112738702679,0.3936576523393438,0.03038027549946027,0.051825032227644015,1.1540267369865085,192.2646863302216,31,COMPLETE
4921,,,2026-10-06 03:19:30.288004,2026-10-06 03:19:31.204808,0 days 00:00:00.916804,0.51115025563667,0.2284118304472575,0.5667882730348237,10.877854836518644,0.33279388005294136,85.69762729633804,1.080654620868664,35.86671955459044,0.2975664073833317,0.014753271120515206,,0.7296704665126732,,31,PRUNED
4922,,,2026-10-06 03:19:30.637148,2026-10-06 03:19:31.639063,0 days 00:00:01.001915,0.51115025563667,0.2965654106455736,0.5667882730348237,10.877854836518644,0.33279388005294136,98.6416708615901,1.484226923085714,35.86671955459044,0.3936576523393438,0.03038027549946027,,1.1540267369865085,,31,PRUNED
4923,53.430411261980524,2.530442590530468,2026-10-06 03:19:30.711979,2026-10-06 03:22:37.926690,0 days 00:03:07.214711,1.1546551456676255,0.2965654106455736,0.2345370319995722,10.877854836518644,0.33279388005294136,98.6416708615901,1.484226923085714,5.8774721288796,0.3936576523393438,0.03038027549946027,4.343429493003475e-06,1.2974912099205862,187.21457326877862,31,COMPLETE
4924,37.74272124689,10.442514167216535,2026-10-06 03:19:31.205250,2026-10-06 03:22:45.988812,0 days 00:03:14.783562,0.6027577568649578,0.3710922296723819,0.5926143650576037,10.877854836518644,0.6087670929915812,98.6416708615901,0.5631021303469503,5.8774721288796,0.08173395261699556,0.03280586071940829,4.343429493003475e-06,1.1540267369865085,194.7834468157962,31,COMPLETE
4925,0.07933673266220156,1.2663273037037241,2026-10-06 03:19:31.765005,2026-10-06 03:22:42.531949,0 days 00:03:10.766944,0.8010869639365119,0.07861675458476158,0.014362948169047308,21.183844928151355,0.6087670929915812,98.6416708615901,0.39552867473326975,35.86671955459044,0.007925456797868324,0.03038027549946027,4.343429493003475e-06,1.1540267369865085,190.76683065202087,31,COMPLETE
4926,50.47158686988231,3.1127257819108864,2026-10-06 03:19:34.562151,2026-10-06 03:22:47.243840,0 days 00:03:12.681689,0.8010869639365119,0.3158732589201179,0.2345370319995722,5.245413993140336,0.33279388005294136,98.6416708615901,1.484226923085714,19.15408445903519,0.28988344429582863,0.03038027549946027,4.343429493003475e-06,1.1540267369865085,192.68157590180635,31,COMPLETE
4927,47.82229683170175,1.8325118977708619,2026-10-06 03:19:34.577961,2026-10-06 03:22:44.415112,0 days 00:03:09.837151,0.51115025563667,0.2965654106455736,0.13547766554405577,11.991629079089469,0.33279388005294136,94.61146042672904,1.484226923085714,19.15408445903519,0.3936576523393438,0.03280586071940829,4.343429493003475e-06,1.1540267369865085,189.837023624219,31,COMPLETE
4928,46.45926114060918,6.2116033710205745,2026-10-06 03:19:36.164021,2026-10-06 03:22:45.338198,0 days 00:03:09.174177,1.1546551456676255,0.2965654106455736,0.4120579376102117,11.991629079089469,0.33279388005294136,98.6416708615901,1.484226923085714,5.8774721288796,0.4212595585654096,0.03280586071940829,4.343429493003475e-06,1.1540267369865085,189.17404600046575,31,COMPLETE
4929,27.947502895944247,24.723742459300926,2026-10-06 03:19:37.360001,2026-10-06 03:22:45.893855,0 days 00:03:08.533854,0.51115025563667,0.2284118304472575,0.5667882730348237,11.991629079089469,0.33279388005294136,85.69762729633804,1.080654620868664,41.66154811682372,0.14914544706586802,0.024099244621516126,4.343429493003475e-06,0.7296704665126732,188.53372509684414,31,COMPLETE
4930,,,2026-10-06 03:19:51.598003,2026-10-06 03:20:30.457144,0 days 00:00:38.859141,0.7407180681038071,0.8717951055729352,0.3720756241905189,5.245413993140336,0.6087670929915812,94.61146042672904,1.484226923085714,1.4056083189495427,0.3054149949472662,0.024099244621516126,4.343429493003475e-06,1.2267307691914986,,31,PRUNED
4931,33.83875778748532,17.174416768563304,2026-10-06 03:19:59.385037,2026-10-06 03:23:18.765514,0 days 00:03:19.380477,0.8010869639365119,0.19189790819770397,0.5926143650576037,11.991629079089469,0.33279388005294136,98.6416708615901,1.484226923085714,35.86671955459044,0.007925456797868324,0.03038027549946027,4.343429493003475e-06,1.1540267369865085,199.3803653009236,31,COMPLETE
4932,55.380171990408996,1.2943949938646357,2026-10-06 03:20:01.414020,2026-10-06 03:23:27.187810,0 days 00:03:25.773790,0.9158653711831447,0.7186098618255685,0.12615106220885586,5.245413993140336,0.6087670929915812,94.61146042672904,1.0169424849335595,1.1445112738702679,0.026937100580568585,0.03280586071940829,0.0023133419139998623,1.1540267369865085,205.77365276031196,31,COMPLETE
4933,37.76005737898113,1.6948513244982693,2026-10-06 03:20:01.904006,2026-10-06 03:23:10.301630,0 days 00:03:08.397624,0.8010869639365119,0.7186098618255685,0.4120579376102117,5.245413993140336,0.6087670929915812,98.6416708615901,0.6419517764288287,5.8774721288796,0.08173395261699556,0.03038027549946027,0.008690804484192937,1.2267307691914986,188.39749549143016,31,COMPLETE
4934,31.887631593699393,20.13716377984768,2026-10-06 03:20:08.534184,2026-10-06 03:23:21.880247,0 days 00:03:13.346063,0.8010869639365119,0.19189790819770397,0.5926143650576037,11.991629079089469,0.33279388005294136,85.69762729633804,1.2898828018697517,35.86671955459044,0.4212595585654096,0.03038027549946027,4.343429493003475e-06,0.7699502779177346,193.34594917017967,31,COMPLETE
4935,27.9274329859251,24.18452653548221,2026-10-06 03:20:08.537968,2026-10-06 03:23:22.564520,0 days 00:03:14.026552,0.51115025563667,0.2284118304472575,0.807738690329122,12.214752017762354,0.33279388005294136,94.61146042672904,0.7638461919908635,41.66154811682372,0.17963007823807475,0.03038027549946027,4.343429493003475e-06,1.2974912099205862,194.0264370786026,31,COMPLETE
4936,44.44997138224708,6.390881581867894,2026-10-06 03:20:08.541949,2026-10-06 03:23:18.741887,0 days 00:03:10.199938,0.9158653711831447,0.7186098618255685,0.4120579376102117,8.556213008137046,0.2395452449940939,98.6416708615901,0.7297455375332902,5.8774721288796,0.026937100580568585,0.03038027549946027,1.926970955503878e-06,1.1540267369865085,190.19982839748263,31,COMPLETE
4937,,,2026-10-06 03:20:08.545945,2026-10-06 03:20:09.366042,0 days 00:00:00.820097,0.51115025563667,0.07861675458476158,0.807738690329122,11.991629079089469,0.6087670929915812,94.61146042672904,1.080654620868664,45.6508402201298,0.4520825581722031,0.03038027549946027,,1.1540267369865085,,31,PRUNED
4938,18.56393160275987,15.655430798700472,2026-10-06 03:20:08.648110,2026-10-06 03:23:26.565841,0 days 00:03:17.917731,0.8010869639365119,0.07861675458476158,0.807738690329122,21.183844928151355,0.33279388005294136,94.61146042672904,0.396687138771568,45.6508402201298,0.08981597176864942,0.021966873773064614,0.036832391872240876,0.7699502779177346,197.9176246933639,31,COMPLETE
4939,28.502123486473703,19.938547107176895,2026-10-06 03:20:09.474990,2026-10-06 03:23:21.344928,0 days 00:03:11.869938,0.33750395891785334,0.2284118304472575,0.5667882730348237,11.991629079089469,0.6087670929915812,98.6416708615901,0.7189528457178804,41.66154811682372,0.08173395261699556,0.03038027549946027,4.343429493003475e-06,0.14531933536454744,191.86982661671937,31,COMPLETE
4940,,,2026-10-06 03:20:09.545128,2026-10-06 03:20:09.930148,0 days 00:00:00.385020,0.32522926579248107,0.2965654106455736,0.5667882730348237,10.877854836518644,0.33279388005294136,15.879043683568108,1.484226923085714,19.15408445903519,0.2975664073833317,0.0020924206562783995,,1.1540267369865085,,31,PRUNED
4941,,,2026-10-06 03:20:09.774999,2026-10-06 03:20:47.948373,0 days 00:00:38.173374,0.8010869639365119,0.2965654106455736,0.01292294590631311,8.556213008137046,0.6935070493008968,94.61146042672904,0.7297455375332902,5.8774721288796,0.2975664073833317,0.024099244621516126,4.343429493003475e-06,0.25228386408417686,,31,PRUNED
4942,45.50131769177555,1.3137657982423887,2026-10-06 03:20:09.786968,2026-10-06 03:23:25.035866,0 days 00:03:15.248898,0.7123418565646167,0.8715336252138003,0.09035526953507694,5.245413993140336,0.6087670929915812,94.61146042672904,0.18130236305558872,5.8774721288796,0.08173395261699556,0.03038027549946027,2.1038771230648366e-06,1.209109649444219,195.24877288844436,31,COMPLETE
4943,52.75165337861413,2.16422213102455,2026-10-06 03:20:10.954992,2026-10-06 03:23:24.132896,0 days 00:03:13.177904,0.7407180681038071,0.2965654106455736,0.2345370319995722,5.245413993140336,0.2395452449940939,98.6416708615901,1.484226923085714,5.8774721288796,0.15450841561573675,0.03038027549946027,4.343429493003475e-06,1.1540267369865085,193.17777686659247,31,COMPLETE
4944,0.06114145415209804,1.2658712429058585,2026-10-06 03:20:11.039978,2026-10-06 03:23:21.801684,0 days 00:03:10.761706,0.7123418565646167,0.8717951055729352,0.01898768705385241,11.991629079089469,0.6087670929915812,79.5973306288579,0.7297455375332902,41.66154811682372,0.08173395261699556,0.024099244621516126,2.1038771230648366e-06,1.209109649444219,190.76159586850554,31,COMPLETE
4945,,,2026-10-06 03:20:11.389002,2026-10-06 03:20:12.090072,0 days 00:00:00.701070,0.51115025563667,0.2284118304472575,0.807738690329122,12.214752017762354,0.33279388005294136,94.61146042672904,0.7638461919908635,41.66154811682372,1.2336874866150886,0.03280586071940829,,1.1540267369865085,,31,PRUNED
4946,49.617625831973285,1.6524391517355035,2026-10-06 03:20:11.620763,2026-10-06 03:23:26.727587,0 days 00:03:15.106824,1.4981806857694535,0.2965654106455736,0.2345370319995722,5.245413993140336,0.33279388005294136,94.61146042672904,1.484226923085714,7.242018006177657,0.28988344429582863,0.03038027549946027,4.343429493003475e-06,1.1540267369865085,195.10670364368707,31,COMPLETE
4947,33.98869760460152,18.034966501339998,2026-10-06 03:20:12.127994,2026-10-06 03:23:27.645678,0 days 00:03:15.517684,0.8010869639365119,0.21606902729252941,0.5673687007336011,8.556213008137046,0.2395452449940939,98.6416708615901,0.7297455375332902,35.86671955459044,0.4212595585654096,0.03038027549946027,4.343429493003475e-06,0.7699502779177346,195.5175611115992,31,COMPLETE
4948,43.92030514443204,5.453070417971742,2026-10-06 03:20:12.608991,2026-10-06 03:23:22.453840,0 days 00:03:09.844849,0.9158653711831447,0.8717951055729352,0.5667882730348237,5.245413993140336,0.5557547632162355,98.6416708615901,0.6419517764288287,5.8774721288796,0.08173395261699556,0.03280586071940829,2.1038771230648366e-06,0.7699502779177346,189.84473477583379,31,COMPLETE
4949,,,2026-10-06 03:20:13.290000,2026-10-06 03:20:53.220069,0 days 00:00:39.930069,0.7123418565646167,0.8717951055729352,0.5667882730348237,11.991629079089469,0.6087670929915812,94.61146042672904,1.4776733481480155,6.4680252609446045,0.3676044917349766,0.03038027549946027,2.1038771230648366e-06,1.209109649444219,,31,PRUNED
4950,55.98454988181008,1.3974483447107047,2026-10-06 03:20:13.709159,2026-10-06 03:23:23.424914,0 days 00:03:09.715755,0.9158653711831447,0.2284118304472575,0.2345370319995722,5.245413993140336,0.33279388005294136,94.61146042672904,0.7257345409495506,1.1445112738702679,0.026937100580568585,0.03038027549946027,4.343429493003475e-06,1.2974912099205862,189.71563402283937,31,COMPLETE
4951,44.473252246606265,4.431471102188814,2026-10-06 03:20:13.712956,2026-10-06 03:23:25.228861,0 days 00:03:11.515905,0.51115025563667,0.7186098618255685,0.2345370319995722,5.245413993140336,0.33279388005294136,98.6416708615901,0.396687138771568,45.6508402201298,0.3787184497362417,0.03038027549946027,4.343429493003475e-06,0.56748460341536,191.51578968483955,31,COMPLETE
4952,29.189836290251737,19.37901487714205,2026-10-06 03:20:13.912118,2026-10-06 03:23:24.570188,0 days 00:03:10.658070,0.8010869639365119,0.21606902729252941,0.5673687007336011,8.556213008137046,0.33279388005294136,98.6416708615901,0.7297455375332902,35.86671955459044,0.08173395261699556,0.024099244621516126,4.343429493003475e-06,0.7296704665126732,190.65795423276722,31,COMPLETE
4953,,,2026-10-06 03:20:30.616016,2026-10-06 03:20:31.803075,0 days 00:00:01.187059,0.9158653711831447,0.8717951055729352,0.5667882730348237,5.245413993140336,0.33279388005294136,94.61146042672904,1.484226923085714,41.66154811682372,0.3054149949472662,0.024099244621516126,,1.1540267369865085,,31,PRUNED
4954,52.262307767966135,2.0294588638612625,2026-10-06 03:20:31.991032,2026-10-06 03:23:31.503599,0 days 00:02:59.512567,0.51115025563667,0.17837290056944377,0.19400160111159936,10.877854836518644,0.506401025718823,94.61146042672904,1.484226923085714,5.8774721288796,0.28988344429582863,0.03280586071940829,4.343429493003475e-06,1.2974912099205862,179.512435330078,31,COMPLETE
