number,values_0,values_1,datetime_start,datetime_complete,duration,params_between_rest_spread,params_c_spread,params_c_val,params_input_force,params_k_between_spread,params_k_between_val,params_k_wall_spread,params_k_wall_val,params_m_spread,params_m_val,params_ridge_alpha,params_wall_rest_spread,user_attrs_duration_sec,system_attrs_NSGAIISampler:generation,state
4955,17.504729355482432,9.320287507750713,2026-10-06 03:20:40.884008,2026-10-06 03:23:53.300881,0 days 00:03:12.416873,0.7123418565646167,0.19189790819770397,0.5926143650576037,11.991629079089469,0.33279388005294136,2.0628725388849314,1.1034784425799564,35.86671955459044,0.4212595585654096,0.03038027549946027,4.343429493003475e-06,0.39999104769122296,192.416741524823,31,COMPLETE
4956,16.69051443263174,18.464919512048215,2026-10-06 03:20:43.373103,2026-10-06 03:23:58.321660,0 days 00:03:14.948557,0.7123418565646167,0.12426112019520064,0.807738690329122,42.579265355992625,0.3519093950798047,4.818497356522319,0.396687138771568,45.6508402201298,0.3054149949472662,0.03038027549946027,4.343429493003475e-06,1.2974912099205862,194.94842179771513,31,COMPLETE
4957,48.245574659424825,2.2347033375218603,2026-10-06 03:20:43.658007,2026-10-06 03:23:58.734943,0 days 00:03:15.076936,0.51115025563667,0.2965654106455736,0.19400160111159936,5.245413993140336,0.2395452449940939,94.61146042672904,0.7297455375332902,19.15408445903519,0.1526156162004671,0.03280586071940829,4.343429493003475e-06,1.2974912099205862,195.0768068106845,31,COMPLETE
4958,,,2026-10-06 03:20:45.199995,2026-10-06 03:20:45.830034,0 days 00:00:00.630039,0.9158653711831447,0.8842997712278491,0.2345370319995722,5.245413993140336,0.33279388005294136,94.61146042672904,1.484226923085714,7.364789669395779,0.4212595585654096,0.003413590391107873,,1.2974912099205862,,32,PRUNED
4959,41.54760827669152,8.945605343580906,2026-10-06 03:20:45.450985,2026-10-06 03:23:54.659769,0 days 00:03:09.208784,0.25770276377983226,0.2965654106455736,0.4120579376102117,5.245413993140336,0.33279388005294136,98.6416708615901,1.484226923085714,19.15408445903519,0.007925456797868324,0.03038027549946027,4.343429493003475e-06,1.1540267369865085,187.76462906971574,32,COMPLETE
4960,51.526987336687384,2.8589099585179554,2026-10-06 03:20:45.454965,2026-10-06 03:23:57.265963,0 days 00:03:11.810998,1.1546551456676255,0.7186098618255685,0.2345370319995722,5.245413993140336,0.33279388005294136,98.6416708615901,0.6419517764288287,19.15408445903519,0.3676044917349766,0.03038027549946027,4.343429493003475e-06,1.2974912099205862,191.8108738353476,32,COMPLETE
4961,42.06319712019715,8.388366995858027,2026-10-06 03:20:45.755008,2026-10-06 03:23:59.203852,0 days 00:03:13.448844,0.7123418565646167,0.7186098618255685,0.4120579376102117,5.245413993140336,0.6087670929915812,98.6416708615901,0.6419517764288287,41.66154811682372,0.08173395261699556,0.03038027549946027,2.1038771230648366e-06,1.209109649444219,193.4487153980881,32,COMPLETE
4962,51.44221290558217,2.8805119670096038,2026-10-06 03:20:45.847977,2026-10-06 03:24:01.998109,0 days 00:03:16.150132,0.8010869639365119,0.7186098618255685,0.2345370319995722,5.245413993140336,0.33279388005294136,94.61146042672904,1.484226923085714,5.8774721288796,0.28988344429582863,0.03038027549946027,4.343429493003475e-06,0.06813310163640623,196.1500138649717,32,COMPLETE
4963,36.15572080952772,9.405038367614294,2026-10-06 03:20:48.124163,2026-10-06 03:23:58.096911,0 days 00:03:09.972748,0.9158653711831447,0.7186098618255685,0.4120579376102117,5.245413993140336,0.33279388005294136,98.6416708615901,0.6419517764288287,41.66154811682372,0.08173395261699556,0.024099244621516126,4.343429493003475e-06,0.7699502779177346,189.97264383733273,32,COMPLETE
4964,33.99070793381321,12.348824808565501,2026-10-06 03:20:48.703999,2026-10-06 03:24:02.004108,0 days 00:03:13.300109,0.8010869639365119,0.7186098618255685,0.807738690329122,12.214752017762354,0.33279388005294136,98.6416708615901,0.7638461919908635,5.8774721288796,0.28988344429582863,0.03038027549946027,4.343429493003475e-06,0.23886283196880004,193.29999310150743,32,COMPLETE
4965,47.8900419075919,5.028130167210076,2026-10-06 03:20:49.311001,2026-10-06 03:23:58.478097,0 days 00:03:09.167096,1.36673999868003,0.7186098618255685,0.4120579376102117,11.991629079089469,0.33279388005294136,98.6416708615901,1.484226923085714,5.8774721288796,0.3936576523393438,0.03038027549946027,4.343429493003475e-06,1.1540267369865085,189.1669744104147,32,COMPLETE
4966,,,2026-10-06 03:20:53.252996,2026-10-06 03:21:31.000053,0 days 00:00:37.747057,0.9158653711831447,0.2965654106455736,0.2345370319995722,8.556213008137046,0.6087670929915812,98.6416708615901,1.484226923085714,5.8774721288796,0.4212595585654096,0.03038027549946027,2.1038771230648366e-06,1.1540267369865085,,32,PRUNED
4967,,,2026-10-06 03:21:24.040022,2026-10-06 03:23:19.891040,0 days 00:01:55.851018,0.7610151015249114,0.7186098618255685,0.5926143650576037,10.877854836518644,0.33279388005294136,98.6416708615901,1.484226923085714,41.66154811682372,0.026937100580568585,0.03038027549946027,2.1038771230648366e-06,1.2974912099205862,,32,PRUNED
4968,,,2026-10-06 03:21:26.560160,2026-10-06 03:21:26.990060,0 days 00:00:00.429900,0.9158653711831447,0.7186098618255685,0.4120579376102117,5.245413993140336,0.5557547632162355,98.6416708615901,0.6419517764288287,5.8774721288796,0.08173395261699556,0.0033829616081534706,,0.7699502779177346,,32,PRUNED
4969,,,2026-10-06 03:21:26.579971,2026-10-06 03:22:06.278053,0 days 00:00:39.698082,0.51115025563667,0.2965654106455736,0.4120579376102117,5.245413993140336,0.9840434849085633,98.6416708615901,1.484226923085714,5.8774721288796,0.3936576523393438,0.03280586071940829,4.343429493003475e-06,1.1540267369865085,,32,PRUNED
4970,5.121810256666735,1.219178246432735,2026-10-06 03:21:27.372982,2026-10-06 03:24:41.379864,0 days 00:03:14.006882,1.1546551456676255,0.8717951055729352,0.02232412891052001,11.991629079089469,0.33279388005294136,98.6416708615901,1.484226923085714,19.15408445903519,0.06234240184209461,0.03280586071940829,4.343429493003475e-06,1.2974912099205862,194.0067530479282,32,COMPLETE
4971,28.662275495220104,21.247359883875532,2026-10-06 03:21:27.437143,2026-10-06 03:24:38.631816,0 days 00:03:11.194673,0.51115025563667,0.07861675458476158,0.5926143650576037,21.183844928151355,0.3519093950798047,94.61146042672904,0.396687138771568,41.66154811682372,0.2975664073833317,0.03038027549946027,4.343429493003475e-06,1.2974912099205862,191.1945475777611,32,COMPLETE
4972,,,2026-10-06 03:21:27.440958,2026-10-06 03:22:05.497044,0 days 00:00:38.056086,1.1546551456676255,0.8717951055729352,0.5667882730348237,20.887785986023367,0.4900150121436322,98.6416708615901,1.484226923085714,19.15408445903519,0.3676044917349766,0.03038027549946027,4.343429493003475e-06,1.2974912099205862,,32,PRUNED
4973,47.9384742129817,4.5818216206443365,2026-10-06 03:21:27.458960,2026-10-06 03:24:40.160741,0 days 00:03:12.701781,0.9158653711831447,0.7186098618255685,0.4120579376102117,5.245413993140336,0.38199983466989496,98.6416708615901,1.484226923085714,5.8774721288796,0.08173395261699556,0.03038027549946027,2.1038771230648366e-06,0.7699502779177346,192.7016618764028,32,COMPLETE
4974,,,2026-10-06 03:21:27.519960,2026-10-06 03:21:27.911970,0 days 00:00:00.392010,1.356463667136433,0.3710922296723819,0.5667882730348237,29.0194790039335,0.33279388005294136,98.6416708615901,0.7297455375332902,89.63462075014077,0.2975664073833317,0.03038027549946027,,1.1540267369865085,,32,PRUNED
4975,23.296447491835114,14.860431604098792,2026-10-06 03:21:28.056990,2026-10-06 03:24:41.912808,0 days 00:03:13.855818,0.7123418565646167,0.3710922296723819,0.5667882730348237,5.245413993140336,0.6087670929915812,16.285527773605857,0.966968606718241,41.66154811682372,0.08173395261699556,0.03038027549946027,2.1038771230648366e-06,0.3087654291085318,193.8557002702728,32,COMPLETE
4976,,,2026-10-06 03:21:28.525005,2026-10-06 03:21:29.114081,0 days 00:00:00.589076,0.9158653711831447,0.7186098618255685,0.4120579376102117,5.245413993140336,0.6087670929915812,94.61146042672904,0.7297455375332902,41.66154811682372,1.4940511495516864,0.03038027549946027,,0.7699502779177346,,32,PRUNED
4977,39.287713260876906,9.597913258051445,2026-10-06 03:21:29.147000,2026-10-06 03:24:39.618723,0 days 00:03:10.471723,0.51115025563667,0.2965654106455736,0.4120579376102117,5.245413993140336,0.33279388005294136,85.69762729633804,1.080654620868664,12.294650855238487,0.08173395261699556,0.03038027549946027,4.343429493003475e-06,0.7699502779177346,190.4716058038175,32,COMPLETE
4978,41.62749932913519,8.702634885729493,2026-10-06 03:21:30.115988,2026-10-06 03:24:44.789981,0 days 00:03:14.673993,0.6775759777641851,0.7186098618255685,0.4120579376102117,5.245413993140336,0.33279388005294136,98.6416708615901,1.4690823188003486,23.475624031055144,0.08173395261699556,0.03038027549946027,2.1038771230648366e-06,0.23886283196880004,194.67367914225906,32,COMPLETE
4979,,,2026-10-06 03:21:31.410991,2026-10-06 03:21:31.947086,0 days 00:00:00.536095,0.8010869639365119,0.19189790819770397,0.5570777049536847,8.556213008137046,0.4578226872026589,1.9810572187966713,1.2898828018697517,35.86671955459044,0.6448432516270133,0.024099244621516126,,1.1540267369865085,,32,PRUNED
4980,,,2026-10-06 03:21:31.543160,2026-10-06 03:21:31.842084,0 days 00:00:00.298924,0.8010869639365119,0.21606902729252941,0.4120579376102117,8.556213008137046,0.2395452449940939,98.6416708615901,1.484226923085714,96.74693775673882,0.2975664073833317,0.03280586071940829,,1.1540267369865085,,32,PRUNED
4981,47.84214872572029,3.575372386080989,2026-10-06 03:21:32.213309,2026-10-06 03:24:45.666852,0 days 00:03:13.453543,0.8010869639365119,0.7186098618255685,0.2345370319995722,5.245413993140336,0.33279388005294136,94.61146042672904,0.39552867473326975,45.6508402201298,0.28988344429582863,0.03038027549946027,4.343429493003475e-06,1.2974912099205862,193.4534147735685,32,COMPLETE
4982,53.03488484637527,2.2269732992473488,2026-10-06 03:21:32.216965,2026-10-06 03:24:40.674958,0 days 00:03:08.457993,0.5750658244356358,0.7186098618255685,0.2345370319995722,5.245413993140336,0.33279388005294136,98.6416708615901,1.484226923085714,7.242018006177657,0.28988344429582863,0.03038027549946027,4.343429493003475e-06,1.1562034672454904,188.45788886863738,32,COMPLETE
4983,0.07605114756367286,1.1923165810041696,2026-10-06 03:21:54.334022,2026-10-06 03:25:10.377978,0 days 00:03:16.043956,0.9158653711831447,0.7186098618255685,0.022190464133176494,5.245413993140336,0.6087670929915812,98.6416708615901,0.6419517764288287,1.4729775415440711,0.026937100580568585,0.03038027549946027,2.1038771230648366e-06,1.2974912099205862,196.0438185967505,32,COMPLETE
4984,49.777484193157186,3.2701273489793303,2026-10-06 03:21:58.676014,2026-10-06 03:25:10.716622,0 days 00:03:12.040608,0.51115025563667,0.7186098618255685,0.20358075665942357,5.245413993140336,0.33279388005294136,85.69762729633804,1.484226923085714,14.182822102930093,0.08173395261699556,0.024099244621516126,4.343429493003475e-06,1.1805053863525563,192.04047145787627,32,COMPLETE
4985,31.719795902431024,15.775549333081296,2026-10-06 03:22:00.592007,2026-10-06 03:25:09.381367,0 days 00:03:08.789360,0.51115025563667,0.8717951055729352,0.5667882730348237,12.214752017762354,0.33279388005294136,94.61146042672904,0.7638461919908635,41.66154811682372,0.08173395261699556,0.03038027549946027,2.1038771230648366e-06,0.23886283196880004,188.78922724258155,32,COMPLETE
4986,54.50181203315769,2.044278270194933,2026-10-06 03:22:01.695034,2026-10-06 03:25:11.876873,0 days 00:03:10.181839,0.8010869639365119,0.2454924989231811,0.2345370319995722,5.245413993140336,0.33279388005294136,98.6416708615901,1.484226923085714,5.8774721288796,0.28988344429582863,0.03038027549946027,4.343429493003475e-06,1.1540267369865085,190.18170575145632,32,COMPLETE
4987,30.931382447579416,7.170561163340548,2026-10-06 03:22:02.587989,2026-10-06 03:25:14.340341,0 days 00:03:11.752352,0.8010869639365119,0.2965654106455736,0.9009898250524725,11.991629079089469,0.33279388005294136,85.69762729633804,1.080654620868664,2.2362255700844553,0.4212595585654096,0.03280586071940829,4.343429493003475e-06,0.7699502779177346,191.7522187270224,32,COMPLETE
4988,,,2026-10-06 03:22:02.959994,2026-10-06 03:22:03.367185,0 days 00:00:00.407191,0.51115025563667,0.2965654106455736,0.4120579376102117,21.183844928151355,0.33279388005294136,94.61146042672904,1.484226923085714,45.6508402201298,0.4212595585654096,0.03038027549946027,,1.1540267369865085,,32,PRUNED
4989,55.39360405983372,1.318737319091859,2026-10-06 03:22:03.636699,2026-10-06 03:25:16.044853,0 days 00:03:12.408154,0.7941453801831695,0.7186098618255685,0.12615106220885586,14.289131782905923,0.506401025718823,94.61146042672904,1.484226923085714,1.1445112738702679,0.026937100580568585,0.03038027549946027,2.1038771230648366e-06,1.2301172654088353,192.40802339836955,32,COMPLETE
4990,35.39491131564959,8.014875868426904,2026-10-06 03:22:03.639962,2026-10-06 03:25:11.656868,0 days 00:03:08.016906,0.7407180681038071,0.21606902729252941,0.4120579376102117,5.245413993140336,0.33279388005294136,98.6416708615901,0.7297455375332902,35.86671955459044,0.4212595585654096,0.03038027549946027,2.1038771230648366e-06,0.7699502779177346,188.016780375503,32,COMPLETE
4991,42.22367031848858,2.258549540261079,2026-10-06 03:22:05.221112,2026-10-06 03:25:20.287351,0 days 00:03:15.066239,1.1546551456676255,0.7186098618255685,0.2345370319995722,11.991629079089469,0.33279388005294136,94.61146042672904,1.484226923085714,5.8774721288796,0.3936576523393438,0.03038027549946027,4.343429493003475e-06,0.06813310163640623,195.066100705415,32,COMPLETE
4992,38.94118149883423,12.291048190139175,2026-10-06 03:22:05.949205,2026-10-06 03:25:19.185346,0 days 00:03:13.236141,0.9158653711831447,0.7186098618255685,0.5667882730348237,5.245413993140336,0.5557547632162355,98.6416708615901,0.7297455375332902,41.66154811682372,0.08173395261699556,0.03038027549946027,2.1038771230648366e-06,0.7699502779177346,193.23601980041713,32,COMPLETE
4993,34.11651385467494,12.288824777901848,2026-10-06 03:22:06.340010,2026-10-06 03:25:16.221103,0 days 00:03:09.881093,0.9158653711831447,0.2284118304472575,0.4120579376102117,5.245413993140336,0.33279388005294136,98.6416708615901,0.7638461919908635,27.795911484408116,0.08173395261699556,0.024099244621516126,2.1038771230648366e-06,0.23886283196880004,189.8809614283964,32,COMPLETE
4994,43.82640161844427,5.764831746155265,2026-10-06 03:22:07.132166,2026-10-06 03:25:18.780850,0 days 00:03:11.648684,0.8148861853450304,0.8717951055729352,0.5667882730348237,10.877854836518644,0.2395452449940939,98.6416708615901,0.396687138771568,2.7223119598654772,0.3787184497362417,0.03280586071940829,2.267358369341208e-06,0.7699502779177346,191.64856421761215,32,COMPLETE
4995,40.68026638627559,10.864878917518292,2026-10-06 03:22:07.603000,2026-10-06 03:25:20.844760,0 days 00:03:13.241760,0.32522926579248107,0.8717951055729352,0.5667882730348237,10.877854836518644,0.33279388005294136,98.6416708615901,1.484226923085714,19.15408445903519,0.3676044917349766,0.03038027549946027,4.343429493003475e-06,1.2974912099205862,193.2416231809184,32,COMPLETE
4996,,,2026-10-06 03:22:07.644270,2026-10-06 03:24:05.835081,0 days 00:01:58.190811,0.51115025563667,0.2965654106455736,0.19400160111159936,5.245413993140336,0.6087670929915812,94.61146042672904,1.4690823188003486,35.86671955459044,0.08173395261699556,0.03038027549946027,2.1038771230648366e-06,1.2974912099205862,,32,PRUNED
4997,32.37066354825781,17.961480647668097,2026-10-06 03:22:09.053141,2026-10-06 03:25:20.298527,0 days 00:03:11.245386,0.7407180681038071,0.2965654106455736,0.5667882730348237,5.245413993140336,0.6087670929915812,85.69762729633804,0.5631021303469503,46.76806136987053,0.08173395261699556,0.024099244621516126,4.343429493003475e-06,1.1540267369865085,191.2452668407932,32,COMPLETE
4998,34.02092229179412,17.758883367766387,2026-10-06 03:22:26.242999,2026-10-06 03:25:40.718025,0 days 00:03:14.475026,0.7407180681038071,0.21606902729252941,0.5926143650576037,10.877854836518644,0.2395452449940939,98.6416708615901,0.7297455375332902,19.15408445903519,0.4212595585654096,0.03038027549946027,2.1038771230648366e-06,0.7699502779177346,194.47489926591516,32,COMPLETE
4999,37.95911479549502,7.353786849454121,2026-10-06 03:22:36.823990,2026-10-06 03:25:50.184047,0 days 00:03:13.360057,0.8010869639365119,0.19189790819770397,0.5926143650576037,5.245413993140336,0.33279388005294136,98.6416708615901,1.2898828018697517,5.8774721288796,0.28988344429582863,0.03038027549946027,4.343429493003475e-06,1.1540267369865085,193.3599274000153,32,COMPLETE
5000,,,2026-10-06 03:22:38.006096,2026-10-06 03:23:19.901032,0 days 00:00:41.894936,0.7941453801831695,0.7186098618255685,0.12615106220885586,10.877854836518644,0.506401025718823,94.61146042672904,1.484226923085714,41.66154811682372,0.026937100580568585,0.03038027549946027,2.1038771230648366e-06,1.1540267369865085,,32,PRUNED
5001,21.098892504286784,5.9414049814583905,2026-10-06 03:22:38.009961,2026-10-06 03:25:53.395794,0 days 00:03:15.385833,0.9158653711831447,0.2965654106455736,0.4120579376102117,5.245413993140336,0.6087670929915812,1.2572253770097446,0.6419517764288287,5.8774721288796,0.7133001870420989,0.03038027549946027,2.1038771230648366e-06,1.2974912099205862,195.38570870645344,32,COMPLETE
5002,37.973320838509174,3.5153045811018004,2026-10-06 03:22:40.555127,2026-10-06 03:25:56.785076,0 days 00:03:16.229949,0.7112273181968373,0.2965654106455736,0.5667882730348237,10.877854836518644,0.33279388005294136,94.61146042672904,0.7518185550990375,1.7857786699769023,0.15450841561573675,0.03280586071940829,3.494566533334778e-05,1.2974912099205862,196.2298305062577,32,COMPLETE
5003,52.1345845922423,1.7250036003665938,2026-10-06 03:22:42.544133,2026-10-06 03:25:56.289736,0 days 00:03:13.745603,0.9158653711831447,0.7186098618255685,0.2345370319995722,5.245413993140336,0.6087670929915812,98.6416708615901,1.484226923085714,5.8774721288796,0.08173395261699556,0.03038027549946027,4.343429493003475e-06,1.1540267369865085,193.74546122085303,32,COMPLETE
5004,,,2026-10-06 03:22:42.579975,2026-10-06 03:22:43.253048,0 days 00:00:00.673073,0.5750658244356358,0.8717951055729352,0.5667882730348237,5.245413993140336,0.33279388005294136,94.61146042672904,1.484226923085714,41.66154811682372,0.28988344429582863,0.03038027549946027,,1.357499387479127,,32,PRUNED
5005,,,2026-10-06 03:22:43.363986,2026-10-06 03:22:44.031072,0 days 00:00:00.667086,0.8010869639365119,0.8717951055729352,0.5667882730348237,11.991629079089469,0.6087670929915812,94.61146042672904,1.2898828018697517,41.66154811682372,0.4212595585654096,0.03038027549946027,,0.7699502779177346,,32,PRUNED
5006,44.603076264860405,6.3985139559300634,2026-10-06 03:22:44.782640,2026-10-06 03:25:53.656625,0 days 00:03:08.873985,0.8010869639365119,0.8715336252138003,0.4120579376102117,11.991629079089469,0.33279388005294136,98.6416708615901,1.2898828018697517,5.8774721288796,0.08173395261699556,0.03038027549946027,2.1038771230648366e-06,0.7699502779177346,188.87386624515057,32,COMPLETE
5007,,,2026-10-06 03:22:44.785959,2026-10-06 03:23:24.925063,0 days 00:00:40.139104,0.51115025563667,0.2284118304472575,0.807738690329122,12.214752017762354,0.6087670929915812,98.6416708615901,0.5631021303469503,41.66154811682372,0.08173395261699556,0.024099244621516126,4.343429493003475e-06,1.1540267369865085,,32,PRUNED
5008,27.820161770787458,21.520535266183693,2026-10-06 03:22:44.868154,2026-10-06 03:25:57.627617,0 days 00:03:12.759463,0.7407180681038071,0.21606902729252941,0.807738690329122,28.823524637964265,0.3519093950798047,98.6416708615901,0.7446560301925307,19.15408445903519,0.3054149949472662,0.03038027549946027,4.343429493003475e-06,1.2974912099205862,192.75933481100947,32,COMPLETE
5009,28.794771100011097,7.599861051316374,2026-10-06 03:22:45.684992,2026-10-06 03:26:00.131889,0 days 00:03:14.446897,0.32522926579248107,0.2965654106455736,0.5667882730348237,42.38343992296666,0.5557547632162355,98.6416708615901,1.484226923085714,4.466775495375316,0.2975664073833317,0.03038027549946027,2.1038771230648366e-06,1.1265683870589418,194.44676816742867,32,COMPLETE
5010,,,2026-10-06 03:22:46.786166,2026-10-06 03:22:47.621054,0 days 00:00:00.834888,0.7123418565646167,0.8717951055729352,0.807738690329122,5.245413993140336,0.3519093950798047,94.61146042672904,0.396687138771568,41.66154811682372,0.08173395261699556,0.03038027549946027,,1.209109649444219,,32,PRUNED
5011,48.376273003242034,2.8413687482424077,2026-10-06 03:22:46.881120,2026-10-06 03:25:55.481716,0 days 00:03:08.600596,0.51115025563667,0.2284118304472575,0.16218937911967543,11.991629079089469,0.33279388005294136,85.69762729633804,1.484226923085714,5.8774721288796,0.08173395261699556,0.024099244621516126,4.343429493003475e-06,1.1540267369865085,188.60046211071312,32,COMPLETE
5012,,,2026-10-06 03:22:47.251998,2026-10-06 03:22:47.663072,0 days 00:00:00.411074,0.7112273181968373,0.8717951055729352,0.807738690329122,10.877854836518644,0.3519093950798047,94.61146042672904,0.396687138771568,19.15408445903519,0.3676044917349766,0.03038027549946027,,1.1086721959585821,,32,PRUNED
5013,50.18800207836169,2.8966490706870607,2026-10-06 03:22:47.719973,2026-10-06 03:26:01.418748,0 days 00:03:13.698775,0.5750658244356358,0.7186098618255685,0.2345370319995722,11.991629079089469,0.33279388005294136,98.6416708615901,1.484226923085714,7.242018006177657,0.3676044917349766,0.03038027549946027,4.343429493003475e-06,1.2974912099205862,193.6986448764801,32,COMPLETE
5014,30.606880416503646,14.478512877238636,2026-10-06 03:22:47.723953,2026-10-06 03:25:57.322075,0 days 00:03:09.598122,1.1308828336813765,0.19189790819770397,0.5926143650576037,10.877854836518644,0.33279388005294136,98.6416708615901,1.4690823188003486,23.475624031055144,0.2975664073833317,0.024099244621516126,4.343429493003475e-06,1.1540267369865085,189.59801031835377,32,COMPLETE
