number,values_0,values_1,datetime_start,datetime_complete,duration,params_between_rest_spread,params_c_spread,params_c_val,params_input_force,params_k_between_spread,params_k_between_val,params_k_wall_spread,params_k_wall_val,params_m_spread,params_m_val,params_ridge_alpha,params_wall_rest_spread,user_attrs_duration_sec,system_attrs_NSGAIISampler:generation,state
64,9.100132063160682,1.1984804205923552,2026-10-06 00:20:09.935177,2026-10-06 00:23:25.811194,0 days 00:03:15.876017,0.22557074171973307,0.5203487901288681,0.053131361676298165,37.82514248798617,1.2265182787215032,16.257308492330573,1.0318390541343851,1.0911664422198941,0.7123112547695498,0.09936372616320303,0.007120294513587467,1.0498365290372507,195.87592752836645,0,COMPLETE
65,,,2026-10-06 00:20:09.994236,2026-10-06 00:20:10.286733,0 days 00:00:00.292497,0.2936860950902768,1.2292262715222915,0.03644448737225903,2.061285562605285,0.6703921422195183,51.829969998893404,1.1972220330478134,2.3043919912779414,0.0786066624239109,0.0021159938735080108,,0.4736404353398136,,0,PRUNED
66,,,2026-10-06 00:20:10.007272,2026-10-06 00:20:10.238682,0 days 00:00:00.231410,1.4148262876931978,1.0204613568392211,0.022305523626401376,15.693594557530806,0.5400806106818297,1.3984585675627768,1.1728080755134562,18.127840736556116,0.4534923136607669,0.0012254267516599473,,1.0306372049536485,,0,PRUNED
67,17.591640673573533,2.6449003799834987,2026-10-06 00:20:10.048950,2026-10-06 00:23:29.869520,0 days 00:03:19.820570,0.9050781736130047,0.4855208797804896,0.18268747908623606,15.131455528370719,0.6484645690572918,6.3983390904701665,0.505586550523593,10.761802446374505,0.28272489366851505,0.027266574577678126,5.946780992788637,0.8584125346674989,199.819731393829,0,COMPLETE
68,21.065046187973913,3.23941849638768,2026-10-06 00:20:10.175225,2026-10-06 00:23:28.111308,0 days 00:03:17.936083,0.2751127501817048,0.3731992973752525,0.5662816343755678,21.183844928151355,0.4341680398448426,26.22079615322774,1.1446866529412485,1.3290341234086505,0.4493735763474446,0.03038027549946027,0.005958227033600532,0.05322667642326201,197.93599311914295,0,COMPLETE
69,10.896455159095819,6.492212513115399,2026-10-06 00:20:10.219014,2026-10-06 00:23:30.311248,0 days 00:03:20.092234,1.0703266774752578,0.4912316077114617,0.06866269864156459,48.42684891165389,0.6214878688098426,1.529640202658084,1.164395082841941,1.2726643023599822,0.7115414226689059,0.002325730101743871,0.9756586804302976,0.5306304553896439,200.09214595891535,0,COMPLETE
70,,,2026-10-06 00:20:10.280602,2026-10-06 00:20:10.911055,0 days 00:00:00.630453,0.846719129499696,0.17686140619016322,0.030464968039186066,14.621830126971322,0.8105506327135235,2.3841830632764305,0.22937273079586296,97.45369477982797,1.3496494145787528,0.00837399795611724,,1.4031101254850167,,0,PRUNED
71,,,2026-10-06 00:20:10.743001,2026-10-06 00:20:10.968679,0 days 00:00:00.225678,0.3092471644217482,1.3747507661758964,0.5104473304681485,44.42655624399209,0.7401944998740242,5.798748639170733,1.2484356117562898,7.199508760097691,1.0285289630349674,0.002776599852580715,,0.9290806903476176,,0,PRUNED
72,,,2026-10-06 00:20:10.900001,2026-10-06 00:20:11.307528,0 days 00:00:00.407527,1.1054125059297943,0.2160776441493883,0.2121559632641003,13.152700921641879,0.6302228032781406,4.003606365740502,0.022169930633423873,7.595369089502754,1.417407142541735,0.0011874164170225532,,1.032027228879824,,0,PRUNED
73,,,2026-10-06 00:20:10.903968,2026-10-06 00:20:11.752582,0 days 00:00:00.848614,1.2390409629625139,0.3384821296169505,0.06271381742162108,31.512600643219205,0.8894361883175416,51.342537685116554,0.806593886279487,11.583696029299473,0.8459045646926366,0.0015399151117264384,,0.7399309546815191,,0,PRUNED
74,5.608268425722907,1.2032875323256036,2026-10-06 00:20:10.911493,2026-10-06 00:23:31.118965,0 days 00:03:20.207472,0.6043567106889873,1.00675599622542,0.011098106628387056,31.89839595248986,0.48762912977351275,4.3648780731841805,1.0400408294018026,6.0337581742396456,0.9518189305411844,0.04626026212266262,2.5773371334132184e-05,0.0401951292457946,200.2073973333463,0,COMPLETE
75,,,2026-10-06 00:20:10.914964,2026-10-06 00:20:11.738172,0 days 00:00:00.823208,1.1550332176716798,1.0073872686891763,0.3074373982748899,42.05590050504825,0.4099638532356293,18.024755347104016,1.0634997712128813,21.520266152328933,0.8508806568114343,0.0011405654823049868,,1.152168098536972,,0,PRUNED
76,,,2026-10-06 00:20:10.916432,2026-10-06 00:20:11.062161,0 days 00:00:00.145729,0.018578519010920946,0.1795965873400887,0.023611347727546445,26.006514348329294,0.22456511937158963,18.645584605633662,0.7415819753067252,78.35676293374948,0.42034689712646006,0.0014056327557620523,,0.4651493803641466,,0,PRUNED
77,9.127876483296344,10.616672286536707,2026-10-06 00:20:11.063987,2026-10-06 00:23:26.041582,0 days 00:03:14.977595,1.3426389093843176,0.24837341587000777,0.587377575500352,12.404456665881645,0.8641627247678014,2.9667093425059705,0.06389754300029743,10.195345414647532,0.4212595585654096,0.006074688503901476,0.03673941552765711,0.21347726672360295,194.97750015556812,0,COMPLETE
78,,,2026-10-06 00:20:11.315159,2026-10-06 00:20:11.667039,0 days 00:00:00.351880,0.48742750590189593,1.269721653777471,0.42881168304085,11.87621901370678,0.7843749166857887,4.148567742854712,1.2052783360873878,6.072780754134905,1.0962076754221655,0.05925792913437453,,1.1397810778252928,,0,PRUNED
79,,,2026-10-06 00:20:11.318967,2026-10-06 00:20:11.444028,0 days 00:00:00.125061,1.2446612714746768,1.3855439578148268,0.036141832567286446,30.00653238055086,0.7654321128886619,3.4605381274431024,0.3132894814640204,76.29166276092633,0.7771970651624067,0.005155328126858227,,0.948931052260988,,0,PRUNED
80,,,2026-10-06 00:20:11.393995,2026-10-06 00:20:11.574132,0 days 00:00:00.180137,1.2132256398835684,0.9443167184918779,0.6008635481058627,22.961340068178558,0.9441615892420107,1.6010967923885537,1.4968108221887513,78.73489148009207,0.7186562826958796,0.0068037430608709135,,1.2757218117094415,,0,PRUNED
81,22.188642044163718,1.2128179375314423,2026-10-06 00:20:11.593997,2026-10-06 00:23:34.660983,0 days 00:03:23.066986,0.6143081518772575,0.3543601040935676,0.1026017143088177,33.17033856339264,0.20713693920376897,28.49625208483805,1.4226961162923975,7.035374111700989,0.6190501002082973,0.07771036114219086,92.41424485303402,1.1137428294822522,203.06687460280955,0,COMPLETE
82,,,2026-10-06 00:20:12.185178,2026-10-06 00:20:12.840359,0 days 00:00:00.655181,0.5109976448097071,1.3266981436197733,0.0558885509018194,27.79037256359032,0.5477106384023673,5.601143226434883,1.2348510445320162,95.21879248523614,0.5415779950923374,0.029566152507630956,,1.0476201674619305,,0,PRUNED
83,14.957518351608945,1.1993268342501373,2026-10-06 00:20:12.186752,2026-10-06 00:23:27.177746,0 days 00:03:14.990994,0.7029342189191757,0.41930250301931776,0.012357559396787936,37.573879857032495,1.0327378798110685,1.978162417678498,0.42875890372816183,6.446075435062826,0.8088812974847306,0.008187777701692859,1.0134217238123662,1.2551716806833457,194.99091345444322,0,COMPLETE
84,8.207810509202961,1.260087895554831,2026-10-06 00:20:12.191966,2026-10-06 00:23:29.920650,0 days 00:03:17.728684,0.45533088070419875,0.8278037890658481,0.021884829662296466,26.513238063856118,1.0626454276302866,4.461512559182872,0.30677951230623185,5.07194857653191,0.6289574854073746,0.016700789659848052,1.3250541555817936e-05,0.018948416313004868,197.72860363684595,0,COMPLETE
85,,,2026-10-06 00:20:12.237905,2026-10-06 00:20:12.957534,0 days 00:00:00.719629,0.13018281783553776,1.4617599714983058,0.032407390608290454,45.68016733985742,1.0035823408627174,93.56732491744337,0.8269299982576731,27.804249643836933,1.3032115818986227,0.014453131839271645,,0.855088584700876,,0,PRUNED
86,14.059909718984276,2.453797403514622,2026-10-06 00:20:12.240971,2026-10-06 00:23:27.298580,0 days 00:03:15.057609,0.7737222815132565,0.5608376222859704,0.807738690329122,17.553296709297783,0.6688626104060442,1.2128322117738528,0.19809840133758488,7.9874857515804925,0.43311690216980636,0.07297012210736925,1.0393766090385316e-05,0.9405267840694287,195.05751658137888,0,COMPLETE
87,,,2026-10-06 00:20:12.325985,2026-10-06 00:20:12.662157,0 days 00:00:00.336172,1.4990140174192204,0.5365586571520304,0.3092984370107696,11.838448961619962,0.7981122827179564,7.597556624202775,0.5931200920360752,23.41608548399155,0.39631744519724726,0.0026743413974397133,,0.16760344158698742,,0,PRUNED
88,,,2026-10-06 00:20:12.508011,2026-10-06 00:20:12.619988,0 days 00:00:00.111977,0.8576458723725464,0.40219161987094465,0.07988131845809622,4.732255451265035,0.5034645387055579,28.01276756542552,0.1546081381274111,50.08417370828316,1.4299959178998336,0.0018078185490747335,,0.6713701184471017,,0,PRUNED
89,25.001968656855137,1.5118612199304247,2026-10-06 00:20:12.975005,2026-10-06 00:23:29.332834,0 days 00:03:16.357829,0.8861887783233188,0.2284118304472575,0.4120579376102117,16.606931230784816,0.17665571526270746,25.088361291801984,0.21292518523710352,2.029882838261563,0.08173395261699556,0.08804378717982243,2.1038771230648366e-06,0.7296704665126732,196.35774473659694,0,COMPLETE
90,,,2026-10-06 00:20:13.096997,2026-10-06 00:20:13.248606,0 days 00:00:00.151609,1.3912901765509602,1.0888530836294852,0.1542590888983666,49.73060289467473,0.13238277729973746,53.27394973299827,0.067318140286737,4.841640763166767,0.30475392323851314,0.0035189378869340407,,0.8000707565975086,,0,PRUNED
91,,,2026-10-06 00:20:13.180000,2026-10-06 00:20:53.199207,0 days 00:00:40.019207,0.2571948987200552,0.04382431183350821,0.06456374282017838,14.566872528895463,1.1920647683159837,24.141215845865663,0.5101516060055027,1.4239468094352836,0.5388655036834211,0.01212981425872629,0.4183991544242169,0.052511345403080056,,0,PRUNED
92,,,2026-10-06 00:20:13.267001,2026-10-06 00:22:48.866148,0 days 00:02:35.599147,0.07137593373357226,0.2281149088516809,0.4702788782196876,13.114668727034301,1.1972675203691168,1.7995538057296248,0.8508379058448841,2.3791199200215485,1.4805503927338088,0.046371743987405574,6.821008780823979,0.07676308233595774,,0,PRUNED
93,,,2026-10-06 00:20:13.363994,2026-10-06 00:20:13.667088,0 days 00:00:00.303094,0.60670665347219,1.3126548206124153,0.07063574365029905,14.841150678998883,0.9985706079100998,13.1788775344777,0.9063545756235118,4.589893610442103,0.6781164076711099,0.009016356591976265,,1.4288260478642485,,0,PRUNED
94,,,2026-10-06 00:20:13.407964,2026-10-06 00:20:13.878984,0 days 00:00:00.471020,1.4577932339092237,1.2331830956181244,0.6153245448428039,5.867464390898586,1.033346272291489,6.813652710317063,0.3618138419061947,2.86956366151812,1.457150798069493,0.01275456932278082,,1.0949555622047482,,0,PRUNED
95,,,2026-10-06 00:20:13.528986,2026-10-06 00:20:55.713121,0 days 00:00:42.184135,0.21441777669760015,0.5672185578791253,0.02216433707551504,15.835710361873794,0.7773249213480871,5.8330273763728995,0.8028468922244429,5.928208156975277,0.8196767377113154,0.006082300410371408,2.4284602993020028e-05,0.5737290181433286,,0,PRUNED
96,,,2026-10-06 00:20:14.011998,2026-10-06 00:20:14.333107,0 days 00:00:00.321109,0.09282488184920995,0.6814041442721628,0.014288740374217557,16.420909984174074,0.2730771792017568,42.31727132508625,0.4931491887364085,16.90433206932432,0.47431883429856264,0.005613488867226333,,0.7521310095561804,,0,PRUNED
97,,,2026-10-06 00:20:14.055941,2026-10-06 00:20:14.818012,0 days 00:00:00.762071,0.5434945441910045,0.16717579280010697,0.0866929040100474,36.32054526634215,0.048295070026555365,81.09341271562302,1.0182070166074302,2.4743488560397626,1.435542497548864,0.0037129856371151807,,1.3579333705026764,,0,PRUNED
98,,,2026-10-06 00:20:14.141991,2026-10-06 00:20:14.810035,0 days 00:00:00.668044,1.3844787192661938,1.2387675190401204,0.12822697024950053,9.104277835145043,0.7942150078070818,8.388542734143,0.8310408075495889,21.107750811607424,0.2381227413704562,0.007873784446266519,,0.9041099550704086,,0,PRUNED
99,,,2026-10-06 00:20:14.828187,2026-10-06 00:20:15.492075,0 days 00:00:00.663888,1.2006509971674677,1.250023100506946,0.6219193303736676,10.604307433704822,0.6134501654273594,12.635007877878449,0.7109403444960305,52.50457875533592,1.4855275157033008,0.008729037396520188,,0.012845711910758228,,0,PRUNED
100,,,2026-10-06 00:20:14.831959,2026-10-06 00:20:52.945792,0 days 00:00:38.113833,1.0484744143277671,0.17056617912332195,0.3405411369787525,44.91687696577245,0.8510065804964583,26.243196474756715,0.054133073216387606,38.1664395456928,1.263390163145666,0.085467820096133,0.5222454118282653,1.0605118128858821,,0,PRUNED
101,,,2026-10-06 00:20:14.881250,2026-10-06 00:20:15.679179,0 days 00:00:00.797929,0.2988073954216323,1.188381601568762,0.043102116267838594,22.273277969214032,0.44442438974084214,64.70306216866045,0.8476539489538604,3.122395159402602,1.0830143366004974,0.0014999934132305696,,0.06899740975837554,,0,PRUNED
102,,,2026-10-06 00:20:15.041013,2026-10-06 00:20:15.611030,0 days 00:00:00.570017,0.49413116426293563,0.9545741452820282,0.08779479302590386,34.271095653111395,0.7467283414449196,3.6647027622494974,1.2160865300026722,4.376619399780526,0.21052017078683877,0.0049236045252625486,,0.9807137177651399,,0,PRUNED
103,,,2026-10-06 00:20:15.097988,2026-10-06 00:20:56.739034,0 days 00:00:41.641046,0.5459209793926114,0.3662421933269964,0.8741718494383507,16.561733653079656,1.3467709122601674,38.42284494254216,0.9457484733903623,7.394082901869966,0.8358802918291581,0.05002080836127281,6.995967400329168e-05,0.7160959427230756,,0,PRUNED
104,4.252565718220267,1.340976540721516,2026-10-06 00:20:15.148991,2026-10-06 00:23:24.934300,0 days 00:03:09.785309,0.24174364545359744,0.34160086046150906,0.016848023321938417,26.349959130402702,0.9635159511291951,16.30213849757902,0.37957125799835345,22.831665907494386,0.3260597041603945,0.05619125401223478,6.709762564240109,0.5322556354147161,189.78521045856178,0,COMPLETE
105,,,2026-10-06 00:20:15.176979,2026-10-06 00:20:15.304866,0 days 00:00:00.127887,0.3030059384027778,0.5451959440977132,0.48894374724868417,46.93242636106265,0.2017665875994611,2.085365385732308,0.9629791882906437,1.549886644752014,1.3835147307103353,0.003421510858589726,,0.6430632717406934,,0,PRUNED
106,17.260522102906755,2.872796330382022,2026-10-06 00:20:15.316986,2026-10-06 00:23:30.497964,0 days 00:03:15.180978,0.5768678928443426,0.5095240001595626,0.7677731464020287,3.6720203383380485,1.3162890024975238,4.62415388938126,0.6429618406964179,4.410590557839572,0.8174949864204357,0.042098694451988765,0.006189002166843731,0.8231346114245193,195.1808868078515,0,COMPLETE
107,,,2026-10-06 00:20:15.611330,2026-10-06 00:20:16.135042,0 days 00:00:00.523712,0.8486472475617621,0.782407925118209,0.10264427501594338,8.891333573911018,0.509927417547944,34.72004474868297,0.4350762152644794,31.14721953951541,0.9904683468798574,0.002951220347507047,,1.1555722194252083,,0,PRUNED
108,13.312204775144867,1.2738055519697193,2026-10-06 00:20:15.714004,2026-10-06 00:23:20.529044,0 days 00:03:04.815040,1.222039604325715,1.210990656890773,0.1805314837666613,32.6135236008597,0.5158215671134914,1.3172249836952743,0.3759554222918541,13.89490878606578,0.7238912457038249,0.05842934689162472,0.0004985841133207164,1.1957643162177314,184.81491841562092,0,COMPLETE
109,8.02671485694643,1.2429341618794048,2026-10-06 00:20:15.828004,2026-10-06 00:23:26.558231,0 days 00:03:10.730227,0.5486893968355734,0.7323717394045199,0.02579675805611625,33.70218519251354,0.4047073413009267,65.15119547276676,0.3082481893581244,19.287276616211404,0.5501285210765905,0.06489821168481985,2.8600524717753335,0.7338916650122509,190.73012751154602,0,COMPLETE
110,,,2026-10-06 00:20:16.222126,2026-10-06 00:20:16.834074,0 days 00:00:00.611948,0.5939191925408878,0.8924416986457483,0.019214126110717374,34.764186100403755,0.8097126388322384,41.959666044992325,0.7620212674963227,6.582249799399955,1.0660575781154553,0.0028888262364124427,,1.2175377643796066,,0,PRUNED
111,,,2026-10-06 00:20:16.333018,2026-10-06 00:20:16.837444,0 days 00:00:00.504426,1.1988237489379452,0.03889202965112082,0.12252175856030961,14.29683137978287,0.45660134340125075,28.147761338644703,0.7236130690834062,2.9363326926629485,1.260071626442147,0.0017513520667369275,,0.11143087114753536,,0,PRUNED
112,,,2026-10-06 00:20:16.386990,2026-10-06 00:20:17.018011,0 days 00:00:00.631021,0.0834620476848677,0.7342592113999882,0.1456847392442349,16.68794610900574,0.5229447335424118,31.451774952733523,1.060542097004361,66.84009915100141,0.0664641921017568,0.0025012780877488637,,1.1350849441864896,,0,PRUNED
113,,,2026-10-06 00:20:16.398985,2026-10-06 00:20:16.978136,0 days 00:00:00.579151,0.7926950148180624,0.3646098191964919,0.9561457567866822,40.75690816222099,1.2502934793289502,53.868829548090176,0.829000128424342,17.372159517682768,1.4185150896671135,0.03996344201657195,,1.1033542069367828,,0,PRUNED
114,,,2026-10-06 00:20:16.759030,2026-10-06 00:20:17.055181,0 days 00:00:00.296151,0.5582752954809218,0.5378283995711195,0.4358881490842919,26.57237288203196,0.2571785209527247,1.8441881829977933,0.13055315887780827,6.7562276626113515,1.0684785806382564,0.002164833933890562,,0.5888487832052581,,0,PRUNED
115,,,2026-10-06 00:20:17.055648,2026-10-06 00:20:55.250183,0 days 00:00:38.194535,0.6578808774208493,1.2094193406461509,0.022115506653505736,38.587996869170034,0.8108407637377435,38.558970500858614,1.219469391051024,10.982185026868818,0.48948598037387453,0.01446538270596666,0.00856695609135669,1.35555353669629,,0,PRUNED
116,,,2026-10-06 00:20:17.058975,2026-10-06 00:20:17.557983,0 days 00:00:00.499008,0.45706804442192595,0.7935656548734114,0.03180606777573015,18.13442577537964,0.9186750549553693,6.20801199885605,0.5474883461199467,1.4894820012875338,1.2177535830096944,0.0031885422050529333,,1.163008168900776,,0,PRUNED
117,,,2026-10-06 00:20:17.132583,2026-10-06 00:20:17.324102,0 days 00:00:00.191519,0.20341838042148075,0.5833753567064484,0.5467116981482174,47.997815530513314,0.8103082214217183,79.85939447923126,0.9516646315055922,25.087022367863007,0.6986163079935386,0.0035825480344396734,,0.4644588688801669,,0,PRUNED
118,,,2026-10-06 00:20:17.260995,2026-10-06 00:20:17.522266,0 days 00:00:00.261271,0.0879553092120961,1.1396677012988716,0.7059045464575802,35.687469990900325,0.48659275225068016,12.652435856589278,0.007734936342016663,2.363660858490123,0.057310430910485544,0.004982725326397137,,1.0737650119165811,,0,PRUNED
119,,,2026-10-06 00:20:17.272976,2026-10-06 00:20:17.391996,0 days 00:00:00.119020,1.3568027867227115,0.3297893024421686,0.0759803102131315,36.23088287999052,1.1082276969886786,16.39459782499705,0.12664683272232974,3.71789484948785,0.7712169925605494,0.0025345577554474266,,0.8101011883476512,,0,PRUNED
120,17.246254272253534,8.982913556515955,2026-10-06 00:20:17.443005,2026-10-06 00:23:29.691042,0 days 00:03:12.248037,0.9323049410555256,0.011151379315492593,0.3042089878823274,11.910918541531306,0.5855379267962546,2.1048794976754106,0.20357229172011587,5.299460499774038,1.0749850412981183,0.02749864300312601,3.736607894112202e-06,1.1888155686802921,192.24795783869922,0,COMPLETE
121,,,2026-10-06 00:20:17.804016,2026-10-06 00:20:18.467045,0 days 00:00:00.663029,0.2632522198819454,0.32923233625778714,0.39797394826016524,9.707401489637972,0.6484295120428429,32.92937342428966,0.6584806944309822,5.530770991513583,1.3905104337454155,0.014211293612048493,,0.4576049232428708,,0,PRUNED
122,10.381997711297561,1.1904301944392428,2026-10-06 00:20:17.900176,2026-10-06 00:23:28.842371,0 days 00:03:10.942195,0.6418711555814549,0.9056915392647674,0.02428272359843038,33.9380098820464,0.6972006830634494,7.125407644071185,1.247965521045204,2.072575382240667,1.1791218744906238,0.03556734849252024,0.00011423594595341212,0.5198944272468627,190.9421100327745,0,COMPLETE
123,,,2026-10-06 00:20:18.274005,2026-10-06 00:20:19.124298,0 days 00:00:00.850293,0.4193858436926041,0.8072497411099622,0.016676137840003432,43.30661225244332,0.4021157869693788,61.98505108748751,1.327138089348089,8.835280952091564,0.22639350112421802,0.008036387794805106,,1.1942404713531747,,0,PRUNED
124,43.88779136418841,1.2730221135145727,2026-10-06 00:20:18.445351,2026-10-06 00:23:29.735796,0 days 00:03:11.290445,0.2994157425323484,1.0562250660985053,0.5799701872746303,11.991629079089469,0.6046626808156426,85.69762729633804,0.9356883984494996,1.1282993084044803,0.007925456797868324,0.09765004764801033,0.0004693315590468239,1.4891500624393408,191.29037331230938,0,COMPLETE
125,,,2026-10-06 00:20:18.482990,2026-10-06 00:20:55.767040,0 days 00:00:37.284050,1.377090358664822,1.3760130814896496,0.012621240196317928,24.14320217110078,0.9942912537400281,6.756792181094002,0.3539480836892862,1.0529363725552705,0.9026689087259763,0.00498365702420287,1.464306933937202,0.7716741720474519,,0,PRUNED
126,11.659423113532407,1.2215458591070418,2026-10-06 00:20:18.538997,2026-10-06 00:23:31.370047,0 days 00:03:12.831050,0.9876971634893037,1.3313887869396899,0.017069998532095714,2.6613724919259907,0.9566073049482353,1.695244387836996,0.844397660959296,1.1972711926573105,0.515029274137429,0.02010386455494312,0.06526194608757073,0.6445692020666484,192.8309719134122,0,COMPLETE
127,20.202375520616187,7.197124291295719,2026-10-06 00:20:18.692000,2026-10-06 00:23:28.870307,0 days 00:03:10.178307,0.7535562568504046,0.5088079218375162,0.09005234812447538,5.245413993140336,1.0774031071944332,2.9615022659031585,0.6190885998388953,2.0330101929189524,0.7685554742107898,0.007361010447850752,0.004475392410627206,0.6004925208325128,190.1782224494964,0,COMPLETE
128,,,2026-10-06 00:20:18.923014,2026-10-06 00:20:19.194020,0 days 00:00:00.271006,1.4520851382533908,0.512758133464353,0.1040909548147922,4.6276287662009175,0.8959836943431254,20.103737682739524,0.622044180653208,2.034443254483395,1.4825084128567105,0.00469069355051086,,0.8075292566144194,,0,PRUNED
