number,values_0,values_1,datetime_start,datetime_complete,duration,params_between_rest_spread,params_c_spread,params_c_val,params_input_force,params_k_between_spread,params_k_between_val,params_k_wall_spread,params_k_wall_val,params_m_spread,params_m_val,params_ridge_alpha,params_wall_rest_spread,user_attrs_duration_sec,system_attrs_NSGAIISampler:generation,state
452,,,2026-10-06 00:26:53.155994,2026-10-06 00:27:33.327033,0 days 00:00:40.171039,0.4302692709543224,0.5088079218375162,0.09005234812447538,48.659380697768356,1.0774031071944332,15.526949838424914,0.6889018865970584,1.4971914550887955,0.7685554742107898,0.007361010447850752,0.023563324916347852,1.1150061462044734,,1,PRUNED
453,20.202375520616187,7.197124291295719,2026-10-06 00:26:53.793003,2026-10-06 00:30:00.060109,0 days 00:03:06.267106,0.7535562568504046,0.5088079218375162,0.09005234812447538,5.245413993140336,1.0774031071944332,2.9615022659031585,0.6190885998388953,2.0330101929189524,0.7685554742107898,0.007361010447850752,0.004475392410627206,0.6004925208325128,186.26701584085822,1,COMPLETE
454,19.74578534131464,1.20191692779846,2026-10-06 00:27:18.460038,2026-10-06 00:30:34.406701,0 days 00:03:15.946663,0.8861887783233188,0.2284118304472575,0.09005234812447538,16.606931230784816,1.0774031071944332,25.088361291801984,0.6190885998388953,2.0330101929189524,0.08173395261699556,0.08804378717982243,2.1038771230648366e-06,0.6004925208325128,195.94657012913376,1,COMPLETE
455,18.67483234866672,4.13699542437552,2026-10-06 00:27:18.649043,2026-10-06 00:30:33.192094,0 days 00:03:14.543051,0.40850457384124506,0.5088079218375162,0.09005234812447538,5.245413993140336,0.7710589782617625,3.0919376442930018,0.6190885998388953,1.074139221580048,0.10391133624423021,0.007361010447850752,0.004475392410627206,0.6004925208325128,194.5429428620264,1,COMPLETE
456,12.290553449661239,3.452744638134401,2026-10-06 00:27:20.286010,2026-10-06 00:30:27.886462,0 days 00:03:07.600452,0.9323049410555256,0.011151379315492593,0.3042089878823274,10.893933886904785,0.5855379267962546,2.1048794976754106,1.4594405107884705,5.299460499774038,0.3232475838306819,0.02749864300312601,1.9958034707972923e-06,0.5142999062500755,187.6003537522629,1,COMPLETE
457,,,2026-10-06 00:27:21.542003,2026-10-06 00:27:22.640036,0 days 00:00:01.098033,0.19630735827449874,0.3233389271032242,0.06022460482083565,18.489161893608337,0.2395452449940939,3.9357948336652977,1.394035285276604,86.57068482598544,0.6612894906970102,0.024099244621516126,,1.3458907086260936,,1,PRUNED
458,21.185538391185112,14.088032396289496,2026-10-06 00:27:23.016173,2026-10-06 00:30:38.141809,0 days 00:03:15.125636,0.42315952946032237,0.14439229129246978,0.34699519698385084,49.168071302148626,0.34208820035103354,42.44223698016689,0.38106229976815414,95.26343608789837,0.089910785226051,0.026618413216025507,7.787498276771757e-05,0.8918377750441677,195.12554927077144,1,COMPLETE
459,16.74224930191007,2.0494496388442696,2026-10-06 00:27:23.592001,2026-10-06 00:30:35.197646,0 days 00:03:11.605645,1.2347749271889095,0.18176572098585708,0.5662816343755678,21.183844928151355,0.4341680398448426,26.22079615322774,1.1446866529412485,1.8688105434515534,0.5594961547725175,0.029771009616437947,29.057063991695806,0.3809397875738013,191.60553958453238,1,COMPLETE
460,,,2026-10-06 00:27:23.731154,2026-10-06 00:28:03.858033,0 days 00:00:40.126879,0.19630735827449874,0.3302844949144075,0.0532413230490498,42.71119523260305,0.8841889724070015,98.6416708615901,1.394035285276604,4.013161563125493,0.194083030357998,0.024099244621516126,0.0020274192488541187,0.7281876790380687,,1,PRUNED
461,18.26776462875099,1.6125972908237993,2026-10-06 00:27:24.424987,2026-10-06 00:30:39.195623,0 days 00:03:14.770636,0.447684485641811,0.3233389271032242,0.06022460482083565,18.489161893608337,0.11687458162013237,98.6416708615901,0.12486747625813921,86.57068482598544,0.194083030357998,0.024099244621516126,0.0006185581455600675,0.3066293241794842,194.77054272964597,1,COMPLETE
462,12.458535558967489,12.022811993209302,2026-10-06 00:27:24.855012,2026-10-06 00:30:33.267155,0 days 00:03:08.412143,1.0703266774752578,0.4912316077114617,0.06866269864156459,9.95971682770307,0.6214878688098426,1.529640202658084,0.06389754300029743,10.195345414647532,0.4212595585654096,0.002325730101743871,0.9756586804302976,0.5306304553896439,188.4120460236445,1,COMPLETE
463,28.082884616911326,1.885364920696567,2026-10-06 00:27:25.025235,2026-10-06 00:30:39.801827,0 days 00:03:14.776592,0.39568328879440856,0.2284118304472575,0.4120579376102117,5.814557047239577,0.17665571526270746,25.088361291801984,0.4740161859265573,2.029882838261563,0.08173395261699556,0.06668334722343025,2.1038771230648366e-06,0.7296704665126732,194.7764889523387,1,COMPLETE
464,5.043982109335145,1.84726016513215,2026-10-06 00:27:25.266999,2026-10-06 00:30:39.373787,0 days 00:03:14.106788,0.060546265388346066,0.3731992973752525,0.5662816343755678,42.71119523260305,0.4341680398448426,2.16310059126409,1.1446866529412485,4.013161563125493,0.4493735763474446,0.03038027549946027,0.005958227033600532,0.05322667642326201,194.10670411679894,1,COMPLETE
465,,,2026-10-06 00:27:27.213986,2026-10-06 00:27:27.946012,0 days 00:00:00.732026,0.447684485641811,1.3789902886736445,0.11720021795877078,10.199976215490157,0.6454873286650737,2.0058956987414183,0.12486747625813921,12.140720562726722,0.6612894906970102,0.011317627845130504,,0.006129842165694899,,1,PRUNED
466,21.144986422605196,1.2086679830573743,2026-10-06 00:27:28.001053,2026-10-06 00:30:43.013443,0 days 00:03:15.012390,0.3834721347353825,0.2965654106455736,0.053140281504859645,10.893933886904785,1.4587170185674183,11.647781097448451,1.4594405107884705,4.314853216716561,0.17672380622360612,0.03280586071940829,1.9958034707972923e-06,0.5142999062500755,195.01230066735297,1,COMPLETE
467,,,2026-10-06 00:27:28.096996,2026-10-06 00:27:29.083056,0 days 00:00:00.986060,0.9050781736130047,0.4855208797804896,0.18268747908623606,15.131455528370719,0.6484645690572918,16.211255471509773,0.505586550523593,2.9177508597205857,0.742842471971084,0.004200154434919003,,0.8584125346674989,,1,PRUNED
468,7.338052507185109,1.2193003449084285,2026-10-06 00:27:28.183996,2026-10-06 00:30:42.880935,0 days 00:03:14.696939,0.45533088070419875,0.14439229129246978,0.01851829868765842,26.513238063856118,1.0626454276302866,1.4338187279256176,0.30677951230623185,1.78657754340905,0.40303709296947005,0.026618413216025507,7.787498276771757e-05,0.8918377750441677,194.69684930611402,1,COMPLETE
469,13.361846425161056,3.056491778324612,2026-10-06 00:27:28.367998,2026-10-06 00:30:42.014371,0 days 00:03:13.646373,1.1528556986073335,0.527164092890509,0.06022460482083565,37.14155522147211,0.2395452449940939,1.0099394084514903,1.394035285276604,3.46641753826188,0.9035620594723017,0.008071106332559346,2.174905460591264,0.3066293241794842,193.64628038275987,1,COMPLETE
470,13.23988968565097,3.184786849561774,2026-10-06 00:27:28.488003,2026-10-06 00:30:37.830674,0 days 00:03:09.342671,0.3834721347353825,0.2965654106455736,0.18268747908623606,18.677678184085455,0.6484645690572918,6.3983390904701665,0.6419517764288287,10.761802446374505,0.04206136129933902,0.027266574577678126,0.0005105581024002696,0.008646455689541255,189.34258580673486,1,COMPLETE
471,11.604145444215293,1.2878787064971924,2026-10-06 00:27:28.638991,2026-10-06 00:30:39.364626,0 days 00:03:10.725635,1.011397118716813,0.3543601040935676,0.09005234812447538,33.17033856339264,1.0774031071944332,2.9615022659031585,0.6190885998388953,7.035374111700989,0.7685554742107898,0.07771036114219086,92.41424485303402,0.6004925208325128,190.72554482053965,1,COMPLETE
472,10.503058644985336,1.1873025007350577,2026-10-06 00:27:29.308003,2026-10-06 00:30:41.606822,0 days 00:03:12.298819,0.798082603573892,1.051493678344854,0.027787500504230424,16.606931230784816,0.17665571526270746,73.24810523162995,0.21292518523710352,2.029882838261563,0.08173395261699556,0.06444934332054923,5.5657416650404236e-06,1.367260210840509,192.2987311789766,1,COMPLETE
473,32.4873118681504,1.23518267204875,2026-10-06 00:27:29.872992,2026-10-06 00:30:44.480788,0 days 00:03:14.607796,0.9528582881543378,0.3731992973752525,0.1347521461063753,8.695206399809345,0.4341680398448426,26.22079615322774,0.7964747556623476,1.3290341234086505,0.2975664073833317,0.03974320607069727,2.9442330109354824,0.2678812614884665,194.60769956931472,1,COMPLETE
474,,,2026-10-06 00:27:30.304170,2026-10-06 00:27:31.043485,0 days 00:00:00.739315,0.6043567106889873,1.00675599622542,0.011098106628387056,31.89839595248986,0.48762912977351275,4.3648780731841805,1.0400408294018026,6.0337581742396456,0.49124563086475626,0.0030818751624090346,,0.0401951292457946,,1,PRUNED
475,16.721818334367093,4.399507181728751,2026-10-06 00:27:30.307969,2026-10-06 00:30:41.117445,0 days 00:03:10.809476,0.3683390040074734,0.5111855954628335,0.13494347608245139,10.199976215490157,0.1838893604528366,3.2854396341739385,0.4963749931892908,12.140720562726722,0.24599212191664255,0.011317627845130504,29.057063991695806,1.1827732174347347,190.80939061474055,1,COMPLETE
476,18.3057137708474,1.2309621408648737,2026-10-06 00:27:30.475005,2026-10-06 00:30:41.547426,0 days 00:03:11.072421,1.350503098526395,0.7347826529652479,0.08225225182467477,48.627835214953386,1.4257271037095816,39.62847945980705,0.6870604803970851,81.49491139905747,0.034451088911187255,0.05649962959904967,6.012937021051859e-06,0.9040411163974774,191.0723247602582,1,COMPLETE
477,3.3717626800421647,1.1809239128068965,2026-10-06 00:27:30.571996,2026-10-06 00:30:43.224183,0 days 00:03:12.652187,0.28264339038386793,1.4213742695162754,0.012563215214587592,33.001074208937,0.7710589782617625,3.0919376442930018,0.552627040231007,18.756371973043514,0.21135046551174902,0.020403158402949238,0.000932205033998621,0.6939321720421103,192.6521009961143,1,COMPLETE
478,,,2026-10-06 00:27:30.836153,2026-10-06 00:28:08.789016,0 days 00:00:37.952863,0.6672137354754455,0.1544379750618336,0.03240094579624807,4.264385735936695,0.4424930116262647,15.526949838424914,1.1068767969628939,2.217638298279108,0.0236399030193733,0.0028436545315284763,3.7310590236616203,1.1150061462044734,,1,PRUNED
479,8.1679106014876,1.2839843665448871,2026-10-06 00:27:31.199998,2026-10-06 00:30:45.132940,0 days 00:03:13.932942,0.24174364545359744,0.34160086046150906,0.016848023321938417,10.199976215490157,0.1838893604528366,16.30213849757902,0.37957125799835345,22.831665907494386,0.24599212191664255,0.05619125401223478,0.6610017588449868,0.5322556354147161,193.93283847905695,1,COMPLETE
480,11.017668570271828,1.2634370808307622,2026-10-06 00:27:31.437999,2026-10-06 00:30:39.685304,0 days 00:03:08.247305,0.7535562568504046,0.5088079218375162,0.09005234812447538,26.349959130402702,0.9635159511291951,2.9615022659031585,0.37957125799835345,22.831665907494386,0.7685554742107898,0.05619125401223478,6.709762564240109,0.5322556354147161,188.24720930680633,1,COMPLETE
481,17.14584275534653,2.0990693796538284,2026-10-06 00:27:33.474996,2026-10-06 00:30:48.661768,0 days 00:03:15.186772,1.2061564360408807,0.2965654106455736,0.08837582562659566,18.677678184085455,1.2957825863457457,8.93647729376552,0.09918475277409838,23.475624031055144,0.7360596685479106,0.03280586071940829,25.884048700332063,0.008646455689541255,195.186668260023,1,COMPLETE
482,,,2026-10-06 00:27:33.767997,2026-10-06 00:27:34.718033,0 days 00:00:00.950036,1.2356600307833205,1.0727474658147056,0.053140281504859645,27.989553209249944,0.4356325661572324,6.65933944531556,0.5270605565304336,85.41405431512189,0.7581978495679935,0.0075122423922312385,,0.5142999062500755,,1,PRUNED
483,,,2026-10-06 00:27:34.641008,2026-10-06 00:27:35.639063,0 days 00:00:00.998055,0.06702146612037119,1.3070901324583266,0.6653298622185286,11.453469267944222,0.6771629944811298,2.9411184445840823,1.1786567612495638,2.202768260511427,0.885501161747389,0.06871273907969615,,0.8336722019806058,,1,PRUNED
484,,,2026-10-06 00:27:35.009026,2026-10-06 00:27:35.878040,0 days 00:00:00.869014,0.2682030367495201,0.14548761687974193,0.03706303152753862,26.024246245963575,0.8611517197525734,61.523198623023674,1.2774205311592197,37.25694322017278,0.3981164215924415,0.008071106332559346,,1.2797917165216257,,1,PRUNED
485,5.977668862170032,1.1603582992667278,2026-10-06 00:27:35.654989,2026-10-06 00:30:42.047453,0 days 00:03:06.392464,0.3683390040074734,1.3789902886736445,0.04749114604633338,38.572121642841566,1.1509937859748838,11.856028716887618,0.7477341941415828,2.0921682296907163,0.0635231863474317,0.06444934332054923,0.6610017588449868,1.367260210840509,186.39238023851067,1,COMPLETE
486,5.608268425722907,1.2032875323256036,2026-10-06 00:27:35.945048,2026-10-06 00:30:46.716658,0 days 00:03:10.771610,0.6043567106889873,1.00675599622542,0.011098106628387056,31.89839595248986,0.48762912977351275,4.3648780731841805,1.0400408294018026,6.0337581742396456,0.9518189305411844,0.04626026212266262,2.5773371334132184e-05,0.0401951292457946,190.7715109148994,1,COMPLETE
487,17.498092173130196,2.524469712154427,2026-10-06 00:28:01.245999,2026-10-06 00:31:21.315823,0 days 00:03:20.069824,0.9528582881543378,1.0727474658147056,0.053140281504859645,10.893933886904785,0.3201011955575039,6.9633024006904245,0.7964747556623476,4.314853216716561,0.2975664073833317,0.0075122423922312385,1.9958034707972923e-06,0.2678812614884665,200.06973195448518,1,COMPLETE
488,17.095994799766725,1.192598136291754,2026-10-06 00:28:01.887993,2026-10-06 00:31:16.374689,0 days 00:03:14.486696,0.3683390040074734,0.6220109736556294,0.04749114604633338,10.199976215490157,0.5158215671134914,1.3172249836952743,0.7477341941415828,12.140720562726722,0.7238912457038249,0.05842934689162472,0.0004985841133207164,1.1957643162177314,194.48660579230636,1,COMPLETE
489,,,2026-10-06 00:28:03.858487,2026-10-06 00:28:04.387295,0 days 00:00:00.528808,0.4357973966349406,0.6742804161302214,0.6653298622185286,5.245413993140336,0.6771629944811298,2.9615022659031585,0.6190885998388953,3.119926975471266,0.7685554742107898,0.007361010447850752,,0.8336722019806058,,1,PRUNED
490,21.868899019503026,1.5357055618979132,2026-10-06 00:28:04.330002,2026-10-06 00:31:17.631986,0 days 00:03:13.301984,0.2994157425323484,0.6501700509580446,0.6124338974866915,11.991629079089469,0.6046626808156426,85.69762729633804,0.6870604803970851,81.49491139905747,0.007925456797868324,0.05649962959904967,73.078783196993,1.4891500624393408,193.30189532786608,1,COMPLETE
491,25.114386753154772,1.1998350821947317,2026-10-06 00:28:04.760001,2026-10-06 00:31:15.456639,0 days 00:03:10.696638,1.2061564360408807,0.1430034465046131,0.08837582562659566,11.991629079089469,0.6046626808156426,19.59513291448312,0.09918475277409838,1.1282993084044803,0.007925456797868324,0.04307095774988902,0.0004693315590468239,1.0281652581298224,190.69653617963195,1,COMPLETE
492,9.134540136591948,1.1759012427326443,2026-10-06 00:28:05.739987,2026-10-06 00:31:19.628180,0 days 00:03:13.888193,0.4428292606447327,1.4213742695162754,0.012563215214587592,8.794323001260684,0.7710589782617625,28.285734118696016,0.552627040231007,1.6947971224041727,0.05609924456069537,0.020403158402949238,0.0011757094612474103,0.9092751429584793,193.88810585532337,1,COMPLETE
493,,,2026-10-06 00:28:07.355005,2026-10-06 00:28:07.856052,0 days 00:00:00.501047,1.3426389093843176,0.24837341587000777,0.807738690329122,12.404456665881645,0.8641627247678014,1.2128322117738528,0.06389754300029743,7.9874857515804925,0.4212595585654096,0.006074688503901476,,0.21347726672360295,,1,PRUNED
494,,,2026-10-06 00:28:08.044998,2026-10-06 00:28:08.555034,0 days 00:00:00.510036,0.3834721347353825,1.0562250660985053,0.6443949852851695,11.991629079089469,0.6046626808156426,11.647781097448451,0.9356883984494996,23.475624031055144,0.4571341782480039,0.03280586071940829,,1.4891500624393408,,1,PRUNED
495,20.731087635003377,4.732750775569848,2026-10-06 00:28:08.497153,2026-10-06 00:31:15.093532,0 days 00:03:06.596379,0.9323049410555256,0.011151379315492593,0.11503581605979499,11.910918541531306,0.29675499538560296,2.1048794976754106,0.20357229172011587,5.299460499774038,1.0749850412981183,0.02749864300312601,0.0011757094612474103,1.1888155686802921,186.59627926070243,1,COMPLETE
496,15.716220576797772,1.9194815296768861,2026-10-06 00:28:08.789455,2026-10-06 00:31:20.128954,0 days 00:03:11.339499,1.1528556986073335,0.4855208797804896,0.03706303152753862,15.131455528370719,0.6484645690572918,6.3983390904701665,0.505586550523593,3.46641753826188,0.28272489366851505,0.008071106332559346,5.946780992788637,0.8584125346674989,191.3394128838554,1,COMPLETE
497,,,2026-10-06 00:28:08.829996,2026-10-06 00:28:09.245023,0 days 00:00:00.415027,0.3683390040074734,1.3789902886736445,0.35038524705517965,41.645467536664455,0.6454873286650737,4.183004098982776,0.12486747625813921,86.57068482598544,0.24599212191664255,0.011317627845130504,,1.3458907086260936,,1,PRUNED
498,,,2026-10-06 00:28:09.309006,2026-10-06 00:28:09.750020,0 days 00:00:00.441014,0.7535562568504046,0.1544379750618336,0.09005234812447538,23.832368922678207,0.4424930116262647,56.26881690340267,1.1068767969628939,2.0330101929189524,0.0236399030193733,0.007361010447850752,,0.17248374444296138,,1,PRUNED
499,22.680105165810087,2.4542299215770553,2026-10-06 00:28:09.822013,2026-10-06 00:31:20.643631,0 days 00:03:10.821618,0.2994157425323484,1.0562250660985053,0.5799701872746303,11.991629079089469,0.18756658581762115,16.30213849757902,0.37957125799835345,22.831665907494386,0.3260597041603945,0.09765004764801033,0.0004693315590468239,1.4891500624393408,190.8215316068381,1,COMPLETE
500,15.569217854423846,2.2128963868931155,2026-10-06 00:28:41.741981,2026-10-06 00:31:55.398824,0 days 00:03:13.656843,0.28264339038386793,0.18176572098585708,0.13494347608245139,8.556213008137046,0.03380872232355703,2.249261103529477,0.4963749931892908,1.8688105434515534,0.48923768793752204,0.029771009616437947,2.469320294960663e-05,1.1827732174347347,193.65674602705985,1,COMPLETE
501,9.473259389974732,2.2619696806727085,2026-10-06 00:29:18.906990,2026-10-06 00:32:35.102022,0 days 00:03:16.195032,0.060546265388346066,0.3302844949144075,0.0532413230490498,42.71119523260305,0.6046626808156426,2.16310059126409,0.9356883984494996,1.1282993084044803,0.007925456797868324,0.00558127631887117,0.0020274192488541187,1.4891500624393408,196.1949337637052,1,COMPLETE
502,10.79736778453712,1.169004636994841,2026-10-06 00:29:50.130001,2026-10-06 00:33:02.414394,0 days 00:03:12.284393,0.40850457384124506,1.4213742695162754,0.012563215214587592,3.6720203383380485,0.7710589782617625,4.62415388938126,0.552627040231007,4.410590557839572,0.8174949864204357,0.042098694451988765,0.006189002166843731,0.6939321720421103,192.28428610786796,1,COMPLETE
503,,,2026-10-06 00:29:50.926016,2026-10-06 00:30:33.228398,0 days 00:00:42.302382,1.1528556986073335,0.2965654106455736,0.06726719823699982,18.677678184085455,1.4587170185674183,11.647781097448451,0.6419517764288287,3.46641753826188,0.04206136129933902,0.008071106332559346,0.00023455457478105328,0.42784406768033983,,1,PRUNED
504,20.239038057491403,1.2047229914387159,2026-10-06 00:29:51.248829,2026-10-06 00:33:11.217963,0 days 00:03:19.969134,0.018148119798633067,0.4500057657713351,0.019577635460823275,8.794323001260684,0.29675499538560296,6.590963501139505,0.6165960852108494,1.6947971224041727,0.9880464780428212,0.022132402954529992,0.40344077814613666,0.9092751429584793,199.969033989124,1,COMPLETE
505,,,2026-10-06 00:29:51.728001,2026-10-06 00:29:52.982034,0 days 00:00:01.254033,1.1528556986073335,0.14548761687974193,0.03706303152753862,37.14155522147211,0.6688626104060442,1.2128322117738528,0.4416815336496338,26.386403172053523,0.8415671664712372,0.008071106332559346,,0.9405267840694287,,1,PRUNED
506,,,2026-10-06 00:29:53.056013,2026-10-06 00:29:54.535409,0 days 00:00:01.479396,0.3834721347353825,0.8026544464696608,0.06866269864156459,48.42684891165389,1.4587170185674183,1.529640202658084,0.6419517764288287,1.2726643023599822,0.04206136129933902,0.002125331219791705,,0.008646455689541255,,1,PRUNED
507,15.76128335991018,2.181840952424703,2026-10-06 00:29:54.539013,2026-10-06 00:33:08.585300,0 days 00:03:14.046287,0.7737222815132565,0.8661787220393558,0.807738690329122,16.18523914545625,0.6688626104060442,1.8968903642736075,0.19809840133758488,28.91431118099489,0.43311690216980636,0.09451323812326916,3.680314106392975e-06,0.6069618734849955,194.0461919447407,1,COMPLETE
508,8.388465112718796,1.2823597007565608,2026-10-06 00:29:55.627026,2026-10-06 00:33:08.308143,0 days 00:03:12.681117,0.45533088070419875,0.8278037890658481,0.021884829662296466,26.513238063856118,1.0626454276302866,4.461512559182872,0.27176008795456724,5.07194857653191,0.6289574854073746,0.016700789659848052,1.3250541555817936e-05,0.018948416313004868,192.6810170924291,1,COMPLETE
509,18.829038837629252,1.590401277478358,2026-10-06 00:29:56.040131,2026-10-06 00:33:10.482406,0 days 00:03:14.442275,0.8861887783233188,1.0459476588796663,0.053140281504859645,16.606931230784816,0.4356325661572324,25.088361291801984,1.4594405107884705,2.029882838261563,0.17672380622360612,0.0075122423922312385,2.1038771230648366e-06,0.5142999062500755,194.44218226149678,1,COMPLETE
510,25.67511600131585,1.6400192823978588,2026-10-06 00:29:56.607998,2026-10-06 00:33:10.449726,0 days 00:03:13.841728,0.51115025563667,0.6250070109573223,0.1805314837666613,16.18523914545625,0.5158215671134914,1.3172249836952743,0.3849061930847223,28.91431118099489,0.9858114614951333,0.05842934689162472,0.0004985841133207164,1.1957643162177314,193.84162375610322,1,COMPLETE
511,,,2026-10-06 00:29:57.524197,2026-10-06 00:30:36.172061,0 days 00:00:38.647864,0.798082603573892,0.527164092890509,0.06022460482083565,18.489161893608337,1.1509937859748838,98.6416708615901,1.0009897136145718,14.182822102930093,0.2835286104557563,0.06444934332054923,5.5657416650404236e-06,0.3066293241794842,,1,PRUNED
