number,values_0,values_1,datetime_start,datetime_complete,duration,params_between_rest_spread,params_c_spread,params_c_val,params_input_force,params_k_between_spread,params_k_between_val,params_k_wall_spread,params_k_wall_val,params_m_spread,params_m_val,params_ridge_alpha,params_wall_rest_spread,user_attrs_duration_sec,system_attrs_NSGAIISampler:generation,state
4717,37.12535794947,12.420961392614059,2026-10-06 03:11:52.524000,2026-10-06 03:15:04.598901,0 days 00:03:12.074901,0.8010869639365119,0.19189790819770397,0.5673687007336011,10.877854836518644,0.506401025718823,98.6416708615901,0.7297455375332902,10.209674254823565,0.2975664073833317,0.03280586071940829,4.343429493003475e-06,1.2974912099205862,192.0747794304043,30,COMPLETE
4718,29.858660018111767,16.702430111769477,2026-10-06 03:11:53.224007,2026-10-06 03:15:00.142564,0 days 00:03:06.918557,0.7407180681038071,0.19189790819770397,0.5926143650576037,10.877854836518644,0.33279388005294136,98.6416708615901,0.7297455375332902,35.86671955459044,0.2975664073833317,0.03038027549946027,2.1038771230648366e-06,0.7699502779177346,186.91844370868057,30,COMPLETE
4719,12.360101729091076,4.232238937950204,2026-10-06 03:11:53.806565,2026-10-06 03:15:05.428901,0 days 00:03:11.622336,0.7407180681038071,0.2965654106455736,0.4120579376102117,47.53959553965747,0.33279388005294136,3.120726449033889,0.7297455375332902,19.15408445903519,0.4212595585654096,0.03038027549946027,4.343429493003475e-06,0.7699502779177346,191.6222110837698,30,COMPLETE
4720,,,2026-10-06 03:12:10.507999,2026-10-06 03:12:49.519056,0 days 00:00:39.011057,0.51115025563667,0.7186098618255685,0.20358075665942357,21.595938535941418,0.33279388005294136,98.6416708615901,1.484226923085714,14.182822102930093,0.4212595585654096,0.024099244621516126,2.1038771230648366e-06,0.23886283196880004,,30,PRUNED
4721,,,2026-10-06 03:12:20.476998,2026-10-06 03:12:59.104080,0 days 00:00:38.627082,0.32522926579248107,0.2965654106455736,0.5926143650576037,26.736659550563136,0.6508188549558354,98.6416708615901,0.7297455375332902,19.15408445903519,0.2975664073833317,0.03038027549946027,2.1038771230648366e-06,1.1540267369865085,,30,PRUNED
4722,34.89542910389143,14.711777712418128,2026-10-06 03:12:22.523205,2026-10-06 03:15:33.311420,0 days 00:03:10.788215,1.2645242660662075,0.2284118304472575,0.5743744745453808,5.245413993140336,0.33279388005294136,85.69762729633804,1.080654620868664,41.66154811682372,0.08173395261699556,0.03038027549946027,2.1038771230648366e-06,1.1540267369865085,190.7880860287696,30,COMPLETE
4723,20.66861334758529,10.289226503984873,2026-10-06 03:12:22.541972,2026-10-06 03:15:33.105379,0 days 00:03:10.563407,0.32522926579248107,0.2965654106455736,0.5667882730348237,10.877854836518644,0.33279388005294136,4.271073882787492,0.7518185550990375,19.15408445903519,0.007925456797868324,0.03038027549946027,2.1038771230648366e-06,1.2974912099205862,190.56327379588038,30,COMPLETE
4724,,,2026-10-06 03:12:22.758319,2026-10-06 03:12:23.730316,0 days 00:00:00.971997,0.7407180681038071,0.21606902729252941,0.4120579376102117,5.245413993140336,0.2395452449940939,98.6416708615901,1.484226923085714,5.8774721288796,1.0971491231897939,0.03038027549946027,,0.06813310163640623,,30,PRUNED
4725,28.197909824916984,2.438008446875946,2026-10-06 03:12:23.428425,2026-10-06 03:15:36.917214,0 days 00:03:13.488789,0.51115025563667,1.0304691495047247,0.19400160111159936,43.08789425240961,0.33279388005294136,94.61146042672904,1.4690823188003486,5.8774721288796,0.3936576523393438,0.03038027549946027,4.343429493003475e-06,0.4867751302739548,193.48866608273238,30,COMPLETE
4726,55.058443184013,1.7472133913591172,2026-10-06 03:12:23.843002,2026-10-06 03:15:36.792313,0 days 00:03:12.949311,0.8010869639365119,0.7186098618255685,0.2345370319995722,5.245413993140336,0.33279388005294136,98.6416708615901,1.484226923085714,5.8774721288796,0.28988344429582863,0.03038027549946027,4.343429493003475e-06,1.1540267369865085,192.94919542968273,30,COMPLETE
4727,50.15652698916092,2.200642012463212,2026-10-06 03:12:24.402011,2026-10-06 03:15:39.929933,0 days 00:03:15.527922,0.8010869639365119,0.7186098618255685,0.20358075665942357,5.245413993140336,0.33279388005294136,98.6416708615901,1.484226923085714,5.8774721288796,0.3054149949472662,0.024099244621516126,4.343429493003475e-06,0.23886283196880004,195.52779496833682,30,COMPLETE
4728,,,2026-10-06 03:12:25.311841,2026-10-06 03:13:06.261066,0 days 00:00:40.949225,1.3908200116112444,0.19189790819770397,0.5667882730348237,11.991629079089469,0.33279388005294136,98.6416708615901,1.080654620868664,35.86671955459044,0.4212595585654096,0.03038027549946027,4.343429493003475e-06,1.2974912099205862,,30,PRUNED
4729,35.04770774314958,16.597672895816743,2026-10-06 03:12:25.869512,2026-10-06 03:15:39.132852,0 days 00:03:13.263340,1.041874430041681,0.3710922296723819,0.5667882730348237,10.877854836518644,0.33279388005294136,98.6416708615901,0.7518185550990375,41.04970828797217,0.2975664073833317,0.03038027549946027,4.343429493003475e-06,1.2974912099205862,193.26321367081255,30,COMPLETE
4730,42.373281890746625,8.244327715036428,2026-10-06 03:12:25.935105,2026-10-06 03:15:37.658598,0 days 00:03:11.723493,0.685924514398351,0.8717951055729352,0.5926143650576037,5.245413993140336,0.33279388005294136,98.6416708615901,1.484226923085714,35.86671955459044,0.3054149949472662,0.03280586071940829,4.343429493003475e-06,1.1540267369865085,191.72335793077946,30,COMPLETE
4731,,,2026-10-06 03:12:26.432165,2026-10-06 03:12:27.357040,0 days 00:00:00.924875,1.3874164395727953,0.8717951055729352,0.20358075665942357,5.245413993140336,0.33279388005294136,98.6416708615901,1.064310943083003,1.4056083189495427,1.162424367518756,0.024099244621516126,,1.3890637168667692,,30,PRUNED
4732,36.809594419510645,7.758423235924161,2026-10-06 03:12:26.435960,2026-10-06 03:15:36.756077,0 days 00:03:10.320117,0.51115025563667,0.5908760000188968,0.4120579376102117,10.877854836518644,0.33279388005294136,98.6416708615901,1.080654620868664,19.15408445903519,0.2975664073833317,0.03038027549946027,2.1038771230648366e-06,1.1540267369865085,190.31998905725777,30,COMPLETE
4733,,,2026-10-06 03:12:27.008159,2026-10-06 03:13:07.440066,0 days 00:00:40.431907,0.51115025563667,0.2284118304472575,0.4120579376102117,5.245413993140336,1.0679467239263987,85.69762729633804,1.080654620868664,41.66154811682372,0.08173395261699556,0.03038027549946027,2.1038771230648366e-06,1.1540267369865085,,30,PRUNED
4734,,,2026-10-06 03:12:27.409721,2026-10-06 03:12:29.786642,0 days 00:00:02.376921,0.51115025563667,0.2284118304472575,0.807738690329122,41.85894727493701,0.33279388005294136,85.69762729633804,1.080654620868664,41.66154811682372,0.4153645453398688,0.03038027549946027,,1.1540267369865085,,30,PRUNED
4735,34.497618765361274,15.074945839842337,2026-10-06 03:12:28.539681,2026-10-06 03:15:44.462854,0 days 00:03:15.923173,0.7123418565646167,0.2965654106455736,0.5667882730348237,5.245413993140336,0.33279388005294136,94.61146042672904,0.7297455375332902,35.86671955459044,0.08173395261699556,0.03038027549946027,2.1038771230648366e-06,1.209109649444219,195.92305008135736,30,COMPLETE
4736,,,2026-10-06 03:12:28.777005,2026-10-06 03:12:29.070997,0 days 00:00:00.293992,0.51115025563667,0.07861675458476158,0.807738690329122,21.183844928151355,0.6087670929915812,98.6416708615901,1.080654620868664,45.6508402201298,1.3535442606443162,0.03038027549946027,,0.39485172718234846,,30,PRUNED
4737,,,2026-10-06 03:12:28.780960,2026-10-06 03:14:22.327036,0 days 00:01:53.546076,0.32522926579248107,0.2965654106455736,0.4120579376102117,5.245413993140336,0.33279388005294136,85.69762729633804,1.484226923085714,41.66154811682372,0.08173395261699556,0.03038027549946027,2.1038771230648366e-06,1.1540267369865085,,30,PRUNED
4738,21.65399627600372,1.3005194153294393,2026-10-06 03:12:29.219993,2026-10-06 03:15:43.306385,0 days 00:03:14.086392,0.51115025563667,0.2965654106455736,0.4120579376102117,5.245413993140336,0.33279388005294136,94.61146042672904,1.484226923085714,19.15408445903519,0.15450841561573675,0.03280586071940829,44.91338753470656,1.1540267369865085,194.08626402914524,30,COMPLETE
4739,,,2026-10-06 03:12:29.345986,2026-10-06 03:12:31.925059,0 days 00:00:02.579073,0.32522926579248107,0.2965654106455736,0.5667882730348237,7.053735594814812,1.3768902359659185,94.61146042672904,1.484226923085714,19.15408445903519,0.4212595585654096,0.03038027549946027,,1.1540267369865085,,30,PRUNED
4740,47.914421226543325,3.430522412161225,2026-10-06 03:12:29.935993,2026-10-06 03:15:37.783261,0 days 00:03:07.847268,0.51115025563667,0.8059564568849952,0.2345370319995722,5.245413993140336,0.14047802092997702,94.61146042672904,1.484226923085714,5.8774721288796,0.007925456797868324,0.03038027549946027,4.343429493003475e-06,0.06813310163640623,187.8471459131688,30,COMPLETE
4741,46.05030909758473,6.28769040453308,2026-10-06 03:12:31.925493,2026-10-06 03:15:42.597253,0 days 00:03:10.671760,0.51115025563667,0.7186098618255685,0.27032878147067246,5.245413993140336,0.33279388005294136,98.6416708615901,1.2898828018697517,14.182822102930093,0.3054149949472662,0.024099244621516126,2.1038771230648366e-06,0.23886283196880004,190.67164260707796,30,COMPLETE
4742,32.56570139582091,8.9125923763193,2026-10-06 03:12:33.041006,2026-10-06 03:15:42.680620,0 days 00:03:09.639614,0.9158653711831447,0.2965654106455736,0.778294044131552,5.245413993140336,0.33279388005294136,94.61146042672904,0.6419517764288287,5.8774721288796,0.4212595585654096,0.03038027549946027,4.343429493003475e-06,0.7699502779177346,189.6395071791485,30,COMPLETE
4743,,,2026-10-06 03:12:36.590021,2026-10-06 03:13:19.231487,0 days 00:00:42.641466,0.7123418565646167,0.8717951055729352,0.5667882730348237,5.245413993140336,0.6087670929915812,94.61146042672904,0.6419517764288287,41.66154811682372,0.28988344429582863,0.03038027549946027,2.1038771230648366e-06,1.1540267369865085,,30,PRUNED
4744,,,2026-10-06 03:12:49.710013,2026-10-06 03:12:50.949082,0 days 00:00:01.239069,0.8010869639365119,0.9246526762927268,0.5667882730348237,21.183844928151355,0.6087670929915812,98.6416708615901,1.080654620868664,45.6508402201298,1.4531216419848139,0.03280586071940829,,1.3639097673632294,,30,PRUNED
4745,35.941460573855395,12.71120673475462,2026-10-06 03:12:51.204009,2026-10-06 03:16:01.524993,0 days 00:03:10.320984,0.7123418565646167,0.19189790819770397,0.4120579376102117,11.991629079089469,0.33279388005294136,98.6416708615901,0.7518185550990375,35.86671955459044,0.08173395261699556,0.03038027549946027,2.1038771230648366e-06,1.2974912099205862,190.3208578582853,30,COMPLETE
4746,52.55377603157983,1.5792911812630068,2026-10-06 03:12:53.204451,2026-10-06 03:16:02.805769,0 days 00:03:09.601318,0.8010869639365119,0.7186098618255685,0.2345370319995722,5.245413993140336,0.33279388005294136,98.6416708615901,1.484226923085714,5.8774721288796,0.026937100580568585,0.05376538666710094,4.343429493003475e-06,0.06813310163640623,189.60118494648486,30,COMPLETE
4747,53.38601177724532,2.063193012064798,2026-10-06 03:12:58.208032,2026-10-06 03:16:08.624872,0 days 00:03:10.416840,0.8010869639365119,0.7186098618255685,0.2345370319995722,5.245413993140336,0.33279388005294136,94.61146042672904,1.484226923085714,7.242018006177657,0.15450841561573675,0.03038027549946027,4.343429493003475e-06,1.1540267369865085,190.4167088009417,30,COMPLETE
4748,34.00483958708798,18.288705652220592,2026-10-06 03:12:59.212209,2026-10-06 03:16:15.085448,0 days 00:03:15.873239,0.9952800827871378,0.2284118304472575,0.5667882730348237,10.877854836518644,0.2395452449940939,98.6416708615901,1.4690823188003486,23.475624031055144,0.2975664073833317,0.024099244621516126,4.343429493003475e-06,1.1540267369865085,195.8731152182445,30,COMPLETE
4749,,,2026-10-06 03:12:59.430029,2026-10-06 03:13:40.206146,0 days 00:00:40.776117,0.51115025563667,0.2284118304472575,0.4120579376102117,12.214752017762354,0.6087670929915812,98.6416708615901,0.5631021303469503,41.66154811682372,0.08173395261699556,0.024099244621516126,0.6681286977459614,0.23886283196880004,,30,PRUNED
4750,44.69149420289027,1.774694077903384,2026-10-06 03:13:00.562004,2026-10-06 03:16:09.924199,0 days 00:03:09.362195,0.51115025563667,0.19189790819770397,0.20358075665942357,44.87024432406669,0.33279388005294136,98.6416708615901,1.484226923085714,1.4056083189495427,0.4212595585654096,0.03280586071940829,4.343429493003475e-06,1.4626693155213077,189.36206830199808,30,COMPLETE
4751,28.7480149546136,16.51624274349369,2026-10-06 03:13:02.490008,2026-10-06 03:16:17.377751,0 days 00:03:14.887743,0.32522926579248107,0.2965654106455736,0.5667882730348237,44.51909807501445,0.33279388005294136,94.61146042672904,1.484226923085714,19.15408445903519,0.2975664073833317,0.03038027549946027,2.1038771230648366e-06,1.1540267369865085,194.88763089012355,30,COMPLETE
4752,,,2026-10-06 03:13:04.227976,2026-10-06 03:13:42.448051,0 days 00:00:38.220075,0.51115025563667,0.2284118304472575,0.807738690329122,21.183844928151355,0.33279388005294136,94.61146042672904,1.080654620868664,41.66154811682372,0.5226782866537598,0.03038027549946027,4.343429493003475e-06,0.02396649049427796,,30,PRUNED
4753,41.85411749145188,9.766862503457892,2026-10-06 03:13:04.554999,2026-10-06 03:16:14.261671,0 days 00:03:09.706672,1.2401196146592253,0.8717951055729352,0.5667882730348237,11.991629079089469,0.506401025718823,98.6416708615901,0.22179547471159405,12.371756168223909,0.007925456797868324,0.03038027549946027,4.343429493003475e-06,1.2974912099205862,189.7065357947722,30,COMPLETE
4754,29.19917785100488,1.2894051848319557,2026-10-06 03:13:05.554118,2026-10-06 03:16:17.845015,0 days 00:03:12.290897,0.7123418565646167,0.2284118304472575,0.05937620253466357,5.245413993140336,0.2395452449940939,1.0920811674377393,0.7257345409495506,41.66154811682372,0.026937100580568585,0.03038027549946027,2.1038771230648366e-06,1.1540267369865085,192.29077596589923,30,COMPLETE
4755,32.10044095643673,1.3810766299220976,2026-10-06 03:13:06.320540,2026-10-06 03:16:24.841868,0 days 00:03:18.521328,0.51115025563667,0.5733679791517242,0.2345370319995722,5.245413993140336,0.33279388005294136,98.6416708615901,1.484226923085714,35.86671955459044,0.28988344429582863,0.03038027549946027,1.954114996334789,1.1540267369865085,198.5211978526786,30,COMPLETE
4756,51.37718872211832,2.96654033608982,2026-10-06 03:13:06.748990,2026-10-06 03:16:17.347922,0 days 00:03:10.598932,0.8010869639365119,0.7186098618255685,0.2345370319995722,5.245413993140336,0.33279388005294136,98.6416708615901,1.2352938227969492,5.8774721288796,0.28988344429582863,0.03038027549946027,4.343429493003475e-06,0.06813310163640623,190.59880714397877,30,COMPLETE
4757,,,2026-10-06 03:13:06.952987,2026-10-06 03:13:07.295058,0 days 00:00:00.342071,0.51115025563667,1.379596806920666,0.18220660878360456,21.183844928151355,1.4074137986993214,98.6416708615901,0.7518185550990375,45.6508402201298,0.007925456797868324,0.03038027549946027,,0.7699502779177346,,30,PRUNED
4758,35.603253337719515,12.960896506015871,2026-10-06 03:13:07.422008,2026-10-06 03:16:19.384806,0 days 00:03:11.962798,0.51115025563667,0.2284118304472575,0.4120579376102117,12.853449331402448,0.7161609231289927,85.69762729633804,1.080654620868664,41.66154811682372,0.08173395261699556,0.03038027549946027,2.1038771230648366e-06,1.1540267369865085,191.96268596686423,30,COMPLETE
4759,54.904588881895165,1.3072287280962387,2026-10-06 03:13:07.679006,2026-10-06 03:16:17.334844,0 days 00:03:09.655838,0.9158653711831447,0.3710922296723819,0.12615106220885586,10.877854836518644,0.2395452449940939,98.6416708615901,0.7297455375332902,1.041283643579323,0.2975664073833317,0.03280586071940829,2.1038771230648366e-06,1.1540267369865085,189.655715608038,30,COMPLETE
4760,,,2026-10-06 03:13:08.489176,2026-10-06 03:13:48.075053,0 days 00:00:39.585877,0.005904734669172906,0.7186098618255685,0.5926143650576037,11.991629079089469,0.5428742082361429,85.69762729633804,1.2898828018697517,35.86671955459044,0.4212595585654096,0.03038027549946027,2.1038771230648366e-06,1.1540267369865085,,30,PRUNED
4761,,,2026-10-06 03:13:08.492959,2026-10-06 03:13:08.793922,0 days 00:00:00.300963,0.51115025563667,0.7186098618255685,0.20358075665942357,5.245413993140336,0.33279388005294136,98.6416708615901,1.484226923085714,14.182822102930093,0.3054149949472662,0.0019510531071421798,,0.23886283196880004,,30,PRUNED
4762,53.667019656861896,2.0388837991642723,2026-10-06 03:13:08.869994,2026-10-06 03:16:16.575893,0 days 00:03:07.705899,0.8010869639365119,0.7186098618255685,0.2345370319995722,5.245413993140336,0.33279388005294136,94.61146042672904,1.484226923085714,7.242018006177657,0.28988344429582863,0.03038027549946027,4.343429493003475e-06,1.1540267369865085,187.70568493381143,30,COMPLETE
4763,,,2026-10-06 03:13:08.923436,2026-10-06 03:13:47.452052,0 days 00:00:38.528616,0.51115025563667,0.8717951055729352,0.20358075665942357,5.245413993140336,0.6087670929915812,98.6416708615901,1.484226923085714,1.4056083189495427,0.3054149949472662,0.024099244621516126,2.1038771230648366e-06,0.3087654291085318,,30,PRUNED
4764,,,2026-10-06 03:13:09.991997,2026-10-06 03:13:51.852071,0 days 00:00:41.860074,0.51115025563667,0.2284118304472575,0.807738690329122,11.991629079089469,0.7089147260789921,85.69762729633804,1.2056156876606965,45.6508402201298,0.08173395261699556,0.024099244621516126,4.343429493003475e-06,1.2974912099205862,,30,PRUNED
4765,,,2026-10-06 03:13:10.795998,2026-10-06 03:13:12.194263,0 days 00:00:01.398265,0.32522926579248107,1.2615866719181852,0.5667882730348237,11.991629079089469,0.33279388005294136,98.6416708615901,1.484226923085714,19.15408445903519,0.7156579889401126,0.03038027549946027,,1.2974912099205862,,30,PRUNED
4766,,,2026-10-06 03:13:12.346399,2026-10-06 03:13:13.043114,0 days 00:00:00.696715,0.8010869639365119,0.21606902729252941,0.4120579376102117,5.245413993140336,0.5557547632162355,98.6416708615901,0.6419517764288287,5.8774721288796,0.08173395261699556,0.011899493162107465,,0.7699502779177346,,30,PRUNED
4767,52.84852306536966,2.3636932446577426,2026-10-06 03:13:13.188000,2026-10-06 03:16:29.999390,0 days 00:03:16.811390,0.8010869639365119,0.7186098618255685,0.2345370319995722,10.877854836518644,0.33279388005294136,98.6416708615901,1.484226923085714,5.8774721288796,0.28988344429582863,0.03038027549946027,2.1038771230648366e-06,1.1540267369865085,196.81126486230642,30,COMPLETE
4768,28.073297824220155,1.2035749934583215,2026-10-06 03:13:19.567008,2026-10-06 03:16:43.978130,0 days 00:03:24.411122,0.51115025563667,0.566804217173513,0.045625693285883236,8.556213008137046,0.2395452449940939,98.6416708615901,0.7638461919908635,5.8774721288796,0.4212595585654096,0.03280586071940829,4.343429493003475e-06,1.1540267369865085,204.41099624242634,30,COMPLETE
4769,30.68592081175718,18.867675573202263,2026-10-06 03:13:35.655986,2026-10-06 03:16:49.696217,0 days 00:03:14.040231,1.1546551456676255,0.2284118304472575,0.5667882730348237,11.991629079089469,0.33279388005294136,85.69762729633804,1.080654620868664,41.66154811682372,0.007925456797868324,0.03038027549946027,4.343429493003475e-06,0.7296704665126732,194.0400975421071,30,COMPLETE
4770,37.344425349613786,13.075247689656752,2026-10-06 03:13:37.741362,2026-10-06 03:16:52.077592,0 days 00:03:14.336230,0.7407180681038071,0.21606902729252941,0.4120579376102117,8.556213008137046,0.2395452449940939,98.6416708615901,0.7297455375332902,35.86671955459044,0.4212595585654096,0.03038027549946027,4.343429493003475e-06,0.7699502779177346,194.33609874360263,30,COMPLETE
4771,,,2026-10-06 03:13:39.249011,2026-10-06 03:13:40.110097,0 days 00:00:00.861086,0.51115025563667,1.1000766983371872,0.4120579376102117,11.991629079089469,0.2395452449940939,85.69762729633804,1.080654620868664,5.8774721288796,0.4212595585654096,0.03280586071940829,,1.1540267369865085,,30,PRUNED
4772,34.316691458898305,14.233639697212803,2026-10-06 03:13:40.408037,2026-10-06 03:16:55.433153,0 days 00:03:15.025116,0.51115025563667,0.2284118304472575,0.5667882730348237,13.942721965436027,0.506401025718823,85.69762729633804,1.080654620868664,12.371756168223909,0.2975664073833317,0.03280586071940829,4.343429493003475e-06,1.2974912099205862,195.02500335592777,30,COMPLETE
4773,44.81360589241266,6.739795267311687,2026-10-06 03:13:40.423995,2026-10-06 03:16:48.560862,0 days 00:03:08.136867,0.51115025563667,0.8717951055729352,0.4120579376102117,5.245413993140336,0.33279388005294136,98.6416708615901,1.484226923085714,40.50925666336213,0.18038560929462577,0.03280586071940829,2.1038771230648366e-06,1.1540267369865085,188.13674140535295,30,COMPLETE
4774,45.577907335219855,4.346065710129222,2026-10-06 03:13:40.427972,2026-10-06 03:16:48.218498,0 days 00:03:07.790526,0.8010869639365119,0.7186098618255685,0.4120579376102117,5.245413993140336,0.6087670929915812,98.6416708615901,1.484226923085714,5.8774721288796,0.007925456797868324,0.03038027549946027,4.343429493003475e-06,0.06813310163640623,187.7903927154839,30,COMPLETE
4775,29.34763775395644,23.911910216534388,2026-10-06 03:13:42.460280,2026-10-06 03:16:55.719710,0 days 00:03:13.259430,0.8360458356453739,0.19189790819770397,0.778294044131552,11.991629079089469,0.33279388005294136,94.61146042672904,1.0345371580353997,35.86671955459044,0.4212595585654096,0.03038027549946027,2.1038771230648366e-06,0.7699502779177346,193.25932662840933,30,COMPLETE
4776,46.445342099444346,3.5062479430681823,2026-10-06 03:13:43.756002,2026-10-06 03:16:56.161545,0 days 00:03:12.405543,0.51115025563667,0.19189790819770397,0.2345370319995722,10.877854836518644,0.33279388005294136,98.6416708615901,1.080654620868664,5.8774721288796,0.007925456797868324,0.03038027549946027,4.343429493003475e-06,1.1540267369865085,192.40541346743703,30,COMPLETE
