number,values_0,values_1,datetime_start,datetime_complete,duration,params_between_rest_spread,params_c_spread,params_c_val,params_input_force,params_k_between_spread,params_k_between_val,params_k_wall_spread,params_k_wall_val,params_m_spread,params_m_val,params_ridge_alpha,params_wall_rest_spread,user_attrs_duration_sec,system_attrs_NSGAIISampler:generation,state
3054,0.04000412504561716,1.1875907384402737,2026-10-06 02:08:13.446996,2026-10-06 02:11:28.241978,0 days 00:03:14.794982,0.51115025563667,0.7424495566914788,0.011941135681762092,8.556213008137046,0.6454873286650737,98.6416708615901,1.4690823188003486,23.475624031055144,0.08173395261699556,0.03280586071940829,4.343429493003475e-06,1.1540267369865085,194.79486088082194,19,COMPLETE
3055,33.65783407448701,15.878540503615989,2026-10-06 02:08:13.738987,2026-10-06 02:11:26.859216,0 days 00:03:13.120229,0.51115025563667,0.2284118304472575,0.5667882730348237,11.991629079089469,0.5379204197296747,98.6416708615901,0.7194806137783762,23.475624031055144,0.08173395261699556,0.03280586071940829,4.343429493003475e-06,1.1540267369865085,193.12012553866953,19,COMPLETE
3056,53.24766172726419,2.1245085519436717,2026-10-06 02:08:13.974004,2026-10-06 02:11:24.513391,0 days 00:03:10.539387,0.51115025563667,0.48628333026250986,0.20358075665942357,5.343050688320007,0.6087670929915812,94.61146042672904,1.484226923085714,5.8774721288796,0.08173395261699556,0.03038027549946027,4.343429493003475e-06,1.1540267369865085,190.53926899004728,19,COMPLETE
3057,22.960323790000107,2.0235313597879094,2026-10-06 02:08:14.959145,2026-10-06 02:11:26.591612,0 days 00:03:11.632467,0.51115025563667,0.2284118304472575,0.5667882730348237,5.245413993140336,0.3049037081953532,98.6416708615901,1.4690823188003486,23.475624031055144,0.007925456797868324,0.027344980117033253,1.5777790373425598,0.7593168660026839,191.63237389363348,19,COMPLETE
3058,53.28085957124796,1.2857075480765057,2026-10-06 02:08:15.126989,2026-10-06 02:11:29.862040,0 days 00:03:14.735051,0.51115025563667,0.7186098618255685,0.12615106220885586,8.556213008137046,0.2395452449940939,85.69762729633804,0.9564160630580718,1.4056083189495427,0.08173395261699556,0.03038027549946027,0.00023428333292156852,0.7296704665126732,194.73469987511635,19,COMPLETE
3059,56.27931686278936,1.2743994972901502,2026-10-06 02:08:15.383998,2026-10-06 02:11:27.130531,0 days 00:03:11.746533,0.8010869639365119,0.19189790819770397,0.12615106220885586,5.245413993140336,0.2395452449940939,94.61146042672904,1.2898828018697517,1.4056083189495427,0.08173395261699556,0.021966873773064614,0.0003750271870227611,1.1540267369865085,191.7464193860069,19,COMPLETE
3060,31.32422145666365,22.13396925722849,2026-10-06 02:08:16.053163,2026-10-06 02:11:25.928176,0 days 00:03:09.875013,0.8010869639365119,0.21606902729252941,0.5673687007336011,8.556213008137046,0.2395452449940939,98.6416708615901,0.7297455375332902,35.86671955459044,0.2975664073833317,0.024099244621516126,4.343429493003475e-06,0.7699502779177346,189.8749105753377,19,COMPLETE
3061,32.78769610255952,16.8823854307129,2026-10-06 02:08:16.259113,2026-10-06 02:11:30.218016,0 days 00:03:13.958903,0.6775759777641851,0.2965654106455736,0.5667882730348237,10.877854836518644,0.2395452449940939,85.69762729633804,1.080654620868664,20.4004304097776,0.2975664073833317,0.03280586071940829,4.343429493003475e-06,0.739405563829868,193.95878626219928,19,COMPLETE
3062,46.204971053062806,3.271712647088141,2026-10-06 02:08:16.265957,2026-10-06 02:11:26.574592,0 days 00:03:10.308635,0.51115025563667,0.2284118304472575,0.20358075665942357,10.877854836518644,0.33279388005294136,85.69762729633804,0.978131396960887,5.8774721288796,0.2975664073833317,0.03280586071940829,4.343429493003475e-06,0.7296704665126732,190.30853600427508,19,COMPLETE
3063,45.782587041560106,5.6027849851700875,2026-10-06 02:08:16.311336,2026-10-06 02:11:27.340869,0 days 00:03:11.029533,0.51115025563667,0.7186098618255685,0.4120579376102117,5.245413993140336,0.6087670929915812,94.61146042672904,0.6419517764288287,5.8774721288796,0.08173395261699556,0.03038027549946027,4.343429493003475e-06,1.1540267369865085,191.02943454217166,19,COMPLETE
3064,10.490263620708022,1.6277262026990464,2026-10-06 02:08:16.440986,2026-10-06 02:11:28.874651,0 days 00:03:12.433665,0.8010869639365119,0.2284118304472575,0.12615106220885586,11.991629079089469,0.2395452449940939,1.6007060588378252,0.12486747625813921,1.4056083189495427,0.3372985396418654,0.024099244621516126,4.343429493003475e-06,0.2678812614884665,192.43355327099562,19,COMPLETE
3065,27.054093473504548,22.70175453931339,2026-10-06 02:08:18.259996,2026-10-06 02:11:28.458104,0 days 00:03:10.198108,0.51115025563667,0.2284118304472575,0.5667882730348237,11.991629079089469,0.2395452449940939,85.69762729633804,0.12486747625813921,20.4004304097776,0.08173395261699556,0.024099244621516126,4.343429493003475e-06,0.7296704665126732,190.19800201244652,19,COMPLETE
3066,43.268415911831006,2.718338723608402,2026-10-06 02:08:18.319004,2026-10-06 02:11:31.487393,0 days 00:03:13.168389,0.51115025563667,0.5738630927032536,0.20358075665942357,20.000726109884642,0.33279388005294136,98.6416708615901,1.080654620868664,14.182822102930093,0.007925456797868324,0.03280586071940829,4.343429493003475e-06,1.3890637168667692,193.16828023269773,19,COMPLETE
3067,,,2026-10-06 02:08:18.661994,2026-10-06 02:08:57.682043,0 days 00:00:39.020049,0.51115025563667,0.2284118304472575,0.5667882730348237,5.245413993140336,0.33279388005294136,94.61146042672904,1.4690823188003486,71.65685265457505,0.026937100580568585,0.03038027549946027,4.343429493003475e-06,1.1540267369865085,,19,PRUNED
3068,33.76158450864343,15.897733782235534,2026-10-06 02:08:19.390014,2026-10-06 02:11:31.302531,0 days 00:03:11.912517,0.51115025563667,0.2965654106455736,0.5667882730348237,21.183844928151355,0.33279388005294136,98.6416708615901,1.484226923085714,19.15408445903519,0.28988344429582863,0.03038027549946027,4.343429493003475e-06,1.2974912099205862,191.91239848453552,19,COMPLETE
3069,31.82175436783259,5.902846607007972,2026-10-06 02:08:45.079013,2026-10-06 02:11:58.416838,0 days 00:03:13.337825,0.51115025563667,0.7186098618255685,0.5667882730348237,5.245413993140336,0.6087670929915812,2.3769514037906716,1.484226923085714,41.66154811682372,0.08173395261699556,0.03038027549946027,2.1038771230648366e-06,1.1540267369865085,193.33770679309964,19,COMPLETE
3070,37.468793280264066,6.293778605356776,2026-10-06 02:08:48.598033,2026-10-06 02:11:58.183953,0 days 00:03:09.585920,0.51115025563667,0.8717951055729352,0.5667882730348237,24.956244387783126,0.506401025718823,85.69762729633804,1.080654620868664,45.6508402201298,0.3676044917349766,0.05822206542781569,2.1038771230648366e-06,1.3890637168667692,189.58580704778433,19,COMPLETE
3071,44.3875502009346,5.863761572837332,2026-10-06 02:08:50.159991,2026-10-06 02:11:59.832130,0 days 00:03:09.672139,0.6909266869833584,0.7186098618255685,0.4120579376102117,8.556213008137046,0.2395452449940939,98.6416708615901,1.3303656343791816,5.8774721288796,0.026937100580568585,0.03038027549946027,4.343429493003475e-06,1.1540267369865085,189.67202220018953,19,COMPLETE
3072,27.6185968830438,12.351424545861994,2026-10-06 02:08:51.480003,2026-10-06 02:12:05.112330,0 days 00:03:13.632327,0.6775759777641851,0.2284118304472575,0.4120579376102117,19.16010481992393,0.6087670929915812,39.61592231218679,1.484226923085714,5.8774721288796,0.2975664073833317,0.024099244621516126,4.343429493003475e-06,0.739405563829868,193.63221124187112,19,COMPLETE
3073,20.163636423303764,1.1582361777478365,2026-10-06 02:08:51.576143,2026-10-06 02:12:02.499911,0 days 00:03:10.923768,0.8010869639365119,0.2284118304472575,0.03528973045758643,11.991629079089469,0.2395452449940939,17.734762948559258,1.2898828018697517,1.4056083189495427,0.08173395261699556,0.021966873773064614,0.0003750271870227611,0.2678812614884665,190.9236609544605,19,COMPLETE
3074,33.10243500441088,15.51256001545653,2026-10-06 02:08:52.671008,2026-10-06 02:12:04.989331,0 days 00:03:12.318323,0.51115025563667,0.2284118304472575,0.5667882730348237,11.991629079089469,0.33279388005294136,98.6416708615901,1.4690823188003486,14.182822102930093,0.3054149949472662,0.03280586071940829,4.343429493003475e-06,0.23886283196880004,192.31820781622082,19,COMPLETE
3075,32.77454051008202,17.673653776266953,2026-10-06 02:08:57.719995,2026-10-06 02:12:05.843641,0 days 00:03:08.123646,0.4919537458910443,0.2284118304472575,0.5667882730348237,10.877854836518644,0.33279388005294136,85.69762729633804,0.31842513581456366,45.6508402201298,0.3676044917349766,0.03280586071940829,4.343429493003475e-06,1.3890637168667692,188.12353658210486,19,COMPLETE
3076,,,2026-10-06 02:08:58.951989,2026-10-06 02:08:59.612463,0 days 00:00:00.660474,0.51115025563667,0.8717951055729352,0.5667882730348237,18.489161893608337,0.33279388005294136,85.69762729633804,1.080654620868664,14.182822102930093,0.3054149949472662,0.024099244621516126,,0.35753752456291904,,19,PRUNED
3077,27.518869864906872,18.77056055299217,2026-10-06 02:08:59.320165,2026-10-06 02:12:10.745752,0 days 00:03:11.425587,0.6775759777641851,0.19895615994994903,0.807738690329122,10.877854836518644,0.33279388005294136,98.6416708615901,1.180096250393855,14.182822102930093,0.3054149949472662,0.024099244621516126,4.343429493003475e-06,0.739405563829868,191.4254744676873,19,COMPLETE
3078,38.66659732131395,7.226504335149378,2026-10-06 02:08:59.612904,2026-10-06 02:12:04.694088,0 days 00:03:05.081184,1.4644809848335274,0.8717951055729352,0.4120579376102117,21.183844928151355,0.506401025718823,85.69762729633804,1.080654620868664,41.66154811682372,0.08173395261699556,0.03280586071940829,2.1038771230648366e-06,1.2974912099205862,185.08107686880976,19,COMPLETE
3079,,,2026-10-06 02:09:24.487015,2026-10-06 02:09:25.512057,0 days 00:00:01.025042,0.9690618307477261,0.19189790819770397,0.12615106220885586,8.556213008137046,0.2395452449940939,98.6416708615901,1.080654620868664,45.6508402201298,0.5280897882105404,0.021966873773064614,,0.2678812614884665,,19,PRUNED
3080,32.390490920830686,16.3606901265043,2026-10-06 02:09:25.533035,2026-10-06 02:12:35.906639,0 days 00:03:10.373604,0.4919537458910443,0.2284118304472575,0.5926143650576037,10.877854836518644,0.33279388005294136,85.69762729633804,0.31842513581456366,16.94074471826562,0.3676044917349766,0.03280586071940829,4.343429493003475e-06,1.1540267369865085,190.37348695099354,19,COMPLETE
3081,53.925712654527295,1.6644805754447485,2026-10-06 02:09:28.847442,2026-10-06 02:12:41.956529,0 days 00:03:13.109087,0.51115025563667,0.7186098618255685,0.20358075665942357,5.245413993140336,0.47834348603670734,98.6416708615901,1.484226923085714,5.8774721288796,0.08173395261699556,0.03038027549946027,4.343429493003475e-06,1.0253390917512952,193.10898111294955,19,COMPLETE
3082,16.81264420593108,2.1544712540256783,2026-10-06 02:09:29.952008,2026-10-06 02:12:39.615388,0 days 00:03:09.663380,0.8010869639365119,0.2284118304472575,0.807738690329122,18.489161893608337,0.33279388005294136,98.6416708615901,0.21292518523710352,14.182822102930093,0.3054149949472662,0.03038027549946027,92.74115883690231,0.2678812614884665,189.66325830761343,19,COMPLETE
3083,24.342540702671265,3.377036116156153,2026-10-06 02:09:31.441012,2026-10-06 02:12:42.924970,0 days 00:03:11.483958,0.51115025563667,0.2284118304472575,0.5667882730348237,5.245413993140336,0.33279388005294136,98.6416708615901,1.4690823188003486,23.475624031055144,0.24085354629658368,0.03038027549946027,0.5622937524975855,0.07209765487063619,191.48385991342366,19,COMPLETE
3084,43.32921695766733,7.348561257964368,2026-10-06 02:09:33.666159,2026-10-06 02:12:45.341171,0 days 00:03:11.675012,0.8278760262259159,0.2965654106455736,0.4120579376102117,10.877854836518644,0.33279388005294136,98.6416708615901,1.484226923085714,6.470969944945828,0.2975664073833317,0.03038027549946027,4.343429493003475e-06,1.1540267369865085,191.674913787283,19,COMPLETE
3085,,,2026-10-06 02:09:33.669962,2026-10-06 02:09:34.366045,0 days 00:00:00.696083,0.8010869639365119,0.8717951055729352,0.5673687007336011,3.883534255198406,0.2395452449940939,85.69762729633804,1.080654620868664,41.66154811682372,0.2975664073833317,0.024099244621516126,,0.739405563829868,,19,PRUNED
3086,44.20217270956938,2.957558918582502,2026-10-06 02:09:34.395989,2026-10-06 02:12:44.788620,0 days 00:03:10.392631,0.4328077087645212,0.07861675458476158,0.20358075665942357,10.877854836518644,0.3049037081953532,94.61146042672904,1.484226923085714,5.8774721288796,0.1724897251479926,0.03280586071940829,4.343429493003475e-06,0.23886283196880004,190.39251512195915,19,COMPLETE
3087,31.44788237738853,17.43328950806233,2026-10-06 02:09:34.461001,2026-10-06 02:12:46.144839,0 days 00:03:11.683838,0.4919537458910443,0.2284118304472575,0.5667882730348237,11.991629079089469,0.33279388005294136,85.69762729633804,1.080654620868664,41.66154811682372,0.08173395261699556,0.03280586071940829,4.343429493003475e-06,1.1540267369865085,191.68372536357492,19,COMPLETE
3088,37.567512603356455,11.625827419544587,2026-10-06 02:09:34.497120,2026-10-06 02:12:44.286901,0 days 00:03:09.789781,0.51115025563667,0.2284118304472575,0.5667882730348237,5.245413993140336,0.6454873286650737,94.61146042672904,1.484226923085714,23.475624031055144,0.08173395261699556,0.03280586071940829,4.343429493003475e-06,1.1540267369865085,189.78967475425452,19,COMPLETE
3089,42.63325395774113,5.763065633105459,2026-10-06 02:09:35.591158,2026-10-06 02:12:38.958052,0 days 00:03:03.366894,0.51115025563667,0.11036801886930331,0.20358075665942357,18.489161893608337,0.33279388005294136,98.6416708615901,1.484226923085714,14.182822102930093,0.3054149949472662,0.024099244621516126,4.343429493003475e-06,1.1540267369865085,183.36677904985845,19,COMPLETE
3090,26.70048511806096,19.500131113076836,2026-10-06 02:09:36.024009,2026-10-06 02:12:42.471839,0 days 00:03:06.447830,0.51115025563667,0.2284118304472575,0.5667882730348237,18.489161893608337,0.33279388005294136,94.61146042672904,1.180096250393855,41.66154811682372,0.007925456797868324,0.03280586071940829,2.1038771230648366e-06,0.23886283196880004,186.44771743752062,19,COMPLETE
3091,25.202041306865645,24.988568469907825,2026-10-06 02:09:47.723382,2026-10-06 02:13:15.181873,0 days 00:03:27.458491,0.51115025563667,0.2284118304472575,0.807738690329122,18.489161893608337,0.33279388005294136,98.6416708615901,1.180096250393855,14.182822102930093,0.3054149949472662,0.024099244621516126,4.343429493003475e-06,0.23886283196880004,207.45836985018104,19,COMPLETE
3092,,,2026-10-06 02:10:05.493927,2026-10-06 02:10:06.252237,0 days 00:00:00.758310,0.51115025563667,0.9277185443706824,0.5667882730348237,8.556213008137046,0.2395452449940939,85.69762729633804,0.21292518523710352,41.66154811682372,0.3372985396418654,0.03280586071940829,,1.1641020393343318,,19,PRUNED
3093,,,2026-10-06 02:10:06.003996,2026-10-06 02:10:07.007048,0 days 00:00:01.003052,0.51115025563667,0.2284118304472575,0.4120579376102117,21.183844928151355,0.506401025718823,98.6416708615901,1.080654620868664,5.8774721288796,1.0998985259351635,0.0020296660331657777,,1.2974912099205862,,19,PRUNED
3094,25.234520433325518,8.180761714384937,2026-10-06 02:10:06.124008,2026-10-06 02:13:18.371853,0 days 00:03:12.247845,0.51115025563667,0.7186098618255685,0.5667882730348237,5.245413993140336,0.33279388005294136,20.711753000475092,1.484226923085714,5.8774721288796,0.08173395261699556,0.03038027549946027,4.343429493003475e-06,0.07209765487063619,192.24772884696722,19,COMPLETE
3095,22.087033158946006,3.310171113491359,2026-10-06 02:10:06.323225,2026-10-06 02:13:16.282151,0 days 00:03:09.958926,0.2994157425323484,0.8717951055729352,0.4120579376102117,3.841365730501105,0.49063875547777225,4.26052487157042,1.080654620868664,5.8774721288796,0.007925456797868324,0.03280586071940829,2.1038771230648366e-06,0.5064783960385993,189.9588068537414,19,COMPLETE
3096,37.87057361605956,11.60681866986429,2026-10-06 02:10:07.225625,2026-10-06 02:13:21.574468,0 days 00:03:14.348843,0.51115025563667,0.8717951055729352,0.5926143650576037,11.991629079089469,0.33279388005294136,85.69762729633804,1.4690823188003486,35.86671955459044,0.007925456797868324,0.03280586071940829,4.343429493003475e-06,1.2974912099205862,194.34873537998646,19,COMPLETE
3097,35.38051556860311,9.475751686077095,2026-10-06 02:10:07.320980,2026-10-06 02:13:19.949033,0 days 00:03:12.628053,1.2164665116827336,0.9277185443706824,0.5667882730348237,8.556213008137046,0.2395452449940939,85.69762729633804,1.4690823188003486,23.475624031055144,0.08173395261699556,0.03038027549946027,0.00023428333292156852,0.2678812614884665,192.62794332858175,19,COMPLETE
3098,32.13060364939184,20.16222830379786,2026-10-06 02:10:07.917000,2026-10-06 02:13:21.169897,0 days 00:03:13.252897,0.8010869639365119,0.2965654106455736,0.5355047745034431,8.556213008137046,0.2395452449940939,85.69762729633804,0.21292518523710352,20.4004304097776,0.4212595585654096,0.024099244621516126,4.343429493003475e-06,0.739405563829868,193.25279891956598,19,COMPLETE
3099,17.335281770589376,1.1901400130660322,2026-10-06 02:10:07.946984,2026-10-06 02:13:21.577804,0 days 00:03:13.630820,0.4919537458910443,0.2284118304472575,0.019295735112324585,11.991629079089469,0.6087670929915812,85.69762729633804,1.4690823188003486,5.8774721288796,0.08173395261699556,0.03280586071940829,4.343429493003475e-06,1.1540267369865085,193.63073657359928,19,COMPLETE
3100,,,2026-10-06 02:10:08.241766,2026-10-06 02:10:09.051299,0 days 00:00:00.809533,0.8759223953046342,0.2965654106455736,0.5673687007336011,8.556213008137046,0.506401025718823,85.69762729633804,0.21292518523710352,41.66154811682372,1.08805338138702,0.024099244621516126,,1.2974912099205862,,19,PRUNED
3101,34.57434233293945,12.02531006049692,2026-10-06 02:10:08.648292,2026-10-06 02:13:25.743469,0 days 00:03:17.095177,0.51115025563667,0.2284118304472575,0.6235199633230878,11.991629079089469,0.6087670929915812,85.69762729633804,1.4690823188003486,5.8774721288796,0.08173395261699556,0.03038027549946027,4.343429493003475e-06,1.2267307691914986,197.09506891854107,19,COMPLETE
3102,41.595082853242346,7.149039825147474,2026-10-06 02:10:09.070990,2026-10-06 02:13:19.225157,0 days 00:03:10.154167,0.51115025563667,0.8717951055729352,0.4120579376102117,18.489161893608337,0.2395452449940939,98.6416708615901,1.180096250393855,6.2296041386818795,0.3054149949472662,0.03038027549946027,4.343429493003475e-06,1.1540267369865085,190.15406792331487,19,COMPLETE
3103,27.337844750808397,24.239554626159034,2026-10-06 02:10:09.912016,2026-10-06 02:13:21.356326,0 days 00:03:11.444310,0.51115025563667,0.2284118304472575,0.6941922787437008,11.991629079089469,0.33279388005294136,85.69762729633804,1.4690823188003486,23.475624031055144,0.08173395261699556,0.024099244621516126,4.343429493003475e-06,0.7296704665126732,191.4441928397864,19,COMPLETE
3104,30.515504211109413,15.599587739481086,2026-10-06 02:10:10.412993,2026-10-06 02:13:20.228845,0 days 00:03:09.815852,0.4919537458910443,0.2284118304472575,0.5667882730348237,5.245413993140336,0.3049037081953532,85.69762729633804,0.31842513581456366,86.57068482598544,0.007925456797868324,0.03280586071940829,4.343429493003475e-06,1.1540267369865085,189.8157382691279,19,COMPLETE
3105,26.815076272174508,12.415491455064517,2026-10-06 02:10:10.420965,2026-10-06 02:13:22.526070,0 days 00:03:12.105105,0.51115025563667,0.2965654106455736,0.4120579376102117,5.245413993140336,0.33279388005294136,17.20692759015724,1.484226923085714,14.182822102930093,0.3054149949472662,0.024099244621516126,4.343429493003475e-06,1.1540267369865085,192.1049925973639,19,COMPLETE
3106,51.76326051553167,1.4281592435213057,2026-10-06 02:10:11.523987,2026-10-06 02:13:26.735710,0 days 00:03:15.211723,0.8010869639365119,0.19189790819770397,0.2058827674716748,8.556213008137046,0.2395452449940939,85.69762729633804,1.484226923085714,1.4056083189495427,0.06802941049346445,0.04168620955270647,4.343429493003475e-06,0.2678812614884665,195.21161212679,19,COMPLETE
3107,44.749086248631016,5.83829878171411,2026-10-06 02:10:14.455994,2026-10-06 02:13:25.071845,0 days 00:03:10.615851,0.2994157425323484,0.2284118304472575,0.4120579376102117,5.245413993140336,0.6087670929915812,98.6416708615901,1.4690823188003486,5.8774721288796,0.08173395261699556,0.03038027549946027,4.343429493003475e-06,1.4160935622953947,190.6157389152795,19,COMPLETE
3108,43.57926457915481,6.045214673642426,2026-10-06 02:10:25.370159,2026-10-06 02:13:58.013810,0 days 00:03:32.643651,0.9158653711831447,0.15253871416468806,0.4120579376102117,5.245413993140336,0.6087670929915812,94.61146042672904,1.080654620868664,5.8774721288796,0.08173395261699556,0.03038027549946027,2.1038771230648366e-06,1.1540267369865085,212.64352900348604,19,COMPLETE
3109,30.929524366650867,4.0173037985460045,2026-10-06 02:10:41.887019,2026-10-06 02:13:52.982178,0 days 00:03:11.095159,0.51115025563667,0.7186098618255685,0.807738690329122,21.183844928151355,0.2395452449940939,94.61146042672904,1.080654620868664,1.4056083189495427,0.08173395261699556,0.03280586071940829,0.00023428333292156852,0.2678812614884665,191.0950441006571,19,COMPLETE
3110,34.679681614809994,3.763151766696225,2026-10-06 02:10:44.021995,2026-10-06 02:13:57.656057,0 days 00:03:13.634062,0.5079110004197951,0.2284118304472575,0.5667882730348237,18.489161893608337,0.33279388005294136,98.6416708615901,1.180096250393855,23.475624031055144,0.08173395261699556,0.09501319367048242,4.343429493003475e-06,0.2698389446461917,193.63395928125829,19,COMPLETE
3111,,,2026-10-06 02:10:45.211133,2026-10-06 02:10:45.646142,0 days 00:00:00.435009,0.51115025563667,0.8717951055729352,0.807738690329122,18.489161893608337,0.33279388005294136,98.6416708615901,1.080654620868664,14.182822102930093,0.3054149949472662,0.03280586071940829,,0.23886283196880004,,19,PRUNED
