number,values_0,values_1,datetime_start,datetime_complete,duration,params_between_rest_spread,params_c_spread,params_c_val,params_input_force,params_k_between_spread,params_k_between_val,params_k_wall_spread,params_k_wall_val,params_m_spread,params_m_val,params_ridge_alpha,params_wall_rest_spread,user_attrs_duration_sec,system_attrs_NSGAIISampler:generation,state
2463,31.86924736776492,10.152385958447157,2026-10-06 01:45:06.837015,2026-10-06 01:48:15.397157,0 days 00:03:08.560142,0.8010869639365119,0.19189790819770397,0.5667882730348237,13.359444199122356,0.2395452449940939,85.69762729633804,0.5254964135247164,5.299460499774038,0.5860574191614696,0.03038027549946027,4.343429493003475e-06,1.3635581381619835,188.56002896651626,15,COMPLETE
2464,49.35407202602133,2.2879346627914225,2026-10-06 01:45:07.149242,2026-10-06 01:48:21.220963,0 days 00:03:14.071721,0.4919537458910443,1.095910310624944,0.20358075665942357,10.877854836518644,0.2395452449940939,98.6416708615901,0.21292518523710352,5.8774721288796,0.2975664073833317,0.03280586071940829,4.343429493003475e-06,1.1540267369865085,194.07161166053265,15,COMPLETE
2465,27.847052501186965,24.656480363336158,2026-10-06 01:45:07.152974,2026-10-06 01:48:17.754863,0 days 00:03:10.601889,0.51115025563667,0.2284118304472575,0.5667882730348237,11.991629079089469,0.33279388005294136,85.69762729633804,1.080654620868664,41.66154811682372,0.08173395261699556,0.024099244621516126,4.343429493003475e-06,0.7296704665126732,190.60178258549422,15,COMPLETE
2466,45.66829473308728,2.9515048206050407,2026-10-06 01:45:08.420150,2026-10-06 01:48:21.591755,0 days 00:03:13.171605,0.447684485641811,0.19189790819770397,0.20358075665942357,10.877854836518644,0.2395452449940939,98.6416708615901,0.561064291511302,5.8774721288796,0.18077826592376617,0.03038027549946027,2.1038771230648366e-06,1.1540267369865085,193.1714955503121,15,COMPLETE
2467,23.426122791129075,2.470170226123509,2026-10-06 01:45:08.548207,2026-10-06 01:48:18.441884,0 days 00:03:09.893677,1.4644809848335274,0.8717951055729352,0.27586139808560867,18.386910920395536,0.2395452449940939,9.680953151099736,1.484226923085714,5.929327176177734,0.08173395261699556,0.03038027549946027,0.00014447613183128302,1.323184094944831,189.89357474260032,15,COMPLETE
2468,33.65399798621847,8.258116400378894,2026-10-06 01:45:09.112984,2026-10-06 01:48:23.557101,0 days 00:03:14.444117,0.51115025563667,0.2284118304472575,0.5667882730348237,10.877854836518644,0.6454873286650737,85.69762729633804,0.33340743119777205,5.299460499774038,0.08173395261699556,0.03280586071940829,0.00014447613183128302,1.1540267369865085,194.44401005655527,15,COMPLETE
2469,23.609157572880594,1.2717611754394698,2026-10-06 01:45:09.210308,2026-10-06 01:48:20.453847,0 days 00:03:11.243539,0.51115025563667,1.0407567186463922,0.4218655420375557,5.245413993140336,0.33279388005294136,98.6416708615901,1.4690823188003486,14.182822102930093,0.08173395261699556,0.03038027549946027,90.22162807917319,0.7296704665126732,191.24343023542315,15,COMPLETE
2470,49.12160609782629,2.079082130457648,2026-10-06 01:45:09.352006,2026-10-06 01:48:20.570824,0 days 00:03:11.218818,0.447684485641811,0.7186098618255685,0.20358075665942357,10.877854836518644,0.506401025718823,85.69762729633804,1.484226923085714,5.8774721288796,0.2975664073833317,0.03280586071940829,4.343429493003475e-06,1.1540267369865085,191.21872223261744,15,COMPLETE
2471,41.03546164603787,5.876570400062652,2026-10-06 01:45:09.983996,2026-10-06 01:48:18.422405,0 days 00:03:08.438409,1.4644809848335274,0.8717951055729352,0.4120579376102117,18.489161893608337,0.2395452449940939,85.69762729633804,1.484226923085714,19.15408445903519,0.08173395261699556,0.03280586071940829,0.00014447613183128302,1.323184094944831,188.43829468172044,15,COMPLETE
2472,24.31401231212381,24.535099624377825,2026-10-06 01:45:11.701176,2026-10-06 01:48:24.311743,0 days 00:03:12.610567,0.51115025563667,0.2965654106455736,0.807738690329122,21.183844928151355,0.05714116461716917,94.61146042672904,1.080654620868664,45.6508402201298,0.18589067298139156,0.024099244621516126,0.00023455457478105328,1.1540267369865085,192.61046065296978,15,COMPLETE
2473,44.071045902554054,6.094530121511148,2026-10-06 01:45:11.704961,2026-10-06 01:48:21.381422,0 days 00:03:09.676461,0.2994157425323484,0.2284118304472575,0.4120579376102117,5.245413993140336,0.6087670929915812,98.6416708615901,1.4690823188003486,5.8774721288796,0.08173395261699556,0.03038027549946027,4.343429493003475e-06,1.2267307691914986,189.67636472452432,15,COMPLETE
2474,33.17756292636466,16.373018755331994,2026-10-06 01:45:11.708951,2026-10-06 01:48:21.885504,0 days 00:03:10.176553,0.51115025563667,0.2284118304472575,0.5667882730348237,5.245413993140336,0.33279388005294136,98.6416708615901,1.4690823188003486,23.475624031055144,0.08173395261699556,0.03038027549946027,4.343429493003475e-06,0.07209765487063619,190.1764615206048,15,COMPLETE
2475,35.26694648141492,9.664218363902878,2026-10-06 01:45:11.712954,2026-10-06 01:48:18.671684,0 days 00:03:06.958730,0.51115025563667,0.2965654106455736,0.4120579376102117,21.183844928151355,0.2395452449940939,98.6416708615901,1.484226923085714,5.8774721288796,0.18589067298139156,0.024099244621516126,0.00023455457478105328,1.2974912099205862,186.95864175911993,15,COMPLETE
2476,34.33476875242876,11.067619690353233,2026-10-06 01:45:11.716949,2026-10-06 01:48:25.214111,0 days 00:03:13.497162,1.2349294162160471,0.2284118304472575,0.4120579376102117,18.489161893608337,0.2395452449940939,85.69762729633804,1.4690823188003486,14.182822102930093,0.08173395261699556,0.03038027549946027,4.343429493003475e-06,0.6298110096990894,193.49706754740328,15,COMPLETE
2477,30.048870571131157,7.4242173681264365,2026-10-06 01:45:11.720947,2026-10-06 01:48:25.806998,0 days 00:03:14.086051,1.4644809848335274,0.19189790819770397,0.4120579376102117,37.28609341162694,0.4319038627926991,98.6416708615901,1.3460422977121211,23.475624031055144,0.2975664073833317,0.03280586071940829,4.4855461540449864e-05,1.1540267369865085,194.08370858523995,15,COMPLETE
2478,39.01361437634557,7.665246007440623,2026-10-06 01:45:11.724946,2026-10-06 01:48:22.201639,0 days 00:03:10.476693,1.2349294162160471,0.19189790819770397,0.4120579376102117,18.489161893608337,0.4319038627926991,98.6416708615901,1.484226923085714,12.679341468861017,0.08173395261699556,0.03038027549946027,4.4855461540449864e-05,1.1540267369865085,190.4765889570117,15,COMPLETE
2479,26.560574564673328,19.503971931680535,2026-10-06 01:45:12.343001,2026-10-06 01:48:23.760393,0 days 00:03:11.417392,0.51115025563667,0.7186098618255685,0.5667882730348237,21.183844928151355,0.506401025718823,85.69762729633804,0.5658734323915814,41.66154811682372,0.007925456797868324,0.02749864300312601,4.343429493003475e-06,0.06358265473413771,191.41728758532554,15,COMPLETE
2480,49.910162222728225,2.013642431667103,2026-10-06 01:45:42.196897,2026-10-06 01:48:58.597505,0 days 00:03:16.400608,0.447684485641811,0.2965654106455736,0.16041414513537905,10.877854836518644,0.2395452449940939,85.69762729633804,1.484226923085714,5.299460499774038,0.2975664073833317,0.03280586071940829,0.00014447613183128302,1.1540267369865085,196.40050365775824,15,COMPLETE
2481,34.17555662428373,11.847044198351181,2026-10-06 01:45:42.672005,2026-10-06 01:48:56.349887,0 days 00:03:13.677882,0.447684485641811,0.8717951055729352,0.5667882730348237,21.183844928151355,0.33279388005294136,98.6416708615901,1.080654620868664,23.475624031055144,0.04206136129933902,0.03280586071940829,2.1038771230648366e-06,1.1540267369865085,193.67776375077665,15,COMPLETE
2482,37.23216358079658,5.991250973452855,2026-10-06 01:45:45.371988,2026-10-06 01:48:59.332842,0 days 00:03:13.960854,0.51115025563667,0.19189790819770397,0.20358075665942357,18.489161893608337,0.33279388005294136,98.6416708615901,0.21292518523710352,14.182822102930093,0.08173395261699556,0.024099244621516126,0.00014447613183128302,1.1540267369865085,193.96074951533228,15,COMPLETE
2483,32.85248362199965,12.740906313880563,2026-10-06 01:45:46.048987,2026-10-06 01:48:58.065308,0 days 00:03:12.016321,0.51115025563667,0.8717951055729352,0.5667882730348237,14.226158550912755,0.2395452449940939,98.6416708615901,0.21292518523710352,86.57068482598544,0.007925456797868324,0.03280586071940829,0.00014447613183128302,1.2974912099205862,192.01167586352676,15,COMPLETE
2484,45.58706804026347,2.955699641842189,2026-10-06 01:45:46.129979,2026-10-06 01:49:00.697972,0 days 00:03:14.567993,0.2994157425323484,0.8717951055729352,0.4120579376102117,5.245413993140336,0.6454873286650737,98.6416708615901,1.4690823188003486,5.8774721288796,0.08173395261699556,0.03280586071940829,0.00014447613183128302,1.2974912099205862,194.56789289880544,15,COMPLETE
2485,56.36572842130322,1.28273826019691,2026-10-06 01:45:46.221974,2026-10-06 01:48:57.402196,0 days 00:03:11.180222,0.9158653711831447,0.7186098618255685,0.12615106220885586,5.245413993140336,0.2395452449940939,94.61146042672904,1.3303656343791816,5.8774721288796,0.026937100580568585,0.03038027549946027,2.1038771230648366e-06,1.1540267369865085,191.18012267816812,15,COMPLETE
2486,33.53949730187064,5.639171015829693,2026-10-06 01:45:46.875998,2026-10-06 01:49:02.179037,0 days 00:03:15.303039,1.4644809848335274,0.8717951055729352,0.4120579376102117,40.452908466200796,0.4319038627926991,85.69762729633804,1.484226923085714,12.679341468861017,0.08173395261699556,0.03038027549946027,2.1038771230648366e-06,1.2974912099205862,195.30292252544314,15,COMPLETE
2487,38.27262613704542,4.083524018588674,2026-10-06 01:45:47.265383,2026-10-06 01:48:59.064555,0 days 00:03:11.799172,1.4644809848335274,0.7186098618255685,0.4120579376102117,11.991629079089469,0.5868757176764845,85.69762729633804,0.6419517764288287,5.8774721288796,0.3363532514044231,0.03038027549946027,0.00014447613183128302,1.1540267369865085,191.79907216038555,15,COMPLETE
2488,54.15986024424059,1.6439953710728155,2026-10-06 01:45:47.313982,2026-10-06 01:49:00.195480,0 days 00:03:12.881498,0.8010869639365119,0.19189790819770397,0.12615106220885586,8.556213008137046,0.2395452449940939,85.69762729633804,1.484226923085714,1.4056083189495427,0.08173395261699556,0.021966873773064614,2.1038771230648366e-06,0.2678812614884665,192.8813812173903,15,COMPLETE
2489,47.698073961931044,2.3593720957268998,2026-10-06 01:45:49.130999,2026-10-06 01:48:59.103669,0 days 00:03:09.972670,0.51115025563667,0.19189790819770397,0.20358075665942357,10.877854836518644,0.33279388005294136,98.6416708615901,1.484226923085714,5.8774721288796,0.08173395261699556,0.03280586071940829,4.343429493003475e-06,0.7296704665126732,189.97257244121283,15,COMPLETE
2490,24.385734853929343,2.8546941907408536,2026-10-06 01:45:50.152005,2026-10-06 01:48:59.980746,0 days 00:03:09.828741,0.4919537458910443,0.2284118304472575,0.5926143650576037,10.877854836518644,0.2395452449940939,85.69762729633804,1.484226923085714,19.15408445903519,0.3676044917349766,0.03280586071940829,1.6704429451510394,1.323184094944831,189.82862800639123,15,COMPLETE
2491,,,2026-10-06 01:45:50.168169,2026-10-06 01:45:50.750025,0 days 00:00:00.581856,0.8010869639365119,0.7186098618255685,0.807738690329122,21.183844928151355,0.33279388005294136,98.6416708615901,1.4690823188003486,5.8774721288796,0.04206136129933902,0.008616710161854831,,0.30673616238509677,,15,PRUNED
2492,,,2026-10-06 01:45:50.855000,2026-10-06 01:45:52.103059,0 days 00:00:01.248059,0.8010869639365119,0.8717951055729352,0.807738690329122,8.556213008137046,0.33279388005294136,98.6416708615901,1.4690823188003486,6.2296041386818795,0.05021312257377075,0.024099244621516126,,0.6298110096990894,,15,PRUNED
2493,40.590274845145316,9.784410643592112,2026-10-06 01:45:50.975999,2026-10-06 01:49:04.529424,0 days 00:03:13.553425,0.51115025563667,0.8717951055729352,0.5667882730348237,5.245413993140336,0.3049037081953532,94.61146042672904,1.080654620868664,41.66154811682372,0.007925456797868324,0.03280586071940829,2.1038771230648366e-06,1.2974912099205862,193.5533177377656,15,COMPLETE
2494,18.52857103238975,11.12745366258586,2026-10-06 01:45:52.231999,2026-10-06 01:49:05.088463,0 days 00:03:12.856464,1.4644809848335274,0.2965654106455736,0.5667882730348237,18.489161893608337,1.0100642147839411,2.2416211746261823,0.21292518523710352,23.475624031055144,0.4212595585654096,0.03038027549946027,4.343429493003475e-06,1.1540267369865085,192.85636638384312,15,COMPLETE
2495,,,2026-10-06 01:46:05.989015,2026-10-06 01:46:07.408240,0 days 00:00:01.419225,0.51115025563667,0.8717951055729352,0.5667882730348237,21.183844928151355,0.506401025718823,85.69762729633804,1.4690823188003486,41.66154811682372,0.007925456797868324,0.024099244621516126,,1.2974912099205862,,15,PRUNED
2496,51.01268889154203,1.4981299738499803,2026-10-06 01:46:07.438067,2026-10-06 01:49:35.094225,0 days 00:03:27.656158,0.2994157425323484,0.2965654106455736,0.20358075665942357,11.991629079089469,0.5855379267962546,85.69762729633804,1.4690823188003486,1.0385021117334294,0.08173395261699556,0.03280586071940829,4.343429493003475e-06,1.1540267369865085,207.656054248102,15,COMPLETE
2497,33.781382295671236,16.348514701874056,2026-10-06 01:46:20.640015,2026-10-06 01:49:33.064887,0 days 00:03:12.424872,0.51115025563667,0.21606902729252941,0.5926143650576037,18.386910920395536,0.2395452449940939,98.6416708615901,1.2205318815051402,14.182822102930093,0.4212595585654096,0.03038027549946027,4.343429493003475e-06,1.2974912099205862,192.4246718995273,15,COMPLETE
2498,14.865729248452286,3.2500189857188593,2026-10-06 01:46:22.160002,2026-10-06 01:49:37.626325,0 days 00:03:15.466323,1.398274261178729,0.2284118304472575,0.5667882730348237,11.991629079089469,0.6454873286650737,1.27095822362684,1.4690823188003486,5.8774721288796,0.08173395261699556,0.03280586071940829,0.00014447613183128302,1.2974912099205862,195.46622130461037,15,COMPLETE
2499,25.80242504429369,18.1752743562514,2026-10-06 01:46:25.168995,2026-10-06 01:49:35.123816,0 days 00:03:09.954821,0.447684485641811,0.2965654106455736,0.807738690329122,21.183844928151355,0.2395452449940939,98.6416708615901,0.21742557644276223,14.182822102930093,0.08173395261699556,0.03280586071940829,4.343429493003475e-06,1.1540267369865085,189.95472393464297,15,COMPLETE
2500,37.47428782345465,12.866349118301066,2026-10-06 01:46:26.487443,2026-10-06 01:49:40.001997,0 days 00:03:13.514554,0.8010869639365119,0.3233389271032242,0.4120579376102117,8.556213008137046,0.2395452449940939,98.6416708615901,0.7297455375332902,86.57068482598544,0.08173395261699556,0.03038027549946027,4.343429493003475e-06,1.1540267369865085,193.51445855665952,15,COMPLETE
2501,31.44375920353018,12.947320473239738,2026-10-06 01:46:26.751989,2026-10-06 01:49:40.471020,0 days 00:03:13.719031,0.8010869639365119,0.2284118304472575,0.5926143650576037,26.541081498360708,0.33279388005294136,98.6416708615901,1.4690823188003486,5.8774721288796,0.08173395261699556,0.03117740371210349,4.343429493003475e-06,0.30673616238509677,193.7189271254465,15,COMPLETE
2502,47.59804845068457,2.9297552062102836,2026-10-06 01:46:27.319981,2026-10-06 01:49:34.582941,0 days 00:03:07.262960,0.447684485641811,0.19189790819770397,0.20358075665942357,10.877854836518644,0.2395452449940939,98.6416708615901,1.316684949081769,5.8774721288796,0.01803779582655851,0.03038027549946027,2.1038771230648366e-06,1.1540267369865085,187.2628473425284,15,COMPLETE
2503,37.804991752737195,8.828842322328105,2026-10-06 01:46:27.935164,2026-10-06 01:49:40.093993,0 days 00:03:12.158829,1.4644809848335274,0.8717951055729352,0.5667882730348237,18.489161893608337,0.6454873286650737,85.69762729633804,1.3460422977121211,23.475624031055144,0.08173395261699556,0.03038027549946027,0.00014447613183128302,1.2974912099205862,192.15872741490602,15,COMPLETE
2504,35.66043465792936,1.4252131499857796,2026-10-06 01:46:27.938967,2026-10-06 01:49:39.925525,0 days 00:03:11.986558,0.8010869639365119,1.4739361108583653,0.12615106220885586,8.556213008137046,0.33279388005294136,85.69762729633804,1.4690823188003486,19.56920566109079,0.08173395261699556,0.03280586071940829,0.0003750271870227611,0.30673616238509677,191.98645667359233,15,COMPLETE
2505,,,2026-10-06 01:46:28.232984,2026-10-06 01:46:29.505045,0 days 00:00:01.272061,1.4644809848335274,0.8717951055729352,0.5667882730348237,21.183844928151355,0.05714116461716917,85.69762729633804,1.484226923085714,5.8774721288796,0.08173395261699556,0.024541902236748625,,1.2974912099205862,,15,PRUNED
2506,,,2026-10-06 01:46:29.671994,2026-10-06 01:46:30.301051,0 days 00:00:00.629057,0.513301751143903,0.21606902729252941,0.5926143650576037,18.386910920395536,0.33279388005294136,94.61146042672904,0.5931534525200322,14.182822102930093,0.4212595585654096,0.011157037802048402,,0.7296704665126732,,15,PRUNED
2507,27.535093902626937,12.045424549891777,2026-10-06 01:46:30.544003,2026-10-06 01:49:43.129089,0 days 00:03:12.585086,0.8010869639365119,0.19189790819770397,0.5667882730348237,36.13404794078555,0.2395452449940939,98.6416708615901,0.7297455375332902,6.2296041386818795,0.007925456797868324,0.03038027549946027,4.4855461540449864e-05,0.6298110096990894,192.58364692982286,15,COMPLETE
2508,41.03986397648149,6.403106733672519,2026-10-06 01:46:30.547962,2026-10-06 01:49:36.066992,0 days 00:03:05.519030,0.51115025563667,0.19189790819770397,0.20358075665942357,18.489161893608337,0.33279388005294136,98.6416708615901,1.484226923085714,14.182822102930093,0.2975664073833317,0.024099244621516126,0.00014447613183128302,0.7296704665126732,185.51892639510334,15,COMPLETE
2509,45.94976566160159,2.9438029042487712,2026-10-06 01:46:44.015996,2026-10-06 01:50:17.529041,0 days 00:03:33.513045,0.2994157425323484,0.9277185443706824,0.20358075665942357,5.245413993140336,0.5855379267962546,85.69762729633804,0.21292518523710352,20.4004304097776,0.3372985396418654,0.03038027549946027,4.343429493003475e-06,0.739405563829868,213.5129466606304,15,COMPLETE
2510,25.813792728040074,12.742719840010466,2026-10-06 01:46:52.613998,2026-10-06 01:50:01.158065,0 days 00:03:08.544067,0.51115025563667,0.2284118304472575,0.807738690329122,21.183844928151355,0.33279388005294136,94.61146042672904,1.180096250393855,5.5573118824551155,0.18589067298139156,0.024099244621516126,0.00023455457478105328,1.1540267369865085,188.54395604040474,15,COMPLETE
2511,37.10356202041542,4.389296409203524,2026-10-06 01:47:03.048996,2026-10-06 01:50:13.190578,0 days 00:03:10.141582,0.447684485641811,0.3233389271032242,0.20358075665942357,13.359444199122356,0.2395452449940939,85.69762729633804,0.21292518523710352,86.57068482598544,0.08173395261699556,0.03038027549946027,0.00014447613183128302,1.3635581381619835,190.14147482533008,15,COMPLETE
2512,36.209601462293236,11.506919071797967,2026-10-06 01:47:04.615989,2026-10-06 01:50:17.293470,0 days 00:03:12.677481,0.6775759777641851,0.2965654106455736,0.4120579376102117,10.877854836518644,0.2395452449940939,85.69762729633804,0.12486747625813921,20.4004304097776,0.3676044917349766,0.03280586071940829,4.343429493003475e-06,1.1540267369865085,192.6773730451241,15,COMPLETE
2513,36.80895717696492,11.425748578475584,2026-10-06 01:47:08.410004,2026-10-06 01:50:22.043105,0 days 00:03:13.633101,0.51115025563667,0.2965654106455736,0.4218655420375557,5.245413993140336,0.33279388005294136,98.6416708615901,0.21292518523710352,23.475624031055144,0.08173395261699556,0.03038027549946027,4.343429493003475e-06,0.739405563829868,193.63299211859703,15,COMPLETE
2514,,,2026-10-06 01:47:34.251061,2026-10-06 01:47:35.887063,0 days 00:00:01.636002,1.4644809848335274,0.8717951055729352,0.5926143650576037,11.991629079089469,0.6454873286650737,98.6416708615901,1.3460422977121211,86.57068482598544,0.3676044917349766,0.03280586071940829,,1.1540267369865085,,15,PRUNED
2515,31.567966121911997,14.782519859025237,2026-10-06 01:47:35.508012,2026-10-06 01:50:49.657861,0 days 00:03:14.149849,0.51115025563667,0.2965654106455736,0.4120579376102117,18.489161893608337,0.2395452449940939,98.6416708615901,0.21292518523710352,23.475624031055144,0.4212595585654096,0.03038027549946027,0.00014447613183128302,0.18638909618587451,194.14973160158843,15,COMPLETE
2516,,,2026-10-06 01:47:35.626999,2026-10-06 01:48:16.217273,0 days 00:00:40.590274,0.4919537458910443,0.7186098618255685,0.4120579376102117,18.386910920395536,0.6087670929915812,94.61146042672904,0.6419517764288287,5.8774721288796,0.4212595585654096,0.03038027549946027,2.1038771230648366e-06,1.1540267369865085,,15,PRUNED
2517,38.596275071786366,10.047487667704988,2026-10-06 01:47:36.045010,2026-10-06 01:50:47.255940,0 days 00:03:11.210930,0.6775759777641851,0.2284118304472575,0.4120579376102117,8.556213008137046,0.33279388005294136,98.6416708615901,1.4690823188003486,20.4004304097776,0.08173395261699556,0.03280586071940829,4.343429493003475e-06,0.739405563829868,191.21081396192312,15,COMPLETE
2518,40.588362650913616,8.30314612912308,2026-10-06 01:47:37.367009,2026-10-06 01:50:52.689965,0 days 00:03:15.322956,0.8010869639365119,0.7186098618255685,0.4120579376102117,10.877854836518644,0.2395452449940939,85.69762729633804,0.21292518523710352,5.8774721288796,0.3372985396418654,0.03038027549946027,2.1038771230648366e-06,0.2678812614884665,195.32283426541835,15,COMPLETE
2519,,,2026-10-06 01:47:38.394009,2026-10-06 01:47:40.311411,0 days 00:00:01.917402,0.8010869639365119,1.1089375647648705,0.4120579376102117,8.556213008137046,0.6087670929915812,98.6416708615901,0.6419517764288287,1.4056083189495427,0.08173395261699556,0.030464060727282645,,1.1540267369865085,,15,PRUNED
2520,24.236645922844737,12.415385434132268,2026-10-06 01:47:40.049028,2026-10-06 01:50:54.940534,0 days 00:03:14.891506,0.4919537458910443,0.2284118304472575,0.5926143650576037,18.386910920395536,0.6087670929915812,32.420948746522505,1.4690823188003486,5.8774721288796,0.4212595585654096,0.03038027549946027,4.343429493003475e-06,0.7296704665126732,194.89139611646533,15,COMPLETE
