number,values_0,values_1,datetime_start,datetime_complete,duration,params_between_rest_spread,params_c_spread,params_c_val,params_input_force,params_k_between_spread,params_k_between_val,params_k_wall_spread,params_k_wall_val,params_m_spread,params_m_val,params_ridge_alpha,params_wall_rest_spread,user_attrs_duration_sec,system_attrs_NSGAIISampler:generation,state
1696,13.185114783074434,1.2921314429165967,2026-10-06 01:14:59.250003,2026-10-06 01:18:12.140585,0 days 00:03:12.890582,0.06275035677563912,0.4835105352725577,0.2134586502746349,5.245413993140336,0.6688626104060442,3.2236322549240737,0.21292518523710352,7.9874857515804925,0.2975664073833317,0.09765004764801033,1.1762488306807034e-06,0.7296704665126732,192.89047665614635,9,COMPLETE
1697,26.809160869497134,18.041646708739115,2026-10-06 01:14:59.808357,2026-10-06 01:18:15.040841,0 days 00:03:15.232484,0.51115025563667,0.8327378855961567,0.6443949852851695,21.183844928151355,0.2395452449940939,85.69762729633804,1.080654620868664,86.57068482598544,0.04206136129933902,0.03280586071940829,0.00014447613183128302,0.22420936382869971,195.23238280881196,9,COMPLETE
1698,27.940127187320048,12.687817570080012,2026-10-06 01:14:59.811976,2026-10-06 01:18:10.220782,0 days 00:03:10.408806,0.51115025563667,0.3233389271032242,0.6443949852851695,18.489161893608337,0.2395452449940939,98.6416708615901,0.12486747625813921,86.57068482598544,0.08173395261699556,0.05076518757055423,0.00014447613183128302,1.1540267369865085,190.40869828499854,9,COMPLETE
1699,42.25171481927347,2.4991641936939084,2026-10-06 01:15:00.479000,2026-10-06 01:18:12.537529,0 days 00:03:12.058529,0.51115025563667,0.2965654106455736,0.5667882730348237,18.386910920395536,0.2395452449940939,85.69762729633804,1.080654620868664,5.8774721288796,0.6979007106917119,0.09765004764801033,0.00014447613183128302,1.2974912099205862,192.0584337292239,9,COMPLETE
1700,,,2026-10-06 01:15:00.599989,2026-10-06 01:15:39.141072,0 days 00:00:38.541083,0.8010869639365119,1.012439712223232,0.09005234812447538,5.245413993140336,0.6454873286650737,98.6416708615901,0.21292518523710352,1.2001363989388558,0.2975664073833317,0.03280586071940829,4.343429493003475e-06,0.2678812614884665,,9,PRUNED
1701,35.284494096420104,9.738604407875497,2026-10-06 01:15:02.706367,2026-10-06 01:18:14.842988,0 days 00:03:12.136621,0.48893522260329214,0.4774636695198178,0.6443949852851695,11.991629079089469,0.6688626104060442,85.69762729633804,1.191277759964359,5.8774721288796,0.2975664073833317,0.037495759622009746,1.1762488306807034e-06,0.2678812614884665,192.1365231294185,9,COMPLETE
1702,18.14483730695219,1.4283534228601926,2026-10-06 01:15:02.709970,2026-10-06 01:18:11.602854,0 days 00:03:08.892884,0.8010869639365119,0.19189790819770397,0.20358075665942357,8.556213008137046,0.2395452449940939,3.286053631874059,1.191277759964359,11.86468393276075,0.2975664073833317,0.09765004764801033,3.680314106392975e-06,1.1540267369865085,188.89278958179057,9,COMPLETE
1703,34.625738159427655,14.68924014064066,2026-10-06 01:15:03.160004,2026-10-06 01:18:17.014533,0 days 00:03:13.854529,0.51115025563667,0.2965654106455736,0.5662816343755678,11.991629079089469,0.6046626808156426,94.61146042672904,0.9356883984494996,5.8774721288796,0.08173395261699556,0.024099244621516126,4.343429493003475e-06,1.2974912099205862,193.85442174971104,9,COMPLETE
1704,40.74719807044196,1.2659803218729566,2026-10-06 01:15:04.152039,2026-10-06 01:18:16.535791,0 days 00:03:12.383752,0.8010869639365119,0.4774636695198178,0.6443949852851695,5.245413993140336,0.6688626104060442,85.69762729633804,0.21292518523710352,1.2001363989388558,0.2975664073833317,0.09765004764801033,0.0006185581455600675,0.8058674861235949,192.38363705109805,9,COMPLETE
1705,43.43535331874467,1.4569839275254277,2026-10-06 01:15:32.977457,2026-10-06 01:18:46.113444,0 days 00:03:13.135987,0.447684485641811,0.3233389271032242,0.4120579376102117,10.877854836518644,0.2395452449940939,98.6416708615901,0.21292518523710352,1.2001363989388558,0.2975664073833317,0.04949198400447977,0.0006185581455600675,0.2678812614884665,193.13587851636112,9,COMPLETE
1706,30.217460013985317,13.320859464951418,2026-10-06 01:15:33.723125,2026-10-06 01:18:46.391268,0 days 00:03:12.668143,0.447684485641811,0.2965654106455736,0.5662816343755678,21.183844928151355,0.2395452449940939,85.69762729633804,1.484226923085714,20.4004304097776,0.04206136129933902,0.03280586071940829,4.343429493003475e-06,1.1540267369865085,192.66802934370935,9,COMPLETE
1707,,,2026-10-06 01:15:34.612363,2026-10-06 01:16:14.962984,0 days 00:00:40.350621,0.447684485641811,0.3233389271032242,0.2169448017457144,18.489161893608337,1.3299154732757053,46.31102753614511,0.12486747625813921,1.2001363989388558,0.2975664073833317,0.03280586071940829,0.00014447613183128302,1.1540267369865085,,9,PRUNED
1708,43.49344618114144,1.3918133662373438,2026-10-06 01:15:34.615973,2026-10-06 01:18:50.276535,0 days 00:03:15.660562,1.2349294162160471,0.3731992973752525,0.2169448017457144,9.868280842937416,0.3201011955575039,98.6416708615901,0.6419517764288287,19.15408445903519,0.08173395261699556,0.08154377779056482,0.00014447613183128302,0.6069618734849955,195.66047354694456,9,COMPLETE
1709,12.765470238525536,15.500915958785182,2026-10-06 01:15:34.619960,2026-10-06 01:18:46.420780,0 days 00:03:11.800820,1.3426389093843176,0.24837341587000777,0.2169448017457144,9.868280842937416,1.3742805330383008,2.9667093425059705,0.06389754300029743,10.195345414647532,0.4212595585654096,0.006074688503901476,0.004475392410627206,0.21347726672360295,191.80071503017098,9,COMPLETE
1710,28.731317945753023,15.31528772618975,2026-10-06 01:15:35.767997,2026-10-06 01:18:47.054164,0 days 00:03:11.286167,0.51115025563667,0.2965654106455736,0.5667882730348237,21.183844928151355,0.2395452449940939,94.61146042672904,0.6015212784771204,23.475624031055144,0.04206136129933902,0.03280586071940829,0.00027101652831978105,1.2974912099205862,191.28607039619237,9,COMPLETE
1711,29.247345897206866,10.37963512998669,2026-10-06 01:15:36.630116,2026-10-06 01:18:52.820315,0 days 00:03:16.190199,0.269506901710163,0.4835105352725577,0.807738690329122,8.556213008137046,0.2395452449940939,85.69762729633804,1.191277759964359,5.8774721288796,0.2975664073833317,0.03038027549946027,3.680314106392975e-06,0.6536187024702328,196.1901066377759,10,COMPLETE
1712,,,2026-10-06 01:15:36.930010,2026-10-06 01:16:19.710035,0 days 00:00:42.780025,0.447684485641811,0.7186098618255685,0.4120579376102117,18.489161893608337,1.023996822030945,98.6416708615901,0.21292518523710352,5.299460499774038,0.5860574191614696,0.03280586071940829,0.00014447613183128302,1.3635581381619835,,10,PRUNED
1713,30.54261098260348,3.571412400017377,2026-10-06 01:15:37.756983,2026-10-06 01:18:49.277029,0 days 00:03:11.520046,0.447684485641811,0.2965654106455736,0.6443949852851695,18.489161893608337,0.2395452449940939,94.61146042672904,0.954202730608916,1.6224418416697153,0.5860574191614696,0.03280586071940829,0.00014447613183128302,1.3635581381619835,191.51994995679706,10,COMPLETE
1714,39.88817740314365,4.050702917966647,2026-10-06 01:15:37.863002,2026-10-06 01:18:47.603890,0 days 00:03:09.740888,0.51115025563667,0.19189790819770397,0.20358075665942357,8.556213008137046,0.2395452449940939,98.6416708615901,0.21292518523710352,23.475624031055144,0.04206136129933902,0.03038027549946027,1.1636679413290749e-06,0.2678812614884665,189.74078854732215,10,COMPLETE
1715,37.21864826273547,3.9714010810639326,2026-10-06 01:15:37.928189,2026-10-06 01:18:50.358864,0 days 00:03:12.430675,0.447684485641811,0.4835105352725577,0.807738690329122,32.64853952785684,0.2395452449940939,98.6416708615901,0.12486747625813921,5.8774721288796,0.6979007106917119,0.09765004764801033,0.00014447613183128302,1.1540267369865085,192.43058442045003,10,COMPLETE
1716,34.580094562908855,8.405525164525148,2026-10-06 01:15:38.243020,2026-10-06 01:18:47.964036,0 days 00:03:09.721016,0.447684485641811,0.3233389271032242,0.38137530824343724,14.226158550912755,0.2395452449940939,98.6416708615901,0.21292518523710352,11.183475671088102,0.08173395261699556,0.03038027549946027,0.00014447613183128302,1.1540267369865085,189.72091433033347,10,COMPLETE
1717,42.3007052044706,1.9984789106026337,2026-10-06 01:15:39.266223,2026-10-06 01:18:52.761278,0 days 00:03:13.495055,1.2349294162160471,0.2965654106455736,0.4120579376102117,18.489161893608337,0.5047956786898977,98.6416708615901,0.21292518523710352,1.2001363989388558,0.03456435838942262,0.03280586071940829,0.0006185581455600675,1.1540267369865085,193.49496366269886,10,COMPLETE
1718,,,2026-10-06 01:15:40.301130,2026-10-06 01:15:41.033029,0 days 00:00:00.731899,0.2994157425323484,1.012439712223232,0.1347521461063753,27.83110335219568,0.6087670929915812,85.69762729633804,0.21292518523710352,23.475624031055144,0.08173395261699556,0.0011114302039661574,,0.7296704665126732,,10,PRUNED
1719,24.960906520592992,5.298936280988178,2026-10-06 01:15:40.636144,2026-10-06 01:18:53.699041,0 days 00:03:13.062897,0.447684485641811,0.7186098618255685,0.4120579376102117,18.489161893608337,0.2395452449940939,3.035686553650437,1.191277759964359,19.15408445903519,0.5860574191614696,0.03038027549946027,0.00014447613183128302,1.3635581381619835,193.06279952079058,10,COMPLETE
1720,,,2026-10-06 01:15:41.098988,2026-10-06 01:16:17.432135,0 days 00:00:36.333147,0.447684485641811,0.3233389271032242,0.5746779247712646,14.226158550912755,0.2395452449940939,85.69762729633804,1.191277759964359,5.8774721288796,0.6979007106917119,0.024099244621516126,0.00014447613183128302,1.1540267369865085,,10,PRUNED
1721,,,2026-10-06 01:15:41.657998,2026-10-06 01:16:21.506015,0 days 00:00:39.848017,0.447684485641811,0.7186098618255685,0.6443949852851695,18.386910920395536,0.7116282581114635,98.6416708615901,1.191277759964359,5.299460499774038,0.5860574191614696,0.02749864300312601,0.00014447613183128302,1.3635581381619835,,10,PRUNED
1722,33.975355917477565,15.00014649306314,2026-10-06 01:15:42.787154,2026-10-06 01:18:51.692466,0 days 00:03:08.905312,0.51115025563667,0.2965654106455736,0.4120579376102117,18.489161893608337,0.33279388005294136,98.6416708615901,1.4690823188003486,14.182822102930093,0.2975664073833317,0.024099244621516126,0.00014447613183128302,0.7296704665126732,188.9052168559283,10,COMPLETE
1723,44.98078065829085,5.805196107269309,2026-10-06 01:15:42.859995,2026-10-06 01:18:51.297610,0 days 00:03:08.437615,0.2994157425323484,0.7186098618255685,0.4120579376102117,5.245413993140336,0.6087670929915812,94.61146042672904,0.6419517764288287,5.8774721288796,0.08173395261699556,0.03038027549946027,2.1038771230648366e-06,1.1540267369865085,188.43752106186002,10,COMPLETE
1724,,,2026-10-06 01:16:10.466012,2026-10-06 01:16:11.591338,0 days 00:00:01.125326,0.1446352076836424,0.3233389271032242,0.4689551445342811,18.489161893608337,0.2395452449940939,98.6416708615901,0.12486747625813921,86.57068482598544,1.4012973155755857,0.03280586071940829,,1.1540267369865085,,10,PRUNED
1725,,,2026-10-06 01:16:11.591795,2026-10-06 01:16:50.660020,0 days 00:00:39.068225,0.8010869639365119,0.3233389271032242,0.6443949852851695,11.991629079089469,1.3045443957836154,85.69762729633804,0.12486747625813921,3.505300864597476,0.2975664073833317,0.037732353172350436,0.00014447613183128302,1.1540267369865085,,10,PRUNED
1726,28.9697706200078,10.545142378372283,2026-10-06 01:16:14.323984,2026-10-06 01:19:24.985798,0 days 00:03:10.661814,0.8010869639365119,0.3233389271032242,0.6443949852851695,11.991629079089469,0.2395452449940939,85.69762729633804,0.12486747625813921,7.678826333899472,0.08173395261699556,0.03038027549946027,0.00014447613183128302,1.2974912099205862,190.66170054953545,10,COMPLETE
1727,44.58780851923881,2.8845427789611433,2026-10-06 01:16:14.344993,2026-10-06 01:19:25.364009,0 days 00:03:11.019016,0.8010869639365119,0.19189790819770397,0.20358075665942357,8.556213008137046,0.2395452449940939,98.6416708615901,0.21292518523710352,23.475624031055144,0.04206136129933902,0.03280586071940829,0.00014447613183128302,1.2974912099205862,191.01892485376447,10,COMPLETE
1728,35.60656318919164,7.446750396063684,2026-10-06 01:16:14.500018,2026-10-06 01:19:28.543818,0 days 00:03:14.043800,0.447684485641811,0.7186098618255685,0.5667882730348237,10.877854836518644,0.2395452449940939,85.69762729633804,1.080654620868664,5.8774721288796,0.18589067298139156,0.03280586071940829,0.00014447613183128302,1.1540267369865085,194.04369941167533,10,COMPLETE
1729,43.857980910113824,2.822899758280535,2026-10-06 01:16:14.958138,2026-10-06 01:19:29.275827,0 days 00:03:14.317689,0.447684485641811,0.3233389271032242,0.20358075665942357,5.245413993140336,0.2395452449940939,85.69762729633804,0.21292518523710352,14.182822102930093,0.08173395261699556,0.03038027549946027,0.0006185581455600675,1.1540267369865085,194.31758754048496,10,COMPLETE
1730,14.076275374983899,1.2123596002853683,2026-10-06 01:16:15.039770,2026-10-06 01:19:25.247765,0 days 00:03:10.207995,1.1720165517162,0.19189790819770397,0.04400848690713561,18.489161893608337,0.2395452449940939,98.6416708615901,0.21292518523710352,86.57068482598544,0.08173395261699556,0.03280586071940829,0.00014447613183128302,1.1540267369865085,190.20789643004537,10,COMPLETE
1731,42.794484505371464,2.020083609869773,2026-10-06 01:16:15.347995,2026-10-06 01:19:25.005567,0 days 00:03:09.657572,1.4644809848335274,0.8717951055729352,0.20358075665942357,21.183844928151355,0.6454873286650737,98.6416708615901,1.483797134409931,23.475624031055144,0.08173395261699556,0.03280586071940829,0.00014447613183128302,1.2974912099205862,189.65747162606567,10,COMPLETE
1732,47.08296629092598,2.627129868596322,2026-10-06 01:16:15.772109,2026-10-06 01:19:26.494684,0 days 00:03:10.722575,0.8010869639365119,0.19189790819770397,0.20358075665942357,8.556213008137046,0.2395452449940939,98.6416708615901,0.21292518523710352,5.8774721288796,0.08173395261699556,0.03038027549946027,0.00014447613183128302,0.2678812614884665,190.72246330883354,10,COMPLETE
1733,30.43559345192484,16.402099431504332,2026-10-06 01:16:16.420131,2026-10-06 01:19:29.186868,0 days 00:03:12.766737,0.8010869639365119,0.3233389271032242,0.5007349343976268,8.556213008137046,0.2395452449940939,85.69762729633804,0.12486747625813921,86.57068482598544,0.2975664073833317,0.03280586071940829,0.00014447613183128302,0.2678812614884665,192.7666442655027,10,COMPLETE
1734,36.4907049324456,3.0008866031755406,2026-10-06 01:16:17.089169,2026-10-06 01:19:28.232959,0 days 00:03:11.143790,0.8010869639365119,0.2965654106455736,0.4120579376102117,18.386910920395536,0.05714116461716917,85.69762729633804,1.191277759964359,33.58472626369194,0.5182614449347602,0.09765004764801033,3.680314106392975e-06,0.2678812614884665,191.1436910862103,10,COMPLETE
1735,,,2026-10-06 01:16:18.873168,2026-10-06 01:16:57.536027,0 days 00:00:38.662859,0.51115025563667,0.2965654106455736,0.5662816343755678,18.386910920395536,0.2395452449940939,93.5015790200311,1.191277759964359,5.299460499774038,0.5860574191614696,0.02749864300312601,0.00027101652831978105,1.2974912099205862,,10,PRUNED
1736,33.887218485056806,10.693755372678273,2026-10-06 01:16:18.876964,2026-10-06 01:19:29.498495,0 days 00:03:10.621531,0.51115025563667,0.8717951055729352,0.5667882730348237,21.183844928151355,0.2395452449940939,85.69762729633804,1.080654620868664,14.182822102930093,0.18589067298139156,0.03280586071940829,0.00014447613183128302,1.2974912099205862,190.62143648508936,10,COMPLETE
1737,33.12639917893161,7.88462910036369,2026-10-06 01:16:18.880952,2026-10-06 01:19:31.373830,0 days 00:03:12.492878,0.447684485641811,0.4835105352725577,0.4120579376102117,18.386910920395536,0.05714116461716917,85.69762729633804,0.048851250775886146,5.8774721288796,0.08173395261699556,0.03280586071940829,3.680314106392975e-06,1.1540267369865085,192.4927772609517,10,COMPLETE
1738,28.17421940527143,15.441305541237261,2026-10-06 01:16:18.884954,2026-10-06 01:19:30.598503,0 days 00:03:11.713549,0.19630735827449874,0.12091008600230319,0.4120579376102117,24.141306344428255,0.2395452449940939,85.69762729633804,0.21292518523710352,14.182822102930093,0.2975664073833317,0.024099244621516126,0.00014447613183128302,1.1540267369865085,191.71345100738108,10,COMPLETE
1739,,,2026-10-06 01:16:19.684155,2026-10-06 01:16:20.583074,0 days 00:00:00.898919,0.447684485641811,0.7752473105279248,0.6443949852851695,10.877854836518644,0.2395452449940939,98.6416708615901,0.44870530193008085,5.8774721288796,0.08173395261699556,0.012019757306716377,,1.1540267369865085,,10,PRUNED
1740,,,2026-10-06 01:16:20.355198,2026-10-06 01:16:58.150049,0 days 00:00:37.794851,0.447684485641811,0.3233389271032242,0.6443949852851695,10.877854836518644,0.8599287293903397,85.69762729633804,0.34243832346639425,86.57068482598544,0.08173395261699556,0.03280586071940829,0.0006185581455600675,0.2678812614884665,,10,PRUNED
1741,47.64059450383594,1.433542787144201,2026-10-06 01:16:20.511168,2026-10-06 01:19:29.129266,0 days 00:03:08.618098,0.51115025563667,0.19189790819770397,0.20358075665942357,8.556213008137046,0.2395452449940939,98.6416708615901,0.954202730608916,5.8774721288796,0.04206136129933902,0.058790060003480596,0.00014447613183128302,0.2678812614884665,188.6180015699938,10,COMPLETE
1742,22.024271181856292,4.456330318427228,2026-10-06 01:16:20.514962,2026-10-06 01:19:31.643556,0 days 00:03:11.128594,0.447684485641811,0.2965654106455736,0.807738690329122,21.183844928151355,0.6206901613940166,85.69762729633804,1.080654620868664,5.8774721288796,0.04206136129933902,0.03280586071940829,1.3703033310943025,1.2974912099205862,191.12850517313927,10,COMPLETE
1743,38.79822329690859,4.9277502266737,2026-10-06 01:16:20.574973,2026-10-06 01:19:29.684616,0 days 00:03:09.109643,0.51115025563667,0.7752473105279248,0.5799701872746303,11.991629079089469,0.6046626808156426,85.69762729633804,0.9356883984494996,5.8774721288796,0.08173395261699556,0.05076518757055423,4.343429493003475e-06,0.30673616238509677,189.10955568868667,10,COMPLETE
1744,,,2026-10-06 01:16:20.578956,2026-10-06 01:16:57.980935,0 days 00:00:37.401979,1.2349294162160471,0.2965654106455736,0.4120579376102117,18.489161893608337,1.1040776746105074,85.69762729633804,0.21292518523710352,86.57068482598544,0.08173395261699556,0.03280586071940829,0.00014447613183128302,0.49106697335301197,,10,PRUNED
1745,33.10444818026825,6.032309350844088,2026-10-06 01:16:20.583502,2026-10-06 01:19:35.703845,0 days 00:03:15.120343,0.447684485641811,0.2965654106455736,0.4120579376102117,10.877854836518644,0.2395452449940939,85.69762729633804,0.21292518523710352,14.182822102930093,0.2975664073833317,0.037732353172350436,0.003976520989921883,1.1540267369865085,195.12023918516934,10,COMPLETE
1746,43.50069881966953,1.727185124847347,2026-10-06 01:16:20.586944,2026-10-06 01:19:31.520584,0 days 00:03:10.933640,0.8010869639365119,0.19189790819770397,0.20358075665942357,8.556213008137046,0.2395452449940939,85.69762729633804,0.21292518523710352,11.86468393276075,0.08173395261699556,0.05260348166558656,0.0006185581455600675,0.7296704665126732,190.93355030473322,10,COMPLETE
1747,31.825770344775115,12.519033542586428,2026-10-06 01:16:21.744003,2026-10-06 01:19:31.462255,0 days 00:03:09.718252,0.447684485641811,0.3233389271032242,0.6443949852851695,10.877854836518644,0.05714116461716917,98.6416708615901,1.191277759964359,6.196891882186246,0.08173395261699556,0.03280586071940829,2.1038771230648366e-06,1.1540267369865085,189.71815455053002,10,COMPLETE
1748,,,2026-10-06 01:16:51.148168,2026-10-06 01:16:52.015041,0 days 00:00:00.866873,0.447684485641811,1.368562287921577,0.4120579376102117,43.16393610202027,0.2395452449940939,85.69762729633804,0.21292518523710352,14.182822102930093,0.2975664073833317,0.037732353172350436,,1.1540267369865085,,10,PRUNED
1749,35.77205982663192,5.547006578693153,2026-10-06 01:16:51.151976,2026-10-06 01:20:01.075924,0 days 00:03:09.923948,0.447684485641811,0.2965654106455736,0.6443949852851695,18.489161893608337,0.5047956786898977,98.6416708615901,0.12486747625813921,86.57068482598544,0.4212595585654096,0.09765004764801033,0.00014447613183128302,1.1540267369865085,189.9238263135776,10,COMPLETE
1750,40.707472872994764,4.439427801955515,2026-10-06 01:16:51.716038,2026-10-06 01:20:04.988539,0 days 00:03:13.272501,0.447684485641811,0.4835105352725577,0.6443949852851695,18.489161893608337,0.05714116461716917,85.69762729633804,1.191277759964359,5.8774721288796,1.1009498474008426,0.09765004764801033,0.00014447613183128302,1.1540267369865085,193.272395321168,10,COMPLETE
1751,,,2026-10-06 01:16:52.100086,2026-10-06 01:16:52.734352,0 days 00:00:00.634266,0.447684485641811,1.0292977373499244,0.4120579376102117,14.226158550912755,0.2395452449940939,98.6416708615901,0.21292518523710352,36.59230482107002,0.08173395261699556,0.024099244621516126,,1.1540267369865085,,10,PRUNED
1752,38.39599207193711,5.083816583470081,2026-10-06 01:16:52.577114,2026-10-06 01:20:05.430830,0 days 00:03:12.853716,0.51115025563667,0.7186098618255685,0.30743662893637835,18.489161893608337,0.2395452449940939,85.69762729633804,1.080654620868664,23.475624031055144,0.18589067298139156,0.037495759622009746,0.00014447613183128302,1.2974912099205862,192.85361140035093,10,COMPLETE
1753,,,2026-10-06 01:16:52.991587,2026-10-06 01:17:31.826012,0 days 00:00:38.834425,0.51115025563667,0.2284118304472575,0.20358075665942357,13.359444199122356,0.2395452449940939,85.69762729633804,0.12486747625813921,86.57068482598544,0.5860574191614696,0.03038027549946027,4.343429493003475e-06,1.3635581381619835,,10,PRUNED
1754,,,2026-10-06 01:16:54.092985,2026-10-06 01:16:56.442026,0 days 00:00:02.349041,0.447684485641811,0.8717951055729352,0.807738690329122,21.183844928151355,0.33279388005294136,98.6416708615901,1.080654620868664,23.475624031055144,0.08173395261699556,0.03280586071940829,,1.2974912099205862,,10,PRUNED
