number,values_0,values_1,datetime_start,datetime_complete,duration,params_between_rest_spread,params_c_spread,params_c_val,params_input_force,params_k_between_spread,params_k_between_val,params_k_wall_spread,params_k_wall_val,params_m_spread,params_m_val,params_ridge_alpha,params_wall_rest_spread,user_attrs_duration_sec,system_attrs_NSGAIISampler:generation,state
2284,43.33554400048951,5.378977777594142,2026-10-06 01:38:33.734027,2026-10-06 01:41:51.969080,0 days 00:03:18.235053,1.4644809848335274,0.8717951055729352,0.4120579376102117,18.489161893608337,0.2395452449940939,85.69762729633804,1.484226923085714,5.8774721288796,0.08173395261699556,0.03038027549946027,2.1038771230648366e-06,1.2974912099205862,198.2349415468052,14,COMPLETE
2285,,,2026-10-06 01:38:39.708085,2026-10-06 01:38:40.647063,0 days 00:00:00.938978,1.4644809848335274,0.8717951055729352,0.5667882730348237,21.183844928151355,0.33279388005294136,94.61146042672904,1.080654620868664,14.182822102930093,0.08173395261699556,0.024099244621516126,,1.2974912099205862,,14,PRUNED
2286,,,2026-10-06 01:38:40.641042,2026-10-06 01:39:21.569047,0 days 00:00:40.928005,0.51115025563667,0.2965654106455736,0.4120579376102117,18.489161893608337,0.33279388005294136,62.17451587657184,1.4690823188003486,14.182822102930093,0.8125125440688805,0.03280586071940829,2.1038771230648366e-06,0.7296704665126732,,14,PRUNED
2287,,,2026-10-06 01:38:41.224215,2026-10-06 01:38:41.520049,0 days 00:00:00.295834,0.447684485641811,1.1826976646774647,0.4120579376102117,21.183844928151355,0.2395452449940939,98.6416708615901,1.484226923085714,19.15408445903519,0.04206136129933902,0.03038027549946027,,1.323184094944831,,14,PRUNED
2288,,,2026-10-06 01:38:41.270033,2026-10-06 01:38:41.740120,0 days 00:00:00.470087,0.2994157425323484,0.7186098618255685,0.4120579376102117,5.245413993140336,0.6087670929915812,94.61146042672904,0.6419517764288287,35.73996917761916,0.04206136129933902,0.007099697074935287,,1.1540267369865085,,14,PRUNED
2289,,,2026-10-06 01:38:41.662801,2026-10-06 01:38:43.590394,0 days 00:00:01.927593,0.51115025563667,0.2965654106455736,0.20358075665942357,18.489161893608337,1.406736062306313,26.973472692599714,0.21292518523710352,5.8774721288796,0.08173395261699556,0.0064143437625302805,,0.739405563829868,,14,PRUNED
2290,44.84233234402833,5.437790849726352,2026-10-06 01:38:41.795986,2026-10-06 01:41:57.395320,0 days 00:03:15.599334,0.2994157425323484,0.2284118304472575,0.4120579376102117,5.245413993140336,0.6087670929915812,98.6416708615901,1.4690823188003486,5.8774721288796,0.08173395261699556,0.03280586071940829,4.343429493003475e-06,1.2974912099205862,195.59922843426466,14,COMPLETE
2291,44.98078065829085,5.805196107269309,2026-10-06 01:38:41.890015,2026-10-06 01:41:51.785171,0 days 00:03:09.895156,0.2994157425323484,0.7186098618255685,0.4120579376102117,5.245413993140336,0.6087670929915812,94.61146042672904,0.6419517764288287,5.8774721288796,0.08173395261699556,0.03038027549946027,2.1038771230648366e-06,1.1540267369865085,189.8950433144346,14,COMPLETE
2292,25.135529920056236,15.830241488751625,2026-10-06 01:38:42.268104,2026-10-06 01:41:54.381598,0 days 00:03:12.113494,0.447684485641811,0.2965654106455736,0.4120579376102117,10.877854836518644,0.2395452449940939,34.601483166615054,1.4690823188003486,14.182822102930093,0.2975664073833317,0.024099244621516126,0.00014447613183128302,0.5455020894954588,192.11338785942644,14,COMPLETE
2293,,,2026-10-06 01:38:43.049165,2026-10-06 01:39:23.902006,0 days 00:00:40.852841,1.4644809848335274,0.2284118304472575,0.4120579376102117,18.489161893608337,0.2395452449940939,85.69762729633804,1.484226923085714,62.03194928263322,0.08173395261699556,0.03280586071940829,4.32158365307049,1.2974912099205862,,14,PRUNED
2294,,,2026-10-06 01:38:43.052969,2026-10-06 01:38:43.657017,0 days 00:00:00.604048,0.51115025563667,0.7186098618255685,0.807738690329122,18.386910920395536,0.2395452449940939,98.6416708615901,1.191277759964359,14.182822102930093,0.5860574191614696,0.02749864300312601,,1.3635581381619835,,14,PRUNED
2295,39.37005031847757,4.474460614226001,2026-10-06 01:38:43.639118,2026-10-06 01:41:54.280827,0 days 00:03:10.641709,0.447684485641811,0.3233389271032242,0.4120579376102117,14.226158550912755,0.4709528958063388,98.6416708615901,0.21292518523710352,1.5682933081188564,0.08173395261699556,0.024099244621516126,0.00014447613183128302,1.1540267369865085,190.64160594716668,14,COMPLETE
2296,,,2026-10-06 01:38:44.444152,2026-10-06 01:39:22.123078,0 days 00:00:37.678926,0.51115025563667,0.2965654106455736,0.4120579376102117,24.79229744940223,0.8976722754323632,85.69762729633804,1.191277759964359,5.299460499774038,0.2975664073833317,0.02749864300312601,0.00014447613183128302,0.739405563829868,,14,PRUNED
2297,55.20633275463416,1.3661883685808403,2026-10-06 01:38:44.447968,2026-10-06 01:41:54.563231,0 days 00:03:10.115263,0.8010869639365119,0.9277185443706824,0.12615106220885586,8.556213008137046,0.2395452449940939,85.69762729633804,0.21292518523710352,1.4056083189495427,0.3372985396418654,0.03038027549946027,0.00023428333292156852,0.2678812614884665,190.11516769230366,14,COMPLETE
2298,51.072583598455786,2.420758396597203,2026-10-06 01:38:44.451962,2026-10-06 01:41:54.465385,0 days 00:03:10.013423,0.51115025563667,0.19189790819770397,0.20358075665942357,10.877854836518644,0.506401025718823,98.6416708615901,1.484226923085714,5.8774721288796,0.2975664073833317,0.03280586071940829,4.343429493003475e-06,1.1540267369865085,190.01332328654826,14,COMPLETE
2299,38.209675291807784,9.686309492297141,2026-10-06 01:38:45.412147,2026-10-06 01:42:01.071808,0 days 00:03:15.659661,0.8010869639365119,0.8717951055729352,0.5667882730348237,8.556213008137046,0.2395452449940939,98.6416708615901,0.7297455375332902,6.2296041386818795,0.007925456797868324,0.027813652507828794,4.343429493003475e-06,0.6298110096990894,195.6595469294116,14,COMPLETE
2300,1.5948822027636138,1.1740628304284553,2026-10-06 01:38:46.203995,2026-10-06 01:41:59.296840,0 days 00:03:13.092845,0.8010869639365119,0.19189790819770397,0.026760747256437612,8.695206399809345,0.05714116461716917,85.69762729633804,0.561064291511302,5.299460499774038,0.3372985396418654,0.03038027549946027,0.0003750271870227611,1.431513133690221,193.09272896684706,14,COMPLETE
2301,,,2026-10-06 01:38:46.853177,2026-10-06 01:38:47.978043,0 days 00:00:01.124866,0.51115025563667,0.8717951055729352,0.4120579376102117,18.489161893608337,0.2395452449940939,98.6416708615901,1.4690823188003486,5.8774721288796,0.7120230689743223,0.024099244621516126,,0.7296704665126732,,14,PRUNED
2302,41.74059912882626,7.8269081189932725,2026-10-06 01:38:46.856966,2026-10-06 01:41:59.618168,0 days 00:03:12.761202,1.2349294162160471,0.8717951055729352,0.4120579376102117,8.695206399809345,0.2395452449940939,85.69762729633804,1.191277759964359,14.182822102930093,0.08173395261699556,0.03038027549946027,4.343429493003475e-06,0.6298110096990894,192.7611061586067,14,COMPLETE
2303,43.475927687872044,3.1267790309752685,2026-10-06 01:38:46.860956,2026-10-06 01:42:01.534516,0 days 00:03:14.673560,0.51115025563667,0.8717951055729352,0.20358075665942357,11.991629079089469,0.2395452449940939,85.69762729633804,0.6906730980784654,23.475624031055144,0.08173395261699556,0.03280586071940829,0.00014447613183128302,1.3635581381619835,194.6734686261043,14,COMPLETE
2304,,,2026-10-06 01:38:46.879967,2026-10-06 01:38:48.000017,0 days 00:00:01.120050,0.2994157425323484,0.2284118304472575,0.1943506276685539,18.489161893608337,0.33279388005294136,98.6416708615901,1.4690823188003486,10.316788796385984,1.217902318306301,0.03280586071940829,,0.30673616238509677,,14,PRUNED
2305,,,2026-10-06 01:38:46.883961,2026-10-06 01:38:47.213977,0 days 00:00:00.330016,0.6775759777641851,0.2284118304472575,0.5667882730348237,11.991629079089469,0.2395452449940939,85.69762729633804,1.484226923085714,20.4004304097776,0.2975664073833317,0.011866601510211674,,0.739405563829868,,14,PRUNED
2306,49.91234592402759,1.9443555503208396,2026-10-06 01:38:48.209016,2026-10-06 01:41:57.626408,0 days 00:03:09.417392,1.1096214638354214,0.7186098618255685,0.20131862193111866,8.695206399809345,0.4319038627926991,85.69762729633804,1.191277759964359,14.182822102930093,0.08173395261699556,0.03280586071940829,0.00014447613183128302,1.1540267369865085,189.41728282999247,14,COMPLETE
2307,32.614440926390664,6.591140341035006,2026-10-06 01:38:48.212968,2026-10-06 01:41:59.348089,0 days 00:03:11.135121,0.023017979745895256,0.2965654106455736,0.4120579376102117,18.489161893608337,0.2395452449940939,85.69762729633804,1.484226923085714,14.182822102930093,0.08173395261699556,0.03280586071940829,2.1038771230648366e-06,1.1137080086478488,191.1350261811167,14,COMPLETE
2308,,,2026-10-06 01:38:48.274990,2026-10-06 01:39:28.055762,0 days 00:00:39.780772,0.51115025563667,0.8717951055729352,0.5667882730348237,18.386910920395536,0.2395452449940939,1.3371766059354226,1.484226923085714,61.9474173629492,0.08173395261699556,0.03038027549946027,0.00014447613183128302,1.2974912099205862,,14,PRUNED
2309,,,2026-10-06 01:38:48.291116,2026-10-06 01:38:48.779056,0 days 00:00:00.487940,0.51115025563667,0.2965654106455736,0.807738690329122,18.489161893608337,1.1358915389824509,98.6416708615901,0.21292518523710352,23.475624031055144,0.4212595585654096,0.03038027549946027,,1.2974912099205862,,14,PRUNED
2310,33.41320288654441,12.178109006213221,2026-10-06 01:38:48.472001,2026-10-06 01:42:00.339414,0 days 00:03:11.867413,0.51115025563667,0.2284118304472575,0.5667882730348237,11.991629079089469,0.33279388005294136,85.69762729633804,1.4690823188003486,5.8774721288796,0.08173395261699556,0.03038027549946027,4.343429493003475e-06,0.7296704665126732,191.8673079777509,14,COMPLETE
2311,,,2026-10-06 01:38:49.160156,2026-10-06 01:38:49.626167,0 days 00:00:00.466011,1.4644809848335274,0.2284118304472575,0.807738690329122,29.140021971260584,0.6454873286650737,98.6416708615901,1.3460422977121211,23.475624031055144,0.08173395261699556,0.002896045538653008,,0.7296704665126732,,14,PRUNED
2312,,,2026-10-06 01:38:49.163961,2026-10-06 01:38:49.693032,0 days 00:00:00.529071,0.4919537458910443,0.29617537592597154,0.5662816343755678,21.183844928151355,0.5855379267962546,98.6416708615901,1.4690823188003486,20.4004304097776,0.4212595585654096,0.024099244621516126,,1.2974912099205862,,14,PRUNED
2313,,,2026-10-06 01:38:49.167955,2026-10-06 01:38:49.853046,0 days 00:00:00.685091,0.51115025563667,1.1153102693698722,0.807738690329122,8.556213008137046,0.33279388005294136,98.6416708615901,1.4690823188003486,14.182822102930093,0.3372985396418654,0.03038027549946027,,0.7296704665126732,,14,PRUNED
2314,41.4216725204518,3.338967250910796,2026-10-06 01:38:50.016194,2026-10-06 01:41:58.355995,0 days 00:03:08.339801,0.51115025563667,0.2284118304472575,0.12615106220885586,8.556213008137046,0.33279388005294136,85.69762729633804,0.21292518523710352,23.475624031055144,0.3372985396418654,0.024099244621516126,0.0003750271870227611,0.2678812614884665,188.33969807438552,14,COMPLETE
2315,40.54304186516634,9.520259509216947,2026-10-06 01:38:50.019975,2026-10-06 01:42:02.982452,0 days 00:03:12.962477,0.51115025563667,0.2284118304472575,0.4218655420375557,5.245413993140336,0.33279388005294136,98.6416708615901,1.4690823188003486,14.182822102930093,0.08173395261699556,0.03038027549946027,4.343429493003475e-06,0.7296704665126732,192.96237917616963,14,COMPLETE
2316,30.64706222307086,20.16676429685947,2026-10-06 01:38:50.023950,2026-10-06 01:42:02.679135,0 days 00:03:12.655185,0.4919537458910443,0.2284118304472575,0.5926143650576037,10.877854836518644,0.33279388005294136,85.69762729633804,0.12486747625813921,86.57068482598544,0.3676044917349766,0.03280586071940829,4.343429493003475e-06,1.1540267369865085,192.65508133918047,14,COMPLETE
2317,54.57129785731657,1.3482189889039997,2026-10-06 01:38:50.027952,2026-10-06 01:41:55.485822,0 days 00:03:05.457870,0.8010869639365119,0.7186098618255685,0.12615106220885586,5.245413993140336,0.2395452449940939,85.69762729633804,0.561064291511302,5.8774721288796,0.026937100580568585,0.03038027549946027,2.1038771230648366e-06,1.1540267369865085,185.45766577962786,14,COMPLETE
2318,19.232496321500683,9.071388021329676,2026-10-06 01:38:50.052978,2026-10-06 01:42:01.518823,0 days 00:03:11.465845,0.4919537458910443,0.2965654106455736,0.5667882730348237,11.991629079089469,0.2395452449940939,10.142679240590038,1.3460422977121211,14.182822102930093,0.08173395261699556,0.03280586071940829,0.00014447613183128302,0.7296704665126732,191.4657481275499,14,COMPLETE
2319,24.838653893116224,23.571094149075137,2026-10-06 01:39:18.383155,2026-10-06 01:42:30.503621,0 days 00:03:12.120466,0.51115025563667,0.2284118304472575,0.807738690329122,18.489161893608337,0.33279388005294136,85.69762729633804,1.4690823188003486,14.182822102930093,0.08173395261699556,0.024099244621516126,4.343429493003475e-06,0.7296704665126732,192.1203517979011,14,COMPLETE
2320,44.52000227336669,4.241906164126729,2026-10-06 01:39:21.498998,2026-10-06 01:42:36.164484,0 days 00:03:14.665486,0.51115025563667,0.2965654106455736,0.20358075665942357,13.359444199122356,0.2395452449940939,85.69762729633804,1.191277759964359,5.299460499774038,0.18589067298139156,0.024099244621516126,0.00023455457478105328,1.3635581381619835,194.66538831125945,14,COMPLETE
2321,52.190058681312145,1.898189498737663,2026-10-06 01:39:21.604136,2026-10-06 01:42:31.388249,0 days 00:03:09.784113,0.51115025563667,0.2965654106455736,0.16041414513537905,10.877854836518644,0.2395452449940939,85.69762729633804,1.484226923085714,5.299460499774038,0.4212595585654096,0.03028084389712506,0.00014447613183128302,1.1540267369865085,189.7839992651716,14,COMPLETE
2322,35.40187338911918,14.260078473866054,2026-10-06 01:39:22.276986,2026-10-06 01:42:32.455834,0 days 00:03:10.178848,0.51115025563667,0.2284118304472575,0.5667882730348237,11.991629079089469,0.6454873286650737,98.6416708615901,1.4690823188003486,23.475624031055144,0.08173395261699556,0.03280586071940829,4.343429493003475e-06,1.1540267369865085,190.17875115573406,14,COMPLETE
2323,40.75610839716093,8.000998803957929,2026-10-06 01:39:22.537464,2026-10-06 01:42:38.159848,0 days 00:03:15.622384,0.51115025563667,0.2965654106455736,0.4120579376102117,18.489161893608337,0.2395452449940939,98.6416708615901,1.484226923085714,5.8774721288796,0.2975664073833317,0.03280586071940829,2.1038771230648366e-06,1.2974912099205862,195.62226970121264,14,COMPLETE
2324,30.73966959809129,19.403688957392088,2026-10-06 01:39:23.057162,2026-10-06 01:42:36.877667,0 days 00:03:13.820505,0.9476506359660919,0.2284118304472575,0.5667882730348237,11.991629079089469,0.33279388005294136,85.69762729633804,1.4690823188003486,23.475624031055144,0.08173395261699556,0.024099244621516126,4.343429493003475e-06,0.7296704665126732,193.82040618453175,14,COMPLETE
2325,48.479059140519254,1.7219445252674124,2026-10-06 01:39:23.060969,2026-10-06 01:42:34.264135,0 days 00:03:11.203166,0.447684485641811,0.29617537592597154,0.1347521461063753,8.556213008137046,0.2395452449940939,98.6416708615901,1.191277759964359,19.15408445903519,0.4212595585654096,0.03280586071940829,0.00014447613183128302,1.1540267369865085,191.20306981820613,14,COMPLETE
2326,50.981265891079076,2.031389239947773,2026-10-06 01:39:23.064954,2026-10-06 01:42:31.283334,0 days 00:03:08.218380,0.9158653711831447,0.2965654106455736,0.1347521461063753,8.695206399809345,0.05714116461716917,85.69762729633804,0.7601876301213608,5.299460499774038,0.18589067298139156,0.024099244621516126,2.1038771230648366e-06,1.1540267369865085,188.21827363129705,14,COMPLETE
2327,29.691030143543202,9.897139054449184,2026-10-06 01:39:23.068953,2026-10-06 01:42:35.801146,0 days 00:03:12.732193,0.51115025563667,0.2284118304472575,0.807738690329122,18.489161893608337,0.33279388005294136,98.6416708615901,1.4690823188003486,3.0371252875236934,0.08173395261699556,0.03280586071940829,4.343429493003475e-06,0.30673616238509677,192.7320821415633,14,COMPLETE
2328,33.76637616908411,10.336429048650361,2026-10-06 01:39:23.925993,2026-10-06 01:42:32.803198,0 days 00:03:08.877205,0.51115025563667,0.7186098618255685,0.5662816343755678,18.489161893608337,0.33279388005294136,98.6416708615901,1.191277759964359,5.299460499774038,0.2975664073833317,0.02749864300312601,0.00014447613183128302,0.01111193248700093,188.87710576318204,14,COMPLETE
2329,51.352689837732285,1.5012630217875595,2026-10-06 01:39:24.730147,2026-10-06 01:42:36.034316,0 days 00:03:11.304169,0.8010869639365119,0.19189790819770397,0.12615106220885586,8.556213008137046,0.2395452449940939,98.6416708615901,1.2898828018697517,14.182822102930093,0.08173395261699556,0.03038027549946027,4.343429493003475e-06,0.7296704665126732,191.30407335609198,14,COMPLETE
2330,35.73044312586454,6.238143961135926,2026-10-06 01:39:25.415991,2026-10-06 01:42:37.220918,0 days 00:03:11.804927,1.4644809848335274,0.8717951055729352,0.4120579376102117,18.489161893608337,0.2395452449940939,85.69762729633804,0.21292518523710352,14.182822102930093,0.08173395261699556,0.03280586071940829,0.00014447613183128302,1.2974912099205862,191.80482333991677,14,COMPLETE
2331,27.07839216587352,1.3384279948218272,2026-10-06 01:39:25.951995,2026-10-06 01:42:36.922666,0 days 00:03:10.970671,1.3103440211724964,0.36609841613959715,0.12615106220885586,41.477862298194694,0.2395452449940939,85.69762729633804,0.21292518523710352,3.4986940086270097,0.3372985396418654,0.03280586071940829,0.0003750271870227611,0.2678812614884665,190.97057076822966,14,COMPLETE
2332,,,2026-10-06 01:39:27.892001,2026-10-06 01:39:29.002042,0 days 00:00:01.110041,0.9533005265514558,0.2965654106455736,0.4120579376102117,10.877854836518644,0.7417809551097683,98.6416708615901,1.484226923085714,19.15408445903519,0.4212595585654096,0.0064143437625302805,,1.1540267369865085,,14,PRUNED
2333,,,2026-10-06 01:39:28.434004,2026-10-06 01:40:05.523049,0 days 00:00:37.089045,0.447684485641811,0.19189790819770397,0.12615106220885586,21.183844928151355,0.33279388005294136,98.6416708615901,0.21292518523710352,1.4056083189495427,0.3372985396418654,0.019798915588989493,2.1038771230648366e-06,1.1540267369865085,,14,PRUNED
2334,,,2026-10-06 01:39:29.022996,2026-10-06 01:39:30.440055,0 days 00:00:01.417059,0.51115025563667,1.1628969870742645,0.5667882730348237,21.183844928151355,0.2395452449940939,85.69762729633804,0.4813578171798332,41.66154811682372,0.4212595585654096,0.03038027549946027,,0.18638909618587451,,14,PRUNED
2335,51.785165512216096,1.5596417657152153,2026-10-06 01:39:30.482012,2026-10-06 01:42:37.381542,0 days 00:03:06.899530,0.8010869639365119,0.19189790819770397,0.1788759051313835,8.556213008137046,0.2395452449940939,85.69762729633804,0.21292518523710352,1.4056083189495427,0.3372985396418654,0.03038027549946027,0.0003750271870227611,0.2678812614884665,186.89942981302738,14,COMPLETE
2336,40.95475723498737,7.8411197392222025,2026-10-06 01:39:51.686318,2026-10-06 01:43:05.082886,0 days 00:03:13.396568,1.4644809848335274,0.8717951055729352,0.5667882730348237,21.183844928151355,0.2395452449940939,85.69762729633804,1.484226923085714,5.8774721288796,0.08173395261699556,0.03280586071940829,2.1038771230648366e-06,1.2974912099205862,193.39645530004054,14,COMPLETE
2337,50.31771207486368,1.580550713968362,2026-10-06 01:39:57.424183,2026-10-06 01:43:09.292796,0 days 00:03:11.868613,0.8010869639365119,0.2284118304472575,0.12615106220885586,8.556213008137046,0.2395452449940939,98.6416708615901,0.21292518523710352,5.8774721288796,0.3372985396418654,0.03038027549946027,0.0003750271870227611,0.30673616238509677,191.8684846702963,14,COMPLETE
2338,44.025348657541166,1.6233492833487022,2026-10-06 01:39:58.201013,2026-10-06 01:43:11.618965,0 days 00:03:13.417952,0.8010869639365119,1.171022743941775,0.12615106220885586,8.556213008137046,0.33279388005294136,85.69762729633804,1.191277759964359,5.8774721288796,0.2975664073833317,0.03038027549946027,0.00014447613183128302,0.2678812614884665,193.41783312801272,14,COMPLETE
2339,,,2026-10-06 01:39:58.218975,2026-10-06 01:39:59.654037,0 days 00:00:01.435062,0.4919537458910443,1.0756685011566556,0.807738690329122,26.32081026796135,0.33279388005294136,98.6416708615901,0.21292518523710352,14.182822102930093,0.08173395261699556,0.03038027549946027,,0.7296704665126732,,14,PRUNED
2340,0.31686901349486113,1.1542853744264367,2026-10-06 01:39:59.572006,2026-10-06 01:43:13.214368,0 days 00:03:13.642362,0.8010869639365119,0.19189790819770397,0.017146941746934916,18.489161893608337,0.2395452449940939,85.69762729633804,0.21292518523710352,1.4056083189495427,0.3372985396418654,0.03280586071940829,0.00014447613183128302,1.1540267369865085,193.6422643661499,14,COMPLETE
2341,31.15387682674474,18.08726126798626,2026-10-06 01:39:59.929078,2026-10-06 01:43:12.763810,0 days 00:03:12.834732,0.4919537458910443,0.21606902729252941,0.5926143650576037,18.386910920395536,0.33279388005294136,94.61146042672904,1.2205318815051402,14.182822102930093,0.4212595585654096,0.03038027549946027,4.343429493003475e-06,0.7296704665126732,192.83461837098002,14,COMPLETE
2342,40.648358065132655,3.2308669154480603,2026-10-06 01:40:02.717990,2026-10-06 01:43:15.194336,0 days 00:03:12.476346,0.51115025563667,0.19189790819770397,0.20358075665942357,13.359444199122356,0.2395452449940939,85.69762729633804,0.21292518523710352,5.299460499774038,0.08173395261699556,0.03038027549946027,4.343429493003475e-06,0.7296704665126732,192.47624315228313,14,COMPLETE
2343,35.282006739211376,10.113866618715667,2026-10-06 01:40:04.132989,2026-10-06 01:43:16.852930,0 days 00:03:12.719941,0.447684485641811,0.2284118304472575,0.4120579376102117,21.183844928151355,0.33279388005294136,98.6416708615901,1.484226923085714,14.182822102930093,0.08173395261699556,0.03280586071940829,2.1038771230648366e-06,1.1137080086478488,192.71984028164297,14,COMPLETE
