number,values_0,values_1,datetime_start,datetime_complete,duration,params_between_rest_spread,params_c_spread,params_c_val,params_input_force,params_k_between_spread,params_k_between_val,params_k_wall_spread,params_k_wall_val,params_m_spread,params_m_val,params_ridge_alpha,params_wall_rest_spread,user_attrs_duration_sec,system_attrs_NSGAIISampler:generation,state
4300,56.303544611314734,1.3934625316780798,2026-10-06 02:56:20.304128,2026-10-06 02:59:35.990131,0 days 00:03:15.686003,0.51115025563667,0.2540217665087086,0.12615106220885586,5.343050688320007,0.33279388005294136,94.61146042672904,1.2898828018697517,1.4056083189495427,0.08173395261699556,0.021966873773064614,4.343429493003475e-06,1.1067474951427965,195.6858826316893,27,COMPLETE
4301,,,2026-10-06 02:56:21.045383,2026-10-06 02:56:59.657046,0 days 00:00:38.611663,0.51115025563667,0.2965654106455736,0.807738690329122,8.556213008137046,0.6087670929915812,98.6416708615901,1.080654620868664,35.86671955459044,0.3161737300984912,0.03280586071940829,4.343429493003475e-06,0.7699502779177346,,27,PRUNED
4302,43.18859708683325,7.438435764579732,2026-10-06 02:56:21.716145,2026-10-06 02:59:31.645287,0 days 00:03:09.929142,1.1546551456676255,0.8717951055729352,0.5667882730348237,11.991629079089469,0.33279388005294136,98.6416708615901,1.484226923085714,5.8774721288796,0.007925456797868324,0.03038027549946027,4.343429493003475e-06,1.1540267369865085,189.929010652937,27,COMPLETE
4303,,,2026-10-06 02:56:23.348608,2026-10-06 02:56:24.235062,0 days 00:00:00.886454,0.8010869639365119,0.9277185443706824,0.5926143650576037,11.991629079089469,0.2395452449940939,85.69762729633804,0.21292518523710352,35.86671955459044,0.3372985396418654,0.03038027549946027,,0.7699502779177346,,27,PRUNED
4304,41.88486305827597,1.2967231845029283,2026-10-06 02:56:23.669988,2026-10-06 02:59:34.452784,0 days 00:03:10.782796,0.8010869639365119,0.7186098618255685,0.057477945880486096,5.245413993140336,0.6087670929915812,98.6416708615901,1.484226923085714,5.8774721288796,0.026937100580568585,0.03038027549946027,2.1038771230648366e-06,1.1540267369865085,190.78268276527524,27,COMPLETE
4305,17.16119357687653,4.642519326368986,2026-10-06 02:56:23.710127,2026-10-06 02:59:39.663099,0 days 00:03:15.952972,0.51115025563667,0.07861675458476158,0.807738690329122,21.183844928151355,0.33279388005294136,94.61146042672904,1.080654620868664,45.6508402201298,0.007925456797868324,0.03280586071940829,34.57210784025407,1.2974912099205862,195.95286170579493,27,COMPLETE
4306,49.272465599870124,4.227599567340905,2026-10-06 02:56:23.713954,2026-10-06 02:59:35.285828,0 days 00:03:11.571874,0.8010869639365119,0.2965654106455736,0.3276168645052474,8.556213008137046,0.2395452449940939,98.6416708615901,1.484226923085714,5.8774721288796,0.4212595585654096,0.03280586071940829,4.343429493003475e-06,1.1540267369865085,191.57175682578236,27,COMPLETE
4307,49.484712490782115,3.0515409173167085,2026-10-06 02:56:23.717944,2026-10-06 02:59:33.850883,0 days 00:03:10.132939,0.51115025563667,0.7186098618255685,0.2345370319995722,5.245413993140336,0.33279388005294136,85.69762729633804,1.080654620868664,5.8774721288796,0.08173395261699556,0.03038027549946027,4.343429493003475e-06,0.7296704665126732,190.13284195400774,27,COMPLETE
4308,29.42488953444241,11.771601431816922,2026-10-06 02:56:24.591996,2026-10-06 02:59:35.611019,0 days 00:03:11.019023,0.32522926579248107,0.2965654106455736,0.4120579376102117,30.233678903872228,0.33279388005294136,94.61146042672904,0.4310039114141224,19.15408445903519,0.15450841561573675,0.03038027549946027,2.4753382926557117e-06,1.1540267369865085,191.01890368480235,27,COMPLETE
4309,53.14626768921649,2.159821429227245,2026-10-06 02:56:24.658000,2026-10-06 02:59:36.621836,0 days 00:03:11.963836,0.8010869639365119,0.7186098618255685,0.2345370319995722,5.245413993140336,0.6087670929915812,94.61146042672904,1.4690823188003486,7.242018006177657,0.08173395261699556,0.03038027549946027,4.343429493003475e-06,1.1540267369865085,191.96372232213616,27,COMPLETE
4310,,,2026-10-06 02:56:26.383986,2026-10-06 02:56:27.626065,0 days 00:00:01.242079,0.7407180681038071,0.21606902729252941,0.5926143650576037,11.991629079089469,0.0374732018879228,85.69762729633804,1.484226923085714,35.86671955459044,1.1230248682112611,0.03038027549946027,,0.7699502779177346,,27,PRUNED
4311,38.740472422141636,10.37306855831014,2026-10-06 02:56:27.927994,2026-10-06 02:59:39.428987,0 days 00:03:11.500993,0.9158653711831447,0.21606902729252941,0.4120579376102117,8.556213008137046,0.6087670929915812,98.6416708615901,1.080654620868664,35.86671955459044,0.007925456797868324,0.03280586071940829,4.343429493003475e-06,0.7699502779177346,191.50088011845946,27,COMPLETE
4312,28.292091964898418,7.799841832994806,2026-10-06 02:56:44.364013,2026-10-06 03:00:11.144939,0 days 00:03:26.780926,0.9158653711831447,0.07861675458476158,0.807738690329122,8.7591730648925,0.6087670929915812,70.4805892304663,1.3833532981979104,5.8774721288796,0.41426397457632813,0.03038027549946027,4.343429493003475e-06,1.2974912099205862,206.78079872205853,27,COMPLETE
4313,37.6757697974915,8.928706419227533,2026-10-06 02:56:55.688023,2026-10-06 03:00:09.525874,0 days 00:03:13.837851,0.7407180681038071,0.21606902729252941,0.4120579376102117,5.245413993140336,0.33279388005294136,98.6416708615901,0.7297455375332902,35.86671955459044,0.2975664073833317,0.03038027549946027,4.343429493003475e-06,1.1540267369865085,193.83771925326437,27,COMPLETE
4314,31.08386819719915,4.12708881707391,2026-10-06 02:56:57.704140,2026-10-06 03:00:11.935987,0 days 00:03:14.231847,0.7407180681038071,0.21606902729252941,0.4120579376102117,10.877854836518644,0.2395452449940939,98.6416708615901,1.484226923085714,19.15408445903519,0.2975664073833317,0.03038027549946027,0.07198851762752075,0.9434687294544668,194.231744652614,27,COMPLETE
4315,38.84663290093574,6.801142929357837,2026-10-06 02:56:58.105054,2026-10-06 03:00:14.193553,0 days 00:03:16.088499,0.08588632684820924,0.8715336252138003,0.4120579376102117,5.245413993140336,0.6087670929915812,98.6416708615901,0.7297455375332902,19.15408445903519,0.08173395261699556,0.03038027549946027,4.343429493003475e-06,0.23886283196880004,196.08838157635182,27,COMPLETE
4316,47.69189307804546,2.47667622351377,2026-10-06 02:56:58.242985,2026-10-06 03:00:11.550071,0 days 00:03:13.307086,0.9158653711831447,0.21606902729252941,0.4120579376102117,5.245413993140336,0.641862456088408,94.61146042672904,0.7257345409495506,1.1445112738702679,0.026937100580568585,0.03038027549946027,2.1038771230648366e-06,0.7699502779177346,193.30697240494192,27,COMPLETE
4317,,,2026-10-06 02:56:59.456997,2026-10-06 02:57:00.099429,0 days 00:00:00.642432,0.8010869639365119,0.879195894019239,0.5673687007336011,10.877854836518644,0.2395452449940939,98.6416708615901,0.7297455375332902,35.86671955459044,0.2975664073833317,0.024099244621516126,,0.7699502779177346,,27,PRUNED
4318,31.566585546672478,6.691787958757282,2026-10-06 02:57:00.549666,2026-10-06 03:00:12.967856,0 days 00:03:12.418190,0.51115025563667,0.07861675458476158,0.4120579376102117,21.183844928151355,0.6087670929915812,98.6416708615901,1.080654620868664,5.8774721288796,0.3054149949472662,0.03280586071940829,2.1038771230648366e-06,0.23886283196880004,192.41807300318033,27,COMPLETE
4319,32.20479838167257,12.2077201160069,2026-10-06 02:57:00.573124,2026-10-06 03:00:11.544846,0 days 00:03:10.971722,0.32522926579248107,0.07861675458476158,0.4120579376102117,21.183844928151355,0.33279388005294136,94.61146042672904,1.080654620868664,19.15408445903519,0.007925456797868324,0.03038027549946027,2.1038771230648366e-06,1.2974912099205862,190.97160132601857,27,COMPLETE
4320,,,2026-10-06 02:57:00.576952,2026-10-06 02:57:01.166062,0 days 00:00:00.589110,0.51115025563667,0.21606902729252941,0.807738690329122,8.556213008137046,0.2395452449940939,98.6416708615901,1.080654620868664,35.86671955459044,0.8526362352834228,0.03280586071940829,,0.7699502779177346,,27,PRUNED
4321,49.03381186941202,3.308163973775153,2026-10-06 02:57:00.580947,2026-10-06 03:00:12.434821,0 days 00:03:11.853874,0.8010869639365119,0.2965654106455736,0.23909991869802522,5.245413993140336,0.33279388005294136,94.61146042672904,1.484226923085714,19.15408445903519,0.15450841561573675,0.03038027549946027,4.343429493003475e-06,1.1540267369865085,191.85377707146108,27,COMPLETE
4322,38.83527557730631,11.486160459671613,2026-10-06 02:57:00.748128,2026-10-06 03:00:17.067836,0 days 00:03:16.319708,0.7407180681038071,0.7186098618255685,0.5926143650576037,10.877854836518644,0.33279388005294136,98.6416708615901,1.484226923085714,23.785764952890176,0.2975664073833317,0.03280586071940829,4.343429493003475e-06,1.1540267369865085,196.31959701608866,27,COMPLETE
4323,,,2026-10-06 02:57:01.370980,2026-10-06 02:58:57.094070,0 days 00:01:55.723090,0.51115025563667,0.48628333026250986,0.4120579376102117,12.214752017762354,0.33279388005294136,98.6416708615901,1.484226923085714,45.6508402201298,0.08173395261699556,0.03038027549946027,39.55790056880107,1.1540267369865085,,27,PRUNED
4324,,,2026-10-06 02:57:01.981979,2026-10-06 02:57:02.255987,0 days 00:00:00.274008,0.8010869639365119,0.8717951055729352,0.5667882730348237,8.556213008137046,0.33279388005294136,98.6416708615901,0.5618820688642482,5.8774721288796,0.4212595585654096,0.03038027549946027,,1.1540267369865085,,27,PRUNED
4325,23.031436110870395,21.126829637664017,2026-10-06 02:57:02.067984,2026-10-06 03:00:16.969560,0 days 00:03:14.901576,0.51115025563667,0.19189790819770397,0.5667882730348237,46.44817162114814,0.33279388005294136,98.6416708615901,1.080654620868664,45.6508402201298,0.2975664073833317,0.03280586071940829,4.343429493003475e-06,0.23886283196880004,194.90146541502327,27,COMPLETE
4326,22.233415119487553,1.420158017536146,2026-10-06 02:57:02.607999,2026-10-06 03:00:16.919859,0 days 00:03:14.311860,0.51115025563667,0.2284118304472575,0.5667882730348237,5.343050688320007,0.33279388005294136,85.69762729633804,1.080654620868664,5.8774721288796,0.08173395261699556,0.03038027549946027,1.853029936540448,1.1540267369865085,194.31173032708466,27,COMPLETE
4327,38.366749928323,11.632316398631993,2026-10-06 02:57:03.124167,2026-10-06 03:00:10.592291,0 days 00:03:07.468124,0.51115025563667,0.2965654106455736,0.4120579376102117,10.877854836518644,0.33279388005294136,94.61146042672904,1.080654620868664,45.6508402201298,0.3676044917349766,0.03280586071940829,4.343429493003475e-06,1.3890637168667692,187.46800578106195,27,COMPLETE
4328,47.32135743121013,3.3935390258741664,2026-10-06 02:57:03.299986,2026-10-06 03:00:13.945068,0 days 00:03:10.645082,0.51115025563667,0.7186098618255685,0.4120579376102117,5.245413993140336,0.6087670929915812,94.61146042672904,0.6419517764288287,2.0570961625575306,0.08173395261699556,0.03038027549946027,4.343429493003475e-06,1.1326930437381635,190.6449550902471,27,COMPLETE
4329,44.1616399678564,1.7818431332505007,2026-10-06 02:57:04.524165,2026-10-06 03:00:18.009512,0 days 00:03:13.485347,0.12067500880650722,0.8715336252138003,0.4120579376102117,5.245413993140336,0.16378282016465429,98.6416708615901,0.6419517764288287,5.8774721288796,0.08173395261699556,0.073688313421884,2.1038771230648366e-06,0.7699502779177346,193.48523551318794,27,COMPLETE
4330,33.564067165003664,18.99019343135004,2026-10-06 02:57:04.527966,2026-10-06 03:00:16.143483,0 days 00:03:11.615517,0.9158653711831447,0.21606902729252941,0.5926143650576037,11.991629079089469,0.33279388005294136,98.6416708615901,1.4690823188003486,35.86671955459044,0.33080528339894105,0.03038027549946027,2.1038771230648366e-06,0.7699502779177346,191.61540823802352,27,COMPLETE
4331,,,2026-10-06 02:57:05.231003,2026-10-06 02:57:06.626079,0 days 00:00:01.395076,0.51115025563667,1.4507110231365345,0.5667882730348237,5.245413993140336,0.6087670929915812,94.61146042672904,0.7518185550990375,5.8774721288796,0.007925456797868324,0.03038027549946027,,1.2974912099205862,,27,PRUNED
4332,28.794964761642824,16.75225828694662,2026-10-06 02:57:05.980012,2026-10-06 03:00:17.852827,0 days 00:03:11.872815,0.8010869639365119,0.07861675458476158,0.807738690329122,5.245413993140336,0.6087670929915812,94.61146042672904,1.080654620868664,45.6508402201298,0.007925456797868324,0.03038027549946027,2.1038771230648366e-06,1.1540267369865085,191.87270259298384,27,COMPLETE
4333,33.59233921515779,12.266510676165796,2026-10-06 02:57:06.924004,2026-10-06 03:00:16.040842,0 days 00:03:09.116838,0.8010869639365119,0.7186098618255685,0.807738690329122,21.183844928151355,0.6087670929915812,98.6416708615901,1.080654620868664,5.8774721288796,0.007925456797868324,0.03038027549946027,2.1038771230648366e-06,0.06813310163640623,189.11672223173082,27,COMPLETE
4334,8.233514932179975,1.1069780636728683,2026-10-06 02:57:33.115014,2026-10-06 03:00:47.785654,0 days 00:03:14.670640,0.7407180681038071,0.3710922296723819,0.03590678725713917,10.877854836518644,0.33279388005294136,98.6416708615901,0.7297455375332902,19.15408445903519,0.28988344429582863,0.03038027549946027,4.343429493003475e-06,0.7777555821802828,194.67050836235285,27,COMPLETE
4335,50.18514915262767,2.112484087798267,2026-10-06 02:57:36.638002,2026-10-06 03:00:49.176910,0 days 00:03:12.538908,0.51115025563667,0.8715336252138003,0.20358075665942357,5.343050688320007,0.6087670929915812,94.61146042672904,1.484226923085714,5.8774721288796,0.08173395261699556,0.03038027549946027,4.343429493003475e-06,0.23886283196880004,192.5387781020254,27,COMPLETE
4336,45.72827029793924,5.1534964785142305,2026-10-06 02:57:40.078161,2026-10-06 03:00:51.754181,0 days 00:03:11.676020,0.32522926579248107,0.7186098618255685,0.4120579376102117,5.245413993140336,0.6087670929915812,94.61146042672904,1.484226923085714,5.8774721288796,0.15450841561573675,0.03038027549946027,4.343429493003475e-06,1.1314955926780397,191.67589733190835,27,COMPLETE
4337,43.295134726127586,3.0023272550323354,2026-10-06 02:57:40.081967,2026-10-06 03:00:54.175102,0 days 00:03:14.093135,0.51115025563667,0.48628333026250986,0.20358075665942357,21.183844928151355,0.6087670929915812,94.61146042672904,0.39552867473326975,5.8774721288796,0.08173395261699556,0.03038027549946027,4.343429493003475e-06,1.1540267369865085,194.09301239717752,27,COMPLETE
4338,34.52653459266595,8.923291696191983,2026-10-06 02:57:41.844326,2026-10-06 03:00:51.992550,0 days 00:03:10.148224,0.8010869639365119,0.2965654106455736,0.4120579376102117,5.245413993140336,0.33279388005294136,94.61146042672904,0.6419517764288287,35.86671955459044,0.08173395261699556,0.03038027549946027,2.1038771230648366e-06,0.7699502779177346,190.14810380525887,28,COMPLETE
4339,39.12953494773101,9.691405909870257,2026-10-06 02:57:42.425983,2026-10-06 03:00:50.862302,0 days 00:03:08.436319,0.7407180681038071,0.3710922296723819,0.5926143650576037,10.877854836518644,0.6087670929915812,98.6416708615901,1.484226923085714,5.8774721288796,0.08173395261699556,0.03038027549946027,4.343429493003475e-06,1.1540267369865085,188.436207851395,28,COMPLETE
4340,,,2026-10-06 02:57:42.492110,2026-10-06 02:57:42.870021,0 days 00:00:00.377911,0.51115025563667,0.2965654106455736,0.807738690329122,21.183844928151355,0.33279388005294136,94.61146042672904,1.484226923085714,5.8774721288796,0.9840412123352984,0.03038027549946027,,1.2974912099205862,,28,PRUNED
4341,,,2026-10-06 02:57:42.921895,2026-10-06 02:58:23.222068,0 days 00:00:40.300173,0.51115025563667,0.2284118304472575,0.5667882730348237,11.991629079089469,0.33279388005294136,85.69762729633804,1.484226923085714,41.66154811682372,0.08173395261699556,0.024099244621516126,4.343429493003475e-06,0.7296704665126732,,28,PRUNED
4342,53.062333412102966,2.177029381820886,2026-10-06 02:57:43.242152,2026-10-06 03:00:55.730044,0 days 00:03:12.487892,0.8010869639365119,0.7186098618255685,0.20358075665942357,5.245413993140336,0.33279388005294136,98.6416708615901,1.484226923085714,5.8774721288796,0.2684289581879425,0.03038027549946027,4.343429493003475e-06,0.23886283196880004,192.4877757569775,28,COMPLETE
4343,48.15362052034361,3.226875160219218,2026-10-06 02:57:43.245951,2026-10-06 03:00:54.712249,0 days 00:03:11.466298,0.8010869639365119,0.19189790819770397,0.2345370319995722,10.877854836518644,0.506401025718823,98.6416708615901,1.484226923085714,12.371756168223909,0.2975664073833317,0.03038027549946027,4.343429493003475e-06,1.2974912099205862,191.46619159448892,28,COMPLETE
4344,33.74875816423193,17.636109225280872,2026-10-06 02:57:43.874290,2026-10-06 03:00:55.544242,0 days 00:03:11.669952,0.8010869639365119,0.19189790819770397,0.5667882730348237,11.991629079089469,0.33279388005294136,85.69762729633804,1.080654620868664,35.86671955459044,0.4212595585654096,0.03280586071940829,4.343429493003475e-06,1.1540267369865085,191.6698364559561,28,COMPLETE
4345,25.802493410777164,8.01534936043593,2026-10-06 02:57:44.314996,2026-10-06 03:00:50.848383,0 days 00:03:06.533387,0.9158653711831447,0.07861675458476158,0.4120579376102117,5.245413993140336,0.6087670929915812,5.269714175969233,1.080654620868664,45.6508402201298,0.007925456797868324,0.03038027549946027,0.00014838668695919293,1.2974912099205862,186.53326852153987,28,COMPLETE
4346,40.89057417363152,1.2842495244053798,2026-10-06 02:57:45.131005,2026-10-06 03:00:52.788154,0 days 00:03:07.657149,0.8010869639365119,0.7186098618255685,0.20358075665942357,5.245413993140336,0.33279388005294136,98.6416708615901,1.484226923085714,5.03657627660615,0.28988344429582863,0.024099244621516126,0.10354218075988426,1.1540267369865085,187.65702152904123,28,COMPLETE
4347,55.93834076980234,1.440459766236756,2026-10-06 02:58:16.152023,2026-10-06 03:01:31.443561,0 days 00:03:15.291538,0.51115025563667,0.8717951055729352,0.20358075665942357,5.245413993140336,0.33279388005294136,98.6416708615901,1.484226923085714,1.4056083189495427,0.3054149949472662,0.024099244621516126,4.343429493003475e-06,1.3890637168667692,195.29142240807414,28,COMPLETE
4348,19.770233871906747,1.444851547748177,2026-10-06 02:58:16.311989,2026-10-06 03:01:30.068530,0 days 00:03:13.756541,0.8010869639365119,0.2965654106455736,0.5926143650576037,10.877854836518644,0.33279388005294136,94.61146042672904,1.484226923085714,16.786530122657176,0.2975664073833317,0.03280586071940829,73.6043511695434,0.7699502779177346,193.75642141140997,28,COMPLETE
4349,,,2026-10-06 02:58:17.257983,2026-10-06 02:58:18.047430,0 days 00:00:00.789447,0.51115025563667,1.2579540314711577,0.807738690329122,21.183844928151355,0.3519093950798047,94.61146042672904,0.396687138771568,45.6508402201298,0.3054149949472662,0.03038027549946027,,0.7699502779177346,,28,PRUNED
4350,37.899222873208856,11.62275643136361,2026-10-06 02:58:18.490994,2026-10-06 03:01:28.129605,0 days 00:03:09.638611,0.51115025563667,0.2284118304472575,0.4120579376102117,5.245413993140336,0.33279388005294136,85.69762729633804,1.080654620868664,41.66154811682372,0.08173395261699556,0.03038027549946027,2.1038771230648366e-06,1.1540267369865085,189.63848885707557,28,COMPLETE
4351,,,2026-10-06 02:58:18.494965,2026-10-06 02:58:19.233025,0 days 00:00:00.738060,0.51115025563667,0.2284118304472575,0.01936553182984498,5.245413993140336,0.9891431383265283,98.6416708615901,1.080654620868664,41.66154811682372,0.08173395261699556,0.024099244621516126,,0.7296704665126732,,28,PRUNED
4352,,,2026-10-06 02:58:18.515963,2026-10-06 02:58:19.924051,0 days 00:00:01.408088,0.51115025563667,0.8717951055729352,0.5667882730348237,11.991629079089469,0.33279388005294136,98.6416708615901,1.4690823188003486,3.6770397513680706,0.2975664073833317,0.024099244621516126,,1.2974912099205862,,28,PRUNED
4353,29.409293201878462,19.74176403741202,2026-10-06 02:58:19.869732,2026-10-06 03:01:32.072110,0 days 00:03:12.202378,0.51115025563667,0.6431162591107238,0.807738690329122,21.183844928151355,0.33279388005294136,94.61146042672904,0.6407397686131929,19.15408445903519,0.007925456797868324,0.03038027549946027,4.343429493003475e-06,1.2974912099205862,192.20225178357214,28,COMPLETE
4354,25.652274800787524,26.6127608696748,2026-10-06 02:58:19.872972,2026-10-06 03:01:28.717683,0 days 00:03:08.844711,0.8010869639365119,0.07861675458476158,0.807738690329122,21.183844928151355,0.6087670929915812,98.6416708615901,0.39552867473326975,45.6508402201298,0.007925456797868324,0.03038027549946027,4.343429493003475e-06,1.0828344725357564,188.844599083066,28,COMPLETE
4355,,,2026-10-06 02:58:19.937683,2026-10-06 02:58:20.567005,0 days 00:00:00.629322,0.7407180681038071,0.3710922296723819,0.5926143650576037,10.877854836518644,0.33279388005294136,98.6416708615901,0.7297455375332902,41.66154811682372,0.6826555206530585,0.03038027549946027,,1.2974912099205862,,28,PRUNED
4356,,,2026-10-06 02:58:21.008164,2026-10-06 02:58:57.312057,0 days 00:00:36.303893,0.7123418565646167,0.2965654106455736,0.4120579376102117,5.245413993140336,0.9072903691195957,94.61146042672904,1.484226923085714,41.66154811682372,0.08173395261699556,0.03038027549946027,2.1038771230648366e-06,1.209109649444219,,28,PRUNED
4357,50.8489473174878,1.621084300892916,2026-10-06 02:58:23.326143,2026-10-06 03:01:33.128761,0 days 00:03:09.802618,0.7407180681038071,0.2965654106455736,0.12615106220885586,5.245413993140336,0.2395452449940939,94.61146042672904,0.7297455375332902,41.66154811682372,0.08173395261699556,0.03038027549946027,2.1038771230648366e-06,1.1540267369865085,189.8024962451309,28,COMPLETE
4358,,,2026-10-06 02:58:49.546707,2026-10-06 02:58:51.009031,0 days 00:00:01.462324,0.51115025563667,0.19189790819770397,0.5667882730348237,10.877854836518644,0.048332846256463224,98.6416708615901,1.2268662214030777,83.27577649352101,0.2975664073833317,0.03280586071940829,,1.1540267369865085,,28,PRUNED
4359,,,2026-10-06 02:58:50.676289,2026-10-06 02:59:29.922057,0 days 00:00:39.245768,0.51115025563667,0.19189790819770397,0.5667882730348237,10.877854836518644,0.9344889796055551,98.6416708615901,1.080654620868664,35.86671955459044,0.2975664073833317,0.03280586071940829,0.07419524366676758,1.1540267369865085,,28,PRUNED
