number,values_0,values_1,datetime_start,datetime_complete,duration,params_between_rest_spread,params_c_spread,params_c_val,params_input_force,params_k_between_spread,params_k_between_val,params_k_wall_spread,params_k_wall_val,params_m_spread,params_m_val,params_ridge_alpha,params_wall_rest_spread,user_attrs_duration_sec,system_attrs_NSGAIISampler:generation,state
2580,32.908534432956266,14.090529168858659,2026-10-06 01:49:35.225087,2026-10-06 01:52:45.544631,0 days 00:03:10.319544,0.8010869639365119,0.279211318485391,0.4120579376102117,24.76047927509419,0.2395452449940939,98.6416708615901,1.484226923085714,5.8774721288796,0.08173395261699556,0.021966873773064614,2.1038771230648366e-06,0.2678812614884665,190.31942752934992,16,COMPLETE
2581,30.484393702780988,18.412228143808477,2026-10-06 01:49:36.324998,2026-10-06 01:52:46.515218,0 days 00:03:10.190220,0.4919537458910443,0.2965654106455736,0.9446217945683142,10.877854836518644,0.2395452449940939,98.6416708615901,1.484226923085714,19.15408445903519,0.4212595585654096,0.03280586071940829,2.1038771230648366e-06,1.2974912099205862,190.190116295591,16,COMPLETE
2582,,,2026-10-06 01:49:38.143997,2026-10-06 01:49:40.166416,0 days 00:00:02.022419,0.51115025563667,0.2284118304472575,0.4120579376102117,18.489161893608337,0.33279388005294136,98.6416708615901,1.180096250393855,5.8774721288796,0.08173395261699556,0.01006559962573753,,0.23886283196880004,,16,PRUNED
2583,42.2375386684039,2.2573504017018964,2026-10-06 01:49:39.851000,2026-10-06 01:52:51.144793,0 days 00:03:11.293793,0.6775759777641851,0.2965654106455736,0.16041414513537905,10.877854836518644,0.2395452449940939,85.69762729633804,1.484226923085714,20.4004304097776,0.4212595585654096,0.03028084389712506,0.07109178936439815,0.739405563829868,191.29368815664202,16,COMPLETE
2584,35.47128917063372,4.669876535050742,2026-10-06 01:49:40.014128,2026-10-06 01:52:51.848375,0 days 00:03:11.834247,0.51115025563667,0.7186098618255685,0.5662816343755678,5.245413993140336,0.33279388005294136,94.61146042672904,0.21292518523710352,5.8774721288796,0.2975664073833317,0.02749864300312601,0.00023428333292156852,1.1540267369865085,191.83253191504627,16,COMPLETE
2585,36.544453655091075,9.058189761151452,2026-10-06 01:49:40.017964,2026-10-06 01:52:53.857068,0 days 00:03:13.839104,0.6775759777641851,0.9381005688911688,0.4120579376102117,21.183844928151355,0.2395452449940939,85.69762729633804,1.484226923085714,5.8774721288796,0.08173395261699556,0.024099244621516126,2.1038771230648366e-06,0.739405563829868,193.83899845648557,16,COMPLETE
2586,,,2026-10-06 01:49:40.568166,2026-10-06 01:49:41.261027,0 days 00:00:00.692861,0.51115025563667,0.2965654106455736,0.16041414513537905,18.489161893608337,0.2395452449940939,98.6416708615901,1.484226923085714,5.299460499774038,0.4212595585654096,0.0014733493341720855,,1.2974912099205862,,16,PRUNED
2587,18.1941705576665,1.2671671889463396,2026-10-06 01:49:40.571962,2026-10-06 01:52:49.325846,0 days 00:03:08.753884,0.2994157425323484,0.2965654106455736,0.05051007174081015,42.761958445139726,0.2395452449940939,54.079975816110434,1.484226923085714,5.8774721288796,0.08173395261699556,0.03280586071940829,2.1038771230648366e-06,1.1540267369865085,188.75377538986504,16,COMPLETE
2588,,,2026-10-06 01:49:40.603978,2026-10-06 01:51:34.826464,0 days 00:01:54.222486,1.4644809848335274,0.8717951055729352,0.5667882730348237,34.690771488860406,0.506401025718823,85.69762729633804,1.484226923085714,41.66154811682372,0.08173395261699556,0.03280586071940829,4.343429493003475e-06,1.2974912099205862,,16,PRUNED
2589,48.63233449833242,2.0182600003789934,2026-10-06 01:49:41.284985,2026-10-06 01:52:52.494457,0 days 00:03:11.209472,0.447684485641811,0.2965654106455736,0.16041414513537905,10.877854836518644,0.2395452449940939,85.69762729633804,1.3303656343791816,5.299460499774038,0.026937100580568585,0.03280586071940829,2.1038771230648366e-06,1.1540267369865085,191.20935974549502,16,COMPLETE
2590,44.02865523419138,1.891573370838097,2026-10-06 01:49:43.442997,2026-10-06 01:52:53.541592,0 days 00:03:10.098595,0.51115025563667,1.2738697121889604,0.20358075665942357,13.359444199122356,0.33279388005294136,85.69762729633804,1.4690823188003486,23.475624031055144,0.08173395261699556,0.03880281265400615,0.006187877826757221,1.3635581381619835,190.09848529286683,16,COMPLETE
2591,,,2026-10-06 01:49:43.466967,2026-10-06 01:49:44.186032,0 days 00:00:00.719065,0.4919537458910443,0.9862479426389066,0.5926143650576037,10.877854836518644,0.33279388005294136,85.69762729633804,0.12486747625813921,86.57068482598544,0.3676044917349766,0.03280586071940829,,1.1540267369865085,,16,PRUNED
2592,36.313451290779895,12.237701623322614,2026-10-06 01:49:44.197994,2026-10-06 01:52:51.527165,0 days 00:03:07.329171,0.51115025563667,0.8717951055729352,0.5667882730348237,21.183844928151355,0.506401025718823,85.69762729633804,1.080654620868664,41.66154811682372,0.007925456797868324,0.03280586071940829,4.343429493003475e-06,1.2974912099205862,187.32907094061375,16,COMPLETE
2593,42.54983439490309,7.5140364973346525,2026-10-06 01:50:01.623022,2026-10-06 01:53:10.553325,0 days 00:03:08.930303,0.2994157425323484,0.2965654106455736,0.4120579376102117,5.245413993140336,0.2395452449940939,85.69762729633804,1.484226923085714,5.8774721288796,0.4212595585654096,0.03028084389712506,2.1038771230648366e-06,1.1540267369865085,188.9301876425743,16,COMPLETE
2594,,,2026-10-06 01:50:13.349128,2026-10-06 01:50:13.964076,0 days 00:00:00.614948,0.51115025563667,0.8717951055729352,0.5667882730348237,5.245413993140336,0.3049037081953532,94.61146042672904,1.080654620868664,41.66154811682372,0.08173395261699556,0.024099244621516126,,0.7296704665126732,,16,PRUNED
2595,35.40187338911918,14.260078473866054,2026-10-06 01:50:14.252006,2026-10-06 01:53:25.902078,0 days 00:03:11.650072,0.51115025563667,0.2284118304472575,0.5667882730348237,11.991629079089469,0.6454873286650737,98.6416708615901,1.4690823188003486,23.475624031055144,0.08173395261699556,0.03280586071940829,4.343429493003475e-06,1.1540267369865085,191.64996446110308,16,COMPLETE
2596,24.35592158683233,6.170587283995781,2026-10-06 01:50:17.522992,2026-10-06 01:53:29.127959,0 days 00:03:11.604967,0.9158653711831447,0.21606902729252941,0.4120579376102117,5.245413993140336,0.6087670929915812,7.717203987632567,1.4690823188003486,5.8774721288796,0.026937100580568585,0.03038027549946027,2.1038771230648366e-06,1.1540267369865085,191.60486315842718,16,COMPLETE
2597,54.92389493618738,1.2461621898298065,2026-10-06 01:50:18.188991,2026-10-06 01:53:29.376834,0 days 00:03:11.187843,0.9158653711831447,0.8717951055729352,0.10189208893097973,5.245413993140336,0.2395452449940939,94.61146042672904,1.191277759964359,5.8774721288796,0.026937100580568585,0.03038027549946027,2.1038771230648366e-06,0.5237797183541995,191.1877308320254,16,COMPLETE
2598,33.55547732856495,6.3939121077051455,2026-10-06 01:50:22.261156,2026-10-06 01:53:31.380870,0 days 00:03:09.119714,0.8010869639365119,0.19189790819770397,0.5667882730348237,8.556213008137046,0.2395452449940939,85.69762729633804,1.484226923085714,1.4056083189495427,0.08173395261699556,0.021966873773064614,2.1038771230648366e-06,0.2678812614884665,189.11960437241942,16,COMPLETE
2599,44.280375503832246,4.329765348564196,2026-10-06 01:50:47.328697,2026-10-06 01:53:59.626887,0 days 00:03:12.298190,0.51115025563667,0.8717951055729352,0.4120579376102117,10.877854836518644,0.2395452449940939,98.6416708615901,1.484226923085714,5.8774721288796,0.2975664073833317,0.03038027549946027,0.00014447613183128302,1.323184094944831,192.2980729760602,16,COMPLETE
2600,26.605998663619186,23.34299735211167,2026-10-06 01:50:49.391003,2026-10-06 01:54:03.849864,0 days 00:03:14.458861,0.51115025563667,0.2284118304472575,0.807738690329122,21.183844928151355,0.506401025718823,85.69762729633804,1.4690823188003486,14.182822102930093,0.007925456797868324,0.024099244621516126,4.343429493003475e-06,1.2974912099205862,194.4587420579046,16,COMPLETE
2601,53.69192103215603,1.5463312644642164,2026-10-06 01:50:49.833013,2026-10-06 01:54:01.077372,0 days 00:03:11.244359,0.8010869639365119,0.19189790819770397,0.12615106220885586,8.556213008137046,0.2395452449940939,98.6416708615901,0.21292518523710352,1.4056083189495427,0.3372985396418654,0.021966873773064614,0.0003750271870227611,1.1540267369865085,191.2442410197109,16,COMPLETE
2602,,,2026-10-06 01:50:52.128117,2026-10-06 01:50:52.704046,0 days 00:00:00.575929,0.4919537458910443,0.21606902729252941,0.4120579376102117,11.991629079089469,0.33279388005294136,98.6416708615901,0.7297455375332902,35.86671955459044,0.4212595585654096,0.0017064774679013003,,0.7699502779177346,,16,PRUNED
2603,30.64706222307086,20.16676429685947,2026-10-06 01:50:52.454973,2026-10-06 01:54:04.642824,0 days 00:03:12.187851,0.4919537458910443,0.2284118304472575,0.5926143650576037,10.877854836518644,0.33279388005294136,85.69762729633804,0.12486747625813921,86.57068482598544,0.3676044917349766,0.03280586071940829,4.343429493003475e-06,1.1540267369865085,192.18766325432807,16,COMPLETE
2604,19.426369327921556,3.236377931200362,2026-10-06 01:50:53.012151,2026-10-06 01:54:06.320376,0 days 00:03:13.308225,0.51115025563667,0.2284118304472575,0.807738690329122,18.489161893608337,0.33279388005294136,98.6416708615901,1.180096250393855,14.182822102930093,0.08173395261699556,0.03280586071940829,12.809356690273681,1.1540267369865085,193.30812185257673,16,COMPLETE
2605,40.604146014505396,2.828479994899155,2026-10-06 01:50:53.015964,2026-10-06 01:54:05.287858,0 days 00:03:12.271894,1.4644809848335274,0.8717951055729352,0.4120579376102117,21.183844928151355,0.2395452449940939,98.6416708615901,0.21292518523710352,5.8774721288796,0.08173395261699556,0.04330077382139576,0.00014447613183128302,1.2974912099205862,192.27178738079965,16,COMPLETE
2606,31.25770987938656,16.44949708583644,2026-10-06 01:50:53.348000,2026-10-06 01:54:02.579273,0 days 00:03:09.231273,0.447684485641811,0.7186098618255685,0.807738690329122,21.183844928151355,0.33279388005294136,98.6416708615901,1.080654620868664,14.182822102930093,0.04206136129933902,0.03280586071940829,2.1038771230648366e-06,1.1540267369865085,189.2311547519639,16,COMPLETE
2607,,,2026-10-06 01:50:53.674302,2026-10-06 01:50:54.526023,0 days 00:00:00.851721,0.447684485641811,0.2965654106455736,0.4120579376102117,31.226858322861993,0.33279388005294136,98.6416708615901,1.484226923085714,14.182822102930093,1.0423401268259151,0.03280586071940829,,0.05490054403151895,,16,PRUNED
2608,46.33507933312132,2.657272495751668,2026-10-06 01:50:53.715156,2026-10-06 01:54:07.723445,0 days 00:03:14.008289,0.8010869639365119,0.2284118304472575,0.12615106220885586,8.556213008137046,0.2395452449940939,98.6416708615901,1.484226923085714,14.182822102930093,0.08173395261699556,0.021966873773064614,1.9944451319831226e-06,0.2678812614884665,194.0081760464236,16,COMPLETE
2609,36.19258532620452,9.450982183727046,2026-10-06 01:50:54.574139,2026-10-06 01:54:07.200842,0 days 00:03:12.626703,0.51115025563667,0.8593643614944511,0.4120579376102117,21.183844928151355,0.506401025718823,85.69762729633804,1.080654620868664,24.7033276028984,0.18589067298139156,0.03038027549946027,0.00023455457478105328,1.1540267369865085,192.6266045467928,16,COMPLETE
2610,31.04980490247426,6.815866997296635,2026-10-06 01:50:54.577958,2026-10-06 01:54:06.492163,0 days 00:03:11.914205,0.8010869639365119,0.5430475674153025,0.807738690329122,18.489161893608337,0.2395452449940939,98.6416708615901,1.484226923085714,1.4056083189495427,0.08173395261699556,0.024099244621516126,4.343429493003475e-06,0.2678812614884665,191.91409478336573,16,COMPLETE
2611,,,2026-10-06 01:50:55.056010,2026-10-06 01:51:34.689009,0 days 00:00:39.632999,1.4716266201872013,0.2284118304472575,0.4120579376102117,10.877854836518644,0.6087670929915812,98.6416708615901,0.5479796872284375,5.8774721288796,0.2975664073833317,0.03038027549946027,7.680701846754531,1.2267307691914986,,16,PRUNED
2612,31.353355787817797,1.3373191007354959,2026-10-06 01:50:55.887984,2026-10-06 01:54:06.922605,0 days 00:03:11.034621,0.8010869639365119,0.9277185443706824,0.4120579376102117,8.556213008137046,0.2395452449940939,28.407299207676946,0.21292518523710352,1.4056083189495427,0.08173395261699556,0.07202561412696806,4.343429493003475e-06,1.2974912099205862,191.0345209436491,16,COMPLETE
2613,,,2026-10-06 01:50:57.262996,2026-10-06 01:50:57.849055,0 days 00:00:00.586059,0.4919537458910443,0.2284118304472575,0.1590591474247166,39.803570031891596,0.6087670929915812,94.61146042672904,1.4690823188003486,86.57068482598544,0.3676044917349766,0.03280586071940829,,1.1540267369865085,,16,PRUNED
2614,51.70583582540381,1.4545428774994482,2026-10-06 01:50:57.334130,2026-10-06 01:54:12.665963,0 days 00:03:15.331833,0.51115025563667,0.8717951055729352,0.12615106220885586,21.183844928151355,0.2395452449940939,98.6416708615901,1.2898828018697517,2.224097943301893,0.08173395261699556,0.021966873773064614,0.0003750271870227611,1.2974912099205862,195.3317297892645,16,COMPLETE
2615,53.03803445550361,2.1019875094026657,2026-10-06 01:50:58.203154,2026-10-06 01:54:09.800841,0 days 00:03:11.597687,0.51115025563667,0.7186098618255685,0.20358075665942357,5.245413993140336,0.6087670929915812,94.61146042672904,1.484226923085714,5.8774721288796,0.08173395261699556,0.03038027549946027,4.343429493003475e-06,1.1540267369865085,191.5975808100775,16,COMPLETE
2616,27.672165855557502,20.162787187468794,2026-10-06 01:50:59.668001,2026-10-06 01:54:11.054893,0 days 00:03:11.386892,0.51115025563667,0.2284118304472575,0.807738690329122,18.489161893608337,0.33279388005294136,98.6416708615901,1.4690823188003486,14.182822102930093,0.08173395261699556,0.03038027549946027,4.343429493003475e-06,0.7296704665126732,191.38678481709212,16,COMPLETE
2617,35.586797026978736,11.165991799087113,2026-10-06 01:51:23.386772,2026-10-06 01:54:37.614093,0 days 00:03:14.227321,0.51115025563667,0.07644552668718524,0.4120579376102117,18.489161893608337,0.2395452449940939,98.6416708615901,1.4690823188003486,14.182822102930093,0.08173395261699556,0.03038027549946027,2.1038771230648366e-06,1.2974912099205862,194.22720299754292,16,COMPLETE
2618,23.91015848975248,14.160491348484763,2026-10-06 01:51:27.774987,2026-10-06 01:54:37.149362,0 days 00:03:09.374375,0.4919537458910443,0.2284118304472575,0.807738690329122,10.877854836518644,0.33279388005294136,94.61146042672904,0.12486747625813921,14.182822102930093,0.08173395261699556,0.024099244621516126,0.00023455457478105328,1.1540267369865085,189.37426365818828,16,COMPLETE
2619,,,2026-10-06 01:51:27.839978,2026-10-06 01:52:08.214226,0 days 00:00:40.374248,0.4919537458910443,0.7186098618255685,0.4120579376102117,8.556213008137046,0.5196326843444128,94.61146042672904,0.7297455375332902,5.8774721288796,0.4212595585654096,0.03280586071940829,2.1038771230648366e-06,1.1540267369865085,,16,PRUNED
2620,48.59140970446512,4.6786545819354695,2026-10-06 01:51:27.896974,2026-10-06 01:54:37.848790,0 days 00:03:09.951816,0.9158653711831447,0.7186098618255685,0.4120579376102117,5.245413993140336,0.6087670929915812,94.61146042672904,1.080654620868664,5.8774721288796,0.007925456797868324,0.03038027549946027,2.1038771230648366e-06,1.2974912099205862,189.9516962338239,16,COMPLETE
2621,54.754959776760415,1.2687999180185259,2026-10-06 01:51:30.204115,2026-10-06 01:54:43.755444,0 days 00:03:13.551329,0.9158653711831447,0.7186098618255685,0.12615106220885586,5.245413993140336,0.6087670929915812,94.61146042672904,1.4690823188003486,5.8774721288796,0.026937100580568585,0.03038027549946027,4.343429493003475e-06,1.2267307691914986,193.5512298028916,16,COMPLETE
2622,,,2026-10-06 01:51:30.404150,2026-10-06 01:52:08.817075,0 days 00:00:38.412925,0.8010869639365119,0.19189790819770397,0.12615106220885586,17.31752501658417,0.2395452449940939,85.69762729633804,1.484226923085714,1.713877293655462,0.5860574191614696,0.021966873773064614,0.00014447613183128302,1.3635581381619835,,16,PRUNED
2623,47.83709979942067,4.456186271500815,2026-10-06 01:51:31.565999,2026-10-06 01:54:48.789374,0 days 00:03:17.223375,0.51115025563667,0.8717951055729352,0.4120579376102117,5.245413993140336,0.6087670929915812,94.61146042672904,0.6419517764288287,5.8774721288796,0.007925456797868324,0.03280586071940829,4.343429493003475e-06,1.2974912099205862,197.2232675133273,16,COMPLETE
2624,41.0511946838469,1.9582663987871933,2026-10-06 01:51:32.311999,2026-10-06 01:54:47.253016,0 days 00:03:14.941017,0.4919537458910443,0.7186098618255685,0.15371366521935528,21.183844928151355,0.33279388005294136,98.6416708615901,0.7297455375332902,14.182822102930093,0.04206136129933902,0.03280586071940829,4.343429493003475e-06,1.1540267369865085,194.94091687351465,16,COMPLETE
2625,,,2026-10-06 01:51:33.654982,2026-10-06 01:52:11.356044,0 days 00:00:37.701062,0.51115025563667,0.2965654106455736,0.20358075665942357,31.868143356459267,0.49328221096303915,98.6416708615901,0.21292518523710352,5.299460499774038,0.4212595585654096,0.03038027549946027,0.00014447613183128302,1.3635581381619835,,16,PRUNED
2626,23.37136408013187,11.867768236249931,2026-10-06 01:51:33.658972,2026-10-06 01:54:45.007647,0 days 00:03:11.348675,0.0933486941081822,0.19189790819770397,0.5667882730348237,18.3718318437311,0.33279388005294136,98.6416708615901,0.21292518523710352,23.475624031055144,0.08173395261699556,0.03038027549946027,4.343429493003475e-06,0.2876842430379005,191.3485711896792,16,COMPLETE
2627,33.086652802294665,12.111613324588266,2026-10-06 01:51:33.662951,2026-10-06 01:54:44.260826,0 days 00:03:10.597875,0.51115025563667,0.2284118304472575,0.5667882730348237,11.991629079089469,0.2395452449940939,98.6416708615901,0.8233743682647454,5.299460499774038,0.08173395261699556,0.03038027549946027,4.343429493003475e-06,0.24006562827973787,190.5977793140337,16,COMPLETE
2628,4.863550005593321,1.1864805387764983,2026-10-06 01:51:33.666953,2026-10-06 01:54:47.064588,0 days 00:03:13.397635,0.51115025563667,0.2284118304472575,0.013198635648715307,5.245413993140336,0.6087670929915812,98.6416708615901,1.4690823188003486,23.475624031055144,0.08173395261699556,0.03038027549946027,4.343429493003475e-06,0.07209765487063619,193.39753397926688,16,COMPLETE
2629,42.33122713416084,8.368502932989676,2026-10-06 01:51:34.651164,2026-10-06 01:54:46.959732,0 days 00:03:12.308568,0.51115025563667,0.2965654106455736,0.4120579376102117,5.245413993140336,0.33279388005294136,98.6416708615901,1.484226923085714,19.15408445903519,0.28988344429582863,0.03038027549946027,4.343429493003475e-06,1.1540267369865085,192.3084667865187,16,COMPLETE
2630,17.621762848452285,2.8263799750273173,2026-10-06 01:51:34.654965,2026-10-06 01:54:51.587838,0 days 00:03:16.932873,0.447684485641811,0.19189790819770397,0.20358075665942357,10.877854836518644,0.6087670929915812,1.4843472198225325,0.6419517764288287,5.8774721288796,0.2975664073833317,0.03038027549946027,2.1038771230648366e-06,1.1540267369865085,196.93276235833764,16,COMPLETE
2631,45.08585207365095,5.699120780135866,2026-10-06 01:51:34.982003,2026-10-06 01:54:43.674202,0 days 00:03:08.692199,1.4644809848335274,0.8717951055729352,0.4120579376102117,8.556213008137046,0.2395452449940939,86.6015482918717,0.7297455375332902,6.2296041386818795,0.06802941049346445,0.03038027549946027,4.343429493003475e-06,1.1540267369865085,188.69208601675928,16,COMPLETE
2632,,,2026-10-06 01:51:35.108988,2026-10-06 01:51:35.909056,0 days 00:00:00.800068,1.4644809848335274,0.8717951055729352,0.807738690329122,21.183844928151355,0.2395452449940939,98.6416708615901,1.484226923085714,5.8774721288796,0.3054149949472662,0.024099244621516126,,1.2974912099205862,,16,PRUNED
2633,46.850794942572215,2.4471385338403655,2026-10-06 01:51:35.474995,2026-10-06 01:54:48.798503,0 days 00:03:13.323508,1.2349294162160471,0.2965654106455736,0.16041414513537905,8.695206399809345,0.2395452449940939,85.69762729633804,1.3182606582482528,23.872450776842257,0.2975664073833317,0.03038027549946027,0.00014447613183128302,0.6298110096990894,193.32340973056853,16,COMPLETE
2634,44.22701169585496,6.496364029652856,2026-10-06 01:51:36.244005,2026-10-06 01:54:51.269872,0 days 00:03:15.025867,0.4919537458910443,0.2965654106455736,0.4120579376102117,5.245413993140336,0.302728835720541,94.61146042672904,0.6419517764288287,5.8774721288796,0.4212595585654096,0.03280586071940829,2.1038771230648366e-06,1.1540267369865085,195.02576421108097,16,COMPLETE
2635,49.910162222728225,2.013642431667103,2026-10-06 01:51:37.756980,2026-10-06 01:54:51.199980,0 days 00:03:13.443000,0.447684485641811,0.2965654106455736,0.16041414513537905,10.877854836518644,0.2395452449940939,85.69762729633804,1.484226923085714,5.299460499774038,0.2975664073833317,0.03280586071940829,0.00014447613183128302,1.1540267369865085,193.44289026595652,16,COMPLETE
2636,54.14535668901645,1.936128235601009,2026-10-06 01:51:37.760962,2026-10-06 01:54:50.243819,0 days 00:03:12.482857,0.51115025563667,0.2965654106455736,0.19400160111159936,5.245413993140336,0.6087670929915812,94.61146042672904,1.4690823188003486,5.8774721288796,0.08173395261699556,0.03280586071940829,4.343429493003475e-06,1.2974912099205862,192.4827642235905,16,COMPLETE
2637,51.49871896931961,1.4994377696471057,2026-10-06 01:51:39.117997,2026-10-06 01:54:46.908111,0 days 00:03:07.790114,0.4919537458910443,0.05580691742567312,0.16041414513537905,1.303290618019179,0.2395452449940939,85.69762729633804,0.12486747625813921,86.57068482598544,0.2975664073833317,0.03280586071940829,4.343429493003475e-06,1.1540267369865085,187.79000265710056,16,COMPLETE
2638,25.44492470096044,28.76038040966225,2026-10-06 01:52:08.256003,2026-10-06 01:55:21.459620,0 days 00:03:13.203617,0.6439467574924419,0.19189790819770397,0.807738690329122,10.877854836518644,0.33279388005294136,94.61146042672904,1.080654620868664,45.6508402201298,0.08173395261699556,0.024099244621516126,4.343429493003475e-06,0.7296704665126732,193.2035056054592,16,COMPLETE
