number,values_0,values_1,datetime_start,datetime_complete,duration,params_between_rest_spread,params_c_spread,params_c_val,params_input_force,params_k_between_spread,params_k_between_val,params_k_wall_spread,params_k_wall_val,params_m_spread,params_m_val,params_ridge_alpha,params_wall_rest_spread,user_attrs_duration_sec,system_attrs_NSGAIISampler:generation,state
1637,,,2026-10-06 01:12:27.123952,2026-10-06 01:12:28.098038,0 days 00:00:00.974086,0.2994157425323484,1.3553055336992172,0.20358075665942357,5.245413993140336,0.12982889840292583,85.69762729633804,0.21292518523710352,14.182822102930093,0.08173395261699556,0.03038027549946027,,1.2139299004838662,,9,PRUNED
1638,33.87415724198739,5.862569318970575,2026-10-06 01:12:27.127968,2026-10-06 01:15:37.744728,0 days 00:03:10.616760,0.4919537458910443,0.3731992973752525,0.2169448017457144,9.868280842937416,0.3201011955575039,46.31102753614511,0.6419517764288287,19.15408445903519,0.4212595585654096,0.03038027549946027,0.004475392410627206,0.6069618734849955,190.61666724923998,9,COMPLETE
1639,,,2026-10-06 01:12:27.131957,2026-10-06 01:12:29.266008,0 days 00:00:02.134051,0.4919537458910443,0.8502121590551859,0.6443949852851695,11.991629079089469,0.2395452449940939,46.31102753614511,0.12486747625813921,86.57068482598544,0.4212595585654096,0.03280586071940829,,0.6069618734849955,,9,PRUNED
1640,44.55585018804843,3.626648193388186,2026-10-06 01:12:28.284992,2026-10-06 01:15:40.289262,0 days 00:03:12.004270,1.4644809848335274,0.7186098618255685,0.6443949852851695,18.489161893608337,0.05714116461716917,85.69762729633804,1.191277759964359,5.8774721288796,0.5860574191614696,0.07297012210736925,2.1038771230648366e-06,1.3635581381619835,192.00417231023312,9,COMPLETE
1641,,,2026-10-06 01:12:28.388003,2026-10-06 01:12:29.315997,0 days 00:00:00.927994,0.51115025563667,0.2965654106455736,0.807738690329122,18.489161893608337,0.33279388005294136,85.69762729633804,1.4690823188003486,11.86468393276075,0.08173395261699556,0.006394651102412293,,0.2678812614884665,,9,PRUNED
1642,44.15323668211407,3.3900278122013843,2026-10-06 01:12:28.459992,2026-10-06 01:15:42.755062,0 days 00:03:14.295070,0.2994157425323484,0.3731992973752525,0.20358075665942357,5.245413993140336,0.6087670929915812,85.69762729633804,0.21292518523710352,14.182822102930093,0.04206136129933902,0.03038027549946027,0.0006185581455600675,0.739405563829868,194.2949754614383,9,COMPLETE
1643,40.58660914531576,6.646152191397991,2026-10-06 01:12:28.529003,2026-10-06 01:15:36.582015,0 days 00:03:08.053012,1.4644809848335274,0.8717951055729352,0.5667882730348237,11.991629079089469,0.6454873286650737,85.69762729633804,1.3460422977121211,23.475624031055144,0.08173395261699556,0.03280586071940829,0.00014447613183128302,1.2974912099205862,188.0529053453356,9,COMPLETE
1644,,,2026-10-06 01:12:28.539960,2026-10-06 01:13:06.619004,0 days 00:00:38.079044,0.7826323152403744,1.012439712223232,0.20358075665942357,18.489161893608337,0.5047956786898977,98.6416708615901,0.21292518523710352,14.182822102930093,1.1695495095274633,0.09765004764801033,0.0006185581455600675,0.739405563829868,,9,PRUNED
1645,,,2026-10-06 01:12:29.285985,2026-10-06 01:12:29.798834,0 days 00:00:00.512849,0.447684485641811,1.1680774389760213,0.1347521461063753,43.10725126881406,0.2395452449940939,94.61146042672904,0.6419517764288287,23.475624031055144,0.04206136129933902,0.006221256543792263,,1.1540267369865085,,9,PRUNED
1646,30.826724490964704,5.130906398916868,2026-10-06 01:12:29.336135,2026-10-06 01:15:34.240148,0 days 00:03:04.904013,0.4919537458910443,0.24837341587000777,0.2169448017457144,33.06848205160716,0.3201011955575039,85.69762729633804,0.6419517764288287,23.475624031055144,0.18589067298139156,0.033338654516751595,0.00023455457478105328,0.6069618734849955,184.9039108939469,9,COMPLETE
1647,,,2026-10-06 01:12:30.704144,2026-10-06 01:12:31.203012,0 days 00:00:00.498868,0.9547537710708291,1.4070385594155124,0.5667882730348237,21.183844928151355,0.2395452449940939,46.31102753614511,0.21292518523710352,5.8774721288796,0.2975664073833317,0.01616023547523679,,1.1540267369865085,,9,PRUNED
1648,21.813912959777046,3.3470357609704093,2026-10-06 01:12:31.422004,2026-10-06 01:15:40.214338,0 days 00:03:08.792334,0.447684485641811,0.3731992973752525,0.6443949852851695,10.877854836518644,0.8962040206425398,16.208974597541697,0.12486747625813921,1.2001363989388558,0.08173395261699556,0.03280586071940829,0.0006185581455600675,1.1540267369865085,188.79223284870386,9,COMPLETE
1649,29.430520141151362,19.356957066856502,2026-10-06 01:12:56.747133,2026-10-06 01:16:09.901547,0 days 00:03:13.154414,0.8010869639365119,0.7186098618255685,0.6443949852851695,11.991629079089469,0.2395452449940939,85.69762729633804,0.12486747625813921,86.57068482598544,0.2975664073833317,0.03280586071940829,2.1038771230648366e-06,0.22420936382869971,193.15429888479412,9,COMPLETE
1650,28.523413032547005,14.560959214395073,2026-10-06 01:13:00.974021,2026-10-06 01:16:15.039318,0 days 00:03:14.065297,0.51115025563667,0.8717951055729352,0.5667882730348237,21.183844928151355,0.506401025718823,85.69762729633804,1.080654620868664,41.66154811682372,0.007925456797868324,0.03280586071940829,4.343429493003475e-06,0.11135384870305415,194.06519911438227,9,COMPLETE
1651,53.02294375024193,1.4907807364577617,2026-10-06 01:13:00.977973,2026-10-06 01:16:14.037842,0 days 00:03:13.059869,0.8010869639365119,0.19189790819770397,0.20358075665942357,10.517467008748584,0.2395452449940939,94.61146042672904,1.080654620868664,1.4056083189495427,0.08173395261699556,0.03280586071940829,0.0006185581455600675,1.2139299004838662,193.0597645547241,9,COMPLETE
1652,39.25630006232283,3.4879013833627215,2026-10-06 01:13:03.504456,2026-10-06 01:16:14.072458,0 days 00:03:10.568002,1.4644809848335274,0.7186098618255685,0.6443949852851695,11.991629079089469,0.6454873286650737,85.69762729633804,1.080654620868664,23.475624031055144,0.18589067298139156,0.07297012210736925,0.00014447613183128302,1.1540267369865085,190.56790417339653,9,COMPLETE
1653,,,2026-10-06 01:13:03.912272,2026-10-06 01:13:43.273990,0 days 00:00:39.361718,0.8010869639365119,0.19189790819770397,0.20358075665942357,18.873692871765243,0.5047956786898977,98.6416708615901,0.21292518523710352,1.2001363989388558,0.4212595585654096,0.025701059449768898,0.0006185581455600675,0.8058674861235949,,9,PRUNED
1654,19.468651106241307,3.8037537542781448,2026-10-06 01:13:03.988990,2026-10-06 01:16:20.433297,0 days 00:03:16.444307,0.51115025563667,0.3731992973752525,0.5799701872746303,11.991629079089469,0.10540966964313875,85.69762729633804,0.9356883984494996,19.15408445903519,0.08173395261699556,0.03038027549946027,17.5172201269535,0.30673616238509677,196.44420951325446,9,COMPLETE
1655,30.26238757395738,12.722771265701889,2026-10-06 01:13:04.324118,2026-10-06 01:16:14.854145,0 days 00:03:10.530027,0.51115025563667,0.3233389271032242,0.5667882730348237,10.877854836518644,0.2395452449940939,98.6416708615901,0.12486747625813921,23.475624031055144,0.04206136129933902,0.03280586071940829,0.00014447613183128302,1.1540267369865085,190.5299185877666,9,COMPLETE
1656,45.97334460408932,1.8079370013706166,2026-10-06 01:13:04.606986,2026-10-06 01:16:18.921595,0 days 00:03:14.314609,0.51115025563667,0.19189790819770397,0.20358075665942357,21.183844928151355,0.2395452449940939,94.61146042672904,1.080654620868664,1.4056083189495427,0.04206136129933902,0.03280586071940829,0.0006185581455600675,1.2139299004838662,194.31451944634318,9,COMPLETE
1657,27.866364829052554,5.257665634177402,2026-10-06 01:13:04.824992,2026-10-06 01:16:14.386515,0 days 00:03:09.561523,0.447684485641811,0.2284118304472575,0.807738690329122,30.56783540061065,0.05714116461716917,98.6416708615901,1.191277759964359,5.8774721288796,0.08173395261699556,0.07297012210736925,1.6950572570173226e-06,0.30673616238509677,189.5614167805761,9,COMPLETE
1658,,,2026-10-06 01:13:05.713000,2026-10-06 01:13:06.272014,0 days 00:00:00.559014,0.51115025563667,0.8651379781117006,0.5662816343755678,21.183844928151355,0.5855379267962546,94.61146042672904,1.4690823188003486,14.182822102930093,0.9790904885788664,0.024099244621516126,,1.2974912099205862,,9,PRUNED
1659,31.118491170473384,12.784516554161183,2026-10-06 01:13:05.996215,2026-10-06 01:16:19.712957,0 days 00:03:13.716742,0.51115025563667,0.3233389271032242,0.5667882730348237,21.183844928151355,0.2395452449940939,98.6416708615901,0.21292518523710352,14.182822102930093,0.2975664073833317,0.03280586071940829,0.0006185581455600675,1.4449414148301858,193.71664858516306,9,COMPLETE
1660,19.150094290793312,11.942407476838317,2026-10-06 01:13:06.003961,2026-10-06 01:16:17.182819,0 days 00:03:11.178858,0.4919537458910443,0.3731992973752525,0.9423676877653062,9.868280842937416,0.12187997513477322,46.31102753614511,0.6419517764288287,19.15408445903519,0.4212595585654096,0.03038027549946027,0.004475392410627206,0.6069618734849955,191.17876313626766,9,COMPLETE
1661,50.385166743027085,1.6170693333128718,2026-10-06 01:13:06.392010,2026-10-06 01:16:16.306776,0 days 00:03:09.914766,0.8010869639365119,0.19189790819770397,0.1347521461063753,8.556213008137046,0.2395452449940939,98.6416708615901,0.6419517764288287,5.8774721288796,0.18589067298139156,0.03038027549946027,0.00023455457478105328,0.6069618734849955,189.91466637700796,9,COMPLETE
1662,,,2026-10-06 01:13:07.117156,2026-10-06 01:13:08.578047,0 days 00:00:01.460891,0.447684485641811,1.240415973022178,0.20358075665942357,8.556213008137046,0.2395452449940939,98.6416708615901,1.080654620868664,5.8774721288796,0.08173395261699556,0.001984672071014254,,0.2678812614884665,,9,PRUNED
1663,28.372972486690163,16.636905681896295,2026-10-06 01:13:07.120968,2026-10-06 01:16:16.603411,0 days 00:03:09.482443,0.3395165906212997,0.2965654106455736,0.5667882730348237,21.183844928151355,0.2395452449940939,98.6416708615901,0.21292518523710352,30.868740089505764,0.2975664073833317,0.03280586071940829,0.0006185581455600675,1.1540267369865085,189.48235289752483,9,COMPLETE
1664,46.23087675499896,1.8739947757124973,2026-10-06 01:13:07.252015,2026-10-06 01:16:17.388389,0 days 00:03:10.136374,0.51115025563667,0.8717951055729352,0.20358075665942357,21.183844928151355,0.2395452449940939,85.69762729633804,0.7297455375332902,1.4056083189495427,0.08173395261699556,0.03038027549946027,0.0006185581455600675,1.2139299004838662,190.13627304323018,9,COMPLETE
1665,28.76318680324551,9.476885883144206,2026-10-06 01:13:07.269351,2026-10-06 01:16:15.560711,0 days 00:03:08.291360,0.4919537458910443,0.3233389271032242,0.4120579376102117,10.877854836518644,0.2395452449940939,46.31102753614511,0.6419517764288287,27.707432163446377,0.4212595585654096,0.03280586071940829,0.004475392410627206,1.1540267369865085,188.29124814923853,9,COMPLETE
1666,24.299558604541453,23.519833019551793,2026-10-06 01:13:08.593330,2026-10-06 01:16:20.494008,0 days 00:03:11.900678,0.4919537458910443,0.3233389271032242,0.6443949852851695,18.489161893608337,0.3201011955575039,98.6416708615901,0.12486747625813921,86.57068482598544,0.08173395261699556,0.03038027549946027,0.00023455457478105328,0.6069618734849955,191.90058875270188,9,COMPLETE
1667,28.547612174194278,6.697242320479699,2026-10-06 01:13:08.646967,2026-10-06 01:16:19.584508,0 days 00:03:10.937541,0.06354354505424076,0.2965654106455736,0.5667882730348237,21.183844928151355,0.2395452449940939,98.6416708615901,0.5966139859797053,5.8774721288796,0.04206136129933902,0.03280586071940829,0.00014447613183128302,1.1540267369865085,190.9374245032668,9,COMPLETE
1668,40.51577666707967,4.5805546415512985,2026-10-06 01:13:10.476001,2026-10-06 01:16:20.453750,0 days 00:03:09.977749,0.8010869639365119,0.3233389271032242,0.20358075665942357,8.556213008137046,0.2395452449940939,85.69762729633804,0.12486747625813921,86.57068482598544,0.08173395261699556,0.03038027549946027,0.00014447613183128302,1.1540267369865085,189.97765765339136,9,COMPLETE
1669,25.342689070411303,18.80481263222211,2026-10-06 01:13:10.640001,2026-10-06 01:16:17.265490,0 days 00:03:06.625489,0.814512762324531,0.2284118304472575,0.807738690329122,30.56783540061065,0.3593183424110313,98.6416708615901,1.3355598077240103,14.182822102930093,0.08173395261699556,0.03280586071940829,0.00014447613183128302,0.30673616238509677,186.62539329752326,9,COMPLETE
1670,31.125087098484936,13.350893094136456,2026-10-06 01:13:36.378000,2026-10-06 01:16:52.434852,0 days 00:03:16.056852,0.51115025563667,0.2965654106455736,0.5667882730348237,21.183844928151355,0.2395452449940939,98.6416708615901,1.3526550075608381,23.475624031055144,0.04206136129933902,0.03280586071940829,0.00014447613183128302,1.2974912099205862,196.05673841945827,9,COMPLETE
1671,,,2026-10-06 01:13:37.424031,2026-10-06 01:13:38.738740,0 days 00:00:01.314709,0.51115025563667,0.3233389271032242,0.5667882730348237,18.489161893608337,0.2395452449940939,98.6416708615901,1.4150101776636768,86.57068482598544,0.08173395261699556,0.03280586071940829,,1.2974912099205862,,9,PRUNED
1672,49.459854418895375,1.620892944360702,2026-10-06 01:13:38.893999,2026-10-06 01:16:51.682236,0 days 00:03:12.788237,0.8010869639365119,0.19189790819770397,0.20358075665942357,18.489161893608337,0.33279388005294136,98.6416708615901,0.7297455375332902,1.4056083189495427,0.08173395261699556,0.03280586071940829,4.343429493003475e-06,0.30673616238509677,192.7881271149963,9,COMPLETE
1673,21.265915344365567,5.008888868706829,2026-10-06 01:13:39.536010,2026-10-06 01:16:50.650268,0 days 00:03:11.114258,0.447684485641811,0.2965654106455736,0.4120579376102117,18.489161893608337,0.2395452449940939,98.6416708615901,0.21292518523710352,86.57068482598544,0.08173395261699556,0.03280586071940829,24.271616176125804,1.1540267369865085,191.11414488591254,9,COMPLETE
1674,,,2026-10-06 01:13:40.679998,2026-10-06 01:14:19.012022,0 days 00:00:38.332024,0.447684485641811,0.19189790819770397,0.6443949852851695,18.489161893608337,0.2395452449940939,98.6416708615901,0.21292518523710352,5.299460499774038,0.5860574191614696,0.03038027549946027,0.00014447613183128302,1.3635581381619835,,9,PRUNED
1675,41.45243893667747,2.409572418241969,2026-10-06 01:13:42.523990,2026-10-06 01:16:55.700884,0 days 00:03:13.176894,0.8010869639365119,0.7186098618255685,0.6443949852851695,18.489161893608337,0.05714116461716917,98.6416708615901,1.191277759964359,5.299460499774038,0.2975664073833317,0.09765004764801033,0.00014447613183128302,0.2678812614884665,193.17679598275572,9,COMPLETE
1676,40.03590921460748,1.7601460407609073,2026-10-06 01:13:42.628983,2026-10-06 01:16:54.015804,0 days 00:03:11.386821,1.4644809848335274,0.4835105352725577,0.6443949852851695,17.553296709297783,0.6454873286650737,85.69762729633804,0.014912874074811067,2.072575382240667,0.2940422114581283,0.07297012210736925,1.1762488306807034e-06,1.2139299004838662,191.38672302942723,9,COMPLETE
1677,31.048807350431314,14.140181615587654,2026-10-06 01:13:42.957999,2026-10-06 01:16:56.686388,0 days 00:03:13.728389,0.51115025563667,0.2965654106455736,0.5667882730348237,21.183844928151355,0.2395452449940939,98.6416708615901,1.080654620868664,14.182822102930093,0.08173395261699556,0.03280586071940829,4.343429493003475e-06,1.1540267369865085,193.72828637156636,9,COMPLETE
1678,,,2026-10-06 01:13:43.278156,2026-10-06 01:13:44.101021,0 days 00:00:00.822865,0.51115025563667,0.2284118304472575,0.807738690329122,18.489161893608337,1.3344237012423774,98.6416708615901,1.4690823188003486,14.182822102930093,0.035797957647513756,0.024099244621516126,,0.7296704665126732,,9,PRUNED
1679,18.858587687140982,2.8122101810336475,2026-10-06 01:13:43.492466,2026-10-06 01:16:54.712397,0 days 00:03:11.219931,1.4644809848335274,0.8717951055729352,0.6443949852851695,21.183844928151355,0.2395452449940939,1.9867464722450232,1.080654620868664,5.8774721288796,0.20146306390115282,0.03280586071940829,2.1038771230648366e-06,1.2974912099205862,191.2198338257149,9,COMPLETE
1680,,,2026-10-06 01:13:43.694997,2026-10-06 01:13:44.091093,0 days 00:00:00.396096,0.8010869639365119,0.2965654106455736,0.6443949852851695,5.245413993140336,0.6688626104060442,85.69762729633804,0.21292518523710352,11.86468393276075,0.2975664073833317,0.0010943980497781988,,0.2678812614884665,,9,PRUNED
1681,47.7014707393201,1.3048155292692858,2026-10-06 01:13:44.467998,2026-10-06 01:16:56.000919,0 days 00:03:11.532921,1.1395294909115328,0.3233389271032242,0.4120579376102117,11.991629079089469,0.6688626104060442,98.6416708615901,0.21292518523710352,2.072575382240667,0.2975664073833317,0.09765004764801033,3.680314106392975e-06,0.1374413216410867,191.53281718306243,9,COMPLETE
1682,11.660265755102847,1.6717205482760125,2026-10-06 01:13:44.583170,2026-10-06 01:16:57.659329,0 days 00:03:13.076159,0.3395165906212997,0.2965654106455736,0.6443949852851695,18.489161893608337,0.5047956786898977,1.0994169238081226,1.191277759964359,5.8774721288796,0.4212595585654096,0.09765004764801033,0.00014447613183128302,0.8058674861235949,193.07605685759336,9,COMPLETE
1683,42.00913651172205,1.9553562621679261,2026-10-06 01:13:44.586970,2026-10-06 01:16:56.520375,0 days 00:03:11.933405,0.8010869639365119,0.3233389271032242,0.4120579376102117,11.991629079089469,0.33279388005294136,98.6416708615901,0.7490944531546477,1.2001363989388558,0.2975664073833317,0.03280586071940829,0.0006185581455600675,0.2678812614884665,191.93331704940647,9,COMPLETE
1684,32.05043360652946,10.043954362537159,2026-10-06 01:13:44.590958,2026-10-06 01:16:55.336871,0 days 00:03:10.745913,0.4919537458910443,0.12432699342433723,0.4120579376102117,18.489161893608337,0.2395452449940939,98.6416708615901,0.21292518523710352,14.182822102930093,0.08173395261699556,0.03280586071940829,0.00014447613183128302,1.1540267369865085,190.74569253157824,9,COMPLETE
1685,40.43972119613303,1.2516803578478255,2026-10-06 01:13:45.261868,2026-10-06 01:16:59.957322,0 days 00:03:14.695454,0.2994157425323484,0.8096105587736808,0.20358075665942357,5.245413993140336,0.6087670929915812,85.69762729633804,0.7964747556623476,7.9874857515804925,0.08173395261699556,0.09765004764801033,1.1762488306807034e-06,0.739405563829868,194.69535514619201,9,COMPLETE
1686,32.108852884008826,9.480506930324411,2026-10-06 01:13:45.369135,2026-10-06 01:16:58.711803,0 days 00:03:13.342668,0.8010869639365119,0.2965654106455736,0.5324878348847486,8.577794646940603,0.2395452449940939,98.6416708615901,0.21292518523710352,14.182822102930093,0.08173395261699556,0.03280586071940829,0.00014447613183128302,1.1540267369865085,193.34258111566305,9,COMPLETE
1687,34.79247364910101,11.546576045423969,2026-10-06 01:13:46.203011,2026-10-06 01:16:58.596642,0 days 00:03:12.393631,0.4919537458910443,0.2965654106455736,0.4120579376102117,18.489161893608337,0.2395452449940939,98.6416708615901,0.21292518523710352,19.15408445903519,0.4212595585654096,0.03280586071940829,0.00014447613183128302,1.1540267369865085,192.39261641260237,9,COMPLETE
1688,,,2026-10-06 01:13:49.076990,2026-10-06 01:13:50.337790,0 days 00:00:01.260800,0.8010869639365119,1.3970533962124438,0.20358075665942357,18.489161893608337,0.6638526537340566,85.69762729633804,0.21292518523710352,11.86468393276075,0.2975664073833317,0.03280586071940829,,1.1540267369865085,,9,PRUNED
1689,39.5433266744403,4.283878561703899,2026-10-06 01:13:50.455661,2026-10-06 01:16:57.978546,0 days 00:03:07.522885,0.447684485641811,0.4835105352725577,0.807738690329122,18.386910920395536,0.05714116461716917,85.69762729633804,1.191277759964359,5.8774721288796,0.6979007106917119,0.09765004764801033,3.680314106392975e-06,1.1540267369865085,187.52278110012412,9,COMPLETE
1690,29.139240849108983,17.16414641424997,2026-10-06 01:14:19.027985,2026-10-06 01:17:30.474869,0 days 00:03:11.446884,0.51115025563667,0.3731992973752525,0.807738690329122,9.868280842937416,0.2395452449940939,98.6416708615901,0.21292518523710352,14.182822102930093,0.08173395261699556,0.03280586071940829,4.343429493003475e-06,1.1540267369865085,191.44678137358278,9,COMPLETE
1691,33.56891692260491,7.96469071747506,2026-10-06 01:14:19.618000,2026-10-06 01:17:25.499122,0 days 00:03:05.881122,0.447684485641811,0.2965654106455736,0.5667882730348237,10.877854836518644,0.2395452449940939,85.69762729633804,1.484226923085714,5.8774721288796,0.2975664073833317,0.03280586071940829,0.00014447613183128302,1.1540267369865085,185.88100447319448,9,COMPLETE
1692,32.86636358089949,17.574905999745372,2026-10-06 01:14:22.744005,2026-10-06 01:17:32.703301,0 days 00:03:09.959296,0.8010869639365119,0.4835105352725577,0.4120579376102117,17.553296709297783,0.2395452449940939,85.69762729633804,0.8104891731655404,9.515143773932058,0.18589067298139156,0.016569031062374923,0.00014447613183128302,1.2974912099205862,189.95918727479875,9,COMPLETE
1693,37.410179281072246,11.329222512980111,2026-10-06 01:14:46.343005,2026-10-06 01:18:02.089233,0 days 00:03:15.746228,0.4919537458910443,0.7186098618255685,0.4120579376102117,10.877854836518644,0.3201011955575039,85.69762729633804,0.6419517764288287,23.475624031055144,0.2975664073833317,0.03038027549946027,2.1038771230648366e-06,1.1540267369865085,195.7461201986298,9,COMPLETE
1694,33.532882527074065,2.779340947727778,2026-10-06 01:14:55.515992,2026-10-06 01:18:11.752656,0 days 00:03:16.236664,0.447684485641811,0.3233389271032242,0.4120579376102117,18.489161893608337,0.2395452449940939,98.6416708615901,0.21292518523710352,86.57068482598544,0.08173395261699556,0.09765004764801033,0.0006185581455600675,1.1540267369865085,196.23656183481216,9,COMPLETE
1695,,,2026-10-06 01:14:58.783005,2026-10-06 01:14:59.625043,0 days 00:00:00.842038,0.2994157425323484,0.2965654106455736,0.5667882730348237,21.183844928151355,0.6087670929915812,98.6416708615901,0.4740161859265573,9.263231390090198,0.04206136129933902,0.0012248319258823497,,1.4891500624393408,,9,PRUNED
