number,values_0,values_1,datetime_start,datetime_complete,duration,params_between_rest_spread,params_c_spread,params_c_val,params_input_force,params_k_between_spread,params_k_between_val,params_k_wall_spread,params_k_wall_val,params_m_spread,params_m_val,params_ridge_alpha,params_wall_rest_spread,user_attrs_duration_sec,system_attrs_NSGAIISampler:generation,state
4062,42.53683590549384,7.387663244613418,2026-10-06 02:47:23.709994,2026-10-06 02:50:32.580332,0 days 00:03:08.870338,0.51115025563667,0.8717951055729352,0.4120579376102117,8.556213008137046,0.506401025718823,86.6015482918717,1.484226923085714,19.15408445903519,0.06802941049346445,0.03038027549946027,4.343429493003475e-06,1.1540267369865085,188.87020832393318,26,COMPLETE
4063,,,2026-10-06 02:47:23.829130,2026-10-06 02:47:24.410012,0 days 00:00:00.580882,0.8010869639365119,1.3303195964232226,0.2345370319995722,10.877854836518644,0.506401025718823,98.6416708615901,1.080654620868664,12.371756168223909,0.3676044917349766,0.0035222738429222617,,1.3890637168667692,,26,PRUNED
4064,,,2026-10-06 02:47:24.880999,2026-10-06 02:47:26.090045,0 days 00:00:01.209046,0.51115025563667,0.7186098618255685,0.5667882730348237,42.61280857685005,0.506401025718823,98.6416708615901,1.484226923085714,45.6508402201298,0.3676044917349766,0.03280586071940829,,1.2974912099205862,,26,PRUNED
4065,35.854220048815314,9.557683826040808,2026-10-06 02:47:24.964110,2026-10-06 02:50:38.182620,0 days 00:03:13.218510,0.8010869639365119,0.19189790819770397,0.5926143650576037,5.245413993140336,0.33279388005294136,94.61146042672904,0.6419517764288287,7.242018006177657,0.28988344429582863,0.03038027549946027,4.343429493003475e-06,1.1540267369865085,193.21838802658021,26,COMPLETE
4066,34.52553877839697,16.491419839401907,2026-10-06 02:47:25.014148,2026-10-06 02:50:40.724484,0 days 00:03:15.710336,0.51115025563667,0.19189790819770397,0.5667882730348237,10.877854836518644,0.32299143779852707,98.6416708615901,1.080654620868664,35.86671955459044,0.2975664073833317,0.03280586071940829,4.343429493003475e-06,1.2974912099205862,195.71023104712367,26,COMPLETE
4067,37.166293630017385,12.66566446972978,2026-10-06 02:47:25.021967,2026-10-06 02:50:35.248740,0 days 00:03:10.226773,0.51115025563667,0.8717951055729352,0.5667882730348237,11.991629079089469,0.33279388005294136,98.6416708615901,0.7518185550990375,19.15408445903519,0.007925456797868324,0.03038027549946027,4.343429493003475e-06,1.2974912099205862,190.2266697017476,26,COMPLETE
4068,39.27777107744324,9.697657100067019,2026-10-06 02:47:25.025944,2026-10-06 02:50:37.130123,0 days 00:03:12.104179,0.6438364956892121,0.7186098618255685,0.4120579376102117,8.556213008137046,0.33279388005294136,94.61146042672904,0.6419517764288287,24.7033276028984,0.06802941049346445,0.03038027549946027,4.343429493003475e-06,1.1540267369865085,192.10408583004028,26,COMPLETE
4069,,,2026-10-06 02:47:25.639004,2026-10-06 02:47:26.362059,0 days 00:00:00.723055,0.4919537458910443,0.2284118304472575,0.5667882730348237,10.877854836518644,0.2395452449940939,98.6416708615901,1.4690823188003486,23.475624031055144,0.4212595585654096,0.024099244621516126,,1.1540267369865085,,26,PRUNED
4070,,,2026-10-06 02:47:25.962146,2026-10-06 02:48:04.650058,0 days 00:00:38.687912,0.8972337138425371,0.2284118304472575,0.5667882730348237,5.245413993140336,0.6087670929915812,98.6416708615901,0.6419517764288287,23.475624031055144,0.2975664073833317,0.024099244621516126,4.343429493003475e-06,1.1540267369865085,,26,PRUNED
4071,27.528172510793848,25.82426673857414,2026-10-06 02:47:27.119993,2026-10-06 02:50:38.670269,0 days 00:03:11.550276,0.51115025563667,0.07861675458476158,0.807738690329122,21.183844928151355,0.6087670929915812,94.61146042672904,1.080654620868664,45.6508402201298,0.007925456797868324,0.03038027549946027,2.1038771230648366e-06,1.2974912099205862,191.55016374774277,26,COMPLETE
4072,39.31923321049164,8.243428054198226,2026-10-06 02:47:27.127993,2026-10-06 02:50:39.816154,0 days 00:03:12.688161,0.14469070065336448,0.9424883283491463,0.4120579376102117,8.556213008137046,0.6087670929915812,86.6015482918717,0.6419517764288287,24.7033276028984,0.06802941049346445,0.03038027549946027,2.1038771230648366e-06,1.1540267369865085,192.68804558832198,26,COMPLETE
4073,46.54749645784951,3.3081523604116403,2026-10-06 02:47:27.239992,2026-10-06 02:50:35.312056,0 days 00:03:08.072064,0.8010869639365119,0.8715336252138003,0.4120579376102117,5.245413993140336,0.33279388005294136,94.61146042672904,0.6419517764288287,5.8774721288796,0.08173395261699556,0.0432350150687657,4.343429493003475e-06,0.86666779398677,188.07195197511464,26,COMPLETE
4074,43.18859708683325,7.438435764579732,2026-10-06 02:47:27.259972,2026-10-06 02:50:40.499850,0 days 00:03:13.239878,1.1546551456676255,0.8717951055729352,0.5667882730348237,11.991629079089469,0.33279388005294136,98.6416708615901,1.484226923085714,5.8774721288796,0.007925456797868324,0.03038027549946027,4.343429493003475e-06,1.1540267369865085,193.23976189363748,26,COMPLETE
4075,43.721342400651274,6.85741991007738,2026-10-06 02:47:27.432002,2026-10-06 02:50:37.746838,0 days 00:03:10.314836,0.8010869639365119,0.2965654106455736,0.4120579376102117,5.245413993140336,0.5557547632162355,94.61146042672904,0.6419517764288287,5.8774721288796,0.08173395261699556,0.03038027549946027,2.1038771230648366e-06,0.7699502779177346,190.31472373194993,26,COMPLETE
4076,37.63046660312318,1.2861140789118308,2026-10-06 02:47:57.249012,2026-10-06 02:51:08.641785,0 days 00:03:11.392773,0.51115025563667,0.19189790819770397,0.04511163374189864,10.877854836518644,0.2395452449940939,98.6416708615901,1.080654620868664,1.1445112738702679,0.2975664073833317,0.03280586071940829,2.1038771230648366e-06,1.1540267369865085,191.39263946469873,26,COMPLETE
4077,26.821175651751748,12.759666293917277,2026-10-06 02:48:00.299002,2026-10-06 02:51:16.547083,0 days 00:03:16.248081,0.8548572270960194,0.07861675458476158,0.807738690329122,5.245413993140336,0.6087670929915812,54.31171198280824,1.4690823188003486,17.246933587433514,0.08173395261699556,0.03038027549946027,4.343429493003475e-06,1.2974912099205862,196.2479561213404,26,COMPLETE
4078,1.8773985627868353,1.1711489351943802,2026-10-06 02:48:00.656356,2026-10-06 02:51:14.476538,0 days 00:03:13.820182,0.8548572270960194,0.8717951055729352,0.02459420658868463,8.556213008137046,0.6087670929915812,86.6015482918717,1.4690823188003486,24.7033276028984,0.08173395261699556,0.03038027549946027,4.343429493003475e-06,1.1540267369865085,193.8200728269294,26,COMPLETE
4079,,,2026-10-06 02:48:00.659964,2026-10-06 02:48:40.018047,0 days 00:00:39.358083,0.8010869639365119,0.7186098618255685,0.2345370319995722,21.183844928151355,0.7874674549476328,94.61146042672904,1.080654620868664,45.6508402201298,0.007925456797868324,0.03038027549946027,2.1038771230648366e-06,1.2974912099205862,,26,PRUNED
4080,29.485671297401417,3.724935722891656,2026-10-06 02:48:02.092597,2026-10-06 02:51:15.047110,0 days 00:03:12.954513,0.33129785706013226,0.07861675458476158,0.4120579376102117,5.245413993140336,0.3519093950798047,94.61146042672904,0.396687138771568,45.6508402201298,0.3054149949472662,0.03038027549946027,0.02326052343259724,1.2974912099205862,192.954399690032,26,COMPLETE
4081,,,2026-10-06 02:48:02.673499,2026-10-06 02:48:03.292044,0 days 00:00:00.618545,0.8548572270960194,0.48628333026250986,0.20358075665942357,5.245413993140336,0.6087670929915812,94.61146042672904,1.4690823188003486,5.8774721288796,0.08173395261699556,0.005129176488688107,,1.1540267369865085,,26,PRUNED
4082,33.29060154406718,18.994900959271916,2026-10-06 02:48:02.724100,2026-10-06 02:51:13.889483,0 days 00:03:11.165383,0.7407180681038071,0.2284118304472575,0.5926143650576037,10.877854836518644,0.33279388005294136,98.6416708615901,1.484226923085714,23.475624031055144,0.2975664073833317,0.024099244621516126,4.343429493003475e-06,1.1540267369865085,191.1652719117701,26,COMPLETE
4083,,,2026-10-06 02:48:02.888007,2026-10-06 02:48:39.602041,0 days 00:00:36.714034,0.51115025563667,0.8717951055729352,0.5667882730348237,10.877854836518644,0.7972315494064541,98.6416708615901,0.7518185550990375,45.6508402201298,0.3676044917349766,0.03280586071940829,4.343429493003475e-06,1.3890637168667692,,26,PRUNED
4084,53.03609173599212,1.400896117267126,2026-10-06 02:48:03.416142,2026-10-06 02:51:13.820613,0 days 00:03:10.404471,0.7123418565646167,0.2284118304472575,0.13668491573746275,5.245413993140336,0.6087670929915812,98.6416708615901,1.4690823188003486,14.182822102930093,0.08173395261699556,0.03038027549946027,2.1038771230648366e-06,1.2267307691914986,190.40435457602143,26,COMPLETE
4085,,,2026-10-06 02:48:03.539982,2026-10-06 02:48:44.474063,0 days 00:00:40.934081,0.51115025563667,0.2965654106455736,0.19400160111159936,5.245413993140336,0.9540963933843132,94.61146042672904,0.6419517764288287,5.8774721288796,0.08173395261699556,0.03280586071940829,0.0001816677802526828,1.1540267369865085,,26,PRUNED
4086,,,2026-10-06 02:48:03.724398,2026-10-06 02:50:01.773066,0 days 00:01:58.048668,0.51115025563667,0.2284118304472575,0.2345370319995722,5.245413993140336,0.33279388005294136,85.69762729633804,1.484226923085714,41.66154811682372,0.08173395261699556,0.024099244621516126,4.343429493003475e-06,0.6208677849046359,,26,PRUNED
4087,,,2026-10-06 02:48:04.808163,2026-10-06 02:48:05.620517,0 days 00:00:00.812354,0.8010869639365119,0.7186098618255685,0.2345370319995722,5.245413993140336,0.6087670929915812,94.61146042672904,0.6419517764288287,5.8774721288796,0.28988344429582863,0.003061917531954783,,1.1540267369865085,,26,PRUNED
4088,40.40171468155849,8.070178349099349,2026-10-06 02:48:04.811960,2026-10-06 02:51:12.132990,0 days 00:03:07.321030,0.51115025563667,0.19189790819770397,0.4120579376102117,10.877854836518644,0.506401025718823,98.6416708615901,0.3903224902970072,5.8774721288796,0.08173395261699556,0.03038027549946027,4.343429493003475e-06,1.2267307691914986,187.32091459818184,26,COMPLETE
4089,0.0760168156629285,1.2341138910783134,2026-10-06 02:48:04.815945,2026-10-06 02:51:16.345832,0 days 00:03:11.529887,0.8010869639365119,0.21606902729252941,0.011820496956508239,8.556213008137046,0.2395452449940939,98.6416708615901,0.7297455375332902,45.6508402201298,0.2975664073833317,0.03280586071940829,4.343429493003475e-06,0.23886283196880004,191.52978385426104,26,COMPLETE
4090,24.422181776750342,27.438202070876375,2026-10-06 02:48:05.759990,2026-10-06 02:51:15.479449,0 days 00:03:09.719459,0.3947538553955463,0.07861675458476158,0.807738690329122,12.214752017762354,0.6087670929915812,94.61146042672904,0.396687138771568,45.6508402201298,0.08173395261699556,0.03038027549946027,4.343429493003475e-06,0.23886283196880004,189.71934599243104,26,COMPLETE
4091,43.93094336749261,3.5146946731486053,2026-10-06 02:48:38.729118,2026-10-06 02:51:51.516270,0 days 00:03:12.787152,0.9158653711831447,0.7186098618255685,0.4120579376102117,5.245413993140336,0.33279388005294136,94.61146042672904,0.49791291886471845,5.442091331665723,0.28988344429582863,0.03038027549946027,5.3767166200761285e-05,1.1540267369865085,192.78703707829118,26,COMPLETE
4092,52.60131949564808,1.8369812725550327,2026-10-06 02:48:39.399994,2026-10-06 02:51:53.901036,0 days 00:03:14.501042,0.7407180681038071,0.48628333026250986,0.20358075665942357,10.877854836518644,0.33279388005294136,98.6416708615901,1.484226923085714,5.8774721288796,0.08173395261699556,0.03280586071940829,4.343429493003475e-06,1.1540267369865085,194.5009255213663,26,COMPLETE
4093,40.41988287109966,10.119149395095587,2026-10-06 02:48:39.452983,2026-10-06 02:51:54.027817,0 days 00:03:14.574834,0.5783563328036729,0.2284118304472575,0.4120579376102117,10.877854836518644,0.6087670929915812,98.6416708615901,1.484226923085714,12.371756168223909,0.08173395261699556,0.03038027549946027,4.343429493003475e-06,1.2974912099205862,194.57473808899522,26,COMPLETE
4094,0.06640192440624418,1.179047259603494,2026-10-06 02:48:39.609987,2026-10-06 02:51:54.319571,0 days 00:03:14.709584,0.51115025563667,0.2284118304472575,0.010907606580012283,10.877854836518644,0.33279388005294136,94.61146042672904,1.080654620868664,45.6508402201298,0.3676044917349766,0.03280586071940829,2.1038771230648366e-06,1.1540267369865085,194.70945567451417,26,COMPLETE
4095,39.309900455881056,11.142582661089484,2026-10-06 02:48:40.088999,2026-10-06 02:51:51.102991,0 days 00:03:11.013992,0.8010869639365119,0.19189790819770397,0.4120579376102117,5.245413993140336,0.6087670929915812,85.69762729633804,1.080654620868664,35.86671955459044,0.007925456797868324,0.03038027549946027,2.1038771230648366e-06,1.1540267369865085,191.0138738406822,26,COMPLETE
4096,32.55803268565978,12.855717902042596,2026-10-06 02:48:40.289269,2026-10-06 02:51:47.005527,0 days 00:03:06.716258,0.51115025563667,0.48628333026250986,0.807738690329122,10.985111360733473,0.33279388005294136,94.61146042672904,1.484226923085714,7.242018006177657,0.28988344429582863,0.03038027549946027,4.343429493003475e-06,1.1540267369865085,186.7161345249042,26,COMPLETE
4097,38.54054027695611,11.092696543364665,2026-10-06 02:48:41.676007,2026-10-06 02:51:55.084461,0 days 00:03:13.408454,0.51115025563667,0.8717951055729352,0.5667882730348237,11.991629079089469,0.33279388005294136,98.6416708615901,1.4690823188003486,19.15408445903519,0.007925456797868324,0.03038027549946027,4.343429493003475e-06,1.2267307691914986,193.408347081393,26,COMPLETE
4098,,,2026-10-06 02:48:44.495996,2026-10-06 02:48:44.777987,0 days 00:00:00.281991,0.8010869639365119,0.2965654106455736,0.4120579376102117,5.245413993140336,0.33279388005294136,94.61146042672904,1.2898828018697517,35.86671955459044,0.4212595585654096,0.0022922814987430826,,0.7699502779177346,,26,PRUNED
4099,40.441529998575255,10.080562179018115,2026-10-06 02:48:44.499957,2026-10-06 02:51:55.531952,0 days 00:03:11.031995,0.6642011052054924,0.7186098618255685,0.5667882730348237,10.877854836518644,0.506401025718823,94.61146042672904,1.484226923085714,12.371756168223909,0.28988344429582863,0.03280586071940829,4.343429493003475e-06,1.2974912099205862,191.0318772038445,26,COMPLETE
4100,,,2026-10-06 02:48:45.304148,2026-10-06 02:48:46.628071,0 days 00:00:01.323923,0.51115025563667,1.388723446230364,0.807738690329122,12.214752017762354,0.506401025718823,86.6015482918717,1.484226923085714,45.6508402201298,0.08173395261699556,0.03038027549946027,,0.23886283196880004,,26,PRUNED
4101,,,2026-10-06 02:48:46.608002,2026-10-06 02:49:26.013072,0 days 00:00:39.405070,0.9612737434278599,0.2284118304472575,0.4120579376102117,5.245413993140336,0.6087670929915812,98.6416708615901,0.21292518523710352,1.4056083189495427,0.3372985396418654,0.03038027549946027,0.00023428333292156852,1.2267307691914986,,26,PRUNED
4102,,,2026-10-06 02:48:46.628480,2026-10-06 02:49:25.910098,0 days 00:00:39.281618,0.8010869639365119,0.07861675458476158,0.5926143650576037,21.183844928151355,0.5476754173087648,94.61146042672904,0.396687138771568,35.86671955459044,0.3054149949472662,0.03038027549946027,4.343429493003475e-06,1.2974912099205862,,26,PRUNED
4103,,,2026-10-06 02:49:11.933990,2026-10-06 02:49:12.775247,0 days 00:00:00.841257,0.51115025563667,0.19189790819770397,0.5667882730348237,10.877854836518644,0.6087670929915812,94.61146042672904,0.7297455375332902,12.371756168223909,0.2975664073833317,0.0060641571793136955,,1.2974912099205862,,26,PRUNED
4104,36.48540006435805,10.899227095797187,2026-10-06 02:49:12.010989,2026-10-06 02:52:17.757101,0 days 00:03:05.746112,0.7407180681038071,0.19189790819770397,0.4120579376102117,10.877854836518644,0.33279388005294136,94.61146042672904,1.080654620868664,35.86671955459044,0.007925456797868324,0.03280586071940829,4.343429493003475e-06,1.1540267369865085,185.7459877487272,26,COMPLETE
4105,35.478670151605314,12.910246615309799,2026-10-06 02:49:12.892003,2026-10-06 02:52:24.059967,0 days 00:03:11.167964,0.51115025563667,0.8717951055729352,0.5667882730348237,21.183844928151355,0.33279388005294136,94.61146042672904,1.080654620868664,45.6508402201298,0.007925456797868324,0.03280586071940829,4.343429493003475e-06,1.2974912099205862,191.16784001048654,26,COMPLETE
4106,,,2026-10-06 02:49:14.404995,2026-10-06 02:49:14.974065,0 days 00:00:00.569070,0.7407180681038071,0.21606902729252941,0.807738690329122,8.556213008137046,0.33279388005294136,98.6416708615901,1.4690823188003486,35.86671955459044,0.4212595585654096,0.03038027549946027,,0.7699502779177346,,26,PRUNED
4107,48.21832029842983,1.799382636960289,2026-10-06 02:49:14.682115,2026-10-06 02:52:25.180662,0 days 00:03:10.498547,0.32522926579248107,1.2937071053860314,0.15949096488221817,5.245413993140336,0.33279388005294136,85.69762729633804,1.2898828018697517,35.86671955459044,0.4212595585654096,0.03038027549946027,2.1038771230648366e-06,0.7699502779177346,190.49841546081007,26,COMPLETE
4108,,,2026-10-06 02:49:15.258383,2026-10-06 02:49:54.966085,0 days 00:00:39.707702,0.9158653711831447,0.8639594755575852,0.12615106220885586,5.245413993140336,1.361250563938487,94.61146042672904,0.7257345409495506,1.1445112738702679,0.08173395261699556,0.03038027549946027,2.1038771230648366e-06,1.1540267369865085,,26,PRUNED
4109,,,2026-10-06 02:49:16.341005,2026-10-06 02:49:17.059294,0 days 00:00:00.718289,0.51115025563667,0.8717951055729352,0.4120579376102117,5.245413993140336,0.33279388005294136,98.6416708615901,1.484226923085714,45.6508402201298,0.3676044917349766,0.03038027549946027,,1.3890637168667692,,26,PRUNED
4110,32.87817307207053,18.38857958002425,2026-10-06 02:49:16.841998,2026-10-06 02:52:29.613565,0 days 00:03:12.771567,0.51115025563667,0.21606902729252941,0.5667882730348237,10.877854836518644,0.33279388005294136,94.61146042672904,1.080654620868664,35.86671955459044,0.3676044917349766,0.03280586071940829,4.343429493003475e-06,0.7699502779177346,192.77145867981017,26,COMPLETE
4111,41.53917815647761,2.4683430748279322,2026-10-06 02:49:17.204000,2026-10-06 02:52:30.780919,0 days 00:03:13.576919,0.9851512961104025,0.8717951055729352,0.19716141076622865,10.877854836518644,0.33279388005294136,94.61146042672904,1.080654620868664,45.6508402201298,0.3676044917349766,0.03280586071940829,4.343429493003475e-06,1.3890637168667692,193.5768123306334,26,COMPLETE
4112,33.41231430891414,19.342288158990563,2026-10-06 02:49:17.252976,2026-10-06 02:52:30.260575,0 days 00:03:13.007599,0.6775759777641851,0.2284118304472575,0.5667882730348237,10.877854836518644,0.2395452449940939,98.6416708615901,1.4690823188003486,23.475624031055144,0.2975664073833317,0.024099244621516126,4.343429493003475e-06,1.1540267369865085,193.0074688056484,26,COMPLETE
4113,29.518580544222107,18.481368319591144,2026-10-06 02:49:18.344994,2026-10-06 02:52:27.574903,0 days 00:03:09.229909,0.51115025563667,0.2965654106455736,0.5667882730348237,10.877854836518644,0.4890756409730672,94.61146042672904,1.080654620868664,45.6508402201298,0.3676044917349766,0.03280586071940829,2.1038771230648366e-06,0.17141211946664503,189.22978793270886,26,COMPLETE
4114,46.1545167703681,1.875978171545159,2026-10-06 02:49:19.462741,2026-10-06 02:52:28.737309,0 days 00:03:09.274568,0.8010869639365119,0.19189790819770397,0.12003921091763452,10.877854836518644,0.33279388005294136,84.2872143509463,1.080654620868664,35.86671955459044,0.2975664073833317,0.03038027549946027,4.343429493003475e-06,1.1540267369865085,189.27444147039205,26,COMPLETE
4115,31.28977082106048,8.32144748515897,2026-10-06 02:49:21.090994,2026-10-06 02:52:33.468254,0 days 00:03:12.377260,0.9158653711831447,0.07861675458476158,0.807738690329122,5.245413993140336,0.6087670929915812,98.6416708615901,0.6419517764288287,5.8774721288796,0.007925456797868324,0.03038027549946027,4.343429493003475e-06,1.1540267369865085,192.37714565731585,26,COMPLETE
4116,48.92436005031298,3.1686162011135828,2026-10-06 02:49:22.038982,2026-10-06 02:52:31.793197,0 days 00:03:09.754215,0.8010869639365119,0.7186098618255685,0.2345370319995722,10.877854836518644,0.506401025718823,98.6416708615901,1.484226923085714,12.371756168223909,0.28988344429582863,0.03038027549946027,4.343429493003475e-06,1.2974912099205862,189.7541088759899,26,COMPLETE
4117,49.06569448303005,1.3148725384233937,2026-10-06 02:49:22.907156,2026-10-06 02:52:35.779422,0 days 00:03:12.872266,0.51115025563667,0.07861675458476158,0.12615106220885586,21.183844928151355,0.2395452449940939,94.61146042672904,1.080654620868664,1.1445112738702679,0.08173395261699556,0.03038027549946027,4.343429493003475e-06,1.1540267369865085,192.872148941271,26,COMPLETE
4118,42.79817895730016,2.4768045261485443,2026-10-06 02:49:23.179986,2026-10-06 02:52:37.658112,0 days 00:03:14.478126,0.9158653711831447,0.7186098618255685,0.4120579376102117,5.245413993140336,0.6087670929915812,94.61146042672904,0.8259742130591958,5.8774721288796,0.026937100580568585,0.03038027549946027,0.0004498100233419283,1.1540267369865085,194.4780239984393,26,COMPLETE
4119,,,2026-10-06 02:49:23.859992,2026-10-06 02:49:24.817072,0 days 00:00:00.957080,0.4905716626960652,0.8717951055729352,0.4120579376102117,5.245413993140336,0.506401025718823,94.61146042672904,0.7297455375332902,24.7033276028984,0.08173395261699556,0.0053531638200448334,,1.1540267369865085,,26,PRUNED
4120,50.23925830044003,2.344131243799981,2026-10-06 02:49:24.314000,2026-10-06 02:52:37.128310,0 days 00:03:12.814310,0.51115025563667,0.2965654106455736,0.19400160111159936,5.245413993140336,0.33279388005294136,94.61146042672904,1.4690823188003486,19.15408445903519,0.08173395261699556,0.03038027549946027,4.343429493003475e-06,1.2974912099205862,192.8141904650256,26,COMPLETE
4121,,,2026-10-06 02:49:24.869004,2026-10-06 02:49:25.718091,0 days 00:00:00.849087,0.7123418565646167,0.2965654106455736,0.12615106220885586,39.00289350895726,0.33279388005294136,94.61146042672904,1.2898828018697517,1.4056083189495427,0.8147637015334768,0.021966873773064614,,1.1540267369865085,,26,PRUNED
