number,values_0,values_1,datetime_start,datetime_complete,duration,params_between_rest_spread,params_c_spread,params_c_val,params_input_force,params_k_between_spread,params_k_between_val,params_k_wall_spread,params_k_wall_val,params_m_spread,params_m_val,params_ridge_alpha,params_wall_rest_spread,user_attrs_duration_sec,system_attrs_NSGAIISampler:generation,state
2817,53.342215471499,1.9641456142926244,2026-10-06 01:58:40.616145,2026-10-06 02:01:54.165900,0 days 00:03:13.549755,0.447684485641811,0.7186098618255685,0.20358075665942357,5.245413993140336,0.2395452449940939,98.6416708615901,1.484226923085714,5.8774721288796,0.08173395261699556,0.03038027549946027,2.1038771230648366e-06,1.1540267369865085,193.5496470266953,17,COMPLETE
2818,53.24620716890653,1.669408512961718,2026-10-06 01:58:40.637990,2026-10-06 02:01:53.386422,0 days 00:03:12.748432,0.8010869639365119,0.19189790819770397,0.12615106220885586,18.386910920395536,0.2395452449940939,85.69762729633804,1.484226923085714,1.4056083189495427,0.08173395261699556,0.021966873773064614,0.0008277587997948686,1.100147793655494,192.74832530412823,17,COMPLETE
2819,,,2026-10-06 01:58:40.641959,2026-10-06 01:58:41.485065,0 days 00:00:00.843106,0.51115025563667,0.2284118304472575,0.807738690329122,18.489161893608337,0.33279388005294136,98.6416708615901,1.4690823188003486,14.182822102930093,1.1270288709563236,0.024099244621516126,,0.23886283196880004,,17,PRUNED
2820,28.62404246497646,6.435387500106544,2026-10-06 01:58:41.500998,2026-10-06 02:01:51.594873,0 days 00:03:10.093875,0.2994157425323484,0.2284118304472575,0.5667882730348237,13.646844546718466,0.6454873286650737,98.6416708615901,1.4690823188003486,23.475624031055144,0.08173395261699556,0.03280586071940829,0.04449609392065186,1.2267307691914986,190.09377479180694,17,COMPLETE
2821,33.224846286941066,15.474674710405452,2026-10-06 01:58:42.216009,2026-10-06 02:01:55.832695,0 days 00:03:13.616686,0.4919537458910443,0.5584449284897807,0.5926143650576037,21.183844928151355,0.506401025718823,85.69762729633804,1.080654620868664,41.66154811682372,0.007925456797868324,0.03280586071940829,4.343429493003475e-06,1.2974912099205862,193.61657597869635,17,COMPLETE
2822,37.646287764778286,8.907785125307129,2026-10-06 01:59:09.969044,2026-10-06 02:02:23.236091,0 days 00:03:13.267047,0.51115025563667,0.2284118304472575,0.3051366118604955,11.991629079089469,0.33279388005294136,85.69762729633804,0.6419517764288287,5.8774721288796,0.007925456797868324,0.024099244621516126,4.343429493003475e-06,0.7296704665126732,193.2669334076345,17,COMPLETE
2823,40.74865404839391,7.3141907650016,2026-10-06 01:59:11.286272,2026-10-06 02:02:22.049859,0 days 00:03:10.763587,0.2994157425323484,0.21606902729252941,0.4120579376102117,5.245413993140336,0.6087670929915812,85.69762729633804,1.4690823188003486,5.8774721288796,0.08173395261699556,0.03038027549946027,2.1038771230648366e-06,0.7699502779177346,190.76346651744097,17,COMPLETE
2824,,,2026-10-06 01:59:12.716056,2026-10-06 01:59:13.246029,0 days 00:00:00.529973,0.2994157425323484,0.2284118304472575,0.4120579376102117,5.245413993140336,0.2395452449940939,98.6416708615901,1.484226923085714,5.8774721288796,1.1844898947518407,0.014585729556370802,,1.1540267369865085,,17,PRUNED
2825,34.76305920642078,16.614249082696436,2026-10-06 01:59:13.318007,2026-10-06 02:02:27.368351,0 days 00:03:14.050344,0.6775759777641851,0.2965654106455736,0.5667882730348237,10.877854836518644,0.33279388005294136,98.6416708615901,1.484226923085714,23.475624031055144,0.2975664073833317,0.03038027549946027,4.343429493003475e-06,0.739405563829868,194.05022652167827,17,COMPLETE
2826,,,2026-10-06 01:59:13.427871,2026-10-06 01:59:13.966599,0 days 00:00:00.538728,0.5776322835344836,0.2284118304472575,0.5667882730348237,21.183844928151355,0.33279388005294136,85.69762729633804,1.080654620868664,86.57068482598544,0.3676044917349766,0.03280586071940829,,1.1540267369865085,,17,PRUNED
2827,36.313451290779895,12.237701623322614,2026-10-06 01:59:14.444453,2026-10-06 02:02:25.370254,0 days 00:03:10.925801,0.51115025563667,0.8717951055729352,0.5667882730348237,21.183844928151355,0.506401025718823,85.69762729633804,1.080654620868664,41.66154811682372,0.007925456797868324,0.03280586071940829,4.343429493003475e-06,1.2974912099205862,190.92568774800748,17,COMPLETE
2828,,,2026-10-06 01:59:15.119997,2026-10-06 01:59:52.242570,0 days 00:00:37.122573,0.51115025563667,0.8717951055729352,0.5667882730348237,20.803663662006613,1.2816695320194982,85.69762729633804,1.080654620868664,41.66154811682372,0.007925456797868324,0.03280586071940829,2.1038771230648366e-06,1.2974912099205862,,17,PRUNED
2829,45.537746000822466,6.049477642254578,2026-10-06 01:59:17.964161,2026-10-06 02:02:28.490828,0 days 00:03:10.526667,0.51115025563667,0.7186098618255685,0.4120579376102117,5.245413993140336,0.506401025718823,85.69762729633804,1.080654620868664,5.8774721288796,0.007925456797868324,0.03038027549946027,2.1038771230648366e-06,1.2974912099205862,190.52656364254653,17,COMPLETE
2830,,,2026-10-06 01:59:17.967966,2026-10-06 01:59:57.493049,0 days 00:00:39.525083,0.49771557793724813,0.2284118304472575,0.4120579376102117,18.489161893608337,0.6087670929915812,98.6416708615901,1.180096250393855,5.8774721288796,0.3054149949472662,0.03038027549946027,4.343429493003475e-06,1.2267307691914986,,17,PRUNED
2831,36.48402805375743,10.238199679118022,2026-10-06 01:59:17.992181,2026-10-06 02:02:26.553014,0 days 00:03:08.560833,0.51115025563667,0.24170054878051173,0.4120579376102117,21.183844928151355,0.506401025718823,85.69762729633804,1.484226923085714,19.15408445903519,0.28988344429582863,0.03280586071940829,4.343429493003475e-06,1.2974912099205862,188.5607253164053,17,COMPLETE
2832,55.20633275463416,1.3661883685808403,2026-10-06 01:59:18.352778,2026-10-06 02:02:26.419689,0 days 00:03:08.066911,0.8010869639365119,0.9277185443706824,0.12615106220885586,8.556213008137046,0.2395452449940939,85.69762729633804,0.21292518523710352,1.4056083189495427,0.3372985396418654,0.03038027549946027,0.00023428333292156852,0.2678812614884665,188.06680018361658,17,COMPLETE
2833,42.52798110376851,2.8927202886630052,2026-10-06 01:59:19.630148,2026-10-06 02:02:28.365567,0 days 00:03:08.735419,0.9158653711831447,0.7186098618255685,0.4120579376102117,5.245413993140336,0.2395452449940939,94.61146042672904,0.21292518523710352,5.8774721288796,0.3372985396418654,0.03280586071940829,0.00023428333292156852,1.2974912099205862,188.73531013168395,17,COMPLETE
2834,,,2026-10-06 01:59:20.164008,2026-10-06 01:59:20.922036,0 days 00:00:00.758028,0.51115025563667,0.2284118304472575,0.807738690329122,18.489161893608337,0.2395452449940939,98.6416708615901,0.4287170862335283,23.475624031055144,0.08173395261699556,0.0064143437625302805,,0.23886283196880004,,17,PRUNED
2835,,,2026-10-06 01:59:20.398993,2026-10-06 01:59:21.910081,0 days 00:00:01.511088,0.8010869639365119,0.2965654106455736,0.20358075665942357,18.489161893608337,0.2395452449940939,26.973472692599714,0.6419517764288287,23.475624031055144,1.1928848457970875,0.021966873773064614,,0.2678812614884665,,17,PRUNED
2836,,,2026-10-06 01:59:21.284999,2026-10-06 01:59:22.402045,0 days 00:00:01.117046,0.8010869639365119,0.19189790819770397,0.12615106220885586,8.556213008137046,0.2395452449940939,85.69762729633804,1.484226923085714,1.4056083189495427,0.08173395261699556,0.0013427297085154854,,1.1540267369865085,,17,PRUNED
2837,,,2026-10-06 01:59:21.938136,2026-10-06 02:00:00.818061,0 days 00:00:38.879925,0.4919537458910443,0.7186098618255685,0.4120579376102117,5.245413993140336,0.33279388005294136,94.61146042672904,1.080654620868664,86.57068482598544,0.007925456797868324,0.03280586071940829,0.4130985976717041,1.1540267369865085,,17,PRUNED
2838,42.98513469275449,3.4369264362768748,2026-10-06 01:59:22.405986,2026-10-06 02:02:35.601418,0 days 00:03:13.195432,0.51115025563667,0.8717951055729352,0.5667882730348237,8.556213008137046,0.3049037081953532,85.69762729633804,1.080654620868664,1.4056083189495427,0.007925456797868324,0.03280586071940829,2.1038771230648366e-06,1.2974912099205862,193.19532121438533,17,COMPLETE
2839,40.02191549163656,4.417005126611555,2026-10-06 01:59:51.939000,2026-10-06 02:03:01.323269,0 days 00:03:09.384269,1.108137592651457,0.8717951055729352,0.4120579376102117,5.245413993140336,0.6087670929915812,94.61146042672904,0.6419517764288287,41.66154811682372,0.08173395261699556,0.03280586071940829,4.343429493003475e-06,1.1540267369865085,189.38416317664087,17,COMPLETE
2840,34.23134444471124,8.537890721070623,2026-10-06 01:59:52.451143,2026-10-06 02:03:04.947555,0 days 00:03:12.496412,0.51115025563667,0.2284118304472575,0.5926143650576037,5.245413993140336,0.33279388005294136,85.69762729633804,0.6419517764288287,5.8774721288796,0.007925456797868324,0.03280586071940829,4.343429493003475e-06,1.1540267369865085,192.49629179481417,17,COMPLETE
2841,35.92816635212759,3.013532124801235,2026-10-06 01:59:52.454966,2026-10-06 02:02:59.807860,0 days 00:03:07.352894,0.9158653711831447,0.7186098618255685,0.5926143650576037,5.245413993140336,0.2395452449940939,94.61146042672904,0.12486747625813921,5.8774721288796,0.3676044917349766,0.03038027549946027,0.00023428333292156852,1.1540267369865085,187.35277614742517,17,COMPLETE
2842,46.607909199555195,1.769146491634063,2026-10-06 01:59:53.431998,2026-10-06 02:03:06.957874,0 days 00:03:13.525876,1.4644809848335274,0.8717951055729352,0.20358075665942357,10.877854836518644,0.2395452449940939,86.6015482918717,0.7297455375332902,5.8774721288796,0.08425697249759101,0.03038027549946027,4.343429493003475e-06,1.1540267369865085,193.5257586715743,17,COMPLETE
2843,,,2026-10-06 01:59:55.085988,2026-10-06 01:59:55.884044,0 days 00:00:00.798056,0.4919537458910443,0.2284118304472575,0.5926143650576037,10.877854836518644,0.33279388005294136,2.476473028862555,1.4316688439225738,86.57068482598544,0.2055368049449789,0.03280586071940829,,1.1540267369865085,,17,PRUNED
2844,28.023547578536473,1.232712413236256,2026-10-06 01:59:56.219007,2026-10-06 02:03:03.471672,0 days 00:03:07.252665,0.51115025563667,0.7186098618255685,0.03692238343500888,5.245413993140336,0.6087670929915812,94.61146042672904,1.484226923085714,5.8774721288796,0.026937100580568585,0.03038027549946027,2.1038771230648366e-06,1.1540267369865085,187.2525568054989,17,COMPLETE
2845,34.4593148783681,14.538515110195611,2026-10-06 01:59:57.017005,2026-10-06 02:03:08.827703,0 days 00:03:11.810698,0.9158653711831447,0.7186098618255685,0.5667882730348237,5.245413993140336,0.21538106558326692,94.61146042672904,0.6419517764288287,41.66154811682372,0.026937100580568585,0.03038027549946027,2.1038771230648366e-06,0.1405143084565969,191.81059053074569,17,COMPLETE
2846,24.73897213244866,9.660299798242733,2026-10-06 01:59:57.583859,2026-10-06 02:03:06.027997,0 days 00:03:08.444138,0.51115025563667,0.7186098618255685,0.5926143650576037,27.588667771239777,0.6087670929915812,13.551658849130467,0.12486747625813921,86.57068482598544,0.3676044917349766,0.03280586071940829,4.343429493003475e-06,1.1540267369865085,188.4440378760919,17,COMPLETE
2847,19.663269097989954,9.993221398067865,2026-10-06 01:59:58.993005,2026-10-06 02:03:09.820528,0 days 00:03:10.827523,0.51115025563667,0.2965654106455736,0.807738690329122,21.183844928151355,0.05714116461716917,94.61146042672904,1.080654620868664,45.6508402201298,0.18589067298139156,0.024099244621516126,1.0081238012568623,1.1540267369865085,190.82741352450103,17,COMPLETE
2848,39.39497895088901,2.5779900865852197,2026-10-06 01:59:59.777147,2026-10-06 02:03:10.303244,0 days 00:03:10.526097,0.8010869639365119,0.9277185443706824,0.5667882730348237,10.139242992100437,0.2395452449940939,98.6416708615901,0.21292518523710352,1.4056083189495427,0.08173395261699556,0.03038027549946027,0.00023428333292156852,0.2678812614884665,190.52598829288036,17,COMPLETE
2849,,,2026-10-06 02:00:00.339999,2026-10-06 02:00:39.834039,0 days 00:00:39.494040,0.51115025563667,0.2284118304472575,0.807738690329122,18.489161893608337,0.6454873286650737,98.6416708615901,1.180096250393855,23.475624031055144,0.3054149949472662,0.03280586071940829,4.343429493003475e-06,0.23886283196880004,,17,PRUNED
2850,43.23304837082328,3.7617082071879806,2026-10-06 02:00:01.079994,2026-10-06 02:03:13.878077,0 days 00:03:12.798083,0.2994157425323484,0.7186098618255685,0.4120579376102117,8.556213008137046,0.2395452449940939,85.69762729633804,0.6419517764288287,1.4056083189495427,0.08173395261699556,0.03038027549946027,2.1038771230648366e-06,1.1540267369865085,192.79796801507473,17,COMPLETE
2851,34.82221542354395,7.262941732017511,2026-10-06 02:00:26.749526,2026-10-06 02:03:37.430956,0 days 00:03:10.681430,0.51115025563667,0.8717951055729352,0.5667882730348237,5.245413993140336,0.506401025718823,13.06078887536243,1.484226923085714,41.66154811682372,0.08173395261699556,0.03280586071940829,2.1038771230648366e-06,1.323184094944831,190.68131422437727,17,COMPLETE
2852,44.764283182574076,4.519751954991727,2026-10-06 02:00:27.855106,2026-10-06 02:03:41.910838,0 days 00:03:14.055732,0.2994157425323484,0.2284118304472575,0.4120579376102117,5.245413993140336,0.6087670929915812,98.6416708615901,1.4690823188003486,3.0781335840918045,0.08173395261699556,0.03038027549946027,4.343429493003475e-06,1.2267307691914986,194.05562054086477,17,COMPLETE
2853,38.6440903476976,11.246374517669802,2026-10-06 02:00:28.485203,2026-10-06 02:03:35.976897,0 days 00:03:07.491694,1.4644809848335274,0.8717951055729352,0.5667882730348237,18.489161893608337,0.2395452449940939,85.69762729633804,1.2845314902670613,41.66154811682372,0.08173395261699556,0.03280586071940829,2.1038771230648366e-06,1.311646017143335,187.4915660386905,17,COMPLETE
2854,39.150495317583264,2.781431493932141,2026-10-06 02:00:29.566179,2026-10-06 02:03:40.922520,0 days 00:03:11.356341,0.51115025563667,0.2965654106455736,0.20358075665942357,5.245413993140336,0.8561791509377938,26.973472692599714,1.4690823188003486,5.8774721288796,0.08173395261699556,0.03280586071940829,4.343429493003475e-06,1.2974912099205862,191.35622265934944,17,COMPLETE
2855,,,2026-10-06 02:00:29.812146,2026-10-06 02:01:07.087050,0 days 00:00:37.274904,0.2994157425323484,0.21606902729252941,0.5926143650576037,5.245413993140336,0.6087670929915812,85.69762729633804,1.4690823188003486,5.8774721288796,0.4212595585654096,0.03038027549946027,4.343429493003475e-06,0.7699502779177346,,17,PRUNED
2856,36.572789243884806,11.76312989763308,2026-10-06 02:00:30.503994,2026-10-06 02:03:47.008179,0 days 00:03:16.504185,0.4919537458910443,0.2284118304472575,0.5926143650576037,4.807473377207343,0.33279388005294136,85.69762729633804,1.4690823188003486,35.86671955459044,0.3676044917349766,0.03280586071940829,4.343429493003475e-06,1.4015570480975628,196.50407696701586,17,COMPLETE
2857,,,2026-10-06 02:00:31.164990,2026-10-06 02:01:11.480038,0 days 00:00:40.315048,0.8010869639365119,0.9277185443706824,0.12615106220885586,8.556213008137046,0.2395452449940939,85.69762729633804,0.21292518523710352,1.4056083189495427,0.5991909812779848,0.020784148980732945,2.1038771230648366e-06,0.2678812614884665,,17,PRUNED
2858,24.15337100837055,1.2918932111114798,2026-10-06 02:00:31.935007,2026-10-06 02:03:45.421931,0 days 00:03:13.486924,0.51115025563667,0.8717951055729352,0.12615106220885586,21.183844928151355,0.506401025718823,17.666660636906816,0.815729469726203,1.367818586245525,0.007925456797868324,0.03038027549946027,0.00023428333292156852,1.2974912099205862,193.48679984733462,17,COMPLETE
2859,42.90083836265578,8.256802266421158,2026-10-06 02:00:32.027666,2026-10-06 02:03:43.262433,0 days 00:03:11.234767,1.2961389024543974,0.8717951055729352,0.5667882730348237,5.245413993140336,0.506401025718823,85.69762729633804,1.080654620868664,41.66154811682372,0.007925456797868324,0.03280586071940829,2.1038771230648366e-06,1.2974912099205862,191.23465657420456,17,COMPLETE
2860,41.35369476998857,8.675419253092743,2026-10-06 02:00:34.328710,2026-10-06 02:03:46.965406,0 days 00:03:12.636696,0.2994157425323484,0.7186098618255685,0.4120579376102117,5.245413993140336,0.4451392771259987,98.6416708615901,0.5947131240906458,26.381291328895045,0.08173395261699556,0.03038027549946027,2.1038771230648366e-06,1.398679813564694,192.6365830367431,17,COMPLETE
2861,35.804829031729525,8.270634515424312,2026-10-06 02:00:34.342964,2026-10-06 02:03:43.613608,0 days 00:03:09.270644,0.6775759777641851,0.11605786696653725,0.4120579376102117,21.183844928151355,0.2395452449940939,85.69762729633804,1.484226923085714,20.4004304097776,0.2975664073833317,0.038899959022458665,4.343429493003475e-06,1.2974912099205862,189.27054494526237,17,COMPLETE
2862,,,2026-10-06 02:00:35.804150,2026-10-06 02:00:36.377047,0 days 00:00:00.572897,0.51115025563667,0.8717951055729352,0.5667882730348237,5.245413993140336,0.6087670929915812,94.61146042672904,1.4690823188003486,92.87015649248438,0.007925456797868324,0.03280586071940829,,1.2974912099205862,,18,PRUNED
2863,32.83866018742107,14.00703245137449,2026-10-06 02:00:35.807973,2026-10-06 02:03:48.346126,0 days 00:03:12.538153,0.9158653711831447,0.7186098618255685,0.5667882730348237,37.76231915793752,0.506401025718823,85.69762729633804,1.080654620868664,41.66154811682372,0.007925456797868324,0.03038027549946027,2.1038771230648366e-06,1.2974912099205862,192.53805518336594,18,COMPLETE
2864,45.700377304462506,4.7378559885994,2026-10-06 02:00:35.811952,2026-10-06 02:03:50.037823,0 days 00:03:14.225871,0.9158653711831447,0.7424495566914788,0.4120579376102117,5.245413993140336,0.0974632451483104,94.61146042672904,1.4690823188003486,5.8774721288796,0.007925456797868324,0.03038027549946027,2.1038771230648366e-06,1.2267307691914986,194.22576219122857,18,COMPLETE
2865,41.00450111544626,6.503141223766113,2026-10-06 02:00:35.883974,2026-10-06 02:03:45.537325,0 days 00:03:09.653351,0.9158653711831447,0.2284118304472575,0.4120579376102117,5.245413993140336,0.2395452449940939,94.61146042672904,0.21292518523710352,5.8774721288796,0.01948508678266231,0.03038027549946027,4.343429493003475e-06,1.1540267369865085,189.65325082093477,18,COMPLETE
2866,34.56985256379026,7.851286424776545,2026-10-06 02:00:36.871146,2026-10-06 02:03:45.636942,0 days 00:03:08.765796,0.9158653711831447,0.7186098618255685,0.5926143650576037,11.991629079089469,0.2395452449940939,94.61146042672904,0.21292518523710352,5.8774721288796,0.007925456797868324,0.03038027549946027,0.00023428333292156852,0.7699502779177346,188.765690818429,18,COMPLETE
2867,47.99997384015742,4.719421997731235,2026-10-06 02:00:39.851999,2026-10-06 02:03:50.805112,0 days 00:03:10.953113,0.9158653711831447,0.7186098618255685,0.4120579376102117,5.245413993140336,0.6087670929915812,94.61146042672904,1.3303656343791816,5.8774721288796,0.026937100580568585,0.03038027549946027,4.343429493003475e-06,1.1540267369865085,190.95300767756999,18,COMPLETE
2868,44.84233234402833,5.437790849726352,2026-10-06 02:01:05.384005,2026-10-06 02:04:13.258862,0 days 00:03:07.874857,0.2994157425323484,0.2284118304472575,0.4120579376102117,5.245413993140336,0.6087670929915812,98.6416708615901,1.4690823188003486,5.8774721288796,0.08173395261699556,0.03280586071940829,4.343429493003475e-06,1.2974912099205862,187.87473885156214,18,COMPLETE
2869,41.18691577369524,7.451514042560893,2026-10-06 02:01:07.168138,2026-10-06 02:04:21.144267,0 days 00:03:13.976129,1.4644809848335274,0.8717951055729352,0.5667882730348237,18.489161893608337,0.2395452449940939,85.69762729633804,1.484226923085714,5.8774721288796,0.08173395261699556,0.03280586071940829,4.343429493003475e-06,1.2974912099205862,193.9760299474001,18,COMPLETE
2870,33.45611364426481,15.117195652256203,2026-10-06 02:01:08.162989,2026-10-06 02:04:18.025837,0 days 00:03:09.862848,0.4919537458910443,0.2284118304472575,0.5667882730348237,11.991629079089469,0.33279388005294136,85.69762729633804,1.4690823188003486,23.475624031055144,0.08173395261699556,0.03280586071940829,4.343429493003475e-06,1.1540267369865085,189.8627395471558,18,COMPLETE
2871,27.00698943950319,19.515155904447365,2026-10-06 02:01:08.769248,2026-10-06 02:04:20.139845,0 days 00:03:11.370597,0.7993783074127211,0.2284118304472575,0.5667882730348237,35.45710890231175,0.506401025718823,85.69762729633804,0.12486747625813921,86.57068482598544,0.3676044917349766,0.03280586071940829,4.343429493003475e-06,1.1540267369865085,191.37048707716167,18,COMPLETE
2872,,,2026-10-06 02:01:09.214955,2026-10-06 02:01:09.779034,0 days 00:00:00.564079,0.9158653711831447,0.8717951055729352,0.35877311513660165,5.245413993140336,0.506401025718823,94.61146042672904,0.6419517764288287,5.8774721288796,0.026937100580568585,0.014374294056468638,,0.023683553294139847,,18,PRUNED
2873,39.33545779211414,8.44453008653223,2026-10-06 02:01:09.635746,2026-10-06 02:04:22.978727,0 days 00:03:13.342981,1.4644809848335274,0.8717951055729352,0.5667882730348237,5.245413993140336,0.3049037081953532,86.6015482918717,0.7297455375332902,24.7033276028984,0.06802941049346445,0.03038027549946027,4.343429493003475e-06,1.2974912099205862,193.34287622664124,18,COMPLETE
2874,37.422197734284204,2.8417985061650626,2026-10-06 02:01:09.654971,2026-10-06 02:04:20.288250,0 days 00:03:10.633279,0.51115025563667,0.19189790819770397,0.20358075665942357,39.33909950343522,0.506401025718823,98.6416708615901,0.3784518679165574,5.8774721288796,0.2975664073833317,0.03280586071940829,4.343429493003475e-06,0.7296704665126732,190.63317176606506,18,COMPLETE
2875,41.78757194354108,3.207786602443628,2026-10-06 02:01:10.237005,2026-10-06 02:04:21.114539,0 days 00:03:10.877534,0.51115025563667,0.19189790819770397,0.12615106220885586,15.654386154329675,0.33279388005294136,98.6416708615901,1.2898828018697517,14.182822102930093,0.3054149949472662,0.024099244621516126,4.343429493003475e-06,0.2678812614884665,190.87743069976568,18,COMPLETE
