number,values_0,values_1,datetime_start,datetime_complete,duration,params_input_force,system_attrs_NSGAIISampler:generation,state
1730,0.012703274113876506,0.46746329846264223,2026-07-07 14:07:44.160260,2026-07-07 14:07:51.318640,0 days 00:00:07.158380,15.784309045603601,17,COMPLETE
1731,0.017001584681934634,0.467099689178248,2026-07-07 14:07:44.176281,2026-07-07 14:07:55.930714,0 days 00:00:11.754433,48.787290055259206,17,COMPLETE
1732,0.024447005089318352,0.4657583066089561,2026-07-07 14:07:44.190461,2026-07-07 14:07:50.760536,0 days 00:00:06.570075,99.5059134312208,17,COMPLETE
1733,0.017151854699471558,0.46690364331480816,2026-07-07 14:07:44.356573,2026-07-07 14:07:54.320268,0 days 00:00:09.963695,47.93860173608252,17,COMPLETE
1734,0.016648974102856484,0.46670935014662507,2026-07-07 14:07:44.684201,2026-07-07 14:07:54.309527,0 days 00:00:09.625326,3.693980748901861,17,COMPLETE
1735,0.02657687395081021,0.46434302393197024,2026-07-07 14:07:44.686658,2026-07-07 14:07:54.670061,0 days 00:00:09.983403,1.060867121460925,17,COMPLETE
1736,0.0138994055357608,0.4674809074241272,2026-07-07 14:07:44.687727,2026-07-07 14:07:55.705530,0 days 00:00:11.017803,32.384989170343054,17,COMPLETE
1737,0.01456437510326486,0.4673565946176929,2026-07-07 14:07:44.694294,2026-07-07 14:07:55.697513,0 days 00:00:11.003219,19.304254716835203,17,COMPLETE
1738,0.009989178809374333,0.4680996691584125,2026-07-07 14:07:44.700436,2026-07-07 14:07:52.331632,0 days 00:00:07.631196,9.583671216431979,17,COMPLETE
1739,0.021733777581387226,0.4661961815296697,2026-07-07 14:07:44.705219,2026-07-07 14:07:51.834376,0 days 00:00:07.129157,64.1019147963411,17,COMPLETE
1740,0.017830068033897195,0.466731270185419,2026-07-07 14:07:44.723140,2026-07-07 14:07:49.270948,0 days 00:00:04.547808,54.47956990417511,17,COMPLETE
1741,0.011998415502822712,0.46764426264058917,2026-07-07 14:07:44.726887,2026-07-07 14:07:54.317446,0 days 00:00:09.590559,16.68675278190067,17,COMPLETE
1742,0.02046589478691646,0.46627370805322305,2026-07-07 14:07:44.730629,2026-07-07 14:07:54.306420,0 days 00:00:09.575791,70.9627595570935,17,COMPLETE
1743,0.02190437699342962,0.4660989467367329,2026-07-07 14:07:44.734555,2026-07-07 14:07:56.262389,0 days 00:00:11.527834,80.87858247091917,17,COMPLETE
1744,0.017480463528714518,0.46673520356949383,2026-07-07 14:07:44.912355,2026-07-07 14:07:55.511364,0 days 00:00:10.599009,25.40283250940735,17,COMPLETE
1745,0.020637607315518947,0.4662246251563459,2026-07-07 14:07:45.071282,2026-07-07 14:07:51.333589,0 days 00:00:06.262307,72.83152943695885,17,COMPLETE
1746,0.005459844872277353,0.4694533230064255,2026-07-07 14:07:45.709203,2026-07-07 14:07:56.255456,0 days 00:00:10.546253,4.849356938516535,17,COMPLETE
1747,0.025261797078608872,0.4656599443622448,2026-07-07 14:07:45.711584,2026-07-07 14:07:56.254967,0 days 00:00:10.543383,96.61497002078751,17,COMPLETE
1748,0.018418373001267307,0.46658336710794335,2026-07-07 14:07:46.071543,2026-07-07 14:07:55.509084,0 days 00:00:09.437541,57.31474110574927,17,COMPLETE
1749,0.021238739302581522,0.46618581567452344,2026-07-07 14:07:46.227030,2026-07-07 14:07:51.333380,0 days 00:00:05.106350,66.1200693407096,17,COMPLETE
1750,0.02294921771229269,0.4659948376985588,2026-07-07 14:07:46.887300,2026-07-07 14:07:54.337543,0 days 00:00:07.450243,83.99829844220731,17,COMPLETE
1751,0.018768759231683307,0.46669296341397815,2026-07-07 14:07:46.913097,2026-07-07 14:07:50.224977,0 days 00:00:03.311880,42.47221060633707,17,COMPLETE
1752,0.017150282225789404,0.4667574956817534,2026-07-07 14:07:47.251098,2026-07-07 14:07:58.427664,0 days 00:00:11.176566,33.264079809931026,17,COMPLETE
1753,0.022501001695554634,0.46602751773541284,2026-07-07 14:07:47.266170,2026-07-07 14:08:00.087274,0 days 00:00:12.821104,82.02018283934122,17,COMPLETE
1754,0.019255676419412338,0.4661386157362359,2026-07-07 14:07:47.268822,2026-07-07 14:08:01.083086,0 days 00:00:13.814264,5.296632508331853,17,COMPLETE
1755,0.019431621298708568,0.46639325226683725,2026-07-07 14:07:47.276466,2026-07-07 14:07:55.924473,0 days 00:00:08.648007,74.87191438603018,17,COMPLETE
1756,0.02171877877511924,0.4661209920698799,2026-07-07 14:07:47.436286,2026-07-07 14:07:58.595931,0 days 00:00:11.159645,80.52040966131607,17,COMPLETE
1757,0.021038834092268255,0.4663970817747667,2026-07-07 14:07:47.437894,2026-07-07 14:08:01.077304,0 days 00:00:13.639410,63.5145280663099,17,COMPLETE
1758,0.021014017706087573,0.46621216025401024,2026-07-07 14:07:47.606740,2026-07-07 14:07:56.090199,0 days 00:00:08.483459,78.35547452163998,17,COMPLETE
1759,0.014950551238902376,0.46711818256161697,2026-07-07 14:07:47.627486,2026-07-07 14:07:58.612387,0 days 00:00:10.984901,18.355392377669578,17,COMPLETE
1760,0.01210866998618948,0.46765230800079505,2026-07-07 14:07:47.628957,2026-07-07 14:07:56.270996,0 days 00:00:08.642039,32.01115869892455,17,COMPLETE
1761,0.02450478436192971,0.46569767382924004,2026-07-07 14:07:47.788367,2026-07-07 14:07:54.129394,0 days 00:00:06.341027,91.14208086492279,17,COMPLETE
1762,0.017866003773331918,0.4667259934611023,2026-07-07 14:07:47.789150,2026-07-07 14:07:59.243811,0 days 00:00:11.454661,55.045608189746105,17,COMPLETE
1763,0.01815989552077485,0.46680421738480127,2026-07-07 14:07:47.791147,2026-07-07 14:07:53.630534,0 days 00:00:05.839387,46.420284199139715,17,COMPLETE
1764,0.015362149600678665,0.4674024595964616,2026-07-07 14:07:47.797376,2026-07-07 14:07:53.628009,0 days 00:00:05.830633,34.8042072708409,17,COMPLETE
1765,0.016080278680882132,0.4671768399561757,2026-07-07 14:07:47.799541,2026-07-07 14:08:00.753163,0 days 00:00:12.953622,20.354523738090702,17,COMPLETE
1766,0.025259873557346213,0.4656629657276392,2026-07-07 14:07:47.958747,2026-07-07 14:07:54.339936,0 days 00:00:06.381189,94.36248510728566,17,COMPLETE
1767,0.029443570891743265,0.46370302922310036,2026-07-07 14:07:48.605180,2026-07-07 14:08:03.969968,0 days 00:00:15.364788,1.517337538373665,17,COMPLETE
1768,0.016016804311915156,0.467222130263226,2026-07-07 14:07:48.605593,2026-07-07 14:07:58.383132,0 days 00:00:09.777539,23.063762583336043,17,COMPLETE
1769,0.019013345737050324,0.46660508784259164,2026-07-07 14:07:48.611482,2026-07-07 14:08:02.596555,0 days 00:00:13.985073,41.58044436107351,17,COMPLETE
1770,0.020155019980239886,0.4662906598272543,2026-07-07 14:07:48.770839,2026-07-07 14:07:59.599316,0 days 00:00:10.828477,76.44351410359806,17,COMPLETE
1771,0.017044245874568598,0.46698647424531026,2026-07-07 14:07:48.779272,2026-07-07 14:07:56.253399,0 days 00:00:07.474127,38.94989067194751,17,COMPLETE
1772,0.024781056413515634,0.4657032891887667,2026-07-07 14:07:50.216294,2026-07-07 14:08:00.749353,0 days 00:00:10.533059,92.38930344931131,17,COMPLETE
1773,0.011034331100880979,0.46794771396170326,2026-07-07 14:07:50.383930,2026-07-07 14:07:59.605183,0 days 00:00:09.221253,15.803298701543067,17,COMPLETE
1774,0.02147291988417871,0.4661107874444445,2026-07-07 14:07:51.289446,2026-07-07 14:08:03.609034,0 days 00:00:12.319588,78.71880867613788,17,COMPLETE
1775,0.025121550494737355,0.4656766794498613,2026-07-07 14:07:51.292574,2026-07-07 14:07:59.244600,0 days 00:00:07.952026,93.734927623934,17,COMPLETE
1776,0.024174470995081743,0.4657443930842527,2026-07-07 14:07:51.296051,2026-07-07 14:07:58.588131,0 days 00:00:07.292080,90.22849775721046,17,COMPLETE
1777,0.021998813183971178,0.4660876230746229,2026-07-07 14:07:51.351440,2026-07-07 14:08:03.983964,0 days 00:00:12.632524,81.06410767002822,17,COMPLETE
1778,0.019763766762416757,0.4665061449662548,2026-07-07 14:07:51.352612,2026-07-07 14:07:59.767202,0 days 00:00:08.414590,59.8708162882383,17,COMPLETE
1779,0.01909515436625009,0.4661928756147027,2026-07-07 14:07:51.669730,2026-07-07 14:08:04.030614,0 days 00:00:12.360884,2.3344902043704674,17,COMPLETE
1780,0.02214634263315851,0.46603354810039294,2026-07-07 14:07:51.672494,2026-07-07 14:07:57.405487,0 days 00:00:05.732993,69.05085089831772,17,COMPLETE
1781,0.024172426755046605,0.4657591888694609,2026-07-07 14:07:51.838254,2026-07-07 14:07:54.834034,0 days 00:00:02.995780,88.85533344290786,17,COMPLETE
1782,0.02150858960764751,0.46614796661307334,2026-07-07 14:07:51.848980,2026-07-07 14:08:03.255417,0 days 00:00:11.406437,80.11534730206968,17,COMPLETE
1783,0.012488408345952884,0.4677511753862902,2026-07-07 14:07:51.854268,2026-07-07 14:08:02.597243,0 days 00:00:10.742975,37.97270239528713,17,COMPLETE
1784,0.02034254242850303,0.46632770036110516,2026-07-07 14:07:52.164961,2026-07-07 14:08:01.093871,0 days 00:00:08.928910,66.9128493316386,17,COMPLETE
1785,0.015102832861868642,0.4671664467904276,2026-07-07 14:07:52.349341,2026-07-07 14:08:01.426141,0 days 00:00:09.076800,32.92579771270496,17,COMPLETE
1786,0.02300884444728951,0.4660033184909469,2026-07-07 14:07:52.350765,2026-07-07 14:08:03.268650,0 days 00:00:10.917885,84.69343566102329,17,COMPLETE
1787,0.020846331235410076,0.4661968697396534,2026-07-07 14:07:52.987555,2026-07-07 14:08:04.003416,0 days 00:00:11.015861,72.17932111231323,17,COMPLETE
1788,0.024730891814387645,0.4657263808286051,2026-07-07 14:07:53.301712,2026-07-07 14:08:04.002811,0 days 00:00:10.701099,98.37468172807303,17,COMPLETE
1789,0.004188665789788271,0.4691996730130892,2026-07-07 14:07:53.458674,2026-07-07 14:08:04.002065,0 days 00:00:10.543391,12.730620897063574,17,COMPLETE
1790,0.021933785044606025,0.4660954581146198,2026-07-07 14:07:53.619301,2026-07-07 14:08:02.581836,0 days 00:00:08.962535,80.93644501682238,17,COMPLETE
1791,0.009204920557803864,0.4677932640697239,2026-07-07 14:07:53.620284,2026-07-07 14:08:04.026215,0 days 00:00:10.405931,10.995604250921016,17,COMPLETE
1792,0.004616032058571362,0.46892825097338414,2026-07-07 14:07:53.622125,2026-07-07 14:08:03.986586,0 days 00:00:10.364461,9.542193226031452,17,COMPLETE
1793,0.020446102753992557,0.46634310561617753,2026-07-07 14:07:54.118551,2026-07-07 14:07:58.587668,0 days 00:00:04.469117,40.92938736834097,17,COMPLETE
1794,0.024182775475815932,0.46574377037001846,2026-07-07 14:07:54.133052,2026-07-07 14:08:04.045232,0 days 00:00:09.912180,90.17358247173505,17,COMPLETE
1795,0.02373645884296194,0.46585852697927194,2026-07-07 14:07:54.137106,2026-07-07 14:08:04.381944,0 days 00:00:10.244838,87.51114172340019,17,COMPLETE
1796,0.020927805531503085,0.4664206218510329,2026-07-07 14:07:54.300320,2026-07-07 14:08:03.979340,0 days 00:00:09.679020,63.37460712887368,17,COMPLETE
1797,0.008277574671067656,0.46814775282640725,2026-07-07 14:07:54.992653,2026-07-07 14:08:06.273623,0 days 00:00:11.280970,18.121568928821087,17,COMPLETE
1798,0.019659875957300565,0.4664397791672794,2026-07-07 14:07:54.995034,2026-07-07 14:08:02.771377,0 days 00:00:07.776343,53.851441663784534,17,COMPLETE
1799,0.01759095929879667,0.4668826670162993,2026-07-07 14:07:55.311577,2026-07-07 14:08:04.383367,0 days 00:00:09.071790,38.935635948247,17,COMPLETE
1800,0.01657389641604301,0.4669584334049801,2026-07-07 14:07:55.485912,2026-07-07 14:08:03.960731,0 days 00:00:08.474819,28.683528415387748,17,COMPLETE
1801,0.020430878164400756,0.4662957007798437,2026-07-07 14:07:55.722818,2026-07-07 14:08:04.214424,0 days 00:00:08.491606,66.63914582956957,17,COMPLETE
1802,0.015726203630873903,0.4670593872982937,2026-07-07 14:07:55.724570,2026-07-07 14:07:58.422564,0 days 00:00:02.697994,34.023735477401345,17,COMPLETE
1803,0.018399134511828452,0.4666575491643917,2026-07-07 14:07:55.727395,2026-07-07 14:08:06.630289,0 days 00:00:10.902894,50.725973714972724,17,COMPLETE
1804,0.015005355817434951,0.4672089778671355,2026-07-07 14:07:55.739362,2026-07-07 14:08:03.436908,0 days 00:00:07.697546,30.53822801827522,17,COMPLETE
1805,0.013555976986761142,0.46752231051277854,2026-07-07 14:07:55.929268,2026-07-07 14:08:04.372088,0 days 00:00:08.442820,38.55469262211044,17,COMPLETE
1806,0.023952372303654768,0.46582340433095626,2026-07-07 14:07:55.931970,2026-07-07 14:08:07.179534,0 days 00:00:11.247564,87.86278578328718,17,COMPLETE
1807,0.006720463924748787,0.46866106345008507,2026-07-07 14:07:56.252093,2026-07-07 14:08:07.015169,0 days 00:00:10.763076,13.438935885806783,17,COMPLETE
1808,0.011791200342281871,0.4678094922712714,2026-07-07 14:07:56.262723,2026-07-07 14:08:06.834232,0 days 00:00:10.571509,30.67206824269017,17,COMPLETE
1809,0.017926712042320547,0.46687042956748254,2026-07-07 14:07:56.274039,2026-07-07 14:08:06.856211,0 days 00:00:10.582172,42.00929774996513,17,COMPLETE
1810,0.013168615489250524,0.4675251003335043,2026-07-07 14:07:56.275295,2026-07-07 14:08:08.500089,0 days 00:00:12.224794,31.59747018939202,17,COMPLETE
1811,0.024087838983185728,0.46575330376614243,2026-07-07 14:07:56.276903,2026-07-07 14:08:06.832979,0 days 00:00:10.556076,90.59607413498266,17,COMPLETE
1812,0.02495519441297256,0.4656965188430794,2026-07-07 14:07:56.433732,2026-07-07 14:08:03.976568,0 days 00:00:07.542836,97.93796587555299,17,COMPLETE
1813,0.025138488130560188,0.46567507558041704,2026-07-07 14:07:56.433907,2026-07-07 14:08:04.039254,0 days 00:00:07.605347,93.81553466301071,17,COMPLETE
1814,0.013700488494157503,0.46774425033757044,2026-07-07 14:07:56.589989,2026-07-07 14:08:07.833936,0 days 00:00:11.243947,25.235494251815872,17,COMPLETE
1815,0.014469830115743043,0.4670969961750455,2026-07-07 14:07:56.590750,2026-07-07 14:08:07.848439,0 days 00:00:11.257689,8.318983517941295,17,COMPLETE
1816,0.022180405487293275,0.4660313374209773,2026-07-07 14:07:56.592696,2026-07-07 14:08:07.174631,0 days 00:00:10.581935,65.13608785242023,17,COMPLETE
1817,0.02083828935761295,0.46619858664211,2026-07-07 14:07:56.905514,2026-07-07 14:08:07.355599,0 days 00:00:10.450085,72.16992103823031,17,COMPLETE
1818,0.02463405358675419,0.46570323412397224,2026-07-07 14:07:56.907317,2026-07-07 14:08:08.498649,0 days 00:00:11.591332,91.56731114057771,17,COMPLETE
1819,0.012420406598826705,0.4675580277272642,2026-07-07 14:07:57.081689,2026-07-07 14:08:07.183208,0 days 00:00:10.101519,14.286261169279578,17,COMPLETE
1820,0.015656154900332286,0.467172100096459,2026-07-07 14:07:57.239848,2026-07-07 14:08:09.415297,0 days 00:00:12.175449,25.092613454386356,17,COMPLETE
1821,0.007194675484503366,0.46835880222241766,2026-07-07 14:07:57.241454,2026-07-07 14:08:09.411312,0 days 00:00:12.169858,13.023694421735406,17,COMPLETE
1822,0.015989951297152083,0.4670228433505718,2026-07-07 14:07:57.400367,2026-07-07 14:08:02.939019,0 days 00:00:05.538652,29.45645521525995,17,COMPLETE
1823,0.013456111370283796,0.46726970478013335,2026-07-07 14:07:58.390421,2026-07-07 14:08:04.389668,0 days 00:00:05.999247,9.657268235469918,17,COMPLETE
1824,0.015963181040358987,0.4669592396699185,2026-07-07 14:07:58.597365,2026-07-07 14:08:07.194666,0 days 00:00:08.597301,41.49690083043333,17,COMPLETE
1825,0.018013820611755604,0.466809994697127,2026-07-07 14:07:59.565357,2026-07-07 14:08:09.204993,0 days 00:00:09.639636,50.25505378346388,17,COMPLETE
1826,0.011098368801249425,0.46790697531351944,2026-07-07 14:07:59.568971,2026-07-07 14:08:08.493390,0 days 00:00:08.924419,33.889512927450255,17,COMPLETE
1827,0.017342850516791908,0.46670100734025516,2026-07-07 14:07:59.591050,2026-07-07 14:08:09.417339,0 days 00:00:09.826289,25.47056308591354,17,COMPLETE
1828,0.009280871402753965,0.4679939387075866,2026-07-07 14:07:59.925795,2026-07-07 14:08:09.582946,0 days 00:00:09.657151,14.490026347611154,18,COMPLETE
1829,0.018668088300423047,0.466525558253157,2026-07-07 14:07:59.926662,2026-07-07 14:08:09.035501,0 days 00:00:09.108839,57.00375558375705,18,COMPLETE
1830,0.06796722526514543,0.45821312011479154,2026-07-07 14:08:00.272290,2026-07-07 14:08:12.569538,0 days 00:00:12.297248,0.7776434371247873,18,COMPLETE
1831,0.01826834801663435,0.46671408936429815,2026-07-07 14:08:00.581402,2026-07-07 14:08:09.036013,0 days 00:00:08.454611,44.49385053174275,18,COMPLETE
1832,0.012257825260127309,0.4677197902761535,2026-07-07 14:08:01.079067,2026-07-07 14:08:07.185623,0 days 00:00:06.106556,26.04809685751004,18,COMPLETE
1833,0.016434291914507626,0.46707302387378846,2026-07-07 14:08:01.082877,2026-07-07 14:08:11.257565,0 days 00:00:10.174688,27.339256777414374,18,COMPLETE
1834,0.007708360046665308,0.4684954406293736,2026-07-07 14:08:01.090009,2026-07-07 14:08:09.026669,0 days 00:00:07.936660,13.675796621206375,18,COMPLETE
1835,0.021099329051941507,0.46621566330396,2026-07-07 14:08:01.094475,2026-07-07 14:08:10.408971,0 days 00:00:09.314496,61.163661995080325,18,COMPLETE
1836,0.025416444731226284,0.46564364853132356,2026-07-07 14:08:01.418567,2026-07-07 14:08:09.587820,0 days 00:00:08.169253,95.32172731282802,18,COMPLETE
1837,0.010528348345473837,0.4680880929987709,2026-07-07 14:08:01.421424,2026-07-07 14:08:06.824007,0 days 00:00:05.402583,5.0562170780821445,18,COMPLETE
1838,0.008126394842930929,0.46870628823772226,2026-07-07 14:08:01.895070,2026-07-07 14:08:11.417706,0 days 00:00:09.522636,27.477909084473048,18,COMPLETE
1839,0.02095808550080297,0.4662467554699479,2026-07-07 14:08:02.398131,2026-07-07 14:08:11.250805,0 days 00:00:08.852674,60.98551115652723,18,COMPLETE
1840,0.021912580797496584,0.46615266083892754,2026-07-07 14:08:02.592786,2026-07-07 14:08:12.067488,0 days 00:00:09.474702,64.18339441864923,18,COMPLETE
1841,0.025085993315050625,0.46568015510776395,2026-07-07 14:08:02.600147,2026-07-07 14:08:11.910244,0 days 00:00:09.310097,93.56159283869623,18,COMPLETE
1842,0.025102858232792402,0.4656809271920989,2026-07-07 14:08:02.770912,2026-07-07 14:08:14.647967,0 days 00:00:11.877055,97.32536384569845,18,COMPLETE
1843,0.028143087738333072,0.46450980677325987,2026-07-07 14:08:03.255118,2026-07-07 14:08:14.468765,0 days 00:00:11.213647,1.6143971523611509,18,COMPLETE
1844,0.024402282495397942,0.4657643491354716,2026-07-07 14:08:03.923655,2026-07-07 14:08:13.278964,0 days 00:00:09.355309,99.79650659879003,18,COMPLETE
1845,0.023039563950576658,0.4659992449597617,2026-07-07 14:08:03.976281,2026-07-07 14:08:14.445904,0 days 00:00:10.469623,84.79758751112148,18,COMPLETE
1846,0.0241328828830073,0.46577520316221244,2026-07-07 14:08:03.994048,2026-07-07 14:08:08.831257,0 days 00:00:04.837209,88.32356656832174,18,COMPLETE
1847,0.019254525941442058,0.4665547364761893,2026-07-07 14:08:03.997605,2026-07-07 14:08:12.937842,0 days 00:00:08.940237,58.36036420166006,18,COMPLETE
1848,0.020860963080017836,0.46622834670909985,2026-07-07 14:08:04.016429,2026-07-07 14:08:14.426463,0 days 00:00:10.410034,60.54212946145989,18,COMPLETE
1849,0.019138480716354822,0.4665474956566443,2026-07-07 14:08:04.045420,2026-07-07 14:08:12.940472,0 days 00:00:08.895052,53.48644666745234,18,COMPLETE
1850,0.012746583315609905,0.467528098731589,2026-07-07 14:08:04.046432,2026-07-07 14:08:09.382132,0 days 00:00:05.335700,4.9362728157072056,18,COMPLETE
1851,0.016547729052867832,0.4669807072817838,2026-07-07 14:08:04.055030,2026-07-07 14:08:12.575388,0 days 00:00:08.520358,36.76516708505714,18,COMPLETE
1852,0.01799330538885846,0.46680365675811836,2026-07-07 14:08:04.058416,2026-07-07 14:08:15.113960,0 days 00:00:11.055544,49.15817543583779,18,COMPLETE
1853,0.02164596865335372,0.46610523396564296,2026-07-07 14:08:04.372276,2026-07-07 14:08:11.591096,0 days 00:00:07.218820,79.26580684529247,18,COMPLETE
1854,0.014886880825941973,0.4672494034030584,2026-07-07 14:08:04.382228,2026-07-07 14:08:13.273778,0 days 00:00:08.891550,29.29404291856546,18,COMPLETE
1855,0.009347791234186664,0.4680525623804552,2026-07-07 14:08:04.384109,2026-07-07 14:08:09.019761,0 days 00:00:04.635652,4.544044677219776,18,COMPLETE
1856,0.025075195719418686,0.4656844300462574,2026-07-07 14:08:05.010447,2026-07-07 14:08:15.115454,0 days 00:00:10.105007,97.508700928853,18,COMPLETE
1857,0.022737769434541255,0.4660118129397384,2026-07-07 14:08:05.010903,2026-07-07 14:08:15.598946,0 days 00:00:10.588043,82.82317769918802,18,COMPLETE
1858,0.019100726204676843,0.46662272560695006,2026-07-07 14:08:05.013374,2026-07-07 14:08:11.428079,0 days 00:00:06.414705,58.499540723798894,18,COMPLETE
1859,0.024657523347226984,0.4657008196023604,2026-07-07 14:08:05.015058,2026-07-07 14:08:10.404743,0 days 00:00:05.389685,91.64611728841224,18,COMPLETE
1860,0.02059907480830786,0.46621719411676826,2026-07-07 14:08:05.016734,2026-07-07 14:08:14.647718,0 days 00:00:09.630984,72.97651457269566,18,COMPLETE
1861,0.17965717221626337,0.4431634125976829,2026-07-07 14:08:05.482206,2026-07-07 14:08:12.406102,0 days 00:00:06.923896,0.19603351669786764,18,COMPLETE
1862,0.011558824389002686,0.4678211772798392,2026-07-07 14:08:05.640705,2026-07-07 14:08:13.438508,0 days 00:00:07.797803,7.294227727643931,18,COMPLETE
1863,0.01849638170749829,0.4665670992055034,2026-07-07 14:08:05.644091,2026-07-07 14:08:15.605301,0 days 00:00:09.961210,57.2709629798063,18,COMPLETE
1864,0.02423058157205138,0.46574332024822535,2026-07-07 14:08:06.273839,2026-07-07 14:08:17.358821,0 days 00:00:11.084982,89.48715388793346,18,COMPLETE
1865,0.015039091529303772,0.46718472982286063,2026-07-07 14:08:06.276069,2026-07-07 14:08:15.115167,0 days 00:00:08.839098,29.940442967161047,18,COMPLETE
1866,0.015471575559510231,0.4672772762750732,2026-07-07 14:08:06.278246,2026-07-07 14:08:15.801827,0 days 00:00:09.523581,46.94572119536077,18,COMPLETE
1867,0.024039825897499256,0.46580046484309123,2026-07-07 14:08:06.288494,2026-07-07 14:08:09.585360,0 days 00:00:03.296866,88.03824321302642,18,COMPLETE
1868,0.010768544310879036,0.46799750965371345,2026-07-07 14:08:06.291644,2026-07-07 14:08:16.615048,0 days 00:00:10.323404,12.751591513754223,18,COMPLETE
1869,0.02149611306350463,0.46613952556077154,2026-07-07 14:08:06.295019,2026-07-07 14:08:16.809100,0 days 00:00:10.514081,79.50293988096055,18,COMPLETE
1870,0.02475647676842946,0.46570171753993195,2026-07-07 14:08:06.847696,2026-07-07 14:08:16.797184,0 days 00:00:09.949488,92.22823769946177,18,COMPLETE
1871,0.02523058431786157,0.4656636449022015,2026-07-07 14:08:07.013599,2026-07-07 14:08:15.622263,0 days 00:00:08.608664,96.7356575372088,18,COMPLETE
1872,0.01992659467591673,0.4665605291852669,2026-07-07 14:08:08.331473,2026-07-07 14:08:17.178153,0 days 00:00:08.846680,62.317128204617404,18,COMPLETE
