number,values_0,values_1,datetime_start,datetime_complete,duration,params_input_force,system_attrs_NSGAIISampler:generation,state
4304,0.014154470782843487,0.46719575471175073,2026-07-07 14:14:59.436365,2026-07-07 14:15:08.575567,0 days 00:00:09.139202,18.585525781893853,41,COMPLETE
4305,0.012466115452578641,0.46755121272757905,2026-07-07 14:14:59.445096,2026-07-07 14:15:09.383295,0 days 00:00:09.938199,15.648137052012787,41,COMPLETE
4306,0.024223591558176882,0.4657412761772365,2026-07-07 14:14:59.474989,2026-07-07 14:15:11.221453,0 days 00:00:11.746464,89.76819886067501,41,COMPLETE
4307,0.012982390237660346,0.46755803014150304,2026-07-07 14:14:59.478147,2026-07-07 14:15:06.147159,0 days 00:00:06.669012,38.81267416256558,41,COMPLETE
4308,0.019633630376368394,0.46638293470477826,2026-07-07 14:14:59.850823,2026-07-07 14:15:11.392406,0 days 00:00:11.541583,57.95821413044738,41,COMPLETE
4309,0.02194712467061921,0.4660916452331216,2026-07-07 14:15:00.809289,2026-07-07 14:15:12.856046,0 days 00:00:12.046757,64.69163359860967,41,COMPLETE
4310,0.021222633569777438,0.4662071358773557,2026-07-07 14:15:01.795590,2026-07-07 14:15:10.852213,0 days 00:00:09.056623,77.62524283599501,41,COMPLETE
4311,0.009064544164031352,0.4680876801439914,2026-07-07 14:15:01.799135,2026-07-07 14:15:11.391329,0 days 00:00:09.592194,11.01198790886511,41,COMPLETE
4312,0.02491667529701941,0.46569737949910417,2026-07-07 14:15:01.809916,2026-07-07 14:15:13.299994,0 days 00:00:11.490078,92.88558066050682,41,COMPLETE
4313,0.022064499911168156,0.46576940326722627,2026-07-07 14:15:01.819597,2026-07-07 14:15:12.691900,0 days 00:00:10.872303,2.0631392096236225,41,COMPLETE
4314,0.021012794294550885,0.4662235832502892,2026-07-07 14:15:01.850116,2026-07-07 14:15:13.483763,0 days 00:00:11.633647,60.5950499264946,41,COMPLETE
4315,0.01998812068841732,0.4665373420019139,2026-07-07 14:15:02.200434,2026-07-07 14:15:08.580681,0 days 00:00:06.380247,62.20744438594471,41,COMPLETE
4316,0.00931857950598819,0.4679882159542073,2026-07-07 14:15:02.554254,2026-07-07 14:15:11.388722,0 days 00:00:08.834468,16.06073448970685,41,COMPLETE
4317,0.014840839636716119,0.46740580115996233,2026-07-07 14:15:03.186083,2026-07-07 14:15:08.550511,0 days 00:00:05.364428,21.316683694921668,41,COMPLETE
4318,0.024146692718660823,0.4657454607011361,2026-07-07 14:15:03.351388,2026-07-07 14:15:13.131588,0 days 00:00:09.780200,90.4184395025199,41,COMPLETE
4319,0.013684754029232804,0.4673587650216565,2026-07-07 14:15:03.363310,2026-07-07 14:15:13.659857,0 days 00:00:10.296547,31.938474255846966,41,COMPLETE
4320,0.013769740646289996,0.4674277258487518,2026-07-07 14:15:03.368873,2026-07-07 14:15:13.099748,0 days 00:00:09.730875,28.626852714174895,41,COMPLETE
4321,0.017971174542335155,0.466690858595499,2026-07-07 14:15:03.376886,2026-07-07 14:15:13.459830,0 days 00:00:10.082944,41.2675805911767,41,COMPLETE
4322,0.019271620562932634,0.46654854452608907,2026-07-07 14:15:03.389491,2026-07-07 14:15:13.822258,0 days 00:00:10.432767,53.61306787925274,41,COMPLETE
4323,0.02003660923751288,0.4664879680968841,2026-07-07 14:15:03.548970,2026-07-07 14:15:13.101798,0 days 00:00:09.552828,59.82760808966593,41,COMPLETE
4324,0.014312775573223802,0.4674814957415826,2026-07-07 14:15:03.549805,2026-07-07 14:15:13.130886,0 days 00:00:09.581081,28.311077574193515,41,COMPLETE
4325,0.017723020047089366,0.46682753476540595,2026-07-07 14:15:03.874254,2026-07-07 14:15:12.905915,0 days 00:00:09.031661,41.78348757536485,41,COMPLETE
4326,0.01927423946874801,0.46649239038351625,2026-07-07 14:15:03.886020,2026-07-07 14:15:12.886792,0 days 00:00:09.000772,51.196691946339605,41,COMPLETE
4327,0.016298734083679378,0.4671830572753263,2026-07-07 14:15:03.888798,2026-07-07 14:15:15.128155,0 days 00:00:11.239357,42.97494688410943,41,COMPLETE
4328,0.018208700224592422,0.46669878244236007,2026-07-07 14:15:04.054077,2026-07-07 14:15:13.100358,0 days 00:00:09.046281,27.290696375716912,41,COMPLETE
4329,0.014066898599215893,0.46705467873940393,2026-07-07 14:15:04.680955,2026-07-07 14:15:12.908163,0 days 00:00:08.227208,8.09545810084629,41,COMPLETE
4330,0.017456571509855967,0.467016868262226,2026-07-07 14:15:05.366359,2026-07-07 14:15:08.751409,0 days 00:00:03.385050,48.96847632761532,41,COMPLETE
4331,0.022274060812665974,0.4660073756589007,2026-07-07 14:15:05.378683,2026-07-07 14:15:13.472263,0 days 00:00:08.093580,69.41494610066566,41,COMPLETE
4332,0.016921229656509884,0.46704047884246486,2026-07-07 14:15:05.402786,2026-07-07 14:15:17.685596,0 days 00:00:12.282810,23.273876371989203,41,COMPLETE
4333,0.02069490074259095,0.46628401672389497,2026-07-07 14:15:05.405298,2026-07-07 14:15:13.475726,0 days 00:00:08.070428,67.66847960011648,41,COMPLETE
4334,0.022289553160379616,0.4653631484675754,2026-07-07 14:15:05.575357,2026-07-07 14:15:13.483104,0 days 00:00:07.907747,2.1502932063018534,41,COMPLETE
4335,0.01704516308574966,0.46697914304063004,2026-07-07 14:15:05.582571,2026-07-07 14:15:17.677908,0 days 00:00:12.095337,49.97562740990711,41,COMPLETE
4336,0.010841144242556944,0.4676764260460571,2026-07-07 14:15:05.780589,2026-07-07 14:15:11.010487,0 days 00:00:05.229898,14.348270791894453,42,COMPLETE
4337,0.00900213921525983,0.4682822491240244,2026-07-07 14:15:05.954989,2026-07-07 14:15:15.127755,0 days 00:00:09.172766,9.682699456929882,42,COMPLETE
4338,0.009224483039721842,0.46790680143334373,2026-07-07 14:15:06.146105,2026-07-07 14:15:16.662313,0 days 00:00:10.516208,14.589583365933429,42,COMPLETE
4339,0.020268518210906417,0.466287573277938,2026-07-07 14:15:06.151664,2026-07-07 14:15:15.810713,0 days 00:00:09.659049,76.51450631786595,42,COMPLETE
4340,0.020603460892219205,0.4662165889497284,2026-07-07 14:15:06.157155,2026-07-07 14:15:19.068220,0 days 00:00:12.911065,72.96932069470596,42,COMPLETE
4341,0.015726949133136325,0.4671866762064199,2026-07-07 14:15:06.330771,2026-07-07 14:15:16.309495,0 days 00:00:09.978724,52.18978665417484,42,COMPLETE
4342,0.022244376191772275,0.4660158738313066,2026-07-07 14:15:06.979362,2026-07-07 14:15:18.744548,0 days 00:00:11.765186,69.31630484676474,42,COMPLETE
4343,0.013255949409795076,0.46759519375212155,2026-07-07 14:15:06.979902,2026-07-07 14:15:18.723378,0 days 00:00:11.743476,21.437166018237576,42,COMPLETE
4344,0.019091268173250242,0.46670216977312723,2026-07-07 14:15:06.987772,2026-07-07 14:15:15.492611,0 days 00:00:08.504839,58.87849733439083,42,COMPLETE
4345,0.01707226865708067,0.4671290869159249,2026-07-07 14:15:06.992624,2026-07-07 14:15:16.673254,0 days 00:00:09.680630,47.46151478926425,42,COMPLETE
4346,0.01999547884674996,0.46634599124790826,2026-07-07 14:15:06.996578,2026-07-07 14:15:11.216142,0 days 00:00:04.219564,54.23653754063832,42,COMPLETE
4347,0.020813925527565835,0.4661934376782243,2026-07-07 14:15:07.156472,2026-07-07 14:15:17.336409,0 days 00:00:10.179937,72.52264057237119,42,COMPLETE
4348,0.02073980868339048,0.4662286341728735,2026-07-07 14:15:07.159636,2026-07-07 14:15:17.506301,0 days 00:00:10.346665,71.20275710867936,42,COMPLETE
4349,0.01792472159030839,0.46676583227734436,2026-07-07 14:15:07.351064,2026-07-07 14:15:18.545511,0 days 00:00:11.194447,54.49949034005648,42,COMPLETE
4350,0.02507950858180935,0.4656839601950775,2026-07-07 14:15:07.357457,2026-07-07 14:15:12.345152,0 days 00:00:04.987695,97.48410482794807,42,COMPLETE
4351,0.020737545890372633,0.46622834019839626,2026-07-07 14:15:07.675170,2026-07-07 14:15:13.485420,0 days 00:00:05.810250,71.192643806062,42,COMPLETE
4352,0.02196032046556201,0.46603294829640757,2026-07-07 14:15:07.691351,2026-07-07 14:15:16.319844,0 days 00:00:08.628493,70.12806853740497,42,COMPLETE
4353,0.020190067613638563,0.46652038728433165,2026-07-07 14:15:08.171801,2026-07-07 14:15:16.309995,0 days 00:00:08.138194,62.394238498065974,42,COMPLETE
4354,0.016859033955452407,0.46702467761542366,2026-07-07 14:15:08.531284,2026-07-07 14:15:19.880537,0 days 00:00:11.349253,47.99696546239433,42,COMPLETE
4355,0.02533996102404812,0.46565106051212857,2026-07-07 14:15:08.550743,2026-07-07 14:15:21.450565,0 days 00:00:12.899822,96.27633029682035,42,COMPLETE
4356,0.024109665409186964,0.465781684948313,2026-07-07 14:15:08.559824,2026-07-07 14:15:16.667165,0 days 00:00:08.107341,88.2310750748549,42,COMPLETE
4357,0.015201412980583584,0.46725374137586906,2026-07-07 14:15:08.569720,2026-07-07 14:15:19.956928,0 days 00:00:11.387208,18.964683927202092,42,COMPLETE
4358,0.020102691725309207,0.46654227894694406,2026-07-07 14:15:08.573652,2026-07-07 14:15:18.560553,0 days 00:00:09.986901,62.43393975588077,42,COMPLETE
4359,0.016357319796071912,0.46697855763979845,2026-07-07 14:15:09.219527,2026-07-07 14:15:21.428955,0 days 00:00:12.209428,25.621683182023606,42,COMPLETE
4360,0.016844413920278356,0.46689772211968755,2026-07-07 14:15:09.380894,2026-07-07 14:15:21.845083,0 days 00:00:12.464189,44.1696272093996,42,COMPLETE
4361,0.01673071243014418,0.4671471335076569,2026-07-07 14:15:09.383979,2026-07-07 14:15:18.328237,0 days 00:00:08.944258,48.8059910243903,42,COMPLETE
4362,0.015352133338596807,0.4671280684218826,2026-07-07 14:15:09.386274,2026-07-07 14:15:18.384504,0 days 00:00:08.998230,30.488955859517205,42,COMPLETE
4363,0.008125543389038203,0.4684890806214578,2026-07-07 14:15:09.389004,2026-07-07 14:15:19.946501,0 days 00:00:10.557497,16.396925976352723,42,COMPLETE
4364,0.010342171066853312,0.4681088026415644,2026-07-07 14:15:09.546848,2026-07-07 14:15:18.351657,0 days 00:00:08.804809,18.070863429490146,42,COMPLETE
4365,0.013896673840881724,0.4671610177022967,2026-07-07 14:15:09.862087,2026-07-07 14:15:21.086019,0 days 00:00:11.223932,8.931731629895067,42,COMPLETE
4366,0.021191789784311466,0.4661887490144183,2026-07-07 14:15:09.864232,2026-07-07 14:15:21.505910,0 days 00:00:11.641678,68.02844931116027,42,COMPLETE
4367,0.020841884244227005,0.4661907970699717,2026-07-07 14:15:09.867206,2026-07-07 14:15:19.943009,0 days 00:00:10.075803,72.41828051997724,42,COMPLETE
4368,0.015416703286443512,0.46700642914557433,2026-07-07 14:15:09.870079,2026-07-07 14:15:19.071853,0 days 00:00:09.201774,27.551731271156637,42,COMPLETE
4369,0.024756349079228024,0.4657017016700054,2026-07-07 14:15:09.871882,2026-07-07 14:15:21.456669,0 days 00:00:11.584787,92.22714659163236,42,COMPLETE
4370,0.022091433004895134,0.4660761232542434,2026-07-07 14:15:09.875515,2026-07-07 14:15:21.510251,0 days 00:00:11.634736,81.24478920467932,42,COMPLETE
4371,0.019313890790163935,0.4664146816847499,2026-07-07 14:15:10.036367,2026-07-07 14:15:20.277713,0 days 00:00:10.241346,74.55149433684365,42,COMPLETE
4372,0.018977091239550326,0.4665921259254795,2026-07-07 14:15:10.356038,2026-07-07 14:15:18.372169,0 days 00:00:08.016131,40.51075454603078,42,COMPLETE
4373,0.0250002807495997,0.46569155678969604,2026-07-07 14:15:12.357530,2026-07-07 14:15:19.075837,0 days 00:00:06.718307,97.81697397930165,42,COMPLETE
4374,0.029019956435719252,0.4642121859466277,2026-07-07 14:15:12.903358,2026-07-07 14:15:21.481038,0 days 00:00:08.577680,1.6682599068787096,42,COMPLETE
4375,0.017070575095606444,0.4668839240711352,2026-07-07 14:15:12.908346,2026-07-07 14:15:24.125999,0 days 00:00:11.217653,38.32192512634832,42,COMPLETE
4376,0.011406534066558394,0.467973087380542,2026-07-07 14:15:12.915439,2026-07-07 14:15:21.853021,0 days 00:00:08.937582,5.789675681777825,42,COMPLETE
4377,0.004065525804116399,0.47005166382101715,2026-07-07 14:15:13.110806,2026-07-07 14:15:21.430236,0 days 00:00:08.319430,5.5799903944953755,42,COMPLETE
4378,0.0211981402082273,0.4661919678953552,2026-07-07 14:15:13.115584,2026-07-07 14:15:25.006606,0 days 00:00:11.891022,66.13944346129469,42,COMPLETE
4379,0.014526106672805905,0.46732513941459186,2026-07-07 14:15:13.298100,2026-07-07 14:15:23.476645,0 days 00:00:10.178545,32.61116341953602,42,COMPLETE
4380,0.024381240021763617,0.465767580956565,2026-07-07 14:15:13.480625,2026-07-07 14:15:24.774734,0 days 00:00:11.294109,99.8879328379634,42,COMPLETE
4381,0.01980975362386489,0.46645358466676246,2026-07-07 14:15:13.490540,2026-07-07 14:15:18.385222,0 days 00:00:04.894682,53.67470832771914,42,COMPLETE
4382,0.01883038779374513,0.4665649344640371,2026-07-07 14:15:13.492747,2026-07-07 14:15:21.485796,0 days 00:00:07.993049,39.92553929267008,42,COMPLETE
4383,0.018710829588861444,0.4666981290413375,2026-07-07 14:15:13.494381,2026-07-07 14:15:21.513675,0 days 00:00:08.019294,40.56438029812942,42,COMPLETE
4384,0.022035590739519995,0.466125289891426,2026-07-07 14:15:13.497613,2026-07-07 14:15:26.194931,0 days 00:00:12.697318,64.2361663131287,42,COMPLETE
4385,0.011518513429366106,0.46791689233468464,2026-07-07 14:15:13.498909,2026-07-07 14:15:19.888184,0 days 00:00:06.389275,19.787689210373898,42,COMPLETE
4386,0.025260462595696254,0.46566290073656,2026-07-07 14:15:13.654409,2026-07-07 14:15:25.535882,0 days 00:00:11.881473,94.3650807258335,42,COMPLETE
4387,0.018067130114730212,0.4667261761930555,2026-07-07 14:15:13.660155,2026-07-07 14:15:23.485244,0 days 00:00:09.825089,54.35795421810403,42,COMPLETE
4388,0.01617162789441673,0.4669991551218243,2026-07-07 14:15:13.822839,2026-07-07 14:15:21.433523,0 days 00:00:07.610684,45.257135396438066,42,COMPLETE
4389,0.012926301300169307,0.4676592020617035,2026-07-07 14:15:13.825511,2026-07-07 14:15:19.396444,0 days 00:00:05.570933,20.156722951841697,42,COMPLETE
4390,0.020798705394446226,0.4662576466001091,2026-07-07 14:15:13.982228,2026-07-07 14:15:21.844045,0 days 00:00:07.861817,76.98048832093242,42,COMPLETE
4391,0.009370870296093348,0.468043153430491,2026-07-07 14:15:13.982397,2026-07-07 14:15:25.538374,0 days 00:00:11.555977,12.543955613899886,42,COMPLETE
4392,0.01623064785765349,0.4670901552367036,2026-07-07 14:15:13.987373,2026-07-07 14:15:25.532090,0 days 00:00:11.544717,39.64870840866982,42,COMPLETE
4393,0.013985542811286555,0.46733356940839277,2026-07-07 14:15:13.992093,2026-07-07 14:15:24.827768,0 days 00:00:10.835675,28.43944658676607,42,COMPLETE
4394,0.013519546916817282,0.4672511364534732,2026-07-07 14:15:13.993401,2026-07-07 14:15:23.320377,0 days 00:00:09.326976,17.370139308511735,42,COMPLETE
4395,0.023474252468917822,0.46591683953423835,2026-07-07 14:15:14.148856,2026-07-07 14:15:24.787628,0 days 00:00:10.638772,86.56504971412603,42,COMPLETE
4396,0.025403624358012022,0.4656447545515935,2026-07-07 14:15:14.151315,2026-07-07 14:15:25.541569,0 days 00:00:11.390254,95.84473043955023,42,COMPLETE
4397,0.021765366101132277,0.46610489039633624,2026-07-07 14:15:14.627085,2026-07-07 14:15:25.503963,0 days 00:00:10.876878,68.60380906371839,42,COMPLETE
4398,0.010297347647771127,0.4680205065161385,2026-07-07 14:15:14.954217,2026-07-07 14:15:25.873951,0 days 00:00:10.919734,15.937224017968331,42,COMPLETE
4399,0.018349428839252557,0.46682879047934633,2026-07-07 14:15:15.128406,2026-07-07 14:15:25.526081,0 days 00:00:10.397675,43.72802723998861,42,COMPLETE
4400,0.01579905448795732,0.46678767995130477,2026-07-07 14:15:15.812253,2026-07-07 14:15:21.846954,0 days 00:00:06.034701,3.0520161385056968,42,COMPLETE
4401,0.018452332366894253,0.46678938721607316,2026-07-07 14:15:16.127810,2026-07-07 14:15:27.251297,0 days 00:00:11.123487,49.23442892017366,42,COMPLETE
4402,0.015694212060366808,0.4673478507855203,2026-07-07 14:15:17.687411,2026-07-07 14:15:26.386747,0 days 00:00:08.699336,24.86712186732706,42,COMPLETE
4403,0.01856453524114271,0.4667457278516813,2026-07-07 14:15:17.693481,2026-07-07 14:15:25.872097,0 days 00:00:08.178616,49.60871368268303,42,COMPLETE
4404,0.01960407452624119,0.4663517061449598,2026-07-07 14:15:18.548700,2026-07-07 14:15:25.503133,0 days 00:00:06.954433,75.14246688753524,42,COMPLETE
4405,0.014449626768854307,0.46724723543329383,2026-07-07 14:15:18.553773,2026-07-07 14:15:30.959792,0 days 00:00:12.406019,33.458464968041,42,COMPLETE
4406,0.020619209712268105,0.4662709653280044,2026-07-07 14:15:18.718846,2026-07-07 14:15:32.851698,0 days 00:00:14.132852,66.50899948954971,42,COMPLETE
4407,0.015317515999349551,0.46723042446711194,2026-07-07 14:15:19.080738,2026-07-07 14:15:28.722937,0 days 00:00:09.642199,51.88927704426984,42,COMPLETE
4408,0.015177722402969995,0.46723387527781796,2026-07-07 14:15:19.551708,2026-07-07 14:15:30.424802,0 days 00:00:10.873094,28.832352727603112,42,COMPLETE
4409,0.021988644530077817,0.4660608772920628,2026-07-07 14:15:19.711447,2026-07-07 14:15:28.721987,0 days 00:00:09.010540,68.79292173929954,42,COMPLETE
4410,0.005836613858105522,0.4691483950448828,2026-07-07 14:15:19.717300,2026-07-07 14:15:29.743749,0 days 00:00:10.026449,34.4428210571527,42,COMPLETE
4411,0.02297557715855192,0.46600052748925275,2026-07-07 14:15:19.718490,2026-07-07 14:15:26.919169,0 days 00:00:07.200679,84.38769740295325,42,COMPLETE
4412,0.016562553427022897,0.4669706760930478,2026-07-07 14:15:19.879220,2026-07-07 14:15:30.778257,0 days 00:00:10.899037,36.86624378377177,42,COMPLETE
4413,0.021418566906454106,0.4661545688007684,2026-07-07 14:15:19.882920,2026-07-07 14:15:26.928407,0 days 00:00:07.045487,79.65433121786758,42,COMPLETE
4414,0.022477510680959656,0.4660302408253831,2026-07-07 14:15:19.906631,2026-07-07 14:15:30.431021,0 days 00:00:10.524390,81.97748719809549,42,COMPLETE
4415,0.01738868045790748,0.46691808035180327,2026-07-07 14:15:19.914185,2026-07-07 14:15:30.958161,0 days 00:00:11.043976,47.25975196464905,42,COMPLETE
4416,0.009133136243764328,0.4682428329224574,2026-07-07 14:15:19.914895,2026-07-07 14:15:27.247374,0 days 00:00:07.332479,13.575710241694633,42,COMPLETE
4417,0.02070485021134183,0.46629358450415254,2026-07-07 14:15:19.933075,2026-07-07 14:15:25.333526,0 days 00:00:05.400451,56.00783920292047,42,COMPLETE
4418,0.0201343182740919,0.46630299208067066,2026-07-07 14:15:19.933362,2026-07-07 14:15:25.326900,0 days 00:00:05.393538,73.93568793008903,42,COMPLETE
4419,0.01121534806053437,0.46749711293848206,2026-07-07 14:15:19.947274,2026-07-07 14:15:30.261843,0 days 00:00:10.314569,18.09367570189654,42,COMPLETE
4420,0.016579394370717815,0.4670200641560848,2026-07-07 14:15:19.958414,2026-07-07 14:15:26.928121,0 days 00:00:06.969707,44.81239984463057,42,COMPLETE
4421,0.022256963219052905,0.4660552659330436,2026-07-07 14:15:19.962369,2026-07-07 14:15:32.278532,0 days 00:00:12.316163,81.5666044093015,42,COMPLETE
4422,0.019969524728428167,0.46659039061033497,2026-07-07 14:15:20.276251,2026-07-07 14:15:30.422449,0 days 00:00:10.146198,62.63260714727881,42,COMPLETE
4423,0.023218129739325744,0.4659738454013875,2026-07-07 14:15:20.587401,2026-07-07 14:15:30.616452,0 days 00:00:10.029051,85.57639681884069,42,COMPLETE
4424,0.024481767185676406,0.4657566480321036,2026-07-07 14:15:20.898429,2026-07-07 14:15:31.300424,0 days 00:00:10.401995,99.14264490265172,42,COMPLETE
4425,0.09685956112304706,0.454447017906516,2026-07-07 14:15:20.916118,2026-07-07 14:15:27.421071,0 days 00:00:06.504953,0.5630002778390469,42,COMPLETE
4426,0.02163096920865043,0.46611007878150446,2026-07-07 14:15:21.265352,2026-07-07 14:15:29.749027,0 days 00:00:08.483675,79.3013417232965,42,COMPLETE
4427,0.022319441813280994,0.46597006044602657,2026-07-07 14:15:21.429919,2026-07-07 14:15:32.105753,0 days 00:00:10.675834,69.84724343911495,42,COMPLETE
4428,0.01662774894297836,0.4669493932890407,2026-07-07 14:15:21.495336,2026-07-07 14:15:32.821040,0 days 00:00:11.325704,53.00159582308019,42,COMPLETE
4429,0.020919507542414673,0.46624416569237703,2026-07-07 14:15:21.510426,2026-07-07 14:15:26.036728,0 days 00:00:04.526302,77.06556339009788,42,COMPLETE
4430,0.01421438004886788,0.46759949410432144,2026-07-07 14:15:21.670748,2026-07-07 14:15:26.381658,0 days 00:00:04.710910,35.87128450754803,42,COMPLETE
4431,0.02475766713089622,0.46570185772831607,2026-07-07 14:15:21.672875,2026-07-07 14:15:32.805957,0 days 00:00:11.133082,92.2381620582149,42,COMPLETE
4432,0.020335234132624946,0.4662754102447437,2026-07-07 14:15:21.836329,2026-07-07 14:15:32.869650,0 days 00:00:11.033321,55.5787877835012,42,COMPLETE
4433,0.02222618798516418,0.46602568489706675,2026-07-07 14:15:21.845808,2026-07-07 14:15:31.117276,0 days 00:00:09.271468,65.1716994933317,42,COMPLETE
4434,0.027632881985956093,0.4641279168973059,2026-07-07 14:15:21.855000,2026-07-07 14:15:34.041653,0 days 00:00:12.186653,1.0321698083053936,42,COMPLETE
4435,0.014084253743397723,0.4674387000967963,2026-07-07 14:15:21.855162,2026-07-07 14:15:34.058465,0 days 00:00:12.203303,26.360964879688975,42,COMPLETE
4436,0.019131015462800327,0.4664577024368819,2026-07-07 14:15:22.014095,2026-07-07 14:15:32.864030,0 days 00:00:10.849935,57.81425237015478,42,COMPLETE
4437,0.020562151777383686,0.4662472184485476,2026-07-07 14:15:22.015432,2026-07-07 14:15:33.237929,0 days 00:00:11.222497,71.95066082255592,42,COMPLETE
4438,0.005046817644187851,0.4690504590010377,2026-07-07 14:15:22.015991,2026-07-07 14:15:34.707150,0 days 00:00:12.691159,12.026735211834321,42,COMPLETE
4439,0.017081739375529037,0.4669735675081171,2026-07-07 14:15:22.173004,2026-07-07 14:15:32.600353,0 days 00:00:10.427349,49.99707995732141,42,COMPLETE
4440,0.017512423503335095,0.4669459197466496,2026-07-07 14:15:22.328843,2026-07-07 14:15:34.044654,0 days 00:00:11.715811,50.53255646424727,42,COMPLETE
4441,0.01775209854888926,0.4665667929535545,2026-07-07 14:15:22.330421,2026-07-07 14:15:35.960696,0 days 00:00:13.630275,2.8617234161889566,42,COMPLETE
4442,0.01299215758369604,0.4679180231030755,2026-07-07 14:15:22.330640,2026-07-07 14:15:32.862506,0 days 00:00:10.531866,22.06338917830638,42,COMPLETE
4443,0.01539222659109507,0.4671790752410565,2026-07-07 14:15:22.333805,2026-07-07 14:15:35.980523,0 days 00:00:13.646718,39.84587209748818,42,COMPLETE
4444,0.010431804874128814,0.46809140495349516,2026-07-07 14:15:22.959594,2026-07-07 14:15:33.046596,0 days 00:00:10.087002,5.748071072611445,42,COMPLETE
4445,0.01695683053942837,0.4667430114588408,2026-07-07 14:15:22.962808,2026-07-07 14:15:32.884687,0 days 00:00:09.921879,26.28186445261176,42,COMPLETE
4446,0.023921709185549977,0.4658308760315401,2026-07-07 14:15:22.970347,2026-07-07 14:15:34.051772,0 days 00:00:11.081425,87.80248742340645,42,COMPLETE
