number,values_0,values_1,datetime_start,datetime_complete,duration,params_input_force,system_attrs_NSGAIISampler:generation,state
1444,0.019299303863273554,0.4665442444292491,2026-07-07 14:06:54.462996,2026-07-07 14:07:00.045384,0 days 00:00:05.582388,53.614994058857306,14,COMPLETE
1445,0.020343436476493393,0.4663278639125651,2026-07-07 14:06:54.773615,2026-07-07 14:07:04.240523,0 days 00:00:09.466908,66.92103338148635,14,COMPLETE
1446,0.01588481523033436,0.4670051358895734,2026-07-07 14:06:54.774091,2026-07-07 14:07:07.574897,0 days 00:00:12.800806,34.14479446704067,14,COMPLETE
1447,0.018044468090668675,0.4667736794773098,2026-07-07 14:06:54.783759,2026-07-07 14:07:04.590301,0 days 00:00:09.806542,44.53409021653067,14,COMPLETE
1448,0.017484393966154532,0.4668697241268341,2026-07-07 14:06:54.791349,2026-07-07 14:07:06.057666,0 days 00:00:11.266317,47.6339250292632,14,COMPLETE
1449,0.018116097315625024,0.466678096421588,2026-07-07 14:06:54.795432,2026-07-07 14:07:04.410965,0 days 00:00:09.615533,36.17961834022918,14,COMPLETE
1450,0.01577483517335926,0.4672971299149413,2026-07-07 14:06:54.977043,2026-07-07 14:07:06.755366,0 days 00:00:11.778323,37.14697331112482,14,COMPLETE
1451,0.024226189865943493,0.4657414343600116,2026-07-07 14:06:55.958623,2026-07-07 14:07:06.082110,0 days 00:00:10.123487,89.71552950092472,14,COMPLETE
1452,0.016797631438347393,0.4669420497806217,2026-07-07 14:06:56.118399,2026-07-07 14:07:06.093891,0 days 00:00:09.975492,53.006953864989555,14,COMPLETE
1453,0.02414345307702437,0.4657721441769786,2026-07-07 14:06:56.448914,2026-07-07 14:07:05.217126,0 days 00:00:08.768212,88.375104215131,14,COMPLETE
1454,0.024915294546516087,0.46569750816629524,2026-07-07 14:06:56.501284,2026-07-07 14:07:05.373296,0 days 00:00:08.872012,92.88165820540175,14,COMPLETE
1455,0.013094930216163758,0.46782031067610075,2026-07-07 14:06:56.664607,2026-07-07 14:07:08.290591,0 days 00:00:11.625984,35.63884324445785,14,COMPLETE
1456,0.015184083448808616,0.46723333008352846,2026-07-07 14:06:56.822094,2026-07-07 14:07:08.257953,0 days 00:00:11.435859,42.29242940762322,14,COMPLETE
1457,0.021461111811893918,0.4661470904879307,2026-07-07 14:06:56.833895,2026-07-07 14:07:08.320518,0 days 00:00:11.486623,66.03388690803463,14,COMPLETE
1458,0.016536567285127424,0.466951483480761,2026-07-07 14:06:56.834358,2026-07-07 14:07:04.417281,0 days 00:00:07.582923,52.99030597644055,14,COMPLETE
1459,0.020611907978944688,0.4662463101675757,2026-07-07 14:06:57.322640,2026-07-07 14:07:08.254580,0 days 00:00:10.931940,71.59416586581425,14,COMPLETE
1460,0.022522500436971626,0.46602501918303907,2026-07-07 14:06:57.324434,2026-07-07 14:07:08.275895,0 days 00:00:10.951461,82.0600989947239,14,COMPLETE
1461,0.010780849346156973,0.4680142666869406,2026-07-07 14:06:57.964204,2026-07-07 14:07:01.095755,0 days 00:00:03.131551,14.229164271765788,14,COMPLETE
1462,0.020987999134484236,0.46640892541077894,2026-07-07 14:06:58.149663,2026-07-07 14:07:09.242358,0 days 00:00:11.092695,63.4491671487035,14,COMPLETE
1463,0.010302530882921213,0.46815176057521724,2026-07-07 14:06:58.151673,2026-07-07 14:07:08.292339,0 days 00:00:10.140666,26.277342116840014,14,COMPLETE
1464,0.019618487677101504,0.4663483666472015,2026-07-07 14:06:58.186096,2026-07-07 14:07:06.431687,0 days 00:00:08.245591,75.1627739665732,14,COMPLETE
1465,0.014372936620620558,0.46724300248124817,2026-07-07 14:06:58.191433,2026-07-07 14:07:09.054154,0 days 00:00:10.862721,31.531150789142327,14,COMPLETE
1466,0.0143421984403031,0.4671968712226063,2026-07-07 14:06:58.371305,2026-07-07 14:07:06.593209,0 days 00:00:08.221904,5.393958582384278,14,COMPLETE
1467,0.024948319525940288,0.4656942762021131,2026-07-07 14:06:58.718325,2026-07-07 14:07:08.336195,0 days 00:00:09.617870,92.97886561715609,14,COMPLETE
1468,0.017821587659422156,0.46681905590532335,2026-07-07 14:06:58.720170,2026-07-07 14:07:08.341300,0 days 00:00:09.621130,51.546825716734894,14,COMPLETE
1469,0.007877854310606891,0.46856411796894415,2026-07-07 14:06:58.880524,2026-07-07 14:07:08.306410,0 days 00:00:09.425886,4.280625181276411,14,COMPLETE
1470,0.07033292174684741,0.45791160649546453,2026-07-07 14:06:59.202331,2026-07-07 14:07:07.396907,0 days 00:00:08.194576,0.7554926676426975,14,COMPLETE
1471,0.0170288750622406,0.46681393352782197,2026-07-07 14:06:59.203157,2026-07-07 14:07:09.723020,0 days 00:00:10.519863,25.56785596531284,14,COMPLETE
1472,0.018741944772370234,0.46675612293993807,2026-07-07 14:06:59.516945,2026-07-07 14:07:08.266255,0 days 00:00:08.749310,23.913405411738374,14,COMPLETE
1473,0.022350820325386045,0.46604438473586124,2026-07-07 14:06:59.523596,2026-07-07 14:07:12.134708,0 days 00:00:12.611112,81.7465527135954,14,COMPLETE
1474,0.010045361214073234,0.46800164175016945,2026-07-07 14:06:59.850371,2026-07-07 14:07:11.327992,0 days 00:00:11.477621,14.109623232976299,14,COMPLETE
1475,0.0235533453549569,0.4658956106765946,2026-07-07 14:06:59.851467,2026-07-07 14:07:10.257166,0 days 00:00:10.405699,86.82640206452466,14,COMPLETE
1476,0.011216612493035294,0.46791456001140264,2026-07-07 14:06:59.870846,2026-07-07 14:07:11.140908,0 days 00:00:11.270062,6.1680412068085495,14,COMPLETE
1477,0.01613096236583933,0.467100757694612,2026-07-07 14:07:00.029626,2026-07-07 14:07:10.911093,0 days 00:00:10.881467,39.76568272496216,14,COMPLETE
1478,0.022727332611871987,0.4660120808124781,2026-07-07 14:07:00.031029,2026-07-07 14:07:14.836695,0 days 00:00:14.805666,82.76457240102218,14,COMPLETE
1479,0.023746965709159074,0.46585913234281895,2026-07-07 14:07:00.033971,2026-07-07 14:07:10.901975,0 days 00:00:10.868004,87.53904988647822,14,COMPLETE
1480,0.02205840803624759,0.4660802669090568,2026-07-07 14:07:00.080532,2026-07-07 14:07:09.751841,0 days 00:00:09.671309,81.18048659657609,14,COMPLETE
1481,0.020126315127198757,0.4663521498197756,2026-07-07 14:07:00.104712,2026-07-07 14:07:08.283991,0 days 00:00:08.179279,27.873564224819415,14,COMPLETE
1482,0.006712962910459086,0.4686426949892414,2026-07-07 14:07:00.110212,2026-07-07 14:07:10.067186,0 days 00:00:09.956974,10.168529216916086,14,COMPLETE
1483,0.022112414518125623,0.46607347124289117,2026-07-07 14:07:00.267413,2026-07-07 14:07:10.229316,0 days 00:00:09.961903,81.2856073019173,14,COMPLETE
1484,0.024178217390649903,0.4657585083616326,2026-07-07 14:07:00.745820,2026-07-07 14:07:08.312564,0 days 00:00:07.566744,89.04557849798316,14,COMPLETE
1485,0.010689521500649501,0.4682167469580674,2026-07-07 14:07:00.746848,2026-07-07 14:07:13.800651,0 days 00:00:13.053803,20.00403787984609,14,COMPLETE
1486,0.01732920826575096,0.4669266115270137,2026-07-07 14:07:00.750774,2026-07-07 14:07:09.066609,0 days 00:00:08.315835,34.73256108396749,14,COMPLETE
1487,0.015824623080670397,0.46706129217774967,2026-07-07 14:07:00.753377,2026-07-07 14:07:11.166865,0 days 00:00:10.413488,52.73813904988434,14,COMPLETE
1488,0.02060290019298444,0.46621607147445066,2026-07-07 14:07:00.932317,2026-07-07 14:07:08.266828,0 days 00:00:07.334511,73.00713344257939,14,COMPLETE
1489,0.018844341440244716,0.4666344163681909,2026-07-07 14:07:00.932979,2026-07-07 14:07:07.400795,0 days 00:00:06.467816,49.71453266381556,14,COMPLETE
1490,0.01574599899442075,0.46725259748533726,2026-07-07 14:07:00.935094,2026-07-07 14:07:12.761884,0 days 00:00:11.826790,25.12145347739468,14,COMPLETE
1491,0.022399334554148664,0.466039052663185,2026-07-07 14:07:00.938699,2026-07-07 14:07:11.963222,0 days 00:00:11.024523,81.83650755188279,14,COMPLETE
1492,0.007280705645888452,0.46866691421326667,2026-07-07 14:07:01.094799,2026-07-07 14:07:11.155783,0 days 00:00:10.060984,13.280505710853662,14,COMPLETE
1493,0.013855189290578995,0.4675898495201295,2026-07-07 14:07:01.095604,2026-07-07 14:07:09.044418,0 days 00:00:07.948814,31.224389909239342,14,COMPLETE
1494,0.0220618550106933,0.4660488556238288,2026-07-07 14:07:01.257195,2026-07-07 14:07:14.903329,0 days 00:00:13.646134,68.91232274448802,14,COMPLETE
1495,0.011728010951338075,0.46776761865277183,2026-07-07 14:07:01.598572,2026-07-07 14:07:13.776993,0 days 00:00:12.178421,15.981833551233853,14,COMPLETE
1496,0.02063673161284829,0.466472359285933,2026-07-07 14:07:01.765828,2026-07-07 14:07:11.164380,0 days 00:00:09.398552,62.978211869088,14,COMPLETE
1497,0.02173260686671319,0.46611931861270506,2026-07-07 14:07:03.210083,2026-07-07 14:07:09.069514,0 days 00:00:05.859431,80.54644363023708,14,COMPLETE
1498,0.025375232534644965,0.4656473374181467,2026-07-07 14:07:04.234394,2026-07-07 14:07:14.163938,0 days 00:00:09.929544,96.07848251957631,14,COMPLETE
1499,0.0233045335056572,0.46596019586999204,2026-07-07 14:07:04.239777,2026-07-07 14:07:14.895688,0 days 00:00:10.655911,85.9585967825806,14,COMPLETE
1500,0.02209409261226747,0.46607578781969494,2026-07-07 14:07:04.585121,2026-07-07 14:07:15.073390,0 days 00:00:10.488269,81.24996432257048,14,COMPLETE
1501,0.02014196051698669,0.46630148709625896,2026-07-07 14:07:05.061448,2026-07-07 14:07:14.140819,0 days 00:00:09.079371,73.92666496984747,14,COMPLETE
1502,0.008070702707952238,0.46847994976784535,2026-07-07 14:07:05.407501,2026-07-07 14:07:15.240518,0 days 00:00:09.833017,10.484252278121668,14,COMPLETE
1503,0.020361634031827447,0.46626972355028656,2026-07-07 14:07:05.727565,2026-07-07 14:07:14.327532,0 days 00:00:08.599967,55.58597287664948,14,COMPLETE
1504,0.015126769492264824,0.4671655191789823,2026-07-07 14:07:05.891359,2026-07-07 14:07:17.871102,0 days 00:00:11.979743,29.338566248314955,14,COMPLETE
1505,0.02096112171800746,0.46624433968245027,2026-07-07 14:07:05.895729,2026-07-07 14:07:11.131074,0 days 00:00:05.235345,77.11172146805463,14,COMPLETE
1506,0.0254172149220237,0.4656435450684701,2026-07-07 14:07:06.054201,2026-07-07 14:07:16.548782,0 days 00:00:10.494581,95.34001743187224,14,COMPLETE
1507,0.006934959247318739,0.4686052235387119,2026-07-07 14:07:06.055556,2026-07-07 14:07:16.559736,0 days 00:00:10.504180,10.557972057572893,14,COMPLETE
1508,0.020832492893620658,0.4664389994755824,2026-07-07 14:07:06.067382,2026-07-07 14:07:14.883367,0 days 00:00:08.815985,63.226755481394875,14,COMPLETE
1509,0.017326942082147523,0.46689096753763076,2026-07-07 14:07:06.088633,2026-07-07 14:07:15.239913,0 days 00:00:09.151280,22.69551438547952,14,COMPLETE
1510,0.02146169241961643,0.46615240594265134,2026-07-07 14:07:06.092711,2026-07-07 14:07:15.411126,0 days 00:00:09.318415,79.99235247978343,14,COMPLETE
1511,0.014111668131232546,0.4672483031826155,2026-07-07 14:07:06.589957,2026-07-07 14:07:16.735235,0 days 00:00:10.145278,16.93613863269219,14,COMPLETE
1512,0.012890464949161073,0.4676179100453337,2026-07-07 14:07:06.591941,2026-07-07 14:07:14.867748,0 days 00:00:08.275807,30.379129422369868,14,COMPLETE
1513,0.02076218044045325,0.4664517272849574,2026-07-07 14:07:07.565868,2026-07-07 14:07:15.565937,0 days 00:00:08.000069,63.1300876047333,14,COMPLETE
1514,0.01923803669456159,0.46664762272756277,2026-07-07 14:07:07.740222,2026-07-07 14:07:14.331201,0 days 00:00:06.590979,22.5681810404795,14,COMPLETE
1515,0.01568850886420553,0.46713556426664443,2026-07-07 14:07:08.081420,2026-07-07 14:07:17.055749,0 days 00:00:08.974329,22.9225207469556,14,COMPLETE
1516,0.021588911274871503,0.46613715938987477,2026-07-07 14:07:08.302036,2026-07-07 14:07:20.533705,0 days 00:00:12.231669,80.27694469928224,14,COMPLETE
1517,0.019778973101231334,0.4663131318113872,2026-07-07 14:07:08.303967,2026-07-07 14:07:10.727946,0 days 00:00:02.423979,75.83920624529667,14,COMPLETE
1518,0.012280420103929324,0.46766646603099943,2026-07-07 14:07:08.315792,2026-07-07 14:07:17.067991,0 days 00:00:08.752199,4.559817199447683,15,COMPLETE
1519,0.006465066514524942,0.4687936392118738,2026-07-07 14:07:08.316935,2026-07-07 14:07:19.716580,0 days 00:00:11.399645,13.318205495823403,15,COMPLETE
1520,0.01864544187418604,0.4662305079439952,2026-07-07 14:07:08.324335,2026-07-07 14:07:19.706558,0 days 00:00:11.382223,3.991002392074677,15,COMPLETE
1521,0.01826187332775342,0.46672167891709465,2026-07-07 14:07:08.963031,2026-07-07 14:07:20.203564,0 days 00:00:11.240533,45.72150091214688,15,COMPLETE
1522,0.013603911039649363,0.4673324005815156,2026-07-07 14:07:09.023279,2026-07-07 14:07:14.152536,0 days 00:00:05.129257,7.5709502063335465,15,COMPLETE
1523,0.012939458671241244,0.4675901705955069,2026-07-07 14:07:09.067540,2026-07-07 14:07:14.149011,0 days 00:00:05.081471,30.26047581145521,15,COMPLETE
1524,0.01791995046889394,0.46682227894115713,2026-07-07 14:07:09.075137,2026-07-07 14:07:21.221858,0 days 00:00:12.146721,49.56180460017339,15,COMPLETE
1525,0.01567930665769207,0.4671495004598699,2026-07-07 14:07:09.239717,2026-07-07 14:07:20.535702,0 days 00:00:11.295985,52.49305498223709,15,COMPLETE
1526,-0.019195495763078996,0.4749020299424086,2026-07-07 14:07:09.240146,2026-07-07 14:07:15.074622,0 days 00:00:05.834476,4.402025072197648,15,COMPLETE
1527,0.01977149274171658,0.4663105624928493,2026-07-07 14:07:09.240912,2026-07-07 14:07:17.235895,0 days 00:00:07.994983,75.51199294708135,15,COMPLETE
1528,0.011807032226275771,0.46771163037266844,2026-07-07 14:07:09.244802,2026-07-07 14:07:19.512295,0 days 00:00:10.267493,18.230777172195413,15,COMPLETE
1529,0.022061983347291425,0.46607835264749925,2026-07-07 14:07:09.247140,2026-07-07 14:07:13.816628,0 days 00:00:04.569488,64.59622182874503,15,COMPLETE
1530,0.013900958730632462,0.46747969334164463,2026-07-07 14:07:09.718635,2026-07-07 14:07:21.403239,0 days 00:00:11.684604,29.866217420608848,15,COMPLETE
1531,0.020368317347208842,0.4663325094083544,2026-07-07 14:07:09.729224,2026-07-07 14:07:16.567996,0 days 00:00:06.838772,67.21686162799772,15,COMPLETE
1532,0.020009599237074682,0.46622430529171677,2026-07-07 14:07:09.731521,2026-07-07 14:07:19.494471,0 days 00:00:09.762950,36.092247132119574,15,COMPLETE
1533,0.024576667082712944,0.4657464843224443,2026-07-07 14:07:09.732424,2026-07-07 14:07:14.881322,0 days 00:00:05.148898,98.75272778687027,15,COMPLETE
1534,0.016621737423672067,0.4669959678158864,2026-07-07 14:07:09.746362,2026-07-07 14:07:20.900852,0 days 00:00:11.154490,39.71745418658718,15,COMPLETE
1535,0.024202038567220918,0.46574230145822126,2026-07-07 14:07:09.749145,2026-07-07 14:07:20.558046,0 days 00:00:10.808901,90.02015014582776,15,COMPLETE
1536,0.018371661628943436,0.46667590692370536,2026-07-07 14:07:09.910456,2026-07-07 14:07:17.229092,0 days 00:00:07.318636,50.72097136035487,15,COMPLETE
1537,0.0111247139308846,0.46791267101471534,2026-07-07 14:07:10.066536,2026-07-07 14:07:20.562762,0 days 00:00:10.496226,33.85931277308798,15,COMPLETE
1538,0.020011612337897555,0.46657248203958496,2026-07-07 14:07:10.940988,2026-07-07 14:07:20.739410,0 days 00:00:09.798422,62.544475598491175,15,COMPLETE
1539,0.020214277657402413,0.4662866204392403,2026-07-07 14:07:10.965435,2026-07-07 14:07:19.705770,0 days 00:00:08.740335,73.85494022561808,15,COMPLETE
1540,0.019659305123589932,0.4663822252141432,2026-07-07 14:07:11.126387,2026-07-07 14:07:14.840374,0 days 00:00:03.713987,57.98207511774825,15,COMPLETE
1541,0.020338959783758437,0.466397786019475,2026-07-07 14:07:11.141139,2026-07-07 14:07:21.572985,0 days 00:00:10.431846,55.633430559188234,15,COMPLETE
1542,0.014956489454821031,0.46713216399957763,2026-07-07 14:07:11.141394,2026-07-07 14:07:21.763038,0 days 00:00:10.621644,20.515863567518615,15,COMPLETE
1543,0.025394002552197648,0.46564669623547117,2026-07-07 14:07:11.147087,2026-07-07 14:07:21.220866,0 days 00:00:10.073779,95.05980352250992,15,COMPLETE
1544,0.011083131571326232,0.467672940281231,2026-07-07 14:07:11.157502,2026-07-07 14:07:20.901780,0 days 00:00:09.744278,8.220083422891813,15,COMPLETE
1545,0.015968554086997933,0.4672367634793772,2026-07-07 14:07:11.323647,2026-07-07 14:07:21.602268,0 days 00:00:10.278621,28.083781599625265,15,COMPLETE
1546,0.02058429704885495,0.46621766850170454,2026-07-07 14:07:11.483907,2026-07-07 14:07:21.591115,0 days 00:00:10.107208,73.19906017208214,15,COMPLETE
1547,0.012672104230741166,0.4674936714099668,2026-07-07 14:07:11.486677,2026-07-07 14:07:14.325819,0 days 00:00:02.839142,9.182464998773666,15,COMPLETE
1548,0.019639910676768457,0.46638255215995117,2026-07-07 14:07:11.798489,2026-07-07 14:07:20.555986,0 days 00:00:08.757497,57.96287688661796,15,COMPLETE
1549,0.0174480888804725,0.46670028620716586,2026-07-07 14:07:12.127435,2026-07-07 14:07:22.286388,0 days 00:00:10.158953,38.401105583811585,15,COMPLETE
1550,0.006768420600001379,0.46885838958625065,2026-07-07 14:07:12.128041,2026-07-07 14:07:23.245136,0 days 00:00:11.117095,11.540002851646495,15,COMPLETE
1551,0.02273756581764269,0.46601182023634136,2026-07-07 14:07:12.129274,2026-07-07 14:07:22.130907,0 days 00:00:10.001633,82.82206184160714,15,COMPLETE
1552,0.023406296082765843,0.465933514490401,2026-07-07 14:07:12.131142,2026-07-07 14:07:22.772242,0 days 00:00:10.641100,86.32643825664073,15,COMPLETE
1553,0.017353151752689644,0.4670093779751744,2026-07-07 14:07:12.131691,2026-07-07 14:07:21.576387,0 days 00:00:09.444696,48.72691157391367,15,COMPLETE
1554,0.018066030994458193,0.4667290747596168,2026-07-07 14:07:12.133580,2026-07-07 14:07:24.643423,0 days 00:00:12.509843,54.370571597445434,15,COMPLETE
1555,0.020816955190172293,0.4662766754997232,2026-07-07 14:07:12.134910,2026-07-07 14:07:24.984102,0 days 00:00:12.849192,61.1956865638968,15,COMPLETE
1556,0.01745127820034681,0.4669352593172789,2026-07-07 14:07:12.764842,2026-07-07 14:07:24.457283,0 days 00:00:11.692441,51.70209616477025,15,COMPLETE
1557,0.023008212271826423,0.4660033837717213,2026-07-07 14:07:13.092317,2026-07-07 14:07:24.456645,0 days 00:00:11.364328,84.69088073493097,15,COMPLETE
1558,0.017387407733250815,0.46681933114447144,2026-07-07 14:07:13.611233,2026-07-07 14:07:24.630020,0 days 00:00:11.018787,40.08750261225312,15,COMPLETE
1559,0.020172193816180073,0.4664386911162022,2026-07-07 14:07:14.333227,2026-07-07 14:07:24.468563,0 days 00:00:10.135336,60.8182740768713,15,COMPLETE
1560,0.013435995914800825,0.467994053845121,2026-07-07 14:07:14.886152,2026-07-07 14:07:24.819254,0 days 00:00:09.933102,19.044795650187076,15,COMPLETE
1561,0.016511071643503628,0.4670273383865932,2026-07-07 14:07:14.895858,2026-07-07 14:07:27.199031,0 days 00:00:12.303173,22.922503286230352,15,COMPLETE
1562,0.00722635249130732,0.46839292325366727,2026-07-07 14:07:14.897815,2026-07-07 14:07:24.463225,0 days 00:00:09.565410,10.030838570492824,15,COMPLETE
1563,0.024366517336923132,0.46570985779945484,2026-07-07 14:07:14.903764,2026-07-07 14:07:24.465773,0 days 00:00:09.562009,90.87621951806001,15,COMPLETE
1564,0.020516058183374375,0.4662588114876063,2026-07-07 14:07:14.905174,2026-07-07 14:07:26.174125,0 days 00:00:11.268951,71.03736370079339,15,COMPLETE
1565,0.01720458213413767,0.46703553383840635,2026-07-07 14:07:14.908320,2026-07-07 14:07:24.813751,0 days 00:00:09.905431,45.97769369165478,15,COMPLETE
1566,0.01651624419887443,0.4666668871963371,2026-07-07 14:07:15.065194,2026-07-07 14:07:21.950020,0 days 00:00:06.884826,7.944506486072567,15,COMPLETE
1567,0.018701492967271915,0.4666160652842276,2026-07-07 14:07:15.067558,2026-07-07 14:07:24.821111,0 days 00:00:09.753553,50.93598596434363,15,COMPLETE
1568,0.024235041764693932,0.46574702769818277,2026-07-07 14:07:15.073746,2026-07-07 14:07:24.454631,0 days 00:00:09.380885,89.21097348332971,15,COMPLETE
1569,0.02416039620358368,0.4657605886922279,2026-07-07 14:07:15.248334,2026-07-07 14:07:20.554189,0 days 00:00:05.305855,88.91987750170038,15,COMPLETE
1570,0.012633306610240758,0.46732617334777676,2026-07-07 14:07:15.406311,2026-07-07 14:07:26.501678,0 days 00:00:11.095367,7.091920319493195,15,COMPLETE
1571,0.17608271494189542,0.443652186987801,2026-07-07 14:07:15.408840,2026-07-07 14:07:27.204251,0 days 00:00:11.795411,0.20995241041318835,15,COMPLETE
1572,0.022982301620234902,0.4660032694376022,2026-07-07 14:07:15.411021,2026-07-07 14:07:25.827155,0 days 00:00:10.416134,84.51316541434812,15,COMPLETE
1573,0.01304322432797772,0.4674694590988117,2026-07-07 14:07:15.567397,2026-07-07 14:07:21.781907,0 days 00:00:06.214510,33.65846972448299,15,COMPLETE
1574,0.021278928010184994,0.46617277356775166,2026-07-07 14:07:15.724363,2026-07-07 14:07:25.828935,0 days 00:00:10.104572,68.08347451879203,15,COMPLETE
1575,0.01892982415179789,0.46668845324162533,2026-07-07 14:07:16.036576,2026-07-07 14:07:27.210479,0 days 00:00:11.173903,44.882933142828,15,COMPLETE
1576,0.017052956605056513,0.46691662411696594,2026-07-07 14:07:16.037315,2026-07-07 14:07:24.450347,0 days 00:00:08.413032,48.372072998275186,15,COMPLETE
1577,0.013460821484850949,0.46747085634886365,2026-07-07 14:07:16.199742,2026-07-07 14:07:25.990625,0 days 00:00:09.790883,25.744172426157757,15,COMPLETE
1578,0.018592291119680526,0.46665728207242246,2026-07-07 14:07:16.201235,2026-07-07 14:07:28.508463,0 days 00:00:12.307228,42.32481765443015,15,COMPLETE
1579,0.011947712144981193,0.4677356585799314,2026-07-07 14:07:16.203275,2026-07-07 14:07:26.693193,0 days 00:00:10.489918,7.351322999776734,15,COMPLETE
1580,0.016496491932223467,0.46684538829987554,2026-07-07 14:07:16.204814,2026-07-07 14:07:21.957582,0 days 00:00:05.752768,33.228561907134896,15,COMPLETE
1581,0.01717014873302597,0.46691824856693526,2026-07-07 14:07:16.528362,2026-07-07 14:07:26.683680,0 days 00:00:10.155318,39.44480089809727,15,COMPLETE
1582,0.020636702326300438,0.46622480571550917,2026-07-07 14:07:16.545356,2026-07-07 14:07:24.074160,0 days 00:00:07.528804,72.8320781498675,15,COMPLETE
1583,0.01278632064377988,0.46763536684858165,2026-07-07 14:07:17.707541,2026-07-07 14:07:28.673728,0 days 00:00:10.966187,38.04828077850082,15,COMPLETE
1584,0.0162978777113858,0.4666980196808785,2026-07-07 14:07:17.712478,2026-07-07 14:07:31.153618,0 days 00:00:13.441140,6.005630999503666,15,COMPLETE
1585,0.014740637976675464,0.4673429096555627,2026-07-07 14:07:18.180576,2026-07-07 14:07:21.955910,0 days 00:00:03.775334,28.14598923097294,15,COMPLETE
1586,0.01683805404343336,0.4666196114278858,2026-07-07 14:07:18.494857,2026-07-07 14:07:31.517781,0 days 00:00:13.022924,3.9052132125247923,15,COMPLETE
