number,values_0,values_1,datetime_start,datetime_complete,duration,params_input_force,system_attrs_NSGAIISampler:generation,state
2016,0.012980900278232399,0.46776062062294826,2026-07-07 14:08:31.584039,2026-07-07 14:08:43.366010,0 days 00:00:11.781971,21.61928253260735,19,COMPLETE
2017,0.01456977970940293,0.4673168792538034,2026-07-07 14:08:31.602233,2026-07-07 14:08:42.203854,0 days 00:00:10.601621,36.89209571962851,19,COMPLETE
2018,0.020000998650113677,0.466509536378663,2026-07-07 14:08:31.958979,2026-07-07 14:08:42.213112,0 days 00:00:10.254133,60.88773667486955,19,COMPLETE
2019,0.010027962459137174,0.4681031010945717,2026-07-07 14:08:32.121273,2026-07-07 14:08:41.669248,0 days 00:00:09.547975,11.41284257389319,19,COMPLETE
2020,0.01982735347995962,0.4663166913524158,2026-07-07 14:08:32.131295,2026-07-07 14:08:40.989442,0 days 00:00:08.858147,76.04831109839823,19,COMPLETE
2021,0.011084134992972006,0.46783433612321834,2026-07-07 14:08:32.136448,2026-07-07 14:08:42.201861,0 days 00:00:10.065413,17.707204189353043,19,COMPLETE
2022,0.01961934518671049,0.4663481678917889,2026-07-07 14:08:32.139270,2026-07-07 14:08:42.378691,0 days 00:00:10.239421,75.16399144330347,19,COMPLETE
2023,0.02505322718328501,0.46568351707999517,2026-07-07 14:08:32.143254,2026-07-07 14:08:36.134246,0 days 00:00:03.990992,93.3970623548238,19,COMPLETE
2024,0.016098469117110104,0.46703677168273205,2026-07-07 14:08:32.305606,2026-07-07 14:08:42.222563,0 days 00:00:09.916957,44.184175149318676,19,COMPLETE
2025,0.024509810881671146,0.4657540739865325,2026-07-07 14:08:32.307122,2026-07-07 14:08:47.212415,0 days 00:00:14.905293,98.99476881129561,19,COMPLETE
2026,0.02216567511407802,0.46603268187949504,2026-07-07 14:08:32.307936,2026-07-07 14:08:43.713009,0 days 00:00:11.405073,65.32764934959052,19,COMPLETE
2027,0.00691142384677873,0.4686719627307341,2026-07-07 14:08:32.308903,2026-07-07 14:08:44.397868,0 days 00:00:12.088965,12.211533130137173,19,COMPLETE
2028,0.01941754287973535,0.4663966820319432,2026-07-07 14:08:32.311354,2026-07-07 14:08:42.209236,0 days 00:00:09.897882,74.84388703918331,19,COMPLETE
2029,0.016112603796460456,0.4669573655832248,2026-07-07 14:08:32.351959,2026-07-07 14:08:44.075110,0 days 00:00:11.723151,32.72842410647671,19,COMPLETE
2030,0.022335346004753454,0.4659672045585901,2026-07-07 14:08:32.850942,2026-07-07 14:08:42.180297,0 days 00:00:09.329355,69.81997511582914,19,COMPLETE
2031,0.018146327952532848,0.4669105684226774,2026-07-07 14:08:33.014424,2026-07-07 14:08:37.953712,0 days 00:00:04.939288,45.846807049116705,19,COMPLETE
2032,0.018172100427472526,0.46677024191695715,2026-07-07 14:08:33.170980,2026-07-07 14:08:43.366567,0 days 00:00:10.195587,24.251284527562294,19,COMPLETE
2033,0.015169774894612409,0.4673016580464482,2026-07-07 14:08:33.527035,2026-07-07 14:08:43.035606,0 days 00:00:09.508571,36.228377084014575,19,COMPLETE
2034,0.02209556184868744,0.46611167216855165,2026-07-07 14:08:33.842684,2026-07-07 14:08:43.739093,0 days 00:00:09.896409,64.26499845899662,19,COMPLETE
2035,0.022167865799247122,0.46609470553386667,2026-07-07 14:08:34.814301,2026-07-07 14:08:43.031869,0 days 00:00:08.217568,64.30926102226321,19,COMPLETE
2036,0.014682674674437457,0.4672610834075056,2026-07-07 14:08:34.986884,2026-07-07 14:08:44.063147,0 days 00:00:09.076263,29.443721067814568,19,COMPLETE
2037,0.016141068339799003,0.4670252451734041,2026-07-07 14:08:35.162654,2026-07-07 14:08:41.657765,0 days 00:00:06.495111,26.983966038212444,20,COMPLETE
2038,0.01668052213163207,0.46719095309130393,2026-07-07 14:08:35.320722,2026-07-07 14:08:52.604586,0 days 00:00:17.283864,46.184971166027594,20,COMPLETE
2039,0.014466600617187797,0.4670486698171482,2026-07-07 14:08:35.324823,2026-07-07 14:08:44.882791,0 days 00:00:09.557968,15.376095123437777,20,COMPLETE
2040,0.020412696203708613,0.46626336178545263,2026-07-07 14:08:35.333633,2026-07-07 14:08:47.910159,0 days 00:00:12.576526,55.589805915521474,20,COMPLETE
2041,0.013792594936473612,0.46733792149335485,2026-07-07 14:08:36.164888,2026-07-07 14:08:46.394621,0 days 00:00:10.229733,9.038776538002969,20,COMPLETE
2042,0.01846805915689753,0.4666266537384264,2026-07-07 14:08:37.496356,2026-07-07 14:08:47.219621,0 days 00:00:09.723265,40.88877919475971,20,COMPLETE
2043,0.020448134429108533,0.4662911491741075,2026-07-07 14:08:37.584160,2026-07-07 14:08:47.886451,0 days 00:00:10.302291,78.0552306817641,20,COMPLETE
2044,0.013630859098597847,0.467633240218591,2026-07-07 14:08:37.764383,2026-07-07 14:08:47.555081,0 days 00:00:09.790698,31.079899927266975,20,COMPLETE
2045,0.016402387592036938,0.46700240554128536,2026-07-07 14:08:37.949956,2026-07-07 14:08:47.552747,0 days 00:00:09.602791,27.049036024011823,20,COMPLETE
2046,0.01525706667048754,0.46719946859029604,2026-07-07 14:08:37.955011,2026-07-07 14:08:42.190309,0 days 00:00:04.235298,30.559956949411557,20,COMPLETE
2047,0.023572050941552847,0.4658913633018602,2026-07-07 14:08:37.993316,2026-07-07 14:08:47.200839,0 days 00:00:09.207523,86.85095958808083,20,COMPLETE
2048,0.017880074000155732,0.4668429049266687,2026-07-07 14:08:37.993756,2026-07-07 14:08:50.465240,0 days 00:00:12.471484,51.17395383004226,20,COMPLETE
2049,0.02096150180635692,0.46624280694578096,2026-07-07 14:08:38.001866,2026-07-07 14:08:48.981204,0 days 00:00:10.979338,77.75835279865547,20,COMPLETE
2050,0.0178235680312393,0.4668534151071893,2026-07-07 14:08:38.314685,2026-07-07 14:08:49.817443,0 days 00:00:11.502758,44.65992996571065,20,COMPLETE
2051,0.011626411942951387,0.4677272795105046,2026-07-07 14:08:38.319475,2026-07-07 14:08:48.642984,0 days 00:00:10.323509,14.166304770237346,20,COMPLETE
2052,0.016117832678870625,0.46722161018659497,2026-07-07 14:08:38.320386,2026-07-07 14:08:48.962839,0 days 00:00:10.642453,35.996479555180116,20,COMPLETE
2053,0.021604150673738887,0.466135200675862,2026-07-07 14:08:38.340417,2026-07-07 14:08:49.145344,0 days 00:00:10.804927,80.30581846398883,20,COMPLETE
2054,0.02517101967604013,0.46567200363963646,2026-07-07 14:08:38.340864,2026-07-07 14:08:48.637646,0 days 00:00:10.296782,93.96667310467771,20,COMPLETE
2055,0.022764394920488873,0.46601011002972087,2026-07-07 14:08:38.820881,2026-07-07 14:08:47.873153,0 days 00:00:09.052272,82.95626641036279,20,COMPLETE
2056,0.012209670025940478,0.4676282767874139,2026-07-07 14:08:38.822418,2026-07-07 14:08:43.732227,0 days 00:00:04.909809,14.282932164846857,20,COMPLETE
2057,0.012220988500209085,0.4677889046657855,2026-07-07 14:08:38.823209,2026-07-07 14:08:51.160785,0 days 00:00:12.337576,24.75306414057454,20,COMPLETE
2058,0.019004208688176705,0.46653609839731364,2026-07-07 14:08:38.825924,2026-07-07 14:08:48.617394,0 days 00:00:09.791470,51.095677370974876,20,COMPLETE
2059,0.020688955331867542,0.4662576799071561,2026-07-07 14:08:38.828361,2026-07-07 14:08:48.989618,0 days 00:00:10.161257,66.4719684415915,20,COMPLETE
2060,0.017512139690681605,0.4667385340928111,2026-07-07 14:08:38.830713,2026-07-07 14:08:44.402054,0 days 00:00:05.571341,25.437839868815157,20,COMPLETE
2061,0.017457568051850836,0.4669440873664091,2026-07-07 14:08:38.844141,2026-07-07 14:08:47.716092,0 days 00:00:08.871951,48.42854686314519,20,COMPLETE
2062,0.026806336614395077,0.46453384449326307,2026-07-07 14:08:39.006742,2026-07-07 14:08:43.728334,0 days 00:00:04.721592,1.616045344292344,20,COMPLETE
2063,0.0063069229207757815,0.46870653201116225,2026-07-07 14:08:39.006918,2026-07-07 14:08:48.643061,0 days 00:00:09.636143,13.295711076947425,20,COMPLETE
2064,0.020184752674850648,0.46628514047808167,2026-07-07 14:08:39.162225,2026-07-07 14:08:49.308955,0 days 00:00:10.146730,39.49618119162321,20,COMPLETE
2065,0.021664469597042713,0.4661276368927113,2026-07-07 14:08:39.163895,2026-07-07 14:08:50.651607,0 days 00:00:11.487712,80.41879345744859,20,COMPLETE
2066,0.009709531033881502,0.4683142246219826,2026-07-07 14:08:39.321851,2026-07-07 14:08:46.061550,0 days 00:00:06.739699,6.0820632631959235,20,COMPLETE
2067,0.010680560855587051,0.46815345081398685,2026-07-07 14:08:39.478434,2026-07-07 14:08:48.970924,0 days 00:00:09.492490,17.771535904841528,20,COMPLETE
2068,0.024598201216810056,0.4657438300028439,2026-07-07 14:08:39.488829,2026-07-07 14:08:44.890226,0 days 00:00:05.401397,98.6894744531425,20,COMPLETE
2069,0.015756989206566208,0.4671375569799475,2026-07-07 14:08:39.815061,2026-07-07 14:08:46.054722,0 days 00:00:06.239661,20.272868983761704,20,COMPLETE
2070,0.015276591852565136,0.4671562950056283,2026-07-07 14:08:39.817204,2026-07-07 14:08:51.148882,0 days 00:00:11.331678,27.098787988766766,20,COMPLETE
2071,0.019885735225762313,0.4663496226559055,2026-07-07 14:08:39.820484,2026-07-07 14:08:47.038557,0 days 00:00:07.218073,74.151327340822,20,COMPLETE
2072,0.01869208502278419,0.4665811292698333,2026-07-07 14:08:39.824788,2026-07-07 14:08:53.410118,0 days 00:00:13.585330,50.91128027159855,20,COMPLETE
2073,0.01586379887107403,0.4672127236663704,2026-07-07 14:08:41.172757,2026-07-07 14:08:48.115155,0 days 00:00:06.942398,47.04183146445942,20,COMPLETE
2074,0.015632585634702767,0.46708734185293155,2026-07-07 14:08:41.484629,2026-07-07 14:08:48.990564,0 days 00:00:07.505935,27.142996286263514,20,COMPLETE
2075,0.00895000633024301,0.46843991245837746,2026-07-07 14:08:41.677526,2026-07-07 14:08:53.231996,0 days 00:00:11.554470,16.221348517077658,20,COMPLETE
2076,0.01804965490186239,0.46677757568693107,2026-07-07 14:08:41.685837,2026-07-07 14:08:53.250442,0 days 00:00:11.564605,44.52213630510824,20,COMPLETE
2077,0.01982638539913223,0.4663162651957431,2026-07-07 14:08:42.021087,2026-07-07 14:08:53.242944,0 days 00:00:11.221857,76.03920305691601,20,COMPLETE
2078,0.019404974600305658,0.46667840782520537,2026-07-07 14:08:42.178804,2026-07-07 14:08:53.569407,0 days 00:00:11.390603,58.90039197412881,20,COMPLETE
2079,0.018531382204665547,0.46674243495441226,2026-07-07 14:08:42.387470,2026-07-07 14:08:53.161233,0 days 00:00:10.773763,23.818679403821264,20,COMPLETE
2080,0.020754030784235655,0.4662038035909121,2026-07-07 14:08:42.389626,2026-07-07 14:08:48.611159,0 days 00:00:06.221533,72.66268116211658,20,COMPLETE
2081,0.013479717156468063,0.46716433181143957,2026-07-07 14:08:43.025134,2026-07-07 14:08:53.245373,0 days 00:00:10.220239,8.817297474459501,20,COMPLETE
2082,0.015311860237365138,0.466932968913568,2026-07-07 14:08:43.048212,2026-07-07 14:08:53.239081,0 days 00:00:10.190869,8.518535505784088,20,COMPLETE
2083,0.014286362887153736,0.467553610928913,2026-07-07 14:08:43.705657,2026-07-07 14:08:53.202811,0 days 00:00:09.497154,20.0820853718109,20,COMPLETE
2084,0.01786325012325185,0.4668470160193812,2026-07-07 14:08:43.719163,2026-07-07 14:08:53.177917,0 days 00:00:09.458754,51.1732229262113,20,COMPLETE
2085,0.021287569725279176,0.46612088959131504,2026-07-07 14:08:43.732535,2026-07-07 14:08:53.198879,0 days 00:00:09.466344,41.85208762702097,20,COMPLETE
2086,0.006254372080943982,0.46887083715302447,2026-07-07 14:08:43.740209,2026-07-07 14:08:51.154865,0 days 00:00:07.414656,13.043973867313687,20,COMPLETE
2087,0.018940470601985282,0.46668658368717175,2026-07-07 14:08:43.742259,2026-07-07 14:08:55.725192,0 days 00:00:11.982933,58.7253861387202,20,COMPLETE
2088,0.02154944016202942,0.46610147971397853,2026-07-07 14:08:44.075605,2026-07-07 14:08:53.205131,0 days 00:00:09.129526,70.31925025016518,20,COMPLETE
2089,0.024526028137801192,0.4656970747321094,2026-07-07 14:08:44.080253,2026-07-07 14:08:48.095670,0 days 00:00:04.015417,91.18969120128475,20,COMPLETE
2090,0.019092365183702942,0.46648907359601377,2026-07-07 14:08:44.240640,2026-07-07 14:08:50.481482,0 days 00:00:06.240842,56.64925179961608,20,COMPLETE
2091,0.021057806736803908,0.466214728390832,2026-07-07 14:08:44.398040,2026-07-07 14:08:53.215128,0 days 00:00:08.817088,67.94702223958319,20,COMPLETE
2092,0.009362825618785375,0.46821383723297993,2026-07-07 14:08:44.406016,2026-07-07 14:08:55.716026,0 days 00:00:11.310010,9.979731121851847,20,COMPLETE
2093,0.023591459013405536,0.46588720456196914,2026-07-07 14:08:44.563103,2026-07-07 14:09:00.430031,0 days 00:00:15.866928,86.90395626462008,20,COMPLETE
2094,0.02273879407791568,0.4660117747819943,2026-07-07 14:08:44.563965,2026-07-07 14:08:53.250926,0 days 00:00:08.686961,82.82876996396575,20,COMPLETE
2095,0.011967049785374106,0.4677498109434707,2026-07-07 14:08:44.721040,2026-07-07 14:08:50.460239,0 days 00:00:05.739199,30.892812185124043,20,COMPLETE
2096,0.012047172631991843,0.46784986713754817,2026-07-07 14:08:44.722241,2026-07-07 14:08:55.712617,0 days 00:00:10.990376,18.836539851509496,20,COMPLETE
2097,0.021222533995713444,0.46620715410343627,2026-07-07 14:08:44.723262,2026-07-07 14:08:57.700790,0 days 00:00:12.977528,77.62559485223707,20,COMPLETE
2098,0.014205546201898622,0.4675059219469093,2026-07-07 14:08:44.883683,2026-07-07 14:08:56.044272,0 days 00:00:11.160589,20.34359757041373,20,COMPLETE
2099,0.024166628827128556,0.4657650341104045,2026-07-07 14:08:45.222382,2026-07-07 14:08:57.197871,0 days 00:00:11.975489,88.52354424165705,20,COMPLETE
2100,0.024998508815192277,0.46568895171361874,2026-07-07 14:08:45.381240,2026-07-07 14:08:55.529112,0 days 00:00:10.147872,93.15543686767369,20,COMPLETE
2101,0.024757540741345674,0.4657018434795577,2026-07-07 14:08:45.696902,2026-07-07 14:08:51.156382,0 days 00:00:05.459480,92.23712865707562,20,COMPLETE
2102,0.02283159244349675,0.4660022118795236,2026-07-07 14:08:45.877660,2026-07-07 14:08:53.166743,0 days 00:00:07.289083,83.26394020616463,20,COMPLETE
2103,0.01531574981114181,0.46679938889620237,2026-07-07 14:08:46.723833,2026-07-07 14:08:53.153473,0 days 00:00:06.429640,3.2745930355552293,20,COMPLETE
2104,0.020798960197632832,0.4662582437744838,2026-07-07 14:08:46.724508,2026-07-07 14:08:49.810296,0 days 00:00:03.085788,76.99382581318152,20,COMPLETE
2105,0.017703588449177077,0.4667709536767295,2026-07-07 14:08:47.038443,2026-07-07 14:08:56.379780,0 days 00:00:09.341337,54.01494718775436,20,COMPLETE
2106,0.021779923189716333,0.4661022961268436,2026-07-07 14:08:47.874920,2026-07-07 14:08:57.362579,0 days 00:00:09.487659,68.61875741563776,20,COMPLETE
2107,0.019887149058194997,0.4665652322919528,2026-07-07 14:08:47.887379,2026-07-07 14:08:53.225180,0 days 00:00:05.337801,62.26049141959388,20,COMPLETE
2108,0.023129695094191605,0.4659867363904926,2026-07-07 14:08:48.613983,2026-07-07 14:08:59.679558,0 days 00:00:11.065575,85.13877613699421,20,COMPLETE
2109,0.02001993936424512,0.4663803584416104,2026-07-07 14:08:48.617918,2026-07-07 14:08:55.715464,0 days 00:00:07.097546,55.5600525888816,20,COMPLETE
2110,0.023151588556951097,0.46598402640432696,2026-07-07 14:08:48.625689,2026-07-07 14:08:52.785005,0 days 00:00:04.159316,85.24871387083515,20,COMPLETE
2111,0.023992442173594752,0.4658131206678993,2026-07-07 14:08:48.635007,2026-07-07 14:08:55.543006,0 days 00:00:06.907999,87.94600233376396,20,COMPLETE
2112,0.018594346999490863,0.4666948918264658,2026-07-07 14:08:48.640320,2026-07-07 14:09:00.923449,0 days 00:00:12.283129,48.15949026668523,20,COMPLETE
2113,0.0063593014692616134,0.4689409089990919,2026-07-07 14:08:48.643253,2026-07-07 14:08:59.490030,0 days 00:00:10.846777,27.617917003440443,20,COMPLETE
2114,0.018415102822009644,0.4667265131193613,2026-07-07 14:08:48.956149,2026-07-07 14:08:58.355658,0 days 00:00:09.399509,49.292261529603785,20,COMPLETE
2115,0.021644262636178246,0.4660955969843592,2026-07-07 14:08:48.972703,2026-07-07 14:09:01.300481,0 days 00:00:12.327778,79.1583095126797,20,COMPLETE
2116,0.024227859277266894,0.46574166606618655,2026-07-07 14:08:48.981586,2026-07-07 14:09:00.592640,0 days 00:00:11.611054,89.67136951578064,20,COMPLETE
2117,0.017938044969122213,0.4667112748501931,2026-07-07 14:08:48.985279,2026-07-07 14:09:01.110734,0 days 00:00:12.125455,47.10272716343494,20,COMPLETE
2118,0.02267552008869672,0.46601048110498233,2026-07-07 14:08:48.986562,2026-07-07 14:09:00.036879,0 days 00:00:11.050317,82.44661807544199,20,COMPLETE
2119,0.020167594949508982,0.46638260646520663,2026-07-07 14:08:48.989870,2026-07-07 14:09:00.406571,0 days 00:00:11.416701,55.62642867435471,20,COMPLETE
2120,0.02033391184873623,0.4663168480315317,2026-07-07 14:08:49.303719,2026-07-07 14:09:00.200153,0 days 00:00:10.896434,66.80153107008616,20,COMPLETE
2121,0.01147102766810515,0.4675996744518921,2026-07-07 14:08:49.318350,2026-07-07 14:08:58.183194,0 days 00:00:08.864844,7.195732236461843,20,COMPLETE
2122,0.006267574950368449,0.4686502603881,2026-07-07 14:08:49.330624,2026-07-07 14:09:00.215961,0 days 00:00:10.885337,10.568319718705531,20,COMPLETE
2123,0.02651518060529856,0.4645684067431982,2026-07-07 14:08:49.493836,2026-07-07 14:09:00.409033,0 days 00:00:10.915197,1.603128916305184,20,COMPLETE
2124,0.021379910202081465,0.466132089006367,2026-07-07 14:08:49.803415,2026-07-07 14:09:00.214294,0 days 00:00:10.410879,70.38310338550627,20,COMPLETE
2125,0.022642007019026356,0.4660124729182075,2026-07-07 14:08:49.821323,2026-07-07 14:08:57.009479,0 days 00:00:07.188156,82.32935869223449,20,COMPLETE
2126,0.009452577287604791,0.46839518234041233,2026-07-07 14:08:49.822855,2026-07-07 14:09:00.222715,0 days 00:00:10.399860,4.711746894214417,20,COMPLETE
2127,0.020514363248416545,0.4662613143285916,2026-07-07 14:08:49.826681,2026-07-07 14:08:55.533380,0 days 00:00:05.706699,71.74472188169756,20,COMPLETE
2128,0.021418097404824366,0.46612905089699963,2026-07-07 14:08:50.296514,2026-07-07 14:08:59.845802,0 days 00:00:09.549288,78.51241812815834,20,COMPLETE
2129,0.023062769929495186,0.4659957617198446,2026-07-07 14:08:50.452742,2026-07-07 14:09:00.931597,0 days 00:00:10.478855,84.87030245262939,20,COMPLETE
2130,0.0144925683977018,0.4673462446172899,2026-07-07 14:08:50.459251,2026-07-07 14:09:01.130373,0 days 00:00:10.671122,25.99918401018938,20,COMPLETE
2131,0.013729833909998546,0.46747148635750846,2026-07-07 14:08:50.462146,2026-07-07 14:09:01.337020,0 days 00:00:10.874874,31.820894205193234,20,COMPLETE
2132,0.019487477598654324,0.4665394258518934,2026-07-07 14:08:50.476543,2026-07-07 14:09:02.139119,0 days 00:00:11.662576,49.63971925698164,20,COMPLETE
2133,0.018616168908290764,0.4665744065598032,2026-07-07 14:08:50.487422,2026-07-07 14:09:00.194994,0 days 00:00:09.707572,56.85044544943454,20,COMPLETE
2134,0.02541119533608277,0.46564427272079384,2026-07-07 14:08:50.666135,2026-07-07 14:09:01.326027,0 days 00:00:10.659892,95.73991769665264,20,COMPLETE
2135,0.017482114296179907,0.4667914310998169,2026-07-07 14:08:50.667388,2026-07-07 14:09:01.334679,0 days 00:00:10.667291,34.479274363013744,20,COMPLETE
2136,0.01823814130889978,0.4667345099769532,2026-07-07 14:08:51.478392,2026-07-07 14:09:01.319436,0 days 00:00:09.841044,34.67720524667196,20,COMPLETE
2137,0.019414226747633878,0.46620294565303527,2026-07-07 14:08:52.112959,2026-07-07 14:08:55.542843,0 days 00:00:03.429884,2.556325999138696,20,COMPLETE
2138,0.022017867689445414,0.4660560488234959,2026-07-07 14:08:52.281341,2026-07-07 14:09:02.627155,0 days 00:00:10.345814,68.83344025526314,20,COMPLETE
2139,0.02063118221622695,0.4662814367045036,2026-07-07 14:08:52.797433,2026-07-07 14:09:01.816184,0 days 00:00:09.018751,78.26072079163606,20,COMPLETE
2140,0.02416105171914268,0.4657452097608691,2026-07-07 14:08:53.146050,2026-07-07 14:09:01.331258,0 days 00:00:08.185208,90.31281493770966,20,COMPLETE
2141,0.02058786009801894,0.4662436489399772,2026-07-07 14:08:53.166951,2026-07-07 14:09:04.219282,0 days 00:00:11.052331,71.96939423206844,20,COMPLETE
2142,0.02001958522444436,0.46639138998764806,2026-07-07 14:08:53.170705,2026-07-07 14:09:02.303116,0 days 00:00:09.132411,53.80192323170135,20,COMPLETE
2143,0.0248091982947255,0.4657156591745699,2026-07-07 14:08:53.176814,2026-07-07 14:09:01.314831,0 days 00:00:08.138017,98.2236184346631,20,COMPLETE
2144,0.015998408533947406,0.46732527816933017,2026-07-07 14:08:53.232311,2026-07-07 14:08:59.326462,0 days 00:00:06.094151,20.497779101472997,21,COMPLETE
2145,0.01965664834046954,0.4663394738491411,2026-07-07 14:08:53.251622,2026-07-07 14:09:04.208560,0 days 00:00:10.956938,75.21868844344239,21,COMPLETE
2146,0.01762277441562554,0.4667803299025809,2026-07-07 14:08:53.253541,2026-07-07 14:09:04.386920,0 days 00:00:11.133379,54.76222910116764,21,COMPLETE
2147,0.025336355611639827,0.46565398160968996,2026-07-07 14:08:53.254564,2026-07-07 14:09:00.422124,0 days 00:00:07.167560,94.71289416584561,21,COMPLETE
2148,0.011183275729969577,0.46784677354937115,2026-07-07 14:08:53.410008,2026-07-07 14:09:03.882994,0 days 00:00:10.472986,16.660907369088097,21,COMPLETE
2149,0.012159361578748418,0.46772887004348274,2026-07-07 14:08:53.569584,2026-07-07 14:09:04.380465,0 days 00:00:10.810881,31.977727571106723,21,COMPLETE
2150,0.016417869379425964,0.4670081819492782,2026-07-07 14:08:53.570556,2026-07-07 14:09:04.600333,0 days 00:00:11.029777,53.403145326106824,21,COMPLETE
2151,0.019528552408543676,0.4663694464886717,2026-07-07 14:08:53.880674,2026-07-07 14:09:03.885196,0 days 00:00:10.004522,75.03586621058558,21,COMPLETE
2152,0.020361040315622747,0.46628309284753844,2026-07-07 14:08:53.881942,2026-07-07 14:09:04.579714,0 days 00:00:10.697772,55.46341834429108,21,COMPLETE
2153,0.020591883302327085,0.46624240509823983,2026-07-07 14:08:53.883609,2026-07-07 14:09:04.587253,0 days 00:00:10.703644,71.97937306621075,21,COMPLETE
2154,0.0205298317892581,0.46622736179780966,2026-07-07 14:08:54.038813,2026-07-07 14:09:03.715228,0 days 00:00:09.676415,73.30487641791315,21,COMPLETE
2155,0.022333890671614565,0.4660462695615074,2026-07-07 14:08:54.038960,2026-07-07 14:09:01.315407,0 days 00:00:07.276447,81.71455299658008,21,COMPLETE
2156,0.011188568282637978,0.46799685857659873,2026-07-07 14:08:54.040775,2026-07-07 14:09:08.394749,0 days 00:00:14.353974,17.31264384240117,21,COMPLETE
2157,0.024738045933788755,0.4656982122632658,2026-07-07 14:08:54.041575,2026-07-07 14:09:04.394485,0 days 00:00:10.352910,92.03386461946366,21,COMPLETE
2158,0.017291562725751553,0.4665032691301115,2026-07-07 14:08:54.197614,2026-07-07 14:09:01.331358,0 days 00:00:07.133744,3.56988465917679,21,COMPLETE
