number,values_0,values_1,datetime_start,datetime_complete,duration,params_input_force,system_attrs_NSGAIISampler:generation,state
3589,0.01932547887336239,0.4664129614728328,2026-07-07 14:12:58.734155,2026-07-07 14:13:08.221798,0 days 00:00:09.487643,74.67236444561374,35,COMPLETE
3590,0.02417927066784825,0.46575954696507954,2026-07-07 14:12:58.742711,2026-07-07 14:13:08.247261,0 days 00:00:09.504550,88.73291539156043,35,COMPLETE
3591,0.016518086762762285,0.46704301332063813,2026-07-07 14:12:59.062755,2026-07-07 14:13:09.115356,0 days 00:00:10.052601,46.79451330072746,35,COMPLETE
3592,0.0209169078194833,0.4662517813236232,2026-07-07 14:12:59.064174,2026-07-07 14:13:09.060652,0 days 00:00:09.996478,77.16746098402247,35,COMPLETE
3593,0.022909161802769917,0.46599525526400887,2026-07-07 14:12:59.243971,2026-07-07 14:13:09.095074,0 days 00:00:09.851103,83.68974188317183,35,COMPLETE
3594,0.02154591014639906,0.46610169741123175,2026-07-07 14:12:59.246524,2026-07-07 14:13:09.084404,0 days 00:00:09.837880,78.97195516311217,35,COMPLETE
3595,0.01798475169942626,0.46677660055553544,2026-07-07 14:12:59.404068,2026-07-07 14:13:12.159392,0 days 00:00:12.755324,36.38537110414826,35,COMPLETE
3596,0.018064147052093082,0.46672833983283885,2026-07-07 14:12:59.405895,2026-07-07 14:13:08.036367,0 days 00:00:08.630472,54.36607723756313,35,COMPLETE
3597,0.01395526545435255,0.46752146718544046,2026-07-07 14:12:59.407769,2026-07-07 14:13:09.112735,0 days 00:00:09.704966,9.84197231359811,35,COMPLETE
3598,0.02146108314349382,0.46615246458683385,2026-07-07 14:12:59.420834,2026-07-07 14:13:08.877829,0 days 00:00:09.456995,79.99065026069078,35,COMPLETE
3599,0.0038586746301307873,0.4694220041976397,2026-07-07 14:12:59.581309,2026-07-07 14:13:08.047479,0 days 00:00:08.466170,10.946912351561958,35,COMPLETE
3600,0.023140672016623065,0.4659853973214104,2026-07-07 14:12:59.739450,2026-07-07 14:13:04.863944,0 days 00:00:05.124494,85.19321856851668,35,COMPLETE
3601,0.024730086147905617,0.4656973993212148,2026-07-07 14:13:00.089474,2026-07-07 14:13:09.063006,0 days 00:00:08.973532,91.97086814075838,35,COMPLETE
3602,0.0181364887627809,0.46665458894859435,2026-07-07 14:13:00.430515,2026-07-07 14:13:10.773459,0 days 00:00:10.342944,41.289046808471475,35,COMPLETE
3603,0.02541930214425614,0.4656434110309015,2026-07-07 14:13:00.587898,2026-07-07 14:13:11.465373,0 days 00:00:10.877475,95.4625271111242,35,COMPLETE
3604,0.022906677456501823,0.46599539570036547,2026-07-07 14:13:00.763436,2026-07-07 14:13:09.125804,0 days 00:00:08.362368,83.67570092412257,35,COMPLETE
3605,0.020460472613625824,0.4663010792359945,2026-07-07 14:13:00.920361,2026-07-07 14:13:14.368396,0 days 00:00:13.448035,78.17599350150596,35,COMPLETE
3606,0.024553106025797078,0.4656988097547166,2026-07-07 14:13:00.956063,2026-07-07 14:13:13.875196,0 days 00:00:12.919133,91.2667030731083,35,COMPLETE
3607,0.018094059041676602,0.4667187338651648,2026-07-07 14:13:01.315015,2026-07-07 14:13:10.093363,0 days 00:00:08.778348,54.096271528047204,35,COMPLETE
3608,0.020519072873804,0.4662568292850397,2026-07-07 14:13:01.493101,2026-07-07 14:13:14.712472,0 days 00:00:13.219371,71.7963413062307,35,COMPLETE
3609,0.017827038197893774,0.46665863972882093,2026-07-07 14:13:01.493353,2026-07-07 14:13:12.860928,0 days 00:00:11.367575,57.51685157360385,35,COMPLETE
3610,0.020781409711125298,0.46623862390877097,2026-07-07 14:13:01.827335,2026-07-07 14:13:11.823056,0 days 00:00:09.995721,70.6735280874992,35,COMPLETE
3611,0.018518965574742585,0.4666377125791408,2026-07-07 14:13:01.836526,2026-07-07 14:13:05.229270,0 days 00:00:03.392744,40.02471096866692,35,COMPLETE
3612,0.025412686760066194,0.465644171404091,2026-07-07 14:13:01.836708,2026-07-07 14:13:12.672381,0 days 00:00:10.835673,95.25485829027754,35,COMPLETE
3613,0.011787750348174808,0.468160770893422,2026-07-07 14:13:02.189645,2026-07-07 14:13:12.340127,0 days 00:00:10.150482,20.05957721282749,35,COMPLETE
3614,0.024163009144061276,0.46574513673195406,2026-07-07 14:13:02.344987,2026-07-07 14:13:12.334157,0 days 00:00:09.989170,90.29918822974014,35,COMPLETE
3615,0.025123873831399246,0.4656764582659975,2026-07-07 14:13:02.353264,2026-07-07 14:13:14.549017,0 days 00:00:12.195753,93.74606393243899,35,COMPLETE
3616,0.010045861438228054,0.46815021026197384,2026-07-07 14:13:02.354687,2026-07-07 14:13:12.693547,0 days 00:00:10.338860,4.2715837470051445,35,COMPLETE
3617,0.021190309831924825,0.46567240449389363,2026-07-07 14:13:02.360043,2026-07-07 14:13:10.960094,0 days 00:00:08.600051,2.1102507625128917,35,COMPLETE
3618,0.01993273206099666,0.4663905784560701,2026-07-07 14:13:02.675666,2026-07-07 14:13:11.848198,0 days 00:00:09.172532,55.93347519718648,35,COMPLETE
3619,0.0102847860515205,0.4680695723727768,2026-07-07 14:13:02.830871,2026-07-07 14:13:11.463118,0 days 00:00:08.632247,30.888310769238984,35,COMPLETE
3620,0.019692747764714302,0.46633097249300215,2026-07-07 14:13:02.837369,2026-07-07 14:13:13.367561,0 days 00:00:10.530192,75.2768175380871,35,COMPLETE
3621,0.011711902128055951,0.4677986472497255,2026-07-07 14:13:02.993879,2026-07-07 14:13:13.876708,0 days 00:00:10.882829,14.199035836657854,35,COMPLETE
3622,0.014694594511840853,0.46707063186593323,2026-07-07 14:13:02.996040,2026-07-07 14:13:12.868403,0 days 00:00:09.872363,3.43599235753633,35,COMPLETE
3623,0.015139981791687351,0.46729250040517134,2026-07-07 14:13:03.000656,2026-07-07 14:13:12.342653,0 days 00:00:09.341997,25.681982035987804,35,COMPLETE
3624,0.014833172157159458,0.46746107379491486,2026-07-07 14:13:03.331674,2026-07-07 14:13:14.890936,0 days 00:00:11.559262,21.380858811250786,35,COMPLETE
3625,0.019927899993487874,0.4664917024089401,2026-07-07 14:13:03.805445,2026-07-07 14:13:11.829900,0 days 00:00:08.024455,41.61179824622061,35,COMPLETE
3626,0.01931764125446578,0.46653538934783884,2026-07-07 14:13:03.975270,2026-07-07 14:13:10.770897,0 days 00:00:06.795627,58.319756303839824,35,COMPLETE
3627,0.008524704215771783,0.46844602015254255,2026-07-07 14:13:03.979156,2026-07-07 14:13:14.723771,0 days 00:00:10.744615,31.74638191470755,35,COMPLETE
3628,0.020692299978129824,0.4662246240660889,2026-07-07 14:13:04.867525,2026-07-07 14:13:16.076400,0 days 00:00:11.208875,72.05948666963872,35,COMPLETE
3629,0.014862779917523938,0.4673197584111595,2026-07-07 14:13:04.870808,2026-07-07 14:13:09.299865,0 days 00:00:04.429057,26.971352417399725,35,COMPLETE
3630,0.014320917232628683,0.4674045009520995,2026-07-07 14:13:05.051010,2026-07-07 14:13:14.355613,0 days 00:00:09.304603,19.358826167970683,35,COMPLETE
3631,0.01354632203755135,0.4674281708052255,2026-07-07 14:13:05.053232,2026-07-07 14:13:16.273527,0 days 00:00:11.220295,15.402485325481909,35,COMPLETE
3632,0.02118876053329294,0.46536291974079,2026-07-07 14:13:05.053765,2026-07-07 14:13:15.900407,0 days 00:00:10.846642,1.3026328220338441,35,COMPLETE
3633,0.011462084159228725,0.46778609788644676,2026-07-07 14:13:05.221330,2026-07-07 14:13:09.044871,0 days 00:00:03.823541,18.71639691011732,35,COMPLETE
3634,0.018689109832230377,0.4667413576064736,2026-07-07 14:13:05.224022,2026-07-07 14:13:17.231072,0 days 00:00:12.007050,59.362477720940916,35,COMPLETE
3635,0.017503462423178573,0.46694843461961943,2026-07-07 14:13:05.226499,2026-07-07 14:13:15.864380,0 days 00:00:10.637881,50.53780113298595,35,COMPLETE
3636,0.024370846087300446,0.4657691781366138,2026-07-07 14:13:05.540161,2026-07-07 14:13:15.216436,0 days 00:00:09.676275,99.93190825062895,35,COMPLETE
3637,0.016744455540076697,0.4668997346097067,2026-07-07 14:13:05.542988,2026-07-07 14:13:11.826188,0 days 00:00:06.283200,28.959116003024093,35,COMPLETE
3638,0.015531822498796477,0.4672144837175808,2026-07-07 14:13:05.863556,2026-07-07 14:13:18.559537,0 days 00:00:12.695981,52.10012016757072,35,COMPLETE
3639,0.023803794029327807,0.46585604935833713,2026-07-07 14:13:06.175800,2026-07-07 14:13:16.903625,0 days 00:00:10.727825,87.62228836328651,35,COMPLETE
3640,0.015455416875155614,0.46718926641323383,2026-07-07 14:13:06.506368,2026-07-07 14:13:11.819185,0 days 00:00:05.312817,19.612022712078733,35,COMPLETE
3641,0.021544017443164976,0.46613831791605154,2026-07-07 14:13:06.510537,2026-07-07 14:13:15.858794,0 days 00:00:09.348257,68.36488316551338,35,COMPLETE
3642,0.01607891566845504,0.46690862509254616,2026-07-07 14:13:06.513645,2026-07-07 14:13:10.942417,0 days 00:00:04.428772,34.40558405509543,35,COMPLETE
3643,0.020659725858712286,0.46628374414299534,2026-07-07 14:13:06.523017,2026-07-07 14:13:16.434006,0 days 00:00:09.910989,60.46724749054905,35,COMPLETE
3644,0.021045395821229607,0.46619399216188667,2026-07-07 14:13:09.070606,2026-07-07 14:13:19.144637,0 days 00:00:10.074031,70.53251812838823,35,COMPLETE
3645,0.018096385801281756,0.46683915043902346,2026-07-07 14:13:09.091424,2026-07-07 14:13:17.240002,0 days 00:00:08.148578,45.60568585962296,35,COMPLETE
3646,0.01345409015583926,0.4673238314297544,2026-07-07 14:13:09.115221,2026-07-07 14:13:18.791947,0 days 00:00:09.676726,5.193323366395277,35,COMPLETE
3647,0.011931754824752838,0.4674251115830837,2026-07-07 14:13:09.128819,2026-07-07 14:13:19.475393,0 days 00:00:10.346574,18.027793344420243,35,COMPLETE
3648,0.010289213758557847,0.46828636924151545,2026-07-07 14:13:09.130141,2026-07-07 14:13:23.081009,0 days 00:00:13.950868,18.42808952232917,35,COMPLETE
3649,0.012253616033039205,0.46754324965793265,2026-07-07 14:13:09.133630,2026-07-07 14:13:17.236042,0 days 00:00:08.102412,18.754407859091987,35,COMPLETE
3650,0.06303473579016977,0.4588401778610437,2026-07-07 14:13:09.297242,2026-07-07 14:13:22.022812,0 days 00:00:12.725570,0.8267710377031178,35,COMPLETE
3651,0.013354595998157914,0.46763889616770277,2026-07-07 14:13:09.613465,2026-07-07 14:13:18.972115,0 days 00:00:09.358650,21.71722645445462,35,COMPLETE
3652,0.02047191936784526,0.46634090049538146,2026-07-07 14:13:09.772005,2026-07-07 14:13:18.804042,0 days 00:00:09.032037,61.26592363564544,35,COMPLETE
3653,0.0231135304038812,0.46598872195896923,2026-07-07 14:13:09.773853,2026-07-07 14:13:21.965923,0 days 00:00:12.192070,85.06300896050729,35,COMPLETE
3654,0.020736225382587847,0.46626362492551005,2026-07-07 14:13:10.412291,2026-07-07 14:13:18.980342,0 days 00:00:08.568051,67.41299196430249,35,COMPLETE
3655,0.020125142299608656,0.46632472055677743,2026-07-07 14:13:10.580251,2026-07-07 14:13:19.498207,0 days 00:00:08.917956,41.98285228043733,35,COMPLETE
3656,0.009715178555647408,0.46830694078618945,2026-07-07 14:13:10.581235,2026-07-07 14:13:20.595892,0 days 00:00:10.014657,35.85287609690244,35,COMPLETE
3657,0.01939286540800561,0.46650313029353263,2026-07-07 14:13:10.585843,2026-07-07 14:13:22.206064,0 days 00:00:11.620221,58.252353182377014,35,COMPLETE
3658,0.009146709427540645,0.46833257057170474,2026-07-07 14:13:10.589498,2026-07-07 14:13:18.565582,0 days 00:00:07.976084,12.226763340192566,35,COMPLETE
3659,0.014449795951016087,0.46720624072014716,2026-07-07 14:13:10.594554,2026-07-07 14:13:18.973144,0 days 00:00:08.378590,33.310669147436904,35,COMPLETE
3660,0.016896924349252385,0.466446905242013,2026-07-07 14:13:10.603892,2026-07-07 14:13:17.411020,0 days 00:00:06.807128,4.152076467034243,35,COMPLETE
3661,0.01602432822759786,0.46722550599238843,2026-07-07 14:13:10.606314,2026-07-07 14:13:19.151780,0 days 00:00:08.545466,46.60590919355041,35,COMPLETE
3662,0.019772988338551345,0.46630947033475906,2026-07-07 14:13:10.772065,2026-07-07 14:13:22.199585,0 days 00:00:11.427520,75.56966002230162,35,COMPLETE
3663,0.01975227636111787,0.4663170659271558,2026-07-07 14:13:10.960411,2026-07-07 14:13:19.495494,0 days 00:00:08.535083,75.39931452834978,35,COMPLETE
3664,0.009561351660835327,0.4685959960775834,2026-07-07 14:13:10.966067,2026-07-07 14:13:18.800059,0 days 00:00:07.833992,17.45393653894158,35,COMPLETE
3665,0.019463454706320715,0.46648069347445337,2026-07-07 14:13:11.129840,2026-07-07 14:13:23.777518,0 days 00:00:12.647678,58.22046125138332,35,COMPLETE
3666,0.021971716318545165,0.46609011066526257,2026-07-07 14:13:11.290724,2026-07-07 14:13:16.253619,0 days 00:00:04.962895,64.64555176362714,35,COMPLETE
3667,0.015233494104848644,0.46741913961857284,2026-07-07 14:13:11.643895,2026-07-07 14:13:22.206149,0 days 00:00:10.562254,18.997629833374244,35,COMPLETE
3668,0.010565591968565935,0.46800352312253357,2026-07-07 14:13:12.166676,2026-07-07 14:13:16.245863,0 days 00:00:04.079187,17.904686775072182,35,COMPLETE
3669,0.01563272357120793,0.4670552740271784,2026-07-07 14:13:12.326166,2026-07-07 14:13:22.205364,0 days 00:00:09.879198,26.307318440015216,35,COMPLETE
3670,0.018696532591752635,0.46682403650588394,2026-07-07 14:13:12.328583,2026-07-07 14:13:22.011299,0 days 00:00:09.682716,59.12181209195662,35,COMPLETE
3671,0.013006762717032105,0.4675298692611187,2026-07-07 14:13:12.659470,2026-07-07 14:13:23.070370,0 days 00:00:10.410900,30.655207882044436,35,COMPLETE
3672,0.01941803144918769,0.4663489005564134,2026-07-07 14:13:12.679359,2026-07-07 14:13:22.383795,0 days 00:00:09.704436,35.77984924267634,35,COMPLETE
3673,0.021517955264558908,0.4661467270007706,2026-07-07 14:13:12.694580,2026-07-07 14:13:24.910214,0 days 00:00:12.215634,80.13621560374567,35,COMPLETE
3674,0.01625250031305847,0.466990025648682,2026-07-07 14:13:12.854761,2026-07-07 14:13:18.968146,0 days 00:00:06.113385,52.82735561870885,35,COMPLETE
3675,0.02447913338767671,0.4657568475667409,2026-07-07 14:13:12.861412,2026-07-07 14:13:18.985336,0 days 00:00:06.123924,99.16005906353993,35,COMPLETE
3676,0.023302903056459323,0.465960658619098,2026-07-07 14:13:12.870537,2026-07-07 14:13:24.591233,0 days 00:00:11.720696,85.95030068883804,35,COMPLETE
3677,0.011759294533855325,0.4675074500034102,2026-07-07 14:13:12.874391,2026-07-07 14:13:22.215509,0 days 00:00:09.341118,14.146472251450092,35,COMPLETE
3678,0.015906104276883604,0.46722440679060195,2026-07-07 14:13:12.883339,2026-07-07 14:13:22.389219,0 days 00:00:09.505880,41.0322708703762,35,COMPLETE
3679,0.025112359632184722,0.4656794691258175,2026-07-07 14:13:12.885068,2026-07-07 14:13:23.755431,0 days 00:00:10.870363,97.25667287869877,35,COMPLETE
3680,0.01575037490740766,0.467133755856297,2026-07-07 14:13:12.888870,2026-07-07 14:13:23.062366,0 days 00:00:10.173496,31.232822003619393,35,COMPLETE
3681,0.01730505429921797,0.4669027628792267,2026-07-07 14:13:12.890977,2026-07-07 14:13:23.055907,0 days 00:00:10.164930,41.19090064361141,35,COMPLETE
3682,0.01955356705575123,0.46661185157793694,2026-07-07 14:13:12.896546,2026-07-07 14:13:18.561128,0 days 00:00:05.664582,44.95334648311217,35,COMPLETE
3683,0.02196178295796286,0.4660921079197725,2026-07-07 14:13:13.367813,2026-07-07 14:13:22.211687,0 days 00:00:08.843874,80.99148775586305,35,COMPLETE
3684,0.011997006976267488,0.4675235983434447,2026-07-07 14:13:13.370918,2026-07-07 14:13:22.385636,0 days 00:00:09.014718,15.097797873022008,35,COMPLETE
3685,0.01655873487927967,0.4670270708594837,2026-07-07 14:13:13.527291,2026-07-07 14:13:21.775980,0 days 00:00:08.248689,46.81643633129506,35,COMPLETE
3686,0.019612822969166388,0.4664929762383777,2026-07-07 14:13:13.547706,2026-07-07 14:13:23.778180,0 days 00:00:10.230474,53.63622420965029,35,COMPLETE
3687,0.025378457415804412,0.4656470157252631,2026-07-07 14:13:13.548877,2026-07-07 14:13:23.585639,0 days 00:00:10.036762,96.05712568122114,35,COMPLETE
3688,0.027350959920980467,0.46435510654950446,2026-07-07 14:13:13.554354,2026-07-07 14:13:19.488730,0 days 00:00:05.934376,1.6440301731894167,35,COMPLETE
3689,0.022807182260206782,0.46600544360691637,2026-07-07 14:13:14.348169,2026-07-07 14:13:23.245315,0 days 00:00:08.897146,83.14300763107575,35,COMPLETE
3690,0.02361075464583018,0.46588114967209254,2026-07-07 14:13:14.880731,2026-07-07 14:13:26.224451,0 days 00:00:11.343720,86.98794139577458,35,COMPLETE
3691,0.016474810001437745,0.46666009965293365,2026-07-07 14:13:14.891134,2026-07-07 14:13:21.985517,0 days 00:00:07.094383,7.9200275262300694,35,COMPLETE
3692,0.023726261015327266,0.46584763714182037,2026-07-07 14:13:15.211424,2026-07-07 14:13:26.776791,0 days 00:00:11.565367,87.43680159186547,35,COMPLETE
3693,0.016971825470398105,0.46654955623789973,2026-07-07 14:13:15.224129,2026-07-07 14:13:24.115788,0 days 00:00:08.891659,3.238827310810982,35,COMPLETE
3694,0.017363215401650534,0.4669556492844781,2026-07-07 14:13:15.869305,2026-07-07 14:13:27.487779,0 days 00:00:11.618474,46.01631023781316,36,COMPLETE
3695,0.01691318389191926,0.4669095341417693,2026-07-07 14:13:16.067749,2026-07-07 14:13:29.158144,0 days 00:00:13.090395,44.22520918355958,36,COMPLETE
3696,0.023128248684554875,0.4659869121027546,2026-07-07 14:13:16.076986,2026-07-07 14:13:27.473036,0 days 00:00:11.396050,85.13175493253038,36,COMPLETE
3697,0.023611735237394682,0.465880808294768,2026-07-07 14:13:16.078377,2026-07-07 14:13:26.217072,0 days 00:00:10.138695,86.99320253271516,36,COMPLETE
3698,0.022525888704101715,0.4660246262656914,2026-07-07 14:13:16.904691,2026-07-07 14:13:29.133044,0 days 00:00:12.228353,82.06649458908556,36,COMPLETE
3699,0.0206826726821277,0.46625665830403035,2026-07-07 14:13:16.909064,2026-07-07 14:13:26.776956,0 days 00:00:09.867892,77.87381113214434,36,COMPLETE
3700,0.01975218119589678,0.4663669862429177,2026-07-07 14:13:17.227431,2026-07-07 14:13:23.044823,0 days 00:00:05.817392,74.2518916593417,36,COMPLETE
3701,0.008391144922109572,0.46827513420206923,2026-07-07 14:13:17.410823,2026-07-07 14:13:29.144940,0 days 00:00:11.734117,12.938197797391174,36,COMPLETE
3702,0.023075822282029146,0.4659938303541661,2026-07-07 14:13:17.439210,2026-07-07 14:13:28.611186,0 days 00:00:11.171976,84.91390962818582,36,COMPLETE
3703,0.02100713842147689,0.46620142223758165,2026-07-07 14:13:17.440711,2026-07-07 14:13:28.449399,0 days 00:00:11.008688,70.55021781399248,36,COMPLETE
3704,0.02188090542681176,0.46606975671418277,2026-07-07 14:13:18.083078,2026-07-07 14:13:33.216340,0 days 00:00:15.133262,65.82133294725216,36,COMPLETE
3705,0.013110670237154287,0.4675008508095749,2026-07-07 14:13:18.393258,2026-07-07 14:13:30.147504,0 days 00:00:11.754246,31.502328740674646,36,COMPLETE
3706,0.021871265933744388,0.4661028512003822,2026-07-07 14:13:18.393836,2026-07-07 14:13:26.249858,0 days 00:00:07.856022,80.81353274888582,36,COMPLETE
3707,0.017466863658651743,0.4667871298557137,2026-07-07 14:13:18.576676,2026-07-07 14:13:27.425411,0 days 00:00:08.848735,38.281890070281605,36,COMPLETE
3708,-0.08270134592161682,0.4798818930019839,2026-07-07 14:13:18.765352,2026-07-07 14:13:29.151098,0 days 00:00:10.385746,1.2546042804465325,36,COMPLETE
3709,0.013012276588899585,0.46740794955047127,2026-07-07 14:13:18.767777,2026-07-07 14:13:27.100721,0 days 00:00:08.332944,20.932608298850095,36,COMPLETE
3710,0.01184751017758734,0.46772986527343496,2026-07-07 14:13:18.796980,2026-07-07 14:13:30.334302,0 days 00:00:11.537322,31.855204033485318,36,COMPLETE
3711,0.02083065672446288,0.4661917403483623,2026-07-07 14:13:18.801495,2026-07-07 14:13:27.970700,0 days 00:00:09.169205,72.45970203444816,36,COMPLETE
3712,0.023078874041298214,0.4659933881581516,2026-07-07 14:13:19.470459,2026-07-07 14:13:31.225448,0 days 00:00:11.754989,84.92458644008747,36,COMPLETE
3713,0.017593217493456326,0.46688245978810244,2026-07-07 14:13:19.476441,2026-07-07 14:13:30.335811,0 days 00:00:10.859370,38.93212725020621,36,COMPLETE
3714,0.021004430461332158,0.46640556581998005,2026-07-07 14:13:19.489770,2026-07-07 14:13:29.818994,0 days 00:00:10.329224,63.469885588525315,36,COMPLETE
3715,0.02151306244805562,0.466147386065408,2026-07-07 14:13:20.129536,2026-07-07 14:13:31.035086,0 days 00:00:10.905550,80.12547810709046,36,COMPLETE
3716,0.019890860850077463,0.4663538202458641,2026-07-07 14:13:20.596459,2026-07-07 14:13:26.575197,0 days 00:00:05.978738,41.381848451096964,36,COMPLETE
3717,0.025072904492749126,0.4656814922608242,2026-07-07 14:13:20.599516,2026-07-07 14:13:31.410840,0 days 00:00:10.811324,93.49673455757707,36,COMPLETE
3718,0.02273437291013697,0.4660119225417924,2026-07-07 14:13:20.600032,2026-07-07 14:13:30.511991,0 days 00:00:09.911959,82.80437890547283,36,COMPLETE
3719,0.020343773371367335,0.466328223684479,2026-07-07 14:13:20.613227,2026-07-07 14:13:31.572156,0 days 00:00:10.958929,66.93132939206797,36,COMPLETE
3720,0.012149350736441134,0.4677142999207228,2026-07-07 14:13:20.614860,2026-07-07 14:13:29.149190,0 days 00:00:08.534330,27.81660869265387,36,COMPLETE
3721,0.019280833124899588,0.46659402028946845,2026-07-07 14:13:20.623259,2026-07-07 14:13:31.400902,0 days 00:00:10.777643,42.40679112001541,36,COMPLETE
3722,0.01446803786704709,0.4673291099995575,2026-07-07 14:13:20.631654,2026-07-07 14:13:27.814212,0 days 00:00:07.182558,36.25858273021285,36,COMPLETE
3723,0.02056341330989514,0.46625395243427337,2026-07-07 14:13:20.808053,2026-07-07 14:13:30.845513,0 days 00:00:10.037460,71.67213637018638,36,COMPLETE
3724,0.015592802265183447,0.4670902016809556,2026-07-07 14:13:21.454229,2026-07-07 14:13:26.746618,0 days 00:00:05.292389,30.06514808002328,36,COMPLETE
3725,0.01853106991215575,0.4666880254549893,2026-07-07 14:13:21.610570,2026-07-07 14:13:23.778267,0 days 00:00:02.167697,24.117428200237153,36,COMPLETE
3726,0.01710269810608056,0.46685630917839505,2026-07-07 14:13:21.617910,2026-07-07 14:13:30.852397,0 days 00:00:09.234487,26.504982325204512,36,COMPLETE
3727,0.010339224390321422,0.46781986036324175,2026-07-07 14:13:21.981648,2026-07-07 14:13:26.236103,0 days 00:00:04.254455,15.796663810582181,36,COMPLETE
3728,0.01953719482863453,0.4664482799048652,2026-07-07 14:13:22.216194,2026-07-07 14:13:36.668413,0 days 00:00:14.452219,58.15748224787217,36,COMPLETE
3729,0.014525284844650266,0.46733112270350363,2026-07-07 14:13:23.032925,2026-07-07 14:13:33.812190,0 days 00:00:10.779265,27.719715397314197,36,COMPLETE
3730,0.023654171322332218,0.46586168208963274,2026-07-07 14:13:23.064843,2026-07-07 14:13:30.859335,0 days 00:00:07.794492,87.29262787943561,36,COMPLETE
3731,0.024230573633250763,0.46574296402667814,2026-07-07 14:13:23.077338,2026-07-07 14:13:33.808809,0 days 00:00:10.731471,89.51957933255567,36,COMPLETE
