number,values_0,values_1,datetime_start,datetime_complete,duration,params_input_force,system_attrs_NSGAIISampler:generation,state
290,0.021596234011318105,0.4661188701936083,2026-07-07 14:03:40.101184,2026-07-07 14:03:50.055918,0 days 00:00:09.954734,79.36276068439041,3,COMPLETE
291,0.020000683090563187,0.46649242215642733,2026-07-07 14:03:40.101705,2026-07-07 14:03:50.043848,0 days 00:00:09.942143,61.83412376191871,3,COMPLETE
292,0.016659092468714054,0.4670267318384488,2026-07-07 14:03:40.105573,2026-07-07 14:03:46.429776,0 days 00:00:06.324203,25.13631812493049,3,COMPLETE
293,0.014755808082005828,0.4672955572147375,2026-07-07 14:03:40.265056,2026-07-07 14:03:49.833719,0 days 00:00:09.568663,43.413304453519665,3,COMPLETE
294,0.010650808224967001,0.4677884225287907,2026-07-07 14:03:40.265783,2026-07-07 14:03:51.254021,0 days 00:00:10.988238,9.027919850312882,3,COMPLETE
295,0.017100550206629317,0.4669255707807495,2026-07-07 14:03:40.266900,2026-07-07 14:03:50.885738,0 days 00:00:10.618838,47.98233346150891,3,COMPLETE
296,0.01129523457379722,0.46767317069230513,2026-07-07 14:03:40.268568,2026-07-07 14:03:51.419297,0 days 00:00:11.150729,9.695779394821432,3,COMPLETE
297,0.011773092747050351,0.4677563292209941,2026-07-07 14:03:40.753499,2026-07-07 14:03:46.212937,0 days 00:00:05.459438,7.022007788069006,3,COMPLETE
298,0.017136847464365168,0.46697469258680424,2026-07-07 14:03:41.252276,2026-07-07 14:03:51.243253,0 days 00:00:09.990977,24.288562973799273,3,COMPLETE
299,0.018629634014185714,0.46654774964424184,2026-07-07 14:03:41.262850,2026-07-07 14:03:52.106469,0 days 00:00:10.843619,57.24252245929035,3,COMPLETE
300,0.010624154801210428,0.46784849903275627,2026-07-07 14:03:41.419122,2026-07-07 14:03:46.236878,0 days 00:00:04.817756,14.084328940945792,3,COMPLETE
301,0.01782622184586341,0.4667312476465082,2026-07-07 14:03:41.472673,2026-07-07 14:03:51.777185,0 days 00:00:10.304512,38.471448647545394,3,COMPLETE
302,0.02194511676418759,0.46609410601926915,2026-07-07 14:03:41.473585,2026-07-07 14:03:51.232161,0 days 00:00:09.758576,80.95873304397098,3,COMPLETE
303,0.005658690437501612,0.4686555611204701,2026-07-07 14:03:41.479379,2026-07-07 14:03:51.431782,0 days 00:00:09.952403,10.740667903656572,3,COMPLETE
304,0.018069291683783628,0.46673337483131205,2026-07-07 14:03:41.498556,2026-07-07 14:03:50.568724,0 days 00:00:09.070168,54.39162886803788,3,COMPLETE
305,0.022764663825078302,0.46601008650921083,2026-07-07 14:03:42.804457,2026-07-07 14:03:54.051604,0 days 00:00:11.247147,82.95750147720001,3,COMPLETE
306,0.019430198143467192,0.46639360503753063,2026-07-07 14:03:42.973988,2026-07-07 14:03:46.749462,0 days 00:00:03.775474,74.86909564168981,3,COMPLETE
307,0.019010326652228682,0.46653288844258284,2026-07-07 14:03:42.974524,2026-07-07 14:03:52.105284,0 days 00:00:09.130760,51.0952341123624,3,COMPLETE
308,0.022321533392955284,0.4659896253718587,2026-07-07 14:03:42.991401,2026-07-07 14:03:51.053093,0 days 00:00:08.061692,69.53237552322902,3,COMPLETE
309,0.02001615556011882,0.46653008364513104,2026-07-07 14:03:43.153141,2026-07-07 14:03:53.227398,0 days 00:00:10.074257,62.11886082386367,3,COMPLETE
310,0.015759451762684007,0.4670809892145114,2026-07-07 14:03:43.155843,2026-07-07 14:03:51.774696,0 days 00:00:08.618853,32.711123312957255,3,COMPLETE
311,0.015530559173566827,0.4670518201208249,2026-07-07 14:03:43.161822,2026-07-07 14:03:54.457886,0 days 00:00:11.296064,27.288140369443333,3,COMPLETE
312,0.015344823184310796,0.4672342989887875,2026-07-07 14:03:43.861212,2026-07-07 14:03:54.039409,0 days 00:00:10.178197,51.97662934684821,3,COMPLETE
313,0.016048569355345044,0.4670863240910235,2026-07-07 14:03:43.861685,2026-07-07 14:03:54.419454,0 days 00:00:10.557769,29.07437351223714,3,COMPLETE
314,0.004518137459167404,0.4690746931971659,2026-07-07 14:03:43.868362,2026-07-07 14:03:52.106982,0 days 00:00:08.238620,10.150754020428835,3,COMPLETE
315,0.017472145537948014,0.4669508953478074,2026-07-07 14:03:43.870203,2026-07-07 14:03:54.471803,0 days 00:00:10.601600,50.4461446029178,3,COMPLETE
316,0.02213715985587783,0.46604469962880307,2026-07-07 14:03:44.039846,2026-07-07 14:03:50.561476,0 days 00:00:06.521630,64.98805592444708,3,COMPLETE
317,0.017747340183814186,0.466720140295615,2026-07-07 14:03:44.040714,2026-07-07 14:03:54.417360,0 days 00:00:10.376646,41.31680521314752,3,COMPLETE
318,0.022187717431733256,0.4659923456138757,2026-07-07 14:03:44.041891,2026-07-07 14:03:54.405816,0 days 00:00:10.363925,69.99253302818937,3,COMPLETE
319,0.01768830636689539,0.4667602936831187,2026-07-07 14:03:44.198269,2026-07-07 14:03:54.478238,0 days 00:00:10.279969,54.9862782760595,3,COMPLETE
320,0.02231150020463679,0.4660488086098526,2026-07-07 14:03:44.199669,2026-07-07 14:03:54.461004,0 days 00:00:10.261335,81.67183944320251,3,COMPLETE
321,0.019239591877734386,0.4661501470015199,2026-07-07 14:03:44.210317,2026-07-07 14:03:54.475830,0 days 00:00:10.265513,5.897297570777808,3,COMPLETE
322,0.017765529341333963,0.46678755180194376,2026-07-07 14:03:44.210743,2026-07-07 14:03:50.727365,0 days 00:00:06.516622,47.854760491405,3,COMPLETE
323,0.018566828453773665,0.46674435804517117,2026-07-07 14:03:44.221711,2026-07-07 14:03:51.606068,0 days 00:00:07.384357,49.60903045065757,3,COMPLETE
324,0.01642072113672821,0.4670682274470738,2026-07-07 14:03:44.380822,2026-07-07 14:03:54.413291,0 days 00:00:10.032469,35.4389847630693,3,COMPLETE
325,0.02536803283554767,0.4656500311658607,2026-07-07 14:03:44.381355,2026-07-07 14:03:54.487746,0 days 00:00:10.106391,94.88302410076507,3,COMPLETE
326,0.011649901731459744,0.46756201409569176,2026-07-07 14:03:44.387313,2026-07-07 14:03:50.883020,0 days 00:00:06.495707,7.369000384190415,3,COMPLETE
327,0.019180922857462146,0.4667090707275622,2026-07-07 14:03:44.550968,2026-07-07 14:03:54.958131,0 days 00:00:10.407163,34.87949726929636,3,COMPLETE
328,0.0175226579823059,0.46664562681226496,2026-07-07 14:03:44.554603,2026-07-07 14:03:52.265102,0 days 00:00:07.710499,19.074362763582343,3,COMPLETE
329,0.01617495396694202,0.4670728001338166,2026-07-07 14:03:44.564348,2026-07-07 14:03:54.490108,0 days 00:00:09.925760,27.920056886554626,3,COMPLETE
330,0.019736288010142655,0.46656523385010634,2026-07-07 14:03:44.882386,2026-07-07 14:03:54.976254,0 days 00:00:10.093868,59.780196973586555,3,COMPLETE
331,0.0177114762465993,0.46684451220390133,2026-07-07 14:03:44.882834,2026-07-07 14:03:55.136850,0 days 00:00:10.254016,46.50119482165273,3,COMPLETE
332,0.01640467218430386,0.4670541556021885,2026-07-07 14:03:44.891873,2026-07-07 14:03:55.489907,0 days 00:00:10.598034,41.94006744582209,3,COMPLETE
333,0.021966915080454952,0.4660317662534042,2026-07-07 14:03:44.905428,2026-07-07 14:03:50.567784,0 days 00:00:05.662356,70.12471647529716,3,COMPLETE
334,0.010952112167221584,0.46776213505014297,2026-07-07 14:03:44.906754,2026-07-07 14:03:50.045298,0 days 00:00:05.138544,15.04759218785651,3,COMPLETE
335,0.0244655900183256,0.46570167547142294,2026-07-07 14:03:45.220702,2026-07-07 14:03:54.971586,0 days 00:00:09.750884,91.05639500772389,3,COMPLETE
336,0.006638343058906038,0.4686952864276516,2026-07-07 14:03:45.532755,2026-07-07 14:03:55.137481,0 days 00:00:09.604726,10.435239675301256,3,COMPLETE
337,0.024172565466360874,0.46576296885784085,2026-07-07 14:03:45.689964,2026-07-07 14:03:56.315783,0 days 00:00:10.625819,88.58217517840652,3,COMPLETE
338,0.015238910491930602,0.46723495980847435,2026-07-07 14:03:46.002135,2026-07-07 14:03:55.488776,0 days 00:00:09.486641,31.455905701149938,3,COMPLETE
339,0.02222854943521141,0.46605575573782854,2026-07-07 14:03:46.217074,2026-07-07 14:03:56.325267,0 days 00:00:10.108193,64.52816796315578,3,COMPLETE
340,0.01548767047245464,0.4673214563779139,2026-07-07 14:03:47.222127,2026-07-07 14:03:57.647622,0 days 00:00:10.425495,35.37925614873285,3,COMPLETE
341,0.02060086181846743,0.4662470116779328,2026-07-07 14:03:47.376404,2026-07-07 14:03:57.176503,0 days 00:00:09.800099,71.0850934513233,3,COMPLETE
342,0.013989087587692906,0.4672828506808616,2026-07-07 14:03:47.380150,2026-07-07 14:03:58.920685,0 days 00:00:11.540535,37.16071894578004,3,COMPLETE
343,0.023930417201983578,0.4658287762936521,2026-07-07 14:03:47.536691,2026-07-07 14:03:56.818599,0 days 00:00:09.281908,87.8190484241763,3,COMPLETE
344,0.01563929909650824,0.46710948314855993,2026-07-07 14:03:48.004978,2026-07-07 14:04:02.167197,0 days 00:00:14.162219,26.838489712942373,3,COMPLETE
345,0.022212726051230536,0.46602718842180524,2026-07-07 14:03:48.009587,2026-07-07 14:03:57.651643,0 days 00:00:09.642056,65.21038620240707,3,COMPLETE
346,0.018989055488867757,0.466503608282572,2026-07-07 14:03:48.796901,2026-07-07 14:04:02.751646,0 days 00:00:13.954745,56.69777196534384,3,COMPLETE
347,0.020767627147285417,0.46645071966353,2026-07-07 14:03:48.798585,2026-07-07 14:03:56.318670,0 days 00:00:07.520085,63.137730636190085,3,COMPLETE
348,0.017038922123716438,0.4669578100176473,2026-07-07 14:03:49.127373,2026-07-07 14:04:01.600302,0 days 00:00:12.472929,23.367266675326494,3,COMPLETE
349,0.012184925320798734,0.46771155583133167,2026-07-07 14:03:49.649421,2026-07-07 14:03:58.918464,0 days 00:00:09.269043,14.80456048100994,3,COMPLETE
350,0.01071527416969914,0.46804854226734954,2026-07-07 14:03:49.653543,2026-07-07 14:03:57.654991,0 days 00:00:08.001448,14.585683170184527,3,COMPLETE
351,0.017833387616646046,0.4668434148771288,2026-07-07 14:03:50.228751,2026-07-07 14:04:01.814938,0 days 00:00:11.586187,40.65536697110804,3,COMPLETE
352,0.012409495056722009,0.4676131674716377,2026-07-07 14:03:51.230457,2026-07-07 14:04:02.010761,0 days 00:00:10.780304,14.2395022979347,3,COMPLETE
353,0.015505254003943147,0.46710323809726784,2026-07-07 14:03:51.235421,2026-07-07 14:04:02.187290,0 days 00:00:10.951869,4.51594324348937,3,COMPLETE
354,0.006008160427485476,0.46863580986603265,2026-07-07 14:03:51.428534,2026-07-07 14:04:02.748733,0 days 00:00:11.320199,13.472527488283882,3,COMPLETE
355,0.013038502874551217,0.4672993612207684,2026-07-07 14:03:51.432029,2026-07-07 14:04:02.935965,0 days 00:00:11.503936,15.482861533508737,3,COMPLETE
356,0.015413917822212408,0.46722622526552676,2026-07-07 14:03:51.447583,2026-07-07 14:04:02.348048,0 days 00:00:10.900465,52.02970089951756,3,COMPLETE
357,0.02331105451427895,0.46595831236940755,2026-07-07 14:03:51.448254,2026-07-07 14:04:01.814645,0 days 00:00:10.366391,85.99107225851252,3,COMPLETE
358,0.02002005393581746,0.4659195452617688,2026-07-07 14:03:51.604786,2026-07-07 14:04:01.597462,0 days 00:00:09.992676,2.2266404185952036,3,COMPLETE
359,0.02419528146088812,0.4657428126220725,2026-07-07 14:03:51.781338,2026-07-07 14:03:56.142765,0 days 00:00:04.361427,90.07842736290006,3,COMPLETE
360,0.014843013464160282,0.4674737737030807,2026-07-07 14:03:51.781685,2026-07-07 14:04:02.521441,0 days 00:00:10.739756,20.758466595165142,3,COMPLETE
361,0.024367883377610478,0.4657696322360162,2026-07-07 14:03:51.942379,2026-07-07 14:04:02.714803,0 days 00:00:10.772424,99.94448018419978,3,COMPLETE
362,0.014740033007719922,0.4675737743473771,2026-07-07 14:03:51.946496,2026-07-07 14:04:03.289381,0 days 00:00:11.342885,21.861143956170924,3,COMPLETE
363,0.024919769207353226,0.46569708883201244,2026-07-07 14:03:51.946871,2026-07-07 14:03:56.315093,0 days 00:00:04.368222,92.89439731292777,3,COMPLETE
364,0.0220423186660344,0.46608226932469793,2026-07-07 14:03:52.104719,2026-07-07 14:04:02.931096,0 days 00:00:10.826377,81.14911920613385,3,COMPLETE
365,0.014910453675456237,0.4674289631770172,2026-07-07 14:03:52.106679,2026-07-07 14:04:02.763148,0 days 00:00:10.656469,35.94247062638662,3,COMPLETE
366,0.02056187035188145,0.46624726775675596,2026-07-07 14:03:52.268393,2026-07-07 14:03:59.430930,0 days 00:00:07.162537,71.95029184299042,3,COMPLETE
367,0.01614155985414456,0.4672593030678049,2026-07-07 14:03:52.269641,2026-07-07 14:04:02.767034,0 days 00:00:10.497393,43.91608784618566,3,COMPLETE
368,0.017850468139848696,0.4669043931305638,2026-07-07 14:03:52.270556,2026-07-07 14:04:02.715736,0 days 00:00:10.445180,43.55220043482035,3,COMPLETE
369,0.018334270832655652,0.46686617248994833,2026-07-07 14:03:52.901584,2026-07-07 14:04:02.740250,0 days 00:00:09.838666,45.05652404816948,3,COMPLETE
370,0.022634022570745205,0.4660131297095137,2026-07-07 14:03:52.902260,2026-07-07 14:04:02.187080,0 days 00:00:09.284820,82.30624407654273,3,COMPLETE
371,0.01758326114594938,0.46688376085525424,2026-07-07 14:03:53.067745,2026-07-07 14:04:03.118631,0 days 00:00:10.050886,49.93003649512258,3,COMPLETE
372,0.018844221544643547,0.4666480584607326,2026-07-07 14:03:53.230214,2026-07-07 14:03:59.901382,0 days 00:00:06.671168,43.07672843129428,3,COMPLETE
373,0.011551510834508671,0.4677732954642265,2026-07-07 14:03:53.386426,2026-07-07 14:04:02.761173,0 days 00:00:09.374747,31.836639613777447,3,COMPLETE
374,0.027800430828465783,0.4640878897985423,2026-07-07 14:03:53.388998,2026-07-07 14:04:01.848891,0 days 00:00:08.459893,1.0293809261611637,3,COMPLETE
375,0.017527752027166388,0.46679536868206445,2026-07-07 14:03:53.392016,2026-07-07 14:04:01.830510,0 days 00:00:08.438494,54.713124041177146,3,COMPLETE
376,0.01719924542734147,0.4669121749001291,2026-07-07 14:03:53.562225,2026-07-07 14:04:01.841070,0 days 00:00:08.278845,47.6214610659966,3,COMPLETE
377,0.009408365676749741,0.46804780492137726,2026-07-07 14:03:53.876292,2026-07-07 14:03:57.489494,0 days 00:00:03.613202,12.28147668953431,3,COMPLETE
378,0.02249589453976769,0.4660281111777017,2026-07-07 14:03:54.048222,2026-07-07 14:04:03.296647,0 days 00:00:09.248425,82.01083670300267,3,COMPLETE
379,0.02186864997833604,0.4660491093906435,2026-07-07 14:03:54.048675,2026-07-07 14:04:03.121599,0 days 00:00:09.072924,70.1736902896667,3,COMPLETE
380,0.021629855308681223,0.46609551000332616,2026-07-07 14:03:54.212424,2026-07-07 14:04:04.609384,0 days 00:00:10.396960,79.13011246912914,3,COMPLETE
381,0.014790151974862387,0.4672745020912664,2026-07-07 14:03:54.242382,2026-07-07 14:04:06.641375,0 days 00:00:12.398993,30.384111886873587,3,COMPLETE
382,0.02529606350055147,0.4656588395201383,2026-07-07 14:03:54.457364,2026-07-07 14:04:02.743037,0 days 00:00:08.285673,94.52347380957826,3,COMPLETE
383,0.014958641417647411,0.4672462614809798,2026-07-07 14:03:54.472435,2026-07-07 14:04:03.800077,0 days 00:00:09.327642,31.100063082505926,3,COMPLETE
384,0.018174809692591665,0.4666218544467622,2026-07-07 14:03:54.956712,2026-07-07 14:04:01.845219,0 days 00:00:06.888507,57.39565977642093,3,COMPLETE
385,0.024157822533138917,0.4657609570240214,2026-07-07 14:03:54.958011,2026-07-07 14:04:05.128228,0 days 00:00:10.170217,88.93007780350644,3,COMPLETE
386,0.015124251290382473,0.4672784092531999,2026-07-07 14:03:54.963786,2026-07-07 14:04:05.118063,0 days 00:00:10.154277,22.88456839677206,3,COMPLETE
387,0.01677052222058184,0.4671699427947511,2026-07-07 14:03:54.978502,2026-07-07 14:04:01.811022,0 days 00:00:06.832520,46.185811444950225,3,COMPLETE
388,0.017100329480775722,0.4668538222744873,2026-07-07 14:03:55.158770,2026-07-07 14:04:05.295604,0 days 00:00:10.136834,32.3217941089991,4,COMPLETE
389,0.02190894015879291,0.4660676807449767,2026-07-07 14:03:55.163931,2026-07-07 14:04:04.590679,0 days 00:00:09.426748,65.79484197454967,4,COMPLETE
390,0.020123950990309336,0.466305038794243,2026-07-07 14:03:55.329121,2026-07-07 14:04:06.277151,0 days 00:00:10.948030,73.94729254000796,4,COMPLETE
391,0.05946142925351505,0.45928482605541265,2026-07-07 14:03:55.490294,2026-07-07 14:04:07.146654,0 days 00:00:11.656360,0.8633521268205314,4,COMPLETE
392,0.02106860507437408,0.46618954822336206,2026-07-07 14:03:55.801881,2026-07-07 14:04:10.637209,0 days 00:00:14.835328,70.52057674461848,4,COMPLETE
393,0.018971277524541308,0.46670324183080847,2026-07-07 14:03:55.815106,2026-07-07 14:04:06.649731,0 days 00:00:10.834625,59.300669519699,4,COMPLETE
394,0.015334042434286432,0.4670006857645171,2026-07-07 14:03:55.825261,2026-07-07 14:04:06.295557,0 days 00:00:10.470296,3.475591970258156,4,COMPLETE
395,0.01350395640279689,0.4675527775258604,2026-07-07 14:03:55.825500,2026-07-07 14:04:07.162634,0 days 00:00:11.337134,32.129752475379725,4,COMPLETE
396,0.02287973352812389,0.46599737487733317,2026-07-07 14:03:55.982454,2026-07-07 14:04:07.478008,0 days 00:00:11.495554,83.5459467900375,4,COMPLETE
397,0.003380532903187572,0.46911671597537213,2026-07-07 14:03:56.137563,2026-07-07 14:04:07.856803,0 days 00:00:11.719240,10.890149866917254,4,COMPLETE
398,0.020602891552402136,0.466216382269393,2026-07-07 14:03:56.316249,2026-07-07 14:04:06.282595,0 days 00:00:09.966346,73.03533757677484,4,COMPLETE
399,0.014329773798432477,0.4674456135401263,2026-07-07 14:03:56.320102,2026-07-07 14:04:03.286050,0 days 00:00:06.965948,20.552289751396064,4,COMPLETE
400,0.018475317919080025,0.4665072707737923,2026-07-07 14:03:56.322136,2026-07-07 14:04:08.335701,0 days 00:00:12.013565,36.05494814109813,4,COMPLETE
401,0.01440568626918115,0.46700232959845306,2026-07-07 14:03:56.323940,2026-07-07 14:04:06.638240,0 days 00:00:10.314300,6.50028048335143,4,COMPLETE
402,0.021063447762669718,0.46638951625876457,2026-07-07 14:03:56.800659,2026-07-07 14:04:07.486644,0 days 00:00:10.685985,63.56646613460949,4,COMPLETE
403,0.02050074316096595,0.46627980951516657,2026-07-07 14:03:56.983435,2026-07-07 14:04:05.628486,0 days 00:00:08.645051,42.05204783934728,4,COMPLETE
404,0.016640339228559398,0.4671714788681935,2026-07-07 14:03:56.994687,2026-07-07 14:04:03.283972,0 days 00:00:06.289285,22.170165451721157,4,COMPLETE
405,0.011065794134648477,0.4677577017470664,2026-07-07 14:03:57.000093,2026-07-07 14:04:07.866084,0 days 00:00:10.865991,17.533396070429152,4,COMPLETE
406,0.02047028403179524,0.4663253272906714,2026-07-07 14:03:57.813532,2026-07-07 14:04:11.908714,0 days 00:00:14.095182,77.44542444909413,4,COMPLETE
407,0.021122872937433423,0.46620308739466987,2026-07-07 14:03:58.756767,2026-07-07 14:04:11.904927,0 days 00:00:13.148160,66.17624325019317,4,COMPLETE
408,0.017515029861348785,0.4668129944464214,2026-07-07 14:03:59.394560,2026-07-07 14:04:11.495948,0 days 00:00:12.101388,36.33140648677344,4,COMPLETE
409,0.01769371903482364,0.46676540669775657,2026-07-07 14:03:59.420260,2026-07-07 14:04:06.292800,0 days 00:00:06.872540,54.53452542796928,4,COMPLETE
410,0.01996796863003636,0.4665404247736943,2026-07-07 14:03:59.588265,2026-07-07 14:04:11.495751,0 days 00:00:11.907486,62.195156749212586,4,COMPLETE
411,0.010883694152761025,0.4680008254546432,2026-07-07 14:04:00.056533,2026-07-07 14:04:09.995882,0 days 00:00:09.939349,14.397831411463867,4,COMPLETE
412,0.025245340701774976,0.4656618837387619,2026-07-07 14:04:00.059002,2026-07-07 14:04:09.015251,0 days 00:00:08.956249,96.67906703588032,4,COMPLETE
413,0.020542418396377715,0.46625371401795257,2026-07-07 14:04:01.108573,2026-07-07 14:04:11.518670,0 days 00:00:10.410097,71.85702209204644,4,COMPLETE
414,0.02417747614621435,0.46576094302323,2026-07-07 14:04:01.112752,2026-07-07 14:04:09.186107,0 days 00:00:08.073355,88.65613705135138,4,COMPLETE
415,0.019827006436719086,0.466370778476649,2026-07-07 14:04:01.807565,2026-07-07 14:04:08.841045,0 days 00:00:07.033480,39.49663244451141,4,COMPLETE
416,0.018205355948169855,0.46681041445392474,2026-07-07 14:04:02.348267,2026-07-07 14:04:11.326390,0 days 00:00:08.978123,44.00937647966833,4,COMPLETE
417,0.024475804482001207,0.4657570834953676,2026-07-07 14:04:02.506483,2026-07-07 14:04:09.364547,0 days 00:00:06.858064,99.18352252372418,4,COMPLETE
418,0.025388752890270594,0.4656460243938788,2026-07-07 14:04:02.511795,2026-07-07 14:04:12.078963,0 days 00:00:09.567168,95.9825326040303,4,COMPLETE
419,0.008868771049323931,0.46828695517612556,2026-07-07 14:04:02.741787,2026-07-07 14:04:07.504338,0 days 00:00:04.762551,10.409404106656806,4,COMPLETE
420,0.021665739556371244,0.4661274800441394,2026-07-07 14:04:02.742872,2026-07-07 14:04:11.902351,0 days 00:00:09.159479,80.42116376442334,4,COMPLETE
421,0.02100112022651862,0.4662023269589742,2026-07-07 14:04:02.763302,2026-07-07 14:04:12.569680,0 days 00:00:09.806378,60.28223906592503,4,COMPLETE
422,0.01780818131818096,0.46682939558541314,2026-07-07 14:04:02.766857,2026-07-07 14:04:12.257154,0 days 00:00:09.490297,49.35741353776095,4,COMPLETE
423,0.01623271377185176,0.4670180069917431,2026-07-07 14:04:02.768400,2026-07-07 14:04:12.567700,0 days 00:00:09.799300,25.286858895189866,4,COMPLETE
424,0.00614164100423592,0.46886876718073733,2026-07-07 14:04:02.930377,2026-07-07 14:04:13.268643,0 days 00:00:10.338266,13.249988123872408,4,COMPLETE
425,0.025383171453956632,0.46564810237412546,2026-07-07 14:04:03.113190,2026-07-07 14:04:11.332063,0 days 00:00:08.218873,94.97929586837523,4,COMPLETE
426,0.021463702742103352,0.46611672304687435,2026-07-07 14:04:03.122639,2026-07-07 14:04:12.098395,0 days 00:00:08.975756,70.35250583974475,4,COMPLETE
427,0.009012908046637957,0.4683538892118381,2026-07-07 14:04:03.281937,2026-07-07 14:04:11.867568,0 days 00:00:08.585631,16.464973564225776,4,COMPLETE
428,0.023666481506540216,0.4658561667594141,2026-07-07 14:04:03.300436,2026-07-07 14:04:16.650601,0 days 00:00:13.350165,87.31882019793743,4,COMPLETE
429,0.015348562340949112,0.4672001350014625,2026-07-07 14:04:03.300956,2026-07-07 14:04:07.515173,0 days 00:00:04.214217,53.20838275783195,4,COMPLETE
430,0.018189371343313443,0.46677109458995575,2026-07-07 14:04:03.457901,2026-07-07 14:04:11.908571,0 days 00:00:08.450670,40.83758520645073,4,COMPLETE
431,0.020634268466771466,0.466261865788694,2026-07-07 14:04:03.458988,2026-07-07 14:04:08.181860,0 days 00:00:04.722872,77.9033591570392,4,COMPLETE
432,0.016642988574618767,0.4669554237651709,2026-07-07 14:04:03.616791,2026-07-07 14:04:12.098185,0 days 00:00:08.481394,26.603989032526513,4,COMPLETE
433,0.005745490100931394,0.46900057080141166,2026-07-07 14:04:03.617421,2026-07-07 14:04:07.865540,0 days 00:00:04.248119,13.563645725607824,4,COMPLETE
434,0.022139691248338034,0.4660348113657671,2026-07-07 14:04:03.635510,2026-07-07 14:04:13.898044,0 days 00:00:10.262534,69.04078323908571,4,COMPLETE
