number,values_0,values_1,datetime_start,datetime_complete,duration,params_input_force,system_attrs_NSGAIISampler:generation,state
870,0.01680665069149423,0.4671402310835909,2026-07-07 14:05:16.387251,2026-07-07 14:05:30.830781,0 days 00:00:14.443530,43.18916722480131,8,COMPLETE
871,0.011770420330009412,0.46775574991393865,2026-07-07 14:05:16.862766,2026-07-07 14:05:25.121487,0 days 00:00:08.258721,17.211899072838964,8,COMPLETE
872,0.013424111873438727,0.46748201132975264,2026-07-07 14:05:17.019589,2026-07-07 14:05:26.676053,0 days 00:00:09.656464,30.624813675515252,8,COMPLETE
873,0.02065889163024015,0.46622064050099266,2026-07-07 14:05:17.038248,2026-07-07 14:05:24.597593,0 days 00:00:07.559345,72.81649059665168,8,COMPLETE
874,0.023169936284676063,0.46598153173081547,2026-07-07 14:05:17.039831,2026-07-07 14:05:26.684971,0 days 00:00:09.645140,85.34252008075505,8,COMPLETE
875,0.00935618219274853,0.46833667453500016,2026-07-07 14:05:17.200583,2026-07-07 14:05:27.991452,0 days 00:00:10.790869,13.841475751902829,8,COMPLETE
876,0.022251017404142093,0.4660539064780149,2026-07-07 14:05:17.201234,2026-07-07 14:05:32.746505,0 days 00:00:15.545271,64.51290432698575,8,COMPLETE
877,0.011426609036335744,0.4677710839419519,2026-07-07 14:05:17.207449,2026-07-07 14:05:28.822125,0 days 00:00:11.614676,19.723971996246643,8,COMPLETE
878,0.02161271083631744,0.46613411072254546,2026-07-07 14:05:17.212336,2026-07-07 14:05:29.317080,0 days 00:00:12.104744,80.32194964929107,8,COMPLETE
879,0.01579682395838594,0.46709457299988016,2026-07-07 14:05:17.846677,2026-07-07 14:05:29.321977,0 days 00:00:11.475300,37.38092116510822,8,COMPLETE
880,0.021839488071075053,0.46607544957935065,2026-07-07 14:05:17.865591,2026-07-07 14:05:23.708742,0 days 00:00:05.843151,65.8494828826989,8,COMPLETE
881,0.016388077286304037,0.4671362298113476,2026-07-07 14:05:18.504074,2026-07-07 14:05:29.677080,0 days 00:00:11.173006,44.61903041006094,8,COMPLETE
882,0.024179191181750048,0.465744041535148,2026-07-07 14:05:19.032553,2026-07-07 14:05:25.134682,0 days 00:00:06.102129,90.1980336339308,8,COMPLETE
883,0.025395990159840676,0.4646922350257291,2026-07-07 14:05:19.355542,2026-07-07 14:05:31.000779,0 days 00:00:11.645237,1.8170223798474352,8,COMPLETE
884,0.016669872216639958,0.4666884464751705,2026-07-07 14:05:19.372572,2026-07-07 14:05:28.331656,0 days 00:00:08.959084,3.920064779606337,8,COMPLETE
885,0.009541332600003671,0.46846375501900117,2026-07-07 14:05:20.052076,2026-07-07 14:05:30.181977,0 days 00:00:10.129901,3.6241688941092027,8,COMPLETE
886,0.013414906487941858,0.46754474709535143,2026-07-07 14:05:20.370559,2026-07-07 14:05:31.010636,0 days 00:00:10.640077,14.390162328786234,8,COMPLETE
887,0.013743458594455138,0.4672970310445683,2026-07-07 14:05:20.385973,2026-07-07 14:05:25.972723,0 days 00:00:05.586750,14.997605035307501,8,COMPLETE
888,0.022255632432132078,0.466011988692373,2026-07-07 14:05:20.571986,2026-07-07 14:05:25.476877,0 days 00:00:04.904891,69.26564707101905,8,COMPLETE
889,0.014071163569278233,0.4672860594854682,2026-07-07 14:05:20.730699,2026-07-07 14:05:32.047086,0 days 00:00:11.316387,27.563072176687847,8,COMPLETE
890,0.009553568202755436,0.4682033920292718,2026-07-07 14:05:21.700896,2026-07-07 14:05:30.671157,0 days 00:00:08.970261,30.887052039023754,8,COMPLETE
891,0.020343874704884968,0.4663142351708376,2026-07-07 14:05:21.860444,2026-07-07 14:05:31.019820,0 days 00:00:09.159376,66.79266907575399,8,COMPLETE
892,0.024552740271462814,0.46574933761032383,2026-07-07 14:05:21.860752,2026-07-07 14:05:31.655293,0 days 00:00:09.794541,98.82958964846108,8,COMPLETE
893,0.017077118706157135,0.46703370198981164,2026-07-07 14:05:21.879911,2026-07-07 14:05:34.052810,0 days 00:00:12.172899,44.053406228452396,8,COMPLETE
894,0.02444942024499902,0.4657581471472785,2026-07-07 14:05:21.885214,2026-07-07 14:05:32.765588,0 days 00:00:10.880374,99.47594681725641,8,COMPLETE
895,0.017881216177783155,0.4667214249877617,2026-07-07 14:05:21.890337,2026-07-07 14:05:33.407457,0 days 00:00:11.517120,55.06338970437237,8,COMPLETE
896,0.016288079173303494,0.4670373113725385,2026-07-07 14:05:21.892074,2026-07-07 14:05:32.060887,0 days 00:00:10.168813,52.33201339660735,8,COMPLETE
897,0.013677916199703266,0.467479688626416,2026-07-07 14:05:22.050058,2026-07-07 14:05:32.761767,0 days 00:00:10.711709,18.898686859293555,8,COMPLETE
898,0.02033627692773987,0.46631672146494224,2026-07-07 14:05:22.051486,2026-07-07 14:05:31.867759,0 days 00:00:09.816273,66.80804641280996,8,COMPLETE
899,0.018715060340373624,0.46678398800956167,2026-07-07 14:05:22.727354,2026-07-07 14:05:32.763513,0 days 00:00:10.036159,45.78202721948129,9,COMPLETE
900,0.0225956832805716,0.46601682020513213,2026-07-07 14:05:22.887336,2026-07-07 14:05:34.075118,0 days 00:00:11.187782,82.20974346244125,9,COMPLETE
901,0.020366226408714383,0.46632034385231536,2026-07-07 14:05:23.516165,2026-07-07 14:05:34.418312,0 days 00:00:10.902147,66.96225222691106,9,COMPLETE
902,0.0180096219730419,0.46676725308814915,2026-07-07 14:05:23.517878,2026-07-07 14:05:33.572622,0 days 00:00:10.054744,23.674731460589914,9,COMPLETE
903,0.017355087364821054,0.46686824830288554,2026-07-07 14:05:24.235681,2026-07-07 14:05:34.432818,0 days 00:00:10.197137,47.21139668332622,9,COMPLETE
904,0.019771734191800894,0.46631212706770375,2026-07-07 14:05:24.239956,2026-07-07 14:05:28.995748,0 days 00:00:04.755792,75.76964800041958,9,COMPLETE
905,0.017494332716221916,0.466904704927614,2026-07-07 14:05:24.409786,2026-07-07 14:05:26.845703,0 days 00:00:02.435917,50.191248431894955,9,COMPLETE
906,0.01715017562890847,0.46690295358657696,2026-07-07 14:05:24.582821,2026-07-07 14:05:34.799717,0 days 00:00:10.216896,48.33112142898674,9,COMPLETE
907,0.014594025809953115,0.46726742119492437,2026-07-07 14:05:24.584970,2026-07-07 14:05:29.657393,0 days 00:00:05.072423,31.764251304909223,9,COMPLETE
908,0.023185031062235684,0.4659792397710945,2026-07-07 14:05:24.585671,2026-07-07 14:05:34.765158,0 days 00:00:10.179487,85.41821730827242,9,COMPLETE
909,0.02066536979712086,0.4662857850112229,2026-07-07 14:05:24.590542,2026-07-07 14:05:34.790741,0 days 00:00:10.200199,67.54773026921055,9,COMPLETE
910,0.01443895192510436,0.4672696878103342,2026-07-07 14:05:24.767675,2026-07-07 14:05:29.847171,0 days 00:00:05.079496,18.957078225969344,9,COMPLETE
911,0.014029287111926414,0.4671478626444867,2026-07-07 14:05:24.926471,2026-07-07 14:05:34.787684,0 days 00:00:09.861213,6.106189339836759,9,COMPLETE
912,0.017540990407117596,0.4668729173591564,2026-07-07 14:05:24.942952,2026-07-07 14:05:35.450134,0 days 00:00:10.507182,44.80643322014599,9,COMPLETE
913,0.018012964968536938,0.466666596234122,2026-07-07 14:05:24.949443,2026-07-07 14:05:34.965100,0 days 00:00:10.015657,41.081645687130155,9,COMPLETE
914,0.020698946662931483,0.46630009899651714,2026-07-07 14:05:24.958271,2026-07-07 14:05:37.016327,0 days 00:00:12.058056,61.20914588500651,9,COMPLETE
915,0.020442303983209342,0.46628144836008667,2026-07-07 14:05:24.958973,2026-07-07 14:05:35.292124,0 days 00:00:10.333151,70.89819951784393,9,COMPLETE
916,0.015534357057763237,0.46706839914263626,2026-07-07 14:05:25.119983,2026-07-07 14:05:34.784572,0 days 00:00:09.664589,29.570416548953357,9,COMPLETE
917,0.012766437423651744,0.4676680844405594,2026-07-07 14:05:25.142342,2026-07-07 14:05:33.730309,0 days 00:00:08.587967,19.7707785296616,9,COMPLETE
918,0.012500314492293385,0.4678905560974688,2026-07-07 14:05:25.642435,2026-07-07 14:05:32.235296,0 days 00:00:06.592861,20.916984245914456,9,COMPLETE
919,0.022966743092495745,0.46599717566259935,2026-07-07 14:05:25.643818,2026-07-07 14:05:34.795877,0 days 00:00:09.152059,84.21794873920896,9,COMPLETE
920,0.018738347738260386,0.4665415523691479,2026-07-07 14:05:25.644602,2026-07-07 14:05:36.800976,0 days 00:00:11.156374,54.25929280677883,9,COMPLETE
921,0.01534421355743798,0.46676500277200544,2026-07-07 14:05:25.801935,2026-07-07 14:05:37.039017,0 days 00:00:11.237082,8.612398522055457,9,COMPLETE
922,0.017558742076242972,0.46685334099924664,2026-07-07 14:05:25.804904,2026-07-07 14:05:29.857187,0 days 00:00:04.052283,26.51889501775091,9,COMPLETE
923,0.020223365424132667,0.4658597322330119,2026-07-07 14:05:25.973078,2026-07-07 14:05:29.861589,0 days 00:00:03.888511,2.348478440489845,9,COMPLETE
924,0.16841301331752734,0.44469336621966565,2026-07-07 14:05:25.975651,2026-07-07 14:05:36.843313,0 days 00:00:10.867662,0.23934942596985972,9,COMPLETE
925,0.02071304232685317,0.4662816096745477,2026-07-07 14:05:25.980497,2026-07-07 14:05:36.805682,0 days 00:00:10.825185,67.70172329449757,9,COMPLETE
926,0.024707570708002724,0.46569735773344667,2026-07-07 14:05:26.146492,2026-07-07 14:05:36.840541,0 days 00:00:10.694049,91.85022503479159,9,COMPLETE
927,0.11245074983391479,0.4523083690271173,2026-07-07 14:05:26.306989,2026-07-07 14:05:35.286051,0 days 00:00:08.979062,0.47435667157371464,9,COMPLETE
928,0.017663301548982824,0.4669349526443164,2026-07-07 14:05:26.476719,2026-07-07 14:05:32.057919,0 days 00:00:05.581200,34.60569396984767,9,COMPLETE
929,0.01550559899630305,0.46713622889100304,2026-07-07 14:05:26.509924,2026-07-07 14:05:36.399283,0 days 00:00:09.889359,52.66771901046323,9,COMPLETE
930,0.025414179348771326,0.4656441402642212,2026-07-07 14:05:26.512712,2026-07-07 14:05:36.820618,0 days 00:00:10.307906,95.67854596671042,9,COMPLETE
931,0.016475440690360887,0.4670446197326562,2026-07-07 14:05:26.515059,2026-07-07 14:05:37.017151,0 days 00:00:10.502092,41.94154677855446,9,COMPLETE
932,0.018359484932159276,0.4666388344887698,2026-07-07 14:05:26.685153,2026-07-07 14:05:36.815126,0 days 00:00:10.129973,50.881902975875335,9,COMPLETE
933,0.023061427636144938,0.46599596304453184,2026-07-07 14:05:26.847715,2026-07-07 14:05:37.994858,0 days 00:00:11.147143,84.86597518978604,9,COMPLETE
934,0.020270832261104488,0.4663098812494373,2026-07-07 14:05:27.003828,2026-07-07 14:05:34.804747,0 days 00:00:07.800919,77.36185420330119,9,COMPLETE
935,0.010971908195931523,0.46798082110412426,2026-07-07 14:05:27.159012,2026-07-07 14:05:39.684681,0 days 00:00:12.525669,18.039935670849374,9,COMPLETE
936,0.024743044562637984,0.4656991022217442,2026-07-07 14:05:27.315930,2026-07-07 14:05:40.030319,0 days 00:00:12.714389,92.08450055452984,9,COMPLETE
937,0.026507999176555552,0.46439521557730806,2026-07-07 14:05:27.473695,2026-07-07 14:05:34.081470,0 days 00:00:06.607775,1.0136931509742886,9,COMPLETE
938,0.022854349242225847,0.4659995967021195,2026-07-07 14:05:27.474559,2026-07-07 14:05:36.763850,0 days 00:00:09.289291,83.42960617125443,9,COMPLETE
939,0.01602079686016661,0.46669740568647267,2026-07-07 14:05:27.475637,2026-07-07 14:05:34.964400,0 days 00:00:07.488763,3.922105227906023,9,COMPLETE
940,0.01311637336823629,0.4675493410280704,2026-07-07 14:05:27.827196,2026-07-07 14:05:37.058153,0 days 00:00:09.230957,31.064519278129843,9,COMPLETE
941,0.024572791367030167,0.46571066763268554,2026-07-07 14:05:28.826510,2026-07-07 14:05:40.207541,0 days 00:00:11.381031,91.44020981960995,9,COMPLETE
942,0.020265635862215026,0.46639500746097123,2026-07-07 14:05:29.312201,2026-07-07 14:05:41.370217,0 days 00:00:12.058016,61.629192155329676,9,COMPLETE
943,0.02067259043205688,0.4662369031742807,2026-07-07 14:05:29.658805,2026-07-07 14:05:39.670786,0 days 00:00:10.011981,71.51666024966273,9,COMPLETE
944,0.022270035272858424,0.4660550809699462,2026-07-07 14:05:29.868595,2026-07-07 14:05:37.056425,0 days 00:00:07.187830,64.48756543355479,9,COMPLETE
945,0.016943602629582888,0.4671226232855109,2026-07-07 14:05:30.339538,2026-07-07 14:05:40.688233,0 days 00:00:10.348695,25.07226946420715,9,COMPLETE
946,0.009731142517368674,0.46811645745310626,2026-07-07 14:05:30.993110,2026-07-07 14:05:40.043746,0 days 00:00:09.050636,16.45202102718212,9,COMPLETE
947,0.013739160677025741,0.467214394345429,2026-07-07 14:05:30.994231,2026-07-07 14:05:41.556871,0 days 00:00:10.562640,17.406626788021626,9,COMPLETE
948,0.019532664892158935,0.4663684685169625,2026-07-07 14:05:31.500002,2026-07-07 14:05:40.883372,0 days 00:00:09.383370,75.0418817478417,9,COMPLETE
949,0.014549423449802867,0.46730276495788164,2026-07-07 14:05:31.818249,2026-07-07 14:05:39.865137,0 days 00:00:08.046888,29.581086198114633,9,COMPLETE
950,0.020311654494831022,0.4663932009661954,2026-07-07 14:05:31.857612,2026-07-07 14:05:41.754983,0 days 00:00:09.897371,61.42033669473298,9,COMPLETE
951,0.016438150574117905,0.46697144086661746,2026-07-07 14:05:31.860001,2026-07-07 14:05:40.683912,0 days 00:00:08.823911,38.17900064622635,9,COMPLETE
952,0.01582897435405156,0.4673020615297942,2026-07-07 14:05:31.873516,2026-07-07 14:05:41.206625,0 days 00:00:09.333109,34.79700768810417,9,COMPLETE
953,0.013908979327462323,0.46749122337950094,2026-07-07 14:05:31.883826,2026-07-07 14:05:40.871923,0 days 00:00:08.988097,38.94404184448873,9,COMPLETE
954,0.02219891721933298,0.4660231390814849,2026-07-07 14:05:32.042646,2026-07-07 14:05:37.527218,0 days 00:00:05.484572,69.12968005015684,9,COMPLETE
955,0.02193007190861751,0.4660717377239255,2026-07-07 14:05:32.047273,2026-07-07 14:05:44.553743,0 days 00:00:12.506470,68.73711588604658,9,COMPLETE
956,0.01721054770340069,0.46705050899336353,2026-07-07 14:05:32.064395,2026-07-07 14:05:39.668265,0 days 00:00:07.603870,46.15944404642039,9,COMPLETE
957,0.014297665484614697,0.4670654717289098,2026-07-07 14:05:32.232379,2026-07-07 14:05:41.564912,0 days 00:00:09.332533,8.67421337581553,9,COMPLETE
958,0.014471754032099271,0.4673384547979138,2026-07-07 14:05:32.403539,2026-07-07 14:05:41.565068,0 days 00:00:09.161529,43.40726256483767,9,COMPLETE
959,0.020721452460523926,0.46628034387522915,2026-07-07 14:05:32.742064,2026-07-07 14:05:42.075051,0 days 00:00:09.332987,67.71338101015795,9,COMPLETE
960,0.020784766624008244,0.4662169239225531,2026-07-07 14:05:32.743862,2026-07-07 14:05:39.660088,0 days 00:00:06.916226,71.41466945603783,9,COMPLETE
961,0.02273806282611779,0.46601180225964267,2026-07-07 14:05:33.389166,2026-07-07 14:05:41.754873,0 days 00:00:08.365707,82.82478289857791,9,COMPLETE
962,0.0155055253877876,0.46715710428233914,2026-07-07 14:05:33.728940,2026-07-07 14:05:45.937092,0 days 00:00:12.208152,32.962582045575445,9,COMPLETE
963,0.020789692275787808,0.46620805886740924,2026-07-07 14:05:34.045645,2026-07-07 14:05:43.532023,0 days 00:00:09.486378,72.12222662863284,9,COMPLETE
964,0.020473200985066276,0.46628238158860924,2026-07-07 14:05:34.063430,2026-07-07 14:05:42.874563,0 days 00:00:08.811133,70.82951993775411,9,COMPLETE
965,0.021512086075401005,0.4661045020772773,2026-07-07 14:05:34.239337,2026-07-07 14:05:40.030630,0 days 00:00:05.791293,78.89624905990085,9,COMPLETE
966,0.023492579380568424,0.46591224610494714,2026-07-07 14:05:34.417494,2026-07-07 14:05:43.528570,0 days 00:00:09.111076,86.6271707575568,9,COMPLETE
967,0.025382900880013548,0.46564658045836116,2026-07-07 14:05:34.418716,2026-07-07 14:05:43.521594,0 days 00:00:09.102878,96.02627049854172,9,COMPLETE
968,0.023628298355982458,0.46587486794666105,2026-07-07 14:05:34.591539,2026-07-07 14:05:39.864883,0 days 00:00:05.273344,87.09118231257388,9,COMPLETE
969,0.02215789985792116,0.4659973513876482,2026-07-07 14:05:34.594153,2026-07-07 14:05:45.946693,0 days 00:00:11.352540,70.01471488204076,9,COMPLETE
970,0.016486423818232454,0.46711725894647016,2026-07-07 14:05:34.597496,2026-07-07 14:05:45.970865,0 days 00:00:11.373369,20.09583701828475,9,COMPLETE
971,0.018535220118283624,0.4666108379202509,2026-07-07 14:05:34.770442,2026-07-07 14:05:44.211621,0 days 00:00:09.441179,25.20213669920283,9,COMPLETE
972,0.007846493227155749,0.46857945272270496,2026-07-07 14:05:34.775751,2026-07-07 14:05:45.240559,0 days 00:00:10.464808,31.69256433206419,9,COMPLETE
973,0.008881559235573377,0.4683653703277758,2026-07-07 14:05:35.275529,2026-07-07 14:05:44.230262,0 days 00:00:08.954733,4.740245252137166,9,COMPLETE
974,0.02161260136538934,0.46609628504925915,2026-07-07 14:05:35.289716,2026-07-07 14:05:39.852844,0 days 00:00:04.563128,79.09960387436155,9,COMPLETE
975,0.017440272529815115,0.46682453324726036,2026-07-07 14:05:35.292957,2026-07-07 14:05:44.884621,0 days 00:00:09.591664,26.472113515456464,9,COMPLETE
976,0.20032019666539325,0.44021070711912424,2026-07-07 14:05:35.450901,2026-07-07 14:05:45.763048,0 days 00:00:10.312147,0.10936222404698395,9,COMPLETE
977,0.013153458396649553,0.4673690358371757,2026-07-07 14:05:36.071822,2026-07-07 14:05:45.592325,0 days 00:00:09.520503,9.721808521081977,9,COMPLETE
978,0.014867372948173974,0.4672896716426966,2026-07-07 14:05:36.562506,2026-07-07 14:05:45.952370,0 days 00:00:09.389864,32.96714672964874,9,COMPLETE
979,0.012908784686736008,0.467610009517463,2026-07-07 14:05:36.565150,2026-07-07 14:05:45.963939,0 days 00:00:09.398789,32.18809413470848,9,COMPLETE
980,0.017549359444146984,0.4668701006271251,2026-07-07 14:05:36.566610,2026-07-07 14:05:46.777351,0 days 00:00:10.210741,48.041474308424355,9,COMPLETE
981,0.01591134043659631,0.46708665596311894,2026-07-07 14:05:36.569074,2026-07-07 14:05:48.133188,0 days 00:00:11.564114,37.12835216413119,9,COMPLETE
982,0.022531396150654637,0.4660239886988079,2026-07-07 14:05:36.570088,2026-07-07 14:05:45.964520,0 days 00:00:09.394432,82.07696401533725,9,COMPLETE
983,0.005414773175950849,0.4688874823254268,2026-07-07 14:05:36.574534,2026-07-07 14:05:45.588607,0 days 00:00:09.014073,12.163554065126878,9,COMPLETE
984,0.010352270367303462,0.4680451961826448,2026-07-07 14:05:36.576918,2026-07-07 14:05:45.968824,0 days 00:00:09.391906,16.24812347815249,9,COMPLETE
985,0.02028638613050532,0.46631111505720757,2026-07-07 14:05:36.586624,2026-07-07 14:05:45.586789,0 days 00:00:09.000165,77.33874922692156,9,COMPLETE
986,0.01868697799943486,0.46653338414232737,2026-07-07 14:05:36.746586,2026-07-07 14:05:47.598653,0 days 00:00:10.852067,57.139944529505804,9,COMPLETE
987,0.02423036628786901,0.46574263912497826,2026-07-07 14:05:36.752927,2026-07-07 14:05:48.132978,0 days 00:00:11.380051,89.5514532955322,9,COMPLETE
988,0.025371474190200083,0.465647717636304,2026-07-07 14:05:36.768696,2026-07-07 14:05:45.233592,0 days 00:00:08.464896,96.10242918496145,9,COMPLETE
989,0.02369628159578968,0.4658449474515318,2026-07-07 14:05:36.776361,2026-07-07 14:05:47.596358,0 days 00:00:10.819997,87.3884041957219,9,COMPLETE
990,0.018348924529426713,0.4668142532637871,2026-07-07 14:05:36.821484,2026-07-07 14:05:48.721803,0 days 00:00:11.900319,59.43788233613273,9,COMPLETE
991,0.02458026635467475,0.465699775303755,2026-07-07 14:05:37.054976,2026-07-07 14:05:48.465518,0 days 00:00:11.410542,91.31321509660876,9,COMPLETE
992,0.020070929980708474,0.4663896272381749,2026-07-07 14:05:37.056648,2026-07-07 14:05:47.953197,0 days 00:00:10.896549,53.77892646917697,9,COMPLETE
993,0.009659538304060411,0.46798127115162697,2026-07-07 14:05:37.057217,2026-07-07 14:05:48.703583,0 days 00:00:11.646366,13.960862319640764,9,COMPLETE
994,0.02031639363337784,0.4663934098278145,2026-07-07 14:05:37.214996,2026-07-07 14:05:39.673526,0 days 00:00:02.458530,55.63224245576784,9,COMPLETE
995,0.012984990271879326,0.46745746874127897,2026-07-07 14:05:37.370782,2026-07-07 14:05:42.076482,0 days 00:00:04.705700,4.356486353272258,9,COMPLETE
996,0.025385177531741077,0.46564636156290934,2026-07-07 14:05:37.838186,2026-07-07 14:05:48.691433,0 days 00:00:10.853247,96.00972009929052,9,COMPLETE
997,0.02476370998972033,0.4657024043346851,2026-07-07 14:05:37.995450,2026-07-07 14:05:48.728244,0 days 00:00:10.732794,92.28319257936103,9,COMPLETE
998,0.059306803394143404,0.4593037485649138,2026-07-07 14:05:38.460961,2026-07-07 14:05:48.725650,0 days 00:00:10.264689,0.8649403339826064,9,COMPLETE
999,0.017837158034228806,0.46690421615068245,2026-07-07 14:05:38.462192,2026-07-07 14:05:48.723658,0 days 00:00:10.261466,60.72615338100956,9,COMPLETE
1000,0.023897263735350505,0.46510954753453704,2026-07-07 14:05:38.620657,2026-07-07 14:05:48.697100,0 days 00:00:10.076443,1.895530484000576,9,COMPLETE
1001,0.015873420618684908,0.46702802507409685,2026-07-07 14:05:38.622840,2026-07-07 14:05:44.224345,0 days 00:00:05.601505,45.26194840796433,9,COMPLETE
1002,0.019536705305351953,0.46636750844642255,2026-07-07 14:05:38.780749,2026-07-07 14:05:44.559838,0 days 00:00:05.779089,75.04775145161972,9,COMPLETE
1003,0.01868755140394862,0.46653371159612333,2026-07-07 14:05:38.943165,2026-07-07 14:05:48.682307,0 days 00:00:09.739142,57.14540140235064,9,COMPLETE
1004,0.020373420829228273,0.4663178579838373,2026-07-07 14:05:39.463015,2026-07-07 14:05:48.730717,0 days 00:00:09.267702,66.99207557619124,9,COMPLETE
1005,0.013478610314670125,0.46754546193142854,2026-07-07 14:05:40.848160,2026-07-07 14:05:51.853572,0 days 00:00:11.005412,30.577192070180953,10,COMPLETE
1006,0.020695091278959132,0.4662137602943426,2026-07-07 14:05:40.851836,2026-07-07 14:05:51.195073,0 days 00:00:10.343237,72.77882759713253,10,COMPLETE
1007,0.022841908321034388,0.4648295584672605,2026-07-07 14:05:40.853423,2026-07-07 14:05:52.363528,0 days 00:00:11.510105,1.1166124794655878,10,COMPLETE
1008,0.019114549910620005,0.4665452107373345,2026-07-07 14:05:40.856515,2026-07-07 14:05:52.358840,0 days 00:00:11.502325,40.27560932655981,10,COMPLETE
1009,0.016236316360141723,0.4669481046077462,2026-07-07 14:05:40.856974,2026-07-07 14:05:51.679914,0 days 00:00:10.822940,28.925894799433713,10,COMPLETE
1010,0.020841768730543997,0.46626002710279363,2026-07-07 14:05:40.874459,2026-07-07 14:05:48.890767,0 days 00:00:08.016308,67.82378195966888,10,COMPLETE
1011,0.021471797720311214,0.46611163872440997,2026-07-07 14:05:40.882596,2026-07-07 14:05:53.245812,0 days 00:00:12.363216,78.69207355150411,10,COMPLETE
1012,0.014758940058350878,0.4674245213403905,2026-07-07 14:05:41.043308,2026-07-07 14:05:52.556344,0 days 00:00:11.513036,24.525253418670907,10,COMPLETE
1013,0.019771326604336448,0.4663102000157898,2026-07-07 14:05:41.206913,2026-07-07 14:05:50.155689,0 days 00:00:08.948776,75.65136853912867,10,COMPLETE
1014,0.003731119460731458,0.46974872560659625,2026-07-07 14:05:41.364689,2026-07-07 14:05:52.542288,0 days 00:00:11.177599,4.221180790096423,10,COMPLETE
