number,values_0,values_1,datetime_start,datetime_complete,duration,params_input_force,system_attrs_NSGAIISampler:generation,state
1873,0.016072323682620626,0.4671142338573518,2026-07-07 14:08:08.332367,2026-07-07 14:08:18.856685,0 days 00:00:10.524318,39.68523944150961,18,COMPLETE
1874,0.015630272152481584,0.4671146277519216,2026-07-07 14:08:08.501512,2026-07-07 14:08:17.538800,0 days 00:00:09.037288,26.045173879052108,18,COMPLETE
1875,0.02422010740636865,0.4657412637932268,2026-07-07 14:08:08.822428,2026-07-07 14:08:18.014710,0 days 00:00:09.192282,89.82349441943491,18,COMPLETE
1876,0.011033968901826674,0.4680350050302945,2026-07-07 14:08:08.824541,2026-07-07 14:08:17.524741,0 days 00:00:08.700200,32.42368377687818,18,COMPLETE
1877,0.011711531625314242,0.4677837422682563,2026-07-07 14:08:08.825068,2026-07-07 14:08:20.339522,0 days 00:00:11.514454,3.746844744916791,18,COMPLETE
1878,0.07365497254253289,0.4574891497703858,2026-07-07 14:08:08.830429,2026-07-07 14:08:15.598086,0 days 00:00:06.767657,0.7267759487163657,18,COMPLETE
1879,0.013638398091208148,0.4673972023503612,2026-07-07 14:08:08.855093,2026-07-07 14:08:17.192144,0 days 00:00:08.337051,17.48899298805329,18,COMPLETE
1880,0.018435204706402752,0.4667269965906456,2026-07-07 14:08:08.858868,2026-07-07 14:08:20.954993,0 days 00:00:12.096125,23.83008164484538,18,COMPLETE
1881,0.02446242391726655,0.46575777269249263,2026-07-07 14:08:09.026841,2026-07-07 14:08:16.796498,0 days 00:00:07.769657,99.30351054229267,18,COMPLETE
1882,-0.04820056334780054,0.47630922414893734,2026-07-07 14:08:09.038737,2026-07-07 14:08:20.760954,0 days 00:00:11.722217,1.2605250726382424,18,COMPLETE
1883,0.01909566270649926,0.46668692883160395,2026-07-07 14:08:09.208339,2026-07-07 14:08:19.186476,0 days 00:00:09.978137,59.25876661316953,18,COMPLETE
1884,0.024170322061035476,0.4657637752180787,2026-07-07 14:08:09.214721,2026-07-07 14:08:19.347231,0 days 00:00:10.132510,88.55789286755021,18,COMPLETE
1885,0.01656121146835382,0.46701339052307456,2026-07-07 14:08:09.217349,2026-07-07 14:08:17.173798,0 days 00:00:07.956449,45.10477127329304,18,COMPLETE
1886,0.01969873031384306,0.4663753739864035,2026-07-07 14:08:09.385811,2026-07-07 14:08:19.361400,0 days 00:00:09.975589,41.306128258247824,18,COMPLETE
1887,0.025154199734080618,0.4656735957112964,2026-07-07 14:08:09.389399,2026-07-07 14:08:20.504453,0 days 00:00:11.115054,93.88911479133075,18,COMPLETE
1888,0.016766438540678552,0.4669228045245165,2026-07-07 14:08:09.393361,2026-07-07 14:08:12.928091,0 days 00:00:03.534730,38.16512827692234,18,COMPLETE
1889,0.014853588063773515,0.46700812173633094,2026-07-07 14:08:09.399434,2026-07-07 14:08:17.367249,0 days 00:00:07.967815,3.220124344095885,18,COMPLETE
1890,0.014083390701559062,0.467635658348322,2026-07-07 14:08:09.411825,2026-07-07 14:08:18.521542,0 days 00:00:09.109717,35.433401522470504,18,COMPLETE
1891,0.024122537858292936,0.4657781218551382,2026-07-07 14:08:09.424270,2026-07-07 14:08:21.291738,0 days 00:00:11.867468,88.27962990304204,18,COMPLETE
1892,0.02538709914380516,0.46564759563700003,2026-07-07 14:08:09.587990,2026-07-07 14:08:20.544320,0 days 00:00:10.956330,95.00703645432147,18,COMPLETE
1893,0.021420511690015853,0.46615658440624314,2026-07-07 14:08:09.594330,2026-07-07 14:08:18.871753,0 days 00:00:09.277423,79.85372733566159,18,COMPLETE
1894,0.024448872705148117,0.4657581792298975,2026-07-07 14:08:09.594533,2026-07-07 14:08:21.283053,0 days 00:00:11.688520,99.48299750966618,18,COMPLETE
1895,0.018285893137485187,0.4668275290622921,2026-07-07 14:08:09.752749,2026-07-07 14:08:20.522284,0 days 00:00:10.769535,59.447041496020034,18,COMPLETE
1896,0.02057875040875695,0.46621811729846924,2026-07-07 14:08:10.404933,2026-07-07 14:08:21.299011,0 days 00:00:10.894078,73.24902272109595,18,COMPLETE
1897,0.023089825373974193,0.4659918400930271,2026-07-07 14:08:10.407667,2026-07-07 14:08:23.441071,0 days 00:00:13.033404,84.96474122256483,18,COMPLETE
1898,0.016594877297649635,0.46691965905223815,2026-07-07 14:08:10.409811,2026-07-07 14:08:22.629501,0 days 00:00:12.219690,40.79896801975861,18,COMPLETE
1899,0.015050400081351223,0.4670877522915553,2026-07-07 14:08:10.567934,2026-07-07 14:08:20.568475,0 days 00:00:10.000541,19.15120065772699,18,COMPLETE
1900,0.01449649967676564,0.46747971281075834,2026-07-07 14:08:10.724959,2026-07-07 14:08:21.459391,0 days 00:00:10.734432,35.40517095924892,18,COMPLETE
1901,0.016147407439453698,0.46714730431488144,2026-07-07 14:08:10.882084,2026-07-07 14:08:20.772001,0 days 00:00:09.889917,35.42668103906969,18,COMPLETE
1902,0.012859133473741402,0.4675002450738446,2026-07-07 14:08:10.882697,2026-07-07 14:08:22.435558,0 days 00:00:11.552861,9.276805292883182,18,COMPLETE
1903,0.015453092596057316,0.466857406551386,2026-07-07 14:08:11.248453,2026-07-07 14:08:24.088318,0 days 00:00:12.839865,8.299612442759225,18,COMPLETE
1904,0.017365258291426433,0.4669360593968165,2026-07-07 14:08:11.417973,2026-07-07 14:08:17.173362,0 days 00:00:05.755389,22.94226623465236,18,COMPLETE
1905,0.024156399216116897,0.4657611690018504,2026-07-07 14:08:12.759073,2026-07-07 14:08:20.956559,0 days 00:00:08.197486,88.93554816777574,18,COMPLETE
1906,0.021459034735619997,0.4661466188251757,2026-07-07 14:08:12.920172,2026-07-07 14:08:18.870328,0 days 00:00:05.950156,79.56012670442344,18,COMPLETE
1907,0.013623117424367615,0.4673746141435023,2026-07-07 14:08:12.942134,2026-07-07 14:08:21.296346,0 days 00:00:08.354212,31.98324638425206,18,COMPLETE
1908,0.0038218767277153343,0.4698959623047315,2026-07-07 14:08:13.098304,2026-07-07 14:08:25.004313,0 days 00:00:11.906009,4.674571302547003,18,COMPLETE
1909,0.023418733028029937,0.4659305532709688,2026-07-07 14:08:13.099978,2026-07-07 14:08:23.442284,0 days 00:00:10.342306,86.36917316472163,18,COMPLETE
1910,0.014125897482961447,0.46729408754492247,2026-07-07 14:08:13.107325,2026-07-07 14:08:23.438031,0 days 00:00:10.330706,30.60241159581516,18,COMPLETE
1911,0.02020742066723269,0.4662880303500586,2026-07-07 14:08:13.435170,2026-07-07 14:08:22.804581,0 days 00:00:09.369411,73.86379926055986,18,COMPLETE
1912,0.016056905953564404,0.4671315152974345,2026-07-07 14:08:13.442653,2026-07-07 14:08:24.297648,0 days 00:00:10.854995,39.78374847831633,18,COMPLETE
1913,0.010900509766937239,0.4680022468670044,2026-07-07 14:08:13.772268,2026-07-07 14:08:18.016476,0 days 00:00:04.244208,31.699923027880413,18,COMPLETE
1914,0.025416929485614526,0.4656435830060096,2026-07-07 14:08:14.086946,2026-07-07 14:08:27.020675,0 days 00:00:12.933729,95.3329154997613,18,COMPLETE
1915,0.014170811639079073,0.4676911217409407,2026-07-07 14:08:14.419200,2026-07-07 14:08:25.007728,0 days 00:00:10.588528,21.64571335477271,18,COMPLETE
1916,0.020761034338229623,0.4662569987613755,2026-07-07 14:08:14.422818,2026-07-07 14:08:25.649832,0 days 00:00:11.227014,67.40472079772641,18,COMPLETE
1917,0.01556828804542737,0.4670779921911727,2026-07-07 14:08:14.430522,2026-07-07 14:08:24.296746,0 days 00:00:09.866224,29.084174515812194,18,COMPLETE
1918,0.013565041204494532,0.46745094682360094,2026-07-07 14:08:14.457944,2026-07-07 14:08:24.466127,0 days 00:00:10.008183,37.33991094634507,18,COMPLETE
1919,0.015839055207957475,0.4671507566577046,2026-07-07 14:08:14.459390,2026-07-07 14:08:24.660025,0 days 00:00:10.200635,25.28444447260023,18,COMPLETE
1920,0.02281176507736693,0.46600486169144195,2026-07-07 14:08:14.469129,2026-07-07 14:08:24.493193,0 days 00:00:10.024064,83.1634381301982,18,COMPLETE
1921,0.02521748446282357,0.4656652290963816,2026-07-07 14:08:15.607256,2026-07-07 14:08:25.646235,0 days 00:00:10.038979,96.78552587337091,18,COMPLETE
1922,0.0195201983076545,0.4664570721346864,2026-07-07 14:08:15.639122,2026-07-07 14:08:26.838484,0 days 00:00:11.199362,58.17660469661464,18,COMPLETE
1923,0.0037468490034435753,0.46942778990803413,2026-07-07 14:08:16.140912,2026-07-07 14:08:30.551736,0 days 00:00:14.410824,11.800614635384706,18,COMPLETE
1924,0.016882898801420465,0.4668158142074367,2026-07-07 14:08:16.790476,2026-07-07 14:08:30.910034,0 days 00:00:14.119558,3.12907345701568,18,COMPLETE
1925,0.017730883789279672,0.4668209672055409,2026-07-07 14:08:16.799831,2026-07-07 14:08:19.705276,0 days 00:00:02.905445,42.121569979096876,18,COMPLETE
1926,0.020577918172180576,0.4662198130432311,2026-07-07 14:08:16.833191,2026-07-07 14:08:26.342392,0 days 00:00:09.509201,73.1610140215157,18,COMPLETE
1927,0.01074841564467055,0.46803321469641596,2026-07-07 14:08:17.002562,2026-07-07 14:08:25.809835,0 days 00:00:08.807273,19.74198460216897,18,COMPLETE
1928,0.023230482996589474,0.46597184516000806,2026-07-07 14:08:17.185546,2026-07-07 14:08:23.274779,0 days 00:00:06.089233,85.63227069889797,19,COMPLETE
1929,0.020967868086543162,0.4662082575907541,2026-07-07 14:08:17.186652,2026-07-07 14:08:26.860881,0 days 00:00:09.674229,60.326771337994195,18,COMPLETE
1930,0.025134521119312303,0.4656761087954627,2026-07-07 14:08:17.525398,2026-07-07 14:08:27.019161,0 days 00:00:09.493763,97.12636726551338,19,COMPLETE
1931,0.011182943238998322,0.46790452380440456,2026-07-07 14:08:17.539593,2026-07-07 14:08:25.164852,0 days 00:00:07.625259,11.861502849842234,19,COMPLETE
1932,0.02213793881388021,0.4660008963571367,2026-07-07 14:08:18.012904,2026-07-07 14:08:24.091878,0 days 00:00:06.078974,70.02805553502958,19,COMPLETE
1933,0.018887820209985806,0.46680245746626714,2026-07-07 14:08:18.173732,2026-07-07 14:08:29.349596,0 days 00:00:11.175864,59.10249111524735,19,COMPLETE
1934,0.02218252889606509,0.46606220400772164,2026-07-07 14:08:18.333070,2026-07-07 14:08:27.529908,0 days 00:00:09.196838,64.54686510327107,19,COMPLETE
1935,0.023059218081892374,0.46599629511493335,2026-07-07 14:08:18.341831,2026-07-07 14:08:28.196968,0 days 00:00:09.855137,84.8589026382559,19,COMPLETE
1936,0.021175293221266378,0.46621525312159573,2026-07-07 14:08:18.344217,2026-07-07 14:08:27.023346,0 days 00:00:08.679129,77.57055328096132,19,COMPLETE
1937,0.02315057337667442,0.46598415662469533,2026-07-07 14:08:18.503884,2026-07-07 14:08:28.369907,0 days 00:00:09.866023,85.24352187948685,19,COMPLETE
1938,0.019578010891132536,0.4663819197003917,2026-07-07 14:08:18.507431,2026-07-07 14:08:25.832042,0 days 00:00:07.324611,74.36879592356071,19,COMPLETE
1939,0.015280232375569636,0.4672579388110726,2026-07-07 14:08:18.521882,2026-07-07 14:08:29.359216,0 days 00:00:10.837334,51.90394754436834,19,COMPLETE
1940,0.017602504824088372,0.4669055162522849,2026-07-07 14:08:18.532000,2026-07-07 14:08:29.553383,0 days 00:00:11.021383,39.025367834423825,19,COMPLETE
1941,0.01802555851053428,0.4668228033260386,2026-07-07 14:08:18.845293,2026-07-07 14:08:26.826821,0 days 00:00:07.981528,45.722981700429806,19,COMPLETE
1942,0.01875833443282726,0.46680626813569615,2026-07-07 14:08:18.868427,2026-07-07 14:08:28.382215,0 days 00:00:09.513788,59.072881063939754,19,COMPLETE
1943,0.02024710986881495,0.4662880335410158,2026-07-07 14:08:19.184885,2026-07-07 14:08:27.364899,0 days 00:00:08.180014,76.50087007504663,19,COMPLETE
1944,0.02214758183255816,0.46603369273351647,2026-07-07 14:08:19.186663,2026-07-07 14:08:31.406334,0 days 00:00:12.219671,65.37107033262308,19,COMPLETE
1945,0.009852374756350146,0.4680526759389106,2026-07-07 14:08:19.351343,2026-07-07 14:08:26.015437,0 days 00:00:06.664094,6.5460730669741265,19,COMPLETE
1946,0.01745767251270125,0.4670165624909219,2026-07-07 14:08:19.351552,2026-07-07 14:08:29.359429,0 days 00:00:10.007877,48.96822152577236,19,COMPLETE
1947,0.02417797350089751,0.4657606852313688,2026-07-07 14:08:19.364331,2026-07-07 14:08:31.937407,0 days 00:00:12.573076,88.66771801360534,19,COMPLETE
1948,0.019112713402199666,0.46649281985343144,2026-07-07 14:08:20.510788,2026-07-07 14:08:25.163988,0 days 00:00:04.653200,56.40232068614154,19,COMPLETE
1949,0.023349306671690162,0.4659475777627551,2026-07-07 14:08:20.522995,2026-07-07 14:08:25.841258,0 days 00:00:05.318263,86.14927430971224,19,COMPLETE
1950,0.012677891750978665,0.467648730646859,2026-07-07 14:08:20.526966,2026-07-07 14:08:31.089885,0 days 00:00:10.562919,18.308664970786992,19,COMPLETE
1951,0.01566628725251623,0.4670979239551676,2026-07-07 14:08:20.544069,2026-07-07 14:08:27.858768,0 days 00:00:07.314699,52.70221625033546,19,COMPLETE
1952,0.015407076534020347,0.467222891508334,2026-07-07 14:08:20.724107,2026-07-07 14:08:30.895522,0 days 00:00:10.171415,26.99413252058314,19,COMPLETE
1953,0.011618752094771756,0.46800968388429354,2026-07-07 14:08:20.726181,2026-07-07 14:08:26.854760,0 days 00:00:06.128579,21.040848320337794,19,COMPLETE
1954,0.013662832794182178,0.46750609492342976,2026-07-07 14:08:20.752320,2026-07-07 14:08:31.938272,0 days 00:00:11.185952,43.35443020072395,19,COMPLETE
1955,0.020310100901328565,0.4664195077910419,2026-07-07 14:08:20.769974,2026-07-07 14:08:31.596418,0 days 00:00:10.826444,59.84782892868406,19,COMPLETE
1956,0.02175331293475191,0.4661069625161542,2026-07-07 14:08:20.955346,2026-07-07 14:08:29.353849,0 days 00:00:08.398503,68.59100985924313,19,COMPLETE
1957,0.016218256239625806,0.46697034381773245,2026-07-07 14:08:21.115478,2026-07-07 14:08:31.410556,0 days 00:00:10.295078,39.14192615087765,19,COMPLETE
1958,0.00670307809744064,0.46880152685272874,2026-07-07 14:08:21.299204,2026-07-07 14:08:30.885881,0 days 00:00:09.586677,13.102955581017246,19,COMPLETE
1959,0.025409619352571966,0.4656445980069499,2026-07-07 14:08:21.459567,2026-07-07 14:08:31.598186,0 days 00:00:10.138619,95.21300552066695,19,COMPLETE
1960,0.017955306168066065,0.46691839101445565,2026-07-07 14:08:21.463509,2026-07-07 14:08:32.119533,0 days 00:00:10.656024,51.84216259224269,19,COMPLETE
1961,0.01368214428672404,0.46756329281443476,2026-07-07 14:08:21.621391,2026-07-07 14:08:28.376719,0 days 00:00:06.755328,20.88566050210964,19,COMPLETE
1962,0.01977007098055339,0.4663116422250581,2026-07-07 14:08:21.941468,2026-07-07 14:08:31.615812,0 days 00:00:09.674344,75.73421785715576,19,COMPLETE
1963,0.02522920868583145,0.46566381027975606,2026-07-07 14:08:22.437194,2026-07-07 14:08:32.134753,0 days 00:00:09.697559,96.74090503720242,19,COMPLETE
1964,0.01671650586696216,0.4669112318322962,2026-07-07 14:08:22.463647,2026-07-07 14:08:33.524944,0 days 00:00:11.061297,38.185726661386546,19,COMPLETE
1965,0.02068650740724537,0.46621540123192134,2026-07-07 14:08:22.467720,2026-07-07 14:08:31.414673,0 days 00:00:08.946953,72.78921442141471,19,COMPLETE
1966,0.01182342277763787,0.46790196016022145,2026-07-07 14:08:22.469335,2026-07-07 14:08:32.137739,0 days 00:00:09.668404,35.56967975656079,19,COMPLETE
1967,0.01133734288669308,0.4678481826527815,2026-07-07 14:08:22.627770,2026-07-07 14:08:32.119682,0 days 00:00:09.491912,31.855962681337946,19,COMPLETE
1968,0.013190178214007975,0.4673802803263012,2026-07-07 14:08:23.454199,2026-07-07 14:08:33.845365,0 days 00:00:10.391166,7.853008337553899,19,COMPLETE
1969,0.020861451712133494,0.46643276383401994,2026-07-07 14:08:24.262579,2026-07-07 14:08:36.153081,0 days 00:00:11.890502,63.2802329300838,19,COMPLETE
1970,0.024181460061723004,0.465757961104946,2026-07-07 14:08:24.304972,2026-07-07 14:08:28.719601,0 days 00:00:04.414629,89.04919927074982,19,COMPLETE
1971,0.016557501871467706,0.4670939577222729,2026-07-07 14:08:24.485154,2026-07-07 14:08:39.845586,0 days 00:00:15.360432,46.44789102481252,19,COMPLETE
1972,0.02072680397372445,0.46625284106254805,2026-07-07 14:08:24.677374,2026-07-07 14:08:37.550409,0 days 00:00:12.873035,77.85119316475985,19,COMPLETE
1973,0.0064602434421997534,0.4686727054767361,2026-07-07 14:08:24.679686,2026-07-07 14:08:33.855377,0 days 00:00:09.175691,12.909793357117023,19,COMPLETE
1974,0.021577568242970357,0.4662365068061193,2026-07-07 14:08:24.681982,2026-07-07 14:08:37.944242,0 days 00:00:13.262260,64.03270685544176,19,COMPLETE
1975,0.02422761126534001,0.4657451585361843,2026-07-07 14:08:24.838498,2026-07-07 14:08:37.581072,0 days 00:00:12.742574,89.35631971113176,19,COMPLETE
1976,0.19994360250323068,0.4402685693943219,2026-07-07 14:08:24.999169,2026-07-07 14:08:30.538141,0 days 00:00:05.538972,0.11103314521025637,19,COMPLETE
1977,0.010257345449116051,0.46791824190792086,2026-07-07 14:08:25.483265,2026-07-07 14:08:33.843536,0 days 00:00:08.360271,9.90306529392919,19,COMPLETE
1978,0.017648029390404607,0.4668438453481472,2026-07-07 14:08:25.485349,2026-07-07 14:08:36.166591,0 days 00:00:10.681242,42.674057219968674,19,COMPLETE
1979,0.01913588790067078,0.46680133006292723,2026-07-07 14:08:25.646927,2026-07-07 14:08:31.780265,0 days 00:00:06.133338,23.42787704694004,19,COMPLETE
1980,0.017434836914108465,0.4668168390552115,2026-07-07 14:08:25.821528,2026-07-07 14:08:32.318656,0 days 00:00:06.497128,46.86487216784361,19,COMPLETE
1981,0.020850203779097798,0.4662313246717023,2026-07-07 14:08:25.841469,2026-07-07 14:08:33.366463,0 days 00:00:07.524994,67.35261513809387,19,COMPLETE
1982,0.01564944009424013,0.46681064369701664,2026-07-07 14:08:26.176628,2026-07-07 14:08:36.128567,0 days 00:00:09.951939,8.250711547716277,19,COMPLETE
1983,0.015050560651921618,0.4672359127766438,2026-07-07 14:08:26.809313,2026-07-07 14:08:35.970457,0 days 00:00:09.161144,29.622336153085637,19,COMPLETE
1984,0.02513587572725584,0.46567532194519756,2026-07-07 14:08:26.811378,2026-07-07 14:08:35.003419,0 days 00:00:08.192041,93.80318975124396,19,COMPLETE
1985,0.015325675010979312,0.4672848265248346,2026-07-07 14:08:26.820148,2026-07-07 14:08:35.965468,0 days 00:00:09.145320,27.568661768208937,19,COMPLETE
1986,0.01690860578377873,0.4668739787674686,2026-07-07 14:08:26.847706,2026-07-07 14:08:30.884774,0 days 00:00:04.037068,27.88452875795878,19,COMPLETE
1987,0.01544621493142545,0.46709574243755386,2026-07-07 14:08:27.019665,2026-07-07 14:08:34.986586,0 days 00:00:07.966921,3.8851401411037005,19,COMPLETE
1988,0.005293557723812903,0.46872298825584463,2026-07-07 14:08:27.023512,2026-07-07 14:08:37.522392,0 days 00:00:10.498880,10.098540919252995,19,COMPLETE
1989,0.00876518156878675,0.46842395986687246,2026-07-07 14:08:27.027051,2026-07-07 14:08:38.319153,0 days 00:00:11.292102,16.522115834132013,19,COMPLETE
1990,0.02269052845937347,0.4660101871927525,2026-07-07 14:08:27.195586,2026-07-07 14:08:37.550578,0 days 00:00:10.354992,82.51538493924126,19,COMPLETE
1991,0.02511791602787189,0.46567860692899476,2026-07-07 14:08:27.365141,2026-07-07 14:08:37.989456,0 days 00:00:10.624315,97.21994759166633,19,COMPLETE
1992,0.01585110428487685,0.46709389914859945,2026-07-07 14:08:27.523633,2026-07-07 14:08:37.547875,0 days 00:00:10.024242,37.53435002612174,19,COMPLETE
1993,0.0088036132876948,0.4685348580966025,2026-07-07 14:08:27.696462,2026-07-07 14:08:37.932252,0 days 00:00:10.235790,11.037900401566255,19,COMPLETE
1994,0.01780800054209053,0.46670173630855927,2026-07-07 14:08:27.698341,2026-07-07 14:08:39.843523,0 days 00:00:12.145182,25.57020534665328,19,COMPLETE
1995,0.02098178894145486,0.4662182290603906,2026-07-07 14:08:27.855471,2026-07-07 14:08:37.557817,0 days 00:00:09.702346,78.34775910696855,19,COMPLETE
1996,0.01871501989891866,0.4665264334045066,2026-07-07 14:08:27.861615,2026-07-07 14:08:37.962651,0 days 00:00:10.101036,57.09971581433111,19,COMPLETE
1997,0.012381838601126738,0.4675353671329795,2026-07-07 14:08:28.032556,2026-07-07 14:08:37.982718,0 days 00:00:09.950162,13.617227999572943,19,COMPLETE
1998,0.025120382145405018,0.465678227123956,2026-07-07 14:08:28.036713,2026-07-07 14:08:37.993137,0 days 00:00:09.956424,97.20461215922919,19,COMPLETE
1999,0.01801803402472013,0.46582402253713545,2026-07-07 14:08:28.192078,2026-07-07 14:08:37.975800,0 days 00:00:09.783722,1.1519402957827969,19,COMPLETE
2000,0.011015192282132602,0.46792523429107846,2026-07-07 14:08:28.195378,2026-07-07 14:08:41.483526,0 days 00:00:13.288148,28.26511290243628,19,COMPLETE
2001,0.01788834360565983,0.4667206913876069,2026-07-07 14:08:28.198745,2026-07-07 14:08:38.843884,0 days 00:00:10.645139,55.084345526675605,19,COMPLETE
2002,0.017122769095058443,0.4671881494301498,2026-07-07 14:08:28.548876,2026-07-07 14:08:38.342657,0 days 00:00:09.793781,34.895751388337814,19,COMPLETE
2003,0.015539127803985142,0.46715360427891056,2026-07-07 14:08:28.559506,2026-07-07 14:08:37.958773,0 days 00:00:09.399267,23.551585142331405,19,COMPLETE
2004,0.023452979240992433,0.4659222110965061,2026-07-07 14:08:29.032923,2026-07-07 14:08:40.999232,0 days 00:00:11.966309,86.49174876581613,19,COMPLETE
2005,0.009845961984617457,0.4680208511648466,2026-07-07 14:08:29.549107,2026-07-07 14:08:38.843159,0 days 00:00:09.294052,13.902587130466365,19,COMPLETE
2006,0.02051859935930378,0.4662571262099512,2026-07-07 14:08:29.713948,2026-07-07 14:08:36.163725,0 days 00:00:06.449777,71.78933129556408,19,COMPLETE
2007,0.017105311052333094,0.4667679861254922,2026-07-07 14:08:29.715210,2026-07-07 14:08:40.323699,0 days 00:00:10.608489,33.27143231535448,19,COMPLETE
2008,0.010737524115930763,0.46813095707429453,2026-07-07 14:08:29.722556,2026-07-07 14:08:37.979054,0 days 00:00:08.256498,17.887069093546078,19,COMPLETE
2009,0.016099368277901815,0.46714488485066297,2026-07-07 14:08:30.046338,2026-07-07 14:08:41.171627,0 days 00:00:11.125289,28.184275884754143,19,COMPLETE
2010,0.023728262067440775,0.4658564947540673,2026-07-07 14:08:30.552212,2026-07-07 14:08:38.003516,0 days 00:00:07.451304,87.48583324612358,19,COMPLETE
2011,0.018815032301320478,0.46680813159955176,2026-07-07 14:08:30.717447,2026-07-07 14:08:37.975091,0 days 00:00:07.257644,59.12788927942333,19,COMPLETE
2012,0.007400799336941544,0.4685911862781158,2026-07-07 14:08:30.893974,2026-07-07 14:08:40.665715,0 days 00:00:09.771741,12.647490309314117,19,COMPLETE
2013,0.02536684705511638,0.4656481926083104,2026-07-07 14:08:31.415349,2026-07-07 14:08:37.957778,0 days 00:00:06.542429,96.13070189648758,19,COMPLETE
2014,0.02284025145835511,0.4660010478475546,2026-07-07 14:08:31.421253,2026-07-07 14:08:40.637693,0 days 00:00:09.216440,83.32493963823127,19,COMPLETE
2015,0.022802291179403633,0.46600605022820674,2026-07-07 14:08:31.581853,2026-07-07 14:08:44.891337,0 days 00:00:13.309484,83.12164037058521,19,COMPLETE
