number,values_0,values_1,datetime_start,datetime_complete,duration,params_input_force,system_attrs_NSGAIISampler:generation,state
1158,0.02215184897307354,0.4660684619233237,2026-07-07 14:06:05.477431,2026-07-07 14:06:16.349441,0 days 00:00:10.872010,81.36230117130671,11,COMPLETE
1159,0.015747756786596845,0.4671177811687026,2026-07-07 14:06:05.634464,2026-07-07 14:06:16.007078,0 days 00:00:10.372614,33.17417581097499,11,COMPLETE
1160,0.021785510848517375,0.46618389481768835,2026-07-07 14:06:05.791989,2026-07-07 14:06:17.312481,0 days 00:00:11.520492,64.12191166782858,11,COMPLETE
1161,0.008863195223584142,0.46848049743594783,2026-07-07 14:06:05.792368,2026-07-07 14:06:14.666913,0 days 00:00:08.874545,12.127746525308684,11,COMPLETE
1162,0.017382209304647067,0.4668350933368237,2026-07-07 14:06:05.806802,2026-07-07 14:06:14.339115,0 days 00:00:08.532313,40.85771907050623,11,COMPLETE
1163,0.01232101807889252,0.46782437573007873,2026-07-07 14:06:05.820370,2026-07-07 14:06:12.634260,0 days 00:00:06.813890,22.07070816261662,11,COMPLETE
1164,0.015711793292295717,0.46720189329902606,2026-07-07 14:06:05.821313,2026-07-07 14:06:14.992425,0 days 00:00:09.171112,25.73254399365207,11,COMPLETE
1165,0.014565121495130895,0.46718998932821115,2026-07-07 14:06:06.483209,2026-07-07 14:06:12.799967,0 days 00:00:06.316758,33.5883640776158,11,COMPLETE
1166,0.014208747288215806,0.4675797704015866,2026-07-07 14:06:07.330308,2026-07-07 14:06:16.821777,0 days 00:00:09.491469,21.465501110703364,11,COMPLETE
1167,0.019840734267835336,0.4664481144749855,2026-07-07 14:06:07.521875,2026-07-07 14:06:12.804906,0 days 00:00:05.283031,53.68244290446219,11,COMPLETE
1168,0.014068051740542209,0.46750655602246693,2026-07-07 14:06:07.679242,2026-07-07 14:06:19.279651,0 days 00:00:11.600409,38.87887174687256,11,COMPLETE
1169,0.022049409170701695,0.4661221495405732,2026-07-07 14:06:08.318004,2026-07-07 14:06:13.300170,0 days 00:00:04.982166,64.24204117369571,11,COMPLETE
1170,0.024172668993785118,0.46576293058114393,2026-07-07 14:06:09.238263,2026-07-07 14:06:19.872886,0 days 00:00:10.634623,88.58338236599994,11,COMPLETE
1171,0.017300937779338277,0.4669167578150238,2026-07-07 14:06:09.409787,2026-07-07 14:06:19.672451,0 days 00:00:10.262664,42.17755841200409,11,COMPLETE
1172,0.019839930690550733,0.46650753092278474,2026-07-07 14:06:09.410968,2026-07-07 14:06:19.847657,0 days 00:00:10.436689,61.807116952935466,11,COMPLETE
1173,0.014660729067134504,0.46734183653509953,2026-07-07 14:06:09.595312,2026-07-07 14:06:20.575224,0 days 00:00:10.979912,30.95560909149623,11,COMPLETE
1174,0.015535513065990048,0.46727843987912204,2026-07-07 14:06:09.755603,2026-07-07 14:06:19.661108,0 days 00:00:09.905505,36.67383693233109,11,COMPLETE
1175,0.01918460464477212,0.4667180892927421,2026-07-07 14:06:09.760634,2026-07-07 14:06:15.814193,0 days 00:00:06.053559,59.14654005557727,11,COMPLETE
1176,0.018058308056229877,0.46675155957511416,2026-07-07 14:06:09.762527,2026-07-07 14:06:19.847248,0 days 00:00:10.084721,51.423952710406994,11,COMPLETE
1177,0.007809626445574813,0.4685373920129857,2026-07-07 14:06:09.763366,2026-07-07 14:06:22.425926,0 days 00:00:12.662560,33.97381357326282,11,COMPLETE
1178,0.020800799139289727,0.4662582715706649,2026-07-07 14:06:09.764952,2026-07-07 14:06:19.290771,0 days 00:00:09.525819,77.00022085766493,11,COMPLETE
1179,0.019197267698530807,0.466469940251935,2026-07-07 14:06:09.922411,2026-07-07 14:06:19.837115,0 days 00:00:09.914704,56.47114226368137,11,COMPLETE
1180,0.025417834351862456,0.4656438306082796,2026-07-07 14:06:09.923442,2026-07-07 14:06:20.774463,0 days 00:00:10.851021,95.55780860780266,11,COMPLETE
1181,0.011342949856148699,0.46793110777964825,2026-07-07 14:06:09.929216,2026-07-07 14:06:20.543647,0 days 00:00:10.614431,26.405942307561094,11,COMPLETE
1182,0.022603364297792417,0.4660160271151611,2026-07-07 14:06:09.932306,2026-07-07 14:06:20.592828,0 days 00:00:10.660522,82.22759016853554,11,COMPLETE
1183,0.011882031899175638,0.46755375330909243,2026-07-07 14:06:09.932872,2026-07-07 14:06:20.374607,0 days 00:00:10.441735,8.12576583043653,11,COMPLETE
1184,0.01789384101506103,0.4667659053287731,2026-07-07 14:06:09.952331,2026-07-07 14:06:19.855547,0 days 00:00:09.903216,54.51668970089014,11,COMPLETE
1185,0.007633829892933763,0.46831689970904616,2026-07-07 14:06:10.601743,2026-07-07 14:06:20.770794,0 days 00:00:10.169051,18.71823008589769,11,COMPLETE
1186,0.01730990491487372,0.46696493424889496,2026-07-07 14:06:10.603661,2026-07-07 14:06:20.605841,0 days 00:00:10.002180,48.06453962310388,11,COMPLETE
1187,0.02219153610346153,0.46602464592810317,2026-07-07 14:06:10.781499,2026-07-07 14:06:20.538278,0 days 00:00:09.756779,69.11857041015638,11,COMPLETE
1188,0.015929416252187967,0.4668953691577429,2026-07-07 14:06:10.783708,2026-07-07 14:06:20.371706,0 days 00:00:09.587998,3.844446825946925,11,COMPLETE
1189,0.025231643969412743,0.46566599359216965,2026-07-07 14:06:10.784989,2026-07-07 14:06:20.774219,0 days 00:00:09.989230,94.2381833887085,11,COMPLETE
1190,0.012378832984714372,0.46771687808352513,2026-07-07 14:06:11.253281,2026-07-07 14:06:20.773562,0 days 00:00:09.520281,14.51815689380038,11,COMPLETE
1191,0.017206008606284018,0.4669002782847357,2026-07-07 14:06:11.574085,2026-07-07 14:06:25.440105,0 days 00:00:13.866020,39.54810572794036,11,COMPLETE
1192,0.020969156125736466,0.4662078653096924,2026-07-07 14:06:11.574476,2026-07-07 14:06:22.478731,0 days 00:00:10.904255,70.56977519807167,11,COMPLETE
1193,0.021192806639688366,0.46620144249624246,2026-07-07 14:06:11.591455,2026-07-07 14:06:21.581337,0 days 00:00:09.989882,61.105712242814285,11,COMPLETE
1194,0.02284103532447973,0.4660009494718248,2026-07-07 14:06:11.904741,2026-07-07 14:06:17.784794,0 days 00:00:05.880053,83.33139426797918,11,COMPLETE
1195,0.020775406911696603,0.4661998639094477,2026-07-07 14:06:12.080607,2026-07-07 14:06:22.640464,0 days 00:00:10.559857,72.62520821539181,11,COMPLETE
1196,0.019255276617255845,0.4666292736426989,2026-07-07 14:06:12.083720,2026-07-07 14:06:21.751551,0 days 00:00:09.667831,60.14250361228899,11,COMPLETE
1197,0.023875194032657587,0.4648442838133921,2026-07-07 14:06:12.088388,2026-07-07 14:06:21.785407,0 days 00:00:09.697019,1.910707172339369,11,COMPLETE
1198,0.016763523427091864,0.46708712676479225,2026-07-07 14:06:12.806519,2026-07-07 14:06:22.458258,0 days 00:00:09.651739,42.817934136340895,11,COMPLETE
1199,0.014537417834101729,0.4670254217157257,2026-07-07 14:06:12.815200,2026-07-07 14:06:22.643495,0 days 00:00:09.828295,3.3892951761400387,11,COMPLETE
1200,0.011129571311108588,0.46775780360256597,2026-07-07 14:06:13.934974,2026-07-07 14:06:23.277669,0 days 00:00:09.342695,18.351068290276658,11,COMPLETE
1201,0.02021985660605158,0.4662853651851863,2026-07-07 14:06:13.939373,2026-07-07 14:06:23.281188,0 days 00:00:09.341815,73.84941608197025,11,COMPLETE
1202,0.02515874877938984,0.4656731665564692,2026-07-07 14:06:13.946858,2026-07-07 14:06:18.767931,0 days 00:00:04.821073,93.91021066023566,11,COMPLETE
1203,0.018645632504432408,0.466735240537096,2026-07-07 14:06:14.107852,2026-07-07 14:06:23.293255,0 days 00:00:09.185403,49.56443301694253,11,COMPLETE
1204,0.020076352765101446,0.46638825958230035,2026-07-07 14:06:14.111655,2026-07-07 14:06:19.670219,0 days 00:00:05.558564,53.78051800700113,11,COMPLETE
1205,0.0229991222831874,0.46600413982330047,2026-07-07 14:06:14.148722,2026-07-07 14:06:21.744992,0 days 00:00:07.596270,84.6496754574033,11,COMPLETE
1206,0.016796639656980694,0.46699829136720733,2026-07-07 14:06:14.150343,2026-07-07 14:06:25.768746,0 days 00:00:11.618403,40.82580127358386,11,COMPLETE
1207,0.01955925687906418,0.4663840167566767,2026-07-07 14:06:14.153397,2026-07-07 14:06:25.395625,0 days 00:00:11.242228,74.37823716215895,11,COMPLETE
1208,0.02016408223647237,0.46636586191421747,2026-07-07 14:06:14.333342,2026-07-07 14:06:25.377200,0 days 00:00:11.043858,67.04137418597644,11,COMPLETE
1209,0.020512424208879387,0.46623757442407626,2026-07-07 14:06:14.341476,2026-07-07 14:06:25.769065,0 days 00:00:11.427589,55.79531029746786,11,COMPLETE
1210,0.01771105587616717,0.4667605496877074,2026-07-07 14:06:14.675681,2026-07-07 14:06:27.348001,0 days 00:00:12.672320,44.67811502432953,12,COMPLETE
1211,0.012946214560522806,0.4677535172042895,2026-07-07 14:06:14.992299,2026-07-07 14:06:20.549317,0 days 00:00:05.557018,35.96043622976043,12,COMPLETE
1212,0.0688544026967765,0.4580999741029836,2026-07-07 14:06:14.993140,2026-07-07 14:06:20.592241,0 days 00:00:05.599101,0.7691759602962848,12,COMPLETE
1213,0.012535005926601006,0.4675301768702191,2026-07-07 14:06:15.307251,2026-07-07 14:06:26.108583,0 days 00:00:10.801332,18.487875637071465,12,COMPLETE
1214,0.01655007615028381,0.467266874896768,2026-07-07 14:06:15.309198,2026-07-07 14:06:25.769424,0 days 00:00:10.460226,43.81272416756911,12,COMPLETE
1215,0.015997097220660228,0.46700826586711114,2026-07-07 14:06:15.310074,2026-07-07 14:06:27.150109,0 days 00:00:11.840035,37.61830620897925,12,COMPLETE
1216,0.02152436675213254,0.46613579202106326,2026-07-07 14:06:15.312383,2026-07-07 14:06:28.012656,0 days 00:00:12.700273,41.65103884924277,12,COMPLETE
1217,0.014744835312950566,0.4674602565314671,2026-07-07 14:06:15.314425,2026-07-07 14:06:26.772345,0 days 00:00:11.457920,21.222549989224845,12,COMPLETE
1218,0.02034767148226707,0.4663233661817093,2026-07-07 14:06:15.627295,2026-07-07 14:06:25.935089,0 days 00:00:10.307794,66.87619073447604,12,COMPLETE
1219,0.024881817942716378,0.4657058208384145,2026-07-07 14:06:15.630569,2026-07-07 14:06:27.122109,0 days 00:00:11.491540,98.08943442293409,12,COMPLETE
1220,0.023333940942826703,0.46595179544069637,2026-07-07 14:06:15.631734,2026-07-07 14:06:26.774236,0 days 00:00:11.142502,86.09168840628712,12,COMPLETE
1221,0.019975613236287104,0.4662915158993403,2026-07-07 14:06:15.633684,2026-07-07 14:06:20.370555,0 days 00:00:04.736871,76.2391490399728,12,COMPLETE
1222,0.01872951059049527,0.4665226021827369,2026-07-07 14:06:15.822440,2026-07-07 14:06:25.389588,0 days 00:00:09.567148,57.07882781857121,12,COMPLETE
1223,0.019013450755451522,0.4664514953171196,2026-07-07 14:06:15.837545,2026-07-07 14:06:25.941233,0 days 00:00:10.103688,41.377281054659335,12,COMPLETE
1224,0.01825107426049416,0.46667169113070306,2026-07-07 14:06:15.997755,2026-07-07 14:06:26.956334,0 days 00:00:10.958579,55.20018272178529,12,COMPLETE
1225,0.016989404904194427,0.46645078201136364,2026-07-07 14:06:16.819844,2026-07-07 14:06:27.344337,0 days 00:00:10.524493,3.159896727627256,12,COMPLETE
1226,0.024895498816450035,0.4656992717364014,2026-07-07 14:06:17.469081,2026-07-07 14:06:30.883665,0 days 00:00:13.414584,92.825785498411,12,COMPLETE
1227,0.020808522647151495,0.46627425384089893,2026-07-07 14:06:17.626968,2026-07-07 14:06:22.456389,0 days 00:00:04.829421,77.13897305131066,12,COMPLETE
1228,0.021981581624280988,0.4660897181487549,2026-07-07 14:06:18.256339,2026-07-07 14:06:23.285100,0 days 00:00:05.028761,81.03034474709887,12,COMPLETE
1229,0.010920857430167186,0.46799447590714544,2026-07-07 14:06:18.260330,2026-07-07 14:06:27.126436,0 days 00:00:08.866106,31.845399929217475,12,COMPLETE
1230,0.016592089921644515,0.4670766645306378,2026-07-07 14:06:18.262005,2026-07-07 14:06:29.856782,0 days 00:00:11.594777,42.20445424090809,12,COMPLETE
1231,0.023089170326398234,0.46599193083776524,2026-07-07 14:06:19.102458,2026-07-07 14:06:29.202155,0 days 00:00:10.099697,84.9622523527995,12,COMPLETE
1232,0.011943801236696916,0.4674828794156947,2026-07-07 14:06:19.106799,2026-07-07 14:06:29.000330,0 days 00:00:09.893531,17.01911623601862,12,COMPLETE
1233,0.016248142298817603,0.4670314785178612,2026-07-07 14:06:19.666207,2026-07-07 14:06:30.948226,0 days 00:00:11.282019,37.27252102757848,12,COMPLETE
1234,0.021624422858836978,0.46609568171194693,2026-07-07 14:06:19.870440,2026-07-07 14:06:29.543677,0 days 00:00:09.673237,79.12048231412906,12,COMPLETE
1235,0.023128730137375264,0.46598685360526115,2026-07-07 14:06:20.368496,2026-07-07 14:06:29.868430,0 days 00:00:09.499934,85.13408743083667,12,COMPLETE
1236,0.012802079490516649,0.46744737992927876,2026-07-07 14:06:20.583922,2026-07-07 14:06:29.545230,0 days 00:00:08.961308,7.115292538288346,12,COMPLETE
1237,0.02048330236917001,0.4662685203729324,2026-07-07 14:06:20.587072,2026-07-07 14:06:25.382736,0 days 00:00:04.795664,70.98685349611065,12,COMPLETE
1238,0.016777648501550613,0.4671433418568907,2026-07-07 14:06:20.611164,2026-07-07 14:06:28.018843,0 days 00:00:07.407679,35.417370330594714,12,COMPLETE
1239,0.02164622252542464,0.4661298998347481,2026-07-07 14:06:20.774720,2026-07-07 14:06:31.612558,0 days 00:00:10.837838,80.38472846121444,12,COMPLETE
1240,0.008961119732036948,0.4683001052173362,2026-07-07 14:06:20.776643,2026-07-07 14:06:27.354647,0 days 00:00:06.578004,33.85726963067728,12,COMPLETE
1241,0.02463371084377136,0.4657393159505496,2026-07-07 14:06:20.933678,2026-07-07 14:06:31.114258,0 days 00:00:10.180580,98.59444549274271,12,COMPLETE
1242,0.018021240392371962,0.4667715840853292,2026-07-07 14:06:20.935552,2026-07-07 14:06:30.899209,0 days 00:00:09.963657,49.45272542309079,12,COMPLETE
1243,0.0179046205977082,0.46683295764279814,2026-07-07 14:06:21.091703,2026-07-07 14:06:30.186966,0 days 00:00:09.095263,51.27390065238014,12,COMPLETE
1244,0.019899773785854724,0.46659998134325353,2026-07-07 14:06:21.092302,2026-07-07 14:06:30.204447,0 days 00:00:09.112145,62.597056854167114,12,COMPLETE
1245,0.014943422387128869,0.46731985025168654,2026-07-07 14:06:21.093276,2026-07-07 14:06:31.606923,0 days 00:00:10.513647,36.84004790491218,12,COMPLETE
1246,0.025311564351223614,0.465656997731309,2026-07-07 14:06:21.415093,2026-07-07 14:06:31.597936,0 days 00:00:10.182843,94.59435190434857,12,COMPLETE
1247,0.013081617269840806,0.46743148754976693,2026-07-07 14:06:21.581721,2026-07-07 14:06:25.402570,0 days 00:00:03.820849,5.266606886730747,12,COMPLETE
1248,0.020760715595783186,0.4662280540083879,2026-07-07 14:06:21.583073,2026-07-07 14:06:29.378887,0 days 00:00:07.795814,71.26230079444389,12,COMPLETE
1249,0.020342674869147703,0.466400174876484,2026-07-07 14:06:21.744634,2026-07-07 14:06:30.701933,0 days 00:00:08.957299,55.63382430194351,12,COMPLETE
1250,0.016967578586849774,0.46686826124621245,2026-07-07 14:06:21.745976,2026-07-07 14:06:31.598649,0 days 00:00:09.852673,37.49612592389334,12,COMPLETE
1251,0.008048599203682505,0.46840729952196236,2026-07-07 14:06:21.747001,2026-07-07 14:06:28.667069,0 days 00:00:06.920068,11.468945645552607,12,COMPLETE
1252,0.012940011601635715,0.4674539182119602,2026-07-07 14:06:21.751039,2026-07-07 14:06:27.149895,0 days 00:00:05.398856,8.963437635169495,12,COMPLETE
1253,0.01374846419994219,0.46770323544771597,2026-07-07 14:06:21.754378,2026-07-07 14:06:30.885839,0 days 00:00:09.131461,19.615508427282602,12,COMPLETE
1254,0.016218953587493534,0.467182398277118,2026-07-07 14:06:21.756346,2026-07-07 14:06:30.935050,0 days 00:00:09.178704,46.57553625990739,12,COMPLETE
1255,0.010914747829782467,0.4679876013780581,2026-07-07 14:06:21.765613,2026-07-07 14:06:28.669655,0 days 00:00:06.904042,31.20381153359232,12,COMPLETE
1256,0.00796785457037108,0.4685536133594846,2026-07-07 14:06:21.767827,2026-07-07 14:06:33.416784,0 days 00:00:11.648957,10.431078156386956,12,COMPLETE
1257,0.011893295369100276,0.4678018093409809,2026-07-07 14:06:21.769917,2026-07-07 14:06:28.018228,0 days 00:00:06.248311,32.191044635446055,12,COMPLETE
1258,0.012686667994285084,0.46748668112516956,2026-07-07 14:06:21.771512,2026-07-07 14:06:34.601304,0 days 00:00:12.829792,33.68573396772941,12,COMPLETE
1259,0.025100870416285614,0.46567867617537484,2026-07-07 14:06:21.779594,2026-07-07 14:06:31.626928,0 days 00:00:09.847334,93.63472921294378,12,COMPLETE
1260,0.005141231964362114,0.46908184623970367,2026-07-07 14:06:22.250314,2026-07-07 14:06:31.941902,0 days 00:00:09.691588,10.161440239053936,12,COMPLETE
1261,0.016869083546965757,0.4670196835998902,2026-07-07 14:06:22.468370,2026-07-07 14:06:30.916849,0 days 00:00:08.448479,41.87021598000496,12,COMPLETE
1262,0.009874075183888997,0.46804046886737866,2026-07-07 14:06:22.803112,2026-07-07 14:06:34.273610,0 days 00:00:11.470498,9.434618423281547,12,COMPLETE
1263,0.02345862941626692,0.46592079087560573,2026-07-07 14:06:22.805814,2026-07-07 14:06:34.261359,0 days 00:00:11.455545,86.51149264164287,12,COMPLETE
1264,0.02478504758069766,0.4657034247765265,2026-07-07 14:06:23.450122,2026-07-07 14:06:36.801753,0 days 00:00:13.351631,92.41145040069397,12,COMPLETE
1265,0.015423182691497173,0.46724274724368525,2026-07-07 14:06:23.760891,2026-07-07 14:06:33.918737,0 days 00:00:10.157846,40.54918935430998,12,COMPLETE
1266,0.020450200873875002,0.46629190926000863,2026-07-07 14:06:24.072642,2026-07-07 14:06:36.419055,0 days 00:00:12.346413,66.6084970441497,12,COMPLETE
1267,0.010977316370979817,0.467843159562533,2026-07-07 14:06:24.075054,2026-07-07 14:06:33.926102,0 days 00:00:09.851048,15.461271966092827,12,COMPLETE
1268,0.01893916520332256,0.46675545887679976,2026-07-07 14:06:25.024552,2026-07-07 14:06:35.084779,0 days 00:00:10.060227,45.641739186505966,12,COMPLETE
1269,0.017495501112791134,0.4668225855761484,2026-07-07 14:06:25.028582,2026-07-07 14:06:33.917125,0 days 00:00:08.888543,41.926000375235525,12,COMPLETE
1270,0.02423001385827983,0.4657423668714933,2026-07-07 14:06:25.032154,2026-07-07 14:06:36.786417,0 days 00:00:11.754263,89.58032673427282,12,COMPLETE
1271,0.014835018832610736,0.4671891106237226,2026-07-07 14:06:25.200818,2026-07-07 14:06:35.891741,0 days 00:00:10.690923,32.980333733338576,12,COMPLETE
1272,0.0158710081839174,0.46706568954432015,2026-07-07 14:06:25.201778,2026-07-07 14:06:39.696547,0 days 00:00:14.494769,22.981692309787626,12,COMPLETE
1273,0.018918607369307117,0.46675755445137884,2026-07-07 14:06:25.362081,2026-07-07 14:06:37.140272,0 days 00:00:11.778191,45.65741136051253,12,COMPLETE
1274,0.015187827500137585,0.46725839670053976,2026-07-07 14:06:26.793049,2026-07-07 14:06:40.200079,0 days 00:00:13.407030,42.945826647854794,12,COMPLETE
1275,0.017886401889316783,0.4667585272651535,2026-07-07 14:06:26.955891,2026-07-07 14:06:36.590248,0 days 00:00:09.634357,54.48813133826095,12,COMPLETE
1276,0.014970983308388364,0.4671966909580222,2026-07-07 14:06:26.956662,2026-07-07 14:06:34.102488,0 days 00:00:07.145826,31.836624522200783,12,COMPLETE
1277,0.015897129730668924,0.4667576131025173,2026-07-07 14:06:26.964916,2026-07-07 14:06:37.156150,0 days 00:00:10.191234,6.0816665103227345,12,COMPLETE
1278,0.015862090629459258,0.46695857849724315,2026-07-07 14:06:27.121915,2026-07-07 14:06:34.601622,0 days 00:00:07.479707,33.60014689224585,12,COMPLETE
1279,0.02150557029421163,0.46610506434381793,2026-07-07 14:06:27.152271,2026-07-07 14:06:36.258706,0 days 00:00:09.106435,78.87685981423414,12,COMPLETE
1280,0.02073925440578711,0.4662056121254772,2026-07-07 14:06:27.161163,2026-07-07 14:06:38.336966,0 days 00:00:11.175803,72.69654891434607,12,COMPLETE
1281,0.019605145838714255,0.4663514578656364,2026-07-07 14:06:27.162693,2026-07-07 14:06:36.590555,0 days 00:00:09.427862,75.1439678744669,12,COMPLETE
1282,0.18532856498054806,0.44238040536217205,2026-07-07 14:06:27.164304,2026-07-07 14:06:36.977953,0 days 00:00:09.813649,0.17345381768946194,12,COMPLETE
1283,0.017241565322598018,0.46683286036796035,2026-07-07 14:06:27.334290,2026-07-07 14:06:37.336613,0 days 00:00:10.002323,2.5612694248580965,12,COMPLETE
1284,0.012841385320084886,0.46749285497482185,2026-07-07 14:06:27.348763,2026-07-07 14:06:37.152514,0 days 00:00:09.803751,31.481571199864597,12,COMPLETE
1285,0.006012182040297631,0.46863969169299674,2026-07-07 14:06:27.356072,2026-07-07 14:06:35.089656,0 days 00:00:07.733584,13.710568874586015,12,COMPLETE
1286,0.02436786808938529,0.4657696345774874,2026-07-07 14:06:27.516525,2026-07-07 14:06:36.595167,0 days 00:00:09.078642,99.94454516857373,12,COMPLETE
1287,0.0186214205055536,0.4665378287843286,2026-07-07 14:06:27.524008,2026-07-07 14:06:37.334413,0 days 00:00:09.810405,56.979840527197275,12,COMPLETE
1288,0.024239235788207747,0.46574714745088347,2026-07-07 14:06:27.525391,2026-07-07 14:06:37.654409,0 days 00:00:10.129018,89.27915686581777,12,COMPLETE
1289,0.019463247517625237,0.46639590556146004,2026-07-07 14:06:27.529509,2026-07-07 14:06:33.423503,0 days 00:00:05.893994,74.4287359320495,12,COMPLETE
1290,0.024972546565134535,0.46569451710149357,2026-07-07 14:06:27.531631,2026-07-07 14:06:37.654667,0 days 00:00:10.123036,97.89528843986564,12,COMPLETE
1291,0.01698917535682204,0.46695539713653833,2026-07-07 14:06:28.003259,2026-07-07 14:06:36.084488,0 days 00:00:08.081229,41.12298932685466,12,COMPLETE
1292,0.021336845823464123,0.4661638853427985,2026-07-07 14:06:28.006479,2026-07-07 14:06:37.327715,0 days 00:00:09.321236,68.14084563633418,12,COMPLETE
1293,0.01646834224812299,0.4669742167308314,2026-07-07 14:06:28.488555,2026-07-07 14:06:39.179678,0 days 00:00:10.691123,38.18554288563468,12,COMPLETE
1294,0.016574390500471714,0.46694612617031483,2026-07-07 14:06:28.666286,2026-07-07 14:06:39.021399,0 days 00:00:10.355113,44.28017936115804,12,COMPLETE
1295,0.01007219940645504,0.46815709020826246,2026-07-07 14:06:28.981837,2026-07-07 14:06:35.891600,0 days 00:00:06.909763,16.57509492193617,12,COMPLETE
1296,0.012384367182031064,0.46768171204195463,2026-07-07 14:06:29.198628,2026-07-07 14:06:39.695659,0 days 00:00:10.497031,7.41730732994616,12,COMPLETE
1297,0.019191330907318116,0.46671371772160936,2026-07-07 14:06:29.199506,2026-07-07 14:06:39.719324,0 days 00:00:10.519818,59.14762378031457,12,COMPLETE
1298,0.012546464527881163,0.4674221966516977,2026-07-07 14:06:29.700463,2026-07-07 14:06:39.696204,0 days 00:00:09.995741,9.02265927534863,12,COMPLETE
1299,0.024981240637641178,0.46569082312356685,2026-07-07 14:06:29.861191,2026-07-07 14:06:35.574334,0 days 00:00:05.713143,93.08904538096768,12,COMPLETE
1300,0.02278095503045663,0.46600849852103843,2026-07-07 14:06:30.204771,2026-07-07 14:06:39.709371,0 days 00:00:09.504600,83.02990469526605,12,COMPLETE
