number,values_0,values_1,datetime_start,datetime_complete,duration,params_input_force,system_attrs_NSGAIISampler:generation,state
3303,0.02055858558578688,0.46625473283885044,2026-07-07 14:12:09.377039,2026-07-07 14:12:18.716172,0 days 00:00:09.339133,71.68372335663314,32,COMPLETE
3304,0.010518122158091114,0.467943022870257,2026-07-07 14:12:09.379072,2026-07-07 14:12:22.201509,0 days 00:00:12.822437,12.37966504749705,32,COMPLETE
3305,0.017908935076385468,0.4668320019188451,2026-07-07 14:12:09.380689,2026-07-07 14:12:19.592123,0 days 00:00:10.211434,51.27157061203451,32,COMPLETE
3306,0.014122123418236321,0.4673447094572587,2026-07-07 14:12:09.542653,2026-07-07 14:12:18.695432,0 days 00:00:09.152779,30.789354179443112,32,COMPLETE
3307,0.02044647990661741,0.4662791362379771,2026-07-07 14:12:09.546274,2026-07-07 14:12:19.249372,0 days 00:00:09.703098,70.91842391040713,32,COMPLETE
3308,0.013513100637095765,0.4675887195662764,2026-07-07 14:12:09.548833,2026-07-07 14:12:16.967016,0 days 00:00:07.418183,32.116009568234624,32,COMPLETE
3309,0.015603003805516158,0.4671421775812063,2026-07-07 14:12:09.705982,2026-07-07 14:12:17.665944,0 days 00:00:07.959962,26.71172056818138,32,COMPLETE
3310,0.01942450253634631,0.46639500430630115,2026-07-07 14:12:09.887696,2026-07-07 14:12:18.878429,0 days 00:00:08.990733,74.85776644564318,32,COMPLETE
3311,0.017200617560855613,0.4669475892224189,2026-07-07 14:12:10.234348,2026-07-07 14:12:19.235567,0 days 00:00:09.001219,48.60113906043427,32,COMPLETE
3312,0.02086434145564453,0.46619304533791883,2026-07-07 14:12:10.244303,2026-07-07 14:12:19.247692,0 days 00:00:09.003389,72.20462459708725,32,COMPLETE
3313,0.018066479176338635,0.46672923791128285,2026-07-07 14:12:11.044766,2026-07-07 14:12:23.779381,0 days 00:00:12.734615,54.37157855495238,32,COMPLETE
3314,0.012884966817629573,0.467631787977975,2026-07-07 14:12:11.120419,2026-07-07 14:12:22.541009,0 days 00:00:11.420590,32.99141920063438,32,COMPLETE
3315,0.023609532057117133,0.46588156772680733,2026-07-07 14:12:11.758791,2026-07-07 14:12:17.629361,0 days 00:00:05.870570,86.9817173272151,32,COMPLETE
3316,0.0100284813209372,0.46815096287228253,2026-07-07 14:12:12.288792,2026-07-07 14:12:23.060344,0 days 00:00:10.771552,34.55290209809308,32,COMPLETE
3317,0.016837878660848682,0.4664980121137232,2026-07-07 14:12:12.291549,2026-07-07 14:12:17.662157,0 days 00:00:05.370608,3.019287894395767,32,COMPLETE
3318,0.017177820971747193,0.46680036917317974,2026-07-07 14:12:12.293805,2026-07-07 14:12:23.087481,0 days 00:00:10.793676,25.591977888295425,32,COMPLETE
3319,0.017593376527300197,0.4668824391609675,2026-07-07 14:12:12.305382,2026-07-07 14:12:23.073426,0 days 00:00:10.768044,38.93216258142051,32,COMPLETE
3320,0.18005460565925296,0.4431088749208374,2026-07-07 14:12:12.462404,2026-07-07 14:12:23.785264,0 days 00:00:11.322860,0.1944731430418385,32,COMPLETE
3321,0.015295288270258167,0.46713658528890467,2026-07-07 14:12:12.463651,2026-07-07 14:12:22.893452,0 days 00:00:10.429801,34.17764319573886,32,COMPLETE
3322,0.005657582847447218,0.46900120924304467,2026-07-07 14:12:12.791113,2026-07-07 14:12:23.772020,0 days 00:00:10.980907,13.071749775746135,32,COMPLETE
3323,0.017559277311375854,0.46679066400820834,2026-07-07 14:12:12.796350,2026-07-07 14:12:23.067885,0 days 00:00:10.271535,54.674747183408904,32,COMPLETE
3324,0.021889970062650366,0.4661578565308956,2026-07-07 14:12:12.822386,2026-07-07 14:12:22.367923,0 days 00:00:09.545537,64.17421615275633,32,COMPLETE
3325,0.015427012794724582,0.46742309326161446,2026-07-07 14:12:12.828692,2026-07-07 14:12:19.256476,0 days 00:00:06.427784,20.26469493801283,32,COMPLETE
3326,0.016803227212968896,0.46686575873130365,2026-07-07 14:12:13.022735,2026-07-07 14:12:25.014658,0 days 00:00:11.991923,41.819073646830404,32,COMPLETE
3327,0.018607545272261272,0.46677573683667595,2026-07-07 14:12:13.030543,2026-07-07 14:12:22.548334,0 days 00:00:09.517791,59.20123432000252,32,COMPLETE
3328,0.016127041401696185,0.4669786998322965,2026-07-07 14:12:13.032702,2026-07-07 14:12:24.480253,0 days 00:00:11.447551,30.390861042962296,32,COMPLETE
3329,0.01677895139919433,0.4669441423660307,2026-07-07 14:12:13.193632,2026-07-07 14:12:24.452995,0 days 00:00:11.259363,38.203124275052595,32,COMPLETE
3330,0.012075567654735053,0.4676745458891656,2026-07-07 14:12:13.204457,2026-07-07 14:12:25.669108,0 days 00:00:12.464651,7.53842184310331,32,COMPLETE
3331,0.016891165219296123,0.46664416244063384,2026-07-07 14:12:13.361651,2026-07-07 14:12:23.084239,0 days 00:00:09.722588,4.218738384926221,32,COMPLETE
3332,0.020829502211340556,0.46626225360585616,2026-07-07 14:12:13.363162,2026-07-07 14:12:23.782953,0 days 00:00:10.419791,67.81553474608592,32,COMPLETE
3333,0.01896935306682901,0.46678713000134536,2026-07-07 14:12:13.517042,2026-07-07 14:12:25.012164,0 days 00:00:11.495122,59.09106859240952,32,COMPLETE
3334,0.015851282950295864,0.4671244426784039,2026-07-07 14:12:13.520706,2026-07-07 14:12:25.005215,0 days 00:00:11.484509,52.400870064881026,32,COMPLETE
3335,0.014723825375405397,0.46731750202718547,2026-07-07 14:12:13.521955,2026-07-07 14:12:25.000591,0 days 00:00:11.478636,29.626725701392438,32,COMPLETE
3336,0.006199730950181448,0.46892440299692195,2026-07-07 14:12:13.523141,2026-07-07 14:12:24.656567,0 days 00:00:11.133426,10.729077860037068,32,COMPLETE
3337,0.02226947805409396,0.46606600724714553,2026-07-07 14:12:14.456719,2026-07-07 14:12:22.202363,0 days 00:00:07.745644,64.41213515293708,32,COMPLETE
3338,0.020520124942496276,0.4664924976908578,2026-07-07 14:12:14.460747,2026-07-07 14:12:23.947262,0 days 00:00:09.486515,62.888910731297166,32,COMPLETE
3339,0.01628200982669631,0.46712993725313673,2026-07-07 14:12:14.618478,2026-07-07 14:12:24.649374,0 days 00:00:10.030896,47.4385691144703,32,COMPLETE
3340,0.020116320515184527,0.4662904605285248,2026-07-07 14:12:14.618891,2026-07-07 14:12:23.779110,0 days 00:00:09.160219,76.41452750085548,32,COMPLETE
3341,0.02283144296768319,0.46600223241377325,2026-07-07 14:12:14.938501,2026-07-07 14:12:20.394317,0 days 00:00:05.455816,83.26303476198294,32,COMPLETE
3342,0.019135546625915212,0.46661113817208905,2026-07-07 14:12:17.289422,2026-07-07 14:12:22.887837,0 days 00:00:05.598415,58.4670984836052,32,COMPLETE
3343,0.024603224432456994,0.465743200989301,2026-07-07 14:12:17.683024,2026-07-07 14:12:25.674810,0 days 00:00:07.991786,98.67538715106068,32,COMPLETE
3344,0.02324852055386295,0.46596910358667215,2026-07-07 14:12:18.017906,2026-07-07 14:12:27.857220,0 days 00:00:09.839314,85.70809030700977,32,COMPLETE
3345,0.017835775367473716,0.46680109654742424,2026-07-07 14:12:18.181534,2026-07-07 14:12:29.274029,0 days 00:00:11.092495,48.65780974750213,32,COMPLETE
3346,0.014522202220657865,0.4670946551647388,2026-07-07 14:12:18.697665,2026-07-07 14:12:29.063775,0 days 00:00:10.366110,5.392556803487328,32,COMPLETE
3347,0.024997467985950705,0.465689065562058,2026-07-07 14:12:18.699586,2026-07-07 14:12:25.681803,0 days 00:00:06.982217,93.15122628053238,32,COMPLETE
3348,0.012887266949534126,0.46777543239184066,2026-07-07 14:12:18.714669,2026-07-07 14:12:23.740187,0 days 00:00:05.025518,27.884944428881894,32,COMPLETE
3349,0.01197389740890964,0.46782265141424917,2026-07-07 14:12:18.717205,2026-07-07 14:12:28.049254,0 days 00:00:09.332049,9.282087985532572,32,COMPLETE
3350,0.0244579794802523,0.4657023903557378,2026-07-07 14:12:18.875265,2026-07-07 14:12:27.835647,0 days 00:00:08.960382,91.04314697126384,32,COMPLETE
3351,0.01942312141967234,0.46598867967112256,2026-07-07 14:12:18.878622,2026-07-07 14:12:26.497518,0 days 00:00:07.618896,2.547113096217826,32,COMPLETE
3352,0.009063784908998562,0.468304443417144,2026-07-07 14:12:18.894377,2026-07-07 14:12:28.044888,0 days 00:00:09.150511,5.404077097586717,32,COMPLETE
3353,0.013022526083311226,0.46762654653016406,2026-07-07 14:12:18.898184,2026-07-07 14:12:27.497335,0 days 00:00:08.599151,20.437503257721467,32,COMPLETE
3354,0.022706377377891718,0.4660101665311568,2026-07-07 14:12:18.905011,2026-07-07 14:12:28.868141,0 days 00:00:09.963130,82.59878518572123,32,COMPLETE
3355,0.013562645090891667,0.46739107342444725,2026-07-07 14:12:18.906991,2026-07-07 14:12:29.429199,0 days 00:00:10.522208,9.729613107578716,32,COMPLETE
3356,0.017990648140499166,0.4667087010986799,2026-07-07 14:12:19.218401,2026-07-07 14:12:28.037838,0 days 00:00:08.819437,55.144579960970944,32,COMPLETE
3357,0.011081479706176789,0.4675863849191685,2026-07-07 14:12:19.245860,2026-07-07 14:12:25.021310,0 days 00:00:05.775450,17.438814576408944,32,COMPLETE
3358,0.022141821369817016,0.4660344080077188,2026-07-07 14:12:19.256648,2026-07-07 14:12:23.736435,0 days 00:00:04.479787,69.04401318716032,32,COMPLETE
3359,0.015599824858010147,0.46722648029410624,2026-07-07 14:12:19.414452,2026-07-07 14:12:29.063209,0 days 00:00:09.648757,26.433447742680844,32,COMPLETE
3360,0.011731002421842718,0.4678856277336317,2026-07-07 14:12:19.415571,2026-07-07 14:12:29.230931,0 days 00:00:09.815360,16.58538430287803,32,COMPLETE
3361,0.01125197714917936,0.46773479648366634,2026-07-07 14:12:19.580806,2026-07-07 14:12:29.228744,0 days 00:00:09.647938,14.50852796912503,32,COMPLETE
3362,0.01624133953972018,0.46702878765209466,2026-07-07 14:12:19.582620,2026-07-07 14:12:29.270513,0 days 00:00:09.687893,37.20424794662735,32,COMPLETE
3363,0.020798769968378872,0.4662575874903765,2026-07-07 14:12:19.585414,2026-07-07 14:12:32.588198,0 days 00:00:13.002784,76.97944505939701,32,COMPLETE
3364,0.02104207780086914,0.4663961671941388,2026-07-07 14:12:19.587621,2026-07-07 14:12:32.430931,0 days 00:00:12.843310,63.52062873558364,32,COMPLETE
3365,0.023237804903175285,0.4659707203098835,2026-07-07 14:12:19.588795,2026-07-07 14:12:30.916704,0 days 00:00:11.327909,85.663521872472,32,COMPLETE
3366,0.014307423696346744,0.467271430220814,2026-07-07 14:12:19.590149,2026-07-07 14:12:29.234816,0 days 00:00:09.644667,11.665348701494272,32,COMPLETE
3367,0.022780098384252434,0.4660085890494059,2026-07-07 14:12:19.749247,2026-07-07 14:12:29.433126,0 days 00:00:09.683879,83.02618811495174,32,COMPLETE
3368,0.01374736113339764,0.46718276007301474,2026-07-07 14:12:19.751117,2026-07-07 14:12:28.536555,0 days 00:00:08.785438,4.233429701027543,32,COMPLETE
3369,0.018976409241148295,0.4666919985959517,2026-07-07 14:12:19.907735,2026-07-07 14:12:31.783852,0 days 00:00:11.876117,58.77885324395865,32,COMPLETE
3370,0.019377436359936995,0.46640533908578236,2026-07-07 14:12:19.911333,2026-07-07 14:12:28.550105,0 days 00:00:08.638772,74.77069109015758,32,COMPLETE
3371,0.014303699890694799,0.46736513402394153,2026-07-07 14:12:19.912931,2026-07-07 14:12:22.374410,0 days 00:00:02.461479,28.71999030575222,32,COMPLETE
3372,0.020847550168494766,0.46643600730035195,2026-07-07 14:12:20.071401,2026-07-07 14:12:29.436770,0 days 00:00:09.365369,63.25366827140579,32,COMPLETE
3373,0.013426127170023783,0.467747064602417,2026-07-07 14:12:20.382398,2026-07-07 14:12:29.266781,0 days 00:00:08.884383,35.645161042778206,32,COMPLETE
3374,0.010348022735243156,0.46794428998073784,2026-07-07 14:12:20.382908,2026-07-07 14:12:29.447901,0 days 00:00:09.064993,16.699896659752294,32,COMPLETE
3375,0.01275143631664205,0.4678025837365022,2026-07-07 14:12:20.555612,2026-07-07 14:12:27.476850,0 days 00:00:06.921238,19.70566895456291,32,COMPLETE
3376,0.017434806273240067,0.46673844631847083,2026-07-07 14:12:20.871164,2026-07-07 14:12:32.785159,0 days 00:00:11.913995,38.405754993125285,32,COMPLETE
3377,0.014197225539834324,0.4674191220423919,2026-07-07 14:12:21.837490,2026-07-07 14:12:31.298818,0 days 00:00:09.461328,43.364232783226285,32,COMPLETE
3378,0.01033217093119615,0.4680459865345186,2026-07-07 14:12:22.381660,2026-07-07 14:12:31.461230,0 days 00:00:09.079570,32.63549862610471,32,COMPLETE
3379,0.014470600530898825,0.46741562561953676,2026-07-07 14:12:23.748022,2026-07-07 14:12:32.957340,0 days 00:00:09.209318,31.262316681587784,33,COMPLETE
3380,0.01724312967255731,0.46703830118222406,2026-07-07 14:12:23.760506,2026-07-07 14:12:33.988378,0 days 00:00:10.227872,46.15643222112839,33,COMPLETE
3381,0.024090983635574548,0.4657867607589265,2026-07-07 14:12:23.769388,2026-07-07 14:12:33.779432,0 days 00:00:10.010044,88.16931306391537,33,COMPLETE
3382,0.021843328015067887,0.4661711236437237,2026-07-07 14:12:23.781582,2026-07-07 14:12:25.863296,0 days 00:00:02.081714,64.14018492020158,33,COMPLETE
3383,0.01697958373315611,0.46659036388897945,2026-07-07 14:12:23.947456,2026-07-07 14:12:33.298893,0 days 00:00:09.351437,3.9189273246852245,33,COMPLETE
3384,0.006788820044281829,0.46863961163276885,2026-07-07 14:12:23.949319,2026-07-07 14:12:34.929635,0 days 00:00:10.980316,10.022238875821996,33,COMPLETE
3385,0.019225642914183605,0.466222529339111,2026-07-07 14:12:23.957337,2026-07-07 14:12:32.105584,0 days 00:00:08.148247,5.714112140075617,33,COMPLETE
3386,0.022184369749683797,0.4660312581971798,2026-07-07 14:12:23.957706,2026-07-07 14:12:33.991091,0 days 00:00:10.033385,65.13695607326459,33,COMPLETE
3387,0.022099828673968924,0.46605302607802723,2026-07-07 14:12:24.127256,2026-07-07 14:12:34.026594,0 days 00:00:09.899338,64.95758824389264,33,COMPLETE
3388,0.018748255442657735,0.4667216473016259,2026-07-07 14:12:24.128895,2026-07-07 14:12:33.941094,0 days 00:00:09.812199,49.201255435743484,33,COMPLETE
3389,0.020753469143583614,0.4664533271548123,2026-07-07 14:12:24.447394,2026-07-07 14:12:33.985979,0 days 00:00:09.538585,63.117505502099156,33,COMPLETE
3390,0.022769124312770117,0.4660096823384141,2026-07-07 14:12:24.449537,2026-07-07 14:12:33.949506,0 days 00:00:09.499969,82.97776444768694,33,COMPLETE
3391,0.023044462839708457,0.4659985159279413,2026-07-07 14:12:24.461097,2026-07-07 14:12:31.260589,0 days 00:00:06.799492,84.81275875831516,33,COMPLETE
3392,0.009693248533824916,0.4683666180516879,2026-07-07 14:12:24.481036,2026-07-07 14:12:28.052962,0 days 00:00:03.571926,35.567083952700166,33,COMPLETE
3393,0.014517262577515178,0.46726606273256965,2026-07-07 14:12:24.637753,2026-07-07 14:12:34.741454,0 days 00:00:10.103701,32.920248101513394,33,COMPLETE
3394,0.020581022249909153,0.4662196092837763,2026-07-07 14:12:24.642759,2026-07-07 14:12:34.926836,0 days 00:00:10.284077,73.1205826734977,33,COMPLETE
3395,0.016868520247180163,0.4668806704214973,2026-07-07 14:12:24.657153,2026-07-07 14:12:33.964038,0 days 00:00:09.306885,23.83026418032489,33,COMPLETE
3396,0.020841667908933437,0.4661908164584827,2026-07-07 14:12:24.826424,2026-07-07 14:12:34.745488,0 days 00:00:09.919064,72.41900866136977,33,COMPLETE
3397,0.012494463989130233,0.4675964792020482,2026-07-07 14:12:24.985793,2026-07-07 14:12:34.741731,0 days 00:00:09.755938,28.7427099107765,33,COMPLETE
3398,0.015222729393820245,0.467264545239636,2026-07-07 14:12:24.991597,2026-07-07 14:12:33.945209,0 days 00:00:08.953612,36.05211681726931,33,COMPLETE
3399,0.025391594207730794,0.46564701143293585,2026-07-07 14:12:25.022587,2026-07-07 14:12:34.005055,0 days 00:00:08.982468,95.04072847241828,33,COMPLETE
3400,0.018267237301925143,0.4667426365236048,2026-07-07 14:12:25.179134,2026-07-07 14:12:38.768398,0 days 00:00:13.589264,36.36723999310752,33,COMPLETE
3401,0.0075944436645556945,0.4684270233623138,2026-07-07 14:12:25.179432,2026-07-07 14:12:37.072321,0 days 00:00:11.892889,14.166934146151526,33,COMPLETE
3402,0.024544713778884675,0.4657502668204989,2026-07-07 14:12:25.180939,2026-07-07 14:12:35.599629,0 days 00:00:10.418690,98.85732257362835,33,COMPLETE
3403,0.015781288474744692,0.46724789933241967,2026-07-07 14:12:25.495934,2026-07-07 14:12:37.067236,0 days 00:00:11.571302,47.02088777936825,33,COMPLETE
3404,0.01500394797698934,0.46721913595582976,2026-07-07 14:12:25.497426,2026-07-07 14:12:35.123870,0 days 00:00:09.626444,33.10550536238483,33,COMPLETE
3405,0.01368117758741827,0.46738997698962226,2026-07-07 14:12:25.698531,2026-07-07 14:12:35.932853,0 days 00:00:10.234322,31.390470555887934,33,COMPLETE
3406,0.016965089530996458,0.4669114638657858,2026-07-07 14:12:25.702208,2026-07-07 14:12:35.936444,0 days 00:00:10.234236,25.49816128713513,33,COMPLETE
3407,0.015406100017179902,0.4672268930243963,2026-07-07 14:12:25.706683,2026-07-07 14:12:37.439223,0 days 00:00:11.732540,52.023874900796315,33,COMPLETE
3408,0.01984146791071184,0.4663168385754368,2026-07-07 14:12:25.864392,2026-07-07 14:12:31.461817,0 days 00:00:05.597425,76.08942746299428,33,COMPLETE
3409,0.01786385062491791,0.4666588628606728,2026-07-07 14:12:25.868429,2026-07-07 14:12:40.711300,0 days 00:00:14.842871,57.62629140295974,33,COMPLETE
3410,0.02541881546615843,0.4656435970844891,2026-07-07 14:12:27.470709,2026-07-07 14:12:35.105793,0 days 00:00:07.635084,95.5083387285532,33,COMPLETE
3411,0.017439181279408245,0.4668812141926832,2026-07-07 14:12:27.500048,2026-07-07 14:12:39.446697,0 days 00:00:11.946649,27.188975501034253,33,COMPLETE
3412,0.020694330932545968,0.46628404584218114,2026-07-07 14:12:27.852707,2026-07-07 14:12:37.060615,0 days 00:00:09.207908,67.6662622160075,33,COMPLETE
3413,0.015143207549552118,0.46719272528586103,2026-07-07 14:12:28.533316,2026-07-07 14:12:33.953433,0 days 00:00:05.420117,25.506537983324183,33,COMPLETE
3414,0.020291652433911733,0.466314911786872,2026-07-07 14:12:28.541639,2026-07-07 14:12:37.622258,0 days 00:00:09.080619,77.3080268161529,33,COMPLETE
3415,0.017956380351007384,0.46688767696152056,2026-07-07 14:12:28.710351,2026-07-07 14:12:38.105254,0 days 00:00:09.394903,43.702907430521016,33,COMPLETE
3416,0.019113345438130203,0.46649215899475804,2026-07-07 14:12:29.042105,2026-07-07 14:12:39.638929,0 days 00:00:10.596824,56.40713271706946,33,COMPLETE
3417,0.022915841390596214,0.46599492649619967,2026-07-07 14:12:29.053590,2026-07-07 14:12:40.194392,0 days 00:00:11.140802,83.72987401970296,33,COMPLETE
3418,0.011508392415073176,0.4677710216570127,2026-07-07 14:12:29.221190,2026-07-07 14:12:40.554893,0 days 00:00:11.333703,9.884375428437993,33,COMPLETE
3419,0.02365276523984855,0.46586741604121135,2026-07-07 14:12:29.223604,2026-07-07 14:12:40.882521,0 days 00:00:11.658917,87.16898098501679,33,COMPLETE
3420,0.010993716889058591,0.4678887140395329,2026-07-07 14:12:29.259713,2026-07-07 14:12:41.367965,0 days 00:00:12.108252,15.567865000615068,33,COMPLETE
3421,0.01696884022110534,0.4667021279645909,2026-07-07 14:12:29.267077,2026-07-07 14:12:40.541162,0 days 00:00:11.274085,3.7362128641693966,33,COMPLETE
3422,0.01836062726269816,0.46672369373255806,2026-07-07 14:12:29.445199,2026-07-07 14:12:40.174145,0 days 00:00:10.728946,51.5146508758301,33,COMPLETE
3423,0.021100953999612482,0.4662064985443207,2026-07-07 14:12:29.451341,2026-07-07 14:12:40.172161,0 days 00:00:10.720820,66.19089903911502,33,COMPLETE
3424,0.015578411260819824,0.46724643619144496,2026-07-07 14:12:29.608484,2026-07-07 14:12:46.744723,0 days 00:00:17.136239,22.831781762909323,33,COMPLETE
3425,0.014931655528494903,0.46715268659618975,2026-07-07 14:12:30.243607,2026-07-07 14:12:40.147582,0 days 00:00:09.903975,33.196019610527024,33,COMPLETE
3426,0.024178676569745983,0.46575914499805376,2026-07-07 14:12:30.245398,2026-07-07 14:12:37.449647,0 days 00:00:07.204249,88.7713914662914,33,COMPLETE
3427,0.012302486337657348,0.4676696737080112,2026-07-07 14:12:30.246892,2026-07-07 14:12:40.709541,0 days 00:00:10.462649,14.653544210907311,33,COMPLETE
3428,0.018898505853991054,0.4666880659514053,2026-07-07 14:12:30.405853,2026-07-07 14:12:37.628188,0 days 00:00:07.222335,58.66459805192789,33,COMPLETE
3429,0.01758708926474195,0.46688974065460964,2026-07-07 14:12:30.413245,2026-07-07 14:12:42.365921,0 days 00:00:11.952676,40.64323732221901,33,COMPLETE
3430,0.018688359766511564,0.466584566204335,2026-07-07 14:12:30.577749,2026-07-07 14:12:40.543429,0 days 00:00:09.965680,50.91792611860531,33,COMPLETE
3431,0.020054638110456435,0.46655295243907496,2026-07-07 14:12:30.579749,2026-07-07 14:12:34.578629,0 days 00:00:03.998880,62.46546695064828,33,COMPLETE
3432,0.020580319964043636,0.4662196782878693,2026-07-07 14:12:30.747702,2026-07-07 14:12:40.375147,0 days 00:00:09.627445,73.12475779215106,33,COMPLETE
3433,0.012406446422818573,0.4675838916147764,2026-07-07 14:12:30.749826,2026-07-07 14:12:41.682781,0 days 00:00:10.932955,18.4326486695796,33,COMPLETE
3434,0.010484845838210133,0.46803094850053933,2026-07-07 14:12:30.907742,2026-07-07 14:12:42.372580,0 days 00:00:11.464838,16.784485897776076,33,COMPLETE
3435,0.0074309848339548235,0.4686044387408009,2026-07-07 14:12:30.940824,2026-07-07 14:12:37.090640,0 days 00:00:06.149816,11.226306330648084,33,COMPLETE
3436,0.013700661910370004,0.4671199980247128,2026-07-07 14:12:30.944664,2026-07-07 14:12:44.021736,0 days 00:00:13.077072,8.512742002613265,33,COMPLETE
3437,0.019370117497190642,0.46653481261383534,2026-07-07 14:12:32.107122,2026-07-07 14:12:42.361853,0 days 00:00:10.254731,41.62660045255978,33,COMPLETE
3438,0.013326972748194443,0.46782307081495667,2026-07-07 14:12:32.765869,2026-07-07 14:12:40.712001,0 days 00:00:07.946132,25.069608879236185,33,COMPLETE
3439,0.01051534837879503,0.4678295703059982,2026-07-07 14:12:32.969508,2026-07-07 14:12:44.975856,0 days 00:00:12.006348,4.31571336425485,33,COMPLETE
3440,0.019849672794843953,0.4664414607433528,2026-07-07 14:12:33.300494,2026-07-07 14:12:44.812545,0 days 00:00:11.512051,40.36091122558245,33,COMPLETE
3441,0.020358524176308623,0.46625875123565463,2026-07-07 14:12:33.964317,2026-07-07 14:12:44.182929,0 days 00:00:10.218612,73.65798120798391,33,COMPLETE
3442,0.01773648589910104,0.4667838245169362,2026-07-07 14:12:33.979418,2026-07-07 14:12:44.364390,0 days 00:00:10.384972,39.29166481074182,33,COMPLETE
3443,0.008728173670381811,0.46823284792262987,2026-07-07 14:12:34.028327,2026-07-07 14:12:42.725343,0 days 00:00:08.697016,12.595608248596402,33,COMPLETE
3444,0.017772412657862724,0.46682307307110366,2026-07-07 14:12:34.035303,2026-07-07 14:12:42.717014,0 days 00:00:08.681711,51.563606989994135,33,COMPLETE
3445,0.02044441846171169,0.46629496926773734,2026-07-07 14:12:34.036567,2026-07-07 14:12:39.974182,0 days 00:00:05.937615,76.63400008817648,33,COMPLETE
