number,values_0,values_1,datetime_start,datetime_complete,duration,params_input_force,system_attrs_NSGAIISampler:generation,state
3732,0.02444394139153694,0.46575856979263636,2026-07-07 14:13:23.082813,2026-07-07 14:13:27.492598,0 days 00:00:04.409785,99.53967582160892,36,COMPLETE
3733,0.009920568455131007,0.46808674334371086,2026-07-07 14:13:23.088387,2026-07-07 14:13:33.259902,0 days 00:00:10.171515,17.578515829897377,36,COMPLETE
3734,0.022280284846110887,0.4660524569829898,2026-07-07 14:13:23.246325,2026-07-07 14:13:33.199523,0 days 00:00:09.953198,81.6117519042065,36,COMPLETE
3735,0.01709840947788338,0.4669855691754249,2026-07-07 14:13:23.248130,2026-07-07 14:13:33.422853,0 days 00:00:10.174723,45.55271383018965,36,COMPLETE
3736,0.02224224802732694,0.4660570702352525,2026-07-07 14:13:23.250252,2026-07-07 14:13:31.235373,0 days 00:00:07.985121,81.53805277436865,36,COMPLETE
3737,0.02336802386754766,0.46594263845872996,2026-07-07 14:13:23.251606,2026-07-07 14:13:36.997484,0 days 00:00:13.745878,86.21055382106337,36,COMPLETE
3738,0.020572429650387192,0.4662701157529844,2026-07-07 14:13:23.264197,2026-07-07 14:13:35.813791,0 days 00:00:12.549594,77.94604934376615,36,COMPLETE
3739,0.022882517120106527,0.46599714290246286,2026-07-07 14:13:23.577996,2026-07-07 14:13:33.163961,0 days 00:00:09.585965,83.55803854108298,36,COMPLETE
3740,0.019707442541972153,0.4664137530415816,2026-07-07 14:13:23.580278,2026-07-07 14:13:34.986306,0 days 00:00:11.406028,41.47249241985847,36,COMPLETE
3741,0.013501763048993198,0.467499065503709,2026-07-07 14:13:23.589696,2026-07-07 14:13:33.639499,0 days 00:00:10.049803,36.597885840945345,36,COMPLETE
3742,0.02372681663132381,0.4658558407098643,2026-07-07 14:13:23.778422,2026-07-07 14:13:31.398614,0 days 00:00:07.620192,87.48075551922355,36,COMPLETE
3743,0.015477135070765258,0.4671882780385111,2026-07-07 14:13:23.781612,2026-07-07 14:13:33.610983,0 days 00:00:09.829371,53.32217050860502,36,COMPLETE
3744,0.022664616207534127,0.46601095884485405,2026-07-07 14:13:23.938792,2026-07-07 14:13:33.415692,0 days 00:00:09.476900,82.40394801830709,36,COMPLETE
3745,0.00540954406270211,0.46892044733990645,2026-07-07 14:13:23.941612,2026-07-07 14:13:35.158758,0 days 00:00:11.217146,10.89299815625024,36,COMPLETE
3746,0.020294393000148847,0.4662699087746418,2026-07-07 14:13:23.947949,2026-07-07 14:13:27.457444,0 days 00:00:03.509495,73.77538716945827,36,COMPLETE
3747,-0.2886476652039537,0.5244846160188358,2026-07-07 14:13:24.585129,2026-07-07 14:13:29.821892,0 days 00:00:05.236763,1.198628183475485,36,COMPLETE
3748,0.007264890030829918,0.46833073831233957,2026-07-07 14:13:24.588792,2026-07-07 14:13:31.229839,0 days 00:00:06.641047,11.516785302903063,36,COMPLETE
3749,0.023192838694423124,0.46597797913794187,2026-07-07 14:13:24.590693,2026-07-07 14:13:32.848634,0 days 00:00:08.257941,85.45645139997676,36,COMPLETE
3750,0.019394342086258343,0.46650178121823166,2026-07-07 14:13:24.749093,2026-07-07 14:13:37.539441,0 days 00:00:12.790348,58.24781950301095,36,COMPLETE
3751,0.02387142594690378,0.4658428398749741,2026-07-07 14:13:24.752588,2026-07-07 14:13:34.295287,0 days 00:00:09.542699,87.71598214381247,36,COMPLETE
3752,0.012060401597811021,0.4677171271583174,2026-07-07 14:13:24.910010,2026-07-07 14:13:33.638849,0 days 00:00:08.728839,6.444497465580381,36,COMPLETE
3753,0.022225480236473028,0.46602580373585034,2026-07-07 14:13:25.539363,2026-07-07 14:13:36.328468,0 days 00:00:10.789105,65.17377798761825,36,COMPLETE
3754,0.018010713075264084,0.46671321246029035,2026-07-07 14:13:25.549925,2026-07-07 14:13:36.653851,0 days 00:00:11.103926,53.992820751038664,36,COMPLETE
3755,0.007687750298427831,0.4683314681011777,2026-07-07 14:13:26.206339,2026-07-07 14:13:31.897266,0 days 00:00:05.690927,12.775410819702971,36,COMPLETE
3756,0.025198139599387603,0.46566761305449383,2026-07-07 14:13:26.413760,2026-07-07 14:13:35.844618,0 days 00:00:09.430858,96.85922903597425,36,COMPLETE
3757,0.021540385031227183,0.4661021578787146,2026-07-07 14:13:26.757639,2026-07-07 14:13:37.883957,0 days 00:00:11.126318,78.96104248072821,36,COMPLETE
3758,0.02318690865556916,0.4659789402263452,2026-07-07 14:13:27.417256,2026-07-07 14:13:37.350450,0 days 00:00:09.933194,85.42747433290448,36,COMPLETE
3759,0.023197963934013632,0.4653282838116912,2026-07-07 14:13:27.427705,2026-07-07 14:13:36.330332,0 days 00:00:08.902627,2.0323902184863907,36,COMPLETE
3760,0.018666545317125194,0.46677178661221963,2026-07-07 14:13:27.436728,2026-07-07 14:13:36.008301,0 days 00:00:08.571573,45.59236660517065,36,COMPLETE
3761,0.015134034357273507,0.46714742550282246,2026-07-07 14:13:27.496613,2026-07-07 14:13:37.525827,0 days 00:00:10.029214,2.768982416872853,36,COMPLETE
3762,0.01815876438096592,0.46662546766214347,2026-07-07 14:13:27.971251,2026-07-07 14:13:38.220237,0 days 00:00:10.248986,57.40310322906022,36,COMPLETE
3763,0.021129109540032054,0.46617809073767436,2026-07-07 14:13:28.452754,2026-07-07 14:13:39.170834,0 days 00:00:10.718080,70.48597109945456,36,COMPLETE
3764,0.020334762028862363,0.46626274261443557,2026-07-07 14:13:28.635331,2026-07-07 14:13:39.963312,0 days 00:00:11.327981,73.71202548180693,36,COMPLETE
3765,0.01460459475890391,0.4671152137238904,2026-07-07 14:13:28.794579,2026-07-07 14:13:38.224018,0 days 00:00:09.429439,6.9493014781491915,36,COMPLETE
3766,0.017513035526185328,0.46689470250378634,2026-07-07 14:13:29.115490,2026-07-07 14:13:37.538351,0 days 00:00:08.422861,23.739697723149703,36,COMPLETE
3767,0.022532525257547287,0.46602385818908665,2026-07-07 14:13:29.127149,2026-07-07 14:13:39.920636,0 days 00:00:10.793487,82.0791223818005,36,COMPLETE
3768,0.025293767511390064,0.46565910888969453,2026-07-07 14:13:29.151375,2026-07-07 14:13:33.636056,0 days 00:00:04.484681,94.51311242626768,36,COMPLETE
3769,0.02225380109539976,0.4660544670333292,2026-07-07 14:13:29.160250,2026-07-07 14:13:37.881150,0 days 00:00:08.720900,64.50787338203472,36,COMPLETE
3770,-0.00817669037747093,0.4720813281449344,2026-07-07 14:13:29.164573,2026-07-07 14:13:38.545479,0 days 00:00:09.380906,4.365468764261877,36,COMPLETE
3771,0.02076602695446622,0.46620166903349947,2026-07-07 14:13:29.170706,2026-07-07 14:13:39.862738,0 days 00:00:10.692032,72.64307297193407,36,COMPLETE
3772,0.023353520752768142,0.46594644231074844,2026-07-07 14:13:29.651883,2026-07-07 14:13:33.636661,0 days 00:00:03.984778,86.16385151376609,36,COMPLETE
3773,0.01989213050603933,0.46634860811837525,2026-07-07 14:13:29.809492,2026-07-07 14:13:42.183727,0 days 00:00:12.374235,74.14727122182937,36,COMPLETE
3774,0.020508930307560513,0.4664923699759875,2026-07-07 14:13:29.985884,2026-07-07 14:13:39.903927,0 days 00:00:09.918043,62.85356323097737,36,COMPLETE
3775,0.020028472692708132,0.4663234721770127,2026-07-07 14:13:30.147898,2026-07-07 14:13:39.881442,0 days 00:00:09.733544,74.03550549769842,36,COMPLETE
3776,0.017468242684441304,0.46688449470319837,2026-07-07 14:13:30.516347,2026-07-07 14:13:42.953049,0 days 00:00:12.436702,41.070345679733144,36,COMPLETE
3777,0.025329728588909084,0.46565479511547686,2026-07-07 14:13:30.681238,2026-07-07 14:13:33.438079,0 days 00:00:02.756841,94.68036510294677,36,COMPLETE
3778,0.010215235272981293,0.4681318679352614,2026-07-07 14:13:30.855597,2026-07-07 14:13:35.486660,0 days 00:00:04.631063,31.93034048741927,36,COMPLETE
3779,0.02019551142710524,0.46629044501495204,2026-07-07 14:13:30.859616,2026-07-07 14:13:39.940920,0 days 00:00:09.081304,76.4690788140295,36,COMPLETE
3780,0.025126742913300526,0.46567618575845876,2026-07-07 14:13:31.034905,2026-07-07 14:13:39.910604,0 days 00:00:08.875699,93.75978138226859,36,COMPLETE
3781,0.022248572646926423,0.46601494933226206,2026-07-07 14:13:31.040733,2026-07-07 14:13:39.898822,0 days 00:00:08.858089,69.3610537063187,36,COMPLETE
3782,0.021388058594540627,0.4649054024221353,2026-07-07 14:13:31.053215,2026-07-07 14:13:39.924802,0 days 00:00:08.871587,1.3299829575625841,36,COMPLETE
3783,0.01926653420095409,0.4664741520692823,2026-07-07 14:13:31.411244,2026-07-07 14:13:39.937482,0 days 00:00:08.526238,56.15516772871323,36,COMPLETE
3784,0.02141177306765224,0.4661547009923847,2026-07-07 14:13:31.579393,2026-07-07 14:13:42.955588,0 days 00:00:11.376195,68.23054209844322,36,COMPLETE
3785,0.011964027077852435,0.4676774611222472,2026-07-07 14:13:31.736496,2026-07-07 14:13:42.910794,0 days 00:00:11.174298,17.472422165744792,36,COMPLETE
3786,0.013496889313391103,0.4678058675834157,2026-07-07 14:13:31.894146,2026-07-07 14:13:39.915648,0 days 00:00:08.021502,22.149924816979325,36,COMPLETE
3787,0.010543263963839256,0.4680018523851862,2026-07-07 14:13:32.054224,2026-07-07 14:13:43.130221,0 days 00:00:11.075997,15.700452546795594,36,COMPLETE
3788,0.02046246920117878,0.4662938995188228,2026-07-07 14:13:32.216340,2026-07-07 14:13:39.946768,0 days 00:00:07.730428,76.64584562821366,36,COMPLETE
3789,0.018675306514237267,0.4667100838872662,2026-07-07 14:13:32.532655,2026-07-07 14:13:42.939558,0 days 00:00:10.406903,49.6220946689755,36,COMPLETE
3790,0.025176279532021006,0.46567039221968953,2026-07-07 14:13:33.172271,2026-07-07 14:13:37.549267,0 days 00:00:04.376996,96.94417215264376,36,COMPLETE
3791,0.020293269256511814,0.4663151214676,2026-07-07 14:13:33.177069,2026-07-07 14:13:43.144922,0 days 00:00:09.967853,77.3052105574608,36,COMPLETE
3792,0.013523331265817284,0.4674391438702913,2026-07-07 14:13:33.186019,2026-07-07 14:13:43.143340,0 days 00:00:09.957321,33.01674376126549,36,COMPLETE
3793,0.021130492026856462,0.46620195120451385,2026-07-07 14:13:33.189363,2026-07-07 14:13:42.961259,0 days 00:00:09.771896,66.17231260308525,36,COMPLETE
3794,0.017728254144585898,0.46674215005914016,2026-07-07 14:13:33.221326,2026-07-07 14:13:42.930999,0 days 00:00:09.709673,27.889543985321747,36,COMPLETE
3795,0.017777149297794836,0.4666721874534085,2026-07-07 14:13:33.250969,2026-07-07 14:13:43.145854,0 days 00:00:09.894885,57.5263442494241,36,COMPLETE
3796,0.02058869279474851,0.4664810595367488,2026-07-07 14:13:33.255478,2026-07-07 14:13:42.944114,0 days 00:00:09.688636,62.944036631105334,36,COMPLETE
3797,0.024846849310517727,0.46570265789753307,2026-07-07 14:13:33.434541,2026-07-07 14:13:42.936532,0 days 00:00:09.501991,92.67881689494874,36,COMPLETE
3798,0.00787706099722807,0.46834338359614386,2026-07-07 14:13:33.437511,2026-07-07 14:13:44.709230,0 days 00:00:11.271719,9.559719986072336,36,COMPLETE
3799,0.014680199389342952,0.4675790282049733,2026-07-07 14:13:33.439887,2026-07-07 14:13:39.959511,0 days 00:00:06.519624,20.40114511885588,36,COMPLETE
3800,0.01270046247144524,0.4672251646342444,2026-07-07 14:13:33.610694,2026-07-07 14:13:37.561406,0 days 00:00:03.950712,8.9486100405201,37,COMPLETE
3801,0.01903782947187027,0.46651149559033234,2026-07-07 14:13:33.639740,2026-07-07 14:13:43.312619,0 days 00:00:09.672879,41.80150932325537,37,COMPLETE
3802,0.01872967541314896,0.466530588637625,2026-07-07 14:13:33.799345,2026-07-07 14:13:44.693403,0 days 00:00:10.894058,57.17879839822181,37,COMPLETE
3803,0.02006444651736028,0.46649454934043244,2026-07-07 14:13:33.811981,2026-07-07 14:13:44.483433,0 days 00:00:10.671452,60.892870645134025,37,COMPLETE
3804,0.01820662799511119,0.4666783055936205,2026-07-07 14:13:33.969339,2026-07-07 14:13:44.499619,0 days 00:00:10.530280,55.188565722340094,37,COMPLETE
3805,0.005309389148465571,0.4687515793932724,2026-07-07 14:13:34.126773,2026-07-07 14:13:43.471837,0 days 00:00:09.345064,11.595952536707468,37,COMPLETE
3806,0.020451490339511935,0.4665020534886606,2026-07-07 14:13:34.605805,2026-07-07 14:13:44.668054,0 days 00:00:10.062249,62.80645174942779,37,COMPLETE
3807,0.019959540941677123,0.4660799885681828,2026-07-07 14:13:34.939504,2026-07-07 14:13:44.467490,0 days 00:00:09.527986,3.9660631602939693,37,COMPLETE
3808,0.025005853291920344,0.46569100018195586,2026-07-07 14:13:34.971312,2026-07-07 14:13:38.222073,0 days 00:00:03.250761,97.79936921279185,37,COMPLETE
3809,0.024976986428714598,0.4656912784986644,2026-07-07 14:13:34.973860,2026-07-07 14:13:43.637422,0 days 00:00:08.663562,93.0737213824385,37,COMPLETE
3810,0.005958236472427936,0.4689864935444672,2026-07-07 14:13:34.979318,2026-07-07 14:13:39.951123,0 days 00:00:04.971805,10.792620544246663,37,COMPLETE
3811,0.024181894023575234,0.4657438372919455,2026-07-07 14:13:35.145835,2026-07-07 14:13:44.709381,0 days 00:00:09.563546,90.17970761481469,37,COMPLETE
3812,0.0099134372124412,0.4683101480365752,2026-07-07 14:13:35.148036,2026-07-07 14:13:45.191411,0 days 00:00:10.043375,33.991058347929695,37,COMPLETE
3813,0.010511706869791748,0.46819413760956363,2026-07-07 14:13:35.498348,2026-07-07 14:13:47.962257,0 days 00:00:12.463909,35.76540810274587,37,COMPLETE
3814,0.017549149364522454,0.4667208512875362,2026-07-07 14:13:36.494664,2026-07-07 14:13:49.728384,0 days 00:00:13.233720,38.40738466725231,37,COMPLETE
3815,0.022255322014987255,0.4660121117764165,2026-07-07 14:13:36.832954,2026-07-07 14:13:45.027975,0 days 00:00:08.195021,69.26777628233071,37,COMPLETE
3816,0.014094569779930066,0.467106667770731,2026-07-07 14:13:37.009719,2026-07-07 14:13:49.320219,0 days 00:00:12.310500,7.877614759224742,37,COMPLETE
3817,0.07660536664254541,0.4571133080773653,2026-07-07 14:13:37.176861,2026-07-07 14:13:49.345604,0 days 00:00:12.168743,0.7031721919317007,37,COMPLETE
3818,0.02057913282176671,0.4662515764649642,2026-07-07 14:13:37.179804,2026-07-07 14:13:49.749528,0 days 00:00:12.569724,71.64281827181463,37,COMPLETE
3819,0.013238522314978352,0.46768172150837,2026-07-07 14:13:37.185369,2026-07-07 14:13:44.700303,0 days 00:00:07.514934,21.798151697043917,37,COMPLETE
3820,0.01229367702828621,0.4676543953129733,2026-07-07 14:13:37.516796,2026-07-07 14:13:49.349151,0 days 00:00:11.832355,19.352877941700992,37,COMPLETE
3821,-0.003873912423911996,0.47077203341168133,2026-07-07 14:13:37.530090,2026-07-07 14:13:44.697492,0 days 00:00:07.167402,4.561514779709165,37,COMPLETE
3822,0.015984768255413506,0.46760596390455805,2026-07-07 14:13:37.717581,2026-07-07 14:13:48.793839,0 days 00:00:11.076258,1.5560852659118152,37,COMPLETE
3823,0.022405205278176077,0.4660384055531965,2026-07-07 14:13:37.876359,2026-07-07 14:13:42.530948,0 days 00:00:04.654589,81.84721493802135,37,COMPLETE
3824,0.019771195981829248,0.4663120237585653,2026-07-07 14:13:38.050433,2026-07-07 14:13:49.695266,0 days 00:00:11.644833,75.76149323102577,37,COMPLETE
3825,0.020580515682078915,0.466251380179478,2026-07-07 14:13:38.054095,2026-07-07 14:13:48.804146,0 days 00:00:10.750051,71.64021869892504,37,COMPLETE
3826,0.02491408109356047,0.46569762069184983,2026-07-07 14:13:38.380488,2026-07-07 14:13:49.286516,0 days 00:00:10.906028,92.87821644449751,37,COMPLETE
3827,0.0075335013417667795,0.46860597598781,2026-07-07 14:13:38.387480,2026-07-07 14:13:50.094477,0 days 00:00:11.706997,9.478474768935246,37,COMPLETE
3828,0.007666031916118032,0.4685423949936485,2026-07-07 14:13:39.164305,2026-07-07 14:13:49.708091,0 days 00:00:10.543786,9.482844432661448,37,COMPLETE
3829,0.02141118479815396,0.46615740634223574,2026-07-07 14:13:39.167355,2026-07-07 14:13:49.368060,0 days 00:00:10.200705,79.79948125086833,37,COMPLETE
3830,0.022966822551717836,0.46599719632280145,2026-07-07 14:13:39.484500,2026-07-07 14:13:49.707582,0 days 00:00:10.223082,84.21923081651616,37,COMPLETE
3831,0.0236528743559542,0.46586651494407216,2026-07-07 14:13:39.486943,2026-07-07 14:13:49.765534,0 days 00:00:10.278591,87.22515653500135,37,COMPLETE
3832,0.016807454431074065,0.4670659502202734,2026-07-07 14:13:39.882023,2026-07-07 14:13:49.300837,0 days 00:00:09.418814,43.970210431011864,37,COMPLETE
3833,0.015859914703951594,0.4670942506198038,2026-07-07 14:13:39.885281,2026-07-07 14:13:49.713592,0 days 00:00:09.828311,53.113418115354364,37,COMPLETE
3834,0.021982948098683508,0.4660288852448865,2026-07-07 14:13:39.937844,2026-07-07 14:13:49.758527,0 days 00:00:09.820683,70.1165009295474,37,COMPLETE
3835,0.0205398539089664,0.46625373328781433,2026-07-07 14:13:39.943119,2026-07-07 14:13:49.691419,0 days 00:00:09.748300,71.87003841160298,37,COMPLETE
3836,0.018837069581978005,0.4665797335112526,2026-07-07 14:13:39.951980,2026-07-07 14:13:49.711874,0 days 00:00:09.759894,55.29276047921698,37,COMPLETE
3837,0.019734172555352814,0.4665560791227469,2026-07-07 14:13:39.953731,2026-07-07 14:13:48.782555,0 days 00:00:08.828824,61.914378785557105,37,COMPLETE
3838,0.007902416148683533,0.46858652998288586,2026-07-07 14:13:39.964337,2026-07-07 14:13:51.767228,0 days 00:00:11.802891,31.581599360978682,37,COMPLETE
3839,0.016098956036735335,0.46702309247451673,2026-07-07 14:13:39.965808,2026-07-07 14:13:50.732443,0 days 00:00:10.766635,38.002161488045736,37,COMPLETE
3840,0.022565578459194047,0.46476652114887307,2026-07-07 14:13:39.966037,2026-07-07 14:13:49.699071,0 days 00:00:09.733034,1.2794292960976898,37,COMPLETE
3841,0.010898896918703993,0.46781606773313944,2026-07-07 14:13:40.433929,2026-07-07 14:13:52.443157,0 days 00:00:12.009228,14.6371083879977,37,COMPLETE
3842,0.09412990055367337,0.454818315348271,2026-07-07 14:13:41.870771,2026-07-07 14:13:51.797918,0 days 00:00:09.927147,0.5804587636346634,37,COMPLETE
3843,0.025064268937837975,0.4656823896359115,2026-07-07 14:13:42.498412,2026-07-07 14:13:52.450072,0 days 00:00:09.951660,93.45364783245893,37,COMPLETE
3844,0.019473588555684596,0.466516409110827,2026-07-07 14:13:42.512342,2026-07-07 14:13:49.768785,0 days 00:00:07.256443,53.62643678434033,37,COMPLETE
3845,0.025417255198798616,0.4656435397652441,2026-07-07 14:13:42.548884,2026-07-07 14:13:51.770422,0 days 00:00:09.221538,95.34105595456276,37,COMPLETE
3846,0.020755427386375647,0.4662610935687087,2026-07-07 14:13:42.555207,2026-07-07 14:13:51.806263,0 days 00:00:09.251056,76.87975775852497,37,COMPLETE
3847,0.02074553722390049,0.4664547593569087,2026-07-07 14:13:42.558767,2026-07-07 14:13:50.088949,0 days 00:00:07.530182,63.10564386303313,37,COMPLETE
3848,0.016501776275998137,0.46700743492097085,2026-07-07 14:13:42.714639,2026-07-07 14:13:51.782677,0 days 00:00:09.068038,38.335940561562545,37,COMPLETE
3849,0.017158674619763004,0.4669227642694018,2026-07-07 14:13:42.877649,2026-07-07 14:13:49.733822,0 days 00:00:06.856173,41.75968939030351,37,COMPLETE
3850,0.015693508598240702,0.4670646184782723,2026-07-07 14:13:42.950487,2026-07-07 14:13:53.983919,0 days 00:00:11.033432,28.92175790431337,37,COMPLETE
3851,0.020553789374772202,0.4662874516420686,2026-07-07 14:13:42.961772,2026-07-07 14:13:53.817088,0 days 00:00:10.855316,76.71149195492261,37,COMPLETE
3852,0.016171536581880752,0.4671442074384515,2026-07-07 14:13:43.304904,2026-07-07 14:13:48.804343,0 days 00:00:05.499439,22.497027941454142,37,COMPLETE
3853,0.0182752158887296,0.46671522507886964,2026-07-07 14:13:43.469690,2026-07-07 14:13:45.850250,0 days 00:00:02.380560,44.43161623977917,37,COMPLETE
3854,0.014787235067953208,0.46716776577797603,2026-07-07 14:13:43.628434,2026-07-07 14:13:55.253287,0 days 00:00:11.624853,8.846595662758212,37,COMPLETE
3855,0.024577376897462477,0.46570996951807264,2026-07-07 14:13:43.949965,2026-07-07 14:13:50.101912,0 days 00:00:06.151947,91.44438971876055,37,COMPLETE
3856,0.02479068404267676,0.46570357882607555,2026-07-07 14:13:44.110164,2026-07-07 14:13:53.987688,0 days 00:00:09.877524,92.44166015720481,37,COMPLETE
3857,0.024228917414862494,0.4657446387073192,2026-07-07 14:13:44.113900,2026-07-07 14:13:51.535057,0 days 00:00:07.421157,89.38588025896618,37,COMPLETE
3858,0.022216455939615853,0.46602682466234147,2026-07-07 14:13:44.273629,2026-07-07 14:13:51.784988,0 days 00:00:07.511359,65.19950699348756,37,COMPLETE
3859,0.013683166713287731,0.46738100760446544,2026-07-07 14:13:44.275671,2026-07-07 14:13:53.816744,0 days 00:00:09.541073,18.584449172539344,37,COMPLETE
3860,0.01624165940596778,0.4669372547410775,2026-07-07 14:13:44.291473,2026-07-07 14:13:51.777038,0 days 00:00:07.485565,19.33738941989857,37,COMPLETE
3861,0.025121511601515045,0.4656766831567414,2026-07-07 14:13:44.294902,2026-07-07 14:13:53.821224,0 days 00:00:09.526322,93.73474098583492,37,COMPLETE
3862,0.01236735814968093,0.4675153257441754,2026-07-07 14:13:44.296872,2026-07-07 14:13:53.456254,0 days 00:00:09.159382,9.237877914044544,37,COMPLETE
3863,0.012090964761959533,0.4676770224863886,2026-07-07 14:13:44.495189,2026-07-07 14:13:53.802576,0 days 00:00:09.307387,13.683270368933727,37,COMPLETE
3864,0.02096314617673667,0.46622172112207794,2026-07-07 14:13:44.498770,2026-07-07 14:13:49.720697,0 days 00:00:05.221927,78.34332284323673,37,COMPLETE
3865,0.01601464033229627,0.4672392833805834,2026-07-07 14:13:44.687906,2026-07-07 14:13:51.815895,0 days 00:00:07.127989,42.99823078153808,37,COMPLETE
3866,0.02079849248831206,0.46625807354065224,2026-07-07 14:13:44.693686,2026-07-07 14:13:56.841914,0 days 00:00:12.148228,76.98877457994953,37,COMPLETE
3867,0.01977020662501905,0.4663117207402575,2026-07-07 14:13:45.028641,2026-07-07 14:13:56.647734,0 days 00:00:11.619093,75.7394533681385,37,COMPLETE
3868,0.02307029794900789,0.46599464083548864,2026-07-07 14:13:45.186552,2026-07-07 14:13:56.634309,0 days 00:00:11.447757,84.89507853598222,37,COMPLETE
3869,0.01745002786230271,0.4667551273645095,2026-07-07 14:13:45.188835,2026-07-07 14:13:57.675660,0 days 00:00:12.486825,41.273906200820605,37,COMPLETE
3870,0.013188390140926931,0.46736335105623084,2026-07-07 14:13:45.192285,2026-07-07 14:14:00.154330,0 days 00:00:14.962045,7.886959779232824,37,COMPLETE
3871,0.013935101973109099,0.46736332466989144,2026-07-07 14:13:45.194118,2026-07-07 14:13:51.798568,0 days 00:00:06.604450,8.990915481803532,37,COMPLETE
3872,0.01888440384099599,0.466577486633696,2026-07-07 14:13:45.519764,2026-07-07 14:13:57.869758,0 days 00:00:12.349994,49.40233773854077,37,COMPLETE
3873,0.018763619459422454,0.4666887778073393,2026-07-07 14:13:45.522341,2026-07-07 14:13:56.833693,0 days 00:00:11.311352,49.75122151336639,37,COMPLETE
3874,0.014745626302379022,0.46751823402400505,2026-07-07 14:13:45.523405,2026-07-07 14:13:57.870023,0 days 00:00:12.346618,22.30839539148381,37,COMPLETE
