number,values_0,values_1,datetime_start,datetime_complete,duration,params_input_force,system_attrs_NSGAIISampler:generation,state
2731,0.02020061665068712,0.46628181215127734,2026-07-07 14:10:32.323126,2026-07-07 14:10:41.521241,0 days 00:00:09.198115,41.44016704419996,26,COMPLETE
2732,0.011948802256276814,0.4678586769722025,2026-07-07 14:10:32.975299,2026-07-07 14:10:43.692528,0 days 00:00:10.717229,17.957039084771857,26,COMPLETE
2733,0.02340544285550522,0.4659337102683174,2026-07-07 14:10:32.979919,2026-07-07 14:10:41.311459,0 days 00:00:08.331540,86.32364156221304,26,COMPLETE
2734,0.008020400407878159,0.46837116285383523,2026-07-07 14:10:33.313839,2026-07-07 14:10:42.698632,0 days 00:00:09.384793,17.660157881995023,26,COMPLETE
2735,0.02305042080328268,0.46599762095013625,2026-07-07 14:10:33.355601,2026-07-07 14:10:46.568987,0 days 00:00:13.213386,84.83123337752066,26,COMPLETE
2736,0.008087510728932712,0.46873796082626007,2026-07-07 14:10:33.368937,2026-07-07 14:10:44.402849,0 days 00:00:11.033912,28.210907456896802,26,COMPLETE
2737,0.020864477318047026,0.4661888421446496,2026-07-07 14:10:33.370254,2026-07-07 14:10:42.721332,0 days 00:00:09.351078,72.34721829172668,26,COMPLETE
2738,0.02143020077873603,0.46612285695624084,2026-07-07 14:10:33.545850,2026-07-07 14:10:46.045325,0 days 00:00:12.499475,70.36496145205591,26,COMPLETE
2739,0.02297127776621455,0.4659986181036421,2026-07-07 14:10:33.546777,2026-07-07 14:10:38.778682,0 days 00:00:05.231905,84.29818222640291,26,COMPLETE
2740,0.01232234544677735,0.4675840507265552,2026-07-07 14:10:34.202025,2026-07-07 14:10:47.618808,0 days 00:00:13.416783,14.791086288517691,26,COMPLETE
2741,0.014876237650131796,0.46720072070237384,2026-07-07 14:10:34.216834,2026-07-07 14:10:44.205391,0 days 00:00:09.988557,9.319584067032771,26,COMPLETE
2742,0.02445327951091708,0.4657579866109405,2026-07-07 14:10:34.693614,2026-07-07 14:10:42.014732,0 days 00:00:07.321118,99.4229889352213,26,COMPLETE
2743,0.018320644727703117,0.4668252627405528,2026-07-07 14:10:34.852424,2026-07-07 14:10:44.217947,0 days 00:00:09.365523,59.404834317749796,26,COMPLETE
2744,0.020217819249760627,0.46640579371979196,2026-07-07 14:10:34.855391,2026-07-07 14:10:45.077537,0 days 00:00:10.222146,61.642538819526756,26,COMPLETE
2745,0.011358138652151295,0.4679958761006795,2026-07-07 14:10:34.855989,2026-07-07 14:10:44.715446,0 days 00:00:09.859457,17.29015834251896,26,COMPLETE
2746,0.01260662444366184,0.46766373089079627,2026-07-07 14:10:34.859231,2026-07-07 14:10:40.801215,0 days 00:00:05.941984,20.332365898651453,26,COMPLETE
2747,0.018609672369916397,0.46657554283006514,2026-07-07 14:10:34.884097,2026-07-07 14:10:51.594493,0 days 00:00:16.710396,56.85335241322059,26,COMPLETE
2748,0.02164363438223943,0.46609556790061296,2026-07-07 14:10:34.887013,2026-07-07 14:10:43.709745,0 days 00:00:08.822732,79.15690522107931,26,COMPLETE
2749,0.008073287321599343,0.46846109808525993,2026-07-07 14:10:34.891202,2026-07-07 14:10:44.732990,0 days 00:00:09.841788,13.27643009734948,26,COMPLETE
2750,0.01658828681886887,0.4669543128997738,2026-07-07 14:10:34.894505,2026-07-07 14:10:42.027214,0 days 00:00:07.132709,38.23594424799817,26,COMPLETE
2751,0.007746467169330917,0.468480483990806,2026-07-07 14:10:35.088345,2026-07-07 14:10:45.076770,0 days 00:00:09.988425,12.18999621444671,26,COMPLETE
2752,0.012548034879178382,0.46741945199825574,2026-07-07 14:10:36.120461,2026-07-07 14:10:49.460220,0 days 00:00:13.339759,6.158721788890686,27,COMPLETE
2753,0.012995135507146038,0.46729460203944767,2026-07-07 14:10:36.121559,2026-07-07 14:10:42.383374,0 days 00:00:06.261815,8.496560537584237,27,COMPLETE
2754,0.017798972444130312,0.46666314867664116,2026-07-07 14:10:36.126092,2026-07-07 14:10:47.800415,0 days 00:00:11.674323,57.519900105585506,27,COMPLETE
2755,0.020081665000425075,0.4663332063091451,2026-07-07 14:10:36.128444,2026-07-07 14:10:46.536210,0 days 00:00:10.407766,41.978757070998974,27,COMPLETE
2756,0.022022107849718253,0.46607313654937926,2026-07-07 14:10:36.289671,2026-07-07 14:10:48.303765,0 days 00:00:12.014094,64.74892964565149,27,COMPLETE
2757,0.015904262452650086,0.4669573110319586,2026-07-07 14:10:36.459157,2026-07-07 14:10:47.820032,0 days 00:00:11.360875,34.16283152743411,27,COMPLETE
2758,0.018720867312551348,0.46622546838975054,2026-07-07 14:10:36.460660,2026-07-07 14:10:47.621709,0 days 00:00:11.161049,2.544452840878017,27,COMPLETE
2759,0.01670851221491998,0.46699891575834496,2026-07-07 14:10:36.928953,2026-07-07 14:10:45.078034,0 days 00:00:08.149081,36.439641424630196,27,COMPLETE
2760,0.019329178852095397,0.4664116200309494,2026-07-07 14:10:36.931182,2026-07-07 14:10:47.624195,0 days 00:00:10.693013,74.71715895435516,27,COMPLETE
2761,0.022297379996131406,0.46597398069413215,2026-07-07 14:10:36.933668,2026-07-07 14:10:43.363357,0 days 00:00:06.429689,69.87718081030317,27,COMPLETE
2762,0.023155448874607243,0.4659835247935049,2026-07-07 14:10:36.936369,2026-07-07 14:10:47.622548,0 days 00:00:10.686179,85.26848296889064,27,COMPLETE
2763,0.018112324717773465,0.4664966887307284,2026-07-07 14:10:37.431355,2026-07-07 14:10:47.590824,0 days 00:00:10.159469,28.427598491205906,27,COMPLETE
2764,0.020820871502273963,0.46626379443623805,2026-07-07 14:10:37.779393,2026-07-07 14:10:44.038250,0 days 00:00:06.258857,67.80950868093777,27,COMPLETE
2765,0.011264028252680525,0.4676279325935604,2026-07-07 14:10:37.802457,2026-07-07 14:10:47.984512,0 days 00:00:10.182055,6.020267326640456,27,COMPLETE
2766,0.013726383261236264,0.46731280386516816,2026-07-07 14:10:38.812488,2026-07-07 14:10:47.623428,0 days 00:00:08.810940,7.636303801823151,27,COMPLETE
2767,0.024369991059203677,0.46570892368746475,2026-07-07 14:10:38.978333,2026-07-07 14:10:47.805954,0 days 00:00:08.827621,90.80304693421863,27,COMPLETE
2768,0.014293192454541526,0.4675487177382341,2026-07-07 14:10:38.980913,2026-07-07 14:10:45.394616,0 days 00:00:06.413703,35.70243789960768,27,COMPLETE
2769,0.022862705796795002,0.4659988526810432,2026-07-07 14:10:38.983893,2026-07-07 14:10:50.144092,0 days 00:00:11.160199,83.47179976361468,27,COMPLETE
2770,0.01945839699797769,0.46639654749176773,2026-07-07 14:10:39.784153,2026-07-07 14:10:49.662637,0 days 00:00:09.878484,74.43153928888509,27,COMPLETE
2771,0.021168675847293095,0.4662163980325711,2026-07-07 14:10:40.275148,2026-07-07 14:10:49.143333,0 days 00:00:08.868185,77.56751335601916,27,COMPLETE
2772,0.021129615378663258,0.46620086130861754,2026-07-07 14:10:40.436919,2026-07-07 14:10:47.246559,0 days 00:00:06.809640,67.9936541604829,27,COMPLETE
2773,0.025309587459603156,0.46565723473652043,2026-07-07 14:10:40.613720,2026-07-07 14:10:50.154751,0 days 00:00:09.541031,94.58520745600224,27,COMPLETE
2774,0.02009502140678998,0.46628887394698704,2026-07-07 14:10:40.776245,2026-07-07 14:10:47.808577,0 days 00:00:07.032332,76.39855697154357,27,COMPLETE
2775,0.017465439887832557,0.4668204441759185,2026-07-07 14:10:40.777968,2026-07-07 14:10:51.597528,0 days 00:00:10.819560,22.66129320236699,27,COMPLETE
2776,0.01626963641241208,0.4670409332314037,2026-07-07 14:10:40.809959,2026-07-07 14:10:47.988559,0 days 00:00:07.178600,52.34492255017851,27,COMPLETE
2777,0.016820586962889073,0.46714500353349037,2026-07-07 14:10:41.127280,2026-07-07 14:10:50.155574,0 days 00:00:09.028294,46.17244607473984,27,COMPLETE
2778,0.019514594123177298,0.46644995487585467,2026-07-07 14:10:41.496194,2026-07-07 14:10:52.895283,0 days 00:00:11.399089,55.41130668973899,27,COMPLETE
2779,0.02187894019037323,0.46606444593794183,2026-07-07 14:10:41.502400,2026-07-07 14:10:50.503294,0 days 00:00:09.000894,60.01390521360364,27,COMPLETE
2780,0.02523118035103833,0.46566604192919175,2026-07-07 14:10:41.505044,2026-07-07 14:10:50.158250,0 days 00:00:08.653206,94.23613856894336,27,COMPLETE
2781,0.0218462712474069,0.46607438136727036,2026-07-07 14:10:41.522524,2026-07-07 14:10:47.627633,0 days 00:00:06.105109,65.84665118539256,27,COMPLETE
2782,0.016819239453343682,0.46707777030230946,2026-07-07 14:10:41.534383,2026-07-07 14:10:47.609726,0 days 00:00:06.075343,46.669890283417345,27,COMPLETE
2783,0.021743972472225426,0.46611794835441844,2026-07-07 14:10:41.855257,2026-07-07 14:10:52.850764,0 days 00:00:10.995507,80.56791351434356,27,COMPLETE
2784,0.01565027582720968,0.4667959080566472,2026-07-07 14:10:42.014988,2026-07-07 14:10:52.836837,0 days 00:00:10.821849,4.261055854021951,27,COMPLETE
2785,0.01646089660409933,0.46704776989485725,2026-07-07 14:10:42.028407,2026-07-07 14:10:46.539856,0 days 00:00:04.511449,38.332273542947775,27,COMPLETE
2786,0.012806301641007045,0.4673494976369177,2026-07-07 14:10:42.187721,2026-07-07 14:10:52.862221,0 days 00:00:10.674500,14.624636628109416,27,COMPLETE
2787,0.024119071339108455,0.46574810208070283,2026-07-07 14:10:42.196336,2026-07-07 14:10:52.856478,0 days 00:00:10.660142,90.52004623025849,27,COMPLETE
2788,0.010814437204313132,0.46774381459097175,2026-07-07 14:10:42.369341,2026-07-07 14:10:50.346460,0 days 00:00:07.977119,7.532265610540604,27,COMPLETE
2789,0.01602135151709183,0.46670750319430915,2026-07-07 14:10:42.374544,2026-07-07 14:10:52.828947,0 days 00:00:10.454403,8.42591512765429,27,COMPLETE
2790,0.02084996249474108,0.46643546552755333,2026-07-07 14:10:42.374816,2026-07-07 14:10:50.345192,0 days 00:00:07.970376,63.25831349530711,27,COMPLETE
2791,0.017795189327562966,0.4666752129754028,2026-07-07 14:10:42.540204,2026-07-07 14:10:55.590710,0 days 00:00:13.050506,36.41447106281314,27,COMPLETE
2792,0.01529882007705441,0.4671169516888907,2026-07-07 14:10:42.699100,2026-07-07 14:10:54.024354,0 days 00:00:11.325254,7.118391580619634,27,COMPLETE
2793,0.01539698618362284,0.46724797179764094,2026-07-07 14:10:42.725499,2026-07-07 14:10:53.853398,0 days 00:00:11.127899,25.03866626469477,27,COMPLETE
2794,0.012946537650530443,0.4678212718668254,2026-07-07 14:10:43.039508,2026-07-07 14:10:52.881583,0 days 00:00:09.842075,24.87076253033491,27,COMPLETE
2795,0.016501581153641087,0.4670018464026901,2026-07-07 14:10:43.356895,2026-07-07 14:10:55.582255,0 days 00:00:12.225360,39.88438496929255,27,COMPLETE
2796,0.010760932098167197,0.4680815444078515,2026-07-07 14:10:43.363893,2026-07-07 14:10:52.897477,0 days 00:00:09.533584,14.081574637422928,27,COMPLETE
2797,0.01840376005070654,0.4667122161981626,2026-07-07 14:10:43.678615,2026-07-07 14:10:58.365450,0 days 00:00:14.686835,50.98819843757286,27,COMPLETE
2798,0.020655104122316137,0.4662391953658707,2026-07-07 14:10:43.681115,2026-07-07 14:10:52.834812,0 days 00:00:09.153697,71.53500946978862,27,COMPLETE
2799,0.013492520793067286,0.4674592676207459,2026-07-07 14:10:43.692926,2026-07-07 14:10:55.057438,0 days 00:00:11.364512,19.9645479125656,27,COMPLETE
2800,0.019291749500741806,0.46603508371851143,2026-07-07 14:10:43.873338,2026-07-07 14:10:52.854919,0 days 00:00:08.981581,2.2337069216559944,27,COMPLETE
2801,0.023475303921121016,0.4659165722260441,2026-07-07 14:10:44.032071,2026-07-07 14:10:52.898810,0 days 00:00:08.866739,86.56861287870717,27,COMPLETE
2802,0.020317648900742225,0.46628909141022307,2026-07-07 14:10:44.032760,2026-07-07 14:10:52.810246,0 days 00:00:08.777486,76.54791073336249,27,COMPLETE
2803,0.010999914434042135,0.46789583498889353,2026-07-07 14:10:44.197520,2026-07-07 14:10:56.104343,0 days 00:00:11.906823,15.96622803438197,27,COMPLETE
2804,0.013280398100597168,0.4673942078253096,2026-07-07 14:10:44.398682,2026-07-07 14:10:56.450270,0 days 00:00:12.051588,6.930497979878888,27,COMPLETE
2805,0.02533457272359052,0.4656542009392153,2026-07-07 14:10:44.739563,2026-07-07 14:10:55.225457,0 days 00:00:10.485894,94.70406893461825,27,COMPLETE
2806,0.01790797535787192,0.46684237777774384,2026-07-07 14:10:44.744957,2026-07-07 14:10:55.252310,0 days 00:00:10.507353,49.371167753841945,27,COMPLETE
2807,0.019885710714892757,0.46652888354248023,2026-07-07 14:10:45.391263,2026-07-07 14:10:53.380704,0 days 00:00:07.989441,61.953065526841684,27,COMPLETE
2808,0.022364860032804357,0.466042837052713,2026-07-07 14:10:45.705387,2026-07-07 14:10:52.821376,0 days 00:00:07.115989,81.77286128209329,27,COMPLETE
2809,0.011832230067616578,0.4678362424084678,2026-07-07 14:10:45.708040,2026-07-07 14:10:57.396911,0 days 00:00:11.688871,19.31184436888621,27,COMPLETE
2810,0.024653609007298072,0.4657011907963451,2026-07-07 14:10:46.038213,2026-07-07 14:10:55.593080,0 days 00:00:09.554867,91.63260953954092,27,COMPLETE
2811,0.016481608778142864,0.4670720765036982,2026-07-07 14:10:46.038974,2026-07-07 14:10:55.249970,0 days 00:00:09.210996,47.36782186116631,27,COMPLETE
2812,0.024924480984406583,0.46569664019695317,2026-07-07 14:10:46.201286,2026-07-07 14:10:54.348576,0 days 00:00:08.147290,92.90791228523659,27,COMPLETE
2813,0.015423750263417635,0.467216214696822,2026-07-07 14:10:46.545384,2026-07-07 14:10:56.098868,0 days 00:00:09.553484,27.161055381880768,27,COMPLETE
2814,0.009344933648045617,0.4682173087948407,2026-07-07 14:10:46.549314,2026-07-07 14:10:58.736612,0 days 00:00:12.187298,16.245873724506946,27,COMPLETE
2815,0.010557734468593372,0.46810468580048437,2026-07-07 14:10:46.553970,2026-07-07 14:10:58.535699,0 days 00:00:11.981729,9.374710587608002,27,COMPLETE
2816,0.02494860331937354,0.4656942472457656,2026-07-07 14:10:46.748800,2026-07-07 14:10:52.598143,0 days 00:00:05.849343,92.97974492634388,27,COMPLETE
2817,0.020646276355275717,0.4662784782363253,2026-07-07 14:10:47.242514,2026-07-07 14:10:58.719859,0 days 00:00:11.477345,60.42636335347801,27,COMPLETE
2818,0.021910749834172683,0.4660796462169615,2026-07-07 14:10:47.607032,2026-07-07 14:10:55.261496,0 days 00:00:07.654464,65.6047198236354,27,COMPLETE
2819,0.015004835662747129,0.46712098375388994,2026-07-07 14:10:47.611714,2026-07-07 14:10:58.763991,0 days 00:00:11.152277,33.20481743233347,27,COMPLETE
2820,0.02084233683739195,0.46625992289832185,2026-07-07 14:10:47.635832,2026-07-07 14:10:58.033133,0 days 00:00:10.397301,67.82415593236162,27,COMPLETE
2821,0.010134496933638715,0.46828462952563266,2026-07-07 14:10:48.146511,2026-07-07 14:10:56.108233,0 days 00:00:07.961722,4.4182493758205705,27,COMPLETE
2822,0.02040907319916274,0.46625103675690277,2026-07-07 14:10:48.305092,2026-07-07 14:11:00.111881,0 days 00:00:11.806789,73.54697473061255,27,COMPLETE
2823,0.018171643646964664,0.46689057431862474,2026-07-07 14:10:48.312342,2026-07-07 14:10:58.809008,0 days 00:00:10.496666,45.02856752867253,27,COMPLETE
2824,0.02528501177719672,0.46566012722663885,2026-07-07 14:10:48.468882,2026-07-07 14:10:58.731935,0 days 00:00:10.263053,94.47384245994623,27,COMPLETE
2825,0.008704791589505656,0.4681645886142932,2026-07-07 14:10:48.471174,2026-07-07 14:10:58.741793,0 days 00:00:10.270619,10.38774160820184,27,COMPLETE
2826,0.011577502297902553,0.46795486689924415,2026-07-07 14:10:48.472600,2026-07-07 14:10:58.749570,0 days 00:00:10.276970,16.850814358504365,27,COMPLETE
2827,0.0158960217520161,0.4670907225890586,2026-07-07 14:10:48.474656,2026-07-07 14:10:59.606995,0 days 00:00:11.132339,35.05244567328765,27,COMPLETE
2828,0.018242113087981293,0.4666144005646243,2026-07-07 14:10:48.475827,2026-07-07 14:10:58.747001,0 days 00:00:10.271174,26.938797130844787,27,COMPLETE
2829,0.02073248602874528,0.46620670134558645,2026-07-07 14:10:48.477230,2026-07-07 14:10:52.889335,0 days 00:00:04.412105,72.71562084658643,27,COMPLETE
2830,0.017139625139267922,0.46689905752602884,2026-07-07 14:10:48.792239,2026-07-07 14:10:58.793149,0 days 00:00:10.000910,36.40221626879447,27,COMPLETE
2831,0.01740902385939397,0.4668506436114412,2026-07-07 14:10:48.794569,2026-07-07 14:10:58.727452,0 days 00:00:09.932883,41.7443365180732,27,COMPLETE
2832,0.020755589506435135,0.46622192481921554,2026-07-07 14:10:48.954649,2026-07-07 14:10:54.017272,0 days 00:00:05.062623,71.45537049820508,27,COMPLETE
2833,0.0141053624328899,0.46738421189507934,2026-07-07 14:10:49.300421,2026-07-07 14:11:01.470979,0 days 00:00:12.170558,30.81981583744754,27,COMPLETE
2834,0.019885920528557588,0.46634959337584936,2026-07-07 14:10:49.300728,2026-07-07 14:10:55.759206,0 days 00:00:06.458478,74.1512070280517,27,COMPLETE
2835,0.02113086746826004,0.4663734257995007,2026-07-07 14:10:49.461093,2026-07-07 14:11:01.462471,0 days 00:00:12.001378,63.64488376236866,27,COMPLETE
2836,0.016347523821120924,0.46701213693917565,2026-07-07 14:10:50.170746,2026-07-07 14:10:55.575595,0 days 00:00:05.404849,36.533745942856314,27,COMPLETE
2837,0.014323946029529466,0.4673043971923959,2026-07-07 14:10:50.187565,2026-07-07 14:11:01.673983,0 days 00:00:11.486418,32.968358202446076,27,COMPLETE
2838,0.020285113837960944,0.4662717576402417,2026-07-07 14:10:51.440040,2026-07-07 14:11:01.657556,0 days 00:00:10.217516,73.78537030183247,27,COMPLETE
2839,0.008916808951301203,0.46840538253082026,2026-07-07 14:10:51.607095,2026-07-07 14:11:04.115449,0 days 00:00:12.508354,31.592116505456318,27,COMPLETE
2840,0.014156631576088596,0.4675153224286751,2026-07-07 14:10:51.611501,2026-07-07 14:11:01.845055,0 days 00:00:10.233554,19.395830123702996,27,COMPLETE
2841,0.013657730263475776,0.46732995889186985,2026-07-07 14:10:51.776979,2026-07-07 14:10:58.970728,0 days 00:00:07.193749,7.604551521753951,27,COMPLETE
2842,0.01106341943342598,0.46779550551704485,2026-07-07 14:10:51.778096,2026-07-07 14:11:01.669904,0 days 00:00:09.891808,6.643861588393352,27,COMPLETE
2843,0.016146941080581234,0.4668445398848101,2026-07-07 14:10:52.585738,2026-07-07 14:11:01.480200,0 days 00:00:08.894462,5.50564025683743,27,COMPLETE
2844,0.024371947799833538,0.4651323867125832,2026-07-07 14:10:52.791899,2026-07-07 14:11:01.654148,0 days 00:00:08.862249,1.8571796352194188,27,COMPLETE
2845,0.021407513489475116,0.46615739981691573,2026-07-07 14:10:52.889553,2026-07-07 14:11:01.472235,0 days 00:00:08.582682,79.74572089662837,27,COMPLETE
2846,0.0184405090616917,0.4667960510477439,2026-07-07 14:10:52.898622,2026-07-07 14:11:00.271280,0 days 00:00:07.372658,59.418260466130135,27,COMPLETE
2847,0.016029374383342454,0.4670328783350186,2026-07-07 14:10:52.906974,2026-07-07 14:11:01.677881,0 days 00:00:08.770907,37.60908619269929,27,COMPLETE
2848,0.01912698471394686,0.4667422934207599,2026-07-07 14:10:54.017426,2026-07-07 14:11:01.667880,0 days 00:00:07.650454,59.03515220748147,28,COMPLETE
2849,0.0241877748487066,0.46575686808507305,2026-07-07 14:10:54.180362,2026-07-07 14:11:04.100943,0 days 00:00:09.920581,89.05635935603448,28,COMPLETE
2850,0.015094066206935597,0.46723505633927065,2026-07-07 14:10:54.182674,2026-07-07 14:11:04.648838,0 days 00:00:10.466164,37.751298658147455,28,COMPLETE
2851,0.017214919682323138,0.4669012410501726,2026-07-07 14:10:54.184323,2026-07-07 14:11:02.318672,0 days 00:00:08.134349,45.66906896133442,28,COMPLETE
2852,0.021675932838597867,0.466126223894575,2026-07-07 14:10:54.184646,2026-07-07 14:11:01.661866,0 days 00:00:07.477220,80.4401920835855,28,COMPLETE
2853,0.02527640416551591,0.4656582422970201,2026-07-07 14:10:54.187195,2026-07-07 14:10:58.808562,0 days 00:00:04.621367,96.55677910820454,28,COMPLETE
2854,0.01532588103005128,0.46720184987512914,2026-07-07 14:10:54.343934,2026-07-07 14:11:04.826706,0 days 00:00:10.482772,52.57407759073903,28,COMPLETE
2855,0.017217594969587524,0.4668970525620361,2026-07-07 14:10:54.346520,2026-07-07 14:11:04.616029,0 days 00:00:10.269509,47.573627749229594,28,COMPLETE
2856,0.008557990362932089,0.4685760617799908,2026-07-07 14:10:54.348828,2026-07-07 14:11:01.665731,0 days 00:00:07.316903,4.675597757047106,28,COMPLETE
2857,0.01568494305354362,0.4668984644972898,2026-07-07 14:10:54.349287,2026-07-07 14:11:04.646695,0 days 00:00:10.297408,3.6928010815217562,28,COMPLETE
2858,0.025085694666073688,0.46568018523541627,2026-07-07 14:10:54.508427,2026-07-07 14:11:06.122877,0 days 00:00:11.614450,93.56011755044021,28,COMPLETE
2859,0.020053019291362384,0.46652211629265583,2026-07-07 14:10:54.511351,2026-07-07 14:11:06.985971,0 days 00:00:12.474620,62.08162462842046,28,COMPLETE
2860,0.017964637312443188,0.46686479372696255,2026-07-07 14:10:54.513489,2026-07-07 14:11:04.653936,0 days 00:00:10.140447,35.03262461409754,28,COMPLETE
2861,0.007099303717477745,0.4685503772651991,2026-07-07 14:10:54.515838,2026-07-07 14:10:58.760343,0 days 00:00:04.244505,11.098172913311615,28,COMPLETE
2862,0.01928531705794373,0.4664668152746385,2026-07-07 14:10:54.516771,2026-07-07 14:11:05.149716,0 days 00:00:10.632945,55.65923646657234,28,COMPLETE
2863,0.020692877465730786,0.46627457047194937,2026-07-07 14:10:54.833024,2026-07-07 14:11:04.130542,0 days 00:00:09.297518,67.42859127491259,28,COMPLETE
2864,0.03506039202013822,0.4628925682164408,2026-07-07 14:10:55.014946,2026-07-07 14:11:07.702817,0 days 00:00:12.687871,1.0916182152870808,28,COMPLETE
2865,0.013372319279874811,0.4676574627144475,2026-07-07 14:10:55.033708,2026-07-07 14:11:04.649761,0 days 00:00:09.616053,24.646019786124647,28,COMPLETE
2866,0.013981813011011313,0.4677804985613483,2026-07-07 14:10:55.590880,2026-07-07 14:11:05.317087,0 days 00:00:09.726207,20.754612638174727,28,COMPLETE
2867,0.008910352082155903,0.4680022776858095,2026-07-07 14:10:55.753617,2026-07-07 14:11:07.144263,0 days 00:00:11.390646,13.935640978818785,28,COMPLETE
2868,0.021752398325366185,0.46609373596159087,2026-07-07 14:10:56.098724,2026-07-07 14:11:06.795554,0 days 00:00:10.696830,65.90420096828596,28,COMPLETE
2869,0.012026610516199687,0.46778563591432604,2026-07-07 14:10:56.104675,2026-07-07 14:11:07.711498,0 days 00:00:11.606823,27.25290378277552,28,COMPLETE
2870,0.02329987398999378,0.46596150182151386,2026-07-07 14:10:56.106638,2026-07-07 14:11:00.109490,0 days 00:00:04.002852,85.9348280430636,28,COMPLETE
2871,0.022016721619989077,0.4660734286575646,2026-07-07 14:10:56.108859,2026-07-07 14:11:07.161531,0 days 00:00:11.052672,64.7662252065982,28,COMPLETE
2872,0.01364513871555234,0.4674977063215152,2026-07-07 14:10:56.116134,2026-07-07 14:11:04.822706,0 days 00:00:08.706572,21.259933969236194,28,COMPLETE
2873,0.013245334174121992,0.4673136907319017,2026-07-07 14:10:56.117840,2026-07-07 14:11:01.456164,0 days 00:00:05.338324,8.686623142296718,28,COMPLETE
