number,values_0,values_1,datetime_start,datetime_complete,duration,params_input_force,system_attrs_NSGAIISampler:generation,state
4447,0.01417755273328919,0.46718402277089105,2026-07-07 14:15:22.982954,2026-07-07 14:15:26.555410,0 days 00:00:03.572456,6.756989731804782,42,COMPLETE
4448,0.012136599510414181,0.4674842900729144,2026-07-07 14:15:22.985500,2026-07-07 14:15:34.055694,0 days 00:00:11.070194,9.175234094016686,42,COMPLETE
4449,0.023196661002718943,0.46597735176654737,2026-07-07 14:15:24.821368,2026-07-07 14:15:35.943505,0 days 00:00:11.122137,85.47492102013611,43,COMPLETE
4450,0.019881309042715012,0.46656695248626656,2026-07-07 14:15:24.821615,2026-07-07 14:15:38.126498,0 days 00:00:13.304883,62.265318386564886,43,COMPLETE
4451,0.013964091249345223,0.4674209542871407,2026-07-07 14:15:24.992101,2026-07-07 14:15:35.952614,0 days 00:00:10.960513,18.810506356105662,43,COMPLETE
4452,0.028554786087097994,0.46428878089019954,2026-07-07 14:15:25.169977,2026-07-07 14:15:35.979616,0 days 00:00:10.809639,1.657078222796071,43,COMPLETE
4453,0.020526260981545585,0.4662597357712771,2026-07-07 14:15:25.861615,2026-07-07 14:15:32.277588,0 days 00:00:06.415973,71.7320005694958,43,COMPLETE
4454,0.018346036928024,0.46675682173336636,2026-07-07 14:15:25.876492,2026-07-07 14:15:38.178409,0 days 00:00:12.301917,49.81160710944877,43,COMPLETE
4455,0.02034847253014388,0.4662604265909616,2026-07-07 14:15:26.036121,2026-07-07 14:15:36.322021,0 days 00:00:10.285900,73.68164090365595,43,COMPLETE
4456,0.020268895382034302,0.4663079316452485,2026-07-07 14:15:26.212383,2026-07-07 14:15:35.973307,0 days 00:00:09.760924,77.39206757699796,43,COMPLETE
4457,0.008229839059984811,0.4684518048351566,2026-07-07 14:15:26.213025,2026-07-07 14:15:38.166794,0 days 00:00:11.953769,12.357609205192093,43,COMPLETE
4458,0.025181485770921275,0.46567100239224124,2026-07-07 14:15:26.370781,2026-07-07 14:15:36.797689,0 days 00:00:10.426908,94.0143511612945,43,COMPLETE
4459,0.024951294656260614,0.46569397181984307,2026-07-07 14:15:26.387806,2026-07-07 14:15:36.140041,0 days 00:00:09.752235,92.98813385011718,43,COMPLETE
4460,0.021630022389188208,0.46613192541088383,2026-07-07 14:15:26.551352,2026-07-07 14:15:39.866711,0 days 00:00:13.315359,80.35443572235668,43,COMPLETE
4461,0.022975653087071557,0.4660005645692366,2026-07-07 14:15:26.571375,2026-07-07 14:15:32.101604,0 days 00:00:05.530229,84.38934187236597,43,COMPLETE
4462,0.01846401081251703,0.46677589593160274,2026-07-07 14:15:26.919393,2026-07-07 14:15:41.754914,0 days 00:00:14.835521,44.62234097081518,43,COMPLETE
4463,0.007373097433617359,0.46869966077148634,2026-07-07 14:15:26.928593,2026-07-07 14:15:35.958296,0 days 00:00:09.029703,9.559905887529398,43,COMPLETE
4464,0.021412382250004747,0.46615591409433016,2026-07-07 14:15:26.933187,2026-07-07 14:15:35.738843,0 days 00:00:08.805656,79.68304517010446,43,COMPLETE
4465,0.007552108883920938,0.46846003799903463,2026-07-07 14:15:27.247523,2026-07-07 14:15:36.327203,0 days 00:00:09.079680,11.17823983365551,43,COMPLETE
4466,0.02154650659710272,0.46624496849535796,2026-07-07 14:15:27.256218,2026-07-07 14:15:35.955785,0 days 00:00:08.699567,64.01789098578503,43,COMPLETE
4467,0.012880232895557342,0.46792208214448505,2026-07-07 14:15:27.582646,2026-07-07 14:15:32.868110,0 days 00:00:05.285464,20.985821550155542,43,COMPLETE
4468,0.023441190244118115,0.4659251533357777,2026-07-07 14:15:27.737624,2026-07-07 14:15:38.531099,0 days 00:00:10.793475,86.44982279487786,43,COMPLETE
4469,0.019699702028157684,0.4663703447743632,2026-07-07 14:15:28.395200,2026-07-07 14:15:38.356592,0 days 00:00:09.961392,74.29977436845682,43,COMPLETE
4470,0.015469034361139389,0.4671730426975008,2026-07-07 14:15:28.553662,2026-07-07 14:15:38.357471,0 days 00:00:09.803809,53.16580469774172,43,COMPLETE
4471,0.024875978530453424,0.465700826205052,2026-07-07 14:15:28.557450,2026-07-07 14:15:35.969637,0 days 00:00:07.412187,92.76980148206155,43,COMPLETE
4472,0.016100386716474846,0.46687278041012537,2026-07-07 14:15:28.715626,2026-07-07 14:15:38.699548,0 days 00:00:09.983922,5.484877629428281,43,COMPLETE
4473,0.01722496482665592,0.46683801779168693,2026-07-07 14:15:28.725829,2026-07-07 14:15:35.971804,0 days 00:00:07.245975,37.46475052639414,43,COMPLETE
4474,0.01573983080067881,0.46717113888234296,2026-07-07 14:15:28.729687,2026-07-07 14:15:43.053695,0 days 00:00:14.324008,36.33875402969623,43,COMPLETE
4475,0.015420036911809154,0.46724363105514,2026-07-07 14:15:28.737229,2026-07-07 14:15:38.365165,0 days 00:00:09.627936,24.852733028778335,43,COMPLETE
4476,0.020200191706368387,0.4664098409081143,2026-07-07 14:15:28.737410,2026-07-07 14:15:41.251630,0 days 00:00:12.514220,61.64800568674713,43,COMPLETE
4477,0.013744735176473455,0.467501436424187,2026-07-07 14:15:28.900112,2026-07-07 14:15:38.860598,0 days 00:00:09.960486,15.433184564493176,43,COMPLETE
4478,0.010879783938689547,0.46790819086598195,2026-07-07 14:15:29.568735,2026-07-07 14:15:40.761320,0 days 00:00:11.192585,19.038609460941345,43,COMPLETE
4479,0.021391341617018778,0.4662908362695243,2026-07-07 14:15:29.761510,2026-07-07 14:15:38.363904,0 days 00:00:08.602394,63.926617862401955,43,COMPLETE
4480,0.022083350222949938,0.46611444710566086,2026-07-07 14:15:30.939824,2026-07-07 14:15:40.920953,0 days 00:00:09.981129,64.2583865705703,43,COMPLETE
4481,0.025339923803415543,0.4656535416535025,2026-07-07 14:15:30.955099,2026-07-07 14:15:38.525525,0 days 00:00:07.570426,94.73073582461397,43,COMPLETE
4482,0.009676355425032979,0.4681682073640022,2026-07-07 14:15:31.119446,2026-07-07 14:15:36.797086,0 days 00:00:05.677640,16.298214621162497,43,COMPLETE
4483,0.013995489118326598,0.46728690849553944,2026-07-07 14:15:31.295469,2026-07-07 14:15:41.416719,0 days 00:00:10.121250,3.451393445934548,43,COMPLETE
4484,0.015034450264736154,0.4671069881267261,2026-07-07 14:15:31.302364,2026-07-07 14:15:36.310770,0 days 00:00:05.008406,26.61405223700906,43,COMPLETE
4485,0.01933446894089136,0.4665293335089833,2026-07-07 14:15:31.784912,2026-07-07 14:15:38.703099,0 days 00:00:06.918187,58.308462617167855,43,COMPLETE
4486,0.013122535700873128,0.46752652608878825,2026-07-07 14:15:32.277981,2026-07-07 14:15:39.890636,0 days 00:00:07.612655,15.644464864706185,43,COMPLETE
4487,0.017766836788103035,0.4667384815199037,2026-07-07 14:15:32.442070,2026-07-07 14:15:34.223482,0 days 00:00:01.781412,38.473123021655205,43,COMPLETE
4488,0.021627661366102835,0.46613222209769367,2026-07-07 14:15:32.795209,2026-07-07 14:15:41.080510,0 days 00:00:08.285301,80.35001368240026,43,COMPLETE
4489,0.021906424018705017,0.4660765309743214,2026-07-07 14:15:32.796643,2026-07-07 14:15:41.757237,0 days 00:00:08.960594,68.71951448531738,43,COMPLETE
4490,0.018333927391548932,0.4666467785766516,2026-07-07 14:15:32.843513,2026-07-07 14:15:36.315669,0 days 00:00:03.472156,50.79326098082107,43,COMPLETE
4491,0.008694176738408999,0.46822672648693103,2026-07-07 14:15:32.848584,2026-07-07 14:15:41.085698,0 days 00:00:08.237114,13.5539970593491,43,COMPLETE
4492,0.013248781087816852,0.46737532035936014,2026-07-07 14:15:32.851904,2026-07-07 14:15:42.084525,0 days 00:00:09.232621,9.950820835037451,43,COMPLETE
4493,0.02760498849235754,0.4642886661715616,2026-07-07 14:15:32.878843,2026-07-07 14:15:39.325700,0 days 00:00:06.446857,1.7595730385156483,43,COMPLETE
4494,0.01705724735309444,0.46686308426768675,2026-07-07 14:15:32.885599,2026-07-07 14:15:43.544197,0 days 00:00:10.658598,26.89401446455164,43,COMPLETE
4495,0.01596721327956696,0.46707604653271645,2026-07-07 14:15:33.240017,2026-07-07 14:15:40.737426,0 days 00:00:07.497409,53.104546107984056,43,COMPLETE
4496,0.009676606724770831,0.46821896751595754,2026-07-07 14:15:34.051932,2026-07-07 14:15:44.936121,0 days 00:00:10.884189,16.02891736166925,43,COMPLETE
4497,0.025386736308140256,0.46564621351116686,2026-07-07 14:15:34.052144,2026-07-07 14:15:44.910335,0 days 00:00:10.858191,95.99805856705748,43,COMPLETE
4498,0.018516331689954035,0.46665993037049647,2026-07-07 14:15:34.058653,2026-07-07 14:15:44.250208,0 days 00:00:10.191555,44.58442084168234,43,COMPLETE
4499,0.005929936642951439,0.4689072928451184,2026-07-07 14:15:34.544740,2026-07-07 14:15:40.381491,0 days 00:00:05.836751,10.844661189520252,43,COMPLETE
4500,0.02070189032457076,0.4664619384825213,2026-07-07 14:15:34.704497,2026-07-07 14:15:41.745233,0 days 00:00:07.040736,63.0441866236512,43,COMPLETE
4501,0.0170092690126305,0.4671021787036408,2026-07-07 14:15:35.017130,2026-07-07 14:15:44.967053,0 days 00:00:09.949923,43.195493689118024,43,COMPLETE
4502,0.02483462482155646,0.46570319479171035,2026-07-07 14:15:35.024830,2026-07-07 14:15:44.247694,0 days 00:00:09.222864,92.63573375663753,43,COMPLETE
4503,0.016761168607989485,0.4669664523976169,2026-07-07 14:15:35.027766,2026-07-07 14:15:46.133924,0 days 00:00:11.106158,46.86682989503242,43,COMPLETE
4504,0.01783475010348745,0.46662630795733245,2026-07-07 14:15:35.036821,2026-07-07 14:15:41.255724,0 days 00:00:06.218903,34.25743407691917,43,COMPLETE
4505,0.020755453646608857,0.46622866587106304,2026-07-07 14:15:35.039755,2026-07-07 14:15:48.058790,0 days 00:00:13.019035,71.23777785751126,43,COMPLETE
4506,0.023887610990345864,0.4658390436401603,2026-07-07 14:15:35.739182,2026-07-07 14:15:46.176488,0 days 00:00:10.437306,87.74239003510955,43,COMPLETE
4507,0.023032637573639103,0.4660002565711272,2026-07-07 14:15:35.742703,2026-07-07 14:15:43.548486,0 days 00:00:07.805783,84.77593651588076,43,COMPLETE
4508,0.01717181744485291,0.46691567298165115,2026-07-07 14:15:35.746324,2026-07-07 14:15:46.142911,0 days 00:00:10.396587,47.935601853518826,43,COMPLETE
4509,0.022289584314673205,0.4659753647701683,2026-07-07 14:15:35.750695,2026-07-07 14:15:46.697461,0 days 00:00:10.946766,69.88674614599347,43,COMPLETE
4510,0.014338984154009249,0.46730358443521336,2026-07-07 14:15:35.752479,2026-07-07 14:15:44.269486,0 days 00:00:08.517007,30.409967573969976,43,COMPLETE
4511,0.01690006529481225,0.46686198457853667,2026-07-07 14:15:35.758773,2026-07-07 14:15:46.169455,0 days 00:00:10.410682,23.789699336568482,43,COMPLETE
4512,0.01630772532393976,0.4670256960952596,2026-07-07 14:15:35.777048,2026-07-07 14:15:46.172244,0 days 00:00:10.395196,43.10584313722136,43,COMPLETE
4513,0.018124805954440548,0.46618496274457866,2026-07-07 14:15:35.953131,2026-07-07 14:15:44.964258,0 days 00:00:09.011127,2.65985452774699,43,COMPLETE
4514,0.011463405085462508,0.46793725211079007,2026-07-07 14:15:35.958949,2026-07-07 14:15:44.925401,0 days 00:00:08.966452,16.353383843386162,43,COMPLETE
4515,0.016896535082174424,0.4669164242286427,2026-07-07 14:15:36.299392,2026-07-07 14:15:48.048684,0 days 00:00:11.749292,37.38278259299119,43,COMPLETE
4516,0.01894089338223104,0.4666915727501572,2026-07-07 14:15:36.798522,2026-07-07 14:15:45.451955,0 days 00:00:08.653433,58.75045210301773,43,COMPLETE
4517,0.021219122639769716,0.46617236569315285,2026-07-07 14:15:36.804714,2026-07-07 14:15:46.874040,0 days 00:00:10.069326,78.40849218572903,43,COMPLETE
4518,0.01941307275809817,0.46649457635205727,2026-07-07 14:15:36.962929,2026-07-07 14:15:43.738087,0 days 00:00:06.775158,58.233863596486565,43,COMPLETE
4519,0.01613872038400177,0.4669450680399708,2026-07-07 14:15:36.965073,2026-07-07 14:15:45.465578,0 days 00:00:08.500505,30.142975674755426,43,COMPLETE
4520,0.007036028822764884,0.4686639841029012,2026-07-07 14:15:36.967071,2026-07-07 14:15:48.078008,0 days 00:00:11.110937,9.94767783383793,43,COMPLETE
4521,0.024110729673721354,0.4657813927259475,2026-07-07 14:15:36.968598,2026-07-07 14:15:50.032844,0 days 00:00:13.064246,88.23487699755798,43,COMPLETE
4522,0.021080967381216897,0.4662299407988267,2026-07-07 14:15:37.129501,2026-07-07 14:15:50.745823,0 days 00:00:13.616322,77.71286515409223,43,COMPLETE
4523,0.02414672419072106,0.4657454587678597,2026-07-07 14:15:37.131620,2026-07-07 14:15:46.686615,0 days 00:00:09.554995,90.41827941445814,43,COMPLETE
4524,0.022128899883860853,0.46607137983151736,2026-07-07 14:15:37.132188,2026-07-07 14:15:46.342887,0 days 00:00:09.210699,81.31767008343543,43,COMPLETE
4525,0.018931683112863307,0.4666764492540235,2026-07-07 14:15:37.290415,2026-07-07 14:15:46.342257,0 days 00:00:09.051842,58.62834241007421,43,COMPLETE
4526,0.01847558892311807,0.4668109332124786,2026-07-07 14:15:37.769828,2026-07-07 14:15:48.070169,0 days 00:00:10.300341,43.68592079174495,43,COMPLETE
4527,0.020493586180904078,0.4659134126067742,2026-07-07 14:15:38.108453,2026-07-07 14:15:46.888877,0 days 00:00:08.780424,2.2540919495678655,43,COMPLETE
4528,0.01990825421083614,0.4665992003830853,2026-07-07 14:15:38.137269,2026-07-07 14:15:46.338235,0 days 00:00:08.200966,62.602241940854675,43,COMPLETE
4529,0.020453314518003307,0.46624529650167196,2026-07-07 14:15:38.146084,2026-07-07 14:15:46.877754,0 days 00:00:08.731670,73.47588568046537,43,COMPLETE
4530,0.0351680850240495,0.4628892951060413,2026-07-07 14:15:38.525395,2026-07-07 14:15:44.254878,0 days 00:00:05.729483,1.0938161921502085,43,COMPLETE
4531,0.024140976228763156,0.46577287118259997,2026-07-07 14:15:38.699373,2026-07-07 14:15:50.252633,0 days 00:00:11.553260,88.36218241358645,43,COMPLETE
4532,0.014485736652496639,0.46742246447244984,2026-07-07 14:15:39.324239,2026-07-07 14:15:50.011386,0 days 00:00:10.687147,4.250814502697509,43,COMPLETE
4533,0.011081409471112413,0.46793148651192396,2026-07-07 14:15:39.332968,2026-07-07 14:15:44.931713,0 days 00:00:05.598745,13.83355551839667,43,COMPLETE
4534,0.02000956756773342,0.46632699281222245,2026-07-07 14:15:39.337665,2026-07-07 14:15:47.705640,0 days 00:00:08.367975,74.0517831977953,43,COMPLETE
4535,0.00889110177643987,0.46826722273674515,2026-07-07 14:15:39.820999,2026-07-07 14:15:43.766748,0 days 00:00:03.945749,31.478996433368753,43,COMPLETE
4536,0.023987786464622574,0.4658143352737056,2026-07-07 14:15:39.825836,2026-07-07 14:15:50.580982,0 days 00:00:10.755146,87.93634408924784,43,COMPLETE
4537,0.020350450033933265,0.4662600986888194,2026-07-07 14:15:39.830481,2026-07-07 14:15:53.544706,0 days 00:00:13.714225,73.67692882593344,43,COMPLETE
4538,0.016130628446160533,0.4670975964000663,2026-07-07 14:15:39.834854,2026-07-07 14:15:44.745541,0 days 00:00:04.910687,26.56218893740743,43,COMPLETE
4539,0.02207730374544853,0.46604618739146586,2026-07-07 14:15:39.842048,2026-07-07 14:15:45.649125,0 days 00:00:05.807077,68.94033838500468,43,COMPLETE
4540,0.020684010450632673,0.4662667950568843,2026-07-07 14:15:39.847995,2026-07-07 14:15:41.086277,0 days 00:00:01.238282,67.27454969052631,43,COMPLETE
4541,0.02150999251027569,0.4661046787883708,2026-07-07 14:15:39.862217,2026-07-07 14:15:50.573429,0 days 00:00:10.711212,78.8903112639509,43,COMPLETE
4542,0.024171801921551717,0.46576324796685664,2026-07-07 14:15:39.866428,2026-07-07 14:15:48.066596,0 days 00:00:08.200168,88.57353075706342,43,COMPLETE
4543,0.02073924070095523,0.46622857473536267,2026-07-07 14:15:39.872181,2026-07-07 14:15:50.580459,0 days 00:00:10.708278,71.2003528798729,43,COMPLETE
4544,0.013020011811948562,0.46761449796930565,2026-07-07 14:15:39.878376,2026-07-07 14:15:50.587494,0 days 00:00:10.709118,37.89101281955519,43,COMPLETE
4545,0.02157462431339585,0.46609928251895055,2026-07-07 14:15:40.720366,2026-07-07 14:15:48.856717,0 days 00:00:08.136351,79.02702237934197,43,COMPLETE
4546,0.008249095769402304,0.4687475930831693,2026-07-07 14:15:40.753912,2026-07-07 14:15:50.022719,0 days 00:00:09.268807,34.50661052924015,43,COMPLETE
4547,0.017462856693200912,0.4665475810546166,2026-07-07 14:15:41.415815,2026-07-07 14:15:50.578220,0 days 00:00:09.162405,2.8681479519687167,43,COMPLETE
4548,0.0214108395781214,0.4661562791300797,2026-07-07 14:15:41.762373,2026-07-07 14:15:52.044049,0 days 00:00:10.281676,79.69310732376148,43,COMPLETE
4549,0.009205888470452506,0.46846385824630177,2026-07-07 14:15:41.765348,2026-07-07 14:15:50.049633,0 days 00:00:08.284285,17.517022114244725,43,COMPLETE
4550,0.02389838181170545,0.46583647689482416,2026-07-07 14:15:42.242150,2026-07-07 14:15:56.147477,0 days 00:00:13.905327,87.76062593775845,43,COMPLETE
4551,0.015604492589100516,0.4672232071824286,2026-07-07 14:15:42.245153,2026-07-07 14:15:54.587513,0 days 00:00:12.342360,45.484604527559526,43,COMPLETE
4552,0.021791757884978613,0.4660619579926818,2026-07-07 14:15:42.402220,2026-07-07 14:15:50.039192,0 days 00:00:07.636972,70.21139984085086,43,COMPLETE
4553,0.025359449058349248,0.4656511117241449,2026-07-07 14:15:42.561038,2026-07-07 14:15:55.101955,0 days 00:00:12.540917,94.83376816902293,43,COMPLETE
4554,0.02524702623117825,0.4656616839673183,2026-07-07 14:15:42.563747,2026-07-07 14:15:54.746455,0 days 00:00:12.182708,96.67255800294205,43,COMPLETE
4555,0.020623738677348902,0.46621539684459834,2026-07-07 14:15:42.723262,2026-07-07 14:15:54.750592,0 days 00:00:12.027330,72.94026260610944,43,COMPLETE
4556,0.02328726095152739,0.4659646837997687,2026-07-07 14:15:42.885377,2026-07-07 14:15:55.266550,0 days 00:00:12.381173,85.8720364624882,43,COMPLETE
4557,0.016107959111648085,0.4667099386964309,2026-07-07 14:15:43.216327,2026-07-07 14:15:55.101305,0 days 00:00:11.884978,2.7258086228038785,44,COMPLETE
4558,0.019701504381928026,0.4663289181866246,2026-07-07 14:15:43.216694,2026-07-07 14:15:54.577592,0 days 00:00:11.360898,75.29200705323463,44,COMPLETE
4559,0.02533184732724697,0.46565195225356637,2026-07-07 14:15:43.377992,2026-07-07 14:15:50.251289,0 days 00:00:06.873297,96.31587761446467,44,COMPLETE
4560,0.01310229627548054,0.4675250833151971,2026-07-07 14:15:43.758599,2026-07-07 14:15:55.812635,0 days 00:00:12.054036,33.41875101431043,44,COMPLETE
4561,0.016795190798947923,0.4669790285430687,2026-07-07 14:15:44.262335,2026-07-07 14:15:54.579546,0 days 00:00:10.317211,26.19919587588281,44,COMPLETE
4562,0.02267749172971173,0.46601041719251657,2026-07-07 14:15:44.742615,2026-07-07 14:15:50.014938,0 days 00:00:05.272323,82.45493977175462,44,COMPLETE
4563,0.014670590555291574,0.46741573265444564,2026-07-07 14:15:44.943401,2026-07-07 14:15:53.538824,0 days 00:00:08.595423,37.09102122271154,44,COMPLETE
4564,0.01820881469558272,0.4666643140575859,2026-07-07 14:15:44.967257,2026-07-07 14:15:54.919399,0 days 00:00:09.952142,50.8281782409708,44,COMPLETE
4565,0.01723438752866885,0.46692136278979623,2026-07-07 14:15:45.124868,2026-07-07 14:15:55.624910,0 days 00:00:10.500042,44.46597262734539,44,COMPLETE
4566,0.020432478667417264,0.4665006859086119,2026-07-07 14:15:45.624230,2026-07-07 14:15:56.142252,0 days 00:00:10.518022,62.740126374015574,44,COMPLETE
4567,0.01517386478459326,0.4672932005056156,2026-07-07 14:15:45.639353,2026-07-07 14:15:57.882932,0 days 00:00:12.243579,35.515498230088276,44,COMPLETE
4568,0.012898243092548944,0.46758227530002494,2026-07-07 14:15:45.649306,2026-07-07 14:15:50.568658,0 days 00:00:04.919352,34.58868556028688,44,COMPLETE
4569,0.01489362288375684,0.46739426618877694,2026-07-07 14:15:45.659886,2026-07-07 14:15:55.797473,0 days 00:00:10.137587,23.247118152025283,44,COMPLETE
4570,0.014010349046592874,0.4673472099625365,2026-07-07 14:15:46.156386,2026-07-07 14:15:55.625208,0 days 00:00:09.468822,32.959292334487955,44,COMPLETE
4571,0.01991122083904945,0.4663009353685642,2026-07-07 14:15:46.157631,2026-07-07 14:15:57.660949,0 days 00:00:11.503318,76.1596357302537,44,COMPLETE
4572,0.01615150664511461,0.46696853456016046,2026-07-07 14:15:46.170827,2026-07-07 14:15:59.041818,0 days 00:00:12.870991,26.473640529943527,44,COMPLETE
4573,0.017919662974831052,0.4668925128651031,2026-07-07 14:15:46.516962,2026-07-07 14:15:51.550820,0 days 00:00:05.033858,43.75071883472272,44,COMPLETE
4574,0.07024043999125518,0.45792338049471276,2026-07-07 14:15:46.519261,2026-07-07 14:15:55.607358,0 days 00:00:09.088097,0.7563318925744108,44,COMPLETE
4575,0.014132948682971547,0.46730430745315,2026-07-07 14:15:46.522379,2026-07-07 14:15:57.143975,0 days 00:00:10.621596,6.661037612032855,44,COMPLETE
4576,0.013887915266561857,0.4675812832528679,2026-07-07 14:15:46.525036,2026-07-07 14:15:53.187835,0 days 00:00:06.662799,21.77806874969955,44,COMPLETE
4577,0.01559789773494119,0.46729428774186194,2026-07-07 14:15:46.685010,2026-07-07 14:15:53.538449,0 days 00:00:06.853439,20.417762912102425,44,COMPLETE
4578,0.02091562679897191,0.4664227844240705,2026-07-07 14:15:46.686801,2026-07-07 14:15:57.843608,0 days 00:00:11.156807,63.36021543604026,44,COMPLETE
4579,0.012529923580092472,0.46752652469128464,2026-07-07 14:15:46.705337,2026-07-07 14:15:56.146319,0 days 00:00:09.440982,17.991439257670102,44,COMPLETE
4580,0.017417624105724838,0.4668182887828711,2026-07-07 14:15:46.885639,2026-07-07 14:15:55.633857,0 days 00:00:08.748218,23.10780242496625,44,COMPLETE
4581,0.02214429566405207,0.466038899595767,2026-07-07 14:15:47.045310,2026-07-07 14:15:57.502684,0 days 00:00:10.457374,65.11248506182324,44,COMPLETE
4582,0.012936625990875805,0.4677987426589416,2026-07-07 14:15:47.047056,2026-07-07 14:15:53.590952,0 days 00:00:06.543896,35.612676936329834,44,COMPLETE
4583,0.013099961130741633,0.46751007259199656,2026-07-07 14:15:47.680943,2026-07-07 14:15:57.855146,0 days 00:00:10.174203,15.257797721245012,44,COMPLETE
4584,0.014773064170856665,0.4673874410387942,2026-07-07 14:15:47.683259,2026-07-07 14:15:56.154337,0 days 00:00:08.471078,34.352471255126126,44,COMPLETE
4585,0.02065362485905131,0.46646947250785403,2026-07-07 14:15:47.691421,2026-07-07 14:15:57.871346,0 days 00:00:10.179925,62.99279012633491,44,COMPLETE
4586,0.019771020248046556,0.4663103485027454,2026-07-07 14:15:47.692815,2026-07-07 14:15:57.860857,0 days 00:00:10.168042,75.65990285635272,44,COMPLETE
4587,0.009126128728739857,0.4682919849083307,2026-07-07 14:15:47.695418,2026-07-07 14:15:58.069243,0 days 00:00:10.373825,12.346627107251006,44,COMPLETE
4588,0.01687688848114255,0.4668939545097417,2026-07-07 14:15:47.703288,2026-07-07 14:15:55.611302,0 days 00:00:07.908014,52.86536163078823,44,COMPLETE
4589,-0.007296531367573578,0.4721327197507329,2026-07-07 14:15:47.868811,2026-07-07 14:15:54.408840,0 days 00:00:06.540029,4.484211309473202,44,COMPLETE
