number,values_0,values_1,datetime_start,datetime_complete,duration,params_input_force,system_attrs_NSGAIISampler:generation,state
1301,0.01439384619957046,0.4673156984466337,2026-07-07 14:06:30.684653,2026-07-07 14:06:40.370628,0 days 00:00:09.685975,31.76374805333415,12,COMPLETE
1302,0.020679320935670042,0.4662832930590449,2026-07-07 14:06:30.706006,2026-07-07 14:06:40.202550,0 days 00:00:09.496544,67.55963446530362,12,COMPLETE
1303,0.020779216356425767,0.4662444969202454,2026-07-07 14:06:30.895169,2026-07-07 14:06:40.199785,0 days 00:00:09.304616,67.2940025695179,12,COMPLETE
1304,0.014754306254145144,0.46737634780282145,2026-07-07 14:06:30.904483,2026-07-07 14:06:39.336239,0 days 00:00:08.431756,18.541080152690707,12,COMPLETE
1305,0.022274208969337572,0.46605318227168424,2026-07-07 14:06:30.910882,2026-07-07 14:06:41.515014,0 days 00:00:10.604132,81.60000551958315,12,COMPLETE
1306,0.020253869496850097,0.46627809868796977,2026-07-07 14:06:30.948410,2026-07-07 14:06:39.715360,0 days 00:00:08.766950,73.81761590273553,12,COMPLETE
1307,0.02076872528483309,0.46625917660079635,2026-07-07 14:06:30.949843,2026-07-07 14:06:42.237334,0 days 00:00:11.287491,76.89339789816678,12,COMPLETE
1308,0.02540905362685114,0.4656443892526611,2026-07-07 14:06:30.954400,2026-07-07 14:06:41.704740,0 days 00:00:10.750340,95.77451662192006,12,COMPLETE
1309,0.025040999303576783,0.46568771251296864,2026-07-07 14:06:31.591422,2026-07-07 14:06:42.874014,0 days 00:00:11.282592,97.67075656123585,12,COMPLETE
1310,0.0245767590950699,0.46574647313965856,2026-07-07 14:06:31.599475,2026-07-07 14:06:39.178933,0 days 00:00:07.579458,98.75244670078537,12,COMPLETE
1311,0.024358660417760247,0.4657710407754904,2026-07-07 14:06:31.604761,2026-07-07 14:06:46.961571,0 days 00:00:15.356810,99.98399865845137,12,COMPLETE
1312,0.017616963193771484,0.46683920401903034,2026-07-07 14:06:31.606047,2026-07-07 14:06:37.138670,0 days 00:00:05.532623,43.46221462100605,12,COMPLETE
1313,0.01111830939951014,0.46806103662332293,2026-07-07 14:06:31.611384,2026-07-07 14:06:39.008524,0 days 00:00:07.397140,17.831508410959668,12,COMPLETE
1314,0.02107550730162172,0.46620046128042336,2026-07-07 14:06:31.616933,2026-07-07 14:06:44.742014,0 days 00:00:13.125081,78.37043763327839,12,COMPLETE
1315,0.024685451851024554,0.4656985913340705,2026-07-07 14:06:31.626126,2026-07-07 14:06:42.713950,0 days 00:00:11.087824,91.75377933483743,12,COMPLETE
1316,0.023069441771394528,0.46599476746694746,2026-07-07 14:06:31.626758,2026-07-07 14:06:42.885637,0 days 00:00:11.258879,84.89221270247056,12,COMPLETE
1317,0.014069295602935405,0.46725113802179996,2026-07-07 14:06:31.940992,2026-07-07 14:06:42.243914,0 days 00:00:10.302922,33.5630331315353,12,COMPLETE
1318,0.018952853810053405,0.4666507640038423,2026-07-07 14:06:32.424898,2026-07-07 14:06:37.650502,0 days 00:00:05.225604,39.106444347065626,13,COMPLETE
1319,0.012339832631420744,0.46766218759536926,2026-07-07 14:06:32.582402,2026-07-07 14:06:42.068347,0 days 00:00:09.485945,13.851790355791639,13,COMPLETE
1320,0.024371715367946023,0.46576904477911774,2026-07-07 14:06:32.899085,2026-07-07 14:06:42.871483,0 days 00:00:09.972398,99.92822625086148,13,COMPLETE
1321,0.015152058643052246,0.4672507938612229,2026-07-07 14:06:32.905688,2026-07-07 14:06:46.132170,0 days 00:00:13.226482,27.257972110211334,13,COMPLETE
1322,0.025361651720030076,0.4656508352100226,2026-07-07 14:06:33.223472,2026-07-07 14:06:43.376513,0 days 00:00:10.153041,94.84612349377468,13,COMPLETE
1323,0.02233945341273691,0.46598094480155006,2026-07-07 14:06:33.893694,2026-07-07 14:06:44.046509,0 days 00:00:10.152815,69.60421035975878,13,COMPLETE
1324,0.024229585558600053,0.46574215020813914,2026-07-07 14:06:35.070196,2026-07-07 14:06:44.253256,0 days 00:00:09.183060,89.60519055280194,13,COMPLETE
1325,0.012721497393927417,0.4676299135965615,2026-07-07 14:06:35.573021,2026-07-07 14:06:45.419803,0 days 00:00:09.846782,14.84937244245355,13,COMPLETE
1326,0.0208735030706218,0.46619097801329856,2026-07-07 14:06:35.889978,2026-07-07 14:06:45.401709,0 days 00:00:09.511731,72.22491540504521,13,COMPLETE
1327,0.018349503154550084,0.4665954378018215,2026-07-07 14:06:35.891952,2026-07-07 14:06:44.248058,0 days 00:00:08.356106,57.33532152893785,13,COMPLETE
1328,0.020620766808629343,0.4663081886637692,2026-07-07 14:06:36.061298,2026-07-07 14:06:46.462817,0 days 00:00:10.401519,77.4646447324919,13,COMPLETE
1329,0.01848789301627346,0.4668048865677733,2026-07-07 14:06:36.078568,2026-07-07 14:06:45.405859,0 days 00:00:09.327291,59.19637334664523,13,COMPLETE
1330,0.020046186272535904,0.46654579287650666,2026-07-07 14:06:36.090206,2026-07-07 14:06:45.413443,0 days 00:00:09.323237,62.331553580338465,13,COMPLETE
1331,0.024742191080469322,0.4656989274128489,2026-07-07 14:06:36.602970,2026-07-07 14:06:44.736963,0 days 00:00:08.133993,92.07516265788516,13,COMPLETE
1332,0.024560928555591166,0.4657087009237739,2026-07-07 14:06:36.778375,2026-07-07 14:06:41.898496,0 days 00:00:05.120121,91.3401499982202,13,COMPLETE
1333,0.012335328375283172,0.46760764147629613,2026-07-07 14:06:36.784154,2026-07-07 14:06:46.115298,0 days 00:00:09.331144,18.64817229249967,13,COMPLETE
1334,0.013917692155128891,0.46723693758042323,2026-07-07 14:06:36.801950,2026-07-07 14:06:46.465874,0 days 00:00:09.663924,3.697413145950949,13,COMPLETE
1335,0.11073412773317165,0.4525445609278952,2026-07-07 14:06:36.812959,2026-07-07 14:06:46.458536,0 days 00:00:09.645577,0.48326749137957914,13,COMPLETE
1336,0.021832171557845115,0.4661074545199689,2026-07-07 14:06:37.334949,2026-07-07 14:06:47.168435,0 days 00:00:09.833486,80.73715522102708,13,COMPLETE
1337,0.020304887367813218,0.466267844714562,2026-07-07 14:06:37.493284,2026-07-07 14:06:44.070957,0 days 00:00:06.577673,73.7636916133566,13,COMPLETE
1338,0.020637875726056076,0.46632680763672135,2026-07-07 14:06:37.493592,2026-07-07 14:06:44.256297,0 days 00:00:06.762705,61.51949768158826,13,COMPLETE
1339,0.016632144566069984,0.46637854260185685,2026-07-07 14:06:37.814074,2026-07-07 14:06:46.455682,0 days 00:00:08.641608,2.735983197841497,13,COMPLETE
1340,0.016543269994743426,0.4670303479222449,2026-07-07 14:06:37.815676,2026-07-07 14:06:49.694782,0 days 00:00:11.879106,48.690642988835776,13,COMPLETE
1341,0.012706924351182036,0.4676474751832856,2026-07-07 14:06:37.816252,2026-07-07 14:06:47.526434,0 days 00:00:09.710182,37.70149569483508,13,COMPLETE
1342,0.023077738421703298,0.4659935522089595,2026-07-07 14:06:37.818086,2026-07-07 14:06:44.764661,0 days 00:00:06.946575,84.92058922801229,13,COMPLETE
1343,0.014920584334327192,0.46706861844092384,2026-07-07 14:06:37.818345,2026-07-07 14:06:46.643830,0 days 00:00:08.825485,5.932124689884295,13,COMPLETE
1344,0.016236346454466477,0.466762649376018,2026-07-07 14:06:37.979532,2026-07-07 14:06:46.126803,0 days 00:00:08.147271,8.436014992907552,13,COMPLETE
1345,0.01036913890724972,0.46801519649378986,2026-07-07 14:06:38.137497,2026-07-07 14:06:49.872027,0 days 00:00:11.734530,16.09291575132275,13,COMPLETE
1346,0.02466397153458061,0.46573536346922056,2026-07-07 14:06:38.138938,2026-07-07 14:06:47.179783,0 days 00:00:09.040845,98.52063219463929,13,COMPLETE
1347,0.021660224770019665,0.4661281617422316,2026-07-07 14:06:38.140405,2026-07-07 14:06:47.516621,0 days 00:00:09.376216,80.41087077118782,13,COMPLETE
1348,0.012827073957067392,0.46758781257582116,2026-07-07 14:06:38.141051,2026-07-07 14:06:49.152732,0 days 00:00:11.011681,33.43979595762484,13,COMPLETE
1349,0.019448632379085895,0.46638897486708336,2026-07-07 14:06:38.302836,2026-07-07 14:06:47.177687,0 days 00:00:08.874851,74.90488119536002,13,COMPLETE
1350,0.019891262617398264,0.4665640798071456,2026-07-07 14:06:38.304636,2026-07-07 14:06:49.872163,0 days 00:00:11.567527,62.257695683832466,13,COMPLETE
1351,0.016330424503305074,0.4671046004175308,2026-07-07 14:06:38.311213,2026-07-07 14:06:43.371668,0 days 00:00:05.060455,47.99843242106974,13,COMPLETE
1352,0.024106504654142602,0.46578255061764917,2026-07-07 14:06:38.313795,2026-07-07 14:06:43.549180,0 days 00:00:05.235385,88.2199831772365,13,COMPLETE
1353,0.014767751187100109,0.4673188044314418,2026-07-07 14:06:38.319466,2026-07-07 14:06:50.236816,0 days 00:00:11.917350,29.695727830723584,13,COMPLETE
1354,0.020091117571009287,0.46646862840197584,2026-07-07 14:06:38.338473,2026-07-07 14:06:50.234966,0 days 00:00:11.896493,59.83956342592837,13,COMPLETE
1355,0.024639423878379585,0.465738576394675,2026-07-07 14:06:38.495791,2026-07-07 14:06:42.076889,0 days 00:00:03.581098,98.58005573833205,13,COMPLETE
1356,0.01696519387617451,0.4669279117056273,2026-07-07 14:06:38.817263,2026-07-07 14:06:49.884731,0 days 00:00:11.067468,46.812433955011095,13,COMPLETE
1357,0.0180758031767414,0.4667351875328375,2026-07-07 14:06:39.505126,2026-07-07 14:06:44.244016,0 days 00:00:04.738890,54.400699923561774,13,COMPLETE
1358,0.021448882200641284,0.46614857069468807,2026-07-07 14:06:39.712588,2026-07-07 14:06:53.949592,0 days 00:00:14.237004,79.57821807614498,13,COMPLETE
1359,0.019772257271506166,0.4663098412397208,2026-07-07 14:06:39.714340,2026-07-07 14:06:51.058477,0 days 00:00:11.344137,75.54116935134064,13,COMPLETE
1360,0.01898293510877197,0.46620098437670154,2026-07-07 14:06:39.716270,2026-07-07 14:06:46.115758,0 days 00:00:06.399488,5.638078085130217,13,COMPLETE
1361,0.020602638092749315,0.46621624606643586,2026-07-07 14:06:39.719482,2026-07-07 14:06:53.077493,0 days 00:00:13.358011,73.02277955738272,13,COMPLETE
1362,0.024740044164166808,0.4656985287718007,2026-07-07 14:06:39.723219,2026-07-07 14:06:49.703529,0 days 00:00:09.980310,92.05292670205579,13,COMPLETE
1363,0.021914085951795115,0.46608597366599525,2026-07-07 14:06:40.529979,2026-07-07 14:06:47.521017,0 days 00:00:06.991038,65.4761425351246,13,COMPLETE
1364,0.02359559234345837,0.46588598055829084,2026-07-07 14:06:40.697660,2026-07-07 14:06:46.636187,0 days 00:00:05.938527,86.92129221949386,13,COMPLETE
1365,0.017483635862330038,0.4669822243250281,2026-07-07 14:06:40.698834,2026-07-07 14:06:56.482215,0 days 00:00:15.783381,43.95064525408408,13,COMPLETE
1366,0.021070880747721565,0.4659313576627316,2026-07-07 14:06:40.703437,2026-07-07 14:06:51.241465,0 days 00:00:10.538028,2.011358915612663,13,COMPLETE
1367,0.019972810343840852,0.46629089165439697,2026-07-07 14:06:40.705410,2026-07-07 14:06:49.688058,0 days 00:00:08.982648,76.22651240827894,13,COMPLETE
1368,0.017407021114382026,0.4669856350897424,2026-07-07 14:06:40.706428,2026-07-07 14:06:57.010480,0 days 00:00:16.304052,22.877852574343642,13,COMPLETE
1369,0.02062812741038833,0.4662626022663563,2026-07-07 14:06:41.688792,2026-07-07 14:06:49.902558,0 days 00:00:08.213766,77.90743395952911,13,COMPLETE
1370,0.013988011925619326,0.4673227248619663,2026-07-07 14:06:41.702491,2026-07-07 14:06:51.250514,0 days 00:00:09.548023,33.64040769915115,13,COMPLETE
1371,0.02541611106904862,0.46564369419655516,2026-07-07 14:06:41.704540,2026-07-07 14:06:52.395243,0 days 00:00:10.690703,95.31454242504574,13,COMPLETE
1372,0.014266223006098755,0.4673896833840536,2026-07-07 14:06:41.707161,2026-07-07 14:06:50.067719,0 days 00:00:08.360558,16.643320591734373,13,COMPLETE
1373,0.018581504517963532,0.4665771790171158,2026-07-07 14:06:41.877417,2026-07-07 14:06:52.404127,0 days 00:00:10.526710,39.1089492926951,13,COMPLETE
1374,0.01622395199574672,0.4666555741597047,2026-07-07 14:06:42.874748,2026-07-07 14:06:53.607466,0 days 00:00:10.732718,3.76032777749145,13,COMPLETE
1375,0.010214857106131514,0.46819636869348186,2026-07-07 14:06:42.885835,2026-07-07 14:06:53.424581,0 days 00:00:10.538746,18.46126968280272,13,COMPLETE
1376,0.014274214503698146,0.4668883837771675,2026-07-07 14:06:43.862427,2026-07-07 14:06:56.117750,0 days 00:00:12.255323,8.575079339894385,13,COMPLETE
1377,0.020428561326746086,0.46629828535848616,2026-07-07 14:06:43.867201,2026-07-07 14:06:50.071979,0 days 00:00:06.204778,78.11854285234739,13,COMPLETE
1378,0.020661474761964504,0.466230016824428,2026-07-07 14:06:44.028331,2026-07-07 14:06:54.444795,0 days 00:00:10.416464,72.03745432860748,13,COMPLETE
1379,0.02094849460885384,0.46641677124105124,2026-07-07 14:06:44.030871,2026-07-07 14:06:48.016702,0 days 00:00:03.985831,63.399234767515225,13,COMPLETE
1380,0.02153292602310497,0.46613233789834874,2026-07-07 14:06:44.072519,2026-07-07 14:06:53.611401,0 days 00:00:09.538882,79.45057762899387,13,COMPLETE
1381,0.018998156613259376,0.4667009636946976,2026-07-07 14:06:44.256468,2026-07-07 14:06:50.718368,0 days 00:00:06.461900,58.82294532677634,13,COMPLETE
1382,0.02525238608910768,0.46566105047160744,2026-07-07 14:06:44.258750,2026-07-07 14:06:53.602740,0 days 00:00:09.343990,96.6517818910761,13,COMPLETE
1383,0.019753286244506396,0.46636688107234653,2026-07-07 14:06:44.420810,2026-07-07 14:06:54.791155,0 days 00:00:10.370345,74.25112060419833,13,COMPLETE
1384,0.01686911442411887,0.46681483974983645,2026-07-07 14:06:44.762249,2026-07-07 14:06:53.624413,0 days 00:00:08.862164,34.17405489233617,13,COMPLETE
1385,0.020187576530523443,0.46652074762020046,2026-07-07 14:06:44.921154,2026-07-07 14:06:54.457272,0 days 00:00:09.536118,62.399807011329194,13,COMPLETE
1386,0.02451071846474978,0.4656979330341266,2026-07-07 14:06:44.924409,2026-07-07 14:06:48.834710,0 days 00:00:03.910301,91.15728442046448,13,COMPLETE
1387,0.02021202349670148,0.46651298694941,2026-07-07 14:06:45.081928,2026-07-07 14:06:54.976860,0 days 00:00:09.894932,62.34341947366943,13,COMPLETE
1388,0.01494807822446298,0.4671926883791888,2026-07-07 14:06:45.913096,2026-07-07 14:06:54.981430,0 days 00:00:09.068334,29.366104279964986,13,COMPLETE
1389,0.022902024927095588,0.46599568245586875,2026-07-07 14:06:45.935363,2026-07-07 14:06:56.478108,0 days 00:00:10.542745,83.65057653577703,13,COMPLETE
1390,0.012581022655866525,0.46745607504049735,2026-07-07 14:06:45.954460,2026-07-07 14:06:55.771434,0 days 00:00:09.816974,13.728930677767867,13,COMPLETE
1391,0.020540333960612667,0.46632852951195375,2026-07-07 14:06:46.136579,2026-07-07 14:06:54.956681,0 days 00:00:08.820102,61.24721579595221,13,COMPLETE
1392,0.025004820617561097,0.4656882581800437,2026-07-07 14:06:46.137768,2026-07-07 14:06:55.790528,0 days 00:00:09.652760,93.18161660544988,13,COMPLETE
1393,0.021549402120901118,0.46612899671651425,2026-07-07 14:06:46.472006,2026-07-07 14:06:57.322817,0 days 00:00:10.850811,79.4280669080388,13,COMPLETE
1394,0.016479377472987777,0.4669555614820716,2026-07-07 14:06:46.799713,2026-07-07 14:06:54.979557,0 days 00:00:08.179844,52.84755870498399,13,COMPLETE
1395,0.023085112809423214,0.4659924983447813,2026-07-07 14:06:46.963756,2026-07-07 14:06:58.159691,0 days 00:00:11.195935,84.94708980655265,13,COMPLETE
1396,0.02147779630734764,0.4661470584160917,2026-07-07 14:06:46.965983,2026-07-07 14:06:58.372431,0 days 00:00:11.406448,68.29766013213946,13,COMPLETE
1397,0.014343743859114133,0.4673894426473887,2026-07-07 14:06:46.974161,2026-07-07 14:06:53.596976,0 days 00:00:06.622815,26.86389186342684,13,COMPLETE
1398,0.025095341902547696,0.46568200673216653,2026-07-07 14:06:46.977843,2026-07-07 14:06:49.710126,0 days 00:00:02.732283,97.38075800335248,13,COMPLETE
1399,0.014067920536110057,0.4673831468359131,2026-07-07 14:06:46.987235,2026-07-07 14:06:54.448434,0 days 00:00:07.461199,29.897927324617633,13,COMPLETE
1400,0.022651503550436547,0.4660117660314306,2026-07-07 14:06:46.989748,2026-07-07 14:06:56.439655,0 days 00:00:09.449907,82.35881659279329,13,COMPLETE
1401,0.023957321655293518,0.46582216571992696,2026-07-07 14:06:47.513367,2026-07-07 14:06:58.702992,0 days 00:00:11.189625,87.87292465340059,13,COMPLETE
1402,0.008222277151543667,0.4683422610508937,2026-07-07 14:06:47.513650,2026-07-07 14:07:00.104047,0 days 00:00:12.590397,13.006337270270521,13,COMPLETE
1403,0.12854765246400507,0.4500966791054776,2026-07-07 14:06:47.521279,2026-07-07 14:06:58.714659,0 days 00:00:11.193380,0.39819948551605766,13,COMPLETE
1404,0.023537487694651416,0.46590029408833455,2026-07-07 14:06:47.522085,2026-07-07 14:06:53.061184,0 days 00:00:05.539099,86.77824265749138,13,COMPLETE
1405,0.020114512254281847,0.4663069009235918,2026-07-07 14:06:47.523770,2026-07-07 14:06:57.644310,0 days 00:00:10.120540,73.957293184369,13,COMPLETE
1406,0.01820116795870036,0.46663999450797305,2026-07-07 14:06:47.526333,2026-07-07 14:06:56.828899,0 days 00:00:09.302566,39.37274523370795,13,COMPLETE
1407,0.019886370006657994,0.46636218906028215,2026-07-07 14:06:47.528788,2026-07-07 14:06:53.618774,0 days 00:00:06.089986,39.566314916245375,13,COMPLETE
1408,0.0250542595939785,0.46568649643539684,2026-07-07 14:06:47.688823,2026-07-07 14:06:58.368242,0 days 00:00:10.679419,97.61333199642229,13,COMPLETE
1409,0.023419141120253617,0.4659304681346985,2026-07-07 14:06:47.689753,2026-07-07 14:06:59.861389,0 days 00:00:12.171636,86.37037555164038,13,COMPLETE
1410,0.011256297358776646,0.46790839037284104,2026-07-07 14:06:48.009332,2026-07-07 14:06:58.879955,0 days 00:00:10.870623,16.04749055367789,13,COMPLETE
1411,0.013453139871288322,0.4672217486823106,2026-07-07 14:06:48.186380,2026-07-07 14:06:59.524648,0 days 00:00:11.338268,8.41767430383849,13,COMPLETE
1412,0.01748028299521842,0.4669656838126858,2026-07-07 14:06:48.187097,2026-07-07 14:06:56.474296,0 days 00:00:08.287199,48.449944982895154,13,COMPLETE
1413,0.013592991114889708,0.4677770718316494,2026-07-07 14:06:48.188706,2026-07-07 14:06:51.257371,0 days 00:00:03.068665,20.527648005503725,13,COMPLETE
1414,0.01754250059470064,0.46695720975049604,2026-07-07 14:06:48.192564,2026-07-07 14:06:58.882611,0 days 00:00:10.690047,43.99777282453975,13,COMPLETE
1415,0.0206644725022328,0.4662834698951378,2026-07-07 14:06:48.192829,2026-07-07 14:06:51.236967,0 days 00:00:03.044138,60.47707917659976,13,COMPLETE
1416,0.019956281120825314,0.4665920699248697,2026-07-07 14:06:48.835073,2026-07-07 14:06:58.149382,0 days 00:00:09.314309,62.62116273960754,13,COMPLETE
1417,0.017395982650903863,0.4667708460006813,2026-07-07 14:06:49.500389,2026-07-07 14:07:00.274300,0 days 00:00:10.773911,35.0906322872149,13,COMPLETE
1418,0.009374069661881645,0.4681311610228689,2026-07-07 14:06:49.892428,2026-07-07 14:07:00.106169,0 days 00:00:10.213741,9.8303673729051,13,COMPLETE
1419,0.022954577514712082,0.4659952274777753,2026-07-07 14:06:50.059493,2026-07-07 14:07:00.051476,0 days 00:00:09.991983,84.0559115277221,13,COMPLETE
1420,0.020724495048113245,0.4662653309408884,2026-07-07 14:06:50.229281,2026-07-07 14:07:00.078296,0 days 00:00:09.849015,78.28626163443613,13,COMPLETE
1421,0.017832089379066995,0.4663206937956538,2026-07-07 14:06:50.237625,2026-07-07 14:07:00.091724,0 days 00:00:09.854099,3.068216513369085,14,COMPLETE
1422,0.0765325777376959,0.4571226061851569,2026-07-07 14:06:50.396913,2026-07-07 14:06:59.845689,0 days 00:00:09.448776,0.7037384903504074,14,COMPLETE
1423,0.021192189573985498,0.4663545411565462,2026-07-07 14:06:50.398472,2026-07-07 14:06:58.146235,0 days 00:00:07.747763,63.739585340751354,14,COMPLETE
1424,0.02305508451791155,0.4659969178306697,2026-07-07 14:06:50.712290,2026-07-07 14:07:00.100173,0 days 00:00:09.387883,84.84581830883091,14,COMPLETE
1425,0.017950514943889606,0.4668336863691494,2026-07-07 14:06:50.716409,2026-07-07 14:07:00.757115,0 days 00:00:10.040706,46.39389729633651,14,COMPLETE
1426,0.019550329364354246,0.4663642782776291,2026-07-07 14:06:50.717978,2026-07-07 14:07:01.593259,0 days 00:00:10.875281,75.06728419792356,14,COMPLETE
1427,0.012195368167521481,0.46753727219328134,2026-07-07 14:06:50.726314,2026-07-07 14:06:58.368584,0 days 00:00:07.642270,5.572692715113224,14,COMPLETE
1428,0.015954240087814764,0.467040022175284,2026-07-07 14:06:51.223622,2026-07-07 14:07:00.099969,0 days 00:00:08.876347,44.33130550513656,14,COMPLETE
1429,0.017908103509169382,0.4666518368434458,2026-07-07 14:06:51.253489,2026-07-07 14:07:02.561822,0 days 00:00:11.308333,57.64373070464115,14,COMPLETE
1430,0.018172714000951662,0.4668022877443033,2026-07-07 14:06:51.570245,2026-07-07 14:07:02.554001,0 days 00:00:10.983756,23.939735877241386,14,COMPLETE
1431,0.024540999842951605,0.4657151204662852,2026-07-07 14:06:51.577138,2026-07-07 14:07:04.068193,0 days 00:00:12.491055,91.39961969940217,14,COMPLETE
1432,0.014167193507818032,0.46698820867785684,2026-07-07 14:06:51.580364,2026-07-07 14:07:00.103903,0 days 00:00:08.523539,8.623959990243414,14,COMPLETE
1433,0.015612322350552543,0.46711883014929517,2026-07-07 14:06:52.059953,2026-07-07 14:07:03.209558,0 days 00:00:11.149605,23.181710237957546,14,COMPLETE
1434,0.01143679679088666,0.46784758021464995,2026-07-07 14:06:52.404443,2026-07-07 14:06:58.720271,0 days 00:00:06.315828,31.698698969686443,14,COMPLETE
1435,0.022075156545900032,0.4660766335138129,2026-07-07 14:06:52.562205,2026-07-07 14:07:03.378031,0 days 00:00:10.815826,64.59033908535044,14,COMPLETE
1436,0.013707946402244875,0.4672653797193248,2026-07-07 14:06:52.567408,2026-07-07 14:07:04.237566,0 days 00:00:11.670158,18.813968842502693,14,COMPLETE
1437,0.018008793689341218,0.4667572808027928,2026-07-07 14:06:52.899815,2026-07-07 14:06:56.454038,0 days 00:00:03.554223,51.37154510725797,14,COMPLETE
1438,0.018333663992778915,0.466659613563675,2026-07-07 14:06:53.791698,2026-07-07 14:07:06.053717,0 days 00:00:12.262019,55.22660666127978,14,COMPLETE
1439,0.02364334950381075,0.46587015105198115,2026-07-07 14:06:53.948076,2026-07-07 14:07:06.753374,0 days 00:00:12.805298,87.15585707213498,14,COMPLETE
1440,0.017513819221622873,0.4667951631133197,2026-07-07 14:06:54.105743,2026-07-07 14:07:03.596473,0 days 00:00:09.490730,54.68218406135694,14,COMPLETE
1441,0.014434184403739558,0.467592757722592,2026-07-07 14:06:54.442644,2026-07-07 14:07:04.405567,0 days 00:00:09.962923,21.033223698349055,14,COMPLETE
1442,0.018895825609384742,0.4665208302639771,2026-07-07 14:06:54.445038,2026-07-07 14:07:04.237465,0 days 00:00:09.792427,56.74148863845736,14,COMPLETE
1443,0.017450976370373183,0.46695471242648984,2026-07-07 14:06:54.454684,2026-07-07 14:07:04.587611,0 days 00:00:10.132927,50.4290273442324,14,COMPLETE
