number,values_0,values_1,datetime_start,datetime_complete,duration,params_input_force,system_attrs_NSGAIISampler:generation,state
1015,0.021804129122964033,0.4661107680018586,2026-07-07 14:05:41.551355,2026-07-07 14:05:51.013949,0 days 00:00:09.462594,80.68283076289094,10,COMPLETE
1016,0.015606490211189539,0.4673229198051245,2026-07-07 14:05:41.552976,2026-07-07 14:05:53.277717,0 days 00:00:11.724741,19.307253610849507,10,COMPLETE
1017,0.01445158795375412,0.46719444498189855,2026-07-07 14:05:42.071451,2026-07-07 14:05:51.680521,0 days 00:00:09.609070,27.741483231616474,10,COMPLETE
1018,0.012190397593460855,0.467764251851455,2026-07-07 14:05:42.077897,2026-07-07 14:05:48.701048,0 days 00:00:06.623151,32.23753052314903,10,COMPLETE
1019,0.013782797993466711,0.4674564346648593,2026-07-07 14:05:42.079683,2026-07-07 14:05:45.971301,0 days 00:00:03.891618,33.949458869632515,10,COMPLETE
1020,0.024236780393681934,0.4657467655125387,2026-07-07 14:05:42.093393,2026-07-07 14:05:53.207256,0 days 00:00:11.113863,89.23191088755513,10,COMPLETE
1021,0.01455344936673103,0.4672914284536956,2026-07-07 14:05:43.031413,2026-07-07 14:05:50.839195,0 days 00:00:07.807782,29.38587496320811,10,COMPLETE
1022,0.019560194428897726,0.46651007605563666,2026-07-07 14:05:43.349958,2026-07-07 14:05:52.723198,0 days 00:00:09.373240,49.682727619023574,10,COMPLETE
1023,0.025231691890581553,0.4656659885934179,2026-07-07 14:05:43.350418,2026-07-07 14:05:49.206061,0 days 00:00:05.855643,94.238394734053,10,COMPLETE
1024,0.02378942462037703,0.4658584910078457,2026-07-07 14:05:43.351740,2026-07-07 14:05:52.731370,0 days 00:00:09.379630,87.6022395858345,10,COMPLETE
1025,0.012215399718523312,0.4675850264864507,2026-07-07 14:05:43.517760,2026-07-07 14:05:52.546087,0 days 00:00:09.028327,16.67010996068359,10,COMPLETE
1026,0.02037947899559661,0.4662948458889429,2026-07-07 14:05:43.522771,2026-07-07 14:05:55.384448,0 days 00:00:11.861677,76.59136904067344,10,COMPLETE
1027,0.02417906273935433,0.4657592860538351,2026-07-07 14:05:43.524275,2026-07-07 14:05:53.301832,0 days 00:00:09.777557,88.75535001758342,10,COMPLETE
1028,0.015097353268934355,0.46731625274687844,2026-07-07 14:05:43.536992,2026-07-07 14:05:53.295663,0 days 00:00:09.758671,20.306172165648068,10,COMPLETE
1029,0.014212673012922616,0.467117494179195,2026-07-07 14:05:44.550147,2026-07-07 14:05:54.711058,0 days 00:00:10.160911,8.304035094364153,10,COMPLETE
1030,0.017424068583656638,0.46692379247477817,2026-07-07 14:05:44.726795,2026-07-07 14:05:53.285658,0 days 00:00:08.558863,42.09702045266269,10,COMPLETE
1031,0.022116859621652107,0.46605200653289486,2026-07-07 14:05:45.042669,2026-07-07 14:05:48.673113,0 days 00:00:03.630444,64.92453701523765,10,COMPLETE
1032,0.019787204368202416,0.4663155455111935,2026-07-07 14:05:45.567294,2026-07-07 14:05:50.659520,0 days 00:00:05.092226,75.91912015730664,10,COMPLETE
1033,0.020461025356843243,0.46624350845526347,2026-07-07 14:05:45.576472,2026-07-07 14:05:57.065757,0 days 00:00:11.489285,73.42374110756838,10,COMPLETE
1034,0.01998039937463736,0.4660403560480204,2026-07-07 14:05:45.595193,2026-07-07 14:05:53.284847,0 days 00:00:07.689654,2.5135788465026274,10,COMPLETE
1035,0.021901246929143303,0.4661552382436937,2026-07-07 14:05:45.971463,2026-07-07 14:05:59.256343,0 days 00:00:13.284880,64.17890332777554,10,COMPLETE
1036,0.01746698714734546,0.4668137208475041,2026-07-07 14:05:46.131144,2026-07-07 14:05:57.740047,0 days 00:00:11.608903,54.03496320628348,10,COMPLETE
1037,0.023713771944110007,0.4658482914637046,2026-07-07 14:05:46.449316,2026-07-07 14:05:51.887938,0 days 00:00:05.438622,87.41573023389431,10,COMPLETE
1038,0.021227783986938586,0.4663438195272751,2026-07-07 14:05:46.607631,2026-07-07 14:05:56.051378,0 days 00:00:09.443747,63.77763247050109,10,COMPLETE
1039,0.02496300700470372,0.4656927572503165,2026-07-07 14:05:46.780161,2026-07-07 14:05:56.702317,0 days 00:00:09.922156,93.02580780338765,10,COMPLETE
1040,0.02480847535138181,0.4657037510511294,2026-07-07 14:05:46.784295,2026-07-07 14:05:57.741266,0 days 00:00:10.956971,92.5287359892437,10,COMPLETE
1041,0.017448791792795848,0.46695227745867196,2026-07-07 14:05:47.263006,2026-07-07 14:05:58.728285,0 days 00:00:11.465279,46.04310628275901,10,COMPLETE
1042,0.015248826097387591,0.46727054614150726,2026-07-07 14:05:47.263679,2026-07-07 14:05:57.715169,0 days 00:00:10.451490,46.896497768371106,10,COMPLETE
1043,0.009954081319103303,0.4682564358691703,2026-07-07 14:05:47.265286,2026-07-07 14:05:57.742164,0 days 00:00:10.476878,6.564466971138755,10,COMPLETE
1044,0.021042159125013726,0.4662350749544263,2026-07-07 14:05:47.766613,2026-07-07 14:05:53.221368,0 days 00:00:05.454755,77.72784162226938,10,COMPLETE
1045,0.013621656075573085,0.46740795468439517,2026-07-07 14:05:47.782655,2026-07-07 14:05:59.604528,0 days 00:00:11.821873,38.62557304626499,10,COMPLETE
1046,0.01503252167760083,0.46727076164867154,2026-07-07 14:05:47.942830,2026-07-07 14:05:59.599432,0 days 00:00:11.656602,42.2894443206072,10,COMPLETE
1047,0.01592779282431034,0.46710070552699867,2026-07-07 14:05:47.951448,2026-07-07 14:05:52.379943,0 days 00:00:04.428495,37.77457372819663,10,COMPLETE
1048,0.014659173436278983,0.4674035881686138,2026-07-07 14:05:47.954309,2026-07-07 14:05:53.260199,0 days 00:00:05.305890,27.790034681553234,10,COMPLETE
1049,0.021101734816897866,0.4661954191413536,2026-07-07 14:05:48.461868,2026-07-07 14:05:57.048730,0 days 00:00:08.586862,78.37696785674714,10,COMPLETE
1050,0.020264337857618275,0.4663093645739408,2026-07-07 14:05:48.640691,2026-07-07 14:06:00.730984,0 days 00:00:12.090293,77.37472637015044,10,COMPLETE
1051,0.013614947528307275,0.4672795805511661,2026-07-07 14:05:48.664092,2026-07-07 14:06:00.558114,0 days 00:00:11.894022,8.433855004850894,10,COMPLETE
1052,0.008728321698065755,0.46825401363743935,2026-07-07 14:05:48.666418,2026-07-07 14:05:59.064851,0 days 00:00:10.398433,11.06800335138526,10,COMPLETE
1053,0.01465941052578773,0.46748755786145374,2026-07-07 14:05:48.688916,2026-07-07 14:05:59.599796,0 days 00:00:10.910880,24.393616086353106,10,COMPLETE
1054,0.02004417560331595,0.46652470444623695,2026-07-07 14:05:48.703757,2026-07-07 14:06:00.034700,0 days 00:00:11.330943,62.09616688939764,10,COMPLETE
1055,0.027233467085426177,0.4646189500829118,2026-07-07 14:05:48.723942,2026-07-07 14:05:59.782777,0 days 00:00:11.058835,1.730325956687343,10,COMPLETE
1056,0.02284458276482343,0.46600053539400094,2026-07-07 14:05:48.731021,2026-07-07 14:05:59.817167,0 days 00:00:11.086146,83.36137461283079,10,COMPLETE
1057,0.012830511779129805,0.4675796784945746,2026-07-07 14:05:48.731656,2026-07-07 14:05:57.062057,0 days 00:00:08.330401,33.43667324553627,10,COMPLETE
1058,0.021630395743878594,0.46609549749506296,2026-07-07 14:05:48.889396,2026-07-07 14:06:01.303582,0 days 00:00:12.414186,79.13108330290551,10,COMPLETE
1059,0.024894219323200018,0.4656993798608017,2026-07-07 14:05:49.047534,2026-07-07 14:05:59.814473,0 days 00:00:10.766939,92.82216862615275,10,COMPLETE
1060,0.016453498056200055,0.4671037336313449,2026-07-07 14:05:49.203736,2026-07-07 14:06:00.004329,0 days 00:00:10.800593,48.009851934043255,10,COMPLETE
1061,0.016037578250901796,0.46711919006344116,2026-07-07 14:05:49.205139,2026-07-07 14:06:00.552674,0 days 00:00:11.347535,39.68289603365123,10,COMPLETE
1062,0.02170836904619522,0.46611426276914425,2026-07-07 14:05:49.206798,2026-07-07 14:06:01.286490,0 days 00:00:12.079692,68.54182753593672,10,COMPLETE
1063,0.025356579261140322,0.46565147123733003,2026-07-07 14:05:49.207671,2026-07-07 14:05:59.839063,0 days 00:00:10.631392,94.81793114552931,10,COMPLETE
1064,0.02114071317430699,0.4662004467111777,2026-07-07 14:05:49.369942,2026-07-07 14:06:00.006678,0 days 00:00:10.636736,66.16724782226309,10,COMPLETE
1065,0.023333068350400166,0.4659520382446155,2026-07-07 14:05:49.370335,2026-07-07 14:05:59.833203,0 days 00:00:10.462868,86.08820083775218,10,COMPLETE
1066,0.02176765564474309,0.4660658863225602,2026-07-07 14:05:49.528520,2026-07-07 14:05:59.823752,0 days 00:00:10.295232,70.22295272503018,10,COMPLETE
1067,0.015922473751880772,0.4671802529321225,2026-07-07 14:05:50.148310,2026-07-07 14:05:59.841720,0 days 00:00:09.693410,37.119923955372755,10,COMPLETE
1068,0.018487911405257906,0.46668561435970685,2026-07-07 14:05:50.148941,2026-07-07 14:05:57.058161,0 days 00:00:06.909220,35.008502460193995,10,COMPLETE
1069,0.008504285417697433,0.46841879002975073,2026-07-07 14:05:50.150971,2026-07-07 14:06:01.314476,0 days 00:00:11.163505,33.89704532761651,10,COMPLETE
1070,0.01976297364026386,0.46656618489297813,2026-07-07 14:05:50.154906,2026-07-07 14:05:59.235397,0 days 00:00:09.080491,60.85486480080248,10,COMPLETE
1071,0.02250757654448965,0.4660267532916629,2026-07-07 14:05:50.157697,2026-07-07 14:06:00.036852,0 days 00:00:09.879155,82.03228307792322,10,COMPLETE
1072,0.025340894574893524,0.4656509585493525,2026-07-07 14:05:50.160232,2026-07-07 14:06:00.769455,0 days 00:00:10.609223,96.27167551823571,10,COMPLETE
1073,0.02472351146900259,0.4656971297292982,2026-07-07 14:05:50.478418,2026-07-07 14:05:59.247423,0 days 00:00:08.769005,91.92975577126094,10,COMPLETE
1074,0.010237594568954511,0.4680530479443873,2026-07-07 14:05:51.194169,2026-07-07 14:06:00.036056,0 days 00:00:08.841887,31.53973689876149,10,COMPLETE
1075,0.02254822222811209,0.46602205364986354,2026-07-07 14:05:51.885271,2026-07-07 14:06:03.239534,0 days 00:00:11.354263,82.10961001726379,10,COMPLETE
1076,0.019700935746586767,0.466370247011219,2026-07-07 14:05:52.355112,2026-07-07 14:06:01.481049,0 days 00:00:09.125937,74.29889152831907,10,COMPLETE
1077,0.02080201964960504,0.46644443739412145,2026-07-07 14:05:52.554615,2026-07-07 14:05:58.712753,0 days 00:00:06.158138,63.18390143635232,10,COMPLETE
1078,0.02148752501760337,0.46615016330441705,2026-07-07 14:05:52.727622,2026-07-07 14:05:57.736397,0 days 00:00:05.008775,80.06253985138288,10,COMPLETE
1079,0.022443947264321085,0.4660340793900201,2026-07-07 14:05:52.729480,2026-07-07 14:05:57.735475,0 days 00:00:05.005995,81.91717335325713,10,COMPLETE
1080,-0.31633537947147905,0.5482322979020408,2026-07-07 14:05:52.890115,2026-07-07 14:06:04.484276,0 days 00:00:11.594161,4.499891748843523,10,COMPLETE
1081,0.02030341824133086,0.4663399129479208,2026-07-07 14:05:53.210433,2026-07-07 14:06:04.491983,0 days 00:00:11.281550,60.1280617382143,10,COMPLETE
1082,0.012364889321014205,0.4677475432772501,2026-07-07 14:05:53.220637,2026-07-07 14:06:04.258734,0 days 00:00:11.038097,17.538725628761654,10,COMPLETE
1083,0.025187875287415618,0.46567038544439165,2026-07-07 14:05:53.236999,2026-07-07 14:06:02.590709,0 days 00:00:09.353710,94.04325904560919,10,COMPLETE
1084,0.02473126381162616,0.46572633022095566,2026-07-07 14:05:53.241251,2026-07-07 14:06:01.307231,0 days 00:00:08.065980,98.37392351151333,10,COMPLETE
1085,0.025093442313262604,0.4656822638453627,2026-07-07 14:05:53.244719,2026-07-07 14:06:04.265313,0 days 00:00:11.020594,97.39429004026627,10,COMPLETE
1086,0.011317128147693811,0.46748640174253153,2026-07-07 14:05:53.248627,2026-07-07 14:06:04.289932,0 days 00:00:11.041305,11.956087182723659,10,COMPLETE
1087,0.017491785197193743,0.4669286341409993,2026-07-07 14:05:53.250878,2026-07-07 14:06:01.121466,0 days 00:00:07.870588,51.73285267010529,10,COMPLETE
1088,0.025379331585924647,0.4656469293230054,2026-07-07 14:05:53.263803,2026-07-07 14:06:04.269782,0 days 00:00:11.005979,96.05119385118032,10,COMPLETE
1089,0.020008311915665822,0.4663424313743806,2026-07-07 14:05:53.277049,2026-07-07 14:06:04.276512,0 days 00:00:10.999463,55.898926673996215,10,COMPLETE
1090,0.020794091477665477,0.4661964429586499,2026-07-07 14:05:53.278050,2026-07-07 14:06:04.490954,0 days 00:00:11.212904,72.58136251996578,10,COMPLETE
1091,0.013820181897497008,0.46738421245169104,2026-07-07 14:05:53.292877,2026-07-07 14:05:59.248361,0 days 00:00:05.955484,3.892545279001313,10,COMPLETE
1092,0.02040407980033826,0.4662961565158184,2026-07-07 14:05:53.459068,2026-07-07 14:06:04.288055,0 days 00:00:10.828987,76.60789954668869,10,COMPLETE
1093,0.0173666648501688,0.4668134354076263,2026-07-07 14:05:54.701678,2026-07-07 14:06:04.503554,0 days 00:00:09.801876,53.452674576362945,10,COMPLETE
1094,0.021431363152109195,0.46612577579264014,2026-07-07 14:05:55.026363,2026-07-07 14:06:04.310412,0 days 00:00:09.284049,78.53020291114879,10,COMPLETE
1095,0.022226953321614507,0.46602532450943396,2026-07-07 14:05:55.182462,2026-07-07 14:06:03.231823,0 days 00:00:08.049361,65.15938982236871,10,COMPLETE
1096,0.02457911052074524,0.4657001009828452,2026-07-07 14:05:55.189679,2026-07-07 14:06:04.505447,0 days 00:00:09.315768,91.31510447000831,10,COMPLETE
1097,0.013449898004994632,0.46773642080441946,2026-07-07 14:05:55.192415,2026-07-07 14:06:06.170197,0 days 00:00:10.977782,24.343094767029907,10,COMPLETE
1098,0.020878192989044864,0.4662613646667003,2026-07-07 14:05:55.205359,2026-07-07 14:06:01.474612,0 days 00:00:06.269253,77.19805934032213,10,COMPLETE
1099,0.024078504314529514,0.465757372579931,2026-07-07 14:05:55.206412,2026-07-07 14:06:04.678120,0 days 00:00:09.471708,90.63586988527597,10,COMPLETE
1100,0.01648859258377222,0.4668663547516131,2026-07-07 14:05:56.034693,2026-07-07 14:06:07.839742,0 days 00:00:11.805049,30.229891213796158,10,COMPLETE
1101,0.006845796404062965,0.46864079399025643,2026-07-07 14:05:57.070118,2026-07-07 14:06:07.513617,0 days 00:00:10.443499,16.72042688561128,10,COMPLETE
1102,0.023188824055721424,0.46597863203962325,2026-07-07 14:05:57.713277,2026-07-07 14:06:09.231606,0 days 00:00:11.518329,85.43687728364075,10,COMPLETE
1103,0.008141963731969015,0.46843027940673687,2026-07-07 14:05:58.718598,2026-07-07 14:06:08.311883,0 days 00:00:09.593285,17.325997023904158,10,COMPLETE
1104,0.01190629505112184,0.46766283358444694,2026-07-07 14:05:59.224062,2026-07-07 14:06:07.316397,0 days 00:00:08.092335,19.542523004732583,10,COMPLETE
1105,0.014820315338348544,0.4672755556347735,2026-07-07 14:05:59.225065,2026-07-07 14:06:08.354892,0 days 00:00:09.129827,23.881718687828194,10,COMPLETE
1106,0.020146418902906582,0.46652614839915973,2026-07-07 14:05:59.251377,2026-07-07 14:06:04.284449,0 days 00:00:05.033072,62.33855849450602,11,COMPLETE
1107,0.02538473443585937,0.46564790110113286,2026-07-07 14:05:59.587456,2026-07-07 14:06:08.895706,0 days 00:00:09.308250,94.99016509363271,11,COMPLETE
1108,0.025152898363817622,0.46567350872748886,2026-07-07 14:05:59.607751,2026-07-07 14:06:04.671414,0 days 00:00:05.063663,97.04072183696871,11,COMPLETE
1109,0.010542264921098388,0.46771493949960397,2026-07-07 14:05:59.610861,2026-07-07 14:06:07.341057,0 days 00:00:07.730196,15.49165772309162,11,COMPLETE
1110,0.022197871781522827,0.46602335333262035,2026-07-07 14:05:59.617195,2026-07-07 14:06:10.115777,0 days 00:00:10.498582,69.12810174147823,11,COMPLETE
1111,0.022324218529712114,0.4659692189666008,2026-07-07 14:05:59.779121,2026-07-07 14:06:09.586378,0 days 00:00:09.807257,69.83949367127724,11,COMPLETE
1112,0.02228696290613097,0.4660031758088481,2026-07-07 14:05:59.787621,2026-07-07 14:06:07.343307,0 days 00:00:07.555686,69.44045182961796,11,COMPLETE
1113,0.013761416541852367,0.4672231073532479,2026-07-07 14:05:59.788517,2026-07-07 14:06:08.869633,0 days 00:00:09.081116,8.570860057571442,11,COMPLETE
1114,0.01707856185415385,0.4670175517533949,2026-07-07 14:06:00.004731,2026-07-07 14:06:08.892984,0 days 00:00:08.888253,48.52037847979673,11,COMPLETE
1115,0.014543136383183053,0.4670486981631177,2026-07-07 14:06:00.006262,2026-07-07 14:06:06.159773,0 days 00:00:06.153511,8.840183183983129,11,COMPLETE
1116,0.013684930133441853,0.46742897696570196,2026-07-07 14:06:00.035403,2026-07-07 14:06:08.317398,0 days 00:00:08.281995,34.43638140248601,11,COMPLETE
1117,0.009247423167509983,0.4685210275230988,2026-07-07 14:06:00.231834,2026-07-07 14:06:06.151822,0 days 00:00:05.919988,11.577137568509086,11,COMPLETE
1118,0.018208256868089467,0.4666644969038953,2026-07-07 14:06:00.558402,2026-07-07 14:06:09.407419,0 days 00:00:08.849017,50.82797221623542,11,COMPLETE
1119,0.024504745876763545,0.4656974319979987,2026-07-07 14:06:00.721400,2026-07-07 14:06:09.071197,0 days 00:00:08.349797,91.13996380334409,11,COMPLETE
1120,0.013562599463102565,0.4675285421656387,2026-07-07 14:06:00.729578,2026-07-07 14:06:08.334348,0 days 00:00:07.604770,17.184486394903363,11,COMPLETE
1121,0.010908602940080503,0.46798071886623327,2026-07-07 14:06:00.773813,2026-07-07 14:06:04.683017,0 days 00:00:03.909204,13.880940543161612,11,COMPLETE
1122,0.012493717897634038,0.4678040909378903,2026-07-07 14:06:00.777421,2026-07-07 14:06:10.782643,0 days 00:00:10.005222,23.90154998725418,11,COMPLETE
1123,0.020841978227839675,0.4662306550603456,2026-07-07 14:06:00.780250,2026-07-07 14:06:04.841200,0 days 00:00:04.060950,70.63539105846802,11,COMPLETE
1124,0.01303398542553652,0.4674967527873654,2026-07-07 14:06:00.784193,2026-07-07 14:06:10.624337,0 days 00:00:09.840144,18.72167178043401,11,COMPLETE
1125,0.01663910794246709,0.46646648713820343,2026-07-07 14:06:01.097568,2026-07-07 14:06:09.942027,0 days 00:00:08.844459,8.631318997070748,11,COMPLETE
1126,0.003703678520604492,0.4693642408241976,2026-07-07 14:06:01.121820,2026-07-07 14:06:12.258532,0 days 00:00:11.136712,19.70250588851096,11,COMPLETE
1127,0.016776235659727523,0.4671191503072128,2026-07-07 14:06:01.123768,2026-07-07 14:06:12.812520,0 days 00:00:11.688752,48.73601878018806,11,COMPLETE
1128,0.022171960209056485,0.46606590430262074,2026-07-07 14:06:01.125729,2026-07-07 14:06:08.871209,0 days 00:00:07.745480,81.40141433956947,11,COMPLETE
1129,0.025041093018975058,0.46568770399808834,2026-07-07 14:06:01.284694,2026-07-07 14:06:12.822429,0 days 00:00:11.537735,97.6703695848488,11,COMPLETE
1130,0.008531274316964599,0.46842083773162346,2026-07-07 14:06:01.286309,2026-07-07 14:06:10.621467,0 days 00:00:09.335158,9.486817886040658,11,COMPLETE
1131,0.02165051614131841,0.46609614356434526,2026-07-07 14:06:01.292364,2026-07-07 14:06:14.104719,0 days 00:00:12.812355,79.17449674584462,11,COMPLETE
1132,0.017407073355653058,0.4670225151750427,2026-07-07 14:06:01.307438,2026-07-07 14:06:12.794785,0 days 00:00:11.487347,48.989353695029216,11,COMPLETE
1133,0.020447842733651245,0.46625991836373937,2026-07-07 14:06:01.308080,2026-07-07 14:06:10.781270,0 days 00:00:09.473190,55.592608895605636,11,COMPLETE
1134,0.01889453293468224,0.4667284832311909,2026-07-07 14:06:01.310270,2026-07-07 14:06:11.591293,0 days 00:00:10.281023,60.1403888517157,11,COMPLETE
1135,0.01223578587374402,0.46758702622211873,2026-07-07 14:06:01.310915,2026-07-07 14:06:09.582412,0 days 00:00:08.271497,18.538786072742504,11,COMPLETE
1136,0.02221632890171954,0.46602683605092865,2026-07-07 14:06:01.314844,2026-07-07 14:06:10.131847,0 days 00:00:08.817003,65.19990593903302,11,COMPLETE
1137,0.01261995450397474,0.4673907638545982,2026-07-07 14:06:01.473695,2026-07-07 14:06:09.596990,0 days 00:00:08.123295,15.774998035499177,11,COMPLETE
1138,0.024148508046930306,0.465762493863737,2026-07-07 14:06:01.947370,2026-07-07 14:06:12.635277,0 days 00:00:10.687907,88.96860149700908,11,COMPLETE
1139,0.015643716080298298,0.46712102782305104,2026-07-07 14:06:01.952836,2026-07-07 14:06:08.865143,0 days 00:00:06.912307,37.616140150972015,11,COMPLETE
1140,0.010590210634003672,0.46794588994176256,2026-07-07 14:06:02.111487,2026-07-07 14:06:09.421876,0 days 00:00:07.310389,9.377048336618852,11,COMPLETE
1141,0.01858719150140803,0.46657928057211073,2026-07-07 14:06:02.112843,2026-07-07 14:06:14.146514,0 days 00:00:12.033671,56.868684473176586,11,COMPLETE
1142,0.018188412180991043,0.46663435466467296,2026-07-07 14:06:02.278644,2026-07-07 14:06:14.112732,0 days 00:00:11.834088,2.750745737326978,11,COMPLETE
1143,0.006596209625110094,0.46867618688834184,2026-07-07 14:06:02.747029,2026-07-07 14:06:08.859727,0 days 00:00:06.112698,12.742349957254671,11,COMPLETE
1144,0.018352200794393814,0.46670855570399317,2026-07-07 14:06:02.759229,2026-07-07 14:06:13.949266,0 days 00:00:11.190037,51.011256831227286,11,COMPLETE
1145,0.01644016533362891,0.46702132711436756,2026-07-07 14:06:03.074824,2026-07-07 14:06:12.827910,0 days 00:00:09.753086,41.681506292966496,11,COMPLETE
1146,0.022128969096492035,0.4660713710401195,2026-07-07 14:06:03.233938,2026-07-07 14:06:12.622395,0 days 00:00:09.388457,81.31780468937374,11,COMPLETE
1147,0.018132120196688695,0.4666322494364615,2026-07-07 14:06:04.086687,2026-07-07 14:06:14.134938,0 days 00:00:10.048251,57.43803613296996,11,COMPLETE
1148,0.008577751770095343,0.4681913898685417,2026-07-07 14:06:04.294860,2026-07-07 14:06:14.166855,0 days 00:00:09.871995,5.419147251085003,11,COMPLETE
1149,0.024571507495444733,0.46569792330334403,2026-07-07 14:06:04.672523,2026-07-07 14:06:14.172168,0 days 00:00:09.499645,91.2920973505134,11,COMPLETE
1150,0.021076735103777944,0.46620967086440634,2026-07-07 14:06:04.683293,2026-07-07 14:06:14.833889,0 days 00:00:10.150596,66.2034479934191,11,COMPLETE
1151,0.016232389174505146,0.4669544065863839,2026-07-07 14:06:04.684445,2026-07-07 14:06:15.305670,0 days 00:00:10.621225,31.544766954508752,11,COMPLETE
1152,0.012906688088280327,0.4675484155303277,2026-07-07 14:06:04.996363,2026-07-07 14:06:16.188328,0 days 00:00:11.191965,30.61675236284213,11,COMPLETE
1153,0.010638552782333388,0.4681160070190023,2026-07-07 14:06:04.996971,2026-07-07 14:06:14.347542,0 days 00:00:09.350571,32.430382739520184,11,COMPLETE
1154,0.016045667490347137,0.4670743835649591,2026-07-07 14:06:05.000231,2026-07-07 14:06:16.006036,0 days 00:00:11.005805,23.05474841456198,11,COMPLETE
1155,0.015737387146493753,0.46718582925285423,2026-07-07 14:06:05.008411,2026-07-07 14:06:14.671828,0 days 00:00:09.663417,52.19843393797473,11,COMPLETE
1156,0.011802541668968325,0.4677608341301686,2026-07-07 14:06:05.164196,2026-07-07 14:06:16.346136,0 days 00:00:11.181940,6.627312531081149,11,COMPLETE
1157,0.01254251670044404,0.46768236825132825,2026-07-07 14:06:05.164550,2026-07-07 14:06:16.984065,0 days 00:00:11.819515,14.894964441343909,11,COMPLETE
