number,values_0,values_1,datetime_start,datetime_complete,duration,params_input_force,system_attrs_NSGAIISampler:generation,state
2588,0.023185456932484194,0.465979172066841,2026-07-07 14:10:09.416432,2026-07-07 14:10:22.607247,0 days 00:00:13.190815,85.42032036698049,25,COMPLETE
2589,0.010276905723088148,0.4681586157358411,2026-07-07 14:10:09.418386,2026-07-07 14:10:19.071267,0 days 00:00:09.652881,17.961529037461514,25,COMPLETE
2590,0.014942318710189195,0.4672908185979474,2026-07-07 14:10:09.420118,2026-07-07 14:10:19.417024,0 days 00:00:09.996906,21.946481633943534,25,COMPLETE
2591,0.018506546880978525,0.4665834183628361,2026-07-07 14:10:09.422691,2026-07-07 14:10:13.790187,0 days 00:00:04.367496,56.92330226400019,25,COMPLETE
2592,0.010440747809933593,0.4679436146580497,2026-07-07 14:10:09.424621,2026-07-07 14:10:19.416344,0 days 00:00:09.991723,16.054288163376036,25,COMPLETE
2593,0.019344492169902416,0.46652556098215403,2026-07-07 14:10:09.425597,2026-07-07 14:10:14.311419,0 days 00:00:04.885822,58.30160261085862,25,COMPLETE
2594,0.01666122767133943,0.4669063200373839,2026-07-07 14:10:09.428082,2026-07-07 14:10:19.754479,0 days 00:00:10.326397,39.32963059110784,25,COMPLETE
2595,0.1474118436024895,0.4475290477085549,2026-07-07 14:10:09.431594,2026-07-07 14:10:19.758672,0 days 00:00:10.327078,0.32008761972711786,25,COMPLETE
2596,0.01682089074976606,0.46678981078021414,2026-07-07 14:10:09.432984,2026-07-07 14:10:19.062034,0 days 00:00:09.629050,34.669192364679304,25,COMPLETE
2597,0.015729395683078295,0.4665657291664557,2026-07-07 14:10:09.746551,2026-07-07 14:10:19.007316,0 days 00:00:09.260765,3.2357877108121746,25,COMPLETE
2598,0.023667675128666354,0.4658614653184555,2026-07-07 14:10:09.748547,2026-07-07 14:10:19.745059,0 days 00:00:09.996512,87.25092375730136,25,COMPLETE
2599,0.015751657630187932,0.46683243247045014,2026-07-07 14:10:09.750765,2026-07-07 14:10:19.583042,0 days 00:00:09.832277,6.638638836442284,25,COMPLETE
2600,0.014933336480246695,0.46746597469777884,2026-07-07 14:10:09.752583,2026-07-07 14:10:22.955934,0 days 00:00:13.203351,40.97240607882108,25,COMPLETE
2601,0.01573694522680863,0.46718583080172216,2026-07-07 14:10:09.753827,2026-07-07 14:10:21.723480,0 days 00:00:11.969653,52.19786980913523,25,COMPLETE
2602,0.020449908988301957,0.46628225340806884,2026-07-07 14:10:09.754546,2026-07-07 14:10:20.286367,0 days 00:00:10.531821,70.87258105325263,25,COMPLETE
2603,0.02066726928332585,0.46621906108584105,2026-07-07 14:10:09.762825,2026-07-07 14:10:20.107228,0 days 00:00:10.344403,72.80920610227182,25,COMPLETE
2604,0.02046457989369066,0.46624270830349374,2026-07-07 14:10:09.764572,2026-07-07 14:10:17.338122,0 days 00:00:07.573550,73.41385462667725,25,COMPLETE
2605,0.017811653006698236,0.4667461519720966,2026-07-07 14:10:09.770427,2026-07-07 14:10:13.584249,0 days 00:00:03.813822,45.33238414819009,25,COMPLETE
2606,0.010950516214157935,0.4681264592132278,2026-07-07 14:10:09.776412,2026-07-07 14:10:19.036896,0 days 00:00:09.260484,21.012739138345037,25,COMPLETE
2607,0.01902857925035384,0.4665136172360063,2026-07-07 14:10:11.097351,2026-07-07 14:10:19.417707,0 days 00:00:08.320356,56.12074985130766,25,COMPLETE
2608,0.014207044529955914,0.46729644559910377,2026-07-07 14:10:11.264563,2026-07-07 14:10:22.257105,0 days 00:00:10.992542,19.119237943388935,25,COMPLETE
2609,0.006239044035612928,0.46876775268869353,2026-07-07 14:10:11.586070,2026-07-07 14:10:22.605901,0 days 00:00:11.019831,6.598045695756968,25,COMPLETE
2610,0.018688744791049428,0.4668204464405088,2026-07-07 14:10:11.588786,2026-07-07 14:10:22.430363,0 days 00:00:10.841577,59.0818337528047,25,COMPLETE
2611,0.022978616842738886,0.46600196960282736,2026-07-07 14:10:11.747729,2026-07-07 14:10:18.325790,0 days 00:00:06.578061,84.45123049554978,25,COMPLETE
2612,0.0142016821081008,0.4673198815932042,2026-07-07 14:10:11.759295,2026-07-07 14:10:22.607971,0 days 00:00:10.848676,33.519699991088864,25,COMPLETE
2613,0.05444607445232175,0.4598436659248804,2026-07-07 14:10:13.211347,2026-07-07 14:10:19.053206,0 days 00:00:05.841859,0.9673998632753175,25,COMPLETE
2614,0.02533221277870612,0.4656544907314896,2026-07-07 14:10:13.405495,2026-07-07 14:10:19.230374,0 days 00:00:05.824879,94.69247276720763,25,COMPLETE
2615,0.021252278409986558,0.46618358080023475,2026-07-07 14:10:13.618330,2026-07-07 14:10:23.786450,0 days 00:00:10.168120,41.986558616687056,25,COMPLETE
2616,0.02415858211413996,0.4657452392779191,2026-07-07 14:10:13.786951,2026-07-07 14:10:22.945989,0 days 00:00:09.159038,90.3325670092373,25,COMPLETE
2617,0.01642074224138168,0.46681491220247634,2026-07-07 14:10:13.956818,2026-07-07 14:10:19.247939,0 days 00:00:05.291121,26.399202317785686,25,COMPLETE
2618,0.01120392041105256,0.46777919304361826,2026-07-07 14:10:13.973368,2026-07-07 14:10:22.948880,0 days 00:00:08.975512,13.952482836626963,25,COMPLETE
2619,0.021528795777739862,0.46610311978138286,2026-07-07 14:10:14.136368,2026-07-07 14:10:22.613505,0 days 00:00:08.477137,78.9369169944586,25,COMPLETE
2620,0.021405699247988852,0.4661320466813693,2026-07-07 14:10:14.292846,2026-07-07 14:10:19.063775,0 days 00:00:04.770929,78.49876666120248,25,COMPLETE
2621,0.017830713290635236,0.46673933463922573,2026-07-07 14:10:14.296972,2026-07-07 14:10:24.587123,0 days 00:00:10.290151,54.48174934359269,25,COMPLETE
2622,0.014328097900966341,0.46747592667099713,2026-07-07 14:10:14.302626,2026-07-07 14:10:23.787966,0 days 00:00:09.485340,4.3794709536870196,25,COMPLETE
2623,0.010406043692614886,0.46800456614225844,2026-07-07 14:10:14.635527,2026-07-07 14:10:25.316152,0 days 00:00:10.680625,14.07847095496163,25,COMPLETE
2624,0.013591968944661525,0.46757710419991083,2026-07-07 14:10:14.638801,2026-07-07 14:10:25.108981,0 days 00:00:10.470180,21.25806552013137,25,COMPLETE
2625,0.0202218106622834,0.4665150756249433,2026-07-07 14:10:14.798307,2026-07-07 14:10:24.597544,0 days 00:00:09.799237,62.37145729747819,25,COMPLETE
2626,0.014931774254834052,0.46715170476713497,2026-07-07 14:10:15.279160,2026-07-07 14:10:22.978089,0 days 00:00:07.698929,28.48576761879761,25,COMPLETE
2627,0.018468889040368308,0.46681303332517543,2026-07-07 14:10:15.748987,2026-07-07 14:10:23.777475,0 days 00:00:08.028488,43.68499847756068,25,COMPLETE
2628,0.01943899215265016,0.46639140948790925,2026-07-07 14:10:15.753221,2026-07-07 14:10:25.312757,0 days 00:00:09.559536,74.88638866286577,25,COMPLETE
2629,0.02498464945591189,0.4656904565930236,2026-07-07 14:10:15.952316,2026-07-07 14:10:25.650371,0 days 00:00:09.698055,93.10160063597813,25,COMPLETE
2630,0.01831512937224744,0.46678266885697073,2026-07-07 14:10:15.955563,2026-07-07 14:10:25.306639,0 days 00:00:09.351076,42.899390644877386,25,COMPLETE
2631,0.01936246581248685,0.4665185990437364,2026-07-07 14:10:15.981350,2026-07-07 14:10:26.152546,0 days 00:00:10.171196,58.28881532340973,25,COMPLETE
2632,0.009682852938610487,0.46821890992460846,2026-07-07 14:10:16.001328,2026-07-07 14:10:25.819084,0 days 00:00:09.817756,14.023500845405573,25,COMPLETE
2633,0.014824748330035442,0.46702414914441265,2026-07-07 14:10:16.350214,2026-07-07 14:10:21.558952,0 days 00:00:05.208738,19.177327643628512,25,COMPLETE
2634,0.017840393631462947,0.4668159493875105,2026-07-07 14:10:16.361594,2026-07-07 14:10:25.827647,0 days 00:00:09.466053,51.54553490607241,25,COMPLETE
2635,0.02229052383986968,0.4660019373852797,2026-07-07 14:10:16.686704,2026-07-07 14:10:25.833187,0 days 00:00:09.146483,69.44830394314275,25,COMPLETE
2636,0.010902142115081448,0.46798404317672687,2026-07-07 14:10:17.171408,2026-07-07 14:10:31.096130,0 days 00:00:13.924722,33.88846356522174,25,COMPLETE
2637,0.011755799285708857,0.46769292913080257,2026-07-07 14:10:17.655047,2026-07-07 14:10:27.340630,0 days 00:00:09.685583,6.220820399758044,25,COMPLETE
2638,0.017467652610230866,0.46684580395770037,2026-07-07 14:10:17.688334,2026-07-07 14:10:27.340530,0 days 00:00:09.652196,47.23342425581027,25,COMPLETE
2639,0.017860810923807813,0.4668406033208821,2026-07-07 14:10:17.849366,2026-07-07 14:10:25.823043,0 days 00:00:07.973677,51.08540239238694,25,COMPLETE
2640,0.016480680514217583,0.46700468149770813,2026-07-07 14:10:18.315301,2026-07-07 14:10:27.542034,0 days 00:00:09.226733,44.12611022796358,25,COMPLETE
2641,0.017284293103434212,0.4669560491960214,2026-07-07 14:10:18.325058,2026-07-07 14:10:29.945074,0 days 00:00:11.620016,44.61325837800543,25,COMPLETE
2642,0.023475442690504555,0.4659165369298395,2026-07-07 14:10:18.483241,2026-07-07 14:10:25.650955,0 days 00:00:07.167714,86.56908292040073,25,COMPLETE
2643,0.02050074312497102,0.4662816927690713,2026-07-07 14:10:19.023642,2026-07-07 14:10:27.548214,0 days 00:00:08.524572,78.00032524139087,25,COMPLETE
2644,0.020640709430550186,0.46628440189229653,2026-07-07 14:10:19.071673,2026-07-07 14:10:30.594401,0 days 00:00:11.522728,60.45362668161943,25,COMPLETE
2645,0.009624104283873391,0.4680318693631383,2026-07-07 14:10:19.073329,2026-07-07 14:10:25.989299,0 days 00:00:06.915970,17.80505265688711,25,COMPLETE
2646,0.01806918836275928,0.46673257531499596,2026-07-07 14:10:19.239430,2026-07-07 14:10:22.961875,0 days 00:00:03.722445,54.388133960799486,26,COMPLETE
2647,0.0137634567369182,0.46748844274559015,2026-07-07 14:10:19.250159,2026-07-07 14:10:29.558379,0 days 00:00:10.308220,43.35821533655828,26,COMPLETE
2648,0.021734416851641347,0.46611910008696456,2026-07-07 14:10:19.417571,2026-07-07 14:10:28.645372,0 days 00:00:09.227801,80.54985816631931,26,COMPLETE
2649,0.01684391063545504,0.46711831075673194,2026-07-07 14:10:19.575902,2026-07-07 14:10:29.076479,0 days 00:00:09.500577,46.1340414757364,26,COMPLETE
2650,0.022351664062539356,0.4659736405115911,2026-07-07 14:10:19.583328,2026-07-07 14:10:31.095593,0 days 00:00:11.512265,69.66739888629216,26,COMPLETE
2651,0.020745437590987792,0.46622382582552546,2026-07-07 14:10:19.746946,2026-07-07 14:10:29.034229,0 days 00:00:09.287283,71.46444858592196,26,COMPLETE
2652,0.024237470821816487,0.46574558079718587,2026-07-07 14:10:19.760063,2026-07-07 14:10:29.759822,0 days 00:00:09.999759,90.72273248028291,26,COMPLETE
2653,0.014081118553785577,0.46730317518891473,2026-07-07 14:10:19.920784,2026-07-07 14:10:27.528252,0 days 00:00:07.607468,28.791889632164626,26,COMPLETE
2654,0.0211823684689868,0.46616281400799664,2026-07-07 14:10:19.924350,2026-07-07 14:10:29.928328,0 days 00:00:10.003978,60.18800805620997,26,COMPLETE
2655,0.025314380747484655,0.46565665909326925,2026-07-07 14:10:20.087007,2026-07-07 14:10:29.742656,0 days 00:00:09.655649,94.6074427580638,26,COMPLETE
2656,0.02501841603630839,0.4656897886341091,2026-07-07 14:10:20.087644,2026-07-07 14:10:29.941990,0 days 00:00:09.854346,97.75701551311498,26,COMPLETE
2657,0.017711508891943784,0.4669442153231471,2026-07-07 14:10:20.089528,2026-07-07 14:10:29.738263,0 days 00:00:09.648735,46.55040669185619,26,COMPLETE
2658,0.02065979615149277,0.46628366455677656,2026-07-07 14:10:20.091122,2026-07-07 14:10:28.664768,0 days 00:00:08.573646,60.46624122970221,26,COMPLETE
2659,0.0175011950973753,0.4669135409891028,2026-07-07 14:10:20.094559,2026-07-07 14:10:27.519284,0 days 00:00:07.424725,50.37444882257275,26,COMPLETE
2660,0.024620976698008057,0.46574095194274184,2026-07-07 14:10:20.096621,2026-07-07 14:10:29.759129,0 days 00:00:09.662508,98.62736270770743,26,COMPLETE
2661,0.01665401163954805,0.4669584807048486,2026-07-07 14:10:20.097003,2026-07-07 14:10:32.133948,0 days 00:00:12.036945,45.25206308650386,26,COMPLETE
2662,0.024051759917073923,0.465797254988928,2026-07-07 14:10:20.098745,2026-07-07 14:10:29.949040,0 days 00:00:09.850295,88.0639615090333,26,COMPLETE
2663,0.015223021373969692,0.4674446388674595,2026-07-07 14:10:20.111886,2026-07-07 14:10:25.656490,0 days 00:00:05.544604,21.281122609194465,26,COMPLETE
2664,0.01868781998035829,0.46653374709336204,2026-07-07 14:10:20.276006,2026-07-07 14:10:24.942157,0 days 00:00:04.666151,57.14636666301458,26,COMPLETE
2665,0.010361721582190564,0.4679093182364946,2026-07-07 14:10:20.443122,2026-07-07 14:10:30.615467,0 days 00:00:10.172345,9.93934014967209,26,COMPLETE
2666,0.012332214003437425,0.4673277415410233,2026-07-07 14:10:20.445346,2026-07-07 14:10:33.555545,0 days 00:00:13.110199,8.404346064796485,26,COMPLETE
2667,0.014917029881828359,0.4670152530072582,2026-07-07 14:10:20.445656,2026-07-07 14:10:32.109567,0 days 00:00:11.663911,28.416568434728788,26,COMPLETE
2668,0.020411590066020224,0.4662994953264799,2026-07-07 14:10:20.447299,2026-07-07 14:10:27.535795,0 days 00:00:07.088496,66.66336392230372,26,COMPLETE
2669,0.0226914970269545,0.4660101830840646,2026-07-07 14:10:20.449912,2026-07-07 14:10:32.148639,0 days 00:00:11.698727,82.52026228399625,26,COMPLETE
2670,0.019914564661913492,0.46630039886973174,2026-07-07 14:10:20.769615,2026-07-07 14:10:27.554588,0 days 00:00:06.784973,76.16647097074154,26,COMPLETE
2671,0.01251946862913611,0.46779067687140036,2026-07-07 14:10:21.399033,2026-07-07 14:10:32.134611,0 days 00:00:10.735578,27.90667189659632,26,COMPLETE
2672,0.017460528688481247,0.46686886395617955,2026-07-07 14:10:22.775100,2026-07-07 14:10:32.964951,0 days 00:00:10.189851,40.934210313751734,26,COMPLETE
2673,0.020939192036530052,0.46622108385972266,2026-07-07 14:10:22.956993,2026-07-07 14:10:30.608167,0 days 00:00:07.651174,60.568884266631706,26,COMPLETE
2674,0.012740352584557246,0.4676878468181612,2026-07-07 14:10:22.978408,2026-07-07 14:10:32.112231,0 days 00:00:09.133823,20.93226838788837,26,COMPLETE
2675,0.021874542507217154,0.46608319871327114,2026-07-07 14:10:22.981944,2026-07-07 14:10:33.545475,0 days 00:00:10.563531,68.69702570746956,26,COMPLETE
2676,0.014879031550995958,0.46716319469619805,2026-07-07 14:10:23.296309,2026-07-07 14:10:33.344407,0 days 00:00:10.048098,33.614006637183635,26,COMPLETE
2677,0.017005993152864385,0.46687279541896676,2026-07-07 14:10:23.763899,2026-07-07 14:10:34.876437,0 days 00:00:11.112538,52.96302925750899,26,COMPLETE
2678,0.0251258135514712,0.4656762739584774,2026-07-07 14:10:23.767987,2026-07-07 14:10:32.310585,0 days 00:00:08.542598,93.75534219759857,26,COMPLETE
2679,0.021603697848012304,0.46622950267206054,2026-07-07 14:10:23.770924,2026-07-07 14:10:26.817898,0 days 00:00:03.046974,64.04483737757968,26,COMPLETE
2680,0.025399763860308844,0.4656450560646041,2026-07-07 14:10:23.772883,2026-07-07 14:10:37.774602,0 days 00:00:14.001719,95.88587064953106,26,COMPLETE
2681,0.014524284716284086,0.46719704689206193,2026-07-07 14:10:23.783407,2026-07-07 14:10:32.150666,0 days 00:00:08.367259,33.58818697927275,26,COMPLETE
2682,0.021516914845741475,0.4661420053255402,2026-07-07 14:10:23.947621,2026-07-07 14:10:35.084955,0 days 00:00:11.137334,68.3370418574833,26,COMPLETE
2683,0.015280735359561481,0.4672823702937692,2026-07-07 14:10:24.616673,2026-07-07 14:10:33.368418,0 days 00:00:08.751745,27.714221583463313,26,COMPLETE
2684,0.02150331131030936,0.4661052726283604,2026-07-07 14:10:24.619787,2026-07-07 14:10:33.545055,0 days 00:00:08.925268,78.86945344674037,26,COMPLETE
2685,0.015375225835780382,0.4669510534170921,2026-07-07 14:10:24.624442,2026-07-07 14:10:33.539584,0 days 00:00:08.915142,7.922785014685613,26,COMPLETE
2686,0.020516366939812403,0.46625832808961815,2026-07-07 14:10:25.124393,2026-07-07 14:10:37.771831,0 days 00:00:12.647438,71.77152953707758,26,COMPLETE
2687,0.024207355175038414,0.46574191817710914,2026-07-07 14:10:25.127482,2026-07-07 14:10:33.889803,0 days 00:00:08.762321,89.97018232523462,26,COMPLETE
2688,0.02054413163012564,0.4662244887462992,2026-07-07 14:10:25.288666,2026-07-07 14:10:33.379057,0 days 00:00:08.090391,73.2963579816999,26,COMPLETE
2689,0.02502502024335662,0.46568917200350635,2026-07-07 14:10:25.312585,2026-07-07 14:10:35.591094,0 days 00:00:10.278509,97.73318374183755,26,COMPLETE
2690,0.025415071380813725,0.4656438381719491,2026-07-07 14:10:25.486514,2026-07-07 14:10:36.289160,0 days 00:00:10.802646,95.29416584247957,26,COMPLETE
2691,0.014260514060936369,0.4672660405865188,2026-07-07 14:10:25.652712,2026-07-07 14:10:35.777716,0 days 00:00:10.125004,19.180654671704872,26,COMPLETE
2692,0.015898249527100672,0.46704496467989287,2026-07-07 14:10:25.989709,2026-07-07 14:10:36.934602,0 days 00:00:10.944893,29.83528567553582,26,COMPLETE
2693,0.019493096154208356,0.46639961045634504,2026-07-07 14:10:26.308487,2026-07-07 14:10:32.125560,0 days 00:00:05.817073,57.89866217857709,26,COMPLETE
2694,0.01562587127987991,0.4671060264761665,2026-07-07 14:10:26.312365,2026-07-07 14:10:38.984215,0 days 00:00:12.671850,30.458482652194093,26,COMPLETE
2695,0.01347552310736816,0.4674269669671593,2026-07-07 14:10:26.482473,2026-07-07 14:10:35.420013,0 days 00:00:08.937540,15.656376571585422,26,COMPLETE
2696,0.019853256715388845,0.46635466606534554,2026-07-07 14:10:26.483472,2026-07-07 14:10:35.781582,0 days 00:00:09.298110,74.17558390700052,26,COMPLETE
2697,0.015386103842619514,0.4671497686227548,2026-07-07 14:10:26.988646,2026-07-07 14:10:35.579952,0 days 00:00:08.591306,32.902515282640834,26,COMPLETE
2698,0.014151822566153549,0.4676218946200916,2026-07-07 14:10:27.004037,2026-07-07 14:10:34.687344,0 days 00:00:07.683307,21.00541037321693,26,COMPLETE
2699,0.013970256270523673,0.4669916687464203,2026-07-07 14:10:27.165590,2026-07-07 14:10:37.764884,0 days 00:00:10.599294,5.255229960000811,26,COMPLETE
2700,0.01687875708945924,0.4671249492528686,2026-07-07 14:10:27.166542,2026-07-07 14:10:33.551675,0 days 00:00:06.385133,46.20960823364096,26,COMPLETE
2701,0.015210337897954285,0.4669046504828322,2026-07-07 14:10:27.167728,2026-07-07 14:10:38.977977,0 days 00:00:11.810249,3.4349400047860272,26,COMPLETE
2702,0.01880881507715293,0.46656211372620937,2026-07-07 14:10:27.335022,2026-07-07 14:10:35.256680,0 days 00:00:07.921658,49.43117847583557,26,COMPLETE
2703,0.011633459344730535,0.46771298032032826,2026-07-07 14:10:27.355586,2026-07-07 14:10:35.078650,0 days 00:00:07.723064,15.049985026230281,26,COMPLETE
2704,0.01602709765504834,0.4670313040294939,2026-07-07 14:10:27.358411,2026-07-07 14:10:38.817039,0 days 00:00:11.458628,43.464912461313766,26,COMPLETE
2705,0.014013150354127701,0.4674002970588783,2026-07-07 14:10:27.534423,2026-07-07 14:10:38.785781,0 days 00:00:11.251358,31.086929756580073,26,COMPLETE
2706,0.016526428849374886,0.46708913230825577,2026-07-07 14:10:28.645831,2026-07-07 14:10:33.373025,0 days 00:00:04.727194,38.83761552118721,26,COMPLETE
2707,0.020728961698933346,0.4662285587361006,2026-07-07 14:10:28.669562,2026-07-07 14:10:35.081971,0 days 00:00:06.412409,71.17247236849883,26,COMPLETE
2708,0.015711550332617563,0.4671449718192182,2026-07-07 14:10:28.844193,2026-07-07 14:10:38.996456,0 days 00:00:10.152263,52.47412507290521,26,COMPLETE
2709,0.1770828636782365,0.4435157137288963,2026-07-07 14:10:28.845776,2026-07-07 14:10:34.867340,0 days 00:00:06.021564,0.20607680971245648,26,COMPLETE
2710,0.021264155793480954,0.4663325335100315,2026-07-07 14:10:28.849006,2026-07-07 14:10:40.780080,0 days 00:00:11.931074,63.81370193302627,26,COMPLETE
2711,0.009618764448927342,0.4681834394081984,2026-07-07 14:10:29.021113,2026-07-07 14:10:40.775705,0 days 00:00:11.754592,9.619841704436027,26,COMPLETE
2712,0.022227687480577074,0.46607938406861005,2026-07-07 14:10:29.025189,2026-07-07 14:10:41.542830,0 days 00:00:12.517641,64.36346849591294,26,COMPLETE
2713,0.014696776635148456,0.4674765450787357,2026-07-07 14:10:29.391274,2026-07-07 14:10:40.273384,0 days 00:00:10.882110,37.11114771445756,26,COMPLETE
2714,0.008097307054801328,0.46840563514045064,2026-07-07 14:10:29.581232,2026-07-07 14:10:38.455527,0 days 00:00:08.874295,12.865229728533212,26,COMPLETE
2715,0.01897355038452836,0.4665065204704492,2026-07-07 14:10:29.764351,2026-07-07 14:10:42.369160,0 days 00:00:12.604809,56.707145747596584,26,COMPLETE
2716,0.02002895931461457,0.46629187815096135,2026-07-07 14:10:29.943672,2026-07-07 14:10:40.606664,0 days 00:00:10.662992,76.31138661112956,26,COMPLETE
2717,0.020682889797660642,0.4663161283965216,2026-07-07 14:10:30.104123,2026-07-07 14:10:41.482722,0 days 00:00:11.378599,61.481450992226904,26,COMPLETE
2718,0.016210249153529754,0.4670216724953607,2026-07-07 14:10:30.588923,2026-07-07 14:10:42.188312,0 days 00:00:11.599389,37.09852532557872,26,COMPLETE
2719,0.0197795963219094,0.46631323869715385,2026-07-07 14:10:30.594750,2026-07-07 14:10:42.205323,0 days 00:00:11.610573,75.84440969224433,26,COMPLETE
2720,0.020857448479711438,0.4661945112278217,2026-07-07 14:10:30.611799,2026-07-07 14:10:38.777190,0 days 00:00:08.165391,72.19383706034317,26,COMPLETE
2721,0.014967938485206389,0.46732247001130156,2026-07-07 14:10:30.612429,2026-07-07 14:10:42.373572,0 days 00:00:11.761143,27.597665380615524,26,COMPLETE
2722,0.02439926452476454,0.4657075314909881,2026-07-07 14:10:30.615875,2026-07-07 14:10:41.315078,0 days 00:00:10.699203,90.93374255463414,26,COMPLETE
2723,0.018313201483269204,0.46664804293150614,2026-07-07 14:10:30.617724,2026-07-07 14:10:42.713664,0 days 00:00:12.095940,50.872181144041456,26,COMPLETE
2724,0.02508588559707059,0.4656801659722538,2026-07-07 14:10:31.098239,2026-07-07 14:10:41.520720,0 days 00:00:10.422481,93.56106075296012,26,COMPLETE
2725,0.020801209714422453,0.4662672349479206,2026-07-07 14:10:31.268064,2026-07-07 14:10:41.534196,0 days 00:00:10.266132,67.79492525811177,26,COMPLETE
2726,0.02161774597332672,0.4660959892801737,2026-07-07 14:10:31.275353,2026-07-07 14:10:41.301833,0 days 00:00:10.026480,79.10874505324988,26,COMPLETE
2727,0.021410707574132826,0.4661574377958067,2026-07-07 14:10:31.275680,2026-07-07 14:10:41.128620,0 days 00:00:09.852940,79.79553411003927,26,COMPLETE
2728,0.014502774153914877,0.46739544694332297,2026-07-07 14:10:32.144669,2026-07-07 14:10:38.798849,0 days 00:00:06.654180,22.767237048394044,26,COMPLETE
2729,0.01922787580533053,0.4659919432652795,2026-07-07 14:10:32.309395,2026-07-07 14:10:37.446514,0 days 00:00:05.137119,2.700109332425609,26,COMPLETE
2730,0.024461464538523103,0.46575780155428803,2026-07-07 14:10:32.321546,2026-07-07 14:10:40.778097,0 days 00:00:08.456551,99.31446172550241,26,COMPLETE
