number,values_0,values_1,datetime_start,datetime_complete,duration,params_input_force,system_attrs_NSGAIISampler:generation,state
1587,0.02003067529382846,0.4665274277532161,2026-07-07 14:07:18.513790,2026-07-07 14:07:27.210097,0 days 00:00:08.696307,62.10619564096667,15,COMPLETE
1588,0.019975706426942352,0.4662921267409572,2026-07-07 14:07:19.149714,2026-07-07 14:07:30.831895,0 days 00:00:11.682181,76.24559245136258,15,COMPLETE
1589,0.02454238281495219,0.4657136258199294,2026-07-07 14:07:19.310450,2026-07-07 14:07:30.994359,0 days 00:00:11.683909,91.36470143459529,15,COMPLETE
1590,0.02410774838551727,0.4657822103673552,2026-07-07 14:07:20.198139,2026-07-07 14:07:30.091881,0 days 00:00:09.893742,88.22431291071254,15,COMPLETE
1591,0.02254765517036239,0.4660221184515565,2026-07-07 14:07:21.060400,2026-07-07 14:07:27.373976,0 days 00:00:06.313576,82.10849149206761,15,COMPLETE
1592,0.015715817946066968,0.4671829926521167,2026-07-07 14:07:21.061857,2026-07-07 14:07:32.063449,0 days 00:00:11.001592,36.87449803564757,15,COMPLETE
1593,0.014821566341719272,0.46734731917554895,2026-07-07 14:07:21.564623,2026-07-07 14:07:28.671767,0 days 00:00:07.107144,28.14305407929606,15,COMPLETE
1594,0.012469895527468133,0.4675361839360043,2026-07-07 14:07:21.604236,2026-07-07 14:07:31.551596,0 days 00:00:09.947360,13.795210057148871,15,COMPLETE
1595,0.011911150953288985,0.4677576451685165,2026-07-07 14:07:21.763344,2026-07-07 14:07:33.411801,0 days 00:00:11.648457,31.781621007098032,15,COMPLETE
1596,0.010098368164203675,0.4679689096792523,2026-07-07 14:07:21.767917,2026-07-07 14:07:31.890158,0 days 00:00:10.122241,18.15069943579771,15,COMPLETE
1597,0.009907341376074574,0.46805128041508987,2026-07-07 14:07:21.789516,2026-07-07 14:07:32.393319,0 days 00:00:10.603803,17.717001327383965,15,COMPLETE
1598,0.016915130723030303,0.4668239561155365,2026-07-07 14:07:21.790443,2026-07-07 14:07:32.413740,0 days 00:00:10.623297,25.53031068508046,15,COMPLETE
1599,0.0153502474099384,0.4670597443479299,2026-07-07 14:07:21.792339,2026-07-07 14:07:31.525456,0 days 00:00:09.733117,27.576275346075402,15,COMPLETE
1600,0.016280458775422446,0.4670812770311369,2026-07-07 14:07:21.949655,2026-07-07 14:07:30.495956,0 days 00:00:08.546301,28.359993235139978,15,COMPLETE
1601,0.0244934917539274,0.4656983239519656,2026-07-07 14:07:21.950568,2026-07-07 14:07:33.936776,0 days 00:00:11.986208,91.10155597442377,15,COMPLETE
1602,0.020729715229602208,0.4662454574790428,2026-07-07 14:07:21.953570,2026-07-07 14:07:26.676850,0 days 00:00:04.723280,70.6979220152137,15,COMPLETE
1603,0.013505892014196497,0.4675005811001409,2026-07-07 14:07:22.124324,2026-07-07 14:07:34.449534,0 days 00:00:12.325210,32.395622698989435,15,COMPLETE
1604,0.02035393567955457,0.4663728977038766,2026-07-07 14:07:22.124510,2026-07-07 14:07:31.561817,0 days 00:00:09.437307,61.33772602221162,15,COMPLETE
1605,0.018818928379522426,0.46666312006572724,2026-07-07 14:07:22.126441,2026-07-07 14:07:33.592958,0 days 00:00:11.466517,24.550296520065736,15,COMPLETE
1606,0.025107380672271307,0.46568024040926537,2026-07-07 14:07:22.128907,2026-07-07 14:07:29.149870,0 days 00:00:07.020963,97.29198175364203,15,COMPLETE
1607,0.022901288410404397,0.4659957304982371,2026-07-07 14:07:22.443317,2026-07-07 14:07:31.719332,0 days 00:00:09.276015,83.64673041901226,15,COMPLETE
1608,0.010139282918096737,0.4679016781016588,2026-07-07 14:07:22.603342,2026-07-07 14:07:30.500581,0 days 00:00:07.897239,16.467931383147818,15,COMPLETE
1609,0.01146903527573967,0.467651456265303,2026-07-07 14:07:22.608022,2026-07-07 14:07:25.632105,0 days 00:00:03.024083,14.051658621996339,15,COMPLETE
1610,0.019818238293995816,0.4663594756319118,2026-07-07 14:07:22.767204,2026-07-07 14:07:32.397983,0 days 00:00:09.630779,74.20612575067533,15,COMPLETE
1611,0.019481911740578672,0.4664972057950675,2026-07-07 14:07:22.767430,2026-07-07 14:07:33.938594,0 days 00:00:11.171164,23.657727122708977,15,COMPLETE
1612,0.02235915541466532,0.46604346468242386,2026-07-07 14:07:22.768402,2026-07-07 14:07:31.534332,0 days 00:00:08.765930,81.76219799120395,15,COMPLETE
1613,0.024807612480436003,0.46570375376872536,2026-07-07 14:07:22.772745,2026-07-07 14:07:38.858192,0 days 00:00:16.085447,92.52479978609908,15,COMPLETE
1614,0.022972569509608187,0.4659991393926793,2026-07-07 14:07:23.245777,2026-07-07 14:07:31.332500,0 days 00:00:08.086723,84.32389236119467,15,COMPLETE
1615,0.013492760750110577,0.46753440579485495,2026-07-07 14:07:23.250328,2026-07-07 14:07:30.488925,0 days 00:00:07.238597,31.43998841889664,15,COMPLETE
1616,0.02050677053666633,0.46623585976642207,2026-07-07 14:07:23.258346,2026-07-07 14:07:31.344952,0 days 00:00:08.086606,55.8203179326205,15,COMPLETE
1617,0.013905244806193984,0.4674495728091527,2026-07-07 14:07:23.424943,2026-07-07 14:07:33.945821,0 days 00:00:10.520878,37.56345349084159,15,COMPLETE
1618,0.02079920761899201,0.46625826950911853,2026-07-07 14:07:23.427840,2026-07-07 14:07:33.591873,0 days 00:00:10.164033,76.99515080705417,15,COMPLETE
1619,0.006247175303936536,0.4688784704087552,2026-07-07 14:07:24.234541,2026-07-07 14:07:33.961871,0 days 00:00:09.727330,13.117250897043116,15,COMPLETE
1620,0.011119046161568114,0.4679731460565043,2026-07-07 14:07:24.275477,2026-07-07 14:07:31.716795,0 days 00:00:07.441318,31.681321063463365,15,COMPLETE
1621,0.022324006119330775,0.46596925652983223,2026-07-07 14:07:24.643625,2026-07-07 14:07:36.285380,0 days 00:00:11.641755,69.8398485224825,16,COMPLETE
1622,0.01701399662313363,0.4670639851943596,2026-07-07 14:07:24.818139,2026-07-07 14:07:36.831457,0 days 00:00:12.013318,46.24755196785071,16,COMPLETE
1623,0.023061824551902144,0.4659959034774013,2026-07-07 14:07:24.985335,2026-07-07 14:07:39.173238,0 days 00:00:14.187903,84.86725223711667,16,COMPLETE
1624,0.02489435887873076,0.46570416457887676,2026-07-07 14:07:25.788735,2026-07-07 14:07:37.344924,0 days 00:00:11.556189,98.06553458736938,16,COMPLETE
1625,0.020577851238289646,0.46621982404391676,2026-07-07 14:07:25.790512,2026-07-07 14:07:37.174658,0 days 00:00:11.384146,73.16083273353802,16,COMPLETE
1626,0.0170872315512417,0.466599073285119,2026-07-07 14:07:25.793386,2026-07-07 14:07:33.381983,0 days 00:00:07.588597,5.369414542437059,16,COMPLETE
1627,0.01702028014449264,0.4668489248648966,2026-07-07 14:07:25.807347,2026-07-07 14:07:37.162629,0 days 00:00:11.355282,38.10190476884008,16,COMPLETE
1628,0.019420212926328784,0.4663960429371207,2026-07-07 14:07:25.815731,2026-07-07 14:07:37.169173,0 days 00:00:11.353442,74.84920997768741,16,COMPLETE
1629,0.013778642239596128,0.46740680527330647,2026-07-07 14:07:25.816443,2026-07-07 14:07:33.928084,0 days 00:00:08.111641,4.381316655645983,16,COMPLETE
1630,0.02058474101382135,0.46626455644504455,2026-07-07 14:07:25.823441,2026-07-07 14:07:35.968325,0 days 00:00:10.144884,70.78616087290158,16,COMPLETE
1631,0.024723992064944356,0.46572731844959014,2026-07-07 14:07:25.990246,2026-07-07 14:07:35.636701,0 days 00:00:09.646455,98.38883637783637,16,COMPLETE
1632,0.008067463907642125,0.4682592280522823,2026-07-07 14:07:25.997496,2026-07-07 14:07:33.768564,0 days 00:00:07.771068,10.418754218637972,16,COMPLETE
1633,0.017625759290190557,0.4668552308729646,2026-07-07 14:07:26.002397,2026-07-07 14:07:34.479600,0 days 00:00:08.477203,40.19950981457571,16,COMPLETE
1634,0.025183117881602157,0.46567084525242175,2026-07-07 14:07:26.004361,2026-07-07 14:07:31.552372,0 days 00:00:05.548011,94.0217490538967,16,COMPLETE
1635,0.016651371606962784,0.4670617190409614,2026-07-07 14:07:26.162383,2026-07-07 14:07:32.401940,0 days 00:00:06.239557,36.46151012476256,16,COMPLETE
1636,0.019468825436210813,0.46660074541249896,2026-07-07 14:07:27.009211,2026-07-07 14:07:36.826323,0 days 00:00:09.817112,23.49756136690736,16,COMPLETE
1637,0.024745698765313573,0.4656996916229504,2026-07-07 14:07:27.182396,2026-07-07 14:07:37.141933,0 days 00:00:09.959537,92.11497816541947,16,COMPLETE
1638,0.017409342349336943,0.4670266731959756,2026-07-07 14:07:27.184566,2026-07-07 14:07:34.480882,0 days 00:00:07.296316,24.610770861599615,16,COMPLETE
1639,0.019371907684510747,0.46651479156060005,2026-07-07 14:07:27.209095,2026-07-07 14:07:37.505682,0 days 00:00:10.296587,58.28162547590101,16,COMPLETE
1640,0.015694338958922027,0.4671993220228477,2026-07-07 14:07:27.374725,2026-07-07 14:07:36.828154,0 days 00:00:09.453429,52.24625580422134,16,COMPLETE
1641,0.025372918979386427,0.4656475708400427,2026-07-07 14:07:27.376003,2026-07-07 14:07:34.806440,0 days 00:00:07.430437,96.09333541837813,16,COMPLETE
1642,0.015245676933637986,0.46717885437968887,2026-07-07 14:07:27.544487,2026-07-07 14:07:31.887656,0 days 00:00:04.343169,26.624764388729545,16,COMPLETE
1643,0.018595404545323935,0.466621196592899,2026-07-07 14:07:27.545162,2026-07-07 14:07:35.605499,0 days 00:00:08.060337,24.419837990642584,16,COMPLETE
1644,0.02070939651958298,0.4662110291899158,2026-07-07 14:07:27.545868,2026-07-07 14:07:38.200650,0 days 00:00:10.654782,72.75908505927026,16,COMPLETE
1645,0.011602451042568296,0.46779597896252895,2026-07-07 14:07:27.547686,2026-07-07 14:07:38.356918,0 days 00:00:10.809232,14.033677056949058,16,COMPLETE
1646,0.011960019891754159,0.4677566795356887,2026-07-07 14:07:27.555095,2026-07-07 14:07:37.847185,0 days 00:00:10.292090,18.622789112655184,16,COMPLETE
1647,0.004526494276609061,0.46882519895267816,2026-07-07 14:07:27.559827,2026-07-07 14:07:38.854375,0 days 00:00:11.294548,13.48246215793372,16,COMPLETE
1648,0.02075032773001856,0.4664538978536974,2026-07-07 14:07:27.560018,2026-07-07 14:07:38.177482,0 days 00:00:10.617464,63.11285006514885,16,COMPLETE
1649,0.014437947875338253,0.4672295220438231,2026-07-07 14:07:27.561660,2026-07-07 14:07:33.964561,0 days 00:00:06.402901,33.53621861174002,16,COMPLETE
1650,0.017166812308126556,0.4669629031195897,2026-07-07 14:07:27.564879,2026-07-07 14:07:37.183332,0 days 00:00:09.618453,42.25937148656554,16,COMPLETE
1651,0.06445656688913437,0.45866032610358864,2026-07-07 14:07:30.125017,2026-07-07 14:07:41.079438,0 days 00:00:10.954421,0.8124023562218105,16,COMPLETE
1652,0.025409348026317335,0.46564463550559054,2026-07-07 14:07:30.304265,2026-07-07 14:07:41.437459,0 days 00:00:11.133194,95.20962010082486,16,COMPLETE
1653,0.016747332914284985,0.4668756524269208,2026-07-07 14:07:30.304660,2026-07-07 14:07:42.899058,0 days 00:00:12.594398,3.8062861494502886,16,COMPLETE
1654,0.020645994894679165,0.46624001683180116,2026-07-07 14:07:30.506861,2026-07-07 14:07:40.638576,0 days 00:00:10.131715,71.10644619505769,16,COMPLETE
1655,0.02419406755770115,0.46574290563872356,2026-07-07 14:07:30.990851,2026-07-07 14:07:41.068366,0 days 00:00:10.077515,90.0883594412817,16,COMPLETE
1656,0.021957452797175148,0.4660926282065726,2026-07-07 14:07:31.902365,2026-07-07 14:07:37.851652,0 days 00:00:05.949287,80.98298107327939,16,COMPLETE
1657,0.020325837797830648,0.4663917104511063,2026-07-07 14:07:32.062964,2026-07-07 14:07:43.449139,0 days 00:00:11.386175,61.425885567179265,16,COMPLETE
1658,0.021498989553506487,0.46610571009121693,2026-07-07 14:07:32.582219,2026-07-07 14:07:36.643867,0 days 00:00:04.061648,78.85420596147452,16,COMPLETE
1659,0.017046629583100936,0.4670092752765369,2026-07-07 14:07:32.893683,2026-07-07 14:07:43.266671,0 days 00:00:10.372988,50.16238385150463,16,COMPLETE
1660,0.01654533166964639,0.46697055830607687,2026-07-07 14:07:33.053271,2026-07-07 14:07:34.481916,0 days 00:00:01.428645,53.41651487724719,16,COMPLETE
1661,0.01796628939657946,0.4667622708771295,2026-07-07 14:07:33.374760,2026-07-07 14:07:43.809150,0 days 00:00:10.434390,49.10147556023619,16,COMPLETE
1662,0.01585598365882951,0.46712352747078567,2026-07-07 14:07:33.378422,2026-07-07 14:07:42.731123,0 days 00:00:09.352701,52.39333488652875,16,COMPLETE
1663,0.014177475928210614,0.4671862692688575,2026-07-07 14:07:33.379005,2026-07-07 14:07:44.708843,0 days 00:00:11.329838,5.795167670067279,16,COMPLETE
1664,0.012006850962092919,0.46777384799795085,2026-07-07 14:07:33.380221,2026-07-07 14:07:41.754956,0 days 00:00:08.374735,31.72811772669381,16,COMPLETE
1665,0.020760265543292133,0.46622812469254177,2026-07-07 14:07:33.397616,2026-07-07 14:07:38.515529,0 days 00:00:05.117913,71.26003579687237,16,COMPLETE
1666,0.013809852400304024,0.46769956558979825,2026-07-07 14:07:33.414518,2026-07-07 14:07:47.785808,0 days 00:00:14.371290,21.53469438073493,16,COMPLETE
1667,0.009054809134464492,0.4681147009846106,2026-07-07 14:07:33.416319,2026-07-07 14:07:41.265694,0 days 00:00:07.849375,9.926428543809216,16,COMPLETE
1668,0.006327088329717179,0.46863041614540035,2026-07-07 14:07:33.575582,2026-07-07 14:07:42.727863,0 days 00:00:09.152281,5.3971444006872344,16,COMPLETE
1669,0.018910682845077964,0.4666880023127421,2026-07-07 14:07:33.579049,2026-07-07 14:07:44.175053,0 days 00:00:10.596004,58.67884141969241,16,COMPLETE
1670,0.018804432877191413,0.46677241489161575,2026-07-07 14:07:33.583287,2026-07-07 14:07:44.174249,0 days 00:00:10.590962,45.65980241665059,16,COMPLETE
1671,0.019313769898643418,0.46641455023852785,2026-07-07 14:07:33.594721,2026-07-07 14:07:46.905445,0 days 00:00:13.310724,74.6431007938774,16,COMPLETE
1672,0.016176358757946596,0.46699405613256606,2026-07-07 14:07:33.607518,2026-07-07 14:07:44.708750,0 days 00:00:11.101232,52.783974110176565,16,COMPLETE
1673,0.0204435083604122,0.46624563428349125,2026-07-07 14:07:33.949400,2026-07-07 14:07:42.724185,0 days 00:00:08.774785,55.851658518759024,16,COMPLETE
1674,0.020527930794364324,0.46629074089168543,2026-07-07 14:07:33.953197,2026-07-07 14:07:43.435271,0 days 00:00:09.482074,76.69568895964912,16,COMPLETE
1675,0.012359538013058113,0.4675225376704565,2026-07-07 14:07:33.953560,2026-07-07 14:07:42.893406,0 days 00:00:08.939846,8.614438041437715,16,COMPLETE
1676,0.01817541373280568,0.46668991384221636,2026-07-07 14:07:34.469353,2026-07-07 14:07:42.932326,0 days 00:00:08.462973,47.93253096416438,16,COMPLETE
1677,0.01507912035198089,0.4672984497919246,2026-07-07 14:07:34.471494,2026-07-07 14:07:42.401500,0 days 00:00:07.930006,28.07453275872147,16,COMPLETE
1678,0.011924319990243237,0.4678707674303221,2026-07-07 14:07:34.474961,2026-07-07 14:07:45.070843,0 days 00:00:10.595882,32.44357275854149,16,COMPLETE
1679,0.019331205298490306,0.4666533167507937,2026-07-07 14:07:34.477908,2026-07-07 14:07:47.262296,0 days 00:00:12.784388,43.77265206307195,16,COMPLETE
1680,0.016736923321492236,0.4670062200013333,2026-07-07 14:07:34.481118,2026-07-07 14:07:44.127812,0 days 00:00:09.646694,41.105692022381035,16,COMPLETE
1681,0.017530023283724994,0.46679754863556705,2026-07-07 14:07:34.639846,2026-07-07 14:07:44.166463,0 days 00:00:09.526617,47.797010209551544,16,COMPLETE
1682,0.021505871905905638,0.4661050372602688,2026-07-07 14:07:34.642664,2026-07-07 14:07:40.635445,0 days 00:00:05.992781,78.87782008936371,16,COMPLETE
1683,0.020799573096559498,0.4662478030375325,2026-07-07 14:07:34.804277,2026-07-07 14:07:47.237261,0 days 00:00:12.432984,66.33713041767699,16,COMPLETE
1684,0.013394777730830698,0.46743212246302634,2026-07-07 14:07:34.805351,2026-07-07 14:07:44.358143,0 days 00:00:09.552792,7.5635794150533835,16,COMPLETE
1685,0.02421474966305931,0.4657414606605855,2026-07-07 14:07:34.807713,2026-07-07 14:07:44.909453,0 days 00:00:10.101740,89.89185302493371,16,COMPLETE
1686,0.02225290185877382,0.46601298187038487,2026-07-07 14:07:34.809028,2026-07-07 14:07:43.274796,0 days 00:00:08.465768,69.2797096184723,16,COMPLETE
1687,0.014590600117353691,0.4671803823224252,2026-07-07 14:07:35.432864,2026-07-07 14:07:46.024057,0 days 00:00:10.591193,28.685194958721794,16,COMPLETE
1688,0.021555276155344583,0.4661415932445512,2026-07-07 14:07:35.596138,2026-07-07 14:07:45.551261,0 days 00:00:09.955123,80.21212325722799,16,COMPLETE
1689,0.015392611557059066,0.4672280949606532,2026-07-07 14:07:35.606634,2026-07-07 14:07:45.074605,0 days 00:00:09.467971,52.0133251051352,16,COMPLETE
1690,0.0025830652753541794,0.4698100148668504,2026-07-07 14:07:35.612625,2026-07-07 14:07:42.910012,0 days 00:00:07.297387,11.865268785121108,16,COMPLETE
1691,0.010038432220840554,0.4679342172448179,2026-07-07 14:07:35.634105,2026-07-07 14:07:41.093108,0 days 00:00:05.459003,15.087855647514303,16,COMPLETE
1692,0.017360017179156362,0.4668537908432552,2026-07-07 14:07:35.950783,2026-07-07 14:07:46.238723,0 days 00:00:10.287940,47.858133936912985,16,COMPLETE
1693,0.014935890251702721,0.46713853668113986,2026-07-07 14:07:35.957509,2026-07-07 14:07:50.963773,0 days 00:00:15.006264,3.2522254407079783,16,COMPLETE
1694,0.02588846653755139,0.46472676142255975,2026-07-07 14:07:36.285548,2026-07-07 14:07:44.197816,0 days 00:00:07.912268,1.615869900908196,16,COMPLETE
1695,0.01574219794609094,0.4672025774854939,2026-07-07 14:07:36.633235,2026-07-07 14:07:47.252587,0 days 00:00:10.619352,43.28768270257741,16,COMPLETE
1696,0.024996418748719718,0.46569195000462876,2026-07-07 14:07:37.151109,2026-07-07 14:07:49.109748,0 days 00:00:11.958639,97.82877451937344,16,COMPLETE
1697,0.01108911318002015,0.4678902489133968,2026-07-07 14:07:37.166289,2026-07-07 14:07:43.264142,0 days 00:00:06.097853,5.2346406713224045,16,COMPLETE
1698,0.016571817625794905,0.46698421137668716,2026-07-07 14:07:37.342961,2026-07-07 14:07:47.450799,0 days 00:00:10.107838,36.0302118522586,16,COMPLETE
1699,0.02120939462543109,0.46619028414072294,2026-07-07 14:07:37.505166,2026-07-07 14:07:47.618084,0 days 00:00:10.112918,66.13403924800917,16,COMPLETE
1700,0.003056253612007509,0.4694968585742166,2026-07-07 14:07:37.816990,2026-07-07 14:07:47.792257,0 days 00:00:09.975267,5.778680939900025,16,COMPLETE
1701,0.016041920225459694,0.4670128367283368,2026-07-07 14:07:37.818014,2026-07-07 14:07:46.880629,0 days 00:00:09.062615,25.595993433897824,16,COMPLETE
1702,0.020820984861942338,0.46624495182775816,2026-07-07 14:07:37.825750,2026-07-07 14:07:51.844478,0 days 00:00:14.018728,66.32636667014674,16,COMPLETE
1703,0.02005641138380515,0.4664806979594956,2026-07-07 14:07:38.162372,2026-07-07 14:07:47.790707,0 days 00:00:09.628335,59.8342742953796,16,COMPLETE
1704,0.01810116990063304,0.46679356999646493,2026-07-07 14:07:38.177920,2026-07-07 14:07:52.352072,0 days 00:00:14.174152,23.218737099386832,16,COMPLETE
1705,0.018205605396022284,0.466619034851869,2026-07-07 14:07:38.184960,2026-07-07 14:07:47.249061,0 days 00:00:09.064101,57.369754821826746,16,COMPLETE
1706,0.019399679883657595,0.4666785747004646,2026-07-07 14:07:38.187977,2026-07-07 14:07:47.225315,0 days 00:00:09.037338,58.91045887760419,16,COMPLETE
1707,0.020306244765826986,0.46643264910771487,2026-07-07 14:07:38.356589,2026-07-07 14:07:44.169916,0 days 00:00:05.813327,60.92306722689436,16,COMPLETE
1708,0.016374555107021183,0.4671892771610176,2026-07-07 14:07:38.515886,2026-07-07 14:07:51.343538,0 days 00:00:12.827652,48.46501230938411,16,COMPLETE
1709,0.02541494202694461,0.46564410723636784,2026-07-07 14:07:38.676292,2026-07-07 14:07:46.059139,0 days 00:00:07.382847,95.65878435494193,16,COMPLETE
1710,0.007296259925195447,0.4684107769028866,2026-07-07 14:07:38.832486,2026-07-07 14:07:46.899092,0 days 00:00:08.066606,10.012601301871696,16,COMPLETE
1711,0.016740446336413195,0.4670500600873445,2026-07-07 14:07:38.837621,2026-07-07 14:07:48.294087,0 days 00:00:09.456466,51.636437991742326,16,COMPLETE
1712,0.007724312882232853,0.4685773771767714,2026-07-07 14:07:39.332041,2026-07-07 14:07:51.298910,0 days 00:00:11.966869,4.620268598599996,16,COMPLETE
1713,0.018275499813893537,0.4668415615980366,2026-07-07 14:07:39.643023,2026-07-07 14:07:50.388207,0 days 00:00:10.745184,59.37759803214497,16,COMPLETE
1714,0.01818766775762648,0.4665395566774753,2026-07-07 14:07:40.120014,2026-07-07 14:07:48.290218,0 days 00:00:08.170204,34.658929276642326,16,COMPLETE
1715,0.018568912919035285,0.46672543991781507,2026-07-07 14:07:40.821886,2026-07-07 14:07:51.310138,0 days 00:00:10.488252,43.52961761807674,16,COMPLETE
1716,0.015688063780593287,0.46706103716371894,2026-07-07 14:07:40.841397,2026-07-07 14:07:51.310427,0 days 00:00:10.469030,33.192786505420564,16,COMPLETE
1717,0.024372870924340595,0.46576886742663415,2026-07-07 14:07:41.086105,2026-07-07 14:07:48.943362,0 days 00:00:07.857257,99.92333510311312,16,COMPLETE
1718,0.013131973256182428,0.46736000183879184,2026-07-07 14:07:41.754820,2026-07-07 14:07:44.902479,0 days 00:00:03.147659,7.095262455816451,16,COMPLETE
1719,0.019383113699359134,0.4664065523596433,2026-07-07 14:07:41.758045,2026-07-07 14:07:55.496932,0 days 00:00:13.738887,74.48140909197997,16,COMPLETE
1720,0.014179671530319238,0.467476510125673,2026-07-07 14:07:42.233113,2026-07-07 14:07:52.333842,0 days 00:00:10.100729,18.13161908700802,16,COMPLETE
1721,0.01781945936987739,0.4665320526591528,2026-07-07 14:07:42.728911,2026-07-07 14:07:47.277393,0 days 00:00:04.548482,2.804540823859647,16,COMPLETE
1722,0.02259516511746168,0.46601687443728607,2026-07-07 14:07:42.891357,2026-07-07 14:07:52.328153,0 days 00:00:09.436796,82.20856047949049,16,COMPLETE
1723,0.023732057543833396,0.4658579229569368,2026-07-07 14:07:42.932527,2026-07-07 14:07:50.745145,0 days 00:00:07.812618,87.50019239563912,17,COMPLETE
1724,0.021357951531007335,0.4661612147354385,2026-07-07 14:07:42.945992,2026-07-07 14:07:55.923775,0 days 00:00:12.977783,68.1679894321293,17,COMPLETE
1725,0.011827327291112966,0.4678088092470293,2026-07-07 14:07:43.454143,2026-07-07 14:07:51.676394,0 days 00:00:08.222251,30.972856305363106,17,COMPLETE
1726,0.0070294727245717725,0.46830424952193006,2026-07-07 14:07:43.620304,2026-07-07 14:07:55.726677,0 days 00:00:12.106373,13.429328095922967,17,COMPLETE
1727,0.012045786458522778,0.4677138044057302,2026-07-07 14:07:43.627525,2026-07-07 14:07:51.299472,0 days 00:00:07.671947,31.494447947011643,17,COMPLETE
1728,0.019446507952397662,0.4663981306567033,2026-07-07 14:07:44.129215,2026-07-07 14:07:51.839511,0 days 00:00:07.710296,74.43857928764453,17,COMPLETE
1729,0.018337509743429237,0.46670317334494044,2026-07-07 14:07:44.142313,2026-07-07 14:07:58.417150,0 days 00:00:14.274837,40.39524630334757,17,COMPLETE
