number,values_0,values_1,datetime_start,datetime_complete,duration,params_input_force,system_attrs_NSGAIISampler:generation,state
4876,0.01979430569407825,0.46610521422587564,2026-07-07 14:16:37.206487,2026-07-07 14:16:46.078020,0 days 00:00:08.871533,2.584487727818496,47,COMPLETE
4877,0.007624038861714477,0.4688329378995153,2026-07-07 14:16:37.213399,2026-07-07 14:16:47.759911,0 days 00:00:10.546512,4.731610149141887,47,COMPLETE
4878,0.016932266924014838,0.4668731251162406,2026-07-07 14:16:37.214209,2026-07-07 14:16:45.886665,0 days 00:00:08.672456,44.27754524812868,47,COMPLETE
4879,0.02096361931951235,0.4664138057788988,2026-07-07 14:16:37.223099,2026-07-07 14:16:48.283725,0 days 00:00:11.060626,63.41785200072664,47,COMPLETE
4880,0.02455614476132345,0.4657001034207075,2026-07-07 14:16:37.227432,2026-07-07 14:16:46.727141,0 days 00:00:09.499709,91.2726129875642,47,COMPLETE
4881,0.020405613424911595,0.4665050807284341,2026-07-07 14:16:38.200030,2026-07-07 14:16:47.383389,0 days 00:00:09.183359,62.717020951710985,47,COMPLETE
4882,0.008381751225596867,0.46825890034988854,2026-07-07 14:16:38.201902,2026-07-07 14:16:49.274020,0 days 00:00:11.072118,16.20177864456154,47,COMPLETE
4883,0.01582744599427577,0.466827227371526,2026-07-07 14:16:38.207047,2026-07-07 14:16:42.819391,0 days 00:00:04.612344,8.131625237876131,47,COMPLETE
4884,0.02022178761691712,0.4656400138041901,2026-07-07 14:16:38.213532,2026-07-07 14:16:49.268076,0 days 00:00:11.054544,1.1688315012788022,47,COMPLETE
4885,0.01339762975258768,0.46744748219381854,2026-07-07 14:16:38.546452,2026-07-07 14:16:49.778747,0 days 00:00:11.232295,19.04257061827301,47,COMPLETE
4886,0.022030403451956893,0.4660824530444293,2026-07-07 14:16:39.247566,2026-07-07 14:16:47.053390,0 days 00:00:07.805824,64.61125048189692,47,COMPLETE
4887,0.018912623924320804,0.46676097535616895,2026-07-07 14:16:39.256096,2026-07-07 14:16:50.868503,0 days 00:00:11.612407,45.657218743871255,47,COMPLETE
4888,0.024995447126729464,0.4656892862096068,2026-07-07 14:16:39.436922,2026-07-07 14:16:50.147116,0 days 00:00:10.710194,93.14313284493444,47,COMPLETE
4889,0.02043438351236282,0.4662943754053159,2026-07-07 14:16:39.442482,2026-07-07 14:16:49.615991,0 days 00:00:10.173509,78.07986398072416,47,COMPLETE
4890,0.020824225550942488,0.46619229684633584,2026-07-07 14:16:39.624389,2026-07-07 14:16:47.769850,0 days 00:00:08.145461,72.4851568986167,47,COMPLETE
4891,0.009128647703944504,0.46807339374379653,2026-07-07 14:16:39.628682,2026-07-07 14:16:46.558868,0 days 00:00:06.930186,9.56507444136558,47,COMPLETE
4892,0.020624091983678927,0.46627042675906566,2026-07-07 14:16:39.797719,2026-07-07 14:16:50.679376,0 days 00:00:10.881657,66.50424185445853,47,COMPLETE
4893,0.01547796314170935,0.46726873319615414,2026-07-07 14:16:39.957430,2026-07-07 14:16:55.463397,0 days 00:00:15.505967,35.565261184972705,47,COMPLETE
4894,0.021646047036349036,0.4660956998492038,2026-07-07 14:16:39.962001,2026-07-07 14:16:50.140202,0 days 00:00:10.178201,79.16246370010586,47,COMPLETE
4895,0.02063794053390816,0.4663267862865352,2026-07-07 14:16:39.965357,2026-07-07 14:16:50.871818,0 days 00:00:10.906461,61.519430820811834,47,COMPLETE
4896,0.020118947473910243,0.4662803549981328,2026-07-07 14:16:40.123439,2026-07-07 14:16:50.867209,0 days 00:00:10.743770,76.37692169785147,47,COMPLETE
4897,0.019710548714288678,0.4665616210506386,2026-07-07 14:16:40.123642,2026-07-07 14:16:50.874483,0 days 00:00:10.750841,61.91614035545255,47,COMPLETE
4898,0.021187634778842446,0.46635590286109196,2026-07-07 14:16:40.127574,2026-07-07 14:16:45.851684,0 days 00:00:05.724110,63.734342424623485,47,COMPLETE
4899,0.015033603384902394,0.46688415816472284,2026-07-07 14:16:40.291043,2026-07-07 14:16:45.353907,0 days 00:00:05.062864,8.051458122427528,47,COMPLETE
4900,0.02509600937393347,0.46568191480132026,2026-07-07 14:16:40.768545,2026-07-07 14:16:47.742158,0 days 00:00:06.973613,97.37594163494092,47,COMPLETE
4901,0.01569508992412405,0.4672471392427257,2026-07-07 14:16:41.089870,2026-07-07 14:16:51.859958,0 days 00:00:10.770088,34.746384639395394,47,COMPLETE
4902,0.01102469353800628,0.46755712090427975,2026-07-07 14:16:41.096212,2026-07-07 14:16:50.684706,0 days 00:00:09.588494,8.060247128417625,47,COMPLETE
4903,0.022147668917702923,0.46603753600097686,2026-07-07 14:16:41.271872,2026-07-07 14:16:51.529423,0 days 00:00:10.257551,65.12325314529542,47,COMPLETE
4904,0.00905555179494133,0.4684733760034223,2026-07-07 14:16:41.278565,2026-07-07 14:16:50.859268,0 days 00:00:09.580703,12.683634704734391,47,COMPLETE
4905,0.010574246369140061,0.4679109926653497,2026-07-07 14:16:41.462962,2026-07-07 14:16:51.045117,0 days 00:00:09.582155,11.979208354205733,47,COMPLETE
4906,0.02522073435860034,0.4656671197757787,2026-07-07 14:16:42.640635,2026-07-07 14:16:53.488783,0 days 00:00:10.848148,94.18998724634032,47,COMPLETE
4907,0.017185228864802837,0.4669132995859159,2026-07-07 14:16:42.837370,2026-07-07 14:16:53.835387,0 days 00:00:10.998017,48.147894598419484,47,COMPLETE
4908,0.02415735565784155,0.465745223856074,2026-07-07 14:16:43.149815,2026-07-07 14:16:55.448499,0 days 00:00:12.298684,90.34358577727286,47,COMPLETE
4909,0.01535386470187966,0.4669414197425913,2026-07-07 14:16:43.308378,2026-07-07 14:16:56.576732,0 days 00:00:13.268354,7.74375627231045,47,COMPLETE
4910,0.01123831751668003,0.46788507931583573,2026-07-07 14:16:43.311737,2026-07-07 14:16:49.266267,0 days 00:00:05.954530,11.21150121271004,47,COMPLETE
4911,0.01765812542444395,0.4667262226285058,2026-07-07 14:16:43.316964,2026-07-07 14:16:57.664777,0 days 00:00:14.347813,39.65360736450392,47,COMPLETE
4912,0.011077526306704055,0.4678324666689195,2026-07-07 14:16:43.335642,2026-07-07 14:16:57.238273,0 days 00:00:13.902631,16.06315723716427,47,COMPLETE
4913,0.019785295273916537,0.46631487200698785,2026-07-07 14:16:43.511183,2026-07-07 14:16:52.034837,0 days 00:00:08.523654,75.89922281133578,47,COMPLETE
4914,0.02473997224086988,0.4656985164730565,2026-07-07 14:16:43.670992,2026-07-07 14:16:49.617299,0 days 00:00:05.946307,92.0522136259817,47,COMPLETE
4915,0.013705258531084008,0.4675238649322984,2026-07-07 14:16:44.325241,2026-07-07 14:16:57.290158,0 days 00:00:12.964917,36.599828639485494,47,COMPLETE
4916,0.017268679423852462,0.46701738495782846,2026-07-07 14:16:44.332760,2026-07-07 14:16:55.102308,0 days 00:00:10.769548,45.99048045486113,47,COMPLETE
4917,0.02437503614246328,0.4657685348985397,2026-07-07 14:16:44.490090,2026-07-07 14:16:57.655169,0 days 00:00:13.165079,99.91417749590813,47,COMPLETE
4918,0.025328238735481123,0.46565497732888816,2026-07-07 14:16:44.838660,2026-07-07 14:16:56.566129,0 days 00:00:11.727469,94.67314968725832,47,COMPLETE
4919,0.018058603581820765,0.4668069545077167,2026-07-07 14:16:45.022154,2026-07-07 14:16:53.498672,0 days 00:00:08.476518,26.458897946762217,47,COMPLETE
4920,0.021357521220814024,0.4661612676567656,2026-07-07 14:16:45.514798,2026-07-07 14:16:49.963182,0 days 00:00:04.448384,68.16743463985374,47,COMPLETE
4921,0.02160119985860076,0.46609707928334043,2026-07-07 14:16:45.857472,2026-07-07 14:16:55.848651,0 days 00:00:09.991179,79.07863284161583,47,COMPLETE
4922,0.0081733606912614,0.46854315626236737,2026-07-07 14:16:45.908197,2026-07-07 14:16:51.367807,0 days 00:00:05.459610,34.342279516096674,47,COMPLETE
4923,0.02105906703671445,0.4662011017209431,2026-07-07 14:16:46.078417,2026-07-07 14:16:56.027260,0 days 00:00:09.948843,60.0964682834171,47,COMPLETE
4924,0.020051540270048407,0.4662898543790934,2026-07-07 14:16:46.722104,2026-07-07 14:16:57.062476,0 days 00:00:10.340372,76.35141615568487,47,COMPLETE
4925,0.019921990746154028,0.46637738887495106,2026-07-07 14:16:46.726707,2026-07-07 14:16:55.482667,0 days 00:00:08.755960,55.56181155135745,47,COMPLETE
4926,0.01948570145401196,0.4663797247292092,2026-07-07 14:16:47.057224,2026-07-07 14:16:55.835095,0 days 00:00:08.777871,74.96991253914234,47,COMPLETE
4927,0.017177616272241125,0.4668458143391374,2026-07-07 14:16:47.222932,2026-07-07 14:16:56.739810,0 days 00:00:09.516878,25.02157634492074,47,COMPLETE
4928,0.01498669783152512,0.4674078672471031,2026-07-07 14:16:47.377781,2026-07-07 14:16:55.836837,0 days 00:00:08.459056,22.42669739881611,47,COMPLETE
4929,0.022550027026346398,0.46602184763522336,2026-07-07 14:16:47.393520,2026-07-07 14:16:55.661307,0 days 00:00:08.267787,82.11317940474038,47,COMPLETE
4930,0.0168578707030137,0.4668968608159584,2026-07-07 14:16:47.395892,2026-07-07 14:16:57.844639,0 days 00:00:10.448747,52.8644664311413,47,COMPLETE
4931,0.013863898476995151,0.4673791236604866,2026-07-07 14:16:47.556381,2026-07-07 14:16:56.557314,0 days 00:00:09.000933,30.049088472115272,47,COMPLETE
4932,0.015526341355088624,0.46719636017792,2026-07-07 14:16:47.562254,2026-07-07 14:16:57.264080,0 days 00:00:09.701826,36.970208941076365,47,COMPLETE
4933,0.022928279035789922,0.46599453668863844,2026-07-07 14:16:47.569013,2026-07-07 14:16:57.308918,0 days 00:00:09.739905,83.81514605887607,47,COMPLETE
4934,0.01979020282260563,0.4663155730568279,2026-07-07 14:16:47.575593,2026-07-07 14:17:02.127469,0 days 00:00:14.551876,75.93213957425162,47,COMPLETE
4935,0.025984664758684606,0.4647242301012744,2026-07-07 14:16:47.731385,2026-07-07 14:16:53.328284,0 days 00:00:05.596899,1.0026699002779438,47,COMPLETE
4936,0.02394955847401503,0.46582410316808615,2026-07-07 14:16:47.751842,2026-07-07 14:16:56.209779,0 days 00:00:08.457937,87.85705615092668,47,COMPLETE
4937,0.020325178465282034,0.46639129814745034,2026-07-07 14:16:47.761843,2026-07-07 14:16:57.274387,0 days 00:00:09.512544,61.42356192031435,47,COMPLETE
4938,0.022914692476600607,0.46599497767801273,2026-07-07 14:16:47.776738,2026-07-07 14:16:57.278113,0 days 00:00:09.501375,83.72271119518082,47,COMPLETE
4939,0.024128961007868988,0.46574697386127356,2026-07-07 14:16:47.780700,2026-07-07 14:16:56.565591,0 days 00:00:08.784891,90.48976964289739,47,COMPLETE
4940,0.015692778780529493,0.46719961977842783,2026-07-07 14:16:48.256744,2026-07-07 14:16:57.644793,0 days 00:00:09.388049,52.24796696279912,47,COMPLETE
4941,0.01769301595845829,0.4669460169454486,2026-07-07 14:16:48.259833,2026-07-07 14:16:59.935371,0 days 00:00:11.675538,48.72514930845013,47,COMPLETE
4942,0.0205180251978217,0.46626087081419954,2026-07-07 14:16:48.265898,2026-07-07 14:16:58.329347,0 days 00:00:10.063449,71.74089492315593,47,COMPLETE
4943,0.01629259211179257,0.46705995774443665,2026-07-07 14:16:48.278568,2026-07-07 14:16:58.324846,0 days 00:00:10.046278,22.524490759449154,47,COMPLETE
4944,0.024612941359746787,0.46570559332704414,2026-07-07 14:16:48.760596,2026-07-07 14:16:58.320339,0 days 00:00:09.559743,91.4910193863746,47,COMPLETE
4945,0.018063676469077528,0.4667274320392551,2026-07-07 14:16:48.922254,2026-07-07 14:16:55.110188,0 days 00:00:06.187934,54.36159946827746,47,COMPLETE
4946,0.018178423443362735,0.4666630491329319,2026-07-07 14:16:49.087667,2026-07-07 14:16:56.201913,0 days 00:00:07.114246,47.142764262851394,47,COMPLETE
4947,0.017062504600425576,0.46692884398476814,2026-07-07 14:16:49.441942,2026-07-07 14:17:01.580946,0 days 00:00:12.139004,26.39500675494233,47,COMPLETE
4948,0.024108129679205004,0.46575968554705893,2026-07-07 14:16:49.963054,2026-07-07 14:17:01.268034,0 days 00:00:11.304980,90.6771901671982,47,COMPLETE
4949,0.024497212992134865,0.46569775399671115,2026-07-07 14:16:50.140480,2026-07-07 14:17:03.104480,0 days 00:00:12.964000,91.1068649494808,47,COMPLETE
4950,0.01791994767129712,0.46671833432857907,2026-07-07 14:16:50.148946,2026-07-07 14:17:01.752042,0 days 00:00:11.603096,55.12619915274424,47,COMPLETE
4951,0.024226405350640356,0.4657456564332874,2026-07-07 14:16:50.318521,2026-07-07 14:17:01.750430,0 days 00:00:11.431909,89.33585385399556,47,COMPLETE
4952,0.023091528577587395,0.46599160530758726,2026-07-07 14:16:50.477386,2026-07-07 14:17:03.126204,0 days 00:00:12.648818,84.97126730966173,47,COMPLETE
4953,0.015632826975938208,0.4672010024365214,2026-07-07 14:16:50.483348,2026-07-07 14:17:01.949878,0 days 00:00:11.466530,52.14898648489507,47,COMPLETE
4954,0.010353683231107413,0.4678161308779099,2026-07-07 14:16:50.650822,2026-07-07 14:16:55.453600,0 days 00:00:04.802778,8.427401468020953,47,COMPLETE
4955,0.025168387994333408,0.46567225388245465,2026-07-07 14:16:50.652033,2026-07-07 14:17:01.748704,0 days 00:00:11.096671,93.95461673870419,47,COMPLETE
4956,0.019770467169000827,0.4663115214601201,2026-07-07 14:16:50.668512,2026-07-07 14:16:56.569674,0 days 00:00:05.901162,75.48489051397986,47,COMPLETE
4957,0.02631339215558337,0.46470885894077185,2026-07-07 14:16:50.685205,2026-07-07 14:16:55.657135,0 days 00:00:04.971930,1.7962120912112094,47,COMPLETE
4958,0.019646469676427414,0.4663418580663417,2026-07-07 14:16:50.688639,2026-07-07 14:16:56.567907,0 days 00:00:05.879268,75.20334740914166,47,COMPLETE
4959,0.017655226893229514,0.4667064308575084,2026-07-07 14:16:50.874659,2026-07-07 14:17:05.924511,0 days 00:00:15.049852,25.409739660186407,47,COMPLETE
4960,0.01991632671372301,0.4665156339857557,2026-07-07 14:16:50.881752,2026-07-07 14:17:04.232003,0 days 00:00:13.350251,61.899084041895904,47,COMPLETE
4961,0.02323478055530437,0.46597117784651937,2026-07-07 14:16:51.203431,2026-07-07 14:16:57.834819,0 days 00:00:06.631388,85.65075748780349,47,COMPLETE
4962,0.017531400662891328,0.4668306274423413,2026-07-07 14:16:51.367701,2026-07-07 14:17:05.504479,0 days 00:00:14.136778,46.91442307177578,47,COMPLETE
4963,0.017489184718339768,0.4667434226193429,2026-07-07 14:16:51.526715,2026-07-07 14:17:03.447495,0 days 00:00:11.920780,25.715745861843306,47,COMPLETE
4964,0.01777074109928689,0.466826327697591,2026-07-07 14:16:51.538948,2026-07-07 14:17:01.946395,0 days 00:00:10.407447,51.554157698055505,47,COMPLETE
4965,0.018703269369000353,0.4668264559327795,2026-07-07 14:16:51.696555,2026-07-07 14:17:05.849576,0 days 00:00:14.153021,59.11133824973051,47,COMPLETE
4966,0.02172490811630501,0.4661202494394778,2026-07-07 14:16:51.697881,2026-07-07 14:17:02.454429,0 days 00:00:10.756548,80.53193817618637,47,COMPLETE
4967,0.014234092919695462,0.46729388455208076,2026-07-07 14:16:51.860128,2026-07-07 14:17:03.115585,0 days 00:00:11.255457,19.47009021626807,47,COMPLETE
4968,0.016288246193373046,0.4671954764265924,2026-07-07 14:16:51.872593,2026-07-07 14:17:03.124602,0 days 00:00:11.252009,42.964983196085555,47,COMPLETE
4969,0.009377528955477943,0.46866331885283746,2026-07-07 14:16:52.352605,2026-07-07 14:17:05.508363,0 days 00:00:13.155758,21.724890349313554,47,COMPLETE
4970,0.01749474486587055,0.4669162810278502,2026-07-07 14:16:52.669790,2026-07-07 14:17:04.239911,0 days 00:00:11.570121,50.381380265895714,47,COMPLETE
4971,0.017824409316007928,0.4668965326089285,2026-07-07 14:16:52.997082,2026-07-07 14:17:05.997609,0 days 00:00:13.000527,44.82961403121282,47,COMPLETE
4972,0.00993447247085355,0.46793313708037954,2026-07-07 14:16:54.771565,2026-07-07 14:17:06.027933,0 days 00:00:11.256368,16.087472272636116,47,COMPLETE
4973,0.02088412421064989,0.46642821130096035,2026-07-07 14:16:56.218652,2026-07-07 14:17:06.005813,0 days 00:00:09.787161,63.31941150348657,48,COMPLETE
4974,0.021363006149869246,0.46616059476468014,2026-07-07 14:16:56.228419,2026-07-07 14:17:05.966732,0 days 00:00:09.738313,68.17445872642307,48,COMPLETE
4975,0.017697937192205027,0.46685680655535783,2026-07-07 14:16:56.235350,2026-07-07 14:17:05.914452,0 days 00:00:09.679102,49.4676505084739,48,COMPLETE
4976,0.02209383214535071,0.46604325497331933,2026-07-07 14:16:56.545446,2026-07-07 14:17:05.993232,0 days 00:00:09.447786,68.96862901492584,48,COMPLETE
4977,0.011851619020275761,0.46786119916644997,2026-07-07 14:16:57.234095,2026-07-07 14:17:05.997292,0 days 00:00:08.763197,15.017117171202981,48,COMPLETE
4978,0.023231397154790667,0.46597170138405947,2026-07-07 14:16:57.243824,2026-07-07 14:17:01.926307,0 days 00:00:04.682483,85.636243950274,48,COMPLETE
4979,0.0217929854388208,0.46611208976111096,2026-07-07 14:16:57.248319,2026-07-07 14:17:06.045045,0 days 00:00:08.796726,80.6613725010439,48,COMPLETE
4980,0.024716491900229287,0.46572833525257584,2026-07-07 14:16:57.251432,2026-07-07 14:17:05.991678,0 days 00:00:08.740246,98.40442717888033,48,COMPLETE
4981,0.022337915295635835,0.4659817877858638,2026-07-07 14:16:57.257570,2026-07-07 14:17:05.511612,0 days 00:00:08.254042,69.59641915158826,48,COMPLETE
4982,0.018196432702814458,0.46666799537343207,2026-07-07 14:16:57.263041,2026-07-07 14:17:06.020461,0 days 00:00:08.757420,49.06097226244907,48,COMPLETE
4983,0.016154872033266043,0.4668255292869238,2026-07-07 14:16:57.265260,2026-07-07 14:17:05.955681,0 days 00:00:08.690421,7.125103864703998,48,COMPLETE
4984,0.0189427622730185,0.4666842541400124,2026-07-07 14:16:57.281213,2026-07-07 14:17:06.035596,0 days 00:00:08.754383,58.71505358653302,48,COMPLETE
4985,0.019946980876451414,0.46653022586442455,2026-07-07 14:16:57.284368,2026-07-07 14:17:05.983669,0 days 00:00:08.699301,59.77288317458641,48,COMPLETE
4986,0.018634159322180266,0.46653632884774743,2026-07-07 14:16:57.286445,2026-07-07 14:17:01.424356,0 days 00:00:04.137911,57.74883756915103,48,COMPLETE
4987,0.006145725376889066,0.4687148880209421,2026-07-07 14:16:57.287874,2026-07-07 14:17:05.976397,0 days 00:00:08.688523,10.344904877317461,48,COMPLETE
4988,0.012263068888145046,0.4675604614469143,2026-07-07 14:16:57.293160,2026-07-07 14:17:06.031509,0 days 00:00:08.738349,16.038917820226068,48,COMPLETE
4989,0.024230604011897694,0.4657431395055448,2026-07-07 14:16:57.295539,2026-07-07 14:17:05.982078,0 days 00:00:08.686539,89.50331008174682,48,COMPLETE
4990,-0.008765009559775327,0.4714121318874259,2026-07-07 14:16:57.317331,2026-07-07 14:17:06.023077,0 days 00:00:08.705746,5.000951677883603,48,COMPLETE
4991,0.014989289790785731,0.46750532635712094,2026-07-07 14:16:57.627621,2026-07-07 14:17:02.291113,0 days 00:00:04.663492,20.796510691544594,48,COMPLETE
4992,0.008193492864468022,0.46828054284398235,2026-07-07 14:16:57.669454,2026-07-07 14:17:05.995060,0 days 00:00:08.325606,11.49342794990486,48,COMPLETE
4993,0.02334818633915403,0.46594788139508403,2026-07-07 14:16:57.671170,2026-07-07 14:17:05.912276,0 days 00:00:08.241106,86.14531362315144,48,COMPLETE
4994,0.014703468207579284,0.4669997662942369,2026-07-07 14:16:57.671333,2026-07-07 14:17:06.042252,0 days 00:00:08.370919,7.466320732754539,48,COMPLETE
4995,0.0161505222905175,0.4669649796631041,2026-07-07 14:16:57.672707,2026-07-07 14:17:05.948589,0 days 00:00:08.275882,40.70390531724567,48,COMPLETE
4996,0.02483641982213136,0.46570312599616426,2026-07-07 14:16:57.831928,2026-07-07 14:17:06.038840,0 days 00:00:08.206912,92.64229942988864,48,COMPLETE
4997,0.012649484938779487,0.4676339696021538,2026-07-07 14:16:57.834572,2026-07-07 14:17:06.009219,0 days 00:00:08.174647,33.03146783314782,48,COMPLETE
4998,0.024808568541820564,0.46570375069255293,2026-07-07 14:16:57.837672,2026-07-07 14:17:06.050233,0 days 00:00:08.212561,92.5291594109139,48,COMPLETE
4999,0.01228606336473137,0.4677129658776009,2026-07-07 14:16:57.845919,2026-07-07 14:17:06.000399,0 days 00:00:08.154480,9.70185396003019,48,COMPLETE
