number,values_0,values_1,datetime_start,datetime_complete,duration,params_input_force,system_attrs_NSGAIISampler:generation,state
4590,0.019974090233126462,0.46633358647548584,2026-07-07 14:15:47.881772,2026-07-07 14:15:58.063356,0 days 00:00:10.181584,74.08397543362692,44,COMPLETE
4591,0.019566603349765954,0.46636044060661797,2026-07-07 14:15:48.075449,2026-07-07 14:15:53.751375,0 days 00:00:05.675926,75.09021532567957,44,COMPLETE
4592,0.014011167089783616,0.46749255580317794,2026-07-07 14:15:49.016944,2026-07-07 14:15:59.521426,0 days 00:00:10.504482,29.74257577253268,44,COMPLETE
4593,0.010429895779742293,0.4681713785357172,2026-07-07 14:15:49.331457,2026-07-07 14:15:54.924337,0 days 00:00:05.592880,4.883191079171889,44,COMPLETE
4594,0.017676408425060797,0.4668436124371046,2026-07-07 14:15:49.831681,2026-07-07 14:15:57.876808,0 days 00:00:08.045127,49.189315621064914,44,COMPLETE
4595,0.016655215748633545,0.4671270291177918,2026-07-07 14:15:49.835597,2026-07-07 14:16:02.118332,0 days 00:00:12.282735,42.45669089881351,44,COMPLETE
4596,0.014345732664945043,0.4674093142369365,2026-07-07 14:15:49.836021,2026-07-07 14:16:00.930136,0 days 00:00:11.094115,20.95164721397154,44,COMPLETE
4597,0.02049184229508383,0.4662832281373027,2026-07-07 14:15:49.844398,2026-07-07 14:15:54.583672,0 days 00:00:04.739274,78.00799560583462,44,COMPLETE
4598,0.025095690312963603,0.4656819588479853,2026-07-07 14:15:50.081465,2026-07-07 14:16:01.439465,0 days 00:00:11.358000,97.37824764994882,44,COMPLETE
4599,0.0188233248677801,0.46664377328470086,2026-07-07 14:15:50.741864,2026-07-07 14:15:57.454530,0 days 00:00:06.712666,51.144367511680905,44,COMPLETE
4600,0.01819373495796811,0.46677917498265753,2026-07-07 14:15:50.745970,2026-07-07 14:15:59.205128,0 days 00:00:08.459158,50.98319547020765,44,COMPLETE
4601,0.021764520213222782,0.4660774520182749,2026-07-07 14:15:50.749183,2026-07-07 14:15:57.893328,0 days 00:00:07.144145,60.069266414649945,44,COMPLETE
4602,0.022747005402517784,0.466011382486619,2026-07-07 14:15:50.905660,2026-07-07 14:16:02.140011,0 days 00:00:11.234351,82.87213571449989,44,COMPLETE
4603,0.020061568326012413,0.46655287364063147,2026-07-07 14:15:50.907111,2026-07-07 14:16:00.885723,0 days 00:00:09.978612,62.47829471375937,44,COMPLETE
4604,0.024177335033971237,0.46576101241259815,2026-07-07 14:15:50.912563,2026-07-07 14:16:09.177721,0 days 00:00:18.265158,88.65313901429018,44,COMPLETE
4605,0.019545373275803413,0.4663654518508827,2026-07-07 14:15:50.919371,2026-07-07 14:16:00.676386,0 days 00:00:09.757015,75.06022113755301,44,COMPLETE
4606,0.024443731775931232,0.46570369182889826,2026-07-07 14:15:50.920157,2026-07-07 14:16:01.785884,0 days 00:00:10.865727,91.01811299456386,44,COMPLETE
4607,0.02519619843873533,0.4656678557605093,2026-07-07 14:15:51.078079,2026-07-07 14:16:03.174909,0 days 00:00:12.096830,96.86666913240482,44,COMPLETE
4608,0.012067978250064837,0.46803185577262785,2026-07-07 14:15:51.543563,2026-07-07 14:16:00.720538,0 days 00:00:09.176975,35.84166384944509,44,COMPLETE
4609,0.01841256946277614,0.46679986852972577,2026-07-07 14:15:51.545174,2026-07-07 14:15:57.892174,0 days 00:00:06.347000,59.427574537750715,44,COMPLETE
4610,0.020361251104149825,0.46637054877722456,2026-07-07 14:15:51.551172,2026-07-07 14:16:07.384635,0 days 00:00:15.833463,61.332889401073245,44,COMPLETE
4611,0.014095405549384488,0.46741563980470097,2026-07-07 14:15:51.711451,2026-07-07 14:16:02.115021,0 days 00:00:10.403570,38.53098139707513,44,COMPLETE
4612,0.003243332694546186,0.46924476399895004,2026-07-07 14:15:52.023095,2026-07-07 14:16:03.173630,0 days 00:00:11.150535,10.933233468002022,44,COMPLETE
4613,0.02410664038166288,0.46575972015495737,2026-07-07 14:15:52.359189,2026-07-07 14:16:03.656735,0 days 00:00:11.297546,90.6763081775753,44,COMPLETE
4614,0.022429939553398226,0.46603565637934674,2026-07-07 14:15:53.187556,2026-07-07 14:16:00.921909,0 days 00:00:07.734353,81.89198830835237,44,COMPLETE
4615,0.024372702703336357,0.46576889325010384,2026-07-07 14:15:53.193335,2026-07-07 14:16:04.156951,0 days 00:00:10.963616,99.92404692671327,44,COMPLETE
4616,0.02497189092674973,0.46569182077455534,2026-07-07 14:15:53.546343,2026-07-07 14:16:00.693060,0 days 00:00:07.146717,93.05584276522956,44,COMPLETE
4617,0.02053696879269301,0.46634930660492846,2026-07-07 14:15:53.571784,2026-07-07 14:16:01.942166,0 days 00:00:08.370382,61.43985362856077,44,COMPLETE
4618,0.01716951777644382,0.46698838005921206,2026-07-07 14:15:54.746186,2026-07-07 14:16:01.941921,0 days 00:00:07.195735,50.68875853076212,44,COMPLETE
4619,0.014563384942722468,0.467387344210646,2026-07-07 14:15:55.265233,2026-07-07 14:16:04.723128,0 days 00:00:09.457895,21.6622330410288,44,COMPLETE
4620,0.018230218425147493,0.4668484699647257,2026-07-07 14:15:55.267124,2026-07-07 14:16:02.992842,0 days 00:00:07.725718,59.39814563164927,44,COMPLETE
4621,0.014453890607070863,0.46731539367724445,2026-07-07 14:15:55.590510,2026-07-07 14:16:07.423791,0 days 00:00:11.833281,36.42333322727516,44,COMPLETE
4622,0.01521824071197797,0.4671714502686572,2026-07-07 14:15:55.593954,2026-07-07 14:16:02.806231,0 days 00:00:07.212277,29.20552770336989,44,COMPLETE
4623,0.14282660523834628,0.4481502866794394,2026-07-07 14:15:55.621446,2026-07-07 14:16:00.925312,0 days 00:00:05.303866,0.33834553484760066,44,COMPLETE
4624,0.0170176281108792,0.4669912075055599,2026-07-07 14:15:55.626898,2026-07-07 14:16:11.855770,0 days 00:00:16.228872,51.59890862296514,44,COMPLETE
4625,0.011996532488560474,0.4677763975863265,2026-07-07 14:15:55.631138,2026-07-07 14:16:08.611991,0 days 00:00:12.980853,3.697814240369095,44,COMPLETE
4626,0.02006555394016618,0.46631643978503867,2026-07-07 14:15:55.635862,2026-07-07 14:16:07.413007,0 days 00:00:11.777145,74.00348049655416,44,COMPLETE
4627,0.020778452286414895,0.4662214859709738,2026-07-07 14:15:55.799862,2026-07-07 14:16:04.886246,0 days 00:00:09.086384,71.35891804375004,44,COMPLETE
4628,0.008891088721892704,0.4683380878157042,2026-07-07 14:15:55.803642,2026-07-07 14:16:04.528963,0 days 00:00:08.725321,4.522911506389106,44,COMPLETE
4629,0.014244239841885775,0.46739894470119453,2026-07-07 14:15:55.810952,2026-07-07 14:16:02.813791,0 days 00:00:07.002839,19.22724460173743,44,COMPLETE
4630,0.01135066036476845,0.4682053189178411,2026-07-07 14:15:55.812517,2026-07-07 14:16:07.604653,0 days 00:00:11.792136,24.905796132251,44,COMPLETE
4631,0.015265120810033728,0.4671747589713018,2026-07-07 14:15:55.814876,2026-07-07 14:16:04.543012,0 days 00:00:08.728136,31.217873736470356,44,COMPLETE
4632,0.01534645866438683,0.4670315907232276,2026-07-07 14:15:56.127109,2026-07-07 14:16:06.508161,0 days 00:00:10.381052,27.848892910293454,44,COMPLETE
4633,0.012390057834365809,0.4675512342934237,2026-07-07 14:15:56.129844,2026-07-07 14:16:06.511820,0 days 00:00:10.381976,18.29660832049513,44,COMPLETE
4634,0.022247049693218834,0.46601495013655786,2026-07-07 14:15:56.132457,2026-07-07 14:16:04.539482,0 days 00:00:08.407025,69.30231591207153,44,COMPLETE
4635,0.012892422517628066,0.4676222523377604,2026-07-07 14:15:56.148153,2026-07-07 14:16:02.118978,0 days 00:00:05.970825,32.44420391705513,44,COMPLETE
4636,0.016510005842178876,0.4669733734736585,2026-07-07 14:15:56.314899,2026-07-07 14:16:08.254036,0 days 00:00:11.939137,36.918184698397745,44,COMPLETE
4637,0.0203448246170157,0.466330399053968,2026-07-07 14:15:56.809481,2026-07-07 14:16:04.550658,0 days 00:00:07.741177,66.97394441060658,44,COMPLETE
4638,0.009235495303208219,0.4682351007423685,2026-07-07 14:15:56.967341,2026-07-07 14:16:01.941012,0 days 00:00:04.973671,11.665454555222054,44,COMPLETE
4639,0.025009526094735668,0.4656906400498413,2026-07-07 14:15:56.971664,2026-07-07 14:16:04.554818,0 days 00:00:07.583154,97.78737790694808,44,COMPLETE
4640,0.017714583419345675,0.46695610830299905,2026-07-07 14:15:56.982302,2026-07-07 14:16:07.394017,0 days 00:00:10.411715,48.997901136195004,44,COMPLETE
4641,0.018423073334065176,0.466659418756333,2026-07-07 14:15:56.985209,2026-07-07 14:16:02.106100,0 days 00:00:05.120891,50.72346711523152,44,COMPLETE
4642,0.012904567332663486,0.4675421466459561,2026-07-07 14:15:57.473738,2026-07-07 14:16:07.438922,0 days 00:00:09.965184,31.24938462605038,44,COMPLETE
4643,0.012387438884795932,0.46774193618680204,2026-07-07 14:15:57.660444,2026-07-07 14:16:02.816464,0 days 00:00:05.156020,32.57726269961161,44,COMPLETE
4644,0.0246438460095193,0.4657021738559442,2026-07-07 14:15:57.878492,2026-07-07 14:16:07.404727,0 days 00:00:09.526235,91.59981550154262,44,COMPLETE
4645,0.02541909041891338,0.4656435071938507,2026-07-07 14:15:58.059304,2026-07-07 14:16:04.721068,0 days 00:00:06.661764,95.48857570227136,44,COMPLETE
4646,0.02033613438298043,0.4663163103791138,2026-07-07 14:15:58.069399,2026-07-07 14:16:07.430350,0 days 00:00:09.360951,66.80029733646745,44,COMPLETE
4647,0.019166111096485416,0.466683015010093,2026-07-07 14:15:58.072280,2026-07-07 14:16:08.451008,0 days 00:00:10.378728,42.645490742740165,44,COMPLETE
4648,0.06426398809710665,0.4586847537316425,2026-07-07 14:15:58.229454,2026-07-07 14:16:07.411019,0 days 00:00:09.181565,0.814342188757178,44,COMPLETE
4649,0.019769874996179604,0.46631127780610254,2026-07-07 14:15:58.229630,2026-07-07 14:16:07.425814,0 days 00:00:09.196184,75.71183396269977,44,COMPLETE
4650,0.01700875731930407,0.4669566751587961,2026-07-07 14:15:58.232688,2026-07-07 14:16:09.173347,0 days 00:00:10.940659,48.718576643149724,44,COMPLETE
4651,0.02152992818156363,0.46614507031784513,2026-07-07 14:15:58.235462,2026-07-07 14:16:10.508436,0 days 00:00:12.272974,80.16141772395049,44,COMPLETE
4652,0.020117292063880132,0.4663776455204853,2026-07-07 14:15:58.241331,2026-07-07 14:16:09.166355,0 days 00:00:10.925024,67.00380898158724,44,COMPLETE
4653,0.014550147400913316,0.4676509826324605,2026-07-07 14:15:58.241745,2026-07-07 14:16:07.437122,0 days 00:00:09.195377,20.796301803514286,44,COMPLETE
4654,0.024774716533817243,0.4657030300898478,2026-07-07 14:15:58.248894,2026-07-07 14:16:04.493157,0 days 00:00:06.244263,92.35274392196132,44,COMPLETE
4655,0.01824128878890896,0.4667200518476524,2026-07-07 14:15:58.405115,2026-07-07 14:16:05.689370,0 days 00:00:07.284255,44.49478554528993,44,COMPLETE
4656,0.018291589393551966,0.4668325352916851,2026-07-07 14:15:58.407983,2026-07-07 14:16:10.167725,0 days 00:00:11.759742,59.403094603990006,44,COMPLETE
4657,0.02372532729589172,0.46585519430938427,2026-07-07 14:15:59.198557,2026-07-07 14:16:08.817498,0 days 00:00:09.618941,87.47682566390084,44,COMPLETE
4658,0.02033458894174356,0.4662627732487905,2026-07-07 14:15:59.202528,2026-07-07 14:16:08.833523,0 days 00:00:09.630995,73.71235395257045,44,COMPLETE
4659,0.01955099850767622,0.46636411998030197,2026-07-07 14:15:59.361790,2026-07-07 14:16:07.419997,0 days 00:00:08.058207,75.06823449471969,44,COMPLETE
4660,0.02781787557035964,0.46352618363700915,2026-07-07 14:15:59.518977,2026-07-07 14:16:09.841203,0 days 00:00:10.322226,1.3227381147111887,44,COMPLETE
4661,0.010748491426069373,0.46795271873431166,2026-07-07 14:16:00.480502,2026-07-07 14:16:10.686324,0 days 00:00:10.205822,11.055489360410878,44,COMPLETE
4662,0.018343949066036258,0.4664092388631943,2026-07-07 14:16:00.495001,2026-07-07 14:16:10.347954,0 days 00:00:09.852953,2.9669379449461513,44,COMPLETE
4663,0.016795896104477237,0.46692529493524665,2026-07-07 14:16:00.702832,2026-07-07 14:16:11.019244,0 days 00:00:10.316412,38.28540429899368,44,COMPLETE
4664,0.016575243231869874,0.4665474048176293,2026-07-07 14:16:01.602890,2026-07-07 14:16:12.223032,0 days 00:00:10.620142,3.3952846578382547,45,COMPLETE
4665,0.017420204349340496,0.46704091205872394,2026-07-07 14:16:01.603990,2026-07-07 14:16:10.688026,0 days 00:00:09.084036,45.87274639050577,45,COMPLETE
4666,0.015759694219613263,0.4670930541040734,2026-07-07 14:16:01.610966,2026-07-07 14:16:11.031705,0 days 00:00:09.420739,22.34383602769961,45,COMPLETE
4667,0.016498470094863493,0.4669882348030704,2026-07-07 14:16:02.129107,2026-07-07 14:16:07.610133,0 days 00:00:05.481026,38.569927769942545,45,COMPLETE
4668,0.017471493197221744,0.4669107039733492,2026-07-07 14:16:02.133572,2026-07-07 14:16:08.808488,0 days 00:00:06.674916,41.52179931254448,45,COMPLETE
4669,0.014146776812207662,0.4677146275304973,2026-07-07 14:16:02.135396,2026-07-07 14:16:14.074862,0 days 00:00:11.939466,21.635389797687363,45,COMPLETE
4670,0.021783594831890463,0.4660744366427271,2026-07-07 14:16:02.806398,2026-07-07 14:16:12.034343,0 days 00:00:09.227945,60.068637683558954,45,COMPLETE
4671,0.021697127575868502,0.4662052712783579,2026-07-07 14:16:02.975150,2026-07-07 14:16:15.091652,0 days 00:00:12.116502,64.08650402516284,45,COMPLETE
4672,0.025086258684034024,0.4656801283525159,2026-07-07 14:16:03.000411,2026-07-07 14:16:11.199883,0 days 00:00:08.199472,93.56290352715108,45,COMPLETE
4673,0.02025923158465559,0.46628789463684533,2026-07-07 14:16:03.166007,2026-07-07 14:16:12.219259,0 days 00:00:09.053252,76.50934812560087,45,COMPLETE
4674,0.015718884680878453,0.46719378116855353,2026-07-07 14:16:03.170849,2026-07-07 14:16:11.372127,0 days 00:00:08.201278,52.230065148578795,45,COMPLETE
4675,0.013371058933296043,0.46738558320996726,2026-07-07 14:16:03.176872,2026-07-07 14:16:13.893397,0 days 00:00:10.716525,2.7576292361267076,45,COMPLETE
4676,-0.03695460904391945,0.479471663331818,2026-07-07 14:16:03.335244,2026-07-07 14:16:13.871134,0 days 00:00:10.535890,6.3958499393561405,45,COMPLETE
4677,0.015309068574180573,0.46735078829261933,2026-07-07 14:16:03.495093,2026-07-07 14:16:12.028496,0 days 00:00:08.533403,27.33596779964815,45,COMPLETE
4678,0.021703519542934258,0.4661228469936989,2026-07-07 14:16:04.316408,2026-07-07 14:16:15.794346,0 days 00:00:11.477938,80.49177671844339,45,COMPLETE
4679,0.02417872876683763,0.46576022360225644,2026-07-07 14:16:04.480847,2026-07-07 14:16:13.858060,0 days 00:00:09.377213,88.69063538300126,45,COMPLETE
4680,0.008823007038227137,0.4687397149265972,2026-07-07 14:16:04.489357,2026-07-07 14:16:08.611732,0 days 00:00:04.122375,3.2769140399394456,45,COMPLETE
4681,-0.26006534817988414,0.5219619200384525,2026-07-07 14:16:04.500036,2026-07-07 14:16:15.104453,0 days 00:00:10.604417,3.879593154678494,45,COMPLETE
4682,0.018345390753218727,0.46681193772713736,2026-07-07 14:16:04.504020,2026-07-07 14:16:08.435618,0 days 00:00:03.931598,42.9146028970002,45,COMPLETE
4683,0.020815015107431223,0.46619330077681853,2026-07-07 14:16:04.530216,2026-07-07 14:16:16.953086,0 days 00:00:12.422870,72.5189370628835,45,COMPLETE
4684,0.013082122475789937,0.4675009193533786,2026-07-07 14:16:04.539766,2026-07-07 14:16:14.430053,0 days 00:00:09.890287,5.092594735124786,45,COMPLETE
4685,0.020214016985550032,0.46628667698113946,2026-07-07 14:16:04.555046,2026-07-07 14:16:15.767876,0 days 00:00:11.212830,73.85523197569634,45,COMPLETE
4686,0.014033532274754679,0.4670867898430647,2026-07-07 14:16:04.713036,2026-07-07 14:16:15.112812,0 days 00:00:10.399776,7.57939277030995,45,COMPLETE
4687,0.02149330405375599,0.46610641218411186,2026-07-07 14:16:04.893612,2026-07-07 14:16:14.078237,0 days 00:00:09.184625,78.83221583738487,45,COMPLETE
4688,0.02298834597620608,0.4660042104059727,2026-07-07 14:16:05.519407,2026-07-07 14:16:15.791632,0 days 00:00:10.272225,84.57951633284681,45,COMPLETE
4689,0.025355557178910082,0.46564937751479574,2026-07-07 14:16:05.684654,2026-07-07 14:16:15.801357,0 days 00:00:10.116703,96.19515661286802,45,COMPLETE
4690,0.014816064752873781,0.46683122480705663,2026-07-07 14:16:05.845369,2026-07-07 14:16:13.881828,0 days 00:00:08.036459,2.945804582863364,45,COMPLETE
4691,0.017469842626057552,0.4669327455579231,2026-07-07 14:16:05.852373,2026-07-07 14:16:19.506628,0 days 00:00:13.654255,51.709171854883834,45,COMPLETE
4692,0.02475709207031096,0.46570179170556447,2026-07-07 14:16:06.015198,2026-07-07 14:16:15.594226,0 days 00:00:09.579028,92.23342199413568,45,COMPLETE
4693,0.020351881346582945,0.46625986077614096,2026-07-07 14:16:06.020048,2026-07-07 14:16:17.943120,0 days 00:00:11.923072,73.6735304828662,45,COMPLETE
4694,0.017280265491449176,0.4670750687804164,2026-07-07 14:16:06.022209,2026-07-07 14:16:15.778949,0 days 00:00:09.756740,45.903496456210014,45,COMPLETE
4695,0.022103456196410465,0.4660746051042929,2026-07-07 14:16:06.493097,2026-07-07 14:16:16.448358,0 days 00:00:09.955261,81.26818154283505,45,COMPLETE
4696,0.017607546308422817,0.46673544056596683,2026-07-07 14:16:06.513051,2026-07-07 14:16:19.108168,0 days 00:00:12.595117,41.308908538382155,45,COMPLETE
4697,0.024497948183414775,0.4657552409931226,2026-07-07 14:16:06.700392,2026-07-07 14:16:19.525224,0 days 00:00:12.824832,99.05103033856949,45,COMPLETE
4698,0.022968224528188586,0.46599758574594136,2026-07-07 14:16:07.607113,2026-07-07 14:16:14.901823,0 days 00:00:07.294710,84.24253012905898,45,COMPLETE
4699,0.01803375808123281,0.4667360618063788,2026-07-07 14:16:07.928464,2026-07-07 14:16:19.332544,0 days 00:00:11.404080,25.987643198775793,45,COMPLETE
4700,0.024230603724706756,0.4657431768261527,2026-07-07 14:16:08.251309,2026-07-07 14:16:18.900990,0 days 00:00:10.649681,89.49992596244971,45,COMPLETE
4701,0.020455401807394358,0.46624498517179014,2026-07-07 14:16:08.797768,2026-07-07 14:16:15.966026,0 days 00:00:07.168258,73.46807992057727,45,COMPLETE
4702,0.02070236430631972,0.4662557117072856,2026-07-07 14:16:08.800682,2026-07-07 14:16:19.714056,0 days 00:00:10.913374,66.46672626995272,45,COMPLETE
4703,0.015606632549380939,0.46731665778033843,2026-07-07 14:16:08.801524,2026-07-07 14:16:15.963661,0 days 00:00:07.162137,47.0003572532212,45,COMPLETE
4704,0.01779155725157988,0.4666830057457031,2026-07-07 14:16:08.804592,2026-07-07 14:16:20.818662,0 days 00:00:12.014070,23.890374400513615,45,COMPLETE
4705,0.015429607435659243,0.4671253642768459,2026-07-07 14:16:08.806877,2026-07-07 14:16:19.505478,0 days 00:00:10.698601,38.042207695362755,45,COMPLETE
4706,0.022005215493365038,0.46605235387580657,2026-07-07 14:16:08.813873,2026-07-07 14:16:13.535617,0 days 00:00:04.721744,65.70877806779446,45,COMPLETE
4707,0.02751247436817933,0.46413453688780215,2026-07-07 14:16:08.814602,2026-07-07 14:16:12.020294,0 days 00:00:03.205692,1.0194152825565312,45,COMPLETE
4708,0.016314481209055487,0.467123999049986,2026-07-07 14:16:08.819813,2026-07-07 14:16:19.557255,0 days 00:00:10.737442,24.164461696656893,45,COMPLETE
4709,0.007869770253735697,0.46836479382868373,2026-07-07 14:16:08.822557,2026-07-07 14:16:17.437366,0 days 00:00:08.614809,14.031395633732647,45,COMPLETE
4710,0.00990536201797898,0.46797436698277295,2026-07-07 14:16:08.824443,2026-07-07 14:16:17.932430,0 days 00:00:09.107987,15.848465499947727,45,COMPLETE
4711,0.025090807129394432,0.46568260947016216,2026-07-07 14:16:08.831398,2026-07-07 14:16:19.100068,0 days 00:00:10.268670,97.41258082407349,45,COMPLETE
4712,0.025052400614287207,0.46568359686113253,2026-07-07 14:16:08.842450,2026-07-07 14:16:19.314866,0 days 00:00:10.472416,93.39267919020831,45,COMPLETE
4713,0.01456155539702153,0.46729034737744146,2026-07-07 14:16:08.999151,2026-07-07 14:16:19.519040,0 days 00:00:10.519889,29.42645578125501,45,COMPLETE
4714,0.020146098137203694,0.4663799593997241,2026-07-07 14:16:09.178390,2026-07-07 14:16:19.553708,0 days 00:00:10.375318,55.5511196153446,45,COMPLETE
4715,0.019668500328899774,0.46638331809376865,2026-07-07 14:16:09.492422,2026-07-07 14:16:14.905415,0 days 00:00:05.412993,57.997832282215846,45,COMPLETE
4716,0.023146648847657103,0.4659846541937219,2026-07-07 14:16:09.803922,2026-07-07 14:16:19.521108,0 days 00:00:09.717186,85.22349679003351,45,COMPLETE
4717,0.01695510698990721,0.466899621684482,2026-07-07 14:16:09.820346,2026-07-07 14:16:19.513726,0 days 00:00:09.693380,37.3783228692554,45,COMPLETE
4718,0.013609596669261481,0.46757614228750344,2026-07-07 14:16:09.822556,2026-07-07 14:16:14.410250,0 days 00:00:04.587694,25.748098321317876,45,COMPLETE
4719,0.017150590610125416,0.46707034443927103,2026-07-07 14:16:09.835928,2026-07-07 14:16:22.255042,0 days 00:00:12.419114,35.07773640926135,45,COMPLETE
4720,0.02030005074357366,0.4662687921472156,2026-07-07 14:16:10.162711,2026-07-07 14:16:21.016591,0 days 00:00:10.853880,73.76914838664933,45,COMPLETE
4721,0.02198107793987497,0.46608295504133235,2026-07-07 14:16:10.172166,2026-07-07 14:16:19.552952,0 days 00:00:09.380786,64.72449435603637,45,COMPLETE
4722,0.017494962789333768,0.4669795919121225,2026-07-07 14:16:10.331664,2026-07-07 14:16:21.395060,0 days 00:00:11.063396,43.95047176155391,45,COMPLETE
4723,0.017727157861385734,0.4667669046801266,2026-07-07 14:16:10.679394,2026-07-07 14:16:27.310856,0 days 00:00:16.631462,54.012770201870175,45,COMPLETE
4724,0.017711749153482725,0.46686323063589974,2026-07-07 14:16:10.688332,2026-07-07 14:16:22.260011,0 days 00:00:11.571679,42.263645185287096,45,COMPLETE
4725,0.009068648851292604,0.4684648524587683,2026-07-07 14:16:11.019583,2026-07-07 14:16:22.246657,0 days 00:00:11.227074,15.96668559592788,45,COMPLETE
4726,0.017387688969062565,0.46691946226837067,2026-07-07 14:16:11.365747,2026-07-07 14:16:21.714190,0 days 00:00:10.348443,26.280433544327046,45,COMPLETE
4727,0.018883185542022896,0.466606197647933,2026-07-07 14:16:11.378340,2026-07-07 14:16:22.245983,0 days 00:00:10.867643,51.07953898934467,45,COMPLETE
4728,0.022775930216030527,0.4660090193842663,2026-07-07 14:16:11.697821,2026-07-07 14:16:19.716968,0 days 00:00:08.019147,83.0079920805083,45,COMPLETE
4729,0.01613518470633446,0.4670841021931888,2026-07-07 14:16:12.011462,2026-07-07 14:16:22.057529,0 days 00:00:10.046067,28.733901417896565,45,COMPLETE
4730,0.008834595202771578,0.46836780713640525,2026-07-07 14:16:12.016256,2026-07-07 14:16:21.738770,0 days 00:00:09.722514,16.213338349685085,45,COMPLETE
4731,0.015503674927232536,0.46724005657401246,2026-07-07 14:16:12.039467,2026-07-07 14:16:19.316380,0 days 00:00:07.276913,28.0890987061456,45,COMPLETE
4732,0.02498865143486495,0.4656927596835459,2026-07-07 14:16:12.238725,2026-07-07 14:16:23.753394,0 days 00:00:11.514669,97.8515731612905,45,COMPLETE
