number,values_0,values_1,datetime_start,datetime_complete,duration,params_input_force,system_attrs_NSGAIISampler:generation,state
3875,0.0164260824340845,0.4670928979777397,2026-07-07 14:13:45.527034,2026-07-07 14:13:56.634966,0 days 00:00:11.107932,47.4040477307869,37,COMPLETE
3876,0.019256233261864264,0.46649869532067423,2026-07-07 14:13:45.528380,2026-07-07 14:13:57.181738,0 days 00:00:11.653358,55.43317641728416,37,COMPLETE
3877,0.015450292997809922,0.4672456546040318,2026-07-07 14:13:45.691958,2026-07-07 14:13:56.645209,0 days 00:00:10.953251,26.349438973432935,37,COMPLETE
3878,0.02468280413313484,0.4657328645147033,2026-07-07 14:13:45.692129,2026-07-07 14:13:57.179332,0 days 00:00:11.487203,98.47741211533328,37,COMPLETE
3879,0.024507512064302628,0.46575430679520663,2026-07-07 14:13:46.011344,2026-07-07 14:13:51.808492,0 days 00:00:05.797148,99.00515640006618,37,COMPLETE
3880,0.009783858915764665,0.4681009129679129,2026-07-07 14:13:47.933525,2026-07-07 14:13:58.044844,0 days 00:00:10.111319,12.392420714500648,37,COMPLETE
3881,0.02463402347451593,0.4657392755667402,2026-07-07 14:13:48.791107,2026-07-07 14:14:00.131364,0 days 00:00:11.340257,98.59365218796563,37,COMPLETE
3882,0.01676997563878707,0.4668608342066424,2026-07-07 14:13:49.368319,2026-07-07 14:13:59.707114,0 days 00:00:10.338795,38.34154601028969,37,COMPLETE
3883,0.013868477365610865,0.467605658374749,2026-07-07 14:13:49.743789,2026-07-07 14:14:00.146665,0 days 00:00:10.402876,21.942355769052263,37,COMPLETE
3884,0.02211612251671996,0.46610695354392356,2026-07-07 14:13:49.758916,2026-07-07 14:13:57.836614,0 days 00:00:08.077698,64.2766819579985,37,COMPLETE
3885,0.01166149090616686,0.46797520389645597,2026-07-07 14:13:49.761817,2026-07-07 14:13:53.821758,0 days 00:00:04.059941,18.430363173422915,37,COMPLETE
3886,0.015946083642137343,0.46703527152226343,2026-07-07 14:13:49.769709,2026-07-07 14:14:05.311615,0 days 00:00:15.541906,52.754741994432074,37,COMPLETE
3887,0.016581620056816015,0.46703796543875936,2026-07-07 14:13:49.772849,2026-07-07 14:14:02.347060,0 days 00:00:12.574211,36.44071034185203,37,COMPLETE
3888,0.02704464267672757,0.46457766227075264,2026-07-07 14:13:49.931100,2026-07-07 14:14:00.182868,0 days 00:00:10.251768,1.7325971618497036,37,COMPLETE
3889,0.01660874048030314,0.46688287127273737,2026-07-07 14:13:50.571305,2026-07-07 14:13:58.040406,0 days 00:00:07.469101,23.56454239571146,37,COMPLETE
3890,0.023169041748417107,0.4659816604931113,2026-07-07 14:13:50.574165,2026-07-07 14:14:00.127161,0 days 00:00:09.552996,85.33797475825656,37,COMPLETE
3891,0.019771391439474928,0.46631068018128785,2026-07-07 14:13:50.575531,2026-07-07 14:13:56.461409,0 days 00:00:05.885878,75.50816363126418,37,COMPLETE
3892,0.020591554485106578,0.4662163639064639,2026-07-07 14:13:50.733172,2026-07-07 14:14:00.344785,0 days 00:00:09.611613,73.18993205460642,37,COMPLETE
3893,0.025248558832680512,0.465664199654332,2026-07-07 14:13:51.045959,2026-07-07 14:14:00.152070,0 days 00:00:09.106111,94.31267228228299,37,COMPLETE
3894,0.017618203973969515,0.46678131811748547,2026-07-07 14:13:51.356769,2026-07-07 14:14:01.340410,0 days 00:00:09.983641,54.75657736135113,37,COMPLETE
3895,0.02490591571873141,0.46569836368376716,2026-07-07 14:13:51.512996,2026-07-07 14:13:59.360156,0 days 00:00:07.847160,92.85515133156179,37,COMPLETE
3896,0.054418872505956895,0.459835962516625,2026-07-07 14:13:51.517248,2026-07-07 14:14:00.345575,0 days 00:00:08.828327,0.9110204089731576,37,COMPLETE
3897,0.025395856993207233,0.46564645233595975,2026-07-07 14:13:51.518183,2026-07-07 14:14:00.180941,0 days 00:00:08.662758,95.07506284910748,37,COMPLETE
3898,0.024849617065283547,0.4657025151461534,2026-07-07 14:13:51.521293,2026-07-07 14:13:59.371878,0 days 00:00:07.850585,92.68808330925889,37,COMPLETE
3899,0.016524578672065138,0.4671611915723968,2026-07-07 14:13:51.526565,2026-07-07 14:14:02.444397,0 days 00:00:10.917832,46.55850546532011,37,COMPLETE
3900,0.01017971272794449,0.46795100618532676,2026-07-07 14:13:51.535676,2026-07-07 14:13:53.813159,0 days 00:00:02.277483,9.82758295265387,37,COMPLETE
3901,0.016612944529153573,0.4671446256985393,2026-07-07 14:13:51.541669,2026-07-07 14:13:57.172686,0 days 00:00:05.631017,46.397627749923785,37,COMPLETE
3902,0.017322162139482955,0.46702126993029425,2026-07-07 14:13:51.558159,2026-07-07 14:14:02.993053,0 days 00:00:11.434894,24.02503978482872,37,COMPLETE
3903,0.02215678276422456,0.46609737768716364,2026-07-07 14:13:51.741143,2026-07-07 14:14:02.401862,0 days 00:00:10.660719,64.3018254367253,37,COMPLETE
3904,0.02193892657494767,0.4660948452402057,2026-07-07 14:13:51.758704,2026-07-07 14:14:02.448868,0 days 00:00:10.690164,80.94655908294942,37,COMPLETE
3905,0.009562054644309814,0.4683783219367128,2026-07-07 14:13:51.794248,2026-07-07 14:14:02.376839,0 days 00:00:10.582591,18.588224104802105,38,COMPLETE
3906,0.012670840099540892,0.46753049442536115,2026-07-07 14:13:51.807430,2026-07-07 14:13:57.174261,0 days 00:00:05.366831,18.39675041679312,38,COMPLETE
3907,0.016121411147740683,0.4670536131769361,2026-07-07 14:13:51.807965,2026-07-07 14:14:06.738139,0 days 00:00:14.930174,37.33456008152345,38,COMPLETE
3908,0.0066854027982896636,0.46910985403041805,2026-07-07 14:13:51.811634,2026-07-07 14:13:57.173434,0 days 00:00:05.361800,5.662441906163617,38,COMPLETE
3909,0.016344579197313858,0.46696572847820844,2026-07-07 14:13:51.816110,2026-07-07 14:13:56.266060,0 days 00:00:04.449950,35.36346372834882,38,COMPLETE
3910,0.022238102986099184,0.4660763601518185,2026-07-07 14:13:51.816399,2026-07-07 14:14:02.396173,0 days 00:00:10.579774,64.37456122457014,38,COMPLETE
3911,0.014560777800564917,0.4670155368714251,2026-07-07 14:13:52.607009,2026-07-07 14:14:03.179337,0 days 00:00:10.572328,6.797826450050732,38,COMPLETE
3912,0.02140959336166537,0.46615749886109487,2026-07-07 14:13:52.919918,2026-07-07 14:14:02.620704,0 days 00:00:09.700786,79.78509287757691,38,COMPLETE
3913,0.017603616941426203,0.4668683668039745,2026-07-07 14:13:52.920235,2026-07-07 14:14:06.244820,0 days 00:00:13.324585,40.24441794639832,38,COMPLETE
3914,0.022179312289461295,0.4660271099432434,2026-07-07 14:13:52.922858,2026-07-07 14:14:03.014464,0 days 00:00:10.091606,69.10027498795253,38,COMPLETE
3915,0.025280407456745535,0.46565777886267257,2026-07-07 14:13:52.925232,2026-07-07 14:14:03.341411,0 days 00:00:10.416179,96.54056080370894,38,COMPLETE
3916,0.019663339996666862,0.4663933172992467,2026-07-07 14:13:52.927468,2026-07-07 14:14:03.007986,0 days 00:00:10.080518,58.04346012605543,38,COMPLETE
3917,0.01697106461079312,0.46694276197581197,2026-07-07 14:13:53.084478,2026-07-07 14:14:03.347066,0 days 00:00:10.262588,25.84190804429092,38,COMPLETE
3918,0.018729237912012642,0.4665227234906476,2026-07-07 14:13:53.261915,2026-07-07 14:14:02.615822,0 days 00:00:09.353907,57.07972379656512,38,COMPLETE
3919,0.02156159246722117,0.46612910518342865,2026-07-07 14:13:53.420686,2026-07-07 14:13:56.641790,0 days 00:00:03.221104,66.00211813470268,38,COMPLETE
3920,0.024207674182939676,0.46575318558131606,2026-07-07 14:13:53.425572,2026-07-07 14:14:02.429263,0 days 00:00:09.003691,89.08305122760439,38,COMPLETE
3921,0.013127781400894378,0.46731604715746633,2026-07-07 14:13:53.435320,2026-07-07 14:14:03.020868,0 days 00:00:09.585548,7.4880747079657155,38,COMPLETE
3922,0.00943011238642849,0.46821513628975686,2026-07-07 14:13:53.457922,2026-07-07 14:14:03.531957,0 days 00:00:10.074035,18.021890857373773,38,COMPLETE
3923,0.15793020573200084,0.44610857553985045,2026-07-07 14:13:53.458189,2026-07-07 14:14:03.013695,0 days 00:00:09.555506,0.2792909356622811,38,COMPLETE
3924,0.016746529441041713,0.4669253493526985,2026-07-07 14:13:53.989951,2026-07-07 14:14:05.316966,0 days 00:00:11.327015,38.19325715362574,38,COMPLETE
3925,0.0237968317321266,0.4658572836576222,2026-07-07 14:13:55.244520,2026-07-07 14:14:00.342187,0 days 00:00:05.097667,87.61317520715532,38,COMPLETE
3926,0.01865028250668105,0.46682549137036145,2026-07-07 14:13:55.248314,2026-07-07 14:14:06.767004,0 days 00:00:11.518690,59.63056135399574,38,COMPLETE
3927,0.02468914191611693,0.46569834925344994,2026-07-07 14:13:55.424968,2026-07-07 14:14:05.697266,0 days 00:00:10.272298,91.76946377191298,38,COMPLETE
3928,0.01760815357493406,0.466783098219725,2026-07-07 14:13:56.069231,2026-07-07 14:14:05.891680,0 days 00:00:09.822449,54.65688318029726,38,COMPLETE
3929,0.020538629907766004,0.4663198409378255,2026-07-07 14:13:56.226408,2026-07-07 14:14:06.748941,0 days 00:00:10.522533,77.45455200081364,38,COMPLETE
3930,0.022690704469122247,0.4660101863280499,2026-07-07 14:13:56.229095,2026-07-07 14:14:02.387123,0 days 00:00:06.158028,82.5162674334211,38,COMPLETE
3931,0.01265474347384854,0.46748805246799835,2026-07-07 14:13:56.243791,2026-07-07 14:14:07.914433,0 days 00:00:11.670642,15.021201653439656,38,COMPLETE
3932,0.02538204829541668,0.4656482467206234,2026-07-07 14:13:56.254639,2026-07-07 14:14:06.069263,0 days 00:00:09.814624,94.97161379362267,38,COMPLETE
3933,0.018981695404373833,0.46653716687950497,2026-07-07 14:13:56.469264,2026-07-07 14:14:00.346129,0 days 00:00:03.876865,53.87317633911803,38,COMPLETE
3934,0.024733648586525048,0.46569768444050863,2026-07-07 14:13:56.848899,2026-07-07 14:14:07.281608,0 days 00:00:10.432709,91.99683959448114,38,COMPLETE
3935,0.024561773167812384,0.4657075895602106,2026-07-07 14:13:57.182136,2026-07-07 14:14:08.773115,0 days 00:00:11.590979,91.33400306844459,38,COMPLETE
3936,0.0159905241968597,0.46686419040515703,2026-07-07 14:13:57.833750,2026-07-07 14:14:09.308413,0 days 00:00:11.474663,3.7193856278741726,38,COMPLETE
3937,0.012238600754282458,0.4675292948001426,2026-07-07 14:13:57.845349,2026-07-07 14:14:04.683273,0 days 00:00:06.837924,18.644955922721195,38,COMPLETE
3938,0.009710871829021306,0.4684755523311781,2026-07-07 14:13:57.845541,2026-07-07 14:14:08.766705,0 days 00:00:10.921164,16.914854451754973,38,COMPLETE
3939,0.017340625872567683,0.4669074434198852,2026-07-07 14:13:57.861895,2026-07-07 14:14:10.137308,0 days 00:00:12.275413,48.66005679099751,38,COMPLETE
3940,0.01878597103908236,0.46653663003064705,2026-07-07 14:13:57.870199,2026-07-07 14:14:09.126978,0 days 00:00:11.256779,53.89912155815699,38,COMPLETE
3941,0.015345697376846823,0.4670417910951178,2026-07-07 14:13:58.035756,2026-07-07 14:14:05.879133,0 days 00:00:07.843377,5.52641439353694,38,COMPLETE
3942,0.015051260038133674,0.46707271466459566,2026-07-07 14:13:58.201331,2026-07-07 14:14:08.764494,0 days 00:00:10.563163,7.010651729410672,38,COMPLETE
3943,0.023613432024594594,0.46588020259721696,2026-07-07 14:13:58.520472,2026-07-07 14:14:09.294435,0 days 00:00:10.773963,87.00308144817107,38,COMPLETE
3944,0.011527209217156498,0.46764117501382907,2026-07-07 14:13:58.990529,2026-07-07 14:14:06.571183,0 days 00:00:07.580654,7.165623948715438,38,COMPLETE
3945,0.01585706766542916,0.46712333122533956,2026-07-07 14:13:59.160727,2026-07-07 14:14:07.090030,0 days 00:00:07.929303,52.39163317617992,38,COMPLETE
3946,0.014952863274501738,0.46735766445807203,2026-07-07 14:13:59.326405,2026-07-07 14:14:09.119095,0 days 00:00:09.792690,19.755813957349343,38,COMPLETE
3947,0.021931398621830966,0.46607147440324015,2026-07-07 14:13:59.352596,2026-07-07 14:14:14.182632,0 days 00:00:14.830036,68.73815255981484,38,COMPLETE
3948,0.014786897687015577,0.4674610457051377,2026-07-07 14:13:59.355539,2026-07-07 14:14:06.752819,0 days 00:00:07.397280,46.746726174408614,38,COMPLETE
3949,0.017542166957590366,0.4668121769945493,2026-07-07 14:13:59.705030,2026-07-07 14:14:12.844206,0 days 00:00:13.139176,36.50371686771245,38,COMPLETE
3950,0.021204120493774126,0.466199362085779,2026-07-07 14:14:00.154779,2026-07-07 14:14:10.140911,0 days 00:00:09.986132,61.15513242224363,38,COMPLETE
3951,0.01643884947166857,0.467087788176092,2026-07-07 14:14:00.176329,2026-07-07 14:14:09.303850,0 days 00:00:09.127521,47.39584568087161,38,COMPLETE
3952,0.012314009303051987,0.46775241703989356,2026-07-07 14:14:00.356055,2026-07-07 14:14:07.288822,0 days 00:00:06.932767,30.305960874395055,38,COMPLETE
3953,0.024214901583352044,0.46574145292097113,2026-07-07 14:14:01.181726,2026-07-07 14:14:09.294573,0 days 00:00:08.112847,89.89008929706392,38,COMPLETE
3954,0.02103661953611574,0.4663976944306207,2026-07-07 14:14:01.346343,2026-07-07 14:14:06.072887,0 days 00:00:04.726544,63.51071534578608,38,COMPLETE
3955,0.020740463230858985,0.46622868534427037,2026-07-07 14:14:01.349203,2026-07-07 14:14:07.604567,0 days 00:00:06.255364,71.20535941777248,38,COMPLETE
3956,0.0197700446117004,0.46631099781279306,2026-07-07 14:14:01.357186,2026-07-07 14:14:09.660559,0 days 00:00:08.303373,75.69595679116203,38,COMPLETE
3957,0.01739098697311764,0.4668486682688337,2026-07-07 14:14:01.520236,2026-07-07 14:14:11.261847,0 days 00:00:09.741611,39.9743120229124,38,COMPLETE
3958,0.01931188770519565,0.46623233125248964,2026-07-07 14:14:01.862757,2026-07-07 14:14:06.053379,0 days 00:00:04.190622,2.427170772961751,38,COMPLETE
3959,0.015402508560763417,0.4672361037069558,2026-07-07 14:14:01.869883,2026-07-07 14:14:09.293761,0 days 00:00:07.423878,46.85758853595074,38,COMPLETE
3960,0.016171486896826515,0.46694982268674545,2026-07-07 14:14:02.031348,2026-07-07 14:14:12.310116,0 days 00:00:10.278768,29.02067151430293,38,COMPLETE
3961,0.022379448510677635,0.4660412361808006,2026-07-07 14:14:02.190507,2026-07-07 14:14:12.230671,0 days 00:00:10.040164,81.79996055735415,38,COMPLETE
3962,0.016943025943457535,0.46704350474653183,2026-07-07 14:14:02.389940,2026-07-07 14:14:10.316373,0 days 00:00:07.926433,42.83258854314504,38,COMPLETE
3963,0.024123061714095506,0.46574762320869917,2026-07-07 14:14:02.391735,2026-07-07 14:14:12.335362,0 days 00:00:09.943627,90.50840298924699,38,COMPLETE
3964,0.011745791771501424,0.46762862640063696,2026-07-07 14:14:02.399632,2026-07-07 14:14:09.642307,0 days 00:00:07.242675,9.34913185927292,38,COMPLETE
3965,0.010011713090476437,0.4683676819981346,2026-07-07 14:14:02.411105,2026-07-07 14:14:12.868365,0 days 00:00:10.457260,6.730224313020968,38,COMPLETE
3966,0.0204921374669933,0.46623659186042643,2026-07-07 14:14:02.434562,2026-07-07 14:14:14.770183,0 days 00:00:12.335621,73.36285395619088,38,COMPLETE
3967,0.017902341114165776,0.4663342823052564,2026-07-07 14:14:02.618296,2026-07-07 14:14:12.834283,0 days 00:00:10.215987,2.853046478692634,38,COMPLETE
3968,0.020458488174517786,0.46624411457769255,2026-07-07 14:14:02.648081,2026-07-07 14:14:12.663226,0 days 00:00:10.015145,73.4346973300456,38,COMPLETE
3969,0.01708155626496144,0.46704512258531367,2026-07-07 14:14:02.805885,2026-07-07 14:14:12.865891,0 days 00:00:10.060006,40.19306653794217,38,COMPLETE
3970,0.015145531830027537,0.4671811608886577,2026-07-07 14:14:02.809891,2026-07-07 14:14:06.746822,0 days 00:00:03.936931,30.552935149554347,38,COMPLETE
3971,0.011943282263452537,0.4678930903424311,2026-07-07 14:14:02.826143,2026-07-07 14:14:12.836679,0 days 00:00:10.010536,19.697203155930925,38,COMPLETE
3972,0.020558048046741384,0.46625483027014625,2026-07-07 14:14:02.982665,2026-07-07 14:14:12.826777,0 days 00:00:09.844112,71.68502832142653,38,COMPLETE
3973,0.015406130313099509,0.4671860055450724,2026-07-07 14:14:03.022629,2026-07-07 14:14:14.957008,0 days 00:00:11.934379,53.19118576210965,38,COMPLETE
3974,0.020616117528905242,0.4662272747589678,2026-07-07 14:14:03.333611,2026-07-07 14:14:14.595584,0 days 00:00:11.261973,72.88272586007845,38,COMPLETE
3975,0.012619267338549234,0.46743034143993134,2026-07-07 14:14:03.339598,2026-07-07 14:14:13.036490,0 days 00:00:09.696892,8.958431052868779,38,COMPLETE
3976,0.02048927158620306,0.4662931772260794,2026-07-07 14:14:03.506437,2026-07-07 14:14:09.304564,0 days 00:00:05.798127,76.66639105243827,38,COMPLETE
3977,0.020454133587730683,0.46634550735269475,2026-07-07 14:14:03.520983,2026-07-07 14:14:12.848583,0 days 00:00:09.327600,61.26998264922263,38,COMPLETE
3978,0.024104672851120723,0.4657501185253678,2026-07-07 14:14:03.694233,2026-07-07 14:14:14.770516,0 days 00:00:11.076283,90.55711158722805,38,COMPLETE
3979,0.01925714394818312,0.46655366958837824,2026-07-07 14:14:03.694482,2026-07-07 14:14:13.358295,0 days 00:00:09.663813,58.358136747640174,38,COMPLETE
3980,0.016516706002363934,0.46712379780664176,2026-07-07 14:14:03.698259,2026-07-07 14:14:12.833854,0 days 00:00:09.135595,42.225123457939226,38,COMPLETE
3981,0.01608716792921816,0.4671050237563027,2026-07-07 14:14:04.008036,2026-07-07 14:14:20.730483,0 days 00:00:16.722447,37.02506035840588,38,COMPLETE
3982,0.00985776914982689,0.46833483570228035,2026-07-07 14:14:04.341199,2026-07-07 14:14:12.334995,0 days 00:00:07.993796,26.655814410950246,38,COMPLETE
3983,0.02366874264368196,0.46586086527734677,2026-07-07 14:14:04.344203,2026-07-07 14:14:13.200674,0 days 00:00:08.856471,87.26287728517718,38,COMPLETE
3984,0.017579457953531774,0.4668248281397686,2026-07-07 14:14:04.675321,2026-07-07 14:14:17.863004,0 days 00:00:13.187683,48.492395566037445,38,COMPLETE
3985,0.02084033472962038,0.46619093483755647,2026-07-07 14:14:04.682415,2026-07-07 14:14:17.686305,0 days 00:00:13.003890,72.42355473715887,38,COMPLETE
3986,0.021397690726453367,0.4661563710369759,2026-07-07 14:14:06.081385,2026-07-07 14:14:14.177849,0 days 00:00:08.096464,68.21539635689668,38,COMPLETE
3987,0.02189887197415591,0.4660780945969169,2026-07-07 14:14:06.403913,2026-07-07 14:14:14.959606,0 days 00:00:08.555693,68.7141324560474,38,COMPLETE
3988,0.0182277180301047,0.4666774414162484,2026-07-07 14:14:06.407060,2026-07-07 14:14:18.201822,0 days 00:00:11.794762,24.459930845484788,38,COMPLETE
3989,0.02233624248903754,0.4659670369294808,2026-07-07 14:14:06.407790,2026-07-07 14:14:13.678452,0 days 00:00:07.270662,69.81835039620906,38,COMPLETE
3990,0.015993060056012476,0.466928004767,2026-07-07 14:14:06.738461,2026-07-07 14:14:15.123130,0 days 00:00:08.384669,29.163401006626092,38,COMPLETE
3991,0.015627145632954142,0.4670329361069078,2026-07-07 14:14:06.930090,2026-07-07 14:14:20.705038,0 days 00:00:13.774948,29.012344320404296,38,COMPLETE
3992,0.02061098513010612,0.46623897050956176,2026-07-07 14:14:06.932489,2026-07-07 14:14:17.873741,0 days 00:00:10.941252,71.99768922230132,38,COMPLETE
3993,0.008057195204179357,0.46842179540778844,2026-07-07 14:14:07.089787,2026-07-07 14:14:14.770668,0 days 00:00:07.680881,9.550214434429003,38,COMPLETE
3994,0.019415123732689388,0.46649395709448943,2026-07-07 14:14:07.098339,2026-07-07 14:14:17.668669,0 days 00:00:10.570330,58.23308723468112,38,COMPLETE
3995,0.01813131010177793,0.4666890233511906,2026-07-07 14:14:07.103968,2026-07-07 14:14:12.829060,0 days 00:00:05.725092,55.171834071959985,38,COMPLETE
3996,0.025209581127323966,0.4656682479940312,2026-07-07 14:14:07.273439,2026-07-07 14:14:14.957677,0 days 00:00:07.684238,94.1404939240943,38,COMPLETE
3997,0.006017735519611933,0.46920999087664694,2026-07-07 14:14:07.914630,2026-07-07 14:14:17.494681,0 days 00:00:09.580051,4.950017678830945,38,COMPLETE
3998,0.012379691506436197,0.46765126279304836,2026-07-07 14:14:07.922500,2026-07-07 14:14:17.694904,0 days 00:00:09.772404,33.07490898159976,38,COMPLETE
3999,0.02528163000257383,0.46566051661491964,2026-07-07 14:14:08.085268,2026-07-07 14:14:17.697077,0 days 00:00:09.611809,94.45876212190612,38,COMPLETE
4000,0.022945850964896153,0.46599467672170664,2026-07-07 14:14:08.087637,2026-07-07 14:14:17.481661,0 days 00:00:09.394024,83.96477549549346,38,COMPLETE
4001,0.00812985562055163,0.4684918349978709,2026-07-07 14:14:08.278978,2026-07-07 14:14:15.119066,0 days 00:00:06.840088,10.425431026442322,38,COMPLETE
4002,0.028661702845092785,0.46435712447466937,2026-07-07 14:14:08.438349,2026-07-07 14:14:16.773202,0 days 00:00:08.334853,1.6625371813847512,38,COMPLETE
4003,0.009513096885666983,0.46823700749593705,2026-07-07 14:14:08.442509,2026-07-07 14:14:17.879421,0 days 00:00:09.436912,9.349495081067099,38,COMPLETE
4004,0.013584033400748485,0.4674576195048206,2026-07-07 14:14:08.769320,2026-07-07 14:14:17.502889,0 days 00:00:08.733569,32.82761990604321,38,COMPLETE
4005,0.01919193940162206,0.4667200228844264,2026-07-07 14:14:08.787351,2026-07-07 14:14:20.165312,0 days 00:00:11.377961,24.180139435265318,38,COMPLETE
4006,0.018859500704495602,0.466300418927152,2026-07-07 14:14:08.790354,2026-07-07 14:14:21.408381,0 days 00:00:12.618027,2.501282041103288,38,COMPLETE
4007,0.024680366761103023,0.4657331894224328,2026-07-07 14:14:08.798097,2026-07-07 14:14:20.534081,0 days 00:00:11.735984,98.48290012449873,38,COMPLETE
4008,0.01803824369552287,0.46670633357171565,2026-07-07 14:14:09.468521,2026-07-07 14:14:16.788799,0 days 00:00:07.320278,27.00365634941089,39,COMPLETE
4009,0.023517632988196036,0.4659057115547935,2026-07-07 14:14:09.650021,2026-07-07 14:14:20.716054,0 days 00:00:11.066033,86.70906155342662,39,COMPLETE
4010,0.015569397416018038,0.467120516307454,2026-07-07 14:14:09.652060,2026-07-07 14:14:17.464982,0 days 00:00:07.812922,52.68110796364825,39,COMPLETE
4011,0.012509889031727228,0.4680813072564082,2026-07-07 14:14:09.974472,2026-07-07 14:14:21.580219,0 days 00:00:11.605747,21.6160046268392,39,COMPLETE
4012,0.02109295929196553,0.46617777389112797,2026-07-07 14:14:10.146305,2026-07-07 14:14:20.733069,0 days 00:00:10.586764,60.179762220021765,39,COMPLETE
4013,0.015560490446885178,0.46721104718820206,2026-07-07 14:14:10.149829,2026-07-07 14:14:22.318695,0 days 00:00:12.168866,52.11507558114411,39,COMPLETE
4014,0.02422950977555871,0.4657443476503803,2026-07-07 14:14:10.305555,2026-07-07 14:14:16.588380,0 days 00:00:06.282825,89.40553617166785,39,COMPLETE
4015,0.02423576514595477,0.46574689810766984,2026-07-07 14:14:10.311756,2026-07-07 14:14:17.506570,0 days 00:00:07.194814,89.22009293711338,39,COMPLETE
4016,0.012827251593281075,0.4674200028808743,2026-07-07 14:14:10.316670,2026-07-07 14:14:21.068764,0 days 00:00:10.752094,11.701925945888851,39,COMPLETE
4017,0.015575995317684777,0.46717098136112245,2026-07-07 14:14:10.316887,2026-07-07 14:14:20.699933,0 days 00:00:10.383046,37.98086327385866,39,COMPLETE
