number,values_0,values_1,datetime_start,datetime_complete,duration,params_input_force,system_attrs_NSGAIISampler:generation,state
3446,0.015071357721284817,0.4669936301144224,2026-07-07 14:12:34.051336,2026-07-07 14:12:37.099474,0 days 00:00:03.048138,5.951611001322457,33,COMPLETE
3447,0.01653310730118379,0.46720150244107717,2026-07-07 14:12:34.247489,2026-07-07 14:12:44.372056,0 days 00:00:10.124567,22.589568496769903,33,COMPLETE
3448,0.02480370833269885,0.4657037522746062,2026-07-07 14:12:34.249212,2026-07-07 14:12:40.359593,0 days 00:00:06.110381,92.50663244637667,33,COMPLETE
3449,0.01563156440033603,0.46710522605804333,2026-07-07 14:12:34.407403,2026-07-07 14:12:44.654925,0 days 00:00:10.247522,30.47021712263239,33,COMPLETE
3450,0.024483671587709865,0.46575649752519765,2026-07-07 14:12:34.414807,2026-07-07 14:12:45.139735,0 days 00:00:10.724928,99.13059694247794,33,COMPLETE
3451,0.018649706725193782,0.4667516486087333,2026-07-07 14:12:34.574008,2026-07-07 14:12:44.651319,0 days 00:00:10.077311,44.822763988918716,33,COMPLETE
3452,0.01921898511141612,0.4665735167966183,2026-07-07 14:12:34.908508,2026-07-07 14:12:45.143909,0 days 00:00:10.235401,58.39646460843262,33,COMPLETE
3453,0.01795653448137391,0.46681047417391,2026-07-07 14:12:34.929889,2026-07-07 14:12:38.110349,0 days 00:00:03.180460,26.87107054599641,33,COMPLETE
3454,0.02286583326868291,0.46599857656441324,2026-07-07 14:12:34.939334,2026-07-07 14:12:45.471096,0 days 00:00:10.531762,83.48595751868166,33,COMPLETE
3455,0.017253530762524172,0.46697803297259416,2026-07-07 14:12:34.939560,2026-07-07 14:12:46.715207,0 days 00:00:11.775647,50.15874768901837,33,COMPLETE
3456,0.019547965582832227,0.46638531793870636,2026-07-07 14:12:34.944363,2026-07-07 14:12:45.837727,0 days 00:00:10.893364,74.38391637955615,33,COMPLETE
3457,0.016631878302804104,0.46703488207203175,2026-07-07 14:12:35.103117,2026-07-07 14:12:46.921233,0 days 00:00:11.818116,24.329151180695046,33,COMPLETE
3458,0.020807452421850614,0.4662467709770853,2026-07-07 14:12:35.108136,2026-07-07 14:12:40.175720,0 days 00:00:05.067584,66.33311995040923,33,COMPLETE
3459,0.023889753534692637,0.46583853486979415,2026-07-07 14:12:35.117974,2026-07-07 14:12:46.544953,0 days 00:00:11.426979,87.74597072318763,33,COMPLETE
3460,0.018423704562771315,0.4662931928032362,2026-07-07 14:12:35.437385,2026-07-07 14:12:45.841907,0 days 00:00:10.404522,3.0029910346460453,33,COMPLETE
3461,0.01650385017522127,0.46720203907957697,2026-07-07 14:12:35.603700,2026-07-07 14:12:41.860770,0 days 00:00:06.257070,43.79163790411235,33,COMPLETE
3462,0.020293385605373804,0.4663131769091531,2026-07-07 14:12:35.606781,2026-07-07 14:12:44.354000,0 days 00:00:08.747219,77.31900082574168,33,COMPLETE
3463,0.022108379300293635,0.46607398224552965,2026-07-07 14:12:35.768267,2026-07-07 14:12:44.486806,0 days 00:00:08.718539,81.27775828114753,33,COMPLETE
3464,0.01654968651256733,0.4671334052643217,2026-07-07 14:12:35.936340,2026-07-07 14:12:50.357622,0 days 00:00:14.421282,23.015667180402463,33,COMPLETE
3465,0.023575122619922673,0.4658907835659336,2026-07-07 14:12:36.093106,2026-07-07 14:12:50.009083,0 days 00:00:13.915977,86.8551731570353,33,COMPLETE
3466,0.00886454052771446,0.4684319289085356,2026-07-07 14:12:36.719365,2026-07-07 14:12:48.350563,0 days 00:00:11.631198,5.419960030669321,33,COMPLETE
3467,0.019036803512000267,0.46657167760041296,2026-07-07 14:12:36.724831,2026-07-07 14:12:42.558819,0 days 00:00:05.833988,28.17922408012159,33,COMPLETE
3468,0.020658258096763804,0.4662840261271211,2026-07-07 14:12:36.890511,2026-07-07 14:12:47.717755,0 days 00:00:10.827244,60.470927642096704,33,COMPLETE
3469,0.006695824520758231,0.46867742456159706,2026-07-07 14:12:37.113462,2026-07-07 14:12:46.727406,0 days 00:00:09.613944,10.31661182575779,33,COMPLETE
3470,0.013515617094213783,0.4670143526282084,2026-07-07 14:12:37.448344,2026-07-07 14:12:50.551849,0 days 00:00:13.103505,19.174041066501523,33,COMPLETE
3471,0.024799146090795754,0.4657037212453815,2026-07-07 14:12:38.106276,2026-07-07 14:12:51.218124,0 days 00:00:13.111848,92.48464515318591,33,COMPLETE
3472,0.02442749284718304,0.46576060781943734,2026-07-07 14:12:38.115798,2026-07-07 14:12:46.018438,0 days 00:00:07.902640,99.66720069682395,33,COMPLETE
3473,0.023312821754041924,0.4659577990440278,2026-07-07 14:12:38.124717,2026-07-07 14:12:51.250991,0 days 00:00:13.126274,85.99959994540063,33,COMPLETE
3474,0.02505989648481244,0.4656828436630931,2026-07-07 14:12:38.765661,2026-07-07 14:12:49.826853,0 days 00:00:11.061192,93.43158240850539,33,COMPLETE
3475,0.01619659037579202,0.46726621932524315,2026-07-07 14:12:38.767887,2026-07-07 14:12:44.188791,0 days 00:00:05.420904,22.13045251876647,33,COMPLETE
3476,0.016583909935467045,0.4669321045243999,2026-07-07 14:12:39.130567,2026-07-07 14:12:46.924764,0 days 00:00:07.794197,19.34478480949576,33,COMPLETE
3477,0.025326929092761186,0.46565249725282604,2026-07-07 14:12:39.462549,2026-07-07 14:12:50.019363,0 days 00:00:10.556814,96.33913222221196,33,COMPLETE
3478,0.02100367952554555,0.4662349230514264,2026-07-07 14:12:39.622414,2026-07-07 14:12:51.591569,0 days 00:00:11.969155,61.17693351862789,33,COMPLETE
3479,0.020617149002787882,0.4662378762542974,2026-07-07 14:12:39.966935,2026-07-07 14:12:50.537699,0 days 00:00:10.570764,72.00298442319446,33,COMPLETE
3480,0.021050824477170493,0.4662162389080935,2026-07-07 14:12:40.142023,2026-07-07 14:12:45.456958,0 days 00:00:05.314935,67.94329062050473,33,COMPLETE
3481,0.02541099841816641,0.4656444067814007,2026-07-07 14:12:40.352053,2026-07-07 14:12:49.988605,0 days 00:00:09.636552,95.23093004155498,33,COMPLETE
3482,0.017798349350522324,0.4667035723935027,2026-07-07 14:12:40.354573,2026-07-07 14:12:50.540952,0 days 00:00:10.186379,23.89794565699563,34,COMPLETE
3483,0.0229806324139904,0.466002760964779,2026-07-07 14:12:40.545836,2026-07-07 14:12:51.424239,0 days 00:00:10.878403,84.48759800936209,34,COMPLETE
3484,0.02009703895763093,0.4663780012214634,2026-07-07 14:12:40.711480,2026-07-07 14:12:50.008558,0 days 00:00:09.297078,40.9325355096937,34,COMPLETE
3485,0.022999571235281346,0.466004112599575,2026-07-07 14:12:40.714710,2026-07-07 14:12:50.724189,0 days 00:00:10.009479,84.6519631418979,34,COMPLETE
3486,0.010573702688992048,0.46795698896221877,2026-07-07 14:12:40.716127,2026-07-07 14:12:50.547794,0 days 00:00:09.831667,11.231655861022869,34,COMPLETE
3487,0.0215437335006452,0.4661018789408883,2026-07-07 14:12:41.038838,2026-07-07 14:12:49.826671,0 days 00:00:08.787833,78.96768800038953,34,COMPLETE
3488,0.013739482839378314,0.4676357048560025,2026-07-07 14:12:41.041777,2026-07-07 14:12:50.728790,0 days 00:00:09.687013,35.875012362666375,34,COMPLETE
3489,0.02312016338079237,0.4659878991387706,2026-07-07 14:12:41.043569,2026-07-07 14:12:50.720345,0 days 00:00:09.676776,85.09333548406669,34,COMPLETE
3490,0.021135201050626273,0.4661769763852886,2026-07-07 14:12:41.044193,2026-07-07 14:12:45.841406,0 days 00:00:04.797213,70.48288342618079,34,COMPLETE
3491,0.009443260723158098,0.468224280627693,2026-07-07 14:12:41.200813,2026-07-07 14:12:52.794891,0 days 00:00:11.594078,31.023827286146958,34,COMPLETE
3492,0.018398285232046674,0.46673801880102667,2026-07-07 14:12:41.204004,2026-07-07 14:12:46.352552,0 days 00:00:05.148548,34.72694086657324,34,COMPLETE
3493,0.020132852386993194,0.4663751871501413,2026-07-07 14:12:41.209619,2026-07-07 14:12:51.419961,0 days 00:00:10.210342,23.988323439382082,34,COMPLETE
3494,0.020004511403467595,0.4665324288991788,2026-07-07 14:12:41.678597,2026-07-07 14:12:52.797887,0 days 00:00:11.119290,62.131861920325946,34,COMPLETE
3495,0.022113599613065638,0.4660527163154344,2026-07-07 14:12:41.686539,2026-07-07 14:12:44.977609,0 days 00:00:03.291070,64.921086444725,34,COMPLETE
3496,0.014933784195937383,0.46753730531140386,2026-07-07 14:12:41.693754,2026-07-07 14:12:48.353543,0 days 00:00:06.659789,22.189144646225365,34,COMPLETE
3497,0.017134597143792618,0.46691690777457473,2026-07-07 14:12:41.697453,2026-07-07 14:12:51.776035,0 days 00:00:10.078582,47.59319414428846,34,COMPLETE
3498,0.016082961394147055,0.46693572364563396,2026-07-07 14:12:41.701920,2026-07-07 14:12:46.710171,0 days 00:00:05.008251,27.412641876349902,34,COMPLETE
3499,0.004057582472613175,0.4691787546447726,2026-07-07 14:12:41.859105,2026-07-07 14:12:52.619604,0 days 00:00:10.760499,10.744240097830525,34,COMPLETE
3500,0.01165719322434644,0.4676561889226533,2026-07-07 14:12:42.022016,2026-07-07 14:12:54.113617,0 days 00:00:12.091601,13.827612416245426,34,COMPLETE
3501,0.009929999896821695,0.46814236345441435,2026-07-07 14:12:42.366108,2026-07-07 14:12:50.723191,0 days 00:00:08.357083,16.42475122622106,34,COMPLETE
3502,0.009234998717527754,0.46815976080115007,2026-07-07 14:12:42.395781,2026-07-07 14:12:51.243903,0 days 00:00:08.848122,11.358584578204734,34,COMPLETE
3503,0.015573130792878642,0.466926561076318,2026-07-07 14:12:42.744392,2026-07-07 14:12:49.830323,0 days 00:00:07.085931,5.76442681393114,34,COMPLETE
3504,0.011243302305872171,0.4678393344008593,2026-07-07 14:12:44.350005,2026-07-07 14:12:55.156323,0 days 00:00:10.806318,18.852718684056747,34,COMPLETE
3505,0.03228584337594903,0.463583039786313,2026-07-07 14:12:44.354230,2026-07-07 14:12:53.297419,0 days 00:00:08.943189,1.4351466613761188,34,COMPLETE
3506,0.0166131649432823,0.4668737100243719,2026-07-07 14:12:44.354924,2026-07-07 14:12:53.787101,0 days 00:00:09.432177,37.46951029015129,34,COMPLETE
3507,0.010312968540059697,0.46797572401925924,2026-07-07 14:12:44.376790,2026-07-07 14:12:54.783656,0 days 00:00:10.406866,17.437708236988776,34,COMPLETE
3508,0.01819934153546421,0.46684497958742854,2026-07-07 14:12:44.395546,2026-07-07 14:12:56.137983,0 days 00:00:11.742437,59.49016096463858,34,COMPLETE
3509,0.02414232201429073,0.46574576283153923,2026-07-07 14:12:44.450349,2026-07-07 14:12:55.160554,0 days 00:00:10.710205,90.439057157116,34,COMPLETE
3510,0.019107235369119013,0.46658141567181244,2026-07-07 14:12:45.454259,2026-07-07 14:12:53.628464,0 days 00:00:08.174205,40.418870756022756,34,COMPLETE
3511,0.0180537063248169,0.4667536595233431,2026-07-07 14:12:45.464770,2026-07-07 14:12:55.175858,0 days 00:00:09.711088,51.419748773481125,34,COMPLETE
3512,0.017505153374842486,0.4668006103010954,2026-07-07 14:12:45.466338,2026-07-07 14:12:58.351211,0 days 00:00:12.884873,54.83339512045989,34,COMPLETE
3513,0.023668512752041404,0.465861086655958,2026-07-07 14:12:45.480762,2026-07-07 14:12:58.374469,0 days 00:00:12.893707,87.25691291270807,34,COMPLETE
3514,0.015411555946999056,0.4671076519143327,2026-07-07 14:12:45.487763,2026-07-07 14:12:58.355269,0 days 00:00:12.867506,5.401014538996527,34,COMPLETE
3515,0.02155348103943755,0.46614183538890047,2026-07-07 14:12:45.996906,2026-07-07 14:12:55.159625,0 days 00:00:09.162719,80.20860287127927,34,COMPLETE
3516,0.019714058453664807,0.4664942768041771,2026-07-07 14:12:46.000172,2026-07-07 14:12:52.101842,0 days 00:00:06.101670,35.94076805907822,34,COMPLETE
3517,0.012343252770702362,0.4676006183258319,2026-07-07 14:12:46.004379,2026-07-07 14:12:54.963420,0 days 00:00:08.959041,18.14938643006998,34,COMPLETE
3518,0.014949755835323486,0.4673052571143239,2026-07-07 14:12:46.007918,2026-07-07 14:12:55.806666,0 days 00:00:09.798748,36.84676810417909,34,COMPLETE
3519,0.0168157801690878,0.4666935639543287,2026-07-07 14:12:46.020359,2026-07-07 14:12:56.138431,0 days 00:00:10.118072,3.1582392252123155,34,COMPLETE
3520,0.021273239225976792,0.46632964864988125,2026-07-07 14:12:46.026129,2026-07-07 14:12:57.477504,0 days 00:00:11.451375,63.82247725427542,34,COMPLETE
3521,0.011462060607500213,0.46791787587311656,2026-07-07 14:12:46.185350,2026-07-07 14:12:57.685155,0 days 00:00:11.499805,28.65997861071685,34,COMPLETE
3522,0.01645416710306985,0.46708243633168844,2026-07-07 14:12:46.359372,2026-07-07 14:12:58.736960,0 days 00:00:12.377588,47.388970234919306,34,COMPLETE
3523,0.01761243695122472,0.4667824585017809,2026-07-07 14:12:46.738670,2026-07-07 14:12:56.799131,0 days 00:00:10.060461,54.75197962919363,34,COMPLETE
3524,0.024740743215602934,0.4656986518931592,2026-07-07 14:12:46.745609,2026-07-07 14:12:58.367514,0 days 00:00:11.621905,92.05996493788945,34,COMPLETE
3525,0.01397573469693375,0.46725460917248074,2026-07-07 14:12:46.745782,2026-07-07 14:12:55.170070,0 days 00:00:08.424288,4.45824119806435,34,COMPLETE
3526,0.013984327068070901,0.4670983167126872,2026-07-07 14:12:46.904913,2026-07-07 14:12:58.367047,0 days 00:00:11.462134,7.802581503270029,34,COMPLETE
3527,0.012913224897479814,0.46751227055655453,2026-07-07 14:12:46.905208,2026-07-07 14:12:58.553381,0 days 00:00:11.648173,9.803769711204954,34,COMPLETE
3528,0.022047572124833936,0.46608022546133754,2026-07-07 14:12:46.908674,2026-07-07 14:12:55.167982,0 days 00:00:08.259308,64.60290236675145,34,COMPLETE
3529,0.008209919323621695,0.4681942580130967,2026-07-07 14:12:46.913077,2026-07-07 14:12:52.285803,0 days 00:00:05.372726,12.389295107120745,34,COMPLETE
3530,0.02446091508300252,0.46575781677461764,2026-07-07 14:12:46.926197,2026-07-07 14:12:59.416081,0 days 00:00:12.489884,99.32091950087988,34,COMPLETE
3531,0.009758918095801317,0.4679422840638883,2026-07-07 14:12:47.709393,2026-07-07 14:12:55.158146,0 days 00:00:07.448753,7.2722839984015035,34,COMPLETE
3532,0.02174449699616965,0.4660696195013317,2026-07-07 14:12:48.028027,2026-07-07 14:13:00.953805,0 days 00:00:12.925778,70.23411033302548,34,COMPLETE
3533,0.017705395181766337,0.4668758565533471,2026-07-07 14:12:48.339848,2026-07-07 14:13:00.075705,0 days 00:00:11.735857,44.612961407951516,34,COMPLETE
3534,0.011135003091758966,0.4679159256387142,2026-07-07 14:12:48.343336,2026-07-07 14:12:58.366719,0 days 00:00:10.023383,9.36873493760752,34,COMPLETE
3535,0.011411943900652588,0.46799674119140955,2026-07-07 14:12:48.347302,2026-07-07 14:12:52.802007,0 days 00:00:04.454705,15.833524447466608,34,COMPLETE
3536,0.01631640012367913,0.46676042261010686,2026-07-07 14:12:48.822739,2026-07-07 14:12:59.071981,0 days 00:00:10.249242,3.28819277632314,34,COMPLETE
3537,0.024990055394150668,0.46569261146742763,2026-07-07 14:12:48.825932,2026-07-07 14:12:58.034521,0 days 00:00:09.208589,97.84754116613347,34,COMPLETE
3538,-9.236790485289692e-05,0.4693070261894867,2026-07-07 14:12:49.303832,2026-07-07 14:13:01.834844,0 days 00:00:12.531012,5.1087312599138714,34,COMPLETE
3539,0.018074865773488158,0.46674326675980254,2026-07-07 14:12:50.548276,2026-07-07 14:12:59.067722,0 days 00:00:08.519446,51.43093204059145,34,COMPLETE
3540,0.01581072728760774,0.467140995612964,2026-07-07 14:12:50.712663,2026-07-07 14:12:58.545348,0 days 00:00:07.832685,39.57633178446993,34,COMPLETE
3541,0.01743456791850795,0.46697828690154597,2026-07-07 14:12:51.045545,2026-07-07 14:13:01.315472,0 days 00:00:10.269927,50.64572100347889,34,COMPLETE
3542,0.022729197162246972,0.46601204557037224,2026-07-07 14:12:51.207580,2026-07-07 14:12:59.238615,0 days 00:00:08.031035,82.77515649703807,34,COMPLETE
3543,0.014725210860947358,0.467394164615607,2026-07-07 14:12:51.210129,2026-07-07 14:13:01.663798,0 days 00:00:10.453669,35.17975400523689,34,COMPLETE
3544,0.012203732618542185,0.46743325247081846,2026-07-07 14:12:51.230349,2026-07-07 14:13:01.140882,0 days 00:00:09.910533,7.062551369093998,34,COMPLETE
3545,0.021208445289623012,0.4662084143356441,2026-07-07 14:12:51.230564,2026-07-07 14:13:00.942416,0 days 00:00:09.711852,61.07073533045823,34,COMPLETE
3546,0.020478726465540442,0.4662424573475628,2026-07-07 14:12:51.235112,2026-07-07 14:13:01.834330,0 days 00:00:10.599218,55.77997282670957,34,COMPLETE
3547,0.015403146450958416,0.46722714853183434,2026-07-07 14:12:51.239939,2026-07-07 14:12:56.783412,0 days 00:00:05.543473,52.021614495399504,34,COMPLETE
3548,0.021768533621689456,0.4661150026835467,2026-07-07 14:12:51.246869,2026-07-07 14:13:01.833518,0 days 00:00:10.586649,80.6145617714313,34,COMPLETE
3549,0.019255343104541522,0.46653623091992735,2026-07-07 14:12:51.254697,2026-07-07 14:12:58.348381,0 days 00:00:07.093684,34.64380293397817,34,COMPLETE
3550,0.020509825672196336,0.4662801379847756,2026-07-07 14:12:51.414579,2026-07-07 14:13:02.358417,0 days 00:00:10.943838,77.99283758563823,34,COMPLETE
3551,0.02484026817236734,0.4657029665829322,2026-07-07 14:12:51.416594,2026-07-07 14:13:01.125038,0 days 00:00:09.708444,92.65608691371632,34,COMPLETE
3552,0.01569458043318611,0.4670418123801021,2026-07-07 14:12:51.432269,2026-07-07 14:12:55.811580,0 days 00:00:04.379311,24.996168438860266,34,COMPLETE
3553,0.025310303977594817,0.465654360727448,2026-07-07 14:12:51.589056,2026-07-07 14:13:05.039759,0 days 00:00:13.450703,96.41445445985764,34,COMPLETE
3554,0.01603976241388616,0.4670329425994959,2026-07-07 14:12:51.592357,2026-07-07 14:13:00.924053,0 days 00:00:09.331696,38.023530314560006,34,COMPLETE
3555,0.016566333985578885,0.4670267178409654,2026-07-07 14:12:52.093841,2026-07-07 14:13:02.352892,0 days 00:00:10.259051,37.01111271569563,34,COMPLETE
3556,0.022365456109416926,0.4659658257892961,2026-07-07 14:12:52.115293,2026-07-07 14:13:04.690817,0 days 00:00:12.575524,69.70825450832263,34,COMPLETE
3557,0.023347686978252402,0.4659480169530843,2026-07-07 14:12:52.126391,2026-07-07 14:13:00.753944,0 days 00:00:08.627553,86.14353649848142,34,COMPLETE
3558,0.013631117550080507,0.4672208379516663,2026-07-07 14:12:52.285684,2026-07-07 14:12:58.373744,0 days 00:00:06.088060,15.087028038526535,34,COMPLETE
3559,0.02172347785713924,0.4661204226055143,2026-07-07 14:12:52.296809,2026-07-07 14:13:02.020905,0 days 00:00:09.724096,80.5292465117839,34,COMPLETE
3560,0.012697824320735795,0.46754105118344946,2026-07-07 14:12:52.305370,2026-07-07 14:12:58.366926,0 days 00:00:06.061556,15.408051584296476,34,COMPLETE
3561,0.019134802132342144,0.4666114864522515,2026-07-07 14:12:52.620154,2026-07-07 14:13:09.040393,0 days 00:00:16.420239,58.47183329052284,34,COMPLETE
3562,0.017468448200646525,0.46694914813551136,2026-07-07 14:12:52.620677,2026-07-07 14:13:04.675550,0 days 00:00:12.054873,40.9995611464802,34,COMPLETE
3563,0.024982962752609472,0.46569336857241994,2026-07-07 14:12:52.782883,2026-07-07 14:12:57.474943,0 days 00:00:04.692060,97.86753049963734,34,COMPLETE
3564,0.024171927941126825,0.4657592306074597,2026-07-07 14:12:53.463466,2026-07-07 14:13:04.341800,0 days 00:00:10.878334,88.85912381845417,34,COMPLETE
3565,0.018114414815084023,0.46668850305848225,2026-07-07 14:12:53.469414,2026-07-07 14:13:01.120719,0 days 00:00:07.651305,53.985990884410754,34,COMPLETE
3566,0.016182623122032558,0.46709781144391244,2026-07-07 14:12:54.111253,2026-07-07 14:13:04.679269,0 days 00:00:10.568016,26.849901955286374,34,COMPLETE
3567,0.025292936263578203,0.4656592061797357,2026-07-07 14:12:54.113802,2026-07-07 14:13:02.518576,0 days 00:00:08.404774,94.50936827484327,34,COMPLETE
3568,0.014209004145991633,0.4674300148650249,2026-07-07 14:12:54.605375,2026-07-07 14:13:04.342178,0 days 00:00:09.736803,36.19262606602832,34,COMPLETE
3569,0.01715044223532225,0.4668320615458928,2026-07-07 14:12:54.971852,2026-07-07 14:13:00.092834,0 days 00:00:05.120982,42.07080410473893,34,COMPLETE
3570,0.017573335929242928,0.4657826582973271,2026-07-07 14:12:55.131593,2026-07-07 14:13:05.046571,0 days 00:00:09.914978,1.1386906205844398,34,COMPLETE
3571,0.01071783135433485,0.4679418594233665,2026-07-07 14:12:55.136060,2026-07-07 14:13:03.999231,0 days 00:00:08.863171,13.984428565587038,34,COMPLETE
3572,0.017155038744025797,0.4670294335795747,2026-07-07 14:12:55.159262,2026-07-07 14:13:04.683977,0 days 00:00:09.524715,42.86698018502408,34,COMPLETE
3573,0.016886923310309665,0.4669756774352556,2026-07-07 14:12:55.174381,2026-07-07 14:13:05.217592,0 days 00:00:10.043211,48.71847040035625,34,COMPLETE
3574,0.023427404222018444,0.4659285306315048,2026-07-07 14:12:55.806993,2026-07-07 14:13:04.504751,0 days 00:00:08.697758,86.39988514635898,34,COMPLETE
3575,0.017474684819089592,0.46690778749123574,2026-07-07 14:12:56.138674,2026-07-07 14:13:11.844025,0 days 00:00:15.705351,47.95436666653974,34,COMPLETE
3576,0.00961001286758617,0.4684358779131041,2026-07-07 14:12:56.958900,2026-07-07 14:13:02.999040,0 days 00:00:06.040140,35.83919706595015,34,COMPLETE
3577,0.021959900151111655,0.46608810260560746,2026-07-07 14:12:57.279269,2026-07-07 14:13:07.491458,0 days 00:00:10.212189,64.7089954689469,34,COMPLETE
3578,0.021482108185713278,0.4661083378112566,2026-07-07 14:12:57.459096,2026-07-07 14:13:07.678286,0 days 00:00:10.219190,78.78373231259137,34,COMPLETE
3579,0.018380430212670718,0.4666531604669246,2026-07-07 14:12:57.460475,2026-07-07 14:13:08.246369,0 days 00:00:10.785894,55.23871620019208,34,COMPLETE
3580,0.006238648713432493,0.4693855431502706,2026-07-07 14:12:57.462469,2026-07-07 14:13:07.653874,0 days 00:00:10.191405,3.917542141781803,34,COMPLETE
3581,0.02114335299019321,0.46619817886992915,2026-07-07 14:12:57.486103,2026-07-07 14:13:08.058116,0 days 00:00:10.572013,68.00154212609124,34,COMPLETE
3582,0.017354131626561298,0.46702777770738657,2026-07-07 14:12:57.676593,2026-07-07 14:13:01.652631,0 days 00:00:03.976038,46.55602169242825,34,COMPLETE
3583,0.01474887276278336,0.46744393525946404,2026-07-07 14:12:58.002465,2026-07-07 14:13:05.036719,0 days 00:00:07.034254,25.909354642802942,34,COMPLETE
3584,0.013227892519998063,0.46748124778979605,2026-07-07 14:12:58.013548,2026-07-07 14:13:07.871606,0 days 00:00:09.858058,27.89446212982294,34,COMPLETE
3585,0.014051185480232542,0.4674036786222906,2026-07-07 14:12:58.015717,2026-07-07 14:13:07.676572,0 days 00:00:09.660855,38.459361153733454,34,COMPLETE
3586,0.025067457889604905,0.46568522749637387,2026-07-07 14:12:58.542082,2026-07-07 14:13:02.675322,0 days 00:00:04.133240,97.54986023099096,35,COMPLETE
3587,0.02327661544415427,0.46596718830958767,2026-07-07 14:12:58.542293,2026-07-07 14:13:09.138221,0 days 00:00:10.595928,85.82051084332588,35,COMPLETE
3588,0.01573171415923913,0.4671901884084914,2026-07-07 14:12:58.713842,2026-07-07 14:13:04.684151,0 days 00:00:05.970309,52.21957887814631,35,COMPLETE
