number,values_0,values_1,datetime_start,datetime_complete,duration,params_input_force,system_attrs_NSGAIISampler:generation,state
725,0.023668106306921288,0.4658612854458695,2026-07-07 14:04:52.977470,2026-07-07 14:05:03.266098,0 days 00:00:10.288628,87.25342503157215,7,COMPLETE
726,0.02151958463815984,0.46610388021440075,2026-07-07 14:04:52.980001,2026-07-07 14:05:03.444877,0 days 00:00:10.464876,78.91572488619816,7,COMPLETE
727,0.011906794173308866,0.46755677391578016,2026-07-07 14:04:52.983385,2026-07-07 14:05:02.904303,0 days 00:00:09.920918,3.8722213850235323,7,COMPLETE
728,0.024646097506430542,0.46570194025448514,2026-07-07 14:04:52.988676,2026-07-07 14:05:03.436393,0 days 00:00:10.447717,91.60730135899723,7,COMPLETE
729,0.01792986360998411,0.46684382944857117,2026-07-07 14:04:52.992394,2026-07-07 14:04:59.315777,0 days 00:00:06.323383,49.56035591553849,7,COMPLETE
730,0.01747928236590829,0.4668348186664781,2026-07-07 14:04:53.149754,2026-07-07 14:05:03.453847,0 days 00:00:10.304093,47.93483404529328,7,COMPLETE
731,0.016790691251332035,0.46663166292851754,2026-07-07 14:04:53.174773,2026-07-07 14:05:02.056534,0 days 00:00:08.881761,3.6314318920848674,7,COMPLETE
732,0.020999958662013818,0.4662085308803802,2026-07-07 14:04:53.184366,2026-07-07 14:05:03.096850,0 days 00:00:09.912484,60.109662912100795,7,COMPLETE
733,0.02142613976552038,0.4661530218784251,2026-07-07 14:04:53.347643,2026-07-07 14:05:05.388901,0 days 00:00:12.041258,79.62961741421022,7,COMPLETE
734,0.018652127206594926,0.46652935335639134,2026-07-07 14:04:53.506084,2026-07-07 14:05:02.044481,0 days 00:00:08.538397,56.993152108482676,7,COMPLETE
735,0.022040385141413765,0.46608250917739874,2026-07-07 14:04:53.534290,2026-07-07 14:05:05.398423,0 days 00:00:11.864133,81.14534738876985,7,COMPLETE
736,0.025072688858607695,0.4656815145610762,2026-07-07 14:04:53.535682,2026-07-07 14:05:02.905344,0 days 00:00:09.369662,93.49566258367265,7,COMPLETE
737,0.023406918840747692,0.46593337153641334,2026-07-07 14:04:54.008980,2026-07-07 14:05:04.099147,0 days 00:00:10.090167,86.32849155522597,7,COMPLETE
738,0.02304451445112221,0.4659985082063395,2026-07-07 14:04:54.014106,2026-07-07 14:05:03.433275,0 days 00:00:09.419169,84.81291846571172,7,COMPLETE
739,0.01885830703264607,0.4667166458217871,2026-07-07 14:04:54.325817,2026-07-07 14:05:00.868885,0 days 00:00:06.543068,59.90668640789233,7,COMPLETE
740,0.015277486058895562,0.46695278991974987,2026-07-07 14:04:54.685306,2026-07-07 14:05:01.529081,0 days 00:00:06.843775,8.180611273859935,7,COMPLETE
741,0.015141166464961775,0.4671575348478644,2026-07-07 14:04:54.685477,2026-07-07 14:05:02.903033,0 days 00:00:08.217556,23.242125104485712,7,COMPLETE
742,0.009117664674268222,0.4682870710385393,2026-07-07 14:04:54.689423,2026-07-07 14:05:06.546998,0 days 00:00:11.857575,16.076280294243475,7,COMPLETE
743,0.020276554345883713,0.4662734797745016,2026-07-07 14:04:54.874901,2026-07-07 14:05:07.231920,0 days 00:00:12.357019,73.79437794132816,7,COMPLETE
744,0.02292667600630477,0.46599456837200204,2026-07-07 14:04:54.875815,2026-07-07 14:05:07.272411,0 days 00:00:12.396596,83.80330496753797,7,COMPLETE
745,0.017540963760976025,0.46688285618005887,2026-07-07 14:04:55.220395,2026-07-07 14:05:07.273251,0 days 00:00:12.052856,28.219387463880576,7,COMPLETE
746,0.022310148337914504,0.46604896389870065,2026-07-07 14:04:55.233735,2026-07-07 14:05:02.058825,0 days 00:00:06.825090,81.66924851900684,7,COMPLETE
747,0.015617281698797059,0.4672033177755152,2026-07-07 14:04:55.241745,2026-07-07 14:05:06.725245,0 days 00:00:11.483500,52.14219186010687,7,COMPLETE
748,0.01874333101666026,0.4661059158668661,2026-07-07 14:04:55.397218,2026-07-07 14:05:03.773963,0 days 00:00:08.376745,3.922864204759583,7,COMPLETE
749,0.018854925219349283,0.4665281360148777,2026-07-07 14:04:55.398689,2026-07-07 14:05:07.435580,0 days 00:00:12.036891,41.30149727664771,7,COMPLETE
750,0.013344392952531037,0.46708821153422875,2026-07-07 14:04:56.347265,2026-07-07 14:05:12.323082,0 days 00:00:15.975817,8.299707757448292,7,COMPLETE
751,0.01506300455014381,0.46721148454944184,2026-07-07 14:04:57.146964,2026-07-07 14:05:08.420560,0 days 00:00:11.273596,37.95172538828504,7,COMPLETE
752,0.018974782536578694,0.46668588473386974,2026-07-07 14:04:57.149405,2026-07-07 14:05:07.264915,0 days 00:00:10.115510,49.20327920201648,7,COMPLETE
753,0.025216106501538493,0.4656653970261888,2026-07-07 14:04:57.151896,2026-07-07 14:05:04.900822,0 days 00:00:07.748926,96.7907641655959,7,COMPLETE
754,0.015440379281257854,0.467160023073896,2026-07-07 14:04:58.434874,2026-07-07 14:05:02.873309,0 days 00:00:04.438435,28.63534610873422,7,COMPLETE
755,0.01368162003681489,0.4670253919132037,2026-07-07 14:04:58.792822,2026-07-07 14:05:06.555096,0 days 00:00:07.762274,8.643833300421559,7,COMPLETE
756,0.02103606192031543,0.46619507535076243,2026-07-07 14:04:58.943570,2026-07-07 14:05:08.425665,0 days 00:00:09.482095,60.24722685284607,7,COMPLETE
757,0.016005459242623477,0.4671367816030453,2026-07-07 14:04:58.969437,2026-07-07 14:05:08.967636,0 days 00:00:09.998199,38.82192534310279,7,COMPLETE
758,0.024228220952083712,0.46574492641059695,2026-07-07 14:05:00.178418,2026-07-07 14:05:07.249130,0 days 00:00:07.070712,89.36852779111098,7,COMPLETE
759,0.021479307069813713,0.4661427416162176,2026-07-07 14:05:00.336952,2026-07-07 14:05:08.958355,0 days 00:00:08.621403,79.52783082813569,7,COMPLETE
760,0.021871642757627707,0.4661028068384997,2026-07-07 14:05:00.338004,2026-07-07 14:05:13.399648,0 days 00:00:13.061644,80.81427169331822,7,COMPLETE
761,-0.08751082913924746,0.4863392810539257,2026-07-07 14:05:00.341500,2026-07-07 14:05:08.944707,0 days 00:00:08.603207,1.2097761150669366,7,COMPLETE
762,0.017805939776338153,0.4666757357550278,2026-07-07 14:05:00.342725,2026-07-07 14:05:08.432008,0 days 00:00:08.089283,57.53490656878968,7,COMPLETE
763,0.016467082501905095,0.46708469520554535,2026-07-07 14:05:00.343620,2026-07-07 14:05:10.741958,0 days 00:00:10.398338,40.29413087064898,7,COMPLETE
764,0.020104883658347228,0.46628838526789157,2026-07-07 14:05:00.348401,2026-07-07 14:05:08.234709,0 days 00:00:07.886308,56.087375000843814,7,COMPLETE
765,0.01350940258245914,0.46744710135588674,2026-07-07 14:05:00.354555,2026-07-07 14:05:06.722242,0 days 00:00:06.367687,18.085731235213512,7,COMPLETE
766,0.015709863604510266,0.4671452189244134,2026-07-07 14:05:00.524429,2026-07-07 14:05:12.292160,0 days 00:00:11.767731,52.47511854069931,7,COMPLETE
767,0.018526285772021867,0.4665839101556162,2026-07-07 14:05:00.525574,2026-07-07 14:05:12.531016,0 days 00:00:12.005442,56.9109722146453,7,COMPLETE
768,0.008939209738472897,0.46827846911181026,2026-07-07 14:05:00.526763,2026-07-07 14:05:12.606845,0 days 00:00:12.080082,5.012114630590305,7,COMPLETE
769,0.018998686858972325,0.46670349662972616,2026-07-07 14:05:00.682878,2026-07-07 14:05:06.190424,0 days 00:00:05.507546,58.831735550946576,7,COMPLETE
770,0.0170926678373422,0.46691273352706236,2026-07-07 14:05:00.683604,2026-07-07 14:05:12.272875,0 days 00:00:11.589271,23.082400947556998,7,COMPLETE
771,0.013916102070440195,0.46760599372729245,2026-07-07 14:05:01.030732,2026-07-07 14:05:07.265296,0 days 00:00:06.234564,19.456230999402806,7,COMPLETE
772,0.024219490768063845,0.4657412762741996,2026-07-07 14:05:01.033814,2026-07-07 14:05:14.219086,0 days 00:00:13.185272,89.83216137387166,7,COMPLETE
773,0.012784368647002331,0.4673762952787816,2026-07-07 14:05:01.034627,2026-07-07 14:05:13.557589,0 days 00:00:12.522962,7.910097458387159,7,COMPLETE
774,0.018156160564451074,0.4668025740543479,2026-07-07 14:05:01.192369,2026-07-07 14:05:12.296691,0 days 00:00:11.104322,43.615190825752926,7,COMPLETE
775,0.01883301756543576,0.4666166181253507,2026-07-07 14:05:01.194374,2026-07-07 14:05:12.218897,0 days 00:00:11.024523,40.5258447424679,7,COMPLETE
776,0.022715776675269916,0.46601243189507063,2026-07-07 14:05:01.520515,2026-07-07 14:05:08.773441,0 days 00:00:07.252926,82.70453281614735,7,COMPLETE
777,0.014102370389676655,0.46703333364411337,2026-07-07 14:05:01.564844,2026-07-07 14:05:07.430042,0 days 00:00:05.865198,7.162094399920177,7,COMPLETE
778,0.018895409035857236,0.4665497824490887,2026-07-07 14:05:01.887375,2026-07-07 14:05:12.328371,0 days 00:00:10.440996,40.08558828677852,7,COMPLETE
779,0.017566736522548698,0.4667646978970176,2026-07-07 14:05:02.685321,2026-07-07 14:05:14.592575,0 days 00:00:11.907254,25.456210961016154,7,COMPLETE
780,0.022992903406433007,0.4660043501537048,2026-07-07 14:05:02.843735,2026-07-07 14:05:07.261841,0 days 00:00:04.418106,84.61368551013898,7,COMPLETE
781,0.02034323701086599,0.4663278189174074,2026-07-07 14:05:02.847621,2026-07-07 14:05:12.602091,0 days 00:00:09.754470,66.91893046785854,7,COMPLETE
782,0.010998127688616022,0.4679590166456012,2026-07-07 14:05:02.849264,2026-07-07 14:05:12.219444,0 days 00:00:09.370180,28.661333871821565,7,COMPLETE
783,0.018800657849761204,0.46672325815887505,2026-07-07 14:05:02.869029,2026-07-07 14:05:08.964854,0 days 00:00:06.095825,49.00473167504042,7,COMPLETE
784,0.049499548942774974,0.460483968668734,2026-07-07 14:05:02.905689,2026-07-07 14:05:05.403926,0 days 00:00:02.498237,0.9277062092707048,7,COMPLETE
785,0.018069290662263704,0.46673172191779405,2026-07-07 14:05:02.907591,2026-07-07 14:05:12.527170,0 days 00:00:09.619579,54.384396327235024,7,COMPLETE
786,0.021396735937530775,0.4661289986013064,2026-07-07 14:05:02.911225,2026-07-07 14:05:06.552184,0 days 00:00:03.640959,70.37710746439441,7,COMPLETE
787,0.018950654469534645,0.46667935955995465,2026-07-07 14:05:02.918145,2026-07-07 14:05:12.252540,0 days 00:00:09.334395,58.69463393756852,7,COMPLETE
788,0.024156552839271594,0.4657682233183046,2026-07-07 14:05:03.087533,2026-07-07 14:05:12.303950,0 days 00:00:09.216417,88.44983676173472,7,COMPLETE
789,0.020797574873705593,0.46623661127390187,2026-07-07 14:05:03.089168,2026-07-07 14:05:10.750209,0 days 00:00:07.661041,70.66459866003544,7,COMPLETE
790,0.018550481314401512,0.46665220789693657,2026-07-07 14:05:03.091478,2026-07-07 14:05:12.300506,0 days 00:00:09.209028,23.42241775749547,7,COMPLETE
791,0.01654634591037424,0.4670662235568512,2026-07-07 14:05:03.097050,2026-07-07 14:05:12.326683,0 days 00:00:09.229633,45.42377284481656,7,COMPLETE
792,0.01741629699122771,0.4667229377638153,2026-07-07 14:05:03.449071,2026-07-07 14:05:15.619306,0 days 00:00:12.170235,18.910347619107323,8,COMPLETE
793,0.017902611863845896,0.4667657269373353,2026-07-07 14:05:03.450139,2026-07-07 14:05:16.359758,0 days 00:00:12.909619,54.514846204789265,8,COMPLETE
794,0.022254789044418632,0.46607115250919773,2026-07-07 14:05:03.610702,2026-07-07 14:05:15.795638,0 days 00:00:12.184936,64.39326422046707,8,COMPLETE
795,0.024386276966696374,0.4657668058224108,2026-07-07 14:05:03.936756,2026-07-07 14:05:15.817710,0 days 00:00:11.880954,99.86652381260411,8,COMPLETE
796,0.01579407503800584,0.4672402962033123,2026-07-07 14:05:03.936995,2026-07-07 14:05:14.610931,0 days 00:00:10.673936,24.86581870489983,8,COMPLETE
797,0.02084992280135939,0.46619005662069224,2026-07-07 14:05:03.938580,2026-07-07 14:05:15.615801,0 days 00:00:11.677221,72.39266506693924,8,COMPLETE
798,0.015858993423986112,0.4670084596037051,2026-07-07 14:05:04.099416,2026-07-07 14:05:15.128903,0 days 00:00:11.029487,39.19442410977556,8,COMPLETE
799,0.018196233578568755,0.4668944160170458,2026-07-07 14:05:04.100724,2026-07-07 14:05:15.817212,0 days 00:00:11.716488,45.01858237988536,8,COMPLETE
800,0.016845226202088115,0.4670300867967623,2026-07-07 14:05:04.256667,2026-07-07 14:05:14.615628,0 days 00:00:10.358961,51.76771691480922,8,COMPLETE
801,0.007276482580627963,0.4686089477582412,2026-07-07 14:05:04.412106,2026-07-07 14:05:15.119407,0 days 00:00:10.707301,9.869617974778649,8,COMPLETE
802,0.021922774831933056,0.46607792587068053,2026-07-07 14:05:04.413778,2026-07-07 14:05:14.215053,0 days 00:00:09.801275,65.57351643259284,8,COMPLETE
803,0.018945216975960855,0.4666824610309238,2026-07-07 14:05:04.571686,2026-07-07 14:05:17.044076,0 days 00:00:12.472390,58.70755352847529,8,COMPLETE
804,0.017398118521824046,0.4669167977815906,2026-07-07 14:05:04.571925,2026-07-07 14:05:15.990488,0 days 00:00:11.418563,47.52833976493683,8,COMPLETE
805,0.013309611187272752,0.4676381119216744,2026-07-07 14:05:04.574276,2026-07-07 14:05:10.730831,0 days 00:00:06.156555,20.074873449971818,8,COMPLETE
806,0.013071095471332284,0.46758982253188935,2026-07-07 14:05:05.384653,2026-07-07 14:05:16.368000,0 days 00:00:10.983347,32.16453339124183,8,COMPLETE
807,0.02475198214085067,0.46572350385996236,2026-07-07 14:05:06.514120,2026-07-07 14:05:15.638546,0 days 00:00:09.124426,98.33243115760044,8,COMPLETE
808,0.012154270839224324,0.46787698255664345,2026-07-07 14:05:06.730491,2026-07-07 14:05:14.222845,0 days 00:00:07.492354,18.73431726451278,8,COMPLETE
809,0.018598967450146164,0.4666694478930484,2026-07-07 14:05:06.744537,2026-07-07 14:05:16.196351,0 days 00:00:09.451814,42.34814052824213,8,COMPLETE
810,0.01366896325453304,0.46757795780403283,2026-07-07 14:05:06.751095,2026-07-07 14:05:16.551282,0 days 00:00:09.800187,34.96742599766506,8,COMPLETE
811,0.015229237911989324,0.4673903683675283,2026-07-07 14:05:07.234135,2026-07-07 14:05:12.566783,0 days 00:00:05.332648,40.96569226304792,8,COMPLETE
812,0.006994736732447382,0.46868171694527927,2026-07-07 14:05:07.269876,2026-07-07 14:05:17.866090,0 days 00:00:10.596214,13.417148710545288,8,COMPLETE
813,0.01859466535940063,0.46679934658180827,2026-07-07 14:05:07.431697,2026-07-07 14:05:17.858413,0 days 00:00:10.426716,44.992747847080196,8,COMPLETE
814,0.0208233100139244,0.46623960650942065,2026-07-07 14:05:07.433150,2026-07-07 14:05:15.989924,0 days 00:00:08.556774,67.37920821691391,8,COMPLETE
815,0.009372479035318071,0.46821529934470996,2026-07-07 14:05:07.592248,2026-07-07 14:05:18.848842,0 days 00:00:11.256594,34.45112641757915,8,COMPLETE
816,0.01180898641598127,0.467646867660154,2026-07-07 14:05:07.911813,2026-07-07 14:05:19.875859,0 days 00:00:11.964046,16.939418905074323,8,COMPLETE
817,0.018360779150928708,0.46672327916168144,2026-07-07 14:05:08.408610,2026-07-07 14:05:19.365952,0 days 00:00:10.957342,34.699410535132685,8,COMPLETE
818,0.023296095589643573,0.4659625139614694,2026-07-07 14:05:08.409893,2026-07-07 14:05:12.540893,0 days 00:00:04.131000,85.91561418835653,8,COMPLETE
819,0.018321028757766977,0.4666464520213543,2026-07-07 14:05:08.439358,2026-07-07 14:05:20.380128,0 days 00:00:11.940770,50.877417495291425,8,COMPLETE
820,0.020600785672431177,0.466285209110768,2026-07-07 14:05:08.441201,2026-07-07 14:05:24.049524,0 days 00:00:15.608323,67.26250084946531,8,COMPLETE
821,0.01440398684301225,0.46741614684792765,2026-07-07 14:05:08.441966,2026-07-07 14:05:24.212445,0 days 00:00:15.770479,20.153163203917277,8,COMPLETE
822,0.020380049470424044,0.46632773521423465,2026-07-07 14:05:08.941758,2026-07-07 14:05:18.845864,0 days 00:00:09.904106,67.20556211821427,8,COMPLETE
823,0.015076974271450438,0.46745808533264366,2026-07-07 14:05:08.943789,2026-07-07 14:05:15.797467,0 days 00:00:06.853678,20.147768662945893,8,COMPLETE
824,0.018727606590691337,0.46653078504993983,2026-07-07 14:05:08.955534,2026-07-07 14:05:24.226727,0 days 00:00:15.271193,57.177696431867425,8,COMPLETE
825,0.024676455012984544,0.46569922968072386,2026-07-07 14:05:10.218169,2026-07-07 14:05:18.835854,0 days 00:00:08.617685,91.7167202299658,8,COMPLETE
826,0.022970877247247723,0.4659984669599544,2026-07-07 14:05:10.541991,2026-07-07 14:05:16.012765,0 days 00:00:05.470774,84.29047282016988,8,COMPLETE
827,0.022963028678766484,0.46599635449912397,2026-07-07 14:05:10.543343,2026-07-07 14:05:20.388539,0 days 00:00:09.845196,84.16202421050147,8,COMPLETE
828,0.016229282429794822,0.46705498289242964,2026-07-07 14:05:10.736861,2026-07-07 14:05:24.419518,0 days 00:00:13.682657,26.652465455141396,8,COMPLETE
829,0.012949870719364709,0.46786396840082,2026-07-07 14:05:11.097789,2026-07-07 14:05:19.844486,0 days 00:00:08.746697,22.12728165255302,8,COMPLETE
830,0.01799277870602506,0.46676984213449263,2026-07-07 14:05:11.899933,2026-07-07 14:05:20.206923,0 days 00:00:08.306990,51.482776854712874,8,COMPLETE
831,0.021765973623214252,0.46546370362420353,2026-07-07 14:05:12.262764,2026-07-07 14:05:17.037017,0 days 00:00:04.774253,2.129960352069766,8,COMPLETE
832,0.024689058493696903,0.4657320289155191,2026-07-07 14:05:12.283737,2026-07-07 14:05:20.388284,0 days 00:00:08.104547,98.46346571941476,8,COMPLETE
833,0.020346767768871843,0.46632380022413994,2026-07-07 14:05:12.313790,2026-07-07 14:05:20.385698,0 days 00:00:08.071908,66.87788705348888,8,COMPLETE
834,0.02227745063144443,0.4660063087576254,2026-07-07 14:05:12.316404,2026-07-07 14:05:16.187935,0 days 00:00:03.871531,69.4213055912367,8,COMPLETE
835,0.008951319172974481,0.4683791810857269,2026-07-07 14:05:12.320761,2026-07-07 14:05:21.699838,0 days 00:00:09.379077,21.04109075417134,8,COMPLETE
836,0.02050426527740068,0.4664930313198111,2026-07-07 14:05:12.332535,2026-07-07 14:05:17.208586,0 days 00:00:04.876051,62.848760121251175,8,COMPLETE
837,0.01608928656662767,0.46699103159821864,2026-07-07 14:05:12.543093,2026-07-07 14:05:22.404543,0 days 00:00:09.861450,26.748052204351442,8,COMPLETE
838,0.01768416878295309,0.46676539080619356,2026-07-07 14:05:12.609174,2026-07-07 14:05:22.398542,0 days 00:00:09.789368,54.53525956455504,8,COMPLETE
839,0.01068847363624581,0.46810948255553597,2026-07-07 14:05:13.077757,2026-07-07 14:05:26.675389,0 days 00:00:13.597632,15.713176172639212,8,COMPLETE
840,0.012140927394411916,0.46761776386610376,2026-07-07 14:05:13.556293,2026-07-07 14:05:25.314728,0 days 00:00:11.758435,14.84433664911193,8,COMPLETE
841,0.017436844903953863,0.4668092079070419,2026-07-07 14:05:13.726336,2026-07-07 14:05:20.212028,0 days 00:00:06.485692,47.82671210212645,8,COMPLETE
842,0.014724457942070779,0.46730487568369616,2026-07-07 14:05:13.898324,2026-07-07 14:05:24.959321,0 days 00:00:11.060997,30.546681040951675,8,COMPLETE
843,0.02045905629331146,0.46628903125507026,2026-07-07 14:05:13.899873,2026-07-07 14:05:24.241037,0 days 00:00:10.341164,78.04105428171978,8,COMPLETE
844,0.011835787666645614,0.46769737898182717,2026-07-07 14:05:13.903455,2026-07-07 14:05:24.766800,0 days 00:00:10.863345,14.435754055958785,8,COMPLETE
845,0.017067576002611995,0.4668845246278545,2026-07-07 14:05:14.214206,2026-07-07 14:05:19.031065,0 days 00:00:04.816859,38.32179494789193,8,COMPLETE
846,0.02292239275118546,0.4659946814341337,2026-07-07 14:05:14.217703,2026-07-07 14:05:24.949261,0 days 00:00:10.731558,83.77294752419078,8,COMPLETE
847,0.014791764364167515,0.467181205599022,2026-07-07 14:05:14.221796,2026-07-07 14:05:20.558855,0 days 00:00:06.337059,34.06492531987547,8,COMPLETE
848,0.018503411696562222,0.4665852130413414,2026-07-07 14:05:14.544506,2026-07-07 14:05:21.206835,0 days 00:00:06.662329,56.91931960111849,8,COMPLETE
849,0.012511024573382767,0.4673698759340621,2026-07-07 14:05:14.546847,2026-07-07 14:05:23.691590,0 days 00:00:09.144743,17.870028243493334,8,COMPLETE
850,0.0222515837993984,0.4660559229162521,2026-07-07 14:05:14.625237,2026-07-07 14:05:26.678988,0 days 00:00:12.053751,81.5561712787311,8,COMPLETE
851,0.00999914815007552,0.46811973549725355,2026-07-07 14:05:14.629958,2026-07-07 14:05:24.048933,0 days 00:00:09.418975,13.691903570618754,8,COMPLETE
852,0.022024421917436365,0.4660844827160296,2026-07-07 14:05:14.634424,2026-07-07 14:05:26.479549,0 days 00:00:11.845125,81.1141860276293,8,COMPLETE
853,0.017875602636961807,0.4668418954229879,2026-07-07 14:05:14.637535,2026-07-07 14:05:20.556873,0 days 00:00:05.919338,50.28965811512749,8,COMPLETE
854,0.020652708580572277,0.46623931658824364,2026-07-07 14:05:14.955542,2026-07-07 14:05:24.954621,0 days 00:00:09.999079,71.54521503737772,8,COMPLETE
855,0.013326639373884785,0.4673353482082008,2026-07-07 14:05:15.622331,2026-07-07 14:05:24.947744,0 days 00:00:09.325413,15.139889389274593,8,COMPLETE
856,0.01332201183545273,0.4674289361651608,2026-07-07 14:05:15.635429,2026-07-07 14:05:25.130985,0 days 00:00:09.495556,20.170305959106223,8,COMPLETE
857,0.01828171560861408,0.4667329039692601,2026-07-07 14:05:15.795990,2026-07-07 14:05:24.611886,0 days 00:00:08.815896,49.1576257203674,8,COMPLETE
858,0.021517750840512606,0.4661369320589114,2026-07-07 14:05:15.823195,2026-07-07 14:05:22.727152,0 days 00:00:06.903957,66.01634745535135,8,COMPLETE
859,0.014970872135721014,0.46715008170708605,2026-07-07 14:05:15.824353,2026-07-07 14:05:25.316225,0 days 00:00:09.491872,30.25853835323893,8,COMPLETE
860,0.024669738905340743,0.4656997540148744,2026-07-07 14:05:15.982409,2026-07-07 14:05:22.404256,0 days 00:00:06.421847,91.69051007902556,8,COMPLETE
861,0.01584752308340931,0.4671250184065717,2026-07-07 14:05:15.995485,2026-07-07 14:05:27.486297,0 days 00:00:11.490812,52.40844417981938,8,COMPLETE
862,0.01612363172136283,0.4669090093608775,2026-07-07 14:05:16.015031,2026-07-07 14:05:20.550144,0 days 00:00:04.535113,29.943062195871054,8,COMPLETE
863,0.022939000281813282,0.46599450064566533,2026-07-07 14:05:16.018441,2026-07-07 14:05:24.605368,0 days 00:00:08.586927,83.90177373921108,8,COMPLETE
864,0.024188439438621423,0.46574333770122467,2026-07-07 14:05:16.186225,2026-07-07 14:05:22.209226,0 days 00:00:06.023001,90.13242427330249,8,COMPLETE
865,0.02329610276143701,0.4659625120880715,2026-07-07 14:05:16.189338,2026-07-07 14:05:24.952983,0 days 00:00:08.763645,85.91565041942083,8,COMPLETE
866,0.017172498872738917,0.4667789581468937,2026-07-07 14:05:16.190810,2026-07-07 14:05:21.213278,0 days 00:00:05.022468,39.59670164431706,8,COMPLETE
867,0.018890755979493967,0.4666915307235161,2026-07-07 14:05:16.202812,2026-07-07 14:05:26.486009,0 days 00:00:10.283197,58.67497943398383,8,COMPLETE
868,0.020774454304319345,0.4662584510175516,2026-07-07 14:05:16.375480,2026-07-07 14:05:22.052852,0 days 00:00:05.677372,76.90090178012035,8,COMPLETE
869,0.02254476364463487,0.46602244940127346,2026-07-07 14:05:16.387074,2026-07-07 14:05:26.484238,0 days 00:00:10.097164,82.1028093004169,8,COMPLETE
