number,values_0,values_1,datetime_start,datetime_complete,duration,params_input_force,system_attrs_NSGAIISampler:generation,state
435,0.024756321897637712,0.4657016982698847,2026-07-07 14:04:03.637573,2026-07-07 14:04:16.986447,0 days 00:00:13.348874,92.22691362998127,4,COMPLETE
436,0.021881856391307686,0.4654063543611574,2026-07-07 14:04:03.638065,2026-07-07 14:04:11.509798,0 days 00:00:07.871733,1.883048507137831,4,COMPLETE
437,0.017324791090074343,0.46676107111459153,2026-07-07 14:04:03.796060,2026-07-07 14:04:11.852792,0 days 00:00:08.056732,25.011605772605133,4,COMPLETE
438,0.0183094415565887,0.4668047049269949,2026-07-07 14:04:03.800473,2026-07-07 14:04:05.458262,0 days 00:00:01.657789,43.625302304940405,4,COMPLETE
439,0.023597830090810512,0.4658853018284048,2026-07-07 14:04:04.112737,2026-07-07 14:04:09.016848,0 days 00:00:04.904111,86.93054593876568,4,COMPLETE
440,0.013092731839152327,0.4673572899209161,2026-07-07 14:04:04.268538,2026-07-07 14:04:14.218273,0 days 00:00:09.949735,9.136767217655192,4,COMPLETE
441,0.01570286156195977,0.4672734787700963,2026-07-07 14:04:04.424519,2026-07-07 14:04:10.158730,0 days 00:00:05.734211,46.93287084018368,4,COMPLETE
442,0.0217875546377696,0.4661127351569339,2026-07-07 14:04:04.424844,2026-07-07 14:04:12.771970,0 days 00:00:08.347126,80.65094309963247,4,COMPLETE
443,0.023109305924010504,0.4659892553970231,2026-07-07 14:04:04.615596,2026-07-07 14:04:12.946446,0 days 00:00:08.330850,85.04431520034017,4,COMPLETE
444,0.009518129091566574,0.468296642031821,2026-07-07 14:04:04.616416,2026-07-07 14:04:10.668720,0 days 00:00:06.052304,19.57157149598495,4,COMPLETE
445,0.02454498467805155,0.4657147139605361,2026-07-07 14:04:04.622668,2026-07-07 14:04:14.060536,0 days 00:00:09.437868,91.40650027718713,4,COMPLETE
446,0.02120095906237135,0.4662069269538188,2026-07-07 14:04:05.627877,2026-07-07 14:04:16.648915,0 days 00:00:11.021038,61.046267018113824,4,COMPLETE
447,0.017407075313792375,0.466919845694284,2026-07-07 14:04:05.629566,2026-07-07 14:04:16.653485,0 days 00:00:11.023919,48.63055148156287,4,COMPLETE
448,0.01621868631124951,0.4671839500996303,2026-07-07 14:04:06.099570,2026-07-07 14:04:15.894648,0 days 00:00:09.795078,46.573184583754646,4,COMPLETE
449,0.02318017819470336,0.4659800003945984,2026-07-07 14:04:06.287313,2026-07-07 14:04:16.127022,0 days 00:00:09.839709,85.39411588669144,4,COMPLETE
450,0.009321057429889257,0.46820684597228424,2026-07-07 14:04:06.296751,2026-07-07 14:04:16.082796,0 days 00:00:09.786045,14.554428430226356,4,COMPLETE
451,0.007283935100140249,0.4686055173595658,2026-07-07 14:04:06.640370,2026-07-07 14:04:16.085993,0 days 00:00:09.445623,12.63128300471958,4,COMPLETE
452,0.02472397498622736,0.46569713959252174,2026-07-07 14:04:06.648765,2026-07-07 14:04:16.661853,0 days 00:00:10.013088,91.93242387223687,4,COMPLETE
453,0.025403492102383185,0.4656454347504304,2026-07-07 14:04:06.650299,2026-07-07 14:04:16.115086,0 days 00:00:09.464787,95.14472058574754,4,COMPLETE
454,0.015918616399419716,0.4670829774851244,2026-07-07 14:04:07.141810,2026-07-07 14:04:09.363124,0 days 00:00:02.221314,37.533113179639756,4,COMPLETE
455,0.019988801087645558,0.4665373076723066,2026-07-07 14:04:07.152308,2026-07-07 14:04:18.722762,0 days 00:00:11.570454,62.20826718833908,4,COMPLETE
456,0.013032286675340066,0.4674132813973011,2026-07-07 14:04:07.154925,2026-07-07 14:04:16.648243,0 days 00:00:09.493318,17.353436530464,4,COMPLETE
457,0.021597583770006368,0.4660973609432012,2026-07-07 14:04:07.319858,2026-07-07 14:04:16.308882,0 days 00:00:08.989024,79.07175003155426,4,COMPLETE
458,0.016422563757822528,0.46703339037581704,2026-07-07 14:04:07.492345,2026-07-07 14:04:16.287045,0 days 00:00:08.794700,37.78513615475766,4,COMPLETE
459,0.015791510852613655,0.4670568605471023,2026-07-07 14:04:07.868059,2026-07-07 14:04:18.125785,0 days 00:00:10.257726,38.193158834560954,4,COMPLETE
460,0.02453273645548598,0.46575162126012404,2026-07-07 14:04:08.180477,2026-07-07 14:04:16.981780,0 days 00:00:08.801303,98.90098951205484,4,COMPLETE
461,0.009275641828918602,0.46814153441475126,2026-07-07 14:04:08.335463,2026-07-07 14:04:17.462424,0 days 00:00:09.126961,14.012277042317356,4,COMPLETE
462,0.022879468939145886,0.46599739712913396,2026-07-07 14:04:08.337809,2026-07-07 14:04:18.336540,0 days 00:00:09.998731,83.54480476110662,4,COMPLETE
463,0.019770374914597044,0.466311794716327,2026-07-07 14:04:08.341733,2026-07-07 14:04:18.333104,0 days 00:00:09.991371,75.74455727286454,4,COMPLETE
464,0.021436004623237193,0.4661510703099577,2026-07-07 14:04:08.346346,2026-07-07 14:04:15.214422,0 days 00:00:06.868076,79.60465795595036,4,COMPLETE
465,0.0166261997331158,0.46693545317473295,2026-07-07 14:04:08.503447,2026-07-07 14:04:18.532627,0 days 00:00:10.029180,52.98279412889838,4,COMPLETE
466,0.01589726666436858,0.46705131433482955,2026-07-07 14:04:08.510332,2026-07-07 14:04:18.713808,0 days 00:00:10.203476,27.23693790660205,4,COMPLETE
467,0.013224562756054381,0.4676641563375282,2026-07-07 14:04:08.669138,2026-07-07 14:04:18.721603,0 days 00:00:10.052465,31.077386527875614,4,COMPLETE
468,0.007237303389648064,0.4684512995881128,2026-07-07 14:04:08.837797,2026-07-07 14:04:18.539562,0 days 00:00:09.701765,13.305864579356529,4,COMPLETE
469,0.017077464992744207,0.46698907330060346,2026-07-07 14:04:09.000389,2026-07-07 14:04:18.357529,0 days 00:00:09.357140,24.419701832668693,4,COMPLETE
470,0.0226554471694852,0.46601150046244216,2026-07-07 14:04:09.002663,2026-07-07 14:04:15.893874,0 days 00:00:06.891211,82.37178772719191,4,COMPLETE
471,0.017015923065448746,0.46690675808337134,2026-07-07 14:04:09.184150,2026-07-07 14:04:18.699477,0 days 00:00:09.515327,23.07671177478867,4,COMPLETE
472,0.019776733655766876,0.46631279928511804,2026-07-07 14:04:09.186570,2026-07-07 14:04:19.195775,0 days 00:00:10.009205,75.82043455002675,4,COMPLETE
473,0.019098612951821303,0.46657306813501803,2026-07-07 14:04:10.154080,2026-07-07 14:04:18.701633,0 days 00:00:08.547553,40.606001818161126,4,COMPLETE
474,0.01123442877918096,0.46791740550902866,2026-07-07 14:04:10.630185,2026-07-07 14:04:20.734920,0 days 00:00:10.104735,15.661837945204875,4,COMPLETE
475,0.02030647624608445,0.4663342954226165,2026-07-07 14:04:10.641707,2026-07-07 14:04:19.845971,0 days 00:00:09.204264,40.40541994293952,4,COMPLETE
476,0.014214970268583815,0.46727768621693716,2026-07-07 14:04:10.646811,2026-07-07 14:04:15.903717,0 days 00:00:05.256906,16.831133741086077,4,COMPLETE
477,0.020287655523814008,0.46639166257079334,2026-07-07 14:04:10.843358,2026-07-07 14:04:20.728674,0 days 00:00:09.885316,61.373824650409624,4,COMPLETE
478,0.015189240497240575,0.4672666996981676,2026-07-07 14:04:11.505225,2026-07-07 14:04:21.534834,0 days 00:00:10.029609,51.89351019890819,4,COMPLETE
479,0.02337948179396998,0.4659397796521261,2026-07-07 14:04:11.507821,2026-07-07 14:04:21.539238,0 days 00:00:10.031417,86.24480832399938,4,COMPLETE
480,0.022354528830152764,0.46597199318025684,2026-07-07 14:04:11.518207,2026-07-07 14:04:20.708281,0 days 00:00:09.190074,69.67773325880628,4,COMPLETE
481,0.017366832687181588,0.4668521696371557,2026-07-07 14:04:11.683934,2026-07-07 14:04:20.740573,0 days 00:00:09.056639,42.08087807826022,4,COMPLETE
482,0.01821283412217717,0.46684113279505457,2026-07-07 14:04:11.876153,2026-07-07 14:04:16.471693,0 days 00:00:04.595540,59.49570013822596,4,COMPLETE
483,0.011923586281140763,0.46776637487439193,2026-07-07 14:04:11.888763,2026-07-07 14:04:20.370868,0 days 00:00:08.482105,11.256419520777527,4,COMPLETE
484,0.0181562500716293,0.4666135882954549,2026-07-07 14:04:11.904318,2026-07-07 14:04:23.197208,0 days 00:00:11.292890,57.69023442677083,4,COMPLETE
485,0.013248995220593529,0.46745545465454,2026-07-07 14:04:11.913841,2026-07-07 14:04:23.239417,0 days 00:00:11.325576,38.44378578665862,4,COMPLETE
486,0.009640307304474627,0.4683301176031608,2026-07-07 14:04:12.082406,2026-07-07 14:04:22.012010,0 days 00:00:09.929604,5.9122684914039025,4,COMPLETE
487,0.016199513344309413,0.4670818248077748,2026-07-07 14:04:12.089245,2026-07-07 14:04:23.252740,0 days 00:00:11.163495,38.990991497745476,4,COMPLETE
488,0.02140861415719575,0.46615752649938946,2026-07-07 14:04:12.096335,2026-07-07 14:04:21.542473,0 days 00:00:09.446138,79.77342003444326,4,COMPLETE
489,0.015587494031492344,0.4671437081208669,2026-07-07 14:04:12.567980,2026-07-07 14:04:17.791496,0 days 00:00:05.223516,53.152400206979834,5,COMPLETE
490,0.018886817807613587,0.4665714854420655,2026-07-07 14:04:12.570117,2026-07-07 14:04:23.024884,0 days 00:00:10.454767,55.29703349651333,5,COMPLETE
491,0.01761881491735351,0.46676154741794806,2026-07-07 14:04:12.577155,2026-07-07 14:04:21.538673,0 days 00:00:08.961518,36.515530679659065,5,COMPLETE
492,0.021098299314462554,0.4662182742056429,2026-07-07 14:04:12.582928,2026-07-07 14:04:24.086774,0 days 00:00:11.503846,61.02392664048252,5,COMPLETE
493,0.013585633138784303,0.4674722211377174,2026-07-07 14:04:12.741936,2026-07-07 14:04:22.694423,0 days 00:00:09.952487,28.576218090036146,5,COMPLETE
494,0.019387424555319832,0.4664034165202585,2026-07-07 14:04:12.742892,2026-07-07 14:04:24.089370,0 days 00:00:11.346478,74.78630374687383,5,COMPLETE
495,0.024414656295104975,0.4657065850133012,2026-07-07 14:04:12.745731,2026-07-07 14:04:23.222063,0 days 00:00:10.476332,90.9667770597002,5,COMPLETE
496,0.011629902416466276,0.4675217281486582,2026-07-07 14:04:12.761348,2026-07-07 14:04:23.218117,0 days 00:00:10.456769,8.678550396287179,5,COMPLETE
497,0.012058409534039971,0.4677986701565904,2026-07-07 14:04:12.761540,2026-07-07 14:04:22.167331,0 days 00:00:09.405791,15.14647873051618,5,COMPLETE
498,0.013677441802173673,0.4673990999762256,2026-07-07 14:04:12.930318,2026-07-07 14:04:22.192676,0 days 00:00:09.262358,33.021368614299334,5,COMPLETE
499,0.02019154873383111,0.46629130314475,2026-07-07 14:04:12.940561,2026-07-07 14:04:23.599339,0 days 00:00:10.658778,73.87946288256511,5,COMPLETE
500,0.02076481579313133,0.4662018987564809,2026-07-07 14:04:12.943315,2026-07-07 14:04:23.241489,0 days 00:00:10.298174,72.64517863565906,5,COMPLETE
501,0.018183441922502985,0.4667273719826301,2026-07-07 14:04:12.949313,2026-07-07 14:04:23.212882,0 days 00:00:10.263569,34.90030244242795,5,COMPLETE
502,0.01001953815980905,0.4678907896221567,2026-07-07 14:04:14.054697,2026-07-07 14:04:23.597255,0 days 00:00:09.542558,6.846053032770291,5,COMPLETE
503,0.01416216221826111,0.4676703826364301,2026-07-07 14:04:14.217113,2026-07-07 14:04:24.091591,0 days 00:00:09.874478,21.92690158830531,5,COMPLETE
504,0.024845513721297563,0.4657027241006896,2026-07-07 14:04:14.376960,2026-07-07 14:04:20.353917,0 days 00:00:05.976957,92.67428561260347,5,COMPLETE
505,0.024931033389159918,0.46569600517237786,2026-07-07 14:04:15.016871,2026-07-07 14:04:23.250710,0 days 00:00:08.233839,92.92693005556839,5,COMPLETE
506,0.019072185332743796,0.46674036385611256,2026-07-07 14:04:15.205301,2026-07-07 14:04:27.767434,0 days 00:00:12.562133,58.97821515411672,5,COMPLETE
507,0.015368618782163779,0.4671954789085919,2026-07-07 14:04:15.218132,2026-07-07 14:04:24.094661,0 days 00:00:08.876529,53.20090218230992,5,COMPLETE
508,0.020830141628633225,0.46625757252192906,2026-07-07 14:04:15.384074,2026-07-07 14:04:28.628363,0 days 00:00:13.244289,77.03330841448101,5,COMPLETE
509,0.016331416226377737,0.4669698797678782,2026-07-07 14:04:16.819750,2026-07-07 14:04:27.989105,0 days 00:00:11.169355,25.813146782793847,5,COMPLETE
510,0.11026290784223813,0.45260938585737354,2026-07-07 14:04:17.773815,2026-07-07 14:04:27.032740,0 days 00:00:09.258925,0.48574608086995164,5,COMPLETE
511,0.015300404220066233,0.46728932151029856,2026-07-07 14:04:17.774358,2026-07-07 14:04:27.783613,0 days 00:00:10.009255,27.97222728985795,5,COMPLETE
512,0.017073331492826305,0.46698558005180835,2026-07-07 14:04:17.786338,2026-07-07 14:04:24.414487,0 days 00:00:06.628149,45.5482215818953,5,COMPLETE
513,0.02038272573881439,0.46630529194647463,2026-07-07 14:04:17.787162,2026-07-07 14:04:27.770802,0 days 00:00:09.983640,66.71197438600059,5,COMPLETE
514,0.019319627475071155,0.46668142022206155,2026-07-07 14:04:17.790941,2026-07-07 14:04:27.817082,0 days 00:00:10.026141,58.94527919658713,5,COMPLETE
515,0.020544727393483342,0.46648891668886006,2026-07-07 14:04:17.795433,2026-07-07 14:04:27.571799,0 days 00:00:09.776366,62.91691565776011,5,COMPLETE
516,0.014122420235557653,0.4672689644460734,2026-07-07 14:04:17.795872,2026-07-07 14:04:27.992373,0 days 00:00:10.196501,31.9836243009672,5,COMPLETE
517,0.025380202873272473,0.4656484833969845,2026-07-07 14:04:17.796716,2026-07-07 14:04:27.208274,0 days 00:00:09.411558,94.95921040774036,5,COMPLETE
518,0.012378693110605576,0.4675141204482697,2026-07-07 14:04:17.803424,2026-07-07 14:04:28.002453,0 days 00:00:10.199029,6.965962072367054,5,COMPLETE
519,0.014766046154559398,0.46733446154503866,2026-07-07 14:04:17.961754,2026-07-07 14:04:29.986394,0 days 00:00:12.024640,31.485217577723237,5,COMPLETE
520,0.024538473506626635,0.4657509776722836,2026-07-07 14:04:18.124418,2026-07-07 14:04:29.487051,0 days 00:00:11.362633,98.87970300136627,5,COMPLETE
521,0.00372790001383394,0.46905290896394547,2026-07-07 14:04:18.143685,2026-07-07 14:04:27.771198,0 days 00:00:09.627513,10.884926921353566,5,COMPLETE
522,0.013909453212360534,0.46728462669926735,2026-07-07 14:04:18.146966,2026-07-07 14:04:27.789545,0 days 00:00:09.642579,38.41601737161431,5,COMPLETE
523,0.014186103109295578,0.46732652820104537,2026-07-07 14:04:18.154578,2026-07-07 14:04:27.986627,0 days 00:00:09.832049,33.08229739862681,5,COMPLETE
524,0.016564214740592775,0.4670308123025096,2026-07-07 14:04:18.167902,2026-07-07 14:04:28.803239,0 days 00:00:10.635337,37.21594097403663,5,COMPLETE
525,0.020295200630527754,0.466389566758866,2026-07-07 14:04:18.168545,2026-07-07 14:04:27.794126,0 days 00:00:09.625581,61.36911617172114,5,COMPLETE
526,0.019561122124624686,0.4663617301391264,2026-07-07 14:04:18.338833,2026-07-07 14:04:27.025615,0 days 00:00:08.686782,75.08252908230972,5,COMPLETE
527,0.024423589125693257,0.4657611635446941,2026-07-07 14:04:18.355082,2026-07-07 14:04:30.321357,0 days 00:00:11.966275,99.69018812163534,5,COMPLETE
528,0.018624267570261366,0.4660147459943471,2026-07-07 14:04:18.698455,2026-07-07 14:04:29.831100,0 days 00:00:11.132645,3.3441627881729654,5,COMPLETE
529,0.02047707791614134,0.46625558324039906,2026-07-07 14:04:18.725644,2026-07-07 14:04:27.585525,0 days 00:00:08.859881,55.60851733549106,5,COMPLETE
530,0.016624566646977257,0.46688347656211154,2026-07-07 14:04:19.195574,2026-07-07 14:04:28.820706,0 days 00:00:09.625132,39.318538830373576,5,COMPLETE
531,0.02105945111678653,0.4661913087152135,2026-07-07 14:04:19.525271,2026-07-07 14:04:27.817912,0 days 00:00:08.292641,70.52550752203618,5,COMPLETE
532,0.02455709277441054,0.46571309993195736,2026-07-07 14:04:20.013033,2026-07-07 14:04:28.631908,0 days 00:00:08.618875,91.42363322847118,5,COMPLETE
533,0.025089040084902037,0.46567984877473967,2026-07-07 14:04:20.170042,2026-07-07 14:04:29.321576,0 days 00:00:09.151534,93.57662936804184,5,COMPLETE
534,0.015739067821166297,0.46725915659211875,2026-07-07 14:04:20.171249,2026-07-07 14:04:30.335228,0 days 00:00:10.163979,22.448000826699193,5,COMPLETE
535,0.014062900894706576,0.4674521627930486,2026-07-07 14:04:20.173707,2026-07-07 14:04:30.319512,0 days 00:00:10.145805,38.6378020802897,5,COMPLETE
536,0.02007822546363952,0.46643893127700903,2026-07-07 14:04:20.374049,2026-07-07 14:04:29.664024,0 days 00:00:09.289975,61.693909677141114,5,COMPLETE
537,0.019188606282736942,0.4664716803391753,2026-07-07 14:04:20.379388,2026-07-07 14:04:32.535282,0 days 00:00:12.155894,56.46456728290697,5,COMPLETE
538,0.016288978942343713,0.4670284597672104,2026-07-07 14:04:20.381491,2026-07-07 14:04:28.637230,0 days 00:00:08.255739,32.93961257342265,5,COMPLETE
539,0.006460948695406865,0.46863864779290687,2026-07-07 14:04:20.722033,2026-07-07 14:04:32.179090,0 days 00:00:11.457057,10.644752304403958,5,COMPLETE
540,0.019632763027369826,0.46640880130510964,2026-07-07 14:04:20.747236,2026-07-07 14:04:31.171338,0 days 00:00:10.424102,39.39563448394624,5,COMPLETE
541,0.012102825363883796,0.46790285271888754,2026-07-07 14:04:21.533548,2026-07-07 14:04:30.856385,0 days 00:00:09.322837,21.290862286232237,5,COMPLETE
542,0.024460446787074486,0.4657578290295455,2026-07-07 14:04:21.541961,2026-07-07 14:04:34.909101,0 days 00:00:13.367140,99.32653207276859,5,COMPLETE
543,0.014010287457626225,0.4673358914251838,2026-07-07 14:04:22.166904,2026-07-07 14:04:28.007037,0 days 00:00:05.840133,30.38199525674278,5,COMPLETE
544,0.0234773751805048,0.4659160449307572,2026-07-07 14:04:22.176514,2026-07-07 14:04:33.569439,0 days 00:00:11.392925,86.57562488453225,5,COMPLETE
545,0.018459724613012485,0.4667127011373166,2026-07-07 14:04:22.195593,2026-07-07 14:04:32.727042,0 days 00:00:10.531449,51.32067531598141,5,COMPLETE
546,0.020615941159608686,0.4662272397426128,2026-07-07 14:04:22.864260,2026-07-07 14:04:38.309485,0 days 00:00:15.445225,72.88342257044458,5,COMPLETE
547,0.024705103192355138,0.46572987385621256,2026-07-07 14:04:23.026706,2026-07-07 14:04:32.745303,0 days 00:00:09.718597,98.42853553724434,5,COMPLETE
548,0.025393796802227753,0.46564556532878126,2026-07-07 14:04:23.186715,2026-07-07 14:04:32.750967,0 days 00:00:09.564252,95.94114062388691,5,COMPLETE
549,0.02076300666116443,0.4662275968130981,2026-07-07 14:04:23.240994,2026-07-07 14:04:32.744827,0 days 00:00:09.503833,71.27362210154845,5,COMPLETE
550,0.02421078552779754,0.46574168996672666,2026-07-07 14:04:23.253085,2026-07-07 14:04:30.847519,0 days 00:00:07.594434,89.93543562978087,5,COMPLETE
551,0.00970298020757493,0.468079829353414,2026-07-07 14:04:23.417929,2026-07-07 14:04:31.485123,0 days 00:00:08.067194,16.239147413900966,5,COMPLETE
552,0.013943749342718414,0.46758287211502014,2026-07-07 14:04:23.418792,2026-07-07 14:04:33.738388,0 days 00:00:10.319596,35.89866014411892,5,COMPLETE
553,0.011447494384518253,0.46777320916444953,2026-07-07 14:04:23.424838,2026-07-07 14:04:34.590551,0 days 00:00:11.165713,13.675197778134674,5,COMPLETE
554,0.01436155517561255,0.46778402539042196,2026-07-07 14:04:23.426168,2026-07-07 14:04:32.559011,0 days 00:00:09.132843,20.83311626504838,5,COMPLETE
555,0.024137690127980838,0.46574613975472806,2026-07-07 14:04:23.594476,2026-07-07 14:04:34.258281,0 days 00:00:10.663805,90.45830460939608,5,COMPLETE
556,0.01976048594957508,0.4663150040282034,2026-07-07 14:04:23.600977,2026-07-07 14:04:33.747141,0 days 00:00:10.146164,75.42444291000713,5,COMPLETE
557,0.014439923305735514,0.4675613251991354,2026-07-07 14:04:23.602888,2026-07-07 14:04:37.806455,0 days 00:00:14.203567,28.30885594316082,5,COMPLETE
558,0.06474432785496637,0.45862379240043316,2026-07-07 14:04:23.603471,2026-07-07 14:04:27.045987,0 days 00:00:03.442516,0.8095077583711462,5,COMPLETE
559,0.02444206754429007,0.46575875814473594,2026-07-07 14:04:23.603647,2026-07-07 14:04:32.208262,0 days 00:00:08.604615,99.55818585705046,5,COMPLETE
560,0.01989458255377452,0.466360757068072,2026-07-07 14:04:23.604580,2026-07-07 14:04:36.966611,0 days 00:00:13.362031,41.39096839509849,5,COMPLETE
561,0.0242305448530048,0.4657434250907228,2026-07-07 14:04:23.759596,2026-07-07 14:04:32.737168,0 days 00:00:08.977572,89.4780417261089,5,COMPLETE
562,0.007924964152816794,0.4685483716261189,2026-07-07 14:04:23.919368,2026-07-07 14:04:38.685563,0 days 00:00:14.766195,31.74563997313296,5,COMPLETE
563,0.01672574017280165,0.4671510097492445,2026-07-07 14:04:24.728800,2026-07-07 14:04:32.750728,0 days 00:00:08.021928,47.28760403416319,5,COMPLETE
564,0.016124316505908454,0.46704043409298707,2026-07-07 14:04:24.898737,2026-07-07 14:04:34.582116,0 days 00:00:09.683379,34.126992705405044,5,COMPLETE
565,0.013888750319975607,0.4674675883033629,2026-07-07 14:04:25.217640,2026-07-07 14:04:30.342566,0 days 00:00:05.124926,30.065939815346617,5,COMPLETE
566,0.020878753205038403,0.46618882772285786,2026-07-07 14:04:25.219668,2026-07-07 14:04:31.822077,0 days 00:00:06.602409,72.27061123169653,5,COMPLETE
567,0.01942088382618551,0.46649226638366315,2026-07-07 14:04:25.375503,2026-07-07 14:04:38.482554,0 days 00:00:13.107051,58.23111760357814,5,COMPLETE
568,0.021243434859588295,0.4661790503947346,2026-07-07 14:04:25.376688,2026-07-07 14:04:37.636358,0 days 00:00:12.259670,68.05880890829229,5,COMPLETE
569,0.020286201299577755,0.4662715399288674,2026-07-07 14:04:25.382061,2026-07-07 14:04:36.587183,0 days 00:00:11.205122,73.78421347354598,5,COMPLETE
570,0.01568429957200773,0.4670044655543853,2026-07-07 14:04:26.183212,2026-07-07 14:04:36.611661,0 days 00:00:10.428449,19.09127971383865,5,COMPLETE
571,0.016745897149653355,0.4669111143184654,2026-07-07 14:04:27.035947,2026-07-07 14:04:40.524065,0 days 00:00:13.488118,23.790042997240803,5,COMPLETE
572,0.018171436649607076,0.46665285898760867,2026-07-07 14:04:27.808766,2026-07-07 14:04:41.516742,0 days 00:00:13.707976,23.266436580837457,5,COMPLETE
573,0.019483234543375194,0.4663803272418672,2026-07-07 14:04:28.003018,2026-07-07 14:04:37.983250,0 days 00:00:09.980232,74.96587146324343,5,COMPLETE
574,0.014604242455774796,0.4672929539667459,2026-07-07 14:04:28.629081,2026-07-07 14:04:39.840623,0 days 00:00:11.211542,38.03633510728487,5,COMPLETE
575,0.016490682603544304,0.4669615386619125,2026-07-07 14:04:28.794027,2026-07-07 14:04:38.689119,0 days 00:00:09.895092,36.601252447004484,5,COMPLETE
576,0.01702111298051151,0.46701645514856505,2026-07-07 14:04:28.814007,2026-07-07 14:04:42.603852,0 days 00:00:13.789845,44.893934108289976,5,COMPLETE
577,0.009401926961071283,0.46801167737911853,2026-07-07 14:04:28.816349,2026-07-07 14:04:33.752930,0 days 00:00:04.936581,16.494990537376204,5,COMPLETE
578,0.015297716697366404,0.46699020633806,2026-07-07 14:04:28.818455,2026-07-07 14:04:32.751230,0 days 00:00:03.932775,7.610835460026643,5,COMPLETE
579,0.015352774763251587,0.4671970668819599,2026-07-07 14:04:28.820019,2026-07-07 14:04:32.547526,0 days 00:00:03.727507,53.22533422444974,5,COMPLETE
