number,values_0,values_1,datetime_start,datetime_complete,duration,params_input_force,system_attrs_NSGAIISampler:generation,state
2159,0.02145196365236124,0.4661533683649322,2026-07-07 14:08:54.819797,2026-07-07 14:09:04.589865,0 days 00:00:09.770068,79.9645558455548,21,COMPLETE
2160,0.011845322614407627,0.4678405962603497,2026-07-07 14:08:54.978297,2026-07-07 14:09:07.164982,0 days 00:00:12.186685,21.24606179922021,21,COMPLETE
2161,0.015041506484235356,0.46740491204900364,2026-07-07 14:08:55.137595,2026-07-07 14:09:07.209317,0 days 00:00:12.071722,20.508131393226204,21,COMPLETE
2162,0.017396813450329784,0.46694952140037405,2026-07-07 14:08:55.140528,2026-07-07 14:09:06.511589,0 days 00:00:11.371061,46.01279877485848,21,COMPLETE
2163,0.015512946513119186,0.46697873416180796,2026-07-07 14:08:56.694887,2026-07-07 14:09:07.525906,0 days 00:00:10.831019,7.765364814874378,21,COMPLETE
2164,0.02174916395842602,0.4660944122667734,2026-07-07 14:08:56.697943,2026-07-07 14:09:08.736434,0 days 00:00:12.038491,65.90576433521916,21,COMPLETE
2165,0.020965896276781415,0.46620823521680954,2026-07-07 14:08:57.187202,2026-07-07 14:09:10.949313,0 days 00:00:13.762111,70.57166627009778,21,COMPLETE
2166,0.0030948137838026635,0.4692791089444113,2026-07-07 14:08:57.194327,2026-07-07 14:09:07.898922,0 days 00:00:10.704595,4.73574782435772,21,COMPLETE
2167,0.015899827580423465,0.46703839576212114,2026-07-07 14:08:57.528354,2026-07-07 14:09:04.220117,0 days 00:00:06.691763,34.117015855997145,21,COMPLETE
2168,0.02216459392465442,0.46603002162475204,2026-07-07 14:08:57.531001,2026-07-07 14:09:08.221730,0 days 00:00:10.690729,69.0782720800324,21,COMPLETE
2169,0.020123019669986864,0.46637477857558773,2026-07-07 14:08:57.542826,2026-07-07 14:09:04.219955,0 days 00:00:06.677129,67.00101172552117,21,COMPLETE
2170,0.017285717654008326,0.4669169114153215,2026-07-07 14:08:58.185279,2026-07-07 14:09:07.891245,0 days 00:00:09.705966,48.24785890026671,21,COMPLETE
2171,0.014573113432692464,0.4673887575197275,2026-07-07 14:08:58.524754,2026-07-07 14:09:03.888706,0 days 00:00:05.363952,22.73530235728624,21,COMPLETE
2172,0.02141376377164267,0.46615720655040493,2026-07-07 14:08:59.324753,2026-07-07 14:09:08.227221,0 days 00:00:08.902468,79.81770101314925,21,COMPLETE
2173,0.017508646642168113,0.46694463723761725,2026-07-07 14:08:59.498227,2026-07-07 14:09:09.227702,0 days 00:00:09.729475,50.496514437571314,21,COMPLETE
2174,0.023727116436664142,0.46585596026931486,2026-07-07 14:08:59.672236,2026-07-07 14:09:08.225832,0 days 00:00:08.553596,87.48164221520567,21,COMPLETE
2175,0.01591417022289654,0.4669260540342271,2026-07-07 14:08:59.850392,2026-07-07 14:09:04.219639,0 days 00:00:04.369247,39.945976439642756,21,COMPLETE
2176,0.016413785141241033,0.4668961410761494,2026-07-07 14:09:00.429662,2026-07-07 14:09:09.938603,0 days 00:00:09.508941,30.133495072375524,21,COMPLETE
2177,0.019034686674731904,0.46669658775001216,2026-07-07 14:09:00.913484,2026-07-07 14:09:04.577074,0 days 00:00:03.663590,59.28243790518079,21,COMPLETE
2178,0.02202637510489358,0.46608424189256836,2026-07-07 14:09:00.927753,2026-07-07 14:09:08.392958,0 days 00:00:07.465205,81.11800091861855,21,COMPLETE
2179,0.021394865682679787,0.46612934197724604,2026-07-07 14:09:00.929970,2026-07-07 14:09:07.867558,0 days 00:00:06.937588,70.37777748008823,21,COMPLETE
2180,0.023321692753459133,0.4659552427802046,2026-07-07 14:09:01.103442,2026-07-07 14:09:11.999197,0 days 00:00:10.895755,86.04037759457121,21,COMPLETE
2181,0.015647089530817837,0.46715586993021063,2026-07-07 14:09:01.296905,2026-07-07 14:09:08.901749,0 days 00:00:07.604844,53.35014963072152,21,COMPLETE
2182,0.019729140674079215,0.46632249999564607,2026-07-07 14:09:01.299210,2026-07-07 14:09:09.070649,0 days 00:00:07.771439,75.34455994448162,21,COMPLETE
2183,0.017040080230008137,0.466977519280202,2026-07-07 14:09:01.300690,2026-07-07 14:09:12.671864,0 days 00:00:11.371174,46.413488061893574,21,COMPLETE
2184,0.015430937961511348,0.46715122761640815,2026-07-07 14:09:01.307134,2026-07-07 14:09:10.287263,0 days 00:00:08.980129,27.362405359352312,21,COMPLETE
2185,0.00795464315947525,0.46809157143020586,2026-07-07 14:09:01.309596,2026-07-07 14:09:07.553791,0 days 00:00:06.244195,1.535053748453198,21,COMPLETE
2186,0.021478760738799563,0.46610906025836385,2026-07-07 14:09:01.312599,2026-07-07 14:09:08.910024,0 days 00:00:07.597425,78.76633651840105,21,COMPLETE
2187,0.02329172334778712,0.46596362061298097,2026-07-07 14:09:01.324893,2026-07-07 14:09:10.296340,0 days 00:00:08.971447,85.89377620776987,21,COMPLETE
2188,0.01368999157917411,0.46754401275854907,2026-07-07 14:09:01.332521,2026-07-07 14:09:12.667134,0 days 00:00:11.334613,34.995436707631654,21,COMPLETE
2189,0.024166025708486305,0.4657652338384177,2026-07-07 14:09:01.334850,2026-07-07 14:09:12.162052,0 days 00:00:10.827202,88.51841874607014,21,COMPLETE
2190,0.016286301052071184,0.4670383047935993,2026-07-07 14:09:01.338942,2026-07-07 14:09:12.682618,0 days 00:00:11.343676,52.313464280538305,21,COMPLETE
2191,0.024759917562831413,0.46570208923561524,2026-07-07 14:09:01.341415,2026-07-07 14:09:09.944191,0 days 00:00:08.602776,92.25584646348796,21,COMPLETE
2192,0.016858006747041743,0.46693133366375866,2026-07-07 14:09:01.811764,2026-07-07 14:09:10.293542,0 days 00:00:08.481778,37.63549593417243,21,COMPLETE
2193,0.015299863025527605,0.46716727820592713,2026-07-07 14:09:01.825927,2026-07-07 14:09:11.648793,0 days 00:00:09.822866,31.12954366354533,21,COMPLETE
2194,0.010028026492381492,0.4680290243550511,2026-07-07 14:09:02.136566,2026-07-07 14:09:15.529218,0 days 00:00:13.392652,11.881242488128777,21,COMPLETE
2195,0.01825667104480344,0.4667146794528335,2026-07-07 14:09:02.138954,2026-07-07 14:09:12.184052,0 days 00:00:10.045098,23.459929738324124,21,COMPLETE
2196,0.022211393361939002,0.46602056278921655,2026-07-07 14:09:02.139795,2026-07-07 14:09:09.730005,0 days 00:00:07.590210,69.1487174811666,21,COMPLETE
2197,0.017384355530320805,0.46688086175504934,2026-07-07 14:09:02.143268,2026-07-07 14:09:10.272692,0 days 00:00:08.129424,48.03027468758398,21,COMPLETE
2198,0.020300449139857346,0.4663365496694281,2026-07-07 14:09:02.144867,2026-07-07 14:09:15.024263,0 days 00:00:12.879396,67.13378221457377,21,COMPLETE
2199,0.020344755434909045,0.46631391574803244,2026-07-07 14:09:02.147300,2026-07-07 14:09:13.323902,0 days 00:00:11.176602,66.78992918168628,21,COMPLETE
2200,0.020582893223405896,0.46626859210713034,2026-07-07 14:09:02.302273,2026-07-07 14:09:08.570742,0 days 00:00:06.268469,77.93863959603735,21,COMPLETE
2201,0.02142751924845132,0.46615274584405464,2026-07-07 14:09:02.303013,2026-07-07 14:09:11.134918,0 days 00:00:08.831905,79.62575501386979,21,COMPLETE
2202,0.020527423706504733,0.46625960033652436,2026-07-07 14:09:02.305443,2026-07-07 14:09:15.001108,0 days 00:00:12.695665,71.73031854155761,21,COMPLETE
2203,0.017621670366730235,0.4667044363001548,2026-07-07 14:09:02.463948,2026-07-07 14:09:13.845523,0 days 00:00:11.381575,22.886250984513083,21,COMPLETE
2204,0.020166627095975942,0.4662966356107663,2026-07-07 14:09:03.107904,2026-07-07 14:09:13.335854,0 days 00:00:10.227950,73.89772808564676,21,COMPLETE
2205,0.024711245229559697,0.4656972290719394,2026-07-07 14:09:03.433035,2026-07-07 14:09:12.178767,0 days 00:00:08.745732,91.86712371585766,21,COMPLETE
2206,0.016029558626216744,0.46686272925424893,2026-07-07 14:09:03.467815,2026-07-07 14:09:08.746063,0 days 00:00:05.278248,29.809803864981337,21,COMPLETE
2207,0.018099490667146945,0.46678459855145443,2026-07-07 14:09:03.470618,2026-07-07 14:09:07.866742,0 days 00:00:04.396124,50.26320241165337,21,COMPLETE
2208,0.012187379346852267,0.46762975453351713,2026-07-07 14:09:03.709698,2026-07-07 14:09:15.532818,0 days 00:00:11.823120,6.548761766671055,21,COMPLETE
2209,0.02413793912791734,0.4657582745770201,2026-07-07 14:09:04.377383,2026-07-07 14:09:17.215387,0 days 00:00:12.838004,90.69139502983944,21,COMPLETE
2210,0.015066289536570243,0.4668710197990488,2026-07-07 14:09:04.405025,2026-07-07 14:09:16.841389,0 days 00:00:12.436364,8.156192691596722,21,COMPLETE
2211,0.021959268364350026,0.4660916524970655,2026-07-07 14:09:04.406118,2026-07-07 14:09:16.024914,0 days 00:00:11.618796,64.65609503289751,21,COMPLETE
2212,0.014101693014190897,0.4674218518757789,2026-07-07 14:09:04.409369,2026-07-07 14:09:16.883152,0 days 00:00:12.473783,29.341123856291226,21,COMPLETE
2213,0.022878501782963745,0.4651964416292837,2026-07-07 14:09:04.585337,2026-07-07 14:09:17.924008,0 days 00:00:13.338671,1.994354175009341,21,COMPLETE
2214,0.01394630990255924,0.4672874241778049,2026-07-07 14:09:04.587936,2026-07-07 14:09:10.268553,0 days 00:00:05.680617,18.175504806105884,21,COMPLETE
2215,0.02225195943099162,0.46605404771698006,2026-07-07 14:09:04.588902,2026-07-07 14:09:11.994379,0 days 00:00:07.405477,64.51138910281931,21,COMPLETE
2216,0.020833898650305216,0.4657803454344366,2026-07-07 14:09:04.589776,2026-07-07 14:09:15.026687,0 days 00:00:10.436911,2.2656147365146673,21,COMPLETE
2217,0.022831436641127245,0.466002233282879,2026-07-07 14:09:04.590795,2026-07-07 14:09:15.534588,0 days 00:00:10.943793,83.2629965243154,21,COMPLETE
2218,0.016890326412833723,0.46694707485172743,2026-07-07 14:09:04.590972,2026-07-07 14:09:12.673081,0 days 00:00:08.082109,46.64604445510973,21,COMPLETE
2219,0.015674328739503807,0.4670754453375597,2026-07-07 14:09:04.756606,2026-07-07 14:09:10.288435,0 days 00:00:05.531829,38.712134895509536,21,COMPLETE
2220,0.025013761221806596,0.46569023104041307,2026-07-07 14:09:04.758690,2026-07-07 14:09:15.016254,0 days 00:00:10.257564,97.77315382181638,21,COMPLETE
2221,0.024464170326046586,0.4657577124085046,2026-07-07 14:09:04.914381,2026-07-07 14:09:16.858255,0 days 00:00:11.943874,99.28458830053516,21,COMPLETE
2222,0.010351612035068014,0.46798641725148227,2026-07-07 14:09:04.915647,2026-07-07 14:09:10.291395,0 days 00:00:05.375748,4.91703897317289,21,COMPLETE
2223,0.017606651767426096,0.4667831707507677,2026-07-07 14:09:04.917852,2026-07-07 14:09:17.915604,0 days 00:00:12.997752,54.77233930941433,21,COMPLETE
2224,0.016771467807773555,0.466961106008062,2026-07-07 14:09:05.227899,2026-07-07 14:09:17.899235,0 days 00:00:12.671336,40.628744581005066,21,COMPLETE
2225,0.021627699180334803,0.46613221734277144,2026-07-07 14:09:05.383450,2026-07-07 14:09:15.029847,0 days 00:00:09.646397,80.35008452395215,21,COMPLETE
2226,0.016936230517136996,0.4670181651234995,2026-07-07 14:09:05.695852,2026-07-07 14:09:11.999357,0 days 00:00:06.303505,50.17788455834343,21,COMPLETE
2227,0.015947192277992017,0.4670768794363558,2026-07-07 14:09:06.163674,2026-07-07 14:09:16.892763,0 days 00:00:10.729089,28.055466464493893,21,COMPLETE
2228,0.010949490075447765,0.4677669123349862,2026-07-07 14:09:08.224442,2026-07-07 14:09:20.717618,0 days 00:00:12.493176,7.799005004665993,21,COMPLETE
2229,0.02072612501859833,0.4662528929333637,2026-07-07 14:09:08.737331,2026-07-07 14:09:21.454030,0 days 00:00:12.716699,77.85151427816263,21,COMPLETE
2230,0.007611666962774155,0.46861094409865434,2026-07-07 14:09:08.739345,2026-07-07 14:09:18.590345,0 days 00:00:09.851000,12.743458637450129,21,COMPLETE
2231,0.011967504313271926,0.4677273209068503,2026-07-07 14:09:08.913337,2026-07-07 14:09:17.893546,0 days 00:00:08.980209,6.670135136406247,21,COMPLETE
2232,0.016869477302324076,0.4668872259971374,2026-07-07 14:09:08.913742,2026-07-07 14:09:21.231802,0 days 00:00:12.318060,37.48827484626274,21,COMPLETE
2233,0.019904250758702446,0.4662877671960953,2026-07-07 14:09:09.070864,2026-07-07 14:09:17.878900,0 days 00:00:08.808036,41.40662363874019,21,COMPLETE
2234,0.008042188366227554,0.46825699696385253,2026-07-07 14:09:09.230043,2026-07-07 14:09:15.047071,0 days 00:00:05.817028,10.094338839339846,21,COMPLETE
2235,0.014019186045452992,0.46741263314561177,2026-07-07 14:09:09.541304,2026-07-07 14:09:16.679020,0 days 00:00:07.137716,39.48070145399483,21,COMPLETE
2236,0.14300279558355733,0.44812638427155893,2026-07-07 14:09:09.726252,2026-07-07 14:09:21.236517,0 days 00:00:11.510265,0.33763704417063034,21,COMPLETE
2237,0.014634390468987901,0.4675008025992663,2026-07-07 14:09:09.753625,2026-07-07 14:09:18.092724,0 days 00:00:08.339099,19.34071573806004,21,COMPLETE
2238,0.011099261745831313,0.4678614115974472,2026-07-07 14:09:09.918559,2026-07-07 14:09:18.260218,0 days 00:00:08.341659,31.767418421595938,21,COMPLETE
2239,0.015839615238703808,0.4671062905213585,2026-07-07 14:09:09.947162,2026-07-07 14:09:21.974259,0 days 00:00:12.027097,42.07203294097895,21,COMPLETE
2240,0.02523064515633816,0.46566363759324425,2026-07-07 14:09:10.107224,2026-07-07 14:09:21.454297,0 days 00:00:11.347073,96.73542537846208,21,COMPLETE
2241,0.018208941591094763,0.46667329305338834,2026-07-07 14:09:10.280458,2026-07-07 14:09:18.080975,0 days 00:00:07.800517,45.38113428608614,21,COMPLETE
2242,0.024138094186567982,0.46577370786297356,2026-07-07 14:09:10.607920,2026-07-07 14:09:18.275640,0 days 00:00:07.667720,88.34789645036317,22,COMPLETE
2243,0.01990899791496198,0.46653407391715673,2026-07-07 14:09:10.765452,2026-07-07 14:09:14.026500,0 days 00:00:03.261048,61.99932479714173,22,COMPLETE
2244,0.02421650585402413,0.4657413774365106,2026-07-07 14:09:10.933581,2026-07-07 14:09:21.442558,0 days 00:00:10.508977,89.87094179742506,22,COMPLETE
2245,0.019077383196597963,0.46655479772470065,2026-07-07 14:09:10.949091,2026-07-07 14:09:21.967060,0 days 00:00:11.017969,42.02890042014372,22,COMPLETE
2246,0.025098031410182742,0.4656816313631376,2026-07-07 14:09:11.123614,2026-07-07 14:09:21.251391,0 days 00:00:10.127777,97.36118563193719,22,COMPLETE
2247,0.016537922928899496,0.4671000969979667,2026-07-07 14:09:11.297053,2026-07-07 14:09:13.337381,0 days 00:00:02.040328,39.0741931598958,22,COMPLETE
2248,0.017323561059718884,0.4669887752460712,2026-07-07 14:09:11.615994,2026-07-07 14:09:16.874112,0 days 00:00:05.258118,48.45840466855551,22,COMPLETE
2249,0.024565766840275616,0.4657477982851066,2026-07-07 14:09:11.640729,2026-07-07 14:09:21.438387,0 days 00:00:09.797658,98.78676823290246,22,COMPLETE
2250,0.02344744491766121,0.4659235965179229,2026-07-07 14:09:11.807639,2026-07-07 14:09:17.894145,0 days 00:00:06.086506,86.47218803726707,22,COMPLETE
2251,0.016605834751818038,0.46691578674340484,2026-07-07 14:09:11.810951,2026-07-07 14:09:21.238195,0 days 00:00:09.427244,39.22036253418856,22,COMPLETE
2252,0.022834251035135422,0.46600184714723947,2026-07-07 14:09:11.976375,2026-07-07 14:09:20.716666,0 days 00:00:08.740291,83.28075311207542,22,COMPLETE
2253,0.01759818149067499,0.46697836286400196,2026-07-07 14:09:11.977975,2026-07-07 14:09:21.233438,0 days 00:00:09.255463,48.93629220620497,22,COMPLETE
2254,0.019493401386607323,0.46637785552004357,2026-07-07 14:09:11.983349,2026-07-07 14:09:21.627807,0 days 00:00:09.644458,74.98231473224581,22,COMPLETE
2255,0.014873636520560951,0.4671661292386937,2026-07-07 14:09:11.984603,2026-07-07 14:09:18.095025,0 days 00:00:06.110422,33.61406282622424,22,COMPLETE
2256,0.01459196982530725,0.467500046920695,2026-07-07 14:09:11.998380,2026-07-07 14:09:21.800624,0 days 00:00:09.802244,20.731678546449995,22,COMPLETE
2257,0.01623819925365866,0.46710193913805187,2026-07-07 14:09:12.669570,2026-07-07 14:09:17.915362,0 days 00:00:05.245792,23.43911955193245,22,COMPLETE
2258,0.014654997638061773,0.4672543366037336,2026-07-07 14:09:12.674787,2026-07-07 14:09:26.491702,0 days 00:00:13.816915,42.579276824733505,22,COMPLETE
2259,0.024225851394913345,0.465746069164548,2026-07-07 14:09:12.841067,2026-07-07 14:09:27.521024,0 days 00:00:14.679957,89.32380630122472,22,COMPLETE
2260,0.018736431529559505,0.4665315277728914,2026-07-07 14:09:12.847448,2026-07-07 14:09:26.098503,0 days 00:00:13.251055,57.20948388491168,22,COMPLETE
2261,0.016605753246192678,0.4669662837912741,2026-07-07 14:09:13.005799,2026-07-07 14:09:21.631901,0 days 00:00:08.626102,36.75707648752561,22,COMPLETE
2262,0.01856498141207058,0.4663598293163467,2026-07-07 14:09:13.502119,2026-07-07 14:09:24.750453,0 days 00:00:11.248334,2.9825016051498277,22,COMPLETE
2263,0.025137765673963086,0.46567514368964563,2026-07-07 14:09:13.502322,2026-07-07 14:09:20.718191,0 days 00:00:07.215869,93.81212388381996,22,COMPLETE
2264,0.01250235461650101,0.4677481633417936,2026-07-07 14:09:13.660547,2026-07-07 14:09:26.143468,0 days 00:00:12.482921,37.876157800481266,22,COMPLETE
2265,0.024945444786017568,0.4656976861114917,2026-07-07 14:09:13.662106,2026-07-07 14:09:24.392376,0 days 00:00:10.730270,97.96034691595942,22,COMPLETE
2266,0.018943072100990332,0.46668400170399127,2026-07-07 14:09:13.816730,2026-07-07 14:09:26.983751,0 days 00:00:13.167021,58.71397225822822,22,COMPLETE
2267,0.020741971622406596,0.4662630567852242,2026-07-07 14:09:13.820863,2026-07-07 14:09:22.136988,0 days 00:00:08.316125,76.86821864272049,22,COMPLETE
2268,0.017126951462998197,0.46709883247061623,2026-07-07 14:09:13.840435,2026-07-07 14:09:24.752499,0 days 00:00:10.912064,43.93016653505906,22,COMPLETE
2269,0.012085333018125255,0.46762903288688507,2026-07-07 14:09:14.013461,2026-07-07 14:09:26.983849,0 days 00:00:12.970388,16.783757896640015,22,COMPLETE
2270,0.02422705201744607,0.4657453734523095,2026-07-07 14:09:14.988969,2026-07-07 14:09:25.089161,0 days 00:00:10.100192,89.34655416617558,22,COMPLETE
2271,0.019768589748358212,0.46631250003431607,2026-07-07 14:09:14.996437,2026-07-07 14:09:25.928468,0 days 00:00:10.932031,75.46375904536414,22,COMPLETE
2272,0.016339429576642805,0.4670316046819861,2026-07-07 14:09:15.012923,2026-07-07 14:09:26.480416,0 days 00:00:11.467493,41.66253972949114,22,COMPLETE
2273,0.022155581786834577,0.46603345960808107,2026-07-07 14:09:15.013811,2026-07-07 14:09:18.594282,0 days 00:00:03.580471,65.38784418222232,22,COMPLETE
2274,0.012501897759623848,0.46771231600343843,2026-07-07 14:09:15.209837,2026-07-07 14:09:26.491853,0 days 00:00:11.282016,32.15835889851469,22,COMPLETE
2275,0.02156583175850968,0.46613528977061275,2026-07-07 14:09:16.030398,2026-07-07 14:09:28.056460,0 days 00:00:12.026062,68.38771093805454,22,COMPLETE
2276,0.021410272602326808,0.4661574640563196,2026-07-07 14:09:16.498296,2026-07-07 14:09:21.613543,0 days 00:00:05.115247,79.79169546966175,22,COMPLETE
2277,0.015435417512260463,0.4671948725809789,2026-07-07 14:09:16.503491,2026-07-07 14:09:27.323594,0 days 00:00:10.820103,52.53681705219581,22,COMPLETE
2278,0.023616972115242607,0.46587883675107566,2026-07-07 14:09:16.660591,2026-07-07 14:09:27.883094,0 days 00:00:11.222503,87.03203742050215,22,COMPLETE
2279,0.020852407054177513,0.46618982803649106,2026-07-07 14:09:16.844068,2026-07-07 14:09:21.435169,0 days 00:00:04.591101,72.38509292055214,22,COMPLETE
2280,-0.08438987818801369,0.47985449088375975,2026-07-07 14:09:16.847878,2026-07-07 14:09:25.266445,0 days 00:00:08.418567,1.2548038038506752,22,COMPLETE
2281,0.016451932386153112,0.46683617133475064,2026-07-07 14:09:16.857339,2026-07-07 14:09:25.078050,0 days 00:00:08.220711,34.57010979308749,22,COMPLETE
2282,0.02059476099766311,0.4663121183159783,2026-07-07 14:09:16.870386,2026-07-07 14:09:21.802548,0 days 00:00:04.932162,77.46148477958236,22,COMPLETE
2283,0.015265509096933583,0.46719401437458763,2026-07-07 14:09:16.877405,2026-07-07 14:09:27.335102,0 days 00:00:10.457697,28.236293113114982,22,COMPLETE
2284,0.014197829054754085,0.4673764113582557,2026-07-07 14:09:16.893079,2026-07-07 14:09:19.068759,0 days 00:00:02.175680,18.504540859529737,22,COMPLETE
2285,0.02105185758792799,0.4663932126496183,2026-07-07 14:09:17.210135,2026-07-07 14:09:22.151952,0 days 00:00:04.941817,63.54269903685788,22,COMPLETE
2286,0.012646722980902636,0.46764878123456877,2026-07-07 14:09:17.223015,2026-07-07 14:09:27.001462,0 days 00:00:09.778447,15.774721904303153,22,COMPLETE
2287,0.01747973447810175,0.46694977534646354,2026-07-07 14:09:17.537870,2026-07-07 14:09:26.989959,0 days 00:00:09.452089,50.45536042557605,22,COMPLETE
2288,0.02042030214572782,0.466502633643634,2026-07-07 14:09:17.551822,2026-07-07 14:09:27.321158,0 days 00:00:09.769336,62.72897886705317,22,COMPLETE
2289,0.011628474552556833,0.46789028718782955,2026-07-07 14:09:17.722084,2026-07-07 14:09:28.055749,0 days 00:00:10.333665,17.79914138562992,22,COMPLETE
2290,0.017020090661466758,0.46690682581296156,2026-07-07 14:09:17.900287,2026-07-07 14:09:26.480993,0 days 00:00:08.580706,47.80524677724609,22,COMPLETE
2291,0.023607734964821547,0.465882169171682,2026-07-07 14:09:18.080203,2026-07-07 14:09:30.385768,0 days 00:00:12.305565,86.97307869978134,22,COMPLETE
2292,0.018389295125690652,0.46682142013443023,2026-07-07 14:09:18.429770,2026-07-07 14:09:29.920775,0 days 00:00:11.491005,43.68878215953748,22,COMPLETE
2293,0.023306268298789012,0.46543440488719146,2026-07-07 14:09:18.591853,2026-07-07 14:09:29.744336,0 days 00:00:11.152483,2.018566679326586,22,COMPLETE
2294,0.016348966784208052,0.46703646051490366,2026-07-07 14:09:18.907017,2026-07-07 14:09:27.345098,0 days 00:00:08.438081,19.727525920169178,22,COMPLETE
2295,0.01691154120430055,0.46699979408567793,2026-07-07 14:09:18.909025,2026-07-07 14:09:25.261520,0 days 00:00:06.352495,49.19176043699539,22,COMPLETE
2296,0.012390555704330675,0.46756211867842123,2026-07-07 14:09:18.911765,2026-07-07 14:09:29.577780,0 days 00:00:10.666015,9.769049386218303,22,COMPLETE
2297,0.01298600086949725,0.46754110915470415,2026-07-07 14:09:19.065976,2026-07-07 14:09:26.470660,0 days 00:00:07.404684,17.545152381552363,22,COMPLETE
2298,0.014343819265249746,0.46723315534907084,2026-07-07 14:09:19.070135,2026-07-07 14:09:27.865471,0 days 00:00:08.795336,33.58646180050188,22,COMPLETE
2299,0.019772457629996132,0.46630971724383374,2026-07-07 14:09:19.225835,2026-07-07 14:09:26.991802,0 days 00:00:07.765967,75.54811271878069,22,COMPLETE
2300,0.017785674801835516,0.4670509634846195,2026-07-07 14:09:19.230468,2026-07-07 14:09:28.224546,0 days 00:00:08.994078,24.475289190840087,22,COMPLETE
2301,0.015131647432207518,0.46719692101699134,2026-07-07 14:09:19.234399,2026-07-07 14:09:31.014077,0 days 00:00:11.779678,21.36209090646109,22,COMPLETE
