number,values_0,values_1,datetime_start,datetime_complete,duration,params_input_force,system_attrs_NSGAIISampler:generation,state
2874,0.013097038501185931,0.4673357775689415,2026-07-07 14:10:56.126738,2026-07-07 14:11:06.988362,0 days 00:00:10.861624,18.0702286948429,28,COMPLETE
2875,0.014231055565721129,0.4673885767911789,2026-07-07 14:10:56.128932,2026-07-07 14:11:04.825146,0 days 00:00:08.696214,22.43325745648239,28,COMPLETE
2876,0.012295484273008306,0.46747083076045337,2026-07-07 14:10:56.132520,2026-07-07 14:11:07.713728,0 days 00:00:11.581208,14.519167976359535,28,COMPLETE
2877,0.024119014096665947,0.46574810918801196,2026-07-07 14:10:56.138567,2026-07-07 14:11:01.655508,0 days 00:00:05.516941,90.52020818648008,28,COMPLETE
2878,0.025415798857310934,0.46564406212969844,2026-07-07 14:10:57.073849,2026-07-07 14:11:04.824711,0 days 00:00:07.750862,95.63360183849768,28,COMPLETE
2879,0.0223397090395126,0.466045618909015,2026-07-07 14:10:57.082849,2026-07-07 14:11:08.185721,0 days 00:00:11.102872,81.72558245096937,28,COMPLETE
2880,0.017029672001320384,0.4668659465975962,2026-07-07 14:10:57.395207,2026-07-07 14:11:07.166840,0 days 00:00:09.771633,27.284162747369884,28,COMPLETE
2881,0.02043335692391579,0.4662946833482773,2026-07-07 14:10:58.038568,2026-07-07 14:11:07.703255,0 days 00:00:09.664687,78.08246314063936,28,COMPLETE
2882,0.015708359931911497,0.46709218831081223,2026-07-07 14:10:58.535504,2026-07-07 14:11:08.425457,0 days 00:00:09.889953,40.78841882953556,28,COMPLETE
2883,0.02037688837034113,0.4663100898235294,2026-07-07 14:10:58.720211,2026-07-07 14:11:10.865351,0 days 00:00:12.145140,66.83704139430998,28,COMPLETE
2884,0.0250468647104512,0.46568717829310946,2026-07-07 14:10:58.809162,2026-07-07 14:11:08.244888,0 days 00:00:09.435726,97.64603689259128,28,COMPLETE
2885,0.02538235889446494,0.4656466330038673,2026-07-07 14:10:59.286540,2026-07-07 14:11:08.214036,0 days 00:00:08.927496,96.03013206232993,28,COMPLETE
2886,0.015827140165094344,0.4671173489888874,2026-07-07 14:10:59.786454,2026-07-07 14:11:11.515965,0 days 00:00:11.729511,27.454379603897532,28,COMPLETE
2887,0.019858527239867085,0.46637531464257664,2026-07-07 14:11:00.105284,2026-07-07 14:11:08.583680,0 days 00:00:08.478396,55.56337120281304,28,COMPLETE
2888,0.024824078203761035,0.46571362231584695,2026-07-07 14:11:00.108815,2026-07-07 14:11:11.859804,0 days 00:00:11.750989,98.19617593761896,28,COMPLETE
2889,0.011479707532683403,0.4677295511467822,2026-07-07 14:11:00.109360,2026-07-07 14:11:10.854330,0 days 00:00:10.744970,4.0662372980067785,28,COMPLETE
2890,0.022767089343502078,0.46600986993447246,2026-07-07 14:11:00.112808,2026-07-07 14:11:12.424854,0 days 00:00:12.312046,82.96857052477148,28,COMPLETE
2891,0.024525360027772947,0.4656971168918097,2026-07-07 14:11:00.904356,2026-07-07 14:11:11.865422,0 days 00:00:10.961066,91.18807767167284,28,COMPLETE
2892,0.020287343823819526,0.46631124409406954,2026-07-07 14:11:01.219196,2026-07-07 14:11:11.520447,0 days 00:00:10.301251,77.33713098300805,28,COMPLETE
2893,0.013488185502613714,0.467614834771962,2026-07-07 14:11:01.221514,2026-07-07 14:11:12.817580,0 days 00:00:11.596066,20.340142517447582,28,COMPLETE
2894,0.019064593824275555,0.4664933320356892,2026-07-07 14:11:01.222696,2026-07-07 14:11:10.850660,0 days 00:00:09.627964,56.664367430835675,28,COMPLETE
2895,0.017915413058955054,0.46672123527410425,2026-07-07 14:11:01.227521,2026-07-07 14:11:12.817285,0 days 00:00:11.589764,47.103765467615105,28,COMPLETE
2896,0.01657254456062951,0.46703054957330575,2026-07-07 14:11:01.255470,2026-07-07 14:11:10.506921,0 days 00:00:09.251451,47.851560456885046,28,COMPLETE
2897,0.018735405031143515,0.4667979602022986,2026-07-07 14:11:01.421143,2026-07-07 14:11:11.520535,0 days 00:00:10.099392,45.65013448081692,28,COMPLETE
2898,0.024230395983805275,0.4657436674649739,2026-07-07 14:11:01.427434,2026-07-07 14:11:08.424763,0 days 00:00:06.997329,89.45766274161886,28,COMPLETE
2899,0.02250178738713776,0.4660274264030489,2026-07-07 14:11:01.472496,2026-07-07 14:11:05.310900,0 days 00:00:03.838404,82.0216245771233,28,COMPLETE
2900,0.012235459255948378,0.4674724158933752,2026-07-07 14:11:01.635981,2026-07-07 14:11:10.861225,0 days 00:00:09.225244,3.6570305782146915,28,COMPLETE
2901,0.01963667466460528,0.46604114172694644,2026-07-07 14:11:01.668063,2026-07-07 14:11:07.875463,0 days 00:00:06.207400,2.1233364401636874,28,COMPLETE
2902,0.022218486555266592,0.46602664388837695,2026-07-07 14:11:01.678052,2026-07-07 14:11:07.526957,0 days 00:00:05.848905,65.19311034781757,28,COMPLETE
2903,0.012411910534800175,0.4676549098560193,2026-07-07 14:11:01.837803,2026-07-07 14:11:11.529731,0 days 00:00:09.691928,32.65412860028234,28,COMPLETE
2904,0.02192441470992762,0.46607904621181745,2026-07-07 14:11:01.999623,2026-07-07 14:11:11.867805,0 days 00:00:09.868182,65.55614908808752,28,COMPLETE
2905,0.01566720773372876,0.46707948278784867,2026-07-07 14:11:02.001345,2026-07-07 14:11:07.536924,0 days 00:00:05.535579,45.25969544744104,28,COMPLETE
2906,0.011597498589570432,0.4676148991626825,2026-07-07 14:11:02.003009,2026-07-07 14:11:12.207515,0 days 00:00:10.204506,9.244833496893856,28,COMPLETE
2907,0.021054630126241758,0.4661881491510993,2026-07-07 14:11:02.314109,2026-07-07 14:11:12.596937,0 days 00:00:10.282828,60.21359971469017,28,COMPLETE
2908,0.010805873476296746,0.4678548731631903,2026-07-07 14:11:02.314345,2026-07-07 14:11:15.427529,0 days 00:00:13.113184,15.785726939606516,28,COMPLETE
2909,0.014418940671775404,0.4673916769115527,2026-07-07 14:11:02.317003,2026-07-07 14:11:11.861758,0 days 00:00:09.544755,36.3564605509523,28,COMPLETE
2910,0.022791144637098748,0.46600737266129244,2026-07-07 14:11:02.319592,2026-07-07 14:11:08.219816,0 days 00:00:05.900224,83.07373427569445,28,COMPLETE
2911,0.01812252942163467,0.4667824725824474,2026-07-07 14:11:02.321514,2026-07-07 14:11:12.824475,0 days 00:00:10.502961,50.15227512878146,28,COMPLETE
2912,0.023979995604952842,0.4658163602376674,2026-07-07 14:11:02.477711,2026-07-07 14:11:12.208955,0 days 00:00:09.731244,87.92005567484883,28,COMPLETE
2913,0.01806309225502495,0.4666751439229817,2026-07-07 14:11:02.478959,2026-07-07 14:11:09.693610,0 days 00:00:07.214651,54.45326586907017,28,COMPLETE
2914,0.020522010533909785,0.46625608115905265,2026-07-07 14:11:02.480704,2026-07-07 14:11:12.981122,0 days 00:00:10.500418,71.81645182446647,28,COMPLETE
2915,0.011551502016787396,0.4677210453799202,2026-07-07 14:11:02.482745,2026-07-07 14:11:12.795323,0 days 00:00:10.312578,18.211465033689276,28,COMPLETE
2916,0.020852619354835178,0.4662561176898926,2026-07-07 14:11:02.485868,2026-07-07 14:11:12.981437,0 days 00:00:10.495569,77.04691996040403,28,COMPLETE
2917,0.022070582485883172,0.4660621901370099,2026-07-07 14:11:02.488666,2026-07-07 14:11:07.162328,0 days 00:00:04.673662,64.88254574789119,28,COMPLETE
2918,0.022284168229394608,0.46605907361309445,2026-07-07 14:11:03.115532,2026-07-07 14:11:15.438934,0 days 00:00:12.323402,64.44210978122214,28,COMPLETE
2919,0.025130531201480455,0.46567582686637365,2026-07-07 14:11:03.588762,2026-07-07 14:11:12.606663,0 days 00:00:09.017901,93.77783463294116,28,COMPLETE
2920,0.014417038691462214,0.46720828890460614,2026-07-07 14:11:05.318272,2026-07-07 14:11:18.082800,0 days 00:00:12.764528,6.772292003100952,28,COMPLETE
2921,0.02483238967115947,0.4657032753787005,2026-07-07 14:11:05.324569,2026-07-07 14:11:15.434464,0 days 00:00:10.109895,92.62743302190775,28,COMPLETE
2922,0.013338459390688617,0.46752568409059175,2026-07-07 14:11:05.636172,2026-07-07 14:11:08.227202,0 days 00:00:02.591030,16.845626396716902,28,COMPLETE
2923,0.024207398889369958,0.46574191514962343,2026-07-07 14:11:05.645905,2026-07-07 14:11:16.415384,0 days 00:00:10.769479,89.96975341339032,28,COMPLETE
2924,0.02274878459554619,0.4660112779549596,2026-07-07 14:11:06.123671,2026-07-07 14:11:15.917798,0 days 00:00:09.794127,82.88119344802082,28,COMPLETE
2925,0.012947781268642045,0.4675051804503328,2026-07-07 14:11:06.127961,2026-07-07 14:11:15.257765,0 days 00:00:09.129804,15.370701752406232,28,COMPLETE
2926,0.025355652600655476,0.465649367367075,2026-07-07 14:11:06.143133,2026-07-07 14:11:16.421762,0 days 00:00:10.278629,96.19463473741158,28,COMPLETE
2927,0.023911114095635344,0.46583342382744974,2026-07-07 14:11:06.153726,2026-07-07 14:11:15.936683,0 days 00:00:09.782957,87.78303480892423,28,COMPLETE
2928,0.020867600094197858,0.4661886517111944,2026-07-07 14:11:06.786807,2026-07-07 14:11:16.422673,0 days 00:00:09.635866,72.33619140305078,28,COMPLETE
2929,0.02388718190099648,0.46583914539919047,2026-07-07 14:11:06.797068,2026-07-07 14:11:15.435354,0 days 00:00:08.638286,87.74167553660196,28,COMPLETE
2930,0.02016305044703498,0.4662973611196117,2026-07-07 14:11:06.801699,2026-07-07 14:11:16.419992,0 days 00:00:09.618293,73.90132769107133,28,COMPLETE
2931,0.017187585204502198,0.46653248944840103,2026-07-07 14:11:06.819775,2026-07-07 14:11:17.069563,0 days 00:00:10.249788,2.855620757353141,28,COMPLETE
2932,0.015925623839557423,0.4672744064384857,2026-07-07 14:11:06.826262,2026-07-07 14:11:12.373100,0 days 00:00:05.546838,24.285332422895777,28,COMPLETE
2933,0.019786353778707466,0.4659046371142509,2026-07-07 14:11:07.167053,2026-07-07 14:11:17.740341,0 days 00:00:10.573288,2.603153633025202,28,COMPLETE
2934,0.012631957859874254,0.4675061084189295,2026-07-07 14:11:07.174398,2026-07-07 14:11:12.633700,0 days 00:00:05.459302,15.217938700432306,28,COMPLETE
2935,0.02474648144012509,0.46569987285424186,2026-07-07 14:11:07.350295,2026-07-07 14:11:20.348376,0 days 00:00:12.998081,92.12421178854137,28,COMPLETE
2936,0.019510416280722642,0.4664676238707159,2026-07-07 14:11:08.187608,2026-07-07 14:11:19.484486,0 days 00:00:11.296878,58.20749346464001,28,COMPLETE
2937,0.02287270902655869,0.4659979752304735,2026-07-07 14:11:08.191291,2026-07-07 14:11:19.666013,0 days 00:00:11.474722,83.51583037924411,28,COMPLETE
2938,0.017756354353243742,0.4668874245024093,2026-07-07 14:11:08.192591,2026-07-07 14:11:20.563893,0 days 00:00:12.371302,50.670225841456,28,COMPLETE
2939,0.01744666527988059,0.46618855812868487,2026-07-07 14:11:08.197175,2026-07-07 14:11:18.080624,0 days 00:00:09.883449,3.251326648182991,28,COMPLETE
2940,0.018606011378502818,0.4668085624714849,2026-07-07 14:11:08.207789,2026-07-07 14:11:18.121117,0 days 00:00:09.913328,45.05833429051196,28,COMPLETE
2941,0.012418183566058949,0.46765203391656024,2026-07-07 14:11:08.249780,2026-07-07 14:11:18.090404,0 days 00:00:09.840624,38.05402597985219,28,COMPLETE
2942,0.024787268784854877,0.46571866740551127,2026-07-07 14:11:08.422752,2026-07-07 14:11:18.152708,0 days 00:00:09.729956,98.26454532539502,28,COMPLETE
2943,0.018666413229560308,0.466796896207052,2026-07-07 14:11:08.739112,2026-07-07 14:11:12.792032,0 days 00:00:04.052920,45.05195290363903,28,COMPLETE
2944,0.025100833245318033,0.46568122697144443,2026-07-07 14:11:08.895740,2026-07-07 14:11:20.362935,0 days 00:00:11.467195,97.34044387616767,28,COMPLETE
2945,0.024122788334660306,0.46574765498302273,2026-07-07 14:11:09.052431,2026-07-07 14:11:20.173298,0 days 00:00:11.120867,90.50922378296323,28,COMPLETE
2946,0.025076091353390395,0.46568433416521454,2026-07-07 14:11:09.055109,2026-07-07 14:11:18.078894,0 days 00:00:09.023785,97.50370019878389,28,COMPLETE
2947,0.02541598843045567,0.46564371106621616,2026-07-07 14:11:09.368913,2026-07-07 14:11:19.470371,0 days 00:00:10.101458,95.31199129335582,28,COMPLETE
2948,0.021855502630114154,0.46607312107593923,2026-07-07 14:11:09.369439,2026-07-07 14:11:17.230132,0 days 00:00:07.860693,65.84110887235325,28,COMPLETE
2949,0.016860201596555602,0.46698009758479,2026-07-07 14:11:09.526894,2026-07-07 14:11:20.541101,0 days 00:00:11.014207,22.8246366525365,28,COMPLETE
2950,0.01989969136294034,0.46648724225109794,2026-07-07 14:11:09.686630,2026-07-07 14:11:18.963327,0 days 00:00:09.276697,61.77654665693884,28,COMPLETE
2951,0.01993501695688077,0.4662963504199074,2026-07-07 14:11:09.693850,2026-07-07 14:11:20.356785,0 days 00:00:10.662935,76.18342547030915,28,COMPLETE
2952,0.02423901760858016,0.46574668794429247,2026-07-07 14:11:09.697339,2026-07-07 14:11:19.450275,0 days 00:00:09.752936,89.25417620023786,28,COMPLETE
2953,0.01666295817210267,0.4670405040235509,2026-07-07 14:11:09.697711,2026-07-07 14:11:19.487846,0 days 00:00:09.790135,40.17759321090874,28,COMPLETE
2954,0.025415447653226786,0.4656437858552978,2026-07-07 14:11:10.011156,2026-07-07 14:11:23.611721,0 days 00:00:13.600565,95.30123650482935,28,COMPLETE
2955,0.013909285353982448,0.4673160116571154,2026-07-07 14:11:10.017919,2026-07-07 14:11:23.586484,0 days 00:00:13.568565,18.28791260507943,28,COMPLETE
2956,0.014495738685782023,0.4672898744549622,2026-07-07 14:11:10.020482,2026-07-07 14:11:20.359168,0 days 00:00:10.338686,19.516504134304355,28,COMPLETE
2957,0.020615998591216766,0.46627961397934625,2026-07-07 14:11:10.179112,2026-07-07 14:11:20.169240,0 days 00:00:09.990128,41.64314550173587,28,COMPLETE
2958,0.024850601635441727,0.46570246259490705,2026-07-07 14:11:11.520840,2026-07-07 14:11:21.378454,0 days 00:00:09.857614,92.69134086892282,29,COMPLETE
2959,0.014049734875885733,0.4675383499965073,2026-07-07 14:11:12.401343,2026-07-07 14:11:22.724770,0 days 00:00:10.323427,20.862037452846543,29,COMPLETE
2960,0.025238664308824266,0.4656652562884802,2026-07-07 14:11:12.410212,2026-07-07 14:11:19.441465,0 days 00:00:07.031253,94.26912061681044,29,COMPLETE
2961,0.013649790238465243,0.46756201106371964,2026-07-07 14:11:12.412496,2026-07-07 14:11:24.114997,0 days 00:00:11.702501,20.04032156982793,29,COMPLETE
2962,0.03005916766581873,0.4636924398413887,2026-07-07 14:11:12.416818,2026-07-07 14:11:15.934526,0 days 00:00:03.517708,1.07096499069026,29,COMPLETE
2963,0.02284141345539792,0.4660009028134032,2026-07-07 14:11:12.419699,2026-07-07 14:11:18.131014,0 days 00:00:05.711315,83.33455001253603,29,COMPLETE
2964,0.022026483366162974,0.4660546637220522,2026-07-07 14:11:12.597391,2026-07-07 14:11:23.541465,0 days 00:00:10.944074,68.8475799415917,29,COMPLETE
2965,0.02226677540276878,0.46605407601165894,2026-07-07 14:11:12.610770,2026-07-07 14:11:21.555746,0 days 00:00:08.944976,81.58561816329161,29,COMPLETE
2966,0.011848922723836863,0.4682987315855652,2026-07-07 14:11:12.618421,2026-07-07 14:11:21.555983,0 days 00:00:08.937562,15.308035210256485,29,COMPLETE
2967,0.010313937375808324,0.46792678347107414,2026-07-07 14:11:12.621738,2026-07-07 14:11:22.714311,0 days 00:00:10.092573,18.045143324836896,29,COMPLETE
2968,0.019422676391431637,0.46639544818634093,2026-07-07 14:11:12.623664,2026-07-07 14:11:23.601870,0 days 00:00:10.978206,74.8541244391168,29,COMPLETE
2969,0.016868836871703263,0.46694311129583094,2026-07-07 14:11:12.626436,2026-07-07 14:11:17.571990,0 days 00:00:04.945554,38.31156827507146,29,COMPLETE
2970,0.011639214758332073,0.46781786761917094,2026-07-07 14:11:12.629358,2026-07-07 14:11:22.716459,0 days 00:00:10.087101,38.8012959909726,29,COMPLETE
2971,0.01597549341929555,0.46703214842342805,2026-07-07 14:11:12.794148,2026-07-07 14:11:23.575395,0 days 00:00:10.781247,42.43312367162541,29,COMPLETE
2972,0.024781273819600214,0.4657032971183243,2026-07-07 14:11:12.802428,2026-07-07 14:11:18.150689,0 days 00:00:05.348261,92.39052622426188,29,COMPLETE
2973,0.02104667097163393,0.4661709330126964,2026-07-07 14:11:12.806613,2026-07-07 14:11:20.535430,0 days 00:00:07.728817,41.483246466418194,29,COMPLETE
2974,0.01812016934938071,0.4667301397129565,2026-07-07 14:11:12.814608,2026-07-07 14:11:23.945533,0 days 00:00:11.130925,54.411526303058004,29,COMPLETE
2975,0.010828025967588029,0.4678499239486491,2026-07-07 14:11:12.815986,2026-07-07 14:11:24.113777,0 days 00:00:11.297791,16.437276898458045,29,COMPLETE
2976,0.01819053813778576,0.4668482903833406,2026-07-07 14:11:12.818840,2026-07-07 14:11:23.949701,0 days 00:00:11.130861,59.47056202635697,29,COMPLETE
2977,0.016786508839452652,0.4670283766052771,2026-07-07 14:11:12.825026,2026-07-07 14:11:20.733345,0 days 00:00:07.908319,48.24302730542463,29,COMPLETE
2978,0.016771380169123662,0.4669416614600107,2026-07-07 14:11:12.982767,2026-07-07 14:11:23.619543,0 days 00:00:10.636776,41.21147355818428,29,COMPLETE
2979,0.02075432826357898,0.4662522804585618,2026-07-07 14:11:13.138801,2026-07-07 14:11:19.449009,0 days 00:00:06.310208,60.37980493005218,29,COMPLETE
2980,0.015584642653153624,0.46716687718233885,2026-07-07 14:11:13.294796,2026-07-07 14:11:23.608495,0 days 00:00:10.313699,27.17580079167098,29,COMPLETE
2981,0.02374679722229872,0.4658589557033649,2026-07-07 14:11:13.451641,2026-07-07 14:11:23.609269,0 days 00:00:10.157628,87.53581815842662,29,COMPLETE
2982,0.02506860973107089,0.46568511191449646,2026-07-07 14:11:13.453293,2026-07-07 14:11:23.790964,0 days 00:00:10.337671,97.54394662150625,29,COMPLETE
2983,0.02277107295412556,0.46600949792967133,2026-07-07 14:11:13.455036,2026-07-07 14:11:18.087698,0 days 00:00:04.632662,82.98649595159361,29,COMPLETE
2984,0.023326137739526687,0.46595398115555514,2026-07-07 14:11:13.457078,2026-07-07 14:11:23.590985,0 days 00:00:10.133907,86.05960967661038,29,COMPLETE
2985,0.008222864735068447,0.46831158384927707,2026-07-07 14:11:13.766994,2026-07-07 14:11:27.869588,0 days 00:00:14.102594,10.148050358872792,29,COMPLETE
2986,0.02125075998743836,0.4661839392535524,2026-07-07 14:11:16.408659,2026-07-07 14:11:28.729952,0 days 00:00:12.321293,66.11442840650119,29,COMPLETE
2987,0.024504807477459256,0.4656976931232861,2026-07-07 14:11:17.229841,2026-07-07 14:11:28.913864,0 days 00:00:11.684023,91.1422876877955,29,COMPLETE
2988,0.018256747629833425,0.4666517971305102,2026-07-07 14:11:17.233848,2026-07-07 14:11:25.723620,0 days 00:00:08.489772,25.67744723866202,29,COMPLETE
2989,0.01559846923055902,0.46715348893937103,2026-07-07 14:11:17.570268,2026-07-07 14:11:29.783659,0 days 00:00:12.213391,36.4050135141189,29,COMPLETE
2990,0.005373725818585806,0.4690415455551929,2026-07-07 14:11:17.577728,2026-07-07 14:11:25.092421,0 days 00:00:07.514693,13.038953163206276,29,COMPLETE
2991,0.0176782998144287,0.46679130694357557,2026-07-07 14:11:17.738586,2026-07-07 14:11:28.734023,0 days 00:00:10.995437,48.53448948192066,29,COMPLETE
2992,0.013905284016648978,0.4669960132072655,2026-07-07 14:11:18.098556,2026-07-07 14:11:28.726990,0 days 00:00:10.628434,8.676340132904349,29,COMPLETE
2993,0.015938898542558366,0.46713107720566827,2026-07-07 14:11:18.331968,2026-07-07 14:11:33.039607,0 days 00:00:14.707639,24.93670274685277,29,COMPLETE
2994,0.02306494138219134,0.4659954368367568,2026-07-07 14:11:18.332724,2026-07-07 14:11:29.262851,0 days 00:00:10.930127,84.87735654993884,29,COMPLETE
2995,0.013802735659387555,0.4674846412130987,2026-07-07 14:11:18.490957,2026-07-07 14:11:28.532389,0 days 00:00:10.041432,43.15889389411349,29,COMPLETE
2996,0.012631953003438334,0.46768218554752206,2026-07-07 14:11:18.647359,2026-07-07 14:11:30.584368,0 days 00:00:11.937009,19.948525224454265,29,COMPLETE
2997,0.02458079862792001,0.4657459807686548,2026-07-07 14:11:18.804385,2026-07-07 14:11:29.771980,0 days 00:00:10.967595,98.74020374629133,29,COMPLETE
2998,0.014917481431348745,0.4673567485304275,2026-07-07 14:11:18.971987,2026-07-07 14:11:30.653937,0 days 00:00:11.681950,23.53104151101642,29,COMPLETE
2999,0.01782506312214538,0.4668171071074577,2026-07-07 14:11:19.464513,2026-07-07 14:11:30.577879,0 days 00:00:11.113366,44.51376883694808,29,COMPLETE
3000,0.008956792098233357,0.46828678125143586,2026-07-07 14:11:19.473933,2026-07-07 14:11:28.724725,0 days 00:00:09.250792,9.50830250032024,29,COMPLETE
3001,0.025121557603257516,0.4656766787723701,2026-07-07 14:11:19.477440,2026-07-07 14:11:31.192923,0 days 00:00:11.715483,93.73496173506119,29,COMPLETE
3002,0.014869673436538833,0.4673905996886964,2026-07-07 14:11:19.486161,2026-07-07 14:11:28.529772,0 days 00:00:09.043611,28.142730097788668,29,COMPLETE
3003,0.01684892504141733,0.4670408905011575,2026-07-07 14:11:19.488023,2026-07-07 14:11:30.844588,0 days 00:00:11.356565,34.65795279910013,29,COMPLETE
3004,0.009977415029742143,0.468026308333925,2026-07-07 14:11:19.492224,2026-07-07 14:11:30.621771,0 days 00:00:11.129547,13.773078215614474,29,COMPLETE
3005,0.02176122366205918,0.4661056097227663,2026-07-07 14:11:19.493728,2026-07-07 14:11:29.752004,0 days 00:00:10.258276,68.59944607237924,29,COMPLETE
3006,0.01239066602279476,0.4674552471407922,2026-07-07 14:11:19.499042,2026-07-07 14:11:28.696747,0 days 00:00:09.197705,8.136120206991986,29,COMPLETE
3007,0.011744974540647657,0.4676319098328713,2026-07-07 14:11:19.981145,2026-07-07 14:11:30.866144,0 days 00:00:10.884999,3.489428595004545,29,COMPLETE
3008,0.010343107519215577,0.4677667021613358,2026-07-07 14:11:20.174557,2026-07-07 14:11:28.735223,0 days 00:00:08.560666,14.434646429278489,29,COMPLETE
3009,0.020684113048615282,0.46625050794726675,2026-07-07 14:11:20.359354,2026-07-07 14:11:30.576822,0 days 00:00:10.217468,70.73294745318141,29,COMPLETE
3010,0.020631600030499464,0.466343584228634,2026-07-07 14:11:20.359591,2026-07-07 14:11:23.626702,0 days 00:00:03.267111,60.93655386650748,29,COMPLETE
3011,0.01572846944700723,0.4672400619909787,2026-07-07 14:11:20.374845,2026-07-07 14:11:30.643197,0 days 00:00:10.268352,46.94692149762974,29,COMPLETE
3012,0.020786488189346253,0.4662571344534117,2026-07-07 14:11:20.533457,2026-07-07 14:11:25.074313,0 days 00:00:04.540856,76.9203714896164,29,COMPLETE
3013,0.019927282553991454,0.466596384976184,2026-07-07 14:11:20.546350,2026-07-07 14:11:30.588668,0 days 00:00:10.042318,62.60841403894524,29,COMPLETE
3014,0.01520155906169679,0.4670591138619561,2026-07-07 14:11:20.547347,2026-07-07 14:11:29.770914,0 days 00:00:09.223567,8.427022113630578,29,COMPLETE
3015,0.01941006523850841,0.46639843901012507,2026-07-07 14:11:20.558798,2026-07-07 14:11:29.267432,0 days 00:00:08.708634,74.82905386831,29,COMPLETE
3016,0.023114916372621197,0.46598854867260564,2026-07-07 14:11:20.569342,2026-07-07 14:11:30.595371,0 days 00:00:10.026029,85.06924956161552,29,COMPLETE
