number,values_0,values_1,datetime_start,datetime_complete,duration,params_input_force,system_attrs_NSGAIISampler:generation,state
3160,0.015671732217194312,0.4668844113987062,2026-07-07 14:11:45.907226,2026-07-07 14:11:54.177254,0 days 00:00:08.270028,3.2282369438051384,31,COMPLETE
3161,0.017879742739945137,0.4667234812351865,2026-07-07 14:11:46.233928,2026-07-07 14:11:56.549128,0 days 00:00:10.315200,55.105251171655546,31,COMPLETE
3162,0.01777648792531511,0.46676554413631777,2026-07-07 14:11:46.392241,2026-07-07 14:11:57.513064,0 days 00:00:11.120823,54.5292326442494,31,COMPLETE
3163,0.01031720617659626,0.4679261177291592,2026-07-07 14:11:46.394098,2026-07-07 14:11:56.524316,0 days 00:00:10.130218,17.69498262849822,31,COMPLETE
3164,0.020832725772416905,0.46619976591445944,2026-07-07 14:11:46.578298,2026-07-07 14:11:52.423395,0 days 00:00:05.845097,72.16374028676519,31,COMPLETE
3165,0.01636344049045657,0.46694218442027213,2026-07-07 14:11:46.581043,2026-07-07 14:11:59.542278,0 days 00:00:12.961235,37.46209602451633,31,COMPLETE
3166,0.022037578103711042,0.4660828570811789,2026-07-07 14:11:46.581373,2026-07-07 14:11:58.557053,0 days 00:00:11.975680,81.13987062628077,31,COMPLETE
3167,0.017521115501970663,0.4667994882370392,2026-07-07 14:11:46.585153,2026-07-07 14:11:58.203613,0 days 00:00:11.618460,54.799601374341776,31,COMPLETE
3168,0.013176650210171115,0.46787707019965696,2026-07-07 14:11:46.585410,2026-07-07 14:11:56.547579,0 days 00:00:09.962169,19.21564797041163,31,COMPLETE
3169,0.020572051790572365,0.4663376951058151,2026-07-07 14:11:46.585730,2026-07-07 14:11:54.154635,0 days 00:00:07.568905,61.54138580259714,31,COMPLETE
3170,0.020669244210041016,0.4662374759444946,2026-07-07 14:11:46.590688,2026-07-07 14:11:55.835101,0 days 00:00:09.244413,71.51873189160614,31,COMPLETE
3171,0.010246916011975582,0.46763743879646696,2026-07-07 14:11:46.602291,2026-07-07 14:11:57.026707,0 days 00:00:10.424416,15.230652127400484,31,COMPLETE
3172,0.016371972025133463,0.46698056007374456,2026-07-07 14:11:46.620201,2026-07-07 14:11:57.670119,0 days 00:00:11.049918,26.955751087124163,31,COMPLETE
3173,0.013645927703812899,0.4677584656442206,2026-07-07 14:11:46.621893,2026-07-07 14:11:58.382935,0 days 00:00:11.761042,35.25366159225595,31,COMPLETE
3174,0.009880075139354794,0.468011309317681,2026-07-07 14:11:46.628279,2026-07-07 14:11:53.733461,0 days 00:00:07.105182,18.314398155777358,31,COMPLETE
3175,0.018861782661655224,0.4663061371789078,2026-07-07 14:11:46.798461,2026-07-07 14:11:57.017931,0 days 00:00:10.219470,2.6047485533038057,31,COMPLETE
3176,0.02477585862723608,0.4657030808893995,2026-07-07 14:11:46.819117,2026-07-07 14:11:55.660204,0 days 00:00:08.841087,92.35946792026601,31,COMPLETE
3177,0.017632202516709217,0.4668812419518458,2026-07-07 14:11:46.826607,2026-07-07 14:11:56.036717,0 days 00:00:09.210110,40.16404721310113,31,COMPLETE
3178,0.01601791032538169,0.46701714200006195,2026-07-07 14:11:46.828936,2026-07-07 14:11:58.384795,0 days 00:00:11.555859,29.998972985140103,31,COMPLETE
3179,0.01666274646987831,0.4670274344007177,2026-07-07 14:11:47.296135,2026-07-07 14:11:58.205407,0 days 00:00:10.909272,45.21478055060968,31,COMPLETE
3180,0.014547823871451537,0.467092799961778,2026-07-07 14:11:47.452154,2026-07-07 14:12:00.770849,0 days 00:00:13.318695,27.506127203177673,31,COMPLETE
3181,-0.10276686963999881,0.47995685636633706,2026-07-07 14:11:47.453642,2026-07-07 14:12:01.014715,0 days 00:00:13.561073,1.2560909064138117,31,COMPLETE
3182,0.015609138054627936,0.4668216217861432,2026-07-07 14:11:47.921196,2026-07-07 14:11:58.892130,0 days 00:00:10.970934,8.556028446091224,31,COMPLETE
3183,0.02416169203203472,0.4657666335778425,2026-07-07 14:11:47.923153,2026-07-07 14:11:58.894256,0 days 00:00:10.971103,88.48451374589257,31,COMPLETE
3184,0.014008314523679788,0.4673317601036765,2026-07-07 14:11:47.925124,2026-07-07 14:11:58.220132,0 days 00:00:10.295008,19.221380849435793,31,COMPLETE
3185,0.017907402731754896,0.466711229266242,2026-07-07 14:11:47.926237,2026-07-07 14:11:54.114922,0 days 00:00:06.188685,23.641550201461566,31,COMPLETE
3186,0.022845918766962514,0.4660003934275655,2026-07-07 14:11:48.874364,2026-07-07 14:11:55.838793,0 days 00:00:06.964429,83.37238436766852,31,COMPLETE
3187,0.017916759022147566,0.4668968084973763,2026-07-07 14:11:50.420330,2026-07-07 14:12:01.017275,0 days 00:00:10.596945,43.70752590448479,31,COMPLETE
3188,0.01533293671805147,0.4671338125788489,2026-07-07 14:11:50.450326,2026-07-07 14:12:01.000009,0 days 00:00:10.549683,29.554803641306542,31,COMPLETE
3189,0.024724334765863054,0.4656971481084537,2026-07-07 14:11:50.453358,2026-07-07 14:12:00.992646,0 days 00:00:10.539288,91.93451570315545,31,COMPLETE
3190,0.06813067856974603,0.45819226977137184,2026-07-07 14:11:50.460056,2026-07-07 14:11:56.540720,0 days 00:00:06.080664,0.7760702637542237,31,COMPLETE
3191,0.02533132394830767,0.4656520100983963,2026-07-07 14:11:50.462895,2026-07-07 14:12:00.764937,0 days 00:00:10.302042,96.31837647011479,31,COMPLETE
3192,0.017813643053540384,0.4667326069407117,2026-07-07 14:11:50.622515,2026-07-07 14:12:04.819654,0 days 00:00:14.197139,47.10021681141293,31,COMPLETE
3193,0.015079749594516967,0.46737533759225425,2026-07-07 14:11:50.633568,2026-07-07 14:12:01.002247,0 days 00:00:10.368679,23.414296878415314,31,COMPLETE
3194,0.016883208263280047,0.4669580527378444,2026-07-07 14:11:50.634821,2026-07-07 14:12:00.758647,0 days 00:00:10.123826,23.159968681046525,31,COMPLETE
3195,0.025045159988337395,0.4656842347212168,2026-07-07 14:11:50.792902,2026-07-07 14:12:01.213868,0 days 00:00:10.420966,93.35494849374658,31,COMPLETE
3196,0.01921994303799851,0.46646601136497035,2026-07-07 14:11:50.795258,2026-07-07 14:11:56.528372,0 days 00:00:05.733114,56.49744351002951,31,COMPLETE
3197,0.017499963675793262,0.4668020403980816,2026-07-07 14:11:50.797059,2026-07-07 14:12:01.031094,0 days 00:00:10.234035,54.82479854486411,31,COMPLETE
3198,0.016524911118498797,0.4670448250817677,2026-07-07 14:11:50.952816,2026-07-07 14:11:58.730817,0 days 00:00:07.778001,28.014473597483292,31,COMPLETE
3199,0.015075944103044192,0.4673430715029775,2026-07-07 14:11:51.904891,2026-07-07 14:12:02.471457,0 days 00:00:10.566566,31.330023219836242,31,COMPLETE
3200,0.013117444657590904,0.46768005647274735,2026-07-07 14:11:52.066387,2026-07-07 14:11:58.205636,0 days 00:00:06.139249,21.97134953196018,31,COMPLETE
3201,0.02094439695977418,0.46618923371431686,2026-07-07 14:11:52.084534,2026-07-07 14:11:58.197889,0 days 00:00:06.113355,56.04807525869623,31,COMPLETE
3202,0.018068347085599512,0.4667033540348749,2026-07-07 14:11:52.093347,2026-07-07 14:11:59.546262,0 days 00:00:07.452915,25.417112428935827,31,COMPLETE
3203,0.015716990181206814,0.4671426543682508,2026-07-07 14:11:53.738426,2026-07-07 14:12:03.667381,0 days 00:00:09.928955,37.44943304679642,31,COMPLETE
3204,0.008845024111812538,0.46815079605039667,2026-07-07 14:11:53.924742,2026-07-07 14:12:03.641303,0 days 00:00:09.716561,11.589247239646197,31,COMPLETE
3205,0.01614508206617521,0.4669815496572756,2026-07-07 14:11:54.129681,2026-07-07 14:11:58.892542,0 days 00:00:04.762861,32.851338243594064,31,COMPLETE
3206,0.02067763744313844,0.46628359339051245,2026-07-07 14:11:54.177431,2026-07-07 14:12:04.166692,0 days 00:00:09.989261,67.55818351863145,31,COMPLETE
3207,0.01666339127915295,0.46700140477814345,2026-07-07 14:11:54.185110,2026-07-07 14:11:59.711412,0 days 00:00:05.526302,23.835817569596433,31,COMPLETE
3208,0.011564278957645446,0.46786145310661964,2026-07-07 14:11:54.191061,2026-07-07 14:12:07.135592,0 days 00:00:12.944531,33.393524252775244,31,COMPLETE
3209,0.01745793398485862,0.4667920444539302,2026-07-07 14:11:54.193939,2026-07-07 14:12:03.627483,0 days 00:00:09.433544,25.331875519089294,31,COMPLETE
3210,0.023959013845235244,0.4647738005634331,2026-07-07 14:11:54.198823,2026-07-07 14:12:04.170359,0 days 00:00:09.971536,1.2995365313583234,31,COMPLETE
3211,0.020815469371918027,0.46626474882948465,2026-07-07 14:11:54.203416,2026-07-07 14:12:04.654848,0 days 00:00:10.451432,67.80562872292994,31,COMPLETE
3212,0.019641238521346138,0.46651396738833834,2026-07-07 14:11:55.003966,2026-07-07 14:12:04.494561,0 days 00:00:09.490595,49.665115883310875,31,COMPLETE
3213,0.016833716882896643,0.46711872794460846,2026-07-07 14:11:55.011856,2026-07-07 14:12:04.159306,0 days 00:00:09.147450,43.23587145645496,31,COMPLETE
3214,0.016065372956365787,0.4670840127758648,2026-07-07 14:11:55.329654,2026-07-07 14:12:05.311453,0 days 00:00:09.981799,52.29016325213206,31,COMPLETE
3215,0.019764258040312677,0.4662263754532504,2026-07-07 14:11:55.333883,2026-07-07 14:12:03.650104,0 days 00:00:08.316221,36.13112861761338,31,COMPLETE
3216,0.012274870943409566,0.4676296780134597,2026-07-07 14:11:55.500153,2026-07-07 14:12:06.167721,0 days 00:00:10.667568,31.847788352964706,31,COMPLETE
3217,0.022359243810524676,0.4659624962114973,2026-07-07 14:11:55.654662,2026-07-07 14:12:05.333816,0 days 00:00:09.679154,69.77492853615543,31,COMPLETE
3218,0.015090851740357958,0.46718557937139216,2026-07-07 14:11:55.832976,2026-07-07 14:12:06.508651,0 days 00:00:10.675675,31.817163018006173,31,COMPLETE
3219,0.020385694050635617,0.4662445966305222,2026-07-07 14:11:56.004075,2026-07-07 14:12:06.338453,0 days 00:00:10.334378,41.45184873307735,31,COMPLETE
3220,0.009764129419669587,0.46811596225876784,2026-07-07 14:11:56.025346,2026-07-07 14:12:06.346939,0 days 00:00:10.321593,33.89369810356459,31,COMPLETE
3221,0.02182271233496802,0.46609403069639366,2026-07-07 14:11:56.026784,2026-07-07 14:12:05.696349,0 days 00:00:09.669565,68.65799546544949,31,COMPLETE
3222,0.014605333862420022,0.46739529803856217,2026-07-07 14:11:56.040184,2026-07-07 14:12:01.050927,0 days 00:00:05.010743,38.959995494850624,31,COMPLETE
3223,0.011091801565522141,0.46790272104101727,2026-07-07 14:11:56.198161,2026-07-07 14:12:09.374303,0 days 00:00:13.176142,28.560954422571037,31,COMPLETE
3224,0.02537666825111279,0.46564719364709395,2026-07-07 14:11:56.537347,2026-07-07 14:12:03.671941,0 days 00:00:07.134594,96.06907305457948,31,COMPLETE
3225,0.016315110447173542,0.4669666688790761,2026-07-07 14:11:56.537534,2026-07-07 14:12:03.645065,0 days 00:00:07.107531,25.44776021156484,31,COMPLETE
3226,0.016405835639493882,0.46713541039284956,2026-07-07 14:11:56.546946,2026-07-07 14:12:05.694029,0 days 00:00:09.147083,41.01928448020219,31,COMPLETE
3227,0.020461729345588486,0.4662885377908197,2026-07-07 14:11:56.861725,2026-07-07 14:12:00.985293,0 days 00:00:04.123568,78.03793266726271,31,COMPLETE
3228,0.011801655212398676,0.4676920835211849,2026-07-07 14:11:57.021014,2026-07-07 14:12:07.186314,0 days 00:00:10.165300,14.953246892447908,31,COMPLETE
3229,0.019383898753158713,0.46645881741690887,2026-07-07 14:11:57.191770,2026-07-07 14:12:01.039828,0 days 00:00:03.848058,39.80520694999506,31,COMPLETE
3230,0.01150521465709986,0.4679124695576463,2026-07-07 14:11:57.194437,2026-07-07 14:12:01.051776,0 days 00:00:03.857339,32.147663969855344,31,COMPLETE
3231,0.014167568848752532,0.46763402664789994,2026-07-07 14:11:57.349046,2026-07-07 14:12:08.081168,0 days 00:00:10.732122,35.572443673187486,31,COMPLETE
3232,0.009312000185462077,0.46810001872951595,2026-07-07 14:11:57.356452,2026-07-07 14:12:07.155633,0 days 00:00:09.799181,9.917609259792899,31,COMPLETE
3233,0.014735467001184388,0.46719779486376983,2026-07-07 14:11:57.670308,2026-07-07 14:12:03.989017,0 days 00:00:06.318709,32.87188888826106,31,COMPLETE
3234,0.008029976073743228,0.4684038197160536,2026-07-07 14:11:57.680260,2026-07-07 14:12:08.588030,0 days 00:00:10.907770,11.947929092534562,31,COMPLETE
3235,0.011055020567917906,0.4679548821921331,2026-07-07 14:11:57.843740,2026-07-07 14:12:07.540150,0 days 00:00:09.696410,14.588657194894695,31,COMPLETE
3236,0.012735394055679305,0.4675730125049917,2026-07-07 14:11:57.847458,2026-07-07 14:12:07.540472,0 days 00:00:09.693014,13.97135154315068,31,COMPLETE
3237,0.023928828520978107,0.46582915999848584,2026-07-07 14:11:57.848989,2026-07-07 14:12:07.876819,0 days 00:00:10.027830,87.81598915304224,31,COMPLETE
3238,0.019381007514782556,0.4664681100153596,2026-07-07 14:11:58.020791,2026-07-07 14:12:07.369245,0 days 00:00:09.348454,55.42393612355012,31,COMPLETE
3239,0.020013276712063544,0.46642059376139705,2026-07-07 14:11:58.024129,2026-07-07 14:12:10.054383,0 days 00:00:12.030254,53.727081028138905,31,COMPLETE
3240,0.02125369985764508,0.46615834613753304,2026-07-07 14:11:58.198466,2026-07-07 14:12:11.063286,0 days 00:00:12.864820,70.42650995756101,31,COMPLETE
3241,0.015262980532133374,0.46731761051800713,2026-07-07 14:11:58.220961,2026-07-07 14:12:07.137751,0 days 00:00:08.916790,25.92160416582439,31,COMPLETE
3242,0.020644370250506805,0.4662796834265033,2026-07-07 14:11:59.059122,2026-07-07 14:12:07.880948,0 days 00:00:08.821826,60.42832354609967,31,COMPLETE
3243,0.013856987769253704,0.4673846146927741,2026-07-07 14:11:59.061206,2026-07-07 14:12:07.893111,0 days 00:00:08.831905,19.033996256529626,31,COMPLETE
3244,0.017627029245175008,0.46677514131629716,2026-07-07 14:11:59.062438,2026-07-07 14:12:11.052611,0 days 00:00:11.990173,54.93490469098688,31,COMPLETE
3245,0.016628544429545422,0.4669357696618038,2026-07-07 14:11:59.066027,2026-07-07 14:12:07.529487,0 days 00:00:08.463460,36.93784092171605,31,COMPLETE
3246,0.02087004535222975,0.4661885347442127,2026-07-07 14:11:59.223913,2026-07-07 14:12:07.880573,0 days 00:00:08.656660,72.32675409611026,31,COMPLETE
3247,0.011052697954621715,0.4679355122789518,2026-07-07 14:11:59.706113,2026-07-07 14:12:09.372513,0 days 00:00:09.666400,19.54268545627643,31,COMPLETE
3248,0.02273084098093675,0.4660120113276597,2026-07-07 14:11:59.708610,2026-07-07 14:12:07.141992,0 days 00:00:07.433382,82.78448522496589,31,COMPLETE
3249,0.021668260140811413,0.4655774923553124,2026-07-07 14:11:59.868691,2026-07-07 14:12:07.897921,0 days 00:00:08.029230,2.17860665288212,31,COMPLETE
3250,0.009430436930223218,0.46811237796001837,2026-07-07 14:12:00.027624,2026-07-07 14:12:09.885645,0 days 00:00:09.858021,9.806218441607133,31,COMPLETE
3251,0.01547740792611918,0.46722037079478584,2026-07-07 14:12:00.377450,2026-07-07 14:12:08.418395,0 days 00:00:08.040945,52.07013460599557,31,COMPLETE
3252,0.01723179392176899,0.4668374113131689,2026-07-07 14:12:00.394232,2026-07-07 14:12:09.883899,0 days 00:00:09.489667,38.303152318147674,31,COMPLETE
3253,0.016883590151829164,0.4669769850728942,2026-07-07 14:12:00.396554,2026-07-07 14:12:10.246882,0 days 00:00:09.850328,47.22268315967823,31,COMPLETE
3254,0.025195090358244965,0.4656679946258363,2026-07-07 14:12:00.572022,2026-07-07 14:12:11.115369,0 days 00:00:10.543347,96.87092237915596,31,COMPLETE
3255,0.023569736691596066,0.4658918170412581,2026-07-07 14:12:00.578345,2026-07-07 14:12:11.806790,0 days 00:00:11.228445,86.84807439716273,31,COMPLETE
3256,0.01579989743248389,0.4668825568209961,2026-07-07 14:12:01.040201,2026-07-07 14:12:13.022449,0 days 00:00:11.982248,5.502554308633272,31,COMPLETE
3257,0.021094136491315085,0.4661846172627523,2026-07-07 14:12:01.679118,2026-07-07 14:12:12.815198,0 days 00:00:11.136080,70.50541363159073,31,COMPLETE
3258,0.0177564813472168,0.4668866570843933,2026-07-07 14:12:01.679260,2026-07-07 14:12:13.006636,0 days 00:00:11.327376,44.07226786620798,31,COMPLETE
3259,0.02000743066543692,0.46652534599938184,2026-07-07 14:12:01.835108,2026-07-07 14:12:13.014446,0 days 00:00:11.179338,62.044226681081184,31,COMPLETE
3260,0.025341692443184904,0.4656508715173478,2026-07-07 14:12:01.838332,2026-07-07 14:12:12.836155,0 days 00:00:10.997823,96.26767888578956,31,COMPLETE
3261,0.022143679384772186,0.46606950114329665,2026-07-07 14:12:01.841171,2026-07-07 14:12:12.829154,0 days 00:00:10.987983,81.34641305701655,31,COMPLETE
3262,0.02540723783324844,0.46564492570341237,2026-07-07 14:12:01.997205,2026-07-07 14:12:11.970775,0 days 00:00:09.973570,95.1846100065655,31,COMPLETE
3263,0.019734354215754868,0.4663212925390543,2026-07-07 14:12:01.998536,2026-07-07 14:12:07.540250,0 days 00:00:05.541714,75.35569949352701,31,COMPLETE
3264,0.01545332229386226,0.4670873635258782,2026-07-07 14:12:02.000182,2026-07-07 14:12:11.963751,0 days 00:00:09.963569,26.536899471504196,31,COMPLETE
3265,0.02234475341531067,0.4659653996198134,2026-07-07 14:12:02.003025,2026-07-07 14:12:11.798852,0 days 00:00:09.795827,69.80274890976479,31,COMPLETE
3266,0.02076115540003809,0.4662279786080598,2026-07-07 14:12:02.313195,2026-07-07 14:12:10.233524,0 days 00:00:07.920329,71.26451823749382,31,COMPLETE
3267,0.03238202387383343,0.46354427451119506,2026-07-07 14:12:02.472424,2026-07-07 14:12:18.013339,0 days 00:00:15.540915,1.438448943699758,31,COMPLETE
3268,0.020482188787062428,0.4663006261335648,2026-07-07 14:12:02.474114,2026-07-07 14:12:11.069802,0 days 00:00:08.595688,78.19486020137738,31,COMPLETE
3269,0.016564511400931015,0.46700537052942775,2026-07-07 14:12:02.476440,2026-07-07 14:12:11.777012,0 days 00:00:09.300572,35.06294816582216,31,COMPLETE
3270,0.008748255625762758,0.4682612311756216,2026-07-07 14:12:02.792377,2026-07-07 14:12:11.085289,0 days 00:00:08.292912,17.147747422334938,31,COMPLETE
3271,0.012280494400064235,0.4677472064029191,2026-07-07 14:12:03.985115,2026-07-07 14:12:11.123824,0 days 00:00:07.138709,7.442514814118039,32,COMPLETE
3272,0.022609423634551262,0.46601541726183027,2026-07-07 14:12:05.142214,2026-07-07 14:12:16.429897,0 days 00:00:11.287683,82.24211568405649,32,COMPLETE
3273,0.02444242354521342,0.4657587209939659,2026-07-07 14:12:05.316957,2026-07-07 14:12:17.848361,0 days 00:00:12.531404,99.5547822865109,32,COMPLETE
3274,0.012546737170195665,0.46756298756992887,2026-07-07 14:12:05.320030,2026-07-07 14:12:18.687605,0 days 00:00:13.367575,14.901133411762602,32,COMPLETE
3275,0.019164261837550545,0.46673083891738887,2026-07-07 14:12:05.322756,2026-07-07 14:12:13.030253,0 days 00:00:07.707497,59.04423418043258,32,COMPLETE
3276,0.019952008728593096,0.46650316982547524,2026-07-07 14:12:05.349361,2026-07-07 14:12:13.203720,0 days 00:00:07.854359,61.85532171542511,32,COMPLETE
3277,0.017908804195624572,0.4667525156925026,2026-07-07 14:12:05.354395,2026-07-07 14:12:16.445425,0 days 00:00:11.091030,39.312132550831244,32,COMPLETE
3278,0.01539129556800023,0.4671605947590847,2026-07-07 14:12:05.360511,2026-07-07 14:12:15.944105,0 days 00:00:10.583594,52.63192600051511,32,COMPLETE
3279,-0.07333736706355065,0.48543328022836874,2026-07-07 14:12:05.364757,2026-07-07 14:12:13.200083,0 days 00:00:07.835326,5.128401981206898,32,COMPLETE
3280,0.020248507690887096,0.46634177825680806,2026-07-07 14:12:05.368594,2026-07-07 14:12:17.312407,0 days 00:00:11.943813,67.07282347031233,32,COMPLETE
3281,0.014571060931023061,0.4673276909605499,2026-07-07 14:12:05.372373,2026-07-07 14:12:11.103289,0 days 00:00:05.730916,18.79234105167783,32,COMPLETE
3282,0.011869622457915008,0.46769295453491333,2026-07-07 14:12:06.013243,2026-07-07 14:12:17.132224,0 days 00:00:11.118981,7.586809206940844,32,COMPLETE
3283,0.01537666610412236,0.4671986069097644,2026-07-07 14:12:06.350381,2026-07-07 14:12:16.967349,0 days 00:00:10.616968,53.25647687925765,32,COMPLETE
3284,0.013965270738159064,0.46741357137166517,2026-07-07 14:12:06.975553,2026-07-07 14:12:18.017225,0 days 00:00:11.041672,21.471594184996743,32,COMPLETE
3285,0.02156535537872073,0.46614024518831143,2026-07-07 14:12:07.166716,2026-07-07 14:12:13.021649,0 days 00:00:05.854933,80.23175387772922,32,COMPLETE
3286,0.015376211872063339,0.4672197310734755,2026-07-07 14:12:07.191423,2026-07-07 14:12:13.202028,0 days 00:00:06.010605,38.796935062336914,32,COMPLETE
3287,0.015855554197652777,0.4670116083607865,2026-07-07 14:12:07.530487,2026-07-07 14:12:18.364807,0 days 00:00:10.834320,25.332800423813527,32,COMPLETE
3288,0.012486745681780542,0.4678515318539894,2026-07-07 14:12:07.533445,2026-07-07 14:12:17.667115,0 days 00:00:10.133670,19.306143368950213,32,COMPLETE
3289,0.01988568986099215,0.4663344427344657,2026-07-07 14:12:07.541209,2026-07-07 14:12:18.183565,0 days 00:00:10.642356,41.24747725211566,32,COMPLETE
3290,0.0133658792768232,0.46759291707090495,2026-07-07 14:12:07.544792,2026-07-07 14:12:11.786461,0 days 00:00:04.241669,18.574587899958143,32,COMPLETE
3291,0.022195242764839584,0.46602972082837063,2026-07-07 14:12:07.547110,2026-07-07 14:12:15.445065,0 days 00:00:07.897955,65.28703984142795,32,COMPLETE
3292,0.01892846671604037,0.4666019865430009,2026-07-07 14:12:07.712026,2026-07-07 14:12:18.697527,0 days 00:00:10.985501,34.63963801847165,32,COMPLETE
3293,0.020413181946543735,0.4662504809694952,2026-07-07 14:12:07.871044,2026-07-07 14:12:18.697338,0 days 00:00:10.826294,73.53990077484475,32,COMPLETE
3294,0.01977269762638373,0.4663095923352989,2026-07-07 14:12:07.873366,2026-07-07 14:12:18.374042,0 days 00:00:10.500676,75.55673029257018,32,COMPLETE
3295,0.01743704707650967,0.4668192449894747,2026-07-07 14:12:07.900884,2026-07-07 14:12:18.018303,0 days 00:00:10.117419,54.04572260675543,32,COMPLETE
3296,0.016551441957018465,0.46700448676618533,2026-07-07 14:12:08.071453,2026-07-07 14:12:23.951290,0 days 00:00:15.879837,43.111972238427576,32,COMPLETE
3297,0.02493701615548205,0.4656954150087019,2026-07-07 14:12:08.409445,2026-07-07 14:12:16.956825,0 days 00:00:08.547380,92.94457820808309,32,COMPLETE
3298,0.017220787646940294,0.4668497587411699,2026-07-07 14:12:08.426710,2026-07-07 14:12:19.252832,0 days 00:00:10.826122,25.384465553870637,32,COMPLETE
3299,0.020827185051359276,0.46627119345695445,2026-07-07 14:12:08.587939,2026-07-07 14:12:18.699345,0 days 00:00:10.111406,77.20804263420143,32,COMPLETE
3300,0.014426206463744928,0.46691185364069293,2026-07-07 14:12:08.743664,2026-07-07 14:12:18.891787,0 days 00:00:10.148123,5.953697631613642,32,COMPLETE
3301,0.021454493541402886,0.46614749050858495,2026-07-07 14:12:08.745080,2026-07-07 14:12:19.588979,0 days 00:00:10.843899,79.56799788173527,32,COMPLETE
3302,0.016630594548396993,0.4666987951242606,2026-07-07 14:12:09.058069,2026-07-07 14:12:16.966595,0 days 00:00:07.908526,3.365077796426876,32,COMPLETE
