number,values_0,values_1,datetime_start,datetime_complete,duration,params_input_force,system_attrs_NSGAIISampler:generation,state
4733,0.012036708936331741,0.4676613694023326,2026-07-07 14:16:12.717217,2026-07-07 14:16:23.270445,0 days 00:00:10.553228,14.847275529372629,45,COMPLETE
4734,0.021636598379570937,0.46613110112308254,2026-07-07 14:16:13.205028,2026-07-07 14:16:23.237721,0 days 00:00:10.032693,80.3667412882566,45,COMPLETE
4735,0.009851335065070632,0.46815270636644013,2026-07-07 14:16:13.849665,2026-07-07 14:16:23.759557,0 days 00:00:09.909892,4.776366721320352,45,COMPLETE
4736,0.01632134458313289,0.46648861631149274,2026-07-07 14:16:14.075441,2026-07-07 14:16:24.329916,0 days 00:00:10.254475,3.836897170749332,45,COMPLETE
4737,0.020725488941222503,0.4664582126059285,2026-07-07 14:16:14.239864,2026-07-07 14:16:23.271275,0 days 00:00:09.031411,63.07552271626023,45,COMPLETE
4738,0.02057633238133777,0.4662201077035234,2026-07-07 14:16:14.242718,2026-07-07 14:16:23.799757,0 days 00:00:09.557039,73.15064566059849,45,COMPLETE
4739,0.02086676713142932,0.4661886985415218,2026-07-07 14:16:14.902024,2026-07-07 14:16:23.983666,0 days 00:00:09.081642,72.33922659601043,45,COMPLETE
4740,0.016173979742263755,0.46709083238085847,2026-07-07 14:16:14.915989,2026-07-07 14:16:23.803130,0 days 00:00:08.887141,39.662040101791035,45,COMPLETE
4741,0.017661418420348907,0.46681364444328743,2026-07-07 14:16:14.920730,2026-07-07 14:16:24.156992,0 days 00:00:09.236262,48.48865386446099,45,COMPLETE
4742,0.01661593970387909,0.4672323733565587,2026-07-07 14:16:14.923443,2026-07-07 14:16:24.169478,0 days 00:00:09.246035,22.097432386303897,45,COMPLETE
4743,0.01612112678815536,0.466990012809677,2026-07-07 14:16:15.081865,2026-07-07 14:16:24.146479,0 days 00:00:09.064614,26.567991735271118,45,COMPLETE
4744,0.02092614375941082,0.46642092089958564,2026-07-07 14:16:15.087021,2026-07-07 14:16:19.531048,0 days 00:00:04.444027,63.372649349104385,45,COMPLETE
4745,0.023423439480038055,0.4659294793766414,2026-07-07 14:16:15.114645,2026-07-07 14:16:21.731114,0 days 00:00:06.616469,86.38553539230158,45,COMPLETE
4746,0.021558826004943576,0.4661006166746958,2026-07-07 14:16:15.427384,2026-07-07 14:16:25.377633,0 days 00:00:09.950249,78.99677078856635,45,COMPLETE
4747,0.013157842530277408,0.46741095735597404,2026-07-07 14:16:15.602741,2026-07-07 14:16:27.326014,0 days 00:00:11.723273,5.292294240034214,45,COMPLETE
4748,0.02322051216730464,0.46597345670543255,2026-07-07 14:16:15.797724,2026-07-07 14:16:25.377460,0 days 00:00:09.579736,85.58743223635908,45,COMPLETE
4749,0.019606282197891123,0.46637891410743226,2026-07-07 14:16:16.128975,2026-07-07 14:16:25.386953,0 days 00:00:09.257978,74.35435580547608,45,COMPLETE
4750,0.01609340488874139,0.46697198894398956,2026-07-07 14:16:16.132744,2026-07-07 14:16:25.316085,0 days 00:00:09.183341,32.496893176994284,45,COMPLETE
4751,0.024230557448863987,0.46574291992243677,2026-07-07 14:16:16.288481,2026-07-07 14:16:25.382832,0 days 00:00:09.094351,89.5237659318862,45,COMPLETE
4752,0.0253389665932911,0.4656511692761532,2026-07-07 14:16:16.448207,2026-07-07 14:16:24.327467,0 days 00:00:07.879260,96.28126364117463,45,COMPLETE
4753,0.022827370905270372,0.4660027905209752,2026-07-07 14:16:16.462956,2026-07-07 14:16:25.383058,0 days 00:00:08.920102,83.23967267406506,45,COMPLETE
4754,0.023279850802296664,0.4659663902477156,2026-07-07 14:16:16.463333,2026-07-07 14:16:21.715285,0 days 00:00:05.251952,85.83650392523363,45,COMPLETE
4755,0.02189433226967291,0.4661568338510596,2026-07-07 14:16:16.779122,2026-07-07 14:16:27.887695,0 days 00:00:11.108573,64.17607539671702,45,COMPLETE
4756,0.021584210063865794,0.4660984677750512,2026-07-07 14:16:17.270713,2026-07-07 14:16:26.025700,0 days 00:00:08.754987,79.04570824725135,45,COMPLETE
4757,0.024230602865435324,0.4657431933364452,2026-07-07 14:16:17.430653,2026-07-07 14:16:23.425926,0 days 00:00:05.995273,89.49843701261315,45,COMPLETE
4758,0.025398090651411354,0.46564615702569856,2026-07-07 14:16:17.433768,2026-07-07 14:16:21.024448,0 days 00:00:03.590680,95.09419589861925,45,COMPLETE
4759,0.009518072420948709,0.46826601633480225,2026-07-07 14:16:17.441730,2026-07-07 14:16:27.903029,0 days 00:00:10.461299,9.95727491440589,45,COMPLETE
4760,0.006713831774467938,0.46867487200154784,2026-07-07 14:16:17.597523,2026-07-07 14:16:27.708555,0 days 00:00:10.111032,11.875996168346315,45,COMPLETE
4761,0.005798640336976968,0.4689521199514037,2026-07-07 14:16:17.602395,2026-07-07 14:16:27.707670,0 days 00:00:10.105275,4.685382994313961,45,COMPLETE
4762,0.008120845476203953,0.46826699871434446,2026-07-07 14:16:17.940617,2026-07-07 14:16:27.725056,0 days 00:00:09.784439,12.778243012667843,45,COMPLETE
4763,0.024223323024269494,0.46574126881705846,2026-07-07 14:16:18.937362,2026-07-07 14:16:28.864158,0 days 00:00:09.926796,89.77294854682127,45,COMPLETE
4764,0.024627837612957726,0.46570394120764597,2026-07-07 14:16:19.128547,2026-07-07 14:16:27.711249,0 days 00:00:08.582702,91.54614085166304,45,COMPLETE
4765,0.008747711594471408,0.4681938264973673,2026-07-07 14:16:19.324038,2026-07-07 14:16:27.511021,0 days 00:00:08.186983,6.055114363183721,45,COMPLETE
4766,0.01686941765646438,0.46702324235809084,2026-07-07 14:16:19.330101,2026-07-07 14:16:27.907932,0 days 00:00:08.577831,42.22677832847867,45,COMPLETE
4767,0.01719722890870573,0.46688547397472957,2026-07-07 14:16:19.532766,2026-07-07 14:16:30.744861,0 days 00:00:11.212095,48.31584262182619,46,COMPLETE
4768,0.01721709455291509,0.46692797689406684,2026-07-07 14:16:19.540358,2026-07-07 14:16:32.365751,0 days 00:00:12.825393,49.08941276720687,46,COMPLETE
4769,0.017811764169843536,0.4669108430348984,2026-07-07 14:16:19.714861,2026-07-07 14:16:28.863432,0 days 00:00:09.148571,42.728008642605054,46,COMPLETE
4770,0.025326245943867565,0.4656552206487078,2026-07-07 14:16:19.873841,2026-07-07 14:16:30.243296,0 days 00:00:10.369455,94.66354953421316,46,COMPLETE
4771,0.0173937394306678,0.4668971098309436,2026-07-07 14:16:19.875504,2026-07-07 14:16:28.864008,0 days 00:00:08.988504,50.96974576807303,46,COMPLETE
4772,0.01971047863458192,0.46632682385191937,2026-07-07 14:16:20.499713,2026-07-07 14:16:23.753882,0 days 00:00:03.254169,75.30816703030254,46,COMPLETE
4773,0.02053277714789037,0.46622736143251453,2026-07-07 14:16:20.657433,2026-07-07 14:16:30.761958,0 days 00:00:10.104525,73.32235209281704,46,COMPLETE
4774,0.01672265434103165,0.46695167732886844,2026-07-07 14:16:20.818452,2026-07-07 14:16:32.420605,0 days 00:00:11.602153,44.105918435273544,46,COMPLETE
4775,0.01452370251978724,0.46721222477498603,2026-07-07 14:16:20.819912,2026-07-07 14:16:29.929485,0 days 00:00:09.109573,33.49324300932091,46,COMPLETE
4776,0.016352441118831162,0.4669535242573729,2026-07-07 14:16:20.821514,2026-07-07 14:16:28.866396,0 days 00:00:08.044882,45.18170566985095,46,COMPLETE
4777,0.02141197426732233,0.46615734965220373,2026-07-07 14:16:20.825975,2026-07-07 14:16:29.423275,0 days 00:00:08.597300,79.80553466618402,46,COMPLETE
4778,0.013134073132925694,0.46768769083749834,2026-07-07 14:16:20.826334,2026-07-07 14:16:30.570645,0 days 00:00:09.744311,31.06926178193345,46,COMPLETE
4779,0.02215603038930819,0.4660975580817023,2026-07-07 14:16:21.009153,2026-07-07 14:16:28.871246,0 days 00:00:07.862093,64.30133030802804,46,COMPLETE
4780,0.01645538853257994,0.467169401814833,2026-07-07 14:16:21.016241,2026-07-07 14:16:25.361445,0 days 00:00:04.345204,48.46637355604679,46,COMPLETE
4781,0.022387893516990387,0.46604030993858736,2026-07-07 14:16:21.017103,2026-07-07 14:16:32.468834,0 days 00:00:11.451731,81.81553527432172,46,COMPLETE
4782,0.020917705484731763,0.4664224197673955,2026-07-07 14:16:21.024252,2026-07-07 14:16:30.753899,0 days 00:00:09.729647,63.36268541385613,46,COMPLETE
4783,0.02063737461153181,0.46632097903849207,2026-07-07 14:16:21.384841,2026-07-07 14:16:32.663487,0 days 00:00:11.278646,61.451602236399225,46,COMPLETE
4784,0.01802828019316821,0.4668039041859372,2026-07-07 14:16:21.392415,2026-07-07 14:16:30.756751,0 days 00:00:09.364336,23.469400303936297,46,COMPLETE
4785,0.014643762773350943,0.46741685974000735,2026-07-07 14:16:21.711764,2026-07-07 14:16:30.084582,0 days 00:00:08.372818,37.80730696106266,46,COMPLETE
4786,0.02189371520023825,0.466044756183952,2026-07-07 14:16:22.065265,2026-07-07 14:16:32.407559,0 days 00:00:10.342294,70.16132217204985,46,COMPLETE
4787,0.01646960709475881,0.4668098680878747,2026-07-07 14:16:22.240408,2026-07-07 14:16:27.916118,0 days 00:00:05.675710,2.840822615585487,46,COMPLETE
4788,0.021193038913173423,0.4661885087958668,2026-07-07 14:16:22.574046,2026-07-07 14:16:35.690689,0 days 00:00:13.116643,68.02914645558387,46,COMPLETE
4789,0.013822354164639394,0.46723542700934173,2026-07-07 14:16:22.590372,2026-07-07 14:16:32.465123,0 days 00:00:09.874751,7.95363095418466,46,COMPLETE
4790,0.02319767215384594,0.4659771853482276,2026-07-07 14:16:23.214691,2026-07-07 14:16:32.447769,0 days 00:00:09.233078,85.47978085759853,46,COMPLETE
4791,0.01526759247365611,0.4669817265437459,2026-07-07 14:16:23.246350,2026-07-07 14:16:32.636112,0 days 00:00:09.389762,7.603193738723782,46,COMPLETE
4792,0.016646599462698308,0.46710991628574444,2026-07-07 14:16:23.246700,2026-07-07 14:16:32.421055,0 days 00:00:09.174355,47.447095095627766,46,COMPLETE
4793,0.02257191136792902,0.46601938507382923,2026-07-07 14:16:23.426837,2026-07-07 14:16:34.088886,0 days 00:00:10.662049,82.1577644656907,46,COMPLETE
4794,0.017730286957807206,0.4668053076845886,2026-07-07 14:16:23.584690,2026-07-07 14:16:33.778593,0 days 00:00:10.193903,44.57891221239738,46,COMPLETE
4795,0.018232629231748065,0.4666744791572,2026-07-07 14:16:23.960386,2026-07-07 14:16:32.654709,0 days 00:00:08.694323,55.19514604562949,46,COMPLETE
4796,0.01574580438697004,0.46707408107302684,2026-07-07 14:16:23.972351,2026-07-07 14:16:36.337558,0 days 00:00:12.365207,29.732985600083218,46,COMPLETE
4797,0.02411353872832228,0.4657488210718343,2026-07-07 14:16:23.974500,2026-07-07 14:16:34.423341,0 days 00:00:10.448841,90.53510106570765,46,COMPLETE
4798,0.025418614413699525,0.465643376170652,2026-07-07 14:16:24.139210,2026-07-07 14:16:33.776017,0 days 00:00:09.636807,95.38521565484653,46,COMPLETE
4799,0.020585372333525753,0.4662829401000418,2026-07-07 14:16:24.324629,2026-07-07 14:16:35.023195,0 days 00:00:10.698566,76.73156436481803,46,COMPLETE
4800,0.016281467564432106,0.4671196635766567,2026-07-07 14:16:24.485850,2026-07-07 14:16:35.359874,0 days 00:00:10.874024,24.099039612710794,46,COMPLETE
4801,0.016043674599002244,0.46707390545172645,2026-07-07 14:16:24.486105,2026-07-07 14:16:35.037917,0 days 00:00:10.551812,25.853848658181505,46,COMPLETE
4802,0.017754529569237842,0.4667570615793879,2026-07-07 14:16:24.806789,2026-07-07 14:16:35.525736,0 days 00:00:10.718947,46.90599739596892,46,COMPLETE
4803,0.022470616183526526,0.4660310354699492,2026-07-07 14:16:24.822110,2026-07-07 14:16:35.004464,0 days 00:00:10.182354,81.9650641601923,46,COMPLETE
4804,0.019155913240837152,0.46668944091628684,2026-07-07 14:16:24.825481,2026-07-07 14:16:34.783291,0 days 00:00:09.957810,42.68753902469999,46,COMPLETE
4805,0.025181758195157555,0.4656696854302694,2026-07-07 14:16:24.826921,2026-07-07 14:16:37.202570,0 days 00:00:12.375649,96.92258197973028,46,COMPLETE
4806,0.011560156094609197,0.4679622348118686,2026-07-07 14:16:24.987850,2026-07-07 14:16:32.671576,0 days 00:00:07.683726,15.867968995276769,46,COMPLETE
4807,0.024668553069482735,0.4656998511058092,2026-07-07 14:16:24.992047,2026-07-07 14:16:35.002707,0 days 00:00:10.010660,91.68602283819061,46,COMPLETE
4808,0.02478247159960212,0.46570333968968325,2026-07-07 14:16:25.152207,2026-07-07 14:16:29.412306,0 days 00:00:04.260099,92.39722877645733,46,COMPLETE
4809,0.020778298796386763,0.466255697100758,2026-07-07 14:16:25.153950,2026-07-07 14:16:32.452525,0 days 00:00:07.298575,78.29954668187128,46,COMPLETE
4810,0.013278753502042162,0.4675198792415918,2026-07-07 14:16:25.340681,2026-07-07 14:16:36.338908,0 days 00:00:10.998227,33.36910207909805,46,COMPLETE
4811,0.014923737892970301,0.4672240244276642,2026-07-07 14:16:25.346106,2026-07-07 14:16:33.774236,0 days 00:00:08.428130,27.525969006129507,46,COMPLETE
4812,0.008002623849710677,0.46853770299779396,2026-07-07 14:16:25.390601,2026-07-07 14:16:37.240044,0 days 00:00:11.849443,31.74592231294184,46,COMPLETE
4813,0.018719920873890128,0.4665227956654604,2026-07-07 14:16:25.549292,2026-07-07 14:16:37.217632,0 days 00:00:11.668340,57.75900947666314,46,COMPLETE
4814,0.014804637314607239,0.4672583270602879,2026-07-07 14:16:26.014581,2026-07-07 14:16:33.452422,0 days 00:00:07.437841,29.411473689678164,46,COMPLETE
4815,0.012830161926966732,0.4676139895326925,2026-07-07 14:16:26.962429,2026-07-07 14:16:38.229822,0 days 00:00:11.267393,7.05297508032108,46,COMPLETE
4816,0.016833774430515924,0.46693716420036024,2026-07-07 14:16:27.309530,2026-07-07 14:16:37.220992,0 days 00:00:09.911462,53.04148610585286,46,COMPLETE
4817,0.02540758686733735,0.4656444792311163,2026-07-07 14:16:27.316597,2026-07-07 14:16:37.195458,0 days 00:00:09.878861,95.79546465394759,46,COMPLETE
4818,0.01304644585293857,0.46735573351300086,2026-07-07 14:16:27.321192,2026-07-07 14:16:37.418871,0 days 00:00:10.097679,9.038164244980575,46,COMPLETE
4819,0.017638982715792506,0.46695237675349704,2026-07-07 14:16:27.521475,2026-07-07 14:16:35.692317,0 days 00:00:08.170842,44.03327959446199,46,COMPLETE
4820,0.02326717070475587,0.46596906420962036,2026-07-07 14:16:27.526814,2026-07-07 14:16:39.027472,0 days 00:00:11.500658,85.76990840996801,46,COMPLETE
4821,0.0192028317255572,0.4664937205228198,2026-07-07 14:16:27.711524,2026-07-07 14:16:35.704709,0 days 00:00:07.993185,23.805150462685173,46,COMPLETE
4822,0.014066722156893363,0.4672598883471488,2026-07-07 14:16:28.541877,2026-07-07 14:16:38.200159,0 days 00:00:09.658282,20.402114585649887,46,COMPLETE
4823,0.01977299957394779,0.46630946633620257,2026-07-07 14:16:28.882539,2026-07-07 14:16:39.615159,0 days 00:00:10.732620,75.5703142235963,46,COMPLETE
4824,0.016528245260131746,0.4669229393592931,2026-07-07 14:16:29.206900,2026-07-07 14:16:35.015991,0 days 00:00:05.809091,39.38652339775498,46,COMPLETE
4825,0.024546553168418028,0.46570211999639743,2026-07-07 14:16:29.210156,2026-07-07 14:16:39.211557,0 days 00:00:10.001401,91.27203584561462,46,COMPLETE
4826,0.018486359914185735,0.4665691483242521,2026-07-07 14:16:29.213324,2026-07-07 14:16:39.253682,0 days 00:00:10.040358,57.27765204457935,46,COMPLETE
4827,0.018366870398668078,0.46681703986470496,2026-07-07 14:16:29.219511,2026-07-07 14:16:39.242166,0 days 00:00:10.022655,49.216646686211845,46,COMPLETE
4828,0.012717300591762515,0.46747057294385225,2026-07-07 14:16:29.236795,2026-07-07 14:16:39.441379,0 days 00:00:10.204584,6.581599092504382,46,COMPLETE
4829,0.008956781705147299,0.46823838548130725,2026-07-07 14:16:29.239097,2026-07-07 14:16:41.641491,0 days 00:00:12.402394,4.490505898004011,46,COMPLETE
4830,0.013903754747212616,0.4674981901167981,2026-07-07 14:16:29.241245,2026-07-07 14:16:39.236476,0 days 00:00:09.995231,7.6575082007495805,46,COMPLETE
4831,0.008093389046381683,0.46875794034321683,2026-07-07 14:16:29.412498,2026-07-07 14:16:39.245763,0 days 00:00:09.833265,12.974048324799957,46,COMPLETE
4832,0.024490564695412886,0.4649513951757088,2026-07-07 14:16:29.733445,2026-07-07 14:16:35.698397,0 days 00:00:05.964952,1.5530914548462098,46,COMPLETE
4833,0.018982286911538915,0.4667051856564022,2026-07-07 14:16:29.736628,2026-07-07 14:16:35.531279,0 days 00:00:05.794651,35.04341182021303,46,COMPLETE
4834,0.02282054352787083,0.4660037124914067,2026-07-07 14:16:29.748554,2026-07-07 14:16:39.962115,0 days 00:00:10.213561,83.20451748149024,46,COMPLETE
4835,0.01880635635859873,0.4665764891077629,2026-07-07 14:16:29.761049,2026-07-07 14:16:37.210653,0 days 00:00:07.449604,55.662984241452655,46,COMPLETE
4836,0.019659387260061556,0.4665704568232556,2026-07-07 14:16:29.921974,2026-07-07 14:16:40.128198,0 days 00:00:10.206224,61.90928656807121,46,COMPLETE
4837,0.025053334180780262,0.46568658254949924,2026-07-07 14:16:30.576656,2026-07-07 14:16:40.288169,0 days 00:00:09.711513,97.61752527973319,46,COMPLETE
4838,0.015391110386647533,0.4671607181501649,2026-07-07 14:16:30.580630,2026-07-07 14:16:42.655414,0 days 00:00:12.074784,52.63170763234359,46,COMPLETE
4839,0.00837220482194223,0.4683818558065169,2026-07-07 14:16:31.702732,2026-07-07 14:16:41.462688,0 days 00:00:09.759956,13.499547738470616,46,COMPLETE
4840,0.019982292812906255,0.46629209814195177,2026-07-07 14:16:32.415259,2026-07-07 14:16:42.117022,0 days 00:00:09.701763,76.26165394796868,46,COMPLETE
4841,0.01977199551012171,0.4663121710509422,2026-07-07 14:16:32.423486,2026-07-07 14:16:41.469523,0 days 00:00:09.046037,75.77318805752874,46,COMPLETE
4842,0.020808472061787375,0.4661941741144369,2026-07-07 14:16:32.429523,2026-07-07 14:16:42.114655,0 days 00:00:09.685132,72.54031663763314,46,COMPLETE
4843,0.016153264860172545,0.46707672952458784,2026-07-07 14:16:32.435395,2026-07-07 14:16:39.611549,0 days 00:00:07.176154,36.73459267148713,46,COMPLETE
4844,0.020506622939632402,0.4662895455967591,2026-07-07 14:16:32.450351,2026-07-07 14:16:42.314537,0 days 00:00:09.864186,41.64821986195439,46,COMPLETE
4845,0.013733021762490916,0.4675387245538112,2026-07-07 14:16:32.653580,2026-07-07 14:16:38.705984,0 days 00:00:06.052404,20.383196280162295,46,COMPLETE
4846,0.015431285603855427,0.4671795437745061,2026-07-07 14:16:32.664142,2026-07-07 14:16:44.311761,0 days 00:00:11.647619,53.18672272489267,46,COMPLETE
4847,0.023525003964748714,0.46590375233030523,2026-07-07 14:16:32.666964,2026-07-07 14:16:42.816447,0 days 00:00:10.149483,86.73403183145165,46,COMPLETE
4848,0.014570977151748321,0.46761947695786443,2026-07-07 14:16:34.088702,2026-07-07 14:16:43.329361,0 days 00:00:09.240659,20.53666007944075,46,COMPLETE
4849,0.025403188864429438,0.4656447871502726,2026-07-07 14:16:34.418793,2026-07-07 14:16:44.308736,0 days 00:00:09.889943,95.8496523418965,46,COMPLETE
4850,0.018909072030394936,0.46623699566443444,2026-07-07 14:16:34.422608,2026-07-07 14:16:43.335189,0 days 00:00:08.912581,5.942176028729026,46,COMPLETE
4851,0.018942943955690128,0.46667091388774895,2026-07-07 14:16:34.426785,2026-07-07 14:16:44.842876,0 days 00:00:10.416091,58.5910160326933,46,COMPLETE
4852,0.024122389005969858,0.4657477016671473,2026-07-07 14:16:34.588603,2026-07-07 14:16:43.341481,0 days 00:00:08.752878,90.51041640130391,46,COMPLETE
4853,0.023052837565232298,0.4659972566631061,2026-07-07 14:16:34.589541,2026-07-07 14:16:42.325225,0 days 00:00:07.735684,84.83877201072215,46,COMPLETE
4854,0.014334330102218629,0.46765942329467153,2026-07-07 14:16:34.593951,2026-07-07 14:16:45.901798,0 days 00:00:11.307847,21.922877505326564,46,COMPLETE
4855,0.021705563427276586,0.4661030478756344,2026-07-07 14:16:34.596438,2026-07-07 14:16:45.883279,0 days 00:00:11.286841,65.93012996499601,46,COMPLETE
4856,0.008101270088421875,0.46851942543356057,2026-07-07 14:16:34.601042,2026-07-07 14:16:45.680435,0 days 00:00:11.079393,33.93389122783735,46,COMPLETE
4857,0.02079361763953419,0.46619652415741,2026-07-07 14:16:34.606360,2026-07-07 14:16:41.451530,0 days 00:00:06.845170,72.58260121742275,46,COMPLETE
4858,0.01247325507960978,0.4679756247481656,2026-07-07 14:16:34.971997,2026-07-07 14:16:39.262484,0 days 00:00:04.290487,35.692918607984794,46,COMPLETE
4859,0.013381925431650565,0.4676783665866558,2026-07-07 14:16:34.978487,2026-07-07 14:16:39.267618,0 days 00:00:04.289131,31.182954220084937,46,COMPLETE
4860,0.019778888986592247,0.4663131179605693,2026-07-07 14:16:34.987715,2026-07-07 14:16:45.906916,0 days 00:00:10.919201,75.83850573135913,46,COMPLETE
4861,0.021920013651502868,0.4660970950760992,2026-07-07 14:16:34.997962,2026-07-07 14:16:49.283748,0 days 00:00:14.285786,80.90934832209989,46,COMPLETE
4862,0.02296268442001309,0.4659962910044974,2026-07-07 14:16:35.002981,2026-07-07 14:16:46.073661,0 days 00:00:11.070680,84.15719464298505,46,COMPLETE
4863,0.021890823316150554,0.4661005470249936,2026-07-07 14:16:35.012234,2026-07-07 14:16:43.329099,0 days 00:00:08.316865,80.8519311480838,46,COMPLETE
4864,0.01900206165745061,0.4665019454965556,2026-07-07 14:16:35.515402,2026-07-07 14:16:41.281856,0 days 00:00:05.766454,56.68982260345327,46,COMPLETE
4865,0.008848604503132573,0.4683593007226725,2026-07-07 14:16:35.709240,2026-07-07 14:16:39.795157,0 days 00:00:04.085917,11.18615079691497,46,COMPLETE
4866,0.01803786256068035,0.4668654506767362,2026-07-07 14:16:36.333853,2026-07-07 14:16:45.896234,0 days 00:00:09.562381,45.14545868604928,46,COMPLETE
4867,0.02531644294745261,0.4656536690928023,2026-07-07 14:16:36.339523,2026-07-07 14:16:46.249416,0 days 00:00:09.909893,96.38717406050903,47,COMPLETE
4868,0.015418259679721491,0.467384838352654,2026-07-07 14:16:36.344291,2026-07-07 14:16:46.072552,0 days 00:00:09.728261,43.60005733302733,47,COMPLETE
4869,0.017097165810537995,0.4670291120707886,2026-07-07 14:16:36.509624,2026-07-07 14:16:50.866927,0 days 00:00:14.357303,44.054651197593735,47,COMPLETE
4870,0.008490152665801054,0.46803202093787677,2026-07-07 14:16:36.513436,2026-07-07 14:16:47.400547,0 days 00:00:10.887111,12.291453723566262,47,COMPLETE
4871,0.0181440367790614,0.4669109605534968,2026-07-07 14:16:36.518990,2026-07-07 14:16:45.901513,0 days 00:00:09.382523,45.84685942216787,47,COMPLETE
4872,0.024442566189549042,0.46575870627949884,2026-07-07 14:16:36.853953,2026-07-07 14:16:48.281916,0 days 00:00:11.427963,99.55340415205191,47,COMPLETE
4873,0.015465513623276916,0.467173727444633,2026-07-07 14:16:36.877994,2026-07-07 14:16:47.057040,0 days 00:00:10.179046,53.16744230464966,47,COMPLETE
4874,0.02412560165360872,0.4657772633581078,2026-07-07 14:16:37.035931,2026-07-07 14:16:46.248928,0 days 00:00:09.212997,88.29211881791812,47,COMPLETE
4875,0.015173121657993782,0.4672982549330621,2026-07-07 14:16:37.206308,2026-07-07 14:16:48.281151,0 days 00:00:11.074843,4.21920985409436,47,COMPLETE
