number,values_0,values_1,datetime_start,datetime_complete,duration,params_input_force,system_attrs_NSGAIISampler:generation,state
3017,0.012611462092010362,0.46751726927972725,2026-07-07 14:11:20.571536,2026-07-07 14:11:30.591988,0 days 00:00:10.020452,8.406875972802185,29,COMPLETE
3018,0.01995788840883389,0.46629362865651847,2026-07-07 14:11:20.572829,2026-07-07 14:11:30.859412,0 days 00:00:10.286583,41.506793584948895,29,COMPLETE
3019,0.017937667365692744,0.46681432901210007,2026-07-07 14:11:20.729517,2026-07-07 14:11:28.908700,0 days 00:00:08.179183,41.51892228150946,29,COMPLETE
3020,0.0049003538682033665,0.4691756609923211,2026-07-07 14:11:20.730681,2026-07-07 14:11:33.703649,0 days 00:00:12.972968,11.195860318382522,29,COMPLETE
3021,0.014051784734299355,0.467353247323487,2026-07-07 14:11:21.368770,2026-07-07 14:11:28.526610,0 days 00:00:07.157840,33.64955035534159,29,COMPLETE
3022,0.0025326091988029376,0.46965137831025555,2026-07-07 14:11:21.369031,2026-07-07 14:11:27.692844,0 days 00:00:06.323813,5.126074434182447,29,COMPLETE
3023,0.014882745625175997,0.46724071396559397,2026-07-07 14:11:21.370339,2026-07-07 14:11:30.851472,0 days 00:00:09.481133,37.76256507187571,29,COMPLETE
3024,0.02442623761247692,0.46570542448117314,2026-07-07 14:11:21.385337,2026-07-07 14:11:33.711079,0 days 00:00:12.325742,90.9876144884833,29,COMPLETE
3025,0.013677832347500918,0.4671597208831537,2026-07-07 14:11:21.386828,2026-07-07 14:11:31.551966,0 days 00:00:10.165138,8.88293855679096,29,COMPLETE
3026,0.011208407355913386,0.46816933798790916,2026-07-07 14:11:21.550059,2026-07-07 14:11:28.900641,0 days 00:00:07.350582,21.562204930836955,29,COMPLETE
3027,0.02444611242278022,0.46575837680299187,2026-07-07 14:11:21.556258,2026-07-07 14:11:29.241817,0 days 00:00:07.685559,99.51623232515992,29,COMPLETE
3028,0.021495059833411934,0.4661061764834279,2026-07-07 14:11:22.036979,2026-07-07 14:11:28.728831,0 days 00:00:06.691852,78.83920332944588,29,COMPLETE
3029,0.006942154757343444,0.46870440643172817,2026-07-07 14:11:22.728330,2026-07-07 14:11:30.832521,0 days 00:00:08.104191,4.7288547313480045,29,COMPLETE
3030,0.019702348862792207,0.4663287205999933,2026-07-07 14:11:23.039002,2026-07-07 14:11:30.840223,0 days 00:00:07.801221,75.29350009655795,29,COMPLETE
3031,0.014859909588864073,0.4674256703091557,2026-07-07 14:11:23.527541,2026-07-07 14:11:33.036254,0 days 00:00:09.508713,40.293868507123165,29,COMPLETE
3032,0.02484091201381211,0.46570293835954585,2026-07-07 14:11:23.544007,2026-07-07 14:11:33.068193,0 days 00:00:09.524186,92.65835652243531,29,COMPLETE
3033,0.01922304909145267,0.46646561425533833,2026-07-07 14:11:23.579544,2026-07-07 14:11:33.067283,0 days 00:00:09.487739,56.5057237655204,29,COMPLETE
3034,0.020652705800928872,0.466259758583633,2026-07-07 14:11:23.946114,2026-07-07 14:11:33.707561,0 days 00:00:09.761447,77.89151935416862,29,COMPLETE
3035,0.011218028320009843,0.46796148981917274,2026-07-07 14:11:23.948204,2026-07-07 14:11:33.871246,0 days 00:00:09.923042,17.485510245682786,29,COMPLETE
3036,0.020609968194575723,0.46624665105572816,2026-07-07 14:11:23.951477,2026-07-07 14:11:33.877505,0 days 00:00:09.926028,71.59643735608292,29,COMPLETE
3037,0.01393552409912363,0.4673977656765151,2026-07-07 14:11:23.951838,2026-07-07 14:11:34.898758,0 days 00:00:10.946920,31.805068510555063,29,COMPLETE
3038,0.022367717914296703,0.4659610474696143,2026-07-07 14:11:23.955126,2026-07-07 14:11:31.200763,0 days 00:00:07.245637,69.7544940501362,29,COMPLETE
3039,0.022284174373050414,0.46600411891472077,2026-07-07 14:11:24.113064,2026-07-07 14:11:34.205840,0 days 00:00:10.092776,69.43458503576136,29,COMPLETE
3040,0.025384086311973864,0.4656464661036461,2026-07-07 14:11:24.116336,2026-07-07 14:11:39.252332,0 days 00:00:15.135996,96.01772113874333,29,COMPLETE
3041,0.01618445690768644,0.46670857612101746,2026-07-07 14:11:24.283364,2026-07-07 14:11:35.080160,0 days 00:00:10.796796,3.3019361193318555,29,COMPLETE
3042,0.017020157798749103,0.4670283666967056,2026-07-07 14:11:24.607877,2026-07-07 14:11:39.592330,0 days 00:00:14.984453,44.87883026448557,29,COMPLETE
3043,0.020060147968604836,0.46639218926530607,2026-07-07 14:11:25.076826,2026-07-07 14:11:30.660064,0 days 00:00:05.583238,53.776271232175596,29,COMPLETE
3044,0.01997979002811312,0.4665376977536,2026-07-07 14:11:25.078501,2026-07-07 14:11:34.897723,0 days 00:00:09.819222,62.150100410230074,29,COMPLETE
3045,0.021761770271338243,0.4661158117688534,2026-07-07 14:11:25.079699,2026-07-07 14:11:34.388680,0 days 00:00:09.308981,80.60168019014606,29,COMPLETE
3046,0.020646364291852348,0.4662891369072904,2026-07-07 14:11:25.403451,2026-07-07 14:11:35.083975,0 days 00:00:09.680524,67.5304467472516,29,COMPLETE
3047,0.02492918462231203,0.4656961855939129,2026-07-07 14:11:25.405164,2026-07-07 14:11:35.088394,0 days 00:00:09.683230,92.92153426897691,29,COMPLETE
3048,0.012911004854193275,0.4677272826419079,2026-07-07 14:11:25.564718,2026-07-07 14:11:35.907868,0 days 00:00:10.343150,20.19502804312151,29,COMPLETE
3049,0.0207853868987673,0.46619798628431186,2026-07-07 14:11:25.724416,2026-07-07 14:11:31.198677,0 days 00:00:05.474261,72.60308034334749,29,COMPLETE
3050,0.019461119456839926,0.46638581894778175,2026-07-07 14:11:26.662486,2026-07-07 14:11:39.578712,0 days 00:00:12.916226,74.92788659937327,29,COMPLETE
3051,0.019029526216026438,0.4666440499034058,2026-07-07 14:11:27.861398,2026-07-07 14:11:40.797561,0 days 00:00:12.936163,58.53207949131838,29,COMPLETE
3052,0.020752354579061327,0.4662040635005681,2026-07-07 14:11:29.077252,2026-07-07 14:11:40.265385,0 days 00:00:11.188133,72.6653696668535,29,COMPLETE
3053,0.011357865965711533,0.46781265917135717,2026-07-07 14:11:29.080490,2026-07-07 14:11:35.265781,0 days 00:00:06.185291,20.727167068996366,29,COMPLETE
3054,0.018385683874881542,0.46682645828412866,2026-07-07 14:11:29.775659,2026-07-07 14:11:40.794201,0 days 00:00:11.018542,43.68342758363047,30,COMPLETE
3055,0.024916685453282073,0.4656973785502352,2026-07-07 14:11:29.785342,2026-07-07 14:11:38.908720,0 days 00:00:09.123378,92.88560953859816,30,COMPLETE
3056,0.01821558496311526,0.46675828585835033,2026-07-07 14:11:30.099886,2026-07-07 14:11:39.586637,0 days 00:00:09.486751,50.9443077697322,30,COMPLETE
3057,0.017214442939262997,0.46687567659937595,2026-07-07 14:11:30.568460,2026-07-07 14:11:38.745255,0 days 00:00:08.176795,38.58476451548199,30,COMPLETE
3058,0.01742958239836767,0.4669660280376924,2026-07-07 14:11:30.612967,2026-07-07 14:11:41.139758,0 days 00:00:10.526791,50.552026038491036,30,COMPLETE
3059,0.01857327642652684,0.46675917737254313,2026-07-07 14:11:30.615201,2026-07-07 14:11:39.566542,0 days 00:00:08.951341,41.613532196505965,30,COMPLETE
3060,0.019360273408671025,0.46647485904844216,2026-07-07 14:11:30.632092,2026-07-07 14:11:38.910608,0 days 00:00:08.278516,55.39034492463323,30,COMPLETE
3061,0.017291484518596856,0.46673394488221354,2026-07-07 14:11:30.638024,2026-07-07 14:11:43.368954,0 days 00:00:12.730930,3.8106734048876048,30,COMPLETE
3062,0.008464326230884944,0.4684066818696406,2026-07-07 14:11:30.640315,2026-07-07 14:11:38.357066,0 days 00:00:07.716751,11.479896803174107,30,COMPLETE
3063,0.021595465490696242,0.4661311051329667,2026-07-07 14:11:30.654213,2026-07-07 14:11:40.791461,0 days 00:00:10.137248,68.41918013709615,30,COMPLETE
3064,0.017572439759543534,0.466783575432277,2026-07-07 14:11:30.654396,2026-07-07 14:11:40.262165,0 days 00:00:09.607769,54.896165870770226,30,COMPLETE
3065,0.022794815060495077,0.4660069469077309,2026-07-07 14:11:30.840500,2026-07-07 14:11:40.966938,0 days 00:00:10.126438,83.08945452133699,30,COMPLETE
3066,0.02761698875990498,0.4635466457306786,2026-07-07 14:11:30.843933,2026-07-07 14:11:42.520577,0 days 00:00:11.676644,1.324241330208476,30,COMPLETE
3067,0.0245847730472325,0.4657454936936417,2026-07-07 14:11:30.844768,2026-07-07 14:11:37.662970,0 days 00:00:06.818202,98.72833829426062,30,COMPLETE
3068,0.02082867768633756,0.466439691721279,2026-07-07 14:11:30.846509,2026-07-07 14:11:39.072018,0 days 00:00:08.225509,63.220784762458614,30,COMPLETE
3069,0.024730785802687116,0.4656974465679391,2026-07-07 14:11:30.851657,2026-07-07 14:11:41.167072,0 days 00:00:10.315415,91.97572888342216,30,COMPLETE
3070,0.013501319409209955,0.46748458170842955,2026-07-07 14:11:30.863346,2026-07-07 14:11:40.974854,0 days 00:00:10.111508,20.456558984523344,30,COMPLETE
3071,0.0168783277861162,0.46697784488245203,2026-07-07 14:11:31.026126,2026-07-07 14:11:40.962905,0 days 00:00:09.936779,48.15212869483281,30,COMPLETE
3072,0.007523920882975432,0.4684897735653128,2026-07-07 14:11:31.026712,2026-07-07 14:11:39.565870,0 days 00:00:08.539158,9.437103910063662,30,COMPLETE
3073,0.016590273505940556,0.46700647050371497,2026-07-07 14:11:31.182800,2026-07-07 14:11:39.606413,0 days 00:00:08.423613,40.58047218538666,30,COMPLETE
3074,0.017510167781676578,0.466805977491433,2026-07-07 14:11:31.184340,2026-07-07 14:11:35.593957,0 days 00:00:04.409617,54.066539399331354,30,COMPLETE
3075,0.010044122373293218,0.4681735663231545,2026-07-07 14:11:31.185433,2026-07-07 14:11:40.601825,0 days 00:00:09.416392,31.70357999768207,30,COMPLETE
3076,0.02275954055490048,0.46601051665759996,2026-07-07 14:11:31.186743,2026-07-07 14:11:41.347582,0 days 00:00:10.160839,82.93367189184853,30,COMPLETE
3077,0.014472630172651824,0.46717264751726606,2026-07-07 14:11:31.201050,2026-07-07 14:11:40.269593,0 days 00:00:09.068543,33.219307401865976,30,COMPLETE
3078,0.021824539904658158,0.46610835477468704,2026-07-07 14:11:31.202140,2026-07-07 14:11:42.350476,0 days 00:00:11.148336,80.72232727364526,30,COMPLETE
3079,0.018426982463596975,0.4668518425656296,2026-07-07 14:11:31.539825,2026-07-07 14:11:40.265716,0 days 00:00:08.725891,45.07445619873619,30,COMPLETE
3080,0.020906796563075536,0.466262060204377,2026-07-07 14:11:31.541606,2026-07-07 14:11:38.705267,0 days 00:00:07.163661,59.97291626785736,30,COMPLETE
3081,0.020654158134589207,0.46623911727141565,2026-07-07 14:11:31.543535,2026-07-07 14:11:35.590263,0 days 00:00:04.046728,71.54196137275355,30,COMPLETE
3082,0.019778436661091525,0.4663130455963205,2026-07-07 14:11:31.546436,2026-07-07 14:11:33.888284,0 days 00:00:02.341848,75.83474059242828,30,COMPLETE
3083,0.022798790546809666,0.4660064748428062,2026-07-07 14:11:31.546639,2026-07-07 14:11:41.525712,0 days 00:00:09.979073,83.10652295706865,30,COMPLETE
3084,0.022943665610222985,0.4659946003168888,2026-07-07 14:11:31.553360,2026-07-07 14:11:43.340396,0 days 00:00:11.787036,83.94395911373431,30,COMPLETE
3085,0.023614966004518456,0.465879635107273,2026-07-07 14:11:31.555186,2026-07-07 14:11:41.684931,0 days 00:00:10.129745,87.01329752554749,30,COMPLETE
3086,0.012794767295523812,0.4675876771249083,2026-07-07 14:11:31.864132,2026-07-07 14:11:38.369220,0 days 00:00:06.505088,33.836661473289205,30,COMPLETE
3087,0.019769255696743482,0.46652362268706427,2026-07-07 14:11:31.865489,2026-07-07 14:11:41.156013,0 days 00:00:09.290524,24.057860944987027,30,COMPLETE
3088,0.021219583700870348,0.46619578342138773,2026-07-07 14:11:31.865628,2026-07-07 14:11:42.518807,0 days 00:00:10.653179,61.147603719872734,30,COMPLETE
3089,0.020005664116304722,0.46658569299415675,2026-07-07 14:11:32.024503,2026-07-07 14:11:38.735302,0 days 00:00:06.710799,62.67393350328664,30,COMPLETE
3090,0.013371524750041996,0.46802771865794923,2026-07-07 14:11:32.024835,2026-07-07 14:11:41.140367,0 days 00:00:09.115532,20.814726696442573,30,COMPLETE
3091,0.006145049059370411,0.46871307194629963,2026-07-07 14:11:32.026862,2026-07-07 14:11:41.364331,0 days 00:00:09.337469,13.202010747504842,30,COMPLETE
3092,0.010207851104234611,0.4680317289691351,2026-07-07 14:11:32.028386,2026-07-07 14:11:45.509815,0 days 00:00:13.481429,31.004842544342445,30,COMPLETE
3093,0.016604607816182615,0.46703610612237895,2026-07-07 14:11:32.194426,2026-07-07 14:11:45.501914,0 days 00:00:13.307488,48.19728487524369,30,COMPLETE
3094,0.008827966361688477,0.4684616247177441,2026-07-07 14:11:32.351879,2026-07-07 14:11:41.688529,0 days 00:00:09.336650,17.587091429040658,30,COMPLETE
3095,0.0162849484740763,0.46720240930193224,2026-07-07 14:11:34.554587,2026-07-07 14:11:45.519800,0 days 00:00:10.965213,42.980819185145634,30,COMPLETE
3096,0.020000190242352944,0.4665259261754997,2026-07-07 14:11:34.557159,2026-07-07 14:11:43.353334,0 days 00:00:08.796175,62.04096281491607,30,COMPLETE
3097,0.02130832503528568,0.46631826518729613,2026-07-07 14:11:34.716298,2026-07-07 14:11:45.154707,0 days 00:00:10.438409,63.85568023631746,30,COMPLETE
3098,0.008722265011891661,0.46821948661810026,2026-07-07 14:11:34.875779,2026-07-07 14:11:45.707838,0 days 00:00:10.832059,11.05236201111372,30,COMPLETE
3099,0.022857493677073237,0.4659993153426575,2026-07-07 14:11:34.886266,2026-07-07 14:11:46.555142,0 days 00:00:11.668876,83.44652522130669,30,COMPLETE
3100,0.017572302166168063,0.4669385498655451,2026-07-07 14:11:34.888481,2026-07-07 14:11:45.524015,0 days 00:00:10.635534,42.00413558446141,30,COMPLETE
3101,0.019291683365428025,0.4659092972430295,2026-07-07 14:11:34.898420,2026-07-07 14:11:46.624653,0 days 00:00:11.726233,5.26115750383649,30,COMPLETE
3102,0.010760685411497994,0.4677498631496282,2026-07-07 14:11:34.908310,2026-07-07 14:11:41.165499,0 days 00:00:06.257189,4.912667539379396,30,COMPLETE
3103,0.02417918483985937,0.4657593760911978,2026-07-07 14:11:34.911887,2026-07-07 14:11:46.617563,0 days 00:00:11.705676,88.74688231962101,30,COMPLETE
3104,0.010244988973290126,0.4680126522648078,2026-07-07 14:11:35.096332,2026-07-07 14:11:44.652924,0 days 00:00:09.556592,19.4906923034026,30,COMPLETE
3105,0.018666873220060276,0.4665258058655066,2026-07-07 14:11:35.433375,2026-07-07 14:11:41.852532,0 days 00:00:06.419157,57.00284049058777,30,COMPLETE
3106,0.024171182587134243,0.46576347063348505,2026-07-07 14:11:35.592318,2026-07-07 14:11:45.886475,0 days 00:00:10.294157,88.56682219339876,30,COMPLETE
3107,0.02192365026585691,0.46607748989614106,2026-07-07 14:11:35.594153,2026-07-07 14:11:45.524565,0 days 00:00:09.930412,65.57702704750055,30,COMPLETE
3108,0.024395040737648643,0.4657069319927616,2026-07-07 14:11:36.063413,2026-07-07 14:11:45.341722,0 days 00:00:09.278309,90.9185146027804,30,COMPLETE
3109,0.019958975418470526,0.4662920436476657,2026-07-07 14:11:36.073948,2026-07-07 14:11:45.331935,0 days 00:00:09.257987,76.20252761335064,30,COMPLETE
3110,0.0167544283567978,0.46699732432433927,2026-07-07 14:11:36.076022,2026-07-07 14:11:48.950724,0 days 00:00:12.874702,44.79871002248436,30,COMPLETE
3111,0.024091343601188364,0.4657525217805641,2026-07-07 14:11:36.236265,2026-07-07 14:11:46.826358,0 days 00:00:10.590093,90.58771918085633,30,COMPLETE
3112,0.020854580279435875,0.466189632066005,2026-07-07 14:11:36.570852,2026-07-07 14:11:46.811549,0 days 00:00:10.240697,72.37849671777482,30,COMPLETE
3113,0.021834459799885075,0.466107184762582,2026-07-07 14:11:37.673076,2026-07-07 14:11:46.621302,0 days 00:00:08.948226,80.74160708982362,30,COMPLETE
3114,0.024518100912682528,0.4657532122948554,2026-07-07 14:11:38.000715,2026-07-07 14:11:49.765285,0 days 00:00:11.764570,98.95898515325194,30,COMPLETE
3115,0.018818900409646344,0.4665311359451263,2026-07-07 14:11:38.369575,2026-07-07 14:11:45.505083,0 days 00:00:07.135508,53.899706733936746,30,COMPLETE
3116,0.02145295455435481,0.4661532681798756,2026-07-07 14:11:39.091237,2026-07-07 14:11:44.984853,0 days 00:00:05.893616,79.96745744055973,30,COMPLETE
3117,0.008937282961331894,0.46830751396617554,2026-07-07 14:11:39.587170,2026-07-07 14:11:47.451783,0 days 00:00:07.864613,33.857772413796624,30,COMPLETE
3118,0.022144656816368125,0.4660402752639232,2026-07-07 14:11:39.607187,2026-07-07 14:11:50.455668,0 days 00:00:10.848481,65.08703968842244,30,COMPLETE
3119,0.02383135360746802,0.46585141207547015,2026-07-07 14:11:39.619004,2026-07-07 14:11:45.334297,0 days 00:00:05.715293,87.65556997953725,30,COMPLETE
3120,0.01492779936714489,0.46722729794090057,2026-07-07 14:11:39.941421,2026-07-07 14:11:49.286536,0 days 00:00:09.345115,38.798558444567384,30,COMPLETE
3121,0.019248590627767292,0.46655721016354973,2026-07-07 14:11:39.943427,2026-07-07 14:11:49.605338,0 days 00:00:09.661911,58.36544833783011,30,COMPLETE
3122,0.017541337342841135,0.4670133967729503,2026-07-07 14:11:40.254489,2026-07-07 14:11:49.604608,0 days 00:00:09.350119,45.85865449107548,30,COMPLETE
3123,0.015412237828270059,0.4668892307074922,2026-07-07 14:11:40.260997,2026-07-07 14:11:48.952585,0 days 00:00:08.691588,3.2541870793006047,30,COMPLETE
3124,0.018575641066784387,0.4666217346951933,2026-07-07 14:11:40.431722,2026-07-07 14:11:49.767990,0 days 00:00:09.336268,53.49830618018589,30,COMPLETE
3125,0.014692953284642263,0.46715140460705096,2026-07-07 14:11:40.605668,2026-07-07 14:11:50.628833,0 days 00:00:10.023165,5.484270934878149,30,COMPLETE
3126,0.0204562006939335,0.4664977671129079,2026-07-07 14:11:40.616801,2026-07-07 14:11:49.770068,0 days 00:00:09.153267,62.7724689785154,30,COMPLETE
3127,0.018110173391209128,0.4667659718507748,2026-07-07 14:11:40.787131,2026-07-07 14:11:46.389897,0 days 00:00:05.602766,44.5236359314023,30,COMPLETE
3128,0.018248691866051936,0.46646284038575875,2026-07-07 14:11:40.797765,2026-07-07 14:11:48.922891,0 days 00:00:08.125126,3.6350210621025782,30,COMPLETE
3129,0.01687606598010566,0.4668785201003993,2026-07-07 14:11:40.801162,2026-07-07 14:11:45.896324,0 days 00:00:05.095162,39.17515158877061,30,COMPLETE
3130,0.018836501351708723,0.46661187491908823,2026-07-07 14:11:40.967902,2026-07-07 14:11:49.130547,0 days 00:00:08.162645,44.544493379527054,30,COMPLETE
3131,0.019769958477310112,0.466311547471828,2026-07-07 14:11:41.349155,2026-07-07 14:11:46.822704,0 days 00:00:05.473549,75.7281240337898,30,COMPLETE
3132,0.022911486847946527,0.4659951324652551,2026-07-07 14:11:41.355749,2026-07-07 14:11:52.621288,0 days 00:00:11.265539,83.70330504236935,30,COMPLETE
3133,0.006216967643876636,0.4688530440754928,2026-07-07 14:11:41.362667,2026-07-07 14:11:51.120657,0 days 00:00:09.757990,12.414732989063003,30,COMPLETE
3134,0.01397916912971453,0.4676391008190714,2026-07-07 14:11:41.364741,2026-07-07 14:11:49.768527,0 days 00:00:08.403786,37.09117830366324,30,COMPLETE
3135,0.015494393156623154,0.46700053486392423,2026-07-07 14:11:41.526824,2026-07-07 14:11:49.129585,0 days 00:00:07.602761,5.934357197673789,30,COMPLETE
3136,0.010235914515350164,0.46790052443064234,2026-07-07 14:11:41.529195,2026-07-07 14:11:54.175253,0 days 00:00:12.646058,7.204270917060077,30,COMPLETE
3137,0.010591541690199768,0.46790952537464975,2026-07-07 14:11:41.687108,2026-07-07 14:11:51.592938,0 days 00:00:09.905830,18.594914756468828,30,COMPLETE
3138,0.018932089421523357,0.46667620827244,2026-07-07 14:11:41.688704,2026-07-07 14:11:52.255159,0 days 00:00:10.566455,58.62662177720291,30,COMPLETE
3139,0.01535963215589592,0.4673936046228137,2026-07-07 14:11:41.691568,2026-07-07 14:11:46.562696,0 days 00:00:04.871128,34.80177344747168,30,COMPLETE
3140,0.014097614664286051,0.467191936776412,2026-07-07 14:11:41.693504,2026-07-07 14:11:52.424816,0 days 00:00:10.731312,6.271414573126442,30,COMPLETE
3141,0.017198256387002953,0.46708968359621017,2026-07-07 14:11:41.695408,2026-07-07 14:11:54.128922,0 days 00:00:12.433514,45.8956327366503,30,COMPLETE
3142,0.022470697071888424,0.4660310261629115,2026-07-07 14:11:41.852414,2026-07-07 14:11:46.556798,0 days 00:00:04.704384,81.96520972995171,30,COMPLETE
3143,0.019646065537990143,0.4664137672405477,2026-07-07 14:11:42.163320,2026-07-07 14:11:49.123564,0 days 00:00:06.960244,26.122759145753406,30,COMPLETE
3144,0.0030521661825143043,0.46954841631162325,2026-07-07 14:11:42.165855,2026-07-07 14:11:46.822107,0 days 00:00:04.656252,4.951067522120136,30,COMPLETE
3145,0.012647236448816768,0.46734883491233387,2026-07-07 14:11:42.173942,2026-07-07 14:11:50.792696,0 days 00:00:08.618754,9.260236697245094,30,COMPLETE
3146,0.01088616506295026,0.4678051966178803,2026-07-07 14:11:42.176486,2026-07-07 14:11:54.989290,0 days 00:00:12.812804,16.91471512220255,30,COMPLETE
3147,0.017775949478937014,0.46686091011117803,2026-07-07 14:11:42.335475,2026-07-07 14:11:54.117544,0 days 00:00:11.782069,42.901891653109175,30,COMPLETE
3148,0.01618656673759883,0.46697660768076465,2026-07-07 14:11:42.337811,2026-07-07 14:11:54.184796,0 days 00:00:11.846985,26.219935680586136,30,COMPLETE
3149,0.02410857753333051,0.465781983261541,2026-07-07 14:11:42.513159,2026-07-07 14:11:50.464332,0 days 00:00:07.951173,88.22722429288635,30,COMPLETE
3150,0.015640053981121338,0.46705654596685175,2026-07-07 14:11:42.515470,2026-07-07 14:11:52.602852,0 days 00:00:10.087382,26.235944251742314,30,COMPLETE
3151,0.024745015236862733,0.46569953491457927,2026-07-07 14:11:42.526148,2026-07-07 14:11:53.254356,0 days 00:00:10.728208,92.10697036766847,30,COMPLETE
3152,0.0200055749308794,0.46653219799744117,2026-07-07 14:11:43.319092,2026-07-07 14:11:55.659834,0 days 00:00:12.340742,62.13072246272844,30,COMPLETE
3153,0.011488172467131463,0.4678046590728957,2026-07-07 14:11:43.995846,2026-07-07 14:11:54.184941,0 days 00:00:10.189095,5.213501320456454,30,COMPLETE
3154,0.022947469926017816,0.4659947471530587,2026-07-07 14:11:44.312975,2026-07-07 14:11:54.161967,0 days 00:00:09.848992,83.98066579410089,30,COMPLETE
3155,0.01398246979018769,0.467252593025414,2026-07-07 14:11:44.313454,2026-07-07 14:11:54.164670,0 days 00:00:09.851216,5.435700582358185,30,COMPLETE
3156,0.017119032112429933,0.46705844911002703,2026-07-07 14:11:44.319362,2026-07-07 14:11:54.671393,0 days 00:00:10.352031,49.13820206673574,30,COMPLETE
3157,0.020278311933404847,0.46630755631467596,2026-07-07 14:11:44.986921,2026-07-07 14:11:54.189307,0 days 00:00:09.202386,77.41280223866481,30,COMPLETE
3158,0.019011353360666172,0.46669433304189534,2026-07-07 14:11:44.989348,2026-07-07 14:11:54.173408,0 days 00:00:09.184060,58.801993163609765,30,COMPLETE
3159,0.017940061064129542,0.46662923893955954,2026-07-07 14:11:45.535757,2026-07-07 14:11:54.995619,0 days 00:00:09.459862,2.738065869016963,31,COMPLETE
