number,values_0,values_1,datetime_start,datetime_complete,duration,params_input_force,system_attrs_NSGAIISampler:generation,state
2445,0.017310748560997125,0.46699761724168287,2026-07-07 14:09:44.367437,2026-07-07 14:09:55.380987,0 days 00:00:11.013550,46.001418645446336,24,COMPLETE
2446,0.020574963464906726,0.4663149908011817,2026-07-07 14:09:44.369466,2026-07-07 14:09:51.447088,0 days 00:00:07.077622,77.45906642483133,24,COMPLETE
2447,0.022775091261015845,0.46600910387285,2026-07-07 14:09:44.375808,2026-07-07 14:09:55.928481,0 days 00:00:11.552673,83.00430389904105,24,COMPLETE
2448,0.005386948010032311,0.46894559710339456,2026-07-07 14:09:44.380085,2026-07-07 14:09:52.540627,0 days 00:00:08.160542,13.400310675702999,24,COMPLETE
2449,0.017696706061022027,0.46675689055268443,2026-07-07 14:09:44.437985,2026-07-07 14:09:55.193429,0 days 00:00:10.755444,55.00658401713496,24,COMPLETE
2450,0.009387528502375564,0.4682035474231821,2026-07-07 14:09:44.440429,2026-07-07 14:09:55.928717,0 days 00:00:11.488288,14.227345417915402,24,COMPLETE
2451,0.015909104172498578,0.46708313011092295,2026-07-07 14:09:44.599612,2026-07-07 14:09:56.108338,0 days 00:00:11.508726,38.73135429588299,24,COMPLETE
2452,0.010698268578084646,0.46814423815707046,2026-07-07 14:09:44.605455,2026-07-07 14:09:50.228400,0 days 00:00:05.622945,26.583916298858654,24,COMPLETE
2453,0.021149024101948743,0.466219795924063,2026-07-07 14:09:44.607057,2026-07-07 14:09:50.265085,0 days 00:00:05.658028,77.55950791543665,24,COMPLETE
2454,0.019113751767367237,0.46674079888400716,2026-07-07 14:09:44.611485,2026-07-07 14:09:50.284431,0 days 00:00:05.672946,58.99171122492545,24,COMPLETE
2455,0.014859772081406153,0.46729883947367207,2026-07-07 14:09:44.771727,2026-07-07 14:09:55.910587,0 days 00:00:11.138860,32.668559574339135,24,COMPLETE
2456,0.019329137867281132,0.4665422300905461,2026-07-07 14:09:44.773623,2026-07-07 14:09:55.915039,0 days 00:00:11.141416,49.63279781487165,24,COMPLETE
2457,0.024725636134316054,0.4657270952182289,2026-07-07 14:09:44.774536,2026-07-07 14:09:55.547088,0 days 00:00:10.772552,98.3854476439605,24,COMPLETE
2458,0.017501529708346453,0.4669195888749357,2026-07-07 14:09:44.774741,2026-07-07 14:09:56.615796,0 days 00:00:11.841055,39.016320829947425,24,COMPLETE
2459,0.009430620326689454,0.46831517781973775,2026-07-07 14:09:44.776257,2026-07-07 14:09:56.291513,0 days 00:00:11.515256,35.272189076440746,24,COMPLETE
2460,0.0069918454892551885,0.468804251515346,2026-07-07 14:09:44.777054,2026-07-07 14:09:56.269201,0 days 00:00:11.492147,12.275970929767032,24,COMPLETE
2461,0.018118659235249857,0.46670315796607553,2026-07-07 14:09:44.778016,2026-07-07 14:09:52.201382,0 days 00:00:07.423366,54.297408117775426,24,COMPLETE
2462,0.025413817757245827,0.46564415523574876,2026-07-07 14:09:45.242715,2026-07-07 14:09:55.554530,0 days 00:00:10.311815,95.68718776512407,24,COMPLETE
2463,0.016706651530011052,0.4669418033207929,2026-07-07 14:09:45.246583,2026-07-07 14:09:57.114468,0 days 00:00:11.867885,37.76963977190722,24,COMPLETE
2464,0.009979157099896108,0.46810817489468437,2026-07-07 14:09:45.403252,2026-07-07 14:09:56.093502,0 days 00:00:10.690250,15.602346460867384,24,COMPLETE
2465,0.011798430781742475,0.46761422282560916,2026-07-07 14:09:45.714337,2026-07-07 14:10:01.945656,0 days 00:00:16.231319,9.30290713647446,24,COMPLETE
2466,0.01974548779677171,0.466318689845005,2026-07-07 14:09:47.413738,2026-07-07 14:09:56.615481,0 days 00:00:09.201743,75.38159271642698,24,COMPLETE
2467,0.021717606327974148,0.4661128034933047,2026-07-07 14:09:47.581564,2026-07-07 14:10:00.116750,0 days 00:00:12.535186,68.5520004596803,24,COMPLETE
2468,0.015132720147165823,0.4673928053645071,2026-07-07 14:09:48.707762,2026-07-07 14:09:56.953152,0 days 00:00:08.245390,24.74575559198765,24,COMPLETE
2469,0.0059903548157146935,0.4688291164351118,2026-07-07 14:09:48.710508,2026-07-07 14:09:59.277433,0 days 00:00:10.566925,5.25722109972864,24,COMPLETE
2470,0.16269560135761868,0.44546572229952724,2026-07-07 14:09:48.714288,2026-07-07 14:09:58.467942,0 days 00:00:09.753654,0.26110599619619274,24,COMPLETE
2471,0.020988273901831944,0.46623761622941867,2026-07-07 14:09:48.754005,2026-07-07 14:09:59.289820,0 days 00:00:10.535815,61.0027714109485,24,COMPLETE
2472,0.01238900888071559,0.4676840902307998,2026-07-07 14:09:48.756424,2026-07-07 14:10:00.602150,0 days 00:00:11.845726,6.1387212312609805,24,COMPLETE
2473,0.021050079160331747,0.4661920940075367,2026-07-07 14:09:49.236577,2026-07-07 14:09:59.790772,0 days 00:00:10.554195,60.24154178444088,24,COMPLETE
2474,0.01570700791601226,0.46682670634476975,2026-07-07 14:09:50.062369,2026-07-07 14:10:02.384994,0 days 00:00:12.322625,8.05319494923287,24,COMPLETE
2475,0.02457856429808447,0.4657097919502216,2026-07-07 14:09:50.248737,2026-07-07 14:10:02.959606,0 days 00:00:12.710869,91.44545368460008,24,COMPLETE
2476,0.01935540428369431,0.46642253387998506,2026-07-07 14:09:50.252833,2026-07-07 14:10:02.946759,0 days 00:00:12.693926,57.86093319606504,24,COMPLETE
2477,0.020785303850452408,0.46625724881378733,2026-07-07 14:09:50.278328,2026-07-07 14:10:01.954358,0 days 00:00:11.676030,76.91816297143072,24,COMPLETE
2478,0.015469352470932951,0.46736269152865045,2026-07-07 14:09:50.289829,2026-07-07 14:10:03.475629,0 days 00:00:13.185800,20.77180285424036,24,COMPLETE
2479,0.016990211971255942,0.4670075032996096,2026-07-07 14:09:51.605224,2026-07-07 14:10:02.388044,0 days 00:00:10.782820,51.65202102166618,24,COMPLETE
2480,0.020534493258430264,0.4662522554781785,2026-07-07 14:09:51.621495,2026-07-07 14:09:58.246371,0 days 00:00:06.624876,71.89815091950973,24,COMPLETE
2481,0.013295606200463939,0.467644222909946,2026-07-07 14:09:51.624856,2026-07-07 14:10:01.449305,0 days 00:00:09.824449,24.862033661634907,24,COMPLETE
2482,0.020592965736788982,0.466218156060317,2026-07-07 14:09:51.783912,2026-07-07 14:10:05.479713,0 days 00:00:13.695801,73.07425872380334,24,COMPLETE
2483,0.01839553989817755,0.4662729756593335,2026-07-07 14:09:51.972118,2026-07-07 14:10:02.194912,0 days 00:00:10.222794,3.3743776260777896,24,COMPLETE
2484,0.02008473862763377,0.46648884730085205,2026-07-07 14:09:51.997602,2026-07-07 14:09:58.961352,0 days 00:00:06.963750,60.90578676224756,24,COMPLETE
2485,0.025418346139724157,0.46564372182149527,2026-07-07 14:09:52.008596,2026-07-07 14:10:02.181972,0 days 00:00:10.173376,95.53409464554493,24,COMPLETE
2486,0.020454701668936592,0.46649909052516725,2026-07-07 14:09:52.180319,2026-07-07 14:10:02.584513,0 days 00:00:10.404194,62.78462931462021,24,COMPLETE
2487,0.00961962269716199,0.4685433356398406,2026-07-07 14:09:52.188222,2026-07-07 14:09:56.267286,0 days 00:00:04.079064,4.200871815211541,24,COMPLETE
2488,0.020421717741174072,0.4662586245815987,2026-07-07 14:09:52.189355,2026-07-07 14:10:02.127786,0 days 00:00:09.938431,55.874825416395446,24,COMPLETE
2489,0.016471015068496297,0.4670378266489235,2026-07-07 14:09:52.192044,2026-07-07 14:10:02.564420,0 days 00:00:10.372376,44.81345893011826,24,COMPLETE
2490,0.02296359426406208,0.46599646301027836,2026-07-07 14:09:52.193383,2026-07-07 14:10:02.194809,0 days 00:00:10.001426,84.17007742194563,24,COMPLETE
2491,0.013525578163555707,0.4672692221534825,2026-07-07 14:09:52.518618,2026-07-07 14:10:02.390432,0 days 00:00:09.871814,9.082109495295198,24,COMPLETE
2492,0.024079738910327775,0.46575588775712706,2026-07-07 14:09:52.519009,2026-07-07 14:10:03.461450,0 days 00:00:10.942441,90.62140956259186,24,COMPLETE
2493,0.025418371780828508,0.4656437156801202,2026-07-07 14:09:52.527100,2026-07-07 14:10:00.440160,0 days 00:00:07.913060,95.53281801136713,24,COMPLETE
2494,0.02510687273432255,0.46568031845480273,2026-07-07 14:09:52.528500,2026-07-07 14:09:59.285033,0 days 00:00:06.756533,97.29568630236265,24,COMPLETE
2495,0.01784710365585518,0.46679166341924827,2026-07-07 14:09:52.530694,2026-07-07 14:10:02.228370,0 days 00:00:09.697676,48.52625577132629,24,COMPLETE
2496,0.02478535645978397,0.4657189298384622,2026-07-07 14:09:52.532262,2026-07-07 14:09:55.917657,0 days 00:00:03.385395,98.26815193641404,24,COMPLETE
2497,0.016056652861280996,0.46723088790822287,2026-07-07 14:09:52.535594,2026-07-07 14:10:02.390762,0 days 00:00:09.855168,48.08566766815089,24,COMPLETE
2498,0.020023967728316605,0.4664302854738176,2026-07-07 14:09:52.540462,2026-07-07 14:10:03.139726,0 days 00:00:10.599264,55.63794561419653,24,COMPLETE
2499,0.008964245654379088,0.46839461530696813,2026-07-07 14:09:52.544658,2026-07-07 14:09:58.449462,0 days 00:00:05.904804,31.592810703005153,24,COMPLETE
2500,0.02328991203478581,0.4659640592209779,2026-07-07 14:09:52.549603,2026-07-07 14:09:56.616947,0 days 00:00:04.067344,85.88488856142791,24,COMPLETE
2501,0.01601202937203422,0.46708409714442223,2026-07-07 14:09:52.554369,2026-07-07 14:10:03.457157,0 days 00:00:10.902788,28.238100725657144,24,COMPLETE
2502,0.023103592821503427,0.46598999102757205,2026-07-07 14:09:52.555224,2026-07-07 14:10:03.479257,0 days 00:00:10.924033,85.0198430168329,24,COMPLETE
2503,0.02509292341591024,0.465682332913585,2026-07-07 14:09:52.871309,2026-07-07 14:10:03.831987,0 days 00:00:10.960678,97.39793777741642,24,COMPLETE
2504,0.013167032475005225,0.4673914619327484,2026-07-07 14:09:53.367259,2026-07-07 14:10:08.385414,0 days 00:00:15.018155,6.169148073058627,24,COMPLETE
2505,0.02011616505992636,0.46560983719993587,2026-07-07 14:09:53.528390,2026-07-07 14:09:58.801881,0 days 00:00:05.273491,3.790735613225646,24,COMPLETE
2506,0.014348363675812437,0.4670213195166697,2026-07-07 14:09:53.839997,2026-07-07 14:10:03.120882,0 days 00:00:09.280885,8.85370736960542,24,COMPLETE
2507,0.022978180858320374,0.4660017756011143,2026-07-07 14:09:54.337469,2026-07-07 14:10:03.990728,0 days 00:00:09.653259,84.4426173229338,24,COMPLETE
2508,0.013108775250150972,0.46752480767176186,2026-07-07 14:09:54.527558,2026-07-07 14:10:03.127914,0 days 00:00:08.600356,5.418128275877228,24,COMPLETE
2509,0.0235071991591439,0.4659084378332965,2026-07-07 14:09:54.534047,2026-07-07 14:10:00.770426,0 days 00:00:06.236379,86.67431961589719,24,COMPLETE
2510,0.013623027568390234,0.4674629804220158,2026-07-07 14:09:55.366538,2026-07-07 14:10:03.643828,0 days 00:00:08.277290,30.30836202247829,24,COMPLETE
2511,0.021431044264405397,0.4661520457323622,2026-07-07 14:09:55.567792,2026-07-07 14:09:58.460975,0 days 00:00:02.893183,79.61649826941286,24,COMPLETE
2512,0.016598842268493952,0.4666470575517925,2026-07-07 14:09:55.918522,2026-07-07 14:10:03.139479,0 days 00:00:07.220957,5.422403969094152,24,COMPLETE
2513,0.020585107746985076,0.4662191907908195,2026-07-07 14:09:56.086327,2026-07-07 14:10:02.957440,0 days 00:00:06.871113,73.0985727599983,24,COMPLETE
2514,0.015428277351040076,0.4671741563687019,2026-07-07 14:09:56.104195,2026-07-07 14:10:06.675265,0 days 00:00:10.571070,28.02860085841722,24,COMPLETE
2515,0.016965091133144983,0.4669255082402898,2026-07-07 14:09:56.282168,2026-07-07 14:10:06.135165,0 days 00:00:09.852997,53.03245515150516,24,COMPLETE
2516,0.017334926941863005,0.4669415743556235,2026-07-07 14:09:56.288762,2026-07-07 14:10:06.344103,0 days 00:00:10.055341,48.5083726964158,24,COMPLETE
2517,0.02113666174957629,0.4663715838650007,2026-07-07 14:09:56.290292,2026-07-07 14:10:05.488233,0 days 00:00:09.197941,63.6576888426261,24,COMPLETE
2518,0.017040234645668395,0.4670640199829593,2026-07-07 14:09:56.294296,2026-07-07 14:10:06.345724,0 days 00:00:10.051428,46.240834513406604,24,COMPLETE
2519,0.02140614137201674,0.46628610141093124,2026-07-07 14:09:56.615703,2026-07-07 14:10:05.822910,0 days 00:00:09.207207,63.93745961148499,24,COMPLETE
2520,0.016594526469932536,0.4669023692409763,2026-07-07 14:09:56.617866,2026-07-07 14:10:07.045457,0 days 00:00:10.427591,41.654512196271334,24,COMPLETE
2521,0.017266272566700658,0.4669283786866968,2026-07-07 14:09:56.620190,2026-07-07 14:10:08.389693,0 days 00:00:11.769503,47.264135393007955,24,COMPLETE
2522,0.014499865174009974,0.4673559931252726,2026-07-07 14:09:56.777482,2026-07-07 14:10:06.842567,0 days 00:00:10.065085,27.729889085524352,24,COMPLETE
2523,0.01814120632991445,0.4667002919688076,2026-07-07 14:09:56.783610,2026-07-07 14:10:04.786266,0 days 00:00:08.002656,45.39196571869974,24,COMPLETE
2524,0.023332518439643735,0.465952191454042,2026-07-07 14:09:56.796315,2026-07-07 14:10:11.099471,0 days 00:00:14.303156,86.08599044927723,24,COMPLETE
2525,0.00850016417975813,0.46845252063023446,2026-07-07 14:09:57.107971,2026-07-07 14:10:03.823202,0 days 00:00:06.715231,31.88653725540539,24,COMPLETE
2526,0.019500874253091605,0.4663355129340206,2026-07-07 14:09:57.112819,2026-07-07 14:10:05.313730,0 days 00:00:08.200911,35.68778977021751,24,COMPLETE
2527,0.020758923845331123,0.46628590839927614,2026-07-07 14:09:57.116160,2026-07-07 14:10:06.510640,0 days 00:00:09.394480,77.48191855658195,24,COMPLETE
2528,0.01601349756633924,0.46690956950474316,2026-07-07 14:09:57.743068,2026-07-07 14:10:07.023636,0 days 00:00:09.280568,25.547919215034494,24,COMPLETE
2529,0.009738415928160382,0.46804386669454356,2026-07-07 14:09:58.075007,2026-07-07 14:10:08.567788,0 days 00:00:10.492781,17.553615781147226,24,COMPLETE
2530,0.014179602149655524,0.46752963332208947,2026-07-07 14:09:58.076693,2026-07-07 14:10:07.540653,0 days 00:00:09.463960,21.92828618019078,24,COMPLETE
2531,0.01335534425792978,0.46743493993566837,2026-07-07 14:09:58.247128,2026-07-07 14:10:09.084890,0 days 00:00:10.837762,16.84716305462542,24,COMPLETE
2532,0.02061560335623147,0.46621515176337874,2026-07-07 14:09:58.472361,2026-07-07 14:10:09.416699,0 days 00:00:10.944338,72.95517518289603,24,COMPLETE
2533,0.022541387811852442,0.46602283679542306,2026-07-07 14:09:59.609826,2026-07-07 14:10:13.402152,0 days 00:00:13.792326,82.096218917107,24,COMPLETE
2534,0.009776556441444317,0.46808908044751124,2026-07-07 14:09:59.789366,2026-07-07 14:10:09.080821,0 days 00:00:09.291455,9.48525141130446,24,COMPLETE
2535,0.022343370496543058,0.46596567113065385,2026-07-07 14:10:00.114149,2026-07-07 14:10:08.733818,0 days 00:00:08.619669,69.80530307634876,24,COMPLETE
2536,0.020520894969881298,0.46627523761572687,2026-07-07 14:10:00.429667,2026-07-07 14:10:07.702355,0 days 00:00:07.272688,70.80997076511701,24,COMPLETE
2537,0.017170448180980014,0.46701141013181724,2026-07-07 14:10:00.436513,2026-07-07 14:10:09.085686,0 days 00:00:08.649173,47.323247864265284,24,COMPLETE
2538,0.02444899050175564,0.46575817212255666,2026-07-07 14:10:00.959721,2026-07-07 14:10:08.376582,0 days 00:00:07.416861,99.4814929075316,24,COMPLETE
2539,0.02444290773532448,0.4657586714576412,2026-07-07 14:10:01.281390,2026-07-07 14:10:09.061717,0 days 00:00:07.780327,99.55007022596278,24,COMPLETE
2540,0.021586300427684058,0.46612498122111584,2026-07-07 14:10:01.289373,2026-07-07 14:10:10.092295,0 days 00:00:08.802922,65.99068128724204,24,COMPLETE
2541,0.010328443094324902,0.46791969236757963,2026-07-07 14:10:01.293250,2026-07-07 14:10:09.770253,0 days 00:00:08.477003,2.9609538010783765,24,COMPLETE
2542,0.0059177451805143555,0.4687318363342999,2026-07-07 14:10:01.455505,2026-07-07 14:10:08.021331,0 days 00:00:06.565826,9.924166374050964,24,COMPLETE
2543,0.025100845231940394,0.4656786786448858,2026-07-07 14:10:02.129414,2026-07-07 14:10:11.586372,0 days 00:00:09.456958,93.63460607553569,24,COMPLETE
2544,0.015858248625316484,0.46731985598646403,2026-07-07 14:10:02.135865,2026-07-07 14:10:09.076967,0 days 00:00:06.941102,47.460727687912154,24,COMPLETE
2545,0.01667942296464664,0.46690925173990355,2026-07-07 14:10:02.165334,2026-07-07 14:10:12.558684,0 days 00:00:10.393350,38.698696450557215,24,COMPLETE
2546,0.012468507886473634,0.46784268548700103,2026-07-07 14:10:02.176041,2026-07-07 14:10:10.901965,0 days 00:00:08.725924,3.7023943280405613,24,COMPLETE
2547,0.02418117179446677,0.4657438920187206,2026-07-07 14:10:02.199034,2026-07-07 14:10:13.233159,0 days 00:00:11.034125,90.18467129514252,25,COMPLETE
2548,0.018601712327514175,0.466641918956114,2026-07-07 14:10:02.216274,2026-07-07 14:10:10.734219,0 days 00:00:08.517945,45.746613250823664,25,COMPLETE
2549,0.0215672107939594,0.466139999044272,2026-07-07 14:10:02.632882,2026-07-07 14:10:08.030277,0 days 00:00:05.397395,80.23534517367445,25,COMPLETE
2550,0.021040134352415973,0.46619499408192466,2026-07-07 14:10:03.119289,2026-07-07 14:10:07.542523,0 days 00:00:04.423234,70.53501613237349,25,COMPLETE
2551,0.013256718422166025,0.4674814754049014,2026-07-07 14:10:03.453427,2026-07-07 14:10:11.272783,0 days 00:00:07.819356,17.760691537715704,25,COMPLETE
2552,0.007143750176769548,0.46887540824406615,2026-07-07 14:10:03.457900,2026-07-07 14:10:14.293078,0 days 00:00:10.835178,7.431783135654999,25,COMPLETE
2553,0.019076705346729894,0.4667164743475749,2026-07-07 14:10:03.461667,2026-07-07 14:10:13.618720,0 days 00:00:10.157053,45.637065804625394,25,COMPLETE
2554,0.024565954089922903,0.4657477759017541,2026-07-07 14:10:03.476605,2026-07-07 14:10:09.764257,0 days 00:00:06.287652,98.7861704906528,25,COMPLETE
2555,0.020483903817791416,0.4662933373348065,2026-07-07 14:10:03.484012,2026-07-07 14:10:13.609939,0 days 00:00:10.125927,76.66204934909784,25,COMPLETE
2556,0.01930973682515963,0.4664150370619984,2026-07-07 14:10:03.639808,2026-07-07 14:10:10.922230,0 days 00:00:07.282422,74.63218488278807,25,COMPLETE
2557,0.01659148097016644,0.46712912599025475,2026-07-07 14:10:03.640044,2026-07-07 14:10:12.554698,0 days 00:00:08.914654,35.32207686907443,25,COMPLETE
2558,0.022135737413500278,0.4660012899053504,2026-07-07 14:10:03.644008,2026-07-07 14:10:12.571705,0 days 00:00:08.927697,70.02948582293621,25,COMPLETE
2559,0.01532664877051687,0.46720180194883815,2026-07-07 14:10:03.645522,2026-07-07 14:10:16.345026,0 days 00:00:12.699504,52.573809102974586,25,COMPLETE
2560,0.01736549021774958,0.46703226771728623,2026-07-07 14:10:03.646781,2026-07-07 14:10:13.581422,0 days 00:00:09.934641,48.981614279941425,25,COMPLETE
2561,0.023388502107872522,0.4659376231166311,2026-07-07 14:10:03.649092,2026-07-07 14:10:14.475399,0 days 00:00:10.826307,86.27133093742911,25,COMPLETE
2562,0.01837554812263842,0.4666543849908011,2026-07-07 14:10:03.815684,2026-07-07 14:10:13.232448,0 days 00:00:09.416764,55.251442323536935,25,COMPLETE
2563,0.01796270637561298,0.4667527074841738,2026-07-07 14:10:03.823544,2026-07-07 14:10:13.790682,0 days 00:00:09.967138,25.616392584961368,25,COMPLETE
2564,0.021908521225761257,0.46606776812504935,2026-07-07 14:10:03.827053,2026-07-07 14:10:16.169964,0 days 00:00:12.342911,65.79501854559615,25,COMPLETE
2565,0.012967915892852955,0.46742774341549226,2026-07-07 14:10:03.832492,2026-07-07 14:10:13.969253,0 days 00:00:10.136761,18.976552255594058,25,COMPLETE
2566,0.01916231141584107,0.4665231132723695,2026-07-07 14:10:03.992061,2026-07-07 14:10:13.961157,0 days 00:00:09.969096,55.32886776165395,25,COMPLETE
2567,0.0029155411145264654,0.4686403984987055,2026-07-07 14:10:04.457106,2026-07-07 14:10:14.954669,0 days 00:00:10.497563,6.850155286871582,25,COMPLETE
2568,0.021766546325500957,0.4660660661754428,2026-07-07 14:10:04.611661,2026-07-07 14:10:09.085141,0 days 00:00:04.473480,70.2234847139467,25,COMPLETE
2569,0.013832762663338272,0.46719713796331935,2026-07-07 14:10:04.768774,2026-07-07 14:10:13.599339,0 days 00:00:08.830565,9.145590217659011,25,COMPLETE
2570,0.020616118131290107,0.4662272748507952,2026-07-07 14:10:04.773615,2026-07-07 14:10:19.420584,0 days 00:00:14.646969,72.88272370087297,25,COMPLETE
2571,0.020613328555233623,0.4662153674433822,2026-07-07 14:10:04.789380,2026-07-07 14:10:14.292450,0 days 00:00:09.503070,72.95781215421559,25,COMPLETE
2572,0.022820601637788318,0.46600370474068276,2026-07-07 14:10:04.949559,2026-07-07 14:10:17.498810,0 days 00:00:12.549251,83.20480176797444,25,COMPLETE
2573,0.020693771314229947,0.4662840474866456,2026-07-07 14:10:05.297242,2026-07-07 14:10:10.260619,0 days 00:00:04.963377,67.66340579065161,25,COMPLETE
2574,0.022088598830573847,0.466044190762463,2026-07-07 14:10:05.316866,2026-07-07 14:10:15.981781,0 days 00:00:10.664915,68.95985490435636,25,COMPLETE
2575,0.008426382897426421,0.46836561969339857,2026-07-07 14:10:05.480266,2026-07-07 14:10:15.977421,0 days 00:00:10.497155,16.277280793635995,25,COMPLETE
2576,0.02215161267470611,0.4660364815342189,2026-07-07 14:10:05.805771,2026-07-07 14:10:17.010540,0 days 00:00:11.204769,65.12787794272505,25,COMPLETE
2577,0.025302807332728494,0.4656552103804367,2026-07-07 14:10:06.831820,2026-07-07 14:10:15.592738,0 days 00:00:08.760918,96.44704127631607,25,COMPLETE
2578,0.018799897821832667,0.46662056331317314,2026-07-07 14:10:06.836700,2026-07-07 14:10:15.997872,0 days 00:00:09.161172,53.55957348888577,25,COMPLETE
2579,0.025294777739044094,0.46565612616479213,2026-07-07 14:10:07.002122,2026-07-07 14:10:17.677486,0 days 00:00:10.675364,96.48116747352292,25,COMPLETE
2580,0.0178785672149967,0.46665642902281756,2026-07-07 14:10:07.035726,2026-07-07 14:10:19.063625,0 days 00:00:12.027899,57.633379499500606,25,COMPLETE
2581,0.01971304114755784,0.4664754019572296,2026-07-07 14:10:07.044396,2026-07-07 14:10:16.365129,0 days 00:00:09.320733,53.64548713188731,25,COMPLETE
2582,0.025169911199484363,0.46567210910826395,2026-07-07 14:10:07.209956,2026-07-07 14:10:18.323612,0 days 00:00:11.113656,93.96159833525303,25,COMPLETE
2583,0.0208471413116898,0.46643609733314434,2026-07-07 14:10:07.543018,2026-07-07 14:10:16.686399,0 days 00:00:09.143381,63.25288320967405,25,COMPLETE
2584,0.007289960331555934,0.46861335576936236,2026-07-07 14:10:07.860199,2026-07-07 14:10:19.239158,0 days 00:00:11.378959,12.704843182925787,25,COMPLETE
2585,0.018086405441195108,0.4667814185857955,2026-07-07 14:10:08.558138,2026-07-07 14:10:22.074465,0 days 00:00:13.516327,50.95226119672552,25,COMPLETE
2586,0.020286283786605963,0.46631110168876566,2026-07-07 14:10:08.559018,2026-07-07 14:10:16.344277,0 days 00:00:07.785259,77.33891993429145,25,COMPLETE
2587,0.02089930174598975,0.4662338078519173,2026-07-07 14:10:09.062089,2026-07-07 14:10:22.604460,0 days 00:00:13.542371,66.28997973574869,25,COMPLETE
