number,values_0,values_1,datetime_start,datetime_complete,duration,params_input_force,system_attrs_NSGAIISampler:generation,state
580,0.011710528547369203,0.46776048893500854,2026-07-07 14:04:28.825308,2026-07-07 14:04:35.608287,0 days 00:00:06.782979,14.403508184293543,5,COMPLETE
581,0.013651586971833385,0.4675213163512613,2026-07-07 14:04:28.829951,2026-07-07 14:04:36.269086,0 days 00:00:07.439135,22.417437042945604,5,COMPLETE
582,0.012677652517139482,0.46757818578291804,2026-07-07 14:04:28.832882,2026-07-07 14:04:35.431146,0 days 00:00:06.598264,33.0589818220833,5,COMPLETE
583,0.01661423939337653,0.46693460682361204,2026-07-07 14:04:29.313673,2026-07-07 14:04:35.072985,0 days 00:00:05.759312,38.14443983769656,5,COMPLETE
584,0.02052394544722297,0.46633140776890347,2026-07-07 14:04:29.315736,2026-07-07 14:04:38.496752,0 days 00:00:09.181016,61.25296173881585,5,COMPLETE
585,0.017977823811805238,0.46673143159835645,2026-07-07 14:04:29.317304,2026-07-07 14:04:42.064989,0 days 00:00:12.747685,35.14861602269075,5,COMPLETE
586,0.01886647779696282,0.46657485666851745,2026-07-07 14:04:29.318888,2026-07-07 14:04:42.607354,0 days 00:00:13.288466,55.295217158439975,5,COMPLETE
587,0.014622737933741359,0.4674994571238769,2026-07-07 14:04:29.480659,2026-07-07 14:04:35.275541,0 days 00:00:05.794882,20.578851326392005,5,COMPLETE
588,0.021514968269761625,0.4661042618126607,2026-07-07 14:04:29.491348,2026-07-07 14:04:38.685383,0 days 00:00:09.194035,78.90403667859287,5,COMPLETE
589,0.02349686666423889,0.46591111669095375,2026-07-07 14:04:29.494342,2026-07-07 14:04:34.099529,0 days 00:00:04.605187,86.64017916286731,5,COMPLETE
590,0.019271311485331566,0.46649855813093877,2026-07-07 14:04:29.654332,2026-07-07 14:04:41.497772,0 days 00:00:11.843440,55.34715778222799,5,COMPLETE
591,0.01747366593645089,0.4667133560682946,2026-07-07 14:04:29.654611,2026-07-07 14:04:39.327739,0 days 00:00:09.673128,25.718045641419614,5,COMPLETE
592,0.015125867478521071,0.4671863794280044,2026-07-07 14:04:29.826392,2026-07-07 14:04:40.020050,0 days 00:00:10.193658,37.60092070730619,5,COMPLETE
593,0.015518262094174062,0.46720892080585197,2026-07-07 14:04:29.829274,2026-07-07 14:04:38.664649,0 days 00:00:08.835375,26.863098210697927,5,COMPLETE
594,0.02165731834182083,0.466122079081112,2026-07-07 14:04:30.674080,2026-07-07 14:04:43.100613,0 days 00:00:12.426533,68.48592250257501,6,COMPLETE
595,0.009530467993687397,0.4681426873782114,2026-07-07 14:04:30.677355,2026-07-07 14:04:41.881383,0 days 00:00:11.204028,13.784760258359956,6,COMPLETE
596,0.021873437052130296,0.4660834320823157,2026-07-07 14:04:30.678725,2026-07-07 14:04:37.127554,0 days 00:00:06.448829,68.69624585331509,6,COMPLETE
597,0.016842770641249172,0.46675837246639484,2026-07-07 14:04:31.170206,2026-07-07 14:04:40.534945,0 days 00:00:09.364739,19.968829282703716,6,COMPLETE
598,0.01672574789954151,0.46714835005147126,2026-07-07 14:04:31.642984,2026-07-07 14:04:38.673441,0 days 00:00:07.030457,48.80566648918615,6,COMPLETE
599,0.015926655870111106,0.4670392003377405,2026-07-07 14:04:31.644540,2026-07-07 14:04:43.086804,0 days 00:00:11.442264,52.752528794430035,6,COMPLETE
600,0.020508897106808865,0.46628029624959283,2026-07-07 14:04:32.150368,2026-07-07 14:04:37.814310,0 days 00:00:05.663942,77.99358972158778,6,COMPLETE
601,0.02996246191562868,0.46371484387527917,2026-07-07 14:04:32.169862,2026-07-07 14:04:38.672108,0 days 00:00:06.502246,1.5057276075430468,6,COMPLETE
602,0.007866192089635515,0.4685155823855394,2026-07-07 14:04:32.171315,2026-07-07 14:04:40.520033,0 days 00:00:08.348718,11.851332405345287,6,COMPLETE
603,0.020659165204489682,0.4662205891933845,2026-07-07 14:04:32.198188,2026-07-07 14:04:36.268829,0 days 00:00:04.070641,72.81626594476282,6,COMPLETE
604,0.025224269046342784,0.46566440595730924,2026-07-07 14:04:32.367940,2026-07-07 14:04:42.586397,0 days 00:00:10.218457,96.75972227450373,6,COMPLETE
605,0.020519552469400404,0.4662357388269852,2026-07-07 14:04:32.570098,2026-07-07 14:04:38.681490,0 days 00:00:06.111392,55.80677752712232,6,COMPLETE
606,0.016496521707012213,0.46698670008094856,2026-07-07 14:04:32.726096,2026-07-07 14:04:43.262278,0 days 00:00:10.536182,38.18998321090872,6,COMPLETE
607,0.011467611981036074,0.46789817648722565,2026-07-07 14:04:32.756283,2026-07-07 14:04:45.376274,0 days 00:00:12.619991,33.348094520933884,6,COMPLETE
608,0.011380306503323723,0.46781502245843276,2026-07-07 14:04:32.757285,2026-07-07 14:04:47.451750,0 days 00:00:14.694465,16.589587310088728,6,COMPLETE
609,0.016011831415768618,0.4671850500346484,2026-07-07 14:04:33.070517,2026-07-07 14:04:42.580612,0 days 00:00:09.510095,24.583065343795663,6,COMPLETE
610,0.011224828983634305,0.4678855133306164,2026-07-07 14:04:33.392378,2026-07-07 14:04:46.549187,0 days 00:00:13.156809,31.48856886014344,6,COMPLETE
611,0.01690549989989837,0.4670054576002293,2026-07-07 14:04:33.559344,2026-07-07 14:04:43.103025,0 days 00:00:09.543681,46.411682443466255,6,COMPLETE
612,0.014466956608515713,0.46734948624181977,2026-07-07 14:04:33.564444,2026-07-07 14:04:43.091314,0 days 00:00:09.526870,29.57441398163939,6,COMPLETE
613,0.02097423562044115,0.4662497408881177,2026-07-07 14:04:33.567700,2026-07-07 14:04:42.600804,0 days 00:00:09.033104,77.51510263530167,6,COMPLETE
614,0.011563818377149926,0.46784018155509893,2026-07-07 14:04:33.741192,2026-07-07 14:04:38.484519,0 days 00:00:04.743327,18.58698799146567,6,COMPLETE
615,0.018141236993518106,0.466802800146496,2026-07-07 14:04:33.743150,2026-07-07 14:04:40.524651,0 days 00:00:06.781501,34.890203723265316,6,COMPLETE
616,0.017482293873372245,0.46693130956639095,2026-07-07 14:04:33.743623,2026-07-07 14:04:42.594695,0 days 00:00:08.851072,51.71788098306079,6,COMPLETE
617,0.02210187562960153,0.46604180509157767,2026-07-07 14:04:33.743810,2026-07-07 14:04:47.617042,0 days 00:00:13.873232,68.9818260513213,6,COMPLETE
618,0.012065315430368151,0.46781208619695086,2026-07-07 14:04:33.766459,2026-07-07 14:04:41.879448,0 days 00:00:08.112989,16.440867510894844,6,COMPLETE
619,0.015188576050350233,0.4672417890095556,2026-07-07 14:04:33.767152,2026-07-07 14:04:43.916020,0 days 00:00:10.148868,53.24724591580269,6,COMPLETE
620,0.02125429595544087,0.46618787153553326,2026-07-07 14:04:33.767671,2026-07-07 14:04:41.496645,0 days 00:00:07.728974,59.992972982932436,6,COMPLETE
621,0.02445159192018287,0.46575804353660977,2026-07-07 14:04:34.588737,2026-07-07 14:04:36.636046,0 days 00:00:02.047309,99.44670056883588,6,COMPLETE
622,0.017751976112668877,0.4667190443071341,2026-07-07 14:04:34.751675,2026-07-07 14:04:41.686274,0 days 00:00:06.934599,3.8120719296176384,6,COMPLETE
623,0.01468248617485668,0.4670270258746664,2026-07-07 14:04:34.908101,2026-07-07 14:04:47.122142,0 days 00:00:12.214041,8.460509959966455,6,COMPLETE
624,0.012920852518186587,0.4675885849563809,2026-07-07 14:04:35.432868,2026-07-07 14:04:47.291411,0 days 00:00:11.858543,7.252314903930586,6,COMPLETE
625,0.006533558129639239,0.4689626099636621,2026-07-07 14:04:35.441942,2026-07-07 14:04:46.766364,0 days 00:00:11.324422,4.70402451546782,6,COMPLETE
626,0.0217110255870539,0.4660749268608104,2026-07-07 14:04:35.448346,2026-07-07 14:04:41.709312,0 days 00:00:06.260966,70.25040870565041,6,COMPLETE
627,0.021412747551609213,0.4661572898595284,2026-07-07 14:04:36.252346,2026-07-07 14:04:52.322398,0 days 00:00:16.070052,79.81101532453727,6,COMPLETE
628,0.012235918831611015,0.46762096173738155,2026-07-07 14:04:36.610369,2026-07-07 14:04:46.767043,0 days 00:00:10.156674,7.3870141563012535,6,COMPLETE
629,0.013242641072539862,0.46737121783913627,2026-07-07 14:04:36.622330,2026-07-07 14:04:46.747310,0 days 00:00:10.124980,8.996203579307672,6,COMPLETE
630,0.025390877545200974,0.4656471049149645,2026-07-07 14:04:36.964775,2026-07-07 14:04:46.572549,0 days 00:00:09.607774,95.0351993662902,6,COMPLETE
631,0.01422760785671262,0.4673108254435043,2026-07-07 14:04:36.966493,2026-07-07 14:04:47.116591,0 days 00:00:10.150098,33.57275705919672,6,COMPLETE
632,0.0119962686526498,0.4677910889481184,2026-07-07 14:04:37.606449,2026-07-07 14:04:44.250097,0 days 00:00:06.643648,14.399008989431927,6,COMPLETE
633,0.016091307773913988,0.46709541838686564,2026-07-07 14:04:37.619359,2026-07-07 14:04:41.904845,0 days 00:00:04.285486,32.82668898863775,6,COMPLETE
634,0.0038412928824995696,0.46940527747330135,2026-07-07 14:04:37.637819,2026-07-07 14:04:47.626431,0 days 00:00:09.988612,11.758366682967528,6,COMPLETE
635,0.013192155850465126,0.4677666646613581,2026-07-07 14:04:37.811722,2026-07-07 14:04:48.467102,0 days 00:00:10.655380,35.591938997804185,6,COMPLETE
636,0.02524345207194284,0.46566474759001386,2026-07-07 14:04:37.815362,2026-07-07 14:04:47.944466,0 days 00:00:10.129104,94.29019855181663,6,COMPLETE
637,0.018673389868236356,0.46645463543502413,2026-07-07 14:04:38.140880,2026-07-07 14:04:47.292896,0 days 00:00:09.152016,3.0035132174380776,6,COMPLETE
638,0.017424172248628078,0.46690970181300384,2026-07-07 14:04:38.307825,2026-07-07 14:04:48.113858,0 days 00:00:09.806033,48.670779815927276,6,COMPLETE
639,0.025405016154820603,0.46564522852583,2026-07-07 14:04:38.314367,2026-07-07 14:04:50.936673,0 days 00:00:12.622306,95.16036315605285,6,COMPLETE
640,0.025371948087646312,0.46564766940271984,2026-07-07 14:04:38.473517,2026-07-07 14:04:49.325402,0 days 00:00:10.851885,96.09946117346023,6,COMPLETE
641,0.018047189406015185,0.46677156859215696,2026-07-07 14:04:38.846660,2026-07-07 14:04:52.347365,0 days 00:00:13.500705,43.45477982663606,6,COMPLETE
642,0.02352383906355804,0.46590406462471917,2026-07-07 14:04:39.003287,2026-07-07 14:04:49.327435,0 days 00:00:10.324148,86.73004721646097,6,COMPLETE
643,0.019956331189521115,0.4665287141975129,2026-07-07 14:04:39.166010,2026-07-07 14:04:49.651131,0 days 00:00:10.485121,62.01840746118348,6,COMPLETE
644,0.020060853639774223,0.466553088724287,2026-07-07 14:04:39.169770,2026-07-07 14:04:46.579061,0 days 00:00:07.409291,62.479497489367766,6,COMPLETE
645,0.02417916484526972,0.4657598293207799,2026-07-07 14:04:39.326357,2026-07-07 14:04:49.329225,0 days 00:00:10.002868,88.71346353456654,6,COMPLETE
646,0.011849278077044945,0.46783662620802335,2026-07-07 14:04:39.501951,2026-07-07 14:04:45.044195,0 days 00:00:05.542244,9.781112928549346,6,COMPLETE
647,0.010954262532944292,0.46806057891921277,2026-07-07 14:04:39.515161,2026-07-07 14:04:47.108669,0 days 00:00:07.593508,16.318645504804845,6,COMPLETE
648,0.02462002748591774,0.4657410731661486,2026-07-07 14:04:39.516719,2026-07-07 14:04:51.979392,0 days 00:00:12.462673,98.62986532770773,6,COMPLETE
649,0.02445885263679648,0.46575786634162364,2026-07-07 14:04:39.518188,2026-07-07 14:04:51.975758,0 days 00:00:12.457570,99.34639042870337,6,COMPLETE
650,0.018368757443556538,0.4668212537273349,2026-07-07 14:04:39.677376,2026-07-07 14:04:48.629736,0 days 00:00:08.952360,43.54390460796736,6,COMPLETE
651,0.0180397293691425,0.46682932758950857,2026-07-07 14:04:39.845524,2026-07-07 14:04:48.794555,0 days 00:00:08.949031,34.715710888248715,6,COMPLETE
652,0.014439338080496855,0.4676237469592611,2026-07-07 14:04:40.006325,2026-07-07 14:04:47.945287,0 days 00:00:07.938962,21.81272272359251,6,COMPLETE
653,0.01873200508230055,0.46655237351943574,2026-07-07 14:04:40.176860,2026-07-07 14:04:47.110682,0 days 00:00:06.933822,56.809323321948355,6,COMPLETE
654,0.02447306711345104,0.4657572617188752,2026-07-07 14:04:40.200014,2026-07-07 14:04:51.980337,0 days 00:00:11.780323,99.20427093346869,6,COMPLETE
655,0.014385728124538144,0.467153616833071,2026-07-07 14:04:40.849834,2026-07-07 14:04:51.487619,0 days 00:00:10.637785,5.8427308564865985,6,COMPLETE
656,0.01958582383027918,0.466387503299879,2026-07-07 14:04:41.488870,2026-07-07 14:04:53.512650,0 days 00:00:12.023780,57.93306920232904,6,COMPLETE
657,0.016175553505232254,0.4669941548591861,2026-07-07 14:04:41.507462,2026-07-07 14:04:51.819330,0 days 00:00:10.311868,52.78381116669417,6,COMPLETE
658,0.007136523939868633,0.4685183959979737,2026-07-07 14:04:41.700514,2026-07-07 14:04:52.160706,0 days 00:00:10.460192,11.44709042915754,6,COMPLETE
659,0.01715987866473645,0.4669116579911327,2026-07-07 14:04:41.904667,2026-07-07 14:04:53.169043,0 days 00:00:11.264376,27.267128260336047,6,COMPLETE
660,0.013069216102959691,0.46757636508104045,2026-07-07 14:04:42.063437,2026-07-07 14:04:51.993339,0 days 00:00:09.929902,33.813139683461216,6,COMPLETE
661,0.012078187589337264,0.4678309706869602,2026-07-07 14:04:42.064306,2026-07-07 14:04:51.974103,0 days 00:00:09.909797,21.9578877402862,6,COMPLETE
662,0.024657706300585502,0.46570080259352187,2026-07-07 14:04:42.065222,2026-07-07 14:04:49.976416,0 days 00:00:07.911194,91.64675561673698,6,COMPLETE
663,0.025196709257449768,0.46566952393152916,2026-07-07 14:04:42.381238,2026-07-07 14:04:49.319402,0 days 00:00:06.938164,94.08300002825926,6,COMPLETE
664,0.018883843283740986,0.46649822968691024,2026-07-07 14:04:42.383540,2026-07-07 14:04:46.938521,0 days 00:00:04.554981,54.32318559595127,6,COMPLETE
665,0.020077237087736233,0.46631418724738766,2026-07-07 14:04:42.383817,2026-07-07 14:04:48.977368,0 days 00:00:06.593551,73.9930651098388,6,COMPLETE
666,0.014634894960282807,0.4673436393701776,2026-07-07 14:04:42.397233,2026-07-07 14:04:52.339293,0 days 00:00:09.942060,22.789895733403668,6,COMPLETE
667,0.017709590053386348,0.46690367733614596,2026-07-07 14:04:42.557773,2026-07-07 14:04:48.110265,0 days 00:00:05.552492,60.749705441490555,6,COMPLETE
668,0.01763159033479933,0.4659577127567078,2026-07-07 14:04:42.578246,2026-07-07 14:04:48.994379,0 days 00:00:06.416133,3.221481837075466,6,COMPLETE
669,0.016321160593312733,0.46713341300100675,2026-07-07 14:04:42.590056,2026-07-07 14:04:53.164531,0 days 00:00:10.574475,28.382825984653447,6,COMPLETE
670,0.023190998777944005,0.4659782793753853,2026-07-07 14:04:42.591607,2026-07-07 14:04:52.333019,0 days 00:00:09.741412,85.44750313241961,6,COMPLETE
671,0.01767180924971723,0.46675088021069666,2026-07-07 14:04:42.607647,2026-07-07 14:04:51.993199,0 days 00:00:09.385552,41.27875347849336,6,COMPLETE
672,0.009010417931215708,0.468203225879718,2026-07-07 14:04:42.612338,2026-07-07 14:04:48.793363,0 days 00:00:06.181025,11.651800232028286,6,COMPLETE
673,0.024904505418616052,0.4657028397772769,2026-07-07 14:04:43.103348,2026-07-07 14:04:52.340274,0 days 00:00:09.236926,98.04580063828456,6,COMPLETE
674,0.018574863439534628,0.4666230934927203,2026-07-07 14:04:43.573443,2026-07-07 14:04:47.949184,0 days 00:00:04.375741,55.272961534818,6,COMPLETE
675,0.016597918679855606,0.467037747272034,2026-07-07 14:04:43.574522,2026-07-07 14:04:53.181501,0 days 00:00:09.606979,48.23622138035803,6,COMPLETE
676,0.025133231966284197,0.4656762974483433,2026-07-07 14:04:43.575306,2026-07-07 14:04:56.505852,0 days 00:00:12.930546,97.13293404747952,6,COMPLETE
677,0.01544955852588098,0.46696545851892096,2026-07-07 14:04:43.581455,2026-07-07 14:04:54.647243,0 days 00:00:11.065788,19.006148620172215,6,COMPLETE
678,0.023294897507472767,0.4659628242442591,2026-07-07 14:04:43.583728,2026-07-07 14:04:53.513092,0 days 00:00:09.929364,85.90957882083562,6,COMPLETE
679,0.015716335339557186,0.46727459676930133,2026-07-07 14:04:43.758499,2026-07-07 14:04:55.230583,0 days 00:00:11.472084,22.23905115316513,6,COMPLETE
680,0.013252181862816237,0.46733259761560497,2026-07-07 14:04:44.080931,2026-07-07 14:04:58.932637,0 days 00:00:14.851706,7.20430265625091,6,COMPLETE
681,0.02200179013967607,0.46607804369270556,2026-07-07 14:04:44.085238,2026-07-07 14:04:53.531950,0 days 00:00:09.446712,64.73643693552145,6,COMPLETE
682,0.028409276295148334,0.46442308610052024,2026-07-07 14:04:44.244111,2026-07-07 14:04:54.653398,0 days 00:00:10.409287,1.422120075727146,6,COMPLETE
683,0.0175839461735966,0.4667775997457511,2026-07-07 14:04:44.245399,2026-07-07 14:04:51.469793,0 days 00:00:07.224394,54.59569830015149,6,COMPLETE
684,0.020816146852659756,0.46627638564770885,2026-07-07 14:04:46.005615,2026-07-07 14:04:53.538548,0 days 00:00:07.532933,77.48969479099092,6,COMPLETE
685,0.011927126783874975,0.46786479089878863,2026-07-07 14:04:46.501677,2026-07-07 14:04:55.236474,0 days 00:00:08.734797,17.718793062278753,6,COMPLETE
686,0.008504924844436879,0.4683734776929996,2026-07-07 14:04:46.778172,2026-07-07 14:04:59.332436,0 days 00:00:12.554264,11.134417156693782,6,COMPLETE
687,0.019533284021867436,0.4663683213503085,2026-07-07 14:04:47.104604,2026-07-07 14:04:56.992002,0 days 00:00:09.887398,75.04278372050493,6,COMPLETE
688,0.016253911405290977,0.46705485266097746,2026-07-07 14:04:48.106107,2026-07-07 14:04:55.232975,0 days 00:00:07.126868,36.81928883102364,6,COMPLETE
689,0.011657883490783949,0.4677413157668986,2026-07-07 14:04:48.106623,2026-07-07 14:04:59.697779,0 days 00:00:11.591156,17.785068808905514,6,COMPLETE
690,0.017489461010509466,0.4668722635590579,2026-07-07 14:04:48.111486,2026-07-07 14:04:55.221398,0 days 00:00:07.109912,48.66252672721465,7,COMPLETE
691,0.014598615566585538,0.46734273719406305,2026-07-07 14:04:48.114097,2026-07-07 14:04:59.315024,0 days 00:00:11.200927,31.246688323241507,7,COMPLETE
692,0.014903900623624733,0.46716758732182617,2026-07-07 14:04:48.122338,2026-07-07 14:04:54.868458,0 days 00:00:06.746120,33.616698119870264,7,COMPLETE
693,0.028456292076510237,0.4643850287585043,2026-07-07 14:04:48.122559,2026-07-07 14:04:54.684987,0 days 00:00:06.562428,1.7135115415438296,7,COMPLETE
694,0.019270086469184877,0.4664679625141966,2026-07-07 14:04:48.438096,2026-07-07 14:04:57.154707,0 days 00:00:08.716611,53.94145889777904,7,COMPLETE
695,0.012502985944112921,0.4676975977808073,2026-07-07 14:04:48.439859,2026-07-07 14:04:53.516640,0 days 00:00:05.076781,18.84262017245298,7,COMPLETE
696,0.01771720782264352,0.46683983008849905,2026-07-07 14:04:48.443258,2026-07-07 14:04:59.126512,0 days 00:00:10.683254,40.67983175117909,7,COMPLETE
697,0.012977665162409946,0.46737427102111173,2026-07-07 14:04:48.471345,2026-07-07 14:04:58.847035,0 days 00:00:10.375690,14.407164481389028,7,COMPLETE
698,0.011243110070787099,0.4680579951822889,2026-07-07 14:04:48.795388,2026-07-07 14:04:55.057718,0 days 00:00:06.262330,18.590001862959657,7,COMPLETE
699,0.018221784756377535,0.466734587473073,2026-07-07 14:04:48.804339,2026-07-07 14:04:54.664665,0 days 00:00:05.860326,51.49452972888152,7,COMPLETE
700,0.025099984145445398,0.46567876314544376,2026-07-07 14:04:48.812343,2026-07-07 14:05:00.345560,0 days 00:00:11.533217,93.63039433995532,7,COMPLETE
701,0.017253808461122455,0.467040563158878,2026-07-07 14:04:48.812592,2026-07-07 14:04:59.355088,0 days 00:00:10.542496,45.96249452568917,7,COMPLETE
702,0.014343359044069193,0.46751371017008414,2026-07-07 14:04:48.979508,2026-07-07 14:04:59.358751,0 days 00:00:10.379243,21.658612326165557,7,COMPLETE
703,0.011858204986777698,0.4676938763342726,2026-07-07 14:04:48.979692,2026-07-07 14:04:58.802838,0 days 00:00:09.823146,17.648752391096956,7,COMPLETE
704,0.01587448341158837,0.46708247389755275,2026-07-07 14:04:48.981580,2026-07-07 14:04:59.299238,0 days 00:00:10.317658,24.852023219965062,7,COMPLETE
705,0.025103021313417517,0.46567846565324367,2026-07-07 14:04:48.984538,2026-07-07 14:04:58.932855,0 days 00:00:09.948317,93.64523653679147,7,COMPLETE
706,0.017233267394599794,0.46684723554065166,2026-07-07 14:04:48.985632,2026-07-07 14:05:00.352916,0 days 00:00:11.367284,52.917261901348255,7,COMPLETE
707,0.021700801950699233,0.46611544639441765,2026-07-07 14:04:49.311201,2026-07-07 14:04:58.872644,0 days 00:00:09.561443,68.53349962897836,7,COMPLETE
708,0.02008107067530973,0.4663869678647058,2026-07-07 14:04:49.328181,2026-07-07 14:04:58.859118,0 days 00:00:09.530937,53.78223467154981,7,COMPLETE
709,0.02309346380835714,0.4659913405948801,2026-07-07 14:04:49.651468,2026-07-07 14:04:58.863621,0 days 00:00:09.212153,84.97877975073229,7,COMPLETE
710,0.015462355774242265,0.4672218667438937,2026-07-07 14:04:49.809202,2026-07-07 14:04:58.925694,0 days 00:00:09.116492,52.061353547272525,7,COMPLETE
711,0.018074715706770217,0.4667246704763905,2026-07-07 14:04:49.965688,2026-07-07 14:05:00.843266,0 days 00:00:10.877578,54.355778910034516,7,COMPLETE
712,0.01746178005104626,0.4669495495194514,2026-07-07 14:04:50.289051,2026-07-07 14:05:02.060925,0 days 00:00:11.771874,46.05167012692485,7,COMPLETE
713,0.02164479464783947,0.46612394245564054,2026-07-07 14:04:50.769844,2026-07-07 14:05:00.337588,0 days 00:00:09.567744,68.47231964594584,7,COMPLETE
714,0.016428129945232683,0.4670942776855104,2026-07-07 14:04:50.934286,2026-07-07 14:05:02.880720,0 days 00:00:11.946434,47.412400208850855,7,COMPLETE
715,0.008051837483095625,0.4683658296461098,2026-07-07 14:04:50.935406,2026-07-07 14:05:03.448906,0 days 00:00:12.513500,12.164247130812836,7,COMPLETE
716,0.02037272178503119,0.46625639979356587,2026-07-07 14:04:51.093875,2026-07-07 14:04:59.134253,0 days 00:00:08.040378,73.62552314639801,7,COMPLETE
717,0.022818103493384978,0.4660040362963024,2026-07-07 14:04:51.095407,2026-07-07 14:05:01.560650,0 days 00:00:10.465243,83.1927539243799,7,COMPLETE
718,0.014267877424261666,0.467623208901791,2026-07-07 14:04:51.438063,2026-07-07 14:04:58.917724,0 days 00:00:07.479661,36.45316275363168,7,COMPLETE
719,0.010891057932898851,0.4678768665727639,2026-07-07 14:04:51.460462,2026-07-07 14:05:01.559976,0 days 00:00:10.099514,9.96125502164993,7,COMPLETE
720,0.018894321489414334,0.46679018355619034,2026-07-07 14:04:51.471993,2026-07-07 14:04:59.520217,0 days 00:00:08.048224,59.66743823366339,7,COMPLETE
721,0.013194198723999073,0.4676050883594697,2026-07-07 14:04:51.500111,2026-07-07 14:04:59.523975,0 days 00:00:08.023864,30.32677712555304,7,COMPLETE
722,0.017685718761867475,0.46679834081152904,2026-07-07 14:04:52.160559,2026-07-07 14:04:59.524257,0 days 00:00:07.363698,43.08814591768937,7,COMPLETE
723,0.015298697761437552,0.46715420802947183,2026-07-07 14:04:52.345633,2026-07-07 14:05:00.874015,0 days 00:00:08.528382,29.438829246024483,7,COMPLETE
724,0.024201316822917374,0.46575440392649814,2026-07-07 14:04:52.665837,2026-07-07 14:05:03.257130,0 days 00:00:10.591293,89.07338641994534,7,COMPLETE
