number,values_0,values_1,datetime_start,datetime_complete,duration,params_between_rest_spread,params_c_spread,params_c_val,params_input_force,params_k_between_spread,params_k_between_val,params_k_wall_spread,params_k_wall_val,params_m_spread,params_m_val,params_ridge_alpha,params_wall_rest_spread,user_attrs_trial_seed,system_attrs_NSGAIISampler:generation,state
173,-1.9980909958638244,343760253.74603516,2026-07-24 10:41:10.185987,2026-07-24 10:41:29.627127,0 days 00:00:19.441140,0.8185864536312444,0.8883219744988442,0.16708022998789934,45.55377548321763,0.13536535186003296,2.840782293123263,1.2799872130995635,1.0845127972558688,1.181763946985662,0.024960048899348896,7.525608894878955e-06,0.6312217720443964,1551254892,1,COMPLETE
174,-1.9999090950411345,916670138.7442191,2026-07-24 10:41:10.781084,2026-07-24 10:41:29.018134,0 days 00:00:18.237050,0.8803117220749348,0.3359175812961842,0.24048285755796422,3.3579475500914504,0.014266069884832422,1.1828277520405095,1.2279574750417623,2.0393884895877825,1.0891950321575683,0.002515915155078011,0.5989303526253371,0.7257251708659046,1496303881,1,COMPLETE
175,-1.9997727376028362,814821673.2713604,2026-07-24 10:41:11.176644,2026-07-24 10:41:25.608780,0 days 00:00:14.432136,0.31601949764975806,1.1866374558110517,0.025292587988094525,27.77164760189514,1.3595030935177985,1.8307121953570464,0.5475275886561048,8.51242346544306,0.719747707467252,0.011016653366045294,0.2067542158544448,0.9433120131439472,991873798,1,COMPLETE
176,-1.9999545475205673,956523629.4074169,2026-07-24 10:41:11.782611,2026-07-24 10:41:23.006811,0 days 00:00:11.224200,0.2348076389902778,1.0331692891455895,0.016022239517808318,6.347189983015123,0.07896721803580359,81.64910854414842,0.8516973611441843,18.385868554668367,1.2317756545318124,0.008659977473694888,26.437321547785217,0.9256541785746182,1539871429,1,COMPLETE
177,-1.9997727376028362,814821673.2713604,2026-07-24 10:41:11.785539,2026-07-24 10:41:26.409708,0 days 00:00:14.624169,0.14880963346848636,1.0331692891455895,0.016022239517808318,6.347189983015123,0.07896721803580359,28.32628060104903,0.23698880256253613,2.0168002353773056,1.1403864569511228,0.018865680580979944,22.586255621284437,0.9256541785746182,346328507,1,COMPLETE
178,0.4641173296206488,0.7386360366677025,2026-07-24 10:41:12.383344,2026-07-24 10:41:21.398543,0 days 00:00:09.015199,0.31601949764975806,1.1866374558110517,0.2518618364432679,7.7855479228593625,1.4495003567468103,7.8900451215137695,1.0194026612112104,8.51242346544306,0.2550433785669272,0.011016653366045294,4.838126438901553,1.1793853657079054,1934070332,1,COMPLETE
179,0.6350108247929505,0.6095869035967648,2026-07-24 10:41:12.384273,2026-07-24 10:41:29.016021,0 days 00:00:16.631748,0.1971180312283632,0.2880842837732339,0.9586519090773357,16.828486659717548,1.358685865079151,1.869994321443453,0.3668893348300462,8.822344160204592,0.14920804619140038,0.017708333325962253,0.032512900034038214,1.0602033088900988,1075985460,1,COMPLETE
180,-1.9999545475205673,956523629.4074169,2026-07-24 10:41:12.593244,2026-07-24 10:41:27.415356,0 days 00:00:14.822112,1.1766184835817626,0.5484719928853692,0.14666461509082165,46.98298252927393,0.6793082897040517,7.8900451215137695,1.0194026612112104,1.658242061812936,1.459533981384034,0.006933826235443334,0.000425168493094026,1.1793853657079054,2014450023,1,COMPLETE
181,-1.999636380164538,733342221.9259357,2026-07-24 10:41:12.594043,2026-07-24 10:41:24.204139,0 days 00:00:11.610096,1.2916851163008187,1.0331692891455895,0.016022239517808318,27.653530907400206,0.6741003329538064,1.869994321443453,1.4317135472818199,2.0168002353773056,0.6754393416135754,0.017708333325962253,26.437321547785217,0.9256541785746182,327087749,1,COMPLETE
182,-1.986909685923367,70970738.80406837,2026-07-24 10:41:12.801345,2026-07-24 10:41:22.198827,0 days 00:00:09.397482,0.031083848754816457,0.19792234159536526,0.02573864878124018,21.8238194151492,0.9578560982207089,3.409336540094705,0.1513870654973452,1.5760640659696357,1.4186519270116476,0.07405996153811896,0.21295367086195816,0.9892956645209756,1068008205,1,COMPLETE
183,-1.9998636425617018,880004799.8080077,2026-07-24 10:41:13.200413,2026-07-24 10:41:21.796817,0 days 00:00:08.596404,0.5514261450575719,0.5773131144011494,0.2519498806582523,29.03473492508952,0.2937015293106143,68.52381125677474,1.3700869359038397,12.275268477843206,1.4855573729697462,0.033555286820688465,1.976826139013162e-05,0.07570044689059868,1495336618,1,COMPLETE
184,-1.9999090950411345,916670138.7442191,2026-07-24 10:41:13.398972,2026-07-24 10:41:24.203431,0 days 00:00:10.804459,0.8803117220749348,0.3359175812961842,0.8472347813061024,11.825773211620318,0.04433138661754776,6.146486855835365,0.8211724484506542,14.703444503457748,0.7284210090677342,0.0037300284284103777,19.43149873059331,0.6116952533599539,1064348452,1,COMPLETE
185,-1.9997727376028362,814821673.2713604,2026-07-24 10:41:13.402397,2026-07-24 10:41:30.226649,0 days 00:00:16.824252,0.06562057696717061,1.3190152592495403,0.13662615155771363,3.3579475500914504,1.460336717078462,1.1828277520405095,0.8211724484506542,14.703444503457748,1.0891950321575683,0.0037300284284103777,0.004872659429255062,0.7257251708659046,958113305,1,COMPLETE
186,-1.9993182128085087,594605551.2013189,2026-07-24 10:41:14.204484,2026-07-24 10:41:22.205768,0 days 00:00:08.001284,0.9479597274822316,0.08246829894694496,0.2702270738276205,21.8238194151492,0.6741003329538064,1.869994321443453,0.1513870654973452,1.5760640659696357,0.6754393416135754,0.07405996153811896,1.8399247690615476e-05,0.9892956645209756,356942048,1,COMPLETE
187,0.1876768876169529,0.9094106604082275,2026-07-24 10:41:14.205482,2026-07-24 10:41:27.414436,0 days 00:00:13.208954,0.11839423873948779,0.16779810823502017,0.09845851447028271,5.7426690491236325,0.9121619381431598,81.64910854414842,1.385009581063626,36.527115387875696,1.2317756545318124,0.07375952782345939,36.15497490209278,0.6114804870115242,818236852,1,COMPLETE
188,0.3455877145334878,0.8162465482782988,2026-07-24 10:41:15.003363,2026-07-24 10:41:26.008658,0 days 00:00:11.005295,1.1763635479462344,1.0631454417271462,0.19923436437550404,14.593184104147404,1.4879532888373095,1.1595336886451757,0.274087893584507,13.167972246713026,0.30408687102443444,0.05265926251215444,5.918381421657605e-06,0.756523941610461,647492280,1,COMPLETE
189,-1.9999545475205673,956523629.4074169,2026-07-24 10:41:15.003931,2026-07-24 10:41:21.794014,0 days 00:00:06.790083,1.3288399925737797,0.6907029261787971,0.19923436437550404,21.69693982318498,0.3633012813989894,70.01848633338724,0.3077676910164447,1.3655607431138594,1.2233184464457707,0.023268925660107284,6.824396400095403,0.23049810644370183,512746651,1,COMPLETE
190,-1.9999545475205673,956523629.4074169,2026-07-24 10:41:15.602517,2026-07-24 10:41:29.011718,0 days 00:00:13.409201,0.6281052593507204,0.8660989506110325,0.015820735720136356,18.492935733101202,0.3664054518689887,15.678742763643577,0.5041657957512002,1.5116861845180112,1.2142184665393063,0.0057344304586593575,7.538474794056777,0.6930705839381235,1468235991,2,COMPLETE
191,-1.9997727376028362,814821673.2713604,2026-07-24 10:41:16.201995,2026-07-24 10:41:25.609129,0 days 00:00:09.407134,1.195322352247183,0.7812149655982056,0.12946326805156316,14.892273839730375,1.1462512792559019,7.683728208080386,1.0199706690183719,2.995756326765603,0.42804044726284135,0.07421369673158196,3.137064557181532e-05,0.966551845013796,1353521561,2,COMPLETE
192,0.28521058836905067,0.8530700427253148,2026-07-24 10:41:16.400428,2026-07-24 10:41:24.197814,0 days 00:00:07.797386,0.031083848754816457,0.19792234159536526,0.3358491400231472,32.3047515704455,0.697313721785582,3.409336540094705,0.8598725698748653,26.334778962793642,0.17629031224531194,0.06313675844800187,3.349498556813685,0.714569552853752,1303944407,2,COMPLETE
193,-1.9997272851234036,785721938.5021963,2026-07-24 10:41:16.401151,2026-07-24 10:41:22.606670,0 days 00:00:06.205519,1.2916851163008187,0.2880842837732339,0.13450690068351764,46.175354881892595,0.012971797977467447,16.068905736293324,0.39106205160452107,2.303991726884221,0.6754393416135754,0.017708333325962253,16.268173370776736,1.0602033088900988,776986664,2,COMPLETE
194,-1.9995000227262396,666676767.3706858,2026-07-24 10:41:16.598556,2026-07-24 10:41:24.203582,0 days 00:00:07.605026,1.1763635479462344,0.2792233380128841,0.3358491400231472,47.858708179754586,0.38405551736676713,2.523091643966027,0.23698880256253613,13.167972246713026,0.30408687102443444,0.05265926251215444,0.41466993944492236,0.756523941610461,2060924129,2,COMPLETE
195,-1.9984546156992864,392867984.5002768,2026-07-24 10:41:16.600261,2026-07-24 10:41:31.029247,0 days 00:00:14.428986,0.6279082135680656,1.1866374558110517,0.2894231112216908,47.858708179754586,0.14149089592966996,1.1595336886451757,0.40697596725457075,8.51242346544306,0.30408687102443444,0.008308185362952714,0.34882174988138337,0.06907846645989718,188226767,2,COMPLETE
196,-1.999636380164538,733342221.9259357,2026-07-24 10:41:16.601078,2026-07-24 10:41:26.407169,0 days 00:00:09.806091,0.8165483887789622,0.580574309130801,0.2105848386632321,2.7770226153679243,0.697313721785582,3.409336540094705,0.529801107232864,78.23862882543878,1.3493738801588029,0.07405996153811896,0.005682399463134854,0.9892956645209756,735708085,2,COMPLETE
197,-1.9998636425617018,880004799.8080077,2026-07-24 10:41:16.601528,2026-07-24 10:41:29.013454,0 days 00:00:12.411926,0.5903759319503952,1.2818804796508796,0.01858074906241968,37.06829168163945,0.3664054518689887,1.9685345380356707,0.27621481813899607,2.1483505012559827,1.2142184665393063,0.0057344304586593575,0.41466993944492236,0.6930705839381235,253415744,2,COMPLETE
198,-1.9986364256170175,423088017.53812426,2026-07-24 10:41:16.602628,2026-07-24 10:41:25.607806,0 days 00:00:09.005178,0.4099218919205182,1.3831744132693702,0.02573864878124018,21.8238194151492,0.697313721785582,3.409336540094705,0.8598725698748653,1.5760640659696357,0.8024149405823837,0.07405996153811896,0.21295367086195816,0.9892956645209756,727876280,2,COMPLETE
199,-1.9997727376028362,814821673.2713604,2026-07-24 10:41:16.603722,2026-07-24 10:41:27.620722,0 days 00:00:11.017000,0.5903759319503952,1.2818804796508796,0.012573487766613173,14.863990385234082,0.9121619381431598,14.771489492910218,1.3389367374651517,1.2325647511871287,1.2317756545318124,0.053705054872775146,1.877327756923323,0.6114804870115242,2065659504,2,COMPLETE
200,-1.9980455433843916,338471715.8197566,2026-07-24 10:41:16.604345,2026-07-24 10:41:26.403957,0 days 00:00:09.799612,0.31601949764975806,0.8883219744988442,0.0733463795020589,45.55377548321763,0.38405551736676713,1.8307121953570464,0.8065737472720591,4.445768679455447,1.181763946985662,0.018865680580979944,7.525608894878955e-06,0.06907846645989718,786544956,2,COMPLETE
201,-1.9997272851234036,785721938.5021963,2026-07-24 10:41:16.605144,2026-07-24 10:41:24.206342,0 days 00:00:07.601198,1.3288399925737797,1.190076038257685,0.16958174572904894,21.69693982318498,0.3633012813989894,11.849618591963038,0.3077676910164447,49.736093015336856,1.2233184464457707,0.023268925660107284,6.824396400095403,0.23049810644370183,1951162175,2,COMPLETE
202,-1.9999090950411345,916670138.7442191,2026-07-24 10:41:16.805137,2026-07-24 10:41:32.026008,0 days 00:00:15.220871,1.2213854613959705,0.28007763878855213,0.02573864878124018,36.26420819287861,0.833569262741596,19.218091562739502,0.4366575236300255,1.5760640659696357,1.3493738801588029,0.024960048899348896,0.015332898642637037,0.9892956645209756,1063145406,2,COMPLETE
203,-1.9999545475205673,956523629.4074169,2026-07-24 10:41:16.806504,2026-07-24 10:41:27.408638,0 days 00:00:10.602134,1.2916851163008187,1.1970156749412042,0.2702270738276205,30.036452694402577,0.7404616434804285,68.52381125677474,1.4317135472818199,2.788937491196416,0.6754393416135754,0.017708333325962253,1.976826139013162e-05,1.0602033088900988,1502609627,2,COMPLETE
204,-1.9980909958638244,343760253.74603516,2026-07-24 10:41:17.401090,2026-07-24 10:41:32.422351,0 days 00:00:15.021261,0.19551328618034902,0.8883219744988442,0.13060228502229543,45.55377548321763,0.13536535186003296,1.5546416491421715,1.2799872130995635,2.0168002353773056,1.181763946985662,0.0861677064434624,7.525608894878955e-06,0.8851245612155195,982296571,2,COMPLETE
205,-1.9999545475205673,956523629.4074169,2026-07-24 10:41:17.401887,2026-07-24 10:41:22.405205,0 days 00:00:05.003318,0.5514261450575719,0.774210801328427,0.021244463130097757,14.863990385234082,0.9121619381431598,81.64910854414842,0.09422628228775526,18.385868554668367,1.4855573729697462,0.033555286820688465,0.014049097034237212,0.4077187650381053,570951394,2,COMPLETE
206,-1.999636380164538,733342221.9259357,2026-07-24 10:41:17.402552,2026-07-24 10:41:26.410212,0 days 00:00:09.007660,0.6281052593507204,0.8660989506110325,0.015820735720136356,18.492935733101202,0.18234115004642426,7.683728208080386,1.1370663045337541,2.1483505012559827,0.5005540762017364,0.07421369673158196,7.340385107032305,0.966551845013796,1641170252,2,COMPLETE
207,-1.9999090950411345,916670138.7442191,2026-07-24 10:41:17.403803,2026-07-24 10:41:25.601366,0 days 00:00:08.197563,0.6379575297036246,0.6598220503319971,0.09897304895444803,44.179644928315966,1.460336717078462,6.146486855835365,0.8211724484506542,14.703444503457748,0.9890163054717148,0.0037300284284103777,19.43149873059331,0.8795571412448872,2081290421,2,COMPLETE
208,-1.998136448343257,349216679.1003318,2026-07-24 10:41:17.404806,2026-07-24 10:41:27.413191,0 days 00:00:10.008385,0.2348076389902778,0.16779810823502017,0.012573487766613173,14.863990385234082,0.9121619381431598,14.771489492910218,1.1025802831190894,1.2325647511871287,1.2317756545318124,0.07375952782345939,36.15497490209278,0.6114804870115242,565915328,2,COMPLETE
209,0.6382409983702761,0.6068834706933586,2026-07-24 10:41:17.605376,2026-07-24 10:41:26.405007,0 days 00:00:08.799631,0.8165483887789622,1.3784655047252428,0.9586519090773357,2.7770226153679243,1.358685865079151,6.230694146940538,0.529801107232864,78.23862882543878,0.3315655541266638,0.01309570824109437,0.0002265631503169758,0.1377809999832056,1672354831,2,COMPLETE
210,-1.9991818553702105,550011249.718757,2026-07-24 10:41:18.003845,2026-07-24 10:41:32.020794,0 days 00:00:14.016949,1.3288399925737797,0.7696799858455824,0.16958174572904894,40.416981502841544,0.3633012813989894,3.946096907016245,1.1710169975965294,49.736093015336856,1.2233184464457707,0.023268925660107284,6.824396400095403,0.23049810644370183,560793881,2,COMPLETE
211,-1.9999545475205673,956523629.4074169,2026-07-24 10:41:18.004613,2026-07-24 10:41:28.613724,0 days 00:00:10.609111,1.270658742177719,1.1466802974446906,0.12946326805156316,20.862531191955526,0.31998063962063056,7.720551362434665,1.2827235905531913,7.3664800535463835,1.2094427440853743,0.017708333325962253,0.5331458659089807,1.1812507201378106,1539509957,2,COMPLETE
212,-1.9966365165219764,229174696.09691566,2026-07-24 10:41:18.005277,2026-07-24 10:41:29.018822,0 days 00:00:11.013545,0.19551328618034902,0.8883219744988442,0.2105848386632321,32.56001993080352,0.13536535186003296,2.840782293123263,1.2799872130995635,1.0845127972558688,1.181763946985662,0.0861677064434624,0.005682399463134854,0.1377809999832056,1694378689,2,COMPLETE
213,-1.8878687332393982,8839289.337368688,2026-07-24 10:41:18.008520,2026-07-24 10:41:30.427227,0 days 00:00:12.418707,0.1808190836409076,0.8591839203829037,0.2519498806582523,30.036452694402577,0.38405551736676713,1.8307121953570464,1.3700869359038397,4.445768679455447,0.2550433785669272,0.04437814712653875,0.2067542158544448,0.6233140728704998,964996477,2,COMPLETE
214,-1.918640061815372,12141825.528793858,2026-07-24 10:41:18.409242,2026-07-24 10:41:30.425436,0 days 00:00:12.016194,0.14880963346848636,1.3831744132693702,0.13060228502229543,18.492935733101202,0.13536535186003296,1.233345580850524,0.23698880256253613,2.1483505012559827,0.5005540762017364,0.0861677064434624,0.41466993944492236,0.11514315246367535,1582522787,2,COMPLETE
215,-1.9999545475205673,956523629.4074169,2026-07-24 10:41:19.009873,2026-07-24 10:41:29.014492,0 days 00:00:10.004619,0.627461776078408,0.6907029261787971,0.19923436437550404,45.55377548321763,1.4879532888373095,2.840782293123263,0.274087893584507,61.4265312814515,1.181763946985662,0.0017863462007644613,7.525608894878955e-06,0.8851245612155195,584634301,2,COMPLETE
216,-1.9995454752056725,687509765.3198338,2026-07-24 10:41:19.010975,2026-07-24 10:41:29.828867,0 days 00:00:10.817892,0.6879823294950029,1.1466802974446906,0.05052943331725508,10.981570817705697,1.4500483152353658,1.869994321443453,0.3423928149421927,4.013746233923432,0.07158317342240916,0.06313675844800187,0.02307095307956225,1.2741449862174508,170195625,2,COMPLETE
217,-1.9997272851234036,785721938.5021963,2026-07-24 10:41:19.410099,2026-07-24 10:41:30.628458,0 days 00:00:11.218359,0.6279082135680656,0.580574309130801,0.2105848386632321,40.2387320658447,0.9183019625752148,7.720551362434665,0.529801107232864,4.1474181103144705,0.7029220456807705,0.01309570824109437,0.005682399463134854,1.1812507201378106,206998014,2,COMPLETE
218,-1.999090950411345,523820861.4080617,2026-07-24 10:41:19.410922,2026-07-24 10:41:33.224532,0 days 00:00:13.813610,1.195322352247183,0.8660989506110325,0.2519498806582523,30.036452694402577,1.1462512792559019,7.683728208080386,1.3700869359038397,2.0886260843714806,0.5005540762017364,0.04437814712653875,0.000425168493094026,0.07570044689059868,959976127,2,COMPLETE
219,-1.999454570246807,647069203.8469456,2026-07-24 10:41:19.806342,2026-07-24 10:41:31.427704,0 days 00:00:11.621362,0.7646735913591258,1.1466802974446906,0.19923436437550404,5.980102187863295,1.2549954019701903,3.9387565883922657,0.274087893584507,61.4265312814515,0.6924950217641175,0.024862769921650044,5.918381421657605e-06,0.6236825401065158,1938323886,2,COMPLETE
220,-1.9971819462751692,261913548.64823037,2026-07-24 10:41:20.208579,2026-07-24 10:41:32.023461,0 days 00:00:11.814882,0.031083848754816457,0.19792234159536526,0.02573864878124018,15.88346052357308,0.697313721785582,14.771489492910218,1.2279574750417623,1.5760640659696357,1.0752736082338583,0.07405996153811896,0.21295367086195816,1.0247020507334397,273969198,2,COMPLETE
221,-1.9998636425617018,880004799.8080077,2026-07-24 10:41:20.210706,2026-07-24 10:41:32.421681,0 days 00:00:12.210975,0.31601949764975806,1.1866374558110517,0.2702270738276205,16.828486659717548,0.6741003329538064,1.8307121953570464,1.4317135472818199,2.788937491196416,0.2550433785669272,0.0012573379812223816,0.2067542158544448,0.3063727975838391,978772129,2,COMPLETE
222,-1.9998636425617018,880004799.8080077,2026-07-24 10:41:20.803137,2026-07-24 10:41:32.824978,0 days 00:00:12.021841,0.6281052593507204,1.0877321342743427,0.015820735720136356,40.2387320658447,0.18234115004642426,7.683728208080386,1.1370663045337541,7.3664800535463835,0.08999356936404818,0.008308185362952714,7.340385107032305,1.1812507201378106,1511897336,2,COMPLETE
223,-1.9998636425617018,880004799.8080077,2026-07-24 10:41:20.804112,2026-07-24 10:41:35.424176,0 days 00:00:14.620064,0.8056418992981972,1.1906854350829799,0.13060228502229543,45.55377548321763,0.13536535186003296,3.112286051214103,1.0401804980921945,1.1536124405407062,0.7364595785169803,0.00460520315624777,0.0008042554645643559,0.11514315246367535,434572016,2,COMPLETE
224,-1.9999545475205673,956523629.4074169,2026-07-24 10:41:21.396879,2026-07-24 10:41:35.421978,0 days 00:00:14.025099,1.255462047736896,0.7812149655982056,0.2519498806582523,30.036452694402577,0.09578438479949697,68.52381125677474,0.7080511800215078,2.995756326765603,0.886470764415421,0.04437814712653875,0.00010848305417042369,0.44441935911160313,1549659415,2,COMPLETE
225,-1.9999090950411345,916670138.7442191,2026-07-24 10:41:22.201374,2026-07-24 10:41:31.428543,0 days 00:00:09.227169,0.8165483887789622,0.580574309130801,0.2105848386632321,2.7770226153679243,1.4495003567468103,3.0060245213488024,0.529801107232864,78.23862882543878,0.7029220456807705,0.01309570824109437,0.05830247610929031,0.1377809999832056,657036846,2,COMPLETE
226,-1.9980455433843916,338471715.8197566,2026-07-24 10:41:22.203727,2026-07-24 10:41:36.818393,0 days 00:00:14.614666,0.19551328618034902,0.2880842837732339,0.13060228502229543,45.55377548321763,0.13536535186003296,1.869994321443453,1.4317135472818199,8.51242346544306,1.181763946985662,0.03004371555958405,7.525608894878955e-06,0.06907846645989718,1736585729,2,COMPLETE
227,-1.9985909731375846,415105375.37027603,2026-07-24 10:41:22.204697,2026-07-24 10:41:30.427921,0 days 00:00:08.223224,0.14880963346848636,1.3867711357765935,0.01858074906241968,18.492935733101202,0.38405551736676713,1.9685345380356707,0.23698880256253613,2.1483505012559827,1.2142184665393063,0.06608811075228473,7.538474794056777,0.6930705839381235,1243864551,2,COMPLETE
228,-1.99372755783828,137505390.5913088,2026-07-24 10:41:22.205983,2026-07-24 10:41:36.822358,0 days 00:00:14.616375,0.14880963346848636,0.2880842837732339,0.0733463795020589,16.828486659717548,0.6741003329538064,1.869994321443453,1.4317135472818199,2.788937491196416,0.6754393416135754,0.024047526817003537,1.8399247690615476e-05,0.20833701711171843,1174474423,2,COMPLETE
229,-1.999090950411345,523820861.4080617,2026-07-24 10:41:22.402146,2026-07-24 10:41:33.023816,0 days 00:00:10.621670,0.031083848754816457,0.19792234159536526,0.3358491400231472,47.858708179754586,0.14149089592966996,3.409336540094705,0.40697596725457075,13.167972246713026,0.30408687102443444,0.07405996153811896,0.0009870911546957905,0.756523941610461,379616660,2,COMPLETE
230,-1.9982728057815553,366677222.0462992,2026-07-24 10:41:22.404116,2026-07-24 10:41:33.825977,0 days 00:00:11.421861,0.6879823294950029,0.7812149655982056,0.12946326805156316,14.892273839730375,1.2549954019701903,3.17294512552979,0.7080511800215078,13.167972246713026,0.17629031224531194,0.06313675844800187,0.02307095307956225,0.44441935911160313,994727115,2,COMPLETE
