number,values_0,values_1,datetime_start,datetime_complete,duration,params_between_rest_spread,params_c_spread,params_c_val,params_input_force,params_k_between_spread,params_k_between_val,params_k_wall_spread,params_k_wall_val,params_m_spread,params_m_val,params_ridge_alpha,params_wall_rest_spread,user_attrs_trial_seed,system_attrs_NSGAIISampler:generation,state
0,-1.9999545475205673,956523629.4074169,2026-07-24 10:40:44.303653,2026-07-24 10:40:52.211052,0 days 00:00:07.907399,1.0959149400380543,1.0544494634476622,0.05573402574289241,3.005429364180386,0.11274900987771125,46.77396029134894,0.21442594561231615,1.749077541424842,1.2513889448166629,0.0016144004457034327,0.00036174607217508197,0.2819557896604605,191664963,0,COMPLETE
1,-1.9999545475205673,956523629.4074169,2026-07-24 10:40:44.304079,2026-07-24 10:40:51.815427,0 days 00:00:07.511348,1.1273802864653442,0.6957345705364524,0.030145987086947757,21.393221486042403,0.8755420819427204,61.082614493361696,0.09050700976588127,2.4145199370636985,0.21966552411179635,0.0027374888814890946,0.22399679332598818,1.0783585355700607,1405681631,0,COMPLETE
2,-1.9999545475205673,956523629.4074169,2026-07-24 10:40:44.304456,2026-07-24 10:40:53.599682,0 days 00:00:09.295226,0.9888932707353508,1.4527528475521696,0.8749951808069825,44.34257432925895,0.07221150849922664,3.984503806840101,1.1603977733459623,50.767688935508495,1.4787437308945004,0.003497226692862229,6.979740154010796e-05,1.3401328434770394,1662057957,0,COMPLETE
3,-1.9924094359347302,116406791.49845769,2026-07-24 10:40:44.305187,2026-07-24 10:40:52.803278,0 days 00:00:08.498091,0.2348076389902778,0.16779810823502017,0.012573487766613173,14.863990385234082,0.9121619381431598,81.64910854414842,1.1025802831190894,18.385868554668367,1.2317756545318124,0.07375952782345939,36.15497490209278,0.6114804870115242,942484272,0,COMPLETE
4,-1.9997272851234036,785721938.5021963,2026-07-24 10:40:44.306113,2026-07-24 10:40:52.803666,0 days 00:00:08.497553,0.6279082135680656,1.0877321342743427,0.2894231112216908,40.2387320658447,0.9183019625752148,7.720551362434665,1.2827235905531913,7.3664800535463835,0.08999356936404818,0.008308185362952714,0.5331458659089807,1.1812507201378106,929893137,0,COMPLETE
5,-1.9975455661106314,289483033.1179853,2026-07-24 10:40:44.306822,2026-07-24 10:40:53.202097,0 days 00:00:08.895275,1.3288399925737797,1.190076038257685,0.16958174572904894,21.69693982318498,0.3633012813989894,11.849618591963038,0.3077676910164447,49.736093015336856,1.2233184464457707,0.023268925660107284,6.824396400095403,0.23049810644370183,1843824992,0,COMPLETE
6,-1.9998636425617018,880004799.8080077,2026-07-24 10:40:44.307169,2026-07-24 10:40:53.399853,0 days 00:00:09.092684,0.8663557253840047,0.7356964840061755,0.026093224811397378,46.28329977930425,0.6950050541225881,4.9789949915215495,1.0640390916041593,1.1536124405407062,0.7364595785169803,0.006144657087819131,0.0008042554645643559,0.11514315246367535,184566854,0,COMPLETE
7,-1.9999545475205673,956523629.4074169,2026-07-24 10:40:44.307828,2026-07-24 10:40:53.399031,0 days 00:00:09.091203,0.7743262318037468,0.4212131539771559,0.05857172559043701,8.986345827952285,1.4946157238824715,14.12162618815862,0.7079722510905355,12.397634606235808,0.8258833210406944,0.0016438380684770757,0.0016990533752184078,0.4596361633263255,432652533,0,COMPLETE
8,-1.9191400390891322,12215984.33315695,2026-07-24 10:40:44.308344,2026-07-24 10:40:53.201793,0 days 00:00:08.893449,0.6879823294950029,0.6033740761292651,0.8078501913986935,32.3047515704455,1.4500483152353658,3.329963582528146,0.9696749873653907,10.19474542658144,0.17629031224531194,0.011244355601018117,0.02307095307956225,0.714569552853752,1497586438,0,COMPLETE
9,-1.9998636425617018,880004799.8080077,2026-07-24 10:40:44.309462,2026-07-24 10:40:52.803794,0 days 00:00:08.494332,0.627461776078408,0.6907029261787971,0.19923436437550404,14.593184104147404,1.4879532888373095,70.01848633338724,0.274087893584507,1.3655607431138594,0.6924950217641175,0.024862769921650044,5.918381421657605e-06,0.6236825401065158,202244314,0,COMPLETE
10,-1.9999545475205673,956523629.4074169,2026-07-24 10:40:44.309904,2026-07-24 10:40:53.603160,0 days 00:00:09.293256,0.895794820448923,0.5482255990670677,0.17317739860657969,34.11487931388629,0.8869673447817644,28.33387248130117,1.2431627548874835,2.7431134516016913,0.06476502365167758,0.0019274777401920601,37.52246168868229,0.4525467269251175,1130604997,0,COMPLETE
11,-1.9990000454524794,500011363.3781051,2026-07-24 10:40:44.310257,2026-07-24 10:40:53.399589,0 days 00:00:09.089332,0.14880963346848636,1.3831744132693702,0.0733463795020589,27.445883658452644,0.38405551736676713,28.32628060104903,0.23698880256253613,4.445768679455447,0.8024149405823837,0.018865680580979944,0.41466993944492236,0.6233140728704998,2095133045,0,COMPLETE
12,-1.9999545475205673,956523629.4074169,2026-07-24 10:40:44.310649,2026-07-24 10:40:54.198728,0 days 00:00:09.888079,0.156945909024314,1.284871435856092,0.12092461864522747,23.997818328280008,0.2612287817637177,3.533178497541321,1.495112634010622,3.283725822267069,1.3020184412026143,0.002415195358402821,0.020860051396878188,0.08884359347819798,1580016183,0,COMPLETE
13,-1.9994091177673743,628582040.5131282,2026-07-24 10:40:44.311101,2026-07-24 10:40:54.198297,0 days 00:00:09.887196,1.1763635479462344,1.0631454417271462,0.3358491400231472,47.858708179754586,0.14149089592966996,1.1595336886451757,0.40697596725457075,13.167972246713026,0.30408687102443444,0.05265926251215444,0.34882174988138337,0.756523941610461,1634535062,0,COMPLETE
14,-1.9999090950411345,916670138.7442191,2026-07-24 10:40:44.311689,2026-07-24 10:40:54.591879,0 days 00:00:10.280190,0.07499664919585158,1.4581517357032394,0.8197800683459489,8.15433626061353,0.3764714959737945,17.483086962940646,0.9484576886214457,18.40692659038754,0.15405074732908447,0.0024624746591142307,1.5400469810545327,0.3511918537630976,1540770719,0,COMPLETE
15,-1.9998636425617018,880004799.8080077,2026-07-24 10:40:44.312167,2026-07-24 10:40:55.380400,0 days 00:00:11.068233,1.149632063794864,0.10135068519826512,0.5018735260241564,14.356624858452424,0.8835430326614484,20.999599862240622,1.1381082391911164,30.024183540171194,0.573377931058048,0.09257921222101842,7.289898148862715e-05,1.4294997139300494,1688060240,0,COMPLETE
16,0.5192664385252532,0.6995968689473802,2026-07-24 10:40:44.312496,2026-07-24 10:40:57.946005,0 days 00:00:13.633509,0.8165483887789622,0.580574309130801,0.2105848386632321,2.7770226153679243,1.1702814488153501,3.0060245213488024,0.529801107232864,78.23862882543878,0.7029220456807705,0.01309570824109437,0.005682399463134854,0.1377809999832056,1102145672,0,COMPLETE
17,-1.9999545475205673,956523629.4074169,2026-07-24 10:40:44.312815,2026-07-24 10:40:56.170823,0 days 00:00:11.858008,1.195322352247183,0.2418895558667118,0.4242903956585164,25.143600554516812,1.1462512792559019,10.886064144271483,1.0199706690183719,2.0886260843714806,1.459533981384034,0.006933826235443334,0.000425168493094026,0.011369803009170398,275121930,0,COMPLETE
18,-1.9998636425617018,880004799.8080077,2026-07-24 10:40:44.313391,2026-07-24 10:40:56.171094,0 days 00:00:11.857703,0.1971180312283632,1.3784655047252428,0.9586519090773357,23.064717753678217,1.358685865079151,29.207156357278485,0.3668893348300462,8.822344160204592,0.6748703206076352,0.005006071035130797,0.0002265631503169758,0.867836348420306,1803345590,0,COMPLETE
19,-1.154220262715331,1180944.649439364,2026-07-24 10:40:44.314080,2026-07-24 10:41:00.548579,0 days 00:00:16.234499,0.3060943437459821,0.33002795353781544,0.3790085639292322,19.79370765960875,1.2682376044707042,3.659135442761084,1.064862984060582,32.726911888345825,0.19475559000381187,0.026603847249243025,6.127738777593342e-05,0.16196346138453388,967196436,0,COMPLETE
20,0.5579126199482369,0.6708874914315323,2026-07-24 10:40:44.314329,2026-07-24 10:41:00.337337,0 days 00:00:16.023008,1.2916851163008187,0.2880842837732339,0.2702270738276205,16.828486659717548,0.6741003329538064,1.869994321443453,1.4317135472818199,2.788937491196416,0.6754393416135754,0.017708333325962253,1.8399247690615476e-05,1.0602033088900988,1074497555,0,COMPLETE
21,-1.9998636425617018,880004799.8080077,2026-07-24 10:40:44.314910,2026-07-24 10:40:59.132467,0 days 00:00:14.817557,0.44753458415493036,1.4458685399178135,0.016052688730285918,32.66143607667192,0.4546048086390255,19.730611353028475,0.8470298528466951,2.4098814671187765,0.6335380971673386,0.0026483444799065728,81.20835168243018,0.05557259909815454,392022359,0,COMPLETE
22,-1.9997727376028362,814821673.2713604,2026-07-24 10:40:44.315129,2026-07-24 10:40:56.368012,0 days 00:00:12.052883,0.4279730117848873,1.1906854350829799,0.44941748774586326,11.755270553670531,0.94314718322175,3.112286051214103,1.0401804980921945,24.087435798699307,0.7191588536939207,0.00460520315624777,0.0016274512501053106,0.9772911476328456,796282693,0,COMPLETE
23,-1.9993636652879414,611121913.2801867,2026-07-24 10:40:44.315860,2026-07-24 10:40:59.933406,0 days 00:00:15.617546,0.031083848754816457,0.19792234159536526,0.02573864878124018,21.8238194151492,0.697313721785582,3.409336540094705,0.1513870654973452,1.5760640659696357,1.4186519270116476,0.07405996153811896,0.21295367086195816,0.9892956645209756,1990212658,0,COMPLETE
24,-1.9999090950411345,916670138.7442191,2026-07-24 10:40:44.316230,2026-07-24 10:41:00.546653,0 days 00:00:16.230423,1.1473343684467798,0.05454710029337634,0.4574901768100808,6.642486762741113,0.8160223195216163,44.05232876901278,0.7408393086301579,9.94157913211974,0.5675853164868709,0.021250479194553893,0.9057647239241656,1.3456435220439904,1678403330,0,COMPLETE
25,-1.9998636425617018,880004799.8080077,2026-07-24 10:40:44.316621,2026-07-24 10:41:00.134983,0 days 00:00:15.818362,0.4364687087281669,1.0241232293184774,0.016828022465316127,40.416981502841544,1.4378932139915155,3.946096907016245,1.1710169975965294,1.7362390858783914,0.4555810703782062,0.002814092140590144,0.14329447818156257,0.5340582948773005,1382689815,0,COMPLETE
26,-1.9999545475205673,956523629.4074169,2026-07-24 10:40:44.317427,2026-07-24 10:41:00.548257,0 days 00:00:16.230830,0.749548554621551,0.8982420388291452,0.043000622858639204,43.73383618066338,0.12237404035840549,7.090057437818412,0.21416746667579895,35.86606931779597,1.4394313137814447,0.003245968563369496,0.0005005506823265737,1.1896369106943125,864178266,0,COMPLETE
27,-1.999818190082269,846159763.0860351,2026-07-24 10:40:44.317846,2026-07-24 10:40:58.143559,0 days 00:00:13.825713,0.8803117220749348,0.3359175812961842,0.24048285755796422,11.825773211620318,0.014266069884832422,14.771489492910218,1.2279574750417623,1.2325647511871287,1.0752736082338583,0.053705054872775146,1.877327756923323,0.10684329940526865,1766867109,0,COMPLETE
28,-1.9980455433843916,338471715.8197566,2026-07-24 10:40:44.318494,2026-07-24 10:40:57.744321,0 days 00:00:13.425827,0.19551328618034902,0.8883219744988442,0.13060228502229543,45.55377548321763,0.13536535186003296,2.840782293123263,1.2799872130995635,1.0845127972558688,1.181763946985662,0.0861677064434624,7.525608894878955e-06,0.8851245612155195,1171300112,0,COMPLETE
29,-1.9999545475205673,956523629.4074169,2026-07-24 10:40:44.319155,2026-07-24 10:41:00.545947,0 days 00:00:16.226792,0.8076616479558442,0.5063756067073122,0.7715510489548014,31.967285733256148,0.16413271843875155,11.182412498204325,1.345002038071052,90.12078328803861,1.3962543198435007,0.04888284657861788,6.784081081684084,1.0311741847027878,952224740,0,COMPLETE
30,-1.9999545475205673,956523629.4074169,2026-07-24 10:40:44.319805,2026-07-24 10:41:00.540363,0 days 00:00:16.220558,0.8284265561172237,0.318027643991715,0.14405281065142703,5.475782128927618,1.1028015884299271,7.161134052762034,0.8598725698748653,7.007285160327238,1.3493738801588029,0.004736638950143088,0.15415538868824138,1.0263550637882046,967354524,0,COMPLETE
31,-1.9980455433843916,338471715.8197566,2026-07-24 10:40:44.320368,2026-07-24 10:41:00.544673,0 days 00:00:16.224305,0.3453658374616592,0.2072452688206382,0.10840406434738363,12.014741197696607,1.0687550159688994,1.6325898150166058,1.4535133742666655,12.075013008807817,0.7735502034668209,0.0029895979384564103,0.00019393560664834224,0.28129822617173056,487991438,0,COMPLETE
32,-1.9965456115631108,224497709.2070489,2026-07-24 10:40:44.320739,2026-07-24 10:40:58.145257,0 days 00:00:13.824518,0.6281052593507204,0.8660989506110325,0.015820735720136356,18.492935733101202,0.18234115004642426,7.683728208080386,1.1370663045337541,2.1483505012559827,0.5005540762017364,0.07421369673158196,7.340385107032305,0.966551845013796,197860368,0,COMPLETE
33,-1.9999090950411345,916670138.7442191,2026-07-24 10:40:44.321164,2026-07-24 10:41:00.550703,0 days 00:00:16.229539,0.08686288156524591,1.3449838321737482,0.010356313559818088,8.661753083038391,0.019009202784008083,5.082531008927984,0.007702974824106701,11.341241184428638,1.1994030531611743,0.0022552455328268615,1.14173362024961e-06,0.883497078924762,1190961760,0,COMPLETE
34,-1.9999545475205673,956523629.4074169,2026-07-24 10:40:44.321600,2026-07-24 10:41:00.548021,0 days 00:00:16.226421,0.8266701002990613,1.4369746225349507,0.08355651306735543,5.257483204324258,1.3006223617225705,3.174352820233054,0.4539990569245056,1.7027767190397665,1.2443323139746405,0.0012244734561550833,1.6673435537811435e-06,1.0962631240213352,1906728918,0,COMPLETE
35,-1.9996818326439707,758629012.7926623,2026-07-24 10:40:44.322102,2026-07-24 10:41:00.553708,0 days 00:00:16.231606,0.7755613769395,0.9529298725320956,0.38724731325217016,9.236342154605058,0.1980107188101195,8.84343380975354,0.3286299696363574,22.75490494641428,0.7229192066930914,0.025557719232969907,8.753457486055432,0.42684776188906287,137046513,0,COMPLETE
36,-1.9999090950411345,916670138.7442191,2026-07-24 10:40:44.322676,2026-07-24 10:40:55.184152,0 days 00:00:10.861476,0.3410502414370208,1.2459722746960773,0.19688090714375722,2.5662887615254926,0.012971797977467447,16.068905736293324,0.39106205160452107,2.303991726884221,0.5429218507310587,0.00174663130685774,16.268173370776736,0.9160499362424748,1843166518,0,COMPLETE
37,-1.9999545475205673,956523629.4074169,2026-07-24 10:40:44.323234,2026-07-24 10:40:53.602966,0 days 00:00:09.279732,1.4088781247559181,1.0522701009638409,0.5187992568968153,49.9515319213534,0.9320906688466063,91.23263924130308,0.8282636020557718,5.988961048573589,0.9239971587151017,0.004861280099845456,2.3158677526213856,0.43350059942694763,1777324407,0,COMPLETE
38,-1.9602745329757738,24554660.09524543,2026-07-24 10:40:44.323747,2026-07-24 10:41:00.546925,0 days 00:00:16.223178,0.35483139454372825,1.2444632291865485,0.021053489153145213,15.681068043889399,0.8260722926150033,1.1512272581245448,0.48245424883881477,9.606671776705456,0.37774205715026393,0.05913025919464015,0.00026918954335415515,0.6560118495557858,594336917,0,COMPLETE
39,0.6308416988427403,0.6130585521135631,2026-07-24 10:40:44.324154,2026-07-24 10:40:59.934185,0 days 00:00:15.610031,1.270658742177719,1.1466802974446906,0.12946326805156316,5.980102187863295,1.2549954019701903,3.303416182323665,0.3423928149421927,4.013746233923432,0.42804044726284135,0.008690056230202872,0.00010848305417042369,1.2741449862174508,1356488967,0,COMPLETE
40,-1.9999545475205673,956523629.4074169,2026-07-24 10:40:44.324689,2026-07-24 10:41:00.138048,0 days 00:00:15.813359,1.1453551438628289,0.8834922012094484,0.28132294162642885,6.862864318250712,0.7959320811165786,33.56178523642155,0.5623188642843243,4.196872588512613,0.6044745892573149,0.008080252170774191,0.7917690379072626,0.9694115672024239,354826746,0,COMPLETE
41,-1.9999545475205673,956523629.4074169,2026-07-24 10:40:44.325103,2026-07-24 10:40:58.145531,0 days 00:00:13.820428,0.5594696246972423,1.0434675683902128,0.015820060501107812,44.82743621607979,1.0294276303130419,2.8099359864108235,1.166280380860542,83.0119450616358,1.23548245571597,0.019170654659861543,2.0154741260028546,0.14784228118722959,1627981024,0,COMPLETE
42,-1.9984546156992864,392867984.5002768,2026-07-24 10:40:44.325632,2026-07-24 10:41:00.551910,0 days 00:00:16.226278,0.2445420150796716,0.5728517633851771,0.29534547340079065,38.133868342441644,0.6497136622638786,4.08916227241725,1.130624852008,1.2939862611581072,0.4421876598950384,0.010075979185354238,0.07574148895347968,0.5465452844842795,1504361614,0,COMPLETE
43,-1.9997727376028362,814821673.2713604,2026-07-24 10:40:44.325849,2026-07-24 10:41:00.338168,0 days 00:00:16.012319,0.43890120985746867,1.0331692891455895,0.016022239517808318,6.347189983015123,0.07896721803580359,1.5546416491421715,0.8516973611441843,2.0168002353773056,1.0584948920975215,0.008659977473694888,26.437321547785217,0.9256541785746182,145857092,0,COMPLETE
44,-1.9999545475205673,956523629.4074169,2026-07-24 10:40:44.326164,2026-07-24 10:40:53.998686,0 days 00:00:09.672522,1.255462047736896,0.7568941186050819,0.09619679852534774,14.676643263456446,0.16591139817001338,3.17294512552979,0.7080511800215078,2.995756326765603,0.68384207258093,0.0012151860123747777,58.09428281127609,0.44441935911160313,761338718,0,COMPLETE
45,0.5741702553057783,0.6584360985008286,2026-07-24 10:40:44.326509,2026-07-24 10:41:00.559480,0 days 00:00:16.232971,0.10056818062329043,1.243389327673142,0.283058979954381,39.763266342326816,1.0959186467838937,21.884595911331694,0.6165328530695298,1.1424677750813155,0.6088879737491155,0.05544750702116131,8.550062856133774e-05,1.271265958043809,2084558133,0,COMPLETE
46,-1.9999090950411345,916670138.7442191,2026-07-24 10:40:44.326853,2026-07-24 10:40:59.132325,0 days 00:00:14.805472,0.06562057696717061,1.3190152592495403,0.13662615155771363,3.3579475500914504,0.7706819548293209,1.1828277520405095,1.2316425028598783,2.0393884895877825,1.0891950321575683,0.002515915155078011,0.5989303526253371,0.7257251708659046,957106589,0,COMPLETE
47,-1.9999545475205673,956523629.4074169,2026-07-24 10:40:44.327350,2026-07-24 10:40:58.342912,0 days 00:00:14.015562,1.3931648620842818,1.0823104278953877,0.048365561175660425,2.2990888690000344,0.6105071732167493,39.69487712910235,0.7478471356076519,3.0489754354310965,0.9237702070936222,0.0046277482537007125,3.368889540509488e-05,0.48441895209499664,1455819991,0,COMPLETE
48,-1.9996818326439707,758629012.7926623,2026-07-24 10:40:44.327575,2026-07-24 10:41:00.546795,0 days 00:00:16.219220,0.4069462841560298,0.5418394268947793,0.13950652736694064,11.322137244290971,0.8391420111520451,2.130040034872359,1.4340231244609314,1.0241235610916404,0.23714243487721248,0.0010781776725875612,29.143153500215092,1.1266967356575912,1917963002,0,COMPLETE
49,-1.9997272851234036,785721938.5021963,2026-07-24 10:40:44.328062,2026-07-24 10:41:00.547009,0 days 00:00:16.218947,1.0612156610521284,0.49044707635719575,0.11641895204550828,35.28044879389677,0.3162479101632888,9.628200385039987,0.7425430279626113,2.668520202870323,1.4252924189373846,0.009519012483653748,0.0009350689140715132,0.5346514217816198,1671565830,0,COMPLETE
50,-1.9996818326439707,758629012.7926623,2026-07-24 10:40:44.328379,2026-07-24 10:40:55.380995,0 days 00:00:11.052616,0.5514261450575719,0.774210801328427,0.021244463130097757,29.03473492508952,0.2937015293106143,17.40739595910006,0.09422628228775526,1.04707811409731,1.4855573729697462,0.033555286820688465,0.014049097034237212,0.4077187650381053,1631871623,0,COMPLETE
51,-1.9995454752056725,687509765.3198338,2026-07-24 10:40:44.328829,2026-07-24 10:40:58.143460,0 days 00:00:13.814631,0.8185864536312444,0.28007763878855213,0.8284513908725724,24.695123429555334,0.355866129635337,19.218091562739502,0.4366575236300255,57.30792907660702,1.3073697599199234,0.024960048899348896,0.015332898642637037,0.6312217720443964,417983441,0,COMPLETE
52,-1.9999545475205673,956523629.4074169,2026-07-24 10:40:44.329155,2026-07-24 10:40:57.349174,0 days 00:00:13.020019,1.1766184835817626,0.5484719928853692,0.14666461509082165,46.98298252927393,0.6793082897040517,7.8900451215137695,1.0194026612112104,1.658242061812936,0.7120859203381074,0.004334159195823185,4.838126438901553,1.1793853657079054,781482251,0,COMPLETE
53,0.14969157133973587,0.9304303703386649,2026-07-24 10:40:44.329546,2026-07-24 10:41:00.542251,0 days 00:00:16.212705,0.31601949764975806,1.1866374558110517,0.13450690068351764,7.7855479228593625,1.4495003567468103,1.8307121953570464,0.4055260218879011,8.51242346544306,0.2550433785669272,0.011016653366045294,0.2067542158544448,0.06907846645989718,1002275723,0,COMPLETE
54,-1.9999545475205673,956523629.4074169,2026-07-24 10:40:44.329823,2026-07-24 10:40:56.564196,0 days 00:00:12.234373,0.9759755479765475,1.0947611816694263,0.027486852662763284,15.86914443767458,1.3159961398415096,5.896423598693323,0.475665678834225,55.06243639856055,0.1202487978708009,0.0018880880294764944,0.012389972857290652,1.2664131421463263,1068999196,0,COMPLETE
55,-1.9998636425617018,880004799.8080077,2026-07-24 10:40:44.330168,2026-07-24 10:40:59.934455,0 days 00:00:15.604287,0.5903759319503952,1.2818804796508796,0.01858074906241968,16.89969688686624,0.3664054518689887,1.9685345380356707,0.27621481813899607,1.5116861845180112,1.2142184665393063,0.0057344304586593575,7.538474794056777,0.6930705839381235,94067870,0,COMPLETE
56,-1.9999090950411345,916670138.7442191,2026-07-24 10:40:44.330461,2026-07-24 10:41:00.553928,0 days 00:00:16.223467,1.36721174238773,1.2154115500049572,0.290620653908025,27.06404341461497,0.3893185976556729,4.607962087893103,1.0802223769656645,2.6399445078768458,1.4292668570652967,0.06216677598629795,8.516116616284777e-06,0.2816556384140253,331334160,0,COMPLETE
