number,values_0,values_1,datetime_start,datetime_complete,duration,params_between_rest_spread,params_c_spread,params_c_val,params_input_force,params_k_between_spread,params_k_between_val,params_k_wall_spread,params_k_wall_val,params_m_spread,params_m_val,params_ridge_alpha,params_wall_rest_spread,user_attrs_trial_seed,system_attrs_NSGAIISampler:generation,state
115,-1.9928639607290577,122909927.8774979,2026-07-24 10:41:00.572450,2026-07-24 10:41:10.185044,0 days 00:00:09.612594,0.14880963346848636,0.2880842837732339,0.0733463795020589,16.828486659717548,0.6741003329538064,1.869994321443453,1.4317135472818199,2.788937491196416,0.8024149405823837,0.018865680580979944,0.41466993944492236,0.20833701711171843,1221362417,1,COMPLETE
116,-1.9993182128085087,594605551.2013189,2026-07-24 10:41:00.572882,2026-07-24 10:41:08.389043,0 days 00:00:07.816161,0.19551328618034902,0.8883219744988442,0.13060228502229543,45.55377548321763,1.0294276303130419,2.8099359864108235,1.166280380860542,83.0119450616358,1.23548245571597,0.0861677064434624,2.0154741260028546,0.8851245612155195,80020205,1,COMPLETE
117,-1.9999545475205673,956523629.4074169,2026-07-24 10:41:00.573511,2026-07-24 10:41:09.582316,0 days 00:00:09.008805,0.5990994256641081,0.318027643991715,0.14405281065142703,21.464725091871955,1.1028015884299271,7.161134052762034,0.5475275886561048,92.95770290650925,1.3493738801588029,0.004736638950143088,0.0025653231619284724,0.9433120131439472,300211767,1,COMPLETE
118,-1.9999090950411345,916670138.7442191,2026-07-24 10:41:00.574034,2026-07-24 10:41:11.574844,0 days 00:00:11.000810,1.2916851163008187,1.3831744132693702,0.2702270738276205,16.828486659717548,0.6741003329538064,1.869994321443453,1.4317135472818199,4.445768679455447,0.8024149405823837,0.0032394610243958355,1.8399247690615476e-05,1.0602033088900988,527166790,1,COMPLETE
119,-1.9999545475205673,956523629.4074169,2026-07-24 10:41:00.574689,2026-07-24 10:41:10.186547,0 days 00:00:09.611858,1.195322352247183,1.4458685399178135,0.106926143262562,32.66143607667192,0.4546048086390255,19.730611353028475,0.13095309588861703,2.0886260843714806,1.459533981384034,0.006933826235443334,0.000425168493094026,0.011369803009170398,245951459,1,COMPLETE
120,-1.9980909958638244,343760253.74603516,2026-07-24 10:41:00.575410,2026-07-24 10:41:09.581783,0 days 00:00:09.006373,0.8165483887789622,1.3784655047252428,0.9586519090773357,2.7770226153679243,1.358685865079151,3.0060245213488024,0.529801107232864,78.23862882543878,0.3315655541266638,0.01309570824109437,0.0002265631503169758,0.1377809999832056,944062962,1,COMPLETE
121,-1.9998636425617018,880004799.8080077,2026-07-24 10:41:00.575697,2026-07-24 10:41:08.383842,0 days 00:00:07.808145,0.4279730117848873,1.1906854350829799,0.030145987086947757,21.393221486042403,0.8755420819427204,3.112286051214103,1.0325482564851378,2.4145199370636985,0.7191588536939207,0.00460520315624777,0.0016274512501053106,0.9772911476328456,1435384429,1,COMPLETE
122,-1.9577291941275397,23110269.842153527,2026-07-24 10:41:00.576332,2026-07-24 10:41:09.586967,0 days 00:00:09.010635,0.031083848754816457,0.19792234159536526,0.02573864878124018,21.8238194151492,0.697313721785582,3.409336540094705,0.8598725698748653,1.5760640659696357,1.3493738801588029,0.07405996153811896,0.21295367086195816,0.9892956645209756,1011671398,1,COMPLETE
123,-1.9999545475205673,956523629.4074169,2026-07-24 10:41:00.576597,2026-07-24 10:41:12.387139,0 days 00:00:11.810542,0.3410502414370208,1.3831744132693702,0.19688090714375722,2.5662887615254926,0.38405551736676713,28.32628060104903,0.39106205160452107,4.445768679455447,0.5429218507310587,0.00174663130685774,0.41466993944492236,0.6233140728704998,1405375274,1,COMPLETE
124,-1.9999545475205673,956523629.4074169,2026-07-24 10:41:00.577182,2026-07-24 10:41:11.179641,0 days 00:00:10.602459,0.06562057696717061,0.5773131144011494,0.31320250279930073,30.036452694402577,0.7706819548293209,68.52381125677474,1.2316425028598783,12.275268477843206,0.886470764415421,0.002515915155078011,0.0798429638433826,0.07570044689059868,1836270333,1,COMPLETE
125,-1.9998636425617018,880004799.8080077,2026-07-24 10:41:00.577612,2026-07-24 10:41:14.406618,0 days 00:00:13.829006,0.3410502414370208,1.2459722746960773,0.13450690068351764,7.7855479228593625,0.012971797977467447,16.068905736293324,0.39106205160452107,2.303991726884221,0.2550433785669272,0.00174663130685774,16.268173370776736,0.06907846645989718,1642822536,1,COMPLETE
126,-1.9999090950411345,916670138.7442191,2026-07-24 10:41:00.577917,2026-07-24 10:41:12.804435,0 days 00:00:12.226518,0.8165483887789622,0.580574309130801,0.2105848386632321,27.905916698942963,1.4495003567468103,1.8307121953570464,0.529801107232864,8.51242346544306,0.7029220456807705,0.011016653366045294,0.2067542158544448,0.06907846645989718,170075129,1,COMPLETE
127,-1.9991818553702105,550011249.718757,2026-07-24 10:41:00.578241,2026-07-24 10:41:10.189284,0 days 00:00:09.611043,0.8165483887789622,0.580574309130801,0.2105848386632321,7.7855479228593625,1.4495003567468103,3.0060245213488024,0.4055260218879011,78.23862882543878,0.7029220456807705,0.01309570824109437,0.2067542158544448,0.1377809999832056,1213835294,1,COMPLETE
128,-1.998136448343257,349216679.1003318,2026-07-24 10:41:00.579546,2026-07-24 10:41:15.599310,0 days 00:00:15.019764,0.6279082135680656,1.1866374558110517,0.2894231112216908,40.2387320658447,0.9183019625752148,7.720551362434665,1.2827235905531913,8.51242346544306,0.2550433785669272,0.008308185362952714,0.5331458659089807,0.06907846645989718,1233945442,1,COMPLETE
129,-1.9999090950411345,916670138.7442191,2026-07-24 10:41:00.580198,2026-07-24 10:41:13.403581,0 days 00:00:12.823383,0.8538026115980779,1.1906854350829799,0.44941748774586326,11.755270553670531,0.7297816853832281,3.112286051214103,1.0401804980921945,31.54664315290397,0.7191588536939207,0.00460520315624777,0.10640855042186402,0.6784777789437191,1363047212,1,COMPLETE
130,-1.9999545475205673,956523629.4074169,2026-07-24 10:41:01.575099,2026-07-24 10:41:09.588316,0 days 00:00:08.013217,0.895794820448923,0.5482255990670677,0.17317739860657969,34.11487931388629,0.8869673447817644,28.33387248130117,1.2431627548874835,2.7431134516016913,0.06476502365167758,0.0019274777401920601,37.52246168868229,0.4525467269251175,1214129970,1,COMPLETE
131,-1.9995909276851052,709686784.2972808,2026-07-24 10:41:01.770781,2026-07-24 10:41:15.805137,0 days 00:00:14.034356,0.031083848754816457,0.19792234159536526,0.02573864878124018,21.8238194151492,0.01865992723176757,3.409336540094705,1.2799872130995635,1.5760640659696357,1.4186519270116476,0.036806137893585604,7.525608894878955e-06,0.9892956645209756,1188802709,1,COMPLETE
132,-1.9966365165219764,229174696.09691566,2026-07-24 10:41:01.771023,2026-07-24 10:41:11.177568,0 days 00:00:09.406545,0.6879823294950029,0.6033740761292651,0.3358491400231472,32.3047515704455,1.4500483152353658,3.329963582528146,0.40697596725457075,13.167972246713026,0.17629031224531194,0.06313675844800187,0.02307095307956225,0.714569552853752,194489917,1,COMPLETE
133,-1.9999090950411345,916670138.7442191,2026-07-24 10:41:01.771786,2026-07-24 10:41:20.208034,0 days 00:00:18.436248,0.3410502414370208,1.0434675683902128,0.015820060501107812,2.5662887615254926,0.012971797977467447,16.068905736293324,1.166280380860542,83.0119450616358,0.5429218507310587,0.00174663130685774,2.0154741260028546,0.9160499362424748,1200888232,1,COMPLETE
134,-1.9971364937957365,258832249.03236434,2026-07-24 10:41:01.774028,2026-07-24 10:41:15.804576,0 days 00:00:14.030548,0.8803117220749348,1.1866374558110517,0.24048285755796422,11.825773211620318,0.014266069884832422,14.771489492910218,1.2279574750417623,1.2325647511871287,1.0752736082338583,0.053705054872775146,1.877327756923323,1.486262582159069,1707061844,1,COMPLETE
135,-1.9997727376028362,814821673.2713604,2026-07-24 10:41:04.363917,2026-07-24 10:41:11.178438,0 days 00:00:06.814521,0.19551328618034902,0.8883219744988442,0.13060228502229543,45.55377548321763,0.13536535186003296,2.840782293123263,1.168997256896355,1.0845127972558688,1.181763946985662,0.0861677064434624,7.525608894878955e-06,0.8851245612155195,652727864,1,COMPLETE
136,-1.999818190082269,846159763.0860351,2026-07-24 10:41:04.370225,2026-07-24 10:41:15.001084,0 days 00:00:10.630859,0.5903759319503952,1.2818804796508796,0.01858074906241968,16.89969688686624,0.3664054518689887,1.9685345380356707,0.27621481813899607,1.5116861845180112,1.2142184665393063,0.0057344304586593575,7.538474794056777,0.6930705839381235,1294585270,1,COMPLETE
137,-1.9991364028907777,536596668.3739421,2026-07-24 10:41:04.964784,2026-07-24 10:41:15.799321,0 days 00:00:10.834537,0.44753458415493036,1.4458685399178135,0.016052688730285918,32.66143607667192,0.4546048086390255,29.207156357278485,0.8470298528466951,8.822344160204592,0.6748703206076352,0.013745166608019287,81.20835168243018,0.867836348420306,66180795,1,COMPLETE
138,-1.9991364028907777,536596668.3739421,2026-07-24 10:41:04.966347,2026-07-24 10:41:18.006432,0 days 00:00:13.040085,0.8803117220749348,1.1866374558110517,0.13450690068351764,7.7855479228593625,0.014266069884832422,1.8307121953570464,0.45000474872427987,1.2325647511871287,0.2550433785669272,0.053705054872775146,0.2067542158544448,0.10684329940526865,746248853,1,COMPLETE
139,-1.9997272851234036,785721938.5021963,2026-07-24 10:41:04.966895,2026-07-24 10:41:19.009045,0 days 00:00:14.042150,1.1763635479462344,1.3785746767849822,0.2105848386632321,47.858708179754586,1.1702814488153501,3.0060245213488024,0.529801107232864,78.23862882543878,0.30408687102443444,0.01309570824109437,0.34882174988138337,0.756523941610461,937843451,1,COMPLETE
140,0.25642891069826634,0.8700753876051812,2026-07-24 10:41:05.759476,2026-07-24 10:41:18.413729,0 days 00:00:12.654253,0.14880963346848636,0.3359175812961842,0.0733463795020589,11.825773211620318,0.014266069884832422,14.771489492910218,1.2279574750417623,1.2325647511871287,1.0752736082338583,0.053705054872775146,0.41466993944492236,0.10684329940526865,460817075,1,COMPLETE
141,0.6296842528247448,0.6140188811217089,2026-07-24 10:41:05.956628,2026-07-24 10:41:18.002838,0 days 00:00:12.046210,0.031083848754816457,1.1466802974446906,0.12946326805156316,5.980102187863295,0.697313721785582,3.409336540094705,0.3423928149421927,1.5760640659696357,0.42804044726284135,0.008690056230202872,0.00010848305417042369,0.9892956645209756,2110414630,1,COMPLETE
142,-1.9998636425617018,880004799.8080077,2026-07-24 10:41:05.957974,2026-07-24 10:41:19.013935,0 days 00:00:13.055961,0.5514261450575719,0.774210801328427,0.021244463130097757,21.8238194151492,0.697313721785582,1.7744030772267587,0.1513870654973452,1.04707811409731,1.4855573729697462,0.07405996153811896,0.21295367086195816,0.4077187650381053,593883018,1,COMPLETE
143,-1.9999545475205673,956523629.4074169,2026-07-24 10:41:05.962260,2026-07-24 10:41:15.799007,0 days 00:00:09.836747,1.255462047736896,1.0947611816694263,0.03226888782921362,14.676643263456446,1.3159961398415096,5.896423598693323,0.475665678834225,2.995756326765603,0.68384207258093,0.0018880880294764944,0.012389972857290652,0.44441935911160313,877308581,1,COMPLETE
144,0.6224868879341513,0.6199571256497908,2026-07-24 10:41:06.165753,2026-07-24 10:41:16.804383,0 days 00:00:10.638630,0.1808190836409076,0.6907029261787971,0.19923436437550404,14.593184104147404,0.7404616434804285,70.01848633338724,0.274087893584507,1.3655607431138594,0.6924950217641175,0.024862769921650044,5.918381421657605e-06,0.5454751537429949,2131733183,1,COMPLETE
145,-1.9997727376028362,814821673.2713604,2026-07-24 10:41:06.166270,2026-07-24 10:41:16.600072,0 days 00:00:10.433802,0.4279730117848873,1.0331692891455895,0.016022239517808318,6.3550425202921,0.94314718322175,1.5546416491421715,1.0401804980921945,24.087435798699307,0.7191588536939207,0.008659977473694888,26.437321547785217,0.9256541785746182,1832669143,1,COMPLETE
146,-1.9996818326439707,758629012.7926623,2026-07-24 10:41:06.166883,2026-07-24 10:41:19.012757,0 days 00:00:12.845874,1.4088781247559181,0.8660989506110325,0.015820735720136356,18.492935733101202,0.18234115004642426,7.683728208080386,0.8282636020557718,2.1483505012559827,0.5005540762017364,0.07421369673158196,2.3158677526213856,0.43350059942694763,74502574,1,COMPLETE
147,-1.9999545475205673,956523629.4074169,2026-07-24 10:41:06.167295,2026-07-24 10:41:17.400647,0 days 00:00:11.233352,0.14880963346848636,1.3831744132693702,0.21406125727544933,3.0176770607327468,0.38405551736676713,53.75988391708748,0.9916960778741701,4.445768679455447,0.6140274785608337,0.0012807800721836345,0.41466993944492236,0.6233140728704998,1764532444,1,COMPLETE
148,-1.9998636425617018,880004799.8080077,2026-07-24 10:41:06.167459,2026-07-24 10:41:15.807531,0 days 00:00:09.640072,0.9759755479765475,1.0947611816694263,0.027486852662763284,15.86914443767458,1.3159961398415096,5.896423598693323,0.475665678834225,55.06243639856055,0.1202487978708009,0.002477005422029923,0.012389972857290652,1.2664131421463263,502381220,1,COMPLETE
149,-1.9999090950411345,916670138.7442191,2026-07-24 10:41:06.168196,2026-07-24 10:41:16.602288,0 days 00:00:10.434092,0.4279730117848873,0.5484719928853692,0.14666461509082165,11.755270553670531,1.100658246034985,7.8900451215137695,1.0401804980921945,24.087435798699307,0.7120859203381074,0.00460520315624777,4.838126438901553,0.9772911476328456,125204183,1,COMPLETE
150,-1.9997727376028362,814821673.2713604,2026-07-24 10:41:06.168705,2026-07-24 10:41:29.010760,0 days 00:00:22.842055,1.1763635479462344,1.0631454417271462,0.3358491400231472,37.61869298533767,0.7297816853832281,1.329480103820863,0.5317739909966444,13.167972246713026,0.2623249399802794,0.0020884847278803687,0.34882174988138337,0.6784777789437191,1837539164,1,COMPLETE
151,-1.9995909276851052,709686784.2972808,2026-07-24 10:41:06.169099,2026-07-24 10:41:15.808049,0 days 00:00:09.638950,1.2916851163008187,1.4458685399178135,0.2702270738276205,32.66143607667192,0.4546048086390255,3.2132558124270854,1.4317135472818199,2.788937491196416,0.6335380971673386,0.017708333325962253,1.8399247690615476e-05,0.05557259909815454,604267306,1,COMPLETE
152,-1.9999090950411345,916670138.7442191,2026-07-24 10:41:06.169886,2026-07-24 10:41:17.405788,0 days 00:00:11.235902,0.8271318967510151,0.05135350168811498,0.6867437463694425,19.193164553169026,1.498994641380065,71.78600174860024,0.45778796761317564,46.18058952416529,0.2689850323184783,0.04543742729651811,0.13212952784641208,1.150642205123984,1970642945,1,COMPLETE
153,-1.9997272851234036,785721938.5021963,2026-07-24 10:41:06.170507,2026-07-24 10:41:19.006156,0 days 00:00:12.835649,0.5903759319503952,1.1466802974446906,0.01858074906241968,26.44114886006198,1.2549954019701903,1.9685345380356707,0.27621481813899607,1.5116861845180112,0.42804044726284135,0.0057344304586593575,7.538474794056777,0.6930705839381235,630487793,1,COMPLETE
154,0.37025240978280904,0.800716712145813,2026-07-24 10:41:06.170647,2026-07-24 10:41:12.803636,0 days 00:00:06.632989,0.627461776078408,0.6907029261787971,0.19923436437550404,14.593184104147404,1.4879532888373095,3.9387565883922657,0.274087893584507,61.4265312814515,0.6924950217641175,0.024862769921650044,5.918381421657605e-06,0.6236825401065158,932688237,1,COMPLETE
155,-1.9999090950411345,916670138.7442191,2026-07-24 10:41:06.171313,2026-07-24 10:41:18.008595,0 days 00:00:11.837282,1.3288399925737797,0.02056381015545461,0.16958174572904894,40.416981502841544,0.3633012813989894,3.946096907016245,1.1710169975965294,49.736093015336856,0.4555810703782062,0.002814092140590144,6.824396400095403,1.2812275646768527,1421454890,1,COMPLETE
156,-1.998136448343257,349216679.1003318,2026-07-24 10:41:06.173358,2026-07-24 10:41:22.200761,0 days 00:00:16.027403,0.14880963346848636,1.3831744132693702,0.16958174572904894,27.445883658452644,0.3633012813989894,28.32628060104903,0.3077676910164447,4.445768679455447,0.8024149405823837,0.023268925660107284,0.41466993944492236,0.6233140728704998,271185813,1,COMPLETE
157,0.5593114021448886,0.6698252930947592,2026-07-24 10:41:07.777612,2026-07-24 10:41:21.800629,0 days 00:00:14.023017,1.2916851163008187,0.8660989506110325,0.2702270738276205,18.492935733101202,0.18234115004642426,1.869994321443453,0.8327207698774666,2.1483505012559827,0.6754393416135754,0.017708333325962253,7.340385107032305,1.0602033088900988,1196217437,1,COMPLETE
158,-1.9920458160992682,111679636.14397895,2026-07-24 10:41:08.379654,2026-07-24 10:41:21.799678,0 days 00:00:13.420024,0.6281052593507204,0.580574309130801,0.2105848386632321,18.492935733101202,1.1702814488153501,3.0060245213488024,1.1370663045337541,78.23862882543878,0.7029220456807705,0.01309570824109437,7.340385107032305,0.1377809999832056,1084512517,1,COMPLETE
159,-1.9980455433843916,338471715.8197566,2026-07-24 10:41:08.384442,2026-07-24 10:41:16.802427,0 days 00:00:08.417985,0.6279082135680656,1.0877321342743427,0.2894231112216908,40.2387320658447,0.7354101069467749,7.720551362434665,1.2827235905531913,7.3664800535463835,0.08999356936404818,0.008308185362952714,0.5331458659089807,1.1812507201378106,1683408584,1,COMPLETE
160,-1.997636471069497,297306793.1514439,2026-07-24 10:41:08.385391,2026-07-24 10:41:19.808431,0 days 00:00:11.423040,0.031083848754816457,0.835904965014609,0.2105848386632321,44.33367691178546,0.697313721785582,3.409336540094705,0.529801107232864,78.23862882543878,1.4186519270116476,0.07405996153811896,4.821806359184706e-05,0.1377809999832056,2139123293,1,COMPLETE
161,-1.9995000227262396,666676767.3706858,2026-07-24 10:41:09.379764,2026-07-24 10:41:14.206955,0 days 00:00:04.827191,1.1763635479462344,1.0631454417271462,0.3358491400231472,47.858708179754586,0.14149089592966996,1.1595336886451757,0.40697596725457075,13.167972246713026,0.30408687102443444,0.05265926251215444,0.0009870911546957905,0.756523941610461,1426602463,1,COMPLETE
162,-1.9999545475205673,956523629.4074169,2026-07-24 10:41:09.381043,2026-07-24 10:41:17.405554,0 days 00:00:08.024511,0.5725448541780505,0.7945524126769878,0.09845851447028271,5.7426690491236325,0.04371556627505696,14.114373489899465,1.385009581063626,36.527115387875696,1.1330639237888191,0.0014998606513049295,26.71593130612418,0.043797197953608424,878721193,1,COMPLETE
163,0.21576090813069204,0.8935520986820472,2026-07-24 10:41:09.382035,2026-07-24 10:41:22.203402,0 days 00:00:12.821367,1.149632063794864,1.1866374558110517,0.13450690068351764,3.0175775858968965,0.6670854385670901,1.8307121953570464,1.1381082391911164,30.024183540171194,0.5984881684569965,0.09257921222101842,7.289898148862715e-05,0.06907846645989718,872709139,1,COMPLETE
164,-1.9999545475205673,956523629.4074169,2026-07-24 10:41:09.583599,2026-07-24 10:41:23.208975,0 days 00:00:13.625376,0.7743262318037468,0.8883219744988442,0.05857172559043701,8.986345827952285,1.4946157238824715,21.075992936136828,1.2799872130995635,12.397634606235808,1.181763946985662,0.0016438380684770757,7.525608894878955e-06,0.8851245612155195,897559571,1,COMPLETE
165,-1.9999090950411345,916670138.7442191,2026-07-24 10:41:09.584398,2026-07-24 10:41:26.407813,0 days 00:00:16.823415,0.9759755479765475,0.19792234159536526,0.02573864878124018,15.86914443767458,0.697313721785582,3.409336540094705,0.1513870654973452,1.5760640659696357,0.1202487978708009,0.0018880880294764944,0.012389972857290652,1.2664131421463263,1748095464,1,COMPLETE
166,-1.9998636425617018,880004799.8080077,2026-07-24 10:41:09.585545,2026-07-24 10:41:20.211219,0 days 00:00:10.625674,0.5725448541780505,0.7945524126769878,0.09845851447028271,29.03473492508952,0.04371556627505696,17.40739595910006,1.385009581063626,1.04707811409731,1.4855573729697462,0.033555286820688465,1.2038921509101313e-05,0.043797197953608424,689805532,1,COMPLETE
167,-1.9999545475205673,956523629.4074169,2026-07-24 10:41:09.588822,2026-07-24 10:41:20.009065,0 days 00:00:10.420243,0.8803117220749348,0.09647325058111911,0.15565034679325304,11.825773211620318,1.358685865079151,50.51588253715879,0.3668893348300462,8.822344160204592,1.0752736082338583,0.005006071035130797,1.877327756923323,0.10684329940526865,358571614,1,COMPLETE
168,-1.9997727376028362,814821673.2713604,2026-07-24 10:41:09.589851,2026-07-24 10:41:19.807169,0 days 00:00:10.217318,0.8165483887789622,0.580574309130801,0.2105848386632321,32.3047515704455,1.4500483152353658,3.0060245213488024,0.529801107232864,78.23862882543878,0.17629031224531194,0.011244355601018117,0.005682399463134854,0.714569552853752,717885406,1,COMPLETE
169,-1.999636380164538,733342221.9259357,2026-07-24 10:41:09.983741,2026-07-24 10:41:19.011498,0 days 00:00:09.027757,1.149632063794864,1.0544494634476622,0.5018735260241564,14.356624858452424,0.8835430326614484,20.999599862240622,1.1381082391911164,1.749077541424842,0.573377931058048,0.09257921222101842,7.289898148862715e-05,0.2819557896604605,48773805,1,COMPLETE
170,-1.9999545475205673,956523629.4074169,2026-07-24 10:41:09.985155,2026-07-24 10:41:24.201251,0 days 00:00:14.216096,1.3664040994975821,0.5212172394825294,0.016022239517808318,23.997818328280008,0.07896721803580359,1.5546416491421715,1.495112634010622,3.283725822267069,1.0584948920975215,0.002415195358402821,0.020860051396878188,0.9256541785746182,227939460,1,COMPLETE
171,-1.9999545475205673,956523629.4074169,2026-07-24 10:41:10.183566,2026-07-24 10:41:21.799096,0 days 00:00:11.615530,1.3288399925737797,0.8883219744988442,0.9675671890297193,45.55377548321763,0.13536535186003296,11.849618591963038,0.3077676910164447,1.0845127972558688,1.2233184464457707,0.023268925660107284,7.525608894878955e-06,0.23049810644370183,1656896191,1,COMPLETE
172,-1.9999545475205673,956523629.4074169,2026-07-24 10:41:10.183836,2026-07-24 10:41:24.200600,0 days 00:00:14.016764,1.0959149400380543,1.190076038257685,0.05573402574289241,21.69693982318498,0.11274900987771125,46.77396029134894,0.21442594561231615,1.749077541424842,1.2513889448166629,0.0016144004457034327,6.824396400095403,0.23049810644370183,193376308,1,COMPLETE
