number,values_0,values_1,datetime_start,datetime_complete,duration,params_c_val,params_input_force,params_k_between_val,params_k_wall_val,params_m_val,params_ridge_alpha,user_attrs_duration_sec,system_attrs_NSGAIISampler:generation,state
0,9.561613946957838,1.459059692807,2026-10-05 22:29:28.241541,2026-10-05 22:32:43.902089,0 days 00:03:15.660548,0.6694068394588105,25.329312270225373,70.05202376689236,45.23249741038542,0.012685540993595874,6.8021204586759526e-06,195.6604432570748,0,COMPLETE
1,0.9175112181310523,1.189232566517386,2026-10-05 22:29:28.247410,2026-10-05 22:32:45.675163,0 days 00:03:17.427753,0.017347328330532603,36.354493740488195,31.816660657495607,23.20428366159563,0.03417598398307608,0.001575560144616272,197.4276968119666,0,COMPLETE
2,16.716180995364986,1.5374097573086112,2026-10-05 22:29:28.254494,2026-10-05 22:32:44.925508,0 days 00:03:16.671014,0.6340978409659568,23.06401334499958,26.64234844916475,1.7346301322712956,0.02162336587900328,1.4541354883576693e-05,196.67094969563186,0,COMPLETE
3,2.142364275055243,1.2263808132725056,2026-10-05 22:29:28.276313,2026-10-05 22:32:45.460354,0 days 00:03:17.184041,0.13426227847278502,40.27327238503303,6.05664349424361,51.05446542059217,0.07199067389493871,0.007148188577324705,197.1839832472615,0,COMPLETE
4,3.3572583313605846,1.2441744955354794,2026-10-05 22:29:28.288127,2026-10-05 22:32:43.535477,0 days 00:03:15.247350,0.9797961122031577,27.126310754380818,1.3794896327063577,3.0482649459789117,0.008562957565895368,0.3132831678828008,195.24728530459106,0,COMPLETE
5,1.6452808146744282,1.1585278975503859,2026-10-05 22:29:28.293850,2026-10-05 22:32:42.659540,0 days 00:03:14.365690,0.014067074949510767,40.10926700020991,4.6206928082367495,19.86379278045476,0.028102610155023883,1.2420348091425933e-05,194.3656090241857,0,COMPLETE
6,,,2026-10-05 22:29:28.301434,2026-10-05 22:29:31.768781,0 days 00:00:03.467347,0.605560247750181,8.571752521214632,1.1813887504678289,1.250761414329746,0.0012911404735276382,,,0,PRUNED
7,2.2328164933289307,1.367925830894706,2026-10-05 22:29:28.317784,2026-10-05 22:32:44.344139,0 days 00:03:16.026355,0.21713116840030094,49.90909249942818,1.7983039951358788,4.406860764608146,0.012698778346916247,9.953299304452506e-05,196.02626983029768,0,COMPLETE
8,2.360119692722713,1.2361956560233724,2026-10-05 22:29:28.324204,2026-10-05 22:32:45.755555,0 days 00:03:17.431351,0.07364807978078362,30.29928916467255,2.664765707034278,6.942360880436369,0.06750037318928369,0.0026518744080891994,197.43129158718511,0,COMPLETE
9,9.416695632899007,1.1794793106742867,2026-10-05 22:29:28.340096,2026-10-05 22:32:42.712026,0 days 00:03:14.371930,0.3010483887328207,14.74036685139989,5.89911207206678,4.744148441493743,0.03646387030328312,0.4345837063208467,194.37189269205555,0,COMPLETE
10,0.5564321839042767,1.2374191277130855,2026-10-05 22:29:28.353473,2026-10-05 22:32:43.875388,0 days 00:03:15.521915,0.0255872825477144,12.108857365059816,1.0889388524660135,90.21632901436399,0.0773518100690306,0.0005117172200590084,195.52180196531117,0,COMPLETE
11,3.621078076756004,1.2354166725899254,2026-10-05 22:29:28.361149,2026-10-05 22:32:42.852578,0 days 00:03:14.491429,0.02473311274361121,22.466306631247775,7.950566656799724,3.0262177067762117,0.010793009945261254,0.0006162174468567299,194.49134525796399,0,COMPLETE
12,8.779642817265211,1.3547963781950787,2026-10-05 22:29:28.374320,2026-10-05 22:32:43.188509,0 days 00:03:14.814189,0.6158920538875647,32.472250544209096,60.195909495190776,71.08922319933264,0.07868754082697735,0.14584653646846893,194.81410272000358,0,COMPLETE
13,15.781057422162377,1.1764601504903935,2026-10-05 22:29:28.385386,2026-10-05 22:32:43.924345,0 days 00:03:15.538959,0.03956980307149443,19.184859821154202,32.81384346977326,6.447921677162489,0.04439454087692003,24.44119780917193,195.53888124180958,0,COMPLETE
14,6.628736801734666,1.2959532084515148,2026-10-05 22:29:28.403560,2026-10-05 22:32:44.722225,0 days 00:03:16.318665,0.02635866225485205,3.631943671574619,1.4850585575127018,1.9382491942912925,0.016296052803658152,4.434398246926639e-06,196.31859447294846,0,COMPLETE
15,2.4830651862449105,1.7498356566462068,2026-10-05 22:29:28.410320,2026-10-05 22:32:42.304406,0 days 00:03:13.894086,0.27769381264491616,48.33975918581097,2.1950800131701995,2.0365668729883186,0.007047085291548356,0.04457921763003527,193.8939943620935,0,COMPLETE
16,3.399881878088613,1.9700115926738806,2026-10-05 22:29:28.434165,2026-10-05 22:32:43.929571,0 days 00:03:15.495406,0.9757825251787187,2.5040354813909484,2.778595072933293,24.488218084458445,0.002926544101475237,0.16304836574987222,195.49533558962867,0,COMPLETE
17,0.06934965907966782,1.190586374149274,2026-10-05 22:29:28.446780,2026-10-05 22:32:44.670786,0 days 00:03:16.224006,0.776132437477779,1.616580167987002,86.4821406265334,32.62876729478423,0.0024865505966461085,21.841200539012455,196.22393691027537,0,COMPLETE
18,4.627522110198541,1.348363765072243,2026-10-05 22:29:28.460879,2026-10-05 22:32:42.047785,0 days 00:03:13.586906,0.5860847134999199,4.9764699187533346,1.1026275857056203,4.319720403686458,0.014590594401172873,1.002920563625423e-06,193.58681076811627,0,COMPLETE
19,4.442474553338829,3.6871877589839315,2026-10-05 22:29:28.466217,2026-10-05 22:32:43.218901,0 days 00:03:14.752684,0.8060735269943076,6.182384614447007,1.682343731942699,62.461790041264805,0.005062149382357268,0.0004444281900108684,194.7525987541303,0,COMPLETE
20,3.45159350762451,1.550359339835135,2026-10-05 22:29:28.477716,2026-10-05 22:32:45.648992,0 days 00:03:17.171276,0.017190465890241435,11.618521178004755,1.422368987707499,3.613049712542506,0.0021184591332697677,0.00013524264740193975,197.17119404580444,0,COMPLETE
21,,,2026-10-05 22:29:28.506704,2026-10-05 22:29:33.015659,0 days 00:00:04.508955,0.04074186052075123,42.20328864703342,14.098977937366199,49.07039240641343,0.0018888108222497636,,,0,PRUNED
22,4.898705482618183,2.7651224712664515,2026-10-05 22:29:28.523812,2026-10-05 22:32:45.184472,0 days 00:03:16.660660,0.4682376133598275,35.06765598265202,12.94105385870419,36.613701078304686,0.0016174295767056933,0.01102579579538818,196.66059485077858,0,COMPLETE
23,13.073233611726755,4.493660159242286,2026-10-05 22:29:28.541808,2026-10-05 22:32:43.973087,0 days 00:03:15.431279,0.9507718998208123,15.09508643861439,82.0775984817301,35.224881349270014,0.03511184505385354,3.4201184399354365,195.43120156088844,0,COMPLETE
24,,,2026-10-05 22:29:28.546543,2026-10-05 22:29:33.474701,0 days 00:00:04.928158,0.20194310635699245,23.05958345546438,29.30119312528908,1.510449046124016,0.0010858643020780114,,,0,PRUNED
25,,,2026-10-05 22:29:28.564829,2026-10-05 22:29:33.638109,0 days 00:00:05.073280,0.4608674942161256,33.19560881328769,98.25045861797737,13.468970194313293,0.0015687587987920075,,,0,PRUNED
26,1.302303858771416,1.1249410696575806,2026-10-05 22:29:28.569556,2026-10-05 22:32:45.031593,0 days 00:03:16.462037,0.012364253927943976,7.5924118668708305,1.3375142003684797,2.001976883785638,0.06377371440846184,0.0005831064848864036,196.46197289321572,0,COMPLETE
27,3.437452151552653,3.094130282329914,2026-10-05 22:29:28.587629,2026-10-05 22:32:45.298653,0 days 00:03:16.711024,0.12883311653277915,31.826175627284993,4.9179048976815265,10.263961265964218,0.0010293403878307524,0.002195688124403583,196.710960380733,0,COMPLETE
28,2.3312303920134125,1.2688312111799762,2026-10-05 22:29:28.609719,2026-10-05 22:32:45.633939,0 days 00:03:17.024220,0.02874784681204798,43.29443547446531,24.37329711193646,1.6456622269460834,0.031459899157257026,2.9965887896412093,197.02415981097147,0,COMPLETE
29,6.35188400385304,5.537343086559173,2026-10-05 22:29:28.627800,2026-10-05 22:32:45.359489,0 days 00:03:16.731689,0.818821772212132,16.146259577806894,28.078653082812675,34.89672399337872,0.020091391420690184,0.0001699956272948505,196.7316333730705,0,COMPLETE
30,,,2026-10-05 22:29:28.644825,2026-10-05 22:29:34.201537,0 days 00:00:05.556712,0.9544757344739813,30.444582935824705,57.787641663121136,8.062182037701437,0.001222761184148984,,,0,PRUNED
31,3.1107897255176935,1.199223049716777,2026-10-05 22:29:28.649471,2026-10-05 22:32:44.622088,0 days 00:03:15.972617,0.041851890248595675,19.348229771255358,1.5101888638376288,2.4221414002250095,0.01716879969661692,8.855813474761682e-06,195.97254709200934,0,COMPLETE
32,1.9375313820064861,1.182226776999011,2026-10-05 22:29:28.666818,2026-10-05 22:32:43.518674,0 days 00:03:14.851856,0.01770310189785215,31.537580782140285,5.02027031063628,19.33995299887614,0.021871661215703397,0.005794687275811203,194.85177763318643,0,COMPLETE
33,,,2026-10-05 22:29:28.671528,2026-10-05 22:29:34.727979,0 days 00:00:06.056451,0.01959962922203692,30.266503984469814,82.92021980252662,13.562568939409092,0.00209152254090069,,,0,PRUNED
34,5.158260757527194,1.1995624216873533,2026-10-05 22:29:28.689619,2026-10-05 22:32:43.908502,0 days 00:03:15.218883,0.015551573180132887,45.655159379113805,3.11691844933159,2.6958809420008842,0.004208571062236484,23.457831905996915,195.2187584619969,0,COMPLETE
35,18.976622398538517,1.809527759833049,2026-10-05 22:29:28.706802,2026-10-05 22:32:44.964481,0 days 00:03:16.257679,0.631386814203839,4.341356696810652,23.79858326015333,1.0526614146042854,0.05578132883382245,6.866073952978057e-06,196.25761721935123,0,COMPLETE
36,11.309837729131205,1.3118518204686245,2026-10-05 22:29:28.723732,2026-10-05 22:32:44.510138,0 days 00:03:15.786406,0.17955344925999647,16.405791085355556,7.7146533498585965,4.883913511857413,0.021106314029701968,1.332125650324361,195.78632115991786,0,COMPLETE
37,2.5144322992375563,1.332102814536607,2026-10-05 22:29:28.742157,2026-10-05 22:32:45.572208,0 days 00:03:16.830051,0.17661851780455787,33.21302474320786,4.246420050316613,80.98933373231463,0.009254044534023927,2.9919008627118724,196.82999471295625,0,COMPLETE
38,4.26455142934244,2.0574349258769407,2026-10-05 22:29:28.759803,2026-10-05 22:32:42.711894,0 days 00:03:13.952091,0.22651520458796282,33.33269449195637,9.950108579387077,51.88317899388486,0.006302051928731999,2.8002418200073298e-06,193.9520135531202,0,COMPLETE
39,1.4126869918941494,1.2596111604860782,2026-10-05 22:29:28.764509,2026-10-05 22:32:45.744525,0 days 00:03:16.980016,0.06190494247835861,3.854095389873702,1.442369798669184,20.97006414746927,0.0075835806115946095,0.0007379781216100993,196.9799311151728,0,COMPLETE
40,6.462965526752209,2.2866048190384887,2026-10-05 22:29:28.781825,2026-10-05 22:32:43.602510,0 days 00:03:14.820685,0.4403363744446619,41.53116645128944,4.9388495959965635,6.759065400932541,0.0029410544700546122,0.009993602178201244,194.82055923203006,0,COMPLETE
41,10.06192189770982,1.1587464845617261,2026-10-05 22:29:28.798818,2026-10-05 22:32:44.641498,0 days 00:03:15.842680,0.01699588803713492,1.6566955288260434,6.704594785304872,28.909102854045695,0.019020456993033,5.535583586573663e-05,195.84260442573577,0,COMPLETE
42,,,2026-10-05 22:29:28.817819,2026-10-05 22:29:35.656863,0 days 00:00:06.839044,0.013843650697392441,32.9462384377226,82.79583276232206,21.47623845061494,0.006049208575181079,,,0,PRUNED
43,3.617061261851916,1.2167136961501877,2026-10-05 22:29:28.822408,2026-10-05 22:32:44.619650,0 days 00:03:15.797242,0.26128767459736685,49.85252393632668,6.88884762171937,1.8232178052173913,0.09667054009606618,0.011828051248496892,195.79716258309782,0,COMPLETE
44,3.699348876277328,1.2506251962552248,2026-10-05 22:29:28.839745,2026-10-05 22:32:44.930779,0 days 00:03:16.091034,0.18247657969562572,5.077649801252621,2.554735166543439,6.546860346900742,0.04010967731022723,0.38750529178309495,196.0909667890519,0,COMPLETE
45,4.398405571308295,1.3795910025381253,2026-10-05 22:29:28.859422,2026-10-05 22:32:45.737478,0 days 00:03:16.878056,0.4858343369143886,26.815320933258963,13.645483965425237,39.83309244063278,0.010809782390339105,0.20563908861640365,196.87798557570204,0,COMPLETE
46,13.766750864260473,1.329216152766131,2026-10-05 22:29:28.878269,2026-10-05 22:32:44.066533,0 days 00:03:15.188264,0.38738889732073145,32.928160460658326,13.93459561581936,4.454710094893465,0.04162528497704193,0.17263784514679595,195.18817461188883,0,COMPLETE
47,5.5251504150403585,1.3681373952186047,2026-10-05 22:29:28.900721,2026-10-05 22:32:45.553517,0 days 00:03:16.652796,0.17424613924928806,49.24652098517408,12.837982700660936,5.300688202958445,0.0257089950369613,0.3615867985768084,196.65273577393964,0,COMPLETE
48,2.199654257596828,1.2441335603303028,2026-10-05 22:29:28.917974,2026-10-05 22:32:45.205840,0 days 00:03:16.287866,0.02911516585996338,32.8389148460087,28.4248392599453,7.067393800300533,0.003411400375341795,6.649529583100468,196.28780219284818,0,COMPLETE
49,3.482269322124619,1.3646547764298798,2026-10-05 22:29:28.935072,2026-10-05 22:32:45.354484,0 days 00:03:16.419412,0.013066599580079582,14.62332693738332,1.8785743388058533,2.851958255887874,0.0034423110836595315,59.27857409332898,196.4193529561162,0,COMPLETE
50,17.767148608746577,1.5287467996496171,2026-10-05 22:29:28.952795,2026-10-05 22:32:42.628122,0 days 00:03:13.675327,0.5673708591387866,12.57516041237934,38.27537516634417,2.089529534537367,0.019350039476927598,0.00014899536369256377,193.6751911630854,0,COMPLETE
51,3.649835661421924,2.4582660994941947,2026-10-05 22:29:28.957724,2026-10-05 22:32:45.464462,0 days 00:03:16.506738,0.12733315952482382,43.656731997273425,8.218602120263375,2.5063350862039337,0.0015089192809775707,0.006331500531549445,196.5066817640327,0,COMPLETE
52,5.073010014824935,1.1212794781893716,2026-10-05 22:29:28.974819,2026-10-05 22:32:45.039103,0 days 00:03:16.064284,0.08276780182353911,11.468627812766622,2.030822655598675,1.935361178994929,0.08292878776317465,2.4043795348338676e-05,196.06422317493707,0,COMPLETE
53,14.804400112783165,1.260148103824191,2026-10-05 22:29:28.979257,2026-10-05 22:32:42.112066,0 days 00:03:13.132809,0.09208338228965501,30.906014390823486,41.85405268746474,22.084391514630614,0.02803380162551928,0.040762403884235444,193.13272311305627,0,COMPLETE
54,19.337654393716342,2.4211371381246067,2026-10-05 22:29:28.996808,2026-10-05 22:32:44.175081,0 days 00:03:15.178273,0.09648121292191338,13.315817372701664,8.809546064075061,1.0335909425483594,0.005188694522938344,0.0003552387841351482,195.17817993601784,0,COMPLETE
55,5.586487551128961,1.5531923166208736,2026-10-05 22:29:29.020383,2026-10-05 22:32:45.248708,0 days 00:03:16.228325,0.03830055567751853,17.848253544528177,6.440485526295389,4.03089966079134,0.0019357238835270775,0.20438527593994138,196.22825874807313,0,COMPLETE
56,13.613803578870113,1.212482383120716,2026-10-05 22:29:29.025066,2026-10-05 22:32:45.669873,0 days 00:03:16.644807,0.332275160388348,23.989784534265052,5.028982700782918,1.512949673670016,0.03910857596256943,5.082228400890169e-05,196.64473615819588,0,COMPLETE
57,2.355097339078454,1.2525962041249685,2026-10-05 22:29:29.044736,2026-10-05 22:32:43.776523,0 days 00:03:14.731787,0.12246284127471442,39.82613456576851,3.6993557646791513,63.129506796563724,0.007469878189452332,3.295822636218205,194.7316033449024,0,COMPLETE
58,7.671213919248013,1.5439081509352612,2026-10-05 22:29:29.069002,2026-10-05 22:32:45.556799,0 days 00:03:16.487797,0.46006971899813914,24.220321837967134,25.18055464903838,24.365037766839805,0.011071823714052728,0.48395413844457397,196.48773491568863,0,COMPLETE
59,2.863675108306994,1.268778970235012,2026-10-05 22:29:29.073736,2026-10-05 22:32:45.191333,0 days 00:03:16.117597,0.4023596748882975,30.16794710162258,1.2642260720057232,15.024678671563915,0.09910031758028955,19.64258312345499,196.11753502115607,0,COMPLETE
60,2.672154005578745,1.6082673083032704,2026-10-05 22:29:29.090851,2026-10-05 22:32:44.876554,0 days 00:03:15.785703,0.1469464216642354,34.55352220669071,1.6407789818454166,10.143788886348277,0.007360326057205822,2.5595825087790565e-05,195.78556586802006,0,COMPLETE
61,0.8394178589493405,1.2459755076077463,2026-10-05 22:29:29.110307,2026-10-05 22:32:41.784946,0 days 00:03:12.674639,0.04759643642026386,45.41185552303102,1.795734364317942,18.732023913143323,0.09132233509819825,0.009641946183882274,192.67453229893,0,COMPLETE
62,8.633158181920532,1.204809125963002,2026-10-05 22:29:29.127808,2026-10-05 22:32:43.461915,0 days 00:03:14.334107,0.034374885431915844,10.578424189484029,40.26360750290663,46.398348657735326,0.017888974712306323,5.763195093376263,194.33402279112488,0,COMPLETE
63,,,2026-10-05 22:29:29.132525,2026-10-05 22:29:39.373126,0 days 00:00:10.240601,0.2049350972329059,40.297762955910606,50.509657436358324,2.4398320510538603,0.0017463355655221305,,,0,PRUNED
64,,,2026-10-05 22:29:31.904718,2026-10-05 22:29:32.188675,0 days 00:00:00.283957,0.030032799191892615,46.33157925067884,36.28302571115373,10.426245093883098,0.001298095598333058,,,0,PRUNED
65,2.3206154551639684,1.2597072923645296,2026-10-05 22:29:32.344697,2026-10-05 22:32:43.427464,0 days 00:03:11.082767,0.2688873407659325,32.38385196326838,2.2373164836485238,48.688809142272426,0.026187690101217926,3.9587337527234165e-06,191.0826692841947,0,COMPLETE
66,19.902932715428612,2.469187162277196,2026-10-05 22:29:33.292848,2026-10-05 22:32:45.328052,0 days 00:03:12.035204,0.1636370812151922,21.19731004474148,17.81871953889923,1.0277284719897095,0.005185678459192341,0.002554996313046934,192.03514264710248,0,COMPLETE
67,17.604029673491837,1.9569854670539806,2026-10-05 22:29:33.685686,2026-10-05 22:32:45.384376,0 days 00:03:11.698690,0.3194939989615852,45.40154625234949,70.88088508038214,28.502111401354032,0.030554266378919528,1.0484543957080112e-06,191.69862642185763,0,COMPLETE
68,3.246936292882274,1.2564877117199273,2026-10-05 22:29:33.916850,2026-10-05 22:32:43.531908,0 days 00:03:09.615058,0.19529067355143515,38.53275203019785,5.098205913654214,26.096352205562866,0.06868778869988318,0.006037126118885252,189.61498190369457,0,COMPLETE
69,15.052846608363405,1.3441083043517366,2026-10-05 22:29:34.576839,2026-10-05 22:32:44.004297,0 days 00:03:09.427458,0.1823845660345404,42.74206134829665,57.19970949772748,36.71417518039674,0.030526370953716075,0.016077704475793927,189.4273814568296,0,COMPLETE
70,,,2026-10-05 22:29:34.975696,2026-10-05 22:29:35.449684,0 days 00:00:00.473988,0.031011700024421152,8.556524247434943,18.891429730227713,2.553023109779846,0.0014953763937061324,,,0,PRUNED
71,1.0997336675817386,1.2500579339969742,2026-10-05 22:29:36.153017,2026-10-05 22:32:44.705483,0 days 00:03:08.552466,0.10014304445343636,35.00828944915384,1.2240384062107288,76.41671499769377,0.056537988904100146,0.0436535657203422,188.5523871523328,0,COMPLETE
72,10.579022762889334,1.3237071505875715,2026-10-05 22:29:36.324689,2026-10-05 22:32:44.905863,0 days 00:03:08.581174,0.02726909788106104,11.683986683430637,50.36328904557487,31.015439911250986,0.0065624086919871885,0.00022550027250285636,188.58109767502174,0,COMPLETE
73,0.6911880161542708,1.1947276998020953,2026-10-05 22:29:39.583694,2026-10-05 22:32:45.641643,0 days 00:03:06.057949,0.019786710631964945,40.64719851971666,2.170624759416021,59.582935254340036,0.04562851384134559,70.83689582735215,186.05785844894126,0,COMPLETE
