Job started at: 2026/07/24_02-24-20
[I 2026-07-24 02:24:26,939] A new study created in RDB with name: reservoir_job_435715
[Optuna] Trial #0 executing on GPU 0...[Optuna] Trial #1 executing on GPU 1...[Optuna] Trial #3 executing on GPU 3...[Optuna] Trial #2 executing on GPU 2...[I 2026-07-24 02:24:38,250] Trial 0 finished with values: [-1.9998636425617018, 880004799.8080077] and parameters: {'input_force': 34.560791733182676, 'm_val': 0.0417389896360827, 'm_spread': 1.3571707163337756, 'c_val': 0.033199000398259945, 'c_spread': 0.6173255092568333, 'k_wall_val': 71.34916418772164, 'k_wall_spread': 0.2445224084238234, 'k_between_val': 23.05899493253659, 'k_between_spread': 0.6492335128223533, 'wall_rest_spread': 0.8447553739581066, 'between_rest_spread': 0.9125665196798518, 'ridge_alpha': 0.001378791307613017}.
[Optuna] Trial #4 executing on GPU 0...[I 2026-07-24 02:24:38,344] Trial 1 finished with values: [-1.9999545475205673, 956523629.4074169] and parameters: {'input_force': 45.748562356690215, 'm_val': 0.0012870168890033549, 'm_spread': 0.4674649250005932, 'c_val': 0.07157434694221466, 'c_spread': 0.5246488351591624, 'k_wall_val': 4.109001438070275, 'k_wall_spread': 0.6542248101448958, 'k_between_val': 5.495337991382403, 'k_between_spread': 0.6353731691057316, 'wall_rest_spread': 1.2233665500972504, 'between_rest_spread': 0.595299986677629, 'ridge_alpha': 13.032009948715631}.
[Optuna] Trial #5 executing on GPU 1...[I 2026-07-24 02:24:38,466] Trial 2 finished with values: [0.11118209986521232, 0.9512661258892576] and parameters: {'input_force': 30.605878631212754, 'm_val': 0.04914755373335481, 'm_spread': 0.013026606958444875, 'c_val': 0.06299358401418502, 'c_spread': 0.464381814080918, 'k_wall_val': 7.578611121413699, 'k_wall_spread': 0.18276468669524815, 'k_between_val': 89.59579524832074, 'k_between_spread': 0.6157151966075476, 'wall_rest_spread': 1.3908642731810619, 'between_rest_spread': 0.326032468476676, 'ridge_alpha': 0.021908951198333127}.
[Optuna] Trial #6 executing on GPU 2...[I 2026-07-24 02:24:38,553] Trial 3 finished with values: [-1.5836098359165494, 2395839.878488525] and parameters: {'input_force': 17.062657829271647, 'm_val': 0.05769945254089798, 'm_spread': 0.4263354955867459, 'c_val': 0.05525210474931028, 'c_spread': 0.8240887748901324, 'k_wall_val': 5.441011797408068, 'k_wall_spread': 0.41488248336131905, 'k_between_val': 15.71926748722764, 'k_between_spread': 0.1298843957460129, 'wall_rest_spread': 0.6329484097445772, 'between_rest_spread': 0.7729070724911706, 'ridge_alpha': 80.81576462321674}.
[Optuna] Trial #7 executing on GPU 3...[I 2026-07-24 02:24:46,600] Trial 5 finished with values: [-1.9991818553702105, 550011249.718757] and parameters: {'input_force': 9.676395917043779, 'm_val': 0.056503688645020915, 'm_spread': 0.4132914246651987, 'c_val': 0.010613553655764385, 'c_spread': 0.0786703967675556, 'k_wall_val': 32.77900524880296, 'k_wall_spread': 0.35402978887999104, 'k_between_val': 3.6661907060038, 'k_between_spread': 0.7549559584103073, 'wall_rest_spread': 0.8380413063376564, 'between_rest_spread': 1.3915365838480147, 'ridge_alpha': 8.979477137118824}.
[Optuna] Trial #8 executing on GPU 0...[I 2026-07-24 02:24:46,680] Trial 4 finished with values: [-1.9965456115631108, 224497709.2070489] and parameters: {'input_force': 27.074633936331775, 'm_val': 0.02208054674282053, 'm_spread': 0.16809878382080545, 'c_val': 0.01688488833204097, 'c_spread': 1.4315142230063806, 'k_wall_val': 41.70369684121423, 'k_wall_spread': 0.1267956614549623, 'k_between_val': 11.403795718166279, 'k_between_spread': 0.9464950535899512, 'wall_rest_spread': 0.17094357716236042, 'between_rest_spread': 0.25955437782672536, 'ridge_alpha': 0.30549815550088977}.
[Optuna] Trial #9 executing on GPU 1...[I 2026-07-24 02:24:46,857] Trial 6 finished with values: [-1.9999090950411345, 916670138.7442191] and parameters: {'input_force': 33.15224701319508, 'm_val': 0.0030746407915643046, 'm_spread': 0.27993329452019167, 'c_val': 0.48912039591595213, 'c_spread': 1.0724035890784185, 'k_wall_val': 5.711467336878633, 'k_wall_spread': 0.5785928260778246, 'k_between_val': 14.322733317237091, 'k_between_spread': 0.2706377317189991, 'wall_rest_spread': 0.20327083224420878, 'between_rest_spread': 1.340837206173022, 'ridge_alpha': 0.019423538872007047}.
[Optuna] Trial #10 executing on GPU 2...[I 2026-07-24 02:24:46,995] Trial 7 finished with values: [-1.9991818553702105, 550011249.718757] and parameters: {'input_force': 42.82713817493676, 'm_val': 0.06678065398313532, 'm_spread': 1.2640039101620197, 'c_val': 0.015686652068187246, 'c_spread': 1.4699209495982875, 'k_wall_val': 2.70331872265137, 'k_wall_spread': 1.495025397942163, 'k_between_val': 42.65950433154279, 'k_between_spread': 0.6869199659392966, 'wall_rest_spread': 1.2261612532405173, 'between_rest_spread': 1.3416645008574852, 'ridge_alpha': 0.19799848780860532}.
[Optuna] Trial #11 executing on GPU 3...[I 2026-07-24 02:24:55,034] Trial 8 finished with values: [-1.9998636425617018, 880004799.8080077] and parameters: {'input_force': 12.258719132259987, 'm_val': 0.011302507925550096, 'm_spread': 0.5449815477556741, 'c_val': 0.180022473204414, 'c_spread': 0.0742393474853128, 'k_wall_val': 10.425321436315212, 'k_wall_spread': 0.5356721208244585, 'k_between_val': 39.138186455560515, 'k_between_spread': 1.1687087351590315, 'wall_rest_spread': 1.3854018019415468, 'between_rest_spread': 0.44876246796608926, 'ridge_alpha': 9.299373338972115}.
[Optuna] Trial #12 executing on GPU 0...[I 2026-07-24 02:24:55,210] Trial 10 finished with values: [-1.9997727376028362, 814821673.2713604] and parameters: {'input_force': 1.624256008970515, 'm_val': 0.009025371252191739, 'm_spread': 0.3428087641566088, 'c_val': 0.17846650166026978, 'c_spread': 1.0835233182571407, 'k_wall_val': 13.897790852945866, 'k_wall_spread': 1.386789574599582, 'k_between_val': 15.961069025342294, 'k_between_spread': 1.4991835350784604, 'wall_rest_spread': 0.6480864077628112, 'between_rest_spread': 0.11567477658907399, 'ridge_alpha': 21.916832880952313}.
[I 2026-07-24 02:24:55,279] Trial 9 finished with values: [-1.9997272851234036, 785721938.5021963] and parameters: {'input_force': 4.817705492909694, 'm_val': 0.03177070524186218, 'm_spread': 1.1861164972728404, 'c_val': 0.4538659559898746, 'c_spread': 1.1681840126916998, 'k_wall_val': 41.45658385665927, 'k_wall_spread': 0.6498870876067975, 'k_between_val': 1.0294158102241, 'k_between_spread': 1.042263228648082, 'wall_rest_spread': 0.6173102480206536, 'between_rest_spread': 1.3409355688898827, 'ridge_alpha': 5.308925955568091e-06}.
[I 2026-07-24 02:24:55,287] Trial 11 finished with values: [-1.9999545475205673, 956523629.4074169] and parameters: {'input_force': 42.486439752460115, 'm_val': 0.0010713138436901665, 'm_spread': 0.8381606374287688, 'c_val': 0.2866551511249915, 'c_spread': 0.14003997810098723, 'k_wall_val': 14.562075205637079, 'k_wall_spread': 0.21236280927504025, 'k_between_val': 49.86933583804154, 'k_between_spread': 0.924911644469056, 'wall_rest_spread': 0.9257157367306621, 'between_rest_spread': 0.5361825963992753, 'ridge_alpha': 0.2548761782826902}.
[Optuna] Trial #15 executing on GPU 3...[Optuna] Trial #13 executing on GPU 1...[Optuna] Trial #14 executing on GPU 2...[I 2026-07-24 02:25:03,299] Trial 12 finished with values: [-1.9999545475205673, 956523629.4074169] and parameters: {'input_force': 16.51221699594066, 'm_val': 0.012533013538250629, 'm_spread': 0.953138816904278, 'c_val': 0.9347200475989663, 'c_spread': 1.0535205712040931, 'k_wall_val': 15.670437038173798, 'k_wall_spread': 1.0043745387747314, 'k_between_val': 4.1932898379840955, 'k_between_spread': 1.1893166897011862, 'wall_rest_spread': 0.2605598993725415, 'between_rest_spread': 0.04906749365253249, 'ridge_alpha': 0.05271463342815527}.
[Optuna] Trial #16 executing on GPU 0...[I 2026-07-24 02:25:03,623] Trial 15 finished with values: [-1.9999545475205673, 956523629.4074169] and parameters: {'input_force': 7.2384682279965045, 'm_val': 0.0014883564685038771, 'm_spread': 0.40698705306432725, 'c_val': 0.012497276864144953, 'c_spread': 1.2555829672631205, 'k_wall_val': 19.400901882438554, 'k_wall_spread': 1.316175132537377, 'k_between_val': 3.055423295950969, 'k_between_spread': 1.2448848842902027, 'wall_rest_spread': 1.3326918193102633, 'between_rest_spread': 0.15859123968375244, 'ridge_alpha': 0.024250232677367853}.
[Optuna] Trial #17 executing on GPU 1...[I 2026-07-24 02:25:03,734] Trial 14 finished with values: [-1.9999545475205673, 956523629.4074169] and parameters: {'input_force': 21.797158824558384, 'm_val': 0.007961029761224285, 'm_spread': 0.2863549245191374, 'c_val': 0.08498466495056667, 'c_spread': 0.23545556887582003, 'k_wall_val': 30.723986538981674, 'k_wall_spread': 1.4490855937117497, 'k_between_val': 2.0926626405116986, 'k_between_spread': 1.3882837923498021, 'wall_rest_spread': 0.9619984867509213, 'between_rest_spread': 1.2895069621548636, 'ridge_alpha': 29.09502793855704}.
[Optuna] Trial #18 executing on GPU 2...[I 2026-07-24 02:25:03,857] Trial 13 finished with values: [-1.9999545475205673, 956523629.4074169] and parameters: {'input_force': 17.125022843140567, 'm_val': 0.004017892644123628, 'm_spread': 1.465775852418083, 'c_val': 0.09208154535388549, 'c_spread': 0.10827759474397991, 'k_wall_val': 5.753718711377027, 'k_wall_spread': 0.22780387708787447, 'k_between_val': 1.0247686372870137, 'k_between_spread': 0.013713279658439215, 'wall_rest_spread': 0.45686601472591637, 'between_rest_spread': 1.111015850058465, 'ridge_alpha': 0.00042235907817427177}.
[Optuna] Trial #19 executing on GPU 3...[I 2026-07-24 02:25:11,707] Trial 16 finished with values: [-1.9999545475205673, 956523629.4074169] and parameters: {'input_force': 31.963430155091025, 'm_val': 0.0011419433028136171, 'm_spread': 0.8108118027793749, 'c_val': 0.011341462497155869, 'c_spread': 0.008565434065576805, 'k_wall_val': 19.67681788947369, 'k_wall_spread': 0.9119174245631229, 'k_between_val': 45.48967423248305, 'k_between_spread': 1.0476464668668641, 'wall_rest_spread': 0.041884727075018, 'between_rest_spread': 0.6487532732061754, 'ridge_alpha': 0.0001247040978708425}.
[Optuna] Trial #20 executing on GPU 0...[I 2026-07-24 02:25:12,127] Trial 18 finished with values: [-1.9999090950411345, 916670138.7442191] and parameters: {'input_force': 5.655968342271167, 'm_val': 0.0010618263106915943, 'm_spread': 0.09292724661265067, 'c_val': 0.5230045473555266, 'c_spread': 1.3832266979750547, 'k_wall_val': 4.935362900394441, 'k_wall_spread': 0.1161249919192075, 'k_between_val': 1.77921573153881, 'k_between_spread': 0.14357300275332463, 'wall_rest_spread': 0.5732550571858746, 'between_rest_spread': 0.9657696862584217, 'ridge_alpha': 0.0034688388017969254}.
[Optuna] Trial #21 executing on GPU 1...[I 2026-07-24 02:25:12,213] Trial 19 finished with values: [-1.9999090950411345, 916670138.7442191] and parameters: {'input_force': 22.44334523621545, 'm_val': 0.0169973979277005, 'm_spread': 0.24431783282719866, 'c_val': 0.10906649333467074, 'c_spread': 0.639151338525422, 'k_wall_val': 93.64067478057815, 'k_wall_spread': 0.5271646515819977, 'k_between_val': 54.457331392674334, 'k_between_spread': 0.39418110149735325, 'wall_rest_spread': 0.12379593443552644, 'between_rest_spread': 1.3932709752379857, 'ridge_alpha': 2.704644835852696e-06}.
[Optuna] Trial #22 executing on GPU 2...[I 2026-07-24 02:25:12,239] Trial 17 finished with values: [-1.9997727376028362, 814821673.2713604] and parameters: {'input_force': 5.125547764359588, 'm_val': 0.07413361791117648, 'm_spread': 1.2422657694891277, 'c_val': 0.518704504948484, 'c_spread': 0.019405784259826142, 'k_wall_val': 1.911283241376897, 'k_wall_spread': 0.9350889042879069, 'k_between_val': 13.85619305358668, 'k_between_spread': 0.0007021904793228506, 'wall_rest_spread': 0.750978025174136, 'between_rest_spread': 1.221529624792127, 'ridge_alpha': 0.06338701001441117}.
[Optuna] Trial #23 executing on GPU 3...[I 2026-07-24 02:25:20,182] Trial 20 finished with values: [-1.9999090950411345, 916670138.7442191] and parameters: {'input_force': 27.589226057000346, 'm_val': 0.018995274918209633, 'm_spread': 0.15502313368206688, 'c_val': 0.0937581380933338, 'c_spread': 0.44953634488428396, 'k_wall_val': 6.088065120126395, 'k_wall_spread': 0.8239757270184778, 'k_between_val': 56.0138690869618, 'k_between_spread': 1.2761183929554938, 'wall_rest_spread': 0.9733390590638337, 'between_rest_spread': 1.440794670899007, 'ridge_alpha': 0.07688808831269836}.
[Optuna] Trial #24 executing on GPU 0...[I 2026-07-24 02:25:20,560] Trial 23 finished with values: [-1.9998636425617018, 880004799.8080077] and parameters: {'input_force': 6.370884074870646, 'm_val': 0.008881741627517929, 'm_spread': 0.3216502387911251, 'c_val': 0.01660718702012431, 'c_spread': 0.1502830129427994, 'k_wall_val': 7.721215380821297, 'k_wall_spread': 0.3935841509531287, 'k_between_val': 6.220510572679508, 'k_between_spread': 0.8690378776039618, 'wall_rest_spread': 0.6079637541083286, 'between_rest_spread': 1.4988941781167102, 'ridge_alpha': 0.002646766637005852}.
[Optuna] Trial #25 executing on GPU 1...[I 2026-07-24 02:25:20,639] Trial 21 finished with values: [-1.997045588836871, 252882150.77987605] and parameters: {'input_force': 40.824732301736525, 'm_val': 0.016154356795978785, 'm_spread': 0.42569401546076124, 'c_val': 0.08087097110363263, 'c_spread': 0.08553463392616306, 'k_wall_val': 4.171787040955672, 'k_wall_spread': 0.3727755496013698, 'k_between_val': 5.530073326689101, 'k_between_spread': 0.4974495580744317, 'wall_rest_spread': 0.17332434777998323, 'between_rest_spread': 0.13378937806782226, 'ridge_alpha': 55.682733237781854}.
[Optuna] Trial #26 executing on GPU 2...[I 2026-07-24 02:25:20,738] Trial 22 finished with values: [-1.9998636425617018, 880004799.8080077] and parameters: {'input_force': 48.97372276117669, 'm_val': 0.017487414812543022, 'm_spread': 0.2501970546331467, 'c_val': 0.12440514979528844, 'c_spread': 1.0701173319829207, 'k_wall_val': 83.48688840541769, 'k_wall_spread': 1.029039307605738, 'k_between_val': 20.376833310420906, 'k_between_spread': 0.20804183421637695, 'wall_rest_spread': 0.7183706534358392, 'between_rest_spread': 0.7929198866055123, 'ridge_alpha': 6.939562286914672}.
[Optuna] Trial #27 executing on GPU 3...[I 2026-07-24 02:25:28,503] Trial 24 finished with values: [-1.9999090950411345, 916670138.7442191] and parameters: {'input_force': 19.91059450114344, 'm_val': 0.02211189109675492, 'm_spread': 0.3501358053394666, 'c_val': 0.0837664569898317, 'c_spread': 1.414225921734793, 'k_wall_val': 23.440750205314945, 'k_wall_spread': 0.43457763670120947, 'k_between_val': 41.49851189217497, 'k_between_spread': 1.1696181243873067, 'wall_rest_spread': 0.17065553088452773, 'between_rest_spread': 1.1045823935224015, 'ridge_alpha': 2.5087865527314544e-06}.
[Optuna] Trial #28 executing on GPU 0...[I 2026-07-24 02:25:28,981] Trial 26 finished with values: [-1.999636380164538, 733342221.9259357] and parameters: {'input_force': 16.24360609588485, 'm_val': 0.07252720124629354, 'm_spread': 0.6192571335744035, 'c_val': 0.5145361735201204, 'c_spread': 0.7721802628491377, 'k_wall_val': 93.40500455468015, 'k_wall_spread': 0.9293968860629384, 'k_between_val': 1.7674852536597108, 'k_between_spread': 0.7986396190574816, 'wall_rest_spread': 1.4662754325148237, 'between_rest_spread': 1.0594259829224568, 'ridge_alpha': 21.61850561793824}.
[I 2026-07-24 02:25:29,061] Trial 27 finished with values: [-1.9996818326439707, 758629012.7926623] and parameters: {'input_force': 25.322741268993397, 'm_val': 0.029111677137472126, 'm_spread': 0.6785854953361096, 'c_val': 0.19111291198606936, 'c_spread': 0.24901708141703321, 'k_wall_val': 7.603679902149387, 'k_wall_spread': 0.9836838505574779, 'k_between_val': 2.487475084375543, 'k_between_spread': 1.0340325319930768, 'wall_rest_spread': 0.2401117387046775, 'between_rest_spread': 1.0860426207450407, 'ridge_alpha': 4.701901147018483e-06}.
[Optuna] Trial #29 executing on GPU 1...[I 2026-07-24 02:25:29,082] Trial 25 finished with values: [-1.9999545475205673, 956523629.4074169] and parameters: {'input_force': 37.63667184931323, 'm_val': 0.006404137191028626, 'm_spread': 1.415317330615716, 'c_val': 0.09361790359013177, 'c_spread': 0.48646298010527184, 'k_wall_val': 1.3531849149241528, 'k_wall_spread': 0.34897941402551363, 'k_between_val': 10.77454994231668, 'k_between_spread': 0.37056582611986594, 'wall_rest_spread': 0.390161829676158, 'between_rest_spread': 1.0083174601071807, 'ridge_alpha': 5.911847667474756}.
[Optuna] Trial #30 executing on GPU 2...[I 2026-07-24 02:25:36,946] Trial 28 finished with values: [-1.9999090950411345, 916670138.7442191] and parameters: {'input_force': 31.032177049700344, 'm_val': 0.004040397322547265, 'm_spread': 0.16804077322332062, 'c_val': 0.025052883103085892, 'c_spread': 1.1750784317173935, 'k_wall_val': 13.943767521868125, 'k_wall_spread': 0.35567571478120735, 'k_between_val': 13.867063913094514, 'k_between_spread': 0.8842679223112901, 'wall_rest_spread': 1.456455382187877, 'between_rest_spread': 0.9993073963439072, 'ridge_alpha': 0.004641270399025375}.
[I 2026-07-24 02:25:37,511] Trial 30 finished with values: [-1.9995909276851052, 709686784.2972808] and parameters: {'input_force': 2.604241905235787, 'm_val': 0.048788982647279114, 'm_spread': 0.5832084689571999, 'c_val': 0.1378951261647106, 'c_spread': 1.0023778087802975, 'k_wall_val': 53.56736420152428, 'k_wall_spread': 1.0674228402107466, 'k_between_val': 2.317063527390387, 'k_between_spread': 1.1714961374184198, 'wall_rest_spread': 0.6304763469103218, 'between_rest_spread': 0.9076092177269959, 'ridge_alpha': 0.0009005739459347859}.
[I 2026-07-24 02:25:37,557] Trial 29 finished with values: [-1.998136448343257, 349216679.1003318] and parameters: {'input_force': 21.638651296229778, 'm_val': 0.002614141271829697, 'm_spread': 0.21528190277602322, 'c_val': 0.17959226072656423, 'c_spread': 0.18479371115414506, 'k_wall_val': 2.064060909963635, 'k_wall_spread': 1.2037433626601932, 'k_between_val': 9.230606093255304, 'k_between_spread': 0.7494519140830638, 'wall_rest_spread': 1.3500719819727915, 'between_rest_spread': 0.3465348357349448, 'ridge_alpha': 3.396941653138443}.

[Optuna] Optimization finished successfully across all 4 GPUs.
Job finished at: 2026/07/24_02-25-38
